This mechanism contains 38 gas reactions and 36 surface reactions
Finished simulation at a C/O ratio of 1.1
Finished simulation at a C/O ratio of 0.6
Finished simulation at a C/O ratio of 0.8
Finished simulation at a C/O ratio of 0.7
Finished simulation at a C/O ratio of 2.0
Finished simulation at a C/O ratio of 1.6
Finished simulation at a C/O ratio of 0.9
Finished simulation at a C/O ratio of 2.4
Finished simulation at a C/O ratio of 1.0
Finished simulation at a C/O ratio of 1.4
Finished simulation at a C/O ratio of 2.6
Finished simulation at a C/O ratio of 1.3
Finished simulation at a C/O ratio of 2.2
Finished simulation at a C/O ratio of 1.2
Finished simulation at a C/O ratio of 1.8
Starting sensitivity simulation for a C/O ratio of 0.9
0 CH4(2) + X(1) <=> CH4X(48) -0.000 -0.000
1 O2(3) + 2 X(1) <=> 2 OX(20) 0.050 0.667
2 H2(6) + 2 X(1) <=> 2 HX(19) -0.000 0.000
3 H(12) + X(1) <=> HX(19) -0.000 0.000
4 HX(19) + OX(20) <=> HOX(22) + X(1) -0.000 -0.000
5 H2O(5) + 2 X(1) <=> HOX(22) + HX(19) -0.000 -0.000
6 OH(17) + X(1) <=> HOX(22) -0.000 -0.000
7 CH4(2) + 2 X(1) <=> CH3X(21) + HX(19) -0.000 -0.000
8 CH4(2) + OX(20) + X(1) <=> CH3X(21) + HOX(22) 0.001 -0.013
9 C2H6(8) + 2 X(1) <=> 2 CH3X(21) 0.122 -0.089
10 CH3(10) + X(1) <=> CH3X(21) 0.783 0.038
11 CH3OH(14) + 2 X(1) <=> CH3X(21) + HOX(22) 0.014 -0.038
12 CH2X(27) + HX(19) <=> CH3X(21) + X(1) -0.154 -0.155
13 CH2X(27) + HOX(22) <=> CH3X(21) + OX(20) -0.842 -0.847
14 CHX(28) + HX(19) <=> CH2X(27) + X(1) -0.000 -0.000
15 CHX(28) + HOX(22) <=> CH2X(27) + OX(20) 0.000 -0.000
16 2 CH2X(27) <=> CH3X(21) + CHX(28) -0.000 -0.000
17 CHX(28) + X(1) <=> CX(26) + HX(19) -0.000 -0.000
18 CX(26) + H2(6) <=> CH2X(27) -0.000 -0.000
19 CX(26) + HOX(22) <=> CHX(28) + OX(20) -0.000 0.000
20 CH3X(21) + CX(26) <=> CH2X(27) + CHX(28) -0.000 0.000
21 CH2X(27) + CX(26) <=> 2 CHX(28) -0.000 0.000
22 CO(7) + X(1) <=> OCX(25) -0.000 0.000
23 CX(26) + OX(20) <=> OCX(25) + X(1) -0.000 -0.000
24 H2(6) + X(1) <=> H2X(49) -0.000 -0.000
25 CH4(2) + HOX(22) + X(1) <=> CH3X(21) + H2OX(23) 0.000 -0.000
26 H2O(5) + X(1) <=> H2OX(23) 0.000 -0.001
27 H2OX(23) + OX(20) <=> 2 HOX(22) 0.019 -0.569
28 HOX(22) + HX(19) <=> H2OX(23) + X(1) -0.000 -0.000
29 CO(7) + X(1) <=> COX(50) -0.000 0.000
30 C2H6(8) + X(1) <=> C2H6X(52) -0.000 -0.000
31 C2H4(47) + X(1) <=> C2H4X(210) -0.000 -0.000
32 C2H4(18) + X(1) <=> C2H4X(65) -0.000 0.000
33 CO2(4) + X(1) <=> CO2X(24) -0.000 -0.000
34 OCX(25) + OX(20) <=> CO2X(24) + X(1) -0.000 -0.000
35 CO2X(24) + HX(19) <=> HOX(22) + OCX(25) 0.000 -0.000
Finished sensitivity simulation for a C/O ratio of 0.9
Finished translating for C/O ratio of 0.9
Starting sensitivity simulation for a C/O ratio of 1.8
0 CH4(2) + X(1) <=> CH4X(48) -0.000 0.000
1 O2(3) + 2 X(1) <=> 2 OX(20) 0.073 0.759
2 H2(6) + 2 X(1) <=> 2 HX(19) -0.000 0.000
3 H(12) + X(1) <=> HX(19) -0.000 0.000
4 HX(19) + OX(20) <=> HOX(22) + X(1) -0.000 0.000
5 H2O(5) + 2 X(1) <=> HOX(22) + HX(19) -0.000 0.000
6 OH(17) + X(1) <=> HOX(22) -0.000 0.000
7 CH4(2) + 2 X(1) <=> CH3X(21) + HX(19) -0.000 0.000
8 CH4(2) + OX(20) + X(1) <=> CH3X(21) + HOX(22) 0.001 -0.011
9 C2H6(8) + 2 X(1) <=> 2 CH3X(21) 0.186 -0.157
10 CH3(10) + X(1) <=> CH3X(21) 0.682 0.076
11 CH3OH(14) + 2 X(1) <=> CH3X(21) + HOX(22) 0.017 -0.051
12 CH2X(27) + HX(19) <=> CH3X(21) + X(1) -0.228 -0.230
13 CH2X(27) + HOX(22) <=> CH3X(21) + OX(20) -0.768 -0.773
14 CHX(28) + HX(19) <=> CH2X(27) + X(1) -0.000 0.000
15 CHX(28) + HOX(22) <=> CH2X(27) + OX(20) -0.000 0.000
16 2 CH2X(27) <=> CH3X(21) + CHX(28) 0.000 0.000
17 CHX(28) + X(1) <=> CX(26) + HX(19) -0.000 0.000
18 CX(26) + H2(6) <=> CH2X(27) 0.000 0.000
19 CX(26) + HOX(22) <=> CHX(28) + OX(20) -0.000 0.000
20 CH3X(21) + CX(26) <=> CH2X(27) + CHX(28) 0.000 0.000
21 CH2X(27) + CX(26) <=> 2 CHX(28) -0.000 0.000
22 CO(7) + X(1) <=> OCX(25) -0.000 0.000
23 CX(26) + OX(20) <=> OCX(25) + X(1) -0.000 0.000
24 H2(6) + X(1) <=> H2X(49) -0.000 0.000
25 CH4(2) + HOX(22) + X(1) <=> CH3X(21) + H2OX(23) 0.000 -0.000
26 H2O(5) + X(1) <=> H2OX(23) 0.000 -0.001
27 H2OX(23) + OX(20) <=> 2 HOX(22) 0.031 -0.619
28 HOX(22) + HX(19) <=> H2OX(23) + X(1) -0.000 0.000
29 CO(7) + X(1) <=> COX(50) -0.000 0.000
30 C2H6(8) + X(1) <=> C2H6X(52) -0.000 0.000
31 C2H4(47) + X(1) <=> C2H4X(210) 0.000 0.000
32 C2H4(18) + X(1) <=> C2H4X(65) -0.000 0.000
33 CO2(4) + X(1) <=> CO2X(24) -0.000 0.000
34 OCX(25) + OX(20) <=> CO2X(24) + X(1) -0.000 0.000
35 CO2X(24) + HX(19) <=> HOX(22) + OCX(25) 0.000 0.000
Finished sensitivity simulation for a C/O ratio of 1.8
Finished translating for C/O ratio of 1.8
Starting sensitivity simulation for a C/O ratio of 1.2
0 CH4(2) + X(1) <=> CH4X(48) 0.000 0.000
1 O2(3) + 2 X(1) <=> 2 OX(20) 0.057 0.701
2 H2(6) + 2 X(1) <=> 2 HX(19) 0.000 0.000
3 H(12) + X(1) <=> HX(19) 0.000 0.000
4 HX(19) + OX(20) <=> HOX(22) + X(1) 0.000 0.000
5 H2O(5) + 2 X(1) <=> HOX(22) + HX(19) 0.000 0.000
6 OH(17) + X(1) <=> HOX(22) 0.000 0.000
7 CH4(2) + 2 X(1) <=> CH3X(21) + HX(19) 0.000 0.000
8 CH4(2) + OX(20) + X(1) <=> CH3X(21) + HOX(22) 0.001 -0.012
9 C2H6(8) + 2 X(1) <=> 2 CH3X(21) 0.147 -0.114
10 CH3(10) + X(1) <=> CH3X(21) 0.744 0.052
11 CH3OH(14) + 2 X(1) <=> CH3X(21) + HOX(22) 0.016 -0.043
12 CH2X(27) + HX(19) <=> CH3X(21) + X(1) -0.181 -0.182
13 CH2X(27) + HOX(22) <=> CH3X(21) + OX(20) -0.815 -0.820
14 CHX(28) + HX(19) <=> CH2X(27) + X(1) 0.000 0.000
15 CHX(28) + HOX(22) <=> CH2X(27) + OX(20) 0.000 0.000
16 2 CH2X(27) <=> CH3X(21) + CHX(28) 0.000 0.000
17 CHX(28) + X(1) <=> CX(26) + HX(19) 0.000 0.000
18 CX(26) + H2(6) <=> CH2X(27) 0.000 0.000
19 CX(26) + HOX(22) <=> CHX(28) + OX(20) 0.000 0.000
20 CH3X(21) + CX(26) <=> CH2X(27) + CHX(28) 0.000 0.000
21 CH2X(27) + CX(26) <=> 2 CHX(28) 0.000 0.000
22 CO(7) + X(1) <=> OCX(25) 0.000 0.000
23 CX(26) + OX(20) <=> OCX(25) + X(1) 0.000 0.000
24 H2(6) + X(1) <=> H2X(49) 0.000 0.000
25 CH4(2) + HOX(22) + X(1) <=> CH3X(21) + H2OX(23) 0.000 -0.000
26 H2O(5) + X(1) <=> H2OX(23) 0.000 -0.001
27 H2OX(23) + OX(20) <=> 2 HOX(22) 0.024 -0.587
28 HOX(22) + HX(19) <=> H2OX(23) + X(1) 0.000 0.000
29 CO(7) + X(1) <=> COX(50) 0.000 0.000
30 C2H6(8) + X(1) <=> C2H6X(52) 0.000 0.000
31 C2H4(47) + X(1) <=> C2H4X(210) 0.000 0.000
32 C2H4(18) + X(1) <=> C2H4X(65) 0.000 0.000
33 CO2(4) + X(1) <=> CO2X(24) 0.000 0.000
34 OCX(25) + OX(20) <=> CO2X(24) + X(1) 0.000 0.000
35 CO2X(24) + HX(19) <=> HOX(22) + OCX(25) 0.000 0.000
Finished sensitivity simulation for a C/O ratio of 1.2
Finished translating for C/O ratio of 1.2
Starting sensitivity simulation for a C/O ratio of 1.1
0 CH4(2) + X(1) <=> CH4X(48) 0.000 -0.000
1 O2(3) + 2 X(1) <=> 2 OX(20) 0.055 0.690
2 H2(6) + 2 X(1) <=> 2 HX(19) 0.000 -0.000
3 H(12) + X(1) <=> HX(19) -0.000 0.000
4 HX(19) + OX(20) <=> HOX(22) + X(1) -0.000 -0.000
5 H2O(5) + 2 X(1) <=> HOX(22) + HX(19) 0.000 -0.000
6 OH(17) + X(1) <=> HOX(22) 0.000 -0.000
7 CH4(2) + 2 X(1) <=> CH3X(21) + HX(19) 0.000 0.000
8 CH4(2) + OX(20) + X(1) <=> CH3X(21) + HOX(22) 0.001 -0.012
9 C2H6(8) + 2 X(1) <=> 2 CH3X(21) 0.139 -0.106
10 CH3(10) + X(1) <=> CH3X(21) 0.756 0.048
11 CH3OH(14) + 2 X(1) <=> CH3X(21) + HOX(22) 0.015 -0.042
12 CH2X(27) + HX(19) <=> CH3X(21) + X(1) -0.172 -0.173
13 CH2X(27) + HOX(22) <=> CH3X(21) + OX(20) -0.824 -0.829
14 CHX(28) + HX(19) <=> CH2X(27) + X(1) -0.000 -0.000
15 CHX(28) + HOX(22) <=> CH2X(27) + OX(20) 0.000 0.000
16 2 CH2X(27) <=> CH3X(21) + CHX(28) 0.000 0.000
17 CHX(28) + X(1) <=> CX(26) + HX(19) 0.000 -0.000
18 CX(26) + H2(6) <=> CH2X(27) 0.000 -0.000
19 CX(26) + HOX(22) <=> CHX(28) + OX(20) -0.000 -0.000
20 CH3X(21) + CX(26) <=> CH2X(27) + CHX(28) 0.000 -0.000
21 CH2X(27) + CX(26) <=> 2 CHX(28) 0.000 -0.000
22 CO(7) + X(1) <=> OCX(25) -0.000 -0.000
23 CX(26) + OX(20) <=> OCX(25) + X(1) -0.000 -0.000
24 H2(6) + X(1) <=> H2X(49) -0.000 -0.000
25 CH4(2) + HOX(22) + X(1) <=> CH3X(21) + H2OX(23) 0.000 -0.000
26 H2O(5) + X(1) <=> H2OX(23) 0.000 -0.001
27 H2OX(23) + OX(20) <=> 2 HOX(22) 0.023 -0.581
28 HOX(22) + HX(19) <=> H2OX(23) + X(1) 0.000 -0.000
29 CO(7) + X(1) <=> COX(50) -0.000 -0.000
30 C2H6(8) + X(1) <=> C2H6X(52) 0.000 -0.000
31 C2H4(47) + X(1) <=> C2H4X(210) 0.000 -0.000
32 C2H4(18) + X(1) <=> C2H4X(65) -0.000 -0.000
33 CO2(4) + X(1) <=> CO2X(24) 0.000 0.000
34 OCX(25) + OX(20) <=> CO2X(24) + X(1) -0.000 -0.000
35 CO2X(24) + HX(19) <=> HOX(22) + OCX(25) 0.000 -0.000
Finished sensitivity simulation for a C/O ratio of 1.1
Finished translating for C/O ratio of 1.1
Starting sensitivity simulation for a C/O ratio of 2.0
0 CH4(2) + X(1) <=> CH4X(48) -0.000 -0.000
1 O2(3) + 2 X(1) <=> 2 OX(20) 0.078 0.777
2 H2(6) + 2 X(1) <=> 2 HX(19) -0.000 -0.000
3 H(12) + X(1) <=> HX(19) -0.000 -0.000
4 HX(19) + OX(20) <=> HOX(22) + X(1) -0.000 -0.000
5 H2O(5) + 2 X(1) <=> HOX(22) + HX(19) -0.000 -0.000
6 OH(17) + X(1) <=> HOX(22) -0.000 -0.000
7 CH4(2) + 2 X(1) <=> CH3X(21) + HX(19) -0.000 -0.000
8 CH4(2) + OX(20) + X(1) <=> CH3X(21) + HOX(22) 0.001 -0.011
9 C2H6(8) + 2 X(1) <=> 2 CH3X(21) 0.196 -0.170
10 CH3(10) + X(1) <=> CH3X(21) 0.665 0.082
11 CH3OH(14) + 2 X(1) <=> CH3X(21) + HOX(22) 0.018 -0.054
12 CH2X(27) + HX(19) <=> CH3X(21) + X(1) -0.242 -0.244
13 CH2X(27) + HOX(22) <=> CH3X(21) + OX(20) -0.754 -0.759
14 CHX(28) + HX(19) <=> CH2X(27) + X(1) -0.000 -0.000
15 CHX(28) + HOX(22) <=> CH2X(27) + OX(20) -0.000 -0.000
16 2 CH2X(27) <=> CH3X(21) + CHX(28) -0.000 -0.000
17 CHX(28) + X(1) <=> CX(26) + HX(19) -0.000 -0.000
18 CX(26) + H2(6) <=> CH2X(27) -0.000 -0.000
19 CX(26) + HOX(22) <=> CHX(28) + OX(20) -0.000 -0.000
20 CH3X(21) + CX(26) <=> CH2X(27) + CHX(28) -0.000 -0.000
21 CH2X(27) + CX(26) <=> 2 CHX(28) -0.000 -0.000
22 CO(7) + X(1) <=> OCX(25) -0.000 -0.000
23 CX(26) + OX(20) <=> OCX(25) + X(1) -0.000 -0.000
24 H2(6) + X(1) <=> H2X(49) -0.000 -0.000
25 CH4(2) + HOX(22) + X(1) <=> CH3X(21) + H2OX(23) -0.000 -0.000
26 H2O(5) + X(1) <=> H2OX(23) 0.000 -0.001
27 H2OX(23) + OX(20) <=> 2 HOX(22) 0.033 -0.628
28 HOX(22) + HX(19) <=> H2OX(23) + X(1) -0.000 -0.000
29 CO(7) + X(1) <=> COX(50) -0.000 -0.000
30 C2H6(8) + X(1) <=> C2H6X(52) -0.000 -0.000
31 C2H4(47) + X(1) <=> C2H4X(210) -0.000 -0.000
32 C2H4(18) + X(1) <=> C2H4X(65) -0.000 -0.000
33 CO2(4) + X(1) <=> CO2X(24) -0.000 -0.000
34 OCX(25) + OX(20) <=> CO2X(24) + X(1) -0.000 -0.000
35 CO2X(24) + HX(19) <=> HOX(22) + OCX(25) -0.000 -0.000
Finished sensitivity simulation for a C/O ratio of 2.0
Finished translating for C/O ratio of 2.0
Starting sensitivity simulation for a C/O ratio of 0.6
0 CH4(2) + X(1) <=> CH4X(48) 0.000 0.000
1 O2(3) + 2 X(1) <=> 2 OX(20) 0.043 0.629
2 H2(6) + 2 X(1) <=> 2 HX(19) 0.000 0.000
3 H(12) + X(1) <=> HX(19) 0.000 0.000
4 HX(19) + OX(20) <=> HOX(22) + X(1) 0.000 0.000
5 H2O(5) + 2 X(1) <=> HOX(22) + HX(19) 0.000 0.000
6 OH(17) + X(1) <=> HOX(22) 0.000 0.000
7 CH4(2) + 2 X(1) <=> CH3X(21) + HX(19) 0.000 0.000
8 CH4(2) + OX(20) + X(1) <=> CH3X(21) + HOX(22) 0.000 -0.014
9 C2H6(8) + 2 X(1) <=> 2 CH3X(21) 0.091 -0.061
10 CH3(10) + X(1) <=> CH3X(21) 0.830 0.023
11 CH3OH(14) + 2 X(1) <=> CH3X(21) + HOX(22) 0.013 -0.031
12 CH2X(27) + HX(19) <=> CH3X(21) + X(1) -0.123 -0.123
13 CH2X(27) + HOX(22) <=> CH3X(21) + OX(20) -0.873 -0.878
14 CHX(28) + HX(19) <=> CH2X(27) + X(1) 0.000 0.000
15 CHX(28) + HOX(22) <=> CH2X(27) + OX(20) 0.000 0.000
16 2 CH2X(27) <=> CH3X(21) + CHX(28) 0.000 0.000
17 CHX(28) + X(1) <=> CX(26) + HX(19) 0.000 0.000
18 CX(26) + H2(6) <=> CH2X(27) -0.000 0.000
19 CX(26) + HOX(22) <=> CHX(28) + OX(20) 0.000 0.000
20 CH3X(21) + CX(26) <=> CH2X(27) + CHX(28) 0.000 0.000
21 CH2X(27) + CX(26) <=> 2 CHX(28) 0.000 0.000
22 CO(7) + X(1) <=> OCX(25) -0.000 0.000
23 CX(26) + OX(20) <=> OCX(25) + X(1) -0.000 0.000
24 H2(6) + X(1) <=> H2X(49) 0.000 0.000
25 CH4(2) + HOX(22) + X(1) <=> CH3X(21) + H2OX(23) 0.000 0.000
26 H2O(5) + X(1) <=> H2OX(23) 0.000 -0.000
27 H2OX(23) + OX(20) <=> 2 HOX(22) 0.011 -0.548
28 HOX(22) + HX(19) <=> H2OX(23) + X(1) 0.000 0.000
29 CO(7) + X(1) <=> COX(50) 0.000 0.000
30 C2H6(8) + X(1) <=> C2H6X(52) 0.000 0.000
31 C2H4(47) + X(1) <=> C2H4X(210) 0.000 0.000
32 C2H4(18) + X(1) <=> C2H4X(65) 0.000 0.000
33 CO2(4) + X(1) <=> CO2X(24) 0.000 0.000
34 OCX(25) + OX(20) <=> CO2X(24) + X(1) -0.000 0.000
35 CO2X(24) + HX(19) <=> HOX(22) + OCX(25) 0.000 0.000
Finished sensitivity simulation for a C/O ratio of 0.6
Finished translating for C/O ratio of 0.6
Starting sensitivity simulation for a C/O ratio of 2.4
0 CH4(2) + X(1) <=> CH4X(48) -0.000 -0.000
1 O2(3) + 2 X(1) <=> 2 OX(20) 0.089 0.808
2 H2(6) + 2 X(1) <=> 2 HX(19) -0.000 -0.000
3 H(12) + X(1) <=> HX(19) -0.000 -0.000
4 HX(19) + OX(20) <=> HOX(22) + X(1) -0.000 -0.000
5 H2O(5) + 2 X(1) <=> HOX(22) + HX(19) -0.000 -0.000
6 OH(17) + X(1) <=> HOX(22) -0.000 -0.000
7 CH4(2) + 2 X(1) <=> CH3X(21) + HX(19) -0.000 -0.000
8 CH4(2) + OX(20) + X(1) <=> CH3X(21) + HOX(22) 0.001 -0.011
9 C2H6(8) + 2 X(1) <=> 2 CH3X(21) 0.214 -0.192
10 CH3(10) + X(1) <=> CH3X(21) 0.634 0.093
11 CH3OH(14) + 2 X(1) <=> CH3X(21) + HOX(22) 0.018 -0.058
12 CH2X(27) + HX(19) <=> CH3X(21) + X(1) -0.269 -0.270
13 CH2X(27) + HOX(22) <=> CH3X(21) + OX(20) -0.728 -0.733
14 CHX(28) + HX(19) <=> CH2X(27) + X(1) -0.000 -0.000
15 CHX(28) + HOX(22) <=> CH2X(27) + OX(20) -0.000 -0.000
16 2 CH2X(27) <=> CH3X(21) + CHX(28) -0.000 -0.000
17 CHX(28) + X(1) <=> CX(26) + HX(19) -0.000 -0.000
18 CX(26) + H2(6) <=> CH2X(27) -0.000 -0.000
19 CX(26) + HOX(22) <=> CHX(28) + OX(20) -0.000 -0.000
20 CH3X(21) + CX(26) <=> CH2X(27) + CHX(28) -0.000 -0.000
21 CH2X(27) + CX(26) <=> 2 CHX(28) -0.000 -0.000
22 CO(7) + X(1) <=> OCX(25) -0.000 -0.000
23 CX(26) + OX(20) <=> OCX(25) + X(1) -0.000 -0.000
24 H2(6) + X(1) <=> H2X(49) -0.000 -0.000
25 CH4(2) + HOX(22) + X(1) <=> CH3X(21) + H2OX(23) -0.000 -0.000
26 H2O(5) + X(1) <=> H2OX(23) 0.000 -0.001
27 H2OX(23) + OX(20) <=> 2 HOX(22) 0.035 -0.645
28 HOX(22) + HX(19) <=> H2OX(23) + X(1) -0.000 -0.000
29 CO(7) + X(1) <=> COX(50) -0.000 -0.000
30 C2H6(8) + X(1) <=> C2H6X(52) -0.000 -0.000
31 C2H4(47) + X(1) <=> C2H4X(210) -0.000 -0.000
32 C2H4(18) + X(1) <=> C2H4X(65) -0.000 -0.000
33 CO2(4) + X(1) <=> CO2X(24) -0.000 -0.000
34 OCX(25) + OX(20) <=> CO2X(24) + X(1) -0.000 -0.000
35 CO2X(24) + HX(19) <=> HOX(22) + OCX(25) -0.000 -0.000
Finished sensitivity simulation for a C/O ratio of 2.4
Finished translating for C/O ratio of 2.4
Starting sensitivity simulation for a C/O ratio of 1.6
0 CH4(2) + X(1) <=> CH4X(48) 0.000 0.000
1 O2(3) + 2 X(1) <=> 2 OX(20) 0.068 0.741
2 H2(6) + 2 X(1) <=> 2 HX(19) 0.000 0.000
3 H(12) + X(1) <=> HX(19) 0.000 0.000
4 HX(19) + OX(20) <=> HOX(22) + X(1) 0.000 -0.000
5 H2O(5) + 2 X(1) <=> HOX(22) + HX(19) 0.000 -0.000
6 OH(17) + X(1) <=> HOX(22) 0.000 -0.000
7 CH4(2) + 2 X(1) <=> CH3X(21) + HX(19) 0.000 -0.000
8 CH4(2) + OX(20) + X(1) <=> CH3X(21) + HOX(22) 0.001 -0.011
9 C2H6(8) + 2 X(1) <=> 2 CH3X(21) 0.174 -0.144
10 CH3(10) + X(1) <=> CH3X(21) 0.701 0.068
11 CH3OH(14) + 2 X(1) <=> CH3X(21) + HOX(22) 0.017 -0.049
12 CH2X(27) + HX(19) <=> CH3X(21) + X(1) -0.213 -0.215
13 CH2X(27) + HOX(22) <=> CH3X(21) + OX(20) -0.783 -0.788
14 CHX(28) + HX(19) <=> CH2X(27) + X(1) 0.000 0.000
15 CHX(28) + HOX(22) <=> CH2X(27) + OX(20) 0.000 -0.000
16 2 CH2X(27) <=> CH3X(21) + CHX(28) -0.000 -0.000
17 CHX(28) + X(1) <=> CX(26) + HX(19) 0.000 0.000
18 CX(26) + H2(6) <=> CH2X(27) 0.000 -0.000
19 CX(26) + HOX(22) <=> CHX(28) + OX(20) 0.000 0.000
20 CH3X(21) + CX(26) <=> CH2X(27) + CHX(28) 0.000 -0.000
21 CH2X(27) + CX(26) <=> 2 CHX(28) 0.000 -0.000
22 CO(7) + X(1) <=> OCX(25) -0.000 -0.000
23 CX(26) + OX(20) <=> OCX(25) + X(1) 0.000 -0.000
24 H2(6) + X(1) <=> H2X(49) 0.000 -0.000
25 CH4(2) + HOX(22) + X(1) <=> CH3X(21) + H2OX(23) 0.000 -0.000
26 H2O(5) + X(1) <=> H2OX(23) 0.000 -0.001
27 H2OX(23) + OX(20) <=> 2 HOX(22) 0.029 -0.609
28 HOX(22) + HX(19) <=> H2OX(23) + X(1) 0.000 -0.000
29 CO(7) + X(1) <=> COX(50) 0.000 0.000
30 C2H6(8) + X(1) <=> C2H6X(52) 0.000 0.000
31 C2H4(47) + X(1) <=> C2H4X(210) 0.000 -0.000
32 C2H4(18) + X(1) <=> C2H4X(65) 0.000 -0.000
33 CO2(4) + X(1) <=> CO2X(24) 0.000 0.000
34 OCX(25) + OX(20) <=> CO2X(24) + X(1) 0.000 0.000
35 CO2X(24) + HX(19) <=> HOX(22) + OCX(25) 0.000 0.000
Finished sensitivity simulation for a C/O ratio of 1.6
Finished translating for C/O ratio of 1.6
Starting sensitivity simulation for a C/O ratio of 1.3
0 CH4(2) + X(1) <=> CH4X(48) 0.000 -0.000
1 O2(3) + 2 X(1) <=> 2 OX(20) 0.060 0.712
2 H2(6) + 2 X(1) <=> 2 HX(19) 0.000 -0.000
3 H(12) + X(1) <=> HX(19) 0.000 -0.000
4 HX(19) + OX(20) <=> HOX(22) + X(1) 0.000 -0.000
5 H2O(5) + 2 X(1) <=> HOX(22) + HX(19) 0.000 -0.000
6 OH(17) + X(1) <=> HOX(22) -0.000 -0.000
7 CH4(2) + 2 X(1) <=> CH3X(21) + HX(19) 0.000 0.000
8 CH4(2) + OX(20) + X(1) <=> CH3X(21) + HOX(22) 0.001 -0.012
9 C2H6(8) + 2 X(1) <=> 2 CH3X(21) 0.155 -0.122
10 CH3(10) + X(1) <=> CH3X(21) 0.732 0.056
11 CH3OH(14) + 2 X(1) <=> CH3X(21) + HOX(22) 0.016 -0.045
12 CH2X(27) + HX(19) <=> CH3X(21) + X(1) -0.189 -0.191
13 CH2X(27) + HOX(22) <=> CH3X(21) + OX(20) -0.807 -0.812
14 CHX(28) + HX(19) <=> CH2X(27) + X(1) 0.000 -0.000
15 CHX(28) + HOX(22) <=> CH2X(27) + OX(20) 0.000 -0.000
16 2 CH2X(27) <=> CH3X(21) + CHX(28) 0.000 -0.000
17 CHX(28) + X(1) <=> CX(26) + HX(19) 0.000 -0.000
18 CX(26) + H2(6) <=> CH2X(27) -0.000 -0.000
19 CX(26) + HOX(22) <=> CHX(28) + OX(20) 0.000 -0.000
20 CH3X(21) + CX(26) <=> CH2X(27) + CHX(28) 0.000 -0.000
21 CH2X(27) + CX(26) <=> 2 CHX(28) 0.000 -0.000
22 CO(7) + X(1) <=> OCX(25) -0.000 -0.000
23 CX(26) + OX(20) <=> OCX(25) + X(1) 0.000 0.000
24 H2(6) + X(1) <=> H2X(49) 0.000 -0.000
25 CH4(2) + HOX(22) + X(1) <=> CH3X(21) + H2OX(23) 0.000 -0.000
26 H2O(5) + X(1) <=> H2OX(23) 0.000 -0.001
27 H2OX(23) + OX(20) <=> 2 HOX(22) 0.026 -0.593
28 HOX(22) + HX(19) <=> H2OX(23) + X(1) 0.000 -0.000
29 CO(7) + X(1) <=> COX(50) 0.000 -0.000
30 C2H6(8) + X(1) <=> C2H6X(52) 0.000 -0.000
31 C2H4(47) + X(1) <=> C2H4X(210) 0.000 -0.000
32 C2H4(18) + X(1) <=> C2H4X(65) 0.000 -0.000
33 CO2(4) + X(1) <=> CO2X(24) 0.000 -0.000
34 OCX(25) + OX(20) <=> CO2X(24) + X(1) 0.000 -0.000
35 CO2X(24) + HX(19) <=> HOX(22) + OCX(25) 0.000 -0.000
Finished sensitivity simulation for a C/O ratio of 1.3
Finished translating for C/O ratio of 1.3
Starting sensitivity simulation for a C/O ratio of 0.7
0 CH4(2) + X(1) <=> CH4X(48) -0.000 0.000
1 O2(3) + 2 X(1) <=> 2 OX(20) 0.045 0.642
2 H2(6) + 2 X(1) <=> 2 HX(19) 0.000 0.000
3 H(12) + X(1) <=> HX(19) -0.000 0.000
4 HX(19) + OX(20) <=> HOX(22) + X(1) 0.000 0.000
5 H2O(5) + 2 X(1) <=> HOX(22) + HX(19) -0.000 0.000
6 OH(17) + X(1) <=> HOX(22) -0.000 0.000
7 CH4(2) + 2 X(1) <=> CH3X(21) + HX(19) 0.000 0.000
8 CH4(2) + OX(20) + X(1) <=> CH3X(21) + HOX(22) 0.000 -0.014
9 C2H6(8) + 2 X(1) <=> 2 CH3X(21) 0.102 -0.071
10 CH3(10) + X(1) <=> CH3X(21) 0.813 0.028
11 CH3OH(14) + 2 X(1) <=> CH3X(21) + HOX(22) 0.013 -0.034
12 CH2X(27) + HX(19) <=> CH3X(21) + X(1) -0.134 -0.134
13 CH2X(27) + HOX(22) <=> CH3X(21) + OX(20) -0.863 -0.867
14 CHX(28) + HX(19) <=> CH2X(27) + X(1) 0.000 0.000
15 CHX(28) + HOX(22) <=> CH2X(27) + OX(20) 0.000 0.000
16 2 CH2X(27) <=> CH3X(21) + CHX(28) -0.000 0.000
17 CHX(28) + X(1) <=> CX(26) + HX(19) -0.000 0.000
18 CX(26) + H2(6) <=> CH2X(27) -0.000 0.000
19 CX(26) + HOX(22) <=> CHX(28) + OX(20) -0.000 0.000
20 CH3X(21) + CX(26) <=> CH2X(27) + CHX(28) 0.000 -0.000
21 CH2X(27) + CX(26) <=> 2 CHX(28) -0.000 0.000
22 CO(7) + X(1) <=> OCX(25) -0.000 0.000
23 CX(26) + OX(20) <=> OCX(25) + X(1) 0.000 0.000
24 H2(6) + X(1) <=> H2X(49) 0.000 0.000
25 CH4(2) + HOX(22) + X(1) <=> CH3X(21) + H2OX(23) 0.000 0.000
26 H2O(5) + X(1) <=> H2OX(23) 0.000 -0.000
27 H2OX(23) + OX(20) <=> 2 HOX(22) 0.014 -0.555
28 HOX(22) + HX(19) <=> H2OX(23) + X(1) 0.000 0.000
29 CO(7) + X(1) <=> COX(50) 0.000 0.000
30 C2H6(8) + X(1) <=> C2H6X(52) -0.000 0.000
31 C2H4(47) + X(1) <=> C2H4X(210) 0.000 0.000
32 C2H4(18) + X(1) <=> C2H4X(65) -0.000 0.000
33 CO2(4) + X(1) <=> CO2X(24) 0.000 0.000
34 OCX(25) + OX(20) <=> CO2X(24) + X(1) 0.000 0.000
35 CO2X(24) + HX(19) <=> HOX(22) + OCX(25) 0.000 0.000
Finished sensitivity simulation for a C/O ratio of 0.7
Finished translating for C/O ratio of 0.7
Starting sensitivity simulation for a C/O ratio of 1.0
0 CH4(2) + X(1) <=> CH4X(48) 0.000 0.000
1 O2(3) + 2 X(1) <=> 2 OX(20) 0.052 0.679
2 H2(6) + 2 X(1) <=> 2 HX(19) 0.000 0.000
3 H(12) + X(1) <=> HX(19) 0.000 -0.000
4 HX(19) + OX(20) <=> HOX(22) + X(1) 0.000 -0.000
5 H2O(5) + 2 X(1) <=> HOX(22) + HX(19) 0.000 0.000
6 OH(17) + X(1) <=> HOX(22) -0.000 -0.000
7 CH4(2) + 2 X(1) <=> CH3X(21) + HX(19) 0.000 -0.000
8 CH4(2) + OX(20) + X(1) <=> CH3X(21) + HOX(22) 0.001 -0.012
9 C2H6(8) + 2 X(1) <=> 2 CH3X(21) 0.131 -0.098
10 CH3(10) + X(1) <=> CH3X(21) 0.769 0.043
11 CH3OH(14) + 2 X(1) <=> CH3X(21) + HOX(22) 0.015 -0.040
12 CH2X(27) + HX(19) <=> CH3X(21) + X(1) -0.163 -0.164
13 CH2X(27) + HOX(22) <=> CH3X(21) + OX(20) -0.833 -0.838
14 CHX(28) + HX(19) <=> CH2X(27) + X(1) 0.000 0.000
15 CHX(28) + HOX(22) <=> CH2X(27) + OX(20) 0.000 0.000
16 2 CH2X(27) <=> CH3X(21) + CHX(28) 0.000 0.000
17 CHX(28) + X(1) <=> CX(26) + HX(19) 0.000 0.000
18 CX(26) + H2(6) <=> CH2X(27) 0.000 0.000
19 CX(26) + HOX(22) <=> CHX(28) + OX(20) 0.000 -0.000
20 CH3X(21) + CX(26) <=> CH2X(27) + CHX(28) 0.000 0.000
21 CH2X(27) + CX(26) <=> 2 CHX(28) 0.000 0.000
22 CO(7) + X(1) <=> OCX(25) -0.000 -0.000
23 CX(26) + OX(20) <=> OCX(25) + X(1) 0.000 -0.000
24 H2(6) + X(1) <=> H2X(49) 0.000 0.000
25 CH4(2) + HOX(22) + X(1) <=> CH3X(21) + H2OX(23) 0.000 -0.000
26 H2O(5) + X(1) <=> H2OX(23) 0.000 -0.001
27 H2OX(23) + OX(20) <=> 2 HOX(22) 0.021 -0.575
28 HOX(22) + HX(19) <=> H2OX(23) + X(1) 0.000 0.000
29 CO(7) + X(1) <=> COX(50) 0.000 0.000
30 C2H6(8) + X(1) <=> C2H6X(52) 0.000 -0.000
31 C2H4(47) + X(1) <=> C2H4X(210) 0.000 0.000
32 C2H4(18) + X(1) <=> C2H4X(65) 0.000 0.000
33 CO2(4) + X(1) <=> CO2X(24) 0.000 0.000
34 OCX(25) + OX(20) <=> CO2X(24) + X(1) 0.000 0.000
35 CO2X(24) + HX(19) <=> HOX(22) + OCX(25) 0.000 0.000
Finished sensitivity simulation for a C/O ratio of 1.0
Finished translating for C/O ratio of 1.0
Starting sensitivity simulation for a C/O ratio of 2.6
0 CH4(2) + X(1) <=> CH4X(48) 0.000 -0.000
1 O2(3) + 2 X(1) <=> 2 OX(20) 0.094 0.823
2 H2(6) + 2 X(1) <=> 2 HX(19) 0.000 -0.000
3 H(12) + X(1) <=> HX(19) 0.000 -0.000
4 HX(19) + OX(20) <=> HOX(22) + X(1) 0.000 -0.000
5 H2O(5) + 2 X(1) <=> HOX(22) + HX(19) 0.000 -0.000
6 OH(17) + X(1) <=> HOX(22) 0.000 -0.000
7 CH4(2) + 2 X(1) <=> CH3X(21) + HX(19) 0.000 -0.000
8 CH4(2) + OX(20) + X(1) <=> CH3X(21) + HOX(22) 0.001 -0.011
9 C2H6(8) + 2 X(1) <=> 2 CH3X(21) 0.221 -0.202
10 CH3(10) + X(1) <=> CH3X(21) 0.620 0.098
11 CH3OH(14) + 2 X(1) <=> CH3X(21) + HOX(22) 0.018 -0.059
12 CH2X(27) + HX(19) <=> CH3X(21) + X(1) -0.281 -0.283
13 CH2X(27) + HOX(22) <=> CH3X(21) + OX(20) -0.716 -0.720
14 CHX(28) + HX(19) <=> CH2X(27) + X(1) -0.000 -0.000
15 CHX(28) + HOX(22) <=> CH2X(27) + OX(20) -0.000 -0.000
16 2 CH2X(27) <=> CH3X(21) + CHX(28) 0.000 -0.000
17 CHX(28) + X(1) <=> CX(26) + HX(19) 0.000 0.000
18 CX(26) + H2(6) <=> CH2X(27) 0.000 0.000
19 CX(26) + HOX(22) <=> CHX(28) + OX(20) 0.000 0.000
20 CH3X(21) + CX(26) <=> CH2X(27) + CHX(28) 0.000 -0.000
21 CH2X(27) + CX(26) <=> 2 CHX(28) 0.000 -0.000
22 CO(7) + X(1) <=> OCX(25) -0.000 -0.000
23 CX(26) + OX(20) <=> OCX(25) + X(1) 0.000 -0.000
24 H2(6) + X(1) <=> H2X(49) 0.000 -0.000
25 CH4(2) + HOX(22) + X(1) <=> CH3X(21) + H2OX(23) 0.000 -0.000
26 H2O(5) + X(1) <=> H2OX(23) 0.000 -0.001
27 H2OX(23) + OX(20) <=> 2 HOX(22) 0.036 -0.653
28 HOX(22) + HX(19) <=> H2OX(23) + X(1) 0.000 -0.000
29 CO(7) + X(1) <=> COX(50) 0.000 -0.000
30 C2H6(8) + X(1) <=> C2H6X(52) 0.000 -0.000
31 C2H4(47) + X(1) <=> C2H4X(210) -0.000 -0.000
32 C2H4(18) + X(1) <=> C2H4X(65) 0.000 -0.000
33 CO2(4) + X(1) <=> CO2X(24) 0.000 -0.000
34 OCX(25) + OX(20) <=> CO2X(24) + X(1) 0.000 -0.000
35 CO2X(24) + HX(19) <=> HOX(22) + OCX(25) 0.000 -0.000
Finished sensitivity simulation for a C/O ratio of 2.6
Finished translating for C/O ratio of 2.6
Starting sensitivity simulation for a C/O ratio of 2.2
0 CH4(2) + X(1) <=> CH4X(48) 0.000 -0.000
1 O2(3) + 2 X(1) <=> 2 OX(20) 0.083 0.793
2 H2(6) + 2 X(1) <=> 2 HX(19) -0.000 -0.000
3 H(12) + X(1) <=> HX(19) 0.000 -0.000
4 HX(19) + OX(20) <=> HOX(22) + X(1) 0.000 -0.000
5 H2O(5) + 2 X(1) <=> HOX(22) + HX(19) 0.000 -0.000
6 OH(17) + X(1) <=> HOX(22) 0.000 -0.000
7 CH4(2) + 2 X(1) <=> CH3X(21) + HX(19) -0.000 -0.000
8 CH4(2) + OX(20) + X(1) <=> CH3X(21) + HOX(22) 0.001 -0.011
9 C2H6(8) + 2 X(1) <=> 2 CH3X(21) 0.205 -0.181
10 CH3(10) + X(1) <=> CH3X(21) 0.649 0.088
11 CH3OH(14) + 2 X(1) <=> CH3X(21) + HOX(22) 0.018 -0.056
12 CH2X(27) + HX(19) <=> CH3X(21) + X(1) -0.256 -0.257
13 CH2X(27) + HOX(22) <=> CH3X(21) + OX(20) -0.741 -0.745
14 CHX(28) + HX(19) <=> CH2X(27) + X(1) 0.000 -0.000
15 CHX(28) + HOX(22) <=> CH2X(27) + OX(20) 0.000 -0.000
16 2 CH2X(27) <=> CH3X(21) + CHX(28) 0.000 -0.000
17 CHX(28) + X(1) <=> CX(26) + HX(19) 0.000 -0.000
18 CX(26) + H2(6) <=> CH2X(27) -0.000 -0.000
19 CX(26) + HOX(22) <=> CHX(28) + OX(20) -0.000 -0.000
20 CH3X(21) + CX(26) <=> CH2X(27) + CHX(28) 0.000 -0.000
21 CH2X(27) + CX(26) <=> 2 CHX(28) 0.000 -0.000
22 CO(7) + X(1) <=> OCX(25) -0.000 -0.000
23 CX(26) + OX(20) <=> OCX(25) + X(1) 0.000 -0.000
24 H2(6) + X(1) <=> H2X(49) -0.000 -0.000
25 CH4(2) + HOX(22) + X(1) <=> CH3X(21) + H2OX(23) 0.000 -0.000
26 H2O(5) + X(1) <=> H2OX(23) 0.000 -0.001
27 H2OX(23) + OX(20) <=> 2 HOX(22) 0.034 -0.637
28 HOX(22) + HX(19) <=> H2OX(23) + X(1) 0.000 0.000
29 CO(7) + X(1) <=> COX(50) 0.000 -0.000
30 C2H6(8) + X(1) <=> C2H6X(52) -0.000 -0.000
31 C2H4(47) + X(1) <=> C2H4X(210) 0.000 -0.000
32 C2H4(18) + X(1) <=> C2H4X(65) 0.000 -0.000
33 CO2(4) + X(1) <=> CO2X(24) 0.000 -0.000
34 OCX(25) + OX(20) <=> CO2X(24) + X(1) 0.000 -0.000
35 CO2X(24) + HX(19) <=> HOX(22) + OCX(25) 0.000 -0.000
Finished sensitivity simulation for a C/O ratio of 2.2
Finished translating for C/O ratio of 2.2
Starting sensitivity simulation for a C/O ratio of 1.4
0 CH4(2) + X(1) <=> CH4X(48) 0.000 0.000
1 O2(3) + 2 X(1) <=> 2 OX(20) 0.062 0.722
2 H2(6) + 2 X(1) <=> 2 HX(19) 0.000 0.000
3 H(12) + X(1) <=> HX(19) 0.000 0.000
4 HX(19) + OX(20) <=> HOX(22) + X(1) 0.000 0.000
5 H2O(5) + 2 X(1) <=> HOX(22) + HX(19) 0.000 0.000
6 OH(17) + X(1) <=> HOX(22) 0.000 0.000
7 CH4(2) + 2 X(1) <=> CH3X(21) + HX(19) -0.000 -0.000
8 CH4(2) + OX(20) + X(1) <=> CH3X(21) + HOX(22) 0.001 -0.012
9 C2H6(8) + 2 X(1) <=> 2 CH3X(21) 0.162 -0.130
10 CH3(10) + X(1) <=> CH3X(21) 0.721 0.061
11 CH3OH(14) + 2 X(1) <=> CH3X(21) + HOX(22) 0.017 -0.046
12 CH2X(27) + HX(19) <=> CH3X(21) + X(1) -0.198 -0.199
13 CH2X(27) + HOX(22) <=> CH3X(21) + OX(20) -0.799 -0.803
14 CHX(28) + HX(19) <=> CH2X(27) + X(1) 0.000 -0.000
15 CHX(28) + HOX(22) <=> CH2X(27) + OX(20) -0.000 0.000
16 2 CH2X(27) <=> CH3X(21) + CHX(28) -0.000 0.000
17 CHX(28) + X(1) <=> CX(26) + HX(19) -0.000 0.000
18 CX(26) + H2(6) <=> CH2X(27) 0.000 0.000
19 CX(26) + HOX(22) <=> CHX(28) + OX(20) 0.000 0.000
20 CH3X(21) + CX(26) <=> CH2X(27) + CHX(28) 0.000 -0.000
21 CH2X(27) + CX(26) <=> 2 CHX(28) 0.000 0.000
22 CO(7) + X(1) <=> OCX(25) -0.000 0.000
23 CX(26) + OX(20) <=> OCX(25) + X(1) -0.000 0.000
24 H2(6) + X(1) <=> H2X(49) 0.000 0.000
25 CH4(2) + HOX(22) + X(1) <=> CH3X(21) + H2OX(23) 0.000 -0.000
26 H2O(5) + X(1) <=> H2OX(23) 0.000 -0.001
27 H2OX(23) + OX(20) <=> 2 HOX(22) 0.027 -0.598
28 HOX(22) + HX(19) <=> H2OX(23) + X(1) 0.000 0.000
29 CO(7) + X(1) <=> COX(50) 0.000 0.000
30 C2H6(8) + X(1) <=> C2H6X(52) 0.000 0.000
31 C2H4(47) + X(1) <=> C2H4X(210) 0.000 0.000
32 C2H4(18) + X(1) <=> C2H4X(65) 0.000 0.000
33 CO2(4) + X(1) <=> CO2X(24) 0.000 0.000
34 OCX(25) + OX(20) <=> CO2X(24) + X(1) -0.000 0.000
35 CO2X(24) + HX(19) <=> HOX(22) + OCX(25) 0.000 0.000
Finished sensitivity simulation for a C/O ratio of 1.4
Finished translating for C/O ratio of 1.4
Starting sensitivity simulation for a C/O ratio of 0.8
0 CH4(2) + X(1) <=> CH4X(48) 0.000 0.000
1 O2(3) + 2 X(1) <=> 2 OX(20) 0.048 0.655
2 H2(6) + 2 X(1) <=> 2 HX(19) 0.000 0.000
3 H(12) + X(1) <=> HX(19) -0.000 0.000
4 HX(19) + OX(20) <=> HOX(22) + X(1) -0.000 0.000
5 H2O(5) + 2 X(1) <=> HOX(22) + HX(19) 0.000 0.000
6 OH(17) + X(1) <=> HOX(22) 0.000 0.000
7 CH4(2) + 2 X(1) <=> CH3X(21) + HX(19) -0.000 0.000
8 CH4(2) + OX(20) + X(1) <=> CH3X(21) + HOX(22) 0.001 -0.013
9 C2H6(8) + 2 X(1) <=> 2 CH3X(21) 0.112 -0.080
10 CH3(10) + X(1) <=> CH3X(21) 0.798 0.033
11 CH3OH(14) + 2 X(1) <=> CH3X(21) + HOX(22) 0.014 -0.036
12 CH2X(27) + HX(19) <=> CH3X(21) + X(1) -0.144 -0.145
13 CH2X(27) + HOX(22) <=> CH3X(21) + OX(20) -0.852 -0.857
14 CHX(28) + HX(19) <=> CH2X(27) + X(1) 0.000 0.000
15 CHX(28) + HOX(22) <=> CH2X(27) + OX(20) -0.000 -0.000
16 2 CH2X(27) <=> CH3X(21) + CHX(28) 0.000 0.000
17 CHX(28) + X(1) <=> CX(26) + HX(19) 0.000 0.000
18 CX(26) + H2(6) <=> CH2X(27) -0.000 0.000
19 CX(26) + HOX(22) <=> CHX(28) + OX(20) -0.000 0.000
20 CH3X(21) + CX(26) <=> CH2X(27) + CHX(28) -0.000 0.000
21 CH2X(27) + CX(26) <=> 2 CHX(28) -0.000 0.000
22 CO(7) + X(1) <=> OCX(25) -0.000 0.000
23 CX(26) + OX(20) <=> OCX(25) + X(1) -0.000 0.000
24 H2(6) + X(1) <=> H2X(49) -0.000 0.000
25 CH4(2) + HOX(22) + X(1) <=> CH3X(21) + H2OX(23) 0.000 -0.000
26 H2O(5) + X(1) <=> H2OX(23) 0.000 -0.000
27 H2OX(23) + OX(20) <=> 2 HOX(22) 0.017 -0.562
28 HOX(22) + HX(19) <=> H2OX(23) + X(1) -0.000 0.000
29 CO(7) + X(1) <=> COX(50) 0.000 0.000
30 C2H6(8) + X(1) <=> C2H6X(52) -0.000 0.000
31 C2H4(47) + X(1) <=> C2H4X(210) -0.000 0.000
32 C2H4(18) + X(1) <=> C2H4X(65) 0.000 0.000
33 CO2(4) + X(1) <=> CO2X(24) 0.000 0.000
34 OCX(25) + OX(20) <=> CO2X(24) + X(1) -0.000 0.000
35 CO2X(24) + HX(19) <=> HOX(22) + OCX(25) 0.000 0.000
Finished sensitivity simulation for a C/O ratio of 0.8
Finished translating for C/O ratio of 0.8
