This mechanism contains 47 gas reactions and 37 surface reactions
Finished simulation at a C/O ratio of 0.9
Finished simulation at a C/O ratio of 1.4
Finished simulation at a C/O ratio of 2.0
Finished simulation at a C/O ratio of 2.2
Finished simulation at a C/O ratio of 0.6
Finished simulation at a C/O ratio of 1.8
Finished simulation at a C/O ratio of 2.4
Finished simulation at a C/O ratio of 1.6
Finished simulation at a C/O ratio of 1.3
Finished simulation at a C/O ratio of 2.6
Finished simulation at a C/O ratio of 1.1
Finished simulation at a C/O ratio of 0.8
Finished simulation at a C/O ratio of 1.0
Finished simulation at a C/O ratio of 0.7
Finished simulation at a C/O ratio of 1.2
Starting thermo sensitivity simulation for a C/O ratio of 1.1
0 X(1) -0.001 -0.001 -0.003 -0.001 0.000
1 HX(19) 0.000 0.000 0.000 0.000 -0.000
2 OX(20) -0.001 -0.002 -0.004 -0.002 -0.002
3 CH3X(21) -0.000 -0.000 -0.000 -0.000 -0.000
4 HOX(22) 0.001 0.001 0.003 0.001 -0.000
5 H2OX(23) -0.000 0.001 0.001 0.001 0.002
6 CO2X(24) -0.000 -0.000 -0.000 -0.000 -0.000
7 OCX(25) -0.000 -0.000 -0.000 0.000 -0.000
8 CX(26) -0.000 -0.000 -0.000 0.000 -0.000
9 CH2X(27) 0.001 0.001 0.003 0.001 -0.000
10 CHX(28) -0.000 -0.000 -0.000 0.000 -0.000
11 CH4X(48) -0.000 -0.000 -0.000 -0.000 -0.000
12 H2X(49) -0.000 -0.000 -0.000 0.000 -0.000
13 COX(50) -0.000 -0.000 -0.000 0.000 -0.000
14 C2H6X(52) -0.000 -0.000 -0.000 0.000 -0.000
15 CH4OX(60) -0.000 -0.000 -0.000 0.000 -0.000
16 C2H4X(65) -0.000 -0.000 -0.000 0.000 -0.000
17 C2H4X(205) -0.000 -0.000 -0.000 0.000 -0.000
Finished thermo sensitivity simulation for a C/O ratio of 1.1
Starting thermo sensitivity simulation for a C/O ratio of 1.2
0 X(1) -0.001 -0.001 -0.003 -0.001 0.000
1 HX(19) 0.000 0.000 0.000 0.000 -0.000
2 OX(20) -0.001 -0.002 -0.004 -0.002 -0.002
3 CH3X(21) -0.000 -0.000 -0.000 -0.000 -0.000
4 HOX(22) 0.001 0.001 0.003 0.001 -0.000
5 H2OX(23) -0.000 0.001 0.001 0.001 0.002
6 CO2X(24) -0.000 -0.000 -0.000 -0.000 -0.000
7 OCX(25) -0.000 -0.000 -0.000 -0.000 -0.000
8 CX(26) -0.000 -0.000 -0.000 -0.000 -0.000
9 CH2X(27) 0.001 0.001 0.003 0.001 -0.000
10 CHX(28) -0.000 -0.000 -0.000 -0.000 -0.000
11 CH4X(48) -0.000 -0.000 -0.000 -0.000 -0.000
12 H2X(49) -0.000 -0.000 -0.000 -0.000 -0.000
13 COX(50) -0.000 -0.000 -0.000 -0.000 -0.000
14 C2H6X(52) -0.000 -0.000 -0.000 0.000 -0.000
15 CH4OX(60) -0.000 -0.000 -0.000 -0.000 -0.000
16 C2H4X(65) -0.000 -0.000 -0.000 -0.000 -0.000
17 C2H4X(205) -0.000 -0.000 -0.000 -0.000 -0.000
Finished thermo sensitivity simulation for a C/O ratio of 1.2
Starting thermo sensitivity simulation for a C/O ratio of 0.7
0 X(1) -0.001 -0.001 -0.003 -0.001 0.000
1 HX(19) 0.000 0.000 0.000 0.000 -0.000
2 OX(20) -0.001 -0.002 -0.004 -0.002 -0.002
3 CH3X(21) -0.000 -0.000 -0.000 -0.000 -0.000
4 HOX(22) 0.001 0.001 0.003 0.001 -0.000
5 H2OX(23) -0.000 0.001 0.001 0.001 0.001
6 CO2X(24) -0.000 -0.000 -0.000 -0.000 -0.000
7 OCX(25) -0.000 -0.000 -0.000 0.000 -0.000
8 CX(26) -0.000 -0.000 -0.000 0.000 -0.000
9 CH2X(27) 0.001 0.001 0.003 0.001 -0.000
10 CHX(28) -0.000 -0.000 -0.000 0.000 -0.000
11 CH4X(48) -0.000 -0.000 -0.000 -0.000 -0.000
12 H2X(49) -0.000 -0.000 -0.000 0.000 -0.000
13 COX(50) -0.000 -0.000 -0.000 0.000 -0.000
14 C2H6X(52) -0.000 -0.000 -0.000 0.000 -0.000
15 CH4OX(60) -0.000 -0.000 -0.000 0.000 -0.000
16 C2H4X(65) -0.000 -0.000 -0.000 -0.000 -0.000
17 C2H4X(205) -0.000 -0.000 -0.000 0.000 -0.000
Finished thermo sensitivity simulation for a C/O ratio of 0.7
Starting thermo sensitivity simulation for a C/O ratio of 2.6
0 X(1) -0.001 -0.001 -0.003 -0.001 0.000
1 HX(19) 0.000 0.000 0.000 0.000 -0.000
2 OX(20) -0.001 -0.002 -0.004 -0.002 -0.002
3 CH3X(21) 0.000 0.000 0.000 -0.000 0.000
4 HOX(22) 0.001 0.001 0.003 0.001 0.000
5 H2OX(23) -0.000 0.001 0.001 0.001 0.002
6 CO2X(24) -0.000 -0.000 -0.000 -0.000 -0.000
7 OCX(25) 0.000 0.000 0.000 -0.000 0.000
8 CX(26) -0.000 0.000 0.000 -0.000 -0.000
9 CH2X(27) 0.001 0.001 0.003 0.001 0.000
10 CHX(28) -0.000 -0.000 -0.000 -0.000 -0.000
11 CH4X(48) 0.000 0.000 0.000 -0.000 0.000
12 H2X(49) 0.000 0.000 0.000 -0.000 0.000
13 COX(50) -0.000 0.000 -0.000 -0.000 -0.000
14 C2H6X(52) 0.000 0.000 0.000 -0.000 0.000
15 CH4OX(60) -0.000 0.000 0.000 -0.000 -0.000
16 C2H4X(65) -0.000 0.000 -0.000 -0.000 -0.000
17 C2H4X(205) -0.000 0.000 0.000 -0.000 -0.000
Finished thermo sensitivity simulation for a C/O ratio of 2.6
Starting thermo sensitivity simulation for a C/O ratio of 2.0
0 X(1) -0.001 -0.001 -0.003 -0.001 0.000
1 HX(19) 0.000 0.000 0.000 0.000 -0.000
2 OX(20) -0.001 -0.002 -0.004 -0.002 -0.002
3 CH3X(21) -0.000 -0.000 -0.000 -0.000 -0.000
4 HOX(22) 0.001 0.001 0.003 0.001 -0.000
5 H2OX(23) -0.000 0.001 0.001 0.001 0.002
6 CO2X(24) -0.000 -0.000 -0.000 -0.000 -0.000
7 OCX(25) -0.000 -0.000 -0.000 0.000 -0.000
8 CX(26) -0.000 -0.000 -0.000 0.000 -0.000
9 CH2X(27) 0.001 0.001 0.003 0.001 -0.000
10 CHX(28) -0.000 -0.000 -0.000 0.000 -0.000
11 CH4X(48) -0.000 -0.000 -0.000 -0.000 -0.000
12 H2X(49) -0.000 -0.000 -0.000 0.000 -0.000
13 COX(50) -0.000 -0.000 -0.000 0.000 -0.000
14 C2H6X(52) -0.000 -0.000 -0.000 0.000 -0.000
15 CH4OX(60) -0.000 -0.000 -0.000 0.000 -0.000
16 C2H4X(65) -0.000 -0.000 -0.000 0.000 -0.000
17 C2H4X(205) -0.000 -0.000 -0.000 0.000 -0.000
Finished thermo sensitivity simulation for a C/O ratio of 2.0
Starting thermo sensitivity simulation for a C/O ratio of 2.2
0 X(1) -0.001 -0.001 -0.003 -0.001 0.000
1 HX(19) 0.000 0.000 0.000 0.000 -0.000
2 OX(20) -0.001 -0.002 -0.004 -0.002 -0.002
3 CH3X(21) -0.000 -0.000 -0.000 -0.000 -0.000
4 HOX(22) 0.001 0.001 0.003 0.001 -0.000
5 H2OX(23) -0.000 0.001 0.001 0.001 0.002
6 CO2X(24) -0.000 -0.000 -0.000 -0.000 -0.000
7 OCX(25) -0.000 -0.000 -0.000 0.000 -0.000
8 CX(26) -0.000 -0.000 -0.000 -0.000 -0.000
9 CH2X(27) 0.001 0.001 0.003 0.001 -0.000
10 CHX(28) -0.000 -0.000 -0.000 -0.000 -0.000
11 CH4X(48) -0.000 -0.000 -0.000 -0.000 -0.000
12 H2X(49) -0.000 -0.000 -0.000 -0.000 -0.000
13 COX(50) -0.000 -0.000 -0.000 -0.000 -0.000
14 C2H6X(52) -0.000 -0.000 -0.000 -0.000 -0.000
15 CH4OX(60) -0.000 -0.000 -0.000 0.000 -0.000
16 C2H4X(65) -0.000 -0.000 -0.000 -0.000 -0.000
17 C2H4X(205) -0.000 -0.000 -0.000 0.000 -0.000
Finished thermo sensitivity simulation for a C/O ratio of 2.2
Starting thermo sensitivity simulation for a C/O ratio of 1.4
0 X(1) -0.001 -0.001 -0.003 -0.001 0.000
1 HX(19) 0.000 0.000 0.000 0.000 0.000
2 OX(20) -0.001 -0.002 -0.004 -0.002 -0.002
3 CH3X(21) 0.000 0.000 0.000 -0.000 0.000
4 HOX(22) 0.001 0.001 0.003 0.001 0.000
5 H2OX(23) -0.000 0.001 0.001 0.001 0.002
6 CO2X(24) -0.000 -0.000 -0.000 -0.000 0.000
7 OCX(25) 0.000 0.000 0.000 0.000 0.000
8 CX(26) 0.000 0.000 0.000 0.000 0.000
9 CH2X(27) 0.001 0.001 0.003 0.001 0.000
10 CHX(28) 0.000 0.000 0.000 0.000 0.000
11 CH4X(48) 0.000 0.000 0.000 -0.000 0.000
12 H2X(49) 0.000 0.000 0.000 -0.000 0.000
13 COX(50) 0.000 0.000 0.000 0.000 0.000
14 C2H6X(52) 0.000 0.000 0.000 0.000 0.000
15 CH4OX(60) 0.000 0.000 0.000 0.000 0.000
16 C2H4X(65) 0.000 0.000 0.000 0.000 0.000
17 C2H4X(205) 0.000 0.000 0.000 0.000 0.000
Finished thermo sensitivity simulation for a C/O ratio of 1.4
Starting thermo sensitivity simulation for a C/O ratio of 0.6
0 X(1) -0.001 -0.001 -0.003 -0.001 0.001
1 HX(19) 0.000 0.000 0.000 0.000 -0.000
2 OX(20) -0.001 -0.002 -0.004 -0.002 -0.002
3 CH3X(21) -0.000 -0.000 -0.000 -0.000 -0.000
4 HOX(22) 0.001 0.001 0.003 0.001 -0.000
5 H2OX(23) -0.000 0.001 0.001 0.001 0.002
6 CO2X(24) -0.000 -0.000 -0.000 -0.000 -0.000
7 OCX(25) -0.000 0.000 -0.000 -0.000 -0.000
8 CX(26) -0.000 0.000 -0.000 -0.000 -0.000
9 CH2X(27) 0.001 0.001 0.003 0.001 -0.000
10 CHX(28) -0.000 0.000 -0.000 -0.000 -0.000
11 CH4X(48) -0.000 -0.000 -0.000 -0.000 -0.000
12 H2X(49) -0.000 -0.000 -0.000 -0.000 -0.000
13 COX(50) -0.000 0.000 -0.000 -0.000 -0.000
14 C2H6X(52) -0.000 0.000 -0.000 -0.000 -0.000
15 CH4OX(60) -0.000 0.000 -0.000 -0.000 -0.000
16 C2H4X(65) -0.000 -0.000 -0.000 -0.000 -0.000
17 C2H4X(205) -0.000 -0.000 -0.000 -0.000 -0.000
Finished thermo sensitivity simulation for a C/O ratio of 0.6
Starting thermo sensitivity simulation for a C/O ratio of 2.4
0 X(1) -0.001 -0.001 -0.003 -0.001 0.000
1 HX(19) 0.000 0.000 0.000 0.000 -0.000
2 OX(20) -0.001 -0.002 -0.004 -0.002 -0.002
3 CH3X(21) -0.000 0.000 0.000 -0.000 -0.000
4 HOX(22) 0.001 0.001 0.003 0.001 0.000
5 H2OX(23) -0.000 0.001 0.001 0.001 0.002
6 CO2X(24) -0.000 -0.000 -0.000 -0.000 -0.000
7 OCX(25) -0.000 0.000 0.000 -0.000 -0.000
8 CX(26) 0.000 0.000 0.000 0.000 0.000
9 CH2X(27) 0.001 0.001 0.003 0.001 0.000
10 CHX(28) -0.000 0.000 -0.000 0.000 -0.000
11 CH4X(48) -0.000 -0.000 -0.000 -0.000 -0.000
12 H2X(49) -0.000 0.000 0.000 -0.000 -0.000
13 COX(50) 0.000 0.000 0.000 -0.000 0.000
14 C2H6X(52) -0.000 0.000 0.000 -0.000 -0.000
15 CH4OX(60) 0.000 0.000 0.000 -0.000 0.000
16 C2H4X(65) -0.000 0.000 -0.000 0.000 -0.000
17 C2H4X(205) 0.000 0.000 0.000 0.000 0.000
Finished thermo sensitivity simulation for a C/O ratio of 2.4
Starting thermo sensitivity simulation for a C/O ratio of 0.9
0 X(1) -0.001 -0.001 -0.003 -0.001 0.000
1 HX(19) 0.000 0.000 0.000 0.000 -0.000
2 OX(20) -0.001 -0.002 -0.004 -0.002 -0.002
3 CH3X(21) -0.000 -0.000 -0.000 -0.000 -0.000
4 HOX(22) 0.001 0.001 0.003 0.001 -0.000
5 H2OX(23) -0.000 0.001 0.001 0.001 0.002
6 CO2X(24) -0.000 -0.000 -0.000 -0.000 -0.000
7 OCX(25) -0.000 -0.000 -0.000 -0.000 -0.000
8 CX(26) -0.000 -0.000 -0.000 0.000 -0.000
9 CH2X(27) 0.001 0.001 0.003 0.001 -0.000
10 CHX(28) -0.000 -0.000 -0.000 0.000 -0.000
11 CH4X(48) -0.000 -0.000 -0.000 -0.000 -0.000
12 H2X(49) -0.000 -0.000 -0.000 -0.000 -0.000
13 COX(50) -0.000 -0.000 -0.000 -0.000 -0.000
14 C2H6X(52) -0.000 -0.000 -0.000 0.000 -0.000
15 CH4OX(60) -0.000 -0.000 -0.000 0.000 -0.000
16 C2H4X(65) -0.000 -0.000 -0.000 -0.000 -0.000
17 C2H4X(205) -0.000 -0.000 -0.000 -0.000 -0.000
Finished thermo sensitivity simulation for a C/O ratio of 0.9
Starting thermo sensitivity simulation for a C/O ratio of 1.3
0 X(1) -0.001 -0.001 -0.003 -0.001 0.000
1 HX(19) 0.000 0.000 0.000 0.000 -0.000
2 OX(20) -0.001 -0.002 -0.004 -0.002 -0.002
3 CH3X(21) 0.000 0.000 0.000 -0.000 0.000
4 HOX(22) 0.001 0.001 0.003 0.001 0.000
5 H2OX(23) -0.000 0.001 0.001 0.001 0.002
6 CO2X(24) -0.000 -0.000 -0.000 -0.000 0.000
7 OCX(25) -0.000 -0.000 -0.000 -0.000 -0.000
8 CX(26) -0.000 -0.000 -0.000 -0.000 -0.000
9 CH2X(27) 0.001 0.001 0.003 0.001 0.000
10 CHX(28) -0.000 -0.000 -0.000 -0.000 -0.000
11 CH4X(48) -0.000 -0.000 -0.000 -0.000 -0.000
12 H2X(49) -0.000 -0.000 -0.000 -0.000 0.000
13 COX(50) -0.000 -0.000 -0.000 -0.000 -0.000
14 C2H6X(52) -0.000 -0.000 -0.000 -0.000 -0.000
15 CH4OX(60) 0.000 0.000 0.000 -0.000 0.000
16 C2H4X(65) 0.000 0.000 0.000 -0.000 0.000
17 C2H4X(205) 0.000 -0.000 -0.000 -0.000 0.000
Finished thermo sensitivity simulation for a C/O ratio of 1.3
Starting thermo sensitivity simulation for a C/O ratio of 1.6
0 X(1) -0.001 -0.001 -0.003 -0.001 0.000
1 HX(19) 0.000 0.000 0.000 0.000 0.000
2 OX(20) -0.001 -0.002 -0.004 -0.002 -0.002
3 CH3X(21) 0.000 0.000 0.000 -0.000 0.000
4 HOX(22) 0.001 0.001 0.003 0.001 0.000
5 H2OX(23) -0.000 0.001 0.001 0.001 0.002
6 CO2X(24) -0.000 -0.000 -0.000 -0.000 0.000
7 OCX(25) 0.000 0.000 0.000 0.000 0.000
8 CX(26) 0.000 0.000 0.000 0.000 0.000
9 CH2X(27) 0.001 0.001 0.003 0.001 0.000
10 CHX(28) 0.000 0.000 0.000 0.000 0.000
11 CH4X(48) 0.000 0.000 0.000 -0.000 0.000
12 H2X(49) 0.000 0.000 0.000 0.000 0.000
13 COX(50) 0.000 0.000 0.000 0.000 0.000
14 C2H6X(52) 0.000 0.000 0.000 0.000 0.000
15 CH4OX(60) 0.000 0.000 0.000 0.000 0.000
16 C2H4X(65) 0.000 0.000 0.000 0.000 0.000
17 C2H4X(205) 0.000 0.000 0.000 0.000 0.000
Finished thermo sensitivity simulation for a C/O ratio of 1.6
Starting sensitivity simulation for a C/O ratio of 1.1
0 CH4(2) + X(1) <=> CH4X(48) -0.000 -0.000 -0.000 0.000 -0.000
1 O2(3) + 2 X(1) <=> 2 OX(20) -0.032 0.515 0.483 0.474 1.219
2 H2(6) + 2 X(1) <=> 2 HX(19) -0.000 -0.000 -0.000 0.000 -0.000
3 H(12) + X(1) <=> HX(19) -0.000 -0.000 -0.000 -0.000 0.000
4 HX(19) + OX(20) <=> HOX(22) + X(1) -0.000 -0.000 -0.000 0.000 -0.000
5 H2O(5) + 2 X(1) <=> HOX(22) + HX(19) -0.000 -0.000 -0.000 -0.000 -0.000
6 OH(17) + X(1) <=> HOX(22) -0.000 -0.000 -0.000 -0.000 -0.000
7 CH4(2) + 2 X(1) <=> CH3X(21) + HX(19) -0.000 -0.000 -0.000 -0.000 -0.000
8 CH4(2) + OX(20) + X(1) <=> CH3X(21) + HOX(22) 0.010 -0.130 -0.120 -0.119 -0.312
9 C2H6(8) + 2 X(1) <=> 2 CH3X(21) 0.093 -0.045 0.048 0.014 -0.818
10 CH3(10) + X(1) <=> CH3X(21) 0.860 0.133 0.992 0.089 -0.669
11 CH3OH(14) + 2 X(1) <=> CH3X(21) + HOX(22) 0.015 -0.024 -0.009 -0.016 -0.041
12 CH4(2) + HOX(22) + X(1) <=> CH3X(21) + H2OX(23) 0.000 -0.000 -0.000 -0.000 -0.000
13 H2O(5) + X(1) <=> H2OX(23) 0.000 -0.000 -0.000 -0.000 -0.001
14 H2OX(23) + OX(20) <=> 2 HOX(22) 0.026 -0.477 -0.451 -0.442 -1.153
15 HOX(22) + HX(19) <=> H2OX(23) + X(1) -0.000 -0.000 -0.000 0.000 -0.000
16 H2(6) + X(1) <=> H2X(49) -0.000 -0.000 -0.000 -0.000 -0.000
17 CH2X(27) + HX(19) <=> CH3X(21) + X(1) -0.014 -0.014 -0.029 -0.014 -0.000
18 CH2X(27) + HOX(22) <=> CH3X(21) + OX(20) -0.982 -0.985 -1.977 -0.987 -0.003
19 CHX(28) + HX(19) <=> CH2X(27) + X(1) -0.000 -0.000 -0.000 -0.000 -0.000
20 CHX(28) + HOX(22) <=> CH2X(27) + OX(20) -0.000 -0.000 -0.000 -0.000 -0.000
21 2 CH2X(27) <=> CH3X(21) + CHX(28) -0.000 -0.000 -0.000 0.000 -0.000
22 CHX(28) + X(1) <=> CX(26) + HX(19) -0.000 -0.000 -0.000 0.000 -0.000
23 CX(26) + H2(6) <=> CH2X(27) -0.000 -0.000 -0.000 0.000 -0.000
24 CX(26) + HOX(22) <=> CHX(28) + OX(20) -0.000 -0.000 -0.000 0.000 -0.000
25 CH3X(21) + CX(26) <=> CH2X(27) + CHX(28) -0.000 -0.000 -0.000 -0.000 -0.000
26 CH2X(27) + CX(26) <=> 2 CHX(28) -0.000 -0.000 -0.000 -0.000 -0.000
27 CO(7) + X(1) <=> OCX(25) -0.002 -0.002 -0.005 -0.002 -0.000
28 CX(26) + OX(20) <=> OCX(25) + X(1) -0.000 -0.000 -0.000 0.000 -0.000
29 C2H6(8) + X(1) <=> C2H6X(52) -0.000 -0.000 -0.000 0.000 -0.000
30 CH3OH(14) + X(1) <=> CH4OX(60) -0.000 -0.000 -0.000 0.000 -0.000
31 CO(7) + X(1) <=> COX(50) -0.000 -0.000 -0.000 0.000 -0.000
32 C2H4(47) + X(1) <=> C2H4X(205) -0.000 -0.000 -0.000 0.000 -0.000
33 C2H4(18) + X(1) <=> C2H4X(65) -0.000 -0.000 -0.000 0.000 -0.000
34 CO2(4) + X(1) <=> CO2X(24) -0.000 -0.000 -0.000 -0.000 -0.000
35 OCX(25) + OX(20) <=> CO2X(24) + X(1) -0.000 -0.000 -0.000 0.000 -0.000
36 CO2X(24) + HX(19) <=> HOX(22) + OCX(25) 0.005 0.005 0.009 0.005 -0.000
Finished sensitivity simulation for a C/O ratio of 1.1
Finished translating for C/O ratio of 1.1
Starting sensitivity simulation for a C/O ratio of 1.2
0 CH4(2) + X(1) <=> CH4X(48) -0.000 -0.000 -0.000 -0.000 -0.000
1 O2(3) + 2 X(1) <=> 2 OX(20) -0.034 0.523 0.489 0.478 1.217
2 H2(6) + 2 X(1) <=> 2 HX(19) -0.000 -0.000 -0.000 -0.000 -0.000
3 H(12) + X(1) <=> HX(19) -0.000 -0.000 -0.000 -0.000 0.000
4 HX(19) + OX(20) <=> HOX(22) + X(1) -0.000 -0.000 -0.000 -0.000 -0.000
5 H2O(5) + 2 X(1) <=> HOX(22) + HX(19) -0.000 -0.000 -0.000 -0.000 -0.000
6 OH(17) + X(1) <=> HOX(22) 0.000 -0.000 -0.000 -0.000 -0.000
7 CH4(2) + 2 X(1) <=> CH3X(21) + HX(19) -0.000 -0.000 -0.000 -0.000 -0.000
8 CH4(2) + OX(20) + X(1) <=> CH3X(21) + HOX(22) 0.010 -0.128 -0.118 -0.116 -0.301
9 C2H6(8) + 2 X(1) <=> 2 CH3X(21) 0.100 -0.049 0.051 0.014 -0.811
10 CH3(10) + X(1) <=> CH3X(21) 0.851 0.130 0.980 0.085 -0.673
11 CH3OH(14) + 2 X(1) <=> CH3X(21) + HOX(22) 0.016 -0.025 -0.010 -0.017 -0.043
12 CH4(2) + HOX(22) + X(1) <=> CH3X(21) + H2OX(23) 0.000 -0.000 -0.000 -0.000 -0.000
13 H2O(5) + X(1) <=> H2OX(23) 0.000 -0.000 -0.000 -0.000 -0.001
14 H2OX(23) + OX(20) <=> 2 HOX(22) 0.028 -0.483 -0.455 -0.444 -1.147
15 HOX(22) + HX(19) <=> H2OX(23) + X(1) -0.000 -0.000 -0.000 -0.000 -0.000
16 H2(6) + X(1) <=> H2X(49) -0.000 -0.000 -0.000 -0.000 -0.000
17 CH2X(27) + HX(19) <=> CH3X(21) + X(1) -0.015 -0.015 -0.030 -0.015 -0.000
18 CH2X(27) + HOX(22) <=> CH3X(21) + OX(20) -0.982 -0.984 -1.976 -0.986 -0.003
19 CHX(28) + HX(19) <=> CH2X(27) + X(1) -0.000 -0.000 -0.000 -0.000 -0.000
20 CHX(28) + HOX(22) <=> CH2X(27) + OX(20) -0.000 -0.000 -0.000 -0.000 -0.000
21 2 CH2X(27) <=> CH3X(21) + CHX(28) -0.000 -0.000 -0.000 -0.000 -0.000
22 CHX(28) + X(1) <=> CX(26) + HX(19) -0.000 -0.000 -0.000 -0.000 -0.000
23 CX(26) + H2(6) <=> CH2X(27) -0.000 -0.000 -0.000 -0.000 -0.000
24 CX(26) + HOX(22) <=> CHX(28) + OX(20) -0.000 -0.000 -0.000 -0.000 -0.000
25 CH3X(21) + CX(26) <=> CH2X(27) + CHX(28) -0.000 -0.000 -0.000 -0.000 -0.000
26 CH2X(27) + CX(26) <=> 2 CHX(28) -0.000 -0.000 -0.000 -0.000 -0.000
27 CO(7) + X(1) <=> OCX(25) -0.002 -0.002 -0.005 -0.002 0.000
28 CX(26) + OX(20) <=> OCX(25) + X(1) 0.000 0.000 0.000 0.000 -0.000
29 C2H6(8) + X(1) <=> C2H6X(52) -0.000 -0.000 -0.000 -0.000 -0.000
30 CH3OH(14) + X(1) <=> CH4OX(60) -0.000 -0.000 -0.000 -0.000 -0.000
31 CO(7) + X(1) <=> COX(50) 0.000 -0.000 -0.000 -0.000 0.000
32 C2H4(47) + X(1) <=> C2H4X(205) -0.000 -0.000 -0.000 -0.000 -0.000
33 C2H4(18) + X(1) <=> C2H4X(65) -0.000 -0.000 -0.000 -0.000 -0.000
34 CO2(4) + X(1) <=> CO2X(24) 0.000 0.000 0.000 -0.000 0.000
35 OCX(25) + OX(20) <=> CO2X(24) + X(1) -0.000 -0.000 -0.000 -0.000 -0.000
36 CO2X(24) + HX(19) <=> HOX(22) + OCX(25) 0.005 0.005 0.010 0.005 -0.000
Finished sensitivity simulation for a C/O ratio of 1.2
Finished translating for C/O ratio of 1.2
Starting sensitivity simulation for a C/O ratio of 1.0
0 CH4(2) + X(1) <=> CH4X(48) 0.000 -0.000 0.000 0.000 0.000
1 O2(3) + 2 X(1) <=> 2 OX(20) -0.030 0.506 0.477 0.469 1.220
2 H2(6) + 2 X(1) <=> 2 HX(19) 0.000 0.000 0.000 0.000 0.000
3 H(12) + X(1) <=> HX(19) 0.000 0.000 0.000 0.000 0.000
4 HX(19) + OX(20) <=> HOX(22) + X(1) 0.000 0.000 0.000 0.000 0.000
5 H2O(5) + 2 X(1) <=> HOX(22) + HX(19) 0.000 0.000 0.000 -0.000 0.000
6 OH(17) + X(1) <=> HOX(22) 0.000 0.000 0.000 -0.000 0.000
7 CH4(2) + 2 X(1) <=> CH3X(21) + HX(19) 0.000 0.000 0.000 -0.000 0.000
8 CH4(2) + OX(20) + X(1) <=> CH3X(21) + HOX(22) 0.009 -0.133 -0.123 -0.123 -0.325
9 C2H6(8) + 2 X(1) <=> 2 CH3X(21) 0.086 -0.040 0.046 0.014 -0.825
10 CH3(10) + X(1) <=> CH3X(21) 0.869 0.137 1.005 0.094 -0.665
11 CH3OH(14) + 2 X(1) <=> CH3X(21) + HOX(22) 0.014 -0.023 -0.009 -0.015 -0.040
12 CH4(2) + HOX(22) + X(1) <=> CH3X(21) + H2OX(23) 0.000 -0.000 -0.000 -0.000 -0.000
13 H2O(5) + X(1) <=> H2OX(23) 0.000 -0.000 -0.000 -0.000 -0.001
14 H2OX(23) + OX(20) <=> 2 HOX(22) 0.024 -0.471 -0.447 -0.440 -1.158
15 HOX(22) + HX(19) <=> H2OX(23) + X(1) 0.000 0.000 0.000 0.000 0.000
16 H2(6) + X(1) <=> H2X(49) 0.000 0.000 0.000 0.000 0.000
17 CH2X(27) + HX(19) <=> CH3X(21) + X(1) -0.014 -0.014 -0.027 -0.014 -0.000
18 CH2X(27) + HOX(22) <=> CH3X(21) + OX(20) -0.983 -0.986 -1.979 -0.987 -0.003
19 CHX(28) + HX(19) <=> CH2X(27) + X(1) -0.000 -0.000 -0.000 -0.000 -0.000
20 CHX(28) + HOX(22) <=> CH2X(27) + OX(20) 0.000 0.000 0.000 -0.000 0.000
21 2 CH2X(27) <=> CH3X(21) + CHX(28) 0.000 0.000 0.000 0.000 0.000
22 CHX(28) + X(1) <=> CX(26) + HX(19) 0.000 0.000 0.000 0.000 0.000
23 CX(26) + H2(6) <=> CH2X(27) 0.000 0.000 0.000 0.000 0.000
24 CX(26) + HOX(22) <=> CHX(28) + OX(20) -0.000 -0.000 -0.000 0.000 -0.000
25 CH3X(21) + CX(26) <=> CH2X(27) + CHX(28) 0.000 0.000 0.000 -0.000 0.000
26 CH2X(27) + CX(26) <=> 2 CHX(28) 0.000 0.000 0.000 0.000 0.000
27 CO(7) + X(1) <=> OCX(25) -0.002 -0.002 -0.004 -0.002 0.000
28 CX(26) + OX(20) <=> OCX(25) + X(1) 0.000 0.000 0.000 0.000 0.000
29 C2H6(8) + X(1) <=> C2H6X(52) 0.000 0.000 0.000 0.000 0.000
30 CH3OH(14) + X(1) <=> CH4OX(60) -0.000 -0.000 -0.000 0.000 -0.000
31 CO(7) + X(1) <=> COX(50) 0.000 0.000 0.000 0.000 0.000
32 C2H4(47) + X(1) <=> C2H4X(205) 0.000 0.000 0.000 0.000 0.000
33 C2H4(18) + X(1) <=> C2H4X(65) 0.000 0.000 0.000 0.000 0.000
34 CO2(4) + X(1) <=> CO2X(24) -0.000 -0.000 -0.000 0.000 -0.000
35 OCX(25) + OX(20) <=> CO2X(24) + X(1) 0.000 0.000 0.000 0.000 0.000
36 CO2X(24) + HX(19) <=> HOX(22) + OCX(25) 0.004 0.004 0.009 0.004 -0.000
Finished sensitivity simulation for a C/O ratio of 1.0
Finished translating for C/O ratio of 1.0
Starting sensitivity simulation for a C/O ratio of 0.7
0 CH4(2) + X(1) <=> CH4X(48) -0.000 -0.000 -0.000 0.000 -0.000
1 O2(3) + 2 X(1) <=> 2 OX(20) -0.022 0.474 0.452 0.450 1.207
2 H2(6) + 2 X(1) <=> 2 HX(19) -0.000 -0.000 -0.000 0.000 -0.000
3 H(12) + X(1) <=> HX(19) -0.000 -0.000 -0.000 0.000 -0.000
4 HX(19) + OX(20) <=> HOX(22) + X(1) -0.000 -0.000 -0.000 0.000 -0.000
5 H2O(5) + 2 X(1) <=> HOX(22) + HX(19) -0.000 -0.000 -0.000 -0.000 -0.000
6 OH(17) + X(1) <=> HOX(22) -0.000 -0.000 -0.000 -0.000 -0.000
7 CH4(2) + 2 X(1) <=> CH3X(21) + HX(19) -0.000 -0.000 -0.000 -0.000 -0.000
8 CH4(2) + OX(20) + X(1) <=> CH3X(21) + HOX(22) 0.008 -0.145 -0.137 -0.137 -0.375
9 C2H6(8) + 2 X(1) <=> 2 CH3X(21) 0.064 -0.027 0.038 0.012 -0.848
10 CH3(10) + X(1) <=> CH3X(21) 0.898 0.151 1.048 0.117 -0.638
11 CH3OH(14) + 2 X(1) <=> CH3X(21) + HOX(22) 0.012 -0.019 -0.007 -0.012 -0.034
12 CH4(2) + HOX(22) + X(1) <=> CH3X(21) + H2OX(23) -0.000 -0.000 -0.000 -0.000 -0.000
13 H2O(5) + X(1) <=> H2OX(23) 0.000 -0.000 -0.000 -0.000 -0.001
14 H2OX(23) + OX(20) <=> 2 HOX(22) 0.018 -0.450 -0.432 -0.429 -1.168
15 HOX(22) + HX(19) <=> H2OX(23) + X(1) -0.000 -0.000 -0.000 0.000 -0.000
16 H2(6) + X(1) <=> H2X(49) -0.000 -0.000 -0.000 0.000 -0.000
17 CH2X(27) + HX(19) <=> CH3X(21) + X(1) -0.011 -0.011 -0.022 -0.011 -0.000
18 CH2X(27) + HOX(22) <=> CH3X(21) + OX(20) -0.986 -0.989 -1.984 -0.990 -0.003
19 CHX(28) + HX(19) <=> CH2X(27) + X(1) -0.000 -0.000 -0.000 -0.000 -0.000
20 CHX(28) + HOX(22) <=> CH2X(27) + OX(20) -0.000 -0.000 -0.000 -0.000 -0.000
21 2 CH2X(27) <=> CH3X(21) + CHX(28) -0.000 -0.000 -0.000 0.000 -0.000
22 CHX(28) + X(1) <=> CX(26) + HX(19) -0.000 -0.000 -0.000 0.000 -0.000
23 CX(26) + H2(6) <=> CH2X(27) -0.000 -0.000 -0.000 0.000 -0.000
24 CX(26) + HOX(22) <=> CHX(28) + OX(20) -0.000 -0.000 -0.000 0.000 -0.000
25 CH3X(21) + CX(26) <=> CH2X(27) + CHX(28) -0.000 -0.000 -0.000 -0.000 -0.000
26 CH2X(27) + CX(26) <=> 2 CHX(28) -0.000 -0.000 -0.000 0.000 -0.000
27 CO(7) + X(1) <=> OCX(25) -0.002 -0.002 -0.004 -0.002 -0.000
28 CX(26) + OX(20) <=> OCX(25) + X(1) -0.000 -0.000 -0.000 0.000 -0.000
29 C2H6(8) + X(1) <=> C2H6X(52) -0.000 -0.000 -0.000 0.000 -0.000
30 CH3OH(14) + X(1) <=> CH4OX(60) -0.000 -0.000 -0.000 0.000 -0.000
31 CO(7) + X(1) <=> COX(50) -0.000 -0.000 -0.000 0.000 -0.000
32 C2H4(47) + X(1) <=> C2H4X(205) -0.000 -0.000 -0.000 0.000 -0.000
33 C2H4(18) + X(1) <=> C2H4X(65) -0.000 -0.000 -0.000 0.000 -0.000
34 CO2(4) + X(1) <=> CO2X(24) -0.000 -0.000 -0.000 -0.000 -0.000
35 OCX(25) + OX(20) <=> CO2X(24) + X(1) -0.000 -0.000 -0.000 -0.000 -0.000
36 CO2X(24) + HX(19) <=> HOX(22) + OCX(25) 0.003 0.003 0.007 0.003 -0.000
Finished sensitivity simulation for a C/O ratio of 0.7
Finished translating for C/O ratio of 0.7
Starting sensitivity simulation for a C/O ratio of 2.6
0 CH4(2) + X(1) <=> CH4X(48) -0.000 -0.000 -0.000 -0.000 -0.000
1 O2(3) + 2 X(1) <=> 2 OX(20) -0.057 0.598 0.541 0.502 1.151
2 H2(6) + 2 X(1) <=> 2 HX(19) 0.000 0.000 0.000 -0.000 0.000
3 H(12) + X(1) <=> HX(19) 0.000 0.000 0.000 -0.000 0.000
4 HX(19) + OX(20) <=> HOX(22) + X(1) -0.000 0.000 -0.000 -0.000 -0.000
5 H2O(5) + 2 X(1) <=> HOX(22) + HX(19) -0.000 -0.000 -0.000 -0.000 -0.000
6 OH(17) + X(1) <=> HOX(22) 0.000 0.000 0.000 -0.000 -0.000
7 CH4(2) + 2 X(1) <=> CH3X(21) + HX(19) 0.000 0.000 0.000 -0.000 0.000
8 CH4(2) + OX(20) + X(1) <=> CH3X(21) + HOX(22) 0.013 -0.112 -0.100 -0.094 -0.220
9 C2H6(8) + 2 X(1) <=> 2 CH3X(21) 0.175 -0.086 0.089 0.017 -0.719
10 CH3(10) + X(1) <=> CH3X(21) 0.741 0.086 0.826 0.055 -0.694
11 CH3OH(14) + 2 X(1) <=> CH3X(21) + HOX(22) 0.023 -0.034 -0.012 -0.023 -0.053
12 CH4(2) + HOX(22) + X(1) <=> CH3X(21) + H2OX(23) 0.000 -0.000 -0.000 -0.000 -0.000
13 H2O(5) + X(1) <=> H2OX(23) 0.000 -0.000 -0.000 -0.000 -0.001
14 H2OX(23) + OX(20) <=> 2 HOX(22) 0.047 -0.544 -0.496 -0.458 -1.065
15 HOX(22) + HX(19) <=> H2OX(23) + X(1) 0.000 0.000 0.000 -0.000 0.000
16 H2(6) + X(1) <=> H2X(49) 0.000 0.000 0.000 -0.000 0.000
17 CH2X(27) + HX(19) <=> CH3X(21) + X(1) -0.025 -0.025 -0.051 -0.025 -0.000
18 CH2X(27) + HOX(22) <=> CH3X(21) + OX(20) -0.970 -0.973 -1.952 -0.976 -0.002
19 CHX(28) + HX(19) <=> CH2X(27) + X(1) -0.000 0.000 0.000 -0.000 -0.000
20 CHX(28) + HOX(22) <=> CH2X(27) + OX(20) -0.000 -0.000 -0.000 -0.000 -0.000
21 2 CH2X(27) <=> CH3X(21) + CHX(28) 0.000 0.000 0.000 -0.000 0.000
22 CHX(28) + X(1) <=> CX(26) + HX(19) 0.000 0.000 0.000 -0.000 0.000
23 CX(26) + H2(6) <=> CH2X(27) 0.000 0.000 0.000 -0.000 0.000
24 CX(26) + HOX(22) <=> CHX(28) + OX(20) 0.000 0.000 0.000 -0.000 0.000
25 CH3X(21) + CX(26) <=> CH2X(27) + CHX(28) -0.000 0.000 -0.000 -0.000 0.000
26 CH2X(27) + CX(26) <=> 2 CHX(28) -0.000 0.000 0.000 -0.000 -0.000
27 CO(7) + X(1) <=> OCX(25) -0.003 -0.003 -0.007 -0.003 0.000
28 CX(26) + OX(20) <=> OCX(25) + X(1) 0.000 0.000 0.000 0.000 0.000
29 C2H6(8) + X(1) <=> C2H6X(52) 0.000 0.000 0.000 -0.000 0.000
30 CH3OH(14) + X(1) <=> CH4OX(60) -0.000 0.000 0.000 -0.000 -0.000
31 CO(7) + X(1) <=> COX(50) -0.000 0.000 0.000 -0.000 -0.000
32 C2H4(47) + X(1) <=> C2H4X(205) -0.000 0.000 0.000 -0.000 -0.000
33 C2H4(18) + X(1) <=> C2H4X(65) 0.000 0.000 0.000 -0.000 0.000
34 CO2(4) + X(1) <=> CO2X(24) -0.000 -0.000 -0.000 -0.000 -0.000
35 OCX(25) + OX(20) <=> CO2X(24) + X(1) 0.000 0.000 0.000 -0.000 0.000
36 CO2X(24) + HX(19) <=> HOX(22) + OCX(25) 0.010 0.010 0.019 0.010 -0.000
Finished sensitivity simulation for a C/O ratio of 2.6
Finished translating for C/O ratio of 2.6
Starting sensitivity simulation for a C/O ratio of 1.4
0 CH4(2) + X(1) <=> CH4X(48) 0.000 0.000 0.000 0.000 0.000
1 O2(3) + 2 X(1) <=> 2 OX(20) -0.039 0.537 0.499 0.484 1.210
2 H2(6) + 2 X(1) <=> 2 HX(19) 0.000 0.000 0.000 -0.000 0.000
3 H(12) + X(1) <=> HX(19) 0.000 0.000 0.000 -0.000 0.000
4 HX(19) + OX(20) <=> HOX(22) + X(1) 0.000 0.000 0.000 0.000 0.000
5 H2O(5) + 2 X(1) <=> HOX(22) + HX(19) 0.000 0.000 0.000 -0.000 0.000
6 OH(17) + X(1) <=> HOX(22) 0.000 0.000 0.000 -0.000 0.000
7 CH4(2) + 2 X(1) <=> CH3X(21) + HX(19) 0.000 0.000 0.000 -0.000 0.000
8 CH4(2) + OX(20) + X(1) <=> CH3X(21) + HOX(22) 0.011 -0.124 -0.113 -0.111 -0.283
9 C2H6(8) + 2 X(1) <=> 2 CH3X(21) 0.112 -0.057 0.056 0.015 -0.796
10 CH3(10) + X(1) <=> CH3X(21) 0.833 0.125 0.957 0.077 -0.678
11 CH3OH(14) + 2 X(1) <=> CH3X(21) + HOX(22) 0.017 -0.027 -0.010 -0.018 -0.045
12 CH4(2) + HOX(22) + X(1) <=> CH3X(21) + H2OX(23) 0.000 -0.000 -0.000 -0.000 -0.000
13 H2O(5) + X(1) <=> H2OX(23) 0.000 -0.000 -0.000 -0.000 -0.001
14 H2OX(23) + OX(20) <=> 2 HOX(22) 0.032 -0.494 -0.462 -0.447 -1.135
15 HOX(22) + HX(19) <=> H2OX(23) + X(1) 0.000 0.000 0.000 -0.000 0.000
16 H2(6) + X(1) <=> H2X(49) 0.000 0.000 0.000 -0.000 0.000
17 CH2X(27) + HX(19) <=> CH3X(21) + X(1) -0.017 -0.017 -0.034 -0.017 -0.000
18 CH2X(27) + HOX(22) <=> CH3X(21) + OX(20) -0.980 -0.983 -1.972 -0.984 -0.002
19 CHX(28) + HX(19) <=> CH2X(27) + X(1) 0.000 0.000 0.000 -0.000 0.000
20 CHX(28) + HOX(22) <=> CH2X(27) + OX(20) 0.000 0.000 0.000 -0.000 0.000
21 2 CH2X(27) <=> CH3X(21) + CHX(28) 0.000 0.000 0.000 0.000 0.000
22 CHX(28) + X(1) <=> CX(26) + HX(19) 0.000 0.000 0.000 -0.000 0.000
23 CX(26) + H2(6) <=> CH2X(27) 0.000 0.000 0.000 0.000 0.000
24 CX(26) + HOX(22) <=> CHX(28) + OX(20) 0.000 0.000 0.000 -0.000 0.000
25 CH3X(21) + CX(26) <=> CH2X(27) + CHX(28) 0.000 0.000 0.000 -0.000 0.000
26 CH2X(27) + CX(26) <=> 2 CHX(28) 0.000 0.000 0.000 0.000 0.000
27 CO(7) + X(1) <=> OCX(25) -0.003 -0.003 -0.005 -0.003 0.000
28 CX(26) + OX(20) <=> OCX(25) + X(1) 0.000 0.000 0.000 0.000 0.000
29 C2H6(8) + X(1) <=> C2H6X(52) 0.000 0.000 0.000 -0.000 0.000
30 CH3OH(14) + X(1) <=> CH4OX(60) 0.000 0.000 0.000 0.000 0.000
31 CO(7) + X(1) <=> COX(50) 0.000 0.000 0.000 -0.000 0.000
32 C2H4(47) + X(1) <=> C2H4X(205) 0.000 0.000 0.000 0.000 0.000
33 C2H4(18) + X(1) <=> C2H4X(65) -0.000 -0.000 -0.000 0.000 -0.000
34 CO2(4) + X(1) <=> CO2X(24) 0.000 0.000 0.000 0.000 0.000
35 OCX(25) + OX(20) <=> CO2X(24) + X(1) 0.000 0.000 0.000 0.000 0.000
36 CO2X(24) + HX(19) <=> HOX(22) + OCX(25) 0.006 0.006 0.011 0.006 0.000
Finished sensitivity simulation for a C/O ratio of 1.4
Finished translating for C/O ratio of 1.4
Starting sensitivity simulation for a C/O ratio of 1.3
0 CH4(2) + X(1) <=> CH4X(48) -0.000 -0.000 -0.000 -0.000 -0.000
1 O2(3) + 2 X(1) <=> 2 OX(20) -0.037 0.530 0.494 0.481 1.214
2 H2(6) + 2 X(1) <=> 2 HX(19) -0.000 -0.000 -0.000 -0.000 0.000
3 H(12) + X(1) <=> HX(19) 0.000 0.000 0.000 -0.000 0.000
4 HX(19) + OX(20) <=> HOX(22) + X(1) 0.000 -0.000 -0.000 -0.000 0.000
5 H2O(5) + 2 X(1) <=> HOX(22) + HX(19) -0.000 -0.000 -0.000 -0.000 -0.000
6 OH(17) + X(1) <=> HOX(22) 0.000 -0.000 0.000 -0.000 0.000
7 CH4(2) + 2 X(1) <=> CH3X(21) + HX(19) -0.000 -0.000 -0.000 -0.000 -0.000
8 CH4(2) + OX(20) + X(1) <=> CH3X(21) + HOX(22) 0.010 -0.125 -0.115 -0.114 -0.292
9 C2H6(8) + 2 X(1) <=> 2 CH3X(21) 0.106 -0.053 0.053 0.015 -0.803
10 CH3(10) + X(1) <=> CH3X(21) 0.842 0.128 0.968 0.081 -0.675
11 CH3OH(14) + 2 X(1) <=> CH3X(21) + HOX(22) 0.016 -0.026 -0.010 -0.017 -0.044
12 CH4(2) + HOX(22) + X(1) <=> CH3X(21) + H2OX(23) 0.000 -0.000 -0.000 -0.000 -0.000
13 H2O(5) + X(1) <=> H2OX(23) 0.000 -0.000 -0.000 -0.000 -0.001
14 H2OX(23) + OX(20) <=> 2 HOX(22) 0.030 -0.489 -0.458 -0.446 -1.141
15 HOX(22) + HX(19) <=> H2OX(23) + X(1) 0.000 -0.000 -0.000 -0.000 0.000
16 H2(6) + X(1) <=> H2X(49) -0.000 -0.000 -0.000 -0.000 -0.000
17 CH2X(27) + HX(19) <=> CH3X(21) + X(1) -0.016 -0.016 -0.032 -0.016 -0.000
18 CH2X(27) + HOX(22) <=> CH3X(21) + OX(20) -0.981 -0.984 -1.974 -0.985 -0.003
19 CHX(28) + HX(19) <=> CH2X(27) + X(1) -0.000 -0.000 -0.000 -0.000 -0.000
20 CHX(28) + HOX(22) <=> CH2X(27) + OX(20) -0.000 -0.000 -0.000 -0.000 0.000
21 2 CH2X(27) <=> CH3X(21) + CHX(28) -0.000 -0.000 -0.000 -0.000 -0.000
22 CHX(28) + X(1) <=> CX(26) + HX(19) 0.000 -0.000 0.000 -0.000 0.000
23 CX(26) + H2(6) <=> CH2X(27) 0.000 -0.000 -0.000 -0.000 0.000
24 CX(26) + HOX(22) <=> CHX(28) + OX(20) 0.000 -0.000 -0.000 -0.000 0.000
25 CH3X(21) + CX(26) <=> CH2X(27) + CHX(28) -0.000 -0.000 -0.000 -0.000 0.000
26 CH2X(27) + CX(26) <=> 2 CHX(28) -0.000 -0.000 -0.000 -0.000 -0.000
27 CO(7) + X(1) <=> OCX(25) -0.003 -0.003 -0.005 -0.003 0.000
28 CX(26) + OX(20) <=> OCX(25) + X(1) 0.000 0.000 0.000 0.000 0.000
29 C2H6(8) + X(1) <=> C2H6X(52) -0.000 -0.000 -0.000 -0.000 -0.000
30 CH3OH(14) + X(1) <=> CH4OX(60) -0.000 -0.000 -0.000 -0.000 -0.000
31 CO(7) + X(1) <=> COX(50) -0.000 -0.000 -0.000 -0.000 -0.000
32 C2H4(47) + X(1) <=> C2H4X(205) -0.000 -0.000 -0.000 -0.000 -0.000
33 C2H4(18) + X(1) <=> C2H4X(65) 0.000 0.000 0.000 0.000 0.000
34 CO2(4) + X(1) <=> CO2X(24) 0.000 -0.000 -0.000 -0.000 0.000
35 OCX(25) + OX(20) <=> CO2X(24) + X(1) -0.000 -0.000 -0.000 -0.000 -0.000
36 CO2X(24) + HX(19) <=> HOX(22) + OCX(25) 0.005 0.005 0.011 0.005 -0.000
Finished sensitivity simulation for a C/O ratio of 1.3
Finished translating for C/O ratio of 1.3
Starting sensitivity simulation for a C/O ratio of 0.8
0 CH4(2) + X(1) <=> CH4X(48) 0.000 0.000 0.000 0.000 0.000
1 O2(3) + 2 X(1) <=> 2 OX(20) -0.025 0.486 0.462 0.458 1.215
2 H2(6) + 2 X(1) <=> 2 HX(19) 0.000 0.000 0.000 -0.000 0.000
3 H(12) + X(1) <=> HX(19) 0.000 0.000 0.000 0.000 0.000
4 HX(19) + OX(20) <=> HOX(22) + X(1) 0.000 0.000 0.000 -0.000 0.000
5 H2O(5) + 2 X(1) <=> HOX(22) + HX(19) 0.000 0.000 0.000 -0.000 0.000
6 OH(17) + X(1) <=> HOX(22) 0.000 0.000 0.000 -0.000 0.000
7 CH4(2) + 2 X(1) <=> CH3X(21) + HX(19) 0.000 0.000 0.000 -0.000 0.000
8 CH4(2) + OX(20) + X(1) <=> CH3X(21) + HOX(22) 0.009 -0.140 -0.132 -0.132 -0.355
9 C2H6(8) + 2 X(1) <=> 2 CH3X(21) 0.072 -0.031 0.041 0.013 -0.840
10 CH3(10) + X(1) <=> CH3X(21) 0.888 0.145 1.032 0.108 -0.650
11 CH3OH(14) + 2 X(1) <=> CH3X(21) + HOX(22) 0.013 -0.020 -0.007 -0.013 -0.036
12 CH4(2) + HOX(22) + X(1) <=> CH3X(21) + H2OX(23) 0.000 -0.000 -0.000 -0.000 -0.000
13 H2O(5) + X(1) <=> H2OX(23) 0.000 -0.000 -0.000 -0.000 -0.001
14 H2OX(23) + OX(20) <=> 2 HOX(22) 0.020 -0.458 -0.438 -0.433 -1.166
15 HOX(22) + HX(19) <=> H2OX(23) + X(1) 0.000 0.000 0.000 -0.000 0.000
16 H2(6) + X(1) <=> H2X(49) 0.000 0.000 0.000 -0.000 0.000
17 CH2X(27) + HX(19) <=> CH3X(21) + X(1) -0.012 -0.012 -0.024 -0.012 -0.000
18 CH2X(27) + HOX(22) <=> CH3X(21) + OX(20) -0.985 -0.988 -1.983 -0.989 -0.002
19 CHX(28) + HX(19) <=> CH2X(27) + X(1) 0.000 0.000 0.000 -0.000 0.000
20 CHX(28) + HOX(22) <=> CH2X(27) + OX(20) 0.000 0.000 0.000 -0.000 0.000
21 2 CH2X(27) <=> CH3X(21) + CHX(28) 0.000 0.000 0.000 -0.000 0.000
22 CHX(28) + X(1) <=> CX(26) + HX(19) 0.000 0.000 0.000 -0.000 0.000
23 CX(26) + H2(6) <=> CH2X(27) 0.000 0.000 0.000 0.000 0.000
24 CX(26) + HOX(22) <=> CHX(28) + OX(20) 0.000 0.000 0.000 -0.000 0.000
25 CH3X(21) + CX(26) <=> CH2X(27) + CHX(28) 0.000 0.000 0.000 -0.000 0.000
26 CH2X(27) + CX(26) <=> 2 CHX(28) 0.000 0.000 0.000 -0.000 0.000
27 CO(7) + X(1) <=> OCX(25) -0.002 -0.002 -0.004 -0.002 0.000
28 CX(26) + OX(20) <=> OCX(25) + X(1) 0.000 0.000 0.000 0.000 0.000
29 C2H6(8) + X(1) <=> C2H6X(52) 0.000 0.000 0.000 0.000 0.000
30 CH3OH(14) + X(1) <=> CH4OX(60) 0.000 0.000 0.000 -0.000 0.000
31 CO(7) + X(1) <=> COX(50) 0.000 0.000 0.000 0.000 0.000
32 C2H4(47) + X(1) <=> C2H4X(205) 0.000 0.000 0.000 0.000 0.000
33 C2H4(18) + X(1) <=> C2H4X(65) 0.000 0.000 0.000 0.000 0.000
34 CO2(4) + X(1) <=> CO2X(24) 0.000 0.000 0.000 0.000 0.000
35 OCX(25) + OX(20) <=> CO2X(24) + X(1) 0.000 0.000 0.000 0.000 0.000
36 CO2X(24) + HX(19) <=> HOX(22) + OCX(25) 0.004 0.004 0.007 0.004 0.000
Finished sensitivity simulation for a C/O ratio of 0.8
Finished translating for C/O ratio of 0.8
Starting sensitivity simulation for a C/O ratio of 0.9
0 CH4(2) + X(1) <=> CH4X(48) -0.000 -0.000 -0.000 0.000 -0.000
1 O2(3) + 2 X(1) <=> 2 OX(20) -0.027 0.497 0.470 0.464 1.218
2 H2(6) + 2 X(1) <=> 2 HX(19) -0.000 -0.000 -0.000 -0.000 -0.000
3 H(12) + X(1) <=> HX(19) -0.000 -0.000 -0.000 0.000 0.000
4 HX(19) + OX(20) <=> HOX(22) + X(1) -0.000 -0.000 -0.000 -0.000 -0.000
5 H2O(5) + 2 X(1) <=> HOX(22) + HX(19) -0.000 -0.000 -0.000 -0.000 -0.000
6 OH(17) + X(1) <=> HOX(22) 0.000 -0.000 -0.000 -0.000 -0.000
7 CH4(2) + 2 X(1) <=> CH3X(21) + HX(19) -0.000 -0.000 -0.000 -0.000 -0.000
8 CH4(2) + OX(20) + X(1) <=> CH3X(21) + HOX(22) 0.009 -0.136 -0.127 -0.127 -0.339
9 C2H6(8) + 2 X(1) <=> 2 CH3X(21) 0.079 -0.036 0.043 0.013 -0.833
10 CH3(10) + X(1) <=> CH3X(21) 0.878 0.141 1.018 0.100 -0.658
11 CH3OH(14) + 2 X(1) <=> CH3X(21) + HOX(22) 0.014 -0.022 -0.008 -0.014 -0.038
12 CH4(2) + HOX(22) + X(1) <=> CH3X(21) + H2OX(23) 0.000 -0.000 -0.000 -0.000 -0.000
13 H2O(5) + X(1) <=> H2OX(23) 0.000 -0.000 -0.000 -0.000 -0.001
14 H2OX(23) + OX(20) <=> 2 HOX(22) 0.022 -0.465 -0.442 -0.437 -1.162
15 HOX(22) + HX(19) <=> H2OX(23) + X(1) -0.000 -0.000 -0.000 -0.000 -0.000
16 H2(6) + X(1) <=> H2X(49) -0.000 -0.000 -0.000 -0.000 -0.000
17 CH2X(27) + HX(19) <=> CH3X(21) + X(1) -0.013 -0.013 -0.026 -0.013 -0.000
18 CH2X(27) + HOX(22) <=> CH3X(21) + OX(20) -0.984 -0.987 -1.981 -0.988 -0.003
19 CHX(28) + HX(19) <=> CH2X(27) + X(1) -0.000 -0.000 -0.000 -0.000 -0.000
20 CHX(28) + HOX(22) <=> CH2X(27) + OX(20) -0.000 -0.000 -0.000 -0.000 -0.000
21 2 CH2X(27) <=> CH3X(21) + CHX(28) -0.000 0.000 -0.000 -0.000 -0.000
22 CHX(28) + X(1) <=> CX(26) + HX(19) -0.000 -0.000 -0.000 0.000 -0.000
23 CX(26) + H2(6) <=> CH2X(27) -0.000 -0.000 -0.000 0.000 -0.000
24 CX(26) + HOX(22) <=> CHX(28) + OX(20) -0.000 -0.000 -0.000 0.000 -0.000
25 CH3X(21) + CX(26) <=> CH2X(27) + CHX(28) -0.000 -0.000 -0.000 -0.000 -0.000
26 CH2X(27) + CX(26) <=> 2 CHX(28) -0.000 0.000 -0.000 -0.000 -0.000
27 CO(7) + X(1) <=> OCX(25) -0.002 -0.002 -0.004 -0.002 -0.000
28 CX(26) + OX(20) <=> OCX(25) + X(1) 0.000 0.000 0.000 0.000 -0.000
29 C2H6(8) + X(1) <=> C2H6X(52) -0.000 -0.000 -0.000 0.000 -0.000
30 CH3OH(14) + X(1) <=> CH4OX(60) -0.000 -0.000 -0.000 0.000 -0.000
31 CO(7) + X(1) <=> COX(50) -0.000 -0.000 -0.000 0.000 -0.000
32 C2H4(47) + X(1) <=> C2H4X(205) -0.000 -0.000 -0.000 0.000 -0.000
33 C2H4(18) + X(1) <=> C2H4X(65) -0.000 -0.000 -0.000 0.000 -0.000
34 CO2(4) + X(1) <=> CO2X(24) -0.000 -0.000 -0.000 0.000 -0.000
35 OCX(25) + OX(20) <=> CO2X(24) + X(1) -0.000 -0.000 -0.000 0.000 -0.000
36 CO2X(24) + HX(19) <=> HOX(22) + OCX(25) 0.004 0.004 0.008 0.004 -0.000
Finished sensitivity simulation for a C/O ratio of 0.9
Finished translating for C/O ratio of 0.9
Starting sensitivity simulation for a C/O ratio of 2.0
0 CH4(2) + X(1) <=> CH4X(48) -0.000 -0.000 -0.000 0.000 -0.000
1 O2(3) + 2 X(1) <=> 2 OX(20) -0.049 0.572 0.523 0.495 1.182
2 H2(6) + 2 X(1) <=> 2 HX(19) -0.000 -0.000 -0.000 0.000 -0.000
3 H(12) + X(1) <=> HX(19) -0.000 -0.000 -0.000 0.000 0.000
4 HX(19) + OX(20) <=> HOX(22) + X(1) 0.000 -0.000 -0.000 0.000 0.000
5 H2O(5) + 2 X(1) <=> HOX(22) + HX(19) -0.000 -0.000 -0.000 -0.000 -0.000
6 OH(17) + X(1) <=> HOX(22) -0.000 -0.000 -0.000 -0.000 -0.000
7 CH4(2) + 2 X(1) <=> CH3X(21) + HX(19) -0.000 -0.000 -0.000 -0.000 -0.000
8 CH4(2) + OX(20) + X(1) <=> CH3X(21) + HOX(22) 0.012 -0.116 -0.105 -0.101 -0.245
9 C2H6(8) + 2 X(1) <=> 2 CH3X(21) 0.146 -0.075 0.071 0.016 -0.756
10 CH3(10) + X(1) <=> CH3X(21) 0.784 0.107 0.891 0.063 -0.687
11 CH3OH(14) + 2 X(1) <=> CH3X(21) + HOX(22) 0.020 -0.032 -0.012 -0.021 -0.050
12 CH4(2) + HOX(22) + X(1) <=> CH3X(21) + H2OX(23) 0.000 -0.000 -0.000 -0.000 -0.000
13 H2O(5) + X(1) <=> H2OX(23) 0.000 -0.000 -0.000 -0.000 -0.001
14 H2OX(23) + OX(20) <=> 2 HOX(22) 0.040 -0.522 -0.481 -0.454 -1.099
15 HOX(22) + HX(19) <=> H2OX(23) + X(1) -0.000 -0.000 -0.000 0.000 -0.000
16 H2(6) + X(1) <=> H2X(49) -0.000 -0.000 -0.000 0.000 -0.000
17 CH2X(27) + HX(19) <=> CH3X(21) + X(1) -0.021 -0.021 -0.042 -0.021 -0.000
18 CH2X(27) + HOX(22) <=> CH3X(21) + OX(20) -0.975 -0.978 -1.962 -0.980 -0.002
19 CHX(28) + HX(19) <=> CH2X(27) + X(1) -0.000 -0.000 -0.000 -0.000 -0.000
20 CHX(28) + HOX(22) <=> CH2X(27) + OX(20) -0.000 -0.000 -0.000 -0.000 -0.000
21 2 CH2X(27) <=> CH3X(21) + CHX(28) -0.000 -0.000 -0.000 0.000 -0.000
22 CHX(28) + X(1) <=> CX(26) + HX(19) -0.000 -0.000 -0.000 0.000 -0.000
23 CX(26) + H2(6) <=> CH2X(27) -0.000 -0.000 -0.000 0.000 -0.000
24 CX(26) + HOX(22) <=> CHX(28) + OX(20) -0.000 -0.000 -0.000 0.000 -0.000
25 CH3X(21) + CX(26) <=> CH2X(27) + CHX(28) -0.000 -0.000 -0.000 -0.000 -0.000
26 CH2X(27) + CX(26) <=> 2 CHX(28) -0.000 -0.000 -0.000 0.000 -0.000
27 CO(7) + X(1) <=> OCX(25) -0.003 -0.003 -0.006 -0.003 0.000
28 CX(26) + OX(20) <=> OCX(25) + X(1) 0.000 -0.000 -0.000 0.000 -0.000
29 C2H6(8) + X(1) <=> C2H6X(52) -0.000 -0.000 -0.000 0.000 -0.000
30 CH3OH(14) + X(1) <=> CH4OX(60) -0.000 -0.000 -0.000 0.000 -0.000
31 CO(7) + X(1) <=> COX(50) -0.000 -0.000 -0.000 0.000 -0.000
32 C2H4(47) + X(1) <=> C2H4X(205) -0.000 -0.000 -0.000 0.000 -0.000
33 C2H4(18) + X(1) <=> C2H4X(65) -0.000 -0.000 -0.000 0.000 -0.000
34 CO2(4) + X(1) <=> CO2X(24) -0.000 -0.000 -0.000 0.000 -0.000
35 OCX(25) + OX(20) <=> CO2X(24) + X(1) -0.000 -0.000 -0.000 0.000 -0.000
36 CO2X(24) + HX(19) <=> HOX(22) + OCX(25) 0.008 0.008 0.015 0.008 -0.000
Finished sensitivity simulation for a C/O ratio of 2.0
Finished translating for C/O ratio of 2.0
Starting sensitivity simulation for a C/O ratio of 0.6
0 CH4(2) + X(1) <=> CH4X(48) -0.000 0.000 -0.000 -0.000 -0.000
1 O2(3) + 2 X(1) <=> 2 OX(20) -0.019 0.460 0.441 0.439 1.194
2 H2(6) + 2 X(1) <=> 2 HX(19) -0.000 0.000 -0.000 -0.000 -0.000
3 H(12) + X(1) <=> HX(19) -0.000 0.000 -0.000 -0.000 0.000
4 HX(19) + OX(20) <=> HOX(22) + X(1) -0.000 0.000 -0.000 -0.000 -0.000
5 H2O(5) + 2 X(1) <=> HOX(22) + HX(19) -0.000 0.000 -0.000 -0.000 -0.000
6 OH(17) + X(1) <=> HOX(22) 0.000 -0.000 0.000 -0.000 -0.000
7 CH4(2) + 2 X(1) <=> CH3X(21) + HX(19) -0.000 -0.000 -0.000 -0.000 -0.000
8 CH4(2) + OX(20) + X(1) <=> CH3X(21) + HOX(22) 0.008 -0.151 -0.144 -0.144 -0.398
9 C2H6(8) + 2 X(1) <=> 2 CH3X(21) 0.057 -0.022 0.035 0.012 -0.856
10 CH3(10) + X(1) <=> CH3X(21) 0.908 0.159 1.066 0.128 -0.621
11 CH3OH(14) + 2 X(1) <=> CH3X(21) + HOX(22) 0.011 -0.017 -0.006 -0.011 -0.031
12 CH4(2) + HOX(22) + X(1) <=> CH3X(21) + H2OX(23) 0.000 -0.000 -0.000 -0.000 -0.000
13 H2O(5) + X(1) <=> H2OX(23) 0.000 -0.000 -0.000 -0.000 -0.001
14 H2OX(23) + OX(20) <=> 2 HOX(22) 0.015 -0.441 -0.426 -0.424 -1.167
15 HOX(22) + HX(19) <=> H2OX(23) + X(1) -0.000 0.000 -0.000 -0.000 -0.000
16 H2(6) + X(1) <=> H2X(49) -0.000 -0.000 -0.000 -0.000 -0.000
17 CH2X(27) + HX(19) <=> CH3X(21) + X(1) -0.010 -0.010 -0.021 -0.010 -0.000
18 CH2X(27) + HOX(22) <=> CH3X(21) + OX(20) -0.987 -0.989 -1.986 -0.991 -0.002
19 CHX(28) + HX(19) <=> CH2X(27) + X(1) -0.000 -0.000 -0.000 -0.000 -0.000
20 CHX(28) + HOX(22) <=> CH2X(27) + OX(20) -0.000 -0.000 -0.000 -0.000 -0.000
21 2 CH2X(27) <=> CH3X(21) + CHX(28) -0.000 0.000 -0.000 -0.000 -0.000
22 CHX(28) + X(1) <=> CX(26) + HX(19) -0.000 0.000 -0.000 -0.000 -0.000
23 CX(26) + H2(6) <=> CH2X(27) -0.000 -0.000 -0.000 -0.000 -0.000
24 CX(26) + HOX(22) <=> CHX(28) + OX(20) -0.000 0.000 -0.000 -0.000 -0.000
25 CH3X(21) + CX(26) <=> CH2X(27) + CHX(28) -0.000 -0.000 -0.000 -0.000 -0.000
26 CH2X(27) + CX(26) <=> 2 CHX(28) -0.000 0.000 0.000 -0.000 -0.000
27 CO(7) + X(1) <=> OCX(25) -0.002 -0.002 -0.003 -0.002 -0.000
28 CX(26) + OX(20) <=> OCX(25) + X(1) -0.000 0.000 0.000 0.000 -0.000
29 C2H6(8) + X(1) <=> C2H6X(52) -0.000 0.000 -0.000 -0.000 -0.000
30 CH3OH(14) + X(1) <=> CH4OX(60) -0.000 -0.000 -0.000 -0.000 -0.000
31 CO(7) + X(1) <=> COX(50) -0.000 -0.000 -0.000 -0.000 -0.000
32 C2H4(47) + X(1) <=> C2H4X(205) -0.000 -0.000 -0.000 -0.000 -0.000
33 C2H4(18) + X(1) <=> C2H4X(65) -0.000 0.000 -0.000 -0.000 -0.000
34 CO2(4) + X(1) <=> CO2X(24) -0.000 0.000 -0.000 -0.000 -0.000
35 OCX(25) + OX(20) <=> CO2X(24) + X(1) -0.000 0.000 -0.000 -0.000 -0.000
36 CO2X(24) + HX(19) <=> HOX(22) + OCX(25) 0.003 0.003 0.006 0.003 -0.000
Finished sensitivity simulation for a C/O ratio of 0.6
Finished translating for C/O ratio of 0.6
Starting sensitivity simulation for a C/O ratio of 1.6
0 CH4(2) + X(1) <=> CH4X(48) 0.000 0.000 0.000 0.000 0.000
1 O2(3) + 2 X(1) <=> 2 OX(20) -0.042 0.550 0.508 0.488 1.202
2 H2(6) + 2 X(1) <=> 2 HX(19) 0.000 0.000 0.000 0.000 0.000
3 H(12) + X(1) <=> HX(19) 0.000 0.000 0.000 0.000 0.000
4 HX(19) + OX(20) <=> HOX(22) + X(1) 0.000 0.000 0.000 0.000 0.000
5 H2O(5) + 2 X(1) <=> HOX(22) + HX(19) 0.000 0.000 0.000 -0.000 0.000
6 OH(17) + X(1) <=> HOX(22) 0.000 0.000 0.000 -0.000 0.000
7 CH4(2) + 2 X(1) <=> CH3X(21) + HX(19) 0.000 0.000 0.000 -0.000 0.000
8 CH4(2) + OX(20) + X(1) <=> CH3X(21) + HOX(22) 0.011 -0.121 -0.110 -0.107 -0.268
9 C2H6(8) + 2 X(1) <=> 2 CH3X(21) 0.124 -0.064 0.061 0.015 -0.782
10 CH3(10) + X(1) <=> CH3X(21) 0.816 0.119 0.935 0.072 -0.681
11 CH3OH(14) + 2 X(1) <=> CH3X(21) + HOX(22) 0.018 -0.029 -0.011 -0.019 -0.047
12 CH4(2) + HOX(22) + X(1) <=> CH3X(21) + H2OX(23) 0.000 -0.000 -0.000 -0.000 -0.000
13 H2O(5) + X(1) <=> H2OX(23) 0.000 -0.000 -0.000 -0.000 -0.001
14 H2OX(23) + OX(20) <=> 2 HOX(22) 0.035 -0.504 -0.469 -0.450 -1.123
15 HOX(22) + HX(19) <=> H2OX(23) + X(1) 0.000 0.000 0.000 0.000 0.000
16 H2(6) + X(1) <=> H2X(49) 0.000 0.000 0.000 0.000 0.000
17 CH2X(27) + HX(19) <=> CH3X(21) + X(1) -0.018 -0.018 -0.037 -0.018 -0.000
18 CH2X(27) + HOX(22) <=> CH3X(21) + OX(20) -0.978 -0.981 -1.969 -0.983 -0.002
19 CHX(28) + HX(19) <=> CH2X(27) + X(1) 0.000 0.000 0.000 -0.000 0.000
20 CHX(28) + HOX(22) <=> CH2X(27) + OX(20) 0.000 0.000 0.000 -0.000 0.000
21 2 CH2X(27) <=> CH3X(21) + CHX(28) 0.000 0.000 0.000 0.000 0.000
22 CHX(28) + X(1) <=> CX(26) + HX(19) 0.000 0.000 0.000 0.000 0.000
23 CX(26) + H2(6) <=> CH2X(27) 0.000 0.000 0.000 0.000 0.000
24 CX(26) + HOX(22) <=> CHX(28) + OX(20) 0.000 0.000 0.000 0.000 0.000
25 CH3X(21) + CX(26) <=> CH2X(27) + CHX(28) 0.000 0.000 0.000 -0.000 0.000
26 CH2X(27) + CX(26) <=> 2 CHX(28) 0.000 0.000 0.000 0.000 0.000
27 CO(7) + X(1) <=> OCX(25) -0.003 -0.003 -0.006 -0.003 0.000
28 CX(26) + OX(20) <=> OCX(25) + X(1) 0.000 0.000 0.000 0.000 0.000
29 C2H6(8) + X(1) <=> C2H6X(52) 0.000 0.000 0.000 0.000 0.000
30 CH3OH(14) + X(1) <=> CH4OX(60) 0.000 0.000 0.000 0.000 0.000
31 CO(7) + X(1) <=> COX(50) 0.000 0.000 0.000 0.000 0.000
32 C2H4(47) + X(1) <=> C2H4X(205) 0.000 0.000 0.000 0.000 0.000
33 C2H4(18) + X(1) <=> C2H4X(65) 0.000 0.000 0.000 0.000 0.000
34 CO2(4) + X(1) <=> CO2X(24) 0.000 0.000 0.000 0.000 0.000
35 OCX(25) + OX(20) <=> CO2X(24) + X(1) 0.000 0.000 0.000 0.000 0.000
36 CO2X(24) + HX(19) <=> HOX(22) + OCX(25) 0.006 0.006 0.013 0.006 -0.000
Finished sensitivity simulation for a C/O ratio of 1.6
Finished translating for C/O ratio of 1.6
Starting sensitivity simulation for a C/O ratio of 2.2
0 CH4(2) + X(1) <=> CH4X(48) -0.000 -0.000 -0.000 -0.000 -0.000
1 O2(3) + 2 X(1) <=> 2 OX(20) -0.052 0.581 0.530 0.498 1.171
2 H2(6) + 2 X(1) <=> 2 HX(19) -0.000 -0.000 -0.000 -0.000 -0.000
3 H(12) + X(1) <=> HX(19) -0.000 -0.000 -0.000 -0.000 0.000
4 HX(19) + OX(20) <=> HOX(22) + X(1) -0.000 -0.000 -0.000 -0.000 -0.000
5 H2O(5) + 2 X(1) <=> HOX(22) + HX(19) -0.000 -0.000 -0.000 -0.000 -0.000
6 OH(17) + X(1) <=> HOX(22) -0.000 -0.000 -0.000 -0.000 -0.000
7 CH4(2) + 2 X(1) <=> CH3X(21) + HX(19) -0.000 -0.000 -0.000 -0.000 -0.000
8 CH4(2) + OX(20) + X(1) <=> CH3X(21) + HOX(22) 0.012 -0.115 -0.103 -0.098 -0.236
9 C2H6(8) + 2 X(1) <=> 2 CH3X(21) 0.156 -0.079 0.077 0.017 -0.743
10 CH3(10) + X(1) <=> CH3X(21) 0.769 0.101 0.869 0.060 -0.690
11 CH3OH(14) + 2 X(1) <=> CH3X(21) + HOX(22) 0.021 -0.033 -0.012 -0.022 -0.051
12 CH4(2) + HOX(22) + X(1) <=> CH3X(21) + H2OX(23) 0.000 -0.000 -0.000 -0.000 -0.000
13 H2O(5) + X(1) <=> H2OX(23) 0.000 -0.000 -0.000 -0.000 -0.001
14 H2OX(23) + OX(20) <=> 2 HOX(22) 0.043 -0.530 -0.487 -0.455 -1.087
15 HOX(22) + HX(19) <=> H2OX(23) + X(1) -0.000 -0.000 -0.000 0.000 -0.000
16 H2(6) + X(1) <=> H2X(49) -0.000 -0.000 -0.000 -0.000 -0.000
17 CH2X(27) + HX(19) <=> CH3X(21) + X(1) -0.023 -0.023 -0.045 -0.023 -0.000
18 CH2X(27) + HOX(22) <=> CH3X(21) + OX(20) -0.973 -0.976 -1.959 -0.978 -0.002
19 CHX(28) + HX(19) <=> CH2X(27) + X(1) -0.000 -0.000 -0.000 -0.000 -0.000
20 CHX(28) + HOX(22) <=> CH2X(27) + OX(20) -0.000 -0.000 -0.000 -0.000 -0.000
21 2 CH2X(27) <=> CH3X(21) + CHX(28) -0.000 -0.000 -0.000 0.000 -0.000
22 CHX(28) + X(1) <=> CX(26) + HX(19) -0.000 -0.000 -0.000 0.000 -0.000
23 CX(26) + H2(6) <=> CH2X(27) -0.000 -0.000 -0.000 -0.000 -0.000
24 CX(26) + HOX(22) <=> CHX(28) + OX(20) -0.000 -0.000 -0.000 -0.000 -0.000
25 CH3X(21) + CX(26) <=> CH2X(27) + CHX(28) -0.000 -0.000 -0.000 -0.000 -0.000
26 CH2X(27) + CX(26) <=> 2 CHX(28) -0.000 -0.000 -0.000 0.000 -0.000
27 CO(7) + X(1) <=> OCX(25) -0.003 -0.003 -0.006 -0.003 0.000
28 CX(26) + OX(20) <=> OCX(25) + X(1) -0.000 -0.000 -0.000 0.000 -0.000
29 C2H6(8) + X(1) <=> C2H6X(52) -0.000 -0.000 -0.000 -0.000 -0.000
30 CH3OH(14) + X(1) <=> CH4OX(60) -0.000 -0.000 -0.000 -0.000 -0.000
31 CO(7) + X(1) <=> COX(50) -0.000 0.000 -0.000 -0.000 -0.000
32 C2H4(47) + X(1) <=> C2H4X(205) -0.000 -0.000 -0.000 -0.000 -0.000
33 C2H4(18) + X(1) <=> C2H4X(65) -0.000 -0.000 -0.000 -0.000 -0.000
34 CO2(4) + X(1) <=> CO2X(24) -0.000 -0.000 -0.000 0.000 -0.000
35 OCX(25) + OX(20) <=> CO2X(24) + X(1) -0.000 -0.000 -0.000 0.000 -0.000
36 CO2X(24) + HX(19) <=> HOX(22) + OCX(25) 0.008 0.008 0.017 0.008 -0.000
Finished sensitivity simulation for a C/O ratio of 2.2
Finished translating for C/O ratio of 2.2
Starting sensitivity simulation for a C/O ratio of 1.8
0 CH4(2) + X(1) <=> CH4X(48) 0.000 0.000 0.000 0.000 0.000
1 O2(3) + 2 X(1) <=> 2 OX(20) -0.046 0.561 0.516 0.492 1.192
2 H2(6) + 2 X(1) <=> 2 HX(19) 0.000 0.000 0.000 -0.000 0.000
3 H(12) + X(1) <=> HX(19) 0.000 0.000 0.000 0.000 0.000
4 HX(19) + OX(20) <=> HOX(22) + X(1) 0.000 0.000 0.000 0.000 0.000
5 H2O(5) + 2 X(1) <=> HOX(22) + HX(19) -0.000 -0.000 -0.000 -0.000 -0.000
6 OH(17) + X(1) <=> HOX(22) 0.000 0.000 0.000 -0.000 0.000
7 CH4(2) + 2 X(1) <=> CH3X(21) + HX(19) 0.000 -0.000 -0.000 -0.000 0.000
8 CH4(2) + OX(20) + X(1) <=> CH3X(21) + HOX(22) 0.011 -0.118 -0.107 -0.103 -0.256
9 C2H6(8) + 2 X(1) <=> 2 CH3X(21) 0.135 -0.070 0.066 0.016 -0.769
10 CH3(10) + X(1) <=> CH3X(21) 0.800 0.113 0.913 0.067 -0.684
11 CH3OH(14) + 2 X(1) <=> CH3X(21) + HOX(22) 0.019 -0.030 -0.011 -0.020 -0.049
12 CH4(2) + HOX(22) + X(1) <=> CH3X(21) + H2OX(23) 0.000 -0.000 -0.000 -0.000 -0.000
13 H2O(5) + X(1) <=> H2OX(23) 0.000 -0.000 -0.000 -0.000 -0.001
14 H2OX(23) + OX(20) <=> 2 HOX(22) 0.038 -0.513 -0.475 -0.452 -1.111
15 HOX(22) + HX(19) <=> H2OX(23) + X(1) 0.000 -0.000 -0.000 -0.000 0.000
16 H2(6) + X(1) <=> H2X(49) 0.000 0.000 0.000 0.000 0.000
17 CH2X(27) + HX(19) <=> CH3X(21) + X(1) -0.020 -0.020 -0.039 -0.020 -0.000
18 CH2X(27) + HOX(22) <=> CH3X(21) + OX(20) -0.976 -0.979 -1.965 -0.981 -0.002
19 CHX(28) + HX(19) <=> CH2X(27) + X(1) 0.000 0.000 0.000 -0.000 0.000
20 CHX(28) + HOX(22) <=> CH2X(27) + OX(20) -0.000 -0.000 -0.000 -0.000 -0.000
21 2 CH2X(27) <=> CH3X(21) + CHX(28) 0.000 -0.000 -0.000 0.000 0.000
22 CHX(28) + X(1) <=> CX(26) + HX(19) 0.000 0.000 0.000 0.000 0.000
23 CX(26) + H2(6) <=> CH2X(27) 0.000 -0.000 -0.000 0.000 0.000
24 CX(26) + HOX(22) <=> CHX(28) + OX(20) 0.000 -0.000 0.000 0.000 0.000
25 CH3X(21) + CX(26) <=> CH2X(27) + CHX(28) -0.000 -0.000 -0.000 -0.000 0.000
26 CH2X(27) + CX(26) <=> 2 CHX(28) 0.000 0.000 0.000 0.000 0.000
27 CO(7) + X(1) <=> OCX(25) -0.003 -0.003 -0.006 -0.003 0.000
28 CX(26) + OX(20) <=> OCX(25) + X(1) 0.000 0.000 0.000 0.000 0.000
29 C2H6(8) + X(1) <=> C2H6X(52) 0.000 0.000 0.000 0.000 0.000
30 CH3OH(14) + X(1) <=> CH4OX(60) 0.000 0.000 0.000 0.000 0.000
31 CO(7) + X(1) <=> COX(50) 0.000 -0.000 0.000 0.000 0.000
32 C2H4(47) + X(1) <=> C2H4X(205) -0.000 -0.000 -0.000 0.000 -0.000
33 C2H4(18) + X(1) <=> C2H4X(65) -0.000 -0.000 -0.000 -0.000 -0.000
34 CO2(4) + X(1) <=> CO2X(24) 0.000 0.000 0.000 0.000 0.000
35 OCX(25) + OX(20) <=> CO2X(24) + X(1) 0.000 -0.000 -0.000 0.000 0.000
36 CO2X(24) + HX(19) <=> HOX(22) + OCX(25) 0.007 0.007 0.014 0.007 -0.000
Finished sensitivity simulation for a C/O ratio of 1.8
Finished translating for C/O ratio of 1.8
