This mechanism contains 38 gas reactions and 44 surface reactions
Finished simulation at a C/O ratio of 2.0
Finished simulation at a C/O ratio of 1.8
Finished simulation at a C/O ratio of 1.0
Finished simulation at a C/O ratio of 2.4
Finished simulation at a C/O ratio of 0.6
Finished simulation at a C/O ratio of 0.9
Finished simulation at a C/O ratio of 0.7
Finished simulation at a C/O ratio of 1.3
Finished simulation at a C/O ratio of 2.2
Finished simulation at a C/O ratio of 1.6
Finished simulation at a C/O ratio of 1.4
Finished simulation at a C/O ratio of 1.2
Finished simulation at a C/O ratio of 2.6
Finished simulation at a C/O ratio of 0.8
Finished simulation at a C/O ratio of 1.1
Starting sensitivity simulation for a C/O ratio of 1.0
0 CH4(2) + X(1) <=> CH4X(48) 0.000 -0.000
1 O2(3) + 2 X(1) <=> 2 OX(20) 0.000 0.000
2 H2(6) + 2 X(1) <=> 2 HX(19) -0.000 -0.000
3 H(12) + X(1) <=> HX(19) 0.000 0.000
4 CH4(2) + 2 X(1) <=> CH3X(21) + HX(19) -0.090 -0.823
5 C2H6(8) + 2 X(1) <=> 2 CH3X(21) 0.000 0.000
6 CH3(10) + X(1) <=> CH3X(21) 0.000 0.000
7 CH2X(27) + HX(19) <=> CH3X(21) + X(1) -0.001 -0.001
8 CHX(28) + HX(19) <=> CH2X(27) + X(1) 0.000 -0.000
9 2 CH2X(27) <=> CH3X(21) + CHX(28) 0.000 -0.000
10 CHX(28) + X(1) <=> CX(26) + HX(19) 0.000 -0.000
11 CX(26) + H2(6) <=> CH2X(27) 0.000 -0.000
12 CH3X(21) + CX(26) <=> CH2X(27) + CHX(28) 0.000 -0.000
13 CH2X(27) + CX(26) <=> 2 CHX(28) 0.000 -0.000
14 H2(6) + X(1) <=> H2X(49) 0.000 -0.000
15 CH4(2) + OX(20) + X(1) <=> CH3X(21) + HOX(22) 0.008 -0.211
16 HX(19) + OX(20) <=> HOX(22) + X(1) 0.756 0.753
17 H2O(5) + 2 X(1) <=> HOX(22) + HX(19) 0.000 0.003
18 CH3OH(14) + 2 X(1) <=> CH3X(21) + HOX(22) 0.000 0.000
19 OH(17) + X(1) <=> HOX(22) -0.001 -0.006
20 CH2X(27) + HOX(22) <=> CH3X(21) + OX(20) 0.001 0.001
21 CHX(28) + HOX(22) <=> CH2X(27) + OX(20) 0.000 0.000
22 CX(26) + HOX(22) <=> CHX(28) + OX(20) 0.000 -0.000
23 CH4(2) + HOX(22) + X(1) <=> CH3X(21) + H2OX(23) -0.012 -0.106
24 H2O(5) + X(1) <=> H2OX(23) 0.000 -0.000
25 H2OX(23) + OX(20) <=> 2 HOX(22) -0.298 -0.250
26 HOX(22) + HX(19) <=> H2OX(23) + X(1) 0.000 -0.000
27 CO(7) + X(1) <=> OCX(25) -0.000 -0.000
28 CX(26) + OX(20) <=> OCX(25) + X(1) -0.000 -0.000
29 CO(7) + X(1) <=> COX(50) 0.000 -0.000
30 CH3OH(14) + X(1) <=> CH4OX(60) 0.000 -0.000
31 CH2O(9) + 2 X(1) <=> CHOX(53) + HX(19) 0.000 -0.000
32 HCO(15) + X(1) <=> CHOX(53) 0.000 -0.000
33 CH3CHO(16) + 2 X(1) <=> CH3X(21) + CHOX(53) 0.000 -0.000
34 CHOX(53) + X(1) <=> HX(19) + OCX(25) 0.000 -0.000
35 CH2X(27) + CHOX(53) <=> CH3X(21) + OCX(25) 0.000 -0.000
36 CHOX(53) + CHX(28) <=> CH2X(27) + OCX(25) 0.000 -0.000
37 CHOX(53) + CX(26) <=> CHX(28) + OCX(25) 0.000 -0.000
38 CHOX(53) + OX(20) <=> HOX(22) + OCX(25) 0.000 -0.000
39 C2H4(47) + X(1) <=> C2H4X(209) 0.000 -0.000
40 C2H4(18) + X(1) <=> C2H4X(65) 0.000 -0.000
41 CO2(4) + X(1) <=> CO2X(24) 0.000 -0.000
42 OCX(25) + OX(20) <=> CO2X(24) + X(1) 0.000 -0.000
43 CO2X(24) + HX(19) <=> HOX(22) + OCX(25) 0.608 0.608
Finished sensitivity simulation for a C/O ratio of 1.0
Finished translating for C/O ratio of 1.0
Starting sensitivity simulation for a C/O ratio of 0.9
0 CH4(2) + X(1) <=> CH4X(48) 0.000 0.000
1 O2(3) + 2 X(1) <=> 2 OX(20) 0.000 0.000
2 H2(6) + 2 X(1) <=> 2 HX(19) -0.000 -0.000
3 H(12) + X(1) <=> HX(19) 0.000 -0.000
4 CH4(2) + 2 X(1) <=> CH3X(21) + HX(19) -0.054 -0.784
5 C2H6(8) + 2 X(1) <=> 2 CH3X(21) 0.000 0.000
6 CH3(10) + X(1) <=> CH3X(21) 0.000 0.000
7 CH2X(27) + HX(19) <=> CH3X(21) + X(1) -0.001 -0.001
8 CHX(28) + HX(19) <=> CH2X(27) + X(1) -0.000 -0.000
9 2 CH2X(27) <=> CH3X(21) + CHX(28) 0.000 0.000
10 CHX(28) + X(1) <=> CX(26) + HX(19) 0.000 0.000
11 CX(26) + H2(6) <=> CH2X(27) 0.000 0.000
12 CH3X(21) + CX(26) <=> CH2X(27) + CHX(28) 0.000 0.000
13 CH2X(27) + CX(26) <=> 2 CHX(28) 0.000 0.000
14 H2(6) + X(1) <=> H2X(49) 0.000 0.000
15 CH4(2) + OX(20) + X(1) <=> CH3X(21) + HOX(22) 0.017 -0.206
16 HX(19) + OX(20) <=> HOX(22) + X(1) 0.696 0.693
17 H2O(5) + 2 X(1) <=> HOX(22) + HX(19) -0.002 0.000
18 CH3OH(14) + 2 X(1) <=> CH3X(21) + HOX(22) 0.000 0.000
19 OH(17) + X(1) <=> HOX(22) -0.001 -0.006
20 CH2X(27) + HOX(22) <=> CH3X(21) + OX(20) 0.001 0.001
21 CHX(28) + HOX(22) <=> CH2X(27) + OX(20) 0.000 0.000
22 CX(26) + HOX(22) <=> CHX(28) + OX(20) 0.000 -0.000
23 CH4(2) + HOX(22) + X(1) <=> CH3X(21) + H2OX(23) -0.009 -0.099
24 H2O(5) + X(1) <=> H2OX(23) 0.000 0.000
25 H2OX(23) + OX(20) <=> 2 HOX(22) -0.314 -0.268
26 HOX(22) + HX(19) <=> H2OX(23) + X(1) 0.000 0.000
27 CO(7) + X(1) <=> OCX(25) -0.000 -0.000
28 CX(26) + OX(20) <=> OCX(25) + X(1) -0.000 -0.000
29 CO(7) + X(1) <=> COX(50) 0.000 -0.000
30 CH3OH(14) + X(1) <=> CH4OX(60) 0.000 0.000
31 CH2O(9) + 2 X(1) <=> CHOX(53) + HX(19) 0.000 0.000
32 HCO(15) + X(1) <=> CHOX(53) 0.000 0.000
33 CH3CHO(16) + 2 X(1) <=> CH3X(21) + CHOX(53) 0.000 0.000
34 CHOX(53) + X(1) <=> HX(19) + OCX(25) 0.000 0.000
35 CH2X(27) + CHOX(53) <=> CH3X(21) + OCX(25) 0.000 0.000
36 CHOX(53) + CHX(28) <=> CH2X(27) + OCX(25) 0.000 0.000
37 CHOX(53) + CX(26) <=> CHX(28) + OCX(25) 0.000 0.000
38 CHOX(53) + OX(20) <=> HOX(22) + OCX(25) 0.000 0.000
39 C2H4(47) + X(1) <=> C2H4X(209) 0.000 0.000
40 C2H4(18) + X(1) <=> C2H4X(65) 0.000 0.000
41 CO2(4) + X(1) <=> CO2X(24) 0.000 -0.000
42 OCX(25) + OX(20) <=> CO2X(24) + X(1) 0.000 -0.000
43 CO2X(24) + HX(19) <=> HOX(22) + OCX(25) 0.640 0.640
Finished sensitivity simulation for a C/O ratio of 0.9
Finished translating for C/O ratio of 0.9
Starting sensitivity simulation for a C/O ratio of 0.8
0 CH4(2) + X(1) <=> CH4X(48) 0.000 0.000
1 O2(3) + 2 X(1) <=> 2 OX(20) 0.000 0.000
2 H2(6) + 2 X(1) <=> 2 HX(19) -0.000 -0.000
3 H(12) + X(1) <=> HX(19) 0.000 0.000
4 CH4(2) + 2 X(1) <=> CH3X(21) + HX(19) -0.014 -0.743
5 C2H6(8) + 2 X(1) <=> 2 CH3X(21) 0.000 0.000
6 CH3(10) + X(1) <=> CH3X(21) 0.000 0.000
7 CH2X(27) + HX(19) <=> CH3X(21) + X(1) -0.001 -0.001
8 CHX(28) + HX(19) <=> CH2X(27) + X(1) -0.000 -0.000
9 2 CH2X(27) <=> CH3X(21) + CHX(28) 0.000 0.000
10 CHX(28) + X(1) <=> CX(26) + HX(19) 0.000 0.000
11 CX(26) + H2(6) <=> CH2X(27) 0.000 -0.000
12 CH3X(21) + CX(26) <=> CH2X(27) + CHX(28) -0.000 -0.000
13 CH2X(27) + CX(26) <=> 2 CHX(28) 0.000 0.000
14 H2(6) + X(1) <=> H2X(49) 0.000 0.000
15 CH4(2) + OX(20) + X(1) <=> CH3X(21) + HOX(22) 0.026 -0.199
16 HX(19) + OX(20) <=> HOX(22) + X(1) 0.630 0.628
17 H2O(5) + 2 X(1) <=> HOX(22) + HX(19) -0.005 -0.002
18 CH3OH(14) + 2 X(1) <=> CH3X(21) + HOX(22) 0.000 0.000
19 OH(17) + X(1) <=> HOX(22) -0.001 -0.006
20 CH2X(27) + HOX(22) <=> CH3X(21) + OX(20) 0.001 0.001
21 CHX(28) + HOX(22) <=> CH2X(27) + OX(20) 0.000 0.000
22 CX(26) + HOX(22) <=> CHX(28) + OX(20) 0.000 0.000
23 CH4(2) + HOX(22) + X(1) <=> CH3X(21) + H2OX(23) -0.005 -0.092
24 H2O(5) + X(1) <=> H2OX(23) 0.000 0.000
25 H2OX(23) + OX(20) <=> 2 HOX(22) -0.332 -0.288
26 HOX(22) + HX(19) <=> H2OX(23) + X(1) 0.000 0.000
27 CO(7) + X(1) <=> OCX(25) -0.000 -0.000
28 CX(26) + OX(20) <=> OCX(25) + X(1) -0.000 -0.000
29 CO(7) + X(1) <=> COX(50) 0.000 0.000
30 CH3OH(14) + X(1) <=> CH4OX(60) 0.000 0.000
31 CH2O(9) + 2 X(1) <=> CHOX(53) + HX(19) 0.000 -0.000
32 HCO(15) + X(1) <=> CHOX(53) 0.000 0.000
33 CH3CHO(16) + 2 X(1) <=> CH3X(21) + CHOX(53) 0.000 -0.000
34 CHOX(53) + X(1) <=> HX(19) + OCX(25) 0.000 -0.000
35 CH2X(27) + CHOX(53) <=> CH3X(21) + OCX(25) 0.000 0.000
36 CHOX(53) + CHX(28) <=> CH2X(27) + OCX(25) 0.000 0.000
37 CHOX(53) + CX(26) <=> CHX(28) + OCX(25) 0.000 -0.000
38 CHOX(53) + OX(20) <=> HOX(22) + OCX(25) 0.000 -0.000
39 C2H4(47) + X(1) <=> C2H4X(209) 0.000 -0.000
40 C2H4(18) + X(1) <=> C2H4X(65) 0.000 0.000
41 CO2(4) + X(1) <=> CO2X(24) 0.000 -0.000
42 OCX(25) + OX(20) <=> CO2X(24) + X(1) 0.000 0.000
43 CO2X(24) + HX(19) <=> HOX(22) + OCX(25) 0.674 0.674
Finished sensitivity simulation for a C/O ratio of 0.8
Finished translating for C/O ratio of 0.8
Starting sensitivity simulation for a C/O ratio of 2.0
0 CH4(2) + X(1) <=> CH4X(48) 0.000 -0.000
1 O2(3) + 2 X(1) <=> 2 OX(20) 0.000 0.000
2 H2(6) + 2 X(1) <=> 2 HX(19) -0.000 -0.000
3 H(12) + X(1) <=> HX(19) 0.000 -0.000
4 CH4(2) + 2 X(1) <=> CH3X(21) + HX(19) -0.336 -1.083
5 C2H6(8) + 2 X(1) <=> 2 CH3X(21) 0.000 0.000
6 CH3(10) + X(1) <=> CH3X(21) 0.000 0.000
7 CH2X(27) + HX(19) <=> CH3X(21) + X(1) -0.002 -0.002
8 CHX(28) + HX(19) <=> CH2X(27) + X(1) -0.000 -0.000
9 2 CH2X(27) <=> CH3X(21) + CHX(28) 0.000 -0.000
10 CHX(28) + X(1) <=> CX(26) + HX(19) 0.000 -0.000
11 CX(26) + H2(6) <=> CH2X(27) 0.000 -0.000
12 CH3X(21) + CX(26) <=> CH2X(27) + CHX(28) 0.000 -0.000
13 CH2X(27) + CX(26) <=> 2 CHX(28) 0.000 -0.000
14 H2(6) + X(1) <=> H2X(49) 0.000 -0.000
15 CH4(2) + OX(20) + X(1) <=> CH3X(21) + HOX(22) -0.041 -0.237
16 HX(19) + OX(20) <=> HOX(22) + X(1) 1.151 1.146
17 H2O(5) + 2 X(1) <=> HOX(22) + HX(19) 0.024 0.029
18 CH3OH(14) + 2 X(1) <=> CH3X(21) + HOX(22) 0.000 0.000
19 OH(17) + X(1) <=> HOX(22) -0.002 -0.005
20 CH2X(27) + HOX(22) <=> CH3X(21) + OX(20) 0.002 0.002
21 CHX(28) + HOX(22) <=> CH2X(27) + OX(20) 0.000 0.000
22 CX(26) + HOX(22) <=> CHX(28) + OX(20) 0.000 -0.000
23 CH4(2) + HOX(22) + X(1) <=> CH3X(21) + H2OX(23) -0.037 -0.153
24 H2O(5) + X(1) <=> H2OX(23) 0.000 0.000
25 H2OX(23) + OX(20) <=> 2 HOX(22) -0.190 -0.134
26 HOX(22) + HX(19) <=> H2OX(23) + X(1) 0.000 -0.000
27 CO(7) + X(1) <=> OCX(25) -0.000 -0.000
28 CX(26) + OX(20) <=> OCX(25) + X(1) -0.000 -0.000
29 CO(7) + X(1) <=> COX(50) 0.000 -0.000
30 CH3OH(14) + X(1) <=> CH4OX(60) -0.000 -0.000
31 CH2O(9) + 2 X(1) <=> CHOX(53) + HX(19) 0.000 -0.000
32 HCO(15) + X(1) <=> CHOX(53) 0.000 -0.000
33 CH3CHO(16) + 2 X(1) <=> CH3X(21) + CHOX(53) 0.000 -0.000
34 CHOX(53) + X(1) <=> HX(19) + OCX(25) -0.000 -0.000
35 CH2X(27) + CHOX(53) <=> CH3X(21) + OCX(25) 0.000 -0.000
36 CHOX(53) + CHX(28) <=> CH2X(27) + OCX(25) 0.000 -0.000
37 CHOX(53) + CX(26) <=> CHX(28) + OCX(25) -0.000 0.000
38 CHOX(53) + OX(20) <=> HOX(22) + OCX(25) 0.000 -0.000
39 C2H4(47) + X(1) <=> C2H4X(209) 0.000 -0.000
40 C2H4(18) + X(1) <=> C2H4X(65) 0.000 -0.000
41 CO2(4) + X(1) <=> CO2X(24) 0.000 -0.000
42 OCX(25) + OX(20) <=> CO2X(24) + X(1) 0.000 -0.000
43 CO2X(24) + HX(19) <=> HOX(22) + OCX(25) 0.398 0.398
Finished sensitivity simulation for a C/O ratio of 2.0
Finished translating for C/O ratio of 2.0
Starting sensitivity simulation for a C/O ratio of 1.8
0 CH4(2) + X(1) <=> CH4X(48) -0.000 0.000
1 O2(3) + 2 X(1) <=> 2 OX(20) 0.000 0.000
2 H2(6) + 2 X(1) <=> 2 HX(19) -0.000 -0.000
3 H(12) + X(1) <=> HX(19) -0.000 -0.000
4 CH4(2) + 2 X(1) <=> CH3X(21) + HX(19) -0.300 -1.044
5 C2H6(8) + 2 X(1) <=> 2 CH3X(21) 0.000 0.000
6 CH3(10) + X(1) <=> CH3X(21) 0.000 0.000
7 CH2X(27) + HX(19) <=> CH3X(21) + X(1) -0.002 -0.002
8 CHX(28) + HX(19) <=> CH2X(27) + X(1) -0.000 -0.000
9 2 CH2X(27) <=> CH3X(21) + CHX(28) -0.000 0.000
10 CHX(28) + X(1) <=> CX(26) + HX(19) -0.000 0.000
11 CX(26) + H2(6) <=> CH2X(27) -0.000 -0.000
12 CH3X(21) + CX(26) <=> CH2X(27) + CHX(28) -0.000 -0.000
13 CH2X(27) + CX(26) <=> 2 CHX(28) -0.000 0.000
14 H2(6) + X(1) <=> H2X(49) -0.000 -0.000
15 CH4(2) + OX(20) + X(1) <=> CH3X(21) + HOX(22) -0.034 -0.235
16 HX(19) + OX(20) <=> HOX(22) + X(1) 1.095 1.090
17 H2O(5) + 2 X(1) <=> HOX(22) + HX(19) 0.019 0.024
18 CH3OH(14) + 2 X(1) <=> CH3X(21) + HOX(22) 0.000 0.000
19 OH(17) + X(1) <=> HOX(22) -0.002 -0.005
20 CH2X(27) + HOX(22) <=> CH3X(21) + OX(20) 0.002 0.002
21 CHX(28) + HOX(22) <=> CH2X(27) + OX(20) 0.000 0.000
22 CX(26) + HOX(22) <=> CHX(28) + OX(20) -0.000 0.000
23 CH4(2) + HOX(22) + X(1) <=> CH3X(21) + H2OX(23) -0.033 -0.145
24 H2O(5) + X(1) <=> H2OX(23) -0.000 0.000
25 H2OX(23) + OX(20) <=> 2 HOX(22) -0.206 -0.150
26 HOX(22) + HX(19) <=> H2OX(23) + X(1) -0.000 0.000
27 CO(7) + X(1) <=> OCX(25) -0.000 -0.000
28 CX(26) + OX(20) <=> OCX(25) + X(1) -0.000 -0.000
29 CO(7) + X(1) <=> COX(50) -0.000 0.000
30 CH3OH(14) + X(1) <=> CH4OX(60) -0.000 0.000
31 CH2O(9) + 2 X(1) <=> CHOX(53) + HX(19) -0.000 0.000
32 HCO(15) + X(1) <=> CHOX(53) -0.000 0.000
33 CH3CHO(16) + 2 X(1) <=> CH3X(21) + CHOX(53) -0.000 0.000
34 CHOX(53) + X(1) <=> HX(19) + OCX(25) -0.000 -0.000
35 CH2X(27) + CHOX(53) <=> CH3X(21) + OCX(25) -0.000 0.000
36 CHOX(53) + CHX(28) <=> CH2X(27) + OCX(25) -0.000 -0.000
37 CHOX(53) + CX(26) <=> CHX(28) + OCX(25) -0.000 0.000
38 CHOX(53) + OX(20) <=> HOX(22) + OCX(25) -0.000 0.000
39 C2H4(47) + X(1) <=> C2H4X(209) -0.000 0.000
40 C2H4(18) + X(1) <=> C2H4X(65) -0.000 0.000
41 CO2(4) + X(1) <=> CO2X(24) -0.000 -0.000
42 OCX(25) + OX(20) <=> CO2X(24) + X(1) -0.000 -0.000
43 CO2X(24) + HX(19) <=> HOX(22) + OCX(25) 0.428 0.428
Finished sensitivity simulation for a C/O ratio of 1.8
Finished translating for C/O ratio of 1.8
Starting sensitivity simulation for a C/O ratio of 0.7
0 CH4(2) + X(1) <=> CH4X(48) -0.000 -0.000
1 O2(3) + 2 X(1) <=> 2 OX(20) 0.000 0.000
2 H2(6) + 2 X(1) <=> 2 HX(19) -0.000 -0.000
3 H(12) + X(1) <=> HX(19) -0.000 -0.000
4 CH4(2) + 2 X(1) <=> CH3X(21) + HX(19) 0.030 -0.698
5 C2H6(8) + 2 X(1) <=> 2 CH3X(21) -0.000 0.000
6 CH3(10) + X(1) <=> CH3X(21) 0.000 0.000
7 CH2X(27) + HX(19) <=> CH3X(21) + X(1) -0.001 -0.001
8 CHX(28) + HX(19) <=> CH2X(27) + X(1) -0.000 -0.000
9 2 CH2X(27) <=> CH3X(21) + CHX(28) -0.000 0.000
10 CHX(28) + X(1) <=> CX(26) + HX(19) -0.000 0.000
11 CX(26) + H2(6) <=> CH2X(27) -0.000 -0.000
12 CH3X(21) + CX(26) <=> CH2X(27) + CHX(28) -0.000 -0.000
13 CH2X(27) + CX(26) <=> 2 CHX(28) -0.000 0.000
14 H2(6) + X(1) <=> H2X(49) -0.000 -0.000
15 CH4(2) + OX(20) + X(1) <=> CH3X(21) + HOX(22) 0.037 -0.192
16 HX(19) + OX(20) <=> HOX(22) + X(1) 0.559 0.557
17 H2O(5) + 2 X(1) <=> HOX(22) + HX(19) -0.007 -0.005
18 CH3OH(14) + 2 X(1) <=> CH3X(21) + HOX(22) 0.000 0.000
19 OH(17) + X(1) <=> HOX(22) -0.001 -0.006
20 CH2X(27) + HOX(22) <=> CH3X(21) + OX(20) 0.001 0.001
21 CHX(28) + HOX(22) <=> CH2X(27) + OX(20) 0.000 0.000
22 CX(26) + HOX(22) <=> CHX(28) + OX(20) -0.000 -0.000
23 CH4(2) + HOX(22) + X(1) <=> CH3X(21) + H2OX(23) -0.002 -0.085
24 H2O(5) + X(1) <=> H2OX(23) -0.000 -0.000
25 H2OX(23) + OX(20) <=> 2 HOX(22) -0.352 -0.309
26 HOX(22) + HX(19) <=> H2OX(23) + X(1) -0.000 -0.000
27 CO(7) + X(1) <=> OCX(25) -0.000 -0.000
28 CX(26) + OX(20) <=> OCX(25) + X(1) -0.000 -0.000
29 CO(7) + X(1) <=> COX(50) -0.000 0.000
30 CH3OH(14) + X(1) <=> CH4OX(60) -0.000 -0.000
31 CH2O(9) + 2 X(1) <=> CHOX(53) + HX(19) -0.000 -0.000
32 HCO(15) + X(1) <=> CHOX(53) -0.000 0.000
33 CH3CHO(16) + 2 X(1) <=> CH3X(21) + CHOX(53) -0.000 0.000
34 CHOX(53) + X(1) <=> HX(19) + OCX(25) -0.000 0.000
35 CH2X(27) + CHOX(53) <=> CH3X(21) + OCX(25) -0.000 -0.000
36 CHOX(53) + CHX(28) <=> CH2X(27) + OCX(25) -0.000 0.000
37 CHOX(53) + CX(26) <=> CHX(28) + OCX(25) -0.000 0.000
38 CHOX(53) + OX(20) <=> HOX(22) + OCX(25) -0.000 -0.000
39 C2H4(47) + X(1) <=> C2H4X(209) -0.000 0.000
40 C2H4(18) + X(1) <=> C2H4X(65) -0.000 -0.000
41 CO2(4) + X(1) <=> CO2X(24) -0.000 -0.000
42 OCX(25) + OX(20) <=> CO2X(24) + X(1) -0.000 -0.000
43 CO2X(24) + HX(19) <=> HOX(22) + OCX(25) 0.711 0.711
Finished sensitivity simulation for a C/O ratio of 0.7
Finished translating for C/O ratio of 0.7
Starting sensitivity simulation for a C/O ratio of 1.4
0 CH4(2) + X(1) <=> CH4X(48) -0.000 0.000
1 O2(3) + 2 X(1) <=> 2 OX(20) -0.000 0.000
2 H2(6) + 2 X(1) <=> 2 HX(19) -0.000 -0.000
3 H(12) + X(1) <=> HX(19) -0.000 0.000
4 CH4(2) + 2 X(1) <=> CH3X(21) + HX(19) -0.212 -0.950
5 C2H6(8) + 2 X(1) <=> 2 CH3X(21) 0.000 0.000
6 CH3(10) + X(1) <=> CH3X(21) 0.000 0.000
7 CH2X(27) + HX(19) <=> CH3X(21) + X(1) -0.002 -0.002
8 CHX(28) + HX(19) <=> CH2X(27) + X(1) -0.000 -0.000
9 2 CH2X(27) <=> CH3X(21) + CHX(28) -0.000 0.000
10 CHX(28) + X(1) <=> CX(26) + HX(19) -0.000 0.000
11 CX(26) + H2(6) <=> CH2X(27) -0.000 0.000
12 CH3X(21) + CX(26) <=> CH2X(27) + CHX(28) -0.000 0.000
13 CH2X(27) + CX(26) <=> 2 CHX(28) -0.000 0.000
14 H2(6) + X(1) <=> H2X(49) -0.000 0.000
15 CH4(2) + OX(20) + X(1) <=> CH3X(21) + HOX(22) -0.018 -0.227
16 HX(19) + OX(20) <=> HOX(22) + X(1) 0.953 0.949
17 H2O(5) + 2 X(1) <=> HOX(22) + HX(19) 0.010 0.014
18 CH3OH(14) + 2 X(1) <=> CH3X(21) + HOX(22) 0.000 0.000
19 OH(17) + X(1) <=> HOX(22) -0.001 -0.006
20 CH2X(27) + HOX(22) <=> CH3X(21) + OX(20) 0.002 0.002
21 CHX(28) + HOX(22) <=> CH2X(27) + OX(20) 0.000 0.000
22 CX(26) + HOX(22) <=> CHX(28) + OX(20) -0.000 0.000
23 CH4(2) + HOX(22) + X(1) <=> CH3X(21) + H2OX(23) -0.023 -0.128
24 H2O(5) + X(1) <=> H2OX(23) -0.000 0.000
25 H2OX(23) + OX(20) <=> 2 HOX(22) -0.244 -0.192
26 HOX(22) + HX(19) <=> H2OX(23) + X(1) -0.000 0.000
27 CO(7) + X(1) <=> OCX(25) -0.000 -0.000
28 CX(26) + OX(20) <=> OCX(25) + X(1) -0.000 -0.000
29 CO(7) + X(1) <=> COX(50) -0.000 0.000
30 CH3OH(14) + X(1) <=> CH4OX(60) -0.000 0.000
31 CH2O(9) + 2 X(1) <=> CHOX(53) + HX(19) -0.000 0.000
32 HCO(15) + X(1) <=> CHOX(53) -0.000 0.000
33 CH3CHO(16) + 2 X(1) <=> CH3X(21) + CHOX(53) -0.000 0.000
34 CHOX(53) + X(1) <=> HX(19) + OCX(25) -0.000 0.000
35 CH2X(27) + CHOX(53) <=> CH3X(21) + OCX(25) -0.000 0.000
36 CHOX(53) + CHX(28) <=> CH2X(27) + OCX(25) -0.000 0.000
37 CHOX(53) + CX(26) <=> CHX(28) + OCX(25) -0.000 0.000
38 CHOX(53) + OX(20) <=> HOX(22) + OCX(25) -0.000 0.000
39 C2H4(47) + X(1) <=> C2H4X(209) -0.000 0.000
40 C2H4(18) + X(1) <=> C2H4X(65) -0.000 0.000
41 CO2(4) + X(1) <=> CO2X(24) -0.000 0.000
42 OCX(25) + OX(20) <=> CO2X(24) + X(1) -0.000 0.000
43 CO2X(24) + HX(19) <=> HOX(22) + OCX(25) 0.504 0.504
Finished sensitivity simulation for a C/O ratio of 1.4
Finished translating for C/O ratio of 1.4
Starting sensitivity simulation for a C/O ratio of 2.2
0 CH4(2) + X(1) <=> CH4X(48) 0.000 -0.000
1 O2(3) + 2 X(1) <=> 2 OX(20) 0.000 0.000
2 H2(6) + 2 X(1) <=> 2 HX(19) -0.000 -0.000
3 H(12) + X(1) <=> HX(19) 0.000 -0.000
4 CH4(2) + 2 X(1) <=> CH3X(21) + HX(19) -0.367 -1.116
5 C2H6(8) + 2 X(1) <=> 2 CH3X(21) 0.000 0.000
6 CH3(10) + X(1) <=> CH3X(21) 0.000 0.000
7 CH2X(27) + HX(19) <=> CH3X(21) + X(1) -0.002 -0.002
8 CHX(28) + HX(19) <=> CH2X(27) + X(1) 0.000 -0.000
9 2 CH2X(27) <=> CH3X(21) + CHX(28) 0.000 -0.000
10 CHX(28) + X(1) <=> CX(26) + HX(19) 0.000 -0.000
11 CX(26) + H2(6) <=> CH2X(27) 0.000 -0.000
12 CH3X(21) + CX(26) <=> CH2X(27) + CHX(28) 0.000 -0.000
13 CH2X(27) + CX(26) <=> 2 CHX(28) 0.000 -0.000
14 H2(6) + X(1) <=> H2X(49) 0.000 -0.000
15 CH4(2) + OX(20) + X(1) <=> CH3X(21) + HOX(22) -0.046 -0.238
16 HX(19) + OX(20) <=> HOX(22) + X(1) 1.200 1.194
17 H2O(5) + 2 X(1) <=> HOX(22) + HX(19) 0.028 0.033
18 CH3OH(14) + 2 X(1) <=> CH3X(21) + HOX(22) 0.000 0.000
19 OH(17) + X(1) <=> HOX(22) -0.002 -0.005
20 CH2X(27) + HOX(22) <=> CH3X(21) + OX(20) 0.002 0.002
21 CHX(28) + HOX(22) <=> CH2X(27) + OX(20) 0.000 0.000
22 CX(26) + HOX(22) <=> CHX(28) + OX(20) 0.000 -0.000
23 CH4(2) + HOX(22) + X(1) <=> CH3X(21) + H2OX(23) -0.041 -0.159
24 H2O(5) + X(1) <=> H2OX(23) 0.000 -0.000
25 H2OX(23) + OX(20) <=> 2 HOX(22) -0.177 -0.119
26 HOX(22) + HX(19) <=> H2OX(23) + X(1) 0.000 -0.000
27 CO(7) + X(1) <=> OCX(25) 0.000 -0.000
28 CX(26) + OX(20) <=> OCX(25) + X(1) -0.000 -0.000
29 CO(7) + X(1) <=> COX(50) 0.000 -0.000
30 CH3OH(14) + X(1) <=> CH4OX(60) 0.000 -0.000
31 CH2O(9) + 2 X(1) <=> CHOX(53) + HX(19) 0.000 -0.000
32 HCO(15) + X(1) <=> CHOX(53) 0.000 -0.000
33 CH3CHO(16) + 2 X(1) <=> CH3X(21) + CHOX(53) 0.000 -0.000
34 CHOX(53) + X(1) <=> HX(19) + OCX(25) 0.000 -0.000
35 CH2X(27) + CHOX(53) <=> CH3X(21) + OCX(25) 0.000 -0.000
36 CHOX(53) + CHX(28) <=> CH2X(27) + OCX(25) 0.000 -0.000
37 CHOX(53) + CX(26) <=> CHX(28) + OCX(25) 0.000 -0.000
38 CHOX(53) + OX(20) <=> HOX(22) + OCX(25) 0.000 -0.000
39 C2H4(47) + X(1) <=> C2H4X(209) 0.000 -0.000
40 C2H4(18) + X(1) <=> C2H4X(65) 0.000 -0.000
41 CO2(4) + X(1) <=> CO2X(24) 0.000 -0.000
42 OCX(25) + OX(20) <=> CO2X(24) + X(1) 0.000 -0.000
43 CO2X(24) + HX(19) <=> HOX(22) + OCX(25) 0.371 0.371
Finished sensitivity simulation for a C/O ratio of 2.2
Finished translating for C/O ratio of 2.2
Starting sensitivity simulation for a C/O ratio of 0.6
0 CH4(2) + X(1) <=> CH4X(48) -0.000 -0.000
1 O2(3) + 2 X(1) <=> 2 OX(20) -0.000 -0.000
2 H2(6) + 2 X(1) <=> 2 HX(19) -0.000 -0.000
3 H(12) + X(1) <=> HX(19) 0.000 -0.000
4 CH4(2) + 2 X(1) <=> CH3X(21) + HX(19) 0.076 -0.650
5 C2H6(8) + 2 X(1) <=> 2 CH3X(21) 0.000 0.000
6 CH3(10) + X(1) <=> CH3X(21) 0.000 0.000
7 CH2X(27) + HX(19) <=> CH3X(21) + X(1) -0.001 -0.001
8 CHX(28) + HX(19) <=> CH2X(27) + X(1) -0.000 -0.000
9 2 CH2X(27) <=> CH3X(21) + CHX(28) -0.000 -0.000
10 CHX(28) + X(1) <=> CX(26) + HX(19) 0.000 0.000
11 CX(26) + H2(6) <=> CH2X(27) -0.000 0.000
12 CH3X(21) + CX(26) <=> CH2X(27) + CHX(28) -0.000 -0.000
13 CH2X(27) + CX(26) <=> 2 CHX(28) -0.000 -0.000
14 H2(6) + X(1) <=> H2X(49) -0.000 -0.000
15 CH4(2) + OX(20) + X(1) <=> CH3X(21) + HOX(22) 0.048 -0.184
16 HX(19) + OX(20) <=> HOX(22) + X(1) 0.482 0.480
17 H2O(5) + 2 X(1) <=> HOX(22) + HX(19) -0.009 -0.007
18 CH3OH(14) + 2 X(1) <=> CH3X(21) + HOX(22) 0.000 0.000
19 OH(17) + X(1) <=> HOX(22) -0.000 -0.006
20 CH2X(27) + HOX(22) <=> CH3X(21) + OX(20) 0.001 0.001
21 CHX(28) + HOX(22) <=> CH2X(27) + OX(20) 0.000 0.000
22 CX(26) + HOX(22) <=> CHX(28) + OX(20) -0.000 -0.000
23 CH4(2) + HOX(22) + X(1) <=> CH3X(21) + H2OX(23) 0.001 -0.077
24 H2O(5) + X(1) <=> H2OX(23) -0.000 0.000
25 H2OX(23) + OX(20) <=> 2 HOX(22) -0.372 -0.332
26 HOX(22) + HX(19) <=> H2OX(23) + X(1) -0.000 -0.000
27 CO(7) + X(1) <=> OCX(25) -0.000 -0.000
28 CX(26) + OX(20) <=> OCX(25) + X(1) -0.000 -0.000
29 CO(7) + X(1) <=> COX(50) 0.000 -0.000
30 CH3OH(14) + X(1) <=> CH4OX(60) -0.000 0.000
31 CH2O(9) + 2 X(1) <=> CHOX(53) + HX(19) -0.000 -0.000
32 HCO(15) + X(1) <=> CHOX(53) -0.000 -0.000
33 CH3CHO(16) + 2 X(1) <=> CH3X(21) + CHOX(53) -0.000 0.000
34 CHOX(53) + X(1) <=> HX(19) + OCX(25) -0.000 0.000
35 CH2X(27) + CHOX(53) <=> CH3X(21) + OCX(25) -0.000 -0.000
36 CHOX(53) + CHX(28) <=> CH2X(27) + OCX(25) 0.000 -0.000
37 CHOX(53) + CX(26) <=> CHX(28) + OCX(25) -0.000 0.000
38 CHOX(53) + OX(20) <=> HOX(22) + OCX(25) 0.000 0.000
39 C2H4(47) + X(1) <=> C2H4X(209) 0.000 0.000
40 C2H4(18) + X(1) <=> C2H4X(65) -0.000 -0.000
41 CO2(4) + X(1) <=> CO2X(24) -0.000 -0.000
42 OCX(25) + OX(20) <=> CO2X(24) + X(1) -0.000 -0.000
43 CO2X(24) + HX(19) <=> HOX(22) + OCX(25) 0.751 0.751
Finished sensitivity simulation for a C/O ratio of 0.6
Finished translating for C/O ratio of 0.6
Starting sensitivity simulation for a C/O ratio of 1.2
0 CH4(2) + X(1) <=> CH4X(48) 0.000 0.000
1 O2(3) + 2 X(1) <=> 2 OX(20) 0.000 0.000
2 H2(6) + 2 X(1) <=> 2 HX(19) -0.000 -0.000
3 H(12) + X(1) <=> HX(19) 0.000 -0.000
4 CH4(2) + 2 X(1) <=> CH3X(21) + HX(19) -0.156 -0.891
5 C2H6(8) + 2 X(1) <=> 2 CH3X(21) 0.000 0.000
6 CH3(10) + X(1) <=> CH3X(21) 0.000 0.000
7 CH2X(27) + HX(19) <=> CH3X(21) + X(1) -0.002 -0.002
8 CHX(28) + HX(19) <=> CH2X(27) + X(1) -0.000 -0.000
9 2 CH2X(27) <=> CH3X(21) + CHX(28) 0.000 -0.000
10 CHX(28) + X(1) <=> CX(26) + HX(19) 0.000 -0.000
11 CX(26) + H2(6) <=> CH2X(27) 0.000 -0.000
12 CH3X(21) + CX(26) <=> CH2X(27) + CHX(28) 0.000 -0.000
13 CH2X(27) + CX(26) <=> 2 CHX(28) 0.000 -0.000
14 H2(6) + X(1) <=> H2X(49) 0.000 -0.000
15 CH4(2) + OX(20) + X(1) <=> CH3X(21) + HOX(22) -0.006 -0.220
16 HX(19) + OX(20) <=> HOX(22) + X(1) 0.863 0.860
17 H2O(5) + 2 X(1) <=> HOX(22) + HX(19) 0.005 0.009
18 CH3OH(14) + 2 X(1) <=> CH3X(21) + HOX(22) 0.000 0.000
19 OH(17) + X(1) <=> HOX(22) -0.001 -0.006
20 CH2X(27) + HOX(22) <=> CH3X(21) + OX(20) 0.001 0.001
21 CHX(28) + HOX(22) <=> CH2X(27) + OX(20) 0.000 0.000
22 CX(26) + HOX(22) <=> CHX(28) + OX(20) 0.000 -0.000
23 CH4(2) + HOX(22) + X(1) <=> CH3X(21) + H2OX(23) -0.018 -0.117
24 H2O(5) + X(1) <=> H2OX(23) 0.000 -0.000
25 H2OX(23) + OX(20) <=> 2 HOX(22) -0.269 -0.219
26 HOX(22) + HX(19) <=> H2OX(23) + X(1) 0.000 -0.000
27 CO(7) + X(1) <=> OCX(25) -0.000 -0.000
28 CX(26) + OX(20) <=> OCX(25) + X(1) -0.000 -0.000
29 CO(7) + X(1) <=> COX(50) 0.000 -0.000
30 CH3OH(14) + X(1) <=> CH4OX(60) 0.000 -0.000
31 CH2O(9) + 2 X(1) <=> CHOX(53) + HX(19) 0.000 -0.000
32 HCO(15) + X(1) <=> CHOX(53) 0.000 -0.000
33 CH3CHO(16) + 2 X(1) <=> CH3X(21) + CHOX(53) 0.000 -0.000
34 CHOX(53) + X(1) <=> HX(19) + OCX(25) 0.000 0.000
35 CH2X(27) + CHOX(53) <=> CH3X(21) + OCX(25) 0.000 -0.000
36 CHOX(53) + CHX(28) <=> CH2X(27) + OCX(25) 0.000 -0.000
37 CHOX(53) + CX(26) <=> CHX(28) + OCX(25) 0.000 -0.000
38 CHOX(53) + OX(20) <=> HOX(22) + OCX(25) 0.000 -0.000
39 C2H4(47) + X(1) <=> C2H4X(209) 0.000 -0.000
40 C2H4(18) + X(1) <=> C2H4X(65) 0.000 -0.000
41 CO2(4) + X(1) <=> CO2X(24) 0.000 -0.000
42 OCX(25) + OX(20) <=> CO2X(24) + X(1) 0.000 -0.000
43 CO2X(24) + HX(19) <=> HOX(22) + OCX(25) 0.552 0.552
Finished sensitivity simulation for a C/O ratio of 1.2
Finished translating for C/O ratio of 1.2
Starting sensitivity simulation for a C/O ratio of 2.6
0 CH4(2) + X(1) <=> CH4X(48) -0.000 0.000
1 O2(3) + 2 X(1) <=> 2 OX(20) 0.000 0.000
2 H2(6) + 2 X(1) <=> 2 HX(19) -0.000 -0.000
3 H(12) + X(1) <=> HX(19) -0.000 0.000
4 CH4(2) + 2 X(1) <=> CH3X(21) + HX(19) -0.419 -1.173
5 C2H6(8) + 2 X(1) <=> 2 CH3X(21) 0.000 0.000
6 CH3(10) + X(1) <=> CH3X(21) 0.000 0.000
7 CH2X(27) + HX(19) <=> CH3X(21) + X(1) -0.002 -0.002
8 CHX(28) + HX(19) <=> CH2X(27) + X(1) -0.000 -0.000
9 2 CH2X(27) <=> CH3X(21) + CHX(28) -0.000 0.000
10 CHX(28) + X(1) <=> CX(26) + HX(19) -0.000 0.000
11 CX(26) + H2(6) <=> CH2X(27) -0.000 0.000
12 CH3X(21) + CX(26) <=> CH2X(27) + CHX(28) -0.000 -0.000
13 CH2X(27) + CX(26) <=> 2 CHX(28) -0.000 0.000
14 H2(6) + X(1) <=> H2X(49) -0.000 0.000
15 CH4(2) + OX(20) + X(1) <=> CH3X(21) + HOX(22) -0.053 -0.239
16 HX(19) + OX(20) <=> HOX(22) + X(1) 1.279 1.273
17 H2O(5) + 2 X(1) <=> HOX(22) + HX(19) 0.035 0.042
18 CH3OH(14) + 2 X(1) <=> CH3X(21) + HOX(22) 0.000 0.000
19 OH(17) + X(1) <=> HOX(22) -0.002 -0.005
20 CH2X(27) + HOX(22) <=> CH3X(21) + OX(20) 0.002 0.002
21 CHX(28) + HOX(22) <=> CH2X(27) + OX(20) 0.000 0.000
22 CX(26) + HOX(22) <=> CHX(28) + OX(20) -0.000 0.000
23 CH4(2) + HOX(22) + X(1) <=> CH3X(21) + H2OX(23) -0.048 -0.171
24 H2O(5) + X(1) <=> H2OX(23) -0.000 0.000
25 H2OX(23) + OX(20) <=> 2 HOX(22) -0.156 -0.096
26 HOX(22) + HX(19) <=> H2OX(23) + X(1) -0.000 0.000
27 CO(7) + X(1) <=> OCX(25) -0.000 -0.000
28 CX(26) + OX(20) <=> OCX(25) + X(1) -0.000 -0.000
29 CO(7) + X(1) <=> COX(50) -0.000 -0.000
30 CH3OH(14) + X(1) <=> CH4OX(60) -0.000 0.000
31 CH2O(9) + 2 X(1) <=> CHOX(53) + HX(19) -0.000 0.000
32 HCO(15) + X(1) <=> CHOX(53) -0.000 -0.000
33 CH3CHO(16) + 2 X(1) <=> CH3X(21) + CHOX(53) -0.000 0.000
34 CHOX(53) + X(1) <=> HX(19) + OCX(25) -0.000 0.000
35 CH2X(27) + CHOX(53) <=> CH3X(21) + OCX(25) -0.000 0.000
36 CHOX(53) + CHX(28) <=> CH2X(27) + OCX(25) -0.000 0.000
37 CHOX(53) + CX(26) <=> CHX(28) + OCX(25) -0.000 0.000
38 CHOX(53) + OX(20) <=> HOX(22) + OCX(25) -0.000 0.000
39 C2H4(47) + X(1) <=> C2H4X(209) -0.000 0.000
40 C2H4(18) + X(1) <=> C2H4X(65) -0.000 0.000
41 CO2(4) + X(1) <=> CO2X(24) -0.000 -0.000
42 OCX(25) + OX(20) <=> CO2X(24) + X(1) -0.000 0.000
43 CO2X(24) + HX(19) <=> HOX(22) + OCX(25) 0.328 0.328
Finished sensitivity simulation for a C/O ratio of 2.6
Finished translating for C/O ratio of 2.6
Starting sensitivity simulation for a C/O ratio of 2.4
0 CH4(2) + X(1) <=> CH4X(48) 0.000 -0.000
1 O2(3) + 2 X(1) <=> 2 OX(20) 0.000 0.000
2 H2(6) + 2 X(1) <=> 2 HX(19) -0.000 -0.000
3 H(12) + X(1) <=> HX(19) 0.000 0.000
4 CH4(2) + 2 X(1) <=> CH3X(21) + HX(19) -0.394 -1.146
5 C2H6(8) + 2 X(1) <=> 2 CH3X(21) 0.000 0.000
6 CH3(10) + X(1) <=> CH3X(21) 0.000 0.000
7 CH2X(27) + HX(19) <=> CH3X(21) + X(1) -0.002 -0.002
8 CHX(28) + HX(19) <=> CH2X(27) + X(1) -0.000 -0.000
9 2 CH2X(27) <=> CH3X(21) + CHX(28) 0.000 -0.000
10 CHX(28) + X(1) <=> CX(26) + HX(19) 0.000 0.000
11 CX(26) + H2(6) <=> CH2X(27) 0.000 0.000
12 CH3X(21) + CX(26) <=> CH2X(27) + CHX(28) 0.000 -0.000
13 CH2X(27) + CX(26) <=> 2 CHX(28) 0.000 -0.000
14 H2(6) + X(1) <=> H2X(49) 0.000 -0.000
15 CH4(2) + OX(20) + X(1) <=> CH3X(21) + HOX(22) -0.050 -0.239
16 HX(19) + OX(20) <=> HOX(22) + X(1) 1.242 1.236
17 H2O(5) + 2 X(1) <=> HOX(22) + HX(19) 0.032 0.038
18 CH3OH(14) + 2 X(1) <=> CH3X(21) + HOX(22) 0.000 0.000
19 OH(17) + X(1) <=> HOX(22) -0.002 -0.005
20 CH2X(27) + HOX(22) <=> CH3X(21) + OX(20) 0.002 0.002
21 CHX(28) + HOX(22) <=> CH2X(27) + OX(20) 0.000 0.000
22 CX(26) + HOX(22) <=> CHX(28) + OX(20) 0.000 -0.000
23 CH4(2) + HOX(22) + X(1) <=> CH3X(21) + H2OX(23) -0.044 -0.165
24 H2O(5) + X(1) <=> H2OX(23) 0.000 -0.000
25 H2OX(23) + OX(20) <=> 2 HOX(22) -0.166 -0.107
26 HOX(22) + HX(19) <=> H2OX(23) + X(1) 0.000 0.000
27 CO(7) + X(1) <=> OCX(25) -0.000 -0.000
28 CX(26) + OX(20) <=> OCX(25) + X(1) -0.000 -0.000
29 CO(7) + X(1) <=> COX(50) 0.000 -0.000
30 CH3OH(14) + X(1) <=> CH4OX(60) 0.000 -0.000
31 CH2O(9) + 2 X(1) <=> CHOX(53) + HX(19) 0.000 -0.000
32 HCO(15) + X(1) <=> CHOX(53) 0.000 -0.000
33 CH3CHO(16) + 2 X(1) <=> CH3X(21) + CHOX(53) 0.000 -0.000
34 CHOX(53) + X(1) <=> HX(19) + OCX(25) 0.000 -0.000
35 CH2X(27) + CHOX(53) <=> CH3X(21) + OCX(25) 0.000 -0.000
36 CHOX(53) + CHX(28) <=> CH2X(27) + OCX(25) 0.000 0.000
37 CHOX(53) + CX(26) <=> CHX(28) + OCX(25) 0.000 0.000
38 CHOX(53) + OX(20) <=> HOX(22) + OCX(25) 0.000 0.000
39 C2H4(47) + X(1) <=> C2H4X(209) 0.000 -0.000
40 C2H4(18) + X(1) <=> C2H4X(65) 0.000 -0.000
41 CO2(4) + X(1) <=> CO2X(24) 0.000 -0.000
42 OCX(25) + OX(20) <=> CO2X(24) + X(1) 0.000 -0.000
43 CO2X(24) + HX(19) <=> HOX(22) + OCX(25) 0.348 0.348
Finished sensitivity simulation for a C/O ratio of 2.4
Finished translating for C/O ratio of 2.4
Starting sensitivity simulation for a C/O ratio of 1.1
0 CH4(2) + X(1) <=> CH4X(48) -0.000 -0.000
1 O2(3) + 2 X(1) <=> 2 OX(20) 0.000 0.000
2 H2(6) + 2 X(1) <=> 2 HX(19) -0.000 -0.000
3 H(12) + X(1) <=> HX(19) 0.000 0.000
4 CH4(2) + 2 X(1) <=> CH3X(21) + HX(19) -0.124 -0.858
5 C2H6(8) + 2 X(1) <=> 2 CH3X(21) 0.000 0.000
6 CH3(10) + X(1) <=> CH3X(21) 0.000 0.000
7 CH2X(27) + HX(19) <=> CH3X(21) + X(1) -0.001 -0.001
8 CHX(28) + HX(19) <=> CH2X(27) + X(1) -0.000 -0.000
9 2 CH2X(27) <=> CH3X(21) + CHX(28) 0.000 0.000
10 CHX(28) + X(1) <=> CX(26) + HX(19) -0.000 -0.000
11 CX(26) + H2(6) <=> CH2X(27) 0.000 0.000
12 CH3X(21) + CX(26) <=> CH2X(27) + CHX(28) -0.000 -0.000
13 CH2X(27) + CX(26) <=> 2 CHX(28) 0.000 -0.000
14 H2(6) + X(1) <=> H2X(49) 0.000 0.000
15 CH4(2) + OX(20) + X(1) <=> CH3X(21) + HOX(22) 0.001 -0.216
16 HX(19) + OX(20) <=> HOX(22) + X(1) 0.812 0.809
17 H2O(5) + 2 X(1) <=> HOX(22) + HX(19) 0.003 0.006
18 CH3OH(14) + 2 X(1) <=> CH3X(21) + HOX(22) 0.000 0.000
19 OH(17) + X(1) <=> HOX(22) -0.001 -0.006
20 CH2X(27) + HOX(22) <=> CH3X(21) + OX(20) 0.001 0.001
21 CHX(28) + HOX(22) <=> CH2X(27) + OX(20) 0.000 0.000
22 CX(26) + HOX(22) <=> CHX(28) + OX(20) -0.000 -0.000
23 CH4(2) + HOX(22) + X(1) <=> CH3X(21) + H2OX(23) -0.015 -0.112
24 H2O(5) + X(1) <=> H2OX(23) -0.000 0.000
25 H2OX(23) + OX(20) <=> 2 HOX(22) -0.283 -0.234
26 HOX(22) + HX(19) <=> H2OX(23) + X(1) 0.000 0.000
27 CO(7) + X(1) <=> OCX(25) -0.000 -0.000
28 CX(26) + OX(20) <=> OCX(25) + X(1) -0.000 -0.000
29 CO(7) + X(1) <=> COX(50) -0.000 0.000
30 CH3OH(14) + X(1) <=> CH4OX(60) -0.000 0.000
31 CH2O(9) + 2 X(1) <=> CHOX(53) + HX(19) -0.000 0.000
32 HCO(15) + X(1) <=> CHOX(53) -0.000 0.000
33 CH3CHO(16) + 2 X(1) <=> CH3X(21) + CHOX(53) -0.000 0.000
34 CHOX(53) + X(1) <=> HX(19) + OCX(25) 0.000 0.000
35 CH2X(27) + CHOX(53) <=> CH3X(21) + OCX(25) 0.000 -0.000
36 CHOX(53) + CHX(28) <=> CH2X(27) + OCX(25) 0.000 -0.000
37 CHOX(53) + CX(26) <=> CHX(28) + OCX(25) 0.000 0.000
38 CHOX(53) + OX(20) <=> HOX(22) + OCX(25) 0.000 0.000
39 C2H4(47) + X(1) <=> C2H4X(209) 0.000 0.000
40 C2H4(18) + X(1) <=> C2H4X(65) 0.000 -0.000
41 CO2(4) + X(1) <=> CO2X(24) -0.000 0.000
42 OCX(25) + OX(20) <=> CO2X(24) + X(1) -0.000 0.000
43 CO2X(24) + HX(19) <=> HOX(22) + OCX(25) 0.579 0.579
Finished sensitivity simulation for a C/O ratio of 1.1
Finished translating for C/O ratio of 1.1
Starting sensitivity simulation for a C/O ratio of 1.3
0 CH4(2) + X(1) <=> CH4X(48) 0.000 -0.000
1 O2(3) + 2 X(1) <=> 2 OX(20) 0.000 0.000
2 H2(6) + 2 X(1) <=> 2 HX(19) -0.000 -0.000
3 H(12) + X(1) <=> HX(19) 0.000 -0.000
4 CH4(2) + 2 X(1) <=> CH3X(21) + HX(19) -0.185 -0.922
5 C2H6(8) + 2 X(1) <=> 2 CH3X(21) 0.000 0.000
6 CH3(10) + X(1) <=> CH3X(21) 0.000 0.000
7 CH2X(27) + HX(19) <=> CH3X(21) + X(1) -0.002 -0.002
8 CHX(28) + HX(19) <=> CH2X(27) + X(1) -0.000 -0.000
9 2 CH2X(27) <=> CH3X(21) + CHX(28) -0.000 -0.000
10 CHX(28) + X(1) <=> CX(26) + HX(19) 0.000 0.000
11 CX(26) + H2(6) <=> CH2X(27) -0.000 -0.000
12 CH3X(21) + CX(26) <=> CH2X(27) + CHX(28) 0.000 -0.000
13 CH2X(27) + CX(26) <=> 2 CHX(28) 0.000 -0.000
14 H2(6) + X(1) <=> H2X(49) 0.000 -0.000
15 CH4(2) + OX(20) + X(1) <=> CH3X(21) + HOX(22) -0.012 -0.224
16 HX(19) + OX(20) <=> HOX(22) + X(1) 0.910 0.906
17 H2O(5) + 2 X(1) <=> HOX(22) + HX(19) 0.008 0.011
18 CH3OH(14) + 2 X(1) <=> CH3X(21) + HOX(22) 0.000 0.000
19 OH(17) + X(1) <=> HOX(22) -0.001 -0.006
20 CH2X(27) + HOX(22) <=> CH3X(21) + OX(20) 0.002 0.002
21 CHX(28) + HOX(22) <=> CH2X(27) + OX(20) 0.000 0.000
22 CX(26) + HOX(22) <=> CHX(28) + OX(20) 0.000 -0.000
23 CH4(2) + HOX(22) + X(1) <=> CH3X(21) + H2OX(23) -0.021 -0.123
24 H2O(5) + X(1) <=> H2OX(23) 0.000 0.000
25 H2OX(23) + OX(20) <=> 2 HOX(22) -0.256 -0.205
26 HOX(22) + HX(19) <=> H2OX(23) + X(1) 0.000 0.000
27 CO(7) + X(1) <=> OCX(25) -0.000 -0.000
28 CX(26) + OX(20) <=> OCX(25) + X(1) -0.000 -0.000
29 CO(7) + X(1) <=> COX(50) 0.000 -0.000
30 CH3OH(14) + X(1) <=> CH4OX(60) 0.000 -0.000
31 CH2O(9) + 2 X(1) <=> CHOX(53) + HX(19) 0.000 -0.000
32 HCO(15) + X(1) <=> CHOX(53) 0.000 -0.000
33 CH3CHO(16) + 2 X(1) <=> CH3X(21) + CHOX(53) -0.000 -0.000
34 CHOX(53) + X(1) <=> HX(19) + OCX(25) 0.000 -0.000
35 CH2X(27) + CHOX(53) <=> CH3X(21) + OCX(25) 0.000 -0.000
36 CHOX(53) + CHX(28) <=> CH2X(27) + OCX(25) 0.000 0.000
37 CHOX(53) + CX(26) <=> CHX(28) + OCX(25) 0.000 -0.000
38 CHOX(53) + OX(20) <=> HOX(22) + OCX(25) 0.000 0.000
39 C2H4(47) + X(1) <=> C2H4X(209) 0.000 0.000
40 C2H4(18) + X(1) <=> C2H4X(65) 0.000 -0.000
41 CO2(4) + X(1) <=> CO2X(24) 0.000 0.000
42 OCX(25) + OX(20) <=> CO2X(24) + X(1) 0.000 0.000
43 CO2X(24) + HX(19) <=> HOX(22) + OCX(25) 0.527 0.527
Finished sensitivity simulation for a C/O ratio of 1.3
Finished translating for C/O ratio of 1.3
Starting sensitivity simulation for a C/O ratio of 1.6
0 CH4(2) + X(1) <=> CH4X(48) 0.000 -0.000
1 O2(3) + 2 X(1) <=> 2 OX(20) 0.000 0.000
2 H2(6) + 2 X(1) <=> 2 HX(19) -0.000 -0.000
3 H(12) + X(1) <=> HX(19) 0.000 -0.000
4 CH4(2) + 2 X(1) <=> CH3X(21) + HX(19) -0.259 -1.001
5 C2H6(8) + 2 X(1) <=> 2 CH3X(21) 0.000 0.000
6 CH3(10) + X(1) <=> CH3X(21) 0.000 0.000
7 CH2X(27) + HX(19) <=> CH3X(21) + X(1) -0.002 -0.002
8 CHX(28) + HX(19) <=> CH2X(27) + X(1) -0.000 -0.000
9 2 CH2X(27) <=> CH3X(21) + CHX(28) 0.000 -0.000
10 CHX(28) + X(1) <=> CX(26) + HX(19) 0.000 0.000
11 CX(26) + H2(6) <=> CH2X(27) 0.000 -0.000
12 CH3X(21) + CX(26) <=> CH2X(27) + CHX(28) 0.000 -0.000
13 CH2X(27) + CX(26) <=> 2 CHX(28) 0.000 -0.000
14 H2(6) + X(1) <=> H2X(49) 0.000 -0.000
15 CH4(2) + OX(20) + X(1) <=> CH3X(21) + HOX(22) -0.027 -0.232
16 HX(19) + OX(20) <=> HOX(22) + X(1) 1.030 1.025
17 H2O(5) + 2 X(1) <=> HOX(22) + HX(19) 0.015 0.019
18 CH3OH(14) + 2 X(1) <=> CH3X(21) + HOX(22) 0.000 0.000
19 OH(17) + X(1) <=> HOX(22) -0.001 -0.005
20 CH2X(27) + HOX(22) <=> CH3X(21) + OX(20) 0.002 0.002
21 CHX(28) + HOX(22) <=> CH2X(27) + OX(20) 0.000 0.000
22 CX(26) + HOX(22) <=> CHX(28) + OX(20) 0.000 -0.000
23 CH4(2) + HOX(22) + X(1) <=> CH3X(21) + H2OX(23) -0.028 -0.137
24 H2O(5) + X(1) <=> H2OX(23) 0.000 -0.000
25 H2OX(23) + OX(20) <=> 2 HOX(22) -0.224 -0.170
26 HOX(22) + HX(19) <=> H2OX(23) + X(1) 0.000 -0.000
27 CO(7) + X(1) <=> OCX(25) -0.000 -0.000
28 CX(26) + OX(20) <=> OCX(25) + X(1) -0.000 -0.000
29 CO(7) + X(1) <=> COX(50) 0.000 -0.000
30 CH3OH(14) + X(1) <=> CH4OX(60) 0.000 -0.000
31 CH2O(9) + 2 X(1) <=> CHOX(53) + HX(19) 0.000 -0.000
32 HCO(15) + X(1) <=> CHOX(53) 0.000 -0.000
33 CH3CHO(16) + 2 X(1) <=> CH3X(21) + CHOX(53) 0.000 -0.000
34 CHOX(53) + X(1) <=> HX(19) + OCX(25) 0.000 -0.000
35 CH2X(27) + CHOX(53) <=> CH3X(21) + OCX(25) 0.000 -0.000
36 CHOX(53) + CHX(28) <=> CH2X(27) + OCX(25) 0.000 -0.000
37 CHOX(53) + CX(26) <=> CHX(28) + OCX(25) 0.000 -0.000
38 CHOX(53) + OX(20) <=> HOX(22) + OCX(25) 0.000 -0.000
39 C2H4(47) + X(1) <=> C2H4X(209) 0.000 -0.000
40 C2H4(18) + X(1) <=> C2H4X(65) 0.000 -0.000
41 CO2(4) + X(1) <=> CO2X(24) 0.000 -0.000
42 OCX(25) + OX(20) <=> CO2X(24) + X(1) 0.000 -0.000
43 CO2X(24) + HX(19) <=> HOX(22) + OCX(25) 0.463 0.463
Finished sensitivity simulation for a C/O ratio of 1.6
Finished translating for C/O ratio of 1.6
