This mechanism contains 38 gas reactions and 41 surface reactions
Finished simulation at a C/O ratio of 0.7
Finished simulation at a C/O ratio of 2.6
Finished simulation at a C/O ratio of 2.4
Finished simulation at a C/O ratio of 2.0
Finished simulation at a C/O ratio of 0.6
Finished simulation at a C/O ratio of 1.3
Finished simulation at a C/O ratio of 1.2
Finished simulation at a C/O ratio of 1.1
Finished simulation at a C/O ratio of 1.6
Finished simulation at a C/O ratio of 1.8
Finished simulation at a C/O ratio of 1.4
Finished simulation at a C/O ratio of 2.2
Finished simulation at a C/O ratio of 0.9
Finished simulation at a C/O ratio of 1.0
Finished simulation at a C/O ratio of 0.8
Starting sensitivity simulation for a C/O ratio of 2.4
0 CH4(2) + X(1) <=> CH4X(48) -0.019 -0.011
1 O2(3) + 2 X(1) <=> 2 OX(20) 0.018 0.017
2 H2(6) + 2 X(1) <=> 2 HX(19) -0.000 -0.000
3 H(12) + X(1) <=> HX(19) -0.040 -0.031
4 HX(19) + OX(20) <=> HOX(22) + X(1) -0.020 -0.012
5 H2O(5) + 2 X(1) <=> HOX(22) + HX(19) -0.011 -0.009
6 OH(17) + X(1) <=> HOX(22) -0.020 -0.012
7 CH4(2) + 2 X(1) <=> CH3X(21) + HX(19) -0.075 -0.062
8 CH4(2) + OX(20) + X(1) <=> CH3X(21) + HOX(22) -0.134 -0.129
9 C2H6(8) + 2 X(1) <=> 2 CH3X(21) -0.009 -0.019
10 CH3(10) + X(1) <=> CH3X(21) -0.023 -0.013
11 CH3OH(14) + 2 X(1) <=> CH3X(21) + HOX(22) -0.023 -0.014
12 CH4(2) + HOX(22) + X(1) <=> CH3X(21) + H2OX(23) -0.019 -0.011
13 H2O(5) + X(1) <=> H2OX(23) -0.000 -0.000
14 H2OX(23) + OX(20) <=> 2 HOX(22) -0.034 -0.023
15 HOX(22) + HX(19) <=> H2OX(23) + X(1) -0.000 -0.000
16 CH2X(27) + HX(19) <=> CH3X(21) + X(1) -0.016 -0.022
17 CH2X(27) + HOX(22) <=> CH3X(21) + OX(20) -0.027 -0.017
18 CHX(28) + HX(19) <=> CH2X(27) + X(1) -0.019 -0.011
19 CHX(28) + HOX(22) <=> CH2X(27) + OX(20) -0.000 -0.000
20 2 CH2X(27) <=> CH3X(21) + CHX(28) -0.019 -0.011
21 CHX(28) + X(1) <=> CX(26) + HX(19) 0.000 -0.000
22 CX(26) + H2(6) <=> CH2X(27) -0.019 -0.011
23 CX(26) + HOX(22) <=> CHX(28) + OX(20) 0.000 -0.000
24 CH3X(21) + CX(26) <=> CH2X(27) + CHX(28) -0.000 -0.000
25 CH2X(27) + CX(26) <=> 2 CHX(28) -0.019 -0.011
26 CO(7) + X(1) <=> OCX(25) -0.001 -0.001
27 CX(26) + OX(20) <=> OCX(25) + X(1) -0.028 -0.018
28 H2(6) + X(1) <=> H2X(49) -0.019 -0.011
29 CO(7) + X(1) <=> COX(50) -0.019 -0.011
30 CH2O(9) + 2 X(1) <=> CHOX(53) + HX(19) -0.019 -0.011
31 HCO(15) + X(1) <=> CHOX(53) -0.019 -0.011
32 CH3CHO(16) + 2 X(1) <=> CH3X(21) + CHOX(53) 0.000 -0.000
33 CHOX(53) + X(1) <=> HX(19) + OCX(25) -0.019 -0.011
34 CHOX(53) + OX(20) <=> HOX(22) + OCX(25) -0.019 -0.011
35 CH2X(27) + CHOX(53) <=> CH3X(21) + OCX(25) 0.000 -0.000
36 CHOX(53) + CHX(28) <=> CH2X(27) + OCX(25) -0.019 -0.011
37 CHOX(53) + CX(26) <=> CHX(28) + OCX(25) -0.019 -0.011
38 CO2(4) + X(1) <=> CO2X(24) -0.019 -0.011
39 OCX(25) + OX(20) <=> CO2X(24) + X(1) -0.017 -0.009
40 CO2X(24) + HX(19) <=> HOX(22) + OCX(25) 0.023 0.019
Finished sensitivity simulation for a C/O ratio of 2.4
Finished translating for C/O ratio of 2.4
Starting sensitivity simulation for a C/O ratio of 1.8
0 CH4(2) + X(1) <=> CH4X(48) 0.014 0.011
1 O2(3) + 2 X(1) <=> 2 OX(20) 0.134 0.093
2 H2(6) + 2 X(1) <=> 2 HX(19) 0.031 0.024
3 H(12) + X(1) <=> HX(19) 0.046 0.035
4 HX(19) + OX(20) <=> HOX(22) + X(1) -0.006 -0.004
5 H2O(5) + 2 X(1) <=> HOX(22) + HX(19) -0.213 -0.138
6 OH(17) + X(1) <=> HOX(22) 0.025 0.021
7 CH4(2) + 2 X(1) <=> CH3X(21) + HX(19) -0.002 -0.002
8 CH4(2) + OX(20) + X(1) <=> CH3X(21) + HOX(22) -0.181 -0.140
9 C2H6(8) + 2 X(1) <=> 2 CH3X(21) 0.047 0.028
10 CH3(10) + X(1) <=> CH3X(21) 0.006 0.010
11 CH3OH(14) + 2 X(1) <=> CH3X(21) + HOX(22) 0.003 0.003
12 CH4(2) + HOX(22) + X(1) <=> CH3X(21) + H2OX(23) 0.045 0.035
13 H2O(5) + X(1) <=> H2OX(23) -0.000 -0.000
14 H2OX(23) + OX(20) <=> 2 HOX(22) 0.028 0.024
15 HOX(22) + HX(19) <=> H2OX(23) + X(1) 0.013 0.010
16 CH2X(27) + HX(19) <=> CH3X(21) + X(1) -0.024 -0.019
17 CH2X(27) + HOX(22) <=> CH3X(21) + OX(20) -0.016 -0.013
18 CHX(28) + HX(19) <=> CH2X(27) + X(1) 0.031 0.024
19 CHX(28) + HOX(22) <=> CH2X(27) + OX(20) 0.041 0.033
20 2 CH2X(27) <=> CH3X(21) + CHX(28) 0.031 0.024
21 CHX(28) + X(1) <=> CX(26) + HX(19) 0.031 0.024
22 CX(26) + H2(6) <=> CH2X(27) 0.000 0.000
23 CX(26) + HOX(22) <=> CHX(28) + OX(20) 0.045 0.035
24 CH3X(21) + CX(26) <=> CH2X(27) + CHX(28) 0.014 0.011
25 CH2X(27) + CX(26) <=> 2 CHX(28) -0.000 0.000
26 CO(7) + X(1) <=> OCX(25) -0.000 -0.000
27 CX(26) + OX(20) <=> OCX(25) + X(1) -0.027 -0.019
28 H2(6) + X(1) <=> H2X(49) -0.000 0.000
29 CO(7) + X(1) <=> COX(50) -0.000 0.000
30 CH2O(9) + 2 X(1) <=> CHOX(53) + HX(19) 0.031 0.024
31 HCO(15) + X(1) <=> CHOX(53) 0.014 0.011
32 CH3CHO(16) + 2 X(1) <=> CH3X(21) + CHOX(53) 0.031 0.024
33 CHOX(53) + X(1) <=> HX(19) + OCX(25) 0.014 0.011
34 CHOX(53) + OX(20) <=> HOX(22) + OCX(25) -0.000 0.000
35 CH2X(27) + CHOX(53) <=> CH3X(21) + OCX(25) -0.000 0.000
36 CHOX(53) + CHX(28) <=> CH2X(27) + OCX(25) -0.000 0.000
37 CHOX(53) + CX(26) <=> CHX(28) + OCX(25) -0.000 0.000
38 CO2(4) + X(1) <=> CO2X(24) 0.045 0.035
39 OCX(25) + OX(20) <=> CO2X(24) + X(1) 0.004 0.003
40 CO2X(24) + HX(19) <=> HOX(22) + OCX(25) 0.053 -0.002
Finished sensitivity simulation for a C/O ratio of 1.8
Finished translating for C/O ratio of 1.8
Starting sensitivity simulation for a C/O ratio of 2.6
0 CH4(2) + X(1) <=> CH4X(48) -0.028 -0.027
1 O2(3) + 2 X(1) <=> 2 OX(20) -0.039 -0.040
2 H2(6) + 2 X(1) <=> 2 HX(19) -0.036 -0.043
3 H(12) + X(1) <=> HX(19) -0.071 -0.078
4 HX(19) + OX(20) <=> HOX(22) + X(1) -0.051 -0.058
5 H2O(5) + 2 X(1) <=> HOX(22) + HX(19) -0.066 -0.063
6 OH(17) + X(1) <=> HOX(22) -0.062 -0.060
7 CH4(2) + 2 X(1) <=> CH3X(21) + HX(19) -0.132 -0.138
8 CH4(2) + OX(20) + X(1) <=> CH3X(21) + HOX(22) -0.171 -0.166
9 C2H6(8) + 2 X(1) <=> 2 CH3X(21) 0.028 0.026
10 CH3(10) + X(1) <=> CH3X(21) -0.037 -0.044
11 CH3OH(14) + 2 X(1) <=> CH3X(21) + HOX(22) -0.068 -0.066
12 CH4(2) + HOX(22) + X(1) <=> CH3X(21) + H2OX(23) -0.036 -0.043
13 H2O(5) + X(1) <=> H2OX(23) -0.036 -0.043
14 H2OX(23) + OX(20) <=> 2 HOX(22) -0.075 -0.080
15 HOX(22) + HX(19) <=> H2OX(23) + X(1) -0.036 -0.043
16 CH2X(27) + HX(19) <=> CH3X(21) + X(1) -0.053 -0.057
17 CH2X(27) + HOX(22) <=> CH3X(21) + OX(20) -0.031 -0.030
18 CHX(28) + HX(19) <=> CH2X(27) + X(1) -0.028 -0.027
19 CHX(28) + HOX(22) <=> CH2X(27) + OX(20) -0.036 -0.043
20 2 CH2X(27) <=> CH3X(21) + CHX(28) -0.056 -0.054
21 CHX(28) + X(1) <=> CX(26) + HX(19) -0.061 -0.059
22 CX(26) + H2(6) <=> CH2X(27) -0.056 -0.054
23 CX(26) + HOX(22) <=> CHX(28) + OX(20) -0.051 -0.058
24 CH3X(21) + CX(26) <=> CH2X(27) + CHX(28) -0.051 -0.058
25 CH2X(27) + CX(26) <=> 2 CHX(28) -0.007 -0.016
26 CO(7) + X(1) <=> OCX(25) -0.057 -0.055
27 CX(26) + OX(20) <=> OCX(25) + X(1) -0.054 -0.061
28 H2(6) + X(1) <=> H2X(49) -0.007 -0.016
29 CO(7) + X(1) <=> COX(50) -0.051 -0.058
30 CH2O(9) + 2 X(1) <=> CHOX(53) + HX(19) -0.036 -0.043
31 HCO(15) + X(1) <=> CHOX(53) -0.036 -0.043
32 CH3CHO(16) + 2 X(1) <=> CH3X(21) + CHOX(53) 0.021 0.011
33 CHOX(53) + X(1) <=> HX(19) + OCX(25) -0.036 -0.043
34 CHOX(53) + OX(20) <=> HOX(22) + OCX(25) -0.056 -0.054
35 CH2X(27) + CHOX(53) <=> CH3X(21) + OCX(25) -0.056 -0.054
36 CHOX(53) + CHX(28) <=> CH2X(27) + OCX(25) -0.056 -0.054
37 CHOX(53) + CX(26) <=> CHX(28) + OCX(25) -0.036 -0.043
38 CO2(4) + X(1) <=> CO2X(24) -0.000 0.000
39 OCX(25) + OX(20) <=> CO2X(24) + X(1) -0.055 -0.054
40 CO2X(24) + HX(19) <=> HOX(22) + OCX(25) 0.026 0.018
Finished sensitivity simulation for a C/O ratio of 2.6
Finished translating for C/O ratio of 2.6
Starting sensitivity simulation for a C/O ratio of 0.6
0 CH4(2) + X(1) <=> CH4X(48) -0.000 0.000
1 O2(3) + 2 X(1) <=> 2 OX(20) -0.014 2.440
2 H2(6) + 2 X(1) <=> 2 HX(19) -0.000 0.000
3 H(12) + X(1) <=> HX(19) 0.000 0.000
4 HX(19) + OX(20) <=> HOX(22) + X(1) 0.000 0.000
5 H2O(5) + 2 X(1) <=> HOX(22) + HX(19) -0.000 -0.000
6 OH(17) + X(1) <=> HOX(22) 0.000 -0.000
7 CH4(2) + 2 X(1) <=> CH3X(21) + HX(19) -0.000 -0.000
8 CH4(2) + OX(20) + X(1) <=> CH3X(21) + HOX(22) -0.487 -5.221
9 C2H6(8) + 2 X(1) <=> 2 CH3X(21) 0.138 0.492
10 CH3(10) + X(1) <=> CH3X(21) 0.000 0.000
11 CH3OH(14) + 2 X(1) <=> CH3X(21) + HOX(22) 0.047 0.143
12 CH4(2) + HOX(22) + X(1) <=> CH3X(21) + H2OX(23) -0.000 -0.000
13 H2O(5) + X(1) <=> H2OX(23) -0.000 -0.000
14 H2OX(23) + OX(20) <=> 2 HOX(22) -0.252 -0.150
15 HOX(22) + HX(19) <=> H2OX(23) + X(1) 0.000 0.000
16 CH2X(27) + HX(19) <=> CH3X(21) + X(1) -0.104 -0.349
17 CH2X(27) + HOX(22) <=> CH3X(21) + OX(20) -0.221 -0.798
18 CHX(28) + HX(19) <=> CH2X(27) + X(1) -0.000 -0.000
19 CHX(28) + HOX(22) <=> CH2X(27) + OX(20) 0.000 0.000
20 2 CH2X(27) <=> CH3X(21) + CHX(28) 0.000 0.000
21 CHX(28) + X(1) <=> CX(26) + HX(19) 0.000 0.000
22 CX(26) + H2(6) <=> CH2X(27) 0.000 0.000
23 CX(26) + HOX(22) <=> CHX(28) + OX(20) 0.000 0.000
24 CH3X(21) + CX(26) <=> CH2X(27) + CHX(28) -0.000 -0.000
25 CH2X(27) + CX(26) <=> 2 CHX(28) -0.000 0.000
26 CO(7) + X(1) <=> OCX(25) -0.009 0.002
27 CX(26) + OX(20) <=> OCX(25) + X(1) 0.000 0.000
28 H2(6) + X(1) <=> H2X(49) -0.000 0.000
29 CO(7) + X(1) <=> COX(50) 0.000 0.000
30 CH2O(9) + 2 X(1) <=> CHOX(53) + HX(19) 0.000 0.000
31 HCO(15) + X(1) <=> CHOX(53) 0.000 0.000
32 CH3CHO(16) + 2 X(1) <=> CH3X(21) + CHOX(53) 0.000 0.000
33 CHOX(53) + X(1) <=> HX(19) + OCX(25) 0.000 0.000
34 CHOX(53) + OX(20) <=> HOX(22) + OCX(25) 0.000 0.000
35 CH2X(27) + CHOX(53) <=> CH3X(21) + OCX(25) -0.000 0.000
36 CHOX(53) + CHX(28) <=> CH2X(27) + OCX(25) 0.000 0.000
37 CHOX(53) + CX(26) <=> CHX(28) + OCX(25) 0.000 0.000
38 CO2(4) + X(1) <=> CO2X(24) -0.000 0.000
39 OCX(25) + OX(20) <=> CO2X(24) + X(1) 0.003 0.002
40 CO2X(24) + HX(19) <=> HOX(22) + OCX(25) 0.489 0.167
Finished sensitivity simulation for a C/O ratio of 0.6
Finished translating for C/O ratio of 0.6
Starting sensitivity simulation for a C/O ratio of 0.7
0 CH4(2) + X(1) <=> CH4X(48) 0.000 0.000
1 O2(3) + 2 X(1) <=> 2 OX(20) 2.450 8.397
2 H2(6) + 2 X(1) <=> 2 HX(19) 0.000 0.000
3 H(12) + X(1) <=> HX(19) 0.000 0.000
4 HX(19) + OX(20) <=> HOX(22) + X(1) 0.000 -0.000
5 H2O(5) + 2 X(1) <=> HOX(22) + HX(19) -0.000 0.000
6 OH(17) + X(1) <=> HOX(22) -0.000 -0.000
7 CH4(2) + 2 X(1) <=> CH3X(21) + HX(19) -0.000 -0.000
8 CH4(2) + OX(20) + X(1) <=> CH3X(21) + HOX(22) -5.573 -19.899
9 C2H6(8) + 2 X(1) <=> 2 CH3X(21) 0.507 1.515
10 CH3(10) + X(1) <=> CH3X(21) 0.000 0.000
11 CH3OH(14) + 2 X(1) <=> CH3X(21) + HOX(22) 0.165 0.458
12 CH4(2) + HOX(22) + X(1) <=> CH3X(21) + H2OX(23) -0.000 -0.002
13 H2O(5) + X(1) <=> H2OX(23) -0.000 0.000
14 H2OX(23) + OX(20) <=> 2 HOX(22) -0.049 0.248
15 HOX(22) + HX(19) <=> H2OX(23) + X(1) 0.000 0.000
16 CH2X(27) + HX(19) <=> CH3X(21) + X(1) -0.424 -1.246
17 CH2X(27) + HOX(22) <=> CH3X(21) + OX(20) -0.787 -2.390
18 CHX(28) + HX(19) <=> CH2X(27) + X(1) -0.000 0.000
19 CHX(28) + HOX(22) <=> CH2X(27) + OX(20) 0.000 -0.000
20 2 CH2X(27) <=> CH3X(21) + CHX(28) 0.000 0.000
21 CHX(28) + X(1) <=> CX(26) + HX(19) 0.000 0.000
22 CX(26) + H2(6) <=> CH2X(27) 0.000 0.000
23 CX(26) + HOX(22) <=> CHX(28) + OX(20) 0.000 0.000
24 CH3X(21) + CX(26) <=> CH2X(27) + CHX(28) -0.000 -0.000
25 CH2X(27) + CX(26) <=> 2 CHX(28) 0.000 0.000
26 CO(7) + X(1) <=> OCX(25) 0.005 0.037
27 CX(26) + OX(20) <=> OCX(25) + X(1) 0.000 0.000
28 H2(6) + X(1) <=> H2X(49) 0.000 0.000
29 CO(7) + X(1) <=> COX(50) 0.000 0.000
30 CH2O(9) + 2 X(1) <=> CHOX(53) + HX(19) 0.000 0.000
31 HCO(15) + X(1) <=> CHOX(53) 0.000 0.000
32 CH3CHO(16) + 2 X(1) <=> CH3X(21) + CHOX(53) 0.000 0.000
33 CHOX(53) + X(1) <=> HX(19) + OCX(25) 0.000 0.000
34 CHOX(53) + OX(20) <=> HOX(22) + OCX(25) 0.000 0.000
35 CH2X(27) + CHOX(53) <=> CH3X(21) + OCX(25) 0.000 0.000
36 CHOX(53) + CHX(28) <=> CH2X(27) + OCX(25) 0.000 0.000
37 CHOX(53) + CX(26) <=> CHX(28) + OCX(25) 0.000 0.000
38 CO2(4) + X(1) <=> CO2X(24) -0.000 -0.000
39 OCX(25) + OX(20) <=> CO2X(24) + X(1) 0.003 -0.003
40 CO2X(24) + HX(19) <=> HOX(22) + OCX(25) -0.065 -1.040
Finished sensitivity simulation for a C/O ratio of 0.7
Finished translating for C/O ratio of 0.7
Starting sensitivity simulation for a C/O ratio of 2.0
0 CH4(2) + X(1) <=> CH4X(48) -0.000 0.000
1 O2(3) + 2 X(1) <=> 2 OX(20) 0.115 0.049
2 H2(6) + 2 X(1) <=> 2 HX(19) 0.000 0.000
3 H(12) + X(1) <=> HX(19) 0.001 -0.002
4 HX(19) + OX(20) <=> HOX(22) + X(1) -0.006 -0.004
5 H2O(5) + 2 X(1) <=> HOX(22) + HX(19) -0.223 -0.147
6 OH(17) + X(1) <=> HOX(22) -0.004 -0.003
7 CH4(2) + 2 X(1) <=> CH3X(21) + HX(19) -0.002 -0.004
8 CH4(2) + OX(20) + X(1) <=> CH3X(21) + HOX(22) -0.170 -0.134
9 C2H6(8) + 2 X(1) <=> 2 CH3X(21) 0.029 -0.011
10 CH3(10) + X(1) <=> CH3X(21) -0.015 -0.009
11 CH3OH(14) + 2 X(1) <=> CH3X(21) + HOX(22) 0.004 0.003
12 CH4(2) + HOX(22) + X(1) <=> CH3X(21) + H2OX(23) -0.001 -0.000
13 H2O(5) + X(1) <=> H2OX(23) -0.000 -0.000
14 H2OX(23) + OX(20) <=> 2 HOX(22) -0.020 -0.014
15 HOX(22) + HX(19) <=> H2OX(23) + X(1) -0.001 -0.000
16 CH2X(27) + HX(19) <=> CH3X(21) + X(1) -0.023 -0.018
17 CH2X(27) + HOX(22) <=> CH3X(21) + OX(20) -0.018 -0.014
18 CHX(28) + HX(19) <=> CH2X(27) + X(1) 0.028 0.020
19 CHX(28) + HOX(22) <=> CH2X(27) + OX(20) -0.004 -0.002
20 2 CH2X(27) <=> CH3X(21) + CHX(28) 0.000 -0.000
21 CHX(28) + X(1) <=> CX(26) + HX(19) -0.000 0.000
22 CX(26) + H2(6) <=> CH2X(27) 0.000 0.000
23 CX(26) + HOX(22) <=> CHX(28) + OX(20) -0.000 -0.000
24 CH3X(21) + CX(26) <=> CH2X(27) + CHX(28) 0.000 0.000
25 CH2X(27) + CX(26) <=> 2 CHX(28) -0.000 0.000
26 CO(7) + X(1) <=> OCX(25) -0.001 -0.000
27 CX(26) + OX(20) <=> OCX(25) + X(1) -0.026 -0.018
28 H2(6) + X(1) <=> H2X(49) -0.000 0.000
29 CO(7) + X(1) <=> COX(50) -0.000 0.000
30 CH2O(9) + 2 X(1) <=> CHOX(53) + HX(19) 0.000 -0.000
31 HCO(15) + X(1) <=> CHOX(53) -0.000 0.000
32 CH3CHO(16) + 2 X(1) <=> CH3X(21) + CHOX(53) -0.000 0.000
33 CHOX(53) + X(1) <=> HX(19) + OCX(25) -0.000 0.000
34 CHOX(53) + OX(20) <=> HOX(22) + OCX(25) -0.000 0.000
35 CH2X(27) + CHOX(53) <=> CH3X(21) + OCX(25) 0.000 -0.000
36 CHOX(53) + CHX(28) <=> CH2X(27) + OCX(25) -0.000 0.000
37 CHOX(53) + CX(26) <=> CHX(28) + OCX(25) -0.000 0.000
38 CO2(4) + X(1) <=> CO2X(24) 0.000 0.000
39 OCX(25) + OX(20) <=> CO2X(24) + X(1) 0.004 0.003
40 CO2X(24) + HX(19) <=> HOX(22) + OCX(25) 0.061 0.008
Finished sensitivity simulation for a C/O ratio of 2.0
Finished translating for C/O ratio of 2.0
Starting sensitivity simulation for a C/O ratio of 1.3
0 CH4(2) + X(1) <=> CH4X(48) 0.001 0.004
1 O2(3) + 2 X(1) <=> 2 OX(20) 0.171 0.120
2 H2(6) + 2 X(1) <=> 2 HX(19) 0.000 0.000
3 H(12) + X(1) <=> HX(19) -0.027 -0.018
4 HX(19) + OX(20) <=> HOX(22) + X(1) -0.033 -0.021
5 H2O(5) + 2 X(1) <=> HOX(22) + HX(19) -0.174 -0.116
6 OH(17) + X(1) <=> HOX(22) -0.032 -0.021
7 CH4(2) + 2 X(1) <=> CH3X(21) + HX(19) -0.028 -0.019
8 CH4(2) + OX(20) + X(1) <=> CH3X(21) + HOX(22) -0.250 -0.234
9 C2H6(8) + 2 X(1) <=> 2 CH3X(21) 0.028 0.018
10 CH3(10) + X(1) <=> CH3X(21) -0.076 -0.046
11 CH3OH(14) + 2 X(1) <=> CH3X(21) + HOX(22) -0.013 -0.050
12 CH4(2) + HOX(22) + X(1) <=> CH3X(21) + H2OX(23) -0.000 -0.001
13 H2O(5) + X(1) <=> H2OX(23) -0.000 0.000
14 H2OX(23) + OX(20) <=> 2 HOX(22) -0.020 -0.057
15 HOX(22) + HX(19) <=> H2OX(23) + X(1) -0.028 -0.019
16 CH2X(27) + HX(19) <=> CH3X(21) + X(1) -0.057 -0.040
17 CH2X(27) + HOX(22) <=> CH3X(21) + OX(20) -0.056 -0.052
18 CHX(28) + HX(19) <=> CH2X(27) + X(1) 0.001 0.004
19 CHX(28) + HOX(22) <=> CH2X(27) + OX(20) -0.030 -0.019
20 2 CH2X(27) <=> CH3X(21) + CHX(28) 0.017 -0.033
21 CHX(28) + X(1) <=> CX(26) + HX(19) 0.000 -0.000
22 CX(26) + H2(6) <=> CH2X(27) -0.028 -0.018
23 CX(26) + HOX(22) <=> CHX(28) + OX(20) -0.028 -0.018
24 CH3X(21) + CX(26) <=> CH2X(27) + CHX(28) 0.001 0.004
25 CH2X(27) + CX(26) <=> 2 CHX(28) 0.000 -0.000
26 CO(7) + X(1) <=> OCX(25) -0.028 -0.018
27 CX(26) + OX(20) <=> OCX(25) + X(1) -0.049 -0.073
28 H2(6) + X(1) <=> H2X(49) -0.028 -0.021
29 CO(7) + X(1) <=> COX(50) -0.028 -0.021
30 CH2O(9) + 2 X(1) <=> CHOX(53) + HX(19) 0.000 -0.000
31 HCO(15) + X(1) <=> CHOX(53) -0.021 -0.054
32 CH3CHO(16) + 2 X(1) <=> CH3X(21) + CHOX(53) -0.028 -0.018
33 CHOX(53) + X(1) <=> HX(19) + OCX(25) -0.011 -0.046
34 CHOX(53) + OX(20) <=> HOX(22) + OCX(25) -0.028 -0.021
35 CH2X(27) + CHOX(53) <=> CH3X(21) + OCX(25) -0.028 -0.018
36 CHOX(53) + CHX(28) <=> CH2X(27) + OCX(25) -0.028 -0.021
37 CHOX(53) + CX(26) <=> CHX(28) + OCX(25) 0.001 0.004
38 CO2(4) + X(1) <=> CO2X(24) 0.000 -0.000
39 OCX(25) + OX(20) <=> CO2X(24) + X(1) -0.025 -0.016
40 CO2X(24) + HX(19) <=> HOX(22) + OCX(25) -0.022 -0.015
Finished sensitivity simulation for a C/O ratio of 1.3
Finished translating for C/O ratio of 1.3
Starting sensitivity simulation for a C/O ratio of 1.4
0 CH4(2) + X(1) <=> CH4X(48) 0.007 0.006
1 O2(3) + 2 X(1) <=> 2 OX(20) 0.183 0.126
2 H2(6) + 2 X(1) <=> 2 HX(19) 0.008 0.006
3 H(12) + X(1) <=> HX(19) 0.008 0.006
4 HX(19) + OX(20) <=> HOX(22) + X(1) 0.003 0.003
5 H2O(5) + 2 X(1) <=> HOX(22) + HX(19) -0.153 -0.098
6 OH(17) + X(1) <=> HOX(22) 0.003 0.003
7 CH4(2) + 2 X(1) <=> CH3X(21) + HX(19) -0.001 -0.001
8 CH4(2) + OX(20) + X(1) <=> CH3X(21) + HOX(22) -0.198 -0.152
9 C2H6(8) + 2 X(1) <=> 2 CH3X(21) 0.026 0.013
10 CH3(10) + X(1) <=> CH3X(21) -0.008 0.003
11 CH3OH(14) + 2 X(1) <=> CH3X(21) + HOX(22) 0.005 0.005
12 CH4(2) + HOX(22) + X(1) <=> CH3X(21) + H2OX(23) 0.007 0.006
13 H2O(5) + X(1) <=> H2OX(23) 0.007 0.006
14 H2OX(23) + OX(20) <=> 2 HOX(22) 0.017 0.011
15 HOX(22) + HX(19) <=> H2OX(23) + X(1) 0.007 0.005
16 CH2X(27) + HX(19) <=> CH3X(21) + X(1) -0.020 -0.015
17 CH2X(27) + HOX(22) <=> CH3X(21) + OX(20) -0.028 -0.022
18 CHX(28) + HX(19) <=> CH2X(27) + X(1) 0.007 0.006
19 CHX(28) + HOX(22) <=> CH2X(27) + OX(20) 0.005 0.004
20 2 CH2X(27) <=> CH3X(21) + CHX(28) 0.007 0.006
21 CHX(28) + X(1) <=> CX(26) + HX(19) -0.000 0.000
22 CX(26) + H2(6) <=> CH2X(27) 0.007 0.006
23 CX(26) + HOX(22) <=> CHX(28) + OX(20) 0.007 0.006
24 CH3X(21) + CX(26) <=> CH2X(27) + CHX(28) 0.007 0.006
25 CH2X(27) + CX(26) <=> 2 CHX(28) -0.000 0.000
26 CO(7) + X(1) <=> OCX(25) 0.035 0.027
27 CX(26) + OX(20) <=> OCX(25) + X(1) -0.020 -0.013
28 H2(6) + X(1) <=> H2X(49) 0.007 0.006
29 CO(7) + X(1) <=> COX(50) 0.007 0.006
30 CH2O(9) + 2 X(1) <=> CHOX(53) + HX(19) 0.007 0.006
31 HCO(15) + X(1) <=> CHOX(53) 0.007 0.006
32 CH3CHO(16) + 2 X(1) <=> CH3X(21) + CHOX(53) 0.007 0.006
33 CHOX(53) + X(1) <=> HX(19) + OCX(25) -0.000 0.000
34 CHOX(53) + OX(20) <=> HOX(22) + OCX(25) 0.007 0.006
35 CH2X(27) + CHOX(53) <=> CH3X(21) + OCX(25) -0.000 0.000
36 CHOX(53) + CHX(28) <=> CH2X(27) + OCX(25) 0.000 -0.000
37 CHOX(53) + CX(26) <=> CHX(28) + OCX(25) 0.007 0.006
38 CO2(4) + X(1) <=> CO2X(24) 0.007 0.006
39 OCX(25) + OX(20) <=> CO2X(24) + X(1) 0.010 0.008
40 CO2X(24) + HX(19) <=> HOX(22) + OCX(25) 0.027 -0.022
Finished sensitivity simulation for a C/O ratio of 1.4
Finished translating for C/O ratio of 1.4
Starting sensitivity simulation for a C/O ratio of 0.8
0 CH4(2) + X(1) <=> CH4X(48) 0.037 0.036
1 O2(3) + 2 X(1) <=> 2 OX(20) 2.101 2.426
2 H2(6) + 2 X(1) <=> 2 HX(19) 0.037 0.036
3 H(12) + X(1) <=> HX(19) 0.000 0.000
4 HX(19) + OX(20) <=> HOX(22) + X(1) -0.001 -0.001
5 H2O(5) + 2 X(1) <=> HOX(22) + HX(19) 0.007 0.011
6 OH(17) + X(1) <=> HOX(22) -0.005 -0.006
7 CH4(2) + 2 X(1) <=> CH3X(21) + HX(19) -0.001 -0.001
8 CH4(2) + OX(20) + X(1) <=> CH3X(21) + HOX(22) -2.808 -3.176
9 C2H6(8) + 2 X(1) <=> 2 CH3X(21) 0.470 0.521
10 CH3(10) + X(1) <=> CH3X(21) -0.123 -0.094
11 CH3OH(14) + 2 X(1) <=> CH3X(21) + HOX(22) 0.089 0.105
12 CH4(2) + HOX(22) + X(1) <=> CH3X(21) + H2OX(23) 0.037 0.036
13 H2O(5) + X(1) <=> H2OX(23) 0.000 0.000
14 H2OX(23) + OX(20) <=> 2 HOX(22) 0.086 0.103
15 HOX(22) + HX(19) <=> H2OX(23) + X(1) -0.000 -0.000
16 CH2X(27) + HX(19) <=> CH3X(21) + X(1) -0.179 -0.216
17 CH2X(27) + HOX(22) <=> CH3X(21) + OX(20) -0.439 -0.512
18 CHX(28) + HX(19) <=> CH2X(27) + X(1) 0.037 0.036
19 CHX(28) + HOX(22) <=> CH2X(27) + OX(20) 0.037 0.036
20 2 CH2X(27) <=> CH3X(21) + CHX(28) -0.000 -0.000
21 CHX(28) + X(1) <=> CX(26) + HX(19) 0.037 0.036
22 CX(26) + H2(6) <=> CH2X(27) -0.000 -0.000
23 CX(26) + HOX(22) <=> CHX(28) + OX(20) -0.000 -0.000
24 CH3X(21) + CX(26) <=> CH2X(27) + CHX(28) -0.000 -0.000
25 CH2X(27) + CX(26) <=> 2 CHX(28) -0.000 0.000
26 CO(7) + X(1) <=> OCX(25) 0.037 0.037
27 CX(26) + OX(20) <=> OCX(25) + X(1) -0.013 -0.011
28 H2(6) + X(1) <=> H2X(49) 0.000 -0.000
29 CO(7) + X(1) <=> COX(50) -0.000 0.000
30 CH2O(9) + 2 X(1) <=> CHOX(53) + HX(19) 0.000 -0.000
31 HCO(15) + X(1) <=> CHOX(53) 0.000 -0.000
32 CH3CHO(16) + 2 X(1) <=> CH3X(21) + CHOX(53) 0.037 0.036
33 CHOX(53) + X(1) <=> HX(19) + OCX(25) -0.000 0.000
34 CHOX(53) + OX(20) <=> HOX(22) + OCX(25) -0.000 0.000
35 CH2X(27) + CHOX(53) <=> CH3X(21) + OCX(25) 0.000 -0.000
36 CHOX(53) + CHX(28) <=> CH2X(27) + OCX(25) 0.000 0.000
37 CHOX(53) + CX(26) <=> CHX(28) + OCX(25) 0.000 -0.000
38 CO2(4) + X(1) <=> CO2X(24) 0.037 0.036
39 OCX(25) + OX(20) <=> CO2X(24) + X(1) 0.040 0.038
40 CO2X(24) + HX(19) <=> HOX(22) + OCX(25) -0.271 -0.322
Finished sensitivity simulation for a C/O ratio of 0.8
Finished translating for C/O ratio of 0.8
Starting sensitivity simulation for a C/O ratio of 1.6
0 CH4(2) + X(1) <=> CH4X(48) -0.006 -0.005
1 O2(3) + 2 X(1) <=> 2 OX(20) 0.172 0.080
2 H2(6) + 2 X(1) <=> 2 HX(19) 0.059 0.036
3 H(12) + X(1) <=> HX(19) 0.031 0.013
4 HX(19) + OX(20) <=> HOX(22) + X(1) -0.011 -0.009
5 H2O(5) + 2 X(1) <=> HOX(22) + HX(19) -0.171 -0.108
6 OH(17) + X(1) <=> HOX(22) -0.012 -0.009
7 CH4(2) + 2 X(1) <=> CH3X(21) + HX(19) -0.007 -0.006
8 CH4(2) + OX(20) + X(1) <=> CH3X(21) + HOX(22) -0.184 -0.142
9 C2H6(8) + 2 X(1) <=> 2 CH3X(21) 0.018 -0.014
10 CH3(10) + X(1) <=> CH3X(21) -0.033 -0.019
11 CH3OH(14) + 2 X(1) <=> CH3X(21) + HOX(22) -0.002 -0.002
12 CH4(2) + HOX(22) + X(1) <=> CH3X(21) + H2OX(23) -0.000 -0.000
13 H2O(5) + X(1) <=> H2OX(23) 0.029 0.023
14 H2OX(23) + OX(20) <=> 2 HOX(22) -0.013 -0.009
15 HOX(22) + HX(19) <=> H2OX(23) + X(1) -0.001 -0.000
16 CH2X(27) + HX(19) <=> CH3X(21) + X(1) -0.031 -0.025
17 CH2X(27) + HOX(22) <=> CH3X(21) + OX(20) -0.027 -0.021
18 CHX(28) + HX(19) <=> CH2X(27) + X(1) -0.006 -0.005
19 CHX(28) + HOX(22) <=> CH2X(27) + OX(20) -0.003 -0.002
20 2 CH2X(27) <=> CH3X(21) + CHX(28) -0.006 -0.005
21 CHX(28) + X(1) <=> CX(26) + HX(19) -0.006 -0.005
22 CX(26) + H2(6) <=> CH2X(27) -0.006 -0.005
23 CX(26) + HOX(22) <=> CHX(28) + OX(20) 0.000 -0.000
24 CH3X(21) + CX(26) <=> CH2X(27) + CHX(28) -0.006 -0.005
25 CH2X(27) + CX(26) <=> 2 CHX(28) 0.010 -0.002
26 CO(7) + X(1) <=> OCX(25) 0.028 0.022
27 CX(26) + OX(20) <=> OCX(25) + X(1) -0.019 -0.022
28 H2(6) + X(1) <=> H2X(49) -0.006 -0.005
29 CO(7) + X(1) <=> COX(50) 0.000 -0.000
30 CH2O(9) + 2 X(1) <=> CHOX(53) + HX(19) -0.006 -0.005
31 HCO(15) + X(1) <=> CHOX(53) 0.000 -0.000
32 CH3CHO(16) + 2 X(1) <=> CH3X(21) + CHOX(53) 0.029 0.023
33 CHOX(53) + X(1) <=> HX(19) + OCX(25) 0.000 -0.000
34 CHOX(53) + OX(20) <=> HOX(22) + OCX(25) 0.000 -0.000
35 CH2X(27) + CHOX(53) <=> CH3X(21) + OCX(25) -0.006 -0.005
36 CHOX(53) + CHX(28) <=> CH2X(27) + OCX(25) -0.006 -0.005
37 CHOX(53) + CX(26) <=> CHX(28) + OCX(25) -0.006 -0.005
38 CO2(4) + X(1) <=> CO2X(24) -0.006 -0.005
39 OCX(25) + OX(20) <=> CO2X(24) + X(1) -0.003 -0.003
40 CO2X(24) + HX(19) <=> HOX(22) + OCX(25) 0.032 -0.016
Finished sensitivity simulation for a C/O ratio of 1.6
Finished translating for C/O ratio of 1.6
Starting sensitivity simulation for a C/O ratio of 1.1
0 CH4(2) + X(1) <=> CH4X(48) 0.009 -0.007
1 O2(3) + 2 X(1) <=> 2 OX(20) 0.266 0.188
2 H2(6) + 2 X(1) <=> 2 HX(19) 0.000 0.000
3 H(12) + X(1) <=> HX(19) 0.009 -0.007
4 HX(19) + OX(20) <=> HOX(22) + X(1) 0.005 -0.010
5 H2O(5) + 2 X(1) <=> HOX(22) + HX(19) -0.125 -0.084
6 OH(17) + X(1) <=> HOX(22) -0.004 -0.003
7 CH4(2) + 2 X(1) <=> CH3X(21) + HX(19) -0.001 -0.000
8 CH4(2) + OX(20) + X(1) <=> CH3X(21) + HOX(22) -0.344 -0.271
9 C2H6(8) + 2 X(1) <=> 2 CH3X(21) 0.039 0.029
10 CH3(10) + X(1) <=> CH3X(21) -0.054 -0.045
11 CH3OH(14) + 2 X(1) <=> CH3X(21) + HOX(22) 0.009 0.001
12 CH4(2) + HOX(22) + X(1) <=> CH3X(21) + H2OX(23) 0.009 -0.007
13 H2O(5) + X(1) <=> H2OX(23) -0.000 -0.000
14 H2OX(23) + OX(20) <=> 2 HOX(22) 0.002 -0.005
15 HOX(22) + HX(19) <=> H2OX(23) + X(1) -0.001 -0.000
16 CH2X(27) + HX(19) <=> CH3X(21) + X(1) -0.039 -0.029
17 CH2X(27) + HOX(22) <=> CH3X(21) + OX(20) -0.047 -0.081
18 CHX(28) + HX(19) <=> CH2X(27) + X(1) -0.000 -0.000
19 CHX(28) + HOX(22) <=> CH2X(27) + OX(20) -0.002 -0.002
20 2 CH2X(27) <=> CH3X(21) + CHX(28) 0.000 -0.000
21 CHX(28) + X(1) <=> CX(26) + HX(19) 0.009 -0.007
22 CX(26) + H2(6) <=> CH2X(27) 0.000 0.000
23 CX(26) + HOX(22) <=> CHX(28) + OX(20) 0.000 -0.000
24 CH3X(21) + CX(26) <=> CH2X(27) + CHX(28) -0.000 -0.000
25 CH2X(27) + CX(26) <=> 2 CHX(28) 0.000 -0.000
26 CO(7) + X(1) <=> OCX(25) 0.008 -0.007
27 CX(26) + OX(20) <=> OCX(25) + X(1) -0.016 -0.024
28 H2(6) + X(1) <=> H2X(49) 0.009 -0.007
29 CO(7) + X(1) <=> COX(50) 0.000 -0.000
30 CH2O(9) + 2 X(1) <=> CHOX(53) + HX(19) 0.000 -0.000
31 HCO(15) + X(1) <=> CHOX(53) 0.000 -0.000
32 CH3CHO(16) + 2 X(1) <=> CH3X(21) + CHOX(53) 0.000 -0.000
33 CHOX(53) + X(1) <=> HX(19) + OCX(25) 0.000 -0.000
34 CHOX(53) + OX(20) <=> HOX(22) + OCX(25) 0.000 -0.000
35 CH2X(27) + CHOX(53) <=> CH3X(21) + OCX(25) 0.009 -0.007
36 CHOX(53) + CHX(28) <=> CH2X(27) + OCX(25) 0.009 -0.007
37 CHOX(53) + CX(26) <=> CHX(28) + OCX(25) 0.000 -0.000
38 CO2(4) + X(1) <=> CO2X(24) 0.009 -0.007
39 OCX(25) + OX(20) <=> CO2X(24) + X(1) 0.003 0.002
40 CO2X(24) + HX(19) <=> HOX(22) + OCX(25) -0.009 -0.007
Finished sensitivity simulation for a C/O ratio of 1.1
Finished translating for C/O ratio of 1.1
Starting sensitivity simulation for a C/O ratio of 1.2
0 CH4(2) + X(1) <=> CH4X(48) 0.016 -0.024
1 O2(3) + 2 X(1) <=> 2 OX(20) 0.231 0.167
2 H2(6) + 2 X(1) <=> 2 HX(19) 0.003 0.008
3 H(12) + X(1) <=> HX(19) 0.001 -0.037
4 HX(19) + OX(20) <=> HOX(22) + X(1) 0.014 -0.026
5 H2O(5) + 2 X(1) <=> HOX(22) + HX(19) -0.117 -0.069
6 OH(17) + X(1) <=> HOX(22) -0.004 -0.003
7 CH4(2) + 2 X(1) <=> CH3X(21) + HX(19) -0.006 0.002
8 CH4(2) + OX(20) + X(1) <=> CH3X(21) + HOX(22) -0.256 -0.207
9 C2H6(8) + 2 X(1) <=> 2 CH3X(21) 0.033 0.031
10 CH3(10) + X(1) <=> CH3X(21) -0.056 -0.070
11 CH3OH(14) + 2 X(1) <=> CH3X(21) + HOX(22) 0.032 0.031
12 CH4(2) + HOX(22) + X(1) <=> CH3X(21) + H2OX(23) 0.031 0.023
13 H2O(5) + X(1) <=> H2OX(23) -0.005 0.002
14 H2OX(23) + OX(20) <=> 2 HOX(22) -0.007 0.001
15 HOX(22) + HX(19) <=> H2OX(23) + X(1) -0.000 -0.000
16 CH2X(27) + HX(19) <=> CH3X(21) + X(1) -0.036 -0.032
17 CH2X(27) + HOX(22) <=> CH3X(21) + OX(20) -0.036 -0.035
18 CHX(28) + HX(19) <=> CH2X(27) + X(1) -0.005 0.002
19 CHX(28) + HOX(22) <=> CH2X(27) + OX(20) -0.002 -0.001
20 2 CH2X(27) <=> CH3X(21) + CHX(28) 0.016 -0.024
21 CHX(28) + X(1) <=> CX(26) + HX(19) -0.005 -0.004
22 CX(26) + H2(6) <=> CH2X(27) -0.005 -0.004
23 CX(26) + HOX(22) <=> CHX(28) + OX(20) -0.005 -0.004
24 CH3X(21) + CX(26) <=> CH2X(27) + CHX(28) -0.005 -0.004
25 CH2X(27) + CX(26) <=> 2 CHX(28) 0.033 0.031
26 CO(7) + X(1) <=> OCX(25) 0.032 0.027
27 CX(26) + OX(20) <=> OCX(25) + X(1) -0.015 -0.003
28 H2(6) + X(1) <=> H2X(49) 0.000 -0.000
29 CO(7) + X(1) <=> COX(50) 0.000 -0.000
30 CH2O(9) + 2 X(1) <=> CHOX(53) + HX(19) 0.002 0.008
31 HCO(15) + X(1) <=> CHOX(53) 0.016 -0.024
32 CH3CHO(16) + 2 X(1) <=> CH3X(21) + CHOX(53) -0.005 0.002
33 CHOX(53) + X(1) <=> HX(19) + OCX(25) -0.005 0.002
34 CHOX(53) + OX(20) <=> HOX(22) + OCX(25) -0.005 0.002
35 CH2X(27) + CHOX(53) <=> CH3X(21) + OCX(25) 0.002 0.008
36 CHOX(53) + CHX(28) <=> CH2X(27) + OCX(25) 0.016 -0.024
37 CHOX(53) + CX(26) <=> CHX(28) + OCX(25) 0.000 -0.000
38 CO2(4) + X(1) <=> CO2X(24) -0.005 -0.004
39 OCX(25) + OX(20) <=> CO2X(24) + X(1) 0.002 0.001
40 CO2X(24) + HX(19) <=> HOX(22) + OCX(25) 0.014 -0.032
Finished sensitivity simulation for a C/O ratio of 1.2
Finished translating for C/O ratio of 1.2
Starting sensitivity simulation for a C/O ratio of 0.9
0 CH4(2) + X(1) <=> CH4X(48) 0.000 -0.000
1 O2(3) + 2 X(1) <=> 2 OX(20) 0.513 0.346
2 H2(6) + 2 X(1) <=> 2 HX(19) -0.000 -0.000
3 H(12) + X(1) <=> HX(19) 0.000 0.000
4 HX(19) + OX(20) <=> HOX(22) + X(1) -0.003 -0.002
5 H2O(5) + 2 X(1) <=> HOX(22) + HX(19) -0.092 -0.066
6 OH(17) + X(1) <=> HOX(22) -0.004 -0.003
7 CH4(2) + 2 X(1) <=> CH3X(21) + HX(19) 0.015 -0.023
8 CH4(2) + OX(20) + X(1) <=> CH3X(21) + HOX(22) -0.772 -0.579
9 C2H6(8) + 2 X(1) <=> 2 CH3X(21) 0.077 0.026
10 CH3(10) + X(1) <=> CH3X(21) -0.086 -0.059
11 CH3OH(14) + 2 X(1) <=> CH3X(21) + HOX(22) 0.018 -0.012
12 CH4(2) + HOX(22) + X(1) <=> CH3X(21) + H2OX(23) -0.000 -0.000
13 H2O(5) + X(1) <=> H2OX(23) 0.000 0.000
14 H2OX(23) + OX(20) <=> 2 HOX(22) 0.029 -0.018
15 HOX(22) + HX(19) <=> H2OX(23) + X(1) 0.015 -0.023
16 CH2X(27) + HX(19) <=> CH3X(21) + X(1) -0.073 -0.054
17 CH2X(27) + HOX(22) <=> CH3X(21) + OX(20) -0.106 -0.119
18 CHX(28) + HX(19) <=> CH2X(27) + X(1) -0.000 -0.000
19 CHX(28) + HOX(22) <=> CH2X(27) + OX(20) -0.002 -0.001
20 2 CH2X(27) <=> CH3X(21) + CHX(28) 0.000 -0.000
21 CHX(28) + X(1) <=> CX(26) + HX(19) -0.000 0.000
22 CX(26) + H2(6) <=> CH2X(27) -0.000 -0.000
23 CX(26) + HOX(22) <=> CHX(28) + OX(20) -0.000 -0.000
24 CH3X(21) + CX(26) <=> CH2X(27) + CHX(28) -0.000 -0.000
25 CH2X(27) + CX(26) <=> 2 CHX(28) 0.000 -0.000
26 CO(7) + X(1) <=> OCX(25) 0.002 0.002
27 CX(26) + OX(20) <=> OCX(25) + X(1) -0.018 -0.013
28 H2(6) + X(1) <=> H2X(49) -0.000 0.000
29 CO(7) + X(1) <=> COX(50) 0.016 -0.023
30 CH2O(9) + 2 X(1) <=> CHOX(53) + HX(19) -0.000 0.000
31 HCO(15) + X(1) <=> CHOX(53) -0.000 0.000
32 CH3CHO(16) + 2 X(1) <=> CH3X(21) + CHOX(53) -0.000 0.000
33 CHOX(53) + X(1) <=> HX(19) + OCX(25) 0.000 -0.000
34 CHOX(53) + OX(20) <=> HOX(22) + OCX(25) -0.000 0.000
35 CH2X(27) + CHOX(53) <=> CH3X(21) + OCX(25) -0.000 0.000
36 CHOX(53) + CHX(28) <=> CH2X(27) + OCX(25) -0.000 0.000
37 CHOX(53) + CX(26) <=> CHX(28) + OCX(25) 0.000 -0.000
38 CO2(4) + X(1) <=> CO2X(24) 0.000 0.000
39 OCX(25) + OX(20) <=> CO2X(24) + X(1) 0.002 0.002
40 CO2X(24) + HX(19) <=> HOX(22) + OCX(25) -0.052 -0.038
Finished sensitivity simulation for a C/O ratio of 0.9
Finished translating for C/O ratio of 0.9
Starting sensitivity simulation for a C/O ratio of 2.2
0 CH4(2) + X(1) <=> CH4X(48) -0.010 0.017
1 O2(3) + 2 X(1) <=> 2 OX(20) 0.041 0.039
2 H2(6) + 2 X(1) <=> 2 HX(19) -0.010 0.017
3 H(12) + X(1) <=> HX(19) -0.009 -0.010
4 HX(19) + OX(20) <=> HOX(22) + X(1) -0.004 -0.003
5 H2O(5) + 2 X(1) <=> HOX(22) + HX(19) -0.115 -0.056
6 OH(17) + X(1) <=> HOX(22) -0.011 0.016
7 CH4(2) + 2 X(1) <=> CH3X(21) + HX(19) -0.027 -0.000
8 CH4(2) + OX(20) + X(1) <=> CH3X(21) + HOX(22) -0.132 -0.105
9 C2H6(8) + 2 X(1) <=> 2 CH3X(21) 0.006 0.030
10 CH3(10) + X(1) <=> CH3X(21) -0.017 0.013
11 CH3OH(14) + 2 X(1) <=> CH3X(21) + HOX(22) -0.008 0.018
12 CH4(2) + HOX(22) + X(1) <=> CH3X(21) + H2OX(23) -0.010 0.017
13 H2O(5) + X(1) <=> H2OX(23) -0.000 -0.000
14 H2OX(23) + OX(20) <=> 2 HOX(22) -0.021 -0.017
15 HOX(22) + HX(19) <=> H2OX(23) + X(1) -0.000 -0.000
16 CH2X(27) + HX(19) <=> CH3X(21) + X(1) -0.026 -0.020
17 CH2X(27) + HOX(22) <=> CH3X(21) + OX(20) -0.024 0.006
18 CHX(28) + HX(19) <=> CH2X(27) + X(1) -0.000 -0.000
19 CHX(28) + HOX(22) <=> CH2X(27) + OX(20) -0.001 -0.001
20 2 CH2X(27) <=> CH3X(21) + CHX(28) -0.010 0.017
21 CHX(28) + X(1) <=> CX(26) + HX(19) -0.010 0.017
22 CX(26) + H2(6) <=> CH2X(27) -0.010 0.017
23 CX(26) + HOX(22) <=> CHX(28) + OX(20) -0.010 0.017
24 CH3X(21) + CX(26) <=> CH2X(27) + CHX(28) -0.010 0.017
25 CH2X(27) + CX(26) <=> 2 CHX(28) -0.010 0.017
26 CO(7) + X(1) <=> OCX(25) -0.001 -0.001
27 CX(26) + OX(20) <=> OCX(25) + X(1) -0.021 -0.015
28 H2(6) + X(1) <=> H2X(49) 0.000 -0.000
29 CO(7) + X(1) <=> COX(50) -0.010 0.017
30 CH2O(9) + 2 X(1) <=> CHOX(53) + HX(19) -0.010 0.017
31 HCO(15) + X(1) <=> CHOX(53) 0.000 -0.000
32 CH3CHO(16) + 2 X(1) <=> CH3X(21) + CHOX(53) -0.010 0.017
33 CHOX(53) + X(1) <=> HX(19) + OCX(25) -0.010 0.017
34 CHOX(53) + OX(20) <=> HOX(22) + OCX(25) -0.010 0.017
35 CH2X(27) + CHOX(53) <=> CH3X(21) + OCX(25) 0.000 -0.000
36 CHOX(53) + CHX(28) <=> CH2X(27) + OCX(25) -0.010 0.017
37 CHOX(53) + CX(26) <=> CHX(28) + OCX(25) 0.000 -0.000
38 CO2(4) + X(1) <=> CO2X(24) 0.000 -0.000
39 OCX(25) + OX(20) <=> CO2X(24) + X(1) -0.007 0.019
40 CO2X(24) + HX(19) <=> HOX(22) + OCX(25) 0.033 0.049
Finished sensitivity simulation for a C/O ratio of 2.2
Finished translating for C/O ratio of 2.2
Starting sensitivity simulation for a C/O ratio of 1.0
0 CH4(2) + X(1) <=> CH4X(48) -0.000 0.000
1 O2(3) + 2 X(1) <=> 2 OX(20) 0.344 0.247
2 H2(6) + 2 X(1) <=> 2 HX(19) -0.000 -0.000
3 H(12) + X(1) <=> HX(19) 0.000 0.000
4 HX(19) + OX(20) <=> HOX(22) + X(1) -0.004 -0.003
5 H2O(5) + 2 X(1) <=> HOX(22) + HX(19) -0.114 -0.078
6 OH(17) + X(1) <=> HOX(22) -0.004 -0.003
7 CH4(2) + 2 X(1) <=> CH3X(21) + HX(19) -0.000 -0.000
8 CH4(2) + OX(20) + X(1) <=> CH3X(21) + HOX(22) -0.481 -0.358
9 C2H6(8) + 2 X(1) <=> 2 CH3X(21) 0.052 0.038
10 CH3(10) + X(1) <=> CH3X(21) -0.071 -0.045
11 CH3OH(14) + 2 X(1) <=> CH3X(21) + HOX(22) 0.013 0.010
12 CH4(2) + HOX(22) + X(1) <=> CH3X(21) + H2OX(23) -0.000 -0.000
13 H2O(5) + X(1) <=> H2OX(23) -0.000 0.000
14 H2OX(23) + OX(20) <=> 2 HOX(22) 0.006 0.004
15 HOX(22) + HX(19) <=> H2OX(23) + X(1) -0.001 -0.001
16 CH2X(27) + HX(19) <=> CH3X(21) + X(1) -0.050 -0.037
17 CH2X(27) + HOX(22) <=> CH3X(21) + OX(20) -0.058 -0.056
18 CHX(28) + HX(19) <=> CH2X(27) + X(1) -0.000 -0.000
19 CHX(28) + HOX(22) <=> CH2X(27) + OX(20) -0.002 -0.001
20 2 CH2X(27) <=> CH3X(21) + CHX(28) -0.000 0.000
21 CHX(28) + X(1) <=> CX(26) + HX(19) -0.000 0.000
22 CX(26) + H2(6) <=> CH2X(27) -0.000 -0.000
23 CX(26) + HOX(22) <=> CHX(28) + OX(20) -0.000 0.000
24 CH3X(21) + CX(26) <=> CH2X(27) + CHX(28) -0.000 -0.000
25 CH2X(27) + CX(26) <=> 2 CHX(28) -0.000 0.000
26 CO(7) + X(1) <=> OCX(25) 0.001 0.001
27 CX(26) + OX(20) <=> OCX(25) + X(1) -0.022 -0.015
28 H2(6) + X(1) <=> H2X(49) -0.000 0.000
29 CO(7) + X(1) <=> COX(50) -0.000 0.000
30 CH2O(9) + 2 X(1) <=> CHOX(53) + HX(19) -0.000 0.000
31 HCO(15) + X(1) <=> CHOX(53) -0.000 0.000
32 CH3CHO(16) + 2 X(1) <=> CH3X(21) + CHOX(53) -0.000 0.000
33 CHOX(53) + X(1) <=> HX(19) + OCX(25) -0.000 0.000
34 CHOX(53) + OX(20) <=> HOX(22) + OCX(25) -0.000 0.000
35 CH2X(27) + CHOX(53) <=> CH3X(21) + OCX(25) -0.000 0.000
36 CHOX(53) + CHX(28) <=> CH2X(27) + OCX(25) -0.000 0.000
37 CHOX(53) + CX(26) <=> CHX(28) + OCX(25) -0.000 0.000
38 CO2(4) + X(1) <=> CO2X(24) -0.000 0.000
39 OCX(25) + OX(20) <=> CO2X(24) + X(1) 0.002 0.002
40 CO2X(24) + HX(19) <=> HOX(22) + OCX(25) -0.023 -0.017
Finished sensitivity simulation for a C/O ratio of 1.0
Finished translating for C/O ratio of 1.0
Starting thermo sensitivity simulation for a C/O ratio of 2.6
0 X(1) -0.035 -0.043
1 HX(19) -0.036 -0.043
2 OX(20) -0.007 -0.016
3 CH3X(21) -0.036 -0.043
4 HOX(22) -0.036 -0.043
5 H2OX(23) -0.036 -0.043
6 CO2X(24) -0.056 -0.055
7 OCX(25) -0.036 -0.043
8 CX(26) 0.000 0.000
9 CH2X(27) -0.036 -0.043
10 CHX(28) -0.036 -0.043
11 CH4X(48) -0.036 -0.043
12 H2X(49) -0.051 -0.058
13 COX(50) -0.000 0.000
14 CHOX(53) -0.051 -0.058
Finished thermo sensitivity simulation for a C/O ratio of 2.6
Starting thermo sensitivity simulation for a C/O ratio of 1.3
0 X(1) -0.000 -0.001
1 HX(19) -0.028 -0.021
2 OX(20) -0.000 -0.000
3 CH3X(21) -0.028 -0.018
4 HOX(22) 0.000 0.000
5 H2OX(23) -0.000 -0.000
6 CO2X(24) -0.028 -0.018
7 OCX(25) -0.000 -0.000
8 CX(26) -0.028 -0.018
9 CH2X(27) 0.000 0.000
10 CHX(28) -0.028 -0.018
11 CH4X(48) -0.028 -0.021
12 H2X(49) -0.028 -0.018
13 COX(50) -0.028 -0.018
14 CHOX(53) -0.028 -0.021
Finished thermo sensitivity simulation for a C/O ratio of 1.3
Starting thermo sensitivity simulation for a C/O ratio of 2.4
0 X(1) -0.019 -0.011
1 HX(19) -0.000 -0.000
2 OX(20) -0.019 -0.011
3 CH3X(21) -0.019 -0.011
4 HOX(22) -0.000 -0.000
5 H2OX(23) -0.019 -0.011
6 CO2X(24) -0.019 -0.011
7 OCX(25) -0.000 -0.000
8 CX(26) 0.000 0.000
9 CH2X(27) -0.019 -0.011
10 CHX(28) -0.019 -0.011
11 CH4X(48) -0.019 -0.011
12 H2X(49) -0.019 -0.011
13 COX(50) -0.019 -0.011
14 CHOX(53) -0.019 -0.011
Finished thermo sensitivity simulation for a C/O ratio of 2.4
Starting thermo sensitivity simulation for a C/O ratio of 0.7
0 X(1) -0.003 -0.009
1 HX(19) 0.001 0.003
2 OX(20) -0.001 -0.004
3 CH3X(21) -0.000 -0.000
4 HOX(22) 0.001 0.003
5 H2OX(23) 0.000 -0.000
6 CO2X(24) 0.000 0.001
7 OCX(25) -0.000 0.000
8 CX(26) 0.000 0.000
9 CH2X(27) 0.002 0.005
10 CHX(28) 0.000 0.000
11 CH4X(48) -0.000 -0.000
12 H2X(49) 0.000 0.000
13 COX(50) 0.000 0.000
14 CHOX(53) -0.000 -0.000
Finished thermo sensitivity simulation for a C/O ratio of 0.7
Starting thermo sensitivity simulation for a C/O ratio of 2.2
0 X(1) 0.000 0.000
1 HX(19) -0.000 -0.000
2 OX(20) -0.010 0.017
3 CH3X(21) -0.010 0.017
4 HOX(22) -0.000 -0.000
5 H2OX(23) -0.010 0.017
6 CO2X(24) -0.000 -0.000
7 OCX(25) -0.000 -0.000
8 CX(26) 0.000 0.000
9 CH2X(27) -0.010 0.017
10 CHX(28) -0.000 -0.000
11 CH4X(48) -0.010 0.017
12 H2X(49) -0.010 0.017
13 COX(50) -0.010 0.017
14 CHOX(53) -0.010 0.017
Finished thermo sensitivity simulation for a C/O ratio of 2.2
