This mechanism contains 38 gas reactions and 44 surface reactions
Finished simulation at a C/O ratio of 2.6
Finished simulation at a C/O ratio of 2.4
Finished simulation at a C/O ratio of 2.0
Finished simulation at a C/O ratio of 0.6
Finished simulation at a C/O ratio of 1.6
Finished simulation at a C/O ratio of 2.2
Finished simulation at a C/O ratio of 1.8
Finished simulation at a C/O ratio of 1.4
Finished simulation at a C/O ratio of 0.9
Finished simulation at a C/O ratio of 1.2
Finished simulation at a C/O ratio of 1.3
Finished simulation at a C/O ratio of 0.8
Finished simulation at a C/O ratio of 1.1
Finished simulation at a C/O ratio of 1.0
Finished simulation at a C/O ratio of 0.7
Starting sensitivity simulation for a C/O ratio of 2.4
0 CH4(2) + X(1) <=> CH4X(48) 0.000 0.000
1 O2(3) + 2 X(1) <=> 2 OX(20) -0.043 -0.096
2 H2(6) + 2 X(1) <=> 2 HX(19) -0.261 -0.572
3 H(12) + X(1) <=> HX(19) 0.002 0.005
4 HX(19) + OX(20) <=> HOX(22) + X(1) -0.277 -0.609
5 H2O(5) + 2 X(1) <=> HOX(22) + HX(19) 0.104 0.241
6 OH(17) + X(1) <=> HOX(22) -1.314 -2.846
7 CH4(2) + 2 X(1) <=> CH3X(21) + HX(19) -0.302 -0.652
8 CH4(2) + OX(20) + X(1) <=> CH3X(21) + HOX(22) -4.334 -9.877
9 C2H6(8) + 2 X(1) <=> 2 CH3X(21) -0.003 -0.005
10 CH3(10) + X(1) <=> CH3X(21) -0.165 -0.327
11 CH3OH(14) + 2 X(1) <=> CH3X(21) + HOX(22) -0.256 -0.563
12 CH4(2) + HOX(22) + X(1) <=> CH3X(21) + H2OX(23) -0.146 -0.314
13 H2O(5) + X(1) <=> H2OX(23) 0.000 0.000
14 H2OX(23) + OX(20) <=> 2 HOX(22) 0.471 1.064
15 HOX(22) + HX(19) <=> H2OX(23) + X(1) 0.000 0.000
16 CH2X(27) + HX(19) <=> CH3X(21) + X(1) -0.266 -0.581
17 CH2X(27) + HOX(22) <=> CH3X(21) + OX(20) 0.000 0.001
18 CHX(28) + HX(19) <=> CH2X(27) + X(1) 0.000 0.000
19 CHX(28) + HOX(22) <=> CH2X(27) + OX(20) -0.000 -0.000
20 2 CH2X(27) <=> CH3X(21) + CHX(28) 0.000 0.000
21 CHX(28) + X(1) <=> CX(26) + HX(19) -0.261 -0.572
22 CX(26) + H2(6) <=> CH2X(27) -0.000 -0.000
23 CX(26) + HOX(22) <=> CHX(28) + OX(20) -0.000 -0.000
24 CH3X(21) + CX(26) <=> CH2X(27) + CHX(28) -0.000 -0.000
25 CH2X(27) + CX(26) <=> 2 CHX(28) -0.000 -0.000
26 CO(7) + X(1) <=> OCX(25) -0.261 -0.571
27 CX(26) + OX(20) <=> OCX(25) + X(1) -0.261 -0.572
28 H2(6) + X(1) <=> H2X(49) -0.000 -0.000
29 CO2(4) + X(1) <=> CO2X(24) -0.261 -0.572
30 OCX(25) + OX(20) <=> CO2X(24) + X(1) -0.000 -0.000
31 CO2X(24) + HX(19) <=> HOX(22) + OCX(25) -0.040 -0.271
32 CO(7) + X(1) <=> COX(50) -0.261 -0.572
33 CH3OH(14) + X(1) <=> CH4OX(60) 0.000 0.000
34 CH2O(9) + 2 X(1) <=> CHOX(53) + HX(19) 0.000 0.000
35 HCO(15) + X(1) <=> CHOX(53) 0.000 0.000
36 CH3CHO(16) + 2 X(1) <=> CH3X(21) + CHOX(53) 0.000 0.000
37 CHOX(53) + X(1) <=> HX(19) + OCX(25) -0.000 -0.000
38 CHOX(53) + OX(20) <=> HOX(22) + OCX(25) -0.261 -0.572
39 CH2X(27) + CHOX(53) <=> CH3X(21) + OCX(25) -0.261 -0.572
40 CHOX(53) + CHX(28) <=> CH2X(27) + OCX(25) 0.557 1.211
41 CHOX(53) + CX(26) <=> CHX(28) + OCX(25) -0.261 -0.572
42 C2H4(47) + X(1) <=> C2H4X(210) 0.000 0.000
43 C2H4(18) + X(1) <=> C2H4X(65) -0.000 -0.000
Finished sensitivity simulation for a C/O ratio of 2.4
Finished translating for C/O ratio of 2.4
Starting sensitivity simulation for a C/O ratio of 0.6
0 CH4(2) + X(1) <=> CH4X(48) -0.703 -1.136
1 O2(3) + 2 X(1) <=> 2 OX(20) 0.077 0.125
2 H2(6) + 2 X(1) <=> 2 HX(19) -0.703 -1.136
3 H(12) + X(1) <=> HX(19) 0.120 0.193
4 HX(19) + OX(20) <=> HOX(22) + X(1) -0.006 -0.010
5 H2O(5) + 2 X(1) <=> HOX(22) + HX(19) 0.039 0.067
6 OH(17) + X(1) <=> HOX(22) -1.243 -1.945
7 CH4(2) + 2 X(1) <=> CH3X(21) + HX(19) -0.930 -1.500
8 CH4(2) + OX(20) + X(1) <=> CH3X(21) + HOX(22) -8.194 -13.672
9 C2H6(8) + 2 X(1) <=> 2 CH3X(21) -0.001 -0.002
10 CH3(10) + X(1) <=> CH3X(21) -0.139 -0.201
11 CH3OH(14) + 2 X(1) <=> CH3X(21) + HOX(22) 0.002 0.002
12 CH4(2) + HOX(22) + X(1) <=> CH3X(21) + H2OX(23) -0.104 -0.165
13 H2O(5) + X(1) <=> H2OX(23) 0.088 0.142
14 H2OX(23) + OX(20) <=> 2 HOX(22) 0.537 0.910
15 HOX(22) + HX(19) <=> H2OX(23) + X(1) 0.000 0.000
16 CH2X(27) + HX(19) <=> CH3X(21) + X(1) 0.116 0.189
17 CH2X(27) + HOX(22) <=> CH3X(21) + OX(20) 0.088 0.142
18 CHX(28) + HX(19) <=> CH2X(27) + X(1) 0.000 0.000
19 CHX(28) + HOX(22) <=> CH2X(27) + OX(20) -0.000 -0.000
20 2 CH2X(27) <=> CH3X(21) + CHX(28) -0.703 -1.136
21 CHX(28) + X(1) <=> CX(26) + HX(19) -0.000 -0.000
22 CX(26) + H2(6) <=> CH2X(27) -0.703 -1.136
23 CX(26) + HOX(22) <=> CHX(28) + OX(20) -0.703 -1.136
24 CH3X(21) + CX(26) <=> CH2X(27) + CHX(28) -0.000 -0.000
25 CH2X(27) + CX(26) <=> 2 CHX(28) -0.000 -0.000
26 CO(7) + X(1) <=> OCX(25) 0.088 0.142
27 CX(26) + OX(20) <=> OCX(25) + X(1) -0.703 -1.136
28 H2(6) + X(1) <=> H2X(49) -0.703 -1.136
29 CO2(4) + X(1) <=> CO2X(24) -0.000 -0.000
30 OCX(25) + OX(20) <=> CO2X(24) + X(1) 0.000 -0.000
31 CO2X(24) + HX(19) <=> HOX(22) + OCX(25) 0.092 -0.046
32 CO(7) + X(1) <=> COX(50) -0.000 -0.000
33 CH3OH(14) + X(1) <=> CH4OX(60) -0.703 -1.136
34 CH2O(9) + 2 X(1) <=> CHOX(53) + HX(19) -0.703 -1.136
35 HCO(15) + X(1) <=> CHOX(53) 0.088 0.142
36 CH3CHO(16) + 2 X(1) <=> CH3X(21) + CHOX(53) -0.703 -1.136
37 CHOX(53) + X(1) <=> HX(19) + OCX(25) 0.088 0.142
38 CHOX(53) + OX(20) <=> HOX(22) + OCX(25) -0.000 -0.000
39 CH2X(27) + CHOX(53) <=> CH3X(21) + OCX(25) -0.703 -1.136
40 CHOX(53) + CHX(28) <=> CH2X(27) + OCX(25) -0.703 -1.136
41 CHOX(53) + CX(26) <=> CHX(28) + OCX(25) 0.088 0.142
42 C2H4(47) + X(1) <=> C2H4X(210) -0.000 -0.000
43 C2H4(18) + X(1) <=> C2H4X(65) -0.000 -0.000
Finished sensitivity simulation for a C/O ratio of 0.6
Finished translating for C/O ratio of 0.6
Starting sensitivity simulation for a C/O ratio of 2.6
0 CH4(2) + X(1) <=> CH4X(48) 0.445 0.827
1 O2(3) + 2 X(1) <=> 2 OX(20) 0.397 0.738
2 H2(6) + 2 X(1) <=> 2 HX(19) 0.445 0.827
3 H(12) + X(1) <=> HX(19) 1.033 1.913
4 HX(19) + OX(20) <=> HOX(22) + X(1) 0.430 0.798
5 H2O(5) + 2 X(1) <=> HOX(22) + HX(19) 0.540 1.016
6 OH(17) + X(1) <=> HOX(22) -0.609 -1.079
7 CH4(2) + 2 X(1) <=> CH3X(21) + HX(19) 0.104 0.205
8 CH4(2) + OX(20) + X(1) <=> CH3X(21) + HOX(22) -4.656 -8.957
9 C2H6(8) + 2 X(1) <=> 2 CH3X(21) -0.002 -0.003
10 CH3(10) + X(1) <=> CH3X(21) 0.310 0.601
11 CH3OH(14) + 2 X(1) <=> CH3X(21) + HOX(22) 0.446 0.828
12 CH4(2) + HOX(22) + X(1) <=> CH3X(21) + H2OX(23) 0.281 0.529
13 H2O(5) + X(1) <=> H2OX(23) 0.445 0.827
14 H2OX(23) + OX(20) <=> 2 HOX(22) 1.049 1.981
15 HOX(22) + HX(19) <=> H2OX(23) + X(1) 0.445 0.827
16 CH2X(27) + HX(19) <=> CH3X(21) + X(1) 0.443 0.826
17 CH2X(27) + HOX(22) <=> CH3X(21) + OX(20) 0.445 0.828
18 CHX(28) + HX(19) <=> CH2X(27) + X(1) 0.000 0.000
19 CHX(28) + HOX(22) <=> CH2X(27) + OX(20) 0.445 0.827
20 2 CH2X(27) <=> CH3X(21) + CHX(28) 0.445 0.827
21 CHX(28) + X(1) <=> CX(26) + HX(19) 0.445 0.827
22 CX(26) + H2(6) <=> CH2X(27) 0.445 0.827
23 CX(26) + HOX(22) <=> CHX(28) + OX(20) 0.445 0.827
24 CH3X(21) + CX(26) <=> CH2X(27) + CHX(28) 0.445 0.827
25 CH2X(27) + CX(26) <=> 2 CHX(28) -0.000 -0.000
26 CO(7) + X(1) <=> OCX(25) 0.445 0.827
27 CX(26) + OX(20) <=> OCX(25) + X(1) -0.000 -0.000
28 H2(6) + X(1) <=> H2X(49) 0.445 0.827
29 CO2(4) + X(1) <=> CO2X(24) 0.445 0.827
30 OCX(25) + OX(20) <=> CO2X(24) + X(1) 0.445 0.827
31 CO2X(24) + HX(19) <=> HOX(22) + OCX(25) 0.455 0.670
32 CO(7) + X(1) <=> COX(50) 0.000 0.000
33 CH3OH(14) + X(1) <=> CH4OX(60) 0.445 0.827
34 CH2O(9) + 2 X(1) <=> CHOX(53) + HX(19) 0.445 0.827
35 HCO(15) + X(1) <=> CHOX(53) 0.445 0.827
36 CH3CHO(16) + 2 X(1) <=> CH3X(21) + CHOX(53) 0.445 0.827
37 CHOX(53) + X(1) <=> HX(19) + OCX(25) 0.445 0.827
38 CHOX(53) + OX(20) <=> HOX(22) + OCX(25) 0.445 0.827
39 CH2X(27) + CHOX(53) <=> CH3X(21) + OCX(25) -0.000 -0.000
40 CHOX(53) + CHX(28) <=> CH2X(27) + OCX(25) 0.000 0.000
41 CHOX(53) + CX(26) <=> CHX(28) + OCX(25) 0.445 0.827
42 C2H4(47) + X(1) <=> C2H4X(210) 0.445 0.827
43 C2H4(18) + X(1) <=> C2H4X(65) 0.000 0.000
Finished sensitivity simulation for a C/O ratio of 2.6
Finished translating for C/O ratio of 2.6
Starting sensitivity simulation for a C/O ratio of 2.2
0 CH4(2) + X(1) <=> CH4X(48) 0.406 1.058
1 O2(3) + 2 X(1) <=> 2 OX(20) -0.039 -0.110
2 H2(6) + 2 X(1) <=> 2 HX(19) 0.406 1.057
3 H(12) + X(1) <=> HX(19) 0.409 1.065
4 HX(19) + OX(20) <=> HOX(22) + X(1) 0.388 1.008
5 H2O(5) + 2 X(1) <=> HOX(22) + HX(19) 0.519 1.368
6 OH(17) + X(1) <=> HOX(22) -0.306 -0.742
7 CH4(2) + 2 X(1) <=> CH3X(21) + HX(19) 0.132 0.354
8 CH4(2) + OX(20) + X(1) <=> CH3X(21) + HOX(22) -3.814 -10.150
9 C2H6(8) + 2 X(1) <=> 2 CH3X(21) 0.404 1.052
10 CH3(10) + X(1) <=> CH3X(21) 0.203 0.583
11 CH3OH(14) + 2 X(1) <=> CH3X(21) + HOX(22) 0.407 1.059
12 CH4(2) + HOX(22) + X(1) <=> CH3X(21) + H2OX(23) -0.137 -0.354
13 H2O(5) + X(1) <=> H2OX(23) 0.406 1.058
14 H2OX(23) + OX(20) <=> 2 HOX(22) 0.890 2.346
15 HOX(22) + HX(19) <=> H2OX(23) + X(1) 0.406 1.059
16 CH2X(27) + HX(19) <=> CH3X(21) + X(1) 0.405 1.056
17 CH2X(27) + HOX(22) <=> CH3X(21) + OX(20) 0.407 1.060
18 CHX(28) + HX(19) <=> CH2X(27) + X(1) 0.004 0.010
19 CHX(28) + HOX(22) <=> CH2X(27) + OX(20) 0.406 1.058
20 2 CH2X(27) <=> CH3X(21) + CHX(28) 0.406 1.058
21 CHX(28) + X(1) <=> CX(26) + HX(19) 0.406 1.058
22 CX(26) + H2(6) <=> CH2X(27) 0.406 1.058
23 CX(26) + HOX(22) <=> CHX(28) + OX(20) 0.406 1.058
24 CH3X(21) + CX(26) <=> CH2X(27) + CHX(28) 0.004 0.010
25 CH2X(27) + CX(26) <=> 2 CHX(28) 0.406 1.058
26 CO(7) + X(1) <=> OCX(25) 0.406 1.059
27 CX(26) + OX(20) <=> OCX(25) + X(1) -0.000 -0.000
28 H2(6) + X(1) <=> H2X(49) 0.406 1.058
29 CO2(4) + X(1) <=> CO2X(24) 0.004 0.010
30 OCX(25) + OX(20) <=> CO2X(24) + X(1) 0.406 1.058
31 CO2X(24) + HX(19) <=> HOX(22) + OCX(25) 0.717 1.677
32 CO(7) + X(1) <=> COX(50) 0.406 1.058
33 CH3OH(14) + X(1) <=> CH4OX(60) 0.406 1.058
34 CH2O(9) + 2 X(1) <=> CHOX(53) + HX(19) 0.406 1.058
35 HCO(15) + X(1) <=> CHOX(53) 0.406 1.058
36 CH3CHO(16) + 2 X(1) <=> CH3X(21) + CHOX(53) 0.406 1.058
37 CHOX(53) + X(1) <=> HX(19) + OCX(25) 0.406 1.058
38 CHOX(53) + OX(20) <=> HOX(22) + OCX(25) 0.406 1.058
39 CH2X(27) + CHOX(53) <=> CH3X(21) + OCX(25) 0.551 1.432
40 CHOX(53) + CHX(28) <=> CH2X(27) + OCX(25) 0.406 1.058
41 CHOX(53) + CX(26) <=> CHX(28) + OCX(25) 0.406 1.058
42 C2H4(47) + X(1) <=> C2H4X(210) 0.406 1.058
43 C2H4(18) + X(1) <=> C2H4X(65) 0.406 1.058
Finished sensitivity simulation for a C/O ratio of 2.2
Finished translating for C/O ratio of 2.2
Starting sensitivity simulation for a C/O ratio of 2.0
0 CH4(2) + X(1) <=> CH4X(48) -0.320 -0.538
1 O2(3) + 2 X(1) <=> 2 OX(20) -0.067 -0.174
2 H2(6) + 2 X(1) <=> 2 HX(19) -0.001 -0.001
3 H(12) + X(1) <=> HX(19) 0.004 0.007
4 HX(19) + OX(20) <=> HOX(22) + X(1) -0.026 -0.045
5 H2O(5) + 2 X(1) <=> HOX(22) + HX(19) -0.157 -0.272
6 OH(17) + X(1) <=> HOX(22) -1.410 -2.276
7 CH4(2) + 2 X(1) <=> CH3X(21) + HX(19) -0.625 -1.038
8 CH4(2) + OX(20) + X(1) <=> CH3X(21) + HOX(22) -5.568 -8.438
9 C2H6(8) + 2 X(1) <=> 2 CH3X(21) -0.003 -0.005
10 CH3(10) + X(1) <=> CH3X(21) -0.304 -0.468
11 CH3OH(14) + 2 X(1) <=> CH3X(21) + HOX(22) -0.316 -0.530
12 CH4(2) + HOX(22) + X(1) <=> CH3X(21) + H2OX(23) -0.162 -0.272
13 H2O(5) + X(1) <=> H2OX(23) 0.000 0.000
14 H2OX(23) + OX(20) <=> 2 HOX(22) 0.652 1.128
15 HOX(22) + HX(19) <=> H2OX(23) + X(1) 0.000 0.000
16 CH2X(27) + HX(19) <=> CH3X(21) + X(1) -0.297 -0.498
17 CH2X(27) + HOX(22) <=> CH3X(21) + OX(20) -0.322 -0.540
18 CHX(28) + HX(19) <=> CH2X(27) + X(1) -0.295 -0.496
19 CHX(28) + HOX(22) <=> CH2X(27) + OX(20) -0.000 -0.000
20 2 CH2X(27) <=> CH3X(21) + CHX(28) -0.000 -0.000
21 CHX(28) + X(1) <=> CX(26) + HX(19) 0.000 -0.000
22 CX(26) + H2(6) <=> CH2X(27) -0.000 -0.000
23 CX(26) + HOX(22) <=> CHX(28) + OX(20) -0.000 -0.000
24 CH3X(21) + CX(26) <=> CH2X(27) + CHX(28) -0.000 -0.000
25 CH2X(27) + CX(26) <=> 2 CHX(28) -0.295 -0.496
26 CO(7) + X(1) <=> OCX(25) 0.000 0.000
27 CX(26) + OX(20) <=> OCX(25) + X(1) -0.000 -0.000
28 H2(6) + X(1) <=> H2X(49) -0.000 -0.000
29 CO2(4) + X(1) <=> CO2X(24) -0.000 -0.000
30 OCX(25) + OX(20) <=> CO2X(24) + X(1) 0.718 1.234
31 CO2X(24) + HX(19) <=> HOX(22) + OCX(25) -0.182 -0.364
32 CO(7) + X(1) <=> COX(50) -0.000 -0.000
33 CH3OH(14) + X(1) <=> CH4OX(60) 0.718 1.234
34 CH2O(9) + 2 X(1) <=> CHOX(53) + HX(19) -0.295 -0.496
35 HCO(15) + X(1) <=> CHOX(53) -0.000 -0.000
36 CH3CHO(16) + 2 X(1) <=> CH3X(21) + CHOX(53) 0.000 -0.000
37 CHOX(53) + X(1) <=> HX(19) + OCX(25) -0.000 -0.000
38 CHOX(53) + OX(20) <=> HOX(22) + OCX(25) -0.320 -0.538
39 CH2X(27) + CHOX(53) <=> CH3X(21) + OCX(25) -0.000 -0.000
40 CHOX(53) + CHX(28) <=> CH2X(27) + OCX(25) -0.000 -0.000
41 CHOX(53) + CX(26) <=> CHX(28) + OCX(25) -0.000 -0.000
42 C2H4(47) + X(1) <=> C2H4X(210) -0.000 -0.000
43 C2H4(18) + X(1) <=> C2H4X(65) -0.000 -0.000
Finished sensitivity simulation for a C/O ratio of 2.0
Finished translating for C/O ratio of 2.0
Starting sensitivity simulation for a C/O ratio of 1.4
0 CH4(2) + X(1) <=> CH4X(48) 0.159 0.233
1 O2(3) + 2 X(1) <=> 2 OX(20) 0.175 0.159
2 H2(6) + 2 X(1) <=> 2 HX(19) 0.158 0.233
3 H(12) + X(1) <=> HX(19) 0.159 0.233
4 HX(19) + OX(20) <=> HOX(22) + X(1) 0.159 0.232
5 H2O(5) + 2 X(1) <=> HOX(22) + HX(19) 0.216 0.309
6 OH(17) + X(1) <=> HOX(22) -0.126 -0.177
7 CH4(2) + 2 X(1) <=> CH3X(21) + HX(19) 0.064 0.096
8 CH4(2) + OX(20) + X(1) <=> CH3X(21) + HOX(22) -1.540 -2.275
9 C2H6(8) + 2 X(1) <=> 2 CH3X(21) 0.159 0.233
10 CH3(10) + X(1) <=> CH3X(21) -0.038 0.019
11 CH3OH(14) + 2 X(1) <=> CH3X(21) + HOX(22) 0.002 0.002
12 CH4(2) + HOX(22) + X(1) <=> CH3X(21) + H2OX(23) 0.111 0.162
13 H2O(5) + X(1) <=> H2OX(23) 0.159 0.233
14 H2OX(23) + OX(20) <=> 2 HOX(22) 0.426 0.625
15 HOX(22) + HX(19) <=> H2OX(23) + X(1) 0.159 0.233
16 CH2X(27) + HX(19) <=> CH3X(21) + X(1) -0.003 -0.003
17 CH2X(27) + HOX(22) <=> CH3X(21) + OX(20) 0.159 0.233
18 CHX(28) + HX(19) <=> CH2X(27) + X(1) 0.000 0.000
19 CHX(28) + HOX(22) <=> CH2X(27) + OX(20) 0.160 0.233
20 2 CH2X(27) <=> CH3X(21) + CHX(28) 0.159 0.233
21 CHX(28) + X(1) <=> CX(26) + HX(19) 0.159 0.233
22 CX(26) + H2(6) <=> CH2X(27) 0.160 0.234
23 CX(26) + HOX(22) <=> CHX(28) + OX(20) 0.159 0.233
24 CH3X(21) + CX(26) <=> CH2X(27) + CHX(28) 0.159 0.232
25 CH2X(27) + CX(26) <=> 2 CHX(28) 0.000 -0.000
26 CO(7) + X(1) <=> OCX(25) 0.000 0.000
27 CX(26) + OX(20) <=> OCX(25) + X(1) 0.142 0.216
28 H2(6) + X(1) <=> H2X(49) 0.160 0.234
29 CO2(4) + X(1) <=> CO2X(24) 0.159 0.233
30 OCX(25) + OX(20) <=> CO2X(24) + X(1) 0.160 0.234
31 CO2X(24) + HX(19) <=> HOX(22) + OCX(25) 0.096 0.124
32 CO(7) + X(1) <=> COX(50) 0.159 0.233
33 CH3OH(14) + X(1) <=> CH4OX(60) 0.159 0.233
34 CH2O(9) + 2 X(1) <=> CHOX(53) + HX(19) 0.170 0.249
35 HCO(15) + X(1) <=> CHOX(53) 0.159 0.233
36 CH3CHO(16) + 2 X(1) <=> CH3X(21) + CHOX(53) 0.159 0.233
37 CHOX(53) + X(1) <=> HX(19) + OCX(25) 0.000 0.000
38 CHOX(53) + OX(20) <=> HOX(22) + OCX(25) 0.000 0.000
39 CH2X(27) + CHOX(53) <=> CH3X(21) + OCX(25) 0.159 0.233
40 CHOX(53) + CHX(28) <=> CH2X(27) + OCX(25) 0.000 0.000
41 CHOX(53) + CX(26) <=> CHX(28) + OCX(25) 0.157 0.229
42 C2H4(47) + X(1) <=> C2H4X(210) 0.159 0.233
43 C2H4(18) + X(1) <=> C2H4X(65) 0.159 0.233
Finished sensitivity simulation for a C/O ratio of 1.4
Finished translating for C/O ratio of 1.4
Starting sensitivity simulation for a C/O ratio of 1.0
0 CH4(2) + X(1) <=> CH4X(48) 0.000 -0.000
1 O2(3) + 2 X(1) <=> 2 OX(20) -0.643 -1.081
2 H2(6) + 2 X(1) <=> 2 HX(19) -0.589 -0.882
3 H(12) + X(1) <=> HX(19) 0.004 0.006
4 HX(19) + OX(20) <=> HOX(22) + X(1) -0.016 -0.026
5 H2O(5) + 2 X(1) <=> HOX(22) + HX(19) 0.115 0.167
6 OH(17) + X(1) <=> HOX(22) -1.184 -1.790
7 CH4(2) + 2 X(1) <=> CH3X(21) + HX(19) -0.071 -0.105
8 CH4(2) + OX(20) + X(1) <=> CH3X(21) + HOX(22) -4.814 -7.409
9 C2H6(8) + 2 X(1) <=> 2 CH3X(21) 0.625 0.934
10 CH3(10) + X(1) <=> CH3X(21) -0.233 -0.228
11 CH3OH(14) + 2 X(1) <=> CH3X(21) + HOX(22) -0.069 -0.104
12 CH4(2) + HOX(22) + X(1) <=> CH3X(21) + H2OX(23) -0.070 -0.105
13 H2O(5) + X(1) <=> H2OX(23) 0.085 0.128
14 H2OX(23) + OX(20) <=> 2 HOX(22) 0.678 1.016
15 HOX(22) + HX(19) <=> H2OX(23) + X(1) 0.000 0.000
16 CH2X(27) + HX(19) <=> CH3X(21) + X(1) 0.625 0.933
17 CH2X(27) + HOX(22) <=> CH3X(21) + OX(20) -0.069 -0.104
18 CHX(28) + HX(19) <=> CH2X(27) + X(1) -0.620 -0.931
19 CHX(28) + HOX(22) <=> CH2X(27) + OX(20) 0.002 0.002
20 2 CH2X(27) <=> CH3X(21) + CHX(28) 0.000 0.000
21 CHX(28) + X(1) <=> CX(26) + HX(19) 0.000 0.000
22 CX(26) + H2(6) <=> CH2X(27) -0.000 -0.000
23 CX(26) + HOX(22) <=> CHX(28) + OX(20) 0.000 0.000
24 CH3X(21) + CX(26) <=> CH2X(27) + CHX(28) -0.000 -0.000
25 CH2X(27) + CX(26) <=> 2 CHX(28) 0.000 0.000
26 CO(7) + X(1) <=> OCX(25) 0.000 0.000
27 CX(26) + OX(20) <=> OCX(25) + X(1) -0.615 -0.910
28 H2(6) + X(1) <=> H2X(49) 0.000 -0.000
29 CO2(4) + X(1) <=> CO2X(24) -0.586 -0.880
30 OCX(25) + OX(20) <=> CO2X(24) + X(1) 0.626 0.934
31 CO2X(24) + HX(19) <=> HOX(22) + OCX(25) -0.047 -0.083
32 CO(7) + X(1) <=> COX(50) 0.000 -0.000
33 CH3OH(14) + X(1) <=> CH4OX(60) -0.620 -0.931
34 CH2O(9) + 2 X(1) <=> CHOX(53) + HX(19) 0.000 0.000
35 HCO(15) + X(1) <=> CHOX(53) -0.000 -0.000
36 CH3CHO(16) + 2 X(1) <=> CH3X(21) + CHOX(53) -0.586 -0.880
37 CHOX(53) + X(1) <=> HX(19) + OCX(25) -0.069 -0.104
38 CHOX(53) + OX(20) <=> HOX(22) + OCX(25) -0.620 -0.931
39 CH2X(27) + CHOX(53) <=> CH3X(21) + OCX(25) -0.000 -0.000
40 CHOX(53) + CHX(28) <=> CH2X(27) + OCX(25) 0.000 0.000
41 CHOX(53) + CX(26) <=> CHX(28) + OCX(25) 0.085 0.128
42 C2H4(47) + X(1) <=> C2H4X(210) 0.000 0.000
43 C2H4(18) + X(1) <=> C2H4X(65) 0.000 -0.000
Finished sensitivity simulation for a C/O ratio of 1.0
Finished translating for C/O ratio of 1.0
Starting sensitivity simulation for a C/O ratio of 1.1
0 CH4(2) + X(1) <=> CH4X(48) -0.402 -0.621
1 O2(3) + 2 X(1) <=> 2 OX(20) -0.018 -0.137
2 H2(6) + 2 X(1) <=> 2 HX(19) 0.196 0.302
3 H(12) + X(1) <=> HX(19) 0.000 0.001
4 HX(19) + OX(20) <=> HOX(22) + X(1) -0.166 -0.257
5 H2O(5) + 2 X(1) <=> HOX(22) + HX(19) -0.430 -0.673
6 OH(17) + X(1) <=> HOX(22) -1.177 -1.830
7 CH4(2) + 2 X(1) <=> CH3X(21) + HX(19) -0.277 -0.427
8 CH4(2) + OX(20) + X(1) <=> CH3X(21) + HOX(22) -2.723 -4.272
9 C2H6(8) + 2 X(1) <=> 2 CH3X(21) -0.507 -0.783
10 CH3(10) + X(1) <=> CH3X(21) -0.434 -0.561
11 CH3OH(14) + 2 X(1) <=> CH3X(21) + HOX(22) -0.156 -0.241
12 CH4(2) + HOX(22) + X(1) <=> CH3X(21) + H2OX(23) -0.001 -0.001
13 H2O(5) + X(1) <=> H2OX(23) -0.156 -0.241
14 H2OX(23) + OX(20) <=> 2 HOX(22) -0.154 -0.234
15 HOX(22) + HX(19) <=> H2OX(23) + X(1) -0.156 -0.241
16 CH2X(27) + HX(19) <=> CH3X(21) + X(1) -0.001 -0.001
17 CH2X(27) + HOX(22) <=> CH3X(21) + OX(20) -0.402 -0.621
18 CHX(28) + HX(19) <=> CH2X(27) + X(1) 0.000 0.000
19 CHX(28) + HOX(22) <=> CH2X(27) + OX(20) -0.504 -0.780
20 2 CH2X(27) <=> CH3X(21) + CHX(28) -0.156 -0.242
21 CHX(28) + X(1) <=> CX(26) + HX(19) -0.505 -0.782
22 CX(26) + H2(6) <=> CH2X(27) -0.506 -0.782
23 CX(26) + HOX(22) <=> CHX(28) + OX(20) 0.000 0.000
24 CH3X(21) + CX(26) <=> CH2X(27) + CHX(28) -0.000 -0.000
25 CH2X(27) + CX(26) <=> 2 CHX(28) -0.000 -0.000
26 CO(7) + X(1) <=> OCX(25) -0.453 -0.700
27 CX(26) + OX(20) <=> OCX(25) + X(1) -0.431 -0.649
28 H2(6) + X(1) <=> H2X(49) -0.000 0.000
29 CO2(4) + X(1) <=> CO2X(24) 0.000 0.000
30 OCX(25) + OX(20) <=> CO2X(24) + X(1) -0.157 -0.242
31 CO2X(24) + HX(19) <=> HOX(22) + OCX(25) -0.614 -0.965
32 CO(7) + X(1) <=> COX(50) -0.000 0.000
33 CH3OH(14) + X(1) <=> CH4OX(60) -0.402 -0.621
34 CH2O(9) + 2 X(1) <=> CHOX(53) + HX(19) -0.156 -0.242
35 HCO(15) + X(1) <=> CHOX(53) -0.000 0.000
36 CH3CHO(16) + 2 X(1) <=> CH3X(21) + CHOX(53) -0.156 -0.242
37 CHOX(53) + X(1) <=> HX(19) + OCX(25) -0.402 -0.621
38 CHOX(53) + OX(20) <=> HOX(22) + OCX(25) -0.156 -0.242
39 CH2X(27) + CHOX(53) <=> CH3X(21) + OCX(25) -0.505 -0.782
40 CHOX(53) + CHX(28) <=> CH2X(27) + OCX(25) -0.402 -0.621
41 CHOX(53) + CX(26) <=> CHX(28) + OCX(25) -0.505 -0.782
42 C2H4(47) + X(1) <=> C2H4X(210) -0.156 -0.242
43 C2H4(18) + X(1) <=> C2H4X(65) 0.198 0.304
Finished sensitivity simulation for a C/O ratio of 1.1
Finished translating for C/O ratio of 1.1
Starting sensitivity simulation for a C/O ratio of 0.7
0 CH4(2) + X(1) <=> CH4X(48) 0.737 1.573
1 O2(3) + 2 X(1) <=> 2 OX(20) -0.697 -1.512
2 H2(6) + 2 X(1) <=> 2 HX(19) -0.138 -0.297
3 H(12) + X(1) <=> HX(19) 0.003 0.007
4 HX(19) + OX(20) <=> HOX(22) + X(1) -0.690 -1.498
5 H2O(5) + 2 X(1) <=> HOX(22) + HX(19) -0.065 -0.131
6 OH(17) + X(1) <=> HOX(22) -2.246 -4.891
7 CH4(2) + 2 X(1) <=> CH3X(21) + HX(19) -0.927 -2.012
8 CH4(2) + OX(20) + X(1) <=> CH3X(21) + HOX(22) -8.100 -19.109
9 C2H6(8) + 2 X(1) <=> 2 CH3X(21) -0.140 -0.302
10 CH3(10) + X(1) <=> CH3X(21) -0.928 -1.973
11 CH3OH(14) + 2 X(1) <=> CH3X(21) + HOX(22) -0.136 -0.294
12 CH4(2) + HOX(22) + X(1) <=> CH3X(21) + H2OX(23) -0.252 -0.541
13 H2O(5) + X(1) <=> H2OX(23) -0.138 -0.297
14 H2OX(23) + OX(20) <=> 2 HOX(22) 0.570 1.268
15 HOX(22) + HX(19) <=> H2OX(23) + X(1) -0.679 -1.473
16 CH2X(27) + HX(19) <=> CH3X(21) + X(1) -0.686 -1.488
17 CH2X(27) + HOX(22) <=> CH3X(21) + OX(20) 0.059 0.127
18 CHX(28) + HX(19) <=> CH2X(27) + X(1) -0.679 -1.473
19 CHX(28) + HOX(22) <=> CH2X(27) + OX(20) -0.138 -0.297
20 2 CH2X(27) <=> CH3X(21) + CHX(28) -0.000 -0.000
21 CHX(28) + X(1) <=> CX(26) + HX(19) -0.138 -0.297
22 CX(26) + H2(6) <=> CH2X(27) -0.138 -0.297
23 CX(26) + HOX(22) <=> CHX(28) + OX(20) -0.000 -0.000
24 CH3X(21) + CX(26) <=> CH2X(27) + CHX(28) -0.000 -0.000
25 CH2X(27) + CX(26) <=> 2 CHX(28) -0.138 -0.297
26 CO(7) + X(1) <=> OCX(25) -0.138 -0.296
27 CX(26) + OX(20) <=> OCX(25) + X(1) -0.679 -1.473
28 H2(6) + X(1) <=> H2X(49) -0.138 -0.297
29 CO2(4) + X(1) <=> CO2X(24) -0.138 -0.297
30 OCX(25) + OX(20) <=> CO2X(24) + X(1) -0.679 -1.474
31 CO2X(24) + HX(19) <=> HOX(22) + OCX(25) -0.789 -1.916
32 CO(7) + X(1) <=> COX(50) -0.138 -0.297
33 CH3OH(14) + X(1) <=> CH4OX(60) -0.138 -0.297
34 CH2O(9) + 2 X(1) <=> CHOX(53) + HX(19) -0.679 -1.473
35 HCO(15) + X(1) <=> CHOX(53) 0.106 0.227
36 CH3CHO(16) + 2 X(1) <=> CH3X(21) + CHOX(53) -0.000 -0.000
37 CHOX(53) + X(1) <=> HX(19) + OCX(25) -0.138 -0.297
38 CHOX(53) + OX(20) <=> HOX(22) + OCX(25) -0.679 -1.473
39 CH2X(27) + CHOX(53) <=> CH3X(21) + OCX(25) -0.138 -0.297
40 CHOX(53) + CHX(28) <=> CH2X(27) + OCX(25) -0.679 -1.473
41 CHOX(53) + CX(26) <=> CHX(28) + OCX(25) -0.138 -0.297
42 C2H4(47) + X(1) <=> C2H4X(210) -0.138 -0.297
43 C2H4(18) + X(1) <=> C2H4X(65) 0.059 0.127
Finished sensitivity simulation for a C/O ratio of 0.7
Finished translating for C/O ratio of 0.7
Starting sensitivity simulation for a C/O ratio of 1.6
0 CH4(2) + X(1) <=> CH4X(48) 0.000 -0.000
1 O2(3) + 2 X(1) <=> 2 OX(20) 0.002 -0.082
2 H2(6) + 2 X(1) <=> 2 HX(19) -0.001 -0.000
3 H(12) + X(1) <=> HX(19) 0.002 0.003
4 HX(19) + OX(20) <=> HOX(22) + X(1) -0.008 -0.012
5 H2O(5) + 2 X(1) <=> HOX(22) + HX(19) 0.004 0.000
6 OH(17) + X(1) <=> HOX(22) -0.544 -0.732
7 CH4(2) + 2 X(1) <=> CH3X(21) + HX(19) -0.187 -0.255
8 CH4(2) + OX(20) + X(1) <=> CH3X(21) + HOX(22) -1.881 -2.594
9 C2H6(8) + 2 X(1) <=> 2 CH3X(21) -0.044 -0.060
10 CH3(10) + X(1) <=> CH3X(21) -0.129 -0.124
11 CH3OH(14) + 2 X(1) <=> CH3X(21) + HOX(22) -0.000 -0.000
12 CH4(2) + HOX(22) + X(1) <=> CH3X(21) + H2OX(23) -0.134 -0.182
13 H2O(5) + X(1) <=> H2OX(23) 0.000 0.000
14 H2OX(23) + OX(20) <=> 2 HOX(22) 0.264 0.364
15 HOX(22) + HX(19) <=> H2OX(23) + X(1) 0.001 0.002
16 CH2X(27) + HX(19) <=> CH3X(21) + X(1) -0.044 -0.061
17 CH2X(27) + HOX(22) <=> CH3X(21) + OX(20) 0.000 0.000
18 CHX(28) + HX(19) <=> CH2X(27) + X(1) 0.000 0.000
19 CHX(28) + HOX(22) <=> CH2X(27) + OX(20) 0.000 0.000
20 2 CH2X(27) <=> CH3X(21) + CHX(28) 0.000 -0.000
21 CHX(28) + X(1) <=> CX(26) + HX(19) 0.000 -0.000
22 CX(26) + H2(6) <=> CH2X(27) -0.075 -0.102
23 CX(26) + HOX(22) <=> CHX(28) + OX(20) -0.000 -0.000
24 CH3X(21) + CX(26) <=> CH2X(27) + CHX(28) -0.075 -0.102
25 CH2X(27) + CX(26) <=> 2 CHX(28) -0.044 -0.060
26 CO(7) + X(1) <=> OCX(25) 0.001 0.002
27 CX(26) + OX(20) <=> OCX(25) + X(1) -0.010 -0.011
28 H2(6) + X(1) <=> H2X(49) -0.000 -0.000
29 CO2(4) + X(1) <=> CO2X(24) 0.000 -0.000
30 OCX(25) + OX(20) <=> CO2X(24) + X(1) 0.001 0.002
31 CO2X(24) + HX(19) <=> HOX(22) + OCX(25) -0.139 -0.209
32 CO(7) + X(1) <=> COX(50) 0.001 0.002
33 CH3OH(14) + X(1) <=> CH4OX(60) 0.000 -0.000
34 CH2O(9) + 2 X(1) <=> CHOX(53) + HX(19) 0.000 -0.000
35 HCO(15) + X(1) <=> CHOX(53) 0.253 0.346
36 CH3CHO(16) + 2 X(1) <=> CH3X(21) + CHOX(53) 0.000 -0.000
37 CHOX(53) + X(1) <=> HX(19) + OCX(25) 0.001 0.002
38 CHOX(53) + OX(20) <=> HOX(22) + OCX(25) 0.001 0.002
39 CH2X(27) + CHOX(53) <=> CH3X(21) + OCX(25) 0.000 -0.000
40 CHOX(53) + CHX(28) <=> CH2X(27) + OCX(25) 0.001 0.002
41 CHOX(53) + CX(26) <=> CHX(28) + OCX(25) 0.000 -0.000
42 C2H4(47) + X(1) <=> C2H4X(210) 0.560 0.766
43 C2H4(18) + X(1) <=> C2H4X(65) 0.000 -0.000
Finished sensitivity simulation for a C/O ratio of 1.6
Finished translating for C/O ratio of 1.6
Starting sensitivity simulation for a C/O ratio of 1.8
0 CH4(2) + X(1) <=> CH4X(48) 0.371 0.479
1 O2(3) + 2 X(1) <=> 2 OX(20) -0.021 -0.098
2 H2(6) + 2 X(1) <=> 2 HX(19) -0.000 0.000
3 H(12) + X(1) <=> HX(19) -0.146 -0.189
4 HX(19) + OX(20) <=> HOX(22) + X(1) -0.013 -0.017
5 H2O(5) + 2 X(1) <=> HOX(22) + HX(19) 0.451 0.577
6 OH(17) + X(1) <=> HOX(22) -0.085 -0.091
7 CH4(2) + 2 X(1) <=> CH3X(21) + HX(19) -0.165 -0.212
8 CH4(2) + OX(20) + X(1) <=> CH3X(21) + HOX(22) -2.455 -3.197
9 C2H6(8) + 2 X(1) <=> 2 CH3X(21) -0.002 -0.002
10 CH3(10) + X(1) <=> CH3X(21) -0.096 -0.090
11 CH3OH(14) + 2 X(1) <=> CH3X(21) + HOX(22) 0.371 0.479
12 CH4(2) + HOX(22) + X(1) <=> CH3X(21) + H2OX(23) -0.235 -0.303
13 H2O(5) + X(1) <=> H2OX(23) 0.000 0.000
14 H2OX(23) + OX(20) <=> 2 HOX(22) 0.367 0.476
15 HOX(22) + HX(19) <=> H2OX(23) + X(1) 0.000 0.000
16 CH2X(27) + HX(19) <=> CH3X(21) + X(1) -0.029 -0.038
17 CH2X(27) + HOX(22) <=> CH3X(21) + OX(20) 0.000 0.000
18 CHX(28) + HX(19) <=> CH2X(27) + X(1) 0.000 0.000
19 CHX(28) + HOX(22) <=> CH2X(27) + OX(20) 0.000 0.000
20 2 CH2X(27) <=> CH3X(21) + CHX(28) -0.133 -0.171
21 CHX(28) + X(1) <=> CX(26) + HX(19) 0.000 -0.000
22 CX(26) + H2(6) <=> CH2X(27) -0.028 -0.038
23 CX(26) + HOX(22) <=> CHX(28) + OX(20) 0.371 0.479
24 CH3X(21) + CX(26) <=> CH2X(27) + CHX(28) -0.028 -0.038
25 CH2X(27) + CX(26) <=> 2 CHX(28) -0.000 -0.000
26 CO(7) + X(1) <=> OCX(25) 0.406 0.525
27 CX(26) + OX(20) <=> OCX(25) + X(1) -0.006 -0.007
28 H2(6) + X(1) <=> H2X(49) 0.000 -0.000
29 CO2(4) + X(1) <=> CO2X(24) -0.149 -0.193
30 OCX(25) + OX(20) <=> CO2X(24) + X(1) -0.133 -0.172
31 CO2X(24) + HX(19) <=> HOX(22) + OCX(25) -0.237 -0.326
32 CO(7) + X(1) <=> COX(50) -0.133 -0.171
33 CH3OH(14) + X(1) <=> CH4OX(60) 0.000 -0.000
34 CH2O(9) + 2 X(1) <=> CHOX(53) + HX(19) -0.000 -0.000
35 HCO(15) + X(1) <=> CHOX(53) -0.133 -0.171
36 CH3CHO(16) + 2 X(1) <=> CH3X(21) + CHOX(53) -0.000 -0.000
37 CHOX(53) + X(1) <=> HX(19) + OCX(25) -0.000 -0.000
38 CHOX(53) + OX(20) <=> HOX(22) + OCX(25) -0.000 -0.000
39 CH2X(27) + CHOX(53) <=> CH3X(21) + OCX(25) 0.000 -0.000
40 CHOX(53) + CHX(28) <=> CH2X(27) + OCX(25) -0.149 -0.193
41 CHOX(53) + CX(26) <=> CHX(28) + OCX(25) -0.028 -0.038
42 C2H4(47) + X(1) <=> C2H4X(210) -0.000 -0.000
43 C2H4(18) + X(1) <=> C2H4X(65) 0.000 -0.000
Finished sensitivity simulation for a C/O ratio of 1.8
Finished translating for C/O ratio of 1.8
Starting sensitivity simulation for a C/O ratio of 1.3
0 CH4(2) + X(1) <=> CH4X(48) -0.236 -0.357
1 O2(3) + 2 X(1) <=> 2 OX(20) -0.235 -0.456
2 H2(6) + 2 X(1) <=> 2 HX(19) -0.111 -0.167
3 H(12) + X(1) <=> HX(19) -0.234 -0.354
4 HX(19) + OX(20) <=> HOX(22) + X(1) -0.116 -0.177
5 H2O(5) + 2 X(1) <=> HOX(22) + HX(19) -0.178 -0.277
6 OH(17) + X(1) <=> HOX(22) -0.697 -1.051
7 CH4(2) + 2 X(1) <=> CH3X(21) + HX(19) -0.326 -0.491
8 CH4(2) + OX(20) + X(1) <=> CH3X(21) + HOX(22) -1.642 -2.501
9 C2H6(8) + 2 X(1) <=> 2 CH3X(21) -0.111 -0.168
10 CH3(10) + X(1) <=> CH3X(21) -0.285 -0.344
11 CH3OH(14) + 2 X(1) <=> CH3X(21) + HOX(22) -0.081 -0.122
12 CH4(2) + HOX(22) + X(1) <=> CH3X(21) + H2OX(23) -0.155 -0.234
13 H2O(5) + X(1) <=> H2OX(23) -0.110 -0.166
14 H2OX(23) + OX(20) <=> 2 HOX(22) 0.275 0.417
15 HOX(22) + HX(19) <=> H2OX(23) + X(1) -0.110 -0.166
16 CH2X(27) + HX(19) <=> CH3X(21) + X(1) -0.239 -0.360
17 CH2X(27) + HOX(22) <=> CH3X(21) + OX(20) -0.110 -0.166
18 CHX(28) + HX(19) <=> CH2X(27) + X(1) -0.236 -0.357
19 CHX(28) + HOX(22) <=> CH2X(27) + OX(20) -0.235 -0.356
20 2 CH2X(27) <=> CH3X(21) + CHX(28) -0.236 -0.357
21 CHX(28) + X(1) <=> CX(26) + HX(19) -0.000 0.000
22 CX(26) + H2(6) <=> CH2X(27) -0.236 -0.357
23 CX(26) + HOX(22) <=> CHX(28) + OX(20) -0.110 -0.166
24 CH3X(21) + CX(26) <=> CH2X(27) + CHX(28) -0.000 -0.000
25 CH2X(27) + CX(26) <=> 2 CHX(28) -0.236 -0.357
26 CO(7) + X(1) <=> OCX(25) -0.110 -0.166
27 CX(26) + OX(20) <=> OCX(25) + X(1) -0.258 -0.377
28 H2(6) + X(1) <=> H2X(49) -0.236 -0.357
29 CO2(4) + X(1) <=> CO2X(24) -0.236 -0.357
30 OCX(25) + OX(20) <=> CO2X(24) + X(1) -0.110 -0.166
31 CO2X(24) + HX(19) <=> HOX(22) + OCX(25) -0.174 -0.280
32 CO(7) + X(1) <=> COX(50) -0.110 -0.166
33 CH3OH(14) + X(1) <=> CH4OX(60) -0.110 -0.166
34 CH2O(9) + 2 X(1) <=> CHOX(53) + HX(19) -0.236 -0.357
35 HCO(15) + X(1) <=> CHOX(53) -0.236 -0.357
36 CH3CHO(16) + 2 X(1) <=> CH3X(21) + CHOX(53) -0.236 -0.357
37 CHOX(53) + X(1) <=> HX(19) + OCX(25) -0.236 -0.357
38 CHOX(53) + OX(20) <=> HOX(22) + OCX(25) -0.236 -0.357
39 CH2X(27) + CHOX(53) <=> CH3X(21) + OCX(25) -0.000 0.000
40 CHOX(53) + CHX(28) <=> CH2X(27) + OCX(25) -0.000 0.000
41 CHOX(53) + CX(26) <=> CHX(28) + OCX(25) -0.110 -0.166
42 C2H4(47) + X(1) <=> C2H4X(210) -0.000 -0.001
43 C2H4(18) + X(1) <=> C2H4X(65) -0.236 -0.357
Finished sensitivity simulation for a C/O ratio of 1.3
Finished translating for C/O ratio of 1.3
Starting sensitivity simulation for a C/O ratio of 0.8
0 CH4(2) + X(1) <=> CH4X(48) 0.662 2.353
1 O2(3) + 2 X(1) <=> 2 OX(20) -0.025 -0.093
2 H2(6) + 2 X(1) <=> 2 HX(19) 0.663 2.354
3 H(12) + X(1) <=> HX(19) 0.006 0.021
4 HX(19) + OX(20) <=> HOX(22) + X(1) 0.664 2.355
5 H2O(5) + 2 X(1) <=> HOX(22) + HX(19) 0.709 2.541
6 OH(17) + X(1) <=> HOX(22) -1.327 -4.924
7 CH4(2) + 2 X(1) <=> CH3X(21) + HX(19) -0.296 -1.071
8 CH4(2) + OX(20) + X(1) <=> CH3X(21) + HOX(22) -7.445 -31.559
9 C2H6(8) + 2 X(1) <=> 2 CH3X(21) 0.662 2.353
10 CH3(10) + X(1) <=> CH3X(21) 0.179 0.770
11 CH3OH(14) + 2 X(1) <=> CH3X(21) + HOX(22) 0.662 2.353
12 CH4(2) + HOX(22) + X(1) <=> CH3X(21) + H2OX(23) -0.149 -0.535
13 H2O(5) + X(1) <=> H2OX(23) 0.000 0.000
14 H2OX(23) + OX(20) <=> 2 HOX(22) 0.897 3.240
15 HOX(22) + HX(19) <=> H2OX(23) + X(1) 0.662 2.353
16 CH2X(27) + HX(19) <=> CH3X(21) + X(1) -0.008 -0.029
17 CH2X(27) + HOX(22) <=> CH3X(21) + OX(20) -0.002 -0.007
18 CHX(28) + HX(19) <=> CH2X(27) + X(1) 0.662 2.353
19 CHX(28) + HOX(22) <=> CH2X(27) + OX(20) -0.000 -0.000
20 2 CH2X(27) <=> CH3X(21) + CHX(28) 0.662 2.353
21 CHX(28) + X(1) <=> CX(26) + HX(19) 0.662 2.353
22 CX(26) + H2(6) <=> CH2X(27) -0.000 -0.000
23 CX(26) + HOX(22) <=> CHX(28) + OX(20) 0.662 2.353
24 CH3X(21) + CX(26) <=> CH2X(27) + CHX(28) 0.662 2.353
25 CH2X(27) + CX(26) <=> 2 CHX(28) 0.589 2.097
26 CO(7) + X(1) <=> OCX(25) 2.511 8.546
27 CX(26) + OX(20) <=> OCX(25) + X(1) 0.589 2.097
28 H2(6) + X(1) <=> H2X(49) 0.662 2.353
29 CO2(4) + X(1) <=> CO2X(24) 1.635 5.679
30 OCX(25) + OX(20) <=> CO2X(24) + X(1) 0.588 2.095
31 CO2X(24) + HX(19) <=> HOX(22) + OCX(25) -0.247 -1.139
32 CO(7) + X(1) <=> COX(50) 0.662 2.353
33 CH3OH(14) + X(1) <=> CH4OX(60) -0.000 -0.000
34 CH2O(9) + 2 X(1) <=> CHOX(53) + HX(19) 0.662 2.353
35 HCO(15) + X(1) <=> CHOX(53) 0.662 2.353
36 CH3CHO(16) + 2 X(1) <=> CH3X(21) + CHOX(53) 0.662 2.353
37 CHOX(53) + X(1) <=> HX(19) + OCX(25) -0.000 -0.000
38 CHOX(53) + OX(20) <=> HOX(22) + OCX(25) 0.000 0.000
39 CH2X(27) + CHOX(53) <=> CH3X(21) + OCX(25) 0.662 2.353
40 CHOX(53) + CHX(28) <=> CH2X(27) + OCX(25) 0.662 2.353
41 CHOX(53) + CX(26) <=> CHX(28) + OCX(25) 0.781 2.768
42 C2H4(47) + X(1) <=> C2H4X(210) 0.662 2.353
43 C2H4(18) + X(1) <=> C2H4X(65) 0.662 2.353
Finished sensitivity simulation for a C/O ratio of 0.8
Finished translating for C/O ratio of 0.8
Starting sensitivity simulation for a C/O ratio of 0.9
0 CH4(2) + X(1) <=> CH4X(48) 0.000 -0.000
1 O2(3) + 2 X(1) <=> 2 OX(20) -0.080 -0.244
2 H2(6) + 2 X(1) <=> 2 HX(19) -0.001 -0.000
3 H(12) + X(1) <=> HX(19) -0.538 -0.755
4 HX(19) + OX(20) <=> HOX(22) + X(1) -0.599 -0.842
5 H2O(5) + 2 X(1) <=> HOX(22) + HX(19) -0.263 -0.371
6 OH(17) + X(1) <=> HOX(22) -3.968 -5.611
7 CH4(2) + 2 X(1) <=> CH3X(21) + HX(19) -1.832 -2.574
8 CH4(2) + OX(20) + X(1) <=> CH3X(21) + HOX(22) -13.009 -18.915
9 C2H6(8) + 2 X(1) <=> 2 CH3X(21) -0.001 -0.001
10 CH3(10) + X(1) <=> CH3X(21) -1.514 -1.991
11 CH3OH(14) + 2 X(1) <=> CH3X(21) + HOX(22) -0.548 -0.769
12 CH4(2) + HOX(22) + X(1) <=> CH3X(21) + H2OX(23) -0.001 -0.002
13 H2O(5) + X(1) <=> H2OX(23) -1.266 -1.777
14 H2OX(23) + OX(20) <=> 2 HOX(22) 0.551 0.775
15 HOX(22) + HX(19) <=> H2OX(23) + X(1) 1.489 2.080
16 CH2X(27) + HX(19) <=> CH3X(21) + X(1) -1.282 -1.800
17 CH2X(27) + HOX(22) <=> CH3X(21) + OX(20) -0.549 -0.771
18 CHX(28) + HX(19) <=> CH2X(27) + X(1) -0.550 -0.772
19 CHX(28) + HOX(22) <=> CH2X(27) + OX(20) 0.001 0.001
20 2 CH2X(27) <=> CH3X(21) + CHX(28) 1.488 2.079
21 CHX(28) + X(1) <=> CX(26) + HX(19) -1.266 -1.777
22 CX(26) + H2(6) <=> CH2X(27) 2.077 2.900
23 CX(26) + HOX(22) <=> CHX(28) + OX(20) 0.000 0.000
24 CH3X(21) + CX(26) <=> CH2X(27) + CHX(28) -1.266 -1.778
25 CH2X(27) + CX(26) <=> 2 CHX(28) 0.000 -0.000
26 CO(7) + X(1) <=> OCX(25) -0.549 -0.771
27 CX(26) + OX(20) <=> OCX(25) + X(1) -0.563 -0.789
28 H2(6) + X(1) <=> H2X(49) -0.550 -0.772
29 CO2(4) + X(1) <=> CO2X(24) -0.550 -0.772
30 OCX(25) + OX(20) <=> CO2X(24) + X(1) 1.487 2.078
31 CO2X(24) + HX(19) <=> HOX(22) + OCX(25) -1.886 -2.663
32 CO(7) + X(1) <=> COX(50) -0.550 -0.772
33 CH3OH(14) + X(1) <=> CH4OX(60) -1.266 -1.777
34 CH2O(9) + 2 X(1) <=> CHOX(53) + HX(19) 0.000 -0.000
35 HCO(15) + X(1) <=> CHOX(53) 0.000 -0.000
36 CH3CHO(16) + 2 X(1) <=> CH3X(21) + CHOX(53) 0.000 -0.000
37 CHOX(53) + X(1) <=> HX(19) + OCX(25) -0.550 -0.772
38 CHOX(53) + OX(20) <=> HOX(22) + OCX(25) -1.266 -1.777
39 CH2X(27) + CHOX(53) <=> CH3X(21) + OCX(25) 0.000 -0.000
40 CHOX(53) + CHX(28) <=> CH2X(27) + OCX(25) 1.488 2.079
41 CHOX(53) + CX(26) <=> CHX(28) + OCX(25) -0.550 -0.772
42 C2H4(47) + X(1) <=> C2H4X(210) -0.550 -0.772
43 C2H4(18) + X(1) <=> C2H4X(65) 0.000 -0.000
Finished sensitivity simulation for a C/O ratio of 0.9
Finished translating for C/O ratio of 0.9
Starting sensitivity simulation for a C/O ratio of 1.2
0 CH4(2) + X(1) <=> CH4X(48) -0.188 -0.290
1 O2(3) + 2 X(1) <=> 2 OX(20) -0.195 -0.405
2 H2(6) + 2 X(1) <=> 2 HX(19) -0.099 -0.150
3 H(12) + X(1) <=> HX(19) -0.186 -0.287
4 HX(19) + OX(20) <=> HOX(22) + X(1) -0.007 -0.012
5 H2O(5) + 2 X(1) <=> HOX(22) + HX(19) 0.227 0.340
6 OH(17) + X(1) <=> HOX(22) -0.691 -1.068
7 CH4(2) + 2 X(1) <=> CH3X(21) + HX(19) -0.287 -0.442
8 CH4(2) + OX(20) + X(1) <=> CH3X(21) + HOX(22) -2.084 -3.256
9 C2H6(8) + 2 X(1) <=> 2 CH3X(21) -0.191 -0.295
10 CH3(10) + X(1) <=> CH3X(21) -0.227 -0.252
11 CH3OH(14) + 2 X(1) <=> CH3X(21) + HOX(22) -0.188 -0.290
12 CH4(2) + HOX(22) + X(1) <=> CH3X(21) + H2OX(23) -0.049 -0.075
13 H2O(5) + X(1) <=> H2OX(23) 0.000 0.000
14 H2OX(23) + OX(20) <=> 2 HOX(22) 0.207 0.322
15 HOX(22) + HX(19) <=> H2OX(23) + X(1) 0.000 0.000
16 CH2X(27) + HX(19) <=> CH3X(21) + X(1) -0.001 -0.002
17 CH2X(27) + HOX(22) <=> CH3X(21) + OX(20) -0.098 -0.150
18 CHX(28) + HX(19) <=> CH2X(27) + X(1) -0.188 -0.290
19 CHX(28) + HOX(22) <=> CH2X(27) + OX(20) -0.187 -0.289
20 2 CH2X(27) <=> CH3X(21) + CHX(28) -0.188 -0.290
21 CHX(28) + X(1) <=> CX(26) + HX(19) -0.190 -0.294
22 CX(26) + H2(6) <=> CH2X(27) -0.190 -0.294
23 CX(26) + HOX(22) <=> CHX(28) + OX(20) 0.000 0.000
24 CH3X(21) + CX(26) <=> CH2X(27) + CHX(28) -0.000 -0.000
25 CH2X(27) + CX(26) <=> 2 CHX(28) -0.098 -0.150
26 CO(7) + X(1) <=> OCX(25) 0.000 0.000
27 CX(26) + OX(20) <=> OCX(25) + X(1) -0.026 -0.024
28 H2(6) + X(1) <=> H2X(49) 0.000 0.000
29 CO2(4) + X(1) <=> CO2X(24) -0.098 -0.150
30 OCX(25) + OX(20) <=> CO2X(24) + X(1) -0.188 -0.290
31 CO2X(24) + HX(19) <=> HOX(22) + OCX(25) -0.075 -0.131
32 CO(7) + X(1) <=> COX(50) -0.188 -0.290
33 CH3OH(14) + X(1) <=> CH4OX(60) -0.098 -0.150
34 CH2O(9) + 2 X(1) <=> CHOX(53) + HX(19) -0.190 -0.294
35 HCO(15) + X(1) <=> CHOX(53) -0.000 0.000
36 CH3CHO(16) + 2 X(1) <=> CH3X(21) + CHOX(53) -0.188 -0.290
37 CHOX(53) + X(1) <=> HX(19) + OCX(25) 0.207 0.319
38 CHOX(53) + OX(20) <=> HOX(22) + OCX(25) 0.000 0.000
39 CH2X(27) + CHOX(53) <=> CH3X(21) + OCX(25) -0.098 -0.150
40 CHOX(53) + CHX(28) <=> CH2X(27) + OCX(25) -0.188 -0.290
41 CHOX(53) + CX(26) <=> CHX(28) + OCX(25) -0.188 -0.290
42 C2H4(47) + X(1) <=> C2H4X(210) 0.000 0.000
43 C2H4(18) + X(1) <=> C2H4X(65) 0.000 0.000
Finished sensitivity simulation for a C/O ratio of 1.2
Finished translating for C/O ratio of 1.2
Starting thermo sensitivity simulation for a C/O ratio of 0.6
0 X(1) -0.708 -1.145
1 HX(19) 0.118 0.191
2 OX(20) -0.696 -1.126
3 CH3X(21) -0.703 -1.136
4 HOX(22) -0.703 -1.136
5 H2OX(23) -0.000 -0.001
6 CO2X(24) 0.088 0.142
7 OCX(25) 0.088 0.142
8 CX(26) 0.119 0.191
9 CH2X(27) 0.000 0.000
10 CHX(28) 0.088 0.142
11 CH4X(48) -0.000 -0.000
12 H2X(49) 0.088 0.142
13 COX(50) -0.703 -1.136
14 CHOX(53) -0.000 -0.000
15 CH4OX(60) -0.000 -0.000
16 C2H4X(65) 0.088 0.142
17 C2H4X(210) -0.703 -1.136
Finished thermo sensitivity simulation for a C/O ratio of 0.6
Starting thermo sensitivity simulation for a C/O ratio of 2.6
0 X(1) 0.443 0.823
1 HX(19) 0.445 0.827
2 OX(20) 0.447 0.832
3 CH3X(21) 0.445 0.827
4 HOX(22) 0.445 0.827
5 H2OX(23) 0.444 0.826
6 CO2X(24) 0.445 0.827
7 OCX(25) 0.445 0.827
8 CX(26) 0.000 0.000
9 CH2X(27) 0.000 -0.000
10 CHX(28) 0.445 0.827
11 CH4X(48) 0.444 0.826
12 H2X(49) 0.445 0.827
13 COX(50) 0.445 0.827
14 CHOX(53) 0.445 0.827
15 CH4OX(60) 0.445 0.827
16 C2H4X(65) 0.445 0.827
17 C2H4X(210) 0.445 0.827
Finished thermo sensitivity simulation for a C/O ratio of 2.6
Starting thermo sensitivity simulation for a C/O ratio of 1.0
0 X(1) -0.002 -0.004
1 HX(19) -0.619 -0.931
2 OX(20) 0.003 0.004
3 CH3X(21) 0.000 0.000
4 HOX(22) 0.000 0.000
5 H2OX(23) -0.000 -0.001
6 CO2X(24) 0.000 0.000
7 OCX(25) 0.000 0.000
8 CX(26) 0.000 -0.000
9 CH2X(27) 0.000 0.000
10 CHX(28) -0.000 -0.000
11 CH4X(48) 0.085 0.127
12 H2X(49) -0.000 -0.000
13 COX(50) -0.000 -0.000
14 CHOX(53) 0.000 0.000
15 CH4OX(60) 0.626 0.934
16 C2H4X(65) 0.000 0.000
17 C2H4X(210) 0.000 -0.000
Finished thermo sensitivity simulation for a C/O ratio of 1.0
Starting thermo sensitivity simulation for a C/O ratio of 1.8
0 X(1) -0.133 -0.172
1 HX(19) -0.133 -0.171
2 OX(20) 0.002 0.002
3 CH3X(21) 0.371 0.479
4 HOX(22) 0.000 0.000
5 H2OX(23) -0.150 -0.193
6 CO2X(24) 0.000 0.000
7 OCX(25) 0.000 -0.000
8 CX(26) -0.000 -0.000
9 CH2X(27) 0.000 -0.000
10 CHX(28) -0.000 -0.000
11 CH4X(48) -0.000 -0.000
12 H2X(49) 0.000 -0.000
13 COX(50) -0.028 -0.038
14 CHOX(53) -0.000 -0.000
15 CH4OX(60) -0.000 -0.000
16 C2H4X(65) 0.000 -0.000
17 C2H4X(210) -0.000 -0.000
Finished thermo sensitivity simulation for a C/O ratio of 1.8
Starting thermo sensitivity simulation for a C/O ratio of 2.4
0 X(1) -0.002 -0.004
1 HX(19) -0.261 -0.571
2 OX(20) -0.257 -0.564
3 CH3X(21) 0.000 0.000
4 HOX(22) -0.261 -0.571
5 H2OX(23) -0.000 -0.001
6 CO2X(24) -0.261 -0.571
7 OCX(25) -0.261 -0.572
8 CX(26) 0.000 0.000
9 CH2X(27) 0.000 -0.000
10 CHX(28) 0.000 0.000
11 CH4X(48) -0.262 -0.573
12 H2X(49) 0.000 0.000
13 COX(50) 0.000 0.000
14 CHOX(53) -0.261 -0.572
15 CH4OX(60) 0.000 0.000
16 C2H4X(65) 0.000 0.000
17 C2H4X(210) -0.000 -0.000
Finished thermo sensitivity simulation for a C/O ratio of 2.4
Starting thermo sensitivity simulation for a C/O ratio of 2.0
0 X(1) -0.002 -0.004
1 HX(19) 0.000 0.000
2 OX(20) 0.003 0.005
3 CH3X(21) -0.000 -0.000
4 HOX(22) 0.000 0.000
5 H2OX(23) -0.000 -0.001
6 CO2X(24) 0.000 0.000
7 OCX(25) -0.000 -0.000
8 CX(26) 0.000 -0.000
9 CH2X(27) -0.000 -0.000
10 CHX(28) -0.000 -0.000
11 CH4X(48) -0.001 -0.001
12 H2X(49) -0.320 -0.538
13 COX(50) -0.000 -0.000
14 CHOX(53) -0.000 -0.000
15 CH4OX(60) 0.718 1.234
16 C2H4X(65) -0.000 -0.000
17 C2H4X(210) -0.000 -0.000
Finished thermo sensitivity simulation for a C/O ratio of 2.0
Starting thermo sensitivity simulation for a C/O ratio of 2.2
0 X(1) 0.002 0.005
1 HX(19) 0.406 1.059
2 OX(20) 0.006 0.016
3 CH3X(21) 0.406 1.058
4 HOX(22) 0.406 1.058
5 H2OX(23) 0.004 0.009
6 CO2X(24) 0.406 1.058
7 OCX(25) 0.406 1.058
8 CX(26) 0.004 0.010
9 CH2X(27) 0.406 1.058
10 CHX(28) 0.406 1.058
11 CH4X(48) 0.406 1.057
12 H2X(49) 0.406 1.058
13 COX(50) 0.406 1.058
14 CHOX(53) 0.406 1.058
15 CH4OX(60) 0.004 0.010
16 C2H4X(65) 0.406 1.058
17 C2H4X(210) 0.004 0.010
Finished thermo sensitivity simulation for a C/O ratio of 2.2
