This mechanism contains 47 gas reactions and 35 surface reactions
Finished simulation at a C/O ratio of 0.9
Finished simulation at a C/O ratio of 1.2
Finished simulation at a C/O ratio of 0.7
Finished simulation at a C/O ratio of 1.1
Finished simulation at a C/O ratio of 2.0
Finished simulation at a C/O ratio of 2.6
Finished simulation at a C/O ratio of 2.2
Finished simulation at a C/O ratio of 1.0
Finished simulation at a C/O ratio of 2.4
Finished simulation at a C/O ratio of 1.8
Finished simulation at a C/O ratio of 1.6
Finished simulation at a C/O ratio of 1.3
Finished simulation at a C/O ratio of 0.8
Finished simulation at a C/O ratio of 1.4
Finished simulation at a C/O ratio of 0.6
Starting thermo sensitivity simulation for a C/O ratio of 1.6
0 X(1) -INF NAN NAN 61.608 -5.142
1 HX(19) 58.380 NAN NAN -105.603 -35.266
2 OX(20) -INF NAN NAN 61.609 11.953
3 CH3X(21) 82.830 NAN NAN -12.208 -3.021
4 HOX(22) -INF -INF -INF 55.320 11.743
5 H2OX(23) -75.775 NAN NAN 60.946 12.113
6 CO2X(24) -75.800 NAN NAN 60.518 12.100
7 OCX(25) -76.268 NAN NAN 56.690 11.866
8 CX(26) -75.754 NAN NAN 61.571 12.123
9 CH2X(27) -76.352 NAN NAN 56.202 11.824
10 CHX(28) -75.765 NAN NAN 61.161 12.117
11 CH4X(48) -256.781 -INF -INF 61.609 10.805
12 H2X(49) -76.568 NAN NAN 54.947 11.716
13 COX(50) -INF NAN NAN -23.994 -5.954
14 C2H4X(65) 55.365 NAN NAN 47.212 10.730
15 C2H4X(210) 55.365 NAN NAN 47.212 10.730
Finished thermo sensitivity simulation for a C/O ratio of 1.6
Starting thermo sensitivity simulation for a C/O ratio of 0.9
0 X(1) 174.233 137.117 72.447 96.208 25.766
1 HX(19) 0.077 50.038 50.077 0.064 0.077
2 OX(20) 174.541 137.271 72.218 95.238 25.458
3 CH3X(21) -INF -INF -INF 94.123 24.737
4 HOX(22) -INF -INF -INF 96.208 25.766
5 H2OX(23) 174.233 137.117 72.447 95.515 25.766
6 CO2X(24) -INF -INF -INF 96.208 25.766
7 OCX(25) 174.526 137.263 72.230 96.212 25.474
8 CX(26) -INF -INF -INF 95.897 25.715
9 CH2X(27) 19.612 100.000 100.000 89.497 19.612
10 CHX(28) -INF -INF -INF 95.979 25.734
11 CH4X(48) 174.233 137.117 72.447 96.208 25.766
12 H2X(49) 62.120 81.060 92.825 93.521 24.239
13 COX(50) -INF -INF -INF 94.474 24.996
14 C2H4X(65) 174.605 137.303 72.170 95.115 25.394
15 C2H4X(210) 174.605 137.303 72.170 95.115 25.394
Finished thermo sensitivity simulation for a C/O ratio of 0.9
Starting thermo sensitivity simulation for a C/O ratio of 1.3
0 X(1) NAN NAN NAN -0.302 -30.885
1 HX(19) NAN NAN NAN -19.248 -0.522
2 OX(20) NAN NAN NAN -9.312 -0.189
3 CH3X(21) NAN NAN NAN -1596.125 -143.451
4 HOX(22) NAN NAN NAN -0.291 -0.003
5 H2OX(23) NAN NAN NAN 2.592 0.019
6 CO2X(24) NAN NAN NAN -2.248 -0.031
7 OCX(25) NAN NAN NAN -5321.850 -326.117
8 CX(26) NAN NAN NAN -1527.920 -146.050
9 CH2X(27) NAN NAN NAN -0.094 -0.001
10 CHX(28) NAN NAN NAN -2.837 -0.041
11 CH4X(48) NAN NAN NAN -11.619 -0.256
12 H2X(49) NAN NAN NAN -24.933 -0.749
13 COX(50) NAN NAN NAN -0.101 -0.001
14 C2H4X(65) NAN NAN NAN -7.434 -0.139
15 C2H4X(210) NAN NAN NAN -20.485 -0.571
Finished thermo sensitivity simulation for a C/O ratio of 1.3
Starting thermo sensitivity simulation for a C/O ratio of 2.4
0 X(1) 66.686 NAN NAN 3.067 0.059
1 HX(19) -22.780 NAN NAN 3.168 -22.780
2 OX(20) 66.496 NAN NAN -9.993 -0.512
3 CH3X(21) 50.024 -INF -INF 1.975 0.047
4 HOX(22) -2.109 NAN NAN -27.858 -2.109
5 H2OX(23) 28.344 NAN NAN -68.886 -7.485
6 CO2X(24) -0.881 NAN NAN -14.909 -0.881
7 OCX(25) -0.558 NAN NAN -10.648 -0.558
8 CX(26) 33.025 NAN NAN -9.248 -0.462
9 CH2X(27) 59.570 NAN NAN -13.089 -1.074
10 CHX(28) 59.460 NAN NAN -20.281 -1.351
11 CH4X(48) 32.091 NAN NAN -25.483 -1.863
12 H2X(49) 60.024 NAN NAN 3.070 0.059
13 COX(50) 33.373 NAN NAN 3.070 0.059
14 C2H4X(65) 49.871 -INF -INF -5.901 -0.258
15 C2H4X(210) 79.225 NAN NAN -185.752 -3.874
Finished thermo sensitivity simulation for a C/O ratio of 2.4
Starting thermo sensitivity simulation for a C/O ratio of 2.6
0 X(1) 19.965 100.000 100.000 27.011 3.957
1 HX(19) 29.843 100.000 100.000 -23.343 -82.408
2 OX(20) 4.142 100.000 100.000 29.900 4.142
3 CH3X(21) 20.157 100.000 100.000 31.029 4.188
4 HOX(22) -38.420 100.000 100.000 -225.187 -38.420
5 H2OX(23) -0.209 100.000 100.000 -302.360 -20.251
6 CO2X(24) -19.731 100.000 100.000 32.242 4.215
7 OCX(25) 19.723 100.000 100.000 23.783 3.668
8 CX(26) 26.522 100.000 100.000 -502.522 -105.738
9 CH2X(27) 20.179 100.000 100.000 32.243 4.215
10 CHX(28) -0.724 100.000 100.000 -3.620 -0.724
11 CH4X(48) 63.833 100.000 100.000 -4755.610 -507.605
12 H2X(49) 1.183 100.000 100.000 -78.568 -18.580
13 COX(50) -144.143 -144.143 -496.059 13.501 2.343
14 C2H4X(65) 19.930 100.000 100.000 26.484 3.915
15 C2H4X(210) 19.930 100.000 100.000 26.484 3.915
Finished thermo sensitivity simulation for a C/O ratio of 2.6
Starting thermo sensitivity simulation for a C/O ratio of 2.2
0 X(1) 9.654 -INF -INF 77.687 42.507
1 HX(19) 42.696 NAN NAN 79.766 42.696
2 OX(20) 2.509 -INF -INF 62.455 37.960
3 CH3X(21) 9.680 -INF -INF 77.806 42.524
4 HOX(22) 9.951 -INF -INF 79.766 42.696
5 H2OX(23) 29.333 NAN NAN 75.800 42.182
6 CO2X(24) 6.308 NAN NAN 79.786 6.307
7 OCX(25) 9.951 -INF -INF 79.766 42.696
8 CX(26) 9.946 -INF -INF 79.619 42.693
9 CH2X(27) -57.901 NAN NAN 78.253 42.581
10 CHX(28) 29.962 NAN NAN 79.766 42.696
11 CH4X(48) 9.944 -INF -INF 79.592 42.692
12 H2X(49) 9.561 -INF -INF 77.259 42.448
13 COX(50) 29.962 NAN NAN 79.766 42.696
14 C2H4X(65) 9.783 -INF -INF 78.321 42.589
15 C2H4X(210) 3.788 -INF -INF 64.592 38.774
Finished thermo sensitivity simulation for a C/O ratio of 2.2
Starting thermo sensitivity simulation for a C/O ratio of 1.4
0 X(1) -207.837 -INF -INF -50.156 -2.612
1 HX(19) 249.925 INF -INF 4.244 0.050
2 OX(20) -555.894 -INF -INF -5182.977 -118.627
3 CH3X(21) 56.372 NAN NAN -39.555 -1.798
4 HOX(22) -222.529 -INF -INF -1449.045 -115.018
5 H2OX(23) 400.752 INF -INF -98.257 -0.251
6 CO2X(24) 249.939 INF -INF 2.894 0.040
7 OCX(25) 401.668 INF -INF -17.172 -0.556
8 CX(26) 399.848 INF -INF 4.468 0.051
9 CH2X(27) 249.946 INF -INF 2.445 0.036
10 CHX(28) 249.924 INF -INF 4.468 0.051
11 CH4X(48) 54.551 NAN NAN -863.405 -142.393
12 H2X(49) -INF -INF -INF -5.002 -0.114
13 COX(50) -55.833 -INF -INF -53.627 -3.888
14 C2H4X(65) 251.214 INF -INF -23.812 -0.809
15 C2H4X(210) 251.214 INF -INF -23.812 -0.809
Finished thermo sensitivity simulation for a C/O ratio of 1.4
Starting thermo sensitivity simulation for a C/O ratio of 1.2
0 X(1) NAN NAN NAN 9.425 0.299
1 HX(19) NAN NAN NAN -572.227 -45.614
2 OX(20) NAN NAN NAN -1441.559 -131.538
3 CH3X(21) NAN NAN NAN 8.755 0.283
4 HOX(22) NAN NAN NAN -495.138 -52.484
5 H2OX(23) NAN NAN NAN 8.768 0.283
6 CO2X(24) NAN NAN NAN -173.304 -16.468
7 OCX(25) NAN NAN NAN -29.427 -0.988
8 CX(26) NAN NAN NAN 12.769 0.368
9 CH2X(27) NAN NAN NAN -31.776 -1.755
10 CHX(28) NAN NAN NAN 16.802 0.411
11 CH4X(48) NAN NAN NAN -47.694 -3.847
12 H2X(49) NAN NAN NAN 16.885 -6.210
13 COX(50) NAN NAN NAN -78.534 -5.594
14 C2H4X(65) NAN NAN NAN 16.802 0.411
15 C2H4X(210) NAN NAN NAN 16.802 0.411
Finished thermo sensitivity simulation for a C/O ratio of 1.2
Starting thermo sensitivity simulation for a C/O ratio of 2.0
0 X(1) 17.080 -INF -INF 61.963 17.080
1 HX(19) 58.925 NAN NAN -385.444 -9.533
2 OX(20) 73.952 NAN NAN -1282.438 -238.621
3 CH3X(21) 45.348 -INF -INF 37.523 8.914
4 HOX(22) 56.811 -INF -INF -117.058 13.623
5 H2OX(23) 68.258 NAN NAN -362.680 -111.614
6 CO2X(24) 17.228 -INF -INF 64.653 17.228
7 OCX(25) 16.915 -INF -INF 60.324 16.915
8 CX(26) 50.107 NAN NAN -103.168 -33.049
9 CH2X(27) 52.457 NAN NAN -137.343 -42.630
10 CHX(28) 51.327 NAN NAN -79.122 -29.794
11 CH4X(48) 17.228 -INF -INF 64.653 17.228
12 H2X(49) 15.928 -INF -INF 53.868 15.928
13 COX(50) 58.430 NAN NAN 59.845 16.859
14 C2H4X(65) 46.024 -INF -INF 43.643 10.040
15 C2H4X(210) 38.062 NAN NAN -10.529 -3.230
Finished thermo sensitivity simulation for a C/O ratio of 2.0
Starting thermo sensitivity simulation for a C/O ratio of 1.8
0 X(1) -51.042 -INF -INF 35.519 -0.694
1 HX(19) 17.733 NAN NAN -123.578 -37.111
2 OX(20) -498.675 NAN NAN 47.492 0.221
3 CH3X(21) -111.158 -INF -INF 5.814 -5.579
4 HOX(22) -50.497 -INF -INF 38.920 -0.331
5 H2OX(23) -184.430 -INF -INF -144.538 -42.215
6 CO2X(24) 40.281 NAN NAN -140.974 -39.345
7 OCX(25) -203.241 -INF -INF 32.356 -1.080
8 CX(26) -187.023 -INF -INF -150.999 -43.511
9 CH2X(27) -50.708 -INF -INF 37.531 -0.472
10 CHX(28) -101.439 -INF -INF 35.306 -0.720
11 CH4X(48) 66.751 NAN NAN -182.028 -49.620
12 H2X(49) -99.646 -INF -INF 46.005 0.177
13 COX(50) -51.240 -INF -INF 34.801 -0.827
14 C2H4X(65) 19.044 NAN NAN -85.228 -21.435
15 C2H4X(210) 19.044 NAN NAN -85.228 -21.435
Finished thermo sensitivity simulation for a C/O ratio of 1.8
Starting thermo sensitivity simulation for a C/O ratio of 0.8
0 X(1) -197.181 NAN NAN 98.465 0.936
1 HX(19) -197.478 NAN NAN 98.336 0.837
2 OX(20) -479.809 NAN NAN 66.038 -93.276
3 CH3X(21) 397.198 NAN NAN 98.454 0.931
4 HOX(22) -197.164 NAN NAN 98.477 0.942
5 H2OX(23) 398.483 NAN NAN 98.065 0.502
6 CO2X(24) 397.788 NAN NAN 98.244 0.734
7 OCX(25) 397.123 NAN NAN 98.524 0.955
8 CX(26) -197.152 NAN NAN 98.487 0.946
9 CH2X(27) -264.930 NAN NAN 92.636 -21.647
10 CHX(28) 20.603 NAN NAN 98.526 -720.468
11 CH4X(48) -197.169 NAN NAN 98.473 0.940
12 H2X(49) -198.620 -INF -INF 98.073 0.456
13 COX(50) -INF NAN NAN 96.457 -4.930
14 C2H4X(65) -197.715 NAN NAN 98.254 0.758
15 C2H4X(210) -197.715 NAN NAN 98.254 0.758
Finished thermo sensitivity simulation for a C/O ratio of 0.8
Starting thermo sensitivity simulation for a C/O ratio of 0.7
0 X(1) -491.490 NAN NAN 32.463 1.418
1 HX(19) -490.550 NAN NAN 42.178 1.575
2 OX(20) -492.552 NAN NAN 26.474 1.241
3 CH3X(21) -490.790 NAN NAN 38.134 1.535
4 HOX(22) -498.124 NAN NAN 5.630 0.313
5 H2OX(23) -504.502 NAN NAN -11.865 -0.750
6 CO2X(24) -490.743 NAN NAN 38.668 1.543
7 OCX(25) -503.277 -INF -INF -8.760 -0.546
8 CX(26) -533.398 NAN NAN 42.353 -5.566
9 CH2X(27) -197.030 NAN NAN -583.616 -48.514
10 CHX(28) -INF -INF -INF -569.168 -14.542
11 CH4X(48) -INF -INF -INF -0.894 -0.057
12 H2X(49) -493.556 NAN NAN 21.865 1.074
13 COX(50) -513.992 NAN NAN 8.995 -2.332
14 C2H4X(65) -490.559 NAN NAN 41.754 1.573
15 C2H4X(210) -490.559 NAN NAN 41.754 1.573
Finished thermo sensitivity simulation for a C/O ratio of 0.7
Starting thermo sensitivity simulation for a C/O ratio of 1.1
0 X(1) -64.927 NAN NAN 44.506 17.537
1 HX(19) 87.081 NAN NAN -24813.999 -2244.737
2 OX(20) -INF NAN NAN 88.101 36.108
3 CH3X(21) 3.416 NAN NAN 50.299 3.416
4 HOX(22) -INF NAN NAN 85.414 35.748
5 H2OX(23) -INF NAN NAN 88.566 36.127
6 CO2X(24) -INF NAN NAN 88.106 36.108
7 OCX(25) -INF NAN NAN 78.558 34.219
8 CX(26) -INF NAN NAN 88.343 36.121
9 CH2X(27) -INF NAN NAN 88.073 36.106
10 CHX(28) -INF NAN NAN 84.411 35.539
11 CH4X(48) -INF NAN NAN 87.444 36.052
12 H2X(49) -INF -INF -INF 87.794 36.085
13 COX(50) 35.792 NAN NAN 85.678 35.792
14 C2H4X(65) 2.691 NAN NAN -30.145 2.691
15 C2H4X(210) -INF NAN NAN 86.462 35.924
Finished thermo sensitivity simulation for a C/O ratio of 1.1
Starting thermo sensitivity simulation for a C/O ratio of 1.0
0 X(1) NAN NAN NAN -10.994 -0.184
1 HX(19) NAN NAN NAN 1.889 0.016
2 OX(20) NAN NAN NAN -7.788 -0.117
3 CH3X(21) NAN NAN NAN -0.819 -0.009
4 HOX(22) NAN NAN NAN -8.329 -0.115
5 H2OX(23) NAN NAN NAN -0.664 -0.007
6 CO2X(24) NAN NAN NAN -14277.501 -635.955
7 OCX(25) NAN NAN NAN 2.768 -8.542
8 CX(26) NAN NAN NAN -317.031 -0.265
9 CH2X(27) NAN NAN NAN 1.288 0.011
10 CHX(28) NAN NAN NAN -1149.461 -22.894
11 CH4X(48) NAN NAN NAN -51.066 -1.634
12 H2X(49) NAN NAN NAN 3.639 0.023
13 COX(50) NAN NAN NAN -1214.073 -50.925
14 C2H4X(65) NAN NAN NAN -256.381 -16.695
15 C2H4X(210) NAN NAN NAN -256.381 -16.695
Finished thermo sensitivity simulation for a C/O ratio of 1.0
Starting thermo sensitivity simulation for a C/O ratio of 0.6
0 X(1) NAN NAN NAN -1883.797 -237.032
1 HX(19) NAN NAN NAN -12.790 -0.657
2 OX(20) NAN NAN NAN 16.321 0.696
3 CH3X(21) NAN NAN NAN 31.535 1.118
4 HOX(22) NAN NAN NAN -24.587 0.994
5 H2OX(23) NAN NAN NAN 38.683 1.229
6 CO2X(24) NAN NAN NAN 13.015 0.548
7 OCX(25) NAN NAN NAN 41.358 1.245
8 CX(26) NAN NAN NAN 37.888 1.221
9 CH2X(27) NAN NAN NAN -33.490 -1.765
10 CHX(28) NAN NAN NAN 41.417 0.775
11 CH4X(48) NAN NAN NAN -18.587 -0.983
12 H2X(49) NAN NAN NAN 39.752 1.238
13 COX(50) NAN NAN NAN 41.417 -11.375
14 C2H4X(65) NAN NAN NAN -267.445 -57.080
15 C2H4X(210) NAN NAN NAN -267.445 -57.080
Finished thermo sensitivity simulation for a C/O ratio of 0.6
Starting sensitivity simulation for a C/O ratio of 0.7
0 CH4(2) + X(1) <=> CH4X(48) -527.714 NAN NAN -60.302 -4.619
1 O2(3) + 2 X(1) <=> 2 OX(20) -INF NAN NAN 40.009 1.552
2 H2(6) + 2 X(1) <=> 2 HX(19) -230.987 NAN NAN 42.353 -120.658
3 H(12) + X(1) <=> HX(19) -507.072 NAN NAN -17.708 -1.179
4 HX(19) + OX(20) <=> HOX(22) + X(1) -491.122 NAN NAN 35.110 1.480
5 H2O(5) + 2 X(1) <=> HOX(22) + HX(19) -490.753 -INF -INF 38.549 1.541
6 OH(17) + X(1) <=> HOX(22) -490.560 NAN NAN 41.728 1.573
7 CH4(2) + 2 X(1) <=> CH3X(21) + HX(19) -490.931 NAN NAN 36.731 1.512
8 CH4(2) + OX(20) + X(1) <=> CH3X(21) + HOX(22) -490.548 NAN NAN 42.295 1.575
9 C2H6(8) + 2 X(1) <=> 2 CH3X(21) -492.403 -INF -INF 27.229 1.266
10 CH3(10) + X(1) <=> CH3X(21) -491.949 NAN NAN 29.510 1.342
11 CH3OH(14) + 2 X(1) <=> CH3X(21) + HOX(22) -490.548 NAN NAN 42.295 1.575
12 CH2X(27) + HX(19) <=> CH3X(21) + X(1) -490.851 -INF -INF 36.877 1.525
13 CH2X(27) + HOX(22) <=> CH3X(21) + OX(20) -INF -INF -INF -56.943 0.444
14 CHX(28) + HX(19) <=> CH2X(27) + X(1) -492.309 NAN NAN 27.716 1.282
15 CHX(28) + HOX(22) <=> CH2X(27) + OX(20) -INF NAN NAN 34.516 1.467
16 2 CH2X(27) <=> CH3X(21) + CHX(28) -491.378 NAN NAN 33.224 1.437
17 CHX(28) + X(1) <=> CX(26) + HX(19) -490.927 NAN NAN 36.767 1.512
18 CX(26) + H2(6) <=> CH2X(27) -490.947 NAN NAN 36.579 1.509
19 CX(26) + HOX(22) <=> CHX(28) + OX(20) -490.559 NAN NAN 41.754 1.573
20 CH3X(21) + CX(26) <=> CH2X(27) + CHX(28) -490.550 -INF -INF 42.190 1.575
21 CH2X(27) + CX(26) <=> 2 CHX(28) -492.564 NAN NAN 26.419 1.239
22 CO(7) + X(1) <=> OCX(25) -491.013 NAN NAN 36.002 1.498
23 CX(26) + OX(20) <=> OCX(25) + X(1) -515.150 NAN NAN 42.353 -2.525
24 H2(6) + X(1) <=> H2X(49) -491.965 NAN NAN 29.583 1.339
25 CO(7) + X(1) <=> COX(50) -490.868 NAN NAN 37.328 1.522
26 C2H4(47) + X(1) <=> C2H4X(210) -490.559 NAN NAN 41.754 1.573
27 C2H4(18) + X(1) <=> C2H4X(65) -490.910 NAN NAN 36.920 1.515
28 CH4(2) + HOX(22) + X(1) <=> CH3X(21) + H2OX(23) -498.518 -INF -INF 4.439 0.247
29 H2O(5) + X(1) <=> H2OX(23) -490.711 -INF -INF 39.066 1.548
30 CO2(4) + X(1) <=> CO2X(24) 698.863 INF -INF 4.430 0.190
31 OCX(25) + OX(20) <=> CO2X(24) + X(1) -490.549 -INF -INF 41.289 1.575
32 CO2X(24) + HX(19) <=> HOX(22) + OCX(25) -524.346 NAN NAN -83.097 -4.058
33 H2OX(23) + OX(20) <=> 2 HOX(22) -491.585 -INF -INF 31.347 1.403
34 HOX(22) + HX(19) <=> H2OX(23) + X(1) -211.352 NAN NAN -5654.858 -107.564
Finished sensitivity simulation for a C/O ratio of 0.7
Finished translating for C/O ratio of 0.7
Starting sensitivity simulation for a C/O ratio of 0.8
0 CH4(2) + X(1) <=> CH4X(48) -INF NAN NAN 96.030 -8.916
1 O2(3) + 2 X(1) <=> 2 OX(20) -197.233 NAN NAN 98.451 0.919
2 H2(6) + 2 X(1) <=> 2 HX(19) -INF NAN NAN 98.322 0.821
3 H(12) + X(1) <=> HX(19) 397.168 NAN NAN 98.474 0.940
4 HX(19) + OX(20) <=> HOX(22) + X(1) -197.123 NAN NAN 98.524 0.955
5 H2O(5) + 2 X(1) <=> HOX(22) + HX(19) -INF NAN NAN 98.471 0.939
6 OH(17) + X(1) <=> HOX(22) -212.917 NAN NAN 95.361 -4.309
7 CH4(2) + 2 X(1) <=> CH3X(21) + HX(19) -201.314 NAN NAN 98.118 -0.442
8 CH4(2) + OX(20) + X(1) <=> CH3X(21) + HOX(22) -197.123 NAN NAN 98.524 0.955
9 C2H6(8) + 2 X(1) <=> 2 CH3X(21) -197.401 NAN NAN 98.363 0.863
10 CH3(10) + X(1) <=> CH3X(21) -197.146 NAN NAN 98.488 0.948
11 CH3OH(14) + 2 X(1) <=> CH3X(21) + HOX(22) -197.123 NAN NAN 98.524 0.955
12 CH2X(27) + HX(19) <=> CH3X(21) + X(1) -217.683 NAN NAN 94.994 -5.898
13 CH2X(27) + HOX(22) <=> CH3X(21) + OX(20) -197.284 NAN NAN 98.410 0.902
14 CHX(28) + HX(19) <=> CH2X(27) + X(1) 397.123 NAN NAN 98.524 0.955
15 CHX(28) + HOX(22) <=> CH2X(27) + OX(20) -197.136 NAN NAN 98.503 0.951
16 2 CH2X(27) <=> CH3X(21) + CHX(28) -25.565 NAN NAN 84.662 -67.426
17 CHX(28) + X(1) <=> CX(26) + HX(19) 398.575 NAN NAN 98.058 0.471
18 CX(26) + H2(6) <=> CH2X(27) -INF NAN NAN 98.526 -2.275
19 CX(26) + HOX(22) <=> CHX(28) + OX(20) -197.715 NAN NAN 98.254 0.758
20 CH3X(21) + CX(26) <=> CH2X(27) + CHX(28) -INF NAN NAN 98.524 0.955
21 CH2X(27) + CX(26) <=> 2 CHX(28) -INF NAN NAN 98.526 -5.949
22 CO(7) + X(1) <=> OCX(25) -198.902 NAN NAN 98.002 0.363
23 CX(26) + OX(20) <=> OCX(25) + X(1) -85.094 NAN NAN 98.526 -85.101
24 H2(6) + X(1) <=> H2X(49) 398.045 NAN NAN 98.526 0.648
25 CO(7) + X(1) <=> COX(50) -198.451 NAN NAN 98.090 0.513
26 C2H4(47) + X(1) <=> C2H4X(210) -197.715 NAN NAN 98.254 0.758
27 C2H4(18) + X(1) <=> C2H4X(65) -197.715 NAN NAN 98.254 0.758
28 CH4(2) + HOX(22) + X(1) <=> CH3X(21) + H2OX(23) -197.123 NAN NAN 98.524 0.955
29 H2O(5) + X(1) <=> H2OX(23) -INF NAN NAN 98.515 0.954
30 CO2(4) + X(1) <=> CO2X(24) -538.517 NAN NAN 73.029 -112.846
31 OCX(25) + OX(20) <=> CO2X(24) + X(1) 397.640 NAN NAN 98.285 0.783
32 CO2X(24) + HX(19) <=> HOX(22) + OCX(25) -198.379 NAN NAN 98.105 0.537
33 H2OX(23) + OX(20) <=> 2 HOX(22) -201.365 NAN NAN 97.595 -0.459
34 HOX(22) + HX(19) <=> H2OX(23) + X(1) 397.189 INF -INF 98.460 0.934
Finished sensitivity simulation for a C/O ratio of 0.8
Finished translating for C/O ratio of 0.8
Starting sensitivity simulation for a C/O ratio of 1.2
0 CH4(2) + X(1) <=> CH4X(48) NAN NAN NAN 16.885 0.354
1 O2(3) + 2 X(1) <=> 2 OX(20) NAN NAN NAN -60.528 -4.078
2 H2(6) + 2 X(1) <=> 2 HX(19) NAN NAN NAN 16.802 0.410
3 H(12) + X(1) <=> HX(19) NAN NAN NAN -0.289 -0.020
4 HX(19) + OX(20) <=> HOX(22) + X(1) NAN NAN NAN 7.391 0.247
5 H2O(5) + 2 X(1) <=> HOX(22) + HX(19) NAN NAN NAN 4.743 0.168
6 OH(17) + X(1) <=> HOX(22) NAN NAN NAN 16.802 0.411
7 CH4(2) + 2 X(1) <=> CH3X(21) + HX(19) NAN NAN NAN 15.742 0.406
8 CH4(2) + OX(20) + X(1) <=> CH3X(21) + HOX(22) NAN NAN NAN 16.802 0.411
9 C2H6(8) + 2 X(1) <=> 2 CH3X(21) NAN NAN NAN 8.376 0.331
10 CH3(10) + X(1) <=> CH3X(21) NAN NAN NAN 7.105 0.246
11 CH3OH(14) + 2 X(1) <=> CH3X(21) + HOX(22) NAN NAN NAN 10.780 0.330
12 CH2X(27) + HX(19) <=> CH3X(21) + X(1) NAN NAN NAN -22.354 -1.066
13 CH2X(27) + HOX(22) <=> CH3X(21) + OX(20) NAN NAN NAN 0.614 0.092
14 CHX(28) + HX(19) <=> CH2X(27) + X(1) NAN NAN NAN 10.831 0.331
15 CHX(28) + HOX(22) <=> CH2X(27) + OX(20) NAN NAN NAN -1841.034 -137.533
16 2 CH2X(27) <=> CH3X(21) + CHX(28) NAN NAN NAN -15.046 -0.717
17 CHX(28) + X(1) <=> CX(26) + HX(19) NAN NAN NAN 15.299 0.402
18 CX(26) + H2(6) <=> CH2X(27) NAN NAN NAN -111.498 -8.806
19 CX(26) + HOX(22) <=> CHX(28) + OX(20) NAN NAN NAN 16.802 0.411
20 CH3X(21) + CX(26) <=> CH2X(27) + CHX(28) NAN NAN NAN -2.712 -0.109
21 CH2X(27) + CX(26) <=> 2 CHX(28) NAN NAN NAN 9.871 0.310
22 CO(7) + X(1) <=> OCX(25) NAN NAN NAN -0.957 -0.038
23 CX(26) + OX(20) <=> OCX(25) + X(1) NAN NAN NAN -15.862 -0.758
24 H2(6) + X(1) <=> H2X(49) NAN NAN NAN -74.293 -5.191
25 CO(7) + X(1) <=> COX(50) NAN NAN NAN -15.473 -0.779
26 C2H4(47) + X(1) <=> C2H4X(210) NAN NAN NAN 16.802 0.411
27 C2H4(18) + X(1) <=> C2H4X(65) NAN NAN NAN -452.094 -46.181
28 CH4(2) + HOX(22) + X(1) <=> CH3X(21) + H2OX(23) NAN NAN NAN -611.912 -35.414
29 H2O(5) + X(1) <=> H2OX(23) NAN NAN NAN -215.467 -9.536
30 CO2(4) + X(1) <=> CO2X(24) NAN NAN NAN 13.919 0.385
31 OCX(25) + OX(20) <=> CO2X(24) + X(1) NAN NAN NAN 4.716 0.167
32 CO2X(24) + HX(19) <=> HOX(22) + OCX(25) NAN NAN NAN -344.942 -31.720
33 H2OX(23) + OX(20) <=> 2 HOX(22) NAN NAN NAN -15.361 -0.741
34 HOX(22) + HX(19) <=> H2OX(23) + X(1) NAN NAN NAN 6.421 0.219
Finished sensitivity simulation for a C/O ratio of 1.2
Finished translating for C/O ratio of 1.2
Starting sensitivity simulation for a C/O ratio of 2.6
0 CH4(2) + X(1) <=> CH4X(48) 4.215 100.000 100.000 32.242 4.215
1 O2(3) + 2 X(1) <=> 2 OX(20) 20.149 100.000 100.000 31.468 4.179
2 H2(6) + 2 X(1) <=> 2 HX(19) 4.213 100.000 100.000 32.242 4.213
3 H(12) + X(1) <=> HX(19) 19.867 100.000 100.000 -632.457 -108.346
4 HX(19) + OX(20) <=> HOX(22) + X(1) 33.766 100.000 100.000 -246.796 -58.962
5 H2O(5) + 2 X(1) <=> HOX(22) + HX(19) -6.271 100.000 100.000 -8.015 -6.271
6 OH(17) + X(1) <=> HOX(22) 20.179 100.000 100.000 32.242 4.215
7 CH4(2) + 2 X(1) <=> CH3X(21) + HX(19) -19.731 -19.731 -43.355 32.242 4.215
8 CH4(2) + OX(20) + X(1) <=> CH3X(21) + HOX(22) 20.118 100.000 100.000 29.889 4.141
9 C2H6(8) + 2 X(1) <=> 2 CH3X(21) 20.135 100.000 100.000 30.354 4.162
10 CH3(10) + X(1) <=> CH3X(21) 19.707 100.000 100.000 23.363 3.648
11 CH3OH(14) + 2 X(1) <=> CH3X(21) + HOX(22) 15.307 100.000 100.000 -8.054 -1.632
12 CH2X(27) + HX(19) <=> CH3X(21) + X(1) -381.413 -381.413 -2217.581 23.524 3.717
13 CH2X(27) + HOX(22) <=> CH3X(21) + OX(20) 4.100 100.000 100.000 29.116 4.100
14 CHX(28) + HX(19) <=> CH2X(27) + X(1) 20.179 100.000 100.000 32.241 4.215
15 CHX(28) + HOX(22) <=> CH2X(27) + OX(20) 20.179 100.000 100.000 32.242 4.215
16 2 CH2X(27) <=> CH3X(21) + CHX(28) 20.117 100.000 100.000 29.862 4.140
17 CHX(28) + X(1) <=> CX(26) + HX(19) 49.379 100.000 100.000 -2381.044 -325.216
18 CX(26) + H2(6) <=> CH2X(27) 59.595 100.000 100.000 18.290 3.028
19 CX(26) + HOX(22) <=> CHX(28) + OX(20) 19.930 100.000 100.000 26.484 3.915
20 CH3X(21) + CX(26) <=> CH2X(27) + CHX(28) -19.731 -19.731 -43.355 32.242 4.215
21 CH2X(27) + CX(26) <=> 2 CHX(28) 20.176 100.000 100.000 31.892 4.211
22 CO(7) + X(1) <=> OCX(25) 36.157 100.000 100.000 -382.079 -53.222
23 CX(26) + OX(20) <=> OCX(25) + X(1) 20.179 100.000 100.000 32.242 4.215
24 H2(6) + X(1) <=> H2X(49) -139.462 -139.462 -473.421 32.242 4.215
25 CO(7) + X(1) <=> COX(50) 70.036 100.000 100.000 -265.775 -61.806
26 C2H4(47) + X(1) <=> C2H4X(210) 19.930 100.000 100.000 26.484 3.915
27 C2H4(18) + X(1) <=> C2H4X(65) 77.667 100.000 100.000 -22141.737 -1396.289
28 CH4(2) + HOX(22) + X(1) <=> CH3X(21) + H2OX(23) 4.049 100.000 100.000 28.288 4.049
29 H2O(5) + X(1) <=> H2OX(23) 4.196 100.000 100.000 31.258 4.196
30 CO2(4) + X(1) <=> CO2X(24) 40.588 100.000 100.000 -190.116 -54.472
31 OCX(25) + OX(20) <=> CO2X(24) + X(1) -20.280 100.000 100.000 24.892 3.776
32 CO2X(24) + HX(19) <=> HOX(22) + OCX(25) 3.911 100.000 100.000 26.425 3.911
33 H2OX(23) + OX(20) <=> 2 HOX(22) 16.813 100.000 100.000 0.247 0.175
34 HOX(22) + HX(19) <=> H2OX(23) + X(1) 61.669 100.000 100.000 -3490.959 -428.962
Finished sensitivity simulation for a C/O ratio of 2.6
Finished translating for C/O ratio of 2.6
Starting sensitivity simulation for a C/O ratio of 2.0
0 CH4(2) + X(1) <=> CH4X(48) 43.162 -INF -INF 32.597 5.270
1 O2(3) + 2 X(1) <=> 2 OX(20) 53.540 NAN NAN 21.402 7.080
2 H2(6) + 2 X(1) <=> 2 HX(19) 16.740 -INF -INF 58.948 16.740
3 H(12) + X(1) <=> HX(19) 50.129 -INF -INF 60.035 16.882
4 HX(19) + OX(20) <=> HOX(22) + X(1) 40.664 -INF -INF 2.717 1.107
5 H2O(5) + 2 X(1) <=> HOX(22) + HX(19) 16.034 -INF -INF 54.446 16.034
6 OH(17) + X(1) <=> HOX(22) 17.187 -INF -INF 63.459 17.187
7 CH4(2) + 2 X(1) <=> CH3X(21) + HX(19) -150.536 -INF -INF 57.164 16.488
8 CH4(2) + OX(20) + X(1) <=> CH3X(21) + HOX(22) 79.507 NAN NAN -3410.622 -473.805
9 C2H6(8) + 2 X(1) <=> 2 CH3X(21) 17.135 -INF -INF 62.643 17.135
10 CH3(10) + X(1) <=> CH3X(21) 17.189 -INF -INF 63.380 17.188
11 CH3OH(14) + 2 X(1) <=> CH3X(21) + HOX(22) 16.387 -INF -INF 56.505 16.386
12 CH2X(27) + HX(19) <=> CH3X(21) + X(1) 15.878 -INF -INF 53.193 15.878
13 CH2X(27) + HOX(22) <=> CH3X(21) + OX(20) 17.192 -INF -INF 63.563 17.192
14 CHX(28) + HX(19) <=> CH2X(27) + X(1) 17.073 -INF -INF 61.885 17.073
15 CHX(28) + HOX(22) <=> CH2X(27) + OX(20) 64.376 NAN NAN -237.823 -66.245
16 2 CH2X(27) <=> CH3X(21) + CHX(28) 68.963 NAN NAN -724.259 -168.983
17 CHX(28) + X(1) <=> CX(26) + HX(19) 49.267 -INF -INF -211.138 15.445
18 CX(26) + H2(6) <=> CH2X(27) 17.167 -INF -INF 63.112 17.166
19 CX(26) + HOX(22) <=> CHX(28) + OX(20) 38.062 NAN NAN -10.529 -3.230
20 CH3X(21) + CX(26) <=> CH2X(27) + CHX(28) 16.825 -INF -INF 59.565 16.825
21 CH2X(27) + CX(26) <=> 2 CHX(28) 42.532 NAN NAN 15.658 4.219
22 CO(7) + X(1) <=> OCX(25) 81.055 NAN NAN -362.752 -76.817
23 CX(26) + OX(20) <=> OCX(25) + X(1) 63.787 NAN NAN -240.565 -68.994
24 H2(6) + X(1) <=> H2X(49) 17.201 -INF -INF 63.734 17.201
25 CO(7) + X(1) <=> COX(50) 48.005 -INF -INF -61.941 -21.322
26 C2H4(47) + X(1) <=> C2H4X(210) 38.062 NAN NAN -10.529 -3.230
27 C2H4(18) + X(1) <=> C2H4X(65) 15.059 -INF -INF 49.582 15.059
28 CH4(2) + HOX(22) + X(1) <=> CH3X(21) + H2OX(23) -161.899 NAN NAN -241.872 -74.599
29 H2O(5) + X(1) <=> H2OX(23) 17.228 -INF -INF 64.653 17.228
30 CO2(4) + X(1) <=> CO2X(24) 63.130 NAN NAN -363.625 -72.060
31 OCX(25) + OX(20) <=> CO2X(24) + X(1) 51.506 NAN NAN -362.560 -45.480
32 CO2X(24) + HX(19) <=> HOX(22) + OCX(25) 17.224 -INF -INF 64.360 17.223
33 H2OX(23) + OX(20) <=> 2 HOX(22) 49.765 -INF -INF 55.495 16.275
34 HOX(22) + HX(19) <=> H2OX(23) + X(1) 17.172 -INF -INF 63.208 17.172
Finished sensitivity simulation for a C/O ratio of 2.0
Finished translating for C/O ratio of 2.0
Starting sensitivity simulation for a C/O ratio of 1.8
0 CH4(2) + X(1) <=> CH4X(48) -111.863 -INF -INF 34.296 -5.932
1 O2(3) + 2 X(1) <=> 2 OX(20) 48.137 NAN NAN -32549.833 -38.238
2 H2(6) + 2 X(1) <=> 2 HX(19) 54.842 NAN NAN -7764.546 -750.470
3 H(12) + X(1) <=> HX(19) -50.780 -INF -INF 37.099 -0.520
4 HX(19) + OX(20) <=> HOX(22) + X(1) -49.662 -INF -INF 47.909 0.226
5 H2O(5) + 2 X(1) <=> HOX(22) + HX(19) -3.359 NAN NAN -275.432 -72.265
6 OH(17) + X(1) <=> HOX(22) -50.172 -INF -INF 41.338 -0.115
7 CH4(2) + 2 X(1) <=> CH3X(21) + HX(19) -49.999 -INF -INF 39.972 0.000
8 CH4(2) + OX(20) + X(1) <=> CH3X(21) + HOX(22) -66.264 -INF -INF -432.604 -38.553
9 C2H6(8) + 2 X(1) <=> 2 CH3X(21) -99.582 -INF -INF 46.964 0.209
10 CH3(10) + X(1) <=> CH3X(21) -49.683 -INF -INF 46.928 0.211
11 CH3OH(14) + 2 X(1) <=> CH3X(21) + HOX(22) -199.323 -INF -INF 47.909 0.226
12 CH2X(27) + HX(19) <=> CH3X(21) + X(1) 86.865 NAN NAN 34.820 -0.701
13 CH2X(27) + HOX(22) <=> CH3X(21) + OX(20) 40.732 NAN NAN -135.686 -38.292
14 CHX(28) + HX(19) <=> CH2X(27) + X(1) 20.755 NAN NAN -616.851 -45.281
15 CHX(28) + HOX(22) <=> CH2X(27) + OX(20) -1.988 NAN NAN -653.788 -205.962
16 2 CH2X(27) <=> CH3X(21) + CHX(28) -99.927 -INF -INF 43.389 0.037
17 CHX(28) + X(1) <=> CX(26) + HX(19) -3.728 NAN NAN -278.377 -72.880
18 CX(26) + H2(6) <=> CH2X(27) -101.446 -INF -INF 35.277 -0.723
19 CX(26) + HOX(22) <=> CHX(28) + OX(20) 19.044 NAN NAN -85.228 -21.435
20 CH3X(21) + CX(26) <=> CH2X(27) + CHX(28) -100.605 -INF -INF 39.217 -0.303
21 CH2X(27) + CX(26) <=> 2 CHX(28) -29.292 NAN NAN -50.619 -29.292
22 CO(7) + X(1) <=> OCX(25) -49.984 -INF -INF 43.000 0.010
23 CX(26) + OX(20) <=> OCX(25) + X(1) -50.108 -INF -INF 41.873 -0.072
24 H2(6) + X(1) <=> H2X(49) -49.676 -INF -INF 47.253 0.216
25 CO(7) + X(1) <=> COX(50) -99.553 -INF -INF 47.665 0.223
26 C2H4(47) + X(1) <=> C2H4X(210) 19.044 NAN NAN -85.228 -21.435
27 C2H4(18) + X(1) <=> C2H4X(65) -99.549 -INF -INF 47.909 0.226
28 CH4(2) + HOX(22) + X(1) <=> CH3X(21) + H2OX(23) -51.575 -INF -INF 32.625 -1.050
29 H2O(5) + X(1) <=> H2OX(23) -102.267 -INF -INF 31.993 -1.133
30 CO2(4) + X(1) <=> CO2X(24) 12.427 NAN NAN -705.506 -148.122
31 OCX(25) + OX(20) <=> CO2X(24) + X(1) -199.328 -INF -INF 47.716 0.224
32 CO2X(24) + HX(19) <=> HOX(22) + OCX(25) -199.323 -INF -INF 47.909 0.226
33 H2OX(23) + OX(20) <=> 2 HOX(22) -49.662 -INF -INF 47.519 0.226
34 HOX(22) + HX(19) <=> H2OX(23) + X(1) 39.506 NAN NAN 34.428 -0.824
Finished sensitivity simulation for a C/O ratio of 1.8
Finished translating for C/O ratio of 1.8
Starting sensitivity simulation for a C/O ratio of 1.4
0 CH4(2) + X(1) <=> CH4X(48) -45.258 NAN NAN -771.389 -93.677
1 O2(3) + 2 X(1) <=> 2 OX(20) 405.457 INF -INF -39.261 -1.819
2 H2(6) + 2 X(1) <=> 2 HX(19) 616.623 INF -INF -705.586 -72.207
3 H(12) + X(1) <=> HX(19) 399.997 INF -INF 0.060 0.001
4 HX(19) + OX(20) <=> HOX(22) + X(1) 249.924 INF -INF 4.468 0.051
5 H2O(5) + 2 X(1) <=> HOX(22) + HX(19) -INF -INF -INF -19.588 -0.668
6 OH(17) + X(1) <=> HOX(22) 249.924 INF -INF 4.468 0.051
7 CH4(2) + 2 X(1) <=> CH3X(21) + HX(19) 251.146 INF -INF -21.646 -0.764
8 CH4(2) + OX(20) + X(1) <=> CH3X(21) + HOX(22) 400.768 INF -INF -9.884 -0.256
9 C2H6(8) + 2 X(1) <=> 2 CH3X(21) 251.156 INF -INF -21.787 -0.771
10 CH3(10) + X(1) <=> CH3X(21) 402.381 INF -INF -22.480 -0.794
11 CH3OH(14) + 2 X(1) <=> CH3X(21) + HOX(22) 250.097 INF -INF -3.091 -0.065
12 CH2X(27) + HX(19) <=> CH3X(21) + X(1) 403.332 INF -INF -29.568 -1.111
13 CH2X(27) + HOX(22) <=> CH3X(21) + OX(20) -INF -INF -INF -105.956 -7.281
14 CHX(28) + HX(19) <=> CH2X(27) + X(1) 71.060 NAN NAN -15300.232 -700.654
15 CHX(28) + HOX(22) <=> CH2X(27) + OX(20) 249.924 INF -INF 4.468 0.051
16 2 CH2X(27) <=> CH3X(21) + CHX(28) -0.586 NAN NAN -679.205 -34.114
17 CHX(28) + X(1) <=> CX(26) + HX(19) 39.992 NAN NAN -0.714 -0.013
18 CX(26) + H2(6) <=> CH2X(27) 249.925 INF -INF 4.363 0.050
19 CX(26) + HOX(22) <=> CHX(28) + OX(20) 251.214 INF -INF -23.812 -0.809
20 CH3X(21) + CX(26) <=> CH2X(27) + CHX(28) 400.213 INF -INF -3.335 -0.071
21 CH2X(27) + CX(26) <=> 2 CHX(28) -108.373 -INF -INF -389.610 -38.915
22 CO(7) + X(1) <=> OCX(25) 203.565 NAN NAN -64.060 -3.565
23 CX(26) + OX(20) <=> OCX(25) + X(1) -50.045 -INF -INF -1.535 -0.030
24 H2(6) + X(1) <=> H2X(49) -INF -INF -INF -0.660 -0.012
25 CO(7) + X(1) <=> COX(50) 400.685 INF -INF -8.750 -0.228
26 C2H4(47) + X(1) <=> C2H4X(210) 251.214 INF -INF -23.812 -0.809
27 C2H4(18) + X(1) <=> C2H4X(65) 19.696 -INF -INF -105.255 -7.071
28 CH4(2) + HOX(22) + X(1) <=> CH3X(21) + H2OX(23) 250.029 INF -INF -1.630 -0.019
29 H2O(5) + X(1) <=> H2OX(23) 453.014 INF -INF -204.726 -17.671
30 CO2(4) + X(1) <=> CO2X(24) 49.657 NAN NAN -3379.632 -218.838
31 OCX(25) + OX(20) <=> CO2X(24) + X(1) 250.050 INF -INF -1.712 -0.034
32 CO2X(24) + HX(19) <=> HOX(22) + OCX(25) 400.210 INF -INF -3.304 -0.070
33 H2OX(23) + OX(20) <=> 2 HOX(22) 72.936 NAN NAN -15302.920 -775.070
34 HOX(22) + HX(19) <=> H2OX(23) + X(1) 56.472 NAN NAN -8376.111 -30.577
Finished sensitivity simulation for a C/O ratio of 1.4
Finished translating for C/O ratio of 1.4
Starting sensitivity simulation for a C/O ratio of 1.3
0 CH4(2) + X(1) <=> CH4X(48) NAN NAN NAN 2.591 0.019
1 O2(3) + 2 X(1) <=> 2 OX(20) NAN NAN NAN 3.987 -4.353
2 H2(6) + 2 X(1) <=> 2 HX(19) NAN NAN NAN -10496.582 -549.912
3 H(12) + X(1) <=> HX(19) NAN NAN NAN 1.090 0.011
4 HX(19) + OX(20) <=> HOX(22) + X(1) NAN NAN NAN -29.737 -11.203
5 H2O(5) + 2 X(1) <=> HOX(22) + HX(19) NAN NAN NAN -0.906 -0.011
6 OH(17) + X(1) <=> HOX(22) NAN NAN NAN -273.845 -14.355
7 CH4(2) + 2 X(1) <=> CH3X(21) + HX(19) NAN NAN NAN -15.875 -0.396
8 CH4(2) + OX(20) + X(1) <=> CH3X(21) + HOX(22) NAN NAN NAN -16.603 -0.423
9 C2H6(8) + 2 X(1) <=> 2 CH3X(21) NAN NAN NAN 1.720 0.015
10 CH3(10) + X(1) <=> CH3X(21) NAN NAN NAN 2.106 0.017
11 CH3OH(14) + 2 X(1) <=> CH3X(21) + HOX(22) NAN NAN NAN -138.707 -2.086
12 CH2X(27) + HX(19) <=> CH3X(21) + X(1) NAN NAN NAN -96.182 -5.362
13 CH2X(27) + HOX(22) <=> CH3X(21) + OX(20) NAN NAN NAN -16.122 -0.405
14 CHX(28) + HX(19) <=> CH2X(27) + X(1) NAN NAN NAN -14077.105 -671.948
15 CHX(28) + HOX(22) <=> CH2X(27) + OX(20) NAN NAN NAN -16.475 -0.328
16 2 CH2X(27) <=> CH3X(21) + CHX(28) NAN NAN NAN -36.720 -1.483
17 CHX(28) + X(1) <=> CX(26) + HX(19) NAN NAN NAN -120.565 -7.648
18 CX(26) + H2(6) <=> CH2X(27) NAN NAN NAN -49.260 -2.068
19 CX(26) + HOX(22) <=> CHX(28) + OX(20) NAN NAN NAN -20.485 -0.571
20 CH3X(21) + CX(26) <=> CH2X(27) + CHX(28) NAN NAN NAN -37.563 -1.386
21 CH2X(27) + CX(26) <=> 2 CHX(28) NAN NAN NAN 1.088 0.011
22 CO(7) + X(1) <=> OCX(25) NAN NAN NAN -25.906 -0.803
23 CX(26) + OX(20) <=> OCX(25) + X(1) NAN NAN NAN -793.853 -71.269
24 H2(6) + X(1) <=> H2X(49) NAN NAN NAN -307.574 -26.772
25 CO(7) + X(1) <=> COX(50) NAN NAN NAN 2.591 0.019
26 C2H4(47) + X(1) <=> C2H4X(210) NAN NAN NAN -20.485 -0.571
27 C2H4(18) + X(1) <=> C2H4X(65) NAN NAN NAN -175.066 -12.840
28 CH4(2) + HOX(22) + X(1) <=> CH3X(21) + H2OX(23) NAN NAN NAN -10.143 -0.212
29 H2O(5) + X(1) <=> H2OX(23) NAN NAN NAN -4.283 -0.068
30 CO2(4) + X(1) <=> CO2X(24) NAN NAN NAN 2.591 0.019
31 OCX(25) + OX(20) <=> CO2X(24) + X(1) NAN NAN NAN -45.146 -1.826
32 CO2X(24) + HX(19) <=> HOX(22) + OCX(25) NAN NAN NAN -85.053 -4.638
33 H2OX(23) + OX(20) <=> 2 HOX(22) NAN NAN NAN -64.391 -2.980
34 HOX(22) + HX(19) <=> H2OX(23) + X(1) NAN NAN NAN -9.844 -0.203
Finished sensitivity simulation for a C/O ratio of 1.3
Finished translating for C/O ratio of 1.3
Starting sensitivity simulation for a C/O ratio of 1.6
0 CH4(2) + X(1) <=> CH4X(48) 82.399 NAN NAN 58.456 11.996
1 O2(3) + 2 X(1) <=> 2 OX(20) -77.030 NAN NAN 53.325 11.485
2 H2(6) + 2 X(1) <=> 2 HX(19) -75.871 NAN NAN 59.702 12.065
3 H(12) + X(1) <=> HX(19) -75.802 NAN NAN 60.501 12.099
4 HX(19) + OX(20) <=> HOX(22) + X(1) -INF NAN NAN -473.654 -18.944
5 H2O(5) + 2 X(1) <=> HOX(22) + HX(19) 51.310 NAN NAN 9.255 2.619
6 OH(17) + X(1) <=> HOX(22) -75.810 NAN NAN 60.387 12.095
7 CH4(2) + 2 X(1) <=> CH3X(21) + HX(19) -75.844 NAN NAN 59.959 12.078
8 CH4(2) + OX(20) + X(1) <=> CH3X(21) + HOX(22) 5.843 NAN NAN -155.022 -41.235
9 C2H6(8) + 2 X(1) <=> 2 CH3X(21) -75.851 NAN NAN 59.876 12.074
10 CH3(10) + X(1) <=> CH3X(21) -76.178 -INF -INF 57.122 11.911
11 CH3OH(14) + 2 X(1) <=> CH3X(21) + HOX(22) -76.871 NAN NAN 53.682 11.564
12 CH2X(27) + HX(19) <=> CH3X(21) + X(1) -168.861 NAN NAN 61.226 -34.431
13 CH2X(27) + HOX(22) <=> CH3X(21) + OX(20) -77.963 NAN NAN 48.181 11.018
14 CHX(28) + HX(19) <=> CH2X(27) + X(1) -INF -INF -INF 54.595 11.672
15 CHX(28) + HOX(22) <=> CH2X(27) + OX(20) 57.721 NAN NAN -1015.591 -195.949
16 2 CH2X(27) <=> CH3X(21) + CHX(28) 55.963 NAN NAN -800.680 -164.221
17 CHX(28) + X(1) <=> CX(26) + HX(19) -85.518 NAN NAN 29.375 7.241
18 CX(26) + H2(6) <=> CH2X(27) -75.755 NAN NAN 61.473 12.122
19 CX(26) + HOX(22) <=> CHX(28) + OX(20) 55.365 NAN NAN 47.212 10.730
20 CH3X(21) + CX(26) <=> CH2X(27) + CHX(28) -75.754 NAN NAN 61.571 12.123
21 CH2X(27) + CX(26) <=> 2 CHX(28) -163.067 NAN NAN -117.311 -31.533
22 CO(7) + X(1) <=> OCX(25) -75.757 NAN NAN 61.392 12.121
23 CX(26) + OX(20) <=> OCX(25) + X(1) -76.308 NAN NAN 56.455 11.846
24 H2(6) + X(1) <=> H2X(49) -252.005 -INF -INF 58.494 11.999
25 CO(7) + X(1) <=> COX(50) -75.754 NAN NAN 61.571 12.123
26 C2H4(47) + X(1) <=> C2H4X(210) 55.365 NAN NAN 47.212 10.730
27 C2H4(18) + X(1) <=> C2H4X(65) 55.365 NAN NAN 47.212 10.730
28 CH4(2) + HOX(22) + X(1) <=> CH3X(21) + H2OX(23) -75.754 NAN NAN 61.571 12.123
29 H2O(5) + X(1) <=> H2OX(23) -76.098 NAN NAN 57.789 11.951
30 CO2(4) + X(1) <=> CO2X(24) -76.578 NAN NAN -935.382 11.713
31 OCX(25) + OX(20) <=> CO2X(24) + X(1) -78.007 NAN NAN 57.398 10.996
32 CO2X(24) + HX(19) <=> HOX(22) + OCX(25) 68.735 NAN NAN -3388.525 -462.766
33 H2OX(23) + OX(20) <=> 2 HOX(22) -83.918 -INF -INF 31.963 8.041
34 HOX(22) + HX(19) <=> H2OX(23) + X(1) -77.317 NAN NAN 51.668 11.341
Finished sensitivity simulation for a C/O ratio of 1.6
Finished translating for C/O ratio of 1.6
Starting sensitivity simulation for a C/O ratio of 2.4
0 CH4(2) + X(1) <=> CH4X(48) 50.030 -INF -INF 3.070 0.059
1 O2(3) + 2 X(1) <=> 2 OX(20) -0.243 NAN NAN -14.654 -0.243
2 H2(6) + 2 X(1) <=> 2 HX(19) -2.887 NAN NAN -34.552 -2.887
3 H(12) + X(1) <=> HX(19) -14.499 NAN NAN -231.947 -14.499
4 HX(19) + OX(20) <=> HOX(22) + X(1) 69.394 NAN NAN -207.381 -68.335
5 H2O(5) + 2 X(1) <=> HOX(22) + HX(19) 66.686 NAN NAN 3.070 0.059
6 OH(17) + X(1) <=> HOX(22) 70.144 NAN NAN -445.831 -64.209
7 CH4(2) + 2 X(1) <=> CH3X(21) + HX(19) 0.059 NAN NAN 3.070 0.059
8 CH4(2) + OX(20) + X(1) <=> CH3X(21) + HOX(22) 32.286 NAN NAN 3.264 -1.571
9 C2H6(8) + 2 X(1) <=> 2 CH3X(21) 77.779 NAN NAN 0.114 0.003
10 CH3(10) + X(1) <=> CH3X(21) -16.422 NAN NAN -0.754 -16.422
11 CH3OH(14) + 2 X(1) <=> CH3X(21) + HOX(22) 77.791 NAN NAN 3.070 0.059
12 CH2X(27) + HX(19) <=> CH3X(21) + X(1) 49.825 NAN NAN -8.544 -0.349
13 CH2X(27) + HOX(22) <=> CH3X(21) + OX(20) 79.192 NAN NAN -3051.849 -305.743
14 CHX(28) + HX(19) <=> CH2X(27) + X(1) 60.256 NAN NAN -245.562 -39.105
15 CHX(28) + HOX(22) <=> CH2X(27) + OX(20) 33.369 NAN NAN 2.457 0.054
16 2 CH2X(27) <=> CH3X(21) + CHX(28) -2.150 NAN NAN -7.176 -2.150
17 CHX(28) + X(1) <=> CX(26) + HX(19) 78.764 NAN NAN -3179.062 -314.100
18 CX(26) + H2(6) <=> CH2X(27) 49.988 -INF -INF -0.764 -0.025
19 CX(26) + HOX(22) <=> CHX(28) + OX(20) 79.225 NAN NAN -185.752 -3.874
20 CH3X(21) + CX(26) <=> CH2X(27) + CHX(28) 32.919 NAN NAN -11.546 -0.622
21 CH2X(27) + CX(26) <=> 2 CHX(28) 70.744 NAN NAN -403.452 -60.905
22 CO(7) + X(1) <=> OCX(25) 27.654 NAN NAN 3.167 -8.519
23 CX(26) + OX(20) <=> OCX(25) + X(1) 39.441 NAN NAN -127.808 -21.118
24 H2(6) + X(1) <=> H2X(49) 36.267 NAN NAN -190.336 -27.465
25 CO(7) + X(1) <=> COX(50) 34.454 NAN NAN 3.167 -31.092
26 C2H4(47) + X(1) <=> C2H4X(210) 79.225 NAN NAN -185.752 -3.874
27 C2H4(18) + X(1) <=> C2H4X(65) 72.072 NAN NAN -352.733 -53.603
28 CH4(2) + HOX(22) + X(1) <=> CH3X(21) + H2OX(23) 50.030 -INF -INF 3.070 0.059
29 H2O(5) + X(1) <=> H2OX(23) 77.736 NAN NAN -4.555 -0.187
30 CO2(4) + X(1) <=> CO2X(24) -33.008 NAN NAN -197.552 -33.008
31 OCX(25) + OX(20) <=> CO2X(24) + X(1) 50.025 -INF -INF 2.157 0.050
32 CO2X(24) + HX(19) <=> HOX(22) + OCX(25) 72.819 NAN NAN -325.778 -49.495
33 H2OX(23) + OX(20) <=> 2 HOX(22) 60.024 NAN NAN 1.742 0.059
34 HOX(22) + HX(19) <=> H2OX(23) + X(1) 77.791 NAN NAN 3.070 0.059
Finished sensitivity simulation for a C/O ratio of 2.4
Finished translating for C/O ratio of 2.4
Starting sensitivity simulation for a C/O ratio of 0.9
0 CH4(2) + X(1) <=> CH4X(48) -INF -INF -INF 95.821 25.679
1 O2(3) + 2 X(1) <=> 2 OX(20) 67.930 100.000 100.000 -76.517 3.791
2 H2(6) + 2 X(1) <=> 2 HX(19) 175.188 137.594 71.734 94.232 24.811
3 H(12) + X(1) <=> HX(19) 174.519 137.259 72.235 95.283 25.480
4 HX(19) + OX(20) <=> HOX(22) + X(1) -INF -INF -INF 95.395 25.542
5 H2O(5) + 2 X(1) <=> HOX(22) + HX(19) 22.396 61.198 69.888 96.216 22.395
6 OH(17) + X(1) <=> HOX(22) 49.857 100.000 100.000 76.640 -0.286
7 CH4(2) + 2 X(1) <=> CH3X(21) + HX(19) 60.603 80.302 92.239 90.696 21.206
8 CH4(2) + OX(20) + X(1) <=> CH3X(21) + HOX(22) 25.476 -11.787 16.692 96.212 25.475
9 C2H6(8) + 2 X(1) <=> 2 CH3X(21) -INF -INF -INF 96.135 25.760
10 CH3(10) + X(1) <=> CH3X(21) 59.977 79.988 91.991 84.251 19.953
11 CH3OH(14) + 2 X(1) <=> CH3X(21) + HOX(22) -INF -INF -INF 95.473 25.567
12 CH2X(27) + HX(19) <=> CH3X(21) + X(1) 174.233 137.117 72.447 96.171 25.766
13 CH2X(27) + HOX(22) <=> CH3X(21) + OX(20) 174.467 137.233 72.273 95.393 25.532
14 CHX(28) + HX(19) <=> CH2X(27) + X(1) -INF -INF -INF 96.135 25.761
15 CHX(28) + HOX(22) <=> CH2X(27) + OX(20) 61.778 80.889 92.695 92.986 23.555
16 2 CH2X(27) <=> CH3X(21) + CHX(28) -INF -INF -INF 95.742 25.669
17 CHX(28) + X(1) <=> CX(26) + HX(19) -INF -INF -INF 95.245 25.461
18 CX(26) + H2(6) <=> CH2X(27) -11.043 100.000 100.000 69.164 -11.044
19 CX(26) + HOX(22) <=> CHX(28) + OX(20) 174.605 137.303 72.170 95.115 25.394
20 CH3X(21) + CX(26) <=> CH2X(27) + CHX(28) 174.255 137.127 72.431 96.029 25.745
21 CH2X(27) + CX(26) <=> 2 CHX(28) 80.211 100.000 100.000 96.212 20.844
22 CO(7) + X(1) <=> OCX(25) -INF -INF -INF 95.994 25.738
23 CX(26) + OX(20) <=> OCX(25) + X(1) 90.691 100.000 100.000 95.393 25.530
24 H2(6) + X(1) <=> H2X(49) -INF -INF -INF 95.576 25.609
25 CO(7) + X(1) <=> COX(50) 20.356 60.178 68.284 90.977 20.355
26 C2H4(47) + X(1) <=> C2H4X(210) 174.605 137.303 72.170 95.115 25.394
27 C2H4(18) + X(1) <=> C2H4X(65) -INF -INF -INF 95.790 25.694
28 CH4(2) + HOX(22) + X(1) <=> CH3X(21) + H2OX(23) 84.825 100.000 100.000 -1235.472 -780.137
29 H2O(5) + X(1) <=> H2OX(23) -INF -INF -INF 94.501 25.014
30 CO2(4) + X(1) <=> CO2X(24) -INF -INF -INF 95.261 25.469
31 OCX(25) + OX(20) <=> CO2X(24) + X(1) -INF -INF -INF 95.934 25.724
32 CO2X(24) + HX(19) <=> HOX(22) + OCX(25) -INF -INF -INF 96.073 25.752
33 H2OX(23) + OX(20) <=> 2 HOX(22) 175.454 137.727 71.533 93.836 24.545
34 HOX(22) + HX(19) <=> H2OX(23) + X(1) 174.233 137.117 72.447 96.208 25.766
Finished sensitivity simulation for a C/O ratio of 0.9
Finished translating for C/O ratio of 0.9
Starting sensitivity simulation for a C/O ratio of 2.2
0 CH4(2) + X(1) <=> CH4X(48) 29.962 NAN NAN 79.766 42.696
1 O2(3) + 2 X(1) <=> 2 OX(20) 63.707 NAN NAN -4464.703 -566.451
2 H2(6) + 2 X(1) <=> 2 HX(19) 1.008 -INF -INF -38.321 37.006
3 H(12) + X(1) <=> HX(19) 1.899 NAN NAN 55.369 19.736
4 HX(19) + OX(20) <=> HOX(22) + X(1) 9.932 -INF -INF 79.413 42.684
5 H2O(5) + 2 X(1) <=> HOX(22) + HX(19) 28.613 NAN NAN 73.299 41.592
6 OH(17) + X(1) <=> HOX(22) -2.696 NAN NAN 79.786 -12.032
7 CH4(2) + 2 X(1) <=> CH3X(21) + HX(19) 9.942 -INF -INF 79.555 42.690
8 CH4(2) + OX(20) + X(1) <=> CH3X(21) + HOX(22) 1.637 NAN NAN 29.804 19.521
9 C2H6(8) + 2 X(1) <=> 2 CH3X(21) 21.523 NAN NAN -64.227 -28.416
10 CH3(10) + X(1) <=> CH3X(21) 9.163 -INF -INF 75.824 42.194
11 CH3OH(14) + 2 X(1) <=> CH3X(21) + HOX(22) 8.930 -INF -INF 75.180 42.046
12 CH2X(27) + HX(19) <=> CH3X(21) + X(1) -129.326 NAN NAN 11.071 16.609
13 CH2X(27) + HOX(22) <=> CH3X(21) + OX(20) 9.742 -INF -INF 78.102 42.563
14 CHX(28) + HX(19) <=> CH2X(27) + X(1) 42.696 NAN NAN 79.766 42.696
15 CHX(28) + HOX(22) <=> CH2X(27) + OX(20) 29.788 NAN NAN 78.031 42.554
16 2 CH2X(27) <=> CH3X(21) + CHX(28) 9.951 -INF -INF 79.766 42.696
17 CHX(28) + X(1) <=> CX(26) + HX(19) -133.680 NAN NAN 19.633 15.026
18 CX(26) + H2(6) <=> CH2X(27) 9.936 -INF -INF 79.461 42.686
19 CX(26) + HOX(22) <=> CHX(28) + OX(20) 3.788 -INF -INF 64.592 38.774
20 CH3X(21) + CX(26) <=> CH2X(27) + CHX(28) 7.966 -INF -INF 72.702 41.433
21 CH2X(27) + CX(26) <=> 2 CHX(28) -26.089 -INF -INF 79.472 42.687
22 CO(7) + X(1) <=> OCX(25) 28.796 NAN NAN 73.886 41.742
23 CX(26) + OX(20) <=> OCX(25) + X(1) -7.908 NAN NAN -0.243 11.712
24 H2(6) + X(1) <=> H2X(49) 9.110 -INF -INF 75.720 42.161
25 CO(7) + X(1) <=> COX(50) 62.576 NAN NAN -4445.992 -546.410
26 C2H4(47) + X(1) <=> C2H4X(210) 3.788 -INF -INF 64.592 38.774
27 C2H4(18) + X(1) <=> C2H4X(65) 8.449 -INF -INF 79.786 41.740
28 CH4(2) + HOX(22) + X(1) <=> CH3X(21) + H2OX(23) -126.962 NAN NAN -20.479 17.468
29 H2O(5) + X(1) <=> H2OX(23) 9.933 -INF -INF 79.430 42.685
30 CO2(4) + X(1) <=> CO2X(24) 9.153 -INF -INF 75.852 42.188
31 OCX(25) + OX(20) <=> CO2X(24) + X(1) -62.347 -INF -INF 71.067 40.965
32 CO2X(24) + HX(19) <=> HOX(22) + OCX(25) -136.523 -INF -INF 3.913 13.992
33 H2OX(23) + OX(20) <=> 2 HOX(22) 8.545 -INF -INF 73.953 41.801
34 HOX(22) + HX(19) <=> H2OX(23) + X(1) 29.929 NAN NAN 79.171 42.669
Finished sensitivity simulation for a C/O ratio of 2.2
Finished translating for C/O ratio of 2.2
Starting sensitivity simulation for a C/O ratio of 0.6
0 CH4(2) + X(1) <=> CH4X(48) NAN NAN NAN 25.210 0.977
1 O2(3) + 2 X(1) <=> 2 OX(20) NAN NAN NAN 42.141 -0.638
2 H2(6) + 2 X(1) <=> 2 HX(19) NAN NAN NAN -3091.320 -373.283
3 H(12) + X(1) <=> HX(19) NAN NAN NAN -2249.812 -228.834
4 HX(19) + OX(20) <=> HOX(22) + X(1) NAN NAN NAN -0.937 -0.045
5 H2O(5) + 2 X(1) <=> HOX(22) + HX(19) NAN NAN NAN 28.194 1.043
6 OH(17) + X(1) <=> HOX(22) NAN NAN NAN 35.818 1.194
7 CH4(2) + 2 X(1) <=> CH3X(21) + HX(19) NAN NAN NAN -1.360 0.043
8 CH4(2) + OX(20) + X(1) <=> CH3X(21) + HOX(22) NAN NAN NAN 16.626 0.693
9 C2H6(8) + 2 X(1) <=> 2 CH3X(21) NAN NAN NAN 36.101 1.198
10 CH3(10) + X(1) <=> CH3X(21) NAN NAN NAN 26.429 1.014
11 CH3OH(14) + 2 X(1) <=> CH3X(21) + HOX(22) NAN NAN NAN 41.417 0.922
12 CH2X(27) + HX(19) <=> CH3X(21) + X(1) NAN NAN NAN 18.516 0.786
13 CH2X(27) + HOX(22) <=> CH3X(21) + OX(20) NAN NAN NAN -1065.774 -42.651
14 CHX(28) + HX(19) <=> CH2X(27) + X(1) NAN NAN NAN 18.115 1.245
15 CHX(28) + HOX(22) <=> CH2X(27) + OX(20) NAN NAN NAN -712.451 -49.059
16 2 CH2X(27) <=> CH3X(21) + CHX(28) NAN NAN NAN 38.818 1.230
17 CHX(28) + X(1) <=> CX(26) + HX(19) NAN NAN NAN 22.521 0.887
18 CX(26) + H2(6) <=> CH2X(27) NAN NAN NAN -423.338 -1.775
19 CX(26) + HOX(22) <=> CHX(28) + OX(20) NAN NAN NAN -267.445 -57.080
20 CH3X(21) + CX(26) <=> CH2X(27) + CHX(28) NAN NAN NAN 25.813 0.981
21 CH2X(27) + CX(26) <=> 2 CHX(28) NAN NAN NAN 35.361 1.187
22 CO(7) + X(1) <=> OCX(25) NAN NAN NAN 41.417 1.245
23 CX(26) + OX(20) <=> OCX(25) + X(1) NAN NAN NAN 12.737 0.561
24 H2(6) + X(1) <=> H2X(49) NAN NAN NAN -208.413 -17.794
25 CO(7) + X(1) <=> COX(50) NAN NAN NAN 35.538 1.190
26 C2H4(47) + X(1) <=> C2H4X(210) NAN NAN NAN -267.445 -57.080
27 C2H4(18) + X(1) <=> C2H4X(65) NAN NAN NAN -267.445 -57.080
28 CH4(2) + HOX(22) + X(1) <=> CH3X(21) + H2OX(23) NAN NAN NAN -4905.007 -1.741
29 H2O(5) + X(1) <=> H2OX(23) NAN NAN NAN -17061.401 -883.729
30 CO2(4) + X(1) <=> CO2X(24) NAN NAN NAN -189.929 -15.700
31 OCX(25) + OX(20) <=> CO2X(24) + X(1) NAN NAN NAN 18.517 0.759
32 CO2X(24) + HX(19) <=> HOX(22) + OCX(25) NAN NAN NAN 41.417 1.042
33 H2OX(23) + OX(20) <=> 2 HOX(22) NAN NAN NAN 38.854 1.235
34 HOX(22) + HX(19) <=> H2OX(23) + X(1) NAN NAN NAN 39.725 1.252
Finished sensitivity simulation for a C/O ratio of 0.6
Finished translating for C/O ratio of 0.6
Starting sensitivity simulation for a C/O ratio of 1.0
0 CH4(2) + X(1) <=> CH4X(48) NAN NAN NAN 3.736 -26.914
1 O2(3) + 2 X(1) <=> 2 OX(20) NAN NAN NAN 4.830 0.025
2 H2(6) + 2 X(1) <=> 2 HX(19) NAN NAN NAN 3.639 0.022
3 H(12) + X(1) <=> HX(19) NAN NAN NAN -7.529 -0.112
4 HX(19) + OX(20) <=> HOX(22) + X(1) NAN NAN NAN -41.812 -1.162
5 H2O(5) + 2 X(1) <=> HOX(22) + HX(19) NAN NAN NAN 1.458 0.013
6 OH(17) + X(1) <=> HOX(22) NAN NAN NAN -5271.634 -259.997
7 CH4(2) + 2 X(1) <=> CH3X(21) + HX(19) NAN NAN NAN 0.642 0.006
8 CH4(2) + OX(20) + X(1) <=> CH3X(21) + HOX(22) NAN NAN NAN -36.929 -1.033
9 C2H6(8) + 2 X(1) <=> 2 CH3X(21) NAN NAN NAN 3.639 0.023
10 CH3(10) + X(1) <=> CH3X(21) NAN NAN NAN -7.954 -0.114
11 CH3OH(14) + 2 X(1) <=> CH3X(21) + HOX(22) NAN NAN NAN -287.313 -17.800
12 CH2X(27) + HX(19) <=> CH3X(21) + X(1) NAN NAN NAN 2.871 -89.469
13 CH2X(27) + HOX(22) <=> CH3X(21) + OX(20) NAN NAN NAN -28.631 -0.687
14 CHX(28) + HX(19) <=> CH2X(27) + X(1) NAN NAN NAN -44.932 -1.343
15 CHX(28) + HOX(22) <=> CH2X(27) + OX(20) NAN NAN NAN -501.566 -37.526
16 2 CH2X(27) <=> CH3X(21) + CHX(28) NAN NAN NAN 3.736 -0.803
17 CHX(28) + X(1) <=> CX(26) + HX(19) NAN NAN NAN -1109.019 -84.204
18 CX(26) + H2(6) <=> CH2X(27) NAN NAN NAN -6.157 -0.087
19 CX(26) + HOX(22) <=> CHX(28) + OX(20) NAN NAN NAN -256.381 -16.695
20 CH3X(21) + CX(26) <=> CH2X(27) + CHX(28) NAN NAN NAN -1756.764 -136.522
21 CH2X(27) + CX(26) <=> 2 CHX(28) NAN NAN NAN -1.948 -0.009
22 CO(7) + X(1) <=> OCX(25) NAN NAN NAN -24564.676 -72.937
23 CX(26) + OX(20) <=> OCX(25) + X(1) NAN NAN NAN 3.639 0.023
24 H2(6) + X(1) <=> H2X(49) NAN NAN NAN 3.639 0.023
25 CO(7) + X(1) <=> COX(50) NAN NAN NAN -68.312 -2.522
26 C2H4(47) + X(1) <=> C2H4X(210) NAN NAN NAN -256.381 -16.695
27 C2H4(18) + X(1) <=> C2H4X(65) NAN NAN NAN -50.315 -1.549
28 CH4(2) + HOX(22) + X(1) <=> CH3X(21) + H2OX(23) NAN NAN NAN -2785.298 -200.719
29 H2O(5) + X(1) <=> H2OX(23) NAN NAN NAN -0.513 -0.005
30 CO2(4) + X(1) <=> CO2X(24) NAN NAN NAN -27.160 -0.650
31 OCX(25) + OX(20) <=> CO2X(24) + X(1) NAN NAN NAN -1026.311 -102.605
32 CO2X(24) + HX(19) <=> HOX(22) + OCX(25) NAN NAN NAN -9.492 -0.139
33 H2OX(23) + OX(20) <=> 2 HOX(22) NAN NAN NAN -12774.625 -608.504
34 HOX(22) + HX(19) <=> H2OX(23) + X(1) NAN NAN NAN 1.236 0.011
Finished sensitivity simulation for a C/O ratio of 1.0
Finished translating for C/O ratio of 1.0
Starting sensitivity simulation for a C/O ratio of 1.1
0 CH4(2) + X(1) <=> CH4X(48) 36.001 NAN NAN 87.007 36.000
1 O2(3) + 2 X(1) <=> 2 OX(20) 46.587 NAN NAN -425.126 -140.359
2 H2(6) + 2 X(1) <=> 2 HX(19) -INF NAN NAN 81.629 34.792
3 H(12) + X(1) <=> HX(19) 73.967 NAN NAN 33.616 34.917
4 HX(19) + OX(20) <=> HOX(22) + X(1) -54.111 NAN NAN 81.204 22.944
5 H2O(5) + 2 X(1) <=> HOX(22) + HX(19) -INF NAN NAN 86.105 35.869
6 OH(17) + X(1) <=> HOX(22) 170.556 NAN NAN 68.451 29.443
7 CH4(2) + 2 X(1) <=> CH3X(21) + HX(19) -INF NAN NAN 88.029 36.112
8 CH4(2) + OX(20) + X(1) <=> CH3X(21) + HOX(22) -INF NAN NAN 79.019 33.966
9 C2H6(8) + 2 X(1) <=> 2 CH3X(21) -108.268 NAN NAN 4.836 -4.134
10 CH3(10) + X(1) <=> CH3X(21) -INF NAN NAN 88.102 36.110
11 CH3OH(14) + 2 X(1) <=> CH3X(21) + HOX(22) -INF NAN NAN 46.449 34.410
12 CH2X(27) + HX(19) <=> CH3X(21) + X(1) -INF NAN NAN 88.103 36.115
13 CH2X(27) + HOX(22) <=> CH3X(21) + OX(20) -INF NAN NAN 84.564 35.567
14 CHX(28) + HX(19) <=> CH2X(27) + X(1) -INF NAN NAN 87.961 36.098
15 CHX(28) + HOX(22) <=> CH2X(27) + OX(20) -INF NAN NAN 85.987 35.847
16 2 CH2X(27) <=> CH3X(21) + CHX(28) -INF NAN NAN 84.514 35.556
17 CHX(28) + X(1) <=> CX(26) + HX(19) -INF -INF -INF -96.254 32.455
18 CX(26) + H2(6) <=> CH2X(27) -INF NAN NAN 88.566 36.127
19 CX(26) + HOX(22) <=> CHX(28) + OX(20) -INF NAN NAN 86.462 35.924
20 CH3X(21) + CX(26) <=> CH2X(27) + CHX(28) -INF NAN NAN 86.784 35.970
21 CH2X(27) + CX(26) <=> 2 CHX(28) 25.656 NAN NAN 88.577 25.656
22 CO(7) + X(1) <=> OCX(25) -INF -INF -INF 85.932 35.836
23 CX(26) + OX(20) <=> OCX(25) + X(1) -28.118 -INF -INF 86.577 35.941
24 H2(6) + X(1) <=> H2X(49) 34.062 NAN NAN 80.292 34.062
25 CO(7) + X(1) <=> COX(50) -INF NAN NAN 87.099 36.012
26 C2H4(47) + X(1) <=> C2H4X(210) -INF NAN NAN 88.566 36.127
27 C2H4(18) + X(1) <=> C2H4X(65) -INF NAN NAN 15.080 13.117
28 CH4(2) + HOX(22) + X(1) <=> CH3X(21) + H2OX(23) -INF NAN NAN 87.534 36.061
29 H2O(5) + X(1) <=> H2OX(23) 66.923 NAN NAN -1122.528 -296.920
30 CO2(4) + X(1) <=> CO2X(24) -58.028 NAN NAN 50.514 20.986
31 OCX(25) + OX(20) <=> CO2X(24) + X(1) 18.031 NAN NAN -144.540 -63.937
32 CO2X(24) + HX(19) <=> HOX(22) + OCX(25) 74.628 NAN NAN -2094.143 -458.173
33 H2OX(23) + OX(20) <=> 2 HOX(22) -INF NAN NAN 81.274 34.741
34 HOX(22) + HX(19) <=> H2OX(23) + X(1) -INF NAN NAN 84.361 35.528
Finished sensitivity simulation for a C/O ratio of 1.1
Finished translating for C/O ratio of 1.1
