This mechanism contains 38 gas reactions and 29 surface reactions
Finished simulation at a C/O ratio of 0.7
Finished simulation at a C/O ratio of 0.8
Finished simulation at a C/O ratio of 1.6
Finished simulation at a C/O ratio of 1.0
Finished simulation at a C/O ratio of 0.6
Finished simulation at a C/O ratio of 1.4
Finished simulation at a C/O ratio of 1.2
Finished simulation at a C/O ratio of 0.9
Finished simulation at a C/O ratio of 1.3
Finished simulation at a C/O ratio of 1.1
Finished simulation at a C/O ratio of 2.2
Finished simulation at a C/O ratio of 2.0
Finished simulation at a C/O ratio of 2.4
Finished simulation at a C/O ratio of 2.6
Finished simulation at a C/O ratio of 1.8
Starting thermo sensitivity simulation for a C/O ratio of 0.7
0 X(1) 0.007 0.074 0.081 -0.003 0.001
1 HX(19) 0.007 -0.022 -0.015 0.001 0.001
2 OX(20) 0.007 0.064 0.071 -0.001 0.001
3 CH3X(21) 0.007 0.040 0.047 -0.000 0.001
4 HOX(22) -0.004 -0.042 -0.046 0.000 0.001
5 H2OX(23) 0.007 0.031 0.038 0.001 0.001
6 CO2X(24) 0.012 0.026 0.039 -0.000 0.001
7 OCX(25) 0.007 0.074 0.081 0.000 0.001
8 CX(26) 0.001 -0.013 -0.011 0.000 0.001
9 CH2X(27) 0.001 0.035 0.037 0.001 0.001
10 CHX(28) 0.001 -0.039 -0.038 0.000 0.001
11 CH4X(48) 0.007 0.024 0.030 -0.000 0.001
12 H2X(49) 0.001 0.045 0.046 -0.000 0.001
13 C2H6X(52) 0.007 0.024 0.030 0.000 0.001
14 C2H4X(65) 0.001 0.035 0.037 -0.000 0.001
15 C2H4X(205) 0.001 0.035 0.037 -0.000 0.001
Finished thermo sensitivity simulation for a C/O ratio of 0.7
Starting thermo sensitivity simulation for a C/O ratio of 0.8
0 X(1) -9.324 -9.825 -20.066 -227.151 0.000
1 HX(19) -47.576 -47.808 -118.128 -1159.167 0.000
2 OX(20) -9.637 -9.771 -20.349 -234.891 0.000
3 CH3X(21) -1.970 -2.264 -4.278 -47.994 -0.000
4 HOX(22) -4.426 -4.422 -9.044 -107.948 0.000
5 H2OX(23) -10.647 -10.927 -22.737 -259.363 0.000
6 CO2X(24) -35.222 -35.322 -82.986 -858.050 0.000
7 OCX(25) -7.307 -7.551 -15.410 -178.016 -0.000
8 CX(26) -25.753 -26.017 -58.470 -627.524 -0.000
9 CH2X(27) -6.839 -6.941 -14.254 -166.470 0.000
10 CHX(28) -28.648 -28.844 -65.755 -698.039 0.000
11 CH4X(48) -49.804 -50.255 -125.088 -1213.620 -0.000
12 H2X(49) -21.904 -22.341 -49.139 -533.755 -0.000
13 C2H6X(52) 3.754 3.519 7.140 91.444 -0.000
14 C2H4X(65) -40.896 -41.283 -99.062 -996.432 -0.000
15 C2H4X(205) -40.896 -41.283 -99.062 -996.432 -0.000
Finished thermo sensitivity simulation for a C/O ratio of 0.8
Starting thermo sensitivity simulation for a C/O ratio of 1.4
0 X(1) 0.003 -0.067 -0.064 -0.003 -0.000
1 HX(19) 0.001 -0.050 -0.049 0.002 -0.000
2 OX(20) 0.007 0.026 0.033 -0.001 -0.000
3 CH3X(21) 0.003 -0.058 -0.055 0.000 -0.000
4 HOX(22) 0.006 -0.134 -0.128 0.000 -0.000
5 H2OX(23) -0.002 -0.078 -0.079 0.001 -0.000
6 CO2X(24) 0.007 -0.026 -0.019 0.000 -0.000
7 OCX(25) -0.000 -0.070 -0.070 0.000 -0.000
8 CX(26) 0.004 -0.017 -0.013 0.000 -0.000
9 CH2X(27) 0.009 -0.150 -0.141 0.001 -0.000
10 CHX(28) 0.001 -0.072 -0.070 0.000 -0.000
11 CH4X(48) 0.004 -0.081 -0.077 0.000 -0.000
12 H2X(49) 0.001 -0.056 -0.055 0.000 -0.000
13 C2H6X(52) 0.003 -0.031 -0.028 0.000 -0.000
14 C2H4X(65) 0.001 -0.029 -0.028 0.000 -0.000
15 C2H4X(205) 0.001 -0.029 -0.028 0.000 -0.000
Finished thermo sensitivity simulation for a C/O ratio of 1.4
Starting thermo sensitivity simulation for a C/O ratio of 1.6
0 X(1) -0.005 -0.059 -0.064 -0.003 0.000
1 HX(19) -0.005 -0.031 -0.036 0.001 0.000
2 OX(20) 0.002 -0.024 -0.022 -0.001 0.000
3 CH3X(21) -0.002 0.040 0.037 -0.000 0.000
4 HOX(22) -0.002 0.014 0.012 0.000 0.000
5 H2OX(23) 0.003 0.020 0.023 0.001 0.000
6 CO2X(24) -0.001 0.024 0.023 0.000 0.000
7 OCX(25) 0.000 -0.059 -0.059 -0.000 0.000
8 CX(26) -0.004 0.019 0.015 0.000 0.000
9 CH2X(27) -0.002 -0.025 -0.028 0.001 0.000
10 CHX(28) -0.002 0.037 0.035 0.000 0.000
11 CH4X(48) 0.000 -0.059 -0.059 -0.000 0.000
12 H2X(49) -0.004 -0.043 -0.047 0.000 0.000
13 C2H6X(52) 0.002 0.016 0.017 0.000 0.000
14 C2H4X(65) 0.000 0.037 0.037 -0.000 0.000
15 C2H4X(205) 0.000 0.040 0.040 -0.000 0.000
Finished thermo sensitivity simulation for a C/O ratio of 1.6
Starting thermo sensitivity simulation for a C/O ratio of 1.2
0 X(1) 0.003 0.083 0.087 -0.003 -0.000
1 HX(19) -0.000 0.050 0.050 0.001 -0.000
2 OX(20) -0.003 0.027 0.023 -0.002 -0.000
3 CH3X(21) -0.003 0.010 0.007 -0.000 -0.000
4 HOX(22) 0.007 0.013 0.020 -0.001 -0.000
5 H2OX(23) -0.003 -0.000 -0.003 0.001 -0.000
6 CO2X(24) -0.000 -0.063 -0.064 -0.001 -0.000
7 OCX(25) 0.003 0.010 0.013 -0.000 -0.000
8 CX(26) 0.003 0.050 0.053 -0.000 -0.000
9 CH2X(27) 0.007 -0.017 -0.010 0.001 -0.000
10 CHX(28) -0.003 0.037 0.033 -0.000 -0.000
11 CH4X(48) 0.003 -0.007 -0.003 -0.001 -0.000
12 H2X(49) 0.003 -0.003 -0.000 -0.001 -0.000
13 C2H6X(52) -0.000 0.027 0.027 -0.000 -0.000
14 C2H4X(65) -0.000 0.053 0.053 -0.000 -0.000
15 C2H4X(205) -0.000 0.053 0.053 -0.000 -0.000
Finished thermo sensitivity simulation for a C/O ratio of 1.2
Starting thermo sensitivity simulation for a C/O ratio of 1.1
0 X(1) -0.004 0.010 0.007 -0.003 0.000
1 HX(19) 0.004 0.007 0.011 0.001 0.000
2 OX(20) -0.004 0.010 0.007 -0.001 0.000
3 CH3X(21) 0.007 -0.046 -0.038 0.000 0.000
4 HOX(22) 0.000 -0.046 -0.046 -0.000 0.000
5 H2OX(23) 0.000 -0.046 -0.046 0.001 0.000
6 CO2X(24) 0.000 -0.004 -0.004 0.000 0.000
7 OCX(25) 0.000 0.025 0.025 0.000 0.000
8 CX(26) 0.000 0.007 0.007 0.000 0.000
9 CH2X(27) 0.004 -0.028 -0.025 0.001 0.000
10 CHX(28) 0.000 -0.046 -0.046 0.000 0.000
11 CH4X(48) 0.000 0.014 0.014 0.000 0.000
12 H2X(49) -0.004 -0.007 -0.011 0.000 0.000
13 C2H6X(52) 0.004 -0.032 -0.028 0.000 0.000
14 C2H4X(65) 0.000 0.007 0.007 0.000 0.000
15 C2H4X(205) 0.000 0.007 0.007 0.000 0.000
Finished thermo sensitivity simulation for a C/O ratio of 1.1
Starting thermo sensitivity simulation for a C/O ratio of 1.0
0 X(1) 6.816 6.768 13.123 45.217 0.000
1 HX(19) 15.047 14.980 27.773 99.899 0.000
2 OX(20) 1.547 1.451 2.975 10.194 -0.000
3 CH3X(21) 13.657 13.618 25.415 90.619 0.000
4 HOX(22) 14.515 14.390 26.816 96.387 0.000
5 H2OX(23) -2.828 -2.951 -5.862 -18.778 0.000
6 CO2X(24) 14.891 14.792 27.480 98.883 0.000
7 OCX(25) 7.989 7.882 15.241 53.049 0.000
8 CX(26) 13.736 13.656 25.516 91.195 -0.000
9 CH2X(27) 12.382 12.319 23.176 82.222 0.000
10 CHX(28) 10.040 9.939 18.981 66.670 0.000
11 CH4X(48) -5.823 -5.870 -12.034 -38.665 0.000
12 H2X(49) 12.879 12.834 24.060 85.480 0.000
13 C2H6X(52) 6.382 6.325 12.303 42.352 0.000
14 C2H4X(65) 14.706 14.700 27.244 97.679 0.000
15 C2H4X(205) 14.706 14.700 27.244 97.679 0.000
Finished thermo sensitivity simulation for a C/O ratio of 1.0
Starting thermo sensitivity simulation for a C/O ratio of 0.9
0 X(1) 0.000 -0.068 -0.068 -0.003 0.000
1 HX(19) 0.000 -0.116 -0.116 0.001 0.000
2 OX(20) -0.004 -0.229 -0.233 -0.001 0.000
3 CH3X(21) 0.000 0.020 0.020 -0.000 0.000
4 HOX(22) -0.000 -0.080 -0.081 19.400 -0.000
5 H2OX(23) 0.000 -0.128 -0.128 0.001 0.000
6 CO2X(24) 0.004 -0.032 -0.028 -0.000 0.000
7 OCX(25) -0.004 -0.120 -0.125 -0.000 0.000
8 CX(26) 0.000 -0.104 -0.104 -0.000 0.000
9 CH2X(27) -0.004 -0.080 -0.085 0.001 0.000
10 CHX(28) -0.005 -0.149 -0.153 0.000 -0.000
11 CH4X(48) -0.004 -0.024 -0.029 -0.000 0.000
12 H2X(49) 0.000 -0.148 -0.148 -0.000 0.000
13 C2H6X(52) 0.000 -0.120 -0.120 -0.000 0.000
14 C2H4X(65) 0.000 -0.084 -0.084 -0.000 0.000
15 C2H4X(205) 0.000 -0.084 -0.084 -0.000 0.000
Finished thermo sensitivity simulation for a C/O ratio of 0.9
Starting thermo sensitivity simulation for a C/O ratio of 1.3
0 X(1) 0.006 -0.010 -0.004 -0.003 -0.000
1 HX(19) 0.006 0.111 0.117 0.001 -0.000
2 OX(20) 0.006 -0.010 -0.004 -0.001 -0.000
3 CH3X(21) 0.009 0.086 0.095 -0.000 -0.000
4 HOX(22) 0.003 -0.035 -0.032 -0.000 -0.000
5 H2OX(23) 0.012 0.016 0.028 0.001 -0.000
6 CO2X(24) 0.006 -0.035 -0.029 -0.000 -0.000
7 OCX(25) -0.010 -0.029 -0.038 -78983.590 -0.000
8 CX(26) 0.006 0.101 0.108 -0.000 -0.000
9 CH2X(27) 0.006 0.130 0.136 0.001 -0.000
10 CHX(28) 0.006 0.146 0.152 0.000 -0.000
11 CH4X(48) 0.006 0.073 0.079 -0.000 0.000
12 H2X(49) 0.009 0.044 0.053 -0.000 -0.000
13 C2H6X(52) 0.012 0.124 0.136 -0.000 -0.000
14 C2H4X(65) 0.009 0.089 0.098 -0.000 -0.000
15 C2H4X(205) 0.009 0.089 0.098 -0.000 -0.000
Finished thermo sensitivity simulation for a C/O ratio of 1.3
Starting thermo sensitivity simulation for a C/O ratio of 0.6
0 X(1) 0.000 -0.030 -0.030 0.761 0.000
1 HX(19) -0.825 -0.828 -1.660 -8910535.121 0.000
2 OX(20) 0.006 -0.064 -0.058 0.763 -0.000
3 CH3X(21) 0.000 -0.035 -0.035 0.764 0.000
4 HOX(22) 0.006 0.011 0.018 0.764 -0.000
5 H2OX(23) 0.006 0.017 0.023 0.765 0.000
6 CO2X(24) 0.012 0.042 0.054 0.764 0.000
7 OCX(25) 0.012 0.031 0.043 0.784 -0.000
8 CX(26) 0.006 0.033 0.039 0.764 0.000
9 CH2X(27) -0.000 0.024 0.024 0.765 -0.000
10 CHX(28) 0.012 0.047 0.059 0.765 0.000
11 CH4X(48) -0.006 -0.001 -0.007 0.764 -0.000
12 H2X(49) 0.000 0.024 0.024 17.411 0.000
13 C2H6X(52) 0.012 0.058 0.070 0.779 0.000
14 C2H4X(65) 0.006 -0.077 -0.071 22.325 -0.000
15 C2H4X(205) 0.006 -0.077 -0.071 22.325 -0.000
Finished thermo sensitivity simulation for a C/O ratio of 0.6
Starting thermo sensitivity simulation for a C/O ratio of 2.0
0 X(1) 0.003 0.039 0.042 -0.003 0.000
1 HX(19) 0.003 0.011 0.014 0.001 0.000
2 OX(20) 0.000 -0.025 -0.025 -0.001 0.000
3 CH3X(21) 0.005 -0.093 -0.089 -0.000 0.000
4 HOX(22) -0.001 -0.167 -0.168 -0.000 0.000
5 H2OX(23) 0.001 -0.067 -0.065 0.001 0.000
6 CO2X(24) -0.002 -0.075 -0.077 -0.000 0.000
7 OCX(25) 0.000 0.111 0.111 0.000 0.000
8 CX(26) 0.000 -0.050 -0.050 -0.000 0.000
9 CH2X(27) 0.000 -0.103 -0.103 0.001 0.000
10 CHX(28) -0.003 0.037 0.034 -0.000 0.000
11 CH4X(48) 0.001 0.034 0.035 0.000 0.000
12 H2X(49) 0.005 -0.179 -0.174 -0.000 0.000
13 C2H6X(52) 0.000 -0.058 -0.058 0.000 0.000
14 C2H4X(65) -0.002 -0.057 -0.060 -0.000 0.000
15 C2H4X(205) -0.003 0.017 0.014 -0.000 0.000
Finished thermo sensitivity simulation for a C/O ratio of 2.0
Starting thermo sensitivity simulation for a C/O ratio of 1.8
0 X(1) 0.000 0.251 0.252 -0.002 0.000
1 HX(19) 0.000 0.262 0.262 0.002 0.000
2 OX(20) 0.003 0.365 0.367 -0.000 0.000
3 CH3X(21) -0.001 0.282 0.281 0.001 0.000
4 HOX(22) 0.001 0.218 0.220 0.001 0.000
5 H2OX(23) 0.001 0.107 0.108 0.002 0.000
6 CO2X(24) 0.000 0.275 0.275 0.001 0.000
7 OCX(25) 0.001 0.274 0.275 0.001 0.000
8 CX(26) 0.000 0.238 0.238 0.001 0.000
9 CH2X(27) -0.001 0.065 0.064 0.002 0.000
10 CHX(28) -0.001 0.282 0.281 0.001 0.000
11 CH4X(48) 0.003 0.272 0.275 0.001 0.000
12 H2X(49) -0.002 0.233 0.231 0.001 0.000
13 C2H6X(52) 0.004 0.266 0.269 0.001 0.000
14 C2H4X(65) 0.000 0.270 0.270 0.001 0.000
15 C2H4X(205) 0.003 0.291 0.293 0.001 0.000
Finished thermo sensitivity simulation for a C/O ratio of 1.8
Starting thermo sensitivity simulation for a C/O ratio of 2.4
0 X(1) -0.003 -0.031 -0.033 -0.003 0.000
1 HX(19) -0.004 -0.045 -0.049 0.001 0.000
2 OX(20) -0.002 -0.173 -0.175 -0.001 -0.000
3 CH3X(21) -0.002 -0.145 -0.147 -0.000 -0.000
4 HOX(22) -0.001 -0.084 -0.085 0.000 0.000
5 H2OX(23) -0.003 -0.058 -0.061 0.001 -0.000
6 CO2X(24) -0.002 -0.122 -0.124 -0.000 -0.000
7 OCX(25) -0.003 -0.132 -0.135 -0.000 -0.000
8 CX(26) 0.000 -0.097 -0.097 -0.000 0.000
9 CH2X(27) -0.002 -0.103 -0.105 0.001 -0.000
10 CHX(28) -0.004 -0.045 -0.049 -0.000 -0.000
11 CH4X(48) -0.004 -0.175 -0.178 -0.000 -0.000
12 H2X(49) -0.003 -0.155 -0.158 -0.000 -0.000
13 C2H6X(52) -0.005 -0.134 -0.139 -0.000 -0.000
14 C2H4X(65) 0.002 -0.100 -0.098 -0.000 -0.000
15 C2H4X(205) -0.004 -0.045 -0.049 -0.000 -0.000
Finished thermo sensitivity simulation for a C/O ratio of 2.4
Starting thermo sensitivity simulation for a C/O ratio of 2.2
0 X(1) 0.001 -0.004 -0.003 -0.003 0.000
1 HX(19) 0.000 -0.055 -0.055 0.001 0.000
2 OX(20) -0.002 -0.091 -0.093 -0.001 0.000
3 CH3X(21) 0.001 -0.045 -0.044 0.000 0.000
4 HOX(22) -0.003 0.035 0.032 0.000 0.000
5 H2OX(23) -0.003 -0.029 -0.033 0.001 0.000
6 CO2X(24) -0.002 -0.014 -0.016 0.000 0.000
7 OCX(25) -0.001 -0.056 -0.057 0.000 0.000
8 CX(26) -0.001 -0.015 -0.016 0.000 0.000
9 CH2X(27) 0.004 0.007 0.011 0.001 0.000
10 CHX(28) 0.001 -0.018 -0.017 0.000 0.000
11 CH4X(48) 0.001 -0.004 -0.003 0.000 0.000
12 H2X(49) 0.001 -0.042 -0.041 0.000 0.000
13 C2H6X(52) 0.001 -0.004 -0.003 0.000 0.000
14 C2H4X(65) 0.000 -0.017 -0.017 0.000 0.000
15 C2H4X(205) -0.001 -0.015 -0.016 0.000 0.000
Finished thermo sensitivity simulation for a C/O ratio of 2.2
Starting thermo sensitivity simulation for a C/O ratio of 2.6
0 X(1) 0.002 -0.043 -0.041 -0.003 0.001
1 HX(19) 0.002 0.064 0.066 0.001 0.001
2 OX(20) -0.001 0.035 0.034 -0.001 0.001
3 CH3X(21) -0.001 -0.067 -0.068 -0.000 0.001
4 HOX(22) 0.001 -0.083 -0.082 -0.000 0.001
5 H2OX(23) -0.006 -0.100 -0.106 0.001 0.001
6 CO2X(24) -0.002 0.007 0.005 -0.000 0.001
7 OCX(25) -0.001 -0.050 -0.051 -0.000 -0.000
8 CX(26) -0.001 -0.059 -0.060 0.000 0.000
9 CH2X(27) 0.000 -0.018 -0.018 0.001 0.001
10 CHX(28) -0.001 -0.005 -0.006 0.000 0.001
11 CH4X(48) 0.001 0.010 0.011 -0.000 0.001
12 H2X(49) -0.002 -0.002 -0.003 -0.000 0.001
13 C2H6X(52) -0.003 -0.016 -0.019 -0.000 0.001
14 C2H4X(65) 0.001 -0.043 -0.042 -0.000 0.001
15 C2H4X(205) 0.000 -0.004 -0.004 -0.000 0.001
Finished thermo sensitivity simulation for a C/O ratio of 2.6
Starting sensitivity simulation for a C/O ratio of 0.7
0 CH4(2) + X(1) <=> CH4X(48) 0.001 -0.046 -0.045 -0.000 0.001
1 O2(3) + 2 X(1) <=> 2 OX(20) -0.489 0.149 -0.339 1.231 0.002
2 H2(6) + 2 X(1) <=> 2 HX(19) 0.001 -0.023 -0.022 0.000 0.001
3 H(12) + X(1) <=> HX(19) 0.001 0.037 0.039 -0.000 0.001
4 HX(19) + OX(20) <=> HOX(22) + X(1) 0.001 -0.030 -0.028 -0.000 0.001
5 H2O(5) + 2 X(1) <=> HOX(22) + HX(19) 0.001 0.045 0.046 -0.000 0.001
6 OH(17) + X(1) <=> HOX(22) 0.001 -0.015 -0.014 0.000 0.001
7 CH4(2) + 2 X(1) <=> CH3X(21) + HX(19) 0.007 0.021 0.028 -0.000 0.001
8 CH4(2) + OX(20) + X(1) <=> CH3X(21) + HOX(22) 0.001 0.018 0.020 -0.000 0.001
9 C2H6(8) + 2 X(1) <=> 2 CH3X(21) 0.007 0.074 0.081 0.000 0.001
10 CH3(10) + X(1) <=> CH3X(21) 1.000 0.352 1.349 -0.481 0.001
11 CH3OH(14) + 2 X(1) <=> CH3X(21) + HOX(22) 0.001 0.045 0.046 -0.000 0.001
12 H2(6) + X(1) <=> H2X(49) 0.001 0.042 0.044 -0.000 0.001
13 C2H6(8) + X(1) <=> C2H6X(52) 0.001 0.011 0.013 -0.000 0.001
14 C2H4(47) + X(1) <=> C2H4X(205) 0.001 0.035 0.037 -0.000 0.001
15 CH4(2) + HOX(22) + X(1) <=> CH3X(21) + H2OX(23) 0.001 0.037 0.039 -0.000 0.001
16 H2O(5) + X(1) <=> H2OX(23) 0.001 0.069 0.070 -0.001 0.001
17 H2OX(23) + OX(20) <=> 2 HOX(22) -7.335 -8.078 -16.005 -77014447.518 0.002
18 HOX(22) + HX(19) <=> H2OX(23) + X(1) 0.007 0.007 0.014 0.000 0.001
19 C2H4(18) + X(1) <=> C2H4X(65) 0.001 0.035 0.037 -0.000 0.001
20 CO2(4) + X(1) <=> CO2X(24) 0.007 0.012 0.018 -0.000 0.001
21 CO(7) + X(1) <=> OCX(25) 0.001 0.004 0.005 -0.000 0.001
22 CX(26) + OX(20) <=> OCX(25) + X(1) 0.001 -0.013 -0.011 0.000 0.001
23 OCX(25) + OX(20) <=> CO2X(24) + X(1) 0.007 0.019 0.026 -0.000 0.001
24 CO2X(24) + HX(19) <=> HOX(22) + OCX(25) 0.001 -0.015 -0.014 0.000 0.001
25 CH2X(27) + HX(19) <=> CH3X(21) + X(1) 0.001 -0.046 -0.045 -0.978 0.001
26 CHX(28) + HX(19) <=> CH2X(27) + X(1) 0.007 0.040 0.047 -0.022 0.001
27 CHX(28) + X(1) <=> CX(26) + HX(19) 0.001 0.035 0.037 -0.000 0.001
28 CX(26) + H2(6) <=> CH2X(27) 0.007 0.074 0.081 0.000 0.001
Finished sensitivity simulation for a C/O ratio of 0.7
Finished translating for C/O ratio of 0.7
Starting sensitivity simulation for a C/O ratio of 0.8
0 CH4(2) + X(1) <=> CH4X(48) -0.754 -0.886 -1.647 -18.259 -0.000
1 O2(3) + 2 X(1) <=> 2 OX(20) -17.849 -17.361 -38.309 -420.878 0.001
2 H2(6) + 2 X(1) <=> 2 HX(19) -54.930 -55.477 -140.880 -1338.310 -0.001
3 H(12) + X(1) <=> HX(19) -3.140 -3.270 -6.513 -76.369 -0.000
4 HX(19) + OX(20) <=> HOX(22) + X(1) 3.291 3.097 6.287 80.183 -0.000
5 H2O(5) + 2 X(1) <=> HOX(22) + HX(19) -59.274 -59.364 -153.826 -1443.978 -0.000
6 OH(17) + X(1) <=> HOX(22) -29.463 -29.746 -67.973 -717.910 0.000
7 CH4(2) + 2 X(1) <=> CH3X(21) + HX(19) -0.999 -0.937 -1.946 -24.689 -0.000
8 CH4(2) + OX(20) + X(1) <=> CH3X(21) + HOX(22) 1.332 1.259 2.574 32.337 0.000
9 C2H6(8) + 2 X(1) <=> 2 CH3X(21) -2.630 -2.697 -5.398 -64.192 -0.000
10 CH3(10) + X(1) <=> CH3X(21) 5.059 4.007 8.864 100.000 -0.001
11 CH3OH(14) + 2 X(1) <=> CH3X(21) + HOX(22) -35.767 -35.939 -84.560 -871.477 -0.000
12 H2(6) + X(1) <=> H2X(49) -13.086 -13.051 -27.844 -318.778 -0.000
13 C2H6(8) + X(1) <=> C2H6X(52) -27.403 -27.542 -62.493 -667.570 -0.000
14 C2H4(47) + X(1) <=> C2H4X(205) -40.896 -41.283 -99.062 -996.432 -0.000
15 CH4(2) + HOX(22) + X(1) <=> CH3X(21) + H2OX(23) -32.827 -32.723 -76.292 -799.861 -0.000
16 H2O(5) + X(1) <=> H2OX(23) -16.570 -16.733 -36.076 -404.067 0.000
17 H2OX(23) + OX(20) <=> 2 HOX(22) 4.587 4.029 8.432 100.000 -0.000
18 HOX(22) + HX(19) <=> H2OX(23) + X(1) -2.223 -2.330 -4.605 -54.276 -0.000
19 C2H4(18) + X(1) <=> C2H4X(65) -40.896 -41.283 -99.062 -996.432 -0.000
20 CO2(4) + X(1) <=> CO2X(24) -34.581 -34.898 -81.547 -842.427 -0.000
21 CO(7) + X(1) <=> OCX(25) -31.072 -31.163 -71.918 -757.245 -0.000
22 CX(26) + OX(20) <=> OCX(25) + X(1) -24.004 -23.939 -53.688 -585.038 -0.000
23 OCX(25) + OX(20) <=> CO2X(24) + X(1) 0.699 0.551 1.246 17.137 -0.000
24 CO2X(24) + HX(19) <=> HOX(22) + OCX(25) -21.801 -21.838 -48.400 -531.235 0.000
25 CH2X(27) + HX(19) <=> CH3X(21) + X(1) -56.739 -56.849 -145.844 -1382.412 -0.000
26 CHX(28) + HX(19) <=> CH2X(27) + X(1) -14.037 -14.157 -30.181 -341.828 0.000
27 CHX(28) + X(1) <=> CX(26) + HX(19) -4.990 -5.132 -10.378 -121.555 -0.000
28 CX(26) + H2(6) <=> CH2X(27) -6.603 -6.957 -14.019 -160.738 -0.000
Finished sensitivity simulation for a C/O ratio of 0.8
Finished translating for C/O ratio of 0.8
Starting sensitivity simulation for a C/O ratio of 1.4
0 CH4(2) + X(1) <=> CH4X(48) -0.003 -0.113 -0.116 0.000 -0.000
1 O2(3) + 2 X(1) <=> 2 OX(20) -0.504 -0.100 -0.605 1.229 0.001
2 H2(6) + 2 X(1) <=> 2 HX(19) 0.000 -0.073 -0.072 0.000 -0.001
3 H(12) + X(1) <=> HX(19) 0.003 -0.098 -0.095 0.000 -0.000
4 HX(19) + OX(20) <=> HOX(22) + X(1) 0.006 -0.098 -0.092 0.000 -0.000
5 H2O(5) + 2 X(1) <=> HOX(22) + HX(19) 0.003 -0.037 -0.034 -0.000 -0.000
6 OH(17) + X(1) <=> HOX(22) 0.003 -0.067 -0.064 0.000 -0.000
7 CH4(2) + 2 X(1) <=> CH3X(21) + HX(19) -0.003 -0.061 -0.064 0.000 -0.000
8 CH4(2) + OX(20) + X(1) <=> CH3X(21) + HOX(22) 0.004 -0.035 -0.031 -0.000 -0.000
9 C2H6(8) + 2 X(1) <=> 2 CH3X(21) 0.001 -0.111 -0.110 0.000 -0.000
10 CH3(10) + X(1) <=> CH3X(21) 0.985 -0.272 0.715 -0.484 -0.003
11 CH3OH(14) + 2 X(1) <=> CH3X(21) + HOX(22) 0.001 -0.133 -0.131 0.000 -0.000
12 H2(6) + X(1) <=> H2X(49) 0.004 -0.105 -0.101 0.000 -0.000
13 C2H6(8) + X(1) <=> C2H6X(52) 0.006 -0.061 -0.055 0.000 -0.000
14 C2H4(47) + X(1) <=> C2H4X(205) 0.001 -0.029 -0.028 0.000 -0.000
15 CH4(2) + HOX(22) + X(1) <=> CH3X(21) + H2OX(23) 0.006 -0.049 -0.043 0.000 -0.000
16 H2O(5) + X(1) <=> H2OX(23) 0.004 -0.020 -0.016 -0.001 -0.000
17 H2OX(23) + OX(20) <=> 2 HOX(22) 0.491 -0.152 0.340 -0.756 0.000
18 HOX(22) + HX(19) <=> H2OX(23) + X(1) 0.009 -0.104 -0.095 0.000 -0.000
19 C2H4(18) + X(1) <=> C2H4X(65) 0.003 -0.031 -0.028 0.000 -0.000
20 CO2(4) + X(1) <=> CO2X(24) 0.001 -0.072 -0.070 0.000 -0.000
21 CO(7) + X(1) <=> OCX(25) 0.001 -0.099 -0.098 0.000 -0.000
22 CX(26) + OX(20) <=> OCX(25) + X(1) 0.001 -0.111 -0.110 0.000 -0.000
23 OCX(25) + OX(20) <=> CO2X(24) + X(1) 0.007 -0.090 -0.083 0.000 -0.000
24 CO2X(24) + HX(19) <=> HOX(22) + OCX(25) 0.001 -0.090 -0.088 0.000 -0.000
25 CH2X(27) + HX(19) <=> CH3X(21) + X(1) 0.004 0.032 0.036 -0.970 -0.000
26 CHX(28) + HX(19) <=> CH2X(27) + X(1) -0.000 -0.003 -0.003 -0.029 -0.000
27 CHX(28) + X(1) <=> CX(26) + HX(19) -0.002 -0.099 -0.100 0.000 -0.000
28 CX(26) + H2(6) <=> CH2X(27) -0.000 -0.134 -0.134 0.000 -0.000
Finished sensitivity simulation for a C/O ratio of 1.4
Finished translating for C/O ratio of 1.4
Starting sensitivity simulation for a C/O ratio of 1.6
0 CH4(2) + X(1) <=> CH4X(48) -0.001 0.024 0.023 0.000 0.000
1 O2(3) + 2 X(1) <=> 2 OX(20) -0.495 -0.106 -0.602 1.229 0.003
2 H2(6) + 2 X(1) <=> 2 HX(19) -0.005 -0.025 -0.030 -0.000 -0.001
3 H(12) + X(1) <=> HX(19) -0.004 0.041 0.037 -0.000 0.000
4 HX(19) + OX(20) <=> HOX(22) + X(1) -0.002 0.017 0.015 0.000 0.000
5 H2O(5) + 2 X(1) <=> HOX(22) + HX(19) 0.002 0.033 0.034 0.000 0.000
6 OH(17) + X(1) <=> HOX(22) -0.001 -0.046 -0.047 0.000 0.000
7 CH4(2) + 2 X(1) <=> CH3X(21) + HX(19) -0.002 0.048 0.046 0.000 0.000
8 CH4(2) + OX(20) + X(1) <=> CH3X(21) + HOX(22) -0.001 0.038 0.037 -0.000 0.000
9 C2H6(8) + 2 X(1) <=> 2 CH3X(21) -0.002 -0.025 -0.028 0.000 0.000
10 CH3(10) + X(1) <=> CH3X(21) 0.988 0.099 1.086 -0.482 -0.002
11 CH3OH(14) + 2 X(1) <=> CH3X(21) + HOX(22) -0.002 -0.031 -0.033 -0.000 0.000
12 H2(6) + X(1) <=> H2X(49) -0.004 -0.012 -0.016 0.000 0.000
13 C2H6(8) + X(1) <=> C2H6X(52) -0.001 -0.041 -0.042 -0.000 0.000
14 C2H4(47) + X(1) <=> C2H4X(205) 0.000 0.040 0.040 -0.000 0.000
15 CH4(2) + HOX(22) + X(1) <=> CH3X(21) + H2OX(23) 0.000 -0.059 -0.059 -0.000 0.000
16 H2O(5) + X(1) <=> H2OX(23) 0.000 -0.005 -0.005 -0.001 0.000
17 H2OX(23) + OX(20) <=> 2 HOX(22) 0.495 -0.025 0.470 -0.756 0.000
18 HOX(22) + HX(19) <=> H2OX(23) + X(1) 0.002 -0.007 -0.005 0.000 0.000
19 C2H4(18) + X(1) <=> C2H4X(65) 0.000 0.037 0.037 -0.000 0.000
20 CO2(4) + X(1) <=> CO2X(24) -0.002 0.006 0.004 -0.000 0.000
21 CO(7) + X(1) <=> OCX(25) -0.002 0.037 0.035 0.000 0.000
22 CX(26) + OX(20) <=> OCX(25) + X(1) 0.000 -0.053 -0.053 -0.000 0.000
23 OCX(25) + OX(20) <=> CO2X(24) + X(1) -0.004 -0.043 -0.047 0.000 0.000
24 CO2X(24) + HX(19) <=> HOX(22) + OCX(25) -0.004 0.019 0.015 -0.000 0.000
25 CH2X(27) + HX(19) <=> CH3X(21) + X(1) -0.006 -0.001 -0.007 -0.969 0.000
26 CHX(28) + HX(19) <=> CH2X(27) + X(1) -0.005 -0.031 -0.036 -0.031 0.000
27 CHX(28) + X(1) <=> CX(26) + HX(19) 0.000 0.014 0.014 0.000 0.000
28 CX(26) + H2(6) <=> CH2X(27) -0.002 -0.039 -0.042 0.000 0.000
Finished sensitivity simulation for a C/O ratio of 1.6
Finished translating for C/O ratio of 1.6
Starting sensitivity simulation for a C/O ratio of 0.9
0 CH4(2) + X(1) <=> CH4X(48) -0.009 -0.101 -0.109 -0.000 0.000
1 O2(3) + 2 X(1) <=> 2 OX(20) -0.496 0.043 -0.452 1.230 0.001
2 H2(6) + 2 X(1) <=> 2 HX(19) -0.001 -0.133 -0.133 -0.000 -0.001
3 H(12) + X(1) <=> HX(19) -0.000 -0.132 -0.132 -0.000 -0.000
4 HX(19) + OX(20) <=> HOX(22) + X(1) -0.004 -0.120 -0.125 -0.000 0.000
5 H2O(5) + 2 X(1) <=> HOX(22) + HX(19) 0.004 -0.088 -0.084 -0.000 0.000
6 OH(17) + X(1) <=> HOX(22) -0.004 -0.052 -0.057 -0.000 0.000
7 CH4(2) + 2 X(1) <=> CH3X(21) + HX(19) -0.004 -0.136 -0.141 -0.000 0.000
8 CH4(2) + OX(20) + X(1) <=> CH3X(21) + HOX(22) -0.004 -0.160 -0.165 -0.000 0.000
9 C2H6(8) + 2 X(1) <=> 2 CH3X(21) 0.000 0.004 0.004 -0.000 0.000
10 CH3(10) + X(1) <=> CH3X(21) 0.991 0.048 1.039 -0.484 -0.001
11 CH3OH(14) + 2 X(1) <=> CH3X(21) + HOX(22) 0.004 -0.152 -0.148 -0.000 0.000
12 H2(6) + X(1) <=> H2X(49) 0.000 -0.116 -0.116 -0.000 0.000
13 C2H6(8) + X(1) <=> C2H6X(52) -0.004 -0.084 -0.089 -0.000 0.000
14 C2H4(47) + X(1) <=> C2H4X(205) 0.000 -0.084 -0.084 -0.000 0.000
15 CH4(2) + HOX(22) + X(1) <=> CH3X(21) + H2OX(23) -0.249 -0.144 -0.393 -2013777.782 -0.000
16 H2O(5) + X(1) <=> H2OX(23) 0.004 -0.088 -0.084 -0.001 0.000
17 H2OX(23) + OX(20) <=> 2 HOX(22) 0.492 0.540 1.030 -0.754 0.000
18 HOX(22) + HX(19) <=> H2OX(23) + X(1) 0.004 0.004 0.009 -0.000 0.000
19 C2H4(18) + X(1) <=> C2H4X(65) 0.000 -0.084 -0.084 -0.000 0.000
20 CO2(4) + X(1) <=> CO2X(24) 0.004 -0.092 -0.088 -0.000 0.000
21 CO(7) + X(1) <=> OCX(25) -0.009 -0.057 -0.065 -0.000 0.000
22 CX(26) + OX(20) <=> OCX(25) + X(1) 0.000 -0.208 -0.208 -0.000 0.000
23 OCX(25) + OX(20) <=> CO2X(24) + X(1) -0.000 0.124 0.124 -0.000 -0.000
24 CO2X(24) + HX(19) <=> HOX(22) + OCX(25) -0.004 -0.100 -0.105 -0.000 0.000
25 CH2X(27) + HX(19) <=> CH3X(21) + X(1) -0.004 -0.008 -0.013 -0.975 0.000
26 CHX(28) + HX(19) <=> CH2X(27) + X(1) 0.004 -0.128 -0.124 -0.024 0.000
27 CHX(28) + X(1) <=> CX(26) + HX(19) 0.004 -0.108 -0.104 -0.000 0.000
28 CX(26) + H2(6) <=> CH2X(27) -0.004 -0.040 -0.045 -0.000 0.000
Finished sensitivity simulation for a C/O ratio of 0.9
Finished translating for C/O ratio of 0.9
Starting sensitivity simulation for a C/O ratio of 1.0
0 CH4(2) + X(1) <=> CH4X(48) -16.754 -16.925 -36.515 -111.318 0.000
1 O2(3) + 2 X(1) <=> 2 OX(20) 14.638 15.050 27.485 100.000 0.001
2 H2(6) + 2 X(1) <=> 2 HX(19) 6.345 6.208 12.159 42.112 -0.001
3 H(12) + X(1) <=> HX(19) 8.843 8.737 16.807 58.699 -0.000
4 HX(19) + OX(20) <=> HOX(22) + X(1) 3.859 3.712 7.428 25.578 0.000
5 H2O(5) + 2 X(1) <=> HOX(22) + HX(19) 12.213 12.144 22.873 81.075 0.000
6 OH(17) + X(1) <=> HOX(22) 13.439 13.352 24.997 89.245 0.000
7 CH4(2) + 2 X(1) <=> CH3X(21) + HX(19) 11.398 11.351 21.455 75.687 0.000
8 CH4(2) + OX(20) + X(1) <=> CH3X(21) + HOX(22) 7.378 7.298 14.137 49.015 0.000
9 C2H6(8) + 2 X(1) <=> 2 CH3X(21) -8.392 -8.339 -17.430 -55.725 0.000
10 CH3(10) + X(1) <=> CH3X(21) -6.618 -7.729 -14.859 -51.004 -0.001
11 CH3OH(14) + 2 X(1) <=> CH3X(21) + HOX(22) 14.057 13.990 26.080 93.347 0.000
12 H2(6) + X(1) <=> H2X(49) 3.722 3.582 7.171 24.694 0.000
13 C2H6(8) + X(1) <=> C2H6X(52) 14.729 14.662 27.232 97.743 0.000
14 C2H4(47) + X(1) <=> C2H4X(205) 14.706 14.700 27.244 97.679 0.000
15 CH4(2) + HOX(22) + X(1) <=> CH3X(21) + H2OX(23) 6.974 6.908 13.400 46.312 0.000
16 H2O(5) + X(1) <=> H2OX(23) 5.432 5.326 10.469 36.025 0.000
17 H2OX(23) + OX(20) <=> 2 HOX(22) -16.110 -16.828 -35.648 -110.854 0.000
18 HOX(22) + HX(19) <=> H2OX(23) + X(1) 2.360 2.363 4.667 15.670 0.000
19 C2H4(18) + X(1) <=> C2H4X(65) 14.706 14.700 27.244 97.679 0.000
20 CO2(4) + X(1) <=> CO2X(24) 7.666 7.628 14.708 50.880 0.000
21 CO(7) + X(1) <=> OCX(25) 15.034 14.964 27.748 99.831 0.000
22 CX(26) + OX(20) <=> OCX(25) + X(1) 4.910 4.800 9.475 32.583 0.000
23 OCX(25) + OX(20) <=> CO2X(24) + X(1) 10.981 10.934 20.714 72.940 0.000
24 CO2X(24) + HX(19) <=> HOX(22) + OCX(25) 11.245 11.162 21.152 74.651 0.000
25 CH2X(27) + HX(19) <=> CH3X(21) + X(1) 5.808 5.678 11.156 38.546 0.000
26 CHX(28) + HX(19) <=> CH2X(27) + X(1) 11.384 11.318 21.413 75.619 0.000
27 CHX(28) + X(1) <=> CX(26) + HX(19) 8.388 8.378 16.063 55.702 0.000
28 CX(26) + H2(6) <=> CH2X(27) 8.072 8.038 15.461 53.555 0.000
Finished sensitivity simulation for a C/O ratio of 1.0
Finished translating for C/O ratio of 1.0
Starting sensitivity simulation for a C/O ratio of 1.3
0 CH4(2) + X(1) <=> CH4X(48) 0.006 0.067 0.073 -0.000 0.000
1 O2(3) + 2 X(1) <=> 2 OX(20) -0.495 -0.019 -0.513 1.229 0.002
2 H2(6) + 2 X(1) <=> 2 HX(19) 0.002 -0.033 -0.031 -0.000 -0.001
3 H(12) + X(1) <=> HX(19) 0.006 0.035 0.041 -0.000 -0.000
4 HX(19) + OX(20) <=> HOX(22) + X(1) -0.000 -0.016 -0.016 -0.000 -0.000
5 H2O(5) + 2 X(1) <=> HOX(22) + HX(19) 0.003 0.063 0.066 -0.000 -0.000
6 OH(17) + X(1) <=> HOX(22) 0.006 0.057 0.063 -0.000 -0.000
7 CH4(2) + 2 X(1) <=> CH3X(21) + HX(19) 0.003 0.032 0.035 -0.000 -0.000
8 CH4(2) + OX(20) + X(1) <=> CH3X(21) + HOX(22) 0.009 0.009 0.018 -0.000 -0.000
9 C2H6(8) + 2 X(1) <=> 2 CH3X(21) 0.006 0.044 0.050 -0.000 -0.000
10 CH3(10) + X(1) <=> CH3X(21) 0.989 0.054 1.042 -0.484 -0.002
11 CH3OH(14) + 2 X(1) <=> CH3X(21) + HOX(22) 0.006 0.057 0.063 -0.000 -0.000
12 H2(6) + X(1) <=> H2X(49) 0.009 0.009 0.018 -0.000 -0.000
13 C2H6(8) + X(1) <=> C2H6X(52) 0.003 0.067 0.070 -0.000 -0.000
14 C2H4(47) + X(1) <=> C2H4X(205) 0.009 0.089 0.098 -0.000 -0.000
15 CH4(2) + HOX(22) + X(1) <=> CH3X(21) + H2OX(23) 0.009 0.140 0.149 -0.000 -0.000
16 H2O(5) + X(1) <=> H2OX(23) 0.006 -0.086 -0.080 -0.001 -0.000
17 H2OX(23) + OX(20) <=> 2 HOX(22) 0.507 -0.053 0.455 -0.756 -0.000
18 HOX(22) + HX(19) <=> H2OX(23) + X(1) 0.006 0.092 0.098 -0.000 -0.000
19 C2H4(18) + X(1) <=> C2H4X(65) 0.009 0.089 0.098 -0.000 -0.000
20 CO2(4) + X(1) <=> CO2X(24) 0.006 0.073 0.079 -0.000 -0.000
21 CO(7) + X(1) <=> OCX(25) 0.009 0.035 0.044 -0.000 -0.000
22 CX(26) + OX(20) <=> OCX(25) + X(1) 0.006 0.022 0.028 -0.000 -0.000
23 OCX(25) + OX(20) <=> CO2X(24) + X(1) 0.003 -0.003 -0.000 -0.000 -0.000
24 CO2X(24) + HX(19) <=> HOX(22) + OCX(25) 0.003 0.098 0.101 -0.000 -0.000
25 CH2X(27) + HX(19) <=> CH3X(21) + X(1) 0.009 0.079 0.088 -0.971 -0.000
26 CHX(28) + HX(19) <=> CH2X(27) + X(1) 0.003 0.076 0.079 -0.028 -0.000
27 CHX(28) + X(1) <=> CX(26) + HX(19) 0.012 0.070 0.082 -0.000 -0.000
28 CX(26) + H2(6) <=> CH2X(27) 0.009 0.086 0.095 -0.000 -0.000
Finished sensitivity simulation for a C/O ratio of 1.3
Finished translating for C/O ratio of 1.3
Starting sensitivity simulation for a C/O ratio of 1.1
0 CH4(2) + X(1) <=> CH4X(48) -0.004 -0.049 -0.053 0.000 0.000
1 O2(3) + 2 X(1) <=> 2 OX(20) -0.501 -0.090 -0.591 1.230 0.002
2 H2(6) + 2 X(1) <=> 2 HX(19) -0.004 0.020 0.016 0.000 -0.001
3 H(12) + X(1) <=> HX(19) -0.000 0.003 0.003 0.000 -0.000
4 HX(19) + OX(20) <=> HOX(22) + X(1) 0.000 0.028 0.028 0.000 0.000
5 H2O(5) + 2 X(1) <=> HOX(22) + HX(19) 0.000 0.021 0.021 0.000 0.000
6 OH(17) + X(1) <=> HOX(22) 0.004 -0.060 -0.056 0.000 0.000
7 CH4(2) + 2 X(1) <=> CH3X(21) + HX(19) 0.004 -0.010 -0.007 0.000 0.000
8 CH4(2) + OX(20) + X(1) <=> CH3X(21) + HOX(22) -0.004 0.010 0.007 -0.000 0.000
9 C2H6(8) + 2 X(1) <=> 2 CH3X(21) 0.004 -0.032 -0.028 0.000 0.000
10 CH3(10) + X(1) <=> CH3X(21) -0.411 -1.943 -2.361 -10070509.083 -0.002
11 CH3OH(14) + 2 X(1) <=> CH3X(21) + HOX(22) 0.000 -0.004 -0.004 0.000 0.000
12 H2(6) + X(1) <=> H2X(49) -0.004 -0.032 -0.035 0.000 0.000
13 C2H6(8) + X(1) <=> C2H6X(52) 0.000 0.007 0.007 0.000 0.000
14 C2H4(47) + X(1) <=> C2H4X(205) 0.000 0.007 0.007 0.000 0.000
15 CH4(2) + HOX(22) + X(1) <=> CH3X(21) + H2OX(23) -0.004 -0.011 -0.014 -0.000 0.000
16 H2O(5) + X(1) <=> H2OX(23) -0.004 -0.007 -0.011 -0.001 0.000
17 H2OX(23) + OX(20) <=> 2 HOX(22) 0.494 0.185 0.678 -0.678 0.000
18 HOX(22) + HX(19) <=> H2OX(23) + X(1) 0.000 0.004 0.004 0.000 0.000
19 C2H4(18) + X(1) <=> C2H4X(65) 0.000 0.007 0.007 0.000 0.000
20 CO2(4) + X(1) <=> CO2X(24) 0.000 -0.011 -0.011 0.000 0.000
21 CO(7) + X(1) <=> OCX(25) 0.000 0.018 0.018 0.000 0.000
22 CX(26) + OX(20) <=> OCX(25) + X(1) -0.004 0.010 0.007 0.000 0.000
23 OCX(25) + OX(20) <=> CO2X(24) + X(1) -0.004 -0.018 -0.021 0.000 0.000
24 CO2X(24) + HX(19) <=> HOX(22) + OCX(25) 0.000 -0.014 -0.014 0.000 0.000
25 CH2X(27) + HX(19) <=> CH3X(21) + X(1) -0.004 -0.056 -0.060 -0.973 0.000
26 CHX(28) + HX(19) <=> CH2X(27) + X(1) -0.004 -0.056 -0.060 -0.027 0.000
27 CHX(28) + X(1) <=> CX(26) + HX(19) 0.000 0.007 0.007 0.000 0.000
28 CX(26) + H2(6) <=> CH2X(27) 0.000 0.032 0.032 0.000 0.000
Finished sensitivity simulation for a C/O ratio of 1.1
Finished translating for C/O ratio of 1.1
Starting sensitivity simulation for a C/O ratio of 1.2
0 CH4(2) + X(1) <=> CH4X(48) -0.003 0.063 0.060 -0.000 -0.000
1 O2(3) + 2 X(1) <=> 2 OX(20) -0.495 0.038 -0.457 1.229 0.002
2 H2(6) + 2 X(1) <=> 2 HX(19) 0.002 0.133 0.135 -0.001 -0.001
3 H(12) + X(1) <=> HX(19) -0.000 0.093 0.093 -0.001 -0.000
4 HX(19) + OX(20) <=> HOX(22) + X(1) 0.003 0.020 0.023 -0.001 -0.000
5 H2O(5) + 2 X(1) <=> HOX(22) + HX(19) -0.000 -0.063 -0.064 -0.000 -0.000
6 OH(17) + X(1) <=> HOX(22) 0.003 0.070 0.073 -0.001 -0.000
7 CH4(2) + 2 X(1) <=> CH3X(21) + HX(19) 0.003 0.057 0.060 -0.000 -0.000
8 CH4(2) + OX(20) + X(1) <=> CH3X(21) + HOX(22) -0.003 0.037 0.033 -0.001 -0.000
9 C2H6(8) + 2 X(1) <=> 2 CH3X(21) 0.003 0.033 0.037 -0.001 -0.000
10 CH3(10) + X(1) <=> CH3X(21) -4.912 -6.084 -11.295 -40031912.241 -0.002
11 CH3OH(14) + 2 X(1) <=> CH3X(21) + HOX(22) 0.003 0.040 0.043 -0.001 -0.000
12 H2(6) + X(1) <=> H2X(49) 0.007 0.063 0.070 -0.001 -0.000
13 C2H6(8) + X(1) <=> C2H6X(52) 0.003 0.013 0.017 -0.001 -0.000
14 C2H4(47) + X(1) <=> C2H4X(205) -0.000 0.053 0.053 -0.000 -0.000
15 CH4(2) + HOX(22) + X(1) <=> CH3X(21) + H2OX(23) 0.003 -0.100 -0.097 -0.001 -0.000
16 H2O(5) + X(1) <=> H2OX(23) 0.003 0.023 0.027 -0.001 -0.000
17 H2OX(23) + OX(20) <=> 2 HOX(22) 0.502 -0.126 0.377 -0.756 -0.000
18 HOX(22) + HX(19) <=> H2OX(23) + X(1) 0.003 0.087 0.090 -0.001 -0.000
19 C2H4(18) + X(1) <=> C2H4X(65) -0.000 0.053 0.053 -0.000 -0.000
20 CO2(4) + X(1) <=> CO2X(24) 0.003 -0.000 0.003 -0.001 -0.000
21 CO(7) + X(1) <=> OCX(25) -0.000 0.027 0.027 -0.001 -0.000
22 CX(26) + OX(20) <=> OCX(25) + X(1) -0.003 0.060 0.057 -0.001 -0.000
23 OCX(25) + OX(20) <=> CO2X(24) + X(1) -0.003 0.037 0.033 -0.001 -0.000
24 CO2X(24) + HX(19) <=> HOX(22) + OCX(25) -0.000 0.107 0.107 -0.001 -0.000
25 CH2X(27) + HX(19) <=> CH3X(21) + X(1) 0.003 0.060 0.063 -0.973 -0.000
26 CHX(28) + HX(19) <=> CH2X(27) + X(1) 0.003 -0.010 -0.007 -0.028 -0.000
27 CHX(28) + X(1) <=> CX(26) + HX(19) 0.007 0.003 0.010 -0.001 -0.000
28 CX(26) + H2(6) <=> CH2X(27) -0.000 0.057 0.057 -0.001 -0.000
Finished sensitivity simulation for a C/O ratio of 1.2
Finished translating for C/O ratio of 1.2
Starting sensitivity simulation for a C/O ratio of 0.6
0 CH4(2) + X(1) <=> CH4X(48) -0.000 0.135 0.135 0.999 -0.000
1 O2(3) + 2 X(1) <=> 2 OX(20) -0.496 -0.152 -0.648 -20.847 0.001
2 H2(6) + 2 X(1) <=> 2 HX(19) 0.012 0.020 0.032 0.764 -0.000
3 H(12) + X(1) <=> HX(19) -0.000 -0.043 -0.043 0.764 -0.000
4 HX(19) + OX(20) <=> HOX(22) + X(1) 0.006 0.036 0.042 0.763 -0.000
5 H2O(5) + 2 X(1) <=> HOX(22) + HX(19) 0.012 -0.061 -0.048 0.384 -0.000
6 OH(17) + X(1) <=> HOX(22) 0.006 0.098 0.104 0.764 -0.000
7 CH4(2) + 2 X(1) <=> CH3X(21) + HX(19) 0.006 0.006 0.012 1.750 0.000
8 CH4(2) + OX(20) + X(1) <=> CH3X(21) + HOX(22) -0.005 -0.005 -0.010 -117691.834 0.000
9 C2H6(8) + 2 X(1) <=> 2 CH3X(21) 0.012 0.042 0.054 0.780 -0.000
10 CH3(10) + X(1) <=> CH3X(21) -2.610 -3.831 -6.541 -39077058.190 -0.002
11 CH3OH(14) + 2 X(1) <=> CH3X(21) + HOX(22) 0.006 0.006 0.012 0.764 0.000
12 H2(6) + X(1) <=> H2X(49) 0.006 0.014 0.020 -8.657 -0.000
13 C2H6(8) + X(1) <=> C2H6X(52) -0.133 -0.098 -0.230 -1487269.344 0.000
14 C2H4(47) + X(1) <=> C2H4X(205) 0.006 -0.077 -0.071 22.325 -0.000
15 CH4(2) + HOX(22) + X(1) <=> CH3X(21) + H2OX(23) 0.006 0.106 0.112 0.763 -0.000
16 H2O(5) + X(1) <=> H2OX(23) 0.018 0.010 0.029 0.763 0.000
17 H2OX(23) + OX(20) <=> 2 HOX(22) 0.199 -0.430 -0.229 -3063343.389 -0.002
18 HOX(22) + HX(19) <=> H2OX(23) + X(1) -0.000 -0.030 -0.030 0.764 -0.000
19 C2H4(18) + X(1) <=> C2H4X(65) 0.006 -0.077 -0.071 22.325 -0.000
20 CO2(4) + X(1) <=> CO2X(24) 0.012 -0.071 -0.059 0.764 0.000
21 CO(7) + X(1) <=> OCX(25) 0.000 -0.035 -0.035 0.764 0.000
22 CX(26) + OX(20) <=> OCX(25) + X(1) 0.006 0.014 0.020 0.764 0.000
23 OCX(25) + OX(20) <=> CO2X(24) + X(1) 0.006 -0.037 -0.031 0.764 0.000
24 CO2X(24) + HX(19) <=> HOX(22) + OCX(25) 0.012 0.120 0.132 0.764 -0.000
25 CH2X(27) + HX(19) <=> CH3X(21) + X(1) 0.006 -0.005 0.001 -0.208 -0.000
26 CHX(28) + HX(19) <=> CH2X(27) + X(1) 0.006 -0.067 -0.061 0.743 0.000
27 CHX(28) + X(1) <=> CX(26) + HX(19) 0.006 0.098 0.104 0.688 0.000
28 CX(26) + H2(6) <=> CH2X(27) 0.012 0.042 0.054 0.761 0.000
Finished sensitivity simulation for a C/O ratio of 0.6
Finished translating for C/O ratio of 0.6
Starting sensitivity simulation for a C/O ratio of 2.0
0 CH4(2) + X(1) <=> CH4X(48) 0.000 0.050 0.050 -0.000 0.000
1 O2(3) + 2 X(1) <=> 2 OX(20) -0.496 -0.127 -0.624 1.228 0.003
2 H2(6) + 2 X(1) <=> 2 HX(19) -0.003 -0.076 -0.078 -0.000 -0.002
3 H(12) + X(1) <=> HX(19) -0.002 -0.035 -0.037 -0.000 0.000
4 HX(19) + OX(20) <=> HOX(22) + X(1) 0.000 -0.038 -0.037 -0.000 0.000
5 H2O(5) + 2 X(1) <=> HOX(22) + HX(19) -0.002 -0.088 -0.090 0.000 0.000
6 OH(17) + X(1) <=> HOX(22) 0.001 -0.009 -0.008 -0.000 0.000
7 CH4(2) + 2 X(1) <=> CH3X(21) + HX(19) -0.003 -0.026 -0.029 -0.000 0.000
8 CH4(2) + OX(20) + X(1) <=> CH3X(21) + HOX(22) 0.002 -0.231 -0.229 -0.000 0.000
9 C2H6(8) + 2 X(1) <=> 2 CH3X(21) 0.000 0.015 0.015 -0.000 0.000
10 CH3(10) + X(1) <=> CH3X(21) -0.416 -1.515 -1.938 -6383255.280 -0.004
11 CH3OH(14) + 2 X(1) <=> CH3X(21) + HOX(22) 0.003 -0.062 -0.058 0.000 0.000
12 H2(6) + X(1) <=> H2X(49) 0.001 -0.072 -0.070 -0.000 0.000
13 C2H6(8) + X(1) <=> C2H6X(52) 0.005 0.047 0.052 -0.000 0.000
14 C2H4(47) + X(1) <=> C2H4X(205) -0.003 0.017 0.014 -0.000 0.000
15 CH4(2) + HOX(22) + X(1) <=> CH3X(21) + H2OX(23) -0.003 -0.069 -0.072 -0.000 0.000
16 H2O(5) + X(1) <=> H2OX(23) 0.001 0.011 0.012 -0.001 0.000
17 H2OX(23) + OX(20) <=> 2 HOX(22) 0.495 -0.209 0.287 -0.757 0.000
18 HOX(22) + HX(19) <=> H2OX(23) + X(1) 0.000 -0.113 -0.113 0.000 0.000
19 C2H4(18) + X(1) <=> C2H4X(65) -0.001 -0.009 -0.010 -0.000 0.000
20 CO2(4) + X(1) <=> CO2X(24) -0.001 -0.142 -0.143 -0.000 0.000
21 CO(7) + X(1) <=> OCX(25) 0.000 -0.118 -0.118 0.000 0.000
22 CX(26) + OX(20) <=> OCX(25) + X(1) 0.001 -0.092 -0.091 -0.000 0.000
23 OCX(25) + OX(20) <=> CO2X(24) + X(1) -0.003 -0.141 -0.145 -0.000 0.000
24 CO2X(24) + HX(19) <=> HOX(22) + OCX(25) -0.002 0.000 -0.002 -0.000 0.000
25 CH2X(27) + HX(19) <=> CH3X(21) + X(1) 0.000 0.023 0.023 -0.966 0.000
26 CHX(28) + HX(19) <=> CH2X(27) + X(1) 0.000 -0.130 -0.130 -0.034 0.000
27 CHX(28) + X(1) <=> CX(26) + HX(19) 0.001 -0.092 -0.091 0.000 0.000
28 CX(26) + H2(6) <=> CH2X(27) 0.001 -0.036 -0.035 -0.000 0.000
Finished sensitivity simulation for a C/O ratio of 2.0
Finished translating for C/O ratio of 2.0
Starting sensitivity simulation for a C/O ratio of 1.8
0 CH4(2) + X(1) <=> CH4X(48) -0.001 0.287 0.286 0.001 0.000
1 O2(3) + 2 X(1) <=> 2 OX(20) -0.499 0.142 -0.356 1.229 0.003
2 H2(6) + 2 X(1) <=> 2 HX(19) -0.001 0.229 0.228 0.001 -0.001
3 H(12) + X(1) <=> HX(19) 0.002 0.389 0.391 0.001 0.000
4 HX(19) + OX(20) <=> HOX(22) + X(1) -0.001 0.293 0.291 0.001 0.000
5 H2O(5) + 2 X(1) <=> HOX(22) + HX(19) 0.000 0.294 0.294 0.001 0.000
6 OH(17) + X(1) <=> HOX(22) -0.002 0.273 0.271 0.001 0.000
7 CH4(2) + 2 X(1) <=> CH3X(21) + HX(19) 0.004 0.226 0.230 0.001 0.000
8 CH4(2) + OX(20) + X(1) <=> CH3X(21) + HOX(22) 0.000 0.307 0.307 0.001 0.000
9 C2H6(8) + 2 X(1) <=> 2 CH3X(21) 0.001 0.329 0.331 0.001 0.000
10 CH3(10) + X(1) <=> CH3X(21) 0.987 0.270 1.255 -0.481 -0.003
11 CH3OH(14) + 2 X(1) <=> CH3X(21) + HOX(22) 0.003 0.267 0.270 0.001 0.000
12 H2(6) + X(1) <=> H2X(49) 0.004 0.252 0.256 0.001 0.000
13 C2H6(8) + X(1) <=> C2H6X(52) -0.001 0.332 0.331 0.001 0.000
14 C2H4(47) + X(1) <=> C2H4X(205) 0.003 0.291 0.293 0.001 0.000
15 CH4(2) + HOX(22) + X(1) <=> CH3X(21) + H2OX(23) 0.001 0.300 0.302 0.001 0.000
16 H2O(5) + X(1) <=> H2OX(23) 0.000 -0.003 -0.003 -0.001 0.000
17 H2OX(23) + OX(20) <=> 2 HOX(22) 0.494 0.275 0.767 -0.755 0.000
18 HOX(22) + HX(19) <=> H2OX(23) + X(1) -0.002 0.278 0.276 0.001 0.000
19 C2H4(18) + X(1) <=> C2H4X(65) 0.001 0.276 0.278 0.001 0.000
20 CO2(4) + X(1) <=> CO2X(24) -0.001 0.240 0.239 0.001 0.000
21 CO(7) + X(1) <=> OCX(25) -0.001 0.287 0.286 0.001 0.000
22 CX(26) + OX(20) <=> OCX(25) + X(1) 0.000 0.280 0.280 0.000 0.000
23 OCX(25) + OX(20) <=> CO2X(24) + X(1) 0.000 0.262 0.262 0.001 0.000
24 CO2X(24) + HX(19) <=> HOX(22) + OCX(25) -0.002 0.320 0.318 0.001 0.000
25 CH2X(27) + HX(19) <=> CH3X(21) + X(1) 0.003 0.246 0.249 -0.966 0.000
26 CHX(28) + HX(19) <=> CH2X(27) + X(1) -0.001 0.293 0.292 -0.031 0.000
27 CHX(28) + X(1) <=> CX(26) + HX(19) -0.003 0.269 0.266 0.001 0.000
28 CX(26) + H2(6) <=> CH2X(27) -0.001 0.200 0.199 0.001 0.000
Finished sensitivity simulation for a C/O ratio of 1.8
Finished translating for C/O ratio of 1.8
Starting sensitivity simulation for a C/O ratio of 2.2
0 CH4(2) + X(1) <=> CH4X(48) 0.001 -0.042 -0.041 0.000 0.000
1 O2(3) + 2 X(1) <=> 2 OX(20) -0.497 0.127 -0.369 1.228 0.004
2 H2(6) + 2 X(1) <=> 2 HX(19) -0.002 -0.045 -0.047 0.000 -0.002
3 H(12) + X(1) <=> HX(19) -0.001 -0.090 -0.091 0.000 -0.000
4 HX(19) + OX(20) <=> HOX(22) + X(1) 0.000 -0.029 -0.029 0.000 0.000
5 H2O(5) + 2 X(1) <=> HOX(22) + HX(19) 0.001 -0.045 -0.044 0.000 0.000
6 OH(17) + X(1) <=> HOX(22) 0.003 -0.045 -0.042 0.000 0.000
7 CH4(2) + 2 X(1) <=> CH3X(21) + HX(19) -0.001 -0.042 -0.043 0.000 0.000
8 CH4(2) + OX(20) + X(1) <=> CH3X(21) + HOX(22) 0.001 -0.054 -0.053 -0.000 0.000
9 C2H6(8) + 2 X(1) <=> 2 CH3X(21) 0.001 -0.045 -0.044 0.000 0.000
10 CH3(10) + X(1) <=> CH3X(21) 0.987 -0.047 0.941 -0.481 -0.004
11 CH3OH(14) + 2 X(1) <=> CH3X(21) + HOX(22) -0.001 -0.063 -0.064 0.000 0.000
12 H2(6) + X(1) <=> H2X(49) -0.002 0.010 0.008 0.000 0.000
13 C2H6(8) + X(1) <=> C2H6X(52) -0.001 -0.001 -0.002 0.000 0.000
14 C2H4(47) + X(1) <=> C2H4X(205) -0.001 -0.015 -0.016 0.000 0.000
15 CH4(2) + HOX(22) + X(1) <=> CH3X(21) + H2OX(23) 0.001 0.025 0.026 -0.000 0.000
16 H2O(5) + X(1) <=> H2OX(23) 0.001 0.008 0.009 -0.001 0.000
17 H2OX(23) + OX(20) <=> 2 HOX(22) 0.494 -0.019 0.475 -0.757 -0.000
18 HOX(22) + HX(19) <=> H2OX(23) + X(1) 0.001 -0.054 -0.053 0.000 0.000
19 C2H4(18) + X(1) <=> C2H4X(65) 0.000 -0.017 -0.017 0.000 0.000
20 CO2(4) + X(1) <=> CO2X(24) 0.000 -0.043 -0.043 0.000 0.000
21 CO(7) + X(1) <=> OCX(25) 0.001 -0.052 -0.051 0.000 0.000
22 CX(26) + OX(20) <=> OCX(25) + X(1) -0.001 -0.001 -0.002 0.000 0.000
23 OCX(25) + OX(20) <=> CO2X(24) + X(1) 0.003 0.034 0.037 0.000 0.000
24 CO2X(24) + HX(19) <=> HOX(22) + OCX(25) -0.002 0.010 0.008 0.000 0.000
25 CH2X(27) + HX(19) <=> CH3X(21) + X(1) -0.001 -0.056 -0.057 -0.965 0.000
26 CHX(28) + HX(19) <=> CH2X(27) + X(1) 0.000 -0.017 -0.017 -0.035 0.000
27 CHX(28) + X(1) <=> CX(26) + HX(19) 0.000 -0.070 -0.070 0.000 0.000
28 CX(26) + H2(6) <=> CH2X(27) -0.001 0.006 0.005 0.000 0.000
Finished sensitivity simulation for a C/O ratio of 2.2
Finished translating for C/O ratio of 2.2
Starting sensitivity simulation for a C/O ratio of 2.4
0 CH4(2) + X(1) <=> CH4X(48) 0.002 -0.021 -0.019 -0.000 0.000
1 O2(3) + 2 X(1) <=> 2 OX(20) -0.499 0.080 -0.418 1.227 0.005
2 H2(6) + 2 X(1) <=> 2 HX(19) -0.004 -0.096 -0.101 -0.000 -0.002
3 H(12) + X(1) <=> HX(19) -0.003 -0.058 -0.061 -0.000 -0.000
4 HX(19) + OX(20) <=> HOX(22) + X(1) -0.001 -0.116 -0.117 -0.000 -0.000
5 H2O(5) + 2 X(1) <=> HOX(22) + HX(19) -0.006 -0.047 -0.053 -0.000 -0.000
6 OH(17) + X(1) <=> HOX(22) -0.002 -0.034 -0.036 -0.000 -0.000
7 CH4(2) + 2 X(1) <=> CH3X(21) + HX(19) -0.004 -0.105 -0.109 -0.000 -0.000
8 CH4(2) + OX(20) + X(1) <=> CH3X(21) + HOX(22) -0.004 -0.082 -0.086 -0.000 0.000
9 C2H6(8) + 2 X(1) <=> 2 CH3X(21) -0.004 -0.262 -0.266 -0.000 -0.000
10 CH3(10) + X(1) <=> CH3X(21) 0.984 -0.108 0.877 -0.480 -0.005
11 CH3OH(14) + 2 X(1) <=> CH3X(21) + HOX(22) -0.002 -0.200 -0.202 -0.000 0.000
12 H2(6) + X(1) <=> H2X(49) -0.004 -0.253 -0.257 -0.000 -0.000
13 C2H6(8) + X(1) <=> C2H6X(52) -0.002 -0.043 -0.045 -0.000 -0.000
14 C2H4(47) + X(1) <=> C2H4X(205) -0.004 -0.045 -0.049 -0.000 -0.000
15 CH4(2) + HOX(22) + X(1) <=> CH3X(21) + H2OX(23) -0.000 -0.055 -0.055 -0.000 -0.000
16 H2O(5) + X(1) <=> H2OX(23) -0.001 -0.149 -0.150 -0.001 -0.000
17 H2OX(23) + OX(20) <=> 2 HOX(22) 0.489 -0.071 0.418 -0.757 0.000
18 HOX(22) + HX(19) <=> H2OX(23) + X(1) -0.004 -0.082 -0.086 0.000 0.000
19 C2H4(18) + X(1) <=> C2H4X(65) -0.003 -0.086 -0.089 -0.000 -0.000
20 CO2(4) + X(1) <=> CO2X(24) -0.003 -0.067 -0.070 -0.000 0.000
21 CO(7) + X(1) <=> OCX(25) -0.003 -0.058 -0.061 0.000 0.000
22 CX(26) + OX(20) <=> OCX(25) + X(1) 0.002 -0.164 -0.162 -0.000 0.000
23 OCX(25) + OX(20) <=> CO2X(24) + X(1) -0.004 -0.082 -0.086 0.000 0.000
24 CO2X(24) + HX(19) <=> HOX(22) + OCX(25) -0.002 -0.103 -0.105 -0.000 -0.000
25 CH2X(27) + HX(19) <=> CH3X(21) + X(1) -0.002 -0.094 -0.096 -0.963 -0.000
26 CHX(28) + HX(19) <=> CH2X(27) + X(1) -0.004 -0.041 -0.045 -0.036 -0.000
27 CHX(28) + X(1) <=> CX(26) + HX(19) -0.003 -0.132 -0.135 -0.000 -0.000
28 CX(26) + H2(6) <=> CH2X(27) -0.002 -0.071 -0.073 -0.000 0.000
Finished sensitivity simulation for a C/O ratio of 2.4
Finished translating for C/O ratio of 2.4
Starting sensitivity simulation for a C/O ratio of 2.6
0 CH4(2) + X(1) <=> CH4X(48) -0.001 -0.085 -0.086 -0.000 0.001
1 O2(3) + 2 X(1) <=> 2 OX(20) -0.491 0.036 -0.455 1.227 0.006
2 H2(6) + 2 X(1) <=> 2 HX(19) -0.003 0.059 0.056 -0.000 -0.002
3 H(12) + X(1) <=> HX(19) 0.002 -0.087 -0.085 -0.000 0.001
4 HX(19) + OX(20) <=> HOX(22) + X(1) 0.001 -0.034 -0.033 -0.000 0.002
5 H2O(5) + 2 X(1) <=> HOX(22) + HX(19) -0.002 -0.033 -0.035 -0.000 0.001
6 OH(17) + X(1) <=> HOX(22) 0.002 -0.007 -0.005 -0.000 0.001
7 CH4(2) + 2 X(1) <=> CH3X(21) + HX(19) 0.002 -0.114 -0.112 -0.000 0.001
8 CH4(2) + OX(20) + X(1) <=> CH3X(21) + HOX(22) -0.002 0.007 0.005 -0.000 0.001
9 C2H6(8) + 2 X(1) <=> 2 CH3X(21) 0.000 0.049 0.049 -0.000 0.001
10 CH3(10) + X(1) <=> CH3X(21) 0.982 -0.004 0.978 -0.480 -0.004
11 CH3OH(14) + 2 X(1) <=> CH3X(21) + HOX(22) 0.000 -0.044 -0.044 -0.000 0.001
12 H2(6) + X(1) <=> H2X(49) 0.000 -0.089 -0.089 -0.000 0.001
13 C2H6(8) + X(1) <=> C2H6X(52) -0.002 -0.059 -0.061 -0.000 0.001
14 C2H4(47) + X(1) <=> C2H4X(205) 0.000 -0.004 -0.004 -0.000 0.001
15 CH4(2) + HOX(22) + X(1) <=> CH3X(21) + H2OX(23) 0.002 -0.047 -0.045 -0.000 0.001
16 H2O(5) + X(1) <=> H2OX(23) -0.001 0.008 0.007 -0.001 0.001
17 H2OX(23) + OX(20) <=> 2 HOX(22) 0.492 -0.136 0.357 -0.758 0.001
18 HOX(22) + HX(19) <=> H2OX(23) + X(1) -0.003 -0.127 -0.130 -0.000 0.001
19 C2H4(18) + X(1) <=> C2H4X(65) -0.001 -0.041 -0.042 -0.000 0.001
20 CO2(4) + X(1) <=> CO2X(24) -0.003 -0.167 -0.170 -0.000 0.001
21 CO(7) + X(1) <=> OCX(25) 0.004 -0.072 -0.068 -0.000 0.001
22 CX(26) + OX(20) <=> OCX(25) + X(1) 0.000 -0.009 -0.009 -0.000 0.001
23 OCX(25) + OX(20) <=> CO2X(24) + X(1) 0.001 -0.030 -0.029 -0.000 0.001
24 CO2X(24) + HX(19) <=> HOX(22) + OCX(25) 0.001 -0.030 -0.029 -0.000 0.001
25 CH2X(27) + HX(19) <=> CH3X(21) + X(1) -0.004 -0.146 -0.149 -0.962 0.001
26 CHX(28) + HX(19) <=> CH2X(27) + X(1) 0.000 -0.058 -0.058 -0.037 0.001
27 CHX(28) + X(1) <=> CX(26) + HX(19) 0.001 0.010 0.011 -0.000 0.001
28 CX(26) + H2(6) <=> CH2X(27) 0.001 0.010 0.011 -0.000 0.001
Finished sensitivity simulation for a C/O ratio of 2.6
Finished translating for C/O ratio of 2.6
