This mechanism contains 51 gas reactions and 41 surface reactions
  distance(mm)   X_CH4        X_O2        X_H2       X_CO       X_H2O       X_CO2
    0.000000    0.032886    0.010277    0.000000   0.000000   0.000000   0.000000
    1.000000    0.032886    0.010277    0.000000   0.000000   0.000000   0.000000
    2.000000    0.032886    0.010277    0.000000   0.000000   0.000000   0.000000
    3.000000    0.032886    0.010277    0.000000   0.000000   0.000000   0.000000
    4.000000    0.032886    0.010277    0.000000   0.000000   0.000000   0.000000
    5.000000    0.032886    0.010277    0.000000   0.000000   0.000000   0.000000
    6.000000    0.032886    0.010277    0.000000   0.000000   0.000000   0.000000
    7.000000    0.032886    0.010277    0.000000   0.000000   0.000000   0.000000
    8.000000    0.032886    0.010277    0.000000   0.000000   0.000000   0.000000
    9.000000    0.032886    0.010277    0.000000   0.000000   0.000000   0.000000
   10.000000    0.032886    0.010277    0.000000   0.000000   0.000000   0.000000
   11.000000    0.032886    0.010277    0.000000   0.000000   0.000000   0.000000
   12.000000    0.032886    0.010277    0.000000   0.000000   0.000000   0.000000
   13.000000    0.032886    0.010277    0.000000   0.000000   0.000000   0.000000
   14.000000    0.032886    0.010277    0.000001   0.000000   0.000000   0.000000
   15.000000    0.032886    0.010277    0.000001   0.000000   0.000000   0.000000
   16.000000    0.032886    0.010277    0.000001   0.000000   0.000000   0.000000
   17.000000    0.032886    0.010277    0.000001   0.000000   0.000000   0.000000
   18.000000    0.032886    0.010277    0.000001   0.000000   0.000000   0.000000
   19.000000    0.032886    0.010277    0.000001   0.000001   0.000000   0.000000
   20.000000    0.032886    0.010277    0.000001   0.000001   0.000000   0.000000
   21.000000    0.032886    0.010277    0.000001   0.000001   0.000000   0.000000
   22.000000    0.032886    0.010277    0.000001   0.000001   0.000000   0.000000
   23.000000    0.032886    0.010277    0.000001   0.000001   0.000000   0.000000
   24.000000    0.032886    0.010277    0.000001   0.000001   0.000000   0.000000
   25.000000    0.032886    0.010277    0.000001   0.000001   0.000000   0.000000
   26.000000    0.032886    0.010277    0.000001   0.000001   0.000000   0.000000
   27.000000    0.032886    0.010277    0.000001   0.000001   0.000000   0.000000
   28.000000    0.032886    0.010277    0.000001   0.000001   0.000000   0.000000
   29.000000    0.032886    0.010277    0.000001   0.000001   0.000000   0.000000
   30.000000    0.032886    0.010277    0.000001   0.000001   0.000000   0.000000
   31.000000    0.032886    0.010277    0.000001   0.000001   0.000000   0.000000
   32.000000    0.032886    0.010277    0.000001   0.000001   0.000000   0.000000
   33.000000    0.032886    0.010277    0.000001   0.000001   0.000000   0.000000
   34.000000    0.032886    0.010277    0.000001   0.000001   0.000000   0.000000
   35.000000    0.032886    0.010277    0.000001   0.000001   0.000000   0.000000
   36.000000    0.032886    0.010277    0.000001   0.000001   0.000000   0.000000
   37.000000    0.032886    0.010277    0.000001   0.000001   0.000000   0.000000
   38.000000    0.032886    0.010277    0.000001   0.000001   0.000000   0.000000
   39.000000    0.032886    0.010277    0.000001   0.000001   0.000000   0.000000
   40.000000    0.032886    0.010277    0.000001   0.000001   0.000000   0.000000
   41.000000    0.032886    0.010277    0.000001   0.000001   0.000000   0.000000
   42.000000    0.032886    0.010277    0.000001   0.000001   0.000000   0.000000
   43.000000    0.032886    0.010277    0.000001   0.000001   0.000000   0.000000
   44.000000    0.032886    0.010277    0.000001   0.000001   0.000000   0.000000
   45.000000    0.032886    0.010277    0.000001   0.000001   0.000000   0.000000
   46.000000    0.032886    0.010277    0.000001   0.000001   0.000000   0.000000
   47.000000    0.032886    0.010277    0.000001   0.000001   0.000000   0.000000
   48.000000    0.032886    0.010277    0.000001   0.000001   0.000000   0.000000
   49.000000    0.032886    0.010277    0.000001   0.000001   0.000000   0.000000
   50.000000    0.032886    0.010277    0.000001   0.000001   0.000000   0.000000
   51.000000    0.032886    0.010277    0.000001   0.000001   0.000000   0.000000
   52.000000    0.032886    0.010277    0.000001   0.000001   0.000000   0.000000
   53.000000    0.032886    0.010277    0.000001   0.000001   0.000000   0.000000
   54.000000    0.032886    0.010277    0.000001   0.000001   0.000000   0.000000
   55.000000    0.032886    0.010277    0.000001   0.000001   0.000000   0.000000
   56.000000    0.032886    0.010277    0.000001   0.000001   0.000000   0.000000
   57.000000    0.032886    0.010277    0.000001   0.000001   0.000000   0.000000
   58.000000    0.032886    0.010277    0.000001   0.000001   0.000000   0.000000
   59.000000    0.032886    0.010277    0.000001   0.000001   0.000000   0.000000
   60.000000    0.032886    0.010277    0.000001   0.000001   0.000000   0.000000
   61.000000    0.032886    0.010277    0.000001   0.000001   0.000000   0.000000
   62.000000    0.032886    0.010277    0.000001   0.000001   0.000000   0.000000
   63.000000    0.032886    0.010277    0.000001   0.000001   0.000000   0.000000
   64.000000    0.032886    0.010277    0.000001   0.000001   0.000000   0.000000
   65.000000    0.032886    0.010277    0.000001   0.000001   0.000000   0.000000
   66.000000    0.032886    0.010277    0.000001   0.000001   0.000000   0.000000
   67.000000    0.032886    0.010277    0.000001   0.000001   0.000000   0.000000
   68.000000    0.032886    0.010277    0.000001   0.000001   0.000000   0.000000
   69.000000    0.032886    0.010277    0.000001   0.000001   0.000000   0.000000
   70.000000    0.032886    0.010277    0.000001   0.000001   0.000000   0.000000
Finished simulation at a C/O ratio of 1.6
  distance(mm)   X_CH4        X_O2        X_H2       X_CO       X_H2O       X_CO2
    0.000000    0.041075    0.008557    0.000000   0.000000   0.000000   0.000000
    1.000000    0.041075    0.008557    0.000000   0.000000   0.000000   0.000000
    2.000000    0.041075    0.008557    0.000000   0.000000   0.000000   0.000000
    3.000000    0.041075    0.008557    0.000000   0.000000   0.000000   0.000000
    4.000000    0.041075    0.008557    0.000000   0.000000   0.000000   0.000000
    5.000000    0.041075    0.008557    0.000000   0.000000   0.000000   0.000000
    6.000000    0.041075    0.008557    0.000000   0.000000   0.000000   0.000000
    7.000000    0.041075    0.008557    0.000000   0.000000   0.000000   0.000000
    8.000000    0.041075    0.008557    0.000000   0.000000   0.000000   0.000000
    9.000000    0.041075    0.008557    0.000000   0.000000   0.000000   0.000000
   10.000000    0.041075    0.008557    0.000000   0.000000   0.000000   0.000000
   11.000000    0.041075    0.008557    0.000000   0.000000   0.000000   0.000000
   12.000000    0.041075    0.008557    0.000000   0.000000   0.000000   0.000000
   13.000000    0.041075    0.008557    0.000001   0.000000   0.000000   0.000000
   14.000000    0.041075    0.008557    0.000001   0.000000   0.000000   0.000000
   15.000000    0.041075    0.008557    0.000001   0.000000   0.000000   0.000000
   16.000000    0.041075    0.008557    0.000001   0.000000   0.000000   0.000000
   17.000000    0.041075    0.008557    0.000001   0.000000   0.000000   0.000000
   18.000000    0.041074    0.008557    0.000001   0.000001   0.000000   0.000000
   19.000000    0.041074    0.008557    0.000001   0.000001   0.000000   0.000000
   20.000000    0.041074    0.008557    0.000002   0.000001   0.000000   0.000000
   21.000000    0.041074    0.008557    0.000002   0.000001   0.000000   0.000000
   22.000000    0.041074    0.008557    0.000002   0.000001   0.000000   0.000000
   23.000000    0.041074    0.008557    0.000002   0.000001   0.000000   0.000000
   24.000000    0.041074    0.008557    0.000002   0.000001   0.000000   0.000000
   25.000000    0.041074    0.008557    0.000002   0.000001   0.000000   0.000000
   26.000000    0.041074    0.008557    0.000002   0.000001   0.000000   0.000000
   27.000000    0.041074    0.008557    0.000002   0.000001   0.000000   0.000000
   28.000000    0.041074    0.008557    0.000002   0.000001   0.000000   0.000000
   29.000000    0.041074    0.008557    0.000002   0.000001   0.000000   0.000000
   30.000000    0.041074    0.008557    0.000002   0.000001   0.000000   0.000000
   31.000000    0.041074    0.008557    0.000002   0.000001   0.000000   0.000000
   32.000000    0.041074    0.008557    0.000002   0.000001   0.000000   0.000000
   33.000000    0.041074    0.008557    0.000002   0.000001   0.000000   0.000000
   34.000000    0.041074    0.008557    0.000002   0.000001   0.000000   0.000000
   35.000000    0.041074    0.008557    0.000002   0.000001   0.000000   0.000000
   36.000000    0.041074    0.008557    0.000002   0.000001   0.000000   0.000000
   37.000000    0.041074    0.008557    0.000002   0.000001   0.000000   0.000000
   38.000000    0.041074    0.008557    0.000002   0.000001   0.000000   0.000000
   39.000000    0.041074    0.008557    0.000002   0.000001   0.000000   0.000000
   40.000000    0.041074    0.008557    0.000002   0.000001   0.000000   0.000000
   41.000000    0.041074    0.008557    0.000002   0.000001   0.000000   0.000000
   42.000000    0.041074    0.008557    0.000002   0.000001   0.000000   0.000000
   43.000000    0.041074    0.008557    0.000002   0.000001   0.000000   0.000000
   44.000000    0.041074    0.008557    0.000002   0.000001   0.000000   0.000000
   45.000000    0.041074    0.008557    0.000002   0.000001   0.000000   0.000000
   46.000000    0.041074    0.008557    0.000002   0.000001   0.000000   0.000000
   47.000000    0.041074    0.008557    0.000002   0.000001   0.000000   0.000000
   48.000000    0.041074    0.008557    0.000002   0.000001   0.000000   0.000000
   49.000000    0.041074    0.008557    0.000002   0.000001   0.000000   0.000000
   50.000000    0.041074    0.008557    0.000002   0.000001   0.000000   0.000000
   51.000000    0.041074    0.008557    0.000002   0.000001   0.000000   0.000000
   52.000000    0.041074    0.008557    0.000002   0.000001   0.000000   0.000000
   53.000000    0.041074    0.008557    0.000002   0.000001   0.000000   0.000000
   54.000000    0.041074    0.008557    0.000002   0.000001   0.000000   0.000000
   55.000000    0.041074    0.008557    0.000002   0.000001   0.000000   0.000000
   56.000000    0.041074    0.008557    0.000002   0.000001   0.000000   0.000000
   57.000000    0.041074    0.008557    0.000002   0.000001   0.000000   0.000000
   58.000000    0.041074    0.008557    0.000002   0.000001   0.000000   0.000000
   59.000000    0.041074    0.008557    0.000002   0.000001   0.000000   0.000000
   60.000000    0.041074    0.008557    0.000002   0.000001   0.000000   0.000000
   61.000000    0.041074    0.008557    0.000002   0.000001   0.000000   0.000000
   62.000000    0.041074    0.008557    0.000002   0.000001   0.000000   0.000000
   63.000000    0.041074    0.008557    0.000002   0.000001   0.000000   0.000000
   64.000000    0.041074    0.008557    0.000002   0.000001   0.000000   0.000000
   65.000000    0.041074    0.008557    0.000002   0.000001   0.000000   0.000000
   66.000000    0.041074    0.008557    0.000002   0.000001   0.000000   0.000000
   67.000000    0.041074    0.008557    0.000002   0.000001   0.000000   0.000000
   68.000000    0.041074    0.008557    0.000002   0.000001   0.000000   0.000000
   69.000000    0.041074    0.008557    0.000002   0.000001   0.000000   0.000000
   70.000000    0.041074    0.008557    0.000002   0.000001   0.000000   0.000000
Finished simulation at a C/O ratio of 2.4
  distance(mm)   X_CH4        X_O2        X_H2       X_CO       X_H2O       X_CO2
    0.000000    0.042711    0.008214    0.000000   0.000000   0.000000   0.000000
    1.000000    0.042711    0.008214    0.000000   0.000000   0.000000   0.000000
    2.000000    0.042711    0.008214    0.000000   0.000000   0.000000   0.000000
    3.000000    0.042711    0.008214    0.000000   0.000000   0.000000   0.000000
    4.000000    0.042711    0.008214    0.000000   0.000000   0.000000   0.000000
    5.000000    0.042711    0.008214    0.000000   0.000000   0.000000   0.000000
    6.000000    0.042711    0.008214    0.000000   0.000000   0.000000   0.000000
    7.000000    0.042711    0.008214    0.000000   0.000000   0.000000   0.000000
    8.000000    0.042711    0.008214    0.000000   0.000000   0.000000   0.000000
    9.000000    0.042711    0.008214    0.000000   0.000000   0.000000   0.000000
   10.000000    0.042711    0.008214    0.000000   0.000000   0.000000   0.000000
   11.000000    0.042711    0.008214    0.000000   0.000000   0.000000   0.000000
   12.000000    0.042711    0.008214    0.000000   0.000000   0.000000   0.000000
   13.000000    0.042711    0.008214    0.000001   0.000000   0.000000   0.000000
   14.000000    0.042711    0.008214    0.000001   0.000000   0.000000   0.000000
   15.000000    0.042711    0.008213    0.000001   0.000000   0.000000   0.000000
   16.000000    0.042711    0.008213    0.000001   0.000000   0.000000   0.000000
Unable to run simulation at a C/O ratio of 2.6
  distance(mm)   X_CH4        X_O2        X_H2       X_CO       X_H2O       X_CO2
    0.000000    0.016469    0.013725    0.000000   0.000000   0.000000   0.000000
    1.000000    0.016469    0.013725    0.000000   0.000000   0.000000   0.000000
    2.000000    0.016469    0.013725    0.000000   0.000000   0.000000   0.000000
    3.000000    0.016469    0.013725    0.000000   0.000000   0.000000   0.000000
    4.000000    0.016469    0.013725    0.000000   0.000000   0.000000   0.000000
    5.000000    0.016469    0.013725    0.000000   0.000000   0.000000   0.000000
    6.000000    0.016469    0.013725    0.000000   0.000000   0.000000   0.000000
    7.000000    0.016469    0.013725    0.000000   0.000000   0.000000   0.000000
    8.000000    0.016469    0.013725    0.000000   0.000000   0.000000   0.000000
    9.000000    0.016469    0.013725    0.000000   0.000000   0.000000   0.000000
   10.000000    0.016469    0.013725    0.000000   0.000000   0.000000   0.000000
   11.000000    0.016469    0.013724    0.000000   0.000000   0.000000   0.000000
   12.000000    0.016469    0.013724    0.000000   0.000000   0.000000   0.000000
   13.000000    0.016469    0.013724    0.000000   0.000000   0.000000   0.000000
   14.000000    0.016469    0.013724    0.000000   0.000000   0.000000   0.000000
   15.000000    0.016469    0.013724    0.000000   0.000000   0.000000   0.000000
   16.000000    0.016469    0.013724    0.000001   0.000000   0.000000   0.000000
   17.000000    0.016469    0.013724    0.000001   0.000000   0.000000   0.000000
   18.000000    0.016469    0.013724    0.000001   0.000000   0.000000   0.000000
   19.000000    0.016469    0.013724    0.000001   0.000000   0.000000   0.000000
   20.000000    0.016469    0.013724    0.000001   0.000000   0.000000   0.000000
   21.000000    0.016469    0.013724    0.000001   0.000000   0.000000   0.000000
   22.000000    0.016469    0.013724    0.000001   0.000000   0.000000   0.000000
   23.000000    0.016469    0.013724    0.000001   0.000000   0.000000   0.000000
   24.000000    0.016469    0.013724    0.000001   0.000000   0.000000   0.000000
   25.000000    0.016469    0.013724    0.000001   0.000000   0.000000   0.000000
   26.000000    0.016469    0.013724    0.000001   0.000000   0.000000   0.000000
   27.000000    0.016469    0.013724    0.000001   0.000000   0.000000   0.000000
   28.000000    0.016469    0.013724    0.000001   0.000000   0.000000   0.000000
   29.000000    0.016469    0.013724    0.000001   0.000000   0.000000   0.000000
   30.000000    0.016469    0.013724    0.000001   0.000000   0.000000   0.000000
   31.000000    0.016469    0.013724    0.000001   0.000000   0.000000   0.000000
   32.000000    0.016469    0.013724    0.000001   0.000000   0.000000   0.000000
   33.000000    0.016469    0.013724    0.000001   0.000000   0.000000   0.000000
   34.000000    0.016469    0.013724    0.000001   0.000000   0.000000   0.000000
   35.000000    0.016469    0.013724    0.000001   0.000000   0.000000   0.000000
   36.000000    0.016469    0.013724    0.000001   0.000000   0.000000   0.000000
   37.000000    0.016469    0.013724    0.000001   0.000000   0.000000   0.000000
   38.000000    0.016469    0.013724    0.000001   0.000000   0.000000   0.000000
   39.000000    0.016469    0.013724    0.000001   0.000000   0.000000   0.000000
   40.000000    0.016469    0.013724    0.000001   0.000000   0.000000   0.000000
   41.000000    0.016469    0.013724    0.000001   0.000000   0.000000   0.000000
   42.000000    0.016469    0.013724    0.000001   0.000000   0.000000   0.000000
   43.000000    0.016469    0.013724    0.000001   0.000000   0.000000   0.000000
   44.000000    0.016469    0.013724    0.000001   0.000000   0.000000   0.000000
   45.000000    0.016469    0.013724    0.000001   0.000000   0.000000   0.000000
   46.000000    0.016469    0.013724    0.000001   0.000000   0.000000   0.000000
   47.000000    0.016469    0.013724    0.000001   0.000000   0.000000   0.000000
   48.000000    0.016469    0.013724    0.000001   0.000000   0.000000   0.000000
   49.000000    0.016469    0.013724    0.000001   0.000000   0.000000   0.000000
   50.000000    0.016469    0.013724    0.000001   0.000000   0.000000   0.000000
   51.000000    0.016469    0.013724    0.000001   0.000000   0.000000   0.000000
   52.000000    0.016469    0.013724    0.000001   0.000000   0.000000   0.000000
   53.000000    0.016469    0.013724    0.000001   0.000000   0.000000   0.000000
   54.000000    0.016469    0.013724    0.000001   0.000000   0.000000   0.000000
   55.000000    0.016469    0.013724    0.000001   0.000000   0.000000   0.000000
   56.000000    0.016469    0.013724    0.000001   0.000000   0.000000   0.000000
   57.000000    0.016469    0.013724    0.000001   0.000000   0.000000   0.000000
   58.000000    0.016469    0.013724    0.000001   0.000000   0.000000   0.000000
   59.000000    0.016469    0.013724    0.000001   0.000000   0.000000   0.000000
   60.000000    0.016469    0.013724    0.000001   0.000000   0.000000   0.000000
   61.000000    0.016469    0.013724    0.000001   0.000000   0.000000   0.000000
   62.000000    0.016469    0.013724    0.000001   0.000000   0.000000   0.000000
   63.000000    0.016469    0.013724    0.000001   0.000000   0.000000   0.000000
   64.000000    0.016469    0.013724    0.000001   0.000000   0.000000   0.000000
   65.000000    0.016469    0.013724    0.000001   0.000000   0.000000   0.000000
   66.000000    0.016469    0.013724    0.000001   0.000000   0.000000   0.000000
   67.000000    0.016469    0.013724    0.000001   0.000000   0.000000   0.000000
   68.000000    0.016469    0.013724    0.000001   0.000000   0.000000   0.000000
   69.000000    0.016469    0.013724    0.000001   0.000000   0.000000   0.000000
   70.000000    0.016469    0.013724    0.000001   0.000000   0.000000   0.000000
Finished simulation at a C/O ratio of 0.6
  distance(mm)   X_CH4        X_O2        X_H2       X_CO       X_H2O       X_CO2
    0.000000    0.037355    0.009339    0.000000   0.000000   0.000000   0.000000
    1.000000    0.037355    0.009339    0.000000   0.000000   0.000000   0.000000
    2.000000    0.037355    0.009339    0.000000   0.000000   0.000000   0.000000
    3.000000    0.037355    0.009339    0.000000   0.000000   0.000000   0.000000
    4.000000    0.037355    0.009339    0.000000   0.000000   0.000000   0.000000
    5.000000    0.037355    0.009339    0.000000   0.000000   0.000000   0.000000
    6.000000    0.037355    0.009339    0.000000   0.000000   0.000000   0.000000
    7.000000    0.037355    0.009339    0.000000   0.000000   0.000000   0.000000
    8.000000    0.037355    0.009339    0.000000   0.000000   0.000000   0.000000
    9.000000    0.037355    0.009339    0.000000   0.000000   0.000000   0.000000
   10.000000    0.037355    0.009339    0.000000   0.000000   0.000000   0.000000
   11.000000    0.037354    0.009339    0.000000   0.000000   0.000000   0.000000
   12.000000    0.037354    0.009339    0.000000   0.000000   0.000000   0.000000
   13.000000    0.037354    0.009339    0.000001   0.000000   0.000000   0.000000
   14.000000    0.037354    0.009338    0.000001   0.000000   0.000000   0.000000
   15.000000    0.037354    0.009338    0.000001   0.000000   0.000000   0.000000
   16.000000    0.037354    0.009338    0.000001   0.000000   0.000000   0.000000
   17.000000    0.037354    0.009338    0.000001   0.000000   0.000000   0.000000
   18.000000    0.037354    0.009338    0.000001   0.000001   0.000000   0.000000
   19.000000    0.037354    0.009338    0.000001   0.000001   0.000000   0.000000
   20.000000    0.037354    0.009338    0.000002   0.000001   0.000000   0.000000
   21.000000    0.037354    0.009338    0.000002   0.000001   0.000000   0.000000
   22.000000    0.037354    0.009338    0.000002   0.000001   0.000000   0.000000
   23.000000    0.037354    0.009338    0.000002   0.000001   0.000000   0.000000
   24.000000    0.037354    0.009338    0.000002   0.000001   0.000000   0.000000
   25.000000    0.037354    0.009338    0.000002   0.000001   0.000000   0.000000
   26.000000    0.037354    0.009338    0.000002   0.000001   0.000000   0.000000
   27.000000    0.037354    0.009338    0.000002   0.000001   0.000000   0.000000
   28.000000    0.037354    0.009338    0.000002   0.000001   0.000000   0.000000
   29.000000    0.037354    0.009338    0.000002   0.000001   0.000000   0.000000
   30.000000    0.037354    0.009338    0.000002   0.000001   0.000000   0.000000
   31.000000    0.037354    0.009338    0.000002   0.000001   0.000000   0.000000
   32.000000    0.037354    0.009338    0.000002   0.000001   0.000000   0.000000
   33.000000    0.037354    0.009338    0.000002   0.000001   0.000000   0.000000
   34.000000    0.037354    0.009338    0.000002   0.000001   0.000000   0.000000
   35.000000    0.037354    0.009338    0.000002   0.000001   0.000000   0.000000
   36.000000    0.037354    0.009338    0.000002   0.000001   0.000000   0.000000
   37.000000    0.037354    0.009338    0.000002   0.000001   0.000000   0.000000
   38.000000    0.037354    0.009338    0.000002   0.000001   0.000000   0.000000
   39.000000    0.037354    0.009338    0.000002   0.000001   0.000000   0.000000
   40.000000    0.037354    0.009338    0.000002   0.000001   0.000000   0.000000
   41.000000    0.037354    0.009338    0.000002   0.000001   0.000000   0.000000
   42.000000    0.037354    0.009338    0.000002   0.000001   0.000000   0.000000
   43.000000    0.037354    0.009338    0.000002   0.000001   0.000000   0.000000
   44.000000    0.037354    0.009338    0.000002   0.000001   0.000000   0.000000
   45.000000    0.037354    0.009338    0.000002   0.000001   0.000000   0.000000
   46.000000    0.037354    0.009338    0.000002   0.000001   0.000000   0.000000
   47.000000    0.037354    0.009338    0.000002   0.000001   0.000000   0.000000
   48.000000    0.037354    0.009338    0.000002   0.000001   0.000000   0.000000
   49.000000    0.037354    0.009338    0.000002   0.000001   0.000000   0.000000
   50.000000    0.037354    0.009338    0.000002   0.000001   0.000000   0.000000
   51.000000    0.037354    0.009338    0.000002   0.000001   0.000000   0.000000
   52.000000    0.037354    0.009338    0.000002   0.000001   0.000000   0.000000
   53.000000    0.037354    0.009338    0.000002   0.000001   0.000000   0.000000
   54.000000    0.037354    0.009338    0.000002   0.000001   0.000000   0.000000
   55.000000    0.037354    0.009338    0.000002   0.000001   0.000000   0.000000
   56.000000    0.037354    0.009338    0.000002   0.000001   0.000000   0.000000
   57.000000    0.037354    0.009338    0.000002   0.000001   0.000000   0.000000
   58.000000    0.037354    0.009338    0.000002   0.000001   0.000000   0.000000
   59.000000    0.037354    0.009338    0.000002   0.000001   0.000000   0.000000
   60.000000    0.037354    0.009338    0.000002   0.000001   0.000000   0.000000
   61.000000    0.037354    0.009338    0.000002   0.000001   0.000000   0.000000
   62.000000    0.037354    0.009338    0.000002   0.000001   0.000000   0.000000
   63.000000    0.037354    0.009338    0.000002   0.000001   0.000000   0.000000
   64.000000    0.037354    0.009338    0.000002   0.000001   0.000000   0.000000
   65.000000    0.037354    0.009338    0.000002   0.000001   0.000000   0.000000
   66.000000    0.037354    0.009338    0.000002   0.000001   0.000000   0.000000
   67.000000    0.037354    0.009338    0.000002   0.000001   0.000000   0.000000
   68.000000    0.037354    0.009338    0.000002   0.000001   0.000000   0.000000
   69.000000    0.037354    0.009338    0.000002   0.000001   0.000000   0.000000
   70.000000    0.037354    0.009338    0.000002   0.000001   0.000000   0.000000
Finished simulation at a C/O ratio of 2.0
  distance(mm)   X_CH4        X_O2        X_H2       X_CO       X_H2O       X_CO2
    0.000000    0.024202    0.012101    0.000000   0.000000   0.000000   0.000000
    1.000000    0.024202    0.012101    0.000000   0.000000   0.000000   0.000000
    2.000000    0.024202    0.012101    0.000000   0.000000   0.000000   0.000000
    3.000000    0.024202    0.012101    0.000000   0.000000   0.000000   0.000000
    4.000000    0.024202    0.012101    0.000000   0.000000   0.000000   0.000000
    5.000000    0.024202    0.012101    0.000000   0.000000   0.000000   0.000000
    6.000000    0.024202    0.012101    0.000000   0.000000   0.000000   0.000000
    7.000000    0.024202    0.012101    0.000000   0.000000   0.000000   0.000000
    8.000000    0.024202    0.012101    0.000000   0.000000   0.000000   0.000000
    9.000000    0.024202    0.012101    0.000000   0.000000   0.000000   0.000000
   10.000000    0.024202    0.012101    0.000000   0.000000   0.000000   0.000000
   11.000000    0.024201    0.012101    0.000000   0.000000   0.000000   0.000000
   12.000000    0.024201    0.012101    0.000000   0.000000   0.000000   0.000000
   13.000000    0.024201    0.012101    0.000000   0.000000   0.000000   0.000000
   14.000000    0.024201    0.012101    0.000001   0.000000   0.000000   0.000000
   15.000000    0.024201    0.012101    0.000001   0.000000   0.000000   0.000000
   16.000000    0.024201    0.012101    0.000001   0.000000   0.000000   0.000000
   17.000000    0.024201    0.012101    0.000001   0.000000   0.000000   0.000000
   18.000000    0.024201    0.012100    0.000001   0.000000   0.000000   0.000000
   19.000000    0.024201    0.012100    0.000001   0.000000   0.000000   0.000000
   20.000000    0.024201    0.012100    0.000001   0.000000   0.000000   0.000000
   21.000000    0.024201    0.012100    0.000001   0.000000   0.000000   0.000000
   22.000000    0.024201    0.012100    0.000001   0.000000   0.000000   0.000000
   23.000000    0.024201    0.012100    0.000001   0.000000   0.000000   0.000000
   24.000000    0.024201    0.012100    0.000001   0.000000   0.000000   0.000000
   25.000000    0.024201    0.012100    0.000001   0.000000   0.000000   0.000000
   26.000000    0.024201    0.012100    0.000001   0.000000   0.000000   0.000000
   27.000000    0.024201    0.012100    0.000001   0.000000   0.000000   0.000000
   28.000000    0.024201    0.012100    0.000001   0.000000   0.000000   0.000000
   29.000000    0.024201    0.012100    0.000001   0.000000   0.000000   0.000000
   30.000000    0.024201    0.012100    0.000001   0.000000   0.000000   0.000000
   31.000000    0.024201    0.012100    0.000001   0.000000   0.000000   0.000000
   32.000000    0.024201    0.012100    0.000001   0.000000   0.000000   0.000000
   33.000000    0.024201    0.012100    0.000001   0.000000   0.000000   0.000000
   34.000000    0.024201    0.012100    0.000001   0.000000   0.000000   0.000000
   35.000000    0.024201    0.012100    0.000001   0.000000   0.000000   0.000000
   36.000000    0.024201    0.012100    0.000001   0.000000   0.000000   0.000000
   37.000000    0.024201    0.012100    0.000001   0.000000   0.000000   0.000000
   38.000000    0.024201    0.012100    0.000001   0.000000   0.000000   0.000000
   39.000000    0.024201    0.012100    0.000001   0.000000   0.000000   0.000000
   40.000000    0.024201    0.012100    0.000001   0.000000   0.000000   0.000000
   41.000000    0.024201    0.012100    0.000001   0.000000   0.000000   0.000000
   42.000000    0.024201    0.012100    0.000001   0.000000   0.000000   0.000000
   43.000000    0.024201    0.012100    0.000001   0.000000   0.000000   0.000000
   44.000000    0.024201    0.012100    0.000001   0.000000   0.000000   0.000000
   45.000000    0.024201    0.012100    0.000001   0.000000   0.000000   0.000000
   46.000000    0.024201    0.012100    0.000001   0.000000   0.000000   0.000000
   47.000000    0.024201    0.012100    0.000001   0.000000   0.000000   0.000000
   48.000000    0.024201    0.012100    0.000001   0.000000   0.000000   0.000000
   49.000000    0.024201    0.012100    0.000001   0.000000   0.000000   0.000000
   50.000000    0.024201    0.012100    0.000001   0.000000   0.000000   0.000000
   51.000000    0.024201    0.012100    0.000001   0.000000   0.000000   0.000000
   52.000000    0.024201    0.012100    0.000001   0.000000   0.000000   0.000000
   53.000000    0.024201    0.012100    0.000001   0.000000   0.000000   0.000000
   54.000000    0.024201    0.012100    0.000001   0.000000   0.000000   0.000000
   55.000000    0.024201    0.012100    0.000001   0.000000   0.000000   0.000000
   56.000000    0.024201    0.012100    0.000001   0.000000   0.000000   0.000000
   57.000000    0.024201    0.012100    0.000001   0.000000   0.000000   0.000000
   58.000000    0.024201    0.012100    0.000001   0.000000   0.000000   0.000000
   59.000000    0.024201    0.012100    0.000001   0.000000   0.000000   0.000000
   60.000000    0.024201    0.012100    0.000001   0.000000   0.000000   0.000000
   61.000000    0.024201    0.012100    0.000001   0.000000   0.000000   0.000000
   62.000000    0.024201    0.012100    0.000001   0.000000   0.000000   0.000000
   63.000000    0.024201    0.012100    0.000001   0.000000   0.000000   0.000000
   64.000000    0.024201    0.012100    0.000001   0.000000   0.000000   0.000000
   65.000000    0.024201    0.012100    0.000001   0.000000   0.000000   0.000000
   66.000000    0.024201    0.012100    0.000001   0.000000   0.000000   0.000000
   67.000000    0.024201    0.012100    0.000001   0.000000   0.000000   0.000000
   68.000000    0.024201    0.012100    0.000001   0.000000   0.000000   0.000000
   69.000000    0.024201    0.012100    0.000001   0.000000   0.000000   0.000000
   70.000000    0.024201    0.012100    0.000001   0.000000   0.000000   0.000000
Finished simulation at a C/O ratio of 1.0
  distance(mm)   X_CH4        X_O2        X_H2       X_CO       X_H2O       X_CO2
    0.000000    0.022445    0.012470    0.000000   0.000000   0.000000   0.000000
    1.000000    0.022445    0.012470    0.000000   0.000000   0.000000   0.000000
    2.000000    0.022445    0.012470    0.000000   0.000000   0.000000   0.000000
    3.000000    0.022445    0.012470    0.000000   0.000000   0.000000   0.000000
    4.000000    0.022445    0.012470    0.000000   0.000000   0.000000   0.000000
    5.000000    0.022445    0.012470    0.000000   0.000000   0.000000   0.000000
    6.000000    0.022445    0.012470    0.000000   0.000000   0.000000   0.000000
    7.000000    0.022445    0.012470    0.000000   0.000000   0.000000   0.000000
    8.000000    0.022445    0.012470    0.000000   0.000000   0.000000   0.000000
    9.000000    0.022445    0.012470    0.000000   0.000000   0.000000   0.000000
   10.000000    0.022445    0.012470    0.000000   0.000000   0.000000   0.000000
   11.000000    0.022445    0.012470    0.000000   0.000000   0.000000   0.000000
   12.000000    0.022445    0.012470    0.000000   0.000000   0.000000   0.000000
   13.000000    0.022445    0.012469    0.000000   0.000000   0.000000   0.000000
   14.000000    0.022445    0.012469    0.000000   0.000000   0.000000   0.000000
   15.000000    0.022445    0.012469    0.000001   0.000000   0.000000   0.000000
   16.000000    0.022445    0.012469    0.000001   0.000000   0.000000   0.000000
   17.000000    0.022445    0.012469    0.000001   0.000000   0.000000   0.000000
   18.000000    0.022445    0.012469    0.000001   0.000000   0.000000   0.000000
   19.000000    0.022445    0.012469    0.000001   0.000000   0.000000   0.000000
   20.000000    0.022445    0.012469    0.000001   0.000000   0.000000   0.000000
   21.000000    0.022445    0.012469    0.000001   0.000000   0.000000   0.000000
   22.000000    0.022445    0.012469    0.000001   0.000000   0.000000   0.000000
   23.000000    0.022445    0.012469    0.000001   0.000000   0.000000   0.000000
   24.000000    0.022445    0.012469    0.000001   0.000000   0.000000   0.000000
   25.000000    0.022445    0.012469    0.000001   0.000000   0.000000   0.000000
   26.000000    0.022445    0.012469    0.000001   0.000000   0.000000   0.000000
   27.000000    0.022445    0.012469    0.000001   0.000000   0.000000   0.000000
   28.000000    0.022445    0.012469    0.000001   0.000000   0.000000   0.000000
   29.000000    0.022445    0.012469    0.000001   0.000000   0.000000   0.000000
   30.000000    0.022445    0.012469    0.000001   0.000000   0.000000   0.000000
   31.000000    0.022445    0.012469    0.000001   0.000000   0.000000   0.000000
   32.000000    0.022445    0.012469    0.000001   0.000000   0.000000   0.000000
   33.000000    0.022445    0.012469    0.000001   0.000000   0.000000   0.000000
   34.000000    0.022445    0.012469    0.000001   0.000000   0.000000   0.000000
   35.000000    0.022445    0.012469    0.000001   0.000000   0.000000   0.000000
   36.000000    0.022445    0.012469    0.000001   0.000000   0.000000   0.000000
   37.000000    0.022445    0.012469    0.000001   0.000000   0.000000   0.000000
   38.000000    0.022445    0.012469    0.000001   0.000000   0.000000   0.000000
   39.000000    0.022445    0.012469    0.000001   0.000000   0.000000   0.000000
   40.000000    0.022445    0.012469    0.000001   0.000000   0.000000   0.000000
   41.000000    0.022445    0.012469    0.000001   0.000000   0.000000   0.000000
   42.000000    0.022445    0.012469    0.000001   0.000000   0.000000   0.000000
   43.000000    0.022445    0.012469    0.000001   0.000000   0.000000   0.000000
   44.000000    0.022445    0.012469    0.000001   0.000000   0.000000   0.000000
   45.000000    0.022445    0.012469    0.000001   0.000000   0.000000   0.000000
   46.000000    0.022445    0.012469    0.000001   0.000000   0.000000   0.000000
   47.000000    0.022445    0.012469    0.000001   0.000000   0.000000   0.000000
   48.000000    0.022445    0.012469    0.000001   0.000000   0.000000   0.000000
   49.000000    0.022445    0.012469    0.000001   0.000000   0.000000   0.000000
   50.000000    0.022445    0.012469    0.000001   0.000000   0.000000   0.000000
   51.000000    0.022445    0.012469    0.000001   0.000000   0.000000   0.000000
   52.000000    0.022445    0.012469    0.000001   0.000000   0.000000   0.000000
   53.000000    0.022445    0.012469    0.000001   0.000000   0.000000   0.000000
   54.000000    0.022445    0.012469    0.000001   0.000000   0.000000   0.000000
   55.000000    0.022445    0.012469    0.000001   0.000000   0.000000   0.000000
   56.000000    0.022445    0.012469    0.000001   0.000000   0.000000   0.000000
   57.000000    0.022445    0.012469    0.000001   0.000000   0.000000   0.000000
   58.000000    0.022445    0.012469    0.000001   0.000000   0.000000   0.000000
   59.000000    0.022445    0.012469    0.000001   0.000000   0.000000   0.000000
   60.000000    0.022445    0.012469    0.000001   0.000000   0.000000   0.000000
   61.000000    0.022445    0.012469    0.000001   0.000000   0.000000   0.000000
   62.000000    0.022445    0.012469    0.000001   0.000000   0.000000   0.000000
   63.000000    0.022445    0.012469    0.000001   0.000000   0.000000   0.000000
   64.000000    0.022445    0.012469    0.000001   0.000000   0.000000   0.000000
   65.000000    0.022445    0.012469    0.000001   0.000000   0.000000   0.000000
   66.000000    0.022445    0.012469    0.000001   0.000000   0.000000   0.000000
   67.000000    0.022445    0.012469    0.000001   0.000000   0.000000   0.000000
   68.000000    0.022445    0.012469    0.000001   0.000000   0.000000   0.000000
   69.000000    0.022445    0.012469    0.000001   0.000000   0.000000   0.000000
   70.000000    0.022445    0.012469    0.000001   0.000000   0.000000   0.000000
Finished simulation at a C/O ratio of 0.9
  distance(mm)   X_CH4        X_O2        X_H2       X_CO       X_H2O       X_CO2
    0.000000    0.025857    0.011753    0.000000   0.000000   0.000000   0.000000
    1.000000    0.025857    0.011753    0.000000   0.000000   0.000000   0.000000
    2.000000    0.025857    0.011753    0.000000   0.000000   0.000000   0.000000
    3.000000    0.025857    0.011753    0.000000   0.000000   0.000000   0.000000
    4.000000    0.025857    0.011753    0.000000   0.000000   0.000000   0.000000
    5.000000    0.025857    0.011753    0.000000   0.000000   0.000000   0.000000
    6.000000    0.025857    0.011753    0.000000   0.000000   0.000000   0.000000
    7.000000    0.025857    0.011753    0.000000   0.000000   0.000000   0.000000
    8.000000    0.025857    0.011753    0.000000   0.000000   0.000000   0.000000
    9.000000    0.025857    0.011753    0.000000   0.000000   0.000000   0.000000
   10.000000    0.025857    0.011753    0.000000   0.000000   0.000000   0.000000
   11.000000    0.025857    0.011753    0.000000   0.000000   0.000000   0.000000
   12.000000    0.025857    0.011753    0.000000   0.000000   0.000000   0.000000
   13.000000    0.025857    0.011753    0.000000   0.000000   0.000000   0.000000
   14.000000    0.025857    0.011753    0.000001   0.000000   0.000000   0.000000
   15.000000    0.025857    0.011753    0.000001   0.000000   0.000000   0.000000
   16.000000    0.025857    0.011753    0.000001   0.000000   0.000000   0.000000
   17.000000    0.025856    0.011753    0.000001   0.000000   0.000000   0.000000
   18.000000    0.025856    0.011753    0.000001   0.000000   0.000000   0.000000
   19.000000    0.025856    0.011753    0.000001   0.000000   0.000000   0.000000
   20.000000    0.025856    0.011753    0.000001   0.000000   0.000000   0.000000
   21.000000    0.025856    0.011753    0.000001   0.000000   0.000000   0.000000
   22.000000    0.025856    0.011753    0.000001   0.000000   0.000000   0.000000
   23.000000    0.025856    0.011753    0.000001   0.000000   0.000000   0.000000
   24.000000    0.025856    0.011753    0.000001   0.000000   0.000000   0.000000
   25.000000    0.025856    0.011753    0.000001   0.000000   0.000000   0.000000
   26.000000    0.025856    0.011753    0.000001   0.000000   0.000000   0.000000
   27.000000    0.025856    0.011753    0.000001   0.000000   0.000000   0.000000
   28.000000    0.025856    0.011753    0.000001   0.000000   0.000000   0.000000
   29.000000    0.025856    0.011753    0.000001   0.000000   0.000000   0.000000
   30.000000    0.025856    0.011753    0.000001   0.000000   0.000000   0.000000
   31.000000    0.025856    0.011753    0.000001   0.000000   0.000000   0.000000
   32.000000    0.025856    0.011753    0.000001   0.000000   0.000000   0.000000
   33.000000    0.025856    0.011753    0.000001   0.000000   0.000000   0.000000
   34.000000    0.025856    0.011753    0.000001   0.000000   0.000000   0.000000
   35.000000    0.025856    0.011753    0.000001   0.000000   0.000000   0.000000
   36.000000    0.025856    0.011753    0.000001   0.000000   0.000000   0.000000
   37.000000    0.025856    0.011753    0.000001   0.000000   0.000000   0.000000
   38.000000    0.025856    0.011753    0.000001   0.000000   0.000000   0.000000
   39.000000    0.025856    0.011753    0.000001   0.000000   0.000000   0.000000
   40.000000    0.025856    0.011753    0.000001   0.000000   0.000000   0.000000
   41.000000    0.025856    0.011753    0.000001   0.000000   0.000000   0.000000
   42.000000    0.025856    0.011753    0.000001   0.000000   0.000000   0.000000
   43.000000    0.025856    0.011753    0.000001   0.000000   0.000000   0.000000
   44.000000    0.025856    0.011753    0.000001   0.000000   0.000000   0.000000
   45.000000    0.025856    0.011753    0.000001   0.000000   0.000000   0.000000
   46.000000    0.025856    0.011753    0.000001   0.000000   0.000000   0.000000
   47.000000    0.025856    0.011753    0.000001   0.000000   0.000000   0.000000
   48.000000    0.025856    0.011753    0.000001   0.000000   0.000000   0.000000
   49.000000    0.025856    0.011753    0.000001   0.000000   0.000000   0.000000
   50.000000    0.025856    0.011753    0.000001   0.000000   0.000000   0.000000
   51.000000    0.025856    0.011753    0.000001   0.000000   0.000000   0.000000
   52.000000    0.025856    0.011753    0.000001   0.000000   0.000000   0.000000
   53.000000    0.025856    0.011753    0.000001   0.000000   0.000000   0.000000
   54.000000    0.025856    0.011753    0.000001   0.000000   0.000000   0.000000
   55.000000    0.025856    0.011753    0.000001   0.000000   0.000000   0.000000
   56.000000    0.025856    0.011753    0.000001   0.000000   0.000000   0.000000
   57.000000    0.025856    0.011753    0.000001   0.000000   0.000000   0.000000
   58.000000    0.025856    0.011753    0.000001   0.000000   0.000000   0.000000
   59.000000    0.025856    0.011753    0.000001   0.000000   0.000000   0.000000
   60.000000    0.025856    0.011753    0.000001   0.000000   0.000000   0.000000
   61.000000    0.025856    0.011753    0.000001   0.000000   0.000000   0.000000
   62.000000    0.025856    0.011753    0.000001   0.000000   0.000000   0.000000
   63.000000    0.025856    0.011753    0.000001   0.000000   0.000000   0.000000
   64.000000    0.025856    0.011753    0.000001   0.000000   0.000000   0.000000
   65.000000    0.025856    0.011753    0.000001   0.000000   0.000000   0.000000
   66.000000    0.025856    0.011753    0.000001   0.000000   0.000000   0.000000
   67.000000    0.025856    0.011753    0.000001   0.000000   0.000000   0.000000
   68.000000    0.025856    0.011753    0.000001   0.000000   0.000000   0.000000
   69.000000    0.025856    0.011753    0.000001   0.000000   0.000000   0.000000
   70.000000    0.025856    0.011753    0.000001   0.000000   0.000000   0.000000
Finished simulation at a C/O ratio of 1.1
  distance(mm)   X_CH4        X_O2        X_H2       X_CO       X_H2O       X_CO2
    0.000000    0.035227    0.009785    0.000000   0.000000   0.000000   0.000000
    1.000000    0.035227    0.009785    0.000000   0.000000   0.000000   0.000000
    2.000000    0.035227    0.009785    0.000000   0.000000   0.000000   0.000000
    3.000000    0.035227    0.009785    0.000000   0.000000   0.000000   0.000000
    4.000000    0.035227    0.009785    0.000000   0.000000   0.000000   0.000000
    5.000000    0.035227    0.009785    0.000000   0.000000   0.000000   0.000000
    6.000000    0.035227    0.009785    0.000000   0.000000   0.000000   0.000000
    7.000000    0.035227    0.009785    0.000000   0.000000   0.000000   0.000000
    8.000000    0.035227    0.009785    0.000000   0.000000   0.000000   0.000000
    9.000000    0.035227    0.009785    0.000000   0.000000   0.000000   0.000000
   10.000000    0.035227    0.009785    0.000000   0.000000   0.000000   0.000000
   11.000000    0.035227    0.009785    0.000000   0.000000   0.000000   0.000000
   12.000000    0.035227    0.009785    0.000000   0.000000   0.000000   0.000000
   13.000000    0.035227    0.009785    0.000000   0.000000   0.000000   0.000000
   14.000000    0.035227    0.009785    0.000001   0.000000   0.000000   0.000000
   15.000000    0.035227    0.009785    0.000001   0.000000   0.000000   0.000000
   16.000000    0.035227    0.009785    0.000001   0.000000   0.000000   0.000000
   17.000000    0.035227    0.009785    0.000001   0.000000   0.000000   0.000000
   18.000000    0.035227    0.009785    0.000001   0.000001   0.000000   0.000000
   19.000000    0.035227    0.009785    0.000001   0.000001   0.000000   0.000000
   20.000000    0.035227    0.009785    0.000001   0.000001   0.000000   0.000000
   21.000000    0.035227    0.009785    0.000001   0.000001   0.000000   0.000000
   22.000000    0.035227    0.009785    0.000001   0.000001   0.000000   0.000000
   23.000000    0.035227    0.009785    0.000001   0.000001   0.000000   0.000000
   24.000000    0.035227    0.009785    0.000001   0.000001   0.000000   0.000000
   25.000000    0.035227    0.009785    0.000001   0.000001   0.000000   0.000000
   26.000000    0.035227    0.009785    0.000001   0.000001   0.000000   0.000000
   27.000000    0.035227    0.009785    0.000001   0.000001   0.000000   0.000000
   28.000000    0.035227    0.009785    0.000001   0.000001   0.000000   0.000000
   29.000000    0.035227    0.009785    0.000001   0.000001   0.000000   0.000000
   30.000000    0.035227    0.009785    0.000001   0.000001   0.000000   0.000000
   31.000000    0.035227    0.009785    0.000001   0.000001   0.000000   0.000000
   32.000000    0.035227    0.009785    0.000001   0.000001   0.000000   0.000000
   33.000000    0.035227    0.009785    0.000001   0.000001   0.000000   0.000000
   34.000000    0.035227    0.009785    0.000001   0.000001   0.000000   0.000000
   35.000000    0.035227    0.009785    0.000001   0.000001   0.000000   0.000000
   36.000000    0.035227    0.009785    0.000001   0.000001   0.000000   0.000000
   37.000000    0.035227    0.009785    0.000001   0.000001   0.000000   0.000000
   38.000000    0.035227    0.009785    0.000001   0.000001   0.000000   0.000000
   39.000000    0.035227    0.009785    0.000001   0.000001   0.000000   0.000000
   40.000000    0.035227    0.009785    0.000001   0.000001   0.000000   0.000000
   41.000000    0.035227    0.009785    0.000001   0.000001   0.000000   0.000000
   42.000000    0.035227    0.009785    0.000001   0.000001   0.000000   0.000000
   43.000000    0.035227    0.009785    0.000001   0.000001   0.000000   0.000000
   44.000000    0.035227    0.009785    0.000001   0.000001   0.000000   0.000000
   45.000000    0.035227    0.009785    0.000001   0.000001   0.000000   0.000000
   46.000000    0.035227    0.009785    0.000001   0.000001   0.000000   0.000000
   47.000000    0.035227    0.009785    0.000001   0.000001   0.000000   0.000000
   48.000000    0.035227    0.009785    0.000001   0.000001   0.000000   0.000000
   49.000000    0.035227    0.009785    0.000001   0.000001   0.000000   0.000000
   50.000000    0.035227    0.009785    0.000001   0.000001   0.000000   0.000000
   51.000000    0.035227    0.009785    0.000001   0.000001   0.000000   0.000000
   52.000000    0.035227    0.009785    0.000001   0.000001   0.000000   0.000000
   53.000000    0.035227    0.009785    0.000001   0.000001   0.000000   0.000000
   54.000000    0.035227    0.009785    0.000001   0.000001   0.000000   0.000000
   55.000000    0.035227    0.009785    0.000001   0.000001   0.000000   0.000000
   56.000000    0.035227    0.009785    0.000001   0.000001   0.000000   0.000000
   57.000000    0.035227    0.009785    0.000001   0.000001   0.000000   0.000000
   58.000000    0.035227    0.009785    0.000001   0.000001   0.000000   0.000000
   59.000000    0.035227    0.009785    0.000001   0.000001   0.000000   0.000000
   60.000000    0.035227    0.009785    0.000001   0.000001   0.000000   0.000000
   61.000000    0.035227    0.009785    0.000001   0.000001   0.000000   0.000000
   62.000000    0.035227    0.009785    0.000001   0.000001   0.000000   0.000000
   63.000000    0.035227    0.009785    0.000001   0.000001   0.000000   0.000000
   64.000000    0.035227    0.009785    0.000001   0.000001   0.000000   0.000000
   65.000000    0.035227    0.009785    0.000001   0.000001   0.000000   0.000000
   66.000000    0.035227    0.009785    0.000001   0.000001   0.000000   0.000000
   67.000000    0.035227    0.009785    0.000001   0.000001   0.000000   0.000000
   68.000000    0.035227    0.009785    0.000001   0.000001   0.000000   0.000000
   69.000000    0.035227    0.009785    0.000001   0.000001   0.000000   0.000000
   70.000000    0.035227    0.009785    0.000001   0.000001   0.000000   0.000000
Finished simulation at a C/O ratio of 1.8
  distance(mm)   X_CH4        X_O2        X_H2       X_CO       X_H2O       X_CO2
    0.000000    0.030298    0.010821    0.000000   0.000000   0.000000   0.000000
    1.000000    0.030298    0.010821    0.000000   0.000000   0.000000   0.000000
    2.000000    0.030298    0.010821    0.000000   0.000000   0.000000   0.000000
    3.000000    0.030298    0.010821    0.000000   0.000000   0.000000   0.000000
    4.000000    0.030298    0.010821    0.000000   0.000000   0.000000   0.000000
    5.000000    0.030298    0.010821    0.000000   0.000000   0.000000   0.000000
    6.000000    0.030298    0.010821    0.000000   0.000000   0.000000   0.000000
    7.000000    0.030298    0.010821    0.000000   0.000000   0.000000   0.000000
    8.000000    0.030298    0.010821    0.000000   0.000000   0.000000   0.000000
    9.000000    0.030298    0.010821    0.000000   0.000000   0.000000   0.000000
   10.000000    0.030298    0.010821    0.000000   0.000000   0.000000   0.000000
   11.000000    0.030298    0.010821    0.000000   0.000000   0.000000   0.000000
   12.000000    0.030298    0.010821    0.000000   0.000000   0.000000   0.000000
   13.000000    0.030297    0.010820    0.000000   0.000000   0.000000   0.000000
   14.000000    0.030297    0.010820    0.000001   0.000000   0.000000   0.000000
   15.000000    0.030297    0.010820    0.000001   0.000000   0.000000   0.000000
   16.000000    0.030297    0.010820    0.000001   0.000000   0.000000   0.000000
   17.000000    0.030297    0.010820    0.000001   0.000000   0.000000   0.000000
   18.000000    0.030297    0.010820    0.000001   0.000000   0.000000   0.000000
   19.000000    0.030297    0.010820    0.000001   0.000001   0.000000   0.000000
   20.000000    0.030297    0.010820    0.000001   0.000001   0.000000   0.000000
   21.000000    0.030297    0.010820    0.000001   0.000001   0.000000   0.000000
   22.000000    0.030297    0.010820    0.000001   0.000001   0.000000   0.000000
   23.000000    0.030297    0.010820    0.000001   0.000001   0.000000   0.000000
   24.000000    0.030297    0.010820    0.000001   0.000001   0.000000   0.000000
   25.000000    0.030297    0.010820    0.000001   0.000001   0.000000   0.000000
   26.000000    0.030297    0.010820    0.000001   0.000001   0.000000   0.000000
   27.000000    0.030297    0.010820    0.000001   0.000001   0.000000   0.000000
   28.000000    0.030297    0.010820    0.000001   0.000001   0.000000   0.000000
   29.000000    0.030297    0.010820    0.000001   0.000001   0.000000   0.000000
   30.000000    0.030297    0.010820    0.000001   0.000001   0.000000   0.000000
   31.000000    0.030297    0.010820    0.000001   0.000001   0.000000   0.000000
   32.000000    0.030297    0.010820    0.000001   0.000001   0.000000   0.000000
   33.000000    0.030297    0.010820    0.000001   0.000001   0.000000   0.000000
   34.000000    0.030297    0.010820    0.000001   0.000001   0.000000   0.000000
   35.000000    0.030297    0.010820    0.000001   0.000001   0.000000   0.000000
   36.000000    0.030297    0.010820    0.000001   0.000001   0.000000   0.000000
   37.000000    0.030297    0.010820    0.000001   0.000001   0.000000   0.000000
   38.000000    0.030297    0.010820    0.000001   0.000001   0.000000   0.000000
   39.000000    0.030297    0.010820    0.000001   0.000001   0.000000   0.000000
   40.000000    0.030297    0.010820    0.000001   0.000001   0.000000   0.000000
   41.000000    0.030297    0.010820    0.000001   0.000001   0.000000   0.000000
   42.000000    0.030297    0.010820    0.000001   0.000001   0.000000   0.000000
   43.000000    0.030297    0.010820    0.000001   0.000001   0.000000   0.000000
   44.000000    0.030297    0.010820    0.000001   0.000001   0.000000   0.000000
   45.000000    0.030297    0.010820    0.000001   0.000001   0.000000   0.000000
   46.000000    0.030297    0.010820    0.000001   0.000001   0.000000   0.000000
   47.000000    0.030297    0.010820    0.000001   0.000001   0.000000   0.000000
   48.000000    0.030297    0.010820    0.000001   0.000001   0.000000   0.000000
   49.000000    0.030297    0.010820    0.000001   0.000001   0.000000   0.000000
   50.000000    0.030297    0.010820    0.000001   0.000001   0.000000   0.000000
   51.000000    0.030297    0.010820    0.000001   0.000001   0.000000   0.000000
   52.000000    0.030297    0.010820    0.000001   0.000001   0.000000   0.000000
   53.000000    0.030297    0.010820    0.000001   0.000001   0.000000   0.000000
   54.000000    0.030297    0.010820    0.000001   0.000001   0.000000   0.000000
   55.000000    0.030297    0.010820    0.000001   0.000001   0.000000   0.000000
   56.000000    0.030297    0.010820    0.000001   0.000001   0.000000   0.000000
   57.000000    0.030297    0.010820    0.000001   0.000001   0.000000   0.000000
   58.000000    0.030297    0.010820    0.000001   0.000001   0.000000   0.000000
   59.000000    0.030297    0.010820    0.000001   0.000001   0.000000   0.000000
   60.000000    0.030297    0.010820    0.000001   0.000001   0.000000   0.000000
   61.000000    0.030297    0.010820    0.000001   0.000001   0.000000   0.000000
   62.000000    0.030297    0.010820    0.000001   0.000001   0.000000   0.000000
   63.000000    0.030297    0.010820    0.000001   0.000001   0.000000   0.000000
   64.000000    0.030297    0.010820    0.000001   0.000001   0.000000   0.000000
   65.000000    0.030297    0.010820    0.000001   0.000001   0.000000   0.000000
   66.000000    0.030297    0.010820    0.000001   0.000001   0.000000   0.000000
   67.000000    0.030297    0.010820    0.000001   0.000001   0.000000   0.000000
   68.000000    0.030297    0.010820    0.000001   0.000001   0.000000   0.000000
   69.000000    0.030297    0.010820    0.000001   0.000001   0.000000   0.000000
   70.000000    0.030297    0.010820    0.000001   0.000001   0.000000   0.000000
Finished simulation at a C/O ratio of 1.4
  distance(mm)   X_CH4        X_O2        X_H2       X_CO       X_H2O       X_CO2
    0.000000    0.039296    0.008931    0.000000   0.000000   0.000000   0.000000
    1.000000    0.039296    0.008931    0.000000   0.000000   0.000000   0.000000
    2.000000    0.039296    0.008931    0.000000   0.000000   0.000000   0.000000
    3.000000    0.039296    0.008931    0.000000   0.000000   0.000000   0.000000
    4.000000    0.039296    0.008931    0.000000   0.000000   0.000000   0.000000
    5.000000    0.039296    0.008931    0.000000   0.000000   0.000000   0.000000
    6.000000    0.039296    0.008931    0.000000   0.000000   0.000000   0.000000
    7.000000    0.039296    0.008931    0.000000   0.000000   0.000000   0.000000
    8.000000    0.039296    0.008931    0.000000   0.000000   0.000000   0.000000
    9.000000    0.039296    0.008931    0.000000   0.000000   0.000000   0.000000
   10.000000    0.039296    0.008931    0.000000   0.000000   0.000000   0.000000
   11.000000    0.039296    0.008931    0.000000   0.000000   0.000000   0.000000
   12.000000    0.039296    0.008931    0.000000   0.000000   0.000000   0.000000
   13.000000    0.039296    0.008931    0.000001   0.000000   0.000000   0.000000
   14.000000    0.039296    0.008931    0.000001   0.000000   0.000000   0.000000
   15.000000    0.039296    0.008931    0.000001   0.000000   0.000000   0.000000
   16.000000    0.039296    0.008931    0.000001   0.000000   0.000000   0.000000
   17.000000    0.039295    0.008931    0.000001   0.000000   0.000000   0.000000
   18.000000    0.039295    0.008931    0.000001   0.000001   0.000000   0.000000
   19.000000    0.039295    0.008931    0.000001   0.000001   0.000000   0.000000
   20.000000    0.039295    0.008930    0.000002   0.000001   0.000000   0.000000
   21.000000    0.039295    0.008930    0.000002   0.000001   0.000000   0.000000
   22.000000    0.039295    0.008930    0.000002   0.000001   0.000000   0.000000
   23.000000    0.039295    0.008930    0.000002   0.000001   0.000000   0.000000
   24.000000    0.039295    0.008930    0.000002   0.000001   0.000000   0.000000
   25.000000    0.039295    0.008930    0.000002   0.000001   0.000000   0.000000
   26.000000    0.039295    0.008930    0.000002   0.000001   0.000000   0.000000
   27.000000    0.039295    0.008930    0.000002   0.000001   0.000000   0.000000
   28.000000    0.039295    0.008930    0.000002   0.000001   0.000000   0.000000
   29.000000    0.039295    0.008930    0.000002   0.000001   0.000000   0.000000
   30.000000    0.039295    0.008930    0.000002   0.000001   0.000000   0.000000
   31.000000    0.039295    0.008930    0.000002   0.000001   0.000000   0.000000
   32.000000    0.039295    0.008930    0.000002   0.000001   0.000000   0.000000
   33.000000    0.039295    0.008930    0.000002   0.000001   0.000000   0.000000
   34.000000    0.039295    0.008930    0.000002   0.000001   0.000000   0.000000
   35.000000    0.039295    0.008930    0.000002   0.000001   0.000000   0.000000
   36.000000    0.039295    0.008930    0.000002   0.000001   0.000000   0.000000
   37.000000    0.039295    0.008930    0.000002   0.000001   0.000000   0.000000
   38.000000    0.039295    0.008930    0.000002   0.000001   0.000000   0.000000
   39.000000    0.039295    0.008930    0.000002   0.000001   0.000000   0.000000
   40.000000    0.039295    0.008930    0.000002   0.000001   0.000000   0.000000
   41.000000    0.039295    0.008930    0.000002   0.000001   0.000000   0.000000
   42.000000    0.039295    0.008930    0.000002   0.000001   0.000000   0.000000
   43.000000    0.039295    0.008930    0.000002   0.000001   0.000000   0.000000
   44.000000    0.039295    0.008930    0.000002   0.000001   0.000000   0.000000
   45.000000    0.039295    0.008930    0.000002   0.000001   0.000000   0.000000
   46.000000    0.039295    0.008930    0.000002   0.000001   0.000000   0.000000
   47.000000    0.039295    0.008930    0.000002   0.000001   0.000000   0.000000
   48.000000    0.039295    0.008930    0.000002   0.000001   0.000000   0.000000
   49.000000    0.039295    0.008930    0.000002   0.000001   0.000000   0.000000
   50.000000    0.039295    0.008930    0.000002   0.000001   0.000000   0.000000
   51.000000    0.039295    0.008930    0.000002   0.000001   0.000000   0.000000
   52.000000    0.039295    0.008930    0.000002   0.000001   0.000000   0.000000
   53.000000    0.039295    0.008930    0.000002   0.000001   0.000000   0.000000
   54.000000    0.039295    0.008930    0.000002   0.000001   0.000000   0.000000
   55.000000    0.039295    0.008930    0.000002   0.000001   0.000000   0.000000
   56.000000    0.039295    0.008930    0.000002   0.000001   0.000000   0.000000
   57.000000    0.039295    0.008930    0.000002   0.000001   0.000000   0.000000
   58.000000    0.039295    0.008930    0.000002   0.000001   0.000000   0.000000
   59.000000    0.039295    0.008930    0.000002   0.000001   0.000000   0.000000
   60.000000    0.039295    0.008930    0.000002   0.000001   0.000000   0.000000
   61.000000    0.039295    0.008930    0.000002   0.000001   0.000000   0.000000
   62.000000    0.039295    0.008930    0.000002   0.000001   0.000000   0.000000
   63.000000    0.039295    0.008930    0.000002   0.000001   0.000000   0.000000
   64.000000    0.039295    0.008930    0.000002   0.000001   0.000000   0.000000
   65.000000    0.039295    0.008930    0.000002   0.000001   0.000000   0.000000
   66.000000    0.039295    0.008930    0.000002   0.000001   0.000000   0.000000
   67.000000    0.039295    0.008930    0.000002   0.000001   0.000000   0.000000
   68.000000    0.039295    0.008930    0.000002   0.000001   0.000000   0.000000
   69.000000    0.039295    0.008930    0.000002   0.000001   0.000000   0.000000
   70.000000    0.039295    0.008930    0.000002   0.000001   0.000000   0.000000
Finished simulation at a C/O ratio of 2.2
  distance(mm)   X_CH4        X_O2        X_H2       X_CO       X_H2O       X_CO2
    0.000000    0.020579    0.012862    0.000000   0.000000   0.000000   0.000000
    1.000000    0.020579    0.012862    0.000000   0.000000   0.000000   0.000000
    2.000000    0.020579    0.012862    0.000000   0.000000   0.000000   0.000000
    3.000000    0.020579    0.012862    0.000000   0.000000   0.000000   0.000000
    4.000000    0.020579    0.012862    0.000000   0.000000   0.000000   0.000000
    5.000000    0.020579    0.012862    0.000000   0.000000   0.000000   0.000000
    6.000000    0.020579    0.012862    0.000000   0.000000   0.000000   0.000000
    7.000000    0.020579    0.012862    0.000000   0.000000   0.000000   0.000000
    8.000000    0.020579    0.012862    0.000000   0.000000   0.000000   0.000000
    9.000000    0.020579    0.012862    0.000000   0.000000   0.000000   0.000000
   10.000000    0.020579    0.012862    0.000000   0.000000   0.000000   0.000000
   11.000000    0.020579    0.012862    0.000000   0.000000   0.000000   0.000000
   12.000000    0.020578    0.012862    0.000000   0.000000   0.000000   0.000000
   13.000000    0.020578    0.012862    0.000000   0.000000   0.000000   0.000000
   14.000000    0.020578    0.012861    0.000000   0.000000   0.000000   0.000000
   15.000000    0.020578    0.012861    0.000001   0.000000   0.000000   0.000000
   16.000000    0.020578    0.012861    0.000001   0.000000   0.000000   0.000000
   17.000000    0.020578    0.012861    0.000001   0.000000   0.000000   0.000000
   18.000000    0.020578    0.012861    0.000001   0.000000   0.000000   0.000000
   19.000000    0.020578    0.012861    0.000001   0.000000   0.000000   0.000000
   20.000000    0.020578    0.012861    0.000001   0.000000   0.000000   0.000000
   21.000000    0.020578    0.012861    0.000001   0.000000   0.000000   0.000000
   22.000000    0.020578    0.012861    0.000001   0.000000   0.000000   0.000000
   23.000000    0.020578    0.012861    0.000001   0.000000   0.000000   0.000000
   24.000000    0.020578    0.012861    0.000001   0.000000   0.000000   0.000000
   25.000000    0.020578    0.012861    0.000001   0.000000   0.000000   0.000000
   26.000000    0.020578    0.012861    0.000001   0.000000   0.000000   0.000000
   27.000000    0.020578    0.012861    0.000001   0.000000   0.000000   0.000000
   28.000000    0.020578    0.012861    0.000001   0.000000   0.000000   0.000000
   29.000000    0.020578    0.012861    0.000001   0.000000   0.000000   0.000000
   30.000000    0.020578    0.012861    0.000001   0.000000   0.000000   0.000000
   31.000000    0.020578    0.012861    0.000001   0.000000   0.000000   0.000000
   32.000000    0.020578    0.012861    0.000001   0.000000   0.000000   0.000000
   33.000000    0.020578    0.012861    0.000001   0.000000   0.000000   0.000000
   34.000000    0.020578    0.012861    0.000001   0.000000   0.000000   0.000000
   35.000000    0.020578    0.012861    0.000001   0.000000   0.000000   0.000000
   36.000000    0.020578    0.012861    0.000001   0.000000   0.000000   0.000000
   37.000000    0.020578    0.012861    0.000001   0.000000   0.000000   0.000000
   38.000000    0.020578    0.012861    0.000001   0.000000   0.000000   0.000000
   39.000000    0.020578    0.012861    0.000001   0.000000   0.000000   0.000000
   40.000000    0.020578    0.012861    0.000001   0.000000   0.000000   0.000000
   41.000000    0.020578    0.012861    0.000001   0.000000   0.000000   0.000000
   42.000000    0.020578    0.012861    0.000001   0.000000   0.000000   0.000000
   43.000000    0.020578    0.012861    0.000001   0.000000   0.000000   0.000000
   44.000000    0.020578    0.012861    0.000001   0.000000   0.000000   0.000000
   45.000000    0.020578    0.012861    0.000001   0.000000   0.000000   0.000000
   46.000000    0.020578    0.012861    0.000001   0.000000   0.000000   0.000000
   47.000000    0.020578    0.012861    0.000001   0.000000   0.000000   0.000000
   48.000000    0.020578    0.012861    0.000001   0.000000   0.000000   0.000000
   49.000000    0.020578    0.012861    0.000001   0.000000   0.000000   0.000000
   50.000000    0.020578    0.012861    0.000001   0.000000   0.000000   0.000000
   51.000000    0.020578    0.012861    0.000001   0.000000   0.000000   0.000000
   52.000000    0.020578    0.012861    0.000001   0.000000   0.000000   0.000000
   53.000000    0.020578    0.012861    0.000001   0.000000   0.000000   0.000000
   54.000000    0.020578    0.012861    0.000001   0.000000   0.000000   0.000000
   55.000000    0.020578    0.012861    0.000001   0.000000   0.000000   0.000000
   56.000000    0.020578    0.012861    0.000001   0.000000   0.000000   0.000000
   57.000000    0.020578    0.012861    0.000001   0.000000   0.000000   0.000000
   58.000000    0.020578    0.012861    0.000001   0.000000   0.000000   0.000000
   59.000000    0.020578    0.012861    0.000001   0.000000   0.000000   0.000000
   60.000000    0.020578    0.012861    0.000001   0.000000   0.000000   0.000000
   61.000000    0.020578    0.012861    0.000001   0.000000   0.000000   0.000000
   62.000000    0.020578    0.012861    0.000001   0.000000   0.000000   0.000000
   63.000000    0.020578    0.012861    0.000001   0.000000   0.000000   0.000000
   64.000000    0.020578    0.012861    0.000001   0.000000   0.000000   0.000000
   65.000000    0.020578    0.012861    0.000001   0.000000   0.000000   0.000000
   66.000000    0.020578    0.012861    0.000001   0.000000   0.000000   0.000000
   67.000000    0.020578    0.012861    0.000001   0.000000   0.000000   0.000000
   68.000000    0.020578    0.012861    0.000001   0.000000   0.000000   0.000000
   69.000000    0.020578    0.012861    0.000001   0.000000   0.000000   0.000000
   70.000000    0.020578    0.012861    0.000001   0.000000   0.000000   0.000000
Finished simulation at a C/O ratio of 0.8
  distance(mm)   X_CH4        X_O2        X_H2       X_CO       X_H2O       X_CO2
    0.000000    0.028898    0.011115    0.000000   0.000000   0.000000   0.000000
    1.000000    0.028898    0.011115    0.000000   0.000000   0.000000   0.000000
    2.000000    0.028898    0.011115    0.000000   0.000000   0.000000   0.000000
    3.000000    0.028898    0.011115    0.000000   0.000000   0.000000   0.000000
    4.000000    0.028898    0.011115    0.000000   0.000000   0.000000   0.000000
    5.000000    0.028898    0.011115    0.000000   0.000000   0.000000   0.000000
    6.000000    0.028898    0.011115    0.000000   0.000000   0.000000   0.000000
    7.000000    0.028898    0.011115    0.000000   0.000000   0.000000   0.000000
    8.000000    0.028898    0.011115    0.000000   0.000000   0.000000   0.000000
    9.000000    0.028898    0.011115    0.000000   0.000000   0.000000   0.000000
   10.000000    0.028898    0.011115    0.000000   0.000000   0.000000   0.000000
   11.000000    0.028898    0.011115    0.000000   0.000000   0.000000   0.000000
   12.000000    0.028898    0.011114    0.000000   0.000000   0.000000   0.000000
   13.000000    0.028898    0.011114    0.000000   0.000000   0.000000   0.000000
   14.000000    0.028898    0.011114    0.000001   0.000000   0.000000   0.000000
   15.000000    0.028897    0.011114    0.000001   0.000000   0.000000   0.000000
   16.000000    0.028897    0.011114    0.000001   0.000000   0.000000   0.000000
   17.000000    0.028897    0.011114    0.000001   0.000000   0.000000   0.000000
   18.000000    0.028897    0.011114    0.000001   0.000000   0.000000   0.000000
   19.000000    0.028897    0.011114    0.000001   0.000000   0.000000   0.000000
   20.000000    0.028897    0.011114    0.000001   0.000001   0.000000   0.000000
   21.000000    0.028897    0.011114    0.000001   0.000001   0.000000   0.000000
   22.000000    0.028897    0.011114    0.000001   0.000001   0.000000   0.000000
   23.000000    0.028897    0.011114    0.000001   0.000001   0.000000   0.000000
   24.000000    0.028897    0.011114    0.000001   0.000001   0.000000   0.000000
   25.000000    0.028897    0.011114    0.000001   0.000001   0.000000   0.000000
   26.000000    0.028897    0.011114    0.000001   0.000001   0.000000   0.000000
   27.000000    0.028897    0.011114    0.000001   0.000001   0.000000   0.000000
   28.000000    0.028897    0.011114    0.000001   0.000001   0.000000   0.000000
   29.000000    0.028897    0.011114    0.000001   0.000001   0.000000   0.000000
   30.000000    0.028897    0.011114    0.000001   0.000001   0.000000   0.000000
   31.000000    0.028897    0.011114    0.000001   0.000001   0.000000   0.000000
   32.000000    0.028897    0.011114    0.000001   0.000001   0.000000   0.000000
   33.000000    0.028897    0.011114    0.000001   0.000001   0.000000   0.000000
   34.000000    0.028897    0.011114    0.000001   0.000001   0.000000   0.000000
   35.000000    0.028897    0.011114    0.000001   0.000001   0.000000   0.000000
   36.000000    0.028897    0.011114    0.000001   0.000001   0.000000   0.000000
   37.000000    0.028897    0.011114    0.000001   0.000001   0.000000   0.000000
   38.000000    0.028897    0.011114    0.000001   0.000001   0.000000   0.000000
   39.000000    0.028897    0.011114    0.000001   0.000001   0.000000   0.000000
   40.000000    0.028897    0.011114    0.000001   0.000001   0.000000   0.000000
   41.000000    0.028897    0.011114    0.000001   0.000001   0.000000   0.000000
   42.000000    0.028897    0.011114    0.000001   0.000001   0.000000   0.000000
   43.000000    0.028897    0.011114    0.000001   0.000001   0.000000   0.000000
   44.000000    0.028897    0.011114    0.000001   0.000001   0.000000   0.000000
   45.000000    0.028897    0.011114    0.000001   0.000001   0.000000   0.000000
   46.000000    0.028897    0.011114    0.000001   0.000001   0.000000   0.000000
   47.000000    0.028897    0.011114    0.000001   0.000001   0.000000   0.000000
   48.000000    0.028897    0.011114    0.000001   0.000001   0.000000   0.000000
   49.000000    0.028897    0.011114    0.000001   0.000001   0.000000   0.000000
   50.000000    0.028897    0.011114    0.000001   0.000001   0.000000   0.000000
   51.000000    0.028897    0.011114    0.000001   0.000001   0.000000   0.000000
   52.000000    0.028897    0.011114    0.000001   0.000001   0.000000   0.000000
   53.000000    0.028897    0.011114    0.000001   0.000001   0.000000   0.000000
   54.000000    0.028897    0.011114    0.000001   0.000001   0.000000   0.000000
   55.000000    0.028897    0.011114    0.000001   0.000001   0.000000   0.000000
   56.000000    0.028897    0.011114    0.000001   0.000001   0.000000   0.000000
   57.000000    0.028897    0.011114    0.000001   0.000001   0.000000   0.000000
   58.000000    0.028897    0.011114    0.000001   0.000001   0.000000   0.000000
   59.000000    0.028897    0.011114    0.000001   0.000001   0.000000   0.000000
   60.000000    0.028897    0.011114    0.000001   0.000001   0.000000   0.000000
   61.000000    0.028897    0.011114    0.000001   0.000001   0.000000   0.000000
   62.000000    0.028897    0.011114    0.000001   0.000001   0.000000   0.000000
   63.000000    0.028897    0.011114    0.000001   0.000001   0.000000   0.000000
   64.000000    0.028897    0.011114    0.000001   0.000001   0.000000   0.000000
   65.000000    0.028897    0.011114    0.000001   0.000001   0.000000   0.000000
   66.000000    0.028897    0.011114    0.000001   0.000001   0.000000   0.000000
   67.000000    0.028897    0.011114    0.000001   0.000001   0.000000   0.000000
   68.000000    0.028897    0.011114    0.000001   0.000001   0.000000   0.000000
   69.000000    0.028897    0.011114    0.000001   0.000001   0.000000   0.000000
   70.000000    0.028897    0.011114    0.000001   0.000001   0.000000   0.000000
Finished simulation at a C/O ratio of 1.3
  distance(mm)   X_CH4        X_O2        X_H2       X_CO       X_H2O       X_CO2
    0.000000    0.027420    0.011425    0.000000   0.000000   0.000000   0.000000
    1.000000    0.027420    0.011425    0.000000   0.000000   0.000000   0.000000
    2.000000    0.027420    0.011425    0.000000   0.000000   0.000000   0.000000
    3.000000    0.027420    0.011425    0.000000   0.000000   0.000000   0.000000
    4.000000    0.027420    0.011425    0.000000   0.000000   0.000000   0.000000
    5.000000    0.027420    0.011425    0.000000   0.000000   0.000000   0.000000
    6.000000    0.027420    0.011425    0.000000   0.000000   0.000000   0.000000
    7.000000    0.027420    0.011425    0.000000   0.000000   0.000000   0.000000
    8.000000    0.027420    0.011425    0.000000   0.000000   0.000000   0.000000
    9.000000    0.027420    0.011425    0.000000   0.000000   0.000000   0.000000
   10.000000    0.027420    0.011425    0.000000   0.000000   0.000000   0.000000
   11.000000    0.027420    0.011425    0.000000   0.000000   0.000000   0.000000
   12.000000    0.027420    0.011425    0.000000   0.000000   0.000000   0.000000
   13.000000    0.027420    0.011425    0.000000   0.000000   0.000000   0.000000
   14.000000    0.027420    0.011425    0.000001   0.000000   0.000000   0.000000
   15.000000    0.027420    0.011425    0.000001   0.000000   0.000000   0.000000
   16.000000    0.027419    0.011425    0.000001   0.000000   0.000000   0.000000
   17.000000    0.027419    0.011425    0.000001   0.000000   0.000000   0.000000
   18.000000    0.027419    0.011425    0.000001   0.000000   0.000000   0.000000
   19.000000    0.027419    0.011425    0.000001   0.000000   0.000000   0.000000
   20.000000    0.027419    0.011425    0.000001   0.000001   0.000000   0.000000
   21.000000    0.027419    0.011425    0.000001   0.000001   0.000000   0.000000
   22.000000    0.027419    0.011425    0.000001   0.000001   0.000000   0.000000
   23.000000    0.027419    0.011425    0.000001   0.000001   0.000000   0.000000
   24.000000    0.027419    0.011425    0.000001   0.000001   0.000000   0.000000
   25.000000    0.027419    0.011425    0.000001   0.000001   0.000000   0.000000
   26.000000    0.027419    0.011425    0.000001   0.000001   0.000000   0.000000
   27.000000    0.027419    0.011425    0.000001   0.000001   0.000000   0.000000
   28.000000    0.027419    0.011425    0.000001   0.000001   0.000000   0.000000
   29.000000    0.027419    0.011425    0.000001   0.000001   0.000000   0.000000
   30.000000    0.027419    0.011425    0.000001   0.000001   0.000000   0.000000
   31.000000    0.027419    0.011425    0.000001   0.000001   0.000000   0.000000
   32.000000    0.027419    0.011425    0.000001   0.000001   0.000000   0.000000
   33.000000    0.027419    0.011425    0.000001   0.000001   0.000000   0.000000
   34.000000    0.027419    0.011425    0.000001   0.000001   0.000000   0.000000
   35.000000    0.027419    0.011425    0.000001   0.000001   0.000000   0.000000
   36.000000    0.027419    0.011425    0.000001   0.000001   0.000000   0.000000
   37.000000    0.027419    0.011425    0.000001   0.000001   0.000000   0.000000
   38.000000    0.027419    0.011425    0.000001   0.000001   0.000000   0.000000
   39.000000    0.027419    0.011425    0.000001   0.000001   0.000000   0.000000
   40.000000    0.027419    0.011425    0.000001   0.000001   0.000000   0.000000
   41.000000    0.027419    0.011425    0.000001   0.000001   0.000000   0.000000
   42.000000    0.027419    0.011425    0.000001   0.000001   0.000000   0.000000
   43.000000    0.027419    0.011425    0.000001   0.000001   0.000000   0.000000
   44.000000    0.027419    0.011425    0.000001   0.000001   0.000000   0.000000
   45.000000    0.027419    0.011425    0.000001   0.000001   0.000000   0.000000
   46.000000    0.027419    0.011425    0.000001   0.000001   0.000000   0.000000
   47.000000    0.027419    0.011425    0.000001   0.000001   0.000000   0.000000
   48.000000    0.027419    0.011425    0.000001   0.000001   0.000000   0.000000
   49.000000    0.027419    0.011425    0.000001   0.000001   0.000000   0.000000
   50.000000    0.027419    0.011425    0.000001   0.000001   0.000000   0.000000
   51.000000    0.027419    0.011425    0.000001   0.000001   0.000000   0.000000
   52.000000    0.027419    0.011425    0.000001   0.000001   0.000000   0.000000
   53.000000    0.027419    0.011425    0.000001   0.000001   0.000000   0.000000
   54.000000    0.027419    0.011425    0.000001   0.000001   0.000000   0.000000
   55.000000    0.027419    0.011425    0.000001   0.000001   0.000000   0.000000
   56.000000    0.027419    0.011425    0.000001   0.000001   0.000000   0.000000
   57.000000    0.027419    0.011425    0.000001   0.000001   0.000000   0.000000
   58.000000    0.027419    0.011425    0.000001   0.000001   0.000000   0.000000
   59.000000    0.027419    0.011425    0.000001   0.000001   0.000000   0.000000
   60.000000    0.027419    0.011425    0.000001   0.000001   0.000000   0.000000
   61.000000    0.027419    0.011425    0.000001   0.000001   0.000000   0.000000
   62.000000    0.027419    0.011425    0.000001   0.000001   0.000000   0.000000
   63.000000    0.027419    0.011425    0.000001   0.000001   0.000000   0.000000
   64.000000    0.027419    0.011425    0.000001   0.000001   0.000000   0.000000
   65.000000    0.027419    0.011425    0.000001   0.000001   0.000000   0.000000
   66.000000    0.027419    0.011425    0.000001   0.000001   0.000000   0.000000
   67.000000    0.027419    0.011425    0.000001   0.000001   0.000000   0.000000
   68.000000    0.027419    0.011425    0.000001   0.000001   0.000000   0.000000
   69.000000    0.027419    0.011425    0.000001   0.000001   0.000000   0.000000
   70.000000    0.027419    0.011425    0.000001   0.000001   0.000000   0.000000
Finished simulation at a C/O ratio of 1.2
  distance(mm)   X_CH4        X_O2        X_H2       X_CO       X_H2O       X_CO2
    0.000000    0.018591    0.013279    0.000000   0.000000   0.000000   0.000000
    1.000000    0.018591    0.013279    0.000000   0.000000   0.000000   0.000000
    2.000000    0.018591    0.013279    0.000000   0.000000   0.000000   0.000000
    3.000000    0.018591    0.013279    0.000000   0.000000   0.000000   0.000000
    4.000000    0.018591    0.013279    0.000000   0.000000   0.000000   0.000000
    5.000000    0.018591    0.013279    0.000000   0.000000   0.000000   0.000000
    6.000000    0.018591    0.013279    0.000000   0.000000   0.000000   0.000000
    7.000000    0.018591    0.013279    0.000000   0.000000   0.000000   0.000000
    8.000000    0.018591    0.013279    0.000000   0.000000   0.000000   0.000000
    9.000000    0.018591    0.013279    0.000000   0.000000   0.000000   0.000000
   10.000000    0.018591    0.013279    0.000000   0.000000   0.000000   0.000000
   11.000000    0.018591    0.013279    0.000000   0.000000   0.000000   0.000000
   12.000000    0.018591    0.013279    0.000000   0.000000   0.000000   0.000000
   13.000000    0.018591    0.013279    0.000000   0.000000   0.000000   0.000000
   14.000000    0.018590    0.013279    0.000000   0.000000   0.000000   0.000000
   15.000000    0.018590    0.013279    0.000001   0.000000   0.000000   0.000000
   16.000000    0.018590    0.013279    0.000001   0.000000   0.000000   0.000000
   17.000000    0.018590    0.013279    0.000001   0.000000   0.000000   0.000000
   18.000000    0.018590    0.013279    0.000001   0.000000   0.000000   0.000000
   19.000000    0.018590    0.013279    0.000001   0.000000   0.000000   0.000000
   20.000000    0.018590    0.013279    0.000001   0.000000   0.000000   0.000000
   21.000000    0.018590    0.013279    0.000001   0.000000   0.000000   0.000000
   22.000000    0.018590    0.013279    0.000001   0.000000   0.000000   0.000000
   23.000000    0.018590    0.013279    0.000001   0.000000   0.000000   0.000000
   24.000000    0.018590    0.013279    0.000001   0.000000   0.000000   0.000000
   25.000000    0.018590    0.013279    0.000001   0.000000   0.000000   0.000000
   26.000000    0.018590    0.013279    0.000001   0.000000   0.000000   0.000000
   27.000000    0.018590    0.013279    0.000001   0.000000   0.000000   0.000000
   28.000000    0.018590    0.013279    0.000001   0.000000   0.000000   0.000000
   29.000000    0.018590    0.013279    0.000001   0.000000   0.000000   0.000000
   30.000000    0.018590    0.013279    0.000001   0.000000   0.000000   0.000000
   31.000000    0.018590    0.013279    0.000001   0.000000   0.000000   0.000000
   32.000000    0.018590    0.013279    0.000001   0.000000   0.000000   0.000000
   33.000000    0.018590    0.013279    0.000001   0.000000   0.000000   0.000000
   34.000000    0.018590    0.013279    0.000001   0.000000   0.000000   0.000000
   35.000000    0.018590    0.013279    0.000001   0.000000   0.000000   0.000000
   36.000000    0.018590    0.013279    0.000001   0.000000   0.000000   0.000000
   37.000000    0.018590    0.013279    0.000001   0.000000   0.000000   0.000000
   38.000000    0.018590    0.013279    0.000001   0.000000   0.000000   0.000000
   39.000000    0.018590    0.013279    0.000001   0.000000   0.000000   0.000000
   40.000000    0.018590    0.013279    0.000001   0.000000   0.000000   0.000000
   41.000000    0.018590    0.013279    0.000001   0.000000   0.000000   0.000000
   42.000000    0.018590    0.013279    0.000001   0.000000   0.000000   0.000000
   43.000000    0.018590    0.013279    0.000001   0.000000   0.000000   0.000000
   44.000000    0.018590    0.013279    0.000001   0.000000   0.000000   0.000000
   45.000000    0.018590    0.013279    0.000001   0.000000   0.000000   0.000000
   46.000000    0.018590    0.013279    0.000001   0.000000   0.000000   0.000000
   47.000000    0.018590    0.013279    0.000001   0.000000   0.000000   0.000000
   48.000000    0.018590    0.013279    0.000001   0.000000   0.000000   0.000000
   49.000000    0.018590    0.013279    0.000001   0.000000   0.000000   0.000000
   50.000000    0.018590    0.013279    0.000001   0.000000   0.000000   0.000000
   51.000000    0.018590    0.013279    0.000001   0.000000   0.000000   0.000000
   52.000000    0.018590    0.013279    0.000001   0.000000   0.000000   0.000000
   53.000000    0.018590    0.013279    0.000001   0.000000   0.000000   0.000000
   54.000000    0.018590    0.013279    0.000001   0.000000   0.000000   0.000000
   55.000000    0.018590    0.013279    0.000001   0.000000   0.000000   0.000000
   56.000000    0.018590    0.013279    0.000001   0.000000   0.000000   0.000000
   57.000000    0.018590    0.013279    0.000001   0.000000   0.000000   0.000000
   58.000000    0.018590    0.013279    0.000001   0.000000   0.000000   0.000000
   59.000000    0.018590    0.013279    0.000001   0.000000   0.000000   0.000000
   60.000000    0.018590    0.013279    0.000001   0.000000   0.000000   0.000000
   61.000000    0.018590    0.013279    0.000001   0.000000   0.000000   0.000000
   62.000000    0.018590    0.013279    0.000001   0.000000   0.000000   0.000000
   63.000000    0.018590    0.013279    0.000001   0.000000   0.000000   0.000000
   64.000000    0.018590    0.013279    0.000001   0.000000   0.000000   0.000000
   65.000000    0.018590    0.013279    0.000001   0.000000   0.000000   0.000000
   66.000000    0.018590    0.013279    0.000001   0.000000   0.000000   0.000000
   67.000000    0.018590    0.013279    0.000001   0.000000   0.000000   0.000000
   68.000000    0.018590    0.013279    0.000001   0.000000   0.000000   0.000000
   69.000000    0.018590    0.013279    0.000001   0.000000   0.000000   0.000000
   70.000000    0.018590    0.013279    0.000001   0.000000   0.000000   0.000000
Finished simulation at a C/O ratio of 0.7
