This mechanism contains 38 gas reactions and 41 surface reactions
Finished simulation at a C/O ratio of 1.4
Finished simulation at a C/O ratio of 1.1
Finished simulation at a C/O ratio of 0.9
Finished simulation at a C/O ratio of 0.7
Finished simulation at a C/O ratio of 1.0
Finished simulation at a C/O ratio of 2.4
Finished simulation at a C/O ratio of 0.8
Finished simulation at a C/O ratio of 1.6
Finished simulation at a C/O ratio of 0.6
Finished simulation at a C/O ratio of 2.0
Finished simulation at a C/O ratio of 1.3
Finished simulation at a C/O ratio of 2.2
Finished simulation at a C/O ratio of 1.2
Finished simulation at a C/O ratio of 2.6
Finished simulation at a C/O ratio of 1.8
Starting sensitivity simulation for a C/O ratio of 1.3
0 CH4(2) + X(1) <=> CH4X(48) -8.996 -0.001
1 O2(3) + 2 X(1) <=> 2 OX(20) -57.638 1.285
2 H2(6) + 2 X(1) <=> 2 HX(19) -28.751 -0.001
3 H(12) + X(1) <=> HX(19) -30.382 -0.001
4 HX(19) + OX(20) <=> HOX(22) + X(1) 6.788 0.001
5 H2O(5) + 2 X(1) <=> HOX(22) + HX(19) -7.854 -0.000
6 OH(17) + X(1) <=> HOX(22) -7.855 -0.001
7 CH4(2) + 2 X(1) <=> CH3X(21) + HX(19) -6.736 -0.000
8 CH4(2) + OX(20) + X(1) <=> CH3X(21) + HOX(22) -37.334 -0.001
9 C2H6(8) + 2 X(1) <=> 2 CH3X(21) -15.735 -0.004
10 CH3(10) + X(1) <=> CH3X(21) -9.495 -0.459
11 CH3OH(14) + 2 X(1) <=> CH3X(21) + HOX(22) -15.732 -0.002
12 CH2X(27) + HX(19) <=> CH3X(21) + X(1) -9.007 -1.070
13 CH2X(27) + HOX(22) <=> CH3X(21) + OX(20) -24.852 -0.002
14 CHX(28) + HX(19) <=> CH2X(27) + X(1) -7.854 -0.000
15 CHX(28) + HOX(22) <=> CH2X(27) + OX(20) -30.381 -0.001
16 2 CH2X(27) <=> CH3X(21) + CHX(28) 15.226 -0.000
17 CHX(28) + X(1) <=> CX(26) + HX(19) 11.964 -0.002
18 CX(26) + H2(6) <=> CH2X(27) -11.352 -0.001
19 CX(26) + HOX(22) <=> CHX(28) + OX(20) -169.344 -24.212
20 CH3X(21) + CX(26) <=> CH2X(27) + CHX(28) -13.812 -0.000
21 CH2X(27) + CX(26) <=> 2 CHX(28) -11.351 0.000
22 CO(7) + X(1) <=> OCX(25) -53.733 -0.001
23 CX(26) + OX(20) <=> OCX(25) + X(1) -4.570 -0.001
24 H2(6) + X(1) <=> H2X(49) -15.731 -0.001
25 CO(7) + X(1) <=> COX(50) -18.391 -0.000
26 CH2O(9) + 2 X(1) <=> CHOX(53) + HX(19) -27.164 -0.002
27 HCO(15) + X(1) <=> CHOX(53) -7.855 -0.002
28 CH3CHO(16) + 2 X(1) <=> CH3X(21) + CHOX(53) 5.505 0.000
29 CHOX(53) + X(1) <=> HX(19) + OCX(25) -7.855 -0.001
30 HOX(22) + OCX(25) <=> CHOX(53) + OX(20) -20.468 0.000
31 CH2X(27) + CHOX(53) <=> CH3X(21) + OCX(25) -6.736 -0.000
32 CHOX(53) + CHX(28) <=> CH2X(27) + OCX(25) -80.701 0.000
33 CHOX(53) + CX(26) <=> CHX(28) + OCX(25) -7.852 0.001
34 CH4(2) + HOX(22) + X(1) <=> CH3X(21) + H2OX(23) -15.732 -0.001
35 H2O(5) + X(1) <=> H2OX(23) -15.731 -0.001
36 H2OX(23) + OX(20) <=> 2 HOX(22) -0.279 -0.766
37 HOX(22) + HX(19) <=> H2OX(23) + X(1) -16.384 -0.000
38 CO2(4) + X(1) <=> CO2X(24) -13.813 -0.001
39 OCX(25) + OX(20) <=> CO2X(24) + X(1) -24.849 -0.001
40 CO2X(24) + HX(19) <=> HOX(22) + OCX(25) -27.951 -0.000
Finished sensitivity simulation for a C/O ratio of 1.3
Finished translating for C/O ratio of 1.3
Starting sensitivity simulation for a C/O ratio of 1.1
0 CH4(2) + X(1) <=> CH4X(48) 12.663 -0.001
1 O2(3) + 2 X(1) <=> 2 OX(20) 17.389 1.279
2 H2(6) + 2 X(1) <=> 2 HX(19) 18.367 -0.000
3 H(12) + X(1) <=> HX(19) 6.541 -0.001
4 HX(19) + OX(20) <=> HOX(22) + X(1) 11.111 0.000
5 H2O(5) + 2 X(1) <=> HOX(22) + HX(19) 26.199 -0.001
6 OH(17) + X(1) <=> HOX(22) 1.476 -0.002
7 CH4(2) + 2 X(1) <=> CH3X(21) + HX(19) 19.354 -0.001
8 CH4(2) + OX(20) + X(1) <=> CH3X(21) + HOX(22) 5.211 -0.003
9 C2H6(8) + 2 X(1) <=> 2 CH3X(21) 6.974 -0.003
10 CH3(10) + X(1) <=> CH3X(21) 8.254 -0.461
11 CH3OH(14) + 2 X(1) <=> CH3X(21) + HOX(22) 19.354 -0.001
12 CH2X(27) + HX(19) <=> CH3X(21) + X(1) 19.473 -1.062
13 CH2X(27) + HOX(22) <=> CH3X(21) + OX(20) 23.661 -0.004
14 CHX(28) + HX(19) <=> CH2X(27) + X(1) -1.523 0.000
15 CHX(28) + HOX(22) <=> CH2X(27) + OX(20) -1.524 -0.001
16 2 CH2X(27) <=> CH3X(21) + CHX(28) 20.319 -0.000
17 CHX(28) + X(1) <=> CX(26) + HX(19) 12.279 -0.002
18 CX(26) + H2(6) <=> CH2X(27) -1.520 0.003
19 CX(26) + HOX(22) <=> CHX(28) + OX(20) 18.367 -0.000
20 CH3X(21) + CX(26) <=> CH2X(27) + CHX(28) 11.110 -0.001
21 CH2X(27) + CX(26) <=> 2 CHX(28) 23.663 -0.001
22 CO(7) + X(1) <=> OCX(25) 15.253 -0.001
23 CX(26) + OX(20) <=> OCX(25) + X(1) 11.111 -0.000
24 H2(6) + X(1) <=> H2X(49) 12.279 -0.001
25 CO(7) + X(1) <=> COX(50) 11.110 -0.001
26 CH2O(9) + 2 X(1) <=> CHOX(53) + HX(19) 28.824 -0.002
27 HCO(15) + X(1) <=> CHOX(53) 17.354 -0.001
28 CH3CHO(16) + 2 X(1) <=> CH3X(21) + CHOX(53) 19.678 -0.001
29 CHOX(53) + X(1) <=> HX(19) + OCX(25) 1.477 -0.001
30 HOX(22) + OCX(25) <=> CHOX(53) + OX(20) 13.792 -0.001
31 CH2X(27) + CHOX(53) <=> CH3X(21) + OCX(25) 13.792 -0.001
32 CHOX(53) + CHX(28) <=> CH2X(27) + OCX(25) 30.555 -0.000
33 CHOX(53) + CX(26) <=> CHX(28) + OCX(25) 10.313 -0.002
34 CH4(2) + HOX(22) + X(1) <=> CH3X(21) + H2OX(23) -119.343 -51.347
35 H2O(5) + X(1) <=> H2OX(23) 18.366 -0.002
36 H2OX(23) + OX(20) <=> 2 HOX(22) 9.629 -0.764
37 HOX(22) + HX(19) <=> H2OX(23) + X(1) 20.318 -0.001
38 CO2(4) + X(1) <=> CO2X(24) 15.253 -0.001
39 OCX(25) + OX(20) <=> CO2X(24) + X(1) 18.366 -0.002
40 CO2X(24) + HX(19) <=> HOX(22) + OCX(25) 20.318 -0.001
Finished sensitivity simulation for a C/O ratio of 1.1
Finished translating for C/O ratio of 1.1
Starting sensitivity simulation for a C/O ratio of 1.0
0 CH4(2) + X(1) <=> CH4X(48) -26.794 0.008
1 O2(3) + 2 X(1) <=> 2 OX(20) 6.596 1.280
2 H2(6) + 2 X(1) <=> 2 HX(19) 21.156 0.002
3 H(12) + X(1) <=> HX(19) 27.648 0.001
4 HX(19) + OX(20) <=> HOX(22) + X(1) 19.609 0.001
5 H2O(5) + 2 X(1) <=> HOX(22) + HX(19) 27.648 0.002
6 OH(17) + X(1) <=> HOX(22) 15.755 0.002
7 CH4(2) + 2 X(1) <=> CH3X(21) + HX(19) 30.509 0.001
8 CH4(2) + OX(20) + X(1) <=> CH3X(21) + HOX(22) 24.075 0.002
9 C2H6(8) + 2 X(1) <=> 2 CH3X(21) 25.903 -0.001
10 CH3(10) + X(1) <=> CH3X(21) 19.763 -0.459
11 CH3OH(14) + 2 X(1) <=> CH3X(21) + HOX(22) 24.075 0.002
12 CH2X(27) + HX(19) <=> CH3X(21) + X(1) 18.759 -1.056
13 CH2X(27) + HOX(22) <=> CH3X(21) + OX(20) 16.322 -0.005
14 CHX(28) + HX(19) <=> CH2X(27) + X(1) 16.328 0.002
15 CHX(28) + HOX(22) <=> CH2X(27) + OX(20) 12.143 0.000
16 2 CH2X(27) <=> CH3X(21) + CHX(28) 21.155 0.001
17 CHX(28) + X(1) <=> CX(26) + HX(19) 25.905 0.002
18 CX(26) + H2(6) <=> CH2X(27) 23.603 0.001
19 CX(26) + HOX(22) <=> CHX(28) + OX(20) 21.155 0.002
20 CH3X(21) + CX(26) <=> CH2X(27) + CHX(28) 24.076 0.002
21 CH2X(27) + CX(26) <=> 2 CHX(28) 27.220 0.001
22 CO(7) + X(1) <=> OCX(25) 3.152 0.002
23 CX(26) + OX(20) <=> OCX(25) + X(1) 18.546 0.003
24 H2(6) + X(1) <=> H2X(49) 33.873 0.003
25 CO(7) + X(1) <=> COX(50) 24.074 0.000
26 CH2O(9) + 2 X(1) <=> CHOX(53) + HX(19) 21.156 0.003
27 HCO(15) + X(1) <=> CHOX(53) 22.642 0.001
28 CH3CHO(16) + 2 X(1) <=> CH3X(21) + CHOX(53) 17.451 0.002
29 CHOX(53) + X(1) <=> HX(19) + OCX(25) 13.987 0.001
30 HOX(22) + OCX(25) <=> CHOX(53) + OX(20) -324.103 0.008
31 CH2X(27) + CHOX(53) <=> CH3X(21) + OCX(25) 30.115 0.002
32 CHOX(53) + CHX(28) <=> CH2X(27) + OCX(25) 23.604 0.002
33 CHOX(53) + CX(26) <=> CHX(28) + OCX(25) 27.221 0.002
34 CH4(2) + HOX(22) + X(1) <=> CH3X(21) + H2OX(23) 16.328 0.002
35 H2O(5) + X(1) <=> H2OX(23) 21.155 0.002
36 H2OX(23) + OX(20) <=> 2 HOX(22) 29.981 -0.759
37 HOX(22) + HX(19) <=> H2OX(23) + X(1) 24.075 0.002
38 CO2(4) + X(1) <=> CO2X(24) 9.559 0.000
39 OCX(25) + OX(20) <=> CO2X(24) + X(1) 19.610 0.003
40 CO2X(24) + HX(19) <=> HOX(22) + OCX(25) 19.610 0.002
Finished sensitivity simulation for a C/O ratio of 1.0
Finished translating for C/O ratio of 1.0
Starting sensitivity simulation for a C/O ratio of 1.6
0 CH4(2) + X(1) <=> CH4X(48) -13.792 0.001
1 O2(3) + 2 X(1) <=> 2 OX(20) -12.320 1.295
2 H2(6) + 2 X(1) <=> 2 HX(19) -17.856 0.001
3 H(12) + X(1) <=> HX(19) -2.483 0.002
4 HX(19) + OX(20) <=> HOX(22) + X(1) -19.563 0.002
5 H2O(5) + 2 X(1) <=> HOX(22) + HX(19) -18.704 0.001
6 OH(17) + X(1) <=> HOX(22) -13.791 0.002
7 CH4(2) + 2 X(1) <=> CH3X(21) + HX(19) -9.270 0.002
8 CH4(2) + OX(20) + X(1) <=> CH3X(21) + HOX(22) 2.942 0.001
9 C2H6(8) + 2 X(1) <=> 2 CH3X(21) -15.386 -0.001
10 CH3(10) + X(1) <=> CH3X(21) -6.934 -0.453
11 CH3OH(14) + 2 X(1) <=> CH3X(21) + HOX(22) -3.124 0.001
12 CH2X(27) + HX(19) <=> CH3X(21) + X(1) -6.228 -1.077
13 CH2X(27) + HOX(22) <=> CH3X(21) + OX(20) -13.794 -0.001
14 CHX(28) + HX(19) <=> CH2X(27) + X(1) -4.430 0.001
15 CHX(28) + HOX(22) <=> CH2X(27) + OX(20) -4.430 0.001
16 2 CH2X(27) <=> CH3X(21) + CHX(28) -6.451 0.000
17 CHX(28) + X(1) <=> CX(26) + HX(19) -13.792 0.001
18 CX(26) + H2(6) <=> CH2X(27) -3.123 0.002
19 CX(26) + HOX(22) <=> CHX(28) + OX(20) -0.609 0.001
20 CH3X(21) + CX(26) <=> CH2X(27) + CHX(28) -5.094 0.001
21 CH2X(27) + CX(26) <=> 2 CHX(28) -1.225 0.002
22 CO(7) + X(1) <=> OCX(25) -9.270 0.001
23 CX(26) + OX(20) <=> OCX(25) + X(1) -7.842 0.001
24 H2(6) + X(1) <=> H2X(49) -5.096 -0.000
25 CO(7) + X(1) <=> COX(50) -6.451 0.000
26 CH2O(9) + 2 X(1) <=> CHOX(53) + HX(19) -1.227 -0.000
27 HCO(15) + X(1) <=> CHOX(53) -26.922 0.001
28 CH3CHO(16) + 2 X(1) <=> CH3X(21) + CHOX(53) -4.430 0.001
29 CHOX(53) + X(1) <=> HX(19) + OCX(25) -17.856 0.001
30 HOX(22) + OCX(25) <=> CHOX(53) + OX(20) -9.271 0.000
31 CH2X(27) + CHOX(53) <=> CH3X(21) + OCX(25) -1.850 0.002
32 CHOX(53) + CHX(28) <=> CH2X(27) + OCX(25) -10.738 0.001
33 CHOX(53) + CX(26) <=> CHX(28) + OCX(25) 1.787 0.001
34 CH4(2) + HOX(22) + X(1) <=> CH3X(21) + H2OX(23) -13.791 0.002
35 H2O(5) + X(1) <=> H2OX(23) -15.385 -0.000
36 H2OX(23) + OX(20) <=> 2 HOX(22) -7.268 -0.767
37 HOX(22) + HX(19) <=> H2OX(23) + X(1) -18.703 0.002
38 CO2(4) + X(1) <=> CO2X(24) -10.000 -0.000
39 OCX(25) + OX(20) <=> CO2X(24) + X(1) -17.019 0.002
40 CO2X(24) + HX(19) <=> HOX(22) + OCX(25) -17.856 0.001
Finished sensitivity simulation for a C/O ratio of 1.6
Finished translating for C/O ratio of 1.6
Starting sensitivity simulation for a C/O ratio of 2.6
0 CH4(2) + X(1) <=> CH4X(48) -0.766 -0.000
1 O2(3) + 2 X(1) <=> 2 OX(20) -23.590 1.316
2 H2(6) + 2 X(1) <=> 2 HX(19) 5.735 -0.000
3 H(12) + X(1) <=> HX(19) -7.347 0.000
4 HX(19) + OX(20) <=> HOX(22) + X(1) -4.365 0.000
5 H2O(5) + 2 X(1) <=> HOX(22) + HX(19) -4.782 -0.001
6 OH(17) + X(1) <=> HOX(22) -4.365 -0.000
7 CH4(2) + 2 X(1) <=> CH3X(21) + HX(19) 7.719 -0.000
8 CH4(2) + OX(20) + X(1) <=> CH3X(21) + HOX(22) -4.366 -0.001
9 C2H6(8) + 2 X(1) <=> 2 CH3X(21) 7.715 -0.004
10 CH3(10) + X(1) <=> CH3X(21) -10.524 -0.438
11 CH3OH(14) + 2 X(1) <=> CH3X(21) + HOX(22) -10.043 -0.001
12 CH2X(27) + HX(19) <=> CH3X(21) + X(1) -3.470 -1.109
13 CH2X(27) + HOX(22) <=> CH3X(21) + OX(20) -0.768 -0.002
14 CHX(28) + HX(19) <=> CH2X(27) + X(1) 2.230 -0.001
15 CHX(28) + HOX(22) <=> CH2X(27) + OX(20) -0.767 -0.000
16 2 CH2X(27) <=> CH3X(21) + CHX(28) 4.014 -0.001
17 CHX(28) + X(1) <=> CX(26) + HX(19) 1.498 -0.000
18 CX(26) + H2(6) <=> CH2X(27) 2.231 0.000
19 CX(26) + HOX(22) <=> CHX(28) + OX(20) 1.498 -0.000
20 CH3X(21) + CX(26) <=> CH2X(27) + CHX(28) -0.767 -0.001
21 CH2X(27) + CX(26) <=> 2 CHX(28) -6.911 -0.000
22 CO(7) + X(1) <=> OCX(25) -0.767 -0.001
23 CX(26) + OX(20) <=> OCX(25) + X(1) -7.347 -0.001
24 H2(6) + X(1) <=> H2X(49) 3.662 -0.001
25 CO(7) + X(1) <=> COX(50) 11.448 0.000
26 CH2O(9) + 2 X(1) <=> CHOX(53) + HX(19) 4.015 0.001
27 HCO(15) + X(1) <=> CHOX(53) -7.348 -0.001
28 CH3CHO(16) + 2 X(1) <=> CH3X(21) + CHOX(53) -7.347 -0.000
29 CHOX(53) + X(1) <=> HX(19) + OCX(25) 4.015 0.000
30 HOX(22) + OCX(25) <=> CHOX(53) + OX(20) -10.043 -0.001
31 CH2X(27) + CHOX(53) <=> CH3X(21) + OCX(25) -0.382 -0.000
32 CHOX(53) + CHX(28) <=> CH2X(27) + OCX(25) -18.468 0.000
33 CHOX(53) + CX(26) <=> CHX(28) + OCX(25) 2.231 0.000
34 CH4(2) + HOX(22) + X(1) <=> CH3X(21) + H2OX(23) -2.735 -0.001
35 H2O(5) + X(1) <=> H2OX(23) -4.366 -0.001
36 H2OX(23) + OX(20) <=> 2 HOX(22) -1.162 -0.777
37 HOX(22) + HX(19) <=> H2OX(23) + X(1) 1.498 -0.000
38 CO2(4) + X(1) <=> CO2X(24) -0.381 0.000
39 OCX(25) + OX(20) <=> CO2X(24) + X(1) -13.362 -0.000
40 CO2X(24) + HX(19) <=> HOX(22) + OCX(25) -4.365 -0.000
Finished sensitivity simulation for a C/O ratio of 2.6
Finished translating for C/O ratio of 2.6
Starting sensitivity simulation for a C/O ratio of 2.4
0 CH4(2) + X(1) <=> CH4X(48) -26.707 0.001
1 O2(3) + 2 X(1) <=> 2 OX(20) -14.387 1.313
2 H2(6) + 2 X(1) <=> 2 HX(19) -6.807 -0.001
3 H(12) + X(1) <=> HX(19) -1.492 0.000
4 HX(19) + OX(20) <=> HOX(22) + X(1) -15.253 0.001
5 H2O(5) + 2 X(1) <=> HOX(22) + HX(19) 6.850 0.000
6 OH(17) + X(1) <=> HOX(22) -204.487 -0.003
7 CH4(2) + 2 X(1) <=> CH3X(21) + HX(19) -6.249 0.001
8 CH4(2) + OX(20) + X(1) <=> CH3X(21) + HOX(22) -9.088 0.003
9 C2H6(8) + 2 X(1) <=> 2 CH3X(21) -5.703 -0.003
10 CH3(10) + X(1) <=> CH3X(21) -12.582 -0.441
11 CH3OH(14) + 2 X(1) <=> CH3X(21) + HOX(22) -6.806 0.000
12 CH2X(27) + HX(19) <=> CH3X(21) + X(1) -10.886 -1.102
13 CH2X(27) + HOX(22) <=> CH3X(21) + OX(20) -6.252 -0.002
14 CHX(28) + HX(19) <=> CH2X(27) + X(1) -3.553 0.001
15 CHX(28) + HOX(22) <=> CH2X(27) + OX(20) -9.091 -0.000
16 2 CH2X(27) <=> CH3X(21) + CHX(28) 1.924 0.000
17 CHX(28) + X(1) <=> CX(26) + HX(19) -19.298 -0.000
18 CX(26) + H2(6) <=> CH2X(27) -0.990 -0.000
19 CX(26) + HOX(22) <=> CHX(28) + OX(20) -15.909 0.000
20 CH3X(21) + CX(26) <=> CH2X(27) + CHX(28) -6.250 0.000
21 CH2X(27) + CX(26) <=> 2 CHX(28) -3.554 -0.001
22 CO(7) + X(1) <=> OCX(25) -0.991 -0.001
23 CX(26) + OX(20) <=> OCX(25) + X(1) -6.250 0.000
24 H2(6) + X(1) <=> H2X(49) -3.553 0.000
25 CO(7) + X(1) <=> COX(50) -6.806 0.000
26 CH2O(9) + 2 X(1) <=> CHOX(53) + HX(19) -3.553 0.000
27 HCO(15) + X(1) <=> CHOX(53) 4.674 0.001
28 CH3CHO(16) + 2 X(1) <=> CH3X(21) + CHOX(53) -12.706 0.001
29 CHOX(53) + X(1) <=> HX(19) + OCX(25) 6.422 -0.000
30 HOX(22) + OCX(25) <=> CHOX(53) + OX(20) -13.333 0.000
31 CH2X(27) + CHOX(53) <=> CH3X(21) + OCX(25) 8.521 0.000
32 CHOX(53) + CHX(28) <=> CH2X(27) + OCX(25) -20.000 0.000
33 CHOX(53) + CX(26) <=> CHX(28) + OCX(25) -108.846 -25.922
34 CH4(2) + HOX(22) + X(1) <=> CH3X(21) + H2OX(23) -0.493 -0.001
35 H2O(5) + X(1) <=> H2OX(23) -114.924 -51.832
36 H2OX(23) + OX(20) <=> 2 HOX(22) -7.073 -0.775
37 HOX(22) + HX(19) <=> H2OX(23) + X(1) -0.990 0.000
38 CO2(4) + X(1) <=> CO2X(24) -6.249 0.000
39 OCX(25) + OX(20) <=> CO2X(24) + X(1) -3.552 0.001
40 CO2X(24) + HX(19) <=> HOX(22) + OCX(25) -12.088 -0.000
Finished sensitivity simulation for a C/O ratio of 2.4
Finished translating for C/O ratio of 2.4
Starting sensitivity simulation for a C/O ratio of 0.7
0 CH4(2) + X(1) <=> CH4X(48) 7.144 0.001
1 O2(3) + 2 X(1) <=> 2 OX(20) -13.429 1.266
2 H2(6) + 2 X(1) <=> 2 HX(19) -7.859 0.001
3 H(12) + X(1) <=> HX(19) -14.350 0.001
4 HX(19) + OX(20) <=> HOX(22) + X(1) -4.662 -0.000
5 H2O(5) + 2 X(1) <=> HOX(22) + HX(19) -1.229 0.001
6 OH(17) + X(1) <=> HOX(22) 2.757 0.001
7 CH4(2) + 2 X(1) <=> CH3X(21) + HX(19) 9.524 0.000
8 CH4(2) + OX(20) + X(1) <=> CH3X(21) + HOX(22) -4.661 -0.000
9 C2H6(8) + 2 X(1) <=> 2 CH3X(21) 3.890 -0.001
10 CH3(10) + X(1) <=> CH3X(21) 8.767 -0.467
11 CH3OH(14) + 2 X(1) <=> CH3X(21) + HOX(22) 6.084 0.000
12 CH2X(27) + HX(19) <=> CH3X(21) + X(1) -8.043 -1.045
13 CH2X(27) + HOX(22) <=> CH3X(21) + OX(20) 7.140 -0.003
14 CHX(28) + HX(19) <=> CH2X(27) + X(1) 14.533 -0.000
15 CHX(28) + HOX(22) <=> CH2X(27) + OX(20) 8.519 0.000
16 2 CH2X(27) <=> CH3X(21) + CHX(28) -12.786 -0.000
17 CHX(28) + X(1) <=> CX(26) + HX(19) 14.533 -0.000
18 CX(26) + H2(6) <=> CH2X(27) 3.892 0.001
19 CX(26) + HOX(22) <=> CHX(28) + OX(20) -10.762 0.000
20 CH3X(21) + CX(26) <=> CH2X(27) + CHX(28) 3.891 0.000
21 CH2X(27) + CX(26) <=> 2 CHX(28) -2.065 0.002
22 CO(7) + X(1) <=> OCX(25) 5.000 -0.000
23 CX(26) + OX(20) <=> OCX(25) + X(1) -18.184 -0.001
24 H2(6) + X(1) <=> H2X(49) -24.747 0.000
25 CO(7) + X(1) <=> COX(50) 5.725 -0.000
26 CH2O(9) + 2 X(1) <=> CHOX(53) + HX(19) 9.191 -0.000
27 HCO(15) + X(1) <=> CHOX(53) 5.001 0.001
28 CH3CHO(16) + 2 X(1) <=> CH3X(21) + CHOX(53) 0.000 0.000
29 CHOX(53) + X(1) <=> HX(19) + OCX(25) 0.001 0.001
30 HOX(22) + OCX(25) <=> CHOX(53) + OX(20) 1.985 0.001
31 CH2X(27) + CHOX(53) <=> CH3X(21) + OCX(25) -1.646 -0.000
32 CHOX(53) + CHX(28) <=> CH2X(27) + OCX(25) 11.470 0.001
33 CHOX(53) + CX(26) <=> CHX(28) + OCX(25) -9.291 0.001
34 CH4(2) + HOX(22) + X(1) <=> CH3X(21) + H2OX(23) -6.926 0.000
35 H2O(5) + X(1) <=> H2OX(23) 1.984 -0.000
36 H2OX(23) + OX(20) <=> 2 HOX(22) -0.351 -0.757
37 HOX(22) + HX(19) <=> H2OX(23) + X(1) -3.347 0.000
38 CO2(4) + X(1) <=> CO2X(24) -1.647 -0.001
39 OCX(25) + OX(20) <=> CO2X(24) + X(1) -19.323 0.001
40 CO2X(24) + HX(19) <=> HOX(22) + OCX(25) 0.000 0.000
Finished sensitivity simulation for a C/O ratio of 0.7
Finished translating for C/O ratio of 0.7
Starting sensitivity simulation for a C/O ratio of 2.2
0 CH4(2) + X(1) <=> CH4X(48) 6.307 0.009
1 O2(3) + 2 X(1) <=> 2 OX(20) 32.891 1.310
2 H2(6) + 2 X(1) <=> 2 HX(19) 41.659 -0.013
3 H(12) + X(1) <=> HX(19) 25.153 -0.005
4 HX(19) + OX(20) <=> HOX(22) + X(1) -7.206 0.001
5 H2O(5) + 2 X(1) <=> HOX(22) + HX(19) 25.627 0.003
6 OH(17) + X(1) <=> HOX(22) 27.441 0.003
7 CH4(2) + 2 X(1) <=> CH3X(21) + HX(19) 35.677 0.002
8 CH4(2) + OX(20) + X(1) <=> CH3X(21) + HOX(22) 25.627 0.003
9 C2H6(8) + 2 X(1) <=> 2 CH3X(21) 15.602 -0.001
10 CH3(10) + X(1) <=> CH3X(21) -45.765 -0.443
11 CH3OH(14) + 2 X(1) <=> CH3X(21) + HOX(22) 18.495 0.003
12 CH2X(27) + HX(19) <=> CH3X(21) + X(1) 26.644 -1.096
13 CH2X(27) + HOX(22) <=> CH3X(21) + OX(20) 5.556 0.001
14 CHX(28) + HX(19) <=> CH2X(27) + X(1) 55.431 0.001
15 CHX(28) + HOX(22) <=> CH2X(27) + OX(20) 27.441 0.002
16 2 CH2X(27) <=> CH3X(21) + CHX(28) -11.214 0.001
17 CHX(28) + X(1) <=> CX(26) + HX(19) -22.696 -0.013
18 CX(26) + H2(6) <=> CH2X(27) 25.623 -0.003
19 CX(26) + HOX(22) <=> CHX(28) + OX(20) 52.590 -0.000
20 CH3X(21) + CX(26) <=> CH2X(27) + CHX(28) 18.495 0.002
21 CH2X(27) + CX(26) <=> 2 CHX(28) 30.002 0.003
22 CO(7) + X(1) <=> OCX(25) 13.134 -0.005
23 CX(26) + OX(20) <=> OCX(25) + X(1) 5.558 0.003
24 H2(6) + X(1) <=> H2X(49) 25.627 0.002
25 CO(7) + X(1) <=> COX(50) 31.611 0.002
26 CH2O(9) + 2 X(1) <=> CHOX(53) + HX(19) -11.207 0.007
27 HCO(15) + X(1) <=> CHOX(53) 27.441 0.003
28 CH3CHO(16) + 2 X(1) <=> CH3X(21) + CHOX(53) 27.879 0.000
29 CHOX(53) + X(1) <=> HX(19) + OCX(25) 23.720 0.003
30 HOX(22) + OCX(25) <=> CHOX(53) + OX(20) -35.218 0.007
31 CH2X(27) + CHOX(53) <=> CH3X(21) + OCX(25) 25.627 0.003
32 CHOX(53) + CHX(28) <=> CH2X(27) + OCX(25) 23.720 0.002
33 CHOX(53) + CX(26) <=> CHX(28) + OCX(25) 27.441 0.003
34 CH4(2) + HOX(22) + X(1) <=> CH3X(21) + H2OX(23) 1.655 0.002
35 H2O(5) + X(1) <=> H2OX(23) 33.521 0.002
36 H2OX(23) + OX(20) <=> 2 HOX(22) 7.039 -0.773
37 HOX(22) + HX(19) <=> H2OX(23) + X(1) -120.369 0.001
38 CO2(4) + X(1) <=> CO2X(24) 25.626 0.001
39 OCX(25) + OX(20) <=> CO2X(24) + X(1) 21.194 0.002
40 CO2X(24) + HX(19) <=> HOX(22) + OCX(25) 12.501 0.001
Finished sensitivity simulation for a C/O ratio of 2.2
Finished translating for C/O ratio of 2.2
Starting sensitivity simulation for a C/O ratio of 0.6
0 CH4(2) + X(1) <=> CH4X(48) -15.137 0.000
1 O2(3) + 2 X(1) <=> 2 OX(20) -16.902 1.262
2 H2(6) + 2 X(1) <=> 2 HX(19) 4.563 -0.000
3 H(12) + X(1) <=> HX(19) -11.062 -0.000
4 HX(19) + OX(20) <=> HOX(22) + X(1) 3.089 -0.000
5 H2O(5) + 2 X(1) <=> HOX(22) + HX(19) -2.869 -0.000
6 OH(17) + X(1) <=> HOX(22) -21.845 -0.001
7 CH4(2) + 2 X(1) <=> CH3X(21) + HX(19) -34.225 -0.000
8 CH4(2) + OX(20) + X(1) <=> CH3X(21) + HOX(22) -14.091 0.000
9 C2H6(8) + 2 X(1) <=> 2 CH3X(21) -0.401 -0.001
10 CH3(10) + X(1) <=> CH3X(21) -2.097 -0.470
11 CH3OH(14) + 2 X(1) <=> CH3X(21) + HOX(22) -21.256 -0.000
12 CH2X(27) + HX(19) <=> CH3X(21) + X(1) -24.931 -1.040
13 CH2X(27) + HOX(22) <=> CH3X(21) + OX(20) -32.110 -0.003
14 CHX(28) + HX(19) <=> CH2X(27) + X(1) -6.356 -0.001
15 CHX(28) + HOX(22) <=> CH2X(27) + OX(20) -15.138 -0.000
16 2 CH2X(27) <=> CH3X(21) + CHX(28) -29.382 -0.000
17 CHX(28) + X(1) <=> CX(26) + HX(19) -9.131 -0.000
18 CX(26) + H2(6) <=> CH2X(27) -5.462 0.000
19 CX(26) + HOX(22) <=> CHX(28) + OX(20) 3.088 -0.000
20 CH3X(21) + CX(26) <=> CH2X(27) + CHX(28) -32.106 -0.001
21 CH2X(27) + CX(26) <=> 2 CHX(28) -4.149 -0.000
22 CO(7) + X(1) <=> OCX(25) -14.091 -0.000
23 CX(26) + OX(20) <=> OCX(25) + X(1) -19.524 0.000
24 H2(6) + X(1) <=> H2X(49) -23.040 -0.000
25 CO(7) + X(1) <=> COX(50) -2.869 -0.000
26 CH2O(9) + 2 X(1) <=> CHOX(53) + HX(19) -9.131 -0.000
27 HCO(15) + X(1) <=> CHOX(53) -12.054 -0.000
28 CH3CHO(16) + 2 X(1) <=> CH3X(21) + CHOX(53) -19.524 -0.000
29 CHOX(53) + X(1) <=> HX(19) + OCX(25) -8.659 -0.001
30 HOX(22) + OCX(25) <=> CHOX(53) + OX(20) -13.575 -0.000
31 CH2X(27) + CHOX(53) <=> CH3X(21) + OCX(25) 8.727 -0.000
32 CHOX(53) + CHX(28) <=> CH2X(27) + OCX(25) -26.768 0.000
33 CHOX(53) + CX(26) <=> CHX(28) + OCX(25) -13.575 -0.001
34 CH4(2) + HOX(22) + X(1) <=> CH3X(21) + H2OX(23) -12.054 -0.000
35 H2O(5) + X(1) <=> H2OX(23) -5.021 -0.000
36 H2OX(23) + OX(20) <=> 2 HOX(22) -0.357 -0.756
37 HOX(22) + HX(19) <=> H2OX(23) + X(1) -15.138 -0.000
38 CO2(4) + X(1) <=> CO2X(24) -18.397 -0.000
39 OCX(25) + OX(20) <=> CO2X(24) + X(1) -10.573 -0.000
40 CO2X(24) + HX(19) <=> HOX(22) + OCX(25) -11.556 -0.000
Finished sensitivity simulation for a C/O ratio of 0.6
Finished translating for C/O ratio of 0.6
Starting sensitivity simulation for a C/O ratio of 1.2
0 CH4(2) + X(1) <=> CH4X(48) 70.503 -0.001
1 O2(3) + 2 X(1) <=> 2 OX(20) 39.591 1.283
2 H2(6) + 2 X(1) <=> 2 HX(19) 69.402 -0.002
3 H(12) + X(1) <=> HX(19) 60.577 -0.001
4 HX(19) + OX(20) <=> HOX(22) + X(1) 53.408 -0.001
5 H2O(5) + 2 X(1) <=> HOX(22) + HX(19) 62.036 -0.002
6 OH(17) + X(1) <=> HOX(22) 65.254 -0.002
7 CH4(2) + 2 X(1) <=> CH3X(21) + HX(19) 62.385 -0.002
8 CH4(2) + OX(20) + X(1) <=> CH3X(21) + HOX(22) 62.037 -0.001
9 C2H6(8) + 2 X(1) <=> 2 CH3X(21) 60.951 -0.002
10 CH3(10) + X(1) <=> CH3X(21) 34.621 -0.460
11 CH3OH(14) + 2 X(1) <=> CH3X(21) + HOX(22) 56.842 -0.001
12 CH2X(27) + HX(19) <=> CH3X(21) + X(1) 69.077 -1.067
13 CH2X(27) + HOX(22) <=> CH3X(21) + OX(20) 65.253 -0.003
14 CHX(28) + HX(19) <=> CH2X(27) + X(1) 56.841 -0.002
15 CHX(28) + HOX(22) <=> CH2X(27) + OX(20) 54.944 -0.001
16 2 CH2X(27) <=> CH3X(21) + CHX(28) 66.115 -0.002
17 CHX(28) + X(1) <=> CX(26) + HX(19) 57.732 -0.001
18 CX(26) + H2(6) <=> CH2X(27) 68.461 -0.002
19 CX(26) + HOX(22) <=> CHX(28) + OX(20) 60.576 -0.002
20 CH3X(21) + CX(26) <=> CH2X(27) + CHX(28) 42.253 -0.001
21 CH2X(27) + CX(26) <=> 2 CHX(28) 67.200 -0.001
22 CO(7) + X(1) <=> OCX(25) 69.403 -0.001
23 CX(26) + OX(20) <=> OCX(25) + X(1) 34.920 -0.001
24 H2(6) + X(1) <=> H2X(49) 49.999 -0.002
25 CO(7) + X(1) <=> COX(50) 66.115 -0.001
26 CH2O(9) + 2 X(1) <=> CHOX(53) + HX(19) 70.073 -0.001
27 HCO(15) + X(1) <=> CHOX(53) 63.392 -0.001
28 CH3CHO(16) + 2 X(1) <=> CH3X(21) + CHOX(53) 66.935 -0.001
29 CHOX(53) + X(1) <=> HX(19) + OCX(25) 60.952 -0.001
30 HOX(22) + OCX(25) <=> CHOX(53) + OX(20) 70.072 -0.002
31 CH2X(27) + CHOX(53) <=> CH3X(21) + OCX(25) 56.842 -0.001
32 CHOX(53) + CHX(28) <=> CH2X(27) + OCX(25) 62.385 -0.001
33 CHOX(53) + CX(26) <=> CHX(28) + OCX(25) 60.576 -0.002
34 CH4(2) + HOX(22) + X(1) <=> CH3X(21) + H2OX(23) 62.037 -0.001
35 H2O(5) + X(1) <=> H2OX(23) 69.402 -0.002
36 H2OX(23) + OX(20) <=> 2 HOX(22) 70.699 -0.767
37 HOX(22) + HX(19) <=> H2OX(23) + X(1) 4.721 -34.786
38 CO2(4) + X(1) <=> CO2X(24) 71.724 -0.001
39 OCX(25) + OX(20) <=> CO2X(24) + X(1) 63.392 -0.002
40 CO2X(24) + HX(19) <=> HOX(22) + OCX(25) 60.952 -0.001
Finished sensitivity simulation for a C/O ratio of 1.2
Finished translating for C/O ratio of 1.2
Starting sensitivity simulation for a C/O ratio of 0.9
0 CH4(2) + X(1) <=> CH4X(48) -1.345 -0.000
1 O2(3) + 2 X(1) <=> 2 OX(20) -19.957 1.274
2 H2(6) + 2 X(1) <=> 2 HX(19) -1.345 0.000
3 H(12) + X(1) <=> HX(19) 10.672 -0.000
4 HX(19) + OX(20) <=> HOX(22) + X(1) 3.419 0.000
5 H2O(5) + 2 X(1) <=> HOX(22) + HX(19) -3.196 0.000
6 OH(17) + X(1) <=> HOX(22) -2.726 0.001
7 CH4(2) + 2 X(1) <=> CH3X(21) + HX(19) 10.672 -0.000
8 CH4(2) + OX(20) + X(1) <=> CH3X(21) + HOX(22) -10.244 -0.000
9 C2H6(8) + 2 X(1) <=> 2 CH3X(21) 19.572 -0.002
10 CH3(10) + X(1) <=> CH3X(21) 1.711 -0.464
11 CH3OH(14) + 2 X(1) <=> CH3X(21) + HOX(22) -43.039 -0.000
12 CH2X(27) + HX(19) <=> CH3X(21) + X(1) -8.753 -1.054
13 CH2X(27) + HOX(22) <=> CH3X(21) + OX(20) -19.581 -0.003
14 CHX(28) + HX(19) <=> CH2X(27) + X(1) -10.245 -0.001
15 CHX(28) + HOX(22) <=> CH2X(27) + OX(20) -10.783 0.001
16 2 CH2X(27) <=> CH3X(21) + CHX(28) -0.000 -0.000
17 CHX(28) + X(1) <=> CX(26) + HX(19) 12.062 0.000
18 CX(26) + H2(6) <=> CH2X(27) -26.256 0.001
19 CX(26) + HOX(22) <=> CHX(28) + OX(20) 2.165 0.000
20 CH3X(21) + CX(26) <=> CH2X(27) + CHX(28) 13.077 -0.000
21 CH2X(27) + CX(26) <=> 2 CHX(28) -20.214 -0.001
22 CO(7) + X(1) <=> OCX(25) -6.604 -0.000
23 CX(26) + OX(20) <=> OCX(25) + X(1) 9.961 0.000
24 H2(6) + X(1) <=> H2X(49) -7.619 0.000
25 CO(7) + X(1) <=> COX(50) -2.728 -0.000
26 CH2O(9) + 2 X(1) <=> CHOX(53) + HX(19) 0.000 0.000
27 HCO(15) + X(1) <=> CHOX(53) 10.672 -0.000
28 CH3CHO(16) + 2 X(1) <=> CH3X(21) + CHOX(53) 8.870 -0.001
29 CHOX(53) + X(1) <=> HX(19) + OCX(25) 5.439 -0.000
30 HOX(22) + OCX(25) <=> CHOX(53) + OX(20) -3.196 0.000
31 CH2X(27) + CHOX(53) <=> CH3X(21) + OCX(25) 3.419 0.000
32 CHOX(53) + CHX(28) <=> CH2X(27) + OCX(25) -20.212 0.000
33 CHOX(53) + CX(26) <=> CHX(28) + OCX(25) -18.326 -0.001
34 CH4(2) + HOX(22) + X(1) <=> CH3X(21) + H2OX(23) -59.155 0.000
35 H2O(5) + X(1) <=> H2OX(23) 3.417 -0.001
36 H2OX(23) + OX(20) <=> 2 HOX(22) -19.225 -0.761
37 HOX(22) + HX(19) <=> H2OX(23) + X(1) -33.729 -0.001
38 CO2(4) + X(1) <=> CO2X(24) -18.324 0.000
39 OCX(25) + OX(20) <=> CO2X(24) + X(1) -33.728 -0.000
40 CO2X(24) + HX(19) <=> HOX(22) + OCX(25) -14.721 -0.000
Finished sensitivity simulation for a C/O ratio of 0.9
Finished translating for C/O ratio of 0.9
Starting sensitivity simulation for a C/O ratio of 1.8
0 CH4(2) + X(1) <=> CH4X(48) 0.726 0.001
1 O2(3) + 2 X(1) <=> 2 OX(20) -3.221 1.300
2 H2(6) + 2 X(1) <=> 2 HX(19) 13.291 -0.000
3 H(12) + X(1) <=> HX(19) 10.460 0.002
4 HX(19) + OX(20) <=> HOX(22) + X(1) 7.432 0.000
5 H2O(5) + 2 X(1) <=> HOX(22) + HX(19) -7.030 0.001
6 OH(17) + X(1) <=> HOX(22) 9.271 -0.001
7 CH4(2) + 2 X(1) <=> CH3X(21) + HX(19) -0.000 -0.000
8 CH4(2) + OX(20) + X(1) <=> CH3X(21) + HOX(22) -0.001 -0.001
9 C2H6(8) + 2 X(1) <=> 2 CH3X(21) -2.243 -0.004
10 CH3(10) + X(1) <=> CH3X(21) 5.742 -0.451
11 CH3OH(14) + 2 X(1) <=> CH3X(21) + HOX(22) -12.296 -0.000
12 CH2X(27) + HX(19) <=> CH3X(21) + X(1) -13.514 -1.086
13 CH2X(27) + HOX(22) <=> CH3X(21) + OX(20) 19.882 -0.002
14 CHX(28) + HX(19) <=> CH2X(27) + X(1) 3.519 -0.002
15 CHX(28) + HOX(22) <=> CH2X(27) + OX(20) 4.861 0.000
16 2 CH2X(27) <=> CH3X(21) + CHX(28) -5.384 0.001
17 CHX(28) + X(1) <=> CX(26) + HX(19) 13.837 0.000
18 CX(26) + H2(6) <=> CH2X(27) -5.383 0.002
19 CX(26) + HOX(22) <=> CHX(28) + OX(20) 18.453 0.000
20 CH3X(21) + CX(26) <=> CH2X(27) + CHX(28) 2.141 -0.002
21 CH2X(27) + CX(26) <=> 2 CHX(28) 10.457 -0.001
22 CO(7) + X(1) <=> OCX(25) 7.432 -0.000
23 CX(26) + OX(20) <=> OCX(25) + X(1) 6.165 0.001
24 H2(6) + X(1) <=> H2X(49) 11.613 0.000
25 CO(7) + X(1) <=> COX(50) 10.455 -0.003
26 CH2O(9) + 2 X(1) <=> CHOX(53) + HX(19) 19.882 -0.001
27 HCO(15) + X(1) <=> CHOX(53) -10.484 -0.000
28 CH3CHO(16) + 2 X(1) <=> CH3X(21) + CHOX(53) 10.456 -0.002
29 CHOX(53) + X(1) <=> HX(19) + OCX(25) 7.432 -0.000
30 HOX(22) + OCX(25) <=> CHOX(53) + OX(20) 11.613 0.000
31 CH2X(27) + CHOX(53) <=> CH3X(21) + OCX(25) 8.054 0.000
32 CHOX(53) + CHX(28) <=> CH2X(27) + OCX(25) 7.432 -0.001
33 CHOX(53) + CX(26) <=> CHX(28) + OCX(25) 18.453 0.000
34 CH4(2) + HOX(22) + X(1) <=> CH3X(21) + H2OX(23) 8.054 0.000
35 H2O(5) + X(1) <=> H2OX(23) 22.158 -0.001
36 H2OX(23) + OX(20) <=> 2 HOX(22) 9.768 -0.771
37 HOX(22) + HX(19) <=> H2OX(23) + X(1) 4.196 0.000
38 CO2(4) + X(1) <=> CO2X(24) 12.179 -0.000
39 OCX(25) + OX(20) <=> CO2X(24) + X(1) -0.736 -0.001
40 CO2X(24) + HX(19) <=> HOX(22) + OCX(25) -12.297 -0.001
Finished sensitivity simulation for a C/O ratio of 1.8
Finished translating for C/O ratio of 1.8
Starting sensitivity simulation for a C/O ratio of 2.0
0 CH4(2) + X(1) <=> CH4X(48) 0.718 -0.001
1 O2(3) + 2 X(1) <=> 2 OX(20) 7.969 1.300
2 H2(6) + 2 X(1) <=> 2 HX(19) 5.479 -0.001
3 H(12) + X(1) <=> HX(19) -14.052 -0.002
4 HX(19) + OX(20) <=> HOX(22) + X(1) -62.363 -0.006
5 H2O(5) + 2 X(1) <=> HOX(22) + HX(19) 18.821 -0.003
6 OH(17) + X(1) <=> HOX(22) 1.426 -0.002
7 CH4(2) + 2 X(1) <=> CH3X(21) + HX(19) -2.987 -0.002
8 CH4(2) + OX(20) + X(1) <=> CH3X(21) + HOX(22) 9.209 -0.001
9 C2H6(8) + 2 X(1) <=> 2 CH3X(21) 4.163 -0.004
10 CH3(10) + X(1) <=> CH3X(21) -28.349 -0.447
11 CH3OH(14) + 2 X(1) <=> CH3X(21) + HOX(22) 6.755 -0.001
12 CH2X(27) + HX(19) <=> CH3X(21) + X(1) -3.339 -1.093
13 CH2X(27) + HOX(22) <=> CH3X(21) + OX(20) -2.988 -0.003
14 CHX(28) + HX(19) <=> CH2X(27) + X(1) -2.986 -0.001
15 CHX(28) + HOX(22) <=> CH2X(27) + OX(20) 32.682 -0.001
16 2 CH2X(27) <=> CH3X(21) + CHX(28) 14.285 -0.001
17 CHX(28) + X(1) <=> CX(26) + HX(19) 4.167 0.000
18 CX(26) + H2(6) <=> CH2X(27) -11.290 0.000
19 CX(26) + HOX(22) <=> CHX(28) + OX(20) 6.756 -0.001
20 CH3X(21) + CX(26) <=> CH2X(27) + CHX(28) 1.428 -0.001
21 CH2X(27) + CX(26) <=> 2 CHX(28) -11.293 -0.002
22 CO(7) + X(1) <=> OCX(25) -2.223 -0.001
23 CX(26) + OX(20) <=> OCX(25) + X(1) 22.904 -0.001
24 H2(6) + X(1) <=> H2X(49) -3.005 -0.019
25 CO(7) + X(1) <=> COX(50) -2.986 -0.001
26 CH2O(9) + 2 X(1) <=> CHOX(53) + HX(19) -2.224 -0.002
27 HCO(15) + X(1) <=> CHOX(53) 24.999 -0.001
28 CH3CHO(16) + 2 X(1) <=> CH3X(21) + CHOX(53) 44.799 -0.001
29 CHOX(53) + X(1) <=> HX(19) + OCX(25) 3.495 -0.002
30 HOX(22) + OCX(25) <=> CHOX(53) + OX(20) 0.718 -0.001
31 CH2X(27) + CHOX(53) <=> CH3X(21) + OCX(25) 0.718 -0.002
32 CHOX(53) + CHX(28) <=> CH2X(27) + OCX(25) -23.219 -0.004
33 CHOX(53) + CX(26) <=> CHX(28) + OCX(25) 0.718 -0.002
34 CH4(2) + HOX(22) + X(1) <=> CH3X(21) + H2OX(23) 12.100 -0.002
35 H2O(5) + X(1) <=> H2OX(23) 50.179 -0.002
36 H2OX(23) + OX(20) <=> 2 HOX(22) -3.012 -0.773
37 HOX(22) + HX(19) <=> H2OX(23) + X(1) -2.223 -0.001
38 CO2(4) + X(1) <=> CO2X(24) 47.727 -0.001
39 OCX(25) + OX(20) <=> CO2X(24) + X(1) 16.363 -0.001
40 CO2X(24) + HX(19) <=> HOX(22) + OCX(25) -55.065 -0.006
Finished sensitivity simulation for a C/O ratio of 2.0
Finished translating for C/O ratio of 2.0
Starting sensitivity simulation for a C/O ratio of 1.4
0 CH4(2) + X(1) <=> CH4X(48) 1.414 0.000
1 O2(3) + 2 X(1) <=> 2 OX(20) 13.395 1.289
2 H2(6) + 2 X(1) <=> 2 HX(19) 17.212 0.001
3 H(12) + X(1) <=> HX(19) 1.064 0.001
4 HX(19) + OX(20) <=> HOX(22) + X(1) -5.681 0.001
5 H2O(5) + 2 X(1) <=> HOX(22) + HX(19) 6.377 0.002
6 OH(17) + X(1) <=> HOX(22) -2.953 -0.001
7 CH4(2) + 2 X(1) <=> CH3X(21) + HX(19) -9.842 0.001
8 CH4(2) + OX(20) + X(1) <=> CH3X(21) + HOX(22) 7.000 0.000
9 C2H6(8) + 2 X(1) <=> 2 CH3X(21) 2.445 -0.003
10 CH3(10) + X(1) <=> CH3X(21) 4.670 -0.455
11 CH3OH(14) + 2 X(1) <=> CH3X(21) + HOX(22) 1.761 0.000
12 CH2X(27) + HX(19) <=> CH3X(21) + X(1) -3.293 -1.072
13 CH2X(27) + HOX(22) <=> CH3X(21) + OX(20) 7.308 -0.001
14 CHX(28) + HX(19) <=> CH2X(27) + X(1) 11.146 -0.000
15 CHX(28) + HOX(22) <=> CH2X(27) + OX(20) 1.413 -0.000
16 2 CH2X(27) <=> CH3X(21) + CHX(28) 7.920 -0.001
17 CHX(28) + X(1) <=> CX(26) + HX(19) -4.493 0.001
18 CX(26) + H2(6) <=> CH2X(27) 12.539 -0.000
19 CX(26) + HOX(22) <=> CHX(28) + OX(20) 7.615 -0.000
20 CH3X(21) + CX(26) <=> CH2X(27) + CHX(28) 14.154 -0.000
21 CH2X(27) + CX(26) <=> 2 CHX(28) 10.862 -0.000
22 CO(7) + X(1) <=> OCX(25) 1.415 0.002
23 CX(26) + OX(20) <=> OCX(25) + X(1) 9.708 -0.001
24 H2(6) + X(1) <=> H2X(49) -1.455 -0.000
25 CO(7) + X(1) <=> COX(50) 6.376 -0.000
26 CH2O(9) + 2 X(1) <=> CHOX(53) + HX(19) 3.793 0.000
27 HCO(15) + X(1) <=> CHOX(53) 3.795 0.002
28 CH3CHO(16) + 2 X(1) <=> CH3X(21) + CHOX(53) 2.448 -0.000
29 CHOX(53) + X(1) <=> HX(19) + OCX(25) 14.940 0.001
30 HOX(22) + OCX(25) <=> CHOX(53) + OX(20) 7.616 -0.000
31 CH2X(27) + CHOX(53) <=> CH3X(21) + OCX(25) -2.953 -0.001
32 CHOX(53) + CHX(28) <=> CH2X(27) + OCX(25) -14.815 -0.000
33 CHOX(53) + CX(26) <=> CHX(28) + OCX(25) 5.101 -0.001
34 CH4(2) + HOX(22) + X(1) <=> CH3X(21) + H2OX(23) -5.682 -0.000
35 H2O(5) + X(1) <=> H2OX(23) 1.064 -0.000
36 H2OX(23) + OX(20) <=> 2 HOX(22) -5.296 -0.767
37 HOX(22) + HX(19) <=> H2OX(23) + X(1) 1.415 0.001
38 CO2(4) + X(1) <=> CO2X(24) -4.105 -0.000
39 OCX(25) + OX(20) <=> CO2X(24) + X(1) -5.681 0.000
40 CO2X(24) + HX(19) <=> HOX(22) + OCX(25) -5272.452 -73.305
Finished sensitivity simulation for a C/O ratio of 1.4
Finished translating for C/O ratio of 1.4
Starting sensitivity simulation for a C/O ratio of 0.8
0 CH4(2) + X(1) <=> CH4X(48) 12.551 0.000
1 O2(3) + 2 X(1) <=> 2 OX(20) 11.876 1.268
2 H2(6) + 2 X(1) <=> 2 HX(19) -10.769 -0.000
3 H(12) + X(1) <=> HX(19) 6.896 -0.001
4 HX(19) + OX(20) <=> HOX(22) + X(1) -10.771 -0.001
5 H2O(5) + 2 X(1) <=> HOX(22) + HX(19) 5.263 -0.001
6 OH(17) + X(1) <=> HOX(22) -14.287 -0.001
7 CH4(2) + 2 X(1) <=> CH3X(21) + HX(19) 0.461 0.000
8 CH4(2) + OX(20) + X(1) <=> CH3X(21) + HOX(22) -12.499 0.001
9 C2H6(8) + 2 X(1) <=> 2 CH3X(21) 5.262 -0.001
10 CH3(10) + X(1) <=> CH3X(21) 4.402 -0.466
11 CH3OH(14) + 2 X(1) <=> CH3X(21) + HOX(22) 16.279 -0.001
12 CH2X(27) + HX(19) <=> CH3X(21) + X(1) 17.944 -1.050
13 CH2X(27) + HOX(22) <=> CH3X(21) + OX(20) 2.700 -0.003
14 CHX(28) + HX(19) <=> CH2X(27) + X(1) 9.243 -0.001
15 CHX(28) + HOX(22) <=> CH2X(27) + OX(20) 0.462 0.001
16 2 CH2X(27) <=> CH3X(21) + CHX(28) 9.999 -0.001
17 CHX(28) + X(1) <=> CX(26) + HX(19) 5.263 -0.000
18 CX(26) + H2(6) <=> CH2X(27) -3.350 -0.001
19 CX(26) + HOX(22) <=> CHX(28) + OX(20) 7.692 0.000
20 CH3X(21) + CX(26) <=> CH2X(27) + CHX(28) 16.922 -0.001
21 CH2X(27) + CX(26) <=> 2 CHX(28) -5.884 -0.001
22 CO(7) + X(1) <=> OCX(25) 14.960 -0.001
23 CX(26) + OX(20) <=> OCX(25) + X(1) -719.731 -112.523
24 H2(6) + X(1) <=> H2X(49) 8.860 -0.001
25 CO(7) + X(1) <=> COX(50) 1.818 0.000
26 CH2O(9) + 2 X(1) <=> CHOX(53) + HX(19) 10.744 0.001
27 HCO(15) + X(1) <=> CHOX(53) -14.286 -0.001
28 CH3CHO(16) + 2 X(1) <=> CH3X(21) + CHOX(53) 17.557 0.000
29 CHOX(53) + X(1) <=> HX(19) + OCX(25) 12.550 -0.000
30 HOX(22) + OCX(25) <=> CHOX(53) + OX(20) 12.902 -0.001
31 CH2X(27) + CHOX(53) <=> CH3X(21) + OCX(25) 5.263 0.000
32 CHOX(53) + CHX(28) <=> CH2X(27) + OCX(25) 38.284 -0.002
33 CHOX(53) + CX(26) <=> CHX(28) + OCX(25) 16.601 -0.002
34 CH4(2) + HOX(22) + X(1) <=> CH3X(21) + H2OX(23) 23.132 0.000
35 H2O(5) + X(1) <=> H2OX(23) 9.243 -0.001
36 H2OX(23) + OX(20) <=> 2 HOX(22) -2.179 -0.759
37 HOX(22) + HX(19) <=> H2OX(23) + X(1) 6.086 -0.001
38 CO2(4) + X(1) <=> CO2X(24) 1.817 -0.001
39 OCX(25) + OX(20) <=> CO2X(24) + X(1) 0.461 -0.000
40 CO2X(24) + HX(19) <=> HOX(22) + OCX(25) 7.691 -0.001
Finished sensitivity simulation for a C/O ratio of 0.8
Finished translating for C/O ratio of 0.8
