This mechanism contains 38 gas reactions and 27 surface reactions
Finished simulation at a C/O ratio of 1.1
Finished simulation at a C/O ratio of 0.9
Finished simulation at a C/O ratio of 0.6
Finished simulation at a C/O ratio of 1.0
Finished simulation at a C/O ratio of 0.8
Finished simulation at a C/O ratio of 1.2
Finished simulation at a C/O ratio of 0.7
Finished simulation at a C/O ratio of 1.3
Finished simulation at a C/O ratio of 2.6
Finished simulation at a C/O ratio of 1.6
Finished simulation at a C/O ratio of 1.4
Finished simulation at a C/O ratio of 2.4
Finished simulation at a C/O ratio of 1.8
Finished simulation at a C/O ratio of 2.0
Finished simulation at a C/O ratio of 2.2
Starting sensitivity simulation for a C/O ratio of 0.9
0 CH4(2) + X(1) <=> CH4X(48) 0.000 0.000
1 O2(3) + 2 X(1) <=> 2 OX(20) 0.000 -0.000
2 H2(6) + 2 X(1) <=> 2 HX(19) 0.001 0.001
3 H(12) + X(1) <=> HX(19) 0.000 -0.000
4 CH4(2) + 2 X(1) <=> CH3X(21) + HX(19) 0.002 -0.003
5 C2H6(8) + 2 X(1) <=> 2 CH3X(21) -0.050 -0.078
6 CH3(10) + X(1) <=> CH3X(21) 0.036 -0.022
7 H2(6) + X(1) <=> H2X(49) 0.000 0.000
8 CH2X(27) + HX(19) <=> CH3X(21) + X(1) 0.000 0.000
9 CHX(28) + HX(19) <=> CH2X(27) + X(1) 0.000 -0.000
10 2 CH2X(27) <=> CH3X(21) + CHX(28) 0.000 0.000
11 CHX(28) + X(1) <=> CX(26) + HX(19) 0.000 -0.000
12 CX(26) + H2(6) <=> CH2X(27) 0.000 -0.000
13 CH3X(21) + CX(26) <=> CH2X(27) + CHX(28) 0.000 0.000
14 CH2X(27) + CX(26) <=> 2 CHX(28) 0.000 -0.000
15 C2H6(8) + X(1) <=> C2H6X(52) 0.000 0.000
16 CH4(2) + OX(20) + X(1) <=> CH3X(21) + HOX(22) 0.001 0.001
17 CH4(2) + HOX(22) + X(1) <=> CH3X(21) + H2OX(23) 0.302 0.210
18 H2O(5) + X(1) <=> H2OX(23) 0.000 -0.000
19 CO2(4) + X(1) <=> CO2X(24) -0.000 -0.000
20 CO(7) + X(1) <=> OCX(25) 0.000 -0.000
21 CX(26) + OX(20) <=> OCX(25) + X(1) 0.000 0.000
22 OCX(25) + OX(20) <=> CO2X(24) + X(1) 0.000 -0.000
23 CO2X(24) + HX(19) <=> HOX(22) + OCX(25) 0.000 -0.000
24 HX(19) + OX(20) <=> HOX(22) + X(1) 1.224 0.856
25 H2OX(23) + OX(20) <=> 2 HOX(22) -0.151 -0.105
26 HOX(22) + HX(19) <=> H2OX(23) + X(1) 0.000 0.000
Finished sensitivity simulation for a C/O ratio of 0.9
Finished translating for C/O ratio of 0.9
Starting sensitivity simulation for a C/O ratio of 1.0
0 CH4(2) + X(1) <=> CH4X(48) -0.000 0.000
1 O2(3) + 2 X(1) <=> 2 OX(20) 0.000 -0.000
2 H2(6) + 2 X(1) <=> 2 HX(19) 0.001 0.001
3 H(12) + X(1) <=> HX(19) 0.000 -0.000
4 CH4(2) + 2 X(1) <=> CH3X(21) + HX(19) 0.002 -0.002
5 C2H6(8) + 2 X(1) <=> 2 CH3X(21) -0.053 -0.083
6 CH3(10) + X(1) <=> CH3X(21) 0.036 -0.019
7 H2(6) + X(1) <=> H2X(49) 0.000 -0.000
8 CH2X(27) + HX(19) <=> CH3X(21) + X(1) 0.000 -0.000
9 CHX(28) + HX(19) <=> CH2X(27) + X(1) 0.000 0.000
10 2 CH2X(27) <=> CH3X(21) + CHX(28) 0.000 -0.000
11 CHX(28) + X(1) <=> CX(26) + HX(19) -0.000 0.000
12 CX(26) + H2(6) <=> CH2X(27) 0.000 -0.000
13 CH3X(21) + CX(26) <=> CH2X(27) + CHX(28) 0.000 -0.000
14 CH2X(27) + CX(26) <=> 2 CHX(28) -0.000 -0.000
15 C2H6(8) + X(1) <=> C2H6X(52) -0.000 -0.000
16 CH4(2) + OX(20) + X(1) <=> CH3X(21) + HOX(22) 0.001 0.001
17 CH4(2) + HOX(22) + X(1) <=> CH3X(21) + H2OX(23) 0.301 0.210
18 H2O(5) + X(1) <=> H2OX(23) -0.000 -0.000
19 CO2(4) + X(1) <=> CO2X(24) -0.000 -0.000
20 CO(7) + X(1) <=> OCX(25) -0.000 -0.000
21 CX(26) + OX(20) <=> OCX(25) + X(1) -0.000 0.000
22 OCX(25) + OX(20) <=> CO2X(24) + X(1) 0.000 -0.000
23 CO2X(24) + HX(19) <=> HOX(22) + OCX(25) 0.000 -0.000
24 HX(19) + OX(20) <=> HOX(22) + X(1) 1.210 0.848
25 H2OX(23) + OX(20) <=> 2 HOX(22) -0.150 -0.105
26 HOX(22) + HX(19) <=> H2OX(23) + X(1) 0.000 0.000
Finished sensitivity simulation for a C/O ratio of 1.0
Finished translating for C/O ratio of 1.0
Starting sensitivity simulation for a C/O ratio of 0.6
0 CH4(2) + X(1) <=> CH4X(48) -0.000 0.000
1 O2(3) + 2 X(1) <=> 2 OX(20) 0.000 0.000
2 H2(6) + 2 X(1) <=> 2 HX(19) 0.001 0.001
3 H(12) + X(1) <=> HX(19) 0.000 0.000
4 CH4(2) + 2 X(1) <=> CH3X(21) + HX(19) 0.002 -0.004
5 C2H6(8) + 2 X(1) <=> 2 CH3X(21) -0.040 -0.060
6 CH3(10) + X(1) <=> CH3X(21) 0.037 -0.031
7 H2(6) + X(1) <=> H2X(49) -0.000 -0.000
8 CH2X(27) + HX(19) <=> CH3X(21) + X(1) -0.000 0.000
9 CHX(28) + HX(19) <=> CH2X(27) + X(1) -0.000 0.000
10 2 CH2X(27) <=> CH3X(21) + CHX(28) -0.000 0.000
11 CHX(28) + X(1) <=> CX(26) + HX(19) -0.000 0.000
12 CX(26) + H2(6) <=> CH2X(27) 0.000 0.000
13 CH3X(21) + CX(26) <=> CH2X(27) + CHX(28) 0.000 0.000
14 CH2X(27) + CX(26) <=> 2 CHX(28) -0.000 0.000
15 C2H6(8) + X(1) <=> C2H6X(52) -0.000 -0.000
16 CH4(2) + OX(20) + X(1) <=> CH3X(21) + HOX(22) 0.001 0.001
17 CH4(2) + HOX(22) + X(1) <=> CH3X(21) + H2OX(23) 0.295 0.203
18 H2O(5) + X(1) <=> H2OX(23) 0.000 0.000
19 CO2(4) + X(1) <=> CO2X(24) -0.000 0.000
20 CO(7) + X(1) <=> OCX(25) -0.000 -0.000
21 CX(26) + OX(20) <=> OCX(25) + X(1) -0.000 0.000
22 OCX(25) + OX(20) <=> CO2X(24) + X(1) -0.000 0.000
23 CO2X(24) + HX(19) <=> HOX(22) + OCX(25) 0.000 0.000
24 HX(19) + OX(20) <=> HOX(22) + X(1) 1.277 0.887
25 H2OX(23) + OX(20) <=> 2 HOX(22) -0.147 -0.101
26 HOX(22) + HX(19) <=> H2OX(23) + X(1) 0.000 0.000
Finished sensitivity simulation for a C/O ratio of 0.6
Finished translating for C/O ratio of 0.6
Starting sensitivity simulation for a C/O ratio of 1.1
0 CH4(2) + X(1) <=> CH4X(48) 0.000 -0.000
1 O2(3) + 2 X(1) <=> 2 OX(20) 0.000 0.000
2 H2(6) + 2 X(1) <=> 2 HX(19) 0.001 0.001
3 H(12) + X(1) <=> HX(19) 0.000 -0.000
4 CH4(2) + 2 X(1) <=> CH3X(21) + HX(19) 0.002 -0.002
5 C2H6(8) + 2 X(1) <=> 2 CH3X(21) -0.056 -0.089
6 CH3(10) + X(1) <=> CH3X(21) 0.036 -0.017
7 H2(6) + X(1) <=> H2X(49) 0.000 0.000
8 CH2X(27) + HX(19) <=> CH3X(21) + X(1) 0.000 -0.000
9 CHX(28) + HX(19) <=> CH2X(27) + X(1) 0.000 0.000
10 2 CH2X(27) <=> CH3X(21) + CHX(28) 0.000 -0.000
11 CHX(28) + X(1) <=> CX(26) + HX(19) 0.000 0.000
12 CX(26) + H2(6) <=> CH2X(27) 0.000 0.000
13 CH3X(21) + CX(26) <=> CH2X(27) + CHX(28) 0.000 0.000
14 CH2X(27) + CX(26) <=> 2 CHX(28) 0.000 0.000
15 C2H6(8) + X(1) <=> C2H6X(52) 0.000 0.000
16 CH4(2) + OX(20) + X(1) <=> CH3X(21) + HOX(22) 0.001 0.001
17 CH4(2) + HOX(22) + X(1) <=> CH3X(21) + H2OX(23) 0.299 0.209
18 H2O(5) + X(1) <=> H2OX(23) 0.000 0.000
19 CO2(4) + X(1) <=> CO2X(24) 0.000 -0.000
20 CO(7) + X(1) <=> OCX(25) 0.000 -0.000
21 CX(26) + OX(20) <=> OCX(25) + X(1) 0.000 0.000
22 OCX(25) + OX(20) <=> CO2X(24) + X(1) 0.000 0.000
23 CO2X(24) + HX(19) <=> HOX(22) + OCX(25) 0.000 -0.000
24 HX(19) + OX(20) <=> HOX(22) + X(1) 1.197 0.841
25 H2OX(23) + OX(20) <=> 2 HOX(22) -0.149 -0.104
26 HOX(22) + HX(19) <=> H2OX(23) + X(1) 0.000 0.000
Finished sensitivity simulation for a C/O ratio of 1.1
Finished translating for C/O ratio of 1.1
Starting sensitivity simulation for a C/O ratio of 0.8
0 CH4(2) + X(1) <=> CH4X(48) -0.000 0.000
1 O2(3) + 2 X(1) <=> 2 OX(20) 0.000 0.000
2 H2(6) + 2 X(1) <=> 2 HX(19) 0.001 0.001
3 H(12) + X(1) <=> HX(19) 0.000 -0.000
4 CH4(2) + 2 X(1) <=> CH3X(21) + HX(19) 0.002 -0.003
5 C2H6(8) + 2 X(1) <=> 2 CH3X(21) -0.047 -0.072
6 CH3(10) + X(1) <=> CH3X(21) 0.036 -0.025
7 H2(6) + X(1) <=> H2X(49) 0.000 -0.000
8 CH2X(27) + HX(19) <=> CH3X(21) + X(1) 0.000 0.000
9 CHX(28) + HX(19) <=> CH2X(27) + X(1) 0.000 0.000
10 2 CH2X(27) <=> CH3X(21) + CHX(28) 0.000 -0.000
11 CHX(28) + X(1) <=> CX(26) + HX(19) 0.000 -0.000
12 CX(26) + H2(6) <=> CH2X(27) 0.000 0.000
13 CH3X(21) + CX(26) <=> CH2X(27) + CHX(28) 0.000 -0.000
14 CH2X(27) + CX(26) <=> 2 CHX(28) 0.000 0.000
15 C2H6(8) + X(1) <=> C2H6X(52) 0.000 0.000
16 CH4(2) + OX(20) + X(1) <=> CH3X(21) + HOX(22) 0.001 0.001
17 CH4(2) + HOX(22) + X(1) <=> CH3X(21) + H2OX(23) 0.302 0.209
18 H2O(5) + X(1) <=> H2OX(23) 0.000 -0.000
19 CO2(4) + X(1) <=> CO2X(24) 0.000 -0.000
20 CO(7) + X(1) <=> OCX(25) 0.000 -0.000
21 CX(26) + OX(20) <=> OCX(25) + X(1) 0.000 -0.000
22 OCX(25) + OX(20) <=> CO2X(24) + X(1) 0.000 0.000
23 CO2X(24) + HX(19) <=> HOX(22) + OCX(25) 0.000 0.000
24 HX(19) + OX(20) <=> HOX(22) + X(1) 1.240 0.865
25 H2OX(23) + OX(20) <=> 2 HOX(22) -0.151 -0.104
26 HOX(22) + HX(19) <=> H2OX(23) + X(1) 0.000 0.000
Finished sensitivity simulation for a C/O ratio of 0.8
Finished translating for C/O ratio of 0.8
Starting sensitivity simulation for a C/O ratio of 0.7
0 CH4(2) + X(1) <=> CH4X(48) 0.000 0.000
1 O2(3) + 2 X(1) <=> 2 OX(20) 0.000 0.000
2 H2(6) + 2 X(1) <=> 2 HX(19) 0.001 0.001
3 H(12) + X(1) <=> HX(19) 0.000 0.000
4 CH4(2) + 2 X(1) <=> CH3X(21) + HX(19) 0.002 -0.003
5 C2H6(8) + 2 X(1) <=> 2 CH3X(21) -0.044 -0.066
6 CH3(10) + X(1) <=> CH3X(21) 0.037 -0.028
7 H2(6) + X(1) <=> H2X(49) 0.000 0.000
8 CH2X(27) + HX(19) <=> CH3X(21) + X(1) 0.000 0.000
9 CHX(28) + HX(19) <=> CH2X(27) + X(1) 0.000 0.000
10 2 CH2X(27) <=> CH3X(21) + CHX(28) 0.000 0.000
11 CHX(28) + X(1) <=> CX(26) + HX(19) 0.000 0.000
12 CX(26) + H2(6) <=> CH2X(27) 0.000 0.000
13 CH3X(21) + CX(26) <=> CH2X(27) + CHX(28) 0.000 0.000
14 CH2X(27) + CX(26) <=> 2 CHX(28) -0.000 0.000
15 C2H6(8) + X(1) <=> C2H6X(52) -0.000 0.000
16 CH4(2) + OX(20) + X(1) <=> CH3X(21) + HOX(22) 0.001 0.001
17 CH4(2) + HOX(22) + X(1) <=> CH3X(21) + H2OX(23) 0.300 0.207
18 H2O(5) + X(1) <=> H2OX(23) 0.000 0.000
19 CO2(4) + X(1) <=> CO2X(24) 0.000 -0.000
20 CO(7) + X(1) <=> OCX(25) -0.000 0.000
21 CX(26) + OX(20) <=> OCX(25) + X(1) 0.000 0.000
22 OCX(25) + OX(20) <=> CO2X(24) + X(1) -0.000 -0.000
23 CO2X(24) + HX(19) <=> HOX(22) + OCX(25) 0.000 0.000
24 HX(19) + OX(20) <=> HOX(22) + X(1) 1.257 0.875
25 H2OX(23) + OX(20) <=> 2 HOX(22) -0.149 -0.103
26 HOX(22) + HX(19) <=> H2OX(23) + X(1) 0.000 0.000
Finished sensitivity simulation for a C/O ratio of 0.7
Finished translating for C/O ratio of 0.7
Starting sensitivity simulation for a C/O ratio of 1.2
0 CH4(2) + X(1) <=> CH4X(48) 0.000 -0.000
1 O2(3) + 2 X(1) <=> 2 OX(20) 0.000 -0.000
2 H2(6) + 2 X(1) <=> 2 HX(19) 0.001 0.001
3 H(12) + X(1) <=> HX(19) 0.000 -0.000
4 CH4(2) + 2 X(1) <=> CH3X(21) + HX(19) 0.002 -0.002
5 C2H6(8) + 2 X(1) <=> 2 CH3X(21) -0.058 -0.094
6 CH3(10) + X(1) <=> CH3X(21) 0.035 -0.014
7 H2(6) + X(1) <=> H2X(49) 0.000 -0.000
8 CH2X(27) + HX(19) <=> CH3X(21) + X(1) 0.000 0.000
9 CHX(28) + HX(19) <=> CH2X(27) + X(1) 0.000 -0.000
10 2 CH2X(27) <=> CH3X(21) + CHX(28) 0.000 -0.000
11 CHX(28) + X(1) <=> CX(26) + HX(19) 0.000 -0.000
12 CX(26) + H2(6) <=> CH2X(27) 0.000 0.000
13 CH3X(21) + CX(26) <=> CH2X(27) + CHX(28) 0.000 -0.000
14 CH2X(27) + CX(26) <=> 2 CHX(28) 0.000 0.000
15 C2H6(8) + X(1) <=> C2H6X(52) 0.000 0.000
16 CH4(2) + OX(20) + X(1) <=> CH3X(21) + HOX(22) 0.001 0.001
17 CH4(2) + HOX(22) + X(1) <=> CH3X(21) + H2OX(23) 0.297 0.207
18 H2O(5) + X(1) <=> H2OX(23) 0.000 0.000
19 CO2(4) + X(1) <=> CO2X(24) 0.000 -0.000
20 CO(7) + X(1) <=> OCX(25) 0.000 0.000
21 CX(26) + OX(20) <=> OCX(25) + X(1) 0.000 -0.000
22 OCX(25) + OX(20) <=> CO2X(24) + X(1) 0.000 -0.000
23 CO2X(24) + HX(19) <=> HOX(22) + OCX(25) 0.000 -0.000
24 HX(19) + OX(20) <=> HOX(22) + X(1) 1.185 0.834
25 H2OX(23) + OX(20) <=> 2 HOX(22) -0.148 -0.104
26 HOX(22) + HX(19) <=> H2OX(23) + X(1) 0.000 0.000
Finished sensitivity simulation for a C/O ratio of 1.2
Finished translating for C/O ratio of 1.2
Starting sensitivity simulation for a C/O ratio of 1.3
0 CH4(2) + X(1) <=> CH4X(48) 0.000 -0.000
1 O2(3) + 2 X(1) <=> 2 OX(20) -0.000 -0.000
2 H2(6) + 2 X(1) <=> 2 HX(19) 0.001 0.001
3 H(12) + X(1) <=> HX(19) 0.000 -0.000
4 CH4(2) + 2 X(1) <=> CH3X(21) + HX(19) 0.002 -0.002
5 C2H6(8) + 2 X(1) <=> 2 CH3X(21) -0.061 -0.100
6 CH3(10) + X(1) <=> CH3X(21) 0.035 -0.012
7 H2(6) + X(1) <=> H2X(49) 0.000 -0.000
8 CH2X(27) + HX(19) <=> CH3X(21) + X(1) 0.000 -0.000
9 CHX(28) + HX(19) <=> CH2X(27) + X(1) 0.000 -0.000
10 2 CH2X(27) <=> CH3X(21) + CHX(28) 0.000 -0.000
11 CHX(28) + X(1) <=> CX(26) + HX(19) 0.000 -0.000
12 CX(26) + H2(6) <=> CH2X(27) 0.000 -0.000
13 CH3X(21) + CX(26) <=> CH2X(27) + CHX(28) 0.000 -0.000
14 CH2X(27) + CX(26) <=> 2 CHX(28) 0.000 -0.000
15 C2H6(8) + X(1) <=> C2H6X(52) 0.000 -0.000
16 CH4(2) + OX(20) + X(1) <=> CH3X(21) + HOX(22) 0.002 0.001
17 CH4(2) + HOX(22) + X(1) <=> CH3X(21) + H2OX(23) 0.293 0.206
18 H2O(5) + X(1) <=> H2OX(23) 0.000 -0.000
19 CO2(4) + X(1) <=> CO2X(24) 0.000 0.000
20 CO(7) + X(1) <=> OCX(25) 0.000 -0.000
21 CX(26) + OX(20) <=> OCX(25) + X(1) 0.000 0.000
22 OCX(25) + OX(20) <=> CO2X(24) + X(1) 0.000 -0.000
23 CO2X(24) + HX(19) <=> HOX(22) + OCX(25) 0.000 -0.000
24 HX(19) + OX(20) <=> HOX(22) + X(1) 1.174 0.828
25 H2OX(23) + OX(20) <=> 2 HOX(22) -0.147 -0.103
26 HOX(22) + HX(19) <=> H2OX(23) + X(1) 0.000 0.000
Finished sensitivity simulation for a C/O ratio of 1.3
Finished translating for C/O ratio of 1.3
Starting sensitivity simulation for a C/O ratio of 2.6
0 CH4(2) + X(1) <=> CH4X(48) -0.000 0.000
1 O2(3) + 2 X(1) <=> 2 OX(20) 0.000 0.000
2 H2(6) + 2 X(1) <=> 2 HX(19) 0.000 0.000
3 H(12) + X(1) <=> HX(19) 0.000 0.000
4 CH4(2) + 2 X(1) <=> CH3X(21) + HX(19) 0.001 -0.002
5 C2H6(8) + 2 X(1) <=> 2 CH3X(21) -0.089 -0.167
6 CH3(10) + X(1) <=> CH3X(21) 0.032 0.007
7 H2(6) + X(1) <=> H2X(49) 0.000 0.000
8 CH2X(27) + HX(19) <=> CH3X(21) + X(1) -0.000 0.000
9 CHX(28) + HX(19) <=> CH2X(27) + X(1) 0.000 -0.000
10 2 CH2X(27) <=> CH3X(21) + CHX(28) -0.000 0.000
11 CHX(28) + X(1) <=> CX(26) + HX(19) 0.000 -0.000
12 CX(26) + H2(6) <=> CH2X(27) -0.000 0.000
13 CH3X(21) + CX(26) <=> CH2X(27) + CHX(28) -0.000 -0.000
14 CH2X(27) + CX(26) <=> 2 CHX(28) 0.000 0.000
15 C2H6(8) + X(1) <=> C2H6X(52) 0.000 -0.000
16 CH4(2) + OX(20) + X(1) <=> CH3X(21) + HOX(22) 0.002 0.001
17 CH4(2) + HOX(22) + X(1) <=> CH3X(21) + H2OX(23) 0.240 0.173
18 H2O(5) + X(1) <=> H2OX(23) 0.000 0.000
19 CO2(4) + X(1) <=> CO2X(24) 0.000 -0.000
20 CO(7) + X(1) <=> OCX(25) 0.000 -0.000
21 CX(26) + OX(20) <=> OCX(25) + X(1) 0.000 0.000
22 OCX(25) + OX(20) <=> CO2X(24) + X(1) -0.000 0.000
23 CO2X(24) + HX(19) <=> HOX(22) + OCX(25) 0.000 0.000
24 HX(19) + OX(20) <=> HOX(22) + X(1) 1.073 0.777
25 H2OX(23) + OX(20) <=> 2 HOX(22) -0.120 -0.087
26 HOX(22) + HX(19) <=> H2OX(23) + X(1) 0.000 0.000
Finished sensitivity simulation for a C/O ratio of 2.6
Finished translating for C/O ratio of 2.6
Starting sensitivity simulation for a C/O ratio of 1.6
0 CH4(2) + X(1) <=> CH4X(48) 0.000 -0.000
1 O2(3) + 2 X(1) <=> 2 OX(20) -0.000 0.000
2 H2(6) + 2 X(1) <=> 2 HX(19) 0.001 0.001
3 H(12) + X(1) <=> HX(19) 0.000 0.000
4 CH4(2) + 2 X(1) <=> CH3X(21) + HX(19) 0.002 -0.002
5 C2H6(8) + 2 X(1) <=> 2 CH3X(21) -0.068 -0.116
6 CH3(10) + X(1) <=> CH3X(21) 0.035 -0.006
7 H2(6) + X(1) <=> H2X(49) 0.000 0.000
8 CH2X(27) + HX(19) <=> CH3X(21) + X(1) 0.000 0.000
9 CHX(28) + HX(19) <=> CH2X(27) + X(1) -0.000 -0.000
10 2 CH2X(27) <=> CH3X(21) + CHX(28) -0.000 -0.000
11 CHX(28) + X(1) <=> CX(26) + HX(19) -0.000 -0.000
12 CX(26) + H2(6) <=> CH2X(27) -0.000 0.000
13 CH3X(21) + CX(26) <=> CH2X(27) + CHX(28) 0.000 -0.000
14 CH2X(27) + CX(26) <=> 2 CHX(28) 0.000 0.000
15 C2H6(8) + X(1) <=> C2H6X(52) -0.000 0.000
16 CH4(2) + OX(20) + X(1) <=> CH3X(21) + HOX(22) 0.002 0.001
17 CH4(2) + HOX(22) + X(1) <=> CH3X(21) + H2OX(23) 0.282 0.199
18 H2O(5) + X(1) <=> H2OX(23) -0.000 -0.000
19 CO2(4) + X(1) <=> CO2X(24) 0.000 -0.000
20 CO(7) + X(1) <=> OCX(25) 0.000 -0.000
21 CX(26) + OX(20) <=> OCX(25) + X(1) -0.000 0.000
22 OCX(25) + OX(20) <=> CO2X(24) + X(1) -0.000 -0.000
23 CO2X(24) + HX(19) <=> HOX(22) + OCX(25) -0.000 -0.000
24 HX(19) + OX(20) <=> HOX(22) + X(1) 1.145 0.813
25 H2OX(23) + OX(20) <=> 2 HOX(22) -0.141 -0.099
26 HOX(22) + HX(19) <=> H2OX(23) + X(1) 0.000 0.000
Finished sensitivity simulation for a C/O ratio of 1.6
Finished translating for C/O ratio of 1.6
Starting sensitivity simulation for a C/O ratio of 1.4
0 CH4(2) + X(1) <=> CH4X(48) 0.000 -0.000
1 O2(3) + 2 X(1) <=> 2 OX(20) 0.000 -0.000
2 H2(6) + 2 X(1) <=> 2 HX(19) 0.001 0.001
3 H(12) + X(1) <=> HX(19) 0.000 -0.000
4 CH4(2) + 2 X(1) <=> CH3X(21) + HX(19) 0.002 -0.002
5 C2H6(8) + 2 X(1) <=> 2 CH3X(21) -0.063 -0.105
6 CH3(10) + X(1) <=> CH3X(21) 0.035 -0.010
7 H2(6) + X(1) <=> H2X(49) 0.000 -0.000
8 CH2X(27) + HX(19) <=> CH3X(21) + X(1) 0.000 -0.000
9 CHX(28) + HX(19) <=> CH2X(27) + X(1) 0.000 -0.000
10 2 CH2X(27) <=> CH3X(21) + CHX(28) 0.000 -0.000
11 CHX(28) + X(1) <=> CX(26) + HX(19) 0.000 -0.000
12 CX(26) + H2(6) <=> CH2X(27) 0.000 -0.000
13 CH3X(21) + CX(26) <=> CH2X(27) + CHX(28) 0.000 -0.000
14 CH2X(27) + CX(26) <=> 2 CHX(28) 0.000 -0.000
15 C2H6(8) + X(1) <=> C2H6X(52) 0.000 -0.000
16 CH4(2) + OX(20) + X(1) <=> CH3X(21) + HOX(22) 0.002 0.001
17 CH4(2) + HOX(22) + X(1) <=> CH3X(21) + H2OX(23) 0.290 0.204
18 H2O(5) + X(1) <=> H2OX(23) 0.000 -0.000
19 CO2(4) + X(1) <=> CO2X(24) 0.000 -0.000
20 CO(7) + X(1) <=> OCX(25) 0.000 -0.000
21 CX(26) + OX(20) <=> OCX(25) + X(1) 0.000 -0.000
22 OCX(25) + OX(20) <=> CO2X(24) + X(1) 0.000 -0.000
23 CO2X(24) + HX(19) <=> HOX(22) + OCX(25) 0.000 0.000
24 HX(19) + OX(20) <=> HOX(22) + X(1) 1.164 0.823
25 H2OX(23) + OX(20) <=> 2 HOX(22) -0.145 -0.102
26 HOX(22) + HX(19) <=> H2OX(23) + X(1) 0.000 0.000
Finished sensitivity simulation for a C/O ratio of 1.4
Finished translating for C/O ratio of 1.4
Starting sensitivity simulation for a C/O ratio of 1.8
0 CH4(2) + X(1) <=> CH4X(48) -0.000 0.000
1 O2(3) + 2 X(1) <=> 2 OX(20) -0.000 0.000
2 H2(6) + 2 X(1) <=> 2 HX(19) 0.001 0.000
3 H(12) + X(1) <=> HX(19) -0.000 0.000
4 CH4(2) + 2 X(1) <=> CH3X(21) + HX(19) 0.002 -0.002
5 C2H6(8) + 2 X(1) <=> 2 CH3X(21) -0.073 -0.126
6 CH3(10) + X(1) <=> CH3X(21) 0.034 -0.003
7 H2(6) + X(1) <=> H2X(49) 0.000 0.000
8 CH2X(27) + HX(19) <=> CH3X(21) + X(1) -0.000 0.000
9 CHX(28) + HX(19) <=> CH2X(27) + X(1) -0.000 0.000
10 2 CH2X(27) <=> CH3X(21) + CHX(28) 0.000 0.000
11 CHX(28) + X(1) <=> CX(26) + HX(19) -0.000 0.000
12 CX(26) + H2(6) <=> CH2X(27) -0.000 0.000
13 CH3X(21) + CX(26) <=> CH2X(27) + CHX(28) 0.000 0.000
14 CH2X(27) + CX(26) <=> 2 CHX(28) 0.000 0.000
15 C2H6(8) + X(1) <=> C2H6X(52) -0.000 0.000
16 CH4(2) + OX(20) + X(1) <=> CH3X(21) + HOX(22) 0.002 0.001
17 CH4(2) + HOX(22) + X(1) <=> CH3X(21) + H2OX(23) 0.273 0.194
18 H2O(5) + X(1) <=> H2OX(23) 0.000 0.000
19 CO2(4) + X(1) <=> CO2X(24) 0.000 0.000
20 CO(7) + X(1) <=> OCX(25) -0.000 0.000
21 CX(26) + OX(20) <=> OCX(25) + X(1) -0.000 0.000
22 OCX(25) + OX(20) <=> CO2X(24) + X(1) -0.000 0.000
23 CO2X(24) + HX(19) <=> HOX(22) + OCX(25) 0.000 0.000
24 HX(19) + OX(20) <=> HOX(22) + X(1) 1.128 0.804
25 H2OX(23) + OX(20) <=> 2 HOX(22) -0.137 -0.097
26 HOX(22) + HX(19) <=> H2OX(23) + X(1) 0.000 0.000
Finished sensitivity simulation for a C/O ratio of 1.8
Finished translating for C/O ratio of 1.8
Starting sensitivity simulation for a C/O ratio of 2.0
0 CH4(2) + X(1) <=> CH4X(48) -0.000 -0.000
1 O2(3) + 2 X(1) <=> 2 OX(20) -0.000 -0.000
2 H2(6) + 2 X(1) <=> 2 HX(19) 0.001 0.000
3 H(12) + X(1) <=> HX(19) -0.000 -0.000
4 CH4(2) + 2 X(1) <=> CH3X(21) + HX(19) 0.002 -0.002
5 C2H6(8) + 2 X(1) <=> 2 CH3X(21) -0.077 -0.136
6 CH3(10) + X(1) <=> CH3X(21) 0.034 -0.000
7 H2(6) + X(1) <=> H2X(49) -0.000 -0.000
8 CH2X(27) + HX(19) <=> CH3X(21) + X(1) -0.000 -0.000
9 CHX(28) + HX(19) <=> CH2X(27) + X(1) -0.000 0.000
10 2 CH2X(27) <=> CH3X(21) + CHX(28) -0.000 -0.000
11 CHX(28) + X(1) <=> CX(26) + HX(19) -0.000 -0.000
12 CX(26) + H2(6) <=> CH2X(27) -0.000 -0.000
13 CH3X(21) + CX(26) <=> CH2X(27) + CHX(28) -0.000 -0.000
14 CH2X(27) + CX(26) <=> 2 CHX(28) -0.000 0.000
15 C2H6(8) + X(1) <=> C2H6X(52) -0.000 0.000
16 CH4(2) + OX(20) + X(1) <=> CH3X(21) + HOX(22) 0.002 0.001
17 CH4(2) + HOX(22) + X(1) <=> CH3X(21) + H2OX(23) 0.265 0.188
18 H2O(5) + X(1) <=> H2OX(23) -0.000 -0.000
19 CO2(4) + X(1) <=> CO2X(24) -0.000 -0.000
20 CO(7) + X(1) <=> OCX(25) -0.000 -0.000
21 CX(26) + OX(20) <=> OCX(25) + X(1) -0.000 0.000
22 OCX(25) + OX(20) <=> CO2X(24) + X(1) -0.000 -0.000
23 CO2X(24) + HX(19) <=> HOX(22) + OCX(25) -0.000 -0.000
24 HX(19) + OX(20) <=> HOX(22) + X(1) 1.113 0.797
25 H2OX(23) + OX(20) <=> 2 HOX(22) -0.133 -0.094
26 HOX(22) + HX(19) <=> H2OX(23) + X(1) 0.000 0.000
Finished sensitivity simulation for a C/O ratio of 2.0
Finished translating for C/O ratio of 2.0
Starting sensitivity simulation for a C/O ratio of 2.2
0 CH4(2) + X(1) <=> CH4X(48) 0.000 0.000
1 O2(3) + 2 X(1) <=> 2 OX(20) 0.000 -0.000
2 H2(6) + 2 X(1) <=> 2 HX(19) 0.001 0.000
3 H(12) + X(1) <=> HX(19) 0.000 -0.000
4 CH4(2) + 2 X(1) <=> CH3X(21) + HX(19) 0.002 -0.002
5 C2H6(8) + 2 X(1) <=> 2 CH3X(21) -0.081 -0.147
6 CH3(10) + X(1) <=> CH3X(21) 0.033 0.002
7 H2(6) + X(1) <=> H2X(49) 0.000 0.000
8 CH2X(27) + HX(19) <=> CH3X(21) + X(1) 0.000 0.000
9 CHX(28) + HX(19) <=> CH2X(27) + X(1) 0.000 -0.000
10 2 CH2X(27) <=> CH3X(21) + CHX(28) 0.000 0.000
11 CHX(28) + X(1) <=> CX(26) + HX(19) 0.000 0.000
12 CX(26) + H2(6) <=> CH2X(27) 0.000 -0.000
13 CH3X(21) + CX(26) <=> CH2X(27) + CHX(28) 0.000 -0.000
14 CH2X(27) + CX(26) <=> 2 CHX(28) 0.000 -0.000
15 C2H6(8) + X(1) <=> C2H6X(52) 0.000 0.000
16 CH4(2) + OX(20) + X(1) <=> CH3X(21) + HOX(22) 0.002 0.001
17 CH4(2) + HOX(22) + X(1) <=> CH3X(21) + H2OX(23) 0.256 0.183
18 H2O(5) + X(1) <=> H2OX(23) 0.000 -0.000
19 CO2(4) + X(1) <=> CO2X(24) 0.000 -0.000
20 CO(7) + X(1) <=> OCX(25) 0.000 -0.000
21 CX(26) + OX(20) <=> OCX(25) + X(1) 0.000 0.000
22 OCX(25) + OX(20) <=> CO2X(24) + X(1) 0.000 -0.000
23 CO2X(24) + HX(19) <=> HOX(22) + OCX(25) 0.000 -0.000
24 HX(19) + OX(20) <=> HOX(22) + X(1) 1.098 0.790
25 H2OX(23) + OX(20) <=> 2 HOX(22) -0.128 -0.092
26 HOX(22) + HX(19) <=> H2OX(23) + X(1) 0.000 0.000
Finished sensitivity simulation for a C/O ratio of 2.2
Finished translating for C/O ratio of 2.2
Starting sensitivity simulation for a C/O ratio of 2.4
0 CH4(2) + X(1) <=> CH4X(48) 0.000 -0.000
1 O2(3) + 2 X(1) <=> 2 OX(20) 0.000 -0.000
2 H2(6) + 2 X(1) <=> 2 HX(19) 0.001 0.000
3 H(12) + X(1) <=> HX(19) 0.000 0.000
4 CH4(2) + 2 X(1) <=> CH3X(21) + HX(19) 0.001 -0.002
5 C2H6(8) + 2 X(1) <=> 2 CH3X(21) -0.085 -0.157
6 CH3(10) + X(1) <=> CH3X(21) 0.033 0.005
7 H2(6) + X(1) <=> H2X(49) 0.000 -0.000
8 CH2X(27) + HX(19) <=> CH3X(21) + X(1) 0.000 -0.000
9 CHX(28) + HX(19) <=> CH2X(27) + X(1) 0.000 -0.000
10 2 CH2X(27) <=> CH3X(21) + CHX(28) 0.000 -0.000
11 CHX(28) + X(1) <=> CX(26) + HX(19) 0.000 -0.000
12 CX(26) + H2(6) <=> CH2X(27) 0.000 -0.000
13 CH3X(21) + CX(26) <=> CH2X(27) + CHX(28) 0.000 -0.000
14 CH2X(27) + CX(26) <=> 2 CHX(28) 0.000 -0.000
15 C2H6(8) + X(1) <=> C2H6X(52) 0.000 -0.000
16 CH4(2) + OX(20) + X(1) <=> CH3X(21) + HOX(22) 0.002 0.001
17 CH4(2) + HOX(22) + X(1) <=> CH3X(21) + H2OX(23) 0.248 0.178
18 H2O(5) + X(1) <=> H2OX(23) 0.000 -0.000
19 CO2(4) + X(1) <=> CO2X(24) 0.000 -0.000
20 CO(7) + X(1) <=> OCX(25) 0.000 -0.000
21 CX(26) + OX(20) <=> OCX(25) + X(1) 0.000 -0.000
22 OCX(25) + OX(20) <=> CO2X(24) + X(1) 0.000 -0.000
23 CO2X(24) + HX(19) <=> HOX(22) + OCX(25) 0.000 -0.000
24 HX(19) + OX(20) <=> HOX(22) + X(1) 1.085 0.783
25 H2OX(23) + OX(20) <=> 2 HOX(22) -0.124 -0.089
26 HOX(22) + HX(19) <=> H2OX(23) + X(1) 0.000 0.000
Finished sensitivity simulation for a C/O ratio of 2.4
Finished translating for C/O ratio of 2.4
