[NbConvertApp] Converting notebook copyme.ipynb to notebook
[NbConvertApp] Executing notebook with kernel: python2
[IPKernelApp] ERROR | Failed to create history session in /home/mazeau.e/.ipython/profile_default/history.sqlite. History will not be saved.
Traceback (most recent call last):
  File "/home/mazeau.e/anaconda2/envs/rmg_env/lib/python2.7/site-packages/IPython/core/history.py", line 549, in __init__
    self.new_session()
  File "<decorator-gen-22>", line 2, in new_session
  File "/home/mazeau.e/anaconda2/envs/rmg_env/lib/python2.7/site-packages/IPython/core/history.py", line 60, in needs_sqlite
    return f(self, *a, **kw)
  File "/home/mazeau.e/anaconda2/envs/rmg_env/lib/python2.7/site-packages/IPython/core/history.py", line 575, in new_session
    NULL, "") """, (datetime.datetime.now(),))
OperationalError: database is locked
[NbConvertApp] ERROR | Timeout waiting for execute reply (9999s).
Traceback (most recent call last):
  File "/home/mazeau.e/anaconda2/envs/rmg_env/bin/jupyter-nbconvert", line 11, in <module>
    sys.exit(main())
  File "/home/mazeau.e/anaconda2/envs/rmg_env/lib/python2.7/site-packages/jupyter_core/application.py", line 266, in launch_instance
    return super(JupyterApp, cls).launch_instance(argv=argv, **kwargs)
  File "/home/mazeau.e/anaconda2/envs/rmg_env/lib/python2.7/site-packages/traitlets/config/application.py", line 658, in launch_instance
    app.start()
  File "/home/mazeau.e/anaconda2/envs/rmg_env/lib/python2.7/site-packages/nbconvert/nbconvertapp.py", line 325, in start
    self.convert_notebooks()
  File "/home/mazeau.e/anaconda2/envs/rmg_env/lib/python2.7/site-packages/nbconvert/nbconvertapp.py", line 493, in convert_notebooks
    self.convert_single_notebook(notebook_filename)
  File "/home/mazeau.e/anaconda2/envs/rmg_env/lib/python2.7/site-packages/nbconvert/nbconvertapp.py", line 464, in convert_single_notebook
    output, resources = self.export_single_notebook(notebook_filename, resources, input_buffer=input_buffer)
  File "/home/mazeau.e/anaconda2/envs/rmg_env/lib/python2.7/site-packages/nbconvert/nbconvertapp.py", line 393, in export_single_notebook
    output, resources = self.exporter.from_filename(notebook_filename, resources=resources)
  File "/home/mazeau.e/anaconda2/envs/rmg_env/lib/python2.7/site-packages/nbconvert/exporters/exporter.py", line 174, in from_filename
    return self.from_file(f, resources=resources, **kw)
  File "/home/mazeau.e/anaconda2/envs/rmg_env/lib/python2.7/site-packages/nbconvert/exporters/exporter.py", line 192, in from_file
    return self.from_notebook_node(nbformat.read(file_stream, as_version=4), resources=resources, **kw)
  File "/home/mazeau.e/anaconda2/envs/rmg_env/lib/python2.7/site-packages/nbconvert/exporters/notebook.py", line 31, in from_notebook_node
    nb_copy, resources = super(NotebookExporter, self).from_notebook_node(nb, resources, **kw)
  File "/home/mazeau.e/anaconda2/envs/rmg_env/lib/python2.7/site-packages/nbconvert/exporters/exporter.py", line 134, in from_notebook_node
    nb_copy, resources = self._preprocess(nb_copy, resources)
  File "/home/mazeau.e/anaconda2/envs/rmg_env/lib/python2.7/site-packages/nbconvert/exporters/exporter.py", line 311, in _preprocess
    nbc, resc = preprocessor(nbc, resc)
  File "/home/mazeau.e/anaconda2/envs/rmg_env/lib/python2.7/site-packages/nbconvert/preprocessors/base.py", line 47, in __call__
    return self.preprocess(nb, resources)
  File "/home/mazeau.e/anaconda2/envs/rmg_env/lib/python2.7/site-packages/nbconvert/preprocessors/execute.py", line 262, in preprocess
    nb, resources = super(ExecutePreprocessor, self).preprocess(nb, resources)
  File "/home/mazeau.e/anaconda2/envs/rmg_env/lib/python2.7/site-packages/nbconvert/preprocessors/base.py", line 69, in preprocess
    nb.cells[index], resources = self.preprocess_cell(cell, resources, index)
  File "/home/mazeau.e/anaconda2/envs/rmg_env/lib/python2.7/site-packages/nbconvert/preprocessors/execute.py", line 280, in preprocess_cell
    reply, outputs = self.run_cell(cell, cell_index)
  File "/home/mazeau.e/anaconda2/envs/rmg_env/lib/python2.7/site-packages/nbconvert/preprocessors/execute.py", line 348, in run_cell
    exec_reply = self._wait_for_reply(msg_id, cell)
  File "/home/mazeau.e/anaconda2/envs/rmg_env/lib/python2.7/site-packages/nbconvert/preprocessors/execute.py", line 337, in _wait_for_reply
    raise exception("Cell execution timed out")
RuntimeError: Cell execution timed out
