This mechanism contains 38 gas reactions and 33 surface reactions
Finished simulation at a C/O ratio of 2.2
Finished simulation at a C/O ratio of 2.6
Finished simulation at a C/O ratio of 1.4
Finished simulation at a C/O ratio of 1.6
Finished simulation at a C/O ratio of 1.8
Finished simulation at a C/O ratio of 1.0
Finished simulation at a C/O ratio of 1.3
Finished simulation at a C/O ratio of 2.4
Finished simulation at a C/O ratio of 0.9
Finished simulation at a C/O ratio of 1.1
Finished simulation at a C/O ratio of 0.8
Finished simulation at a C/O ratio of 0.6
Finished simulation at a C/O ratio of 1.2
Finished simulation at a C/O ratio of 0.7
Finished simulation at a C/O ratio of 2.0
Starting thermo sensitivity simulation for a C/O ratio of 2.4
0 X(1) 0.001 0.001 0.001 0.002 0.001
1 HX(19) -0.000 -0.000 -0.000 -0.002 -0.000
2 OX(20) -0.000 -0.000 -0.000 0.000 -0.000
3 CH3X(21) 0.000 -0.000 -0.000 -0.000 0.000
4 HOX(22) -0.000 -0.000 -0.000 -0.000 -0.000
5 H2OX(23) 0.000 0.000 0.000 0.000 0.000
6 CO2X(24) 0.000 -0.000 -0.000 -0.001 -0.000
7 OCX(25) 0.000 -0.000 -0.000 -0.000 0.000
8 CX(26) 0.000 0.000 0.000 0.001 0.000
9 CH2X(27) -0.000 -0.000 -0.000 -0.000 -0.000
10 CHX(28) -0.000 -0.000 -0.000 -0.000 -0.000
11 CH4X(48) 0.000 -0.000 -0.000 0.000 -0.000
12 H2X(49) 0.000 0.000 0.000 -0.000 0.000
13 C2H6X(52) -0.000 -0.000 -0.000 0.000 -0.000
Finished thermo sensitivity simulation for a C/O ratio of 2.4
Starting thermo sensitivity simulation for a C/O ratio of 2.2
0 X(1) 0.001 0.001 0.001 0.002 0.001
1 HX(19) -0.000 -0.000 -0.001 -0.002 -0.000
2 OX(20) -0.000 -0.000 -0.001 0.000 -0.000
3 CH3X(21) 0.000 -0.000 -0.000 -0.000 0.000
4 HOX(22) -0.000 -0.000 -0.000 -0.000 -0.000
5 H2OX(23) 0.000 0.000 0.000 0.000 0.000
6 CO2X(24) 0.000 0.000 0.000 -0.001 0.000
7 OCX(25) 0.000 0.000 0.000 -0.000 0.000
8 CX(26) 0.000 -0.000 0.000 0.001 0.000
9 CH2X(27) -0.000 -0.000 -0.000 -0.000 -0.000
10 CHX(28) -0.000 -0.000 -0.000 -0.000 -0.000
11 CH4X(48) 0.000 -0.000 -0.000 0.000 -0.000
12 H2X(49) -0.000 0.000 0.000 -0.000 0.000
13 C2H6X(52) -0.000 -0.000 -0.000 -0.000 0.000
Finished thermo sensitivity simulation for a C/O ratio of 2.2
Starting thermo sensitivity simulation for a C/O ratio of 1.0
0 X(1) 0.001 0.001 0.002 0.001 0.001
1 HX(19) -0.000 -0.000 -0.001 -0.002 -0.000
2 OX(20) -0.000 -0.000 -0.001 0.001 -0.000
3 CH3X(21) 0.000 0.000 0.000 0.000 -0.000
4 HOX(22) -0.000 -0.000 -0.000 -0.000 -0.000
5 H2OX(23) 0.000 0.000 0.000 0.000 0.000
6 CO2X(24) -0.000 -0.000 -0.000 -0.001 -0.000
7 OCX(25) 0.000 -0.000 -0.000 -0.000 0.000
8 CX(26) 0.000 0.000 0.000 0.001 0.000
9 CH2X(27) -0.000 -0.000 -0.000 -0.000 -0.000
10 CHX(28) -0.000 -0.000 -0.000 -0.000 -0.000
11 CH4X(48) 0.000 -0.000 -0.000 0.000 -0.000
12 H2X(49) 0.000 0.000 0.000 0.000 -0.000
13 C2H6X(52) -0.000 0.000 0.000 -0.000 0.000
Finished thermo sensitivity simulation for a C/O ratio of 1.0
Starting thermo sensitivity simulation for a C/O ratio of 0.9
0 X(1) 0.001 0.001 0.002 0.001 0.001
1 HX(19) -0.000 -0.000 -0.001 -0.002 -0.000
2 OX(20) -0.000 -0.000 -0.001 0.001 -0.000
3 CH3X(21) 0.000 0.000 0.000 0.000 -0.000
4 HOX(22) -0.000 -0.000 -0.000 -0.000 -0.000
5 H2OX(23) 0.000 0.000 0.000 0.000 0.000
6 CO2X(24) 0.000 0.000 0.000 -0.001 -0.000
7 OCX(25) -0.000 0.000 0.000 0.000 -0.000
8 CX(26) 0.000 0.000 0.000 0.001 0.000
9 CH2X(27) -0.000 -0.000 -0.000 -0.000 -0.000
10 CHX(28) -0.000 -0.000 -0.000 -0.000 -0.000
11 CH4X(48) 0.000 -0.000 -0.000 0.000 -0.000
12 H2X(49) -0.000 0.000 0.000 0.000 -0.000
13 C2H6X(52) -0.000 0.000 0.000 0.000 -0.000
Finished thermo sensitivity simulation for a C/O ratio of 0.9
Starting thermo sensitivity simulation for a C/O ratio of 1.2
0 X(1) 0.001 0.001 0.002 0.002 0.001
1 HX(19) -0.000 -0.000 -0.001 -0.002 -0.000
2 OX(20) -0.000 -0.000 -0.001 0.001 -0.000
3 CH3X(21) 0.000 -0.000 -0.000 -0.000 0.000
4 HOX(22) -0.000 -0.000 -0.000 -0.000 -0.000
5 H2OX(23) 0.000 0.000 0.000 0.000 0.000
6 CO2X(24) 0.000 -0.000 -0.000 -0.001 0.000
7 OCX(25) 0.000 -0.000 -0.000 -0.000 0.000
8 CX(26) 0.000 -0.000 0.000 0.001 0.000
9 CH2X(27) -0.000 -0.000 -0.000 -0.000 -0.000
10 CHX(28) -0.000 -0.000 -0.000 -0.000 -0.000
11 CH4X(48) 0.000 -0.000 -0.000 0.000 -0.000
12 H2X(49) 0.000 -0.000 -0.000 -0.000 0.000
13 C2H6X(52) 0.000 -0.000 -0.000 0.000 0.000
Finished thermo sensitivity simulation for a C/O ratio of 1.2
Starting thermo sensitivity simulation for a C/O ratio of 2.0
0 X(1) 0.001 0.001 0.001 0.002 0.001
1 HX(19) -0.000 -0.000 -0.001 -0.002 -0.000
2 OX(20) -0.000 -0.000 -0.001 0.000 -0.000
3 CH3X(21) 0.000 -0.000 -0.000 -0.000 0.000
4 HOX(22) -0.000 -0.000 -0.000 -0.000 -0.000
5 H2OX(23) 0.000 -0.000 -0.000 0.000 0.000
6 CO2X(24) 0.000 -0.000 -0.000 -0.001 0.000
7 OCX(25) 0.000 -0.000 -0.000 -0.000 0.000
8 CX(26) 0.000 -0.000 -0.000 0.001 0.000
9 CH2X(27) -0.000 -0.000 -0.000 -0.000 -0.000
10 CHX(28) -0.000 -0.000 -0.000 -0.000 -0.000
11 CH4X(48) 0.000 -0.000 -0.000 0.000 -0.000
12 H2X(49) 0.000 -0.000 -0.000 -0.000 0.000
13 C2H6X(52) 0.000 -0.000 -0.000 0.000 0.000
Finished thermo sensitivity simulation for a C/O ratio of 2.0
Starting thermo sensitivity simulation for a C/O ratio of 2.6
0 X(1) 0.000 0.001 0.001 0.002 0.001
1 HX(19) -0.000 -0.000 -0.000 -0.002 -0.000
2 OX(20) -0.000 -0.000 -0.000 0.000 -0.000
3 CH3X(21) 0.000 -0.000 -0.000 0.000 -0.000
4 HOX(22) -0.000 -0.000 -0.000 -0.000 -0.000
5 H2OX(23) 0.000 0.000 0.000 0.000 0.000
6 CO2X(24) -0.000 0.000 0.000 -0.001 -0.000
7 OCX(25) -0.000 0.000 0.000 0.000 -0.000
8 CX(26) 0.000 -0.000 0.000 0.001 0.000
9 CH2X(27) -0.000 -0.000 -0.000 -0.000 -0.000
10 CHX(28) -0.000 -0.000 -0.000 -0.000 -0.000
11 CH4X(48) 0.000 -0.000 -0.000 0.000 -0.000
12 H2X(49) 0.000 0.000 0.000 0.000 0.000
13 C2H6X(52) 0.000 0.000 0.000 0.000 -0.000
Finished thermo sensitivity simulation for a C/O ratio of 2.6
Starting thermo sensitivity simulation for a C/O ratio of 1.3
0 X(1) 0.001 0.001 0.002 0.002 0.001
1 HX(19) -0.000 -0.000 -0.001 -0.002 -0.000
2 OX(20) -0.000 -0.000 -0.001 0.001 -0.000
3 CH3X(21) -0.000 -0.000 -0.000 0.000 -0.000
4 HOX(22) -0.000 -0.000 -0.000 -0.000 -0.000
5 H2OX(23) 0.000 0.000 0.000 0.000 0.000
6 CO2X(24) -0.000 0.000 0.000 -0.001 -0.000
7 OCX(25) -0.000 -0.000 -0.000 -0.000 -0.000
8 CX(26) 0.000 0.000 0.000 0.001 0.000
9 CH2X(27) -0.000 -0.000 -0.000 -0.000 -0.000
10 CHX(28) -0.000 -0.000 -0.000 -0.000 -0.000
11 CH4X(48) 0.000 -0.000 -0.000 0.000 -0.000
12 H2X(49) 0.000 0.000 0.000 0.000 0.000
13 C2H6X(52) -0.000 -0.000 -0.000 0.000 -0.000
Finished thermo sensitivity simulation for a C/O ratio of 1.3
Starting thermo sensitivity simulation for a C/O ratio of 1.6
0 X(1) 0.001 0.001 0.001 0.002 0.001
1 HX(19) -0.000 -0.000 -0.001 -0.002 -0.000
2 OX(20) -0.000 -0.000 -0.001 0.000 -0.000
3 CH3X(21) -0.000 0.000 0.000 0.000 -0.000
4 HOX(22) -0.000 -0.000 -0.000 -0.000 -0.000
5 H2OX(23) 0.000 0.000 0.000 0.000 0.000
6 CO2X(24) -0.000 0.000 0.000 -0.001 -0.000
7 OCX(25) 0.000 -0.000 -0.000 0.000 -0.000
8 CX(26) 0.000 0.000 0.000 0.001 0.000
9 CH2X(27) -0.000 -0.000 -0.000 -0.000 -0.000
10 CHX(28) -0.000 -0.000 -0.000 -0.000 -0.000
11 CH4X(48) 0.000 -0.000 -0.000 0.000 -0.000
12 H2X(49) 0.000 0.000 0.000 0.000 -0.000
13 C2H6X(52) -0.000 0.000 0.000 0.000 -0.000
Finished thermo sensitivity simulation for a C/O ratio of 1.6
Starting thermo sensitivity simulation for a C/O ratio of 1.8
0 X(1) 0.001 0.001 0.001 0.002 0.001
1 HX(19) -0.000 -0.000 -0.001 -0.002 -0.000
2 OX(20) -0.000 -0.000 -0.001 0.000 -0.000
3 CH3X(21) -0.000 -0.000 -0.000 0.000 -0.000
4 HOX(22) -0.000 -0.000 -0.000 -0.000 -0.000
5 H2OX(23) 0.000 -0.000 -0.000 0.000 0.000
6 CO2X(24) -0.000 -0.000 -0.000 -0.001 -0.000
7 OCX(25) -0.000 -0.000 -0.000 0.000 -0.000
8 CX(26) 0.000 0.000 0.000 0.001 0.000
9 CH2X(27) -0.000 -0.000 -0.000 -0.000 -0.000
10 CHX(28) -0.000 -0.000 -0.000 -0.000 -0.000
11 CH4X(48) 0.000 -0.000 -0.000 0.000 -0.000
12 H2X(49) -0.000 0.000 0.000 0.000 -0.000
13 C2H6X(52) 0.000 -0.000 -0.000 -0.000 0.000
Finished thermo sensitivity simulation for a C/O ratio of 1.8
Starting thermo sensitivity simulation for a C/O ratio of 0.8
0 X(1) 0.001 0.001 0.002 0.001 0.001
1 HX(19) -0.000 -0.000 -0.001 -0.002 -0.000
2 OX(20) -0.000 -0.000 -0.001 0.001 -0.000
3 CH3X(21) -0.000 -0.000 -0.000 0.000 -0.000
4 HOX(22) -0.000 -0.000 -0.000 -0.000 -0.000
5 H2OX(23) 0.000 0.000 0.000 0.000 0.000
6 CO2X(24) -0.000 -0.000 -0.000 -0.001 -0.000
7 OCX(25) -0.000 -0.000 -0.000 0.000 -0.000
8 CX(26) 0.000 0.000 0.000 0.001 0.000
9 CH2X(27) -0.000 -0.000 -0.000 -0.000 -0.000
10 CHX(28) -0.000 -0.000 -0.000 -0.000 -0.000
11 CH4X(48) 0.000 -0.000 -0.000 0.000 -0.000
12 H2X(49) -0.000 0.000 0.000 0.000 -0.000
13 C2H6X(52) -0.000 0.000 0.000 0.000 -0.000
Finished thermo sensitivity simulation for a C/O ratio of 0.8
Starting thermo sensitivity simulation for a C/O ratio of 0.7
0 X(1) 0.001 0.001 0.002 0.001 0.001
1 HX(19) -0.001 -0.000 -0.001 -0.002 -0.000
2 OX(20) -0.001 -0.000 -0.001 0.001 -0.000
3 CH3X(21) -0.000 -0.000 -0.000 -0.000 -0.000
4 HOX(22) -0.000 -0.000 -0.000 -0.000 -0.000
5 H2OX(23) 0.000 0.000 0.000 0.000 0.000
6 CO2X(24) -0.000 -0.000 -0.000 -0.001 -0.000
7 OCX(25) 0.000 -0.000 -0.000 -0.000 0.000
8 CX(26) 0.000 -0.000 0.000 0.001 0.000
9 CH2X(27) -0.000 -0.000 -0.000 -0.000 -0.000
10 CHX(28) -0.000 -0.000 -0.000 -0.000 -0.000
11 CH4X(48) 0.000 -0.000 -0.000 0.000 -0.000
12 H2X(49) 0.000 -0.000 -0.000 -0.000 0.000
13 C2H6X(52) 0.000 -0.000 -0.000 0.000 0.000
Finished thermo sensitivity simulation for a C/O ratio of 0.7
Starting thermo sensitivity simulation for a C/O ratio of 0.6
0 X(1) 0.001 0.001 0.002 0.001 0.001
1 HX(19) -0.001 -0.000 -0.001 -0.002 -0.000
2 OX(20) -0.001 -0.000 -0.001 0.001 -0.000
3 CH3X(21) 0.000 -0.000 -0.000 -0.000 0.000
4 HOX(22) -0.000 -0.000 -0.000 -0.000 -0.000
5 H2OX(23) 0.000 0.000 0.000 0.000 0.000
6 CO2X(24) -0.000 -0.000 -0.000 -0.001 0.000
7 OCX(25) -0.000 -0.000 -0.000 -0.000 0.000
8 CX(26) 0.000 0.000 0.000 0.001 0.000
9 CH2X(27) -0.000 -0.000 -0.000 -0.000 -0.000
10 CHX(28) -0.000 -0.000 -0.000 -0.000 -0.000
11 CH4X(48) 0.000 -0.000 -0.000 0.000 -0.000
12 H2X(49) -0.000 -0.000 -0.000 -0.000 0.000
13 C2H6X(52) -0.000 -0.000 -0.000 -0.000 0.000
Finished thermo sensitivity simulation for a C/O ratio of 0.6
Starting thermo sensitivity simulation for a C/O ratio of 1.1
0 X(1) 0.001 0.001 0.002 0.002 0.001
1 HX(19) -0.000 -0.000 -0.001 -0.002 -0.000
2 OX(20) -0.000 -0.000 -0.001 0.001 -0.000
3 CH3X(21) 0.000 -0.000 -0.000 -0.000 0.000
4 HOX(22) -0.000 -0.000 -0.000 -0.000 -0.000
5 H2OX(23) 0.000 0.000 0.000 0.000 0.000
6 CO2X(24) 0.000 -0.000 -0.000 -0.001 0.000
7 OCX(25) 0.000 -0.000 -0.000 -0.000 0.000
8 CX(26) 0.000 -0.000 0.000 0.001 0.000
9 CH2X(27) -0.000 -0.000 -0.000 -0.000 -0.000
10 CHX(28) -0.000 -0.000 -0.000 -0.000 -0.000
11 CH4X(48) 0.000 -0.000 -0.000 0.000 -0.000
12 H2X(49) 0.000 -0.000 -0.000 -0.000 0.000
13 C2H6X(52) 0.000 -0.000 -0.000 -0.000 0.000
Finished thermo sensitivity simulation for a C/O ratio of 1.1
Starting thermo sensitivity simulation for a C/O ratio of 1.4
0 X(1) 0.001 0.001 0.001 0.002 0.001
1 HX(19) -0.000 -0.000 -0.001 -0.002 -0.000
2 OX(20) -0.000 -0.000 -0.001 0.001 -0.000
3 CH3X(21) -0.000 -0.000 -0.000 -0.000 -0.000
4 HOX(22) -0.000 -0.000 -0.000 -0.000 -0.000
5 H2OX(23) 0.000 0.000 0.000 0.000 0.000
6 CO2X(24) 0.000 -0.000 -0.000 -0.001 0.000
7 OCX(25) -0.000 0.000 0.000 0.000 -0.000
8 CX(26) 0.000 0.000 0.000 0.001 0.000
9 CH2X(27) -0.000 -0.000 -0.000 -0.000 -0.000
10 CHX(28) -0.000 -0.000 -0.000 -0.000 -0.000
11 CH4X(48) 0.000 -0.000 -0.000 0.000 -0.000
12 H2X(49) 0.000 0.000 0.000 -0.000 0.000
13 C2H6X(52) -0.000 -0.000 -0.000 0.000 -0.000
Finished thermo sensitivity simulation for a C/O ratio of 1.4
Starting sensitivity simulation for a C/O ratio of 2.6
0 CH4(2) + X(1) <=> CH4X(48) 0.000 0.000 0.000 0.000 -0.000
1 O2(3) + 2 X(1) <=> 2 OX(20) -0.000 0.000 0.000 0.000 -0.000
2 H2(6) + 2 X(1) <=> 2 HX(19) -0.000 -0.001 -0.001 0.000 -0.001
3 H(12) + X(1) <=> HX(19) -0.000 0.000 0.000 0.000 -0.000
4 CH4(2) + 2 X(1) <=> CH3X(21) + HX(19) -0.033 -0.468 -0.501 0.558 -0.464
5 C2H6(8) + 2 X(1) <=> 2 CH3X(21) -0.033 -0.309 -0.342 0.770 -0.304
6 CH3(10) + X(1) <=> CH3X(21) -0.000 -0.000 -0.000 -0.000 0.000
7 CH2X(27) + HX(19) <=> CH3X(21) + X(1) -0.000 -0.000 -0.000 0.000 -0.000
8 CHX(28) + HX(19) <=> CH2X(27) + X(1) -0.000 0.000 0.000 0.000 -0.000
9 2 CH2X(27) <=> CH3X(21) + CHX(28) -0.000 0.000 0.000 0.000 -0.000
10 CHX(28) + X(1) <=> CX(26) + HX(19) -0.000 0.000 0.000 0.000 -0.000
11 CX(26) + H2(6) <=> CH2X(27) 0.000 0.000 0.000 0.000 0.000
12 CH3X(21) + CX(26) <=> CH2X(27) + CHX(28) 0.000 0.000 0.000 -0.000 0.000
13 CH2X(27) + CX(26) <=> 2 CHX(28) 0.000 0.000 0.000 -0.000 -0.000
14 H2(6) + X(1) <=> H2X(49) 0.000 0.000 0.000 -0.000 0.000
15 CH4(2) + OX(20) + X(1) <=> CH3X(21) + HOX(22) 0.000 0.000 0.000 0.000 0.000
16 HX(19) + OX(20) <=> HOX(22) + X(1) 0.171 0.157 0.328 0.730 0.138
17 H2O(5) + 2 X(1) <=> HOX(22) + HX(19) 0.000 0.001 0.001 -0.982 0.001
18 CH3OH(14) + 2 X(1) <=> CH3X(21) + HOX(22) -0.000 -0.000 -0.000 -0.001 -0.000
19 OH(17) + X(1) <=> HOX(22) 0.000 -0.001 -0.001 -0.014 -0.001
20 CH2X(27) + HOX(22) <=> CH3X(21) + OX(20) 0.002 0.002 0.004 0.006 0.002
21 CHX(28) + HOX(22) <=> CH2X(27) + OX(20) 0.006 0.004 0.010 0.006 0.004
22 CX(26) + HOX(22) <=> CHX(28) + OX(20) 0.000 0.000 0.000 -0.000 0.000
23 CH4(2) + HOX(22) + X(1) <=> CH3X(21) + H2OX(23) -0.000 -0.000 -0.000 -0.003 -0.000
24 H2O(5) + X(1) <=> H2OX(23) -0.000 0.000 0.000 0.000 -0.000
25 H2OX(23) + OX(20) <=> 2 HOX(22) -0.000 -0.000 -0.000 -0.000 -0.000
26 HOX(22) + HX(19) <=> H2OX(23) + X(1) 0.000 0.000 0.000 -0.000 0.000
27 C2H6(8) + X(1) <=> C2H6X(52) -0.000 0.000 0.000 0.000 -0.000
28 CO2(4) + X(1) <=> CO2X(24) -0.000 -0.000 -0.000 0.000 -0.000
29 CO(7) + X(1) <=> OCX(25) -0.000 0.000 0.000 0.000 -0.000
30 CX(26) + OX(20) <=> OCX(25) + X(1) -0.000 -0.000 -0.000 -1.000 -0.000
31 OCX(25) + OX(20) <=> CO2X(24) + X(1) -0.000 0.000 0.000 0.000 -0.000
32 CO2X(24) + HX(19) <=> HOX(22) + OCX(25) -0.000 0.000 0.000 0.990 -0.000
Finished sensitivity simulation for a C/O ratio of 2.6
Finished translating for C/O ratio of 2.6
Starting sensitivity simulation for a C/O ratio of 2.4
0 CH4(2) + X(1) <=> CH4X(48) 0.000 0.000 0.000 -0.000 0.000
1 O2(3) + 2 X(1) <=> 2 OX(20) 0.000 0.000 0.000 -0.000 0.000
2 H2(6) + 2 X(1) <=> 2 HX(19) -0.000 -0.001 -0.001 0.000 -0.001
3 H(12) + X(1) <=> HX(19) 0.000 0.000 0.000 -0.000 0.000
4 CH4(2) + 2 X(1) <=> CH3X(21) + HX(19) -0.035 -0.469 -0.503 0.560 -0.464
5 C2H6(8) + 2 X(1) <=> 2 CH3X(21) -0.035 -0.310 -0.345 0.773 -0.306
6 CH3(10) + X(1) <=> CH3X(21) -0.000 -0.000 -0.000 -0.000 0.000
7 CH2X(27) + HX(19) <=> CH3X(21) + X(1) -0.000 -0.000 -0.000 0.000 -0.000
8 CHX(28) + HX(19) <=> CH2X(27) + X(1) 0.000 0.000 0.000 -0.000 0.000
9 2 CH2X(27) <=> CH3X(21) + CHX(28) 0.000 0.000 0.000 -0.000 -0.000
10 CHX(28) + X(1) <=> CX(26) + HX(19) 0.000 -0.000 -0.000 -0.000 0.000
11 CX(26) + H2(6) <=> CH2X(27) 0.000 -0.000 -0.000 -0.000 -0.000
12 CH3X(21) + CX(26) <=> CH2X(27) + CHX(28) 0.000 0.000 0.000 -0.000 0.000
13 CH2X(27) + CX(26) <=> 2 CHX(28) 0.000 0.000 0.000 0.000 -0.000
14 H2(6) + X(1) <=> H2X(49) -0.000 0.000 0.000 0.000 -0.000
15 CH4(2) + OX(20) + X(1) <=> CH3X(21) + HOX(22) 0.000 0.000 0.000 0.000 0.000
16 HX(19) + OX(20) <=> HOX(22) + X(1) 0.179 0.163 0.342 0.719 0.144
17 H2O(5) + 2 X(1) <=> HOX(22) + HX(19) 0.000 0.001 0.001 -0.982 0.001
18 CH3OH(14) + 2 X(1) <=> CH3X(21) + HOX(22) -0.000 -0.000 -0.000 -0.001 -0.000
19 OH(17) + X(1) <=> HOX(22) 0.000 -0.001 -0.001 -0.015 -0.001
20 CH2X(27) + HOX(22) <=> CH3X(21) + OX(20) 0.002 0.002 0.004 0.005 0.002
21 CHX(28) + HOX(22) <=> CH2X(27) + OX(20) 0.006 0.005 0.010 0.006 0.004
22 CX(26) + HOX(22) <=> CHX(28) + OX(20) 0.000 -0.000 -0.000 0.000 -0.000
23 CH4(2) + HOX(22) + X(1) <=> CH3X(21) + H2OX(23) -0.000 -0.000 -0.000 -0.003 -0.000
24 H2O(5) + X(1) <=> H2OX(23) 0.000 -0.000 -0.000 -0.000 0.000
25 H2OX(23) + OX(20) <=> 2 HOX(22) -0.000 -0.000 -0.000 -0.000 -0.000
26 HOX(22) + HX(19) <=> H2OX(23) + X(1) 0.000 0.000 0.000 -0.000 0.000
27 C2H6(8) + X(1) <=> C2H6X(52) 0.000 0.000 0.000 -0.000 0.000
28 CO2(4) + X(1) <=> CO2X(24) 0.000 -0.000 -0.000 0.000 0.000
29 CO(7) + X(1) <=> OCX(25) 0.000 0.000 0.000 0.000 0.000
30 CX(26) + OX(20) <=> OCX(25) + X(1) -0.000 -0.000 -0.000 -1.000 -0.000
31 OCX(25) + OX(20) <=> CO2X(24) + X(1) 0.000 -0.000 -0.000 -0.000 0.000
32 CO2X(24) + HX(19) <=> HOX(22) + OCX(25) 0.000 0.000 0.000 0.990 0.000
Finished sensitivity simulation for a C/O ratio of 2.4
Finished translating for C/O ratio of 2.4
Starting sensitivity simulation for a C/O ratio of 2.2
0 CH4(2) + X(1) <=> CH4X(48) 0.000 0.000 0.000 -0.000 0.000
1 O2(3) + 2 X(1) <=> 2 OX(20) 0.000 0.000 0.000 -0.000 0.000
2 H2(6) + 2 X(1) <=> 2 HX(19) -0.000 -0.001 -0.001 0.000 -0.001
3 H(12) + X(1) <=> HX(19) 0.000 0.000 0.000 -0.000 0.000
4 CH4(2) + 2 X(1) <=> CH3X(21) + HX(19) -0.036 -0.470 -0.506 0.561 -0.465
5 C2H6(8) + 2 X(1) <=> 2 CH3X(21) -0.037 -0.312 -0.349 0.775 -0.307
6 CH3(10) + X(1) <=> CH3X(21) -0.000 -0.000 -0.000 -0.000 0.000
7 CH2X(27) + HX(19) <=> CH3X(21) + X(1) -0.000 -0.000 -0.000 0.000 -0.000
8 CHX(28) + HX(19) <=> CH2X(27) + X(1) 0.000 -0.000 -0.000 -0.000 0.000
9 2 CH2X(27) <=> CH3X(21) + CHX(28) 0.000 -0.000 -0.000 -0.000 0.000
10 CHX(28) + X(1) <=> CX(26) + HX(19) 0.000 0.000 0.000 -0.000 0.000
11 CX(26) + H2(6) <=> CH2X(27) 0.000 -0.000 -0.000 -0.000 0.000
12 CH3X(21) + CX(26) <=> CH2X(27) + CHX(28) 0.000 0.000 0.000 -0.000 0.000
13 CH2X(27) + CX(26) <=> 2 CHX(28) 0.000 -0.000 -0.000 -0.000 0.000
14 H2(6) + X(1) <=> H2X(49) 0.000 -0.000 -0.000 -0.000 0.000
15 CH4(2) + OX(20) + X(1) <=> CH3X(21) + HOX(22) 0.000 0.000 0.000 0.000 0.000
16 HX(19) + OX(20) <=> HOX(22) + X(1) 0.188 0.171 0.358 0.706 0.151
17 H2O(5) + 2 X(1) <=> HOX(22) + HX(19) 0.000 0.001 0.001 -0.982 0.001
18 CH3OH(14) + 2 X(1) <=> CH3X(21) + HOX(22) -0.000 -0.000 -0.000 -0.001 -0.000
19 OH(17) + X(1) <=> HOX(22) 0.000 -0.001 -0.001 -0.015 -0.001
20 CH2X(27) + HOX(22) <=> CH3X(21) + OX(20) 0.002 0.002 0.005 0.005 0.002
21 CHX(28) + HOX(22) <=> CH2X(27) + OX(20) 0.006 0.005 0.011 0.006 0.004
22 CX(26) + HOX(22) <=> CHX(28) + OX(20) -0.000 -0.000 -0.000 -0.000 0.000
23 CH4(2) + HOX(22) + X(1) <=> CH3X(21) + H2OX(23) -0.000 -0.000 -0.000 -0.002 -0.000
24 H2O(5) + X(1) <=> H2OX(23) 0.000 0.000 0.000 -0.000 0.000
25 H2OX(23) + OX(20) <=> 2 HOX(22) -0.000 -0.000 -0.000 -0.000 -0.000
26 HOX(22) + HX(19) <=> H2OX(23) + X(1) 0.000 -0.000 -0.000 -0.000 0.000
27 C2H6(8) + X(1) <=> C2H6X(52) 0.000 -0.000 -0.000 -0.000 0.000
28 CO2(4) + X(1) <=> CO2X(24) 0.000 0.000 0.000 0.000 0.000
29 CO(7) + X(1) <=> OCX(25) -0.000 0.000 0.000 0.000 0.000
30 CX(26) + OX(20) <=> OCX(25) + X(1) -0.000 -0.000 -0.000 -1.000 -0.000
31 OCX(25) + OX(20) <=> CO2X(24) + X(1) 0.000 -0.000 -0.000 -0.000 0.000
32 CO2X(24) + HX(19) <=> HOX(22) + OCX(25) 0.000 0.000 0.000 0.990 0.000
Finished sensitivity simulation for a C/O ratio of 2.2
Finished translating for C/O ratio of 2.2
Starting sensitivity simulation for a C/O ratio of 1.6
0 CH4(2) + X(1) <=> CH4X(48) -0.000 0.000 0.000 0.000 -0.000
1 O2(3) + 2 X(1) <=> 2 OX(20) 0.000 0.000 0.000 -0.000 0.000
2 H2(6) + 2 X(1) <=> 2 HX(19) -0.000 -0.001 -0.001 0.000 -0.001
3 H(12) + X(1) <=> HX(19) -0.000 0.000 0.000 0.000 0.000
4 CH4(2) + 2 X(1) <=> CH3X(21) + HX(19) -0.044 -0.474 -0.518 0.568 -0.470
5 C2H6(8) + 2 X(1) <=> 2 CH3X(21) -0.045 -0.318 -0.363 0.786 -0.314
6 CH3(10) + X(1) <=> CH3X(21) -0.000 0.000 -0.000 -0.000 0.000
7 CH2X(27) + HX(19) <=> CH3X(21) + X(1) -0.000 -0.000 -0.000 0.000 -0.000
8 CHX(28) + HX(19) <=> CH2X(27) + X(1) -0.000 0.000 0.000 0.000 -0.000
9 2 CH2X(27) <=> CH3X(21) + CHX(28) -0.000 0.000 0.000 0.000 -0.000
10 CHX(28) + X(1) <=> CX(26) + HX(19) -0.000 0.000 0.000 0.000 -0.000
11 CX(26) + H2(6) <=> CH2X(27) -0.000 0.000 0.000 0.000 -0.000
12 CH3X(21) + CX(26) <=> CH2X(27) + CHX(28) -0.000 0.000 0.000 0.000 -0.000
13 CH2X(27) + CX(26) <=> 2 CHX(28) -0.000 0.000 0.000 0.000 -0.000
14 H2(6) + X(1) <=> H2X(49) -0.000 0.000 0.000 0.000 -0.000
15 CH4(2) + OX(20) + X(1) <=> CH3X(21) + HOX(22) 0.000 0.000 0.000 0.000 0.000
16 HX(19) + OX(20) <=> HOX(22) + X(1) 0.225 0.200 0.425 0.654 0.181
17 H2O(5) + 2 X(1) <=> HOX(22) + HX(19) 0.000 0.001 0.002 -0.981 0.002
18 CH3OH(14) + 2 X(1) <=> CH3X(21) + HOX(22) -0.000 -0.000 -0.000 -0.001 -0.000
19 OH(17) + X(1) <=> HOX(22) 0.000 -0.001 -0.001 -0.016 -0.001
20 CH2X(27) + HOX(22) <=> CH3X(21) + OX(20) 0.003 0.002 0.005 0.005 0.002
21 CHX(28) + HOX(22) <=> CH2X(27) + OX(20) 0.008 0.006 0.014 0.006 0.005
22 CX(26) + HOX(22) <=> CHX(28) + OX(20) -0.000 0.000 0.000 0.000 -0.000
23 CH4(2) + HOX(22) + X(1) <=> CH3X(21) + H2OX(23) -0.000 -0.000 -0.000 -0.002 -0.000
24 H2O(5) + X(1) <=> H2OX(23) -0.000 0.000 0.000 0.000 -0.000
25 H2OX(23) + OX(20) <=> 2 HOX(22) -0.000 -0.000 -0.000 -0.000 -0.000
26 HOX(22) + HX(19) <=> H2OX(23) + X(1) 0.000 -0.000 -0.000 -0.000 0.000
27 C2H6(8) + X(1) <=> C2H6X(52) -0.000 0.000 0.000 0.000 -0.000
28 CO2(4) + X(1) <=> CO2X(24) -0.000 0.000 0.000 0.000 -0.000
29 CO(7) + X(1) <=> OCX(25) 0.000 0.000 0.000 0.000 -0.000
30 CX(26) + OX(20) <=> OCX(25) + X(1) -0.000 -0.000 -0.000 -1.000 -0.000
31 OCX(25) + OX(20) <=> CO2X(24) + X(1) -0.000 0.000 0.000 0.000 -0.000
32 CO2X(24) + HX(19) <=> HOX(22) + OCX(25) -0.000 0.000 0.000 0.990 -0.000
Finished sensitivity simulation for a C/O ratio of 1.6
Finished translating for C/O ratio of 1.6
Starting sensitivity simulation for a C/O ratio of 1.3
0 CH4(2) + X(1) <=> CH4X(48) -0.000 0.000 0.000 -0.000 -0.000
1 O2(3) + 2 X(1) <=> 2 OX(20) -0.000 0.000 0.000 0.000 -0.000
2 H2(6) + 2 X(1) <=> 2 HX(19) -0.000 -0.001 -0.001 0.000 -0.001
3 H(12) + X(1) <=> HX(19) -0.000 0.000 0.000 -0.000 0.000
4 CH4(2) + 2 X(1) <=> CH3X(21) + HX(19) -0.049 -0.478 -0.528 0.573 -0.474
5 C2H6(8) + 2 X(1) <=> 2 CH3X(21) -0.051 -0.323 -0.374 0.794 -0.319
6 CH3(10) + X(1) <=> CH3X(21) -0.000 0.000 -0.000 -0.001 0.000
7 CH2X(27) + HX(19) <=> CH3X(21) + X(1) -0.000 -0.000 -0.000 0.000 -0.000
8 CHX(28) + HX(19) <=> CH2X(27) + X(1) 0.000 -0.000 -0.000 -0.000 0.000
9 2 CH2X(27) <=> CH3X(21) + CHX(28) -0.000 0.000 0.000 -0.000 0.000
10 CHX(28) + X(1) <=> CX(26) + HX(19) -0.000 -0.000 -0.000 0.000 -0.000
11 CX(26) + H2(6) <=> CH2X(27) 0.000 0.000 0.000 -0.000 0.000
12 CH3X(21) + CX(26) <=> CH2X(27) + CHX(28) 0.000 -0.000 0.000 -0.000 0.000
13 CH2X(27) + CX(26) <=> 2 CHX(28) -0.000 0.000 0.000 0.000 -0.000
14 H2(6) + X(1) <=> H2X(49) -0.000 0.000 0.000 0.000 -0.000
15 CH4(2) + OX(20) + X(1) <=> CH3X(21) + HOX(22) 0.000 0.000 0.000 0.000 0.000
16 HX(19) + OX(20) <=> HOX(22) + X(1) 0.253 0.222 0.474 0.614 0.204
17 H2O(5) + 2 X(1) <=> HOX(22) + HX(19) 0.000 0.002 0.002 -0.981 0.002
18 CH3OH(14) + 2 X(1) <=> CH3X(21) + HOX(22) -0.000 -0.000 -0.000 -0.001 -0.000
19 OH(17) + X(1) <=> HOX(22) 0.000 -0.001 -0.001 -0.016 -0.001
20 CH2X(27) + HOX(22) <=> CH3X(21) + OX(20) 0.003 0.003 0.006 0.004 0.002
21 CHX(28) + HOX(22) <=> CH2X(27) + OX(20) 0.010 0.007 0.017 0.005 0.006
22 CX(26) + HOX(22) <=> CHX(28) + OX(20) -0.000 0.000 0.000 -0.000 0.000
23 CH4(2) + HOX(22) + X(1) <=> CH3X(21) + H2OX(23) -0.000 -0.000 -0.000 -0.002 -0.000
24 H2O(5) + X(1) <=> H2OX(23) -0.000 0.000 0.000 0.000 -0.000
25 H2OX(23) + OX(20) <=> 2 HOX(22) -0.000 -0.000 -0.000 -0.000 -0.000
26 HOX(22) + HX(19) <=> H2OX(23) + X(1) -0.000 0.000 0.000 -0.000 -0.000
27 C2H6(8) + X(1) <=> C2H6X(52) -0.000 -0.000 -0.000 0.000 -0.000
28 CO2(4) + X(1) <=> CO2X(24) -0.000 -0.000 -0.000 0.000 -0.000
29 CO(7) + X(1) <=> OCX(25) -0.000 0.000 0.000 0.000 -0.000
30 CX(26) + OX(20) <=> OCX(25) + X(1) -0.000 -0.000 -0.000 -1.000 -0.000
31 OCX(25) + OX(20) <=> CO2X(24) + X(1) 0.000 -0.000 -0.000 -0.000 0.000
32 CO2X(24) + HX(19) <=> HOX(22) + OCX(25) -0.000 -0.000 -0.000 0.990 -0.000
Finished sensitivity simulation for a C/O ratio of 1.3
Finished translating for C/O ratio of 1.3
Starting sensitivity simulation for a C/O ratio of 1.4
0 CH4(2) + X(1) <=> CH4X(48) -0.000 -0.000 -0.000 0.000 -0.000
1 O2(3) + 2 X(1) <=> 2 OX(20) -0.000 0.000 0.000 -0.000 0.000
2 H2(6) + 2 X(1) <=> 2 HX(19) -0.000 -0.001 -0.001 0.000 -0.001
3 H(12) + X(1) <=> HX(19) -0.000 -0.000 -0.000 -0.000 0.000
4 CH4(2) + 2 X(1) <=> CH3X(21) + HX(19) -0.047 -0.477 -0.524 0.571 -0.473
5 C2H6(8) + 2 X(1) <=> 2 CH3X(21) -0.049 -0.321 -0.370 0.791 -0.317
6 CH3(10) + X(1) <=> CH3X(21) -0.000 0.000 -0.000 -0.001 0.000
7 CH2X(27) + HX(19) <=> CH3X(21) + X(1) -0.000 -0.000 -0.000 0.000 -0.000
8 CHX(28) + HX(19) <=> CH2X(27) + X(1) 0.000 -0.000 -0.000 -0.000 0.000
9 2 CH2X(27) <=> CH3X(21) + CHX(28) -0.000 0.000 0.000 0.000 -0.000
10 CHX(28) + X(1) <=> CX(26) + HX(19) -0.000 -0.000 -0.000 0.000 -0.000
11 CX(26) + H2(6) <=> CH2X(27) -0.000 -0.000 -0.000 0.000 -0.000
12 CH3X(21) + CX(26) <=> CH2X(27) + CHX(28) 0.000 -0.000 -0.000 -0.000 0.000
13 CH2X(27) + CX(26) <=> 2 CHX(28) -0.000 0.000 0.000 0.000 -0.000
14 H2(6) + X(1) <=> H2X(49) -0.000 0.000 0.000 0.000 -0.000
15 CH4(2) + OX(20) + X(1) <=> CH3X(21) + HOX(22) 0.000 0.000 0.000 0.000 0.000
16 HX(19) + OX(20) <=> HOX(22) + X(1) 0.243 0.213 0.456 0.629 0.195
17 H2O(5) + 2 X(1) <=> HOX(22) + HX(19) 0.000 0.001 0.002 -0.981 0.002
18 CH3OH(14) + 2 X(1) <=> CH3X(21) + HOX(22) -0.000 -0.000 -0.000 -0.001 -0.000
19 OH(17) + X(1) <=> HOX(22) 0.000 -0.001 -0.001 -0.016 -0.001
20 CH2X(27) + HOX(22) <=> CH3X(21) + OX(20) 0.003 0.003 0.006 0.004 0.002
21 CHX(28) + HOX(22) <=> CH2X(27) + OX(20) 0.009 0.007 0.016 0.005 0.006
22 CX(26) + HOX(22) <=> CHX(28) + OX(20) -0.000 -0.000 -0.000 0.000 -0.000
23 CH4(2) + HOX(22) + X(1) <=> CH3X(21) + H2OX(23) -0.000 -0.000 -0.000 -0.002 -0.000
24 H2O(5) + X(1) <=> H2OX(23) 0.000 -0.000 -0.000 -0.000 -0.000
25 H2OX(23) + OX(20) <=> 2 HOX(22) -0.000 -0.000 -0.000 -0.000 -0.000
26 HOX(22) + HX(19) <=> H2OX(23) + X(1) 0.000 -0.000 -0.000 -0.000 0.000
27 C2H6(8) + X(1) <=> C2H6X(52) -0.000 0.000 -0.000 -0.000 -0.000
28 CO2(4) + X(1) <=> CO2X(24) 0.000 -0.000 -0.000 0.000 0.000
29 CO(7) + X(1) <=> OCX(25) 0.000 0.000 0.000 0.000 0.000
30 CX(26) + OX(20) <=> OCX(25) + X(1) -0.000 -0.000 -0.000 -1.000 -0.000
31 OCX(25) + OX(20) <=> CO2X(24) + X(1) -0.000 -0.000 -0.000 0.000 -0.000
32 CO2X(24) + HX(19) <=> HOX(22) + OCX(25) 0.000 0.000 0.000 0.990 -0.000
Finished sensitivity simulation for a C/O ratio of 1.4
Finished translating for C/O ratio of 1.4
Starting sensitivity simulation for a C/O ratio of 1.8
0 CH4(2) + X(1) <=> CH4X(48) -0.000 -0.000 -0.000 0.000 -0.000
1 O2(3) + 2 X(1) <=> 2 OX(20) -0.000 -0.000 -0.000 0.000 -0.000
2 H2(6) + 2 X(1) <=> 2 HX(19) -0.000 -0.001 -0.001 0.000 -0.001
3 H(12) + X(1) <=> HX(19) -0.000 -0.000 -0.000 -0.000 -0.000
4 CH4(2) + 2 X(1) <=> CH3X(21) + HX(19) -0.041 -0.472 -0.513 0.565 -0.468
5 C2H6(8) + 2 X(1) <=> 2 CH3X(21) -0.042 -0.316 -0.358 0.782 -0.311
6 CH3(10) + X(1) <=> CH3X(21) -0.000 -0.000 -0.000 -0.000 0.000
7 CH2X(27) + HX(19) <=> CH3X(21) + X(1) -0.000 -0.000 -0.000 0.000 -0.000
8 CHX(28) + HX(19) <=> CH2X(27) + X(1) -0.000 -0.000 -0.000 0.000 -0.000
9 2 CH2X(27) <=> CH3X(21) + CHX(28) -0.000 0.000 0.000 0.000 -0.000
10 CHX(28) + X(1) <=> CX(26) + HX(19) 0.000 0.000 0.000 -0.000 -0.000
11 CX(26) + H2(6) <=> CH2X(27) -0.000 0.000 0.000 0.000 -0.000
12 CH3X(21) + CX(26) <=> CH2X(27) + CHX(28) -0.000 -0.000 -0.000 -0.000 -0.000
13 CH2X(27) + CX(26) <=> 2 CHX(28) 0.000 0.000 0.000 -0.000 -0.000
14 H2(6) + X(1) <=> H2X(49) -0.000 0.000 0.000 0.000 -0.000
15 CH4(2) + OX(20) + X(1) <=> CH3X(21) + HOX(22) 0.000 0.000 0.000 0.000 0.000
16 HX(19) + OX(20) <=> HOX(22) + X(1) 0.211 0.188 0.399 0.674 0.170
17 H2O(5) + 2 X(1) <=> HOX(22) + HX(19) 0.000 0.001 0.001 -0.981 0.001
18 CH3OH(14) + 2 X(1) <=> CH3X(21) + HOX(22) -0.000 -0.000 -0.000 -0.001 -0.000
19 OH(17) + X(1) <=> HOX(22) 0.000 -0.001 -0.001 -0.015 -0.001
20 CH2X(27) + HOX(22) <=> CH3X(21) + OX(20) 0.003 0.002 0.005 0.005 0.002
21 CHX(28) + HOX(22) <=> CH2X(27) + OX(20) 0.007 0.006 0.013 0.006 0.005
22 CX(26) + HOX(22) <=> CHX(28) + OX(20) -0.000 -0.000 -0.000 0.000 -0.000
23 CH4(2) + HOX(22) + X(1) <=> CH3X(21) + H2OX(23) -0.000 -0.000 -0.000 -0.002 -0.000
24 H2O(5) + X(1) <=> H2OX(23) 0.000 0.000 0.000 0.000 -0.000
25 H2OX(23) + OX(20) <=> 2 HOX(22) -0.000 -0.000 -0.000 -0.000 -0.000
26 HOX(22) + HX(19) <=> H2OX(23) + X(1) 0.000 -0.000 -0.000 -0.000 -0.000
27 C2H6(8) + X(1) <=> C2H6X(52) 0.000 -0.000 -0.000 -0.000 -0.000
28 CO2(4) + X(1) <=> CO2X(24) -0.000 -0.000 -0.000 0.000 -0.000
29 CO(7) + X(1) <=> OCX(25) 0.000 -0.000 -0.000 0.000 -0.000
30 CX(26) + OX(20) <=> OCX(25) + X(1) -0.000 -0.000 -0.000 -1.000 -0.000
31 OCX(25) + OX(20) <=> CO2X(24) + X(1) -0.000 -0.000 -0.000 -0.000 -0.000
32 CO2X(24) + HX(19) <=> HOX(22) + OCX(25) 0.000 0.000 0.000 0.990 0.000
Finished sensitivity simulation for a C/O ratio of 1.8
Finished translating for C/O ratio of 1.8
Starting sensitivity simulation for a C/O ratio of 1.1
0 CH4(2) + X(1) <=> CH4X(48) 0.000 -0.000 -0.000 -0.000 0.000
1 O2(3) + 2 X(1) <=> 2 OX(20) 0.000 -0.000 -0.000 -0.000 0.000
2 H2(6) + 2 X(1) <=> 2 HX(19) -0.000 -0.001 -0.001 0.001 -0.001
3 H(12) + X(1) <=> HX(19) 0.000 0.000 0.000 -0.000 0.000
4 CH4(2) + 2 X(1) <=> CH3X(21) + HX(19) -0.055 -0.482 -0.537 0.579 -0.478
5 C2H6(8) + 2 X(1) <=> 2 CH3X(21) -0.056 -0.327 -0.383 0.801 -0.323
6 CH3(10) + X(1) <=> CH3X(21) -0.000 0.000 -0.000 -0.001 0.000
7 CH2X(27) + HX(19) <=> CH3X(21) + X(1) -0.000 -0.000 -0.000 0.000 -0.000
8 CHX(28) + HX(19) <=> CH2X(27) + X(1) 0.000 -0.000 -0.000 -0.000 0.000
9 2 CH2X(27) <=> CH3X(21) + CHX(28) 0.000 0.000 0.000 -0.000 0.000
10 CHX(28) + X(1) <=> CX(26) + HX(19) 0.000 -0.000 -0.000 -0.000 0.000
11 CX(26) + H2(6) <=> CH2X(27) 0.000 -0.000 0.000 -0.000 0.000
12 CH3X(21) + CX(26) <=> CH2X(27) + CHX(28) 0.000 -0.000 -0.000 -0.000 0.000
13 CH2X(27) + CX(26) <=> 2 CHX(28) 0.000 -0.000 -0.000 -0.000 0.000
14 H2(6) + X(1) <=> H2X(49) 0.000 -0.000 -0.000 -0.000 0.000
15 CH4(2) + OX(20) + X(1) <=> CH3X(21) + HOX(22) 0.000 0.000 0.000 0.000 0.000
16 HX(19) + OX(20) <=> HOX(22) + X(1) 0.278 0.241 0.518 0.579 0.224
17 H2O(5) + 2 X(1) <=> HOX(22) + HX(19) 0.000 0.002 0.002 -0.980 0.002
18 CH3OH(14) + 2 X(1) <=> CH3X(21) + HOX(22) -0.000 -0.000 -0.001 -0.001 -0.000
19 OH(17) + X(1) <=> HOX(22) 0.000 -0.001 -0.001 -0.017 -0.002
20 CH2X(27) + HOX(22) <=> CH3X(21) + OX(20) 0.004 0.003 0.007 0.004 0.003
21 CHX(28) + HOX(22) <=> CH2X(27) + OX(20) 0.011 0.008 0.019 0.004 0.007
22 CX(26) + HOX(22) <=> CHX(28) + OX(20) 0.000 -0.000 -0.000 -0.000 0.000
23 CH4(2) + HOX(22) + X(1) <=> CH3X(21) + H2OX(23) -0.000 -0.000 -0.000 -0.002 -0.000
24 H2O(5) + X(1) <=> H2OX(23) 0.000 -0.000 -0.000 -0.000 0.000
25 H2OX(23) + OX(20) <=> 2 HOX(22) -0.000 -0.000 -0.000 -0.000 -0.000
26 HOX(22) + HX(19) <=> H2OX(23) + X(1) 0.000 -0.000 -0.000 -0.000 0.000
27 C2H6(8) + X(1) <=> C2H6X(52) 0.000 -0.000 -0.000 -0.000 0.000
28 CO2(4) + X(1) <=> CO2X(24) 0.000 0.000 0.000 0.000 0.000
29 CO(7) + X(1) <=> OCX(25) 0.000 -0.000 -0.000 0.000 0.000
30 CX(26) + OX(20) <=> OCX(25) + X(1) -0.000 -0.000 -0.000 -1.000 -0.000
31 OCX(25) + OX(20) <=> CO2X(24) + X(1) 0.000 -0.000 -0.000 -0.000 0.000
32 CO2X(24) + HX(19) <=> HOX(22) + OCX(25) 0.000 0.000 0.000 0.990 0.000
Finished sensitivity simulation for a C/O ratio of 1.1
Finished translating for C/O ratio of 1.1
Starting sensitivity simulation for a C/O ratio of 1.2
0 CH4(2) + X(1) <=> CH4X(48) 0.000 -0.000 -0.000 -0.000 0.000
1 O2(3) + 2 X(1) <=> 2 OX(20) 0.000 -0.000 -0.000 -0.000 0.000
2 H2(6) + 2 X(1) <=> 2 HX(19) -0.000 -0.001 -0.001 0.000 -0.001
3 H(12) + X(1) <=> HX(19) 0.000 -0.000 -0.000 -0.000 0.000
4 CH4(2) + 2 X(1) <=> CH3X(21) + HX(19) -0.052 -0.480 -0.532 0.576 -0.476
5 C2H6(8) + 2 X(1) <=> 2 CH3X(21) -0.053 -0.325 -0.378 0.797 -0.320
6 CH3(10) + X(1) <=> CH3X(21) -0.000 0.000 -0.000 -0.001 0.000
7 CH2X(27) + HX(19) <=> CH3X(21) + X(1) -0.000 -0.000 -0.000 0.000 -0.000
8 CHX(28) + HX(19) <=> CH2X(27) + X(1) 0.000 -0.000 -0.000 0.000 0.000
9 2 CH2X(27) <=> CH3X(21) + CHX(28) 0.000 -0.000 -0.000 -0.000 0.000
10 CHX(28) + X(1) <=> CX(26) + HX(19) 0.000 -0.000 -0.000 -0.000 0.000
11 CX(26) + H2(6) <=> CH2X(27) 0.000 -0.000 -0.000 -0.000 0.000
12 CH3X(21) + CX(26) <=> CH2X(27) + CHX(28) 0.000 -0.000 -0.000 0.000 0.000
13 CH2X(27) + CX(26) <=> 2 CHX(28) 0.000 -0.000 -0.000 -0.000 0.000
14 H2(6) + X(1) <=> H2X(49) 0.000 -0.000 -0.000 0.000 0.000
15 CH4(2) + OX(20) + X(1) <=> CH3X(21) + HOX(22) 0.000 0.000 0.000 0.000 0.000
16 HX(19) + OX(20) <=> HOX(22) + X(1) 0.265 0.231 0.495 0.597 0.213
17 H2O(5) + 2 X(1) <=> HOX(22) + HX(19) 0.000 0.002 0.002 -0.980 0.002
18 CH3OH(14) + 2 X(1) <=> CH3X(21) + HOX(22) -0.000 -0.000 -0.001 -0.001 -0.000
19 OH(17) + X(1) <=> HOX(22) 0.000 -0.001 -0.001 -0.017 -0.001
20 CH2X(27) + HOX(22) <=> CH3X(21) + OX(20) 0.003 0.003 0.006 0.004 0.003
21 CHX(28) + HOX(22) <=> CH2X(27) + OX(20) 0.010 0.007 0.018 0.005 0.007
22 CX(26) + HOX(22) <=> CHX(28) + OX(20) -0.000 -0.000 -0.000 0.000 -0.000
23 CH4(2) + HOX(22) + X(1) <=> CH3X(21) + H2OX(23) -0.000 -0.000 -0.000 -0.002 -0.000
24 H2O(5) + X(1) <=> H2OX(23) 0.000 -0.000 -0.000 0.000 -0.000
25 H2OX(23) + OX(20) <=> 2 HOX(22) -0.000 -0.000 -0.000 -0.000 -0.000
26 HOX(22) + HX(19) <=> H2OX(23) + X(1) 0.000 0.000 0.000 -0.000 0.000
27 C2H6(8) + X(1) <=> C2H6X(52) 0.000 -0.000 -0.000 -0.000 0.000
28 CO2(4) + X(1) <=> CO2X(24) 0.000 -0.000 -0.000 0.000 -0.000
29 CO(7) + X(1) <=> OCX(25) 0.000 -0.000 -0.000 0.000 0.000
30 CX(26) + OX(20) <=> OCX(25) + X(1) -0.000 -0.000 -0.000 -1.000 -0.000
31 OCX(25) + OX(20) <=> CO2X(24) + X(1) 0.000 -0.000 -0.000 0.000 0.000
32 CO2X(24) + HX(19) <=> HOX(22) + OCX(25) 0.000 -0.000 -0.000 0.990 0.000
Finished sensitivity simulation for a C/O ratio of 1.2
Finished translating for C/O ratio of 1.2
Starting sensitivity simulation for a C/O ratio of 0.8
0 CH4(2) + X(1) <=> CH4X(48) -0.000 0.000 0.000 0.000 -0.000
1 O2(3) + 2 X(1) <=> 2 OX(20) -0.000 0.000 0.000 0.000 -0.000
2 H2(6) + 2 X(1) <=> 2 HX(19) -0.000 -0.001 -0.001 0.001 -0.001
3 H(12) + X(1) <=> HX(19) 0.000 -0.000 -0.000 -0.000 0.000
4 CH4(2) + 2 X(1) <=> CH3X(21) + HX(19) -0.066 -0.492 -0.558 0.592 -0.488
5 C2H6(8) + 2 X(1) <=> 2 CH3X(21) -0.068 -0.335 -0.404 0.816 -0.331
6 CH3(10) + X(1) <=> CH3X(21) -0.000 0.000 -0.000 -0.001 0.001
7 CH2X(27) + HX(19) <=> CH3X(21) + X(1) -0.000 -0.000 -0.000 0.000 -0.000
8 CHX(28) + HX(19) <=> CH2X(27) + X(1) -0.000 0.000 0.000 0.000 -0.000
9 2 CH2X(27) <=> CH3X(21) + CHX(28) -0.000 0.000 0.000 0.000 -0.000
10 CHX(28) + X(1) <=> CX(26) + HX(19) -0.000 0.000 0.000 0.000 -0.000
11 CX(26) + H2(6) <=> CH2X(27) -0.000 0.000 0.000 0.000 -0.000
12 CH3X(21) + CX(26) <=> CH2X(27) + CHX(28) 0.000 0.000 0.000 0.000 -0.000
13 CH2X(27) + CX(26) <=> 2 CHX(28) -0.000 -0.000 -0.000 0.000 -0.000
14 H2(6) + X(1) <=> H2X(49) -0.000 -0.000 -0.000 0.000 -0.000
15 CH4(2) + OX(20) + X(1) <=> CH3X(21) + HOX(22) 0.000 0.000 0.000 0.000 0.000
16 HX(19) + OX(20) <=> HOX(22) + X(1) 0.332 0.282 0.613 0.503 0.267
17 H2O(5) + 2 X(1) <=> HOX(22) + HX(19) 0.000 0.002 0.003 -0.979 0.003
18 CH3OH(14) + 2 X(1) <=> CH3X(21) + HOX(22) -0.000 -0.000 -0.001 -0.001 -0.000
19 OH(17) + X(1) <=> HOX(22) 0.000 -0.002 -0.002 -0.018 -0.002
20 CH2X(27) + HOX(22) <=> CH3X(21) + OX(20) 0.004 0.003 0.008 0.003 0.003
21 CHX(28) + HOX(22) <=> CH2X(27) + OX(20) 0.015 0.011 0.026 0.003 0.010
22 CX(26) + HOX(22) <=> CHX(28) + OX(20) 0.000 0.000 0.000 -0.000 0.000
23 CH4(2) + HOX(22) + X(1) <=> CH3X(21) + H2OX(23) -0.000 -0.000 -0.000 -0.002 -0.000
24 H2O(5) + X(1) <=> H2OX(23) -0.000 0.000 0.000 0.000 -0.000
25 H2OX(23) + OX(20) <=> 2 HOX(22) -0.000 -0.000 -0.000 -0.000 -0.000
26 HOX(22) + HX(19) <=> H2OX(23) + X(1) -0.000 0.000 0.000 -0.000 -0.000
27 C2H6(8) + X(1) <=> C2H6X(52) -0.000 -0.000 -0.000 0.000 -0.000
28 CO2(4) + X(1) <=> CO2X(24) -0.000 0.000 0.000 0.000 -0.000
29 CO(7) + X(1) <=> OCX(25) -0.000 0.000 0.000 0.000 -0.000
30 CX(26) + OX(20) <=> OCX(25) + X(1) -0.000 -0.000 -0.000 -1.000 -0.000
31 OCX(25) + OX(20) <=> CO2X(24) + X(1) -0.000 0.000 0.000 0.000 -0.000
32 CO2X(24) + HX(19) <=> HOX(22) + OCX(25) -0.000 0.000 0.000 0.990 0.000
Finished sensitivity simulation for a C/O ratio of 0.8
Finished translating for C/O ratio of 0.8
Starting sensitivity simulation for a C/O ratio of 0.7
0 CH4(2) + X(1) <=> CH4X(48) -0.000 0.000 0.000 -0.000 -0.000
1 O2(3) + 2 X(1) <=> 2 OX(20) 0.000 -0.000 -0.000 -0.000 0.000
2 H2(6) + 2 X(1) <=> 2 HX(19) -0.000 -0.001 -0.001 0.001 -0.001
3 H(12) + X(1) <=> HX(19) -0.000 -0.000 -0.000 -0.000 0.000
4 CH4(2) + 2 X(1) <=> CH3X(21) + HX(19) -0.071 -0.497 -0.568 0.598 -0.493
5 C2H6(8) + 2 X(1) <=> 2 CH3X(21) -0.074 -0.339 -0.413 0.822 -0.335
6 CH3(10) + X(1) <=> CH3X(21) -0.000 0.000 -0.000 -0.001 0.001
7 CH2X(27) + HX(19) <=> CH3X(21) + X(1) -0.000 -0.000 -0.000 0.000 -0.000
8 CHX(28) + HX(19) <=> CH2X(27) + X(1) -0.000 -0.000 -0.000 -0.000 -0.000
9 2 CH2X(27) <=> CH3X(21) + CHX(28) 0.000 0.000 0.000 -0.000 0.000
10 CHX(28) + X(1) <=> CX(26) + HX(19) 0.000 -0.000 -0.000 -0.000 0.000
11 CX(26) + H2(6) <=> CH2X(27) 0.000 -0.000 -0.000 -0.000 0.000
12 CH3X(21) + CX(26) <=> CH2X(27) + CHX(28) 0.000 0.000 0.000 -0.000 0.000
13 CH2X(27) + CX(26) <=> 2 CHX(28) 0.000 0.000 0.000 -0.000 0.000
14 H2(6) + X(1) <=> H2X(49) 0.000 -0.000 -0.000 -0.000 -0.000
15 CH4(2) + OX(20) + X(1) <=> CH3X(21) + HOX(22) 0.000 0.000 0.000 0.000 0.000
16 HX(19) + OX(20) <=> HOX(22) + X(1) 0.357 0.302 0.658 0.467 0.287
17 H2O(5) + 2 X(1) <=> HOX(22) + HX(19) 0.000 0.003 0.003 -0.978 0.003
18 CH3OH(14) + 2 X(1) <=> CH3X(21) + HOX(22) -0.000 -0.000 -0.001 -0.001 -0.000
19 OH(17) + X(1) <=> HOX(22) 0.000 -0.002 -0.002 -0.019 -0.002
20 CH2X(27) + HOX(22) <=> CH3X(21) + OX(20) 0.005 0.004 0.008 0.003 0.004
21 CHX(28) + HOX(22) <=> CH2X(27) + OX(20) 0.017 0.012 0.029 0.002 0.011
22 CX(26) + HOX(22) <=> CHX(28) + OX(20) 0.000 -0.000 -0.000 -0.000 0.000
23 CH4(2) + HOX(22) + X(1) <=> CH3X(21) + H2OX(23) -0.000 -0.000 -0.000 -0.002 -0.000
24 H2O(5) + X(1) <=> H2OX(23) 0.000 -0.000 -0.000 -0.000 -0.000
25 H2OX(23) + OX(20) <=> 2 HOX(22) -0.000 -0.000 -0.000 -0.000 -0.000
26 HOX(22) + HX(19) <=> H2OX(23) + X(1) 0.000 -0.000 -0.000 -0.000 0.000
27 C2H6(8) + X(1) <=> C2H6X(52) 0.000 -0.000 -0.000 -0.000 0.000
28 CO2(4) + X(1) <=> CO2X(24) 0.000 0.000 0.000 0.000 0.000
29 CO(7) + X(1) <=> OCX(25) 0.000 0.000 0.000 0.000 0.000
30 CX(26) + OX(20) <=> OCX(25) + X(1) -0.000 -0.000 -0.000 -1.000 -0.000
31 OCX(25) + OX(20) <=> CO2X(24) + X(1) 0.000 -0.000 -0.000 0.000 -0.000
32 CO2X(24) + HX(19) <=> HOX(22) + OCX(25) -0.000 0.000 0.000 0.990 0.000
Finished sensitivity simulation for a C/O ratio of 0.7
Finished translating for C/O ratio of 0.7
Starting sensitivity simulation for a C/O ratio of 1.0
0 CH4(2) + X(1) <=> CH4X(48) 0.000 0.000 0.000 0.000 -0.000
1 O2(3) + 2 X(1) <=> 2 OX(20) 0.000 0.000 0.000 -0.000 0.000
2 H2(6) + 2 X(1) <=> 2 HX(19) -0.000 -0.001 -0.001 0.001 -0.001
3 H(12) + X(1) <=> HX(19) 0.000 0.000 0.000 -0.000 0.000
4 CH4(2) + 2 X(1) <=> CH3X(21) + HX(19) -0.058 -0.485 -0.543 0.582 -0.481
5 C2H6(8) + 2 X(1) <=> 2 CH3X(21) -0.060 -0.329 -0.389 0.805 -0.325
6 CH3(10) + X(1) <=> CH3X(21) -0.000 0.000 -0.000 -0.001 0.000
7 CH2X(27) + HX(19) <=> CH3X(21) + X(1) -0.000 -0.000 -0.000 0.000 -0.000
8 CHX(28) + HX(19) <=> CH2X(27) + X(1) 0.000 0.000 0.000 0.000 0.000
9 2 CH2X(27) <=> CH3X(21) + CHX(28) 0.000 0.000 0.000 -0.000 0.000
10 CHX(28) + X(1) <=> CX(26) + HX(19) 0.000 0.000 0.000 -0.000 -0.000
11 CX(26) + H2(6) <=> CH2X(27) 0.000 0.000 0.000 0.000 -0.000
12 CH3X(21) + CX(26) <=> CH2X(27) + CHX(28) 0.000 0.000 0.000 0.000 -0.000
13 CH2X(27) + CX(26) <=> 2 CHX(28) 0.000 0.000 0.000 -0.000 0.000
14 H2(6) + X(1) <=> H2X(49) 0.000 0.000 0.000 0.000 -0.000
15 CH4(2) + OX(20) + X(1) <=> CH3X(21) + HOX(22) 0.000 0.000 0.000 0.000 0.000
16 HX(19) + OX(20) <=> HOX(22) + X(1) 0.293 0.252 0.545 0.557 0.236
17 H2O(5) + 2 X(1) <=> HOX(22) + HX(19) 0.000 0.002 0.002 -0.980 0.002
18 CH3OH(14) + 2 X(1) <=> CH3X(21) + HOX(22) -0.000 -0.000 -0.001 -0.001 -0.000
19 OH(17) + X(1) <=> HOX(22) 0.000 -0.001 -0.001 -0.017 -0.002
20 CH2X(27) + HOX(22) <=> CH3X(21) + OX(20) 0.004 0.003 0.007 0.004 0.003
21 CHX(28) + HOX(22) <=> CH2X(27) + OX(20) 0.012 0.009 0.021 0.004 0.008
22 CX(26) + HOX(22) <=> CHX(28) + OX(20) 0.000 0.000 0.000 0.000 -0.000
23 CH4(2) + HOX(22) + X(1) <=> CH3X(21) + H2OX(23) -0.000 -0.000 -0.000 -0.002 -0.000
24 H2O(5) + X(1) <=> H2OX(23) 0.000 0.000 0.000 -0.000 -0.000
25 H2OX(23) + OX(20) <=> 2 HOX(22) -0.000 -0.000 -0.000 -0.000 -0.000
26 HOX(22) + HX(19) <=> H2OX(23) + X(1) 0.000 -0.000 -0.000 -0.000 0.000
27 C2H6(8) + X(1) <=> C2H6X(52) -0.000 0.000 0.000 0.000 -0.000
28 CO2(4) + X(1) <=> CO2X(24) 0.000 0.000 0.000 0.000 0.000
29 CO(7) + X(1) <=> OCX(25) 0.000 -0.000 -0.000 0.000 0.000
30 CX(26) + OX(20) <=> OCX(25) + X(1) -0.000 -0.000 -0.000 -1.000 -0.000
31 OCX(25) + OX(20) <=> CO2X(24) + X(1) -0.000 0.000 0.000 -0.000 0.000
32 CO2X(24) + HX(19) <=> HOX(22) + OCX(25) 0.000 -0.000 -0.000 0.990 0.000
Finished sensitivity simulation for a C/O ratio of 1.0
Finished translating for C/O ratio of 1.0
