This mechanism contains 38 gas reactions and 41 surface reactions
Finished simulation at a C/O ratio of 2.6
Finished simulation at a C/O ratio of 0.9
Finished simulation at a C/O ratio of 1.0
Finished simulation at a C/O ratio of 0.8
Finished simulation at a C/O ratio of 1.3
Finished simulation at a C/O ratio of 1.2
Finished simulation at a C/O ratio of 2.4
Finished simulation at a C/O ratio of 0.7
Finished simulation at a C/O ratio of 2.0
Finished simulation at a C/O ratio of 1.1
Finished simulation at a C/O ratio of 2.2
Finished simulation at a C/O ratio of 1.6
Finished simulation at a C/O ratio of 1.4
Finished simulation at a C/O ratio of 0.6
Finished simulation at a C/O ratio of 1.8
Starting sensitivity simulation for a C/O ratio of 0.7
0 CH4(2) + X(1) <=> CH4X(48) -0.078 -0.090
1 O2(3) + 2 X(1) <=> 2 OX(20) 0.203 0.215
2 H2(6) + 2 X(1) <=> 2 HX(19) -0.081 -0.092
3 H(12) + X(1) <=> HX(19) -0.048 -0.056
4 HX(19) + OX(20) <=> HOX(22) + X(1) -0.016 -0.020
5 H2O(5) + 2 X(1) <=> HOX(22) + HX(19) -0.019 -0.021
6 OH(17) + X(1) <=> HOX(22) -0.047 -0.055
7 CH4(2) + 2 X(1) <=> CH3X(21) + HX(19) -0.016 -0.021
8 CH4(2) + OX(20) + X(1) <=> CH3X(21) + HOX(22) -0.539 -0.604
9 C2H6(8) + 2 X(1) <=> 2 CH3X(21) -0.048 -0.056
10 CH3(10) + X(1) <=> CH3X(21) -0.215 -0.223
11 CH3OH(14) + 2 X(1) <=> CH3X(21) + HOX(22) -0.052 -0.058
12 CH2X(27) + HX(19) <=> CH3X(21) + X(1) -0.078 -0.090
13 CH2X(27) + HOX(22) <=> CH3X(21) + OX(20) -0.016 -0.020
14 CHX(28) + HX(19) <=> CH2X(27) + X(1) -0.047 -0.055
15 CHX(28) + HOX(22) <=> CH2X(27) + OX(20) 0.016 0.015
16 2 CH2X(27) <=> CH3X(21) + CHX(28) -0.079 -0.091
17 CHX(28) + X(1) <=> CX(26) + HX(19) -0.015 -0.020
18 CX(26) + H2(6) <=> CH2X(27) -0.052 -0.058
19 CX(26) + HOX(22) <=> CHX(28) + OX(20) -0.015 -0.020
20 CH3X(21) + CX(26) <=> CH2X(27) + CHX(28) -0.015 -0.020
21 CH2X(27) + CX(26) <=> 2 CHX(28) -0.015 -0.020
22 CO(7) + X(1) <=> OCX(25) -0.032 -0.036
23 CX(26) + OX(20) <=> OCX(25) + X(1) -0.047 -0.055
24 H2(6) + X(1) <=> H2X(49) -0.032 -0.036
25 CH4(2) + HOX(22) + X(1) <=> CH3X(21) + H2OX(23) -0.047 -0.055
26 H2O(5) + X(1) <=> H2OX(23) -0.021 -0.023
27 H2OX(23) + OX(20) <=> 2 HOX(22) -0.047 -0.053
28 HOX(22) + HX(19) <=> H2OX(23) + X(1) -0.020 -0.023
29 CO(7) + X(1) <=> COX(50) -0.048 -0.056
30 CO2(4) + X(1) <=> CO2X(24) -0.014 -0.018
31 OCX(25) + OX(20) <=> CO2X(24) + X(1) -0.045 -0.054
32 CO2X(24) + HX(19) <=> HOX(22) + OCX(25) -0.078 -0.090
33 CH2O(9) + 2 X(1) <=> CHOX(53) + HX(19) -0.052 -0.058
34 HCO(15) + X(1) <=> CHOX(53) -0.047 -0.055
35 CH3CHO(16) + 2 X(1) <=> CH3X(21) + CHOX(53) -0.047 -0.055
36 CHOX(53) + X(1) <=> HX(19) + OCX(25) -0.047 -0.055
37 CHOX(53) + OX(20) <=> HOX(22) + OCX(25) -0.048 -0.056
38 CH2X(27) + CHOX(53) <=> CH3X(21) + OCX(25) -0.021 -0.023
39 CHOX(53) + CHX(28) <=> CH2X(27) + OCX(25) -0.021 -0.023
40 CHOX(53) + CX(26) <=> CHX(28) + OCX(25) -0.016 -0.020
Finished sensitivity simulation for a C/O ratio of 0.7
Finished translating for C/O ratio of 0.7
Starting sensitivity simulation for a C/O ratio of 2.4
0 CH4(2) + X(1) <=> CH4X(48) -0.022 -0.056
1 O2(3) + 2 X(1) <=> 2 OX(20) -0.000 0.008
2 H2(6) + 2 X(1) <=> 2 HX(19) -0.001 -0.007
3 H(12) + X(1) <=> HX(19) -0.013 -0.029
4 HX(19) + OX(20) <=> HOX(22) + X(1) -0.012 -0.020
5 H2O(5) + 2 X(1) <=> HOX(22) + HX(19) -0.026 -0.059
6 OH(17) + X(1) <=> HOX(22) -0.013 -0.031
7 CH4(2) + 2 X(1) <=> CH3X(21) + HX(19) -0.025 -0.065
8 CH4(2) + OX(20) + X(1) <=> CH3X(21) + HOX(22) -0.128 -0.306
9 C2H6(8) + 2 X(1) <=> 2 CH3X(21) 0.000 -0.003
10 CH3(10) + X(1) <=> CH3X(21) -0.001 -0.006
11 CH3OH(14) + 2 X(1) <=> CH3X(21) + HOX(22) -0.013 -0.031
12 CH2X(27) + HX(19) <=> CH3X(21) + X(1) 0.001 0.008
13 CH2X(27) + HOX(22) <=> CH3X(21) + OX(20) -0.013 -0.027
14 CHX(28) + HX(19) <=> CH2X(27) + X(1) -0.012 -0.027
15 CHX(28) + HOX(22) <=> CH2X(27) + OX(20) -0.001 -0.006
16 2 CH2X(27) <=> CH3X(21) + CHX(28) -0.015 -0.041
17 CHX(28) + X(1) <=> CX(26) + HX(19) 0.001 0.004
18 CX(26) + H2(6) <=> CH2X(27) -0.001 -0.006
19 CX(26) + HOX(22) <=> CHX(28) + OX(20) 0.001 0.004
20 CH3X(21) + CX(26) <=> CH2X(27) + CHX(28) 0.001 0.004
21 CH2X(27) + CX(26) <=> 2 CHX(28) -0.013 -0.031
22 CO(7) + X(1) <=> OCX(25) -0.012 -0.020
23 CX(26) + OX(20) <=> OCX(25) + X(1) -0.013 -0.027
24 H2(6) + X(1) <=> H2X(49) -0.021 -0.051
25 CH4(2) + HOX(22) + X(1) <=> CH3X(21) + H2OX(23) -0.014 -0.038
26 H2O(5) + X(1) <=> H2OX(23) -0.013 -0.035
27 H2OX(23) + OX(20) <=> 2 HOX(22) -0.003 -0.020
28 HOX(22) + HX(19) <=> H2OX(23) + X(1) 0.012 0.026
29 CO(7) + X(1) <=> COX(50) -0.013 -0.027
30 CO2(4) + X(1) <=> CO2X(24) -0.014 -0.038
31 OCX(25) + OX(20) <=> CO2X(24) + X(1) -0.013 -0.031
32 CO2X(24) + HX(19) <=> HOX(22) + OCX(25) -0.013 -0.032
33 CH2O(9) + 2 X(1) <=> CHOX(53) + HX(19) -0.013 -0.035
34 HCO(15) + X(1) <=> CHOX(53) -0.002 -0.017
35 CH3CHO(16) + 2 X(1) <=> CH3X(21) + CHOX(53) 0.001 0.005
36 CHOX(53) + X(1) <=> HX(19) + OCX(25) -0.001 -0.006
37 CHOX(53) + OX(20) <=> HOX(22) + OCX(25) -0.001 -0.006
38 CH2X(27) + CHOX(53) <=> CH3X(21) + OCX(25) -0.013 -0.032
39 CHOX(53) + CHX(28) <=> CH2X(27) + OCX(25) -0.012 -0.020
40 CHOX(53) + CX(26) <=> CHX(28) + OCX(25) -0.024 -0.051
Finished sensitivity simulation for a C/O ratio of 2.4
Finished translating for C/O ratio of 2.4
Starting sensitivity simulation for a C/O ratio of 2.0
0 CH4(2) + X(1) <=> CH4X(48) -0.001 -0.004
1 O2(3) + 2 X(1) <=> 2 OX(20) 0.013 0.024
2 H2(6) + 2 X(1) <=> 2 HX(19) -0.013 -0.033
3 H(12) + X(1) <=> HX(19) -0.002 -0.004
4 HX(19) + OX(20) <=> HOX(22) + X(1) -0.001 -0.010
5 H2O(5) + 2 X(1) <=> HOX(22) + HX(19) -0.023 -0.056
6 OH(17) + X(1) <=> HOX(22) -0.019 -0.045
7 CH4(2) + 2 X(1) <=> CH3X(21) + HX(19) -0.004 -0.011
8 CH4(2) + OX(20) + X(1) <=> CH3X(21) + HOX(22) -0.135 -0.312
9 C2H6(8) + 2 X(1) <=> 2 CH3X(21) -0.006 -0.013
10 CH3(10) + X(1) <=> CH3X(21) -0.018 -0.044
11 CH3OH(14) + 2 X(1) <=> CH3X(21) + HOX(22) -0.001 -0.004
12 CH2X(27) + HX(19) <=> CH3X(21) + X(1) 0.012 0.021
13 CH2X(27) + HOX(22) <=> CH3X(21) + OX(20) -0.010 -0.028
14 CHX(28) + HX(19) <=> CH2X(27) + X(1) -0.005 -0.013
15 CHX(28) + HOX(22) <=> CH2X(27) + OX(20) 0.013 0.030
16 2 CH2X(27) <=> CH3X(21) + CHX(28) -0.010 -0.026
17 CHX(28) + X(1) <=> CX(26) + HX(19) -0.010 -0.033
18 CX(26) + H2(6) <=> CH2X(27) -0.022 -0.050
19 CX(26) + HOX(22) <=> CHX(28) + OX(20) 0.003 0.004
20 CH3X(21) + CX(26) <=> CH2X(27) + CHX(28) -0.013 -0.030
21 CH2X(27) + CX(26) <=> 2 CHX(28) -0.005 -0.015
22 CO(7) + X(1) <=> OCX(25) -0.001 -0.004
23 CX(26) + OX(20) <=> OCX(25) + X(1) -0.005 -0.015
24 H2(6) + X(1) <=> H2X(49) -0.010 -0.026
25 CH4(2) + HOX(22) + X(1) <=> CH3X(21) + H2OX(23) -0.001 -0.005
26 H2O(5) + X(1) <=> H2OX(23) 0.003 0.005
27 H2OX(23) + OX(20) <=> 2 HOX(22) -0.001 -0.002
28 HOX(22) + HX(19) <=> H2OX(23) + X(1) -0.023 -0.050
29 CO(7) + X(1) <=> COX(50) 0.000 0.000
30 CO2(4) + X(1) <=> CO2X(24) 0.013 0.028
31 OCX(25) + OX(20) <=> CO2X(24) + X(1) -0.023 -0.053
32 CO2X(24) + HX(19) <=> HOX(22) + OCX(25) 0.000 0.000
33 CH2O(9) + 2 X(1) <=> CHOX(53) + HX(19) 0.000 0.000
34 HCO(15) + X(1) <=> CHOX(53) -0.013 -0.030
35 CH3CHO(16) + 2 X(1) <=> CH3X(21) + CHOX(53) -0.001 -0.004
36 CHOX(53) + X(1) <=> HX(19) + OCX(25) -0.005 -0.013
37 CHOX(53) + OX(20) <=> HOX(22) + OCX(25) -0.010 -0.026
38 CH2X(27) + CHOX(53) <=> CH3X(21) + OCX(25) -0.018 -0.049
39 CHOX(53) + CHX(28) <=> CH2X(27) + OCX(25) -0.001 -0.004
40 CHOX(53) + CX(26) <=> CHX(28) + OCX(25) 0.000 0.000
Finished sensitivity simulation for a C/O ratio of 2.0
Finished translating for C/O ratio of 2.0
Starting sensitivity simulation for a C/O ratio of 2.2
0 CH4(2) + X(1) <=> CH4X(48) -0.012 -0.020
1 O2(3) + 2 X(1) <=> 2 OX(20) 0.012 0.035
2 H2(6) + 2 X(1) <=> 2 HX(19) 0.002 0.011
3 H(12) + X(1) <=> HX(19) -0.009 -0.022
4 HX(19) + OX(20) <=> HOX(22) + X(1) -0.000 -0.004
5 H2O(5) + 2 X(1) <=> HOX(22) + HX(19) -0.012 -0.021
6 OH(17) + X(1) <=> HOX(22) -0.012 -0.023
7 CH4(2) + 2 X(1) <=> CH3X(21) + HX(19) -0.003 0.000
8 CH4(2) + OX(20) + X(1) <=> CH3X(21) + HOX(22) -0.134 -0.321
9 C2H6(8) + 2 X(1) <=> 2 CH3X(21) 0.012 0.031
10 CH3(10) + X(1) <=> CH3X(21) 0.011 0.022
11 CH3OH(14) + 2 X(1) <=> CH3X(21) + HOX(22) 0.014 0.040
12 CH2X(27) + HX(19) <=> CH3X(21) + X(1) 0.013 0.038
13 CH2X(27) + HOX(22) <=> CH3X(21) + OX(20) 0.014 0.040
14 CHX(28) + HX(19) <=> CH2X(27) + X(1) -0.000 -0.006
15 CHX(28) + HOX(22) <=> CH2X(27) + OX(20) -0.001 0.000
16 2 CH2X(27) <=> CH3X(21) + CHX(28) -0.000 -0.004
17 CHX(28) + X(1) <=> CX(26) + HX(19) 0.027 0.071
18 CX(26) + H2(6) <=> CH2X(27) -0.000 -0.006
19 CX(26) + HOX(22) <=> CHX(28) + OX(20) -0.000 -0.006
20 CH3X(21) + CX(26) <=> CH2X(27) + CHX(28) -0.001 -0.004
21 CH2X(27) + CX(26) <=> 2 CHX(28) 0.013 0.038
22 CO(7) + X(1) <=> OCX(25) 0.014 0.040
23 CX(26) + OX(20) <=> OCX(25) + X(1) 0.014 0.040
24 H2(6) + X(1) <=> H2X(49) -0.002 -0.006
25 CH4(2) + HOX(22) + X(1) <=> CH3X(21) + H2OX(23) -0.000 0.005
26 H2O(5) + X(1) <=> H2OX(23) 0.014 0.040
27 H2OX(23) + OX(20) <=> 2 HOX(22) 0.006 0.013
28 HOX(22) + HX(19) <=> H2OX(23) + X(1) -0.001 -0.003
29 CO(7) + X(1) <=> COX(50) 0.000 0.009
30 CO2(4) + X(1) <=> CO2X(24) 0.001 0.010
31 OCX(25) + OX(20) <=> CO2X(24) + X(1) 0.001 0.009
32 CO2X(24) + HX(19) <=> HOX(22) + OCX(25) 0.014 0.040
33 CH2O(9) + 2 X(1) <=> CHOX(53) + HX(19) -0.000 -0.006
34 HCO(15) + X(1) <=> CHOX(53) -0.000 -0.004
35 CH3CHO(16) + 2 X(1) <=> CH3X(21) + CHOX(53) 0.000 0.007
36 CHOX(53) + X(1) <=> HX(19) + OCX(25) -0.000 -0.004
37 CHOX(53) + OX(20) <=> HOX(22) + OCX(25) 0.000 0.009
38 CH2X(27) + CHOX(53) <=> CH3X(21) + OCX(25) 0.013 0.038
39 CHOX(53) + CHX(28) <=> CH2X(27) + OCX(25) -0.001 -0.004
40 CHOX(53) + CX(26) <=> CHX(28) + OCX(25) -0.000 -0.004
Finished sensitivity simulation for a C/O ratio of 2.2
Finished translating for C/O ratio of 2.2
Starting sensitivity simulation for a C/O ratio of 1.8
0 CH4(2) + X(1) <=> CH4X(48) 0.001 0.007
1 O2(3) + 2 X(1) <=> 2 OX(20) 0.003 0.012
2 H2(6) + 2 X(1) <=> 2 HX(19) -0.010 -0.013
3 H(12) + X(1) <=> HX(19) -0.012 -0.017
4 HX(19) + OX(20) <=> HOX(22) + X(1) -0.017 -0.033
5 H2O(5) + 2 X(1) <=> HOX(22) + HX(19) -0.019 -0.037
6 OH(17) + X(1) <=> HOX(22) -0.017 -0.028
7 CH4(2) + 2 X(1) <=> CH3X(21) + HX(19) -0.030 -0.058
8 CH4(2) + OX(20) + X(1) <=> CH3X(21) + HOX(22) -0.136 -0.299
9 C2H6(8) + 2 X(1) <=> 2 CH3X(21) -0.012 -0.027
10 CH3(10) + X(1) <=> CH3X(21) -0.014 -0.020
11 CH3OH(14) + 2 X(1) <=> CH3X(21) + HOX(22) -0.017 -0.027
12 CH2X(27) + HX(19) <=> CH3X(21) + X(1) -0.022 -0.040
13 CH2X(27) + HOX(22) <=> CH3X(21) + OX(20) -0.011 -0.025
14 CHX(28) + HX(19) <=> CH2X(27) + X(1) -0.011 -0.020
15 CHX(28) + HOX(22) <=> CH2X(27) + OX(20) 0.008 0.022
16 2 CH2X(27) <=> CH3X(21) + CHX(28) -0.017 -0.027
17 CHX(28) + X(1) <=> CX(26) + HX(19) -0.022 -0.040
18 CX(26) + H2(6) <=> CH2X(27) -0.023 -0.046
19 CX(26) + HOX(22) <=> CHX(28) + OX(20) -0.023 -0.046
20 CH3X(21) + CX(26) <=> CH2X(27) + CHX(28) -0.023 -0.046
21 CH2X(27) + CX(26) <=> 2 CHX(28) -0.010 -0.014
22 CO(7) + X(1) <=> OCX(25) -0.022 -0.040
23 CX(26) + OX(20) <=> OCX(25) + X(1) -0.014 -0.025
24 H2(6) + X(1) <=> H2X(49) -0.011 -0.019
25 CH4(2) + HOX(22) + X(1) <=> CH3X(21) + H2OX(23) -0.028 -0.052
26 H2O(5) + X(1) <=> H2OX(23) -0.010 -0.012
27 H2OX(23) + OX(20) <=> 2 HOX(22) -0.011 -0.026
28 HOX(22) + HX(19) <=> H2OX(23) + X(1) 0.001 0.006
29 CO(7) + X(1) <=> COX(50) -0.010 -0.014
30 CO2(4) + X(1) <=> CO2X(24) -0.009 -0.011
31 OCX(25) + OX(20) <=> CO2X(24) + X(1) -0.010 -0.017
32 CO2X(24) + HX(19) <=> HOX(22) + OCX(25) -0.011 -0.025
33 CH2O(9) + 2 X(1) <=> CHOX(53) + HX(19) 0.001 0.007
34 HCO(15) + X(1) <=> CHOX(53) -0.023 -0.046
35 CH3CHO(16) + 2 X(1) <=> CH3X(21) + CHOX(53) -0.011 -0.019
36 CHOX(53) + X(1) <=> HX(19) + OCX(25) -0.027 -0.050
37 CHOX(53) + OX(20) <=> HOX(22) + OCX(25) -0.023 -0.051
38 CH2X(27) + CHOX(53) <=> CH3X(21) + OCX(25) -0.023 -0.047
39 CHOX(53) + CHX(28) <=> CH2X(27) + OCX(25) -0.023 -0.046
40 CHOX(53) + CX(26) <=> CHX(28) + OCX(25) -0.010 -0.017
Finished sensitivity simulation for a C/O ratio of 1.8
Finished translating for C/O ratio of 1.8
Starting sensitivity simulation for a C/O ratio of 2.6
0 CH4(2) + X(1) <=> CH4X(48) 0.025 0.051
1 O2(3) + 2 X(1) <=> 2 OX(20) 0.028 0.061
2 H2(6) + 2 X(1) <=> 2 HX(19) 0.003 0.005
3 H(12) + X(1) <=> HX(19) 0.003 0.004
4 HX(19) + OX(20) <=> HOX(22) + X(1) 0.004 0.006
5 H2O(5) + 2 X(1) <=> HOX(22) + HX(19) -0.010 -0.031
6 OH(17) + X(1) <=> HOX(22) 0.004 0.006
7 CH4(2) + 2 X(1) <=> CH3X(21) + HX(19) -0.000 -0.007
8 CH4(2) + OX(20) + X(1) <=> CH3X(21) + HOX(22) -0.114 -0.279
9 C2H6(8) + 2 X(1) <=> 2 CH3X(21) 0.000 0.002
10 CH3(10) + X(1) <=> CH3X(21) -0.000 0.004
11 CH3OH(14) + 2 X(1) <=> CH3X(21) + HOX(22) 0.000 0.002
12 CH2X(27) + HX(19) <=> CH3X(21) + X(1) -0.000 -0.002
13 CH2X(27) + HOX(22) <=> CH3X(21) + OX(20) 0.004 0.006
14 CHX(28) + HX(19) <=> CH2X(27) + X(1) 0.013 0.034
15 CHX(28) + HOX(22) <=> CH2X(27) + OX(20) 0.004 0.006
16 2 CH2X(27) <=> CH3X(21) + CHX(28) 0.012 0.023
17 CHX(28) + X(1) <=> CX(26) + HX(19) 0.004 0.006
18 CX(26) + H2(6) <=> CH2X(27) -0.000 -0.001
19 CX(26) + HOX(22) <=> CHX(28) + OX(20) 0.017 0.034
20 CH3X(21) + CX(26) <=> CH2X(27) + CHX(28) 0.004 0.006
21 CH2X(27) + CX(26) <=> 2 CHX(28) 0.012 0.019
22 CO(7) + X(1) <=> OCX(25) 0.003 0.002
23 CX(26) + OX(20) <=> OCX(25) + X(1) -0.000 0.004
24 H2(6) + X(1) <=> H2X(49) 0.000 0.002
25 CH4(2) + HOX(22) + X(1) <=> CH3X(21) + H2OX(23) 0.013 0.032
26 H2O(5) + X(1) <=> H2OX(23) 0.012 0.023
27 H2OX(23) + OX(20) <=> 2 HOX(22) 0.003 0.001
28 HOX(22) + HX(19) <=> H2OX(23) + X(1) -0.000 0.004
29 CO(7) + X(1) <=> COX(50) 0.025 0.051
30 CO2(4) + X(1) <=> CO2X(24) -0.001 -0.004
31 OCX(25) + OX(20) <=> CO2X(24) + X(1) 0.011 0.015
32 CO2X(24) + HX(19) <=> HOX(22) + OCX(25) -0.000 -0.001
33 CH2O(9) + 2 X(1) <=> CHOX(53) + HX(19) 0.000 0.002
34 HCO(15) + X(1) <=> CHOX(53) 0.003 0.002
35 CH3CHO(16) + 2 X(1) <=> CH3X(21) + CHOX(53) 0.003 0.002
36 CHOX(53) + X(1) <=> HX(19) + OCX(25) 0.003 0.002
37 CHOX(53) + OX(20) <=> HOX(22) + OCX(25) 0.000 0.002
38 CH2X(27) + CHOX(53) <=> CH3X(21) + OCX(25) 0.013 0.032
39 CHOX(53) + CHX(28) <=> CH2X(27) + OCX(25) -0.000 -0.000
40 CHOX(53) + CX(26) <=> CHX(28) + OCX(25) 0.003 0.002
Finished sensitivity simulation for a C/O ratio of 2.6
Finished translating for C/O ratio of 2.6
Starting sensitivity simulation for a C/O ratio of 1.6
0 CH4(2) + X(1) <=> CH4X(48) -0.001 -0.010
1 O2(3) + 2 X(1) <=> 2 OX(20) 0.017 0.028
2 H2(6) + 2 X(1) <=> 2 HX(19) -0.000 -0.000
3 H(12) + X(1) <=> HX(19) -0.001 -0.004
4 HX(19) + OX(20) <=> HOX(22) + X(1) 0.002 0.005
5 H2O(5) + 2 X(1) <=> HOX(22) + HX(19) -0.006 -0.022
6 OH(17) + X(1) <=> HOX(22) -0.011 -0.023
7 CH4(2) + 2 X(1) <=> CH3X(21) + HX(19) 0.008 0.011
8 CH4(2) + OX(20) + X(1) <=> CH3X(21) + HOX(22) -0.109 -0.231
9 C2H6(8) + 2 X(1) <=> 2 CH3X(21) -0.002 -0.012
10 CH3(10) + X(1) <=> CH3X(21) -0.029 -0.046
11 CH3OH(14) + 2 X(1) <=> CH3X(21) + HOX(22) -0.001 -0.003
12 CH2X(27) + HX(19) <=> CH3X(21) + X(1) 0.009 0.006
13 CH2X(27) + HOX(22) <=> CH3X(21) + OX(20) 0.000 0.001
14 CHX(28) + HX(19) <=> CH2X(27) + X(1) 0.010 0.015
15 CHX(28) + HOX(22) <=> CH2X(27) + OX(20) 0.003 -0.007
16 2 CH2X(27) <=> CH3X(21) + CHX(28) 0.012 0.025
17 CHX(28) + X(1) <=> CX(26) + HX(19) -0.011 -0.023
18 CX(26) + H2(6) <=> CH2X(27) -0.019 -0.040
19 CX(26) + HOX(22) <=> CHX(28) + OX(20) 0.010 0.015
20 CH3X(21) + CX(26) <=> CH2X(27) + CHX(28) 0.011 0.017
21 CH2X(27) + CX(26) <=> 2 CHX(28) -0.008 -0.026
22 CO(7) + X(1) <=> OCX(25) 0.009 0.006
23 CX(26) + OX(20) <=> OCX(25) + X(1) 0.000 0.001
24 H2(6) + X(1) <=> H2X(49) 0.022 0.041
25 CH4(2) + HOX(22) + X(1) <=> CH3X(21) + H2OX(23) 0.009 0.005
26 H2O(5) + X(1) <=> H2OX(23) -0.012 -0.027
27 H2OX(23) + OX(20) <=> 2 HOX(22) -0.011 -0.024
28 HOX(22) + HX(19) <=> H2OX(23) + X(1) -0.000 -0.000
29 CO(7) + X(1) <=> COX(50) -0.012 -0.027
30 CO2(4) + X(1) <=> CO2X(24) -0.001 -0.012
31 OCX(25) + OX(20) <=> CO2X(24) + X(1) -0.011 -0.023
32 CO2X(24) + HX(19) <=> HOX(22) + OCX(25) 0.010 0.016
33 CH2O(9) + 2 X(1) <=> CHOX(53) + HX(19) -0.001 -0.010
34 HCO(15) + X(1) <=> CHOX(53) -0.018 -0.040
35 CH3CHO(16) + 2 X(1) <=> CH3X(21) + CHOX(53) -0.011 -0.023
36 CHOX(53) + X(1) <=> HX(19) + OCX(25) -0.000 -0.000
37 CHOX(53) + OX(20) <=> HOX(22) + OCX(25) -0.012 -0.027
38 CH2X(27) + CHOX(53) <=> CH3X(21) + OCX(25) -0.003 -0.021
39 CHOX(53) + CHX(28) <=> CH2X(27) + OCX(25) -0.000 -0.000
40 CHOX(53) + CX(26) <=> CHX(28) + OCX(25) -0.001 -0.010
Finished sensitivity simulation for a C/O ratio of 1.6
Finished translating for C/O ratio of 1.6
Starting sensitivity simulation for a C/O ratio of 1.3
0 CH4(2) + X(1) <=> CH4X(48) -0.032 -0.055
1 O2(3) + 2 X(1) <=> 2 OX(20) 0.022 0.020
2 H2(6) + 2 X(1) <=> 2 HX(19) -0.011 -0.017
3 H(12) + X(1) <=> HX(19) -0.010 -0.019
4 HX(19) + OX(20) <=> HOX(22) + X(1) -0.012 -0.029
5 H2O(5) + 2 X(1) <=> HOX(22) + HX(19) -0.024 -0.044
6 OH(17) + X(1) <=> HOX(22) -0.020 -0.036
7 CH4(2) + 2 X(1) <=> CH3X(21) + HX(19) -0.031 -0.053
8 CH4(2) + OX(20) + X(1) <=> CH3X(21) + HOX(22) -0.123 -0.200
9 C2H6(8) + 2 X(1) <=> 2 CH3X(21) -0.011 -0.020
10 CH3(10) + X(1) <=> CH3X(21) -0.057 -0.072
11 CH3OH(14) + 2 X(1) <=> CH3X(21) + HOX(22) -0.011 -0.020
12 CH2X(27) + HX(19) <=> CH3X(21) + X(1) -0.010 -0.012
13 CH2X(27) + HOX(22) <=> CH3X(21) + OX(20) -0.020 -0.036
14 CHX(28) + HX(19) <=> CH2X(27) + X(1) -0.020 -0.034
15 CHX(28) + HOX(22) <=> CH2X(27) + OX(20) -0.010 -0.025
16 2 CH2X(27) <=> CH3X(21) + CHX(28) -0.001 -0.005
17 CHX(28) + X(1) <=> CX(26) + HX(19) -0.011 -0.020
18 CX(26) + H2(6) <=> CH2X(27) -0.010 -0.013
19 CX(26) + HOX(22) <=> CHX(28) + OX(20) -0.011 -0.021
20 CH3X(21) + CX(26) <=> CH2X(27) + CHX(28) -0.021 -0.039
21 CH2X(27) + CX(26) <=> 2 CHX(28) 0.012 0.028
22 CO(7) + X(1) <=> OCX(25) -0.020 -0.036
23 CX(26) + OX(20) <=> OCX(25) + X(1) -0.010 -0.019
24 H2(6) + X(1) <=> H2X(49) -0.031 -0.053
25 CH4(2) + HOX(22) + X(1) <=> CH3X(21) + H2OX(23) -0.010 -0.021
26 H2O(5) + X(1) <=> H2OX(23) -0.011 -0.020
27 H2OX(23) + OX(20) <=> 2 HOX(22) -0.009 -0.020
28 HOX(22) + HX(19) <=> H2OX(23) + X(1) -0.011 -0.020
29 CO(7) + X(1) <=> COX(50) -0.011 -0.020
30 CO2(4) + X(1) <=> CO2X(24) -0.020 -0.038
31 OCX(25) + OX(20) <=> CO2X(24) + X(1) -0.020 -0.038
32 CO2X(24) + HX(19) <=> HOX(22) + OCX(25) -0.026 -0.049
33 CH2O(9) + 2 X(1) <=> CHOX(53) + HX(19) -0.010 -0.017
34 HCO(15) + X(1) <=> CHOX(53) -0.020 -0.036
35 CH3CHO(16) + 2 X(1) <=> CH3X(21) + CHOX(53) -0.023 -0.049
36 CHOX(53) + X(1) <=> HX(19) + OCX(25) 0.009 0.011
37 CHOX(53) + OX(20) <=> HOX(22) + OCX(25) -0.020 -0.033
38 CH2X(27) + CHOX(53) <=> CH3X(21) + OCX(25) -0.021 -0.039
39 CHOX(53) + CHX(28) <=> CH2X(27) + OCX(25) -0.010 -0.016
40 CHOX(53) + CX(26) <=> CHX(28) + OCX(25) -0.021 -0.036
Finished sensitivity simulation for a C/O ratio of 1.3
Finished translating for C/O ratio of 1.3
Starting sensitivity simulation for a C/O ratio of 0.9
0 CH4(2) + X(1) <=> CH4X(48) -0.034 -0.052
1 O2(3) + 2 X(1) <=> 2 OX(20) 0.063 0.062
2 H2(6) + 2 X(1) <=> 2 HX(19) -0.026 -0.039
3 H(12) + X(1) <=> HX(19) -0.035 -0.055
4 HX(19) + OX(20) <=> HOX(22) + X(1) -0.033 -0.052
5 H2O(5) + 2 X(1) <=> HOX(22) + HX(19) -0.024 -0.040
6 OH(17) + X(1) <=> HOX(22) -0.025 -0.049
7 CH4(2) + 2 X(1) <=> CH3X(21) + HX(19) -0.002 -0.003
8 CH4(2) + OX(20) + X(1) <=> CH3X(21) + HOX(22) -0.189 -0.269
9 C2H6(8) + 2 X(1) <=> 2 CH3X(21) -0.034 -0.052
10 CH3(10) + X(1) <=> CH3X(21) -0.104 -0.097
11 CH3OH(14) + 2 X(1) <=> CH3X(21) + HOX(22) -0.037 -0.057
12 CH2X(27) + HX(19) <=> CH3X(21) + X(1) -0.012 -0.019
13 CH2X(27) + HOX(22) <=> CH3X(21) + OX(20) -0.025 -0.038
14 CHX(28) + HX(19) <=> CH2X(27) + X(1) -0.025 -0.039
15 CHX(28) + HOX(22) <=> CH2X(27) + OX(20) -0.037 -0.057
16 2 CH2X(27) <=> CH3X(21) + CHX(28) -0.025 -0.049
17 CHX(28) + X(1) <=> CX(26) + HX(19) -0.025 -0.039
18 CX(26) + H2(6) <=> CH2X(27) -0.025 -0.038
19 CX(26) + HOX(22) <=> CHX(28) + OX(20) -0.037 -0.057
20 CH3X(21) + CX(26) <=> CH2X(27) + CHX(28) -0.025 -0.046
21 CH2X(27) + CX(26) <=> 2 CHX(28) -0.012 -0.019
22 CO(7) + X(1) <=> OCX(25) -0.026 -0.050
23 CX(26) + OX(20) <=> OCX(25) + X(1) -0.025 -0.038
24 H2(6) + X(1) <=> H2X(49) -0.025 -0.038
25 CH4(2) + HOX(22) + X(1) <=> CH3X(21) + H2OX(23) -0.025 -0.039
26 H2O(5) + X(1) <=> H2OX(23) -0.025 -0.039
27 H2OX(23) + OX(20) <=> 2 HOX(22) -0.022 -0.037
28 HOX(22) + HX(19) <=> H2OX(23) + X(1) -0.025 -0.038
29 CO(7) + X(1) <=> COX(50) -0.025 -0.039
30 CO2(4) + X(1) <=> CO2X(24) -0.032 -0.051
31 OCX(25) + OX(20) <=> CO2X(24) + X(1) -0.024 -0.038
32 CO2X(24) + HX(19) <=> HOX(22) + OCX(25) -0.026 -0.041
33 CH2O(9) + 2 X(1) <=> CHOX(53) + HX(19) -0.025 -0.038
34 HCO(15) + X(1) <=> CHOX(53) -0.025 -0.039
35 CH3CHO(16) + 2 X(1) <=> CH3X(21) + CHOX(53) -0.025 -0.049
36 CHOX(53) + X(1) <=> HX(19) + OCX(25) -0.026 -0.041
37 CHOX(53) + OX(20) <=> HOX(22) + OCX(25) -0.025 -0.038
38 CH2X(27) + CHOX(53) <=> CH3X(21) + OCX(25) -0.025 -0.038
39 CHOX(53) + CHX(28) <=> CH2X(27) + OCX(25) -0.026 -0.041
40 CHOX(53) + CX(26) <=> CHX(28) + OCX(25) -0.025 -0.038
Finished sensitivity simulation for a C/O ratio of 0.9
Finished translating for C/O ratio of 0.9
Starting sensitivity simulation for a C/O ratio of 1.2
0 CH4(2) + X(1) <=> CH4X(48) 0.015 0.022
1 O2(3) + 2 X(1) <=> 2 OX(20) 0.045 0.055
2 H2(6) + 2 X(1) <=> 2 HX(19) -0.001 0.001
3 H(12) + X(1) <=> HX(19) -0.003 -0.004
4 HX(19) + OX(20) <=> HOX(22) + X(1) 0.005 0.006
5 H2O(5) + 2 X(1) <=> HOX(22) + HX(19) -0.008 -0.020
6 OH(17) + X(1) <=> HOX(22) 0.010 0.010
7 CH4(2) + 2 X(1) <=> CH3X(21) + HX(19) -0.002 -0.007
8 CH4(2) + OX(20) + X(1) <=> CH3X(21) + HOX(22) -0.114 -0.177
9 C2H6(8) + 2 X(1) <=> 2 CH3X(21) -0.010 -0.015
10 CH3(10) + X(1) <=> CH3X(21) -0.028 -0.006
11 CH3OH(14) + 2 X(1) <=> CH3X(21) + HOX(22) 0.010 0.001
12 CH2X(27) + HX(19) <=> CH3X(21) + X(1) -0.000 -0.004
13 CH2X(27) + HOX(22) <=> CH3X(21) + OX(20) -0.000 -0.004
14 CHX(28) + HX(19) <=> CH2X(27) + X(1) -0.000 -0.003
15 CHX(28) + HOX(22) <=> CH2X(27) + OX(20) -0.000 -0.003
16 2 CH2X(27) <=> CH3X(21) + CHX(28) 0.009 0.016
17 CHX(28) + X(1) <=> CX(26) + HX(19) 0.011 0.020
18 CX(26) + H2(6) <=> CH2X(27) -0.010 -0.015
19 CX(26) + HOX(22) <=> CHX(28) + OX(20) 0.010 0.016
20 CH3X(21) + CX(26) <=> CH2X(27) + CHX(28) 0.011 0.020
21 CH2X(27) + CX(26) <=> 2 CHX(28) 0.021 0.039
22 CO(7) + X(1) <=> OCX(25) -0.000 0.000
23 CX(26) + OX(20) <=> OCX(25) + X(1) 0.021 0.035
24 H2(6) + X(1) <=> H2X(49) 0.005 0.006
25 CH4(2) + HOX(22) + X(1) <=> CH3X(21) + H2OX(23) -0.007 -0.012
26 H2O(5) + X(1) <=> H2OX(23) 0.011 0.020
27 H2OX(23) + OX(20) <=> 2 HOX(22) 0.012 0.017
28 HOX(22) + HX(19) <=> H2OX(23) + X(1) -0.000 -0.000
29 CO(7) + X(1) <=> COX(50) 0.010 0.006
30 CO2(4) + X(1) <=> CO2X(24) 0.001 -0.001
31 OCX(25) + OX(20) <=> CO2X(24) + X(1) -0.006 -0.009
32 CO2X(24) + HX(19) <=> HOX(22) + OCX(25) 0.011 0.020
33 CH2O(9) + 2 X(1) <=> CHOX(53) + HX(19) 0.005 0.003
34 HCO(15) + X(1) <=> CHOX(53) -0.000 -0.003
35 CH3CHO(16) + 2 X(1) <=> CH3X(21) + CHOX(53) 0.000 0.000
36 CHOX(53) + X(1) <=> HX(19) + OCX(25) -0.000 0.000
37 CHOX(53) + OX(20) <=> HOX(22) + OCX(25) 0.010 0.016
38 CH2X(27) + CHOX(53) <=> CH3X(21) + OCX(25) 0.010 0.019
39 CHOX(53) + CHX(28) <=> CH2X(27) + OCX(25) 0.005 0.006
40 CHOX(53) + CX(26) <=> CHX(28) + OCX(25) 0.015 0.011
Finished sensitivity simulation for a C/O ratio of 1.2
Finished translating for C/O ratio of 1.2
Starting sensitivity simulation for a C/O ratio of 1.1
0 CH4(2) + X(1) <=> CH4X(48) 0.021 0.028
1 O2(3) + 2 X(1) <=> 2 OX(20) 0.050 0.057
2 H2(6) + 2 X(1) <=> 2 HX(19) -0.004 -0.006
3 H(12) + X(1) <=> HX(19) -0.004 -0.018
4 HX(19) + OX(20) <=> HOX(22) + X(1) -0.003 -0.006
5 H2O(5) + 2 X(1) <=> HOX(22) + HX(19) 0.001 -0.011
6 OH(17) + X(1) <=> HOX(22) -0.000 -0.001
7 CH4(2) + 2 X(1) <=> CH3X(21) + HX(19) -0.002 -0.003
8 CH4(2) + OX(20) + X(1) <=> CH3X(21) + HOX(22) -0.122 -0.184
9 C2H6(8) + 2 X(1) <=> 2 CH3X(21) 0.010 0.017
10 CH3(10) + X(1) <=> CH3X(21) -0.049 -0.038
11 CH3OH(14) + 2 X(1) <=> CH3X(21) + HOX(22) 0.010 0.016
12 CH2X(27) + HX(19) <=> CH3X(21) + X(1) -0.000 -0.004
13 CH2X(27) + HOX(22) <=> CH3X(21) + OX(20) -0.000 -0.006
14 CHX(28) + HX(19) <=> CH2X(27) + X(1) -0.001 -0.005
15 CHX(28) + HOX(22) <=> CH2X(27) + OX(20) 0.010 0.016
16 2 CH2X(27) <=> CH3X(21) + CHX(28) 0.010 0.014
17 CHX(28) + X(1) <=> CX(26) + HX(19) 0.010 0.011
18 CX(26) + H2(6) <=> CH2X(27) 0.010 0.009
19 CX(26) + HOX(22) <=> CHX(28) + OX(20) -0.007 -0.013
20 CH3X(21) + CX(26) <=> CH2X(27) + CHX(28) -0.000 -0.006
21 CH2X(27) + CX(26) <=> 2 CHX(28) -0.000 -0.001
22 CO(7) + X(1) <=> OCX(25) 0.002 -0.008
23 CX(26) + OX(20) <=> OCX(25) + X(1) 0.010 0.016
24 H2(6) + X(1) <=> H2X(49) 0.010 0.016
25 CH4(2) + HOX(22) + X(1) <=> CH3X(21) + H2OX(23) 0.010 0.017
26 H2O(5) + X(1) <=> H2OX(23) 0.031 0.035
27 H2OX(23) + OX(20) <=> 2 HOX(22) 0.002 -0.007
28 HOX(22) + HX(19) <=> H2OX(23) + X(1) 0.010 0.008
29 CO(7) + X(1) <=> COX(50) 0.010 0.005
30 CO2(4) + X(1) <=> CO2X(24) 0.008 0.010
31 OCX(25) + OX(20) <=> CO2X(24) + X(1) 0.000 -0.002
32 CO2X(24) + HX(19) <=> HOX(22) + OCX(25) 0.010 0.017
33 CH2O(9) + 2 X(1) <=> CHOX(53) + HX(19) -0.001 -0.012
34 HCO(15) + X(1) <=> CHOX(53) 0.021 0.023
35 CH3CHO(16) + 2 X(1) <=> CH3X(21) + CHOX(53) 0.010 0.016
36 CHOX(53) + X(1) <=> HX(19) + OCX(25) 0.010 0.017
37 CHOX(53) + OX(20) <=> HOX(22) + OCX(25) 0.010 0.015
38 CH2X(27) + CHOX(53) <=> CH3X(21) + OCX(25) -0.000 0.000
39 CHOX(53) + CHX(28) <=> CH2X(27) + OCX(25) -0.000 -0.004
40 CHOX(53) + CX(26) <=> CHX(28) + OCX(25) -0.001 -0.012
Finished sensitivity simulation for a C/O ratio of 1.1
Finished translating for C/O ratio of 1.1
Starting sensitivity simulation for a C/O ratio of 0.6
0 CH4(2) + X(1) <=> CH4X(48) -0.000 -0.000
1 O2(3) + 2 X(1) <=> 2 OX(20) 9.901 19.127
2 H2(6) + 2 X(1) <=> 2 HX(19) 1.472 2.719
3 H(12) + X(1) <=> HX(19) 1.474 2.718
4 HX(19) + OX(20) <=> HOX(22) + X(1) 1.400 2.583
5 H2O(5) + 2 X(1) <=> HOX(22) + HX(19) 0.602 1.096
6 OH(17) + X(1) <=> HOX(22) 0.599 1.097
7 CH4(2) + 2 X(1) <=> CH3X(21) + HX(19) 0.437 0.799
8 CH4(2) + OX(20) + X(1) <=> CH3X(21) + HOX(22) -11.577 -18.726
9 C2H6(8) + 2 X(1) <=> 2 CH3X(21) 0.507 0.926
10 CH3(10) + X(1) <=> CH3X(21) -0.138 -0.128
11 CH3OH(14) + 2 X(1) <=> CH3X(21) + HOX(22) 0.437 0.800
12 CH2X(27) + HX(19) <=> CH3X(21) + X(1) 0.943 1.733
13 CH2X(27) + HOX(22) <=> CH3X(21) + OX(20) 0.508 0.927
14 CHX(28) + HX(19) <=> CH2X(27) + X(1) 0.437 0.800
15 CHX(28) + HOX(22) <=> CH2X(27) + OX(20) 0.000 0.000
16 2 CH2X(27) <=> CH3X(21) + CHX(28) 0.437 0.800
17 CHX(28) + X(1) <=> CX(26) + HX(19) 1.400 2.583
18 CX(26) + H2(6) <=> CH2X(27) 0.437 0.799
19 CX(26) + HOX(22) <=> CHX(28) + OX(20) 0.508 0.927
20 CH3X(21) + CX(26) <=> CH2X(27) + CHX(28) 0.000 0.000
21 CH2X(27) + CX(26) <=> 2 CHX(28) 0.508 0.927
22 CO(7) + X(1) <=> OCX(25) 0.508 0.927
23 CX(26) + OX(20) <=> OCX(25) + X(1) 0.437 0.799
24 H2(6) + X(1) <=> H2X(49) 0.437 0.800
25 CH4(2) + HOX(22) + X(1) <=> CH3X(21) + H2OX(23) 0.507 0.926
26 H2O(5) + X(1) <=> H2OX(23) 0.599 1.097
27 H2OX(23) + OX(20) <=> 2 HOX(22) 1.480 2.713
28 HOX(22) + HX(19) <=> H2OX(23) + X(1) 0.437 0.800
29 CO(7) + X(1) <=> COX(50) 0.000 0.000
30 CO2(4) + X(1) <=> CO2X(24) 0.510 0.925
31 OCX(25) + OX(20) <=> CO2X(24) + X(1) -0.018 -0.037
32 CO2X(24) + HX(19) <=> HOX(22) + OCX(25) 0.437 0.799
33 CH2O(9) + 2 X(1) <=> CHOX(53) + HX(19) 0.437 0.800
34 HCO(15) + X(1) <=> CHOX(53) 1.474 2.718
35 CH3CHO(16) + 2 X(1) <=> CH3X(21) + CHOX(53) 0.599 1.097
36 CHOX(53) + X(1) <=> HX(19) + OCX(25) 0.508 0.927
37 CHOX(53) + OX(20) <=> HOX(22) + OCX(25) 1.569 2.898
38 CH2X(27) + CHOX(53) <=> CH3X(21) + OCX(25) 0.437 0.800
39 CHOX(53) + CHX(28) <=> CH2X(27) + OCX(25) 0.000 0.000
40 CHOX(53) + CX(26) <=> CHX(28) + OCX(25) 0.437 0.800
Finished sensitivity simulation for a C/O ratio of 0.6
Finished translating for C/O ratio of 0.6
Starting sensitivity simulation for a C/O ratio of 1.4
0 CH4(2) + X(1) <=> CH4X(48) -0.017 -0.034
1 O2(3) + 2 X(1) <=> 2 OX(20) 0.032 0.043
2 H2(6) + 2 X(1) <=> 2 HX(19) -0.001 -0.004
3 H(12) + X(1) <=> HX(19) -0.001 -0.002
4 HX(19) + OX(20) <=> HOX(22) + X(1) -0.001 -0.005
5 H2O(5) + 2 X(1) <=> HOX(22) + HX(19) -0.002 -0.005
6 OH(17) + X(1) <=> HOX(22) -0.002 -0.014
7 CH4(2) + 2 X(1) <=> CH3X(21) + HX(19) -0.001 -0.001
8 CH4(2) + OX(20) + X(1) <=> CH3X(21) + HOX(22) -0.102 -0.183
9 C2H6(8) + 2 X(1) <=> 2 CH3X(21) -0.003 -0.018
10 CH3(10) + X(1) <=> CH3X(21) -0.021 -0.023
11 CH3OH(14) + 2 X(1) <=> CH3X(21) + HOX(22) 0.005 0.006
12 CH2X(27) + HX(19) <=> CH3X(21) + X(1) -0.001 -0.005
13 CH2X(27) + HOX(22) <=> CH3X(21) + OX(20) -0.000 -0.001
14 CHX(28) + HX(19) <=> CH2X(27) + X(1) 0.011 0.021
15 CHX(28) + HOX(22) <=> CH2X(27) + OX(20) -0.000 -0.003
16 2 CH2X(27) <=> CH3X(21) + CHX(28) -0.006 -0.016
17 CHX(28) + X(1) <=> CX(26) + HX(19) -0.012 -0.026
18 CX(26) + H2(6) <=> CH2X(27) -0.000 -0.000
19 CX(26) + HOX(22) <=> CHX(28) + OX(20) -0.017 -0.033
20 CH3X(21) + CX(26) <=> CH2X(27) + CHX(28) 0.010 0.018
21 CH2X(27) + CX(26) <=> 2 CHX(28) -0.005 -0.013
22 CO(7) + X(1) <=> OCX(25) -0.006 -0.012
23 CX(26) + OX(20) <=> OCX(25) + X(1) -0.002 -0.017
24 H2(6) + X(1) <=> H2X(49) -0.000 -0.000
25 CH4(2) + HOX(22) + X(1) <=> CH3X(21) + H2OX(23) 0.021 0.039
26 H2O(5) + X(1) <=> H2OX(23) -0.001 -0.004
27 H2OX(23) + OX(20) <=> 2 HOX(22) -0.010 -0.027
28 HOX(22) + HX(19) <=> H2OX(23) + X(1) 0.004 -0.004
29 CO(7) + X(1) <=> COX(50) -0.000 -0.000
30 CO2(4) + X(1) <=> CO2X(24) -0.006 -0.015
31 OCX(25) + OX(20) <=> CO2X(24) + X(1) -0.017 -0.042
32 CO2X(24) + HX(19) <=> HOX(22) + OCX(25) -0.000 -0.000
33 CH2O(9) + 2 X(1) <=> CHOX(53) + HX(19) -0.006 -0.017
34 HCO(15) + X(1) <=> CHOX(53) 0.010 0.017
35 CH3CHO(16) + 2 X(1) <=> CH3X(21) + CHOX(53) -0.002 -0.013
36 CHOX(53) + X(1) <=> HX(19) + OCX(25) -0.000 -0.000
37 CHOX(53) + OX(20) <=> HOX(22) + OCX(25) 0.011 0.022
38 CH2X(27) + CHOX(53) <=> CH3X(21) + OCX(25) -0.000 -0.000
39 CHOX(53) + CHX(28) <=> CH2X(27) + OCX(25) -0.001 -0.005
40 CHOX(53) + CX(26) <=> CHX(28) + OCX(25) -0.006 -0.015
Finished sensitivity simulation for a C/O ratio of 1.4
Finished translating for C/O ratio of 1.4
Starting sensitivity simulation for a C/O ratio of 1.0
0 CH4(2) + X(1) <=> CH4X(48) -0.022 -0.035
1 O2(3) + 2 X(1) <=> 2 OX(20) 0.044 0.044
2 H2(6) + 2 X(1) <=> 2 HX(19) -0.012 -0.026
3 H(12) + X(1) <=> HX(19) -0.024 -0.039
4 HX(19) + OX(20) <=> HOX(22) + X(1) -0.011 -0.018
5 H2O(5) + 2 X(1) <=> HOX(22) + HX(19) -0.011 -0.019
6 OH(17) + X(1) <=> HOX(22) -0.011 -0.018
7 CH4(2) + 2 X(1) <=> CH3X(21) + HX(19) -0.012 -0.020
8 CH4(2) + OX(20) + X(1) <=> CH3X(21) + HOX(22) -0.152 -0.221
9 C2H6(8) + 2 X(1) <=> 2 CH3X(21) -0.000 -0.000
10 CH3(10) + X(1) <=> CH3X(21) -0.080 -0.069
11 CH3OH(14) + 2 X(1) <=> CH3X(21) + HOX(22) -0.011 -0.018
12 CH2X(27) + HX(19) <=> CH3X(21) + X(1) -0.011 -0.017
13 CH2X(27) + HOX(22) <=> CH3X(21) + OX(20) -0.011 -0.018
14 CHX(28) + HX(19) <=> CH2X(27) + X(1) -0.022 -0.035
15 CHX(28) + HOX(22) <=> CH2X(27) + OX(20) -0.022 -0.035
16 2 CH2X(27) <=> CH3X(21) + CHX(28) -0.022 -0.035
17 CHX(28) + X(1) <=> CX(26) + HX(19) -0.021 -0.035
18 CX(26) + H2(6) <=> CH2X(27) -0.022 -0.035
19 CX(26) + HOX(22) <=> CHX(28) + OX(20) -0.011 -0.017
20 CH3X(21) + CX(26) <=> CH2X(27) + CHX(28) -0.022 -0.035
21 CH2X(27) + CX(26) <=> 2 CHX(28) -0.022 -0.035
22 CO(7) + X(1) <=> OCX(25) -0.011 -0.017
23 CX(26) + OX(20) <=> OCX(25) + X(1) -0.022 -0.035
24 H2(6) + X(1) <=> H2X(49) -0.011 -0.017
25 CH4(2) + HOX(22) + X(1) <=> CH3X(21) + H2OX(23) -0.024 -0.038
26 H2O(5) + X(1) <=> H2OX(23) -0.011 -0.018
27 H2OX(23) + OX(20) <=> 2 HOX(22) -0.021 -0.038
28 HOX(22) + HX(19) <=> H2OX(23) + X(1) 0.000 -0.000
29 CO(7) + X(1) <=> COX(50) -0.022 -0.035
30 CO2(4) + X(1) <=> CO2X(24) -0.021 -0.035
31 OCX(25) + OX(20) <=> CO2X(24) + X(1) -0.028 -0.053
32 CO2X(24) + HX(19) <=> HOX(22) + OCX(25) -0.011 -0.018
33 CH2O(9) + 2 X(1) <=> CHOX(53) + HX(19) -0.022 -0.035
34 HCO(15) + X(1) <=> CHOX(53) -0.018 -0.036
35 CH3CHO(16) + 2 X(1) <=> CH3X(21) + CHOX(53) -0.011 -0.017
36 CHOX(53) + X(1) <=> HX(19) + OCX(25) -0.024 -0.038
37 CHOX(53) + OX(20) <=> HOX(22) + OCX(25) -0.011 -0.024
38 CH2X(27) + CHOX(53) <=> CH3X(21) + OCX(25) -0.021 -0.033
39 CHOX(53) + CHX(28) <=> CH2X(27) + OCX(25) -0.021 -0.035
40 CHOX(53) + CX(26) <=> CHX(28) + OCX(25) -0.022 -0.035
Finished sensitivity simulation for a C/O ratio of 1.0
Finished translating for C/O ratio of 1.0
Starting sensitivity simulation for a C/O ratio of 0.8
0 CH4(2) + X(1) <=> CH4X(48) 0.016 0.022
1 O2(3) + 2 X(1) <=> 2 OX(20) 0.104 0.123
2 H2(6) + 2 X(1) <=> 2 HX(19) -0.002 -0.001
3 H(12) + X(1) <=> HX(19) -0.001 -0.001
4 HX(19) + OX(20) <=> HOX(22) + X(1) 0.016 0.022
5 H2O(5) + 2 X(1) <=> HOX(22) + HX(19) 0.033 0.046
6 OH(17) + X(1) <=> HOX(22) 0.006 0.001
7 CH4(2) + 2 X(1) <=> CH3X(21) + HX(19) 0.015 0.022
8 CH4(2) + OX(20) + X(1) <=> CH3X(21) + HOX(22) -0.218 -0.294
9 C2H6(8) + 2 X(1) <=> 2 CH3X(21) -0.006 -0.008
10 CH3(10) + X(1) <=> CH3X(21) -0.106 -0.096
11 CH3OH(14) + 2 X(1) <=> CH3X(21) + HOX(22) -0.005 -0.007
12 CH2X(27) + HX(19) <=> CH3X(21) + X(1) -0.005 -0.007
13 CH2X(27) + HOX(22) <=> CH3X(21) + OX(20) -0.000 -0.000
14 CHX(28) + HX(19) <=> CH2X(27) + X(1) -0.000 -0.001
15 CHX(28) + HOX(22) <=> CH2X(27) + OX(20) -0.002 -0.009
16 2 CH2X(27) <=> CH3X(21) + CHX(28) -0.016 -0.023
17 CHX(28) + X(1) <=> CX(26) + HX(19) -0.016 -0.023
18 CX(26) + H2(6) <=> CH2X(27) -0.000 -0.000
19 CX(26) + HOX(22) <=> CHX(28) + OX(20) 0.000 -0.000
20 CH3X(21) + CX(26) <=> CH2X(27) + CHX(28) -0.016 -0.023
21 CH2X(27) + CX(26) <=> 2 CHX(28) 0.000 -0.000
22 CO(7) + X(1) <=> OCX(25) -0.000 -0.000
23 CX(26) + OX(20) <=> OCX(25) + X(1) -0.000 -0.001
24 H2(6) + X(1) <=> H2X(49) -0.002 -0.009
25 CH4(2) + HOX(22) + X(1) <=> CH3X(21) + H2OX(23) -0.006 -0.008
26 H2O(5) + X(1) <=> H2OX(23) -0.005 -0.007
27 H2OX(23) + OX(20) <=> 2 HOX(22) 0.019 0.024
28 HOX(22) + HX(19) <=> H2OX(23) + X(1) 0.000 0.000
29 CO(7) + X(1) <=> COX(50) -0.016 -0.023
30 CO2(4) + X(1) <=> CO2X(24) 0.001 0.000
31 OCX(25) + OX(20) <=> CO2X(24) + X(1) -0.015 -0.023
32 CO2X(24) + HX(19) <=> HOX(22) + OCX(25) -0.005 -0.007
33 CH2O(9) + 2 X(1) <=> CHOX(53) + HX(19) 0.000 -0.000
34 HCO(15) + X(1) <=> CHOX(53) -0.000 -0.000
35 CH3CHO(16) + 2 X(1) <=> CH3X(21) + CHOX(53) 0.000 -0.000
36 CHOX(53) + X(1) <=> HX(19) + OCX(25) 0.000 -0.000
37 CHOX(53) + OX(20) <=> HOX(22) + OCX(25) -0.016 -0.024
38 CH2X(27) + CHOX(53) <=> CH3X(21) + OCX(25) 0.000 -0.000
39 CHOX(53) + CHX(28) <=> CH2X(27) + OCX(25) -0.016 -0.023
40 CHOX(53) + CX(26) <=> CHX(28) + OCX(25) -0.005 -0.007
Finished sensitivity simulation for a C/O ratio of 0.8
Finished translating for C/O ratio of 0.8
