This mechanism contains 53 gas reactions and 38 surface reactions
Finished simulation at a C/O ratio of 2.2
Finished simulation at a C/O ratio of 1.6
Finished simulation at a C/O ratio of 1.8
Finished simulation at a C/O ratio of 1.3
Finished simulation at a C/O ratio of 1.1
Finished simulation at a C/O ratio of 2.0
Finished simulation at a C/O ratio of 0.8
Finished simulation at a C/O ratio of 1.4
Finished simulation at a C/O ratio of 1.0
Finished simulation at a C/O ratio of 2.6
Finished simulation at a C/O ratio of 0.7
Finished simulation at a C/O ratio of 0.6
Finished simulation at a C/O ratio of 1.2
Finished simulation at a C/O ratio of 2.4
Finished simulation at a C/O ratio of 0.9
Starting thermo sensitivity simulation for a C/O ratio of 2.2
0 X(1) -0.001 -0.001 -0.002 -0.001 0.000
1 HX(19) 0.000 0.000 0.000 0.000 0.000
2 OX(20) -0.001 -0.002 -0.004 -0.002 -0.002
3 CH3X(21) 0.000 0.000 0.000 0.000 0.000
4 HOX(22) 0.001 0.001 0.003 0.001 0.000
5 H2OX(23) 0.000 0.001 0.001 0.001 0.002
6 CO2X(24) -0.000 -0.000 -0.000 -0.000 0.000
7 OCX(25) 0.000 0.000 0.000 -0.000 0.000
8 CX(26) 0.000 0.000 0.000 0.000 0.000
9 CH2X(27) 0.001 0.001 0.003 0.001 0.000
10 CHX(28) 0.000 0.000 0.000 0.000 0.000
11 CH4X(48) 0.000 0.000 0.000 -0.000 0.000
12 H2X(49) 0.000 0.000 0.000 -0.000 0.000
13 COX(50) 0.000 0.000 0.000 -0.000 0.000
14 C2H6X(52) 0.000 0.000 0.000 0.000 0.000
15 CH2OX(54) 0.000 0.000 0.000 -0.000 0.000
16 CH4OX(60) 0.000 0.000 0.000 0.000 0.000
17 C2H4X(65) 0.000 0.000 0.000 -0.000 0.000
18 C2H4X(205) 0.000 0.000 0.000 0.000 0.000
Finished thermo sensitivity simulation for a C/O ratio of 2.2
Starting thermo sensitivity simulation for a C/O ratio of 2.6
0 X(1) -0.001 -0.001 -0.002 -0.001 0.000
1 HX(19) 0.000 0.000 0.000 0.000 -0.000
2 OX(20) -0.001 -0.002 -0.004 -0.002 -0.002
3 CH3X(21) -0.000 -0.000 -0.000 0.000 -0.000
4 HOX(22) 0.001 0.001 0.002 0.001 -0.000
5 H2OX(23) 0.000 0.001 0.001 0.001 0.002
6 CO2X(24) -0.000 -0.000 -0.000 -0.000 -0.000
7 OCX(25) -0.000 -0.000 -0.000 0.000 -0.000
8 CX(26) 0.000 0.000 0.000 0.000 0.000
9 CH2X(27) 0.001 0.001 0.002 0.001 -0.000
10 CHX(28) -0.000 -0.000 -0.000 0.000 -0.000
11 CH4X(48) -0.000 -0.000 -0.000 -0.000 -0.000
12 H2X(49) -0.000 -0.000 -0.000 0.000 -0.000
13 COX(50) -0.000 -0.000 -0.000 0.000 -0.000
14 C2H6X(52) -0.000 -0.000 -0.000 0.000 -0.000
15 CH2OX(54) -0.000 -0.000 -0.000 0.000 -0.000
16 CH4OX(60) -0.000 -0.000 -0.000 0.000 -0.000
17 C2H4X(65) -0.000 -0.000 -0.000 0.000 -0.000
18 C2H4X(205) -0.000 -0.000 -0.000 0.000 -0.000
Finished thermo sensitivity simulation for a C/O ratio of 2.6
Starting thermo sensitivity simulation for a C/O ratio of 1.6
0 X(1) -0.001 -0.001 -0.003 -0.001 0.000
1 HX(19) 0.000 0.000 0.000 0.000 0.000
2 OX(20) -0.001 -0.002 -0.004 -0.002 -0.002
3 CH3X(21) -0.000 -0.000 -0.000 -0.000 -0.000
4 HOX(22) 0.001 0.001 0.003 0.001 -0.000
5 H2OX(23) 0.000 0.001 0.001 0.001 0.002
6 CO2X(24) -0.000 -0.000 -0.000 -0.000 0.000
7 OCX(25) 0.000 0.000 0.000 -0.000 0.000
8 CX(26) 0.000 0.000 0.000 -0.000 0.000
9 CH2X(27) 0.001 0.001 0.003 0.001 0.000
10 CHX(28) 0.000 0.000 0.000 0.000 0.000
11 CH4X(48) 0.000 0.000 0.000 -0.000 0.000
12 H2X(49) 0.000 0.000 0.000 0.000 0.000
13 COX(50) 0.000 0.000 0.000 0.000 0.000
14 C2H6X(52) 0.000 0.000 0.000 0.000 0.000
15 CH2OX(54) 0.000 0.000 0.000 -0.000 0.000
16 CH4OX(60) 0.000 0.000 0.000 0.000 0.000
17 C2H4X(65) 0.000 0.000 0.000 0.000 0.000
18 C2H4X(205) 0.000 0.000 0.000 -0.000 0.000
Finished thermo sensitivity simulation for a C/O ratio of 1.6
Starting thermo sensitivity simulation for a C/O ratio of 2.0
0 X(1) -0.001 -0.001 -0.003 -0.001 0.000
1 HX(19) 0.000 0.000 0.000 0.000 -0.000
2 OX(20) -0.001 -0.002 -0.004 -0.002 -0.002
3 CH3X(21) -0.000 -0.000 -0.000 0.000 -0.000
4 HOX(22) 0.001 0.001 0.003 0.001 0.000
5 H2OX(23) 0.000 0.001 0.001 0.001 0.002
6 CO2X(24) -0.000 -0.000 -0.000 -0.000 -0.000
7 OCX(25) -0.000 -0.000 -0.000 -0.000 -0.000
8 CX(26) -0.000 0.000 0.000 0.000 -0.000
9 CH2X(27) 0.001 0.001 0.003 0.001 -0.000
10 CHX(28) -0.000 -0.000 -0.000 0.000 -0.000
11 CH4X(48) -0.000 -0.000 -0.000 -0.000 -0.000
12 H2X(49) -0.000 -0.000 -0.000 0.000 -0.000
13 COX(50) -0.000 0.000 -0.000 0.000 -0.000
14 C2H6X(52) -0.000 -0.000 -0.000 -0.000 -0.000
15 CH2OX(54) -0.000 -0.000 -0.000 0.000 -0.000
16 CH4OX(60) -0.000 -0.000 -0.000 -0.000 -0.000
17 C2H4X(65) -0.000 -0.000 -0.000 0.000 -0.000
18 C2H4X(205) -0.000 0.000 0.000 0.000 -0.000
Finished thermo sensitivity simulation for a C/O ratio of 2.0
Starting thermo sensitivity simulation for a C/O ratio of 1.3
0 X(1) -0.001 -0.001 -0.003 -0.001 0.000
1 HX(19) 0.000 0.000 0.000 0.000 -0.000
2 OX(20) -0.001 -0.002 -0.004 -0.002 -0.002
3 CH3X(21) -0.000 -0.000 -0.000 -0.000 -0.000
4 HOX(22) 0.001 0.001 0.003 0.001 0.000
5 H2OX(23) 0.000 0.001 0.001 0.001 0.002
6 CO2X(24) -0.000 -0.000 -0.000 -0.000 0.000
7 OCX(25) 0.000 0.000 0.000 -0.000 0.000
8 CX(26) 0.000 0.000 0.000 -0.000 0.000
9 CH2X(27) 0.001 0.001 0.003 0.001 0.000
10 CHX(28) 0.000 0.000 0.000 0.000 0.000
11 CH4X(48) -0.000 0.000 -0.000 -0.000 -0.000
12 H2X(49) -0.000 -0.000 -0.000 -0.000 -0.000
13 COX(50) -0.000 -0.000 -0.000 -0.000 -0.000
14 C2H6X(52) -0.000 0.000 0.000 -0.000 -0.000
15 CH2OX(54) -0.000 -0.000 -0.000 -0.000 -0.000
16 CH4OX(60) 0.000 0.000 0.000 -0.000 0.000
17 C2H4X(65) -0.000 -0.000 -0.000 -0.000 -0.000
18 C2H4X(205) 0.000 -0.000 0.000 -0.000 0.000
Finished thermo sensitivity simulation for a C/O ratio of 1.3
Starting thermo sensitivity simulation for a C/O ratio of 0.8
0 X(1) -0.001 -0.001 -0.003 -0.001 0.000
1 HX(19) 0.000 0.000 0.000 0.000 -0.000
2 OX(20) -0.001 -0.002 -0.004 -0.002 -0.002
3 CH3X(21) -0.000 -0.000 -0.000 0.000 -0.000
4 HOX(22) 0.001 0.001 0.003 0.001 -0.000
5 H2OX(23) 0.000 0.001 0.001 0.001 0.002
6 CO2X(24) -0.000 -0.000 -0.000 -0.000 -0.000
7 OCX(25) -0.000 -0.000 -0.000 0.000 -0.000
8 CX(26) -0.000 -0.000 -0.000 0.000 -0.000
9 CH2X(27) 0.001 0.001 0.003 0.001 -0.000
10 CHX(28) -0.000 -0.000 -0.000 0.000 -0.000
11 CH4X(48) -0.000 -0.000 -0.000 -0.000 -0.000
12 H2X(49) -0.000 -0.000 -0.000 0.000 -0.000
13 COX(50) -0.000 -0.000 -0.000 -0.000 -0.000
14 C2H6X(52) -0.000 -0.000 -0.000 -0.000 -0.000
15 CH2OX(54) -0.000 -0.000 -0.000 0.000 -0.000
16 CH4OX(60) -0.000 -0.000 -0.000 0.000 -0.000
17 C2H4X(65) -0.000 -0.000 -0.000 0.000 -0.000
18 C2H4X(205) -0.000 -0.000 -0.000 0.000 -0.000
Finished thermo sensitivity simulation for a C/O ratio of 0.8
Starting thermo sensitivity simulation for a C/O ratio of 1.4
0 X(1) -0.001 -0.001 -0.003 -0.001 0.000
1 HX(19) 0.000 0.000 0.000 0.000 0.000
2 OX(20) -0.001 -0.002 -0.004 -0.002 -0.002
3 CH3X(21) 0.000 0.000 0.000 -0.000 0.000
4 HOX(22) 0.001 0.001 0.003 0.001 0.000
5 H2OX(23) 0.000 0.001 0.001 0.001 0.002
6 CO2X(24) -0.000 -0.000 -0.000 -0.000 0.000
7 OCX(25) 0.000 0.000 0.000 -0.000 0.000
8 CX(26) 0.000 0.000 0.000 -0.000 0.000
9 CH2X(27) 0.001 0.001 0.003 0.001 0.000
10 CHX(28) 0.000 0.000 0.000 0.000 0.000
11 CH4X(48) 0.000 0.000 0.000 -0.000 0.000
12 H2X(49) 0.000 0.000 0.000 -0.000 0.000
13 COX(50) 0.000 0.000 0.000 -0.000 0.000
14 C2H6X(52) 0.000 0.000 0.000 -0.000 0.000
15 CH2OX(54) 0.000 0.000 0.000 -0.000 0.000
16 CH4OX(60) 0.000 0.000 0.000 -0.000 0.000
17 C2H4X(65) 0.000 0.000 0.000 -0.000 0.000
18 C2H4X(205) 0.000 0.000 0.000 -0.000 0.000
Finished thermo sensitivity simulation for a C/O ratio of 1.4
Starting thermo sensitivity simulation for a C/O ratio of 2.4
0 X(1) -0.001 -0.001 -0.002 -0.001 0.000
1 HX(19) 0.000 0.000 0.000 0.000 -0.000
2 OX(20) -0.001 -0.002 -0.004 -0.002 -0.002
3 CH3X(21) -0.000 -0.000 -0.000 0.000 -0.000
4 HOX(22) 0.001 0.001 0.002 0.001 0.000
5 H2OX(23) 0.000 0.001 0.001 0.001 0.002
6 CO2X(24) -0.000 -0.000 -0.000 -0.000 -0.000
7 OCX(25) -0.000 -0.000 -0.000 0.000 -0.000
8 CX(26) -0.000 -0.000 -0.000 0.000 -0.000
9 CH2X(27) 0.001 0.001 0.003 0.001 -0.000
10 CHX(28) 0.000 -0.000 -0.000 0.000 0.000
11 CH4X(48) -0.000 -0.000 -0.000 -0.000 -0.000
12 H2X(49) -0.000 -0.000 -0.000 0.000 -0.000
13 COX(50) -0.000 -0.000 -0.000 0.000 -0.000
14 C2H6X(52) -0.000 -0.000 -0.000 0.000 -0.000
15 CH2OX(54) -0.000 -0.000 -0.000 0.000 -0.000
16 CH4OX(60) 0.000 -0.000 -0.000 0.000 0.000
17 C2H4X(65) -0.000 -0.000 -0.000 0.000 -0.000
18 C2H4X(205) -0.000 -0.000 -0.000 0.000 -0.000
Finished thermo sensitivity simulation for a C/O ratio of 2.4
Starting thermo sensitivity simulation for a C/O ratio of 0.6
0 X(1) -0.001 -0.001 -0.003 -0.001 0.001
1 HX(19) 0.000 0.000 0.000 0.000 0.000
2 OX(20) -0.001 -0.002 -0.004 -0.002 -0.002
3 CH3X(21) 0.000 -0.000 -0.000 -0.000 0.000
4 HOX(22) 0.001 0.001 0.003 0.001 0.000
5 H2OX(23) 0.000 0.001 0.001 0.001 0.002
6 CO2X(24) -0.000 -0.000 -0.000 -0.000 0.000
7 OCX(25) 0.000 -0.000 -0.000 -0.000 0.000
8 CX(26) 0.000 -0.000 -0.000 -0.000 0.000
9 CH2X(27) 0.001 0.001 0.003 0.001 0.000
10 CHX(28) 0.000 0.000 0.000 0.000 0.000
11 CH4X(48) 0.000 -0.000 -0.000 -0.000 0.000
12 H2X(49) 0.000 -0.000 -0.000 -0.000 0.000
13 COX(50) 0.000 -0.000 -0.000 -0.000 0.000
14 C2H6X(52) 0.000 -0.000 -0.000 0.000 0.000
15 CH2OX(54) 0.000 -0.000 -0.000 0.000 0.000
16 CH4OX(60) 0.000 -0.000 -0.000 -0.000 0.000
17 C2H4X(65) 0.000 -0.000 -0.000 -0.000 0.000
18 C2H4X(205) 0.000 -0.000 -0.000 -0.000 0.000
Finished thermo sensitivity simulation for a C/O ratio of 0.6
Starting thermo sensitivity simulation for a C/O ratio of 1.1
0 X(1) -0.001 -0.001 -0.003 -0.001 0.000
1 HX(19) 0.000 0.000 0.000 0.000 -0.000
2 OX(20) -0.001 -0.002 -0.004 -0.002 -0.002
3 CH3X(21) -0.000 -0.000 -0.000 -0.000 -0.000
4 HOX(22) 0.001 0.001 0.003 0.001 0.000
5 H2OX(23) 0.000 0.001 0.001 0.001 0.002
6 CO2X(24) -0.000 -0.000 -0.000 -0.000 0.000
7 OCX(25) -0.000 -0.000 -0.000 -0.000 -0.000
8 CX(26) 0.000 0.000 0.000 -0.000 0.000
9 CH2X(27) 0.001 0.001 0.003 0.001 -0.000
10 CHX(28) -0.000 0.000 0.000 0.000 -0.000
11 CH4X(48) -0.000 -0.000 -0.000 -0.000 0.000
12 H2X(49) -0.000 -0.000 -0.000 0.000 -0.000
13 COX(50) -0.000 0.000 -0.000 -0.000 -0.000
14 C2H6X(52) -0.000 -0.000 -0.000 -0.000 -0.000
15 CH2OX(54) 0.000 -0.000 -0.000 -0.000 0.000
16 CH4OX(60) -0.000 -0.000 -0.000 -0.000 -0.000
17 C2H4X(65) -0.000 -0.000 -0.000 -0.000 -0.000
18 C2H4X(205) 0.000 0.000 0.000 -0.000 0.000
Finished thermo sensitivity simulation for a C/O ratio of 1.1
Starting thermo sensitivity simulation for a C/O ratio of 1.8
0 X(1) -0.001 -0.001 -0.003 -0.001 0.000
1 HX(19) 0.000 0.000 0.000 0.000 0.000
2 OX(20) -0.001 -0.002 -0.004 -0.002 -0.002
3 CH3X(21) 0.000 0.000 0.000 0.000 0.000
4 HOX(22) 0.001 0.001 0.003 0.001 0.000
5 H2OX(23) 0.000 0.001 0.001 0.001 0.002
6 CO2X(24) -0.000 -0.000 -0.000 -0.000 0.000
7 OCX(25) 0.000 0.000 0.000 0.000 0.000
8 CX(26) 0.000 0.000 0.000 0.000 0.000
9 CH2X(27) 0.001 0.001 0.003 0.001 0.000
10 CHX(28) 0.000 0.000 0.000 0.000 0.000
11 CH4X(48) 0.000 0.000 0.000 -0.000 0.000
12 H2X(49) 0.000 0.000 0.000 0.000 0.000
13 COX(50) 0.000 0.000 0.000 0.000 0.000
14 C2H6X(52) 0.000 0.000 0.000 0.000 0.000
15 CH2OX(54) 0.000 0.000 0.000 0.000 0.000
16 CH4OX(60) 0.000 0.000 0.000 0.000 0.000
17 C2H4X(65) 0.000 0.000 0.000 0.000 0.000
18 C2H4X(205) 0.000 0.000 0.000 0.000 0.000
Finished thermo sensitivity simulation for a C/O ratio of 1.8
Starting thermo sensitivity simulation for a C/O ratio of 1.2
0 X(1) -0.001 -0.001 -0.003 -0.001 0.000
1 HX(19) 0.000 0.000 0.000 0.000 0.000
2 OX(20) -0.001 -0.002 -0.004 -0.002 -0.002
3 CH3X(21) 0.000 0.000 0.000 -0.000 0.000
4 HOX(22) 0.001 0.001 0.003 0.001 0.000
5 H2OX(23) 0.000 0.001 0.001 0.001 0.002
6 CO2X(24) -0.000 -0.000 -0.000 -0.000 0.000
7 OCX(25) 0.000 0.000 0.000 -0.000 0.000
8 CX(26) 0.000 -0.000 0.000 -0.000 0.000
9 CH2X(27) 0.001 0.001 0.003 0.001 0.000
10 CHX(28) 0.000 0.000 0.000 0.000 0.000
11 CH4X(48) 0.000 0.000 0.000 -0.000 0.000
12 H2X(49) 0.000 0.000 0.000 -0.000 0.000
13 COX(50) 0.000 -0.000 0.000 -0.000 0.000
14 C2H6X(52) 0.000 0.000 0.000 -0.000 0.000
15 CH2OX(54) 0.000 0.000 0.000 -0.000 0.000
16 CH4OX(60) 0.000 0.000 0.000 -0.000 0.000
17 C2H4X(65) -0.000 -0.000 -0.000 -0.000 -0.000
18 C2H4X(205) 0.000 0.000 0.000 -0.000 0.000
Finished thermo sensitivity simulation for a C/O ratio of 1.2
Starting sensitivity simulation for a C/O ratio of 1.3
0 CH4(2) + X(1) <=> CH4X(48) 0.000 0.000 0.000 -0.000 0.000
1 O2(3) + 2 X(1) <=> 2 OX(20) 0.044 0.514 0.558 0.471 1.173
2 H2(6) + 2 X(1) <=> 2 HX(19) 0.000 -0.000 -0.000 -0.000 0.000
3 H(12) + X(1) <=> HX(19) 0.000 0.000 0.000 -0.000 0.000
4 HX(19) + OX(20) <=> HOX(22) + X(1) 0.000 0.000 0.000 -0.000 0.000
5 H2O(5) + 2 X(1) <=> HOX(22) + HX(19) -0.000 -0.000 -0.000 -0.000 -0.000
6 OH(17) + X(1) <=> HOX(22) 0.000 -0.000 -0.000 -0.000 0.000
7 CH4(2) + 2 X(1) <=> CH3X(21) + HX(19) -0.000 0.000 0.000 -0.000 -0.000
8 CH4(2) + OX(20) + X(1) <=> CH3X(21) + HOX(22) -0.009 -0.113 -0.122 -0.103 -0.262
9 C2H6(8) + 2 X(1) <=> 2 CH3X(21) -0.000 -0.001 -0.001 0.000 -0.017
10 CH3(10) + X(1) <=> CH3X(21) 0.877 -0.033 0.844 0.088 -2.275
11 CH3OH(14) + 2 X(1) <=> CH3X(21) + HOX(22) 0.000 -0.002 -0.002 -0.001 -0.013
12 CH4(2) + HOX(22) + X(1) <=> CH3X(21) + H2OX(23) -0.000 -0.000 -0.000 -0.000 -0.000
13 H2O(5) + X(1) <=> H2OX(23) -0.000 -0.000 -0.000 -0.000 -0.001
14 H2OX(23) + OX(20) <=> 2 HOX(22) -0.040 -0.499 -0.539 -0.456 -1.148
15 HOX(22) + HX(19) <=> H2OX(23) + X(1) -0.000 0.000 -0.000 -0.000 -0.000
16 H2(6) + X(1) <=> H2X(49) -0.000 0.000 -0.000 -0.000 -0.000
17 C2H6(8) + X(1) <=> C2H6X(52) -0.000 -0.000 -0.000 0.000 -0.000
18 CH3OH(14) + X(1) <=> CH4OX(60) 0.000 0.000 0.000 -0.000 0.000
19 C2H4(47) + X(1) <=> C2H4X(205) 0.000 0.000 0.000 -0.000 0.000
20 CH2X(27) + HX(19) <=> CH3X(21) + X(1) -0.014 -0.014 -0.028 -0.015 -0.000
21 CH2X(27) + HOX(22) <=> CH3X(21) + OX(20) -0.949 -0.949 -1.906 -0.985 -0.000
22 CHX(28) + HX(19) <=> CH2X(27) + X(1) 0.000 0.000 0.000 -0.000 0.000
23 CHX(28) + HOX(22) <=> CH2X(27) + OX(20) -0.000 -0.000 -0.000 -0.000 -0.000
24 2 CH2X(27) <=> CH3X(21) + CHX(28) 0.000 0.000 0.000 -0.000 0.000
25 CHX(28) + X(1) <=> CX(26) + HX(19) -0.000 -0.000 -0.000 -0.000 -0.000
26 CX(26) + H2(6) <=> CH2X(27) -0.000 -0.000 -0.000 -0.000 -0.000
27 CX(26) + HOX(22) <=> CHX(28) + OX(20) -0.000 0.000 -0.000 -0.000 -0.000
28 CH3X(21) + CX(26) <=> CH2X(27) + CHX(28) 0.000 0.000 0.000 -0.000 0.000
29 CH2X(27) + CX(26) <=> 2 CHX(28) -0.000 -0.000 -0.000 -0.000 0.000
30 CO(7) + X(1) <=> OCX(25) -0.002 -0.002 -0.004 -0.002 -0.000
31 CX(26) + OX(20) <=> OCX(25) + X(1) 0.000 -0.000 -0.000 0.000 -0.000
32 C2H4(18) + X(1) <=> C2H4X(65) 0.000 0.000 0.000 -0.000 0.000
33 CO(7) + X(1) <=> COX(50) -0.000 -0.000 -0.000 -0.000 -0.000
34 CH2O(9) + X(1) <=> CH2OX(54) -0.000 0.000 -0.000 -0.000 -0.000
35 CO2(4) + X(1) <=> CO2X(24) -0.000 0.000 0.000 -0.000 -0.000
36 OCX(25) + OX(20) <=> CO2X(24) + X(1) 0.000 0.000 0.000 -0.000 0.000
37 CO2X(24) + HX(19) <=> HOX(22) + OCX(25) 0.004 0.004 0.009 0.005 -0.000
Finished sensitivity simulation for a C/O ratio of 1.3
Finished translating for C/O ratio of 1.3
Starting sensitivity simulation for a C/O ratio of 1.8
0 CH4(2) + X(1) <=> CH4X(48) 0.000 0.000 0.000 0.000 0.000
1 O2(3) + 2 X(1) <=> 2 OX(20) 0.072 0.559 0.630 0.482 1.143
2 H2(6) + 2 X(1) <=> 2 HX(19) 0.000 0.000 0.000 0.000 0.000
3 H(12) + X(1) <=> HX(19) 0.000 0.000 0.000 0.000 0.000
4 HX(19) + OX(20) <=> HOX(22) + X(1) 0.000 0.000 0.000 0.000 0.000
5 H2O(5) + 2 X(1) <=> HOX(22) + HX(19) 0.000 0.000 0.000 -0.000 0.000
6 OH(17) + X(1) <=> HOX(22) 0.000 0.000 0.000 -0.000 0.000
7 CH4(2) + 2 X(1) <=> CH3X(21) + HX(19) 0.000 0.000 0.000 -0.000 0.000
8 CH4(2) + OX(20) + X(1) <=> CH3X(21) + HOX(22) -0.013 -0.107 -0.120 -0.092 -0.222
9 C2H6(8) + 2 X(1) <=> 2 CH3X(21) -0.000 -0.001 -0.002 0.000 -0.014
10 CH3(10) + X(1) <=> CH3X(21) 0.792 -0.146 0.647 0.074 -2.212
11 CH3OH(14) + 2 X(1) <=> CH3X(21) + HOX(22) 0.000 -0.003 -0.002 -0.001 -0.010
12 CH4(2) + HOX(22) + X(1) <=> CH3X(21) + H2OX(23) -0.000 -0.000 -0.000 -0.000 -0.000
13 H2O(5) + X(1) <=> H2OX(23) -0.000 -0.000 -0.001 -0.000 -0.001
14 H2OX(23) + OX(20) <=> 2 HOX(22) -0.066 -0.539 -0.606 -0.464 -1.113
15 HOX(22) + HX(19) <=> H2OX(23) + X(1) 0.000 0.000 0.000 0.000 0.000
16 H2(6) + X(1) <=> H2X(49) 0.000 0.000 0.000 0.000 0.000
17 C2H6(8) + X(1) <=> C2H6X(52) -0.000 -0.000 -0.000 0.000 -0.000
18 CH3OH(14) + X(1) <=> CH4OX(60) 0.000 0.000 0.000 0.000 0.000
19 C2H4(47) + X(1) <=> C2H4X(205) 0.000 0.000 0.000 0.000 0.000
20 CH2X(27) + HX(19) <=> CH3X(21) + X(1) -0.016 -0.016 -0.033 -0.018 0.000
21 CH2X(27) + HOX(22) <=> CH3X(21) + OX(20) -0.913 -0.913 -1.835 -0.983 -0.000
22 CHX(28) + HX(19) <=> CH2X(27) + X(1) 0.000 0.000 0.000 -0.000 0.000
23 CHX(28) + HOX(22) <=> CH2X(27) + OX(20) -0.000 -0.000 -0.000 -0.000 0.000
24 2 CH2X(27) <=> CH3X(21) + CHX(28) 0.000 0.000 0.000 0.000 0.000
25 CHX(28) + X(1) <=> CX(26) + HX(19) -0.000 -0.000 -0.000 0.000 -0.000
26 CX(26) + H2(6) <=> CH2X(27) 0.000 0.000 0.000 0.000 0.000
27 CX(26) + HOX(22) <=> CHX(28) + OX(20) 0.000 0.000 0.000 0.000 0.000
28 CH3X(21) + CX(26) <=> CH2X(27) + CHX(28) 0.000 0.000 0.000 -0.000 0.000
29 CH2X(27) + CX(26) <=> 2 CHX(28) 0.000 0.000 0.000 0.000 0.000
30 CO(7) + X(1) <=> OCX(25) -0.002 -0.002 -0.005 -0.003 0.000
31 CX(26) + OX(20) <=> OCX(25) + X(1) 0.000 0.000 0.000 0.000 0.000
32 C2H4(18) + X(1) <=> C2H4X(65) 0.000 0.000 0.000 0.000 0.000
33 CO(7) + X(1) <=> COX(50) 0.000 0.000 0.000 0.000 0.000
34 CH2O(9) + X(1) <=> CH2OX(54) 0.000 0.000 0.000 0.000 0.000
35 CO2(4) + X(1) <=> CO2X(24) 0.000 0.000 0.000 0.000 0.000
36 OCX(25) + OX(20) <=> CO2X(24) + X(1) 0.000 0.000 0.000 0.000 0.000
37 CO2X(24) + HX(19) <=> HOX(22) + OCX(25) 0.005 0.005 0.011 0.006 0.000
Finished sensitivity simulation for a C/O ratio of 1.8
Finished translating for C/O ratio of 1.8
Starting sensitivity simulation for a C/O ratio of 0.8
0 CH4(2) + X(1) <=> CH4X(48) -0.000 -0.000 -0.000 -0.000 -0.000
1 O2(3) + 2 X(1) <=> 2 OX(20) 0.021 0.466 0.487 0.448 1.178
2 H2(6) + 2 X(1) <=> 2 HX(19) -0.000 -0.000 -0.000 0.000 -0.000
3 H(12) + X(1) <=> HX(19) -0.000 -0.000 -0.000 0.000 -0.000
4 HX(19) + OX(20) <=> HOX(22) + X(1) -0.000 -0.000 -0.000 0.000 -0.000
5 H2O(5) + 2 X(1) <=> HOX(22) + HX(19) -0.000 -0.000 -0.000 -0.000 -0.000
6 OH(17) + X(1) <=> HOX(22) 0.000 -0.000 -0.000 -0.000 -0.000
7 CH4(2) + 2 X(1) <=> CH3X(21) + HX(19) -0.000 -0.000 -0.000 -0.000 -0.000
8 CH4(2) + OX(20) + X(1) <=> CH3X(21) + HOX(22) -0.005 -0.128 -0.133 -0.123 -0.329
9 C2H6(8) + 2 X(1) <=> 2 CH3X(21) -0.000 -0.000 -0.001 0.000 -0.022
10 CH3(10) + X(1) <=> CH3X(21) 0.942 0.067 1.009 0.116 -2.302
11 CH3OH(14) + 2 X(1) <=> CH3X(21) + HOX(22) 0.000 -0.002 -0.001 -0.001 -0.023
12 CH4(2) + HOX(22) + X(1) <=> CH3X(21) + H2OX(23) -0.000 -0.000 -0.000 -0.000 -0.000
13 H2O(5) + X(1) <=> H2OX(23) -0.000 -0.000 -0.000 -0.000 -0.001
14 H2OX(23) + OX(20) <=> 2 HOX(22) -0.018 -0.459 -0.477 -0.441 -1.166
15 HOX(22) + HX(19) <=> H2OX(23) + X(1) -0.000 -0.000 -0.000 0.000 -0.000
16 H2(6) + X(1) <=> H2X(49) -0.000 -0.000 -0.000 -0.000 -0.000
17 C2H6(8) + X(1) <=> C2H6X(52) -0.000 -0.000 -0.000 0.000 -0.000
18 CH3OH(14) + X(1) <=> CH4OX(60) -0.000 -0.000 -0.000 0.000 -0.000
19 C2H4(47) + X(1) <=> C2H4X(205) -0.000 -0.000 -0.000 -0.000 -0.000
20 CH2X(27) + HX(19) <=> CH3X(21) + X(1) -0.011 -0.011 -0.022 -0.011 -0.000
21 CH2X(27) + HOX(22) <=> CH3X(21) + OX(20) -0.975 -0.975 -1.959 -0.989 -0.000
22 CHX(28) + HX(19) <=> CH2X(27) + X(1) -0.000 -0.000 -0.000 -0.000 -0.000
23 CHX(28) + HOX(22) <=> CH2X(27) + OX(20) -0.000 -0.000 -0.000 -0.000 -0.000
24 2 CH2X(27) <=> CH3X(21) + CHX(28) -0.000 -0.000 -0.000 0.000 -0.000
25 CHX(28) + X(1) <=> CX(26) + HX(19) -0.000 -0.000 -0.000 -0.000 -0.000
26 CX(26) + H2(6) <=> CH2X(27) -0.000 -0.000 -0.000 -0.000 -0.000
27 CX(26) + HOX(22) <=> CHX(28) + OX(20) -0.000 -0.000 -0.000 -0.000 -0.000
28 CH3X(21) + CX(26) <=> CH2X(27) + CHX(28) -0.000 -0.000 -0.000 -0.000 -0.000
29 CH2X(27) + CX(26) <=> 2 CHX(28) -0.000 -0.000 -0.000 0.000 -0.000
30 CO(7) + X(1) <=> OCX(25) -0.002 -0.002 -0.004 -0.002 -0.000
31 CX(26) + OX(20) <=> OCX(25) + X(1) -0.000 -0.000 -0.000 0.000 -0.000
32 C2H4(18) + X(1) <=> C2H4X(65) -0.000 -0.000 -0.000 -0.000 -0.000
33 CO(7) + X(1) <=> COX(50) -0.000 -0.000 -0.000 0.000 -0.000
34 CH2O(9) + X(1) <=> CH2OX(54) -0.000 -0.000 -0.000 0.000 -0.000
35 CO2(4) + X(1) <=> CO2X(24) -0.000 -0.000 -0.000 0.000 -0.000
36 OCX(25) + OX(20) <=> CO2X(24) + X(1) -0.000 -0.000 -0.000 0.000 -0.000
37 CO2X(24) + HX(19) <=> HOX(22) + OCX(25) 0.003 0.003 0.007 0.003 -0.000
Finished sensitivity simulation for a C/O ratio of 0.8
Finished translating for C/O ratio of 0.8
Starting sensitivity simulation for a C/O ratio of 1.0
0 CH4(2) + X(1) <=> CH4X(48) 0.000 -0.000 0.000 -0.000 0.000
1 O2(3) + 2 X(1) <=> 2 OX(20) 0.029 0.486 0.516 0.459 1.182
2 H2(6) + 2 X(1) <=> 2 HX(19) 0.000 0.000 0.000 -0.000 0.000
3 H(12) + X(1) <=> HX(19) 0.000 0.000 0.000 -0.000 0.000
4 HX(19) + OX(20) <=> HOX(22) + X(1) 0.000 0.000 0.000 -0.000 0.000
5 H2O(5) + 2 X(1) <=> HOX(22) + HX(19) -0.000 -0.000 -0.000 -0.000 -0.000
6 OH(17) + X(1) <=> HOX(22) 0.000 -0.000 0.000 -0.000 0.000
7 CH4(2) + 2 X(1) <=> CH3X(21) + HX(19) 0.000 0.000 0.000 -0.000 0.000
8 CH4(2) + OX(20) + X(1) <=> CH3X(21) + HOX(22) -0.006 -0.120 -0.127 -0.114 -0.297
9 C2H6(8) + 2 X(1) <=> 2 CH3X(21) -0.000 -0.001 -0.001 0.000 -0.020
10 CH3(10) + X(1) <=> CH3X(21) 0.919 0.028 0.947 0.102 -2.299
11 CH3OH(14) + 2 X(1) <=> CH3X(21) + HOX(22) 0.000 -0.002 -0.001 -0.001 -0.018
12 CH4(2) + HOX(22) + X(1) <=> CH3X(21) + H2OX(23) -0.000 -0.000 -0.000 -0.000 -0.000
13 H2O(5) + X(1) <=> H2OX(23) -0.000 -0.000 -0.000 -0.000 -0.001
14 H2OX(23) + OX(20) <=> 2 HOX(22) -0.026 -0.475 -0.501 -0.449 -1.162
15 HOX(22) + HX(19) <=> H2OX(23) + X(1) 0.000 -0.000 -0.000 0.000 0.000
16 H2(6) + X(1) <=> H2X(49) 0.000 -0.000 0.000 -0.000 0.000
17 C2H6(8) + X(1) <=> C2H6X(52) 0.000 0.000 0.000 -0.000 0.000
18 CH3OH(14) + X(1) <=> CH4OX(60) 0.000 -0.000 -0.000 -0.000 0.000
19 C2H4(47) + X(1) <=> C2H4X(205) 0.000 -0.000 -0.000 0.000 0.000
20 CH2X(27) + HX(19) <=> CH3X(21) + X(1) -0.012 -0.012 -0.025 -0.013 -0.000
21 CH2X(27) + HOX(22) <=> CH3X(21) + OX(20) -0.966 -0.966 -1.940 -0.987 -0.000
22 CHX(28) + HX(19) <=> CH2X(27) + X(1) -0.000 0.000 -0.000 -0.000 0.000
23 CHX(28) + HOX(22) <=> CH2X(27) + OX(20) -0.000 -0.000 -0.000 -0.000 0.000
24 2 CH2X(27) <=> CH3X(21) + CHX(28) 0.000 -0.000 0.000 -0.000 0.000
25 CHX(28) + X(1) <=> CX(26) + HX(19) 0.000 0.000 0.000 -0.000 0.000
26 CX(26) + H2(6) <=> CH2X(27) -0.000 0.000 -0.000 -0.000 -0.000
27 CX(26) + HOX(22) <=> CHX(28) + OX(20) 0.000 0.000 0.000 0.000 0.000
28 CH3X(21) + CX(26) <=> CH2X(27) + CHX(28) 0.000 0.000 0.000 -0.000 0.000
29 CH2X(27) + CX(26) <=> 2 CHX(28) 0.000 -0.000 -0.000 -0.000 0.000
30 CO(7) + X(1) <=> OCX(25) -0.002 -0.002 -0.004 -0.002 0.000
31 CX(26) + OX(20) <=> OCX(25) + X(1) 0.000 0.000 0.000 0.000 0.000
32 C2H4(18) + X(1) <=> C2H4X(65) 0.000 -0.000 -0.000 0.000 0.000
33 CO(7) + X(1) <=> COX(50) 0.000 0.000 0.000 -0.000 0.000
34 CH2O(9) + X(1) <=> CH2OX(54) 0.000 0.000 0.000 -0.000 0.000
35 CO2(4) + X(1) <=> CO2X(24) 0.000 -0.000 -0.000 0.000 0.000
36 OCX(25) + OX(20) <=> CO2X(24) + X(1) 0.000 -0.000 -0.000 0.000 0.000
37 CO2X(24) + HX(19) <=> HOX(22) + OCX(25) 0.004 0.004 0.008 0.004 0.000
Finished sensitivity simulation for a C/O ratio of 1.0
Finished translating for C/O ratio of 1.0
Starting sensitivity simulation for a C/O ratio of 0.6
0 CH4(2) + X(1) <=> CH4X(48) 0.000 -0.000 -0.000 -0.000 0.000
1 O2(3) + 2 X(1) <=> 2 OX(20) 0.014 0.441 0.454 0.430 1.156
2 H2(6) + 2 X(1) <=> 2 HX(19) 0.000 -0.000 -0.000 -0.000 0.000
3 H(12) + X(1) <=> HX(19) 0.000 -0.000 -0.000 -0.000 0.000
4 HX(19) + OX(20) <=> HOX(22) + X(1) 0.000 0.000 0.000 -0.000 0.000
5 H2O(5) + 2 X(1) <=> HOX(22) + HX(19) 0.000 -0.000 -0.000 -0.000 0.000
6 OH(17) + X(1) <=> HOX(22) 0.000 -0.000 0.000 -0.000 0.000
7 CH4(2) + 2 X(1) <=> CH3X(21) + HX(19) 0.000 -0.000 -0.000 -0.000 0.000
8 CH4(2) + OX(20) + X(1) <=> CH3X(21) + HOX(22) -0.003 -0.140 -0.143 -0.137 -0.373
9 C2H6(8) + 2 X(1) <=> 2 CH3X(21) 0.000 -0.000 -0.000 0.000 -0.025
10 CH3(10) + X(1) <=> CH3X(21) 0.961 0.108 1.068 0.136 -2.280
11 CH3OH(14) + 2 X(1) <=> CH3X(21) + HOX(22) 0.000 -0.001 -0.001 -0.001 -0.033
12 CH4(2) + HOX(22) + X(1) <=> CH3X(21) + H2OX(23) -0.000 -0.000 -0.000 -0.000 -0.000
13 H2O(5) + X(1) <=> H2OX(23) -0.000 -0.000 -0.000 -0.000 -0.001
14 H2OX(23) + OX(20) <=> 2 HOX(22) -0.012 -0.441 -0.453 -0.431 -1.158
15 HOX(22) + HX(19) <=> H2OX(23) + X(1) 0.000 -0.000 -0.000 -0.000 0.000
16 H2(6) + X(1) <=> H2X(49) 0.000 -0.000 -0.000 0.000 0.000
17 C2H6(8) + X(1) <=> C2H6X(52) 0.000 -0.000 -0.000 -0.000 0.000
18 CH3OH(14) + X(1) <=> CH4OX(60) 0.000 -0.000 -0.000 -0.000 0.000
19 C2H4(47) + X(1) <=> C2H4X(205) 0.000 -0.000 -0.000 -0.000 0.000
20 CH2X(27) + HX(19) <=> CH3X(21) + X(1) -0.010 -0.010 -0.019 -0.010 0.000
21 CH2X(27) + HOX(22) <=> CH3X(21) + OX(20) -0.982 -0.982 -1.975 -0.990 -0.000
22 CHX(28) + HX(19) <=> CH2X(27) + X(1) 0.000 -0.000 -0.000 -0.000 0.000
23 CHX(28) + HOX(22) <=> CH2X(27) + OX(20) -0.000 -0.000 -0.000 -0.000 0.000
24 2 CH2X(27) <=> CH3X(21) + CHX(28) 0.000 -0.000 -0.000 -0.000 0.000
25 CHX(28) + X(1) <=> CX(26) + HX(19) 0.000 -0.000 -0.000 -0.000 0.000
26 CX(26) + H2(6) <=> CH2X(27) 0.000 -0.000 -0.000 -0.000 0.000
27 CX(26) + HOX(22) <=> CHX(28) + OX(20) 0.000 -0.000 -0.000 -0.000 0.000
28 CH3X(21) + CX(26) <=> CH2X(27) + CHX(28) 0.000 -0.000 -0.000 -0.000 0.000
29 CH2X(27) + CX(26) <=> 2 CHX(28) 0.000 -0.000 -0.000 -0.000 0.000
30 CO(7) + X(1) <=> OCX(25) -0.002 -0.002 -0.003 -0.002 0.000
31 CX(26) + OX(20) <=> OCX(25) + X(1) 0.000 -0.000 -0.000 0.000 0.000
32 C2H4(18) + X(1) <=> C2H4X(65) 0.000 -0.000 -0.000 0.000 0.000
33 CO(7) + X(1) <=> COX(50) 0.000 -0.000 -0.000 -0.000 0.000
34 CH2O(9) + X(1) <=> CH2OX(54) 0.000 -0.000 -0.000 -0.000 0.000
35 CO2(4) + X(1) <=> CO2X(24) 0.000 -0.000 0.000 -0.000 0.000
36 OCX(25) + OX(20) <=> CO2X(24) + X(1) 0.000 -0.000 -0.000 -0.000 0.000
37 CO2X(24) + HX(19) <=> HOX(22) + OCX(25) 0.003 0.003 0.006 0.003 0.000
Finished sensitivity simulation for a C/O ratio of 0.6
Finished translating for C/O ratio of 0.6
Starting sensitivity simulation for a C/O ratio of 1.4
0 CH4(2) + X(1) <=> CH4X(48) 0.000 0.000 0.000 -0.000 0.000
1 O2(3) + 2 X(1) <=> 2 OX(20) 0.049 0.523 0.572 0.473 1.168
2 H2(6) + 2 X(1) <=> 2 HX(19) 0.000 0.000 0.000 -0.000 0.000
3 H(12) + X(1) <=> HX(19) 0.000 0.000 0.000 -0.000 0.000
4 HX(19) + OX(20) <=> HOX(22) + X(1) 0.000 0.000 0.000 -0.000 0.000
5 H2O(5) + 2 X(1) <=> HOX(22) + HX(19) 0.000 0.000 0.000 -0.000 0.000
6 OH(17) + X(1) <=> HOX(22) 0.000 0.000 0.000 -0.000 0.000
7 CH4(2) + 2 X(1) <=> CH3X(21) + HX(19) 0.000 0.000 0.000 -0.000 0.000
8 CH4(2) + OX(20) + X(1) <=> CH3X(21) + HOX(22) -0.009 -0.111 -0.121 -0.101 -0.252
9 C2H6(8) + 2 X(1) <=> 2 CH3X(21) -0.000 -0.001 -0.001 0.000 -0.016
10 CH3(10) + X(1) <=> CH3X(21) 0.861 -0.055 0.807 0.084 -2.264
11 CH3OH(14) + 2 X(1) <=> CH3X(21) + HOX(22) 0.000 -0.002 -0.002 -0.001 -0.012
12 CH4(2) + HOX(22) + X(1) <=> CH3X(21) + H2OX(23) -0.000 -0.000 -0.000 -0.000 -0.000
13 H2O(5) + X(1) <=> H2OX(23) -0.000 -0.000 -0.000 -0.000 -0.001
14 H2OX(23) + OX(20) <=> 2 HOX(22) -0.045 -0.507 -0.552 -0.458 -1.141
15 HOX(22) + HX(19) <=> H2OX(23) + X(1) 0.000 0.000 0.000 -0.000 0.000
16 H2(6) + X(1) <=> H2X(49) 0.000 0.000 0.000 -0.000 0.000
17 C2H6(8) + X(1) <=> C2H6X(52) 0.000 0.000 0.000 -0.000 0.000
18 CH3OH(14) + X(1) <=> CH4OX(60) 0.000 0.000 0.000 -0.000 0.000
19 C2H4(47) + X(1) <=> C2H4X(205) 0.000 0.000 0.000 -0.000 0.000
20 CH2X(27) + HX(19) <=> CH3X(21) + X(1) -0.015 -0.015 -0.029 -0.015 0.000
21 CH2X(27) + HOX(22) <=> CH3X(21) + OX(20) -0.942 -0.942 -1.893 -0.985 -0.000
22 CHX(28) + HX(19) <=> CH2X(27) + X(1) 0.000 0.000 0.000 -0.000 0.000
23 CHX(28) + HOX(22) <=> CH2X(27) + OX(20) -0.000 -0.000 -0.000 -0.000 0.000
24 2 CH2X(27) <=> CH3X(21) + CHX(28) 0.000 0.000 0.000 -0.000 0.000
25 CHX(28) + X(1) <=> CX(26) + HX(19) 0.000 0.000 0.000 -0.000 0.000
26 CX(26) + H2(6) <=> CH2X(27) 0.000 0.000 0.000 -0.000 0.000
27 CX(26) + HOX(22) <=> CHX(28) + OX(20) 0.000 0.000 0.000 -0.000 0.000
28 CH3X(21) + CX(26) <=> CH2X(27) + CHX(28) 0.000 0.000 0.000 -0.000 0.000
29 CH2X(27) + CX(26) <=> 2 CHX(28) 0.000 0.000 0.000 -0.000 0.000
30 CO(7) + X(1) <=> OCX(25) -0.002 -0.002 -0.005 -0.002 0.000
31 CX(26) + OX(20) <=> OCX(25) + X(1) 0.000 0.000 0.000 0.000 0.000
32 C2H4(18) + X(1) <=> C2H4X(65) 0.000 0.000 0.000 -0.000 0.000
33 CO(7) + X(1) <=> COX(50) 0.000 0.000 0.000 -0.000 0.000
34 CH2O(9) + X(1) <=> CH2OX(54) 0.000 0.000 0.000 -0.000 0.000
35 CO2(4) + X(1) <=> CO2X(24) 0.000 0.000 0.000 -0.000 0.000
36 OCX(25) + OX(20) <=> CO2X(24) + X(1) 0.000 0.000 0.000 -0.000 0.000
37 CO2X(24) + HX(19) <=> HOX(22) + OCX(25) 0.005 0.005 0.009 0.005 0.000
Finished sensitivity simulation for a C/O ratio of 1.4
Finished translating for C/O ratio of 1.4
Starting sensitivity simulation for a C/O ratio of 0.9
0 CH4(2) + X(1) <=> CH4X(48) 0.000 -0.000 -0.000 0.000 0.000
1 O2(3) + 2 X(1) <=> 2 OX(20) 0.025 0.476 0.501 0.454 1.182
2 H2(6) + 2 X(1) <=> 2 HX(19) 0.000 0.000 0.000 0.000 0.000
3 H(12) + X(1) <=> HX(19) 0.000 0.000 0.000 -0.000 0.000
4 HX(19) + OX(20) <=> HOX(22) + X(1) 0.000 -0.000 0.000 -0.000 0.000
5 H2O(5) + 2 X(1) <=> HOX(22) + HX(19) 0.000 0.000 0.000 -0.000 0.000
6 OH(17) + X(1) <=> HOX(22) 0.000 -0.000 0.000 -0.000 -0.000
7 CH4(2) + 2 X(1) <=> CH3X(21) + HX(19) 0.000 -0.000 -0.000 -0.000 0.000
8 CH4(2) + OX(20) + X(1) <=> CH3X(21) + HOX(22) -0.005 -0.124 -0.129 -0.118 -0.312
9 C2H6(8) + 2 X(1) <=> 2 CH3X(21) -0.000 -0.001 -0.001 0.000 -0.021
10 CH3(10) + X(1) <=> CH3X(21) 0.931 0.048 0.978 0.108 -2.303
11 CH3OH(14) + 2 X(1) <=> CH3X(21) + HOX(22) 0.000 -0.002 -0.001 -0.001 -0.020
12 CH4(2) + HOX(22) + X(1) <=> CH3X(21) + H2OX(23) -0.000 -0.000 -0.000 -0.000 -0.000
13 H2O(5) + X(1) <=> H2OX(23) -0.000 -0.000 -0.000 -0.000 -0.001
14 H2OX(23) + OX(20) <=> 2 HOX(22) -0.022 -0.467 -0.489 -0.445 -1.165
15 HOX(22) + HX(19) <=> H2OX(23) + X(1) 0.000 -0.000 -0.000 0.000 0.000
16 H2(6) + X(1) <=> H2X(49) 0.000 0.000 0.000 0.000 0.000
17 C2H6(8) + X(1) <=> C2H6X(52) 0.000 0.000 0.000 -0.000 0.000
18 CH3OH(14) + X(1) <=> CH4OX(60) 0.000 0.000 0.000 0.000 0.000
19 C2H4(47) + X(1) <=> C2H4X(205) 0.000 -0.000 0.000 -0.000 0.000
20 CH2X(27) + HX(19) <=> CH3X(21) + X(1) -0.012 -0.012 -0.023 -0.012 0.000
21 CH2X(27) + HOX(22) <=> CH3X(21) + OX(20) -0.970 -0.970 -1.950 -0.988 -0.000
22 CHX(28) + HX(19) <=> CH2X(27) + X(1) 0.000 -0.000 -0.000 -0.000 0.000
23 CHX(28) + HOX(22) <=> CH2X(27) + OX(20) -0.000 -0.000 -0.000 -0.000 0.000
24 2 CH2X(27) <=> CH3X(21) + CHX(28) 0.000 0.000 0.000 -0.000 0.000
25 CHX(28) + X(1) <=> CX(26) + HX(19) 0.000 0.000 0.000 -0.000 0.000
26 CX(26) + H2(6) <=> CH2X(27) 0.000 0.000 0.000 0.000 0.000
27 CX(26) + HOX(22) <=> CHX(28) + OX(20) 0.000 0.000 0.000 0.000 0.000
28 CH3X(21) + CX(26) <=> CH2X(27) + CHX(28) 0.000 -0.000 -0.000 -0.000 0.000
29 CH2X(27) + CX(26) <=> 2 CHX(28) -0.000 0.000 0.000 0.000 -0.000
30 CO(7) + X(1) <=> OCX(25) -0.002 -0.002 -0.004 -0.002 0.000
31 CX(26) + OX(20) <=> OCX(25) + X(1) 0.000 0.000 0.000 0.000 0.000
32 C2H4(18) + X(1) <=> C2H4X(65) 0.000 -0.000 0.000 0.000 0.000
33 CO(7) + X(1) <=> COX(50) 0.000 -0.000 0.000 0.000 0.000
34 CH2O(9) + X(1) <=> CH2OX(54) 0.000 0.000 0.000 -0.000 0.000
35 CO2(4) + X(1) <=> CO2X(24) 0.000 0.000 0.000 0.000 0.000
36 OCX(25) + OX(20) <=> CO2X(24) + X(1) 0.000 0.000 0.000 -0.000 0.000
37 CO2X(24) + HX(19) <=> HOX(22) + OCX(25) 0.004 0.004 0.007 0.004 0.000
Finished sensitivity simulation for a C/O ratio of 0.9
Finished translating for C/O ratio of 0.9
Starting sensitivity simulation for a C/O ratio of 2.4
0 CH4(2) + X(1) <=> CH4X(48) -0.000 -0.000 -0.000 0.000 -0.000
1 O2(3) + 2 X(1) <=> 2 OX(20) 0.108 0.611 0.718 0.489 1.099
2 H2(6) + 2 X(1) <=> 2 HX(19) -0.000 -0.000 -0.000 0.000 -0.000
3 H(12) + X(1) <=> HX(19) 0.000 0.000 0.000 -0.000 0.000
4 HX(19) + OX(20) <=> HOX(22) + X(1) -0.000 -0.000 -0.000 0.000 -0.000
5 H2O(5) + 2 X(1) <=> HOX(22) + HX(19) -0.000 -0.000 -0.000 -0.000 -0.000
6 OH(17) + X(1) <=> HOX(22) -0.000 -0.000 -0.000 -0.000 -0.000
7 CH4(2) + 2 X(1) <=> CH3X(21) + HX(19) -0.000 -0.000 -0.000 -0.000 -0.000
8 CH4(2) + OX(20) + X(1) <=> CH3X(21) + HOX(22) -0.017 -0.104 -0.122 -0.083 -0.190
9 C2H6(8) + 2 X(1) <=> 2 CH3X(21) -0.001 -0.002 -0.002 0.000 -0.011
10 CH3(10) + X(1) <=> CH3X(21) 0.677 -0.292 0.386 0.063 -2.125
11 CH3OH(14) + 2 X(1) <=> CH3X(21) + HOX(22) 0.000 -0.003 -0.003 -0.002 -0.008
12 CH4(2) + HOX(22) + X(1) <=> CH3X(21) + H2OX(23) -0.000 -0.000 -0.000 -0.000 -0.000
13 H2O(5) + X(1) <=> H2OX(23) -0.000 -0.001 -0.001 -0.000 -0.001
14 H2OX(23) + OX(20) <=> 2 HOX(22) -0.100 -0.589 -0.690 -0.469 -1.068
15 HOX(22) + HX(19) <=> H2OX(23) + X(1) 0.000 0.000 0.000 0.000 0.000
16 H2(6) + X(1) <=> H2X(49) -0.000 -0.000 -0.000 0.000 -0.000
17 C2H6(8) + X(1) <=> C2H6X(52) -0.000 -0.000 -0.000 0.000 -0.000
18 CH3OH(14) + X(1) <=> CH4OX(60) -0.000 -0.000 -0.000 -0.000 -0.000
19 C2H4(47) + X(1) <=> C2H4X(205) -0.000 -0.000 -0.000 0.000 -0.000
20 CH2X(27) + HX(19) <=> CH3X(21) + X(1) -0.018 -0.018 -0.037 -0.021 -0.000
21 CH2X(27) + HOX(22) <=> CH3X(21) + OX(20) -0.862 -0.862 -1.732 -0.979 -0.000
22 CHX(28) + HX(19) <=> CH2X(27) + X(1) -0.000 -0.000 -0.000 -0.000 -0.000
23 CHX(28) + HOX(22) <=> CH2X(27) + OX(20) -0.000 -0.000 -0.000 -0.000 -0.000
24 2 CH2X(27) <=> CH3X(21) + CHX(28) -0.000 -0.000 -0.000 0.000 -0.000
25 CHX(28) + X(1) <=> CX(26) + HX(19) -0.000 -0.000 -0.000 0.000 -0.000
26 CX(26) + H2(6) <=> CH2X(27) -0.000 -0.000 -0.000 0.000 -0.000
27 CX(26) + HOX(22) <=> CHX(28) + OX(20) -0.000 -0.000 -0.000 0.000 -0.000
28 CH3X(21) + CX(26) <=> CH2X(27) + CHX(28) -0.000 -0.000 -0.000 -0.000 -0.000
29 CH2X(27) + CX(26) <=> 2 CHX(28) 0.000 0.000 0.000 0.000 0.000
30 CO(7) + X(1) <=> OCX(25) -0.003 -0.003 -0.005 -0.003 -0.000
31 CX(26) + OX(20) <=> OCX(25) + X(1) -0.000 -0.000 -0.000 0.000 -0.000
32 C2H4(18) + X(1) <=> C2H4X(65) 0.000 0.000 0.000 0.000 0.000
33 CO(7) + X(1) <=> COX(50) -0.000 -0.000 -0.000 0.000 -0.000
34 CH2O(9) + X(1) <=> CH2OX(54) 0.000 0.000 0.000 0.000 0.000
35 CO2(4) + X(1) <=> CO2X(24) -0.000 -0.000 -0.000 0.000 -0.000
36 OCX(25) + OX(20) <=> CO2X(24) + X(1) -0.000 -0.000 -0.000 -0.000 -0.000
37 CO2X(24) + HX(19) <=> HOX(22) + OCX(25) 0.006 0.006 0.013 0.007 0.000
Finished sensitivity simulation for a C/O ratio of 2.4
Finished translating for C/O ratio of 2.4
Starting sensitivity simulation for a C/O ratio of 1.1
0 CH4(2) + X(1) <=> CH4X(48) -0.000 -0.000 -0.000 -0.000 -0.000
1 O2(3) + 2 X(1) <=> 2 OX(20) 0.034 0.496 0.530 0.464 1.181
2 H2(6) + 2 X(1) <=> 2 HX(19) 0.000 -0.000 0.000 -0.000 0.000
3 H(12) + X(1) <=> HX(19) 0.000 0.000 0.000 -0.000 0.000
4 HX(19) + OX(20) <=> HOX(22) + X(1) -0.000 -0.000 -0.000 -0.000 -0.000
5 H2O(5) + 2 X(1) <=> HOX(22) + HX(19) -0.000 -0.000 -0.000 -0.000 -0.000
6 OH(17) + X(1) <=> HOX(22) 0.000 -0.000 -0.000 -0.000 -0.000
7 CH4(2) + 2 X(1) <=> CH3X(21) + HX(19) -0.000 -0.000 -0.000 -0.000 -0.000
8 CH4(2) + OX(20) + X(1) <=> CH3X(21) + HOX(22) -0.007 -0.118 -0.124 -0.110 -0.284
9 C2H6(8) + 2 X(1) <=> 2 CH3X(21) -0.000 -0.001 -0.001 0.000 -0.019
10 CH3(10) + X(1) <=> CH3X(21) 0.906 0.008 0.914 0.097 -2.293
11 CH3OH(14) + 2 X(1) <=> CH3X(21) + HOX(22) 0.000 -0.002 -0.002 -0.001 -0.016
12 CH4(2) + HOX(22) + X(1) <=> CH3X(21) + H2OX(23) -0.000 -0.000 -0.000 -0.000 -0.000
13 H2O(5) + X(1) <=> H2OX(23) -0.000 -0.000 -0.000 -0.000 -0.001
14 H2OX(23) + OX(20) <=> 2 HOX(22) -0.030 -0.483 -0.514 -0.451 -1.158
15 HOX(22) + HX(19) <=> H2OX(23) + X(1) 0.000 -0.000 -0.000 -0.000 0.000
16 H2(6) + X(1) <=> H2X(49) 0.000 0.000 0.000 -0.000 0.000
17 C2H6(8) + X(1) <=> C2H6X(52) -0.000 -0.000 -0.000 -0.000 -0.000
18 CH3OH(14) + X(1) <=> CH4OX(60) -0.000 -0.000 -0.000 0.000 -0.000
19 C2H4(47) + X(1) <=> C2H4X(205) -0.000 -0.000 -0.000 -0.000 -0.000
20 CH2X(27) + HX(19) <=> CH3X(21) + X(1) -0.013 -0.013 -0.026 -0.013 0.000
21 CH2X(27) + HOX(22) <=> CH3X(21) + OX(20) -0.960 -0.960 -1.930 -0.987 -0.000
22 CHX(28) + HX(19) <=> CH2X(27) + X(1) -0.000 -0.000 -0.000 -0.000 0.000
23 CHX(28) + HOX(22) <=> CH2X(27) + OX(20) -0.000 -0.000 -0.000 -0.000 0.000
24 2 CH2X(27) <=> CH3X(21) + CHX(28) 0.000 -0.000 -0.000 -0.000 -0.000
25 CHX(28) + X(1) <=> CX(26) + HX(19) 0.000 -0.000 -0.000 -0.000 0.000
26 CX(26) + H2(6) <=> CH2X(27) -0.000 -0.000 -0.000 0.000 -0.000
27 CX(26) + HOX(22) <=> CHX(28) + OX(20) -0.000 -0.000 -0.000 -0.000 -0.000
28 CH3X(21) + CX(26) <=> CH2X(27) + CHX(28) 0.000 0.000 0.000 -0.000 0.000
29 CH2X(27) + CX(26) <=> 2 CHX(28) -0.000 -0.000 -0.000 -0.000 -0.000
30 CO(7) + X(1) <=> OCX(25) -0.002 -0.002 -0.004 -0.002 -0.000
31 CX(26) + OX(20) <=> OCX(25) + X(1) -0.000 -0.000 -0.000 0.000 -0.000
32 C2H4(18) + X(1) <=> C2H4X(65) 0.000 -0.000 -0.000 -0.000 0.000
33 CO(7) + X(1) <=> COX(50) -0.000 0.000 0.000 -0.000 -0.000
34 CH2O(9) + X(1) <=> CH2OX(54) 0.000 0.000 0.000 -0.000 0.000
35 CO2(4) + X(1) <=> CO2X(24) -0.000 -0.000 -0.000 -0.000 -0.000
36 OCX(25) + OX(20) <=> CO2X(24) + X(1) 0.000 -0.000 -0.000 -0.000 0.000
37 CO2X(24) + HX(19) <=> HOX(22) + OCX(25) 0.004 0.004 0.008 0.004 -0.000
Finished sensitivity simulation for a C/O ratio of 1.1
Finished translating for C/O ratio of 1.1
