This mechanism contains 38 gas reactions and 43 surface reactions
Finished simulation at a C/O ratio of 1.8
Finished simulation at a C/O ratio of 1.0
Finished simulation at a C/O ratio of 1.4
Finished simulation at a C/O ratio of 1.2
Finished simulation at a C/O ratio of 2.0
Finished simulation at a C/O ratio of 1.3
Finished simulation at a C/O ratio of 2.2
Finished simulation at a C/O ratio of 1.6
Finished simulation at a C/O ratio of 1.1
Finished simulation at a C/O ratio of 0.8
Finished simulation at a C/O ratio of 0.6
Finished simulation at a C/O ratio of 2.6
Finished simulation at a C/O ratio of 0.7
Finished simulation at a C/O ratio of 2.4
Finished simulation at a C/O ratio of 0.9
Starting sensitivity simulation for a C/O ratio of 0.9
0 CH4(2) + X(1) <=> CH4X(48) -0.000 0.000
1 O2(3) + 2 X(1) <=> 2 OX(20) -0.000 -0.000
2 H2(6) + 2 X(1) <=> 2 HX(19) 0.000 0.000
3 H(12) + X(1) <=> HX(19) -0.000 0.000
4 CH4(2) + 2 X(1) <=> CH3X(21) + HX(19) -0.103 0.627
5 C2H6(8) + 2 X(1) <=> 2 CH3X(21) -0.000 0.000
6 CH3(10) + X(1) <=> CH3X(21) 0.000 0.000
7 CH2X(27) + HX(19) <=> CH3X(21) + X(1) 0.000 0.000
8 CHX(28) + HX(19) <=> CH2X(27) + X(1) -0.000 0.000
9 2 CH2X(27) <=> CH3X(21) + CHX(28) -0.000 0.000
10 CHX(28) + X(1) <=> CX(26) + HX(19) -0.000 0.000
11 CX(26) + H2(6) <=> CH2X(27) -0.000 0.000
12 CH3X(21) + CX(26) <=> CH2X(27) + CHX(28) -0.000 0.000
13 CH2X(27) + CX(26) <=> 2 CHX(28) 0.000 0.000
14 H2(6) + X(1) <=> H2X(49) -0.000 0.000
15 CH4(2) + OX(20) + X(1) <=> CH3X(21) + HOX(22) -0.052 0.170
16 HX(19) + OX(20) <=> HOX(22) + X(1) -0.435 -0.432
17 H2O(5) + 2 X(1) <=> HOX(22) + HX(19) 0.013 0.011
18 CH3OH(14) + 2 X(1) <=> CH3X(21) + HOX(22) -0.000 -0.000
19 OH(17) + X(1) <=> HOX(22) -0.000 0.004
20 CH2X(27) + HOX(22) <=> CH3X(21) + OX(20) -0.000 -0.000
21 CHX(28) + HOX(22) <=> CH2X(27) + OX(20) -0.000 -0.000
22 CX(26) + HOX(22) <=> CHX(28) + OX(20) 0.000 0.000
23 CH4(2) + HOX(22) + X(1) <=> CH3X(21) + H2OX(23) -0.003 0.088
24 H2O(5) + X(1) <=> H2OX(23) -0.000 0.000
25 H2OX(23) + OX(20) <=> 2 HOX(22) 0.385 0.339
26 HOX(22) + HX(19) <=> H2OX(23) + X(1) -0.000 0.000
27 CO(7) + X(1) <=> OCX(25) 0.000 0.000
28 CX(26) + OX(20) <=> OCX(25) + X(1) -0.000 0.000
29 CO(7) + X(1) <=> COX(50) -0.000 0.000
30 CH2O(9) + 2 X(1) <=> CHOX(53) + HX(19) 0.000 0.000
31 HCO(15) + X(1) <=> CHOX(53) 0.000 0.000
32 CH3CHO(16) + 2 X(1) <=> CH3X(21) + CHOX(53) -0.000 0.000
33 CHOX(53) + X(1) <=> HX(19) + OCX(25) 0.000 0.000
34 CH2X(27) + CHOX(53) <=> CH3X(21) + OCX(25) -0.000 0.000
35 CHOX(53) + CHX(28) <=> CH2X(27) + OCX(25) -0.000 0.000
36 CHOX(53) + CX(26) <=> CHX(28) + OCX(25) 0.000 0.000
37 CHOX(53) + OX(20) <=> HOX(22) + OCX(25) -0.000 0.000
38 HOCOX(217) + X(1) <=> HOX(22) + OCX(25) 0.000 0.000
39 C2H4(47) + X(1) <=> C2H4X(209) -0.000 0.000
40 CO2(4) + X(1) <=> CO2X(24) -0.000 0.000
41 OCX(25) + OX(20) <=> CO2X(24) + X(1) 0.000 0.000
42 CO2X(24) + HX(19) <=> HOX(22) + OCX(25) -0.777 -0.777
Finished sensitivity simulation for a C/O ratio of 0.9
Finished translating for C/O ratio of 0.9
Starting sensitivity simulation for a C/O ratio of 0.8
0 CH4(2) + X(1) <=> CH4X(48) -0.000 0.000
1 O2(3) + 2 X(1) <=> 2 OX(20) -0.000 -0.000
2 H2(6) + 2 X(1) <=> 2 HX(19) -0.000 0.000
3 H(12) + X(1) <=> HX(19) -0.000 0.000
4 CH4(2) + 2 X(1) <=> CH3X(21) + HX(19) -0.132 0.596
5 C2H6(8) + 2 X(1) <=> 2 CH3X(21) -0.000 0.000
6 CH3(10) + X(1) <=> CH3X(21) 0.000 0.000
7 CH2X(27) + HX(19) <=> CH3X(21) + X(1) 0.000 0.000
8 CHX(28) + HX(19) <=> CH2X(27) + X(1) -0.000 0.000
9 2 CH2X(27) <=> CH3X(21) + CHX(28) -0.000 0.000
10 CHX(28) + X(1) <=> CX(26) + HX(19) -0.000 0.000
11 CX(26) + H2(6) <=> CH2X(27) -0.000 0.000
12 CH3X(21) + CX(26) <=> CH2X(27) + CHX(28) -0.000 0.000
13 CH2X(27) + CX(26) <=> 2 CHX(28) -0.000 0.000
14 H2(6) + X(1) <=> H2X(49) -0.000 0.000
15 CH4(2) + OX(20) + X(1) <=> CH3X(21) + HOX(22) -0.060 0.166
16 HX(19) + OX(20) <=> HOX(22) + X(1) -0.387 -0.384
17 H2O(5) + 2 X(1) <=> HOX(22) + HX(19) 0.014 0.012
18 CH3OH(14) + 2 X(1) <=> CH3X(21) + HOX(22) -0.000 -0.000
19 OH(17) + X(1) <=> HOX(22) -0.000 0.004
20 CH2X(27) + HOX(22) <=> CH3X(21) + OX(20) -0.000 -0.000
21 CHX(28) + HOX(22) <=> CH2X(27) + OX(20) -0.000 0.000
22 CX(26) + HOX(22) <=> CHX(28) + OX(20) -0.000 0.000
23 CH4(2) + HOX(22) + X(1) <=> CH3X(21) + H2OX(23) -0.005 0.082
24 H2O(5) + X(1) <=> H2OX(23) -0.000 0.000
25 H2OX(23) + OX(20) <=> 2 HOX(22) 0.398 0.354
26 HOX(22) + HX(19) <=> H2OX(23) + X(1) -0.000 0.000
27 CO(7) + X(1) <=> OCX(25) -0.000 0.000
28 CX(26) + OX(20) <=> OCX(25) + X(1) -0.000 0.000
29 CO(7) + X(1) <=> COX(50) -0.000 0.000
30 CH2O(9) + 2 X(1) <=> CHOX(53) + HX(19) -0.000 0.000
31 HCO(15) + X(1) <=> CHOX(53) -0.000 0.000
32 CH3CHO(16) + 2 X(1) <=> CH3X(21) + CHOX(53) -0.000 0.000
33 CHOX(53) + X(1) <=> HX(19) + OCX(25) -0.000 0.000
34 CH2X(27) + CHOX(53) <=> CH3X(21) + OCX(25) -0.000 0.000
35 CHOX(53) + CHX(28) <=> CH2X(27) + OCX(25) -0.000 0.000
36 CHOX(53) + CX(26) <=> CHX(28) + OCX(25) -0.000 0.000
37 CHOX(53) + OX(20) <=> HOX(22) + OCX(25) -0.000 0.000
38 HOCOX(217) + X(1) <=> HOX(22) + OCX(25) -0.000 0.000
39 C2H4(47) + X(1) <=> C2H4X(209) -0.000 0.000
40 CO2(4) + X(1) <=> CO2X(24) -0.000 0.000
41 OCX(25) + OX(20) <=> CO2X(24) + X(1) -0.000 0.000
42 CO2X(24) + HX(19) <=> HOX(22) + OCX(25) -0.802 -0.802
Finished sensitivity simulation for a C/O ratio of 0.8
Finished translating for C/O ratio of 0.8
Starting sensitivity simulation for a C/O ratio of 2.6
0 CH4(2) + X(1) <=> CH4X(48) -0.000 -0.000
1 O2(3) + 2 X(1) <=> 2 OX(20) -0.000 -0.000
2 H2(6) + 2 X(1) <=> 2 HX(19) 0.000 0.000
3 H(12) + X(1) <=> HX(19) -0.000 0.000
4 CH4(2) + 2 X(1) <=> CH3X(21) + HX(19) 0.229 0.982
5 C2H6(8) + 2 X(1) <=> 2 CH3X(21) -0.000 0.000
6 CH3(10) + X(1) <=> CH3X(21) -0.000 0.000
7 CH2X(27) + HX(19) <=> CH3X(21) + X(1) 0.001 0.001
8 CHX(28) + HX(19) <=> CH2X(27) + X(1) -0.000 0.000
9 2 CH2X(27) <=> CH3X(21) + CHX(28) -0.000 0.000
10 CHX(28) + X(1) <=> CX(26) + HX(19) -0.000 0.000
11 CX(26) + H2(6) <=> CH2X(27) -0.000 0.000
12 CH3X(21) + CX(26) <=> CH2X(27) + CHX(28) -0.000 0.000
13 CH2X(27) + CX(26) <=> 2 CHX(28) 0.000 0.000
14 H2(6) + X(1) <=> H2X(49) -0.000 0.000
15 CH4(2) + OX(20) + X(1) <=> CH3X(21) + HOX(22) 0.018 0.204
16 HX(19) + OX(20) <=> HOX(22) + X(1) -0.974 -0.968
17 H2O(5) + 2 X(1) <=> HOX(22) + HX(19) -0.014 -0.020
18 CH3OH(14) + 2 X(1) <=> CH3X(21) + HOX(22) -0.000 -0.000
19 OH(17) + X(1) <=> HOX(22) 0.001 0.005
20 CH2X(27) + HOX(22) <=> CH3X(21) + OX(20) -0.001 -0.001
21 CHX(28) + HOX(22) <=> CH2X(27) + OX(20) -0.000 -0.000
22 CX(26) + HOX(22) <=> CHX(28) + OX(20) 0.000 0.000
23 CH4(2) + HOX(22) + X(1) <=> CH3X(21) + H2OX(23) 0.029 0.153
24 H2O(5) + X(1) <=> H2OX(23) -0.000 0.000
25 H2OX(23) + OX(20) <=> 2 HOX(22) 0.238 0.178
26 HOX(22) + HX(19) <=> H2OX(23) + X(1) -0.000 -0.000
27 CO(7) + X(1) <=> OCX(25) 0.000 0.000
28 CX(26) + OX(20) <=> OCX(25) + X(1) -0.000 0.000
29 CO(7) + X(1) <=> COX(50) -0.000 0.000
30 CH2O(9) + 2 X(1) <=> CHOX(53) + HX(19) -0.000 0.000
31 HCO(15) + X(1) <=> CHOX(53) 0.000 -0.000
32 CH3CHO(16) + 2 X(1) <=> CH3X(21) + CHOX(53) -0.000 0.000
33 CHOX(53) + X(1) <=> HX(19) + OCX(25) -0.000 0.000
34 CH2X(27) + CHOX(53) <=> CH3X(21) + OCX(25) -0.000 0.000
35 CHOX(53) + CHX(28) <=> CH2X(27) + OCX(25) -0.000 0.000
36 CHOX(53) + CX(26) <=> CHX(28) + OCX(25) -0.000 0.000
37 CHOX(53) + OX(20) <=> HOX(22) + OCX(25) -0.000 0.000
38 HOCOX(217) + X(1) <=> HOX(22) + OCX(25) 0.000 0.000
39 C2H4(47) + X(1) <=> C2H4X(209) -0.000 0.000
40 CO2(4) + X(1) <=> CO2X(24) -0.000 0.000
41 OCX(25) + OX(20) <=> CO2X(24) + X(1) -0.000 0.000
42 CO2X(24) + HX(19) <=> HOX(22) + OCX(25) -0.492 -0.492
Finished sensitivity simulation for a C/O ratio of 2.6
Finished translating for C/O ratio of 2.6
Starting sensitivity simulation for a C/O ratio of 0.7
0 CH4(2) + X(1) <=> CH4X(48) 0.000 -0.000
1 O2(3) + 2 X(1) <=> 2 OX(20) 0.000 -0.000
2 H2(6) + 2 X(1) <=> 2 HX(19) 0.000 0.000
3 H(12) + X(1) <=> HX(19) 0.000 -0.000
4 CH4(2) + 2 X(1) <=> CH3X(21) + HX(19) -0.162 0.565
5 C2H6(8) + 2 X(1) <=> 2 CH3X(21) 0.000 -0.000
6 CH3(10) + X(1) <=> CH3X(21) 0.000 0.000
7 CH2X(27) + HX(19) <=> CH3X(21) + X(1) 0.000 0.000
8 CHX(28) + HX(19) <=> CH2X(27) + X(1) 0.000 0.000
9 2 CH2X(27) <=> CH3X(21) + CHX(28) 0.000 -0.000
10 CHX(28) + X(1) <=> CX(26) + HX(19) 0.000 -0.000
11 CX(26) + H2(6) <=> CH2X(27) 0.000 -0.000
12 CH3X(21) + CX(26) <=> CH2X(27) + CHX(28) 0.000 -0.000
13 CH2X(27) + CX(26) <=> 2 CHX(28) 0.000 -0.000
14 H2(6) + X(1) <=> H2X(49) 0.000 -0.000
15 CH4(2) + OX(20) + X(1) <=> CH3X(21) + HOX(22) -0.068 0.161
16 HX(19) + OX(20) <=> HOX(22) + X(1) -0.337 -0.334
17 H2O(5) + 2 X(1) <=> HOX(22) + HX(19) 0.015 0.013
18 CH3OH(14) + 2 X(1) <=> CH3X(21) + HOX(22) -0.000 -0.000
19 OH(17) + X(1) <=> HOX(22) -0.000 0.004
20 CH2X(27) + HOX(22) <=> CH3X(21) + OX(20) -0.000 -0.000
21 CHX(28) + HOX(22) <=> CH2X(27) + OX(20) 0.000 -0.000
22 CX(26) + HOX(22) <=> CHX(28) + OX(20) 0.000 -0.000
23 CH4(2) + HOX(22) + X(1) <=> CH3X(21) + H2OX(23) -0.007 0.076
24 H2O(5) + X(1) <=> H2OX(23) 0.000 -0.000
25 H2OX(23) + OX(20) <=> 2 HOX(22) 0.412 0.369
26 HOX(22) + HX(19) <=> H2OX(23) + X(1) 0.000 0.000
27 CO(7) + X(1) <=> OCX(25) 0.000 0.000
28 CX(26) + OX(20) <=> OCX(25) + X(1) 0.000 -0.000
29 CO(7) + X(1) <=> COX(50) 0.000 -0.000
30 CH2O(9) + 2 X(1) <=> CHOX(53) + HX(19) 0.000 -0.000
31 HCO(15) + X(1) <=> CHOX(53) 0.000 -0.000
32 CH3CHO(16) + 2 X(1) <=> CH3X(21) + CHOX(53) 0.000 -0.000
33 CHOX(53) + X(1) <=> HX(19) + OCX(25) 0.000 -0.000
34 CH2X(27) + CHOX(53) <=> CH3X(21) + OCX(25) 0.000 -0.000
35 CHOX(53) + CHX(28) <=> CH2X(27) + OCX(25) 0.000 -0.000
36 CHOX(53) + CX(26) <=> CHX(28) + OCX(25) 0.000 -0.000
37 CHOX(53) + OX(20) <=> HOX(22) + OCX(25) 0.000 -0.000
38 HOCOX(217) + X(1) <=> HOX(22) + OCX(25) 0.000 -0.000
39 C2H4(47) + X(1) <=> C2H4X(209) 0.000 -0.000
40 CO2(4) + X(1) <=> CO2X(24) 0.000 -0.000
41 OCX(25) + OX(20) <=> CO2X(24) + X(1) 0.000 -0.000
42 CO2X(24) + HX(19) <=> HOX(22) + OCX(25) -0.828 -0.828
Finished sensitivity simulation for a C/O ratio of 0.7
Finished translating for C/O ratio of 0.7
Starting sensitivity simulation for a C/O ratio of 1.6
0 CH4(2) + X(1) <=> CH4X(48) -0.000 -0.000
1 O2(3) + 2 X(1) <=> 2 OX(20) -0.000 -0.000
2 H2(6) + 2 X(1) <=> 2 HX(19) 0.000 0.000
3 H(12) + X(1) <=> HX(19) 0.000 -0.000
4 CH4(2) + 2 X(1) <=> CH3X(21) + HX(19) 0.067 0.807
5 C2H6(8) + 2 X(1) <=> 2 CH3X(21) 0.000 -0.000
6 CH3(10) + X(1) <=> CH3X(21) 0.000 0.000
7 CH2X(27) + HX(19) <=> CH3X(21) + X(1) 0.000 0.000
8 CHX(28) + HX(19) <=> CH2X(27) + X(1) 0.000 0.000
9 2 CH2X(27) <=> CH3X(21) + CHX(28) 0.000 -0.000
10 CHX(28) + X(1) <=> CX(26) + HX(19) 0.000 -0.000
11 CX(26) + H2(6) <=> CH2X(27) 0.000 -0.000
12 CH3X(21) + CX(26) <=> CH2X(27) + CHX(28) 0.000 -0.000
13 CH2X(27) + CX(26) <=> 2 CHX(28) 0.000 -0.000
14 H2(6) + X(1) <=> H2X(49) 0.000 -0.000
15 CH4(2) + OX(20) + X(1) <=> CH3X(21) + HOX(22) -0.013 0.192
16 HX(19) + OX(20) <=> HOX(22) + X(1) -0.715 -0.710
17 H2O(5) + 2 X(1) <=> HOX(22) + HX(19) 0.003 -0.002
18 CH3OH(14) + 2 X(1) <=> CH3X(21) + HOX(22) -0.000 -0.000
19 OH(17) + X(1) <=> HOX(22) 0.000 0.004
20 CH2X(27) + HOX(22) <=> CH3X(21) + OX(20) -0.000 -0.000
21 CHX(28) + HOX(22) <=> CH2X(27) + OX(20) 0.000 -0.000
22 CX(26) + HOX(22) <=> CHX(28) + OX(20) 0.000 -0.000
23 CH4(2) + HOX(22) + X(1) <=> CH3X(21) + H2OX(23) 0.012 0.121
24 H2O(5) + X(1) <=> H2OX(23) 0.000 -0.000
25 H2OX(23) + OX(20) <=> 2 HOX(22) 0.309 0.255
26 HOX(22) + HX(19) <=> H2OX(23) + X(1) 0.000 -0.000
27 CO(7) + X(1) <=> OCX(25) 0.000 0.000
28 CX(26) + OX(20) <=> OCX(25) + X(1) 0.000 0.000
29 CO(7) + X(1) <=> COX(50) 0.000 -0.000
30 CH2O(9) + 2 X(1) <=> CHOX(53) + HX(19) 0.000 -0.000
31 HCO(15) + X(1) <=> CHOX(53) 0.000 -0.000
32 CH3CHO(16) + 2 X(1) <=> CH3X(21) + CHOX(53) 0.000 -0.000
33 CHOX(53) + X(1) <=> HX(19) + OCX(25) 0.000 -0.000
34 CH2X(27) + CHOX(53) <=> CH3X(21) + OCX(25) 0.000 -0.000
35 CHOX(53) + CHX(28) <=> CH2X(27) + OCX(25) 0.000 -0.000
36 CHOX(53) + CX(26) <=> CHX(28) + OCX(25) 0.000 -0.000
37 CHOX(53) + OX(20) <=> HOX(22) + OCX(25) 0.000 -0.000
38 HOCOX(217) + X(1) <=> HOX(22) + OCX(25) 0.000 -0.000
39 C2H4(47) + X(1) <=> C2H4X(209) 0.000 -0.000
40 CO2(4) + X(1) <=> CO2X(24) 0.000 -0.000
41 OCX(25) + OX(20) <=> CO2X(24) + X(1) 0.000 -0.000
42 CO2X(24) + HX(19) <=> HOX(22) + OCX(25) -0.631 -0.631
Finished sensitivity simulation for a C/O ratio of 1.6
Finished translating for C/O ratio of 1.6
Starting sensitivity simulation for a C/O ratio of 1.1
0 CH4(2) + X(1) <=> CH4X(48) 0.000 -0.000
1 O2(3) + 2 X(1) <=> 2 OX(20) 0.000 -0.000
2 H2(6) + 2 X(1) <=> 2 HX(19) 0.000 0.000
3 H(12) + X(1) <=> HX(19) 0.000 -0.000
4 CH4(2) + 2 X(1) <=> CH3X(21) + HX(19) -0.049 0.684
5 C2H6(8) + 2 X(1) <=> 2 CH3X(21) 0.000 -0.000
6 CH3(10) + X(1) <=> CH3X(21) 0.000 0.000
7 CH2X(27) + HX(19) <=> CH3X(21) + X(1) 0.000 0.000
8 CHX(28) + HX(19) <=> CH2X(27) + X(1) 0.000 0.000
9 2 CH2X(27) <=> CH3X(21) + CHX(28) 0.000 -0.000
10 CHX(28) + X(1) <=> CX(26) + HX(19) 0.000 -0.000
11 CX(26) + H2(6) <=> CH2X(27) 0.000 -0.000
12 CH3X(21) + CX(26) <=> CH2X(27) + CHX(28) 0.000 -0.000
13 CH2X(27) + CX(26) <=> 2 CHX(28) 0.000 -0.000
14 H2(6) + X(1) <=> H2X(49) 0.000 -0.000
15 CH4(2) + OX(20) + X(1) <=> CH3X(21) + HOX(22) -0.039 0.178
16 HX(19) + OX(20) <=> HOX(22) + X(1) -0.525 -0.522
17 H2O(5) + 2 X(1) <=> HOX(22) + HX(19) 0.011 0.007
18 CH3OH(14) + 2 X(1) <=> CH3X(21) + HOX(22) -0.000 -0.000
19 OH(17) + X(1) <=> HOX(22) 0.000 0.004
20 CH2X(27) + HOX(22) <=> CH3X(21) + OX(20) -0.000 -0.000
21 CHX(28) + HOX(22) <=> CH2X(27) + OX(20) 0.000 -0.000
22 CX(26) + HOX(22) <=> CHX(28) + OX(20) 0.000 -0.000
23 CH4(2) + HOX(22) + X(1) <=> CH3X(21) + H2OX(23) 0.001 0.098
24 H2O(5) + X(1) <=> H2OX(23) 0.000 -0.000
25 H2OX(23) + OX(20) <=> 2 HOX(22) 0.360 0.312
26 HOX(22) + HX(19) <=> H2OX(23) + X(1) 0.000 -0.000
27 CO(7) + X(1) <=> OCX(25) 0.000 0.000
28 CX(26) + OX(20) <=> OCX(25) + X(1) 0.000 0.000
29 CO(7) + X(1) <=> COX(50) 0.000 -0.000
30 CH2O(9) + 2 X(1) <=> CHOX(53) + HX(19) 0.000 -0.000
31 HCO(15) + X(1) <=> CHOX(53) 0.000 -0.000
32 CH3CHO(16) + 2 X(1) <=> CH3X(21) + CHOX(53) 0.000 -0.000
33 CHOX(53) + X(1) <=> HX(19) + OCX(25) 0.000 -0.000
34 CH2X(27) + CHOX(53) <=> CH3X(21) + OCX(25) 0.000 -0.000
35 CHOX(53) + CHX(28) <=> CH2X(27) + OCX(25) 0.000 -0.000
36 CHOX(53) + CX(26) <=> CHX(28) + OCX(25) 0.000 -0.000
37 CHOX(53) + OX(20) <=> HOX(22) + OCX(25) 0.000 -0.000
38 HOCOX(217) + X(1) <=> HOX(22) + OCX(25) 0.000 -0.000
39 C2H4(47) + X(1) <=> C2H4X(209) 0.000 -0.000
40 CO2(4) + X(1) <=> CO2X(24) 0.000 -0.000
41 OCX(25) + OX(20) <=> CO2X(24) + X(1) 0.000 -0.000
42 CO2X(24) + HX(19) <=> HOX(22) + OCX(25) -0.730 -0.730
Finished sensitivity simulation for a C/O ratio of 1.1
Finished translating for C/O ratio of 1.1
Starting sensitivity simulation for a C/O ratio of 0.6
0 CH4(2) + X(1) <=> CH4X(48) -0.000 -0.000
1 O2(3) + 2 X(1) <=> 2 OX(20) -0.000 -0.000
2 H2(6) + 2 X(1) <=> 2 HX(19) 0.000 0.000
3 H(12) + X(1) <=> HX(19) 0.000 -0.000
4 CH4(2) + 2 X(1) <=> CH3X(21) + HX(19) -0.193 0.532
5 C2H6(8) + 2 X(1) <=> 2 CH3X(21) 0.000 -0.000
6 CH3(10) + X(1) <=> CH3X(21) 0.000 0.000
7 CH2X(27) + HX(19) <=> CH3X(21) + X(1) 0.000 0.000
8 CHX(28) + HX(19) <=> CH2X(27) + X(1) -0.000 0.000
9 2 CH2X(27) <=> CH3X(21) + CHX(28) 0.000 -0.000
10 CHX(28) + X(1) <=> CX(26) + HX(19) -0.000 -0.000
11 CX(26) + H2(6) <=> CH2X(27) 0.000 -0.000
12 CH3X(21) + CX(26) <=> CH2X(27) + CHX(28) 0.000 -0.000
13 CH2X(27) + CX(26) <=> 2 CHX(28) 0.000 -0.000
14 H2(6) + X(1) <=> H2X(49) -0.000 -0.000
15 CH4(2) + OX(20) + X(1) <=> CH3X(21) + HOX(22) -0.076 0.156
16 HX(19) + OX(20) <=> HOX(22) + X(1) -0.285 -0.283
17 H2O(5) + 2 X(1) <=> HOX(22) + HX(19) 0.016 0.014
18 CH3OH(14) + 2 X(1) <=> CH3X(21) + HOX(22) -0.000 -0.000
19 OH(17) + X(1) <=> HOX(22) -0.000 0.004
20 CH2X(27) + HOX(22) <=> CH3X(21) + OX(20) -0.000 -0.000
21 CHX(28) + HOX(22) <=> CH2X(27) + OX(20) -0.000 -0.000
22 CX(26) + HOX(22) <=> CHX(28) + OX(20) 0.000 -0.000
23 CH4(2) + HOX(22) + X(1) <=> CH3X(21) + H2OX(23) -0.008 0.070
24 H2O(5) + X(1) <=> H2OX(23) -0.000 0.000
25 H2OX(23) + OX(20) <=> 2 HOX(22) 0.426 0.385
26 HOX(22) + HX(19) <=> H2OX(23) + X(1) 0.000 0.000
27 CO(7) + X(1) <=> OCX(25) 0.000 0.000
28 CX(26) + OX(20) <=> OCX(25) + X(1) 0.000 -0.000
29 CO(7) + X(1) <=> COX(50) -0.000 -0.000
30 CH2O(9) + 2 X(1) <=> CHOX(53) + HX(19) -0.000 -0.000
31 HCO(15) + X(1) <=> CHOX(53) 0.000 -0.000
32 CH3CHO(16) + 2 X(1) <=> CH3X(21) + CHOX(53) 0.000 -0.000
33 CHOX(53) + X(1) <=> HX(19) + OCX(25) 0.000 -0.000
34 CH2X(27) + CHOX(53) <=> CH3X(21) + OCX(25) -0.000 -0.000
35 CHOX(53) + CHX(28) <=> CH2X(27) + OCX(25) -0.000 -0.000
36 CHOX(53) + CX(26) <=> CHX(28) + OCX(25) 0.000 -0.000
37 CHOX(53) + OX(20) <=> HOX(22) + OCX(25) 0.000 -0.000
38 HOCOX(217) + X(1) <=> HOX(22) + OCX(25) -0.000 -0.000
39 C2H4(47) + X(1) <=> C2H4X(209) -0.000 -0.000
40 CO2(4) + X(1) <=> CO2X(24) -0.000 -0.000
41 OCX(25) + OX(20) <=> CO2X(24) + X(1) -0.000 -0.000
42 CO2X(24) + HX(19) <=> HOX(22) + OCX(25) -0.854 -0.854
Finished sensitivity simulation for a C/O ratio of 0.6
Finished translating for C/O ratio of 0.6
Starting sensitivity simulation for a C/O ratio of 1.8
0 CH4(2) + X(1) <=> CH4X(48) -0.000 0.000
1 O2(3) + 2 X(1) <=> 2 OX(20) -0.000 -0.000
2 H2(6) + 2 X(1) <=> 2 HX(19) 0.000 0.000
3 H(12) + X(1) <=> HX(19) 0.000 -0.000
4 CH4(2) + 2 X(1) <=> CH3X(21) + HX(19) 0.106 0.849
5 C2H6(8) + 2 X(1) <=> 2 CH3X(21) -0.000 0.000
6 CH3(10) + X(1) <=> CH3X(21) -0.000 0.000
7 CH2X(27) + HX(19) <=> CH3X(21) + X(1) 0.000 0.000
8 CHX(28) + HX(19) <=> CH2X(27) + X(1) 0.000 0.000
9 2 CH2X(27) <=> CH3X(21) + CHX(28) -0.000 0.000
10 CHX(28) + X(1) <=> CX(26) + HX(19) 0.000 -0.000
11 CX(26) + H2(6) <=> CH2X(27) -0.000 0.000
12 CH3X(21) + CX(26) <=> CH2X(27) + CHX(28) -0.000 0.000
13 CH2X(27) + CX(26) <=> 2 CHX(28) -0.000 0.000
14 H2(6) + X(1) <=> H2X(49) -0.000 0.000
15 CH4(2) + OX(20) + X(1) <=> CH3X(21) + HOX(22) -0.005 0.196
16 HX(19) + OX(20) <=> HOX(22) + X(1) -0.778 -0.773
17 H2O(5) + 2 X(1) <=> HOX(22) + HX(19) -0.001 -0.006
18 CH3OH(14) + 2 X(1) <=> CH3X(21) + HOX(22) -0.000 -0.000
19 OH(17) + X(1) <=> HOX(22) 0.001 0.004
20 CH2X(27) + HOX(22) <=> CH3X(21) + OX(20) -0.000 -0.000
21 CHX(28) + HOX(22) <=> CH2X(27) + OX(20) -0.000 -0.000
22 CX(26) + HOX(22) <=> CHX(28) + OX(20) -0.000 0.000
23 CH4(2) + HOX(22) + X(1) <=> CH3X(21) + H2OX(23) 0.016 0.128
24 H2O(5) + X(1) <=> H2OX(23) -0.000 0.000
25 H2OX(23) + OX(20) <=> 2 HOX(22) 0.292 0.236
26 HOX(22) + HX(19) <=> H2OX(23) + X(1) -0.000 -0.000
27 CO(7) + X(1) <=> OCX(25) 0.000 0.000
28 CX(26) + OX(20) <=> OCX(25) + X(1) -0.000 0.000
29 CO(7) + X(1) <=> COX(50) -0.000 0.000
30 CH2O(9) + 2 X(1) <=> CHOX(53) + HX(19) -0.000 0.000
31 HCO(15) + X(1) <=> CHOX(53) 0.000 0.000
32 CH3CHO(16) + 2 X(1) <=> CH3X(21) + CHOX(53) -0.000 0.000
33 CHOX(53) + X(1) <=> HX(19) + OCX(25) 0.000 0.000
34 CH2X(27) + CHOX(53) <=> CH3X(21) + OCX(25) 0.000 0.000
35 CHOX(53) + CHX(28) <=> CH2X(27) + OCX(25) -0.000 0.000
36 CHOX(53) + CX(26) <=> CHX(28) + OCX(25) -0.000 0.000
37 CHOX(53) + OX(20) <=> HOX(22) + OCX(25) 0.000 0.000
38 HOCOX(217) + X(1) <=> HOX(22) + OCX(25) -0.000 0.000
39 C2H4(47) + X(1) <=> C2H4X(209) -0.000 0.000
40 CO2(4) + X(1) <=> CO2X(24) -0.000 -0.000
41 OCX(25) + OX(20) <=> CO2X(24) + X(1) -0.000 -0.000
42 CO2X(24) + HX(19) <=> HOX(22) + OCX(25) -0.598 -0.598
Finished sensitivity simulation for a C/O ratio of 1.8
Finished translating for C/O ratio of 1.8
Starting sensitivity simulation for a C/O ratio of 1.4
0 CH4(2) + X(1) <=> CH4X(48) -0.000 0.000
1 O2(3) + 2 X(1) <=> 2 OX(20) -0.000 -0.000
2 H2(6) + 2 X(1) <=> 2 HX(19) 0.000 0.000
3 H(12) + X(1) <=> HX(19) -0.000 0.000
4 CH4(2) + 2 X(1) <=> CH3X(21) + HX(19) 0.024 0.762
5 C2H6(8) + 2 X(1) <=> 2 CH3X(21) -0.000 0.000
6 CH3(10) + X(1) <=> CH3X(21) 0.000 0.000
7 CH2X(27) + HX(19) <=> CH3X(21) + X(1) 0.000 0.000
8 CHX(28) + HX(19) <=> CH2X(27) + X(1) -0.000 0.000
9 2 CH2X(27) <=> CH3X(21) + CHX(28) -0.000 0.000
10 CHX(28) + X(1) <=> CX(26) + HX(19) -0.000 0.000
11 CX(26) + H2(6) <=> CH2X(27) -0.000 0.000
12 CH3X(21) + CX(26) <=> CH2X(27) + CHX(28) -0.000 0.000
13 CH2X(27) + CX(26) <=> 2 CHX(28) -0.000 0.000
14 H2(6) + X(1) <=> H2X(49) -0.000 0.000
15 CH4(2) + OX(20) + X(1) <=> CH3X(21) + HOX(22) -0.022 0.187
16 HX(19) + OX(20) <=> HOX(22) + X(1) -0.645 -0.641
17 H2O(5) + 2 X(1) <=> HOX(22) + HX(19) 0.006 0.002
18 CH3OH(14) + 2 X(1) <=> CH3X(21) + HOX(22) -0.000 -0.000
19 OH(17) + X(1) <=> HOX(22) 0.000 0.004
20 CH2X(27) + HOX(22) <=> CH3X(21) + OX(20) -0.000 -0.000
21 CHX(28) + HOX(22) <=> CH2X(27) + OX(20) -0.000 -0.000
22 CX(26) + HOX(22) <=> CHX(28) + OX(20) -0.000 0.000
23 CH4(2) + HOX(22) + X(1) <=> CH3X(21) + H2OX(23) 0.008 0.112
24 H2O(5) + X(1) <=> H2OX(23) -0.000 0.000
25 H2OX(23) + OX(20) <=> 2 HOX(22) 0.328 0.276
26 HOX(22) + HX(19) <=> H2OX(23) + X(1) -0.000 0.000
27 CO(7) + X(1) <=> OCX(25) 0.000 0.000
28 CX(26) + OX(20) <=> OCX(25) + X(1) -0.000 0.000
29 CO(7) + X(1) <=> COX(50) -0.000 0.000
30 CH2O(9) + 2 X(1) <=> CHOX(53) + HX(19) -0.000 0.000
31 HCO(15) + X(1) <=> CHOX(53) -0.000 0.000
32 CH3CHO(16) + 2 X(1) <=> CH3X(21) + CHOX(53) -0.000 0.000
33 CHOX(53) + X(1) <=> HX(19) + OCX(25) -0.000 0.000
34 CH2X(27) + CHOX(53) <=> CH3X(21) + OCX(25) -0.000 0.000
35 CHOX(53) + CHX(28) <=> CH2X(27) + OCX(25) -0.000 0.000
36 CHOX(53) + CX(26) <=> CHX(28) + OCX(25) -0.000 0.000
37 CHOX(53) + OX(20) <=> HOX(22) + OCX(25) -0.000 0.000
38 HOCOX(217) + X(1) <=> HOX(22) + OCX(25) -0.000 0.000
39 C2H4(47) + X(1) <=> C2H4X(209) -0.000 0.000
40 CO2(4) + X(1) <=> CO2X(24) -0.000 0.000
41 OCX(25) + OX(20) <=> CO2X(24) + X(1) -0.000 0.000
42 CO2X(24) + HX(19) <=> HOX(22) + OCX(25) -0.668 -0.668
Finished sensitivity simulation for a C/O ratio of 1.4
Finished translating for C/O ratio of 1.4
Starting sensitivity simulation for a C/O ratio of 1.2
0 CH4(2) + X(1) <=> CH4X(48) -0.000 0.000
1 O2(3) + 2 X(1) <=> 2 OX(20) -0.000 -0.000
2 H2(6) + 2 X(1) <=> 2 HX(19) 0.000 0.000
3 H(12) + X(1) <=> HX(19) -0.000 0.000
4 CH4(2) + 2 X(1) <=> CH3X(21) + HX(19) -0.023 0.711
5 C2H6(8) + 2 X(1) <=> 2 CH3X(21) -0.000 0.000
6 CH3(10) + X(1) <=> CH3X(21) 0.000 0.000
7 CH2X(27) + HX(19) <=> CH3X(21) + X(1) 0.000 0.000
8 CHX(28) + HX(19) <=> CH2X(27) + X(1) -0.000 0.000
9 2 CH2X(27) <=> CH3X(21) + CHX(28) -0.000 0.000
10 CHX(28) + X(1) <=> CX(26) + HX(19) -0.000 0.000
11 CX(26) + H2(6) <=> CH2X(27) -0.000 0.000
12 CH3X(21) + CX(26) <=> CH2X(27) + CHX(28) -0.000 0.000
13 CH2X(27) + CX(26) <=> 2 CHX(28) -0.000 0.000
14 H2(6) + X(1) <=> H2X(49) -0.000 0.000
15 CH4(2) + OX(20) + X(1) <=> CH3X(21) + HOX(22) -0.033 0.181
16 HX(19) + OX(20) <=> HOX(22) + X(1) -0.567 -0.564
17 H2O(5) + 2 X(1) <=> HOX(22) + HX(19) 0.009 0.006
18 CH3OH(14) + 2 X(1) <=> CH3X(21) + HOX(22) -0.000 -0.000
19 OH(17) + X(1) <=> HOX(22) 0.000 0.004
20 CH2X(27) + HOX(22) <=> CH3X(21) + OX(20) -0.000 -0.000
21 CHX(28) + HOX(22) <=> CH2X(27) + OX(20) -0.000 -0.000
22 CX(26) + HOX(22) <=> CHX(28) + OX(20) -0.000 0.000
23 CH4(2) + HOX(22) + X(1) <=> CH3X(21) + H2OX(23) 0.003 0.103
24 H2O(5) + X(1) <=> H2OX(23) -0.000 0.000
25 H2OX(23) + OX(20) <=> 2 HOX(22) 0.349 0.299
26 HOX(22) + HX(19) <=> H2OX(23) + X(1) -0.000 0.000
27 CO(7) + X(1) <=> OCX(25) -0.000 0.000
28 CX(26) + OX(20) <=> OCX(25) + X(1) -0.000 0.000
29 CO(7) + X(1) <=> COX(50) -0.000 0.000
30 CH2O(9) + 2 X(1) <=> CHOX(53) + HX(19) -0.000 0.000
31 HCO(15) + X(1) <=> CHOX(53) -0.000 0.000
32 CH3CHO(16) + 2 X(1) <=> CH3X(21) + CHOX(53) -0.000 0.000
33 CHOX(53) + X(1) <=> HX(19) + OCX(25) -0.000 0.000
34 CH2X(27) + CHOX(53) <=> CH3X(21) + OCX(25) -0.000 0.000
35 CHOX(53) + CHX(28) <=> CH2X(27) + OCX(25) -0.000 0.000
36 CHOX(53) + CX(26) <=> CHX(28) + OCX(25) -0.000 0.000
37 CHOX(53) + OX(20) <=> HOX(22) + OCX(25) -0.000 0.000
38 HOCOX(217) + X(1) <=> HOX(22) + OCX(25) -0.000 0.000
39 C2H4(47) + X(1) <=> C2H4X(209) -0.000 0.000
40 CO2(4) + X(1) <=> CO2X(24) -0.000 0.000
41 OCX(25) + OX(20) <=> CO2X(24) + X(1) -0.000 0.000
42 CO2X(24) + HX(19) <=> HOX(22) + OCX(25) -0.708 -0.708
Finished sensitivity simulation for a C/O ratio of 1.2
Finished translating for C/O ratio of 1.2
Starting sensitivity simulation for a C/O ratio of 1.3
0 CH4(2) + X(1) <=> CH4X(48) -0.000 0.000
1 O2(3) + 2 X(1) <=> 2 OX(20) -0.000 -0.000
2 H2(6) + 2 X(1) <=> 2 HX(19) 0.000 0.000
3 H(12) + X(1) <=> HX(19) -0.000 0.000
4 CH4(2) + 2 X(1) <=> CH3X(21) + HX(19) 0.001 0.737
5 C2H6(8) + 2 X(1) <=> 2 CH3X(21) -0.000 0.000
6 CH3(10) + X(1) <=> CH3X(21) 0.000 0.000
7 CH2X(27) + HX(19) <=> CH3X(21) + X(1) 0.000 0.000
8 CHX(28) + HX(19) <=> CH2X(27) + X(1) -0.000 0.000
9 2 CH2X(27) <=> CH3X(21) + CHX(28) -0.000 0.000
10 CHX(28) + X(1) <=> CX(26) + HX(19) -0.000 0.000
11 CX(26) + H2(6) <=> CH2X(27) -0.000 0.000
12 CH3X(21) + CX(26) <=> CH2X(27) + CHX(28) -0.000 0.000
13 CH2X(27) + CX(26) <=> 2 CHX(28) -0.000 0.000
14 H2(6) + X(1) <=> H2X(49) -0.000 0.000
15 CH4(2) + OX(20) + X(1) <=> CH3X(21) + HOX(22) -0.027 0.184
16 HX(19) + OX(20) <=> HOX(22) + X(1) -0.607 -0.603
17 H2O(5) + 2 X(1) <=> HOX(22) + HX(19) 0.008 0.004
18 CH3OH(14) + 2 X(1) <=> CH3X(21) + HOX(22) -0.000 -0.000
19 OH(17) + X(1) <=> HOX(22) 0.000 0.004
20 CH2X(27) + HOX(22) <=> CH3X(21) + OX(20) -0.000 -0.000
21 CHX(28) + HOX(22) <=> CH2X(27) + OX(20) -0.000 -0.000
22 CX(26) + HOX(22) <=> CHX(28) + OX(20) -0.000 0.000
23 CH4(2) + HOX(22) + X(1) <=> CH3X(21) + H2OX(23) 0.006 0.108
24 H2O(5) + X(1) <=> H2OX(23) -0.000 0.000
25 H2OX(23) + OX(20) <=> 2 HOX(22) 0.338 0.287
26 HOX(22) + HX(19) <=> H2OX(23) + X(1) -0.000 0.000
27 CO(7) + X(1) <=> OCX(25) 0.000 0.000
28 CX(26) + OX(20) <=> OCX(25) + X(1) -0.000 0.000
29 CO(7) + X(1) <=> COX(50) -0.000 0.000
30 CH2O(9) + 2 X(1) <=> CHOX(53) + HX(19) -0.000 0.000
31 HCO(15) + X(1) <=> CHOX(53) -0.000 0.000
32 CH3CHO(16) + 2 X(1) <=> CH3X(21) + CHOX(53) -0.000 0.000
33 CHOX(53) + X(1) <=> HX(19) + OCX(25) -0.000 0.000
34 CH2X(27) + CHOX(53) <=> CH3X(21) + OCX(25) -0.000 0.000
35 CHOX(53) + CHX(28) <=> CH2X(27) + OCX(25) -0.000 0.000
36 CHOX(53) + CX(26) <=> CHX(28) + OCX(25) -0.000 0.000
37 CHOX(53) + OX(20) <=> HOX(22) + OCX(25) -0.000 0.000
38 HOCOX(217) + X(1) <=> HOX(22) + OCX(25) -0.000 0.000
39 C2H4(47) + X(1) <=> C2H4X(209) -0.000 0.000
40 CO2(4) + X(1) <=> CO2X(24) -0.000 0.000
41 OCX(25) + OX(20) <=> CO2X(24) + X(1) -0.000 0.000
42 CO2X(24) + HX(19) <=> HOX(22) + OCX(25) -0.688 -0.688
Finished sensitivity simulation for a C/O ratio of 1.3
Finished translating for C/O ratio of 1.3
Starting sensitivity simulation for a C/O ratio of 2.4
0 CH4(2) + X(1) <=> CH4X(48) 0.000 -0.000
1 O2(3) + 2 X(1) <=> 2 OX(20) -0.000 -0.000
2 H2(6) + 2 X(1) <=> 2 HX(19) 0.000 0.000
3 H(12) + X(1) <=> HX(19) -0.000 -0.000
4 CH4(2) + 2 X(1) <=> CH3X(21) + HX(19) 0.203 0.953
5 C2H6(8) + 2 X(1) <=> 2 CH3X(21) 0.000 -0.000
6 CH3(10) + X(1) <=> CH3X(21) -0.000 0.000
7 CH2X(27) + HX(19) <=> CH3X(21) + X(1) 0.001 0.000
8 CHX(28) + HX(19) <=> CH2X(27) + X(1) 0.000 0.000
9 2 CH2X(27) <=> CH3X(21) + CHX(28) -0.000 0.000
10 CHX(28) + X(1) <=> CX(26) + HX(19) 0.000 -0.000
11 CX(26) + H2(6) <=> CH2X(27) -0.000 -0.000
12 CH3X(21) + CX(26) <=> CH2X(27) + CHX(28) 0.000 0.000
13 CH2X(27) + CX(26) <=> 2 CHX(28) -0.000 -0.000
14 H2(6) + X(1) <=> H2X(49) 0.000 -0.000
15 CH4(2) + OX(20) + X(1) <=> CH3X(21) + HOX(22) 0.014 0.203
16 HX(19) + OX(20) <=> HOX(22) + X(1) -0.932 -0.926
17 H2O(5) + 2 X(1) <=> HOX(22) + HX(19) -0.011 -0.017
18 CH3OH(14) + 2 X(1) <=> CH3X(21) + HOX(22) -0.000 -0.000
19 OH(17) + X(1) <=> HOX(22) 0.001 0.004
20 CH2X(27) + HOX(22) <=> CH3X(21) + OX(20) -0.000 -0.000
21 CHX(28) + HOX(22) <=> CH2X(27) + OX(20) -0.000 -0.000
22 CX(26) + HOX(22) <=> CHX(28) + OX(20) 0.000 -0.000
23 CH4(2) + HOX(22) + X(1) <=> CH3X(21) + H2OX(23) 0.026 0.147
24 H2O(5) + X(1) <=> H2OX(23) 0.000 -0.000
25 H2OX(23) + OX(20) <=> 2 HOX(22) 0.249 0.190
26 HOX(22) + HX(19) <=> H2OX(23) + X(1) -0.000 -0.000
27 CO(7) + X(1) <=> OCX(25) 0.000 0.000
28 CX(26) + OX(20) <=> OCX(25) + X(1) -0.000 0.000
29 CO(7) + X(1) <=> COX(50) 0.000 -0.000
30 CH2O(9) + 2 X(1) <=> CHOX(53) + HX(19) 0.000 -0.000
31 HCO(15) + X(1) <=> CHOX(53) 0.000 -0.000
32 CH3CHO(16) + 2 X(1) <=> CH3X(21) + CHOX(53) 0.000 -0.000
33 CHOX(53) + X(1) <=> HX(19) + OCX(25) 0.000 -0.000
34 CH2X(27) + CHOX(53) <=> CH3X(21) + OCX(25) 0.000 -0.000
35 CHOX(53) + CHX(28) <=> CH2X(27) + OCX(25) -0.000 0.000
36 CHOX(53) + CX(26) <=> CHX(28) + OCX(25) 0.000 -0.000
37 CHOX(53) + OX(20) <=> HOX(22) + OCX(25) 0.000 -0.000
38 HOCOX(217) + X(1) <=> HOX(22) + OCX(25) 0.000 -0.000
39 C2H4(47) + X(1) <=> C2H4X(209) 0.000 0.000
40 CO2(4) + X(1) <=> CO2X(24) 0.000 -0.000
41 OCX(25) + OX(20) <=> CO2X(24) + X(1) 0.000 -0.000
42 CO2X(24) + HX(19) <=> HOX(22) + OCX(25) -0.515 -0.515
Finished sensitivity simulation for a C/O ratio of 2.4
Finished translating for C/O ratio of 2.4
Starting sensitivity simulation for a C/O ratio of 1.0
0 CH4(2) + X(1) <=> CH4X(48) 0.000 -0.000
1 O2(3) + 2 X(1) <=> 2 OX(20) -0.000 -0.000
2 H2(6) + 2 X(1) <=> 2 HX(19) 0.000 0.000
3 H(12) + X(1) <=> HX(19) 0.000 -0.000
4 CH4(2) + 2 X(1) <=> CH3X(21) + HX(19) -0.076 0.656
5 C2H6(8) + 2 X(1) <=> 2 CH3X(21) 0.000 -0.000
6 CH3(10) + X(1) <=> CH3X(21) 0.000 0.000
7 CH2X(27) + HX(19) <=> CH3X(21) + X(1) 0.000 0.000
8 CHX(28) + HX(19) <=> CH2X(27) + X(1) 0.000 0.000
9 2 CH2X(27) <=> CH3X(21) + CHX(28) 0.000 -0.000
10 CHX(28) + X(1) <=> CX(26) + HX(19) 0.000 -0.000
11 CX(26) + H2(6) <=> CH2X(27) 0.000 -0.000
12 CH3X(21) + CX(26) <=> CH2X(27) + CHX(28) 0.000 -0.000
13 CH2X(27) + CX(26) <=> 2 CHX(28) 0.000 -0.000
14 H2(6) + X(1) <=> H2X(49) 0.000 -0.000
15 CH4(2) + OX(20) + X(1) <=> CH3X(21) + HOX(22) -0.045 0.174
16 HX(19) + OX(20) <=> HOX(22) + X(1) -0.481 -0.478
17 H2O(5) + 2 X(1) <=> HOX(22) + HX(19) 0.012 0.009
18 CH3OH(14) + 2 X(1) <=> CH3X(21) + HOX(22) -0.000 -0.000
19 OH(17) + X(1) <=> HOX(22) -0.000 0.004
20 CH2X(27) + HOX(22) <=> CH3X(21) + OX(20) -0.000 -0.000
21 CHX(28) + HOX(22) <=> CH2X(27) + OX(20) 0.000 -0.000
22 CX(26) + HOX(22) <=> CHX(28) + OX(20) 0.000 -0.000
23 CH4(2) + HOX(22) + X(1) <=> CH3X(21) + H2OX(23) -0.001 0.093
24 H2O(5) + X(1) <=> H2OX(23) 0.000 0.000
25 H2OX(23) + OX(20) <=> 2 HOX(22) 0.372 0.325
26 HOX(22) + HX(19) <=> H2OX(23) + X(1) 0.000 0.000
27 CO(7) + X(1) <=> OCX(25) 0.000 0.000
28 CX(26) + OX(20) <=> OCX(25) + X(1) 0.000 0.000
29 CO(7) + X(1) <=> COX(50) 0.000 -0.000
30 CH2O(9) + 2 X(1) <=> CHOX(53) + HX(19) 0.000 -0.000
31 HCO(15) + X(1) <=> CHOX(53) 0.000 -0.000
32 CH3CHO(16) + 2 X(1) <=> CH3X(21) + CHOX(53) 0.000 -0.000
33 CHOX(53) + X(1) <=> HX(19) + OCX(25) 0.000 -0.000
34 CH2X(27) + CHOX(53) <=> CH3X(21) + OCX(25) 0.000 -0.000
35 CHOX(53) + CHX(28) <=> CH2X(27) + OCX(25) 0.000 -0.000
36 CHOX(53) + CX(26) <=> CHX(28) + OCX(25) 0.000 -0.000
37 CHOX(53) + OX(20) <=> HOX(22) + OCX(25) 0.000 -0.000
38 HOCOX(217) + X(1) <=> HOX(22) + OCX(25) 0.000 -0.000
39 C2H4(47) + X(1) <=> C2H4X(209) 0.000 -0.000
40 CO2(4) + X(1) <=> CO2X(24) 0.000 -0.000
41 OCX(25) + OX(20) <=> CO2X(24) + X(1) 0.000 -0.000
42 CO2X(24) + HX(19) <=> HOX(22) + OCX(25) -0.753 -0.753
Finished sensitivity simulation for a C/O ratio of 1.0
Finished translating for C/O ratio of 1.0
Starting sensitivity simulation for a C/O ratio of 2.2
0 CH4(2) + X(1) <=> CH4X(48) 0.000 -0.000
1 O2(3) + 2 X(1) <=> 2 OX(20) 0.000 -0.000
2 H2(6) + 2 X(1) <=> 2 HX(19) 0.000 0.000
3 H(12) + X(1) <=> HX(19) 0.000 -0.000
4 CH4(2) + 2 X(1) <=> CH3X(21) + HX(19) 0.173 0.922
5 C2H6(8) + 2 X(1) <=> 2 CH3X(21) 0.000 -0.000
6 CH3(10) + X(1) <=> CH3X(21) -0.000 0.000
7 CH2X(27) + HX(19) <=> CH3X(21) + X(1) 0.000 0.000
8 CHX(28) + HX(19) <=> CH2X(27) + X(1) 0.000 0.000
9 2 CH2X(27) <=> CH3X(21) + CHX(28) 0.000 -0.000
10 CHX(28) + X(1) <=> CX(26) + HX(19) 0.000 -0.000
11 CX(26) + H2(6) <=> CH2X(27) 0.000 -0.000
12 CH3X(21) + CX(26) <=> CH2X(27) + CHX(28) 0.000 -0.000
13 CH2X(27) + CX(26) <=> 2 CHX(28) 0.000 -0.000
14 H2(6) + X(1) <=> H2X(49) 0.000 -0.000
15 CH4(2) + OX(20) + X(1) <=> CH3X(21) + HOX(22) 0.008 0.201
16 HX(19) + OX(20) <=> HOX(22) + X(1) -0.885 -0.880
17 H2O(5) + 2 X(1) <=> HOX(22) + HX(19) -0.008 -0.013
18 CH3OH(14) + 2 X(1) <=> CH3X(21) + HOX(22) -0.000 -0.000
19 OH(17) + X(1) <=> HOX(22) 0.001 0.004
20 CH2X(27) + HOX(22) <=> CH3X(21) + OX(20) -0.000 -0.000
21 CHX(28) + HOX(22) <=> CH2X(27) + OX(20) 0.000 -0.000
22 CX(26) + HOX(22) <=> CHX(28) + OX(20) 0.000 -0.000
23 CH4(2) + HOX(22) + X(1) <=> CH3X(21) + H2OX(23) 0.023 0.141
24 H2O(5) + X(1) <=> H2OX(23) 0.000 -0.000
25 H2OX(23) + OX(20) <=> 2 HOX(22) 0.262 0.204
26 HOX(22) + HX(19) <=> H2OX(23) + X(1) 0.000 -0.000
27 CO(7) + X(1) <=> OCX(25) 0.000 0.000
28 CX(26) + OX(20) <=> OCX(25) + X(1) 0.000 0.000
29 CO(7) + X(1) <=> COX(50) 0.000 -0.000
30 CH2O(9) + 2 X(1) <=> CHOX(53) + HX(19) 0.000 -0.000
31 HCO(15) + X(1) <=> CHOX(53) 0.000 -0.000
32 CH3CHO(16) + 2 X(1) <=> CH3X(21) + CHOX(53) 0.000 -0.000
33 CHOX(53) + X(1) <=> HX(19) + OCX(25) 0.000 -0.000
34 CH2X(27) + CHOX(53) <=> CH3X(21) + OCX(25) 0.000 -0.000
35 CHOX(53) + CHX(28) <=> CH2X(27) + OCX(25) 0.000 -0.000
36 CHOX(53) + CX(26) <=> CHX(28) + OCX(25) 0.000 -0.000
37 CHOX(53) + OX(20) <=> HOX(22) + OCX(25) 0.000 -0.000
38 HOCOX(217) + X(1) <=> HOX(22) + OCX(25) 0.000 -0.000
39 C2H4(47) + X(1) <=> C2H4X(209) 0.000 -0.000
40 CO2(4) + X(1) <=> CO2X(24) 0.000 -0.000
41 OCX(25) + OX(20) <=> CO2X(24) + X(1) 0.000 -0.000
42 CO2X(24) + HX(19) <=> HOX(22) + OCX(25) -0.540 -0.540
Finished sensitivity simulation for a C/O ratio of 2.2
Finished translating for C/O ratio of 2.2
Starting sensitivity simulation for a C/O ratio of 2.0
0 CH4(2) + X(1) <=> CH4X(48) 0.000 -0.000
1 O2(3) + 2 X(1) <=> 2 OX(20) -0.000 -0.000
2 H2(6) + 2 X(1) <=> 2 HX(19) 0.000 0.000
3 H(12) + X(1) <=> HX(19) 0.000 -0.000
4 CH4(2) + 2 X(1) <=> CH3X(21) + HX(19) 0.141 0.887
5 C2H6(8) + 2 X(1) <=> 2 CH3X(21) 0.000 -0.000
6 CH3(10) + X(1) <=> CH3X(21) -0.000 0.000
7 CH2X(27) + HX(19) <=> CH3X(21) + X(1) 0.000 0.000
8 CHX(28) + HX(19) <=> CH2X(27) + X(1) 0.000 0.000
9 2 CH2X(27) <=> CH3X(21) + CHX(28) -0.000 -0.000
10 CHX(28) + X(1) <=> CX(26) + HX(19) 0.000 -0.000
11 CX(26) + H2(6) <=> CH2X(27) 0.000 -0.000
12 CH3X(21) + CX(26) <=> CH2X(27) + CHX(28) 0.000 -0.000
13 CH2X(27) + CX(26) <=> 2 CHX(28) 0.000 -0.000
14 H2(6) + X(1) <=> H2X(49) 0.000 -0.000
15 CH4(2) + OX(20) + X(1) <=> CH3X(21) + HOX(22) 0.002 0.199
16 HX(19) + OX(20) <=> HOX(22) + X(1) -0.834 -0.829
17 H2O(5) + 2 X(1) <=> HOX(22) + HX(19) -0.004 -0.009
18 CH3OH(14) + 2 X(1) <=> CH3X(21) + HOX(22) -0.000 -0.000
19 OH(17) + X(1) <=> HOX(22) 0.001 0.004
20 CH2X(27) + HOX(22) <=> CH3X(21) + OX(20) -0.000 -0.000
21 CHX(28) + HOX(22) <=> CH2X(27) + OX(20) 0.000 -0.000
22 CX(26) + HOX(22) <=> CHX(28) + OX(20) 0.000 -0.000
23 CH4(2) + HOX(22) + X(1) <=> CH3X(21) + H2OX(23) 0.019 0.135
24 H2O(5) + X(1) <=> H2OX(23) -0.000 0.000
25 H2OX(23) + OX(20) <=> 2 HOX(22) 0.276 0.219
26 HOX(22) + HX(19) <=> H2OX(23) + X(1) 0.000 -0.000
27 CO(7) + X(1) <=> OCX(25) 0.000 0.000
28 CX(26) + OX(20) <=> OCX(25) + X(1) -0.000 0.000
29 CO(7) + X(1) <=> COX(50) 0.000 -0.000
30 CH2O(9) + 2 X(1) <=> CHOX(53) + HX(19) 0.000 -0.000
31 HCO(15) + X(1) <=> CHOX(53) -0.000 -0.000
32 CH3CHO(16) + 2 X(1) <=> CH3X(21) + CHOX(53) -0.000 -0.000
33 CHOX(53) + X(1) <=> HX(19) + OCX(25) 0.000 -0.000
34 CH2X(27) + CHOX(53) <=> CH3X(21) + OCX(25) -0.000 -0.000
35 CHOX(53) + CHX(28) <=> CH2X(27) + OCX(25) 0.000 -0.000
36 CHOX(53) + CX(26) <=> CHX(28) + OCX(25) 0.000 -0.000
37 CHOX(53) + OX(20) <=> HOX(22) + OCX(25) -0.000 -0.000
38 HOCOX(217) + X(1) <=> HOX(22) + OCX(25) 0.000 -0.000
39 C2H4(47) + X(1) <=> C2H4X(209) -0.000 -0.000
40 CO2(4) + X(1) <=> CO2X(24) 0.000 -0.000
41 OCX(25) + OX(20) <=> CO2X(24) + X(1) 0.000 -0.000
42 CO2X(24) + HX(19) <=> HOX(22) + OCX(25) -0.567 -0.567
Finished sensitivity simulation for a C/O ratio of 2.0
Finished translating for C/O ratio of 2.0
Starting thermo sensitivity simulation for a C/O ratio of 1.4
0 X(1) -0.003 -0.003
1 HX(19) 0.002 0.002
2 OX(20) 0.000 0.000
3 CH3X(21) -0.000 0.000
4 HOX(22) -0.000 -0.000
5 H2OX(23) -0.000 -0.000
6 CO2X(24) 0.001 0.001
7 OCX(25) -0.000 0.000
8 CX(26) -0.000 0.000
9 CH2X(27) -0.000 -0.000
10 CHX(28) -0.000 0.000
11 CH4X(48) -0.000 0.000
12 H2X(49) -0.000 0.000
13 COX(50) -0.000 0.000
14 CHOX(53) -0.000 0.000
15 C2H4X(209) -0.000 0.000
16 HOCOX(217) -0.000 0.000
Finished thermo sensitivity simulation for a C/O ratio of 1.4
Starting thermo sensitivity simulation for a C/O ratio of 0.8
0 X(1) -0.002 -0.002
1 HX(19) 0.002 0.002
2 OX(20) 0.000 -0.000
3 CH3X(21) -0.000 0.000
4 HOX(22) 0.000 -0.000
5 H2OX(23) -0.001 -0.001
6 CO2X(24) 0.001 0.001
7 OCX(25) -0.000 0.000
8 CX(26) -0.000 0.000
9 CH2X(27) -0.000 0.000
10 CHX(28) -0.000 0.000
11 CH4X(48) -0.000 0.000
12 H2X(49) -0.000 0.000
13 COX(50) -0.000 0.000
14 CHOX(53) -0.000 0.000
15 C2H4X(209) -0.000 0.000
16 HOCOX(217) -0.000 0.000
Finished thermo sensitivity simulation for a C/O ratio of 0.8
Starting thermo sensitivity simulation for a C/O ratio of 1.1
0 X(1) -0.002 -0.002
1 HX(19) 0.002 0.002
2 OX(20) 0.000 0.000
3 CH3X(21) 0.000 -0.000
4 HOX(22) 0.000 -0.000
5 H2OX(23) -0.001 -0.000
6 CO2X(24) 0.001 0.001
7 OCX(25) 0.000 -0.000
8 CX(26) 0.000 -0.000
9 CH2X(27) 0.000 -0.000
10 CHX(28) 0.000 -0.000
11 CH4X(48) -0.000 0.000
12 H2X(49) 0.000 -0.000
13 COX(50) 0.000 -0.000
14 CHOX(53) 0.000 -0.000
15 C2H4X(209) 0.000 -0.000
16 HOCOX(217) 0.000 -0.000
Finished thermo sensitivity simulation for a C/O ratio of 1.1
Starting thermo sensitivity simulation for a C/O ratio of 1.2
0 X(1) -0.003 -0.002
1 HX(19) 0.002 0.002
2 OX(20) 0.000 0.000
3 CH3X(21) -0.000 0.000
4 HOX(22) -0.000 -0.000
5 H2OX(23) -0.001 -0.000
6 CO2X(24) 0.001 0.001
7 OCX(25) -0.000 0.000
8 CX(26) -0.000 0.000
9 CH2X(27) -0.000 0.000
10 CHX(28) -0.000 0.000
11 CH4X(48) -0.000 0.000
12 H2X(49) -0.000 0.000
13 COX(50) -0.000 0.000
14 CHOX(53) -0.000 0.000
15 C2H4X(209) -0.000 0.000
16 HOCOX(217) -0.000 0.000
Finished thermo sensitivity simulation for a C/O ratio of 1.2
Starting thermo sensitivity simulation for a C/O ratio of 1.6
0 X(1) -0.003 -0.003
1 HX(19) 0.002 0.002
2 OX(20) 0.001 0.000
3 CH3X(21) 0.000 -0.000
4 HOX(22) -0.000 -0.000
5 H2OX(23) -0.000 -0.000
6 CO2X(24) 0.001 0.001
7 OCX(25) 0.000 -0.000
8 CX(26) 0.000 -0.000
9 CH2X(27) 0.000 -0.000
10 CHX(28) 0.000 -0.000
11 CH4X(48) -0.000 0.000
12 H2X(49) 0.000 -0.000
13 COX(50) 0.000 -0.000
14 CHOX(53) 0.000 -0.000
15 C2H4X(209) 0.000 -0.000
16 HOCOX(217) 0.000 -0.000
Finished thermo sensitivity simulation for a C/O ratio of 1.6
Starting thermo sensitivity simulation for a C/O ratio of 0.9
0 X(1) -0.002 -0.002
1 HX(19) 0.002 0.002
2 OX(20) 0.000 -0.000
3 CH3X(21) -0.000 0.000
4 HOX(22) 0.000 -0.000
5 H2OX(23) -0.001 -0.000
6 CO2X(24) 0.001 0.001
7 OCX(25) 0.000 0.000
8 CX(26) 0.000 0.000
9 CH2X(27) -0.000 -0.000
10 CHX(28) -0.000 0.000
11 CH4X(48) -0.000 0.000
12 H2X(49) -0.000 0.000
13 COX(50) -0.000 0.000
14 CHOX(53) 0.000 0.000
15 C2H4X(209) 0.000 0.000
16 HOCOX(217) 0.000 0.000
Finished thermo sensitivity simulation for a C/O ratio of 0.9
Starting thermo sensitivity simulation for a C/O ratio of 2.6
0 X(1) -0.003 -0.003
1 HX(19) 0.002 0.002
2 OX(20) 0.001 0.001
3 CH3X(21) -0.000 0.000
4 HOX(22) -0.000 -0.000
5 H2OX(23) -0.000 -0.000
6 CO2X(24) 0.001 0.001
7 OCX(25) 0.000 0.000
8 CX(26) -0.000 0.000
9 CH2X(27) -0.000 -0.000
10 CHX(28) 0.000 0.000
11 CH4X(48) -0.000 0.000
12 H2X(49) -0.000 0.000
13 COX(50) -0.000 0.000
14 CHOX(53) -0.000 0.000
15 C2H4X(209) -0.000 0.000
16 HOCOX(217) 0.000 0.000
Finished thermo sensitivity simulation for a C/O ratio of 2.6
Starting thermo sensitivity simulation for a C/O ratio of 1.8
0 X(1) -0.003 -0.003
1 HX(19) 0.002 0.002
2 OX(20) 0.001 0.001
3 CH3X(21) -0.000 0.000
4 HOX(22) -0.000 -0.000
5 H2OX(23) -0.000 -0.000
6 CO2X(24) 0.001 0.001
7 OCX(25) 0.000 0.000
8 CX(26) -0.000 0.000
9 CH2X(27) -0.000 -0.000
10 CHX(28) 0.000 0.000
11 CH4X(48) -0.000 0.000
12 H2X(49) -0.000 -0.000
13 COX(50) -0.000 0.000
14 CHOX(53) -0.000 0.000
15 C2H4X(209) -0.000 0.000
16 HOCOX(217) -0.000 0.000
Finished thermo sensitivity simulation for a C/O ratio of 1.8
Starting thermo sensitivity simulation for a C/O ratio of 0.7
0 X(1) -0.002 -0.002
1 HX(19) 0.002 0.002
2 OX(20) -0.000 -0.000
3 CH3X(21) 0.000 -0.000
4 HOX(22) 0.000 -0.000
5 H2OX(23) -0.001 -0.001
6 CO2X(24) 0.001 0.001
7 OCX(25) 0.000 -0.000
8 CX(26) 0.000 -0.000
9 CH2X(27) 0.000 -0.000
10 CHX(28) 0.000 -0.000
11 CH4X(48) -0.000 0.000
12 H2X(49) 0.000 -0.000
13 COX(50) 0.000 -0.000
14 CHOX(53) 0.000 -0.000
15 C2H4X(209) 0.000 -0.000
16 HOCOX(217) 0.000 -0.000
Finished thermo sensitivity simulation for a C/O ratio of 0.7
Starting thermo sensitivity simulation for a C/O ratio of 1.3
0 X(1) -0.003 -0.002
1 HX(19) 0.002 0.002
2 OX(20) 0.000 0.000
3 CH3X(21) -0.000 0.000
4 HOX(22) -0.000 -0.000
5 H2OX(23) -0.000 -0.000
6 CO2X(24) 0.001 0.001
7 OCX(25) -0.000 0.000
8 CX(26) -0.000 0.000
9 CH2X(27) -0.000 0.000
10 CHX(28) -0.000 0.000
11 CH4X(48) -0.000 0.000
12 H2X(49) -0.000 0.000
13 COX(50) -0.000 0.000
14 CHOX(53) -0.000 0.000
15 C2H4X(209) -0.000 0.000
16 HOCOX(217) -0.000 0.000
Finished thermo sensitivity simulation for a C/O ratio of 1.3
Starting thermo sensitivity simulation for a C/O ratio of 0.6
0 X(1) -0.002 -0.002
1 HX(19) 0.002 0.002
2 OX(20) -0.000 -0.000
3 CH3X(21) -0.000 -0.000
4 HOX(22) 0.000 -0.000
5 H2OX(23) -0.001 -0.001
6 CO2X(24) 0.001 0.001
7 OCX(25) -0.000 -0.000
8 CX(26) 0.000 -0.000
9 CH2X(27) -0.000 -0.000
10 CHX(28) -0.000 -0.000
11 CH4X(48) -0.000 0.000
12 H2X(49) 0.000 -0.000
13 COX(50) 0.000 -0.000
14 CHOX(53) -0.000 -0.000
15 C2H4X(209) 0.000 -0.000
16 HOCOX(217) 0.000 -0.000
Finished thermo sensitivity simulation for a C/O ratio of 0.6
Starting thermo sensitivity simulation for a C/O ratio of 1.0
0 X(1) -0.002 -0.002
1 HX(19) 0.002 0.002
2 OX(20) 0.000 -0.000
3 CH3X(21) 0.000 -0.000
4 HOX(22) 0.000 -0.000
5 H2OX(23) -0.001 -0.000
6 CO2X(24) 0.001 0.001
7 OCX(25) 0.000 -0.000
8 CX(26) 0.000 -0.000
9 CH2X(27) 0.000 -0.000
10 CHX(28) 0.000 -0.000
11 CH4X(48) -0.000 0.000
12 H2X(49) 0.000 -0.000
13 COX(50) 0.000 -0.000
14 CHOX(53) 0.000 -0.000
15 C2H4X(209) 0.000 -0.000
16 HOCOX(217) 0.000 -0.000
Finished thermo sensitivity simulation for a C/O ratio of 1.0
Starting thermo sensitivity simulation for a C/O ratio of 2.4
0 X(1) -0.003 -0.003
1 HX(19) 0.002 0.002
2 OX(20) 0.001 0.001
3 CH3X(21) 0.000 0.000
4 HOX(22) -0.000 -0.000
5 H2OX(23) -0.000 -0.000
6 CO2X(24) 0.001 0.001
7 OCX(25) 0.000 0.000
8 CX(26) -0.000 -0.000
9 CH2X(27) -0.000 -0.000
10 CHX(28) 0.000 -0.000
11 CH4X(48) -0.000 0.000
12 H2X(49) -0.000 0.000
13 COX(50) 0.000 -0.000
14 CHOX(53) 0.000 -0.000
15 C2H4X(209) 0.000 -0.000
16 HOCOX(217) 0.000 -0.000
Finished thermo sensitivity simulation for a C/O ratio of 2.4
Starting thermo sensitivity simulation for a C/O ratio of 2.0
0 X(1) -0.003 -0.003
1 HX(19) 0.002 0.002
2 OX(20) 0.001 0.001
3 CH3X(21) 0.000 -0.000
4 HOX(22) -0.000 -0.000
5 H2OX(23) -0.000 -0.000
6 CO2X(24) 0.001 0.001
7 OCX(25) -0.000 -0.000
8 CX(26) -0.000 -0.000
9 CH2X(27) 0.000 -0.000
10 CHX(28) 0.000 -0.000
11 CH4X(48) -0.000 0.000
12 H2X(49) -0.000 -0.000
13 COX(50) 0.000 -0.000
14 CHOX(53) 0.000 -0.000
15 C2H4X(209) -0.000 -0.000
16 HOCOX(217) -0.000 -0.000
Finished thermo sensitivity simulation for a C/O ratio of 2.0
Starting thermo sensitivity simulation for a C/O ratio of 2.2
0 X(1) -0.003 -0.003
1 HX(19) 0.002 0.002
2 OX(20) 0.001 0.001
3 CH3X(21) 0.000 -0.000
4 HOX(22) -0.000 -0.000
5 H2OX(23) -0.000 -0.000
6 CO2X(24) 0.001 0.001
7 OCX(25) 0.000 -0.000
8 CX(26) 0.000 -0.000
9 CH2X(27) 0.000 -0.000
10 CHX(28) 0.000 -0.000
11 CH4X(48) -0.000 0.000
12 H2X(49) 0.000 -0.000
13 COX(50) 0.000 -0.000
14 CHOX(53) 0.000 -0.000
15 C2H4X(209) 0.000 -0.000
16 HOCOX(217) 0.000 -0.000
Finished thermo sensitivity simulation for a C/O ratio of 2.2
