This mechanism contains 138 gas reactions and 39 surface reactions
Finished simulation at a C/O ratio of 2.0
Finished simulation at a C/O ratio of 1.6
Finished simulation at a C/O ratio of 2.6
Finished simulation at a C/O ratio of 2.2
Finished simulation at a C/O ratio of 1.4
Finished simulation at a C/O ratio of 1.0
Finished simulation at a C/O ratio of 1.1
Finished simulation at a C/O ratio of 1.2
Finished simulation at a C/O ratio of 1.3
Finished simulation at a C/O ratio of 0.7
Finished simulation at a C/O ratio of 0.8
Finished simulation at a C/O ratio of 0.9
Finished simulation at a C/O ratio of 0.6
Finished simulation at a C/O ratio of 2.4
Finished simulation at a C/O ratio of 1.8
Starting sensitivity simulation for a C/O ratio of 1.8
0 CH4(2) + X(1) <=> CH4X(48) -0.000 -0.000
1 O2(3) + 2 X(1) <=> 2 OX(20) -0.001 -0.001
2 H2(6) + 2 X(1) <=> 2 HX(19) 0.003 0.003
3 H(12) + X(1) <=> HX(19) 0.001 0.001
4 HX(19) + OX(20) <=> HOX(22) + X(1) -0.000 -0.000
5 H2O(5) + 2 X(1) <=> HOX(22) + HX(19) -0.000 -0.000
6 OH(17) + X(1) <=> HOX(22) -0.000 -0.000
7 CH4(2) + 2 X(1) <=> CH3X(21) + HX(19) -0.001 -0.001
8 CH4(2) + OX(20) + X(1) <=> CH3X(21) + HOX(22) -1.189 -1.966
9 C2H6(8) + 2 X(1) <=> 2 CH3X(21) -0.045 -0.100
10 CH3(10) + X(1) <=> CH3X(21) -0.006 -0.007
11 CH3OH(14) + 2 X(1) <=> CH3X(21) + HOX(22) 0.033 0.035
12 CH4(2) + HOX(22) + X(1) <=> CH3X(21) + H2OX(23) -0.002 -0.004
13 H2O(5) + X(1) <=> H2OX(23) -0.000 -0.000
14 H2OX(23) + OX(20) <=> 2 HOX(22) -0.084 -0.125
15 HOX(22) + HX(19) <=> H2OX(23) + X(1) -0.000 -0.000
16 H2(6) + X(1) <=> H2X(49) 0.000 0.000
17 CH2X(27) + HX(19) <=> CH3X(21) + X(1) -0.070 -0.066
18 CH2X(27) + HOX(22) <=> CH3X(21) + OX(20) -0.021 -0.019
19 CHX(28) + HX(19) <=> CH2X(27) + X(1) 0.000 0.000
20 CHX(28) + HOX(22) <=> CH2X(27) + OX(20) -0.000 -0.000
21 2 CH2X(27) <=> CH3X(21) + CHX(28) 0.000 0.000
22 CHX(28) + X(1) <=> CX(26) + HX(19) -0.000 -0.000
23 CX(26) + H2(6) <=> CH2X(27) 0.000 0.000
24 CX(26) + HOX(22) <=> CHX(28) + OX(20) -0.000 -0.000
25 CH3X(21) + CX(26) <=> CH2X(27) + CHX(28) -0.000 -0.000
26 CH2X(27) + CX(26) <=> 2 CHX(28) 0.000 0.000
27 CO(7) + X(1) <=> OCX(25) -0.000 -0.000
28 CX(26) + OX(20) <=> OCX(25) + X(1) 0.000 0.000
29 CH3OH(14) + X(1) <=> CH4OX(60) 0.000 0.000
30 C2H6(8) + X(1) <=> C2H6X(52) -0.000 -0.000
31 CO(7) + X(1) <=> COX(50) 0.000 0.000
32 C2H4(47) + X(1) <=> C2H4X(205) -0.000 -0.000
33 C2H4(18) + X(1) <=> C2H4X(65) 0.000 -0.000
34 CH2O(9) + X(1) <=> CH2OX(54) 0.000 0.000
35 C2H2(334) + X(1) <=> C2H2X(360) 0.000 0.000
36 CO2(4) + X(1) <=> CO2X(24) 0.000 0.000
37 OCX(25) + OX(20) <=> CO2X(24) + X(1) -0.000 -0.000
38 CO2X(24) + HX(19) <=> HOX(22) + OCX(25) 0.033 0.033
Finished sensitivity simulation for a C/O ratio of 1.8
Finished translating for C/O ratio of 1.8
Starting sensitivity simulation for a C/O ratio of 2.6
0 CH4(2) + X(1) <=> CH4X(48) 0.000 0.000
1 O2(3) + 2 X(1) <=> 2 OX(20) -0.001 -0.001
2 H2(6) + 2 X(1) <=> 2 HX(19) 0.003 0.003
3 H(12) + X(1) <=> HX(19) 0.001 0.001
4 HX(19) + OX(20) <=> HOX(22) + X(1) -0.000 -0.000
5 H2O(5) + 2 X(1) <=> HOX(22) + HX(19) -0.000 -0.000
6 OH(17) + X(1) <=> HOX(22) -0.000 -0.000
7 CH4(2) + 2 X(1) <=> CH3X(21) + HX(19) -0.001 -0.001
8 CH4(2) + OX(20) + X(1) <=> CH3X(21) + HOX(22) -1.136 -1.904
9 C2H6(8) + 2 X(1) <=> 2 CH3X(21) -0.040 -0.095
10 CH3(10) + X(1) <=> CH3X(21) -0.006 -0.008
11 CH3OH(14) + 2 X(1) <=> CH3X(21) + HOX(22) 0.032 0.037
12 CH4(2) + HOX(22) + X(1) <=> CH3X(21) + H2OX(23) -0.003 -0.004
13 H2O(5) + X(1) <=> H2OX(23) -0.000 -0.000
14 H2OX(23) + OX(20) <=> 2 HOX(22) -0.084 -0.126
15 HOX(22) + HX(19) <=> H2OX(23) + X(1) 0.000 0.000
16 H2(6) + X(1) <=> H2X(49) 0.000 0.000
17 CH2X(27) + HX(19) <=> CH3X(21) + X(1) -0.073 -0.069
18 CH2X(27) + HOX(22) <=> CH3X(21) + OX(20) -0.019 -0.017
19 CHX(28) + HX(19) <=> CH2X(27) + X(1) 0.000 0.000
20 CHX(28) + HOX(22) <=> CH2X(27) + OX(20) -0.000 -0.000
21 2 CH2X(27) <=> CH3X(21) + CHX(28) 0.000 0.000
22 CHX(28) + X(1) <=> CX(26) + HX(19) 0.000 0.000
23 CX(26) + H2(6) <=> CH2X(27) 0.000 0.000
24 CX(26) + HOX(22) <=> CHX(28) + OX(20) 0.000 0.000
25 CH3X(21) + CX(26) <=> CH2X(27) + CHX(28) -0.000 -0.000
26 CH2X(27) + CX(26) <=> 2 CHX(28) 0.000 0.000
27 CO(7) + X(1) <=> OCX(25) -0.000 -0.000
28 CX(26) + OX(20) <=> OCX(25) + X(1) 0.000 0.000
29 CH3OH(14) + X(1) <=> CH4OX(60) 0.000 0.000
30 C2H6(8) + X(1) <=> C2H6X(52) 0.000 0.000
31 CO(7) + X(1) <=> COX(50) 0.000 0.000
32 C2H4(47) + X(1) <=> C2H4X(205) 0.000 0.000
33 C2H4(18) + X(1) <=> C2H4X(65) 0.000 0.000
34 CH2O(9) + X(1) <=> CH2OX(54) 0.000 0.000
35 C2H2(334) + X(1) <=> C2H2X(360) 0.000 0.000
36 CO2(4) + X(1) <=> CO2X(24) 0.000 0.000
37 OCX(25) + OX(20) <=> CO2X(24) + X(1) 0.000 0.000
38 CO2X(24) + HX(19) <=> HOX(22) + OCX(25) 0.036 0.036
Finished sensitivity simulation for a C/O ratio of 2.6
Finished translating for C/O ratio of 2.6
Starting sensitivity simulation for a C/O ratio of 1.4
0 CH4(2) + X(1) <=> CH4X(48) -0.000 -0.000
1 O2(3) + 2 X(1) <=> 2 OX(20) -0.000 -0.001
2 H2(6) + 2 X(1) <=> 2 HX(19) 0.002 0.002
3 H(12) + X(1) <=> HX(19) 0.001 0.001
4 HX(19) + OX(20) <=> HOX(22) + X(1) -0.000 -0.000
5 H2O(5) + 2 X(1) <=> HOX(22) + HX(19) -0.000 -0.000
6 OH(17) + X(1) <=> HOX(22) -0.000 -0.000
7 CH4(2) + 2 X(1) <=> CH3X(21) + HX(19) -0.001 -0.001
8 CH4(2) + OX(20) + X(1) <=> CH3X(21) + HOX(22) -1.192 -1.975
9 C2H6(8) + 2 X(1) <=> 2 CH3X(21) -0.049 -0.104
10 CH3(10) + X(1) <=> CH3X(21) -0.006 -0.007
11 CH3OH(14) + 2 X(1) <=> CH3X(21) + HOX(22) 0.035 0.035
12 CH4(2) + HOX(22) + X(1) <=> CH3X(21) + H2OX(23) -0.002 -0.003
13 H2O(5) + X(1) <=> H2OX(23) -0.000 -0.000
14 H2OX(23) + OX(20) <=> 2 HOX(22) -0.083 -0.123
15 HOX(22) + HX(19) <=> H2OX(23) + X(1) -0.000 -0.000
16 H2(6) + X(1) <=> H2X(49) -0.000 -0.000
17 CH2X(27) + HX(19) <=> CH3X(21) + X(1) -0.064 -0.060
18 CH2X(27) + HOX(22) <=> CH3X(21) + OX(20) -0.022 -0.020
19 CHX(28) + HX(19) <=> CH2X(27) + X(1) 0.000 0.000
20 CHX(28) + HOX(22) <=> CH2X(27) + OX(20) -0.000 -0.000
21 2 CH2X(27) <=> CH3X(21) + CHX(28) -0.000 -0.000
22 CHX(28) + X(1) <=> CX(26) + HX(19) -0.000 -0.000
23 CX(26) + H2(6) <=> CH2X(27) -0.000 -0.000
24 CX(26) + HOX(22) <=> CHX(28) + OX(20) 0.000 0.000
25 CH3X(21) + CX(26) <=> CH2X(27) + CHX(28) -0.000 -0.000
26 CH2X(27) + CX(26) <=> 2 CHX(28) -0.000 -0.000
27 CO(7) + X(1) <=> OCX(25) -0.000 -0.000
28 CX(26) + OX(20) <=> OCX(25) + X(1) 0.000 0.000
29 CH3OH(14) + X(1) <=> CH4OX(60) 0.000 0.000
30 C2H6(8) + X(1) <=> C2H6X(52) -0.000 -0.000
31 CO(7) + X(1) <=> COX(50) -0.000 -0.000
32 C2H4(47) + X(1) <=> C2H4X(205) 0.000 0.000
33 C2H4(18) + X(1) <=> C2H4X(65) 0.000 0.000
34 CH2O(9) + X(1) <=> CH2OX(54) 0.000 0.000
35 C2H2(334) + X(1) <=> C2H2X(360) -0.000 -0.000
36 CO2(4) + X(1) <=> CO2X(24) -0.000 -0.000
37 OCX(25) + OX(20) <=> CO2X(24) + X(1) 0.000 0.000
38 CO2X(24) + HX(19) <=> HOX(22) + OCX(25) 0.029 0.029
Finished sensitivity simulation for a C/O ratio of 1.4
Finished translating for C/O ratio of 1.4
Starting sensitivity simulation for a C/O ratio of 1.6
0 CH4(2) + X(1) <=> CH4X(48) -0.000 -0.000
1 O2(3) + 2 X(1) <=> 2 OX(20) -0.001 -0.001
2 H2(6) + 2 X(1) <=> 2 HX(19) 0.002 0.002
3 H(12) + X(1) <=> HX(19) 0.001 0.001
4 HX(19) + OX(20) <=> HOX(22) + X(1) -0.000 -0.000
5 H2O(5) + 2 X(1) <=> HOX(22) + HX(19) -0.000 -0.000
6 OH(17) + X(1) <=> HOX(22) -0.000 -0.000
7 CH4(2) + 2 X(1) <=> CH3X(21) + HX(19) -0.001 -0.001
8 CH4(2) + OX(20) + X(1) <=> CH3X(21) + HOX(22) -1.194 -1.973
9 C2H6(8) + 2 X(1) <=> 2 CH3X(21) -0.047 -0.102
10 CH3(10) + X(1) <=> CH3X(21) -0.006 -0.007
11 CH3OH(14) + 2 X(1) <=> CH3X(21) + HOX(22) 0.034 0.035
12 CH4(2) + HOX(22) + X(1) <=> CH3X(21) + H2OX(23) -0.002 -0.004
13 H2O(5) + X(1) <=> H2OX(23) -0.000 -0.000
14 H2OX(23) + OX(20) <=> 2 HOX(22) -0.084 -0.125
15 HOX(22) + HX(19) <=> H2OX(23) + X(1) 0.000 0.000
16 H2(6) + X(1) <=> H2X(49) 0.000 0.000
17 CH2X(27) + HX(19) <=> CH3X(21) + X(1) -0.068 -0.064
18 CH2X(27) + HOX(22) <=> CH3X(21) + OX(20) -0.022 -0.020
19 CHX(28) + HX(19) <=> CH2X(27) + X(1) 0.000 0.000
20 CHX(28) + HOX(22) <=> CH2X(27) + OX(20) -0.000 -0.000
21 2 CH2X(27) <=> CH3X(21) + CHX(28) 0.000 0.000
22 CHX(28) + X(1) <=> CX(26) + HX(19) -0.000 -0.000
23 CX(26) + H2(6) <=> CH2X(27) 0.000 0.000
24 CX(26) + HOX(22) <=> CHX(28) + OX(20) -0.000 -0.000
25 CH3X(21) + CX(26) <=> CH2X(27) + CHX(28) -0.000 -0.000
26 CH2X(27) + CX(26) <=> 2 CHX(28) 0.000 0.000
27 CO(7) + X(1) <=> OCX(25) -0.000 -0.000
28 CX(26) + OX(20) <=> OCX(25) + X(1) 0.000 0.000
29 CH3OH(14) + X(1) <=> CH4OX(60) -0.000 -0.000
30 C2H6(8) + X(1) <=> C2H6X(52) -0.000 -0.000
31 CO(7) + X(1) <=> COX(50) 0.000 0.000
32 C2H4(47) + X(1) <=> C2H4X(205) 0.000 0.000
33 C2H4(18) + X(1) <=> C2H4X(65) 0.000 0.000
34 CH2O(9) + X(1) <=> CH2OX(54) -0.000 -0.000
35 C2H2(334) + X(1) <=> C2H2X(360) -0.000 -0.000
36 CO2(4) + X(1) <=> CO2X(24) 0.000 0.000
37 OCX(25) + OX(20) <=> CO2X(24) + X(1) 0.000 0.000
38 CO2X(24) + HX(19) <=> HOX(22) + OCX(25) 0.031 0.031
Finished sensitivity simulation for a C/O ratio of 1.6
Finished translating for C/O ratio of 1.6
Starting sensitivity simulation for a C/O ratio of 2.4
0 CH4(2) + X(1) <=> CH4X(48) -0.000 -0.000
1 O2(3) + 2 X(1) <=> 2 OX(20) -0.001 -0.001
2 H2(6) + 2 X(1) <=> 2 HX(19) 0.003 0.003
3 H(12) + X(1) <=> HX(19) 0.001 0.001
4 HX(19) + OX(20) <=> HOX(22) + X(1) -0.000 -0.000
5 H2O(5) + 2 X(1) <=> HOX(22) + HX(19) -0.000 -0.000
6 OH(17) + X(1) <=> HOX(22) -0.000 -0.000
7 CH4(2) + 2 X(1) <=> CH3X(21) + HX(19) -0.001 -0.001
8 CH4(2) + OX(20) + X(1) <=> CH3X(21) + HOX(22) -1.152 -1.922
9 C2H6(8) + 2 X(1) <=> 2 CH3X(21) -0.041 -0.096
10 CH3(10) + X(1) <=> CH3X(21) -0.006 -0.007
11 CH3OH(14) + 2 X(1) <=> CH3X(21) + HOX(22) 0.032 0.036
12 CH4(2) + HOX(22) + X(1) <=> CH3X(21) + H2OX(23) -0.003 -0.004
13 H2O(5) + X(1) <=> H2OX(23) -0.000 -0.000
14 H2OX(23) + OX(20) <=> 2 HOX(22) -0.084 -0.126
15 HOX(22) + HX(19) <=> H2OX(23) + X(1) 0.000 0.000
16 H2(6) + X(1) <=> H2X(49) -0.000 0.000
17 CH2X(27) + HX(19) <=> CH3X(21) + X(1) -0.073 -0.069
18 CH2X(27) + HOX(22) <=> CH3X(21) + OX(20) -0.020 -0.018
19 CHX(28) + HX(19) <=> CH2X(27) + X(1) 0.000 0.000
20 CHX(28) + HOX(22) <=> CH2X(27) + OX(20) -0.000 -0.000
21 2 CH2X(27) <=> CH3X(21) + CHX(28) -0.000 0.000
22 CHX(28) + X(1) <=> CX(26) + HX(19) -0.000 0.000
23 CX(26) + H2(6) <=> CH2X(27) -0.000 -0.000
24 CX(26) + HOX(22) <=> CHX(28) + OX(20) -0.000 0.000
25 CH3X(21) + CX(26) <=> CH2X(27) + CHX(28) -0.000 -0.000
26 CH2X(27) + CX(26) <=> 2 CHX(28) -0.000 0.000
27 CO(7) + X(1) <=> OCX(25) -0.000 -0.000
28 CX(26) + OX(20) <=> OCX(25) + X(1) 0.000 0.000
29 CH3OH(14) + X(1) <=> CH4OX(60) -0.000 -0.000
30 C2H6(8) + X(1) <=> C2H6X(52) 0.000 0.000
31 CO(7) + X(1) <=> COX(50) 0.000 0.000
32 C2H4(47) + X(1) <=> C2H4X(205) -0.000 -0.000
33 C2H4(18) + X(1) <=> C2H4X(65) -0.000 0.000
34 CH2O(9) + X(1) <=> CH2OX(54) 0.000 0.000
35 C2H2(334) + X(1) <=> C2H2X(360) 0.000 0.000
36 CO2(4) + X(1) <=> CO2X(24) -0.000 0.000
37 OCX(25) + OX(20) <=> CO2X(24) + X(1) -0.000 -0.000
38 CO2X(24) + HX(19) <=> HOX(22) + OCX(25) 0.035 0.035
Finished sensitivity simulation for a C/O ratio of 2.4
Finished translating for C/O ratio of 2.4
Starting sensitivity simulation for a C/O ratio of 0.8
0 CH4(2) + X(1) <=> CH4X(48) -0.000 -0.000
1 O2(3) + 2 X(1) <=> 2 OX(20) -0.000 -0.000
2 H2(6) + 2 X(1) <=> 2 HX(19) 0.001 0.001
3 H(12) + X(1) <=> HX(19) 0.000 0.000
4 HX(19) + OX(20) <=> HOX(22) + X(1) -0.000 -0.000
5 H2O(5) + 2 X(1) <=> HOX(22) + HX(19) -0.000 -0.000
6 OH(17) + X(1) <=> HOX(22) -0.000 -0.000
7 CH4(2) + 2 X(1) <=> CH3X(21) + HX(19) -0.000 -0.001
8 CH4(2) + OX(20) + X(1) <=> CH3X(21) + HOX(22) -1.180 -1.980
9 C2H6(8) + 2 X(1) <=> 2 CH3X(21) -0.060 -0.115
10 CH3(10) + X(1) <=> CH3X(21) -0.005 -0.006
11 CH3OH(14) + 2 X(1) <=> CH3X(21) + HOX(22) 0.045 0.042
12 CH4(2) + HOX(22) + X(1) <=> CH3X(21) + H2OX(23) -0.002 -0.002
13 H2O(5) + X(1) <=> H2OX(23) -0.000 -0.000
14 H2OX(23) + OX(20) <=> 2 HOX(22) -0.081 -0.119
15 HOX(22) + HX(19) <=> H2OX(23) + X(1) -0.000 -0.000
16 H2(6) + X(1) <=> H2X(49) -0.000 -0.000
17 CH2X(27) + HX(19) <=> CH3X(21) + X(1) -0.048 -0.046
18 CH2X(27) + HOX(22) <=> CH3X(21) + OX(20) -0.023 -0.021
19 CHX(28) + HX(19) <=> CH2X(27) + X(1) 0.000 0.000
20 CHX(28) + HOX(22) <=> CH2X(27) + OX(20) -0.000 -0.000
21 2 CH2X(27) <=> CH3X(21) + CHX(28) 0.000 0.000
22 CHX(28) + X(1) <=> CX(26) + HX(19) 0.000 0.000
23 CX(26) + H2(6) <=> CH2X(27) -0.000 -0.000
24 CX(26) + HOX(22) <=> CHX(28) + OX(20) 0.000 0.000
25 CH3X(21) + CX(26) <=> CH2X(27) + CHX(28) -0.000 -0.000
26 CH2X(27) + CX(26) <=> 2 CHX(28) 0.000 0.000
27 CO(7) + X(1) <=> OCX(25) -0.000 -0.000
28 CX(26) + OX(20) <=> OCX(25) + X(1) 0.000 0.000
29 CH3OH(14) + X(1) <=> CH4OX(60) -0.000 -0.000
30 C2H6(8) + X(1) <=> C2H6X(52) 0.000 0.000
31 CO(7) + X(1) <=> COX(50) 0.000 0.000
32 C2H4(47) + X(1) <=> C2H4X(205) 0.000 0.000
33 C2H4(18) + X(1) <=> C2H4X(65) -0.000 -0.000
34 CH2O(9) + X(1) <=> CH2OX(54) 0.000 0.000
35 C2H2(334) + X(1) <=> C2H2X(360) -0.000 -0.000
36 CO2(4) + X(1) <=> CO2X(24) 0.000 0.000
37 OCX(25) + OX(20) <=> CO2X(24) + X(1) -0.000 -0.000
38 CO2X(24) + HX(19) <=> HOX(22) + OCX(25) 0.019 0.019
Finished sensitivity simulation for a C/O ratio of 0.8
Finished translating for C/O ratio of 0.8
Starting sensitivity simulation for a C/O ratio of 0.7
0 CH4(2) + X(1) <=> CH4X(48) -0.000 -0.000
1 O2(3) + 2 X(1) <=> 2 OX(20) -0.000 -0.000
2 H2(6) + 2 X(1) <=> 2 HX(19) 0.001 0.001
3 H(12) + X(1) <=> HX(19) 0.000 0.000
4 HX(19) + OX(20) <=> HOX(22) + X(1) -0.000 -0.000
5 H2O(5) + 2 X(1) <=> HOX(22) + HX(19) -0.000 -0.000
6 OH(17) + X(1) <=> HOX(22) -0.000 -0.000
7 CH4(2) + 2 X(1) <=> CH3X(21) + HX(19) -0.000 -0.001
8 CH4(2) + OX(20) + X(1) <=> CH3X(21) + HOX(22) -1.204 -2.009
9 C2H6(8) + 2 X(1) <=> 2 CH3X(21) -0.062 -0.117
10 CH3(10) + X(1) <=> CH3X(21) -0.005 -0.006
11 CH3OH(14) + 2 X(1) <=> CH3X(21) + HOX(22) 0.047 0.043
12 CH4(2) + HOX(22) + X(1) <=> CH3X(21) + H2OX(23) -0.001 -0.002
13 H2O(5) + X(1) <=> H2OX(23) -0.000 -0.000
14 H2OX(23) + OX(20) <=> 2 HOX(22) -0.081 -0.120
15 HOX(22) + HX(19) <=> H2OX(23) + X(1) -0.000 -0.000
16 H2(6) + X(1) <=> H2X(49) -0.000 -0.000
17 CH2X(27) + HX(19) <=> CH3X(21) + X(1) -0.047 -0.045
18 CH2X(27) + HOX(22) <=> CH3X(21) + OX(20) -0.024 -0.023
19 CHX(28) + HX(19) <=> CH2X(27) + X(1) 0.000 0.000
20 CHX(28) + HOX(22) <=> CH2X(27) + OX(20) -0.000 -0.000
21 2 CH2X(27) <=> CH3X(21) + CHX(28) -0.000 -0.000
22 CHX(28) + X(1) <=> CX(26) + HX(19) -0.000 -0.000
23 CX(26) + H2(6) <=> CH2X(27) -0.000 -0.000
24 CX(26) + HOX(22) <=> CHX(28) + OX(20) -0.000 -0.000
25 CH3X(21) + CX(26) <=> CH2X(27) + CHX(28) -0.000 -0.000
26 CH2X(27) + CX(26) <=> 2 CHX(28) -0.000 -0.000
27 CO(7) + X(1) <=> OCX(25) -0.000 -0.000
28 CX(26) + OX(20) <=> OCX(25) + X(1) 0.000 0.000
29 CH3OH(14) + X(1) <=> CH4OX(60) -0.000 -0.000
30 C2H6(8) + X(1) <=> C2H6X(52) -0.000 -0.000
31 CO(7) + X(1) <=> COX(50) -0.000 -0.000
32 C2H4(47) + X(1) <=> C2H4X(205) -0.000 -0.000
33 C2H4(18) + X(1) <=> C2H4X(65) -0.000 -0.000
34 CH2O(9) + X(1) <=> CH2OX(54) -0.000 -0.000
35 C2H2(334) + X(1) <=> C2H2X(360) -0.000 -0.000
36 CO2(4) + X(1) <=> CO2X(24) -0.000 -0.000
37 OCX(25) + OX(20) <=> CO2X(24) + X(1) -0.000 -0.000
38 CO2X(24) + HX(19) <=> HOX(22) + OCX(25) 0.016 0.016
Finished sensitivity simulation for a C/O ratio of 0.7
Finished translating for C/O ratio of 0.7
Starting sensitivity simulation for a C/O ratio of 1.1
0 CH4(2) + X(1) <=> CH4X(48) -0.000 -0.000
1 O2(3) + 2 X(1) <=> 2 OX(20) -0.000 -0.001
2 H2(6) + 2 X(1) <=> 2 HX(19) 0.001 0.001
3 H(12) + X(1) <=> HX(19) 0.001 0.001
4 HX(19) + OX(20) <=> HOX(22) + X(1) -0.000 -0.000
5 H2O(5) + 2 X(1) <=> HOX(22) + HX(19) -0.000 -0.000
6 OH(17) + X(1) <=> HOX(22) -0.000 -0.000
7 CH4(2) + 2 X(1) <=> CH3X(21) + HX(19) -0.000 -0.001
8 CH4(2) + OX(20) + X(1) <=> CH3X(21) + HOX(22) -1.178 -1.968
9 C2H6(8) + 2 X(1) <=> 2 CH3X(21) -0.054 -0.109
10 CH3(10) + X(1) <=> CH3X(21) -0.006 -0.007
11 CH3OH(14) + 2 X(1) <=> CH3X(21) + HOX(22) 0.040 0.038
12 CH4(2) + HOX(22) + X(1) <=> CH3X(21) + H2OX(23) -0.002 -0.003
13 H2O(5) + X(1) <=> H2OX(23) -0.000 -0.000
14 H2OX(23) + OX(20) <=> 2 HOX(22) -0.082 -0.121
15 HOX(22) + HX(19) <=> H2OX(23) + X(1) -0.000 -0.000
16 H2(6) + X(1) <=> H2X(49) -0.000 -0.000
17 CH2X(27) + HX(19) <=> CH3X(21) + X(1) -0.056 -0.053
18 CH2X(27) + HOX(22) <=> CH3X(21) + OX(20) -0.022 -0.020
19 CHX(28) + HX(19) <=> CH2X(27) + X(1) 0.000 0.000
20 CHX(28) + HOX(22) <=> CH2X(27) + OX(20) -0.000 -0.000
21 2 CH2X(27) <=> CH3X(21) + CHX(28) -0.000 -0.000
22 CHX(28) + X(1) <=> CX(26) + HX(19) -0.000 -0.000
23 CX(26) + H2(6) <=> CH2X(27) -0.000 -0.000
24 CX(26) + HOX(22) <=> CHX(28) + OX(20) -0.000 -0.000
25 CH3X(21) + CX(26) <=> CH2X(27) + CHX(28) -0.000 -0.000
26 CH2X(27) + CX(26) <=> 2 CHX(28) -0.000 -0.000
27 CO(7) + X(1) <=> OCX(25) -0.000 -0.000
28 CX(26) + OX(20) <=> OCX(25) + X(1) 0.000 0.000
29 CH3OH(14) + X(1) <=> CH4OX(60) -0.000 -0.000
30 C2H6(8) + X(1) <=> C2H6X(52) -0.000 -0.000
31 CO(7) + X(1) <=> COX(50) -0.000 -0.000
32 C2H4(47) + X(1) <=> C2H4X(205) -0.000 -0.000
33 C2H4(18) + X(1) <=> C2H4X(65) -0.000 -0.000
34 CH2O(9) + X(1) <=> CH2OX(54) -0.000 -0.000
35 C2H2(334) + X(1) <=> C2H2X(360) -0.000 -0.000
36 CO2(4) + X(1) <=> CO2X(24) -0.000 -0.000
37 OCX(25) + OX(20) <=> CO2X(24) + X(1) -0.000 -0.000
38 CO2X(24) + HX(19) <=> HOX(22) + OCX(25) 0.024 0.024
Finished sensitivity simulation for a C/O ratio of 1.1
Finished translating for C/O ratio of 1.1
Starting sensitivity simulation for a C/O ratio of 2.2
0 CH4(2) + X(1) <=> CH4X(48) 0.000 0.000
1 O2(3) + 2 X(1) <=> 2 OX(20) -0.001 -0.001
2 H2(6) + 2 X(1) <=> 2 HX(19) 0.003 0.003
3 H(12) + X(1) <=> HX(19) 0.001 0.001
4 HX(19) + OX(20) <=> HOX(22) + X(1) -0.000 -0.000
5 H2O(5) + 2 X(1) <=> HOX(22) + HX(19) -0.000 -0.000
6 OH(17) + X(1) <=> HOX(22) -0.000 -0.000
7 CH4(2) + 2 X(1) <=> CH3X(21) + HX(19) -0.001 -0.001
8 CH4(2) + OX(20) + X(1) <=> CH3X(21) + HOX(22) -1.167 -1.939
9 C2H6(8) + 2 X(1) <=> 2 CH3X(21) -0.042 -0.097
10 CH3(10) + X(1) <=> CH3X(21) -0.006 -0.007
11 CH3OH(14) + 2 X(1) <=> CH3X(21) + HOX(22) 0.032 0.035
12 CH4(2) + HOX(22) + X(1) <=> CH3X(21) + H2OX(23) -0.003 -0.004
13 H2O(5) + X(1) <=> H2OX(23) -0.000 -0.000
14 H2OX(23) + OX(20) <=> 2 HOX(22) -0.084 -0.126
15 HOX(22) + HX(19) <=> H2OX(23) + X(1) 0.000 0.000
16 H2(6) + X(1) <=> H2X(49) 0.000 0.000
17 CH2X(27) + HX(19) <=> CH3X(21) + X(1) -0.073 -0.069
18 CH2X(27) + HOX(22) <=> CH3X(21) + OX(20) -0.020 -0.019
19 CHX(28) + HX(19) <=> CH2X(27) + X(1) 0.000 0.000
20 CHX(28) + HOX(22) <=> CH2X(27) + OX(20) -0.000 -0.000
21 2 CH2X(27) <=> CH3X(21) + CHX(28) 0.000 0.000
22 CHX(28) + X(1) <=> CX(26) + HX(19) 0.000 0.000
23 CX(26) + H2(6) <=> CH2X(27) 0.000 0.000
24 CX(26) + HOX(22) <=> CHX(28) + OX(20) 0.000 0.000
25 CH3X(21) + CX(26) <=> CH2X(27) + CHX(28) -0.000 -0.000
26 CH2X(27) + CX(26) <=> 2 CHX(28) 0.000 0.000
27 CO(7) + X(1) <=> OCX(25) -0.000 -0.000
28 CX(26) + OX(20) <=> OCX(25) + X(1) 0.000 0.000
29 CH3OH(14) + X(1) <=> CH4OX(60) 0.000 0.000
30 C2H6(8) + X(1) <=> C2H6X(52) 0.000 0.000
31 CO(7) + X(1) <=> COX(50) 0.000 0.000
32 C2H4(47) + X(1) <=> C2H4X(205) 0.000 0.000
33 C2H4(18) + X(1) <=> C2H4X(65) 0.000 0.000
34 CH2O(9) + X(1) <=> CH2OX(54) 0.000 0.000
35 C2H2(334) + X(1) <=> C2H2X(360) 0.000 0.000
36 CO2(4) + X(1) <=> CO2X(24) 0.000 0.000
37 OCX(25) + OX(20) <=> CO2X(24) + X(1) 0.000 0.000
38 CO2X(24) + HX(19) <=> HOX(22) + OCX(25) 0.035 0.035
Finished sensitivity simulation for a C/O ratio of 2.2
Finished translating for C/O ratio of 2.2
Starting sensitivity simulation for a C/O ratio of 2.0
0 CH4(2) + X(1) <=> CH4X(48) -0.000 -0.000
1 O2(3) + 2 X(1) <=> 2 OX(20) -0.001 -0.001
2 H2(6) + 2 X(1) <=> 2 HX(19) 0.003 0.003
3 H(12) + X(1) <=> HX(19) 0.001 0.001
4 HX(19) + OX(20) <=> HOX(22) + X(1) -0.000 -0.000
5 H2O(5) + 2 X(1) <=> HOX(22) + HX(19) -0.000 -0.000
6 OH(17) + X(1) <=> HOX(22) -0.000 -0.000
7 CH4(2) + 2 X(1) <=> CH3X(21) + HX(19) -0.001 -0.001
8 CH4(2) + OX(20) + X(1) <=> CH3X(21) + HOX(22) -1.180 -1.954
9 C2H6(8) + 2 X(1) <=> 2 CH3X(21) -0.043 -0.098
10 CH3(10) + X(1) <=> CH3X(21) -0.006 -0.007
11 CH3OH(14) + 2 X(1) <=> CH3X(21) + HOX(22) 0.032 0.035
12 CH4(2) + HOX(22) + X(1) <=> CH3X(21) + H2OX(23) -0.002 -0.004
13 H2O(5) + X(1) <=> H2OX(23) -0.000 -0.000
14 H2OX(23) + OX(20) <=> 2 HOX(22) -0.084 -0.126
15 HOX(22) + HX(19) <=> H2OX(23) + X(1) -0.000 -0.000
16 H2(6) + X(1) <=> H2X(49) -0.000 -0.000
17 CH2X(27) + HX(19) <=> CH3X(21) + X(1) -0.072 -0.068
18 CH2X(27) + HOX(22) <=> CH3X(21) + OX(20) -0.021 -0.019
19 CHX(28) + HX(19) <=> CH2X(27) + X(1) 0.000 0.000
20 CHX(28) + HOX(22) <=> CH2X(27) + OX(20) -0.000 -0.000
21 2 CH2X(27) <=> CH3X(21) + CHX(28) -0.000 -0.000
22 CHX(28) + X(1) <=> CX(26) + HX(19) -0.000 -0.000
23 CX(26) + H2(6) <=> CH2X(27) -0.000 -0.000
24 CX(26) + HOX(22) <=> CHX(28) + OX(20) -0.000 -0.000
25 CH3X(21) + CX(26) <=> CH2X(27) + CHX(28) -0.000 -0.000
26 CH2X(27) + CX(26) <=> 2 CHX(28) -0.000 -0.000
27 CO(7) + X(1) <=> OCX(25) -0.000 -0.000
28 CX(26) + OX(20) <=> OCX(25) + X(1) 0.000 0.000
29 CH3OH(14) + X(1) <=> CH4OX(60) -0.000 -0.000
30 C2H6(8) + X(1) <=> C2H6X(52) -0.000 -0.000
31 CO(7) + X(1) <=> COX(50) -0.000 -0.000
32 C2H4(47) + X(1) <=> C2H4X(205) -0.000 -0.000
33 C2H4(18) + X(1) <=> C2H4X(65) -0.000 -0.000
34 CH2O(9) + X(1) <=> CH2OX(54) -0.000 -0.000
35 C2H2(334) + X(1) <=> C2H2X(360) -0.000 -0.000
36 CO2(4) + X(1) <=> CO2X(24) -0.000 -0.000
37 OCX(25) + OX(20) <=> CO2X(24) + X(1) -0.000 -0.000
38 CO2X(24) + HX(19) <=> HOX(22) + OCX(25) 0.034 0.034
Finished sensitivity simulation for a C/O ratio of 2.0
Finished translating for C/O ratio of 2.0
Starting sensitivity simulation for a C/O ratio of 0.6
0 CH4(2) + X(1) <=> CH4X(48) 0.000 0.000
1 O2(3) + 2 X(1) <=> 2 OX(20) -0.000 -0.000
2 H2(6) + 2 X(1) <=> 2 HX(19) 0.000 0.000
3 H(12) + X(1) <=> HX(19) 0.000 0.000
4 HX(19) + OX(20) <=> HOX(22) + X(1) -0.000 -0.000
5 H2O(5) + 2 X(1) <=> HOX(22) + HX(19) -0.000 -0.000
6 OH(17) + X(1) <=> HOX(22) -0.000 -0.000
7 CH4(2) + 2 X(1) <=> CH3X(21) + HX(19) -0.000 -0.001
8 CH4(2) + OX(20) + X(1) <=> CH3X(21) + HOX(22) -1.258 -2.068
9 C2H6(8) + 2 X(1) <=> 2 CH3X(21) -0.063 -0.118
10 CH3(10) + X(1) <=> CH3X(21) -0.005 -0.005
11 CH3OH(14) + 2 X(1) <=> CH3X(21) + HOX(22) 0.047 0.042
12 CH4(2) + HOX(22) + X(1) <=> CH3X(21) + H2OX(23) -0.001 -0.002
13 H2O(5) + X(1) <=> H2OX(23) -0.000 -0.000
14 H2OX(23) + OX(20) <=> 2 HOX(22) -0.082 -0.121
15 HOX(22) + HX(19) <=> H2OX(23) + X(1) 0.000 0.000
16 H2(6) + X(1) <=> H2X(49) 0.000 0.000
17 CH2X(27) + HX(19) <=> CH3X(21) + X(1) -0.047 -0.046
18 CH2X(27) + HOX(22) <=> CH3X(21) + OX(20) -0.027 -0.026
19 CHX(28) + HX(19) <=> CH2X(27) + X(1) 0.000 0.000
20 CHX(28) + HOX(22) <=> CH2X(27) + OX(20) -0.000 -0.000
21 2 CH2X(27) <=> CH3X(21) + CHX(28) 0.000 0.000
22 CHX(28) + X(1) <=> CX(26) + HX(19) 0.000 0.000
23 CX(26) + H2(6) <=> CH2X(27) 0.000 0.000
24 CX(26) + HOX(22) <=> CHX(28) + OX(20) 0.000 0.000
25 CH3X(21) + CX(26) <=> CH2X(27) + CHX(28) -0.000 -0.000
26 CH2X(27) + CX(26) <=> 2 CHX(28) 0.000 0.000
27 CO(7) + X(1) <=> OCX(25) -0.000 -0.000
28 CX(26) + OX(20) <=> OCX(25) + X(1) 0.000 0.000
29 CH3OH(14) + X(1) <=> CH4OX(60) 0.000 0.000
30 C2H6(8) + X(1) <=> C2H6X(52) 0.000 0.000
31 CO(7) + X(1) <=> COX(50) 0.000 0.000
32 C2H4(47) + X(1) <=> C2H4X(205) 0.000 0.000
33 C2H4(18) + X(1) <=> C2H4X(65) 0.000 0.000
34 CH2O(9) + X(1) <=> CH2OX(54) 0.000 0.000
35 C2H2(334) + X(1) <=> C2H2X(360) 0.000 0.000
36 CO2(4) + X(1) <=> CO2X(24) 0.000 0.000
37 OCX(25) + OX(20) <=> CO2X(24) + X(1) 0.000 0.000
38 CO2X(24) + HX(19) <=> HOX(22) + OCX(25) 0.014 0.014
Finished sensitivity simulation for a C/O ratio of 0.6
Finished translating for C/O ratio of 0.6
Starting sensitivity simulation for a C/O ratio of 1.2
0 CH4(2) + X(1) <=> CH4X(48) -0.000 -0.000
1 O2(3) + 2 X(1) <=> 2 OX(20) -0.000 -0.001
2 H2(6) + 2 X(1) <=> 2 HX(19) 0.002 0.002
3 H(12) + X(1) <=> HX(19) 0.001 0.001
4 HX(19) + OX(20) <=> HOX(22) + X(1) -0.000 -0.000
5 H2O(5) + 2 X(1) <=> HOX(22) + HX(19) -0.000 -0.000
6 OH(17) + X(1) <=> HOX(22) -0.000 -0.000
7 CH4(2) + 2 X(1) <=> CH3X(21) + HX(19) -0.000 -0.001
8 CH4(2) + OX(20) + X(1) <=> CH3X(21) + HOX(22) -1.183 -1.971
9 C2H6(8) + 2 X(1) <=> 2 CH3X(21) -0.052 -0.107
10 CH3(10) + X(1) <=> CH3X(21) -0.006 -0.007
11 CH3OH(14) + 2 X(1) <=> CH3X(21) + HOX(22) 0.038 0.037
12 CH4(2) + HOX(22) + X(1) <=> CH3X(21) + H2OX(23) -0.002 -0.003
13 H2O(5) + X(1) <=> H2OX(23) -0.000 -0.000
14 H2OX(23) + OX(20) <=> 2 HOX(22) -0.082 -0.122
15 HOX(22) + HX(19) <=> H2OX(23) + X(1) -0.000 -0.000
16 H2(6) + X(1) <=> H2X(49) -0.000 -0.000
17 CH2X(27) + HX(19) <=> CH3X(21) + X(1) -0.059 -0.056
18 CH2X(27) + HOX(22) <=> CH3X(21) + OX(20) -0.022 -0.020
19 CHX(28) + HX(19) <=> CH2X(27) + X(1) 0.000 0.000
20 CHX(28) + HOX(22) <=> CH2X(27) + OX(20) -0.000 -0.000
21 2 CH2X(27) <=> CH3X(21) + CHX(28) -0.000 -0.000
22 CHX(28) + X(1) <=> CX(26) + HX(19) -0.000 -0.000
23 CX(26) + H2(6) <=> CH2X(27) -0.000 -0.000
24 CX(26) + HOX(22) <=> CHX(28) + OX(20) -0.000 -0.000
25 CH3X(21) + CX(26) <=> CH2X(27) + CHX(28) -0.000 -0.000
26 CH2X(27) + CX(26) <=> 2 CHX(28) -0.000 -0.000
27 CO(7) + X(1) <=> OCX(25) -0.000 -0.000
28 CX(26) + OX(20) <=> OCX(25) + X(1) 0.000 0.000
29 CH3OH(14) + X(1) <=> CH4OX(60) -0.000 -0.000
30 C2H6(8) + X(1) <=> C2H6X(52) -0.000 -0.000
31 CO(7) + X(1) <=> COX(50) -0.000 -0.000
32 C2H4(47) + X(1) <=> C2H4X(205) -0.000 -0.000
33 C2H4(18) + X(1) <=> C2H4X(65) -0.000 -0.000
34 CH2O(9) + X(1) <=> CH2OX(54) -0.000 -0.000
35 C2H2(334) + X(1) <=> C2H2X(360) -0.000 -0.000
36 CO2(4) + X(1) <=> CO2X(24) -0.000 -0.000
37 OCX(25) + OX(20) <=> CO2X(24) + X(1) -0.000 -0.000
38 CO2X(24) + HX(19) <=> HOX(22) + OCX(25) 0.026 0.026
Finished sensitivity simulation for a C/O ratio of 1.2
Finished translating for C/O ratio of 1.2
Starting sensitivity simulation for a C/O ratio of 1.3
0 CH4(2) + X(1) <=> CH4X(48) 0.000 0.000
1 O2(3) + 2 X(1) <=> 2 OX(20) -0.000 -0.001
2 H2(6) + 2 X(1) <=> 2 HX(19) 0.002 0.002
3 H(12) + X(1) <=> HX(19) 0.001 0.001
4 HX(19) + OX(20) <=> HOX(22) + X(1) -0.000 -0.000
5 H2O(5) + 2 X(1) <=> HOX(22) + HX(19) -0.000 -0.000
6 OH(17) + X(1) <=> HOX(22) -0.000 -0.000
7 CH4(2) + 2 X(1) <=> CH3X(21) + HX(19) -0.000 -0.001
8 CH4(2) + OX(20) + X(1) <=> CH3X(21) + HOX(22) -1.188 -1.973
9 C2H6(8) + 2 X(1) <=> 2 CH3X(21) -0.051 -0.106
10 CH3(10) + X(1) <=> CH3X(21) -0.006 -0.007
11 CH3OH(14) + 2 X(1) <=> CH3X(21) + HOX(22) 0.037 0.036
12 CH4(2) + HOX(22) + X(1) <=> CH3X(21) + H2OX(23) -0.002 -0.003
13 H2O(5) + X(1) <=> H2OX(23) -0.000 -0.000
14 H2OX(23) + OX(20) <=> 2 HOX(22) -0.083 -0.123
15 HOX(22) + HX(19) <=> H2OX(23) + X(1) 0.000 0.000
16 H2(6) + X(1) <=> H2X(49) 0.000 0.000
17 CH2X(27) + HX(19) <=> CH3X(21) + X(1) -0.062 -0.058
18 CH2X(27) + HOX(22) <=> CH3X(21) + OX(20) -0.022 -0.020
19 CHX(28) + HX(19) <=> CH2X(27) + X(1) 0.000 0.000
20 CHX(28) + HOX(22) <=> CH2X(27) + OX(20) -0.000 -0.000
21 2 CH2X(27) <=> CH3X(21) + CHX(28) 0.000 0.000
22 CHX(28) + X(1) <=> CX(26) + HX(19) 0.000 0.000
23 CX(26) + H2(6) <=> CH2X(27) 0.000 0.000
24 CX(26) + HOX(22) <=> CHX(28) + OX(20) 0.000 0.000
25 CH3X(21) + CX(26) <=> CH2X(27) + CHX(28) -0.000 -0.000
26 CH2X(27) + CX(26) <=> 2 CHX(28) 0.000 0.000
27 CO(7) + X(1) <=> OCX(25) -0.000 -0.000
28 CX(26) + OX(20) <=> OCX(25) + X(1) 0.000 0.000
29 CH3OH(14) + X(1) <=> CH4OX(60) 0.000 0.000
30 C2H6(8) + X(1) <=> C2H6X(52) 0.000 0.000
31 CO(7) + X(1) <=> COX(50) -0.000 -0.000
32 C2H4(47) + X(1) <=> C2H4X(205) 0.000 0.000
33 C2H4(18) + X(1) <=> C2H4X(65) -0.000 -0.000
34 CH2O(9) + X(1) <=> CH2OX(54) 0.000 0.000
35 C2H2(334) + X(1) <=> C2H2X(360) 0.000 0.000
36 CO2(4) + X(1) <=> CO2X(24) 0.000 0.000
37 OCX(25) + OX(20) <=> CO2X(24) + X(1) 0.000 -0.000
38 CO2X(24) + HX(19) <=> HOX(22) + OCX(25) 0.027 0.027
Finished sensitivity simulation for a C/O ratio of 1.3
Finished translating for C/O ratio of 1.3
Starting sensitivity simulation for a C/O ratio of 1.0
0 CH4(2) + X(1) <=> CH4X(48) -0.000 -0.000
1 O2(3) + 2 X(1) <=> 2 OX(20) -0.000 -0.001
2 H2(6) + 2 X(1) <=> 2 HX(19) 0.001 0.001
3 H(12) + X(1) <=> HX(19) 0.001 0.001
4 HX(19) + OX(20) <=> HOX(22) + X(1) -0.000 -0.000
5 H2O(5) + 2 X(1) <=> HOX(22) + HX(19) -0.000 -0.000
6 OH(17) + X(1) <=> HOX(22) -0.000 -0.000
7 CH4(2) + 2 X(1) <=> CH3X(21) + HX(19) -0.000 -0.001
8 CH4(2) + OX(20) + X(1) <=> CH3X(21) + HOX(22) -1.173 -1.966
9 C2H6(8) + 2 X(1) <=> 2 CH3X(21) -0.056 -0.111
10 CH3(10) + X(1) <=> CH3X(21) -0.006 -0.007
11 CH3OH(14) + 2 X(1) <=> CH3X(21) + HOX(22) 0.041 0.039
12 CH4(2) + HOX(22) + X(1) <=> CH3X(21) + H2OX(23) -0.002 -0.003
13 H2O(5) + X(1) <=> H2OX(23) -0.000 -0.000
14 H2OX(23) + OX(20) <=> 2 HOX(22) -0.081 -0.121
15 HOX(22) + HX(19) <=> H2OX(23) + X(1) 0.000 0.000
16 H2(6) + X(1) <=> H2X(49) 0.000 0.000
17 CH2X(27) + HX(19) <=> CH3X(21) + X(1) -0.053 -0.051
18 CH2X(27) + HOX(22) <=> CH3X(21) + OX(20) -0.022 -0.020
19 CHX(28) + HX(19) <=> CH2X(27) + X(1) 0.000 0.000
20 CHX(28) + HOX(22) <=> CH2X(27) + OX(20) -0.000 -0.000
21 2 CH2X(27) <=> CH3X(21) + CHX(28) -0.000 -0.000
22 CHX(28) + X(1) <=> CX(26) + HX(19) 0.000 0.000
23 CX(26) + H2(6) <=> CH2X(27) 0.000 0.000
24 CX(26) + HOX(22) <=> CHX(28) + OX(20) -0.000 -0.000
25 CH3X(21) + CX(26) <=> CH2X(27) + CHX(28) -0.000 -0.000
26 CH2X(27) + CX(26) <=> 2 CHX(28) -0.000 -0.000
27 CO(7) + X(1) <=> OCX(25) -0.000 -0.000
28 CX(26) + OX(20) <=> OCX(25) + X(1) 0.000 0.000
29 CH3OH(14) + X(1) <=> CH4OX(60) 0.000 0.000
30 C2H6(8) + X(1) <=> C2H6X(52) 0.000 0.000
31 CO(7) + X(1) <=> COX(50) 0.000 -0.000
32 C2H4(47) + X(1) <=> C2H4X(205) -0.000 -0.000
33 C2H4(18) + X(1) <=> C2H4X(65) -0.000 -0.000
34 CH2O(9) + X(1) <=> CH2OX(54) -0.000 -0.000
35 C2H2(334) + X(1) <=> C2H2X(360) 0.000 0.000
36 CO2(4) + X(1) <=> CO2X(24) -0.000 -0.000
37 OCX(25) + OX(20) <=> CO2X(24) + X(1) -0.000 -0.000
38 CO2X(24) + HX(19) <=> HOX(22) + OCX(25) 0.023 0.023
Finished sensitivity simulation for a C/O ratio of 1.0
Finished translating for C/O ratio of 1.0
Starting sensitivity simulation for a C/O ratio of 0.9
0 CH4(2) + X(1) <=> CH4X(48) -0.000 -0.000
1 O2(3) + 2 X(1) <=> 2 OX(20) -0.000 -0.001
2 H2(6) + 2 X(1) <=> 2 HX(19) 0.001 0.001
3 H(12) + X(1) <=> HX(19) 0.001 0.001
4 HX(19) + OX(20) <=> HOX(22) + X(1) -0.000 -0.000
5 H2O(5) + 2 X(1) <=> HOX(22) + HX(19) -0.000 -0.000
6 OH(17) + X(1) <=> HOX(22) -0.000 -0.000
7 CH4(2) + 2 X(1) <=> CH3X(21) + HX(19) -0.000 -0.001
8 CH4(2) + OX(20) + X(1) <=> CH3X(21) + HOX(22) -1.173 -1.968
9 C2H6(8) + 2 X(1) <=> 2 CH3X(21) -0.058 -0.113
10 CH3(10) + X(1) <=> CH3X(21) -0.006 -0.006
11 CH3OH(14) + 2 X(1) <=> CH3X(21) + HOX(22) 0.043 0.041
12 CH4(2) + HOX(22) + X(1) <=> CH3X(21) + H2OX(23) -0.002 -0.003
13 H2O(5) + X(1) <=> H2OX(23) -0.000 -0.000
14 H2OX(23) + OX(20) <=> 2 HOX(22) -0.081 -0.120
15 HOX(22) + HX(19) <=> H2OX(23) + X(1) -0.000 0.000
16 H2(6) + X(1) <=> H2X(49) -0.000 -0.000
17 CH2X(27) + HX(19) <=> CH3X(21) + X(1) -0.050 -0.048
18 CH2X(27) + HOX(22) <=> CH3X(21) + OX(20) -0.022 -0.020
19 CHX(28) + HX(19) <=> CH2X(27) + X(1) 0.000 0.000
20 CHX(28) + HOX(22) <=> CH2X(27) + OX(20) -0.000 -0.000
21 2 CH2X(27) <=> CH3X(21) + CHX(28) -0.000 -0.000
22 CHX(28) + X(1) <=> CX(26) + HX(19) -0.000 -0.000
23 CX(26) + H2(6) <=> CH2X(27) -0.000 -0.000
24 CX(26) + HOX(22) <=> CHX(28) + OX(20) -0.000 -0.000
25 CH3X(21) + CX(26) <=> CH2X(27) + CHX(28) -0.000 -0.000
26 CH2X(27) + CX(26) <=> 2 CHX(28) -0.000 -0.000
27 CO(7) + X(1) <=> OCX(25) -0.000 -0.000
28 CX(26) + OX(20) <=> OCX(25) + X(1) 0.000 0.000
29 CH3OH(14) + X(1) <=> CH4OX(60) -0.000 -0.000
30 C2H6(8) + X(1) <=> C2H6X(52) -0.000 -0.000
31 CO(7) + X(1) <=> COX(50) -0.000 -0.000
32 C2H4(47) + X(1) <=> C2H4X(205) -0.000 0.000
33 C2H4(18) + X(1) <=> C2H4X(65) -0.000 -0.000
34 CH2O(9) + X(1) <=> CH2OX(54) -0.000 0.000
35 C2H2(334) + X(1) <=> C2H2X(360) -0.000 -0.000
36 CO2(4) + X(1) <=> CO2X(24) -0.000 -0.000
37 OCX(25) + OX(20) <=> CO2X(24) + X(1) -0.000 -0.000
38 CO2X(24) + HX(19) <=> HOX(22) + OCX(25) 0.021 0.021
Finished sensitivity simulation for a C/O ratio of 0.9
Finished translating for C/O ratio of 0.9
