This mechanism contains 38 gas reactions and 41 surface reactions
Finished simulation at a C/O ratio of 2.6
Finished simulation at a C/O ratio of 1.8
Finished simulation at a C/O ratio of 1.0
Finished simulation at a C/O ratio of 1.4
Finished simulation at a C/O ratio of 2.0
Finished simulation at a C/O ratio of 1.2
Finished simulation at a C/O ratio of 0.7
Finished simulation at a C/O ratio of 0.8
Finished simulation at a C/O ratio of 0.9
Finished simulation at a C/O ratio of 0.6
Finished simulation at a C/O ratio of 1.6
Finished simulation at a C/O ratio of 2.4
Finished simulation at a C/O ratio of 1.3
Finished simulation at a C/O ratio of 1.1
Finished simulation at a C/O ratio of 2.2
Starting sensitivity simulation for a C/O ratio of 2.6
0 CH4(2) + X(1) <=> CH4X(48) -52.846 -52.846
1 O2(3) + 2 X(1) <=> 2 OX(20) -3131.309 -3131.309
2 H2(6) + 2 X(1) <=> 2 HX(19) -14456.557 -1.006
3 H(12) + X(1) <=> HX(19) -14129.201 1.265
4 HX(19) + OX(20) <=> HOX(22) + X(1) -3205.817 -3205.817
5 H2O(5) + 2 X(1) <=> HOX(22) + HX(19) -65.087 -65.087
6 OH(17) + X(1) <=> HOX(22) -52.583 -52.583
7 CH4(2) + 2 X(1) <=> CH3X(21) + HX(19) -14128.399 1.271
8 CH4(2) + OX(20) + X(1) <=> CH3X(21) + HOX(22) -14188.295 0.855
9 C2H6(8) + 2 X(1) <=> 2 CH3X(21) -79.253 -79.253
10 CH3(10) + X(1) <=> CH3X(21) -76.124 -76.124
11 CH3OH(14) + 2 X(1) <=> CH3X(21) + HOX(22) -56.136 -56.136
12 CH2X(27) + HX(19) <=> CH3X(21) + X(1) -14142.854 1.170
13 CH2X(27) + HOX(22) <=> CH3X(21) + OX(20) -14128.724 1.268
14 CHX(28) + HX(19) <=> CH2X(27) + X(1) -14128.521 1.270
15 CHX(28) + HOX(22) <=> CH2X(27) + OX(20) -23336.296 -62.622
16 2 CH2X(27) <=> CH3X(21) + CHX(28) -69.948 -69.948
17 CHX(28) + X(1) <=> CX(26) + HX(19) -14133.925 1.232
18 CX(26) + H2(6) <=> CH2X(27) -14128.439 1.270
19 CX(26) + HOX(22) <=> CHX(28) + OX(20) -14168.063 0.995
20 CH3X(21) + CX(26) <=> CH2X(27) + CHX(28) -59.014 -59.014
21 CH2X(27) + CX(26) <=> 2 CHX(28) -14126.607 1.283
22 CO(7) + X(1) <=> OCX(25) -68.786 -68.786
23 CX(26) + OX(20) <=> OCX(25) + X(1) -7185.748 -7185.748
24 H2(6) + X(1) <=> H2X(49) -14188.376 0.854
25 CO(7) + X(1) <=> COX(50) -19564.374 -36.449
26 CH2O(9) + 2 X(1) <=> CHOX(53) + HX(19) -14128.540 1.270
27 HCO(15) + X(1) <=> CHOX(53) -380.931 -380.931
28 CH3CHO(16) + 2 X(1) <=> CH3X(21) + CHOX(53) -14181.241 0.904
29 CHOX(53) + X(1) <=> HX(19) + OCX(25) -14134.683 1.227
30 HOX(22) + OCX(25) <=> CHOX(53) + OX(20) -20026.217 -39.654
31 CH2X(27) + CHOX(53) <=> CH3X(21) + OCX(25) -2927.024 -2927.024
32 CHOX(53) + CHX(28) <=> CH2X(27) + OCX(25) -3075.238 -3075.238
33 CHOX(53) + CX(26) <=> CHX(28) + OCX(25) -21237.646 -48.060
34 CH4(2) + HOX(22) + X(1) <=> CH3X(21) + H2OX(23) -16559.269 -15.597
35 H2O(5) + X(1) <=> H2OX(23) -74.178 -74.178
36 CO2(4) + X(1) <=> CO2X(24) -20365.292 -42.006
37 OCX(25) + OX(20) <=> CO2X(24) + X(1) -57.641 -57.641
38 CO2X(24) + HX(19) <=> HOX(22) + OCX(25) -22055.651 -53.736
39 H2OX(23) + OX(20) <=> 2 HOX(22) -3678.191 -3678.191
40 HOX(22) + HX(19) <=> H2OX(23) + X(1) -14667.700 -2.472
Finished sensitivity simulation for a C/O ratio of 2.6
Finished translating for C/O ratio of 2.6
Starting sensitivity simulation for a C/O ratio of 2.0
0 CH4(2) + X(1) <=> CH4X(48) -14315.319 -0.026
1 O2(3) + 2 X(1) <=> 2 OX(20) -4703.032 0.017
2 H2(6) + 2 X(1) <=> 2 HX(19) -14305.705 0.040
3 H(12) + X(1) <=> HX(19) -0.031 -0.031
4 HX(19) + OX(20) <=> HOX(22) + X(1) -14344.387 -0.228
5 H2O(5) + 2 X(1) <=> HOX(22) + HX(19) -15091.909 -5.415
6 OH(17) + X(1) <=> HOX(22) -0.304 -0.304
7 CH4(2) + 2 X(1) <=> CH3X(21) + HX(19) -14373.985 -0.433
8 CH4(2) + OX(20) + X(1) <=> CH3X(21) + HOX(22) -14312.556 -0.007
9 C2H6(8) + 2 X(1) <=> 2 CH3X(21) 0.048 0.048
10 CH3(10) + X(1) <=> CH3X(21) -2785.425 -0.108
11 CH3OH(14) + 2 X(1) <=> CH3X(21) + HOX(22) -1190.232 -1190.232
12 CH2X(27) + HX(19) <=> CH3X(21) + X(1) -14668.161 -2.475
13 CH2X(27) + HOX(22) <=> CH3X(21) + OX(20) -46.648 -46.648
14 CHX(28) + HX(19) <=> CH2X(27) + X(1) -16376.234 -14.327
15 CHX(28) + HOX(22) <=> CH2X(27) + OX(20) -14415.128 -0.719
16 2 CH2X(27) <=> CH3X(21) + CHX(28) -14306.491 0.035
17 CHX(28) + X(1) <=> CX(26) + HX(19) -6353.094 -6353.094
18 CX(26) + H2(6) <=> CH2X(27) -0.042 -0.042
19 CX(26) + HOX(22) <=> CHX(28) + OX(20) -14378.265 -0.463
20 CH3X(21) + CX(26) <=> CH2X(27) + CHX(28) -14330.045 -0.129
21 CH2X(27) + CX(26) <=> 2 CHX(28) -0.160 -0.160
22 CO(7) + X(1) <=> OCX(25) -14921.951 -4.236
23 CX(26) + OX(20) <=> OCX(25) + X(1) -2065.334 -2065.334
24 H2(6) + X(1) <=> H2X(49) -3.582 -3.582
25 CO(7) + X(1) <=> COX(50) -14305.124 0.044
26 CH2O(9) + 2 X(1) <=> CHOX(53) + HX(19) -14505.362 -1.345
27 HCO(15) + X(1) <=> CHOX(53) -14305.399 0.042
28 CH3CHO(16) + 2 X(1) <=> CH3X(21) + CHOX(53) -3303.922 -3303.922
29 CHOX(53) + X(1) <=> HX(19) + OCX(25) -1251.091 -1251.091
30 HOX(22) + OCX(25) <=> CHOX(53) + OX(20) -56.868 -56.868
31 CH2X(27) + CHOX(53) <=> CH3X(21) + OCX(25) -55.629 -55.629
32 CHOX(53) + CHX(28) <=> CH2X(27) + OCX(25) -14995.367 -4.745
33 CHOX(53) + CX(26) <=> CHX(28) + OCX(25) -17952.262 -17952.262
34 CH4(2) + HOX(22) + X(1) <=> CH3X(21) + H2OX(23) -43.737 -43.737
35 H2O(5) + X(1) <=> H2OX(23) -3079.343 -3079.343
36 CO2(4) + X(1) <=> CO2X(24) -14309.531 0.014
37 OCX(25) + OX(20) <=> CO2X(24) + X(1) -42.139 -42.139
38 CO2X(24) + HX(19) <=> HOX(22) + OCX(25) -14305.408 0.042
39 H2OX(23) + OX(20) <=> 2 HOX(22) -51.307 -51.307
40 HOX(22) + HX(19) <=> H2OX(23) + X(1) -56.704 -56.704
Finished sensitivity simulation for a C/O ratio of 2.0
Finished translating for C/O ratio of 2.0
Starting sensitivity simulation for a C/O ratio of 1.0
0 CH4(2) + X(1) <=> CH4X(48) -284.675 -284.675
1 O2(3) + 2 X(1) <=> 2 OX(20) 94.522 94.522
2 H2(6) + 2 X(1) <=> 2 HX(19) 96.159 96.159
3 H(12) + X(1) <=> HX(19) 96.160 96.160
4 HX(19) + OX(20) <=> HOX(22) + X(1) 96.146 96.146
5 H2O(5) + 2 X(1) <=> HOX(22) + HX(19) 96.164 96.164
6 OH(17) + X(1) <=> HOX(22) -3.043 -3.043
7 CH4(2) + 2 X(1) <=> CH3X(21) + HX(19) 92.988 92.988
8 CH4(2) + OX(20) + X(1) <=> CH3X(21) + HOX(22) 59.759 59.759
9 C2H6(8) + 2 X(1) <=> 2 CH3X(21) -54.922 -54.922
10 CH3(10) + X(1) <=> CH3X(21) 95.987 95.987
11 CH3OH(14) + 2 X(1) <=> CH3X(21) + HOX(22) 45.091 45.091
12 CH2X(27) + HX(19) <=> CH3X(21) + X(1) 96.166 96.166
13 CH2X(27) + HOX(22) <=> CH3X(21) + OX(20) 92.228 92.228
14 CHX(28) + HX(19) <=> CH2X(27) + X(1) 93.337 93.337
15 CHX(28) + HOX(22) <=> CH2X(27) + OX(20) 93.853 93.853
16 2 CH2X(27) <=> CH3X(21) + CHX(28) 95.122 95.122
17 CHX(28) + X(1) <=> CX(26) + HX(19) -252.425 -252.425
18 CX(26) + H2(6) <=> CH2X(27) 96.162 96.162
19 CX(26) + HOX(22) <=> CHX(28) + OX(20) 91.699 91.699
20 CH3X(21) + CX(26) <=> CH2X(27) + CHX(28) 96.166 96.166
21 CH2X(27) + CX(26) <=> 2 CHX(28) 94.612 94.612
22 CO(7) + X(1) <=> OCX(25) 96.137 96.137
23 CX(26) + OX(20) <=> OCX(25) + X(1) 95.861 95.861
24 H2(6) + X(1) <=> H2X(49) 53.211 53.211
25 CO(7) + X(1) <=> COX(50) -319.893 95.630
26 CH2O(9) + 2 X(1) <=> CHOX(53) + HX(19) 95.831 95.831
27 HCO(15) + X(1) <=> CHOX(53) 93.632 93.632
28 CH3CHO(16) + 2 X(1) <=> CH3X(21) + CHOX(53) 92.884 92.884
29 CHOX(53) + X(1) <=> HX(19) + OCX(25) 96.150 96.150
30 HOX(22) + OCX(25) <=> CHOX(53) + OX(20) 86.246 86.246
31 CH2X(27) + CHOX(53) <=> CH3X(21) + OCX(25) 93.867 93.867
32 CHOX(53) + CHX(28) <=> CH2X(27) + OCX(25) 93.139 93.139
33 CHOX(53) + CX(26) <=> CHX(28) + OCX(25) 96.166 96.166
34 CH4(2) + HOX(22) + X(1) <=> CH3X(21) + H2OX(23) 95.989 95.989
35 H2O(5) + X(1) <=> H2OX(23) 96.151 96.151
36 CO2(4) + X(1) <=> CO2X(24) 96.096 96.096
37 OCX(25) + OX(20) <=> CO2X(24) + X(1) 96.166 96.166
38 CO2X(24) + HX(19) <=> HOX(22) + OCX(25) 93.682 93.682
39 H2OX(23) + OX(20) <=> 2 HOX(22) 96.165 96.165
40 HOX(22) + HX(19) <=> H2OX(23) + X(1) 96.118 96.118
Finished sensitivity simulation for a C/O ratio of 1.0
Finished translating for C/O ratio of 1.0
Starting sensitivity simulation for a C/O ratio of 2.2
0 CH4(2) + X(1) <=> CH4X(48) -14311.293 0.002
1 O2(3) + 2 X(1) <=> 2 OX(20) -13011.715 -13011.715
2 H2(6) + 2 X(1) <=> 2 HX(19) -14310.742 0.005
3 H(12) + X(1) <=> HX(19) -2102.516 -2102.516
4 HX(19) + OX(20) <=> HOX(22) + X(1) -54.888 -54.888
5 H2O(5) + 2 X(1) <=> HOX(22) + HX(19) -14310.683 0.006
6 OH(17) + X(1) <=> HOX(22) -14310.719 0.006
7 CH4(2) + 2 X(1) <=> CH3X(21) + HX(19) -825.557 -825.557
8 CH4(2) + OX(20) + X(1) <=> CH3X(21) + HOX(22) -9552.524 -9552.524
9 C2H6(8) + 2 X(1) <=> 2 CH3X(21) -14310.040 0.010
10 CH3(10) + X(1) <=> CH3X(21) -14311.166 0.002
11 CH3OH(14) + 2 X(1) <=> CH3X(21) + HOX(22) -14328.714 -0.119
12 CH2X(27) + HX(19) <=> CH3X(21) + X(1) -72.806 -72.806
13 CH2X(27) + HOX(22) <=> CH3X(21) + OX(20) -25652.221 -25652.221
14 CHX(28) + HX(19) <=> CH2X(27) + X(1) -594.803 -594.803
15 CHX(28) + HOX(22) <=> CH2X(27) + OX(20) -21992.676 -53.299
16 2 CH2X(27) <=> CH3X(21) + CHX(28) -3224.217 -3224.217
17 CHX(28) + X(1) <=> CX(26) + HX(19) -20097.074 -40.145
18 CX(26) + H2(6) <=> CH2X(27) -14826.397 -3.573
19 CX(26) + HOX(22) <=> CHX(28) + OX(20) -14310.648 0.006
20 CH3X(21) + CX(26) <=> CH2X(27) + CHX(28) -2038.871 -2038.871
21 CH2X(27) + CX(26) <=> 2 CHX(28) -16033.558 -11.949
22 CO(7) + X(1) <=> OCX(25) -1242.169 -1242.169
23 CX(26) + OX(20) <=> OCX(25) + X(1) -1957.408 -1957.408
24 H2(6) + X(1) <=> H2X(49) -3503.756 -3503.756
25 CO(7) + X(1) <=> COX(50) -52.511 -52.511
26 CH2O(9) + 2 X(1) <=> CHOX(53) + HX(19) -14769.018 -3.175
27 HCO(15) + X(1) <=> CHOX(53) -15664.089 -9.385
28 CH3CHO(16) + 2 X(1) <=> CH3X(21) + CHOX(53) -18755.770 -18755.770
29 CHOX(53) + X(1) <=> HX(19) + OCX(25) -14488.195 -1.226
30 HOX(22) + OCX(25) <=> CHOX(53) + OX(20) -66.183 -66.183
31 CH2X(27) + CHOX(53) <=> CH3X(21) + OCX(25) -2820.011 -1.308
32 CHOX(53) + CHX(28) <=> CH2X(27) + OCX(25) -14537.025 -1.565
33 CHOX(53) + CX(26) <=> CHX(28) + OCX(25) -58.094 -58.094
34 CH4(2) + HOX(22) + X(1) <=> CH3X(21) + H2OX(23) -8707.250 -8707.250
35 H2O(5) + X(1) <=> H2OX(23) -16294.979 -13.763
36 CO2(4) + X(1) <=> CO2X(24) -37640.679 -37640.679
37 OCX(25) + OX(20) <=> CO2X(24) + X(1) -10186.525 -10186.525
38 CO2X(24) + HX(19) <=> HOX(22) + OCX(25) -66.221 -66.221
39 H2OX(23) + OX(20) <=> 2 HOX(22) -1843.206 -1843.206
40 HOX(22) + HX(19) <=> H2OX(23) + X(1) -14310.585 0.006
Finished sensitivity simulation for a C/O ratio of 2.2
Finished translating for C/O ratio of 2.2
Starting sensitivity simulation for a C/O ratio of 1.4
0 CH4(2) + X(1) <=> CH4X(48) -49.530 -49.530
1 O2(3) + 2 X(1) <=> 2 OX(20) 4.385 4.385
2 H2(6) + 2 X(1) <=> 2 HX(19) -6615.209 -6615.209
3 H(12) + X(1) <=> HX(19) 31.231 31.231
4 HX(19) + OX(20) <=> HOX(22) + X(1) -2304.496 41.604
5 H2O(5) + 2 X(1) <=> HOX(22) + HX(19) -5509.568 41.614
6 OH(17) + X(1) <=> HOX(22) -5509.781 41.611
7 CH4(2) + 2 X(1) <=> CH3X(21) + HX(19) -4121.829 41.410
8 CH4(2) + OX(20) + X(1) <=> CH3X(21) + HOX(22) -2317.822 41.280
9 C2H6(8) + 2 X(1) <=> 2 CH3X(21) -9164.247 3.575
10 CH3(10) + X(1) <=> CH3X(21) -4107.312 41.612
11 CH3OH(14) + 2 X(1) <=> CH3X(21) + HOX(22) -6.109 -6.109
12 CH2X(27) + HX(19) <=> CH3X(21) + X(1) -13651.077 4.583
13 CH2X(27) + HOX(22) <=> CH3X(21) + OX(20) -12460.757 12.842
14 CHX(28) + HX(19) <=> CH2X(27) + X(1) 7.764 7.764
15 CHX(28) + HOX(22) <=> CH2X(27) + OX(20) 13.507 13.507
16 2 CH2X(27) <=> CH3X(21) + CHX(28) -2342.213 40.688
17 CHX(28) + X(1) <=> CX(26) + HX(19) 0.857 0.857
18 CX(26) + H2(6) <=> CH2X(27) -5660.678 40.041
19 CX(26) + HOX(22) <=> CHX(28) + OX(20) -35.079 -35.079
20 CH3X(21) + CX(26) <=> CH2X(27) + CHX(28) -2304.048 41.615
21 CH2X(27) + CX(26) <=> 2 CHX(28) -2616.844 -2616.844
22 CO(7) + X(1) <=> OCX(25) -2321.224 41.198
23 CX(26) + OX(20) <=> OCX(25) + X(1) -14384.275 -0.505
24 H2(6) + X(1) <=> H2X(49) -5520.888 41.496
25 CO(7) + X(1) <=> COX(50) 7.645 7.645
26 CH2O(9) + 2 X(1) <=> CHOX(53) + HX(19) -9181.808 3.392
27 HCO(15) + X(1) <=> CHOX(53) -2304.684 41.600
28 CH3CHO(16) + 2 X(1) <=> CH3X(21) + CHOX(53) -5.275 -5.275
29 CHOX(53) + X(1) <=> HX(19) + OCX(25) -2305.500 41.580
30 HOX(22) + OCX(25) <=> CHOX(53) + OX(20) -5509.617 41.613
31 CH2X(27) + CHOX(53) <=> CH3X(21) + OCX(25) -2305.298 41.585
32 CHOX(53) + CHX(28) <=> CH2X(27) + OCX(25) -5509.571 41.614
33 CHOX(53) + CX(26) <=> CHX(28) + OCX(25) -2303.952 41.617
34 CH4(2) + HOX(22) + X(1) <=> CH3X(21) + H2OX(23) -9585.020 -0.805
35 H2O(5) + X(1) <=> H2OX(23) -2304.047 41.615
36 CO2(4) + X(1) <=> CO2X(24) -5509.588 41.613
37 OCX(25) + OX(20) <=> CO2X(24) + X(1) -5510.763 41.601
38 CO2X(24) + HX(19) <=> HOX(22) + OCX(25) -9006.366 5.218
39 H2OX(23) + OX(20) <=> 2 HOX(22) -2305.397 41.582
40 HOX(22) + HX(19) <=> H2OX(23) + X(1) -2314.010 41.373
Finished sensitivity simulation for a C/O ratio of 1.4
Finished translating for C/O ratio of 1.4
Starting sensitivity simulation for a C/O ratio of 1.6
0 CH4(2) + X(1) <=> CH4X(48) 95.476 95.476
1 O2(3) + 2 X(1) <=> 2 OX(20) 95.552 95.552
2 H2(6) + 2 X(1) <=> 2 HX(19) 93.333 93.333
3 H(12) + X(1) <=> HX(19) 92.289 92.289
4 HX(19) + OX(20) <=> HOX(22) + X(1) 93.334 93.334
5 H2O(5) + 2 X(1) <=> HOX(22) + HX(19) 92.344 92.344
6 OH(17) + X(1) <=> HOX(22) 95.555 95.555
7 CH4(2) + 2 X(1) <=> CH3X(21) + HX(19) 95.555 95.555
8 CH4(2) + OX(20) + X(1) <=> CH3X(21) + HOX(22) 0.048 0.048
9 C2H6(8) + 2 X(1) <=> 2 CH3X(21) 92.143 92.143
10 CH3(10) + X(1) <=> CH3X(21) 95.555 95.555
11 CH3OH(14) + 2 X(1) <=> CH3X(21) + HOX(22) -3.343 -3.343
12 CH2X(27) + HX(19) <=> CH3X(21) + X(1) -102.187 -102.187
13 CH2X(27) + HOX(22) <=> CH3X(21) + OX(20) 92.925 92.925
14 CHX(28) + HX(19) <=> CH2X(27) + X(1) 91.587 91.587
15 CHX(28) + HOX(22) <=> CH2X(27) + OX(20) 94.894 94.894
16 2 CH2X(27) <=> CH3X(21) + CHX(28) 95.553 95.553
17 CHX(28) + X(1) <=> CX(26) + HX(19) 95.510 95.510
18 CX(26) + H2(6) <=> CH2X(27) 93.094 93.094
19 CX(26) + HOX(22) <=> CHX(28) + OX(20) 92.665 92.665
20 CH3X(21) + CX(26) <=> CH2X(27) + CHX(28) -10.858 -10.858
21 CH2X(27) + CX(26) <=> 2 CHX(28) 95.552 95.552
22 CO(7) + X(1) <=> OCX(25) 95.556 95.556
23 CX(26) + OX(20) <=> OCX(25) + X(1) -28.147 95.554
24 H2(6) + X(1) <=> H2X(49) -556.484 95.445
25 CO(7) + X(1) <=> COX(50) 20.207 20.207
26 CH2O(9) + 2 X(1) <=> CHOX(53) + HX(19) 95.455 95.455
27 HCO(15) + X(1) <=> CHOX(53) -61.987 95.504
28 CH3CHO(16) + 2 X(1) <=> CH3X(21) + CHOX(53) 92.263 92.263
29 CHOX(53) + X(1) <=> HX(19) + OCX(25) 93.559 93.559
30 HOX(22) + OCX(25) <=> CHOX(53) + OX(20) 95.555 95.555
31 CH2X(27) + CHOX(53) <=> CH3X(21) + OCX(25) 95.451 95.451
32 CHOX(53) + CHX(28) <=> CH2X(27) + OCX(25) 95.554 95.554
33 CHOX(53) + CX(26) <=> CHX(28) + OCX(25) 95.555 95.555
34 CH4(2) + HOX(22) + X(1) <=> CH3X(21) + H2OX(23) 92.426 92.426
35 H2O(5) + X(1) <=> H2OX(23) 94.379 94.379
36 CO2(4) + X(1) <=> CO2X(24) -73.883 -73.883
37 OCX(25) + OX(20) <=> CO2X(24) + X(1) 95.554 95.554
38 CO2X(24) + HX(19) <=> HOX(22) + OCX(25) 94.655 94.655
39 H2OX(23) + OX(20) <=> 2 HOX(22) -174.556 -174.556
40 HOX(22) + HX(19) <=> H2OX(23) + X(1) 95.544 95.544
Finished sensitivity simulation for a C/O ratio of 1.6
Finished translating for C/O ratio of 1.6
Starting sensitivity simulation for a C/O ratio of 2.4
0 CH4(2) + X(1) <=> CH4X(48) 1.062 1.062
1 O2(3) + 2 X(1) <=> 2 OX(20) -12.640 -12.640
2 H2(6) + 2 X(1) <=> 2 HX(19) -110.168 19.792
3 H(12) + X(1) <=> HX(19) -2211.104 35.854
4 HX(19) + OX(20) <=> HOX(22) + X(1) -3308.945 -3308.945
5 H2O(5) + 2 X(1) <=> HOX(22) + HX(19) -2321.581 32.788
6 OH(17) + X(1) <=> HOX(22) -2210.963 35.858
7 CH4(2) + 2 X(1) <=> CH3X(21) + HX(19) -2210.939 35.859
8 CH4(2) + OX(20) + X(1) <=> CH3X(21) + HOX(22) -1047.886 -1047.886
9 C2H6(8) + 2 X(1) <=> 2 CH3X(21) -2210.713 35.865
10 CH3(10) + X(1) <=> CH3X(21) -5.550 -5.550
11 CH3OH(14) + 2 X(1) <=> CH3X(21) + HOX(22) -6.065 -6.065
12 CH2X(27) + HX(19) <=> CH3X(21) + X(1) -2210.807 35.862
13 CH2X(27) + HOX(22) <=> CH3X(21) + OX(20) -3.667 -3.667
14 CHX(28) + HX(19) <=> CH2X(27) + X(1) -1346.180 -1346.180
15 CHX(28) + HOX(22) <=> CH2X(27) + OX(20) -2210.871 35.860
16 2 CH2X(27) <=> CH3X(21) + CHX(28) -3397.010 -3397.010
17 CHX(28) + X(1) <=> CX(26) + HX(19) -2234.705 35.199
18 CX(26) + H2(6) <=> CH2X(27) -2247.718 34.838
19 CX(26) + HOX(22) <=> CHX(28) + OX(20) -7.980 -7.980
20 CH3X(21) + CX(26) <=> CH2X(27) + CHX(28) -2212.067 35.827
21 CH2X(27) + CX(26) <=> 2 CHX(28) -2851.430 -2851.430
22 CO(7) + X(1) <=> OCX(25) -11.064 -11.064
23 CX(26) + OX(20) <=> OCX(25) + X(1) -2210.657 35.866
24 H2(6) + X(1) <=> H2X(49) -2210.989 35.857
25 CO(7) + X(1) <=> COX(50) -2213.171 35.797
26 CH2O(9) + 2 X(1) <=> CHOX(53) + HX(19) -2.527 -2.527
27 HCO(15) + X(1) <=> CHOX(53) -2210.990 35.857
28 CH3CHO(16) + 2 X(1) <=> CH3X(21) + CHOX(53) -2214.074 35.772
29 CHOX(53) + X(1) <=> HX(19) + OCX(25) 6.901 6.901
30 HOX(22) + OCX(25) <=> CHOX(53) + OX(20) -523.862 -523.862
31 CH2X(27) + CHOX(53) <=> CH3X(21) + OCX(25) -7708.112 -7708.112
32 CHOX(53) + CHX(28) <=> CH2X(27) + OCX(25) -2211.092 35.854
33 CHOX(53) + CX(26) <=> CHX(28) + OCX(25) -12067.906 -12067.906
34 CH4(2) + HOX(22) + X(1) <=> CH3X(21) + H2OX(23) -0.359 -0.359
35 H2O(5) + X(1) <=> H2OX(23) -2210.538 35.870
36 CO2(4) + X(1) <=> CO2X(24) -13.147 -13.147
37 OCX(25) + OX(20) <=> CO2X(24) + X(1) -2812.740 -2812.740
38 CO2X(24) + HX(19) <=> HOX(22) + OCX(25) -2255.709 34.616
39 H2OX(23) + OX(20) <=> 2 HOX(22) -928.313 35.782
40 HOX(22) + HX(19) <=> H2OX(23) + X(1) -5787.006 -5787.006
Finished sensitivity simulation for a C/O ratio of 2.4
Finished translating for C/O ratio of 2.4
Starting sensitivity simulation for a C/O ratio of 1.2
0 CH4(2) + X(1) <=> CH4X(48) 94.956 94.956
1 O2(3) + 2 X(1) <=> 2 OX(20) 94.902 94.902
2 H2(6) + 2 X(1) <=> 2 HX(19) 94.957 94.957
3 H(12) + X(1) <=> HX(19) 94.973 94.973
4 HX(19) + OX(20) <=> HOX(22) + X(1) 94.912 94.912
5 H2O(5) + 2 X(1) <=> HOX(22) + HX(19) 94.975 94.975
6 OH(17) + X(1) <=> HOX(22) 94.977 94.977
7 CH4(2) + 2 X(1) <=> CH3X(21) + HX(19) 93.970 93.970
8 CH4(2) + OX(20) + X(1) <=> CH3X(21) + HOX(22) 94.971 94.971
9 C2H6(8) + 2 X(1) <=> 2 CH3X(21) 90.744 90.744
10 CH3(10) + X(1) <=> CH3X(21) 91.524 91.524
11 CH3OH(14) + 2 X(1) <=> CH3X(21) + HOX(22) 94.978 94.978
12 CH2X(27) + HX(19) <=> CH3X(21) + X(1) -834.102 -834.102
13 CH2X(27) + HOX(22) <=> CH3X(21) + OX(20) 93.207 93.207
14 CHX(28) + HX(19) <=> CH2X(27) + X(1) 91.237 91.237
15 CHX(28) + HOX(22) <=> CH2X(27) + OX(20) 35.346 35.346
16 2 CH2X(27) <=> CH3X(21) + CHX(28) 94.955 94.955
17 CHX(28) + X(1) <=> CX(26) + HX(19) 94.979 94.979
18 CX(26) + H2(6) <=> CH2X(27) 93.682 93.682
19 CX(26) + HOX(22) <=> CHX(28) + OX(20) 94.980 94.980
20 CH3X(21) + CX(26) <=> CH2X(27) + CHX(28) 92.195 92.195
21 CH2X(27) + CX(26) <=> 2 CHX(28) -241.499 -241.499
22 CO(7) + X(1) <=> OCX(25) 94.937 94.937
23 CX(26) + OX(20) <=> OCX(25) + X(1) -669.562 94.660
24 H2(6) + X(1) <=> H2X(49) 62.351 62.351
25 CO(7) + X(1) <=> COX(50) 94.920 94.920
26 CH2O(9) + 2 X(1) <=> CHOX(53) + HX(19) 91.436 91.436
27 HCO(15) + X(1) <=> CHOX(53) 93.848 93.848
28 CH3CHO(16) + 2 X(1) <=> CH3X(21) + CHOX(53) 90.403 90.403
29 CHOX(53) + X(1) <=> HX(19) + OCX(25) 10.378 10.378
30 HOX(22) + OCX(25) <=> CHOX(53) + OX(20) 94.973 94.973
31 CH2X(27) + CHOX(53) <=> CH3X(21) + OCX(25) 47.548 47.548
32 CHOX(53) + CHX(28) <=> CH2X(27) + OCX(25) 91.344 91.344
33 CHOX(53) + CX(26) <=> CHX(28) + OCX(25) 94.979 94.979
34 CH4(2) + HOX(22) + X(1) <=> CH3X(21) + H2OX(23) 90.502 90.502
35 H2O(5) + X(1) <=> H2OX(23) 90.682 90.682
36 CO2(4) + X(1) <=> CO2X(24) 64.246 64.246
37 OCX(25) + OX(20) <=> CO2X(24) + X(1) 94.904 94.904
38 CO2X(24) + HX(19) <=> HOX(22) + OCX(25) -39.134 -39.134
39 H2OX(23) + OX(20) <=> 2 HOX(22) 94.979 94.979
40 HOX(22) + HX(19) <=> H2OX(23) + X(1) 91.528 91.528
Finished sensitivity simulation for a C/O ratio of 1.2
Finished translating for C/O ratio of 1.2
Starting sensitivity simulation for a C/O ratio of 1.3
0 CH4(2) + X(1) <=> CH4X(48) -30.488 -30.488
1 O2(3) + 2 X(1) <=> 2 OX(20) 21.897 21.897
2 H2(6) + 2 X(1) <=> 2 HX(19) 21.286 21.286
3 H(12) + X(1) <=> HX(19) -30.176 -30.176
4 HX(19) + OX(20) <=> HOX(22) + X(1) -25415.134 -25415.134
5 H2O(5) + 2 X(1) <=> HOX(22) + HX(19) -6.336 -6.336
6 OH(17) + X(1) <=> HOX(22) 21.915 21.915
7 CH4(2) + 2 X(1) <=> CH3X(21) + HX(19) -32204.871 -32204.871
8 CH4(2) + OX(20) + X(1) <=> CH3X(21) + HOX(22) -31.101 -31.101
9 C2H6(8) + 2 X(1) <=> 2 CH3X(21) -33.958 -33.958
10 CH3(10) + X(1) <=> CH3X(21) -39.177 -39.177
11 CH3OH(14) + 2 X(1) <=> CH3X(21) + HOX(22) 9.045 9.045
12 CH2X(27) + HX(19) <=> CH3X(21) + X(1) 21.922 21.922
13 CH2X(27) + HOX(22) <=> CH3X(21) + OX(20) 10.491 10.491
14 CHX(28) + HX(19) <=> CH2X(27) + X(1) 21.478 21.478
15 CHX(28) + HOX(22) <=> CH2X(27) + OX(20) -34.665 -34.665
16 2 CH2X(27) <=> CH3X(21) + CHX(28) 3.809 3.809
17 CHX(28) + X(1) <=> CX(26) + HX(19) -6208.397 12.453
18 CX(26) + H2(6) <=> CH2X(27) 21.612 21.612
19 CX(26) + HOX(22) <=> CHX(28) + OX(20) -7.060 -7.060
20 CH3X(21) + CX(26) <=> CH2X(27) + CHX(28) 21.924 21.924
21 CH2X(27) + CX(26) <=> 2 CHX(28) 18.646 18.646
22 CO(7) + X(1) <=> OCX(25) 21.911 21.911
23 CX(26) + OX(20) <=> OCX(25) + X(1) -5530.500 21.861
24 H2(6) + X(1) <=> H2X(49) 21.918 21.918
25 CO(7) + X(1) <=> COX(50) 21.908 21.908
26 CH2O(9) + 2 X(1) <=> CHOX(53) + HX(19) -6313.140 11.000
27 HCO(15) + X(1) <=> CHOX(53) 13.133 13.133
28 CH3CHO(16) + 2 X(1) <=> CH3X(21) + CHOX(53) 21.924 21.924
29 CHOX(53) + X(1) <=> HX(19) + OCX(25) -890.163 -890.163
30 HOX(22) + OCX(25) <=> CHOX(53) + OX(20) 21.922 21.922
31 CH2X(27) + CHOX(53) <=> CH3X(21) + OCX(25) 21.563 21.563
32 CHOX(53) + CHX(28) <=> CH2X(27) + OCX(25) 21.897 21.897
33 CHOX(53) + CX(26) <=> CHX(28) + OCX(25) 21.921 21.921
34 CH4(2) + HOX(22) + X(1) <=> CH3X(21) + H2OX(23) -35.437 -35.437
35 H2O(5) + X(1) <=> H2OX(23) 21.483 21.483
36 CO2(4) + X(1) <=> CO2X(24) -3138.861 21.341
37 OCX(25) + OX(20) <=> CO2X(24) + X(1) -38.845 -38.845
38 CO2X(24) + HX(19) <=> HOX(22) + OCX(25) 4.999 4.999
39 H2OX(23) + OX(20) <=> 2 HOX(22) 21.924 21.924
40 HOX(22) + HX(19) <=> H2OX(23) + X(1) 21.335 21.335
Finished sensitivity simulation for a C/O ratio of 1.3
Finished translating for C/O ratio of 1.3
Starting sensitivity simulation for a C/O ratio of 1.1
0 CH4(2) + X(1) <=> CH4X(48) -122.246 -122.246
1 O2(3) + 2 X(1) <=> 2 OX(20) -2461.108 20.029
2 H2(6) + 2 X(1) <=> 2 HX(19) 20.071 20.071
3 H(12) + X(1) <=> HX(19) -33.173 -33.173
4 HX(19) + OX(20) <=> HOX(22) + X(1) -28.776 -28.776
5 H2O(5) + 2 X(1) <=> HOX(22) + HX(19) 19.815 19.815
6 OH(17) + X(1) <=> HOX(22) 19.657 19.657
7 CH4(2) + 2 X(1) <=> CH3X(21) + HX(19) 20.089 20.089
8 CH4(2) + OX(20) + X(1) <=> CH3X(21) + HOX(22) -44.588 -44.588
9 C2H6(8) + 2 X(1) <=> 2 CH3X(21) -323.226 -323.226
10 CH3(10) + X(1) <=> CH3X(21) 19.294 19.294
11 CH3OH(14) + 2 X(1) <=> CH3X(21) + HOX(22) -40.623 -40.623
12 CH2X(27) + HX(19) <=> CH3X(21) + X(1) -3843.756 -3843.756
13 CH2X(27) + HOX(22) <=> CH3X(21) + OX(20) -30.780 -30.780
14 CHX(28) + HX(19) <=> CH2X(27) + X(1) 18.278 18.278
15 CHX(28) + HOX(22) <=> CH2X(27) + OX(20) 20.046 20.046
16 2 CH2X(27) <=> CH3X(21) + CHX(28) 17.923 17.923
17 CHX(28) + X(1) <=> CX(26) + HX(19) 19.566 19.566
18 CX(26) + H2(6) <=> CH2X(27) 20.097 20.097
19 CX(26) + HOX(22) <=> CHX(28) + OX(20) -2252.263 -2252.263
20 CH3X(21) + CX(26) <=> CH2X(27) + CHX(28) 20.060 20.060
21 CH2X(27) + CX(26) <=> 2 CHX(28) -44.395 -44.395
22 CO(7) + X(1) <=> OCX(25) 20.085 20.085
23 CX(26) + OX(20) <=> OCX(25) + X(1) 20.077 20.077
24 H2(6) + X(1) <=> H2X(49) -286.067 -286.067
25 CO(7) + X(1) <=> COX(50) -47.000 -47.000
26 CH2O(9) + 2 X(1) <=> CHOX(53) + HX(19) 19.826 19.826
27 HCO(15) + X(1) <=> CHOX(53) 18.225 18.225
28 CH3CHO(16) + 2 X(1) <=> CH3X(21) + CHOX(53) -38.429 -38.429
29 CHOX(53) + X(1) <=> HX(19) + OCX(25) -7072.636 -7072.636
30 HOX(22) + OCX(25) <=> CHOX(53) + OX(20) -622.845 -622.845
31 CH2X(27) + CHOX(53) <=> CH3X(21) + OCX(25) 20.097 20.097
32 CHOX(53) + CHX(28) <=> CH2X(27) + OCX(25) 19.717 19.717
33 CHOX(53) + CX(26) <=> CHX(28) + OCX(25) 20.088 20.088
34 CH4(2) + HOX(22) + X(1) <=> CH3X(21) + H2OX(23) -39.203 -39.203
35 H2O(5) + X(1) <=> H2OX(23) -1087.767 -1087.767
36 CO2(4) + X(1) <=> CO2X(24) -28.920 -28.920
37 OCX(25) + OX(20) <=> CO2X(24) + X(1) 19.907 19.907
38 CO2X(24) + HX(19) <=> HOX(22) + OCX(25) -7598.233 19.874
39 H2OX(23) + OX(20) <=> 2 HOX(22) 20.098 20.098
40 HOX(22) + HX(19) <=> H2OX(23) + X(1) 18.018 18.018
Finished sensitivity simulation for a C/O ratio of 1.1
Finished translating for C/O ratio of 1.1
Starting sensitivity simulation for a C/O ratio of 0.9
0 CH4(2) + X(1) <=> CH4X(48) -36.694 -36.694
1 O2(3) + 2 X(1) <=> 2 OX(20) 16.783 16.783
2 H2(6) + 2 X(1) <=> 2 HX(19) 8.914 8.914
3 H(12) + X(1) <=> HX(19) 17.040 17.040
4 HX(19) + OX(20) <=> HOX(22) + X(1) 9.835 9.835
5 H2O(5) + 2 X(1) <=> HOX(22) + HX(19) -75.782 -75.782
6 OH(17) + X(1) <=> HOX(22) -15452.989 -15452.989
7 CH4(2) + 2 X(1) <=> CH3X(21) + HX(19) -27.256 -27.256
8 CH4(2) + OX(20) + X(1) <=> CH3X(21) + HOX(22) -39.478 -39.478
9 C2H6(8) + 2 X(1) <=> 2 CH3X(21) 17.024 17.024
10 CH3(10) + X(1) <=> CH3X(21) -623.367 -623.367
11 CH3OH(14) + 2 X(1) <=> CH3X(21) + HOX(22) -88.362 -88.362
12 CH2X(27) + HX(19) <=> CH3X(21) + X(1) -560.228 -560.228
13 CH2X(27) + HOX(22) <=> CH3X(21) + OX(20) 17.040 17.040
14 CHX(28) + HX(19) <=> CH2X(27) + X(1) 15.642 15.642
15 CHX(28) + HOX(22) <=> CH2X(27) + OX(20) 17.018 17.018
16 2 CH2X(27) <=> CH3X(21) + CHX(28) 17.039 17.039
17 CHX(28) + X(1) <=> CX(26) + HX(19) -7926.527 16.457
18 CX(26) + H2(6) <=> CH2X(27) 16.913 16.913
19 CX(26) + HOX(22) <=> CHX(28) + OX(20) -30.530 -30.530
20 CH3X(21) + CX(26) <=> CH2X(27) + CHX(28) 17.040 17.040
21 CH2X(27) + CX(26) <=> 2 CHX(28) -36.795 -36.795
22 CO(7) + X(1) <=> OCX(25) 16.731 16.731
23 CX(26) + OX(20) <=> OCX(25) + X(1) -6.793 -6.793
24 H2(6) + X(1) <=> H2X(49) -406.110 -406.110
25 CO(7) + X(1) <=> COX(50) 16.980 16.980
26 CH2O(9) + 2 X(1) <=> CHOX(53) + HX(19) 17.041 17.041
27 HCO(15) + X(1) <=> CHOX(53) -4596.760 -4596.760
28 CH3CHO(16) + 2 X(1) <=> CH3X(21) + CHOX(53) 17.024 17.024
29 CHOX(53) + X(1) <=> HX(19) + OCX(25) -2833.705 -2833.705
30 HOX(22) + OCX(25) <=> CHOX(53) + OX(20) 17.033 17.033
31 CH2X(27) + CHOX(53) <=> CH3X(21) + OCX(25) 13.963 13.963
32 CHOX(53) + CHX(28) <=> CH2X(27) + OCX(25) -55.428 -55.428
33 CHOX(53) + CX(26) <=> CHX(28) + OCX(25) 17.032 17.032
34 CH4(2) + HOX(22) + X(1) <=> CH3X(21) + H2OX(23) 4.228 4.228
35 H2O(5) + X(1) <=> H2OX(23) -20.923 -20.923
36 CO2(4) + X(1) <=> CO2X(24) -6384.637 -6384.637
37 OCX(25) + OX(20) <=> CO2X(24) + X(1) 16.801 16.801
38 CO2X(24) + HX(19) <=> HOX(22) + OCX(25) 16.436 16.436
39 H2OX(23) + OX(20) <=> 2 HOX(22) -39.513 -39.513
40 HOX(22) + HX(19) <=> H2OX(23) + X(1) 17.017 17.017
Finished sensitivity simulation for a C/O ratio of 0.9
Finished translating for C/O ratio of 0.9
Starting sensitivity simulation for a C/O ratio of 0.8
0 CH4(2) + X(1) <=> CH4X(48) 99.465 -54.287
1 O2(3) + 2 X(1) <=> 2 OX(20) 99.646 -2.155
2 H2(6) + 2 X(1) <=> 2 HX(19) 99.651 -0.725
3 H(12) + X(1) <=> HX(19) 99.388 -76.344
4 HX(19) + OX(20) <=> HOX(22) + X(1) 99.369 -81.988
5 H2O(5) + 2 X(1) <=> HOX(22) + HX(19) 99.645 -2.186
6 OH(17) + X(1) <=> HOX(22) 99.653 -0.111
7 CH4(2) + 2 X(1) <=> CH3X(21) + HX(19) 99.653 -0.019
8 CH4(2) + OX(20) + X(1) <=> CH3X(21) + HOX(22) 99.653 -0.002
9 C2H6(8) + 2 X(1) <=> 2 CH3X(21) 99.653 -0.124
10 CH3(10) + X(1) <=> CH3X(21) 99.653 0.010
11 CH3OH(14) + 2 X(1) <=> CH3X(21) + HOX(22) 99.652 -0.336
12 CH2X(27) + HX(19) <=> CH3X(21) + X(1) 44.395 -15926.996
13 CH2X(27) + HOX(22) <=> CH3X(21) + OX(20) 99.373 -80.661
14 CHX(28) + HX(19) <=> CH2X(27) + X(1) 99.640 -3.688
15 CHX(28) + HOX(22) <=> CH2X(27) + OX(20) 99.652 -0.198
16 2 CH2X(27) <=> CH3X(21) + CHX(28) 99.293 -103.901
17 CHX(28) + X(1) <=> CX(26) + HX(19) 99.652 -0.445
18 CX(26) + H2(6) <=> CH2X(27) 99.653 0.034
19 CX(26) + HOX(22) <=> CHX(28) + OX(20) 99.652 -0.432
20 CH3X(21) + CX(26) <=> CH2X(27) + CHX(28) 99.653 -0.138
21 CH2X(27) + CX(26) <=> 2 CHX(28) 99.653 0.040
22 CO(7) + X(1) <=> OCX(25) 99.313 -97.996
23 CX(26) + OX(20) <=> OCX(25) + X(1) 93.708 -0.673
24 H2(6) + X(1) <=> H2X(49) 99.597 -16.110
25 CO(7) + X(1) <=> COX(50) 99.648 -1.332
26 CH2O(9) + 2 X(1) <=> CHOX(53) + HX(19) 99.653 0.023
27 HCO(15) + X(1) <=> CHOX(53) 99.653 0.045
28 CH3CHO(16) + 2 X(1) <=> CH3X(21) + CHOX(53) 41.041 -16893.782
29 CHOX(53) + X(1) <=> HX(19) + OCX(25) 99.407 -70.858
30 HOX(22) + OCX(25) <=> CHOX(53) + OX(20) 99.341 -90.064
31 CH2X(27) + CHOX(53) <=> CH3X(21) + OCX(25) 99.367 -82.492
32 CHOX(53) + CHX(28) <=> CH2X(27) + OCX(25) 99.652 -0.286
33 CHOX(53) + CX(26) <=> CHX(28) + OCX(25) 99.362 -83.959
34 CH4(2) + HOX(22) + X(1) <=> CH3X(21) + H2OX(23) 88.086 -3333.972
35 H2O(5) + X(1) <=> H2OX(23) 99.391 -75.530
36 CO2(4) + X(1) <=> CO2X(24) 99.653 0.019
37 OCX(25) + OX(20) <=> CO2X(24) + X(1) 99.653 0.024
38 CO2X(24) + HX(19) <=> HOX(22) + OCX(25) 99.653 0.039
39 H2OX(23) + OX(20) <=> 2 HOX(22) 99.653 0.048
40 HOX(22) + HX(19) <=> H2OX(23) + X(1) 51.145 -13981.546
Finished sensitivity simulation for a C/O ratio of 0.8
Finished translating for C/O ratio of 0.8
Starting sensitivity simulation for a C/O ratio of 0.7
0 CH4(2) + X(1) <=> CH4X(48) 98.065 -85.885
1 O2(3) + 2 X(1) <=> 2 OX(20) 98.961 0.131
2 H2(6) + 2 X(1) <=> 2 HX(19) 98.059 -86.501
3 H(12) + X(1) <=> HX(19) -50.117 -0.078
4 HX(19) + OX(20) <=> HOX(22) + X(1) 44.116 -5269.201
5 H2O(5) + 2 X(1) <=> HOX(22) + HX(19) 98.961 0.148
6 OH(17) + X(1) <=> HOX(22) 98.953 -0.613
7 CH4(2) + 2 X(1) <=> CH3X(21) + HX(19) 97.282 -161.132
8 CH4(2) + OX(20) + X(1) <=> CH3X(21) + HOX(22) 98.959 -0.064
9 C2H6(8) + 2 X(1) <=> 2 CH3X(21) 54.818 -4240.940
10 CH3(10) + X(1) <=> CH3X(21) 98.943 -1.571
11 CH3OH(14) + 2 X(1) <=> CH3X(21) + HOX(22) 98.957 -0.252
12 CH2X(27) + HX(19) <=> CH3X(21) + X(1) 98.800 -15.311
13 CH2X(27) + HOX(22) <=> CH3X(21) + OX(20) 98.937 -2.165
14 CHX(28) + HX(19) <=> CH2X(27) + X(1) 98.957 -0.170
15 CHX(28) + HOX(22) <=> CH2X(27) + OX(20) 98.882 -7.439
16 2 CH2X(27) <=> CH3X(21) + CHX(28) -50.291 -0.194
17 CHX(28) + X(1) <=> CX(26) + HX(19) -49.805 0.130
18 CX(26) + H2(6) <=> CH2X(27) 98.961 0.145
19 CX(26) + HOX(22) <=> CHX(28) + OX(20) 98.066 -85.816
20 CH3X(21) + CX(26) <=> CH2X(27) + CHX(28) 98.159 -76.871
21 CH2X(27) + CX(26) <=> 2 CHX(28) -100.101 -19125.052
22 CO(7) + X(1) <=> OCX(25) -71.040 -16332.956
23 CX(26) + OX(20) <=> OCX(25) + X(1) 98.628 -31.837
24 H2(6) + X(1) <=> H2X(49) 98.959 0.008
25 CO(7) + X(1) <=> COX(50) 98.951 -0.788
26 CH2O(9) + 2 X(1) <=> CHOX(53) + HX(19) 97.581 -132.377
27 HCO(15) + X(1) <=> CHOX(53) 39.455 -0.909
28 CH3CHO(16) + 2 X(1) <=> CH3X(21) + CHOX(53) 88.074 -1045.847
29 CHOX(53) + X(1) <=> HX(19) + OCX(25) 98.002 -91.985
30 HOX(22) + OCX(25) <=> CHOX(53) + OX(20) 98.935 -2.329
31 CH2X(27) + CHOX(53) <=> CH3X(21) + OCX(25) 89.762 -883.594
32 CHOX(53) + CHX(28) <=> CH2X(27) + OCX(25) 98.959 0.029
33 CHOX(53) + CX(26) <=> CHX(28) + OCX(25) 98.270 -66.203
34 CH4(2) + HOX(22) + X(1) <=> CH3X(21) + H2OX(23) 97.797 -111.612
35 H2O(5) + X(1) <=> H2OX(23) 57.009 -14.643
36 CO2(4) + X(1) <=> CO2X(24) 98.959 -0.048
37 OCX(25) + OX(20) <=> CO2X(24) + X(1) 59.384 -8.310
38 CO2X(24) + HX(19) <=> HOX(22) + OCX(25) 98.085 -84.000
39 H2OX(23) + OX(20) <=> 2 HOX(22) 98.961 0.142
40 HOX(22) + HX(19) <=> H2OX(23) + X(1) 98.961 0.137
Finished sensitivity simulation for a C/O ratio of 0.7
Finished translating for C/O ratio of 0.7
Starting sensitivity simulation for a C/O ratio of 0.6
0 CH4(2) + X(1) <=> CH4X(48) -139.809 -139.809
1 O2(3) + 2 X(1) <=> 2 OX(20) 0.067 0.067
2 H2(6) + 2 X(1) <=> 2 HX(19) 0.086 0.086
3 H(12) + X(1) <=> HX(19) -14365.869 -0.377
4 HX(19) + OX(20) <=> HOX(22) + X(1) -9.183 -9.183
5 H2O(5) + 2 X(1) <=> HOX(22) + HX(19) -87.060 -87.060
6 OH(17) + X(1) <=> HOX(22) -50.076 -50.076
7 CH4(2) + 2 X(1) <=> CH3X(21) + HX(19) -0.196 -0.196
8 CH4(2) + OX(20) + X(1) <=> CH3X(21) + HOX(22) 0.092 0.092
9 C2H6(8) + 2 X(1) <=> 2 CH3X(21) -2122.260 -0.230
10 CH3(10) + X(1) <=> CH3X(21) -0.371 -0.371
11 CH3OH(14) + 2 X(1) <=> CH3X(21) + HOX(22) 0.068 0.068
12 CH2X(27) + HX(19) <=> CH3X(21) + X(1) 0.072 0.072
13 CH2X(27) + HOX(22) <=> CH3X(21) + OX(20) -2.166 -2.166
14 CHX(28) + HX(19) <=> CH2X(27) + X(1) -0.214 -0.214
15 CHX(28) + HOX(22) <=> CH2X(27) + OX(20) -5071.157 -5071.157
16 2 CH2X(27) <=> CH3X(21) + CHX(28) -54.905 -54.905
17 CHX(28) + X(1) <=> CX(26) + HX(19) -0.300 -0.300
18 CX(26) + H2(6) <=> CH2X(27) -2.316 -2.316
19 CX(26) + HOX(22) <=> CHX(28) + OX(20) -0.026 -0.026
20 CH3X(21) + CX(26) <=> CH2X(27) + CHX(28) -3.034 -3.034
21 CH2X(27) + CX(26) <=> 2 CHX(28) -27.217 -27.217
22 CO(7) + X(1) <=> OCX(25) -247.540 -247.540
23 CX(26) + OX(20) <=> OCX(25) + X(1) -1.518 -1.518
24 H2(6) + X(1) <=> H2X(49) -1.806 -1.806
25 CO(7) + X(1) <=> COX(50) -10.401 -10.401
26 CH2O(9) + 2 X(1) <=> CHOX(53) + HX(19) -92.670 -92.670
27 HCO(15) + X(1) <=> CHOX(53) -95.263 -95.263
28 CH3CHO(16) + 2 X(1) <=> CH3X(21) + CHOX(53) -0.032 -0.032
29 CHOX(53) + X(1) <=> HX(19) + OCX(25) -29119.414 -1.375
30 HOX(22) + OCX(25) <=> CHOX(53) + OX(20) -0.813 -0.813
31 CH2X(27) + CHOX(53) <=> CH3X(21) + OCX(25) 0.101 0.101
32 CHOX(53) + CHX(28) <=> CH2X(27) + OCX(25) -92.160 -92.160
33 CHOX(53) + CX(26) <=> CHX(28) + OCX(25) -0.337 -0.337
34 CH4(2) + HOX(22) + X(1) <=> CH3X(21) + H2OX(23) -185.092 -185.092
35 H2O(5) + X(1) <=> H2OX(23) -101.785 -101.785
36 CO2(4) + X(1) <=> CO2X(24) -104.421 -104.421
37 OCX(25) + OX(20) <=> CO2X(24) + X(1) 0.089 0.089
38 CO2X(24) + HX(19) <=> HOX(22) + OCX(25) -95.114 -95.114
39 H2OX(23) + OX(20) <=> 2 HOX(22) -630.776 -630.776
40 HOX(22) + HX(19) <=> H2OX(23) + X(1) -72.069 -72.069
Finished sensitivity simulation for a C/O ratio of 0.6
Finished translating for C/O ratio of 0.6
Starting sensitivity simulation for a C/O ratio of 1.8
0 CH4(2) + X(1) <=> CH4X(48) 95.707 11.612
1 O2(3) + 2 X(1) <=> 2 OX(20) -2.997 11.717
2 H2(6) + 2 X(1) <=> 2 HX(19) -54.526 11.699
3 H(12) + X(1) <=> HX(19) -147.711 -41.549
4 HX(19) + OX(20) <=> HOX(22) + X(1) 92.987 -44.389
5 H2O(5) + 2 X(1) <=> HOX(22) + HX(19) 95.710 11.673
6 OH(17) + X(1) <=> HOX(22) -562.248 5.393
7 CH4(2) + 2 X(1) <=> CH3X(21) + HX(19) -1817.498 -39377.219
8 CH4(2) + OX(20) + X(1) <=> CH3X(21) + HOX(22) -220.498 8.429
9 C2H6(8) + 2 X(1) <=> 2 CH3X(21) 95.098 -0.931
10 CH3(10) + X(1) <=> CH3X(21) 95.708 11.639
11 CH3OH(14) + 2 X(1) <=> CH3X(21) + HOX(22) 94.883 -5.346
12 CH2X(27) + HX(19) <=> CH3X(21) + X(1) -893.382 -20351.639
13 CH2X(27) + HOX(22) <=> CH3X(21) + OX(20) 94.156 -20.323
14 CHX(28) + HX(19) <=> CH2X(27) + X(1) -235.308 -6803.279
15 CHX(28) + HOX(22) <=> CH2X(27) + OX(20) 92.945 -45.243
16 2 CH2X(27) <=> CH3X(21) + CHX(28) -60.163 -37.283
17 CHX(28) + X(1) <=> CX(26) + HX(19) 12.245 -1706.697
18 CX(26) + H2(6) <=> CH2X(27) 93.794 -27.762
19 CX(26) + HOX(22) <=> CHX(28) + OX(20) 50.519 -918.713
20 CH3X(21) + CX(26) <=> CH2X(27) + CHX(28) 93.105 -41.962
21 CH2X(27) + CX(26) <=> 2 CHX(28) 95.598 9.370
22 CO(7) + X(1) <=> OCX(25) 90.657 -92.361
23 CX(26) + OX(20) <=> OCX(25) + X(1) 92.848 -47.245
24 H2(6) + X(1) <=> H2X(49) 94.654 -10.072
25 CO(7) + X(1) <=> COX(50) 95.675 10.964
26 CH2O(9) + 2 X(1) <=> CHOX(53) + HX(19) -10.182 -2168.423
27 HCO(15) + X(1) <=> CHOX(53) -896.470 -20415.211
28 CH3CHO(16) + 2 X(1) <=> CH3X(21) + CHOX(53) 93.634 -31.055
29 CHOX(53) + X(1) <=> HX(19) + OCX(25) 95.708 11.639
30 HOX(22) + OCX(25) <=> CHOX(53) + OX(20) 95.712 11.716
31 CH2X(27) + CHOX(53) <=> CH3X(21) + OCX(25) 93.713 -29.436
32 CHOX(53) + CHX(28) <=> CH2X(27) + OCX(25) 95.707 11.608
33 CHOX(53) + CX(26) <=> CHX(28) + OCX(25) 93.118 -41.689
34 CH4(2) + HOX(22) + X(1) <=> CH3X(21) + H2OX(23) 92.839 -47.421
35 H2O(5) + X(1) <=> H2OX(23) 93.155 -40.931
36 CO2(4) + X(1) <=> CO2X(24) 95.712 11.716
37 OCX(25) + OX(20) <=> CO2X(24) + X(1) -54.565 11.677
38 CO2X(24) + HX(19) <=> HOX(22) + OCX(25) 95.632 10.073
39 H2OX(23) + OX(20) <=> 2 HOX(22) 0.874 -1940.797
40 HOX(22) + HX(19) <=> H2OX(23) + X(1) -212.858 10.612
Finished sensitivity simulation for a C/O ratio of 1.8
Finished translating for C/O ratio of 1.8
