This mechanism contains 38 gas reactions and 29 surface reactions
Finished simulation at a C/O ratio of 2.4
Finished simulation at a C/O ratio of 2.0
Finished simulation at a C/O ratio of 2.6
Finished simulation at a C/O ratio of 1.2
Finished simulation at a C/O ratio of 0.6
Finished simulation at a C/O ratio of 1.4
Finished simulation at a C/O ratio of 0.8
Finished simulation at a C/O ratio of 2.2
Finished simulation at a C/O ratio of 1.6
Finished simulation at a C/O ratio of 1.8
Finished simulation at a C/O ratio of 1.0
Finished simulation at a C/O ratio of 1.1
Finished simulation at a C/O ratio of 0.7
Finished simulation at a C/O ratio of 1.3
Finished simulation at a C/O ratio of 0.9
Starting sensitivity simulation for a C/O ratio of 2.4
0 CH4(2) + X(1) <=> CH4X(48) -0.003 -0.002
1 O2(3) + 2 X(1) <=> 2 OX(20) -0.496 0.003
2 H2(6) + 2 X(1) <=> 2 HX(19) 0.001 0.001
3 H(12) + X(1) <=> HX(19) -0.000 -0.000
4 HX(19) + OX(20) <=> HOX(22) + X(1) -0.002 -0.001
5 H2O(5) + 2 X(1) <=> HOX(22) + HX(19) 0.003 0.002
6 OH(17) + X(1) <=> HOX(22) 0.003 0.002
7 CH4(2) + 2 X(1) <=> CH3X(21) + HX(19) -0.001 -0.001
8 CH4(2) + OX(20) + X(1) <=> CH3X(21) + HOX(22) -0.001 -0.001
9 C2H6(8) + 2 X(1) <=> 2 CH3X(21) 0.003 0.003
10 CH3(10) + X(1) <=> CH3X(21) 1.004 0.014
11 CH3OH(14) + 2 X(1) <=> CH3X(21) + HOX(22) -0.001 -0.001
12 H2(6) + X(1) <=> H2X(49) 0.006 0.006
13 CH4(2) + HOX(22) + X(1) <=> CH3X(21) + H2OX(23) 0.002 0.002
14 H2O(5) + X(1) <=> H2OX(23) 0.001 0.001
15 H2OX(23) + OX(20) <=> 2 HOX(22) 0.520 0.025
16 HOX(22) + HX(19) <=> H2OX(23) + X(1) -0.002 -0.002
17 C2H6(8) + X(1) <=> C2H6X(52) 0.005 0.005
18 C2H4(47) + X(1) <=> C2H4X(205) 0.002 0.003
19 C2H4(18) + X(1) <=> C2H4X(65) 0.006 0.006
20 CO2(4) + X(1) <=> CO2X(24) 0.002 0.001
21 CO(7) + X(1) <=> OCX(25) -0.001 -0.001
22 CX(26) + OX(20) <=> OCX(25) + X(1) 0.000 0.001
23 OCX(25) + OX(20) <=> CO2X(24) + X(1) -0.004 -0.004
24 CO2X(24) + HX(19) <=> HOX(22) + OCX(25) 0.002 0.003
25 CH2X(27) + HX(19) <=> CH3X(21) + X(1) -0.002 -0.001
26 CHX(28) + HX(19) <=> CH2X(27) + X(1) 0.003 0.004
27 CHX(28) + X(1) <=> CX(26) + HX(19) 0.000 0.000
28 CX(26) + H2(6) <=> CH2X(27) 0.003 0.003
Finished sensitivity simulation for a C/O ratio of 2.4
Finished translating for C/O ratio of 2.4
Starting sensitivity simulation for a C/O ratio of 2.2
0 CH4(2) + X(1) <=> CH4X(48) -0.002 -0.001
1 O2(3) + 2 X(1) <=> 2 OX(20) -0.472 0.027
2 H2(6) + 2 X(1) <=> 2 HX(19) -0.001 -0.001
3 H(12) + X(1) <=> HX(19) 0.005 0.004
4 HX(19) + OX(20) <=> HOX(22) + X(1) 0.002 0.002
5 H2O(5) + 2 X(1) <=> HOX(22) + HX(19) 0.010 0.011
6 OH(17) + X(1) <=> HOX(22) 0.008 0.008
7 CH4(2) + 2 X(1) <=> CH3X(21) + HX(19) -0.000 0.000
8 CH4(2) + OX(20) + X(1) <=> CH3X(21) + HOX(22) -0.003 -0.003
9 C2H6(8) + 2 X(1) <=> 2 CH3X(21) 0.000 -0.000
10 CH3(10) + X(1) <=> CH3X(21) 1.029 0.040
11 CH3OH(14) + 2 X(1) <=> CH3X(21) + HOX(22) 0.005 0.004
12 H2(6) + X(1) <=> H2X(49) 0.005 0.005
13 CH4(2) + HOX(22) + X(1) <=> CH3X(21) + H2OX(23) -0.002 -0.002
14 H2O(5) + X(1) <=> H2OX(23) 0.002 0.002
15 H2OX(23) + OX(20) <=> 2 HOX(22) 0.514 0.018
16 HOX(22) + HX(19) <=> H2OX(23) + X(1) -0.000 -0.000
17 C2H6(8) + X(1) <=> C2H6X(52) 0.010 0.010
18 C2H4(47) + X(1) <=> C2H4X(205) 0.001 0.000
19 C2H4(18) + X(1) <=> C2H4X(65) 0.015 0.015
20 CO2(4) + X(1) <=> CO2X(24) 0.006 0.006
21 CO(7) + X(1) <=> OCX(25) 0.003 0.002
22 CX(26) + OX(20) <=> OCX(25) + X(1) -0.005 -0.004
23 OCX(25) + OX(20) <=> CO2X(24) + X(1) -0.001 -0.002
24 CO2X(24) + HX(19) <=> HOX(22) + OCX(25) 0.008 0.008
25 CH2X(27) + HX(19) <=> CH3X(21) + X(1) 0.013 0.013
26 CHX(28) + HX(19) <=> CH2X(27) + X(1) 0.004 0.004
27 CHX(28) + X(1) <=> CX(26) + HX(19) 0.012 0.012
28 CX(26) + H2(6) <=> CH2X(27) -0.007 -0.006
Finished sensitivity simulation for a C/O ratio of 2.2
Finished translating for C/O ratio of 2.2
Starting sensitivity simulation for a C/O ratio of 2.0
0 CH4(2) + X(1) <=> CH4X(48) -0.007 -0.008
1 O2(3) + 2 X(1) <=> 2 OX(20) -0.519 -0.020
2 H2(6) + 2 X(1) <=> 2 HX(19) -0.005 -0.006
3 H(12) + X(1) <=> HX(19) -0.005 -0.007
4 HX(19) + OX(20) <=> HOX(22) + X(1) 0.002 0.000
5 H2O(5) + 2 X(1) <=> HOX(22) + HX(19) 0.006 0.006
6 OH(17) + X(1) <=> HOX(22) -0.027 -0.028
7 CH4(2) + 2 X(1) <=> CH3X(21) + HX(19) 0.000 -0.001
8 CH4(2) + OX(20) + X(1) <=> CH3X(21) + HOX(22) 0.010 0.009
9 C2H6(8) + 2 X(1) <=> 2 CH3X(21) 0.003 -0.002
10 CH3(10) + X(1) <=> CH3X(21) 1.007 0.015
11 CH3OH(14) + 2 X(1) <=> CH3X(21) + HOX(22) 0.007 0.006
12 H2(6) + X(1) <=> H2X(49) 0.007 0.005
13 CH4(2) + HOX(22) + X(1) <=> CH3X(21) + H2OX(23) 0.011 0.010
14 H2O(5) + X(1) <=> H2OX(23) 0.011 0.010
15 H2OX(23) + OX(20) <=> 2 HOX(22) 0.512 0.015
16 HOX(22) + HX(19) <=> H2OX(23) + X(1) 0.013 0.011
17 C2H6(8) + X(1) <=> C2H6X(52) 0.019 0.017
18 C2H4(47) + X(1) <=> C2H4X(205) -0.001 -0.002
19 C2H4(18) + X(1) <=> C2H4X(65) 0.003 0.001
20 CO2(4) + X(1) <=> CO2X(24) 0.003 0.002
21 CO(7) + X(1) <=> OCX(25) -0.002 -0.003
22 CX(26) + OX(20) <=> OCX(25) + X(1) 0.007 0.006
23 OCX(25) + OX(20) <=> CO2X(24) + X(1) 0.013 0.011
24 CO2X(24) + HX(19) <=> HOX(22) + OCX(25) 0.021 0.021
25 CH2X(27) + HX(19) <=> CH3X(21) + X(1) 0.004 0.002
26 CHX(28) + HX(19) <=> CH2X(27) + X(1) -0.012 -0.013
27 CHX(28) + X(1) <=> CX(26) + HX(19) 0.008 0.006
28 CX(26) + H2(6) <=> CH2X(27) -0.005 -0.006
Finished sensitivity simulation for a C/O ratio of 2.0
Finished translating for C/O ratio of 2.0
Starting sensitivity simulation for a C/O ratio of 1.2
0 CH4(2) + X(1) <=> CH4X(48) 0.001 0.002
1 O2(3) + 2 X(1) <=> 2 OX(20) -0.495 0.005
2 H2(6) + 2 X(1) <=> 2 HX(19) -0.001 -0.001
3 H(12) + X(1) <=> HX(19) 0.000 -0.000
4 HX(19) + OX(20) <=> HOX(22) + X(1) -0.001 0.000
5 H2O(5) + 2 X(1) <=> HOX(22) + HX(19) 0.000 0.000
6 OH(17) + X(1) <=> HOX(22) 0.002 0.003
7 CH4(2) + 2 X(1) <=> CH3X(21) + HX(19) -0.000 0.000
8 CH4(2) + OX(20) + X(1) <=> CH3X(21) + HOX(22) 0.000 0.000
9 C2H6(8) + 2 X(1) <=> 2 CH3X(21) -0.001 0.000
10 CH3(10) + X(1) <=> CH3X(21) 0.989 0.000
11 CH3OH(14) + 2 X(1) <=> CH3X(21) + HOX(22) 0.004 0.002
12 H2(6) + X(1) <=> H2X(49) 0.003 0.002
13 CH4(2) + HOX(22) + X(1) <=> CH3X(21) + H2OX(23) 0.004 0.003
14 H2O(5) + X(1) <=> H2OX(23) -0.000 0.000
15 H2OX(23) + OX(20) <=> 2 HOX(22) 0.497 0.002
16 HOX(22) + HX(19) <=> H2OX(23) + X(1) -0.001 0.000
17 C2H6(8) + X(1) <=> C2H6X(52) 0.000 0.000
18 C2H4(47) + X(1) <=> C2H4X(205) -0.001 0.000
19 C2H4(18) + X(1) <=> C2H4X(65) -0.001 0.000
20 CO2(4) + X(1) <=> CO2X(24) -0.000 0.000
21 CO(7) + X(1) <=> OCX(25) 0.000 0.000
22 CX(26) + OX(20) <=> OCX(25) + X(1) -0.000 0.000
23 OCX(25) + OX(20) <=> CO2X(24) + X(1) 0.000 0.000
24 CO2X(24) + HX(19) <=> HOX(22) + OCX(25) -0.000 0.000
25 CH2X(27) + HX(19) <=> CH3X(21) + X(1) -0.001 -0.001
26 CHX(28) + HX(19) <=> CH2X(27) + X(1) 0.002 0.003
27 CHX(28) + X(1) <=> CX(26) + HX(19) 0.000 0.000
28 CX(26) + H2(6) <=> CH2X(27) 0.002 0.002
Finished sensitivity simulation for a C/O ratio of 1.2
Finished translating for C/O ratio of 1.2
Starting sensitivity simulation for a C/O ratio of 1.6
0 CH4(2) + X(1) <=> CH4X(48) 0.004 0.004
1 O2(3) + 2 X(1) <=> 2 OX(20) -0.500 -0.001
2 H2(6) + 2 X(1) <=> 2 HX(19) 0.002 0.002
3 H(12) + X(1) <=> HX(19) 0.003 0.003
4 HX(19) + OX(20) <=> HOX(22) + X(1) 0.004 0.003
5 H2O(5) + 2 X(1) <=> HOX(22) + HX(19) 0.004 0.003
6 OH(17) + X(1) <=> HOX(22) 0.001 0.003
7 CH4(2) + 2 X(1) <=> CH3X(21) + HX(19) 0.004 0.003
8 CH4(2) + OX(20) + X(1) <=> CH3X(21) + HOX(22) -0.000 -0.001
9 C2H6(8) + 2 X(1) <=> 2 CH3X(21) 0.004 0.003
10 CH3(10) + X(1) <=> CH3X(21) 0.988 -0.002
11 CH3OH(14) + 2 X(1) <=> CH3X(21) + HOX(22) 0.003 0.003
12 H2(6) + X(1) <=> H2X(49) -0.001 -0.001
13 CH4(2) + HOX(22) + X(1) <=> CH3X(21) + H2OX(23) 0.003 0.003
14 H2O(5) + X(1) <=> H2OX(23) 0.003 0.003
15 H2OX(23) + OX(20) <=> 2 HOX(22) 0.501 0.002
16 HOX(22) + HX(19) <=> H2OX(23) + X(1) 0.004 0.004
17 C2H6(8) + X(1) <=> C2H6X(52) -0.003 -0.003
18 C2H4(47) + X(1) <=> C2H4X(205) 0.003 0.003
19 C2H4(18) + X(1) <=> C2H4X(65) -0.002 -0.003
20 CO2(4) + X(1) <=> CO2X(24) -0.005 -0.005
21 CO(7) + X(1) <=> OCX(25) -0.010 -0.011
22 CX(26) + OX(20) <=> OCX(25) + X(1) -0.004 -0.004
23 OCX(25) + OX(20) <=> CO2X(24) + X(1) 0.004 0.003
24 CO2X(24) + HX(19) <=> HOX(22) + OCX(25) 0.004 0.003
25 CH2X(27) + HX(19) <=> CH3X(21) + X(1) 0.003 0.003
26 CHX(28) + HX(19) <=> CH2X(27) + X(1) -0.001 -0.002
27 CHX(28) + X(1) <=> CX(26) + HX(19) 0.004 0.003
28 CX(26) + H2(6) <=> CH2X(27) -0.000 -0.001
Finished sensitivity simulation for a C/O ratio of 1.6
Finished translating for C/O ratio of 1.6
Starting sensitivity simulation for a C/O ratio of 1.4
0 CH4(2) + X(1) <=> CH4X(48) 0.000 0.000
1 O2(3) + 2 X(1) <=> 2 OX(20) -0.496 0.003
2 H2(6) + 2 X(1) <=> 2 HX(19) -0.001 -0.001
3 H(12) + X(1) <=> HX(19) 0.000 -0.000
4 HX(19) + OX(20) <=> HOX(22) + X(1) 0.001 0.000
5 H2O(5) + 2 X(1) <=> HOX(22) + HX(19) -0.000 0.000
6 OH(17) + X(1) <=> HOX(22) -0.000 0.000
7 CH4(2) + 2 X(1) <=> CH3X(21) + HX(19) 0.000 -0.000
8 CH4(2) + OX(20) + X(1) <=> CH3X(21) + HOX(22) 0.001 -0.000
9 C2H6(8) + 2 X(1) <=> 2 CH3X(21) 0.001 0.000
10 CH3(10) + X(1) <=> CH3X(21) 0.995 0.005
11 CH3OH(14) + 2 X(1) <=> CH3X(21) + HOX(22) 0.001 0.000
12 H2(6) + X(1) <=> H2X(49) 0.001 0.000
13 CH4(2) + HOX(22) + X(1) <=> CH3X(21) + H2OX(23) -0.000 0.000
14 H2O(5) + X(1) <=> H2OX(23) -0.000 -0.000
15 H2OX(23) + OX(20) <=> 2 HOX(22) 0.495 -0.001
16 HOX(22) + HX(19) <=> H2OX(23) + X(1) -0.000 0.000
17 C2H6(8) + X(1) <=> C2H6X(52) -0.001 0.000
18 C2H4(47) + X(1) <=> C2H4X(205) 0.000 0.000
19 C2H4(18) + X(1) <=> C2H4X(65) -0.000 0.000
20 CO2(4) + X(1) <=> CO2X(24) 0.000 0.000
21 CO(7) + X(1) <=> OCX(25) 0.000 0.000
22 CX(26) + OX(20) <=> OCX(25) + X(1) 0.000 0.000
23 OCX(25) + OX(20) <=> CO2X(24) + X(1) 0.000 -0.000
24 CO2X(24) + HX(19) <=> HOX(22) + OCX(25) 0.000 0.000
25 CH2X(27) + HX(19) <=> CH3X(21) + X(1) -0.001 -0.001
26 CHX(28) + HX(19) <=> CH2X(27) + X(1) 0.001 0.001
27 CHX(28) + X(1) <=> CX(26) + HX(19) -0.000 0.000
28 CX(26) + H2(6) <=> CH2X(27) 0.006 0.006
Finished sensitivity simulation for a C/O ratio of 1.4
Finished translating for C/O ratio of 1.4
Starting sensitivity simulation for a C/O ratio of 2.6
0 CH4(2) + X(1) <=> CH4X(48) 0.002 0.003
1 O2(3) + 2 X(1) <=> 2 OX(20) -0.361 0.138
2 H2(6) + 2 X(1) <=> 2 HX(19) -0.001 -0.000
3 H(12) + X(1) <=> HX(19) 0.002 0.002
4 HX(19) + OX(20) <=> HOX(22) + X(1) 0.000 0.001
5 H2O(5) + 2 X(1) <=> HOX(22) + HX(19) 0.000 0.001
6 OH(17) + X(1) <=> HOX(22) -0.000 -0.000
7 CH4(2) + 2 X(1) <=> CH3X(21) + HX(19) -0.001 -0.000
8 CH4(2) + OX(20) + X(1) <=> CH3X(21) + HOX(22) -0.001 -0.000
9 C2H6(8) + 2 X(1) <=> 2 CH3X(21) -0.001 -0.000
10 CH3(10) + X(1) <=> CH3X(21) 0.980 -0.009
11 CH3OH(14) + 2 X(1) <=> CH3X(21) + HOX(22) 0.000 0.001
12 H2(6) + X(1) <=> H2X(49) -0.002 -0.002
13 CH4(2) + HOX(22) + X(1) <=> CH3X(21) + H2OX(23) 0.001 0.002
14 H2O(5) + X(1) <=> H2OX(23) 0.000 0.000
15 H2OX(23) + OX(20) <=> 2 HOX(22) 0.494 -0.001
16 HOX(22) + HX(19) <=> H2OX(23) + X(1) 0.003 0.003
17 C2H6(8) + X(1) <=> C2H6X(52) 0.003 0.004
18 C2H4(47) + X(1) <=> C2H4X(205) 0.003 0.003
19 C2H4(18) + X(1) <=> C2H4X(65) -0.000 -0.000
20 CO2(4) + X(1) <=> CO2X(24) 0.007 0.007
21 CO(7) + X(1) <=> OCX(25) 0.001 0.002
22 CX(26) + OX(20) <=> OCX(25) + X(1) -0.001 -0.001
23 OCX(25) + OX(20) <=> CO2X(24) + X(1) 0.001 0.002
24 CO2X(24) + HX(19) <=> HOX(22) + OCX(25) -0.000 0.000
25 CH2X(27) + HX(19) <=> CH3X(21) + X(1) 0.000 0.001
26 CHX(28) + HX(19) <=> CH2X(27) + X(1) 0.005 0.006
27 CHX(28) + X(1) <=> CX(26) + HX(19) 0.000 0.001
28 CX(26) + H2(6) <=> CH2X(27) 0.002 0.002
Finished sensitivity simulation for a C/O ratio of 2.6
Finished translating for C/O ratio of 2.6
Starting sensitivity simulation for a C/O ratio of 0.7
0 CH4(2) + X(1) <=> CH4X(48) -0.002 0.000
1 O2(3) + 2 X(1) <=> 2 OX(20) -0.500 0.002
2 H2(6) + 2 X(1) <=> 2 HX(19) -0.002 -0.000
3 H(12) + X(1) <=> HX(19) -0.001 -0.000
4 HX(19) + OX(20) <=> HOX(22) + X(1) -0.003 -0.000
5 H2O(5) + 2 X(1) <=> HOX(22) + HX(19) -0.001 -0.000
6 OH(17) + X(1) <=> HOX(22) -0.002 -0.000
7 CH4(2) + 2 X(1) <=> CH3X(21) + HX(19) -0.001 -0.000
8 CH4(2) + OX(20) + X(1) <=> CH3X(21) + HOX(22) -0.001 -0.000
9 C2H6(8) + 2 X(1) <=> 2 CH3X(21) -0.002 -0.000
10 CH3(10) + X(1) <=> CH3X(21) 0.974 -0.014
11 CH3OH(14) + 2 X(1) <=> CH3X(21) + HOX(22) -0.007 -0.005
12 H2(6) + X(1) <=> H2X(49) -0.002 -0.000
13 CH4(2) + HOX(22) + X(1) <=> CH3X(21) + H2OX(23) -0.002 -0.000
14 H2O(5) + X(1) <=> H2OX(23) -0.002 -0.000
15 H2OX(23) + OX(20) <=> 2 HOX(22) 0.484 -0.010
16 HOX(22) + HX(19) <=> H2OX(23) + X(1) -0.002 -0.000
17 C2H6(8) + X(1) <=> C2H6X(52) -0.003 -0.000
18 C2H4(47) + X(1) <=> C2H4X(205) -0.002 -0.000
19 C2H4(18) + X(1) <=> C2H4X(65) -0.003 -0.000
20 CO2(4) + X(1) <=> CO2X(24) -0.002 -0.000
21 CO(7) + X(1) <=> OCX(25) -0.001 -0.000
22 CX(26) + OX(20) <=> OCX(25) + X(1) -0.002 -0.000
23 OCX(25) + OX(20) <=> CO2X(24) + X(1) -0.002 -0.000
24 CO2X(24) + HX(19) <=> HOX(22) + OCX(25) -0.001 -0.000
25 CH2X(27) + HX(19) <=> CH3X(21) + X(1) -0.006 -0.006
26 CHX(28) + HX(19) <=> CH2X(27) + X(1) -0.001 -0.000
27 CHX(28) + X(1) <=> CX(26) + HX(19) -0.001 -0.000
28 CX(26) + H2(6) <=> CH2X(27) -0.002 -0.000
Finished sensitivity simulation for a C/O ratio of 0.7
Finished translating for C/O ratio of 0.7
Starting sensitivity simulation for a C/O ratio of 1.1
0 CH4(2) + X(1) <=> CH4X(48) 0.001 0.000
1 O2(3) + 2 X(1) <=> 2 OX(20) -0.497 0.003
2 H2(6) + 2 X(1) <=> 2 HX(19) -0.001 -0.001
3 H(12) + X(1) <=> HX(19) 0.000 0.000
4 HX(19) + OX(20) <=> HOX(22) + X(1) 0.000 0.000
5 H2O(5) + 2 X(1) <=> HOX(22) + HX(19) -0.000 0.000
6 OH(17) + X(1) <=> HOX(22) -0.000 0.000
7 CH4(2) + 2 X(1) <=> CH3X(21) + HX(19) 0.000 0.000
8 CH4(2) + OX(20) + X(1) <=> CH3X(21) + HOX(22) 0.001 0.000
9 C2H6(8) + 2 X(1) <=> 2 CH3X(21) 0.000 0.000
10 CH3(10) + X(1) <=> CH3X(21) 0.988 -0.002
11 CH3OH(14) + 2 X(1) <=> CH3X(21) + HOX(22) 0.000 0.000
12 H2(6) + X(1) <=> H2X(49) 0.000 0.000
13 CH4(2) + HOX(22) + X(1) <=> CH3X(21) + H2OX(23) 0.001 0.000
14 H2O(5) + X(1) <=> H2OX(23) -0.015 -0.015
15 H2OX(23) + OX(20) <=> 2 HOX(22) 0.495 -0.000
16 HOX(22) + HX(19) <=> H2OX(23) + X(1) 0.000 0.000
17 C2H6(8) + X(1) <=> C2H6X(52) 0.000 0.000
18 C2H4(47) + X(1) <=> C2H4X(205) -0.010 -0.010
19 C2H4(18) + X(1) <=> C2H4X(65) 0.000 0.000
20 CO2(4) + X(1) <=> CO2X(24) 0.001 0.000
21 CO(7) + X(1) <=> OCX(25) 0.000 0.000
22 CX(26) + OX(20) <=> OCX(25) + X(1) 0.000 0.000
23 OCX(25) + OX(20) <=> CO2X(24) + X(1) -0.000 0.000
24 CO2X(24) + HX(19) <=> HOX(22) + OCX(25) -0.000 0.000
25 CH2X(27) + HX(19) <=> CH3X(21) + X(1) 0.000 -0.000
26 CHX(28) + HX(19) <=> CH2X(27) + X(1) 0.001 0.000
27 CHX(28) + X(1) <=> CX(26) + HX(19) 0.001 0.000
28 CX(26) + H2(6) <=> CH2X(27) 0.001 0.000
Finished sensitivity simulation for a C/O ratio of 1.1
Finished translating for C/O ratio of 1.1
Starting sensitivity simulation for a C/O ratio of 1.8
0 CH4(2) + X(1) <=> CH4X(48) 0.002 0.003
1 O2(3) + 2 X(1) <=> 2 OX(20) 0.093 0.589
2 H2(6) + 2 X(1) <=> 2 HX(19) 0.002 0.002
3 H(12) + X(1) <=> HX(19) -0.366 -0.367
4 HX(19) + OX(20) <=> HOX(22) + X(1) -0.005 -0.004
5 H2O(5) + 2 X(1) <=> HOX(22) + HX(19) 0.013 0.013
6 OH(17) + X(1) <=> HOX(22) 0.014 0.014
7 CH4(2) + 2 X(1) <=> CH3X(21) + HX(19) 0.012 0.012
8 CH4(2) + OX(20) + X(1) <=> CH3X(21) + HOX(22) 0.011 0.011
9 C2H6(8) + 2 X(1) <=> 2 CH3X(21) 0.059 0.059
10 CH3(10) + X(1) <=> CH3X(21) 0.895 -0.096
11 CH3OH(14) + 2 X(1) <=> CH3X(21) + HOX(22) 0.023 0.023
12 H2(6) + X(1) <=> H2X(49) 0.008 0.008
13 CH4(2) + HOX(22) + X(1) <=> CH3X(21) + H2OX(23) 0.054 0.054
14 H2O(5) + X(1) <=> H2OX(23) 0.018 0.018
15 H2OX(23) + OX(20) <=> 2 HOX(22) 0.454 -0.042
16 HOX(22) + HX(19) <=> H2OX(23) + X(1) 0.049 0.049
17 C2H6(8) + X(1) <=> C2H6X(52) 0.049 0.049
18 C2H4(47) + X(1) <=> C2H4X(205) 0.066 0.066
19 C2H4(18) + X(1) <=> C2H4X(65) 0.027 0.027
20 CO2(4) + X(1) <=> CO2X(24) 0.041 0.042
21 CO(7) + X(1) <=> OCX(25) 0.017 0.017
22 CX(26) + OX(20) <=> OCX(25) + X(1) 0.007 0.007
23 OCX(25) + OX(20) <=> CO2X(24) + X(1) 0.018 0.018
24 CO2X(24) + HX(19) <=> HOX(22) + OCX(25) 0.004 0.005
25 CH2X(27) + HX(19) <=> CH3X(21) + X(1) 0.557 0.558
26 CHX(28) + HX(19) <=> CH2X(27) + X(1) 0.014 0.015
27 CHX(28) + X(1) <=> CX(26) + HX(19) 0.489 0.490
28 CX(26) + H2(6) <=> CH2X(27) 0.017 0.018
Finished sensitivity simulation for a C/O ratio of 1.8
Finished translating for C/O ratio of 1.8
Starting sensitivity simulation for a C/O ratio of 1.3
0 CH4(2) + X(1) <=> CH4X(48) 0.001 0.001
1 O2(3) + 2 X(1) <=> 2 OX(20) -0.492 0.007
2 H2(6) + 2 X(1) <=> 2 HX(19) 0.000 -0.001
3 H(12) + X(1) <=> HX(19) -0.001 -0.001
4 HX(19) + OX(20) <=> HOX(22) + X(1) 0.001 0.000
5 H2O(5) + 2 X(1) <=> HOX(22) + HX(19) 0.001 0.001
6 OH(17) + X(1) <=> HOX(22) 0.001 0.001
7 CH4(2) + 2 X(1) <=> CH3X(21) + HX(19) 0.001 0.000
8 CH4(2) + OX(20) + X(1) <=> CH3X(21) + HOX(22) 0.001 0.001
9 C2H6(8) + 2 X(1) <=> 2 CH3X(21) 0.002 0.000
10 CH3(10) + X(1) <=> CH3X(21) 0.985 -0.005
11 CH3OH(14) + 2 X(1) <=> CH3X(21) + HOX(22) 0.000 0.000
12 H2(6) + X(1) <=> H2X(49) -0.001 0.000
13 CH4(2) + HOX(22) + X(1) <=> CH3X(21) + H2OX(23) 0.006 0.006
14 H2O(5) + X(1) <=> H2OX(23) 0.002 0.000
15 H2OX(23) + OX(20) <=> 2 HOX(22) 0.495 0.000
16 HOX(22) + HX(19) <=> H2OX(23) + X(1) 0.006 0.005
17 C2H6(8) + X(1) <=> C2H6X(52) 0.001 0.001
18 C2H4(47) + X(1) <=> C2H4X(205) 0.001 0.001
19 C2H4(18) + X(1) <=> C2H4X(65) -0.000 0.001
20 CO2(4) + X(1) <=> CO2X(24) 0.000 0.000
21 CO(7) + X(1) <=> OCX(25) 0.001 0.001
22 CX(26) + OX(20) <=> OCX(25) + X(1) 0.002 0.000
23 OCX(25) + OX(20) <=> CO2X(24) + X(1) 0.001 0.000
24 CO2X(24) + HX(19) <=> HOX(22) + OCX(25) 0.001 0.000
25 CH2X(27) + HX(19) <=> CH3X(21) + X(1) -0.000 -0.000
26 CHX(28) + HX(19) <=> CH2X(27) + X(1) -0.001 0.000
27 CHX(28) + X(1) <=> CX(26) + HX(19) 0.001 0.000
28 CX(26) + H2(6) <=> CH2X(27) 0.000 0.000
Finished sensitivity simulation for a C/O ratio of 1.3
Finished translating for C/O ratio of 1.3
Starting sensitivity simulation for a C/O ratio of 1.0
0 CH4(2) + X(1) <=> CH4X(48) 0.007 0.007
1 O2(3) + 2 X(1) <=> 2 OX(20) -0.484 0.014
2 H2(6) + 2 X(1) <=> 2 HX(19) 0.008 0.007
3 H(12) + X(1) <=> HX(19) 0.008 0.007
4 HX(19) + OX(20) <=> HOX(22) + X(1) 0.006 0.007
5 H2O(5) + 2 X(1) <=> HOX(22) + HX(19) 0.008 0.007
6 OH(17) + X(1) <=> HOX(22) 0.007 0.007
7 CH4(2) + 2 X(1) <=> CH3X(21) + HX(19) 0.007 0.007
8 CH4(2) + OX(20) + X(1) <=> CH3X(21) + HOX(22) 0.008 0.007
9 C2H6(8) + 2 X(1) <=> 2 CH3X(21) 0.013 0.012
10 CH3(10) + X(1) <=> CH3X(21) 0.994 0.004
11 CH3OH(14) + 2 X(1) <=> CH3X(21) + HOX(22) 0.008 0.007
12 H2(6) + X(1) <=> H2X(49) 0.008 0.007
13 CH4(2) + HOX(22) + X(1) <=> CH3X(21) + H2OX(23) 0.006 0.007
14 H2O(5) + X(1) <=> H2OX(23) 0.008 0.007
15 H2OX(23) + OX(20) <=> 2 HOX(22) 0.499 0.003
16 HOX(22) + HX(19) <=> H2OX(23) + X(1) 0.007 0.007
17 C2H6(8) + X(1) <=> C2H6X(52) 0.008 0.007
18 C2H4(47) + X(1) <=> C2H4X(205) 0.008 0.007
19 C2H4(18) + X(1) <=> C2H4X(65) 0.012 0.012
20 CO2(4) + X(1) <=> CO2X(24) 0.008 0.007
21 CO(7) + X(1) <=> OCX(25) 0.007 0.007
22 CX(26) + OX(20) <=> OCX(25) + X(1) 0.007 0.007
23 OCX(25) + OX(20) <=> CO2X(24) + X(1) 0.007 0.007
24 CO2X(24) + HX(19) <=> HOX(22) + OCX(25) 0.007 0.007
25 CH2X(27) + HX(19) <=> CH3X(21) + X(1) 0.006 0.007
26 CHX(28) + HX(19) <=> CH2X(27) + X(1) 0.008 0.007
27 CHX(28) + X(1) <=> CX(26) + HX(19) 0.012 0.012
28 CX(26) + H2(6) <=> CH2X(27) 0.007 0.007
Finished sensitivity simulation for a C/O ratio of 1.0
Finished translating for C/O ratio of 1.0
Starting sensitivity simulation for a C/O ratio of 0.9
0 CH4(2) + X(1) <=> CH4X(48) 0.004 0.004
1 O2(3) + 2 X(1) <=> 2 OX(20) -0.497 0.002
2 H2(6) + 2 X(1) <=> 2 HX(19) 0.003 0.004
3 H(12) + X(1) <=> HX(19) 0.004 0.004
4 HX(19) + OX(20) <=> HOX(22) + X(1) 0.004 0.004
5 H2O(5) + 2 X(1) <=> HOX(22) + HX(19) 0.004 0.004
6 OH(17) + X(1) <=> HOX(22) 0.004 0.004
7 CH4(2) + 2 X(1) <=> CH3X(21) + HX(19) 0.005 0.004
8 CH4(2) + OX(20) + X(1) <=> CH3X(21) + HOX(22) 0.003 0.004
9 C2H6(8) + 2 X(1) <=> 2 CH3X(21) 0.005 0.004
10 CH3(10) + X(1) <=> CH3X(21) 0.994 0.004
11 CH3OH(14) + 2 X(1) <=> CH3X(21) + HOX(22) 0.003 0.004
12 H2(6) + X(1) <=> H2X(49) -0.000 -0.000
13 CH4(2) + HOX(22) + X(1) <=> CH3X(21) + H2OX(23) 0.004 0.004
14 H2O(5) + X(1) <=> H2OX(23) 0.004 0.005
15 H2OX(23) + OX(20) <=> 2 HOX(22) 0.498 0.003
16 HOX(22) + HX(19) <=> H2OX(23) + X(1) 0.005 0.004
17 C2H6(8) + X(1) <=> C2H6X(52) 0.004 0.004
18 C2H4(47) + X(1) <=> C2H4X(205) 0.005 0.005
19 C2H4(18) + X(1) <=> C2H4X(65) 0.004 0.004
20 CO2(4) + X(1) <=> CO2X(24) 0.004 0.004
21 CO(7) + X(1) <=> OCX(25) 0.005 0.005
22 CX(26) + OX(20) <=> OCX(25) + X(1) 0.004 0.004
23 OCX(25) + OX(20) <=> CO2X(24) + X(1) 0.004 0.004
24 CO2X(24) + HX(19) <=> HOX(22) + OCX(25) 0.001 -0.000
25 CH2X(27) + HX(19) <=> CH3X(21) + X(1) -0.002 -0.002
26 CHX(28) + HX(19) <=> CH2X(27) + X(1) 0.004 0.004
27 CHX(28) + X(1) <=> CX(26) + HX(19) 0.004 0.004
28 CX(26) + H2(6) <=> CH2X(27) 0.004 0.004
Finished sensitivity simulation for a C/O ratio of 0.9
Finished translating for C/O ratio of 0.9
Starting sensitivity simulation for a C/O ratio of 0.6
0 CH4(2) + X(1) <=> CH4X(48) 0.001 0.000
1 O2(3) + 2 X(1) <=> 2 OX(20) -0.498 0.001
2 H2(6) + 2 X(1) <=> 2 HX(19) -0.001 -0.000
3 H(12) + X(1) <=> HX(19) -0.000 -0.000
4 HX(19) + OX(20) <=> HOX(22) + X(1) 0.000 0.000
5 H2O(5) + 2 X(1) <=> HOX(22) + HX(19) 0.001 0.000
6 OH(17) + X(1) <=> HOX(22) 0.001 -0.000
7 CH4(2) + 2 X(1) <=> CH3X(21) + HX(19) 0.000 0.000
8 CH4(2) + OX(20) + X(1) <=> CH3X(21) + HOX(22) 0.001 -0.000
9 C2H6(8) + 2 X(1) <=> 2 CH3X(21) 0.005 0.005
10 CH3(10) + X(1) <=> CH3X(21) 0.989 -0.001
11 CH3OH(14) + 2 X(1) <=> CH3X(21) + HOX(22) 0.000 0.000
12 H2(6) + X(1) <=> H2X(49) 0.000 -0.000
13 CH4(2) + HOX(22) + X(1) <=> CH3X(21) + H2OX(23) 0.000 0.000
14 H2O(5) + X(1) <=> H2OX(23) 0.000 0.000
15 H2OX(23) + OX(20) <=> 2 HOX(22) 0.500 0.005
16 HOX(22) + HX(19) <=> H2OX(23) + X(1) 0.009 0.008
17 C2H6(8) + X(1) <=> C2H6X(52) 0.006 0.008
18 C2H4(47) + X(1) <=> C2H4X(205) 0.001 0.000
19 C2H4(18) + X(1) <=> C2H4X(65) 0.002 0.000
20 CO2(4) + X(1) <=> CO2X(24) 0.001 0.000
21 CO(7) + X(1) <=> OCX(25) -0.000 0.000
22 CX(26) + OX(20) <=> OCX(25) + X(1) -0.001 0.000
23 OCX(25) + OX(20) <=> CO2X(24) + X(1) 0.003 -0.000
24 CO2X(24) + HX(19) <=> HOX(22) + OCX(25) 0.001 0.000
25 CH2X(27) + HX(19) <=> CH3X(21) + X(1) -0.001 -0.000
26 CHX(28) + HX(19) <=> CH2X(27) + X(1) -0.001 -0.000
27 CHX(28) + X(1) <=> CX(26) + HX(19) 0.005 0.005
28 CX(26) + H2(6) <=> CH2X(27) -0.000 0.000
Finished sensitivity simulation for a C/O ratio of 0.6
Finished translating for C/O ratio of 0.6
Starting sensitivity simulation for a C/O ratio of 0.8
0 CH4(2) + X(1) <=> CH4X(48) -0.000 0.000
1 O2(3) + 2 X(1) <=> 2 OX(20) -0.498 0.002
2 H2(6) + 2 X(1) <=> 2 HX(19) -0.000 -0.000
3 H(12) + X(1) <=> HX(19) 0.001 -0.000
4 HX(19) + OX(20) <=> HOX(22) + X(1) 0.001 0.000
5 H2O(5) + 2 X(1) <=> HOX(22) + HX(19) 0.001 0.000
6 OH(17) + X(1) <=> HOX(22) -0.000 0.000
7 CH4(2) + 2 X(1) <=> CH3X(21) + HX(19) 0.000 0.000
8 CH4(2) + OX(20) + X(1) <=> CH3X(21) + HOX(22) 0.000 0.000
9 C2H6(8) + 2 X(1) <=> 2 CH3X(21) -0.001 0.000
10 CH3(10) + X(1) <=> CH3X(21) 0.989 -0.001
11 CH3OH(14) + 2 X(1) <=> CH3X(21) + HOX(22) 0.001 0.000
12 H2(6) + X(1) <=> H2X(49) 0.001 -0.000
13 CH4(2) + HOX(22) + X(1) <=> CH3X(21) + H2OX(23) 0.001 0.000
14 H2O(5) + X(1) <=> H2OX(23) 0.001 0.000
15 H2OX(23) + OX(20) <=> 2 HOX(22) 0.493 -0.000
16 HOX(22) + HX(19) <=> H2OX(23) + X(1) -0.000 0.000
17 C2H6(8) + X(1) <=> C2H6X(52) 0.000 0.000
18 C2H4(47) + X(1) <=> C2H4X(205) 0.000 0.000
19 C2H4(18) + X(1) <=> C2H4X(65) -0.000 0.000
20 CO2(4) + X(1) <=> CO2X(24) -0.002 0.000
21 CO(7) + X(1) <=> OCX(25) 0.001 0.000
22 CX(26) + OX(20) <=> OCX(25) + X(1) 0.001 0.000
23 OCX(25) + OX(20) <=> CO2X(24) + X(1) 0.001 0.000
24 CO2X(24) + HX(19) <=> HOX(22) + OCX(25) -0.000 0.000
25 CH2X(27) + HX(19) <=> CH3X(21) + X(1) -0.001 -0.000
26 CHX(28) + HX(19) <=> CH2X(27) + X(1) 0.000 0.000
27 CHX(28) + X(1) <=> CX(26) + HX(19) 0.001 0.000
28 CX(26) + H2(6) <=> CH2X(27) -0.001 0.000
Finished sensitivity simulation for a C/O ratio of 0.8
Finished translating for C/O ratio of 0.8
