This mechanism contains 47 gas reactions and 30 surface reactions
Finished simulation at a C/O ratio of 0.7
Finished simulation at a C/O ratio of 1.1
Finished simulation at a C/O ratio of 1.3
Finished simulation at a C/O ratio of 1.0
Finished simulation at a C/O ratio of 1.8
Finished simulation at a C/O ratio of 1.6
Finished simulation at a C/O ratio of 2.2
Finished simulation at a C/O ratio of 2.0
Finished simulation at a C/O ratio of 0.8
Finished simulation at a C/O ratio of 0.9
Finished simulation at a C/O ratio of 1.2
Finished simulation at a C/O ratio of 1.4
Finished simulation at a C/O ratio of 0.6
Finished simulation at a C/O ratio of 2.6
Finished simulation at a C/O ratio of 2.4
Starting thermo sensitivity simulation for a C/O ratio of 1.1
0 X(1) -0.001 -0.001 -0.002 -0.003 -0.000
1 HX(19) 0.001 0.001 0.001 0.001 -0.000
2 OX(20) -0.000 -0.001 -0.001 -0.001 -0.001
3 CH3X(21) -0.000 -0.000 -0.000 -0.000 -0.000
4 HOX(22) -0.000 -0.000 -0.000 -0.000 -0.000
5 H2OX(23) 0.000 0.001 0.001 0.001 0.001
6 CO2X(24) -0.000 -0.000 -0.000 -0.000 -0.000
7 OCX(25) -0.000 -0.000 -0.000 -0.000 -0.000
8 CX(26) -0.000 -0.000 -0.000 -0.000 -0.000
9 CH2X(27) 0.001 0.000 0.001 0.001 -0.000
10 CHX(28) -0.000 -0.000 -0.000 -0.000 -0.000
11 CH4X(48) -0.000 -0.000 -0.000 -0.000 -0.000
12 H2X(49) -0.000 -0.000 -0.000 -0.000 -0.000
13 C2H6X(52) -0.000 -0.000 -0.000 -0.000 -0.000
14 CH4OX(60) -0.000 -0.000 -0.000 -0.000 -0.000
15 C2H4X(65) -0.000 -0.000 -0.000 -0.000 -0.000
16 C2H4X(205) -0.000 -0.000 -0.000 -0.000 -0.000
Finished thermo sensitivity simulation for a C/O ratio of 1.1
Starting thermo sensitivity simulation for a C/O ratio of 0.6
0 X(1) -0.001 -0.001 -0.002 -0.003 -0.000
1 HX(19) 0.000 0.000 0.001 0.001 0.000
2 OX(20) 0.000 -0.000 -0.000 -0.001 -0.000
3 CH3X(21) -0.000 -0.000 -0.000 -0.000 -0.000
4 HOX(22) 0.000 0.000 0.000 -0.000 0.000
5 H2OX(23) -0.000 0.000 0.000 0.001 0.000
6 CO2X(24) -0.000 -0.000 -0.000 -0.000 -0.000
7 OCX(25) 0.000 -0.000 -0.000 -0.000 0.000
8 CX(26) 0.000 -0.000 0.000 -0.000 0.000
9 CH2X(27) 0.000 0.000 0.001 0.001 0.000
10 CHX(28) 0.000 0.000 0.000 0.000 0.000
11 CH4X(48) 0.000 0.000 0.000 0.000 0.000
12 H2X(49) -0.000 0.000 0.000 -0.000 -0.000
13 C2H6X(52) 0.000 0.000 0.000 -0.000 0.000
14 CH4OX(60) -0.000 0.000 0.000 -0.000 0.000
15 C2H4X(65) 0.000 0.000 0.000 -0.000 0.000
16 C2H4X(205) 0.000 0.000 0.000 -0.000 0.000
Finished thermo sensitivity simulation for a C/O ratio of 0.6
Starting thermo sensitivity simulation for a C/O ratio of 0.7
0 X(1) -0.001 -0.001 -0.002 -0.003 0.000
1 HX(19) 0.000 0.000 0.001 0.001 0.000
2 OX(20) 0.000 -0.001 -0.000 -0.001 -0.000
3 CH3X(21) 0.000 -0.000 0.000 -0.000 0.000
4 HOX(22) 0.000 0.000 0.000 -0.000 0.000
5 H2OX(23) -0.000 0.000 0.000 0.001 0.000
6 CO2X(24) 0.000 -0.000 -0.000 -0.000 0.000
7 OCX(25) 0.000 0.000 0.000 -0.000 0.000
8 CX(26) 0.000 0.000 0.000 -0.000 0.000
9 CH2X(27) 0.000 0.000 0.001 0.001 0.000
10 CHX(28) -0.000 0.000 0.000 -0.000 -0.000
11 CH4X(48) 0.000 0.000 0.000 -0.000 0.000
12 H2X(49) 0.000 0.000 0.000 -0.000 0.000
13 C2H6X(52) 0.000 0.000 0.000 -0.000 0.000
14 CH4OX(60) 0.000 0.000 0.000 -0.000 -0.000
15 C2H4X(65) 0.000 0.000 0.000 -0.000 0.000
16 C2H4X(205) 0.000 -0.000 0.000 -0.000 0.000
Finished thermo sensitivity simulation for a C/O ratio of 0.7
Starting thermo sensitivity simulation for a C/O ratio of 1.4
0 X(1) -0.001 -0.001 -0.002 -0.003 0.000
1 HX(19) 0.001 0.001 0.001 0.001 0.000
2 OX(20) -0.000 -0.001 -0.001 -0.001 -0.001
3 CH3X(21) 0.000 0.000 0.000 -0.000 0.000
4 HOX(22) 0.000 0.000 0.000 -0.000 0.000
5 H2OX(23) 0.000 0.001 0.001 0.001 0.001
6 CO2X(24) 0.000 0.000 0.000 -0.000 0.000
7 OCX(25) -0.003 -0.003 -0.007 -0.000 -0.005
8 CX(26) 0.000 0.000 0.000 -0.000 0.000
9 CH2X(27) 0.001 0.001 0.001 0.001 0.000
10 CHX(28) 0.000 0.000 0.000 -0.000 0.000
11 CH4X(48) 0.000 0.000 0.000 -0.000 0.000
12 H2X(49) 0.000 0.000 0.000 -0.000 0.000
13 C2H6X(52) 0.000 0.000 0.000 -0.000 0.000
14 CH4OX(60) 0.000 0.000 0.000 -0.000 0.000
15 C2H4X(65) 0.000 0.000 0.000 -0.000 0.000
16 C2H4X(205) 0.000 0.000 0.000 -0.000 0.000
Finished thermo sensitivity simulation for a C/O ratio of 1.4
Starting thermo sensitivity simulation for a C/O ratio of 2.2
0 X(1) -0.001 -0.001 -0.002 -0.003 -0.000
1 HX(19) 0.000 0.000 0.001 0.001 0.000
2 OX(20) -0.001 -0.001 -0.002 -0.001 -0.002
3 CH3X(21) -0.000 -0.000 -0.000 -0.000 -0.000
4 HOX(22) 0.000 -0.000 -0.000 -0.000 0.000
5 H2OX(23) 0.001 0.001 0.002 0.001 0.002
6 CO2X(24) -0.000 -0.000 -0.000 -0.000 -0.000
7 OCX(25) 0.000 -0.000 -0.000 -0.000 0.000
8 CX(26) 0.000 -0.000 -0.000 -0.000 0.000
9 CH2X(27) 0.000 0.000 0.001 0.001 -0.000
10 CHX(28) -0.000 -0.000 -0.000 -0.000 -0.000
11 CH4X(48) -0.000 -0.000 -0.000 -0.000 -0.000
12 H2X(49) 0.000 -0.000 -0.000 -0.000 -0.000
13 C2H6X(52) -0.000 -0.000 -0.000 -0.000 -0.000
14 CH4OX(60) 0.000 -0.000 -0.000 -0.000 0.000
15 C2H4X(65) -0.000 -0.000 -0.000 -0.000 -0.000
16 C2H4X(205) 0.000 0.000 0.000 -0.000 0.000
Finished thermo sensitivity simulation for a C/O ratio of 2.2
Starting thermo sensitivity simulation for a C/O ratio of 0.8
0 X(1) -0.001 -0.001 -0.002 -0.003 0.000
1 HX(19) 0.000 0.000 0.001 0.001 -0.000
2 OX(20) 0.000 -0.001 -0.000 -0.001 -0.000
3 CH3X(21) 0.000 0.000 0.000 -0.000 0.000
4 HOX(22) 0.000 0.000 0.000 0.000 0.000
5 H2OX(23) -0.000 0.001 0.000 0.001 0.000
6 CO2X(24) 0.000 0.000 0.000 -0.000 0.000
7 OCX(25) 0.000 0.000 0.000 -0.000 0.000
8 CX(26) -0.000 -0.000 -0.000 -0.000 -0.000
9 CH2X(27) 0.001 0.001 0.001 0.001 0.000
10 CHX(28) 0.000 0.000 0.000 -0.000 0.000
11 CH4X(48) 0.000 0.000 0.000 0.000 0.000
12 H2X(49) 0.000 0.000 0.000 -0.000 0.000
13 C2H6X(52) 0.000 0.000 0.000 -0.000 0.000
14 CH4OX(60) -0.000 -0.000 -0.000 -0.000 -0.000
15 C2H4X(65) 0.000 0.000 0.000 0.000 0.000
16 C2H4X(205) 0.000 0.000 0.000 0.000 0.000
Finished thermo sensitivity simulation for a C/O ratio of 0.8
Starting thermo sensitivity simulation for a C/O ratio of 0.9
0 X(1) -0.001 -0.001 -0.002 -0.003 -0.000
1 HX(19) 0.000 0.000 0.001 0.001 -0.000
2 OX(20) 0.000 -0.001 -0.001 -0.001 -0.000
3 CH3X(21) -0.000 -0.000 -0.000 0.000 -0.000
4 HOX(22) -0.000 -0.000 -0.000 0.000 -0.000
5 H2OX(23) -0.000 0.001 0.000 0.001 0.000
6 CO2X(24) -0.000 -0.000 -0.000 -0.000 -0.000
7 OCX(25) -0.000 -0.000 -0.000 -0.000 -0.000
8 CX(26) -0.000 -0.000 -0.000 -0.000 -0.000
9 CH2X(27) 0.000 0.000 0.001 0.001 -0.000
10 CHX(28) -0.000 -0.000 -0.000 -0.000 -0.000
11 CH4X(48) 0.001 0.001 0.001 -0.000 0.001
12 H2X(49) -0.000 -0.000 -0.000 0.000 -0.000
13 C2H6X(52) -0.000 -0.000 -0.000 -0.000 -0.000
14 CH4OX(60) -0.000 -0.000 -0.000 0.000 -0.000
15 C2H4X(65) -0.000 -0.000 -0.000 -0.000 -0.000
16 C2H4X(205) -0.000 -0.000 -0.000 -0.000 -0.000
Finished thermo sensitivity simulation for a C/O ratio of 0.9
Starting thermo sensitivity simulation for a C/O ratio of 1.0
0 X(1) -0.001 -0.001 -0.002 -0.003 -0.000
1 HX(19) 0.001 0.001 0.001 0.001 -0.000
2 OX(20) 0.000 -0.001 -0.001 -0.001 -0.000
3 CH3X(21) -0.000 -0.000 -0.000 0.000 -0.000
4 HOX(22) 0.000 0.000 0.000 -0.000 0.000
5 H2OX(23) -0.000 0.001 0.001 0.001 0.000
6 CO2X(24) -0.000 0.000 -0.000 -0.000 -0.000
7 OCX(25) -0.000 0.000 -0.000 -0.000 -0.000
8 CX(26) -0.000 0.000 0.000 -0.000 -0.000
9 CH2X(27) 0.001 0.001 0.001 0.001 -0.000
10 CHX(28) -0.000 -0.000 -0.000 -0.000 -0.000
11 CH4X(48) -0.000 0.000 0.000 -0.000 -0.000
12 H2X(49) -0.000 -0.000 -0.000 -0.000 -0.000
13 C2H6X(52) -0.000 -0.000 -0.000 -0.000 -0.000
14 CH4OX(60) -0.000 0.000 -0.000 -0.000 -0.000
15 C2H4X(65) -0.000 0.000 -0.000 -0.000 -0.000
16 C2H4X(205) -0.000 0.000 -0.000 0.000 -0.000
Finished thermo sensitivity simulation for a C/O ratio of 1.0
Starting thermo sensitivity simulation for a C/O ratio of 1.8
0 X(1) -0.001 -0.001 -0.002 -0.003 0.000
1 HX(19) 0.000 0.000 0.001 0.001 0.000
2 OX(20) -0.000 -0.001 -0.002 -0.001 -0.001
3 CH3X(21) 0.000 0.000 0.000 0.000 0.000
4 HOX(22) 0.000 0.000 0.000 0.000 0.000
5 H2OX(23) 0.000 0.001 0.002 0.001 0.001
6 CO2X(24) 0.000 0.000 0.000 0.000 0.000
7 OCX(25) 0.000 -0.000 0.000 -0.000 0.000
8 CX(26) 0.000 0.000 0.000 -0.000 0.000
9 CH2X(27) 0.000 0.000 0.001 0.001 0.000
10 CHX(28) 0.000 0.000 0.000 0.000 0.000
11 CH4X(48) 0.000 0.000 0.000 0.000 0.000
12 H2X(49) 0.000 0.000 0.000 0.000 0.000
13 C2H6X(52) 0.000 0.000 0.000 0.000 0.000
14 CH4OX(60) 0.000 -0.000 0.000 -0.000 0.000
15 C2H4X(65) 0.000 0.000 0.000 -0.000 0.000
16 C2H4X(205) 0.000 0.000 0.000 0.000 0.000
Finished thermo sensitivity simulation for a C/O ratio of 1.8
Starting thermo sensitivity simulation for a C/O ratio of 2.4
0 X(1) -0.001 -0.001 -0.001 -0.003 0.000
1 HX(19) 0.000 0.000 0.001 0.001 -0.000
2 OX(20) -0.001 -0.002 -0.002 -0.001 -0.002
3 CH3X(21) 0.000 -0.000 -0.000 0.000 0.000
4 HOX(22) 0.000 -0.000 -0.000 0.000 0.000
5 H2OX(23) 0.001 0.002 0.002 0.001 0.002
6 CO2X(24) -0.000 -0.000 -0.000 -0.000 0.000
7 OCX(25) 0.000 -0.000 -0.000 -0.000 0.000
8 CX(26) 0.000 0.000 0.000 -0.000 0.000
9 CH2X(27) 0.000 0.000 0.001 0.001 0.000
10 CHX(28) 0.000 -0.000 -0.000 -0.000 0.000
11 CH4X(48) 0.000 -0.000 -0.000 -0.000 0.000
12 H2X(49) -0.000 -0.000 -0.000 -0.000 -0.000
13 C2H6X(52) 0.000 -0.000 -0.000 -0.000 0.000
14 CH4OX(60) 0.000 -0.000 -0.000 -0.000 0.000
15 C2H4X(65) 0.000 -0.000 0.000 0.000 0.000
16 C2H4X(205) 0.000 -0.000 -0.000 0.000 0.000
Finished thermo sensitivity simulation for a C/O ratio of 2.4
Starting thermo sensitivity simulation for a C/O ratio of 2.6
0 X(1) -0.001 -0.001 -0.001 -0.003 -0.000
1 HX(19) 0.000 0.000 0.001 0.001 -0.000
2 OX(20) -0.001 -0.002 -0.002 -0.001 -0.002
3 CH3X(21) -0.000 -0.000 -0.000 -0.000 -0.000
4 HOX(22) 0.000 0.000 0.000 0.000 0.000
5 H2OX(23) 0.001 0.002 0.002 0.001 0.002
6 CO2X(24) 0.000 -0.000 -0.000 0.000 0.000
7 OCX(25) -0.000 -0.000 -0.000 0.000 -0.000
8 CX(26) -0.000 -0.000 -0.000 0.000 -0.000
9 CH2X(27) 0.000 0.000 0.001 0.001 -0.000
10 CHX(28) 0.000 -0.000 -0.000 0.000 0.000
11 CH4X(48) -0.000 -0.000 -0.000 0.000 -0.000
12 H2X(49) -0.000 -0.000 -0.000 0.000 -0.000
13 C2H6X(52) -0.000 -0.000 -0.000 0.000 -0.000
14 CH4OX(60) -0.000 -0.000 -0.000 0.000 0.000
15 C2H4X(65) -0.000 -0.000 -0.000 0.000 0.000
16 C2H4X(205) -0.000 -0.000 -0.000 -0.000 -0.000
Finished thermo sensitivity simulation for a C/O ratio of 2.6
Starting thermo sensitivity simulation for a C/O ratio of 2.0
0 X(1) -0.001 -0.001 -0.002 -0.003 0.000
1 HX(19) 0.000 0.000 0.001 0.001 0.000
2 OX(20) -0.001 -0.001 -0.002 -0.001 -0.001
3 CH3X(21) -0.000 -0.000 -0.000 0.000 -0.000
4 HOX(22) -0.000 -0.000 -0.000 0.000 -0.000
5 H2OX(23) 0.001 0.001 0.002 0.001 0.001
6 CO2X(24) -0.000 -0.000 -0.000 0.000 -0.000
7 OCX(25) -0.000 -0.000 -0.000 0.000 -0.000
8 CX(26) -0.000 -0.000 -0.000 0.000 -0.000
9 CH2X(27) 0.000 0.000 0.001 0.001 0.000
10 CHX(28) -0.000 -0.000 -0.000 0.000 -0.000
11 CH4X(48) -0.000 -0.000 -0.000 0.000 -0.000
12 H2X(49) -0.000 -0.000 -0.000 0.000 -0.000
13 C2H6X(52) 0.000 0.000 0.000 0.000 0.000
14 CH4OX(60) -0.000 -0.000 -0.000 0.000 -0.000
15 C2H4X(65) -0.000 -0.000 -0.000 0.000 -0.000
16 C2H4X(205) -0.000 -0.000 -0.000 0.000 -0.000
Finished thermo sensitivity simulation for a C/O ratio of 2.0
Starting thermo sensitivity simulation for a C/O ratio of 1.2
0 X(1) -0.001 -0.001 -0.002 -0.003 0.000
1 HX(19) 0.001 0.001 0.001 0.001 0.000
2 OX(20) -0.000 -0.001 -0.001 -0.001 -0.001
3 CH3X(21) 0.000 -0.000 -0.000 -0.000 -0.000
4 HOX(22) 0.000 -0.000 -0.000 -0.000 -0.000
5 H2OX(23) 0.000 0.001 0.001 0.001 0.001
6 CO2X(24) 0.000 -0.000 -0.000 -0.000 0.000
7 OCX(25) 0.000 -0.000 -0.000 -0.000 0.000
8 CX(26) 0.000 -0.000 -0.000 -0.000 0.000
9 CH2X(27) 0.001 0.001 0.001 0.001 0.000
10 CHX(28) 0.000 -0.000 -0.000 -0.000 -0.000
11 CH4X(48) 0.000 -0.000 0.000 -0.000 0.000
12 H2X(49) 0.000 -0.000 -0.000 -0.000 0.000
13 C2H6X(52) 0.000 0.000 0.000 -0.000 0.000
14 CH4OX(60) 0.000 -0.000 -0.000 -0.000 0.000
15 C2H4X(65) 0.000 -0.000 -0.000 -0.000 0.000
16 C2H4X(205) 0.000 -0.000 -0.000 -0.000 0.000
Finished thermo sensitivity simulation for a C/O ratio of 1.2
Starting thermo sensitivity simulation for a C/O ratio of 1.6
0 X(1) -0.001 -0.001 -0.002 -0.003 -0.000
1 HX(19) 0.000 0.001 0.001 0.001 -0.000
2 OX(20) -0.000 -0.001 -0.001 -0.001 -0.001
3 CH3X(21) -0.000 -0.000 -0.000 -0.000 -0.000
4 HOX(22) -0.000 0.000 0.000 -0.000 -0.000
5 H2OX(23) 0.000 0.001 0.001 0.001 0.001
6 CO2X(24) -0.000 -0.000 -0.000 0.000 -0.000
7 OCX(25) -0.000 0.000 0.000 -0.000 -0.000
8 CX(26) -0.000 -0.000 -0.000 -0.000 -0.000
9 CH2X(27) 0.000 0.001 0.001 0.001 -0.000
10 CHX(28) -0.000 -0.000 -0.000 -0.000 -0.000
11 CH4X(48) -0.000 0.000 -0.000 0.000 -0.000
12 H2X(49) -0.000 0.000 -0.000 0.000 -0.000
13 C2H6X(52) -0.000 0.000 0.000 -0.000 -0.000
14 CH4OX(60) -0.000 -0.000 -0.000 0.000 -0.000
15 C2H4X(65) -0.000 -0.000 -0.000 -0.000 -0.000
16 C2H4X(205) -0.000 -0.000 -0.000 -0.000 -0.000
Finished thermo sensitivity simulation for a C/O ratio of 1.6
Starting sensitivity simulation for a C/O ratio of 1.8
0 CH4(2) + X(1) <=> CH4X(48) 0.000 0.000 0.000 0.000 0.000
1 O2(3) + 2 X(1) <=> 2 OX(20) 0.504 1.000 1.499 1.239 0.887
2 H2(6) + 2 X(1) <=> 2 HX(19) -0.000 -0.000 -0.001 -0.000 -0.001
3 H(12) + X(1) <=> HX(19) -0.000 -0.000 -0.000 -0.000 -0.000
4 HX(19) + OX(20) <=> HOX(22) + X(1) 0.000 0.000 0.000 0.000 0.000
5 H2O(5) + 2 X(1) <=> HOX(22) + HX(19) 0.000 0.000 0.000 -0.000 0.000
6 OH(17) + X(1) <=> HOX(22) 0.000 0.000 0.000 -0.000 0.000
7 CH4(2) + 2 X(1) <=> CH3X(21) + HX(19) 0.000 -0.000 -0.000 -0.000 0.000
8 CH4(2) + OX(20) + X(1) <=> CH3X(21) + HOX(22) -0.005 -0.012 -0.017 -0.011 -0.013
9 C2H6(8) + 2 X(1) <=> 2 CH3X(21) -0.000 -0.000 -0.000 -0.000 -0.000
10 CH3(10) + X(1) <=> CH3X(21) -0.381 -1.381 -1.767 -0.493 -1.800
11 CH3OH(14) + 2 X(1) <=> CH3X(21) + HOX(22) 0.000 -0.000 -0.000 -0.000 -0.000
12 H2(6) + X(1) <=> H2X(49) 0.000 0.000 0.000 0.000 0.000
13 CH4(2) + HOX(22) + X(1) <=> CH3X(21) + H2OX(23) -0.000 -0.000 -0.000 -0.000 -0.000
14 H2O(5) + X(1) <=> H2OX(23) -0.000 -0.001 -0.001 -0.001 -0.001
15 H2OX(23) + OX(20) <=> 2 HOX(22) -0.347 -0.845 -1.195 -0.746 -0.892
16 HOX(22) + HX(19) <=> H2OX(23) + X(1) 0.000 0.000 0.000 -0.000 0.000
17 C2H6(8) + X(1) <=> C2H6X(52) 0.000 0.000 0.000 0.000 0.000
18 C2H4(47) + X(1) <=> C2H4X(205) 0.000 0.000 0.000 0.000 0.000
19 C2H4(18) + X(1) <=> C2H4X(65) 0.000 -0.000 -0.000 -0.000 0.000
20 CH3OH(14) + X(1) <=> CH4OX(60) 0.000 -0.000 0.000 0.000 0.000
21 CO2(4) + X(1) <=> CO2X(24) 0.000 0.000 0.000 0.000 0.000
22 CO(7) + X(1) <=> OCX(25) 0.000 -0.000 -0.000 -0.000 0.000
23 CX(26) + OX(20) <=> OCX(25) + X(1) 0.000 0.000 0.000 -0.000 0.000
24 OCX(25) + OX(20) <=> CO2X(24) + X(1) 0.000 -0.000 0.000 -0.000 0.000
25 CO2X(24) + HX(19) <=> HOX(22) + OCX(25) 0.000 0.000 0.000 0.000 0.000
26 CH2X(27) + HX(19) <=> CH3X(21) + X(1) -0.321 -0.321 -0.642 -1.000 -0.000
27 CHX(28) + HX(19) <=> CH2X(27) + X(1) -0.000 -0.000 -0.000 -0.000 0.000
28 CHX(28) + X(1) <=> CX(26) + HX(19) 0.000 0.000 0.000 -0.000 0.000
29 CX(26) + H2(6) <=> CH2X(27) 0.000 0.000 0.000 -0.000 0.000
Finished sensitivity simulation for a C/O ratio of 1.8
Finished translating for C/O ratio of 1.8
Starting sensitivity simulation for a C/O ratio of 0.7
0 CH4(2) + X(1) <=> CH4X(48) -0.000 0.000 0.000 -0.000 -0.000
1 O2(3) + 2 X(1) <=> 2 OX(20) 0.026 0.525 0.550 1.240 0.153
2 H2(6) + 2 X(1) <=> 2 HX(19) -0.000 -0.000 -0.000 -0.000 -0.000
3 H(12) + X(1) <=> HX(19) -0.000 -0.000 -0.000 -0.000 -0.000
4 HX(19) + OX(20) <=> HOX(22) + X(1) 0.000 -0.000 -0.000 0.000 0.000
5 H2O(5) + 2 X(1) <=> HOX(22) + HX(19) 0.000 -0.000 0.000 -0.000 0.000
6 OH(17) + X(1) <=> HOX(22) 0.000 0.000 0.000 -0.000 0.000
7 CH4(2) + 2 X(1) <=> CH3X(21) + HX(19) 0.000 0.000 0.000 -0.000 0.000
8 CH4(2) + OX(20) + X(1) <=> CH3X(21) + HOX(22) 0.003 -0.008 -0.005 -0.016 -0.003
9 C2H6(8) + 2 X(1) <=> 2 CH3X(21) -0.000 -0.000 -0.000 -0.000 -0.000
10 CH3(10) + X(1) <=> CH3X(21) 0.617 -0.372 0.247 -0.491 -0.310
11 CH3OH(14) + 2 X(1) <=> CH3X(21) + HOX(22) 0.000 -0.000 0.000 -0.000 -0.000
12 H2(6) + X(1) <=> H2X(49) 0.000 -0.000 -0.000 -0.000 0.000
13 CH4(2) + HOX(22) + X(1) <=> CH3X(21) + H2OX(23) 0.000 0.000 0.000 -0.000 0.000
14 H2O(5) + X(1) <=> H2OX(23) 0.000 -0.000 -0.000 -0.001 -0.000
15 H2OX(23) + OX(20) <=> 2 HOX(22) 0.139 -0.355 -0.215 -0.744 -0.153
16 HOX(22) + HX(19) <=> H2OX(23) + X(1) 0.000 0.000 0.000 -0.000 0.000
17 C2H6(8) + X(1) <=> C2H6X(52) 0.000 0.000 0.000 -0.000 0.000
18 C2H4(47) + X(1) <=> C2H4X(205) -0.000 0.000 -0.000 -0.000 -0.000
19 C2H4(18) + X(1) <=> C2H4X(65) 0.000 -0.000 -0.000 -0.000 0.000
20 CH3OH(14) + X(1) <=> CH4OX(60) 0.000 -0.000 -0.000 -0.000 0.000
21 CO2(4) + X(1) <=> CO2X(24) 0.000 -0.000 -0.000 -0.000 0.000
22 CO(7) + X(1) <=> OCX(25) -0.000 0.000 0.000 -0.000 -0.000
23 CX(26) + OX(20) <=> OCX(25) + X(1) 0.000 0.000 0.000 -0.000 0.000
24 OCX(25) + OX(20) <=> CO2X(24) + X(1) 0.000 0.000 0.000 -0.000 0.000
25 CO2X(24) + HX(19) <=> HOX(22) + OCX(25) 0.000 0.000 0.000 0.000 0.000
26 CH2X(27) + HX(19) <=> CH3X(21) + X(1) -0.342 -0.342 -0.685 -1.000 0.000
27 CHX(28) + HX(19) <=> CH2X(27) + X(1) -0.000 -0.000 -0.000 -0.000 0.000
28 CHX(28) + X(1) <=> CX(26) + HX(19) 0.000 -0.000 0.000 -0.000 -0.000
29 CX(26) + H2(6) <=> CH2X(27) 0.000 0.000 0.000 -0.000 0.000
Finished sensitivity simulation for a C/O ratio of 0.7
Finished translating for C/O ratio of 0.7
Starting sensitivity simulation for a C/O ratio of 0.6
0 CH4(2) + X(1) <=> CH4X(48) 0.000 -0.000 -0.000 -0.000 0.000
1 O2(3) + 2 X(1) <=> 2 OX(20) -0.021 0.478 0.456 1.240 0.108
2 H2(6) + 2 X(1) <=> 2 HX(19) -0.000 -0.000 -0.000 0.000 -0.000
3 H(12) + X(1) <=> HX(19) -0.000 -0.000 -0.000 -0.000 -0.000
4 HX(19) + OX(20) <=> HOX(22) + X(1) -0.000 -0.000 -0.000 -0.000 -0.000
5 H2O(5) + 2 X(1) <=> HOX(22) + HX(19) 0.000 -0.000 -0.000 -0.000 0.000
6 OH(17) + X(1) <=> HOX(22) 0.000 -0.000 -0.000 0.000 0.000
7 CH4(2) + 2 X(1) <=> CH3X(21) + HX(19) -0.000 -0.000 -0.000 -0.000 -0.000
8 CH4(2) + OX(20) + X(1) <=> CH3X(21) + HOX(22) 0.004 -0.007 -0.003 -0.017 -0.002
9 C2H6(8) + 2 X(1) <=> 2 CH3X(21) -0.000 -0.000 -0.000 -0.000 -0.000
10 CH3(10) + X(1) <=> CH3X(21) 0.680 -0.308 0.374 -0.490 -0.219
11 CH3OH(14) + 2 X(1) <=> CH3X(21) + HOX(22) 0.000 -0.000 -0.000 -0.000 0.000
12 H2(6) + X(1) <=> H2X(49) -0.000 -0.000 -0.000 -0.000 0.000
13 CH4(2) + HOX(22) + X(1) <=> CH3X(21) + H2OX(23) 0.000 -0.000 -0.000 -0.000 -0.000
14 H2O(5) + X(1) <=> H2OX(23) 0.000 -0.000 -0.000 -0.001 -0.000
15 H2OX(23) + OX(20) <=> 2 HOX(22) 0.179 -0.316 -0.137 -0.744 -0.108
16 HOX(22) + HX(19) <=> H2OX(23) + X(1) 0.000 -0.000 -0.000 -0.000 0.000
17 C2H6(8) + X(1) <=> C2H6X(52) 0.000 -0.000 -0.000 -0.000 0.000
18 C2H4(47) + X(1) <=> C2H4X(205) 0.000 0.000 0.000 -0.000 0.000
19 C2H4(18) + X(1) <=> C2H4X(65) -0.000 0.000 0.000 -0.000 0.000
20 CH3OH(14) + X(1) <=> CH4OX(60) -0.000 -0.000 -0.000 -0.000 -0.000
21 CO2(4) + X(1) <=> CO2X(24) 0.000 0.000 0.000 -0.000 0.000
22 CO(7) + X(1) <=> OCX(25) 0.000 -0.000 0.000 -0.000 0.000
23 CX(26) + OX(20) <=> OCX(25) + X(1) 0.000 -0.000 -0.000 -0.000 0.000
24 OCX(25) + OX(20) <=> CO2X(24) + X(1) -0.000 -0.000 -0.000 -0.000 -0.000
25 CO2X(24) + HX(19) <=> HOX(22) + OCX(25) 0.000 0.000 0.000 -0.000 0.000
26 CH2X(27) + HX(19) <=> CH3X(21) + X(1) -0.326 -0.326 -0.654 -1.000 -0.000
27 CHX(28) + HX(19) <=> CH2X(27) + X(1) -0.000 -0.000 -0.000 -0.000 0.000
28 CHX(28) + X(1) <=> CX(26) + HX(19) -0.000 -0.000 -0.000 -0.000 0.000
29 CX(26) + H2(6) <=> CH2X(27) -0.000 -0.000 -0.000 -0.000 0.000
Finished sensitivity simulation for a C/O ratio of 0.6
Finished translating for C/O ratio of 0.6
Starting sensitivity simulation for a C/O ratio of 2.0
0 CH4(2) + X(1) <=> CH4X(48) -0.000 -0.000 -0.000 0.000 -0.000
1 O2(3) + 2 X(1) <=> 2 OX(20) 0.572 1.067 1.633 1.238 0.995
2 H2(6) + 2 X(1) <=> 2 HX(19) -0.000 -0.000 -0.001 0.000 -0.001
3 H(12) + X(1) <=> HX(19) -0.000 -0.000 -0.000 0.000 -0.000
4 HX(19) + OX(20) <=> HOX(22) + X(1) -0.000 0.000 -0.000 0.000 -0.000
5 H2O(5) + 2 X(1) <=> HOX(22) + HX(19) -0.000 0.000 0.000 0.000 0.000
6 OH(17) + X(1) <=> HOX(22) -0.000 -0.000 -0.000 0.000 -0.000
7 CH4(2) + 2 X(1) <=> CH3X(21) + HX(19) -0.000 0.000 -0.000 -0.000 -0.000
8 CH4(2) + OX(20) + X(1) <=> CH3X(21) + HOX(22) -0.006 -0.013 -0.019 -0.010 -0.014
9 C2H6(8) + 2 X(1) <=> 2 CH3X(21) -0.000 -0.000 -0.000 0.000 -0.000
10 CH3(10) + X(1) <=> CH3X(21) -0.564 -1.566 -2.140 -0.493 -2.019
11 CH3OH(14) + 2 X(1) <=> CH3X(21) + HOX(22) -0.000 -0.000 -0.000 -0.000 -0.000
12 H2(6) + X(1) <=> H2X(49) 0.000 0.000 0.000 0.000 0.000
13 CH4(2) + HOX(22) + X(1) <=> CH3X(21) + H2OX(23) -0.000 -0.000 -0.000 -0.000 -0.000
14 H2O(5) + X(1) <=> H2OX(23) -0.000 -0.001 -0.001 -0.001 -0.001
15 H2OX(23) + OX(20) <=> 2 HOX(22) -0.426 -0.925 -1.355 -0.746 -1.000
16 HOX(22) + HX(19) <=> H2OX(23) + X(1) -0.000 -0.000 -0.000 -0.000 -0.000
17 C2H6(8) + X(1) <=> C2H6X(52) -0.000 0.000 -0.000 0.000 -0.000
18 C2H4(47) + X(1) <=> C2H4X(205) -0.000 -0.000 -0.000 0.000 -0.000
19 C2H4(18) + X(1) <=> C2H4X(65) 0.000 0.000 0.000 0.000 0.000
20 CH3OH(14) + X(1) <=> CH4OX(60) -0.000 -0.000 -0.000 -0.000 -0.000
21 CO2(4) + X(1) <=> CO2X(24) -0.000 -0.000 -0.000 0.000 -0.000
22 CO(7) + X(1) <=> OCX(25) 0.000 0.000 0.000 0.000 0.000
23 CX(26) + OX(20) <=> OCX(25) + X(1) -0.000 -0.000 -0.000 0.000 -0.000
24 OCX(25) + OX(20) <=> CO2X(24) + X(1) 0.000 0.000 0.000 0.000 0.000
25 CO2X(24) + HX(19) <=> HOX(22) + OCX(25) -0.000 -0.000 -0.000 0.000 -0.000
26 CH2X(27) + HX(19) <=> CH3X(21) + X(1) -0.297 -0.297 -0.594 -1.000 -0.000
27 CHX(28) + HX(19) <=> CH2X(27) + X(1) -0.000 -0.000 -0.000 -0.000 -0.000
28 CHX(28) + X(1) <=> CX(26) + HX(19) 0.000 0.000 0.000 0.000 0.000
29 CX(26) + H2(6) <=> CH2X(27) -0.000 -0.000 -0.000 0.000 -0.000
Finished sensitivity simulation for a C/O ratio of 2.0
Finished translating for C/O ratio of 2.0
Starting sensitivity simulation for a C/O ratio of 1.1
0 CH4(2) + X(1) <=> CH4X(48) -0.000 -0.000 -0.000 -0.000 -0.000
1 O2(3) + 2 X(1) <=> 2 OX(20) 0.214 0.711 0.924 1.239 0.404
2 H2(6) + 2 X(1) <=> 2 HX(19) -0.000 -0.000 -0.001 -0.000 -0.001
3 H(12) + X(1) <=> HX(19) -0.000 -0.000 -0.000 -0.000 -0.000
4 HX(19) + OX(20) <=> HOX(22) + X(1) -0.000 -0.000 -0.000 0.000 -0.000
5 H2O(5) + 2 X(1) <=> HOX(22) + HX(19) -0.000 -0.000 -0.000 -0.000 -0.000
6 OH(17) + X(1) <=> HOX(22) -0.000 -0.000 -0.000 -0.000 -0.000
7 CH4(2) + 2 X(1) <=> CH3X(21) + HX(19) -0.000 -0.000 -0.000 -0.000 -0.000
8 CH4(2) + OX(20) + X(1) <=> CH3X(21) + HOX(22) -0.001 -0.009 -0.010 -0.013 -0.007
9 C2H6(8) + 2 X(1) <=> 2 CH3X(21) -0.000 -0.000 -0.000 -0.000 -0.000
10 CH3(10) + X(1) <=> CH3X(21) 0.297 -0.695 -0.396 -0.492 -0.813
11 CH3OH(14) + 2 X(1) <=> CH3X(21) + HOX(22) -0.000 -0.000 -0.000 -0.000 -0.000
12 H2(6) + X(1) <=> H2X(49) -0.000 -0.000 -0.000 -0.000 -0.000
13 CH4(2) + HOX(22) + X(1) <=> CH3X(21) + H2OX(23) -0.000 -0.000 -0.000 -0.000 -0.000
14 H2O(5) + X(1) <=> H2OX(23) -0.000 -0.001 -0.001 -0.001 -0.000
15 H2OX(23) + OX(20) <=> 2 HOX(22) -0.033 -0.529 -0.562 -0.745 -0.403
16 HOX(22) + HX(19) <=> H2OX(23) + X(1) -0.000 -0.000 -0.000 -0.000 -0.000
17 C2H6(8) + X(1) <=> C2H6X(52) -0.000 -0.000 -0.000 -0.000 -0.000
18 C2H4(47) + X(1) <=> C2H4X(205) -0.000 -0.000 -0.000 -0.000 -0.000
19 C2H4(18) + X(1) <=> C2H4X(65) -0.000 -0.000 -0.000 -0.000 -0.000
20 CH3OH(14) + X(1) <=> CH4OX(60) -0.000 -0.000 -0.000 -0.000 -0.000
21 CO2(4) + X(1) <=> CO2X(24) -0.000 -0.000 -0.000 -0.000 -0.000
22 CO(7) + X(1) <=> OCX(25) -0.000 -0.000 -0.000 -0.000 -0.000
23 CX(26) + OX(20) <=> OCX(25) + X(1) -0.000 -0.000 -0.000 -0.000 -0.000
24 OCX(25) + OX(20) <=> CO2X(24) + X(1) -0.000 -0.000 -0.000 -0.000 -0.000
25 CO2X(24) + HX(19) <=> HOX(22) + OCX(25) -0.000 -0.000 -0.000 -0.000 -0.000
26 CH2X(27) + HX(19) <=> CH3X(21) + X(1) -0.368 -0.368 -0.737 -1.000 -0.000
27 CHX(28) + HX(19) <=> CH2X(27) + X(1) -0.000 -0.000 -0.000 -0.000 -0.000
28 CHX(28) + X(1) <=> CX(26) + HX(19) -0.000 -0.000 -0.000 -0.000 -0.000
29 CX(26) + H2(6) <=> CH2X(27) -0.000 -0.000 -0.000 -0.000 -0.000
Finished sensitivity simulation for a C/O ratio of 1.1
Finished translating for C/O ratio of 1.1
Starting sensitivity simulation for a C/O ratio of 0.8
0 CH4(2) + X(1) <=> CH4X(48) 0.000 0.000 0.000 -0.000 0.000
1 O2(3) + 2 X(1) <=> 2 OX(20) 0.074 0.572 0.645 1.240 0.207
2 H2(6) + 2 X(1) <=> 2 HX(19) -0.000 -0.000 -0.001 -0.000 -0.001
3 H(12) + X(1) <=> HX(19) 0.000 0.000 0.000 -0.000 0.000
4 HX(19) + OX(20) <=> HOX(22) + X(1) -0.000 -0.000 -0.000 -0.000 -0.000
5 H2O(5) + 2 X(1) <=> HOX(22) + HX(19) -0.000 -0.000 -0.000 0.000 -0.000
6 OH(17) + X(1) <=> HOX(22) 0.000 0.000 0.000 -0.000 0.000
7 CH4(2) + 2 X(1) <=> CH3X(21) + HX(19) 0.000 0.000 0.000 -0.000 0.000
8 CH4(2) + OX(20) + X(1) <=> CH3X(21) + HOX(22) 0.002 -0.008 -0.006 -0.015 -0.004
9 C2H6(8) + 2 X(1) <=> 2 CH3X(21) -0.000 -0.000 -0.000 0.000 -0.000
10 CH3(10) + X(1) <=> CH3X(21) 0.545 -0.444 0.104 -0.491 -0.418
11 CH3OH(14) + 2 X(1) <=> CH3X(21) + HOX(22) 0.000 0.000 0.000 -0.000 0.000
12 H2(6) + X(1) <=> H2X(49) -0.000 -0.000 -0.000 0.000 -0.000
13 CH4(2) + HOX(22) + X(1) <=> CH3X(21) + H2OX(23) -0.000 -0.000 -0.000 -0.000 -0.000
14 H2O(5) + X(1) <=> H2OX(23) 0.000 -0.000 -0.000 -0.001 -0.000
15 H2OX(23) + OX(20) <=> 2 HOX(22) 0.098 -0.397 -0.298 -0.745 -0.207
16 HOX(22) + HX(19) <=> H2OX(23) + X(1) -0.000 -0.000 -0.000 -0.000 -0.000
17 C2H6(8) + X(1) <=> C2H6X(52) 0.000 0.000 0.001 -0.000 0.000
18 C2H4(47) + X(1) <=> C2H4X(205) 0.000 0.000 0.000 -0.000 0.000
19 C2H4(18) + X(1) <=> C2H4X(65) -0.000 -0.000 -0.000 -0.000 -0.000
20 CH3OH(14) + X(1) <=> CH4OX(60) 0.000 0.000 0.000 -0.000 0.000
21 CO2(4) + X(1) <=> CO2X(24) 0.000 0.000 0.000 -0.000 0.000
22 CO(7) + X(1) <=> OCX(25) -0.000 -0.000 -0.000 -0.000 -0.000
23 CX(26) + OX(20) <=> OCX(25) + X(1) 0.000 0.000 0.000 -0.000 0.000
24 OCX(25) + OX(20) <=> CO2X(24) + X(1) 0.000 0.000 0.000 0.000 0.000
25 CO2X(24) + HX(19) <=> HOX(22) + OCX(25) 0.000 0.000 0.000 0.000 0.000
26 CH2X(27) + HX(19) <=> CH3X(21) + X(1) -0.353 -0.353 -0.708 -1.000 0.000
27 CHX(28) + HX(19) <=> CH2X(27) + X(1) -0.000 -0.000 -0.000 -0.000 0.000
28 CHX(28) + X(1) <=> CX(26) + HX(19) 0.000 0.000 0.001 -0.000 0.000
29 CX(26) + H2(6) <=> CH2X(27) -0.000 0.000 -0.000 -0.000 -0.000
Finished sensitivity simulation for a C/O ratio of 0.8
Finished translating for C/O ratio of 0.8
Starting sensitivity simulation for a C/O ratio of 1.2
0 CH4(2) + X(1) <=> CH4X(48) 0.000 0.000 0.000 -0.000 0.000
1 O2(3) + 2 X(1) <=> 2 OX(20) 0.258 0.755 1.011 1.239 0.474
2 H2(6) + 2 X(1) <=> 2 HX(19) -0.000 -0.000 -0.001 -0.000 -0.001
3 H(12) + X(1) <=> HX(19) -0.000 -0.000 -0.000 -0.000 -0.000
4 HX(19) + OX(20) <=> HOX(22) + X(1) 0.000 -0.000 -0.000 -0.000 0.000
5 H2O(5) + 2 X(1) <=> HOX(22) + HX(19) 0.000 -0.000 -0.000 -0.000 0.000
6 OH(17) + X(1) <=> HOX(22) 0.000 -0.000 -0.000 -0.000 0.000
7 CH4(2) + 2 X(1) <=> CH3X(21) + HX(19) -0.000 -0.000 -0.000 -0.000 -0.000
8 CH4(2) + OX(20) + X(1) <=> CH3X(21) + HOX(22) -0.001 -0.010 -0.011 -0.013 -0.008
9 C2H6(8) + 2 X(1) <=> 2 CH3X(21) -0.000 -0.000 -0.000 -0.000 -0.000
10 CH3(10) + X(1) <=> CH3X(21) 0.205 -0.789 -0.583 -0.492 -0.961
11 CH3OH(14) + 2 X(1) <=> CH3X(21) + HOX(22) 0.000 -0.000 -0.000 -0.000 -0.000
12 H2(6) + X(1) <=> H2X(49) 0.000 -0.000 -0.000 -0.000 0.000
13 CH4(2) + HOX(22) + X(1) <=> CH3X(21) + H2OX(23) -0.000 -0.000 -0.000 -0.000 -0.000
14 H2O(5) + X(1) <=> H2OX(23) -0.000 -0.001 -0.001 -0.001 -0.000
15 H2OX(23) + OX(20) <=> 2 HOX(22) -0.078 -0.575 -0.653 -0.745 -0.476
16 HOX(22) + HX(19) <=> H2OX(23) + X(1) 0.000 -0.000 -0.000 -0.000 0.000
17 C2H6(8) + X(1) <=> C2H6X(52) 0.000 -0.000 0.000 -0.000 0.000
18 C2H4(47) + X(1) <=> C2H4X(205) 0.000 -0.000 -0.000 -0.000 0.000
19 C2H4(18) + X(1) <=> C2H4X(65) 0.000 0.000 0.000 -0.000 0.000
20 CH3OH(14) + X(1) <=> CH4OX(60) 0.000 -0.000 -0.000 -0.000 0.000
21 CO2(4) + X(1) <=> CO2X(24) 0.000 -0.000 -0.000 -0.000 -0.000
22 CO(7) + X(1) <=> OCX(25) 0.000 -0.000 -0.000 -0.000 0.000
23 CX(26) + OX(20) <=> OCX(25) + X(1) 0.000 -0.000 -0.000 -0.000 -0.000
24 OCX(25) + OX(20) <=> CO2X(24) + X(1) 0.000 -0.000 -0.000 -0.000 -0.000
25 CO2X(24) + HX(19) <=> HOX(22) + OCX(25) 0.000 -0.000 -0.000 0.000 -0.000
26 CH2X(27) + HX(19) <=> CH3X(21) + X(1) -0.367 -0.367 -0.735 -1.000 -0.000
27 CHX(28) + HX(19) <=> CH2X(27) + X(1) -0.000 -0.000 -0.000 -0.000 0.000
28 CHX(28) + X(1) <=> CX(26) + HX(19) 0.000 -0.000 -0.000 -0.000 0.000
29 CX(26) + H2(6) <=> CH2X(27) 0.000 -0.000 -0.000 -0.000 0.000
Finished sensitivity simulation for a C/O ratio of 1.2
Finished translating for C/O ratio of 1.2
Starting sensitivity simulation for a C/O ratio of 1.0
0 CH4(2) + X(1) <=> CH4X(48) -0.000 -0.000 -0.000 -0.000 -0.000
1 O2(3) + 2 X(1) <=> 2 OX(20) 0.167 0.664 0.830 1.239 0.332
2 H2(6) + 2 X(1) <=> 2 HX(19) -0.000 -0.000 -0.001 -0.000 -0.001
3 H(12) + X(1) <=> HX(19) -0.000 -0.000 -0.000 -0.000 -0.000
4 HX(19) + OX(20) <=> HOX(22) + X(1) -0.000 0.000 -0.000 -0.000 -0.000
5 H2O(5) + 2 X(1) <=> HOX(22) + HX(19) -0.000 0.000 -0.000 -0.000 -0.000
6 OH(17) + X(1) <=> HOX(22) -0.000 -0.000 -0.000 -0.000 -0.000
7 CH4(2) + 2 X(1) <=> CH3X(21) + HX(19) -0.000 0.000 -0.000 -0.000 -0.000
8 CH4(2) + OX(20) + X(1) <=> CH3X(21) + HOX(22) 0.000 -0.009 -0.009 -0.014 -0.006
9 C2H6(8) + 2 X(1) <=> 2 CH3X(21) -0.000 -0.000 -0.000 -0.000 -0.000
10 CH3(10) + X(1) <=> CH3X(21) 0.386 -0.606 -0.217 -0.492 -0.671
11 CH3OH(14) + 2 X(1) <=> CH3X(21) + HOX(22) -0.000 -0.000 -0.000 -0.000 -0.000
12 H2(6) + X(1) <=> H2X(49) 0.000 0.000 0.000 -0.000 0.000
13 CH4(2) + HOX(22) + X(1) <=> CH3X(21) + H2OX(23) -0.000 -0.000 -0.000 -0.000 -0.000
14 H2O(5) + X(1) <=> H2OX(23) 0.000 -0.000 -0.000 -0.001 -0.000
15 H2OX(23) + OX(20) <=> 2 HOX(22) 0.012 -0.483 -0.471 -0.745 -0.332
16 HOX(22) + HX(19) <=> H2OX(23) + X(1) -0.000 -0.000 -0.000 -0.000 -0.000
17 C2H6(8) + X(1) <=> C2H6X(52) -0.000 -0.000 -0.000 -0.000 -0.000
18 C2H4(47) + X(1) <=> C2H4X(205) -0.000 0.000 0.000 -0.000 -0.000
19 C2H4(18) + X(1) <=> C2H4X(65) -0.000 -0.000 -0.000 -0.000 -0.000
20 CH3OH(14) + X(1) <=> CH4OX(60) -0.000 0.000 0.000 0.000 -0.000
21 CO2(4) + X(1) <=> CO2X(24) 0.000 0.000 0.000 -0.000 -0.000
22 CO(7) + X(1) <=> OCX(25) -0.000 -0.000 -0.000 -0.000 -0.000
23 CX(26) + OX(20) <=> OCX(25) + X(1) -0.000 -0.000 -0.000 -0.000 -0.000
24 OCX(25) + OX(20) <=> CO2X(24) + X(1) -0.000 -0.000 -0.000 -0.000 -0.000
25 CO2X(24) + HX(19) <=> HOX(22) + OCX(25) -0.000 -0.000 -0.000 -0.000 -0.000
26 CH2X(27) + HX(19) <=> CH3X(21) + X(1) -0.366 -0.366 -0.734 -1.000 -0.000
27 CHX(28) + HX(19) <=> CH2X(27) + X(1) -0.000 -0.000 -0.000 -0.000 -0.000
28 CHX(28) + X(1) <=> CX(26) + HX(19) -0.000 -0.000 -0.000 -0.000 -0.000
29 CX(26) + H2(6) <=> CH2X(27) -0.000 -0.000 -0.000 -0.000 -0.000
Finished sensitivity simulation for a C/O ratio of 1.0
Finished translating for C/O ratio of 1.0
Starting sensitivity simulation for a C/O ratio of 1.4
0 CH4(2) + X(1) <=> CH4X(48) 0.000 0.000 0.000 -0.000 0.000
1 O2(3) + 2 X(1) <=> 2 OX(20) 0.344 0.840 1.181 1.239 0.617
2 H2(6) + 2 X(1) <=> 2 HX(19) -0.000 -0.000 -0.001 -0.000 -0.001
3 H(12) + X(1) <=> HX(19) 0.000 0.000 0.000 -0.000 0.000
4 HX(19) + OX(20) <=> HOX(22) + X(1) 0.000 0.000 0.000 -0.000 0.000
5 H2O(5) + 2 X(1) <=> HOX(22) + HX(19) 0.000 0.000 0.000 -0.000 0.000
6 OH(17) + X(1) <=> HOX(22) 0.000 0.000 0.000 -0.000 0.000
7 CH4(2) + 2 X(1) <=> CH3X(21) + HX(19) 0.000 0.000 0.000 -0.000 0.000
8 CH4(2) + OX(20) + X(1) <=> CH3X(21) + HOX(22) -0.003 -0.011 -0.013 -0.012 -0.010
9 C2H6(8) + 2 X(1) <=> 2 CH3X(21) 0.000 0.000 0.000 -0.000 0.000
10 CH3(10) + X(1) <=> CH3X(21) 0.012 -0.984 -0.972 -0.493 -1.257
11 CH3OH(14) + 2 X(1) <=> CH3X(21) + HOX(22) 0.000 0.000 0.000 -0.000 0.000
12 H2(6) + X(1) <=> H2X(49) 0.000 0.000 0.000 -0.000 0.000
13 CH4(2) + HOX(22) + X(1) <=> CH3X(21) + H2OX(23) 0.000 0.000 0.000 -0.000 0.000
14 H2O(5) + X(1) <=> H2OX(23) -0.000 -0.001 -0.001 -0.001 -0.000
15 H2OX(23) + OX(20) <=> 2 HOX(22) -0.169 -0.666 -0.836 -0.745 -0.622
16 HOX(22) + HX(19) <=> H2OX(23) + X(1) -0.000 -0.000 -0.001 -0.000 -0.000
17 C2H6(8) + X(1) <=> C2H6X(52) 0.000 0.000 0.000 -0.000 0.000
18 C2H4(47) + X(1) <=> C2H4X(205) -0.000 -0.000 -0.001 -0.000 -0.001
19 C2H4(18) + X(1) <=> C2H4X(65) 0.000 0.000 0.000 -0.000 0.000
20 CH3OH(14) + X(1) <=> CH4OX(60) 0.000 0.000 0.000 -0.000 0.000
21 CO2(4) + X(1) <=> CO2X(24) 0.000 0.000 0.000 -0.000 0.000
22 CO(7) + X(1) <=> OCX(25) 0.000 0.000 0.000 -0.000 0.000
23 CX(26) + OX(20) <=> OCX(25) + X(1) 0.000 0.000 0.000 -0.000 0.000
24 OCX(25) + OX(20) <=> CO2X(24) + X(1) 0.000 0.000 0.000 -0.000 0.000
25 CO2X(24) + HX(19) <=> HOX(22) + OCX(25) 0.000 0.000 0.000 -0.000 0.000
26 CH2X(27) + HX(19) <=> CH3X(21) + X(1) -0.358 -0.358 -0.717 -1.000 0.000
27 CHX(28) + HX(19) <=> CH2X(27) + X(1) -0.000 -0.000 -0.000 -0.000 0.000
28 CHX(28) + X(1) <=> CX(26) + HX(19) 0.000 0.000 0.000 -0.000 0.000
29 CX(26) + H2(6) <=> CH2X(27) 0.000 0.000 0.000 -0.000 0.000
Finished sensitivity simulation for a C/O ratio of 1.4
Finished translating for C/O ratio of 1.4
Starting sensitivity simulation for a C/O ratio of 1.3
0 CH4(2) + X(1) <=> CH4X(48) -0.000 0.000 0.000 -0.000 -0.000
1 O2(3) + 2 X(1) <=> 2 OX(20) 0.303 0.800 1.101 1.239 0.549
2 H2(6) + 2 X(1) <=> 2 HX(19) -0.000 -0.000 -0.001 -0.000 -0.001
3 H(12) + X(1) <=> HX(19) -0.000 -0.000 -0.000 -0.000 -0.000
4 HX(19) + OX(20) <=> HOX(22) + X(1) -0.000 0.000 -0.000 -0.000 -0.000
5 H2O(5) + 2 X(1) <=> HOX(22) + HX(19) -0.000 0.000 0.000 -0.000 -0.000
6 OH(17) + X(1) <=> HOX(22) -0.000 0.000 0.000 -0.000 -0.000
7 CH4(2) + 2 X(1) <=> CH3X(21) + HX(19) -0.000 0.000 0.000 -0.000 -0.000
8 CH4(2) + OX(20) + X(1) <=> CH3X(21) + HOX(22) -0.002 -0.010 -0.012 -0.012 -0.009
9 C2H6(8) + 2 X(1) <=> 2 CH3X(21) -0.000 -0.000 -0.000 -0.000 -0.000
10 CH3(10) + X(1) <=> CH3X(21) 0.109 -0.886 -0.776 -0.492 -1.110
11 CH3OH(14) + 2 X(1) <=> CH3X(21) + HOX(22) -0.000 -0.000 -0.000 -0.000 -0.000
12 H2(6) + X(1) <=> H2X(49) -0.000 0.000 0.000 -0.000 -0.000
13 CH4(2) + HOX(22) + X(1) <=> CH3X(21) + H2OX(23) -0.000 -0.000 -0.000 -0.000 -0.000
14 H2O(5) + X(1) <=> H2OX(23) -0.000 -0.001 -0.001 -0.001 -0.000
15 H2OX(23) + OX(20) <=> 2 HOX(22) -0.124 -0.621 -0.746 -0.745 -0.550
16 HOX(22) + HX(19) <=> H2OX(23) + X(1) -0.000 0.000 0.000 -0.000 -0.000
17 C2H6(8) + X(1) <=> C2H6X(52) -0.000 0.000 0.000 -0.000 -0.000
18 C2H4(47) + X(1) <=> C2H4X(205) -0.000 0.000 0.000 -0.000 -0.000
19 C2H4(18) + X(1) <=> C2H4X(65) -0.000 0.000 0.000 -0.000 -0.000
20 CH3OH(14) + X(1) <=> CH4OX(60) -0.000 0.000 0.000 -0.000 -0.000
21 CO2(4) + X(1) <=> CO2X(24) 0.000 0.000 0.001 -0.000 0.001
22 CO(7) + X(1) <=> OCX(25) -0.000 0.000 0.000 -0.000 -0.000
23 CX(26) + OX(20) <=> OCX(25) + X(1) 0.000 0.000 0.000 -0.000 0.000
24 OCX(25) + OX(20) <=> CO2X(24) + X(1) -0.000 0.000 -0.000 -0.000 -0.000
25 CO2X(24) + HX(19) <=> HOX(22) + OCX(25) -0.000 0.000 0.000 -0.000 -0.000
26 CH2X(27) + HX(19) <=> CH3X(21) + X(1) -0.364 -0.364 -0.728 -1.000 -0.000
27 CHX(28) + HX(19) <=> CH2X(27) + X(1) -0.000 -0.000 -0.000 -0.000 -0.000
28 CHX(28) + X(1) <=> CX(26) + HX(19) -0.000 0.000 0.000 -0.000 -0.000
29 CX(26) + H2(6) <=> CH2X(27) -0.000 0.000 0.000 -0.000 -0.000
Finished sensitivity simulation for a C/O ratio of 1.3
Finished translating for C/O ratio of 1.3
Starting sensitivity simulation for a C/O ratio of 0.9
0 CH4(2) + X(1) <=> CH4X(48) -0.000 -0.000 -0.000 -0.000 -0.000
1 O2(3) + 2 X(1) <=> 2 OX(20) 0.120 0.618 0.738 1.240 0.266
2 H2(6) + 2 X(1) <=> 2 HX(19) -0.000 -0.000 -0.001 -0.000 -0.001
3 H(12) + X(1) <=> HX(19) -0.000 -0.000 -0.000 -0.000 -0.000
4 HX(19) + OX(20) <=> HOX(22) + X(1) -0.000 -0.000 -0.000 0.000 -0.000
5 H2O(5) + 2 X(1) <=> HOX(22) + HX(19) 0.000 0.000 0.000 -0.000 0.000
6 OH(17) + X(1) <=> HOX(22) -0.000 -0.000 -0.000 0.000 -0.000
7 CH4(2) + 2 X(1) <=> CH3X(21) + HX(19) -0.000 -0.000 -0.000 -0.000 -0.000
8 CH4(2) + OX(20) + X(1) <=> CH3X(21) + HOX(22) 0.001 -0.008 -0.007 -0.014 -0.005
9 C2H6(8) + 2 X(1) <=> 2 CH3X(21) -0.000 -0.000 -0.000 -0.000 -0.000
10 CH3(10) + X(1) <=> CH3X(21) 0.469 -0.521 -0.049 -0.491 -0.538
11 CH3OH(14) + 2 X(1) <=> CH3X(21) + HOX(22) -0.000 -0.000 -0.000 -0.000 -0.000
12 H2(6) + X(1) <=> H2X(49) -0.000 -0.000 -0.000 -0.000 -0.000
13 CH4(2) + HOX(22) + X(1) <=> CH3X(21) + H2OX(23) -0.000 -0.000 -0.000 -0.000 -0.000
14 H2O(5) + X(1) <=> H2OX(23) 0.000 -0.000 -0.000 -0.001 -0.000
15 H2OX(23) + OX(20) <=> 2 HOX(22) 0.056 -0.439 -0.383 -0.745 -0.266
16 HOX(22) + HX(19) <=> H2OX(23) + X(1) -0.000 -0.000 -0.000 -0.000 -0.000
17 C2H6(8) + X(1) <=> C2H6X(52) -0.000 -0.000 -0.000 0.000 -0.000
18 C2H4(47) + X(1) <=> C2H4X(205) -0.000 0.000 -0.000 -0.000 -0.000
19 C2H4(18) + X(1) <=> C2H4X(65) -0.000 -0.000 -0.000 -0.000 -0.000
20 CH3OH(14) + X(1) <=> CH4OX(60) -0.000 -0.000 -0.000 -0.000 -0.000
21 CO2(4) + X(1) <=> CO2X(24) -0.000 -0.000 -0.000 0.000 -0.000
22 CO(7) + X(1) <=> OCX(25) -0.000 -0.000 -0.000 -0.000 -0.000
23 CX(26) + OX(20) <=> OCX(25) + X(1) -0.000 -0.000 -0.000 -0.000 -0.000
24 OCX(25) + OX(20) <=> CO2X(24) + X(1) -0.000 -0.000 -0.000 -0.000 -0.000
25 CO2X(24) + HX(19) <=> HOX(22) + OCX(25) -0.000 -0.000 -0.000 0.000 -0.000
26 CH2X(27) + HX(19) <=> CH3X(21) + X(1) -0.361 -0.361 -0.724 -1.000 -0.000
27 CHX(28) + HX(19) <=> CH2X(27) + X(1) -0.000 -0.000 -0.000 -0.000 -0.000
28 CHX(28) + X(1) <=> CX(26) + HX(19) -0.000 -0.000 -0.000 -0.000 -0.000
29 CX(26) + H2(6) <=> CH2X(27) -0.000 -0.000 -0.000 -0.000 -0.000
Finished sensitivity simulation for a C/O ratio of 0.9
Finished translating for C/O ratio of 0.9
Starting sensitivity simulation for a C/O ratio of 1.6
0 CH4(2) + X(1) <=> CH4X(48) -0.000 -0.000 -0.000 -0.000 -0.000
1 O2(3) + 2 X(1) <=> 2 OX(20) 0.429 0.925 1.349 1.239 0.761
2 H2(6) + 2 X(1) <=> 2 HX(19) -0.000 -0.000 -0.001 -0.000 -0.001
3 H(12) + X(1) <=> HX(19) -0.000 -0.000 -0.000 -0.000 -0.000
4 HX(19) + OX(20) <=> HOX(22) + X(1) -0.000 -0.000 -0.000 0.000 -0.000
5 H2O(5) + 2 X(1) <=> HOX(22) + HX(19) -0.000 -0.000 -0.000 -0.000 -0.000
6 OH(17) + X(1) <=> HOX(22) -0.000 -0.000 -0.000 0.000 -0.000
7 CH4(2) + 2 X(1) <=> CH3X(21) + HX(19) -0.000 0.000 -0.000 0.000 -0.000
8 CH4(2) + OX(20) + X(1) <=> CH3X(21) + HOX(22) -0.004 -0.011 -0.015 -0.011 -0.012
9 C2H6(8) + 2 X(1) <=> 2 CH3X(21) -0.000 -0.000 -0.000 -0.000 -0.000
10 CH3(10) + X(1) <=> CH3X(21) -0.187 -1.185 -1.373 -0.493 -1.543
11 CH3OH(14) + 2 X(1) <=> CH3X(21) + HOX(22) -0.000 -0.000 -0.000 -0.000 -0.000
12 H2(6) + X(1) <=> H2X(49) -0.000 -0.000 -0.000 -0.000 -0.000
13 CH4(2) + HOX(22) + X(1) <=> CH3X(21) + H2OX(23) -0.000 -0.000 -0.000 -0.000 -0.000
14 H2O(5) + X(1) <=> H2OX(23) -0.000 -0.001 -0.001 -0.001 -0.001
15 H2OX(23) + OX(20) <=> 2 HOX(22) -0.260 -0.758 -1.021 -0.745 -0.764
16 HOX(22) + HX(19) <=> H2OX(23) + X(1) -0.000 0.000 0.000 0.000 -0.000
17 C2H6(8) + X(1) <=> C2H6X(52) -0.000 -0.000 -0.000 -0.000 -0.000
18 C2H4(47) + X(1) <=> C2H4X(205) -0.000 0.000 0.000 -0.000 -0.000
19 C2H4(18) + X(1) <=> C2H4X(65) -0.000 -0.000 -0.000 -0.000 -0.000
20 CH3OH(14) + X(1) <=> CH4OX(60) -0.000 0.000 0.000 -0.000 -0.000
21 CO2(4) + X(1) <=> CO2X(24) -0.000 -0.000 -0.000 0.000 -0.000
22 CO(7) + X(1) <=> OCX(25) -0.000 0.000 0.000 -0.000 -0.000
23 CX(26) + OX(20) <=> OCX(25) + X(1) -0.000 -0.000 -0.000 -0.000 -0.000
24 OCX(25) + OX(20) <=> CO2X(24) + X(1) 0.000 -0.000 0.000 -0.000 0.000
25 CO2X(24) + HX(19) <=> HOX(22) + OCX(25) -0.000 0.000 -0.000 0.000 -0.000
26 CH2X(27) + HX(19) <=> CH3X(21) + X(1) -0.342 -0.342 -0.685 -1.000 -0.000
27 CHX(28) + HX(19) <=> CH2X(27) + X(1) -0.000 -0.000 -0.000 -0.000 -0.000
28 CHX(28) + X(1) <=> CX(26) + HX(19) -0.000 0.000 0.000 -0.000 -0.000
29 CX(26) + H2(6) <=> CH2X(27) -0.000 -0.000 -0.000 0.000 -0.000
Finished sensitivity simulation for a C/O ratio of 1.6
Finished translating for C/O ratio of 1.6
Starting sensitivity simulation for a C/O ratio of 2.4
0 CH4(2) + X(1) <=> CH4X(48) 0.000 -0.000 -0.000 0.000 0.000
1 O2(3) + 2 X(1) <=> 2 OX(20) 0.683 1.178 1.853 1.238 1.157
2 H2(6) + 2 X(1) <=> 2 HX(19) -0.000 -0.000 -0.001 -0.000 -0.000
3 H(12) + X(1) <=> HX(19) -0.000 -0.000 -0.000 -0.000 -0.000
4 HX(19) + OX(20) <=> HOX(22) + X(1) 0.000 -0.000 -0.000 -0.000 0.000
5 H2O(5) + 2 X(1) <=> HOX(22) + HX(19) -0.000 -0.000 -0.000 -0.000 -0.000
6 OH(17) + X(1) <=> HOX(22) -0.000 -0.000 -0.000 -0.000 0.000
7 CH4(2) + 2 X(1) <=> CH3X(21) + HX(19) 0.000 -0.000 -0.000 -0.000 0.000
8 CH4(2) + OX(20) + X(1) <=> CH3X(21) + HOX(22) -0.007 -0.014 -0.021 -0.010 -0.015
9 C2H6(8) + 2 X(1) <=> 2 CH3X(21) -0.000 -0.000 -0.000 0.000 -0.000
10 CH3(10) + X(1) <=> CH3X(21) -0.887 -1.893 -2.796 -0.494 -2.351
11 CH3OH(14) + 2 X(1) <=> CH3X(21) + HOX(22) -0.000 -0.000 -0.000 -0.000 -0.000
12 H2(6) + X(1) <=> H2X(49) -0.000 -0.000 -0.000 -0.000 0.000
13 CH4(2) + HOX(22) + X(1) <=> CH3X(21) + H2OX(23) -0.000 -0.000 -0.000 -0.000 -0.000
14 H2O(5) + X(1) <=> H2OX(23) -0.001 -0.001 -0.001 -0.001 -0.001
15 H2OX(23) + OX(20) <=> 2 HOX(22) -0.562 -1.062 -1.630 -0.746 -1.165
16 HOX(22) + HX(19) <=> H2OX(23) + X(1) 0.000 -0.000 -0.000 0.000 0.000
17 C2H6(8) + X(1) <=> C2H6X(52) 0.000 -0.000 -0.000 -0.000 0.000
18 C2H4(47) + X(1) <=> C2H4X(205) 0.000 -0.000 -0.000 0.000 0.000
19 C2H4(18) + X(1) <=> C2H4X(65) 0.000 -0.000 -0.000 -0.000 0.000
20 CH3OH(14) + X(1) <=> CH4OX(60) -0.000 -0.000 -0.000 -0.000 -0.000
21 CO2(4) + X(1) <=> CO2X(24) -0.000 -0.000 -0.000 -0.000 -0.000
22 CO(7) + X(1) <=> OCX(25) -0.000 0.000 0.000 -0.000 0.000
23 CX(26) + OX(20) <=> OCX(25) + X(1) 0.000 -0.000 -0.000 -0.000 0.000
24 OCX(25) + OX(20) <=> CO2X(24) + X(1) 0.000 0.000 0.000 0.000 0.000
25 CO2X(24) + HX(19) <=> HOX(22) + OCX(25) 0.000 -0.000 -0.000 0.000 -0.000
26 CH2X(27) + HX(19) <=> CH3X(21) + X(1) -0.247 -0.247 -0.495 -1.000 -0.000
27 CHX(28) + HX(19) <=> CH2X(27) + X(1) -0.000 -0.000 -0.000 -0.000 0.000
28 CHX(28) + X(1) <=> CX(26) + HX(19) 0.000 -0.000 -0.000 0.000 0.000
29 CX(26) + H2(6) <=> CH2X(27) 0.000 -0.000 -0.000 0.000 0.000
Finished sensitivity simulation for a C/O ratio of 2.4
Finished translating for C/O ratio of 2.4
Starting sensitivity simulation for a C/O ratio of 2.6
0 CH4(2) + X(1) <=> CH4X(48) -0.000 0.000 0.000 0.000 0.000
1 O2(3) + 2 X(1) <=> 2 OX(20) 0.727 1.222 1.940 1.238 1.216
2 H2(6) + 2 X(1) <=> 2 HX(19) -0.000 -0.000 -0.001 -0.000 -0.000
3 H(12) + X(1) <=> HX(19) -0.000 -0.000 -0.000 -0.000 -0.000
4 HX(19) + OX(20) <=> HOX(22) + X(1) -0.000 -0.000 -0.000 0.000 0.000
5 H2O(5) + 2 X(1) <=> HOX(22) + HX(19) -0.000 -0.000 -0.000 0.000 -0.000
6 OH(17) + X(1) <=> HOX(22) -0.000 -0.000 -0.000 0.000 -0.000
7 CH4(2) + 2 X(1) <=> CH3X(21) + HX(19) -0.000 -0.000 -0.000 0.000 -0.000
8 CH4(2) + OX(20) + X(1) <=> CH3X(21) + HOX(22) -0.008 -0.014 -0.022 -0.009 -0.015
9 C2H6(8) + 2 X(1) <=> 2 CH3X(21) -0.000 -0.000 -0.000 0.000 -0.000
10 CH3(10) + X(1) <=> CH3X(21) -1.023 -2.030 -3.074 -0.494 -2.471
11 CH3OH(14) + 2 X(1) <=> CH3X(21) + HOX(22) -0.000 -0.000 -0.000 -0.000 -0.000
12 H2(6) + X(1) <=> H2X(49) -0.000 -0.000 -0.000 0.000 -0.000
13 CH4(2) + HOX(22) + X(1) <=> CH3X(21) + H2OX(23) -0.000 -0.000 -0.000 -0.000 -0.000
14 H2O(5) + X(1) <=> H2OX(23) -0.001 -0.001 -0.002 -0.001 -0.001
15 H2OX(23) + OX(20) <=> 2 HOX(22) -0.618 -1.118 -1.744 -0.746 -1.225
16 HOX(22) + HX(19) <=> H2OX(23) + X(1) -0.000 -0.000 -0.000 -0.000 0.000
17 C2H6(8) + X(1) <=> C2H6X(52) -0.000 -0.000 -0.000 -0.000 -0.000
18 C2H4(47) + X(1) <=> C2H4X(205) 0.000 -0.000 -0.000 0.000 0.000
19 C2H4(18) + X(1) <=> C2H4X(65) -0.000 -0.000 -0.000 -0.000 -0.000
20 CH3OH(14) + X(1) <=> CH4OX(60) -0.000 -0.000 -0.000 -0.000 -0.000
21 CO2(4) + X(1) <=> CO2X(24) -0.000 -0.000 -0.000 0.000 -0.000
22 CO(7) + X(1) <=> OCX(25) -0.000 -0.000 -0.000 -0.000 -0.000
23 CX(26) + OX(20) <=> OCX(25) + X(1) -0.000 -0.000 -0.000 0.000 -0.000
24 OCX(25) + OX(20) <=> CO2X(24) + X(1) -0.000 -0.000 -0.000 0.000 0.000
25 CO2X(24) + HX(19) <=> HOX(22) + OCX(25) -0.000 -0.000 -0.000 0.000 -0.000
26 CH2X(27) + HX(19) <=> CH3X(21) + X(1) -0.223 -0.223 -0.447 -1.000 -0.000
27 CHX(28) + HX(19) <=> CH2X(27) + X(1) -0.000 -0.000 -0.000 -0.000 -0.000
28 CHX(28) + X(1) <=> CX(26) + HX(19) 0.000 0.000 0.000 -0.000 0.000
29 CX(26) + H2(6) <=> CH2X(27) -0.000 -0.000 -0.000 -0.000 -0.000
Finished sensitivity simulation for a C/O ratio of 2.6
Finished translating for C/O ratio of 2.6
Starting sensitivity simulation for a C/O ratio of 2.2
0 CH4(2) + X(1) <=> CH4X(48) 0.000 -0.000 -0.000 -0.000 -0.000
1 O2(3) + 2 X(1) <=> 2 OX(20) 0.632 1.127 1.751 1.238 1.084
2 H2(6) + 2 X(1) <=> 2 HX(19) -0.000 -0.000 -0.001 -0.000 -0.001
3 H(12) + X(1) <=> HX(19) -0.000 -0.000 -0.000 -0.000 -0.000
4 HX(19) + OX(20) <=> HOX(22) + X(1) 0.000 -0.000 -0.000 -0.000 0.000
5 H2O(5) + 2 X(1) <=> HOX(22) + HX(19) -0.000 -0.000 -0.000 -0.000 -0.000
6 OH(17) + X(1) <=> HOX(22) 0.000 -0.000 -0.000 -0.000 0.000
7 CH4(2) + 2 X(1) <=> CH3X(21) + HX(19) 0.000 -0.000 -0.000 -0.000 0.000
8 CH4(2) + OX(20) + X(1) <=> CH3X(21) + HOX(22) -0.007 -0.013 -0.020 -0.010 -0.015
9 C2H6(8) + 2 X(1) <=> 2 CH3X(21) -0.000 -0.000 -0.000 -0.000 -0.000
10 CH3(10) + X(1) <=> CH3X(21) -0.734 -1.738 -2.485 -0.493 -2.202
11 CH3OH(14) + 2 X(1) <=> CH3X(21) + HOX(22) 0.000 -0.000 -0.000 -0.000 -0.000
12 H2(6) + X(1) <=> H2X(49) 0.000 -0.000 -0.000 -0.000 0.000
13 CH4(2) + HOX(22) + X(1) <=> CH3X(21) + H2OX(23) -0.000 -0.000 -0.000 -0.000 -0.000
14 H2O(5) + X(1) <=> H2OX(23) -0.000 -0.001 -0.001 -0.001 -0.001
15 H2OX(23) + OX(20) <=> 2 HOX(22) -0.498 -0.998 -1.501 -0.746 -1.091
16 HOX(22) + HX(19) <=> H2OX(23) + X(1) -0.000 -0.000 -0.000 -0.000 -0.000
17 C2H6(8) + X(1) <=> C2H6X(52) -0.000 -0.000 -0.000 -0.000 -0.000
18 C2H4(47) + X(1) <=> C2H4X(205) -0.000 -0.000 -0.000 -0.000 -0.000
19 C2H4(18) + X(1) <=> C2H4X(65) 0.000 -0.000 -0.000 -0.000 0.000
20 CH3OH(14) + X(1) <=> CH4OX(60) 0.000 -0.000 -0.000 -0.000 0.000
21 CO2(4) + X(1) <=> CO2X(24) 0.000 -0.000 -0.000 -0.000 0.000
22 CO(7) + X(1) <=> OCX(25) 0.000 -0.000 -0.000 -0.000 0.000
23 CX(26) + OX(20) <=> OCX(25) + X(1) 0.000 -0.000 -0.000 -0.000 0.000
24 OCX(25) + OX(20) <=> CO2X(24) + X(1) 0.000 -0.000 -0.000 -0.000 0.000
25 CO2X(24) + HX(19) <=> HOX(22) + OCX(25) -0.000 -0.000 -0.000 -0.000 -0.000
26 CH2X(27) + HX(19) <=> CH3X(21) + X(1) -0.272 -0.272 -0.544 -1.000 0.000
27 CHX(28) + HX(19) <=> CH2X(27) + X(1) -0.000 -0.000 -0.000 -0.000 -0.000
28 CHX(28) + X(1) <=> CX(26) + HX(19) 0.000 -0.000 -0.000 -0.000 0.000
29 CX(26) + H2(6) <=> CH2X(27) 0.000 -0.000 -0.000 -0.000 0.000
Finished sensitivity simulation for a C/O ratio of 2.2
Finished translating for C/O ratio of 2.2
