This mechanism contains 38 gas reactions and 41 surface reactions
Finished simulation at a C/O ratio of 0.8
Finished simulation at a C/O ratio of 2.0
Finished simulation at a C/O ratio of 2.4
Finished simulation at a C/O ratio of 1.8
Finished simulation at a C/O ratio of 0.7
Finished simulation at a C/O ratio of 1.3
Finished simulation at a C/O ratio of 0.9
Finished simulation at a C/O ratio of 2.6
Finished simulation at a C/O ratio of 0.6
Finished simulation at a C/O ratio of 1.2
Finished simulation at a C/O ratio of 1.4
Finished simulation at a C/O ratio of 1.6
Finished simulation at a C/O ratio of 1.0
Finished simulation at a C/O ratio of 1.1
Finished simulation at a C/O ratio of 2.2
Starting sensitivity simulation for a C/O ratio of 2.2
0 CH4(2) + X(1) <=> CH4X(48) -0.000 -0.000
1 O2(3) + 2 X(1) <=> 2 OX(20) -0.078 -0.146
2 H2(6) + 2 X(1) <=> 2 HX(19) -0.000 -0.000
3 H(12) + X(1) <=> HX(19) -0.000 -0.000
4 HX(19) + OX(20) <=> HOX(22) + X(1) -0.571 -0.666
5 H2O(5) + 2 X(1) <=> HOX(22) + HX(19) -0.605 -0.704
6 OH(17) + X(1) <=> HOX(22) -0.008 -0.007
7 CH4(2) + 2 X(1) <=> CH3X(21) + HX(19) -0.005 -0.004
8 CH4(2) + OX(20) + X(1) <=> CH3X(21) + HOX(22) -0.672 -0.758
9 C2H6(8) + 2 X(1) <=> 2 CH3X(21) -0.572 -0.667
10 CH3(10) + X(1) <=> CH3X(21) -0.023 -0.004
11 CH3OH(14) + 2 X(1) <=> CH3X(21) + HOX(22) -0.000 -0.000
12 CH2X(27) + HX(19) <=> CH3X(21) + X(1) -0.000 -0.000
13 CH2X(27) + HOX(22) <=> CH3X(21) + OX(20) -0.571 -0.666
14 CHX(28) + HX(19) <=> CH2X(27) + X(1) 0.000 0.000
15 CHX(28) + HOX(22) <=> CH2X(27) + OX(20) 0.000 0.000
16 2 CH2X(27) <=> CH3X(21) + CHX(28) -0.000 -0.000
17 CHX(28) + X(1) <=> CX(26) + HX(19) -0.571 -0.666
18 CX(26) + H2(6) <=> CH2X(27) -0.000 -0.000
19 CX(26) + HOX(22) <=> CHX(28) + OX(20) -0.000 -0.000
20 CH3X(21) + CX(26) <=> CH2X(27) + CHX(28) -0.571 -0.666
21 CH2X(27) + CX(26) <=> 2 CHX(28) -0.000 -0.000
22 CO(7) + X(1) <=> OCX(25) -0.000 -0.000
23 CX(26) + OX(20) <=> OCX(25) + X(1) -0.000 -0.000
24 CH4(2) + HOX(22) + X(1) <=> CH3X(21) + H2OX(23) -0.003 -0.003
25 H2O(5) + X(1) <=> H2OX(23) 0.000 0.000
26 H2OX(23) + OX(20) <=> 2 HOX(22) 0.003 0.003
27 HOX(22) + HX(19) <=> H2OX(23) + X(1) 0.000 0.000
28 H2(6) + X(1) <=> H2X(49) -0.000 -0.000

***********************************************************************
CanteraError thrown by CVodesIntegrator::step:
CVodes error encountered. Error code: -3

At t = 3.64814e+07 and h = 1.38949e-15, the error test failed repeatedly or with |h| = hmin.
Components with largest weighted error estimates:
26: -136.754
34: 1.02308
25: 0.0867818
35: 0.0169548
28: 0.008205
33: -0.000282192
30: -2.33785e-05
39: 1.38602e-05
38: -1.95275e-06
31: -1.13123e-06
***********************************************************************

Starting sensitivity simulation for a C/O ratio of 0.7
0 CH4(2) + X(1) <=> CH4X(48) -0.000 -0.000
1 O2(3) + 2 X(1) <=> 2 OX(20) 0.474 0.477
2 H2(6) + 2 X(1) <=> 2 HX(19) -0.001 -0.001
3 H(12) + X(1) <=> HX(19) 0.000 0.000
4 HX(19) + OX(20) <=> HOX(22) + X(1) -0.000 -0.000
5 H2O(5) + 2 X(1) <=> HOX(22) + HX(19) -0.001 -0.002
6 OH(17) + X(1) <=> HOX(22) 0.007 0.006
7 CH4(2) + 2 X(1) <=> CH3X(21) + HX(19) -0.001 -0.001
8 CH4(2) + OX(20) + X(1) <=> CH3X(21) + HOX(22) 0.527 0.579
9 C2H6(8) + 2 X(1) <=> 2 CH3X(21) -0.001 -0.001
10 CH3(10) + X(1) <=> CH3X(21) 0.277 0.382
11 CH3OH(14) + 2 X(1) <=> CH3X(21) + HOX(22) 0.011 0.012
12 CH2X(27) + HX(19) <=> CH3X(21) + X(1) -0.000 -0.000
13 CH2X(27) + HOX(22) <=> CH3X(21) + OX(20) -0.000 -0.000
14 CHX(28) + HX(19) <=> CH2X(27) + X(1) -0.000 -0.000
15 CHX(28) + HOX(22) <=> CH2X(27) + OX(20) -0.000 -0.000
16 2 CH2X(27) <=> CH3X(21) + CHX(28) 0.011 0.012
17 CHX(28) + X(1) <=> CX(26) + HX(19) 0.011 0.012
18 CX(26) + H2(6) <=> CH2X(27) -0.000 -0.000
19 CX(26) + HOX(22) <=> CHX(28) + OX(20) -0.000 -0.000
20 CH3X(21) + CX(26) <=> CH2X(27) + CHX(28) -0.000 -0.000
21 CH2X(27) + CX(26) <=> 2 CHX(28) 0.011 0.012
22 CO(7) + X(1) <=> OCX(25) 0.001 0.001
23 CX(26) + OX(20) <=> OCX(25) + X(1) -0.003 -0.004
24 CH4(2) + HOX(22) + X(1) <=> CH3X(21) + H2OX(23) -0.002 -0.003
25 H2O(5) + X(1) <=> H2OX(23) 0.011 0.012
26 H2OX(23) + OX(20) <=> 2 HOX(22) 0.013 0.014
27 HOX(22) + HX(19) <=> H2OX(23) + X(1) -0.000 -0.000
28 H2(6) + X(1) <=> H2X(49) 0.011 0.012
29 CO(7) + X(1) <=> COX(50) 0.011 0.012
30 CH2O(9) + 2 X(1) <=> CHOX(53) + HX(19) -0.000 -0.000
31 HCO(15) + X(1) <=> CHOX(53) 0.011 0.012
32 CH3CHO(16) + 2 X(1) <=> CH3X(21) + CHOX(53) -0.000 -0.000
33 CHOX(53) + X(1) <=> HX(19) + OCX(25) 0.000 -0.000
34 CHOX(53) + OX(20) <=> HOX(22) + OCX(25) 0.011 0.012
35 CH2X(27) + CHOX(53) <=> CH3X(21) + OCX(25) -0.000 -0.000
36 CHOX(53) + CHX(28) <=> CH2X(27) + OCX(25) -0.000 -0.000
37 CHOX(53) + CX(26) <=> CHX(28) + OCX(25) -0.000 -0.000
38 CO2(4) + X(1) <=> CO2X(24) 0.011 0.012
39 OCX(25) + OX(20) <=> CO2X(24) + X(1) 0.643 0.705
40 CO2X(24) + HX(19) <=> HOX(22) + OCX(25) -0.000 -0.000
Finished sensitivity simulation for a C/O ratio of 0.7
Finished translating for C/O ratio of 0.7
Starting sensitivity simulation for a C/O ratio of 0.6
0 CH4(2) + X(1) <=> CH4X(48) 0.000 -0.000
1 O2(3) + 2 X(1) <=> 2 OX(20) 14.062 16.508
2 H2(6) + 2 X(1) <=> 2 HX(19) -0.003 -0.004
3 H(12) + X(1) <=> HX(19) 0.000 0.000
4 HX(19) + OX(20) <=> HOX(22) + X(1) -0.000 -0.000
5 H2O(5) + 2 X(1) <=> HOX(22) + HX(19) -0.001 -0.001
6 OH(17) + X(1) <=> HOX(22) -0.013 -0.016
7 CH4(2) + 2 X(1) <=> CH3X(21) + HX(19) -0.002 -0.002
8 CH4(2) + OX(20) + X(1) <=> CH3X(21) + HOX(22) -20.461 -22.961
9 C2H6(8) + 2 X(1) <=> 2 CH3X(21) -0.002 -0.002
10 CH3(10) + X(1) <=> CH3X(21) -0.472 -0.452
11 CH3OH(14) + 2 X(1) <=> CH3X(21) + HOX(22) -0.000 -0.000
12 CH2X(27) + HX(19) <=> CH3X(21) + X(1) -0.000 -0.000
13 CH2X(27) + HOX(22) <=> CH3X(21) + OX(20) -0.000 -0.000
14 CHX(28) + HX(19) <=> CH2X(27) + X(1) -0.000 -0.000
15 CHX(28) + HOX(22) <=> CH2X(27) + OX(20) -0.000 -0.000
16 2 CH2X(27) <=> CH3X(21) + CHX(28) 0.000 -0.000
17 CHX(28) + X(1) <=> CX(26) + HX(19) 0.000 -0.000
18 CX(26) + H2(6) <=> CH2X(27) 0.000 0.000
19 CX(26) + HOX(22) <=> CHX(28) + OX(20) -0.000 -0.000
20 CH3X(21) + CX(26) <=> CH2X(27) + CHX(28) -0.000 -0.000
21 CH2X(27) + CX(26) <=> 2 CHX(28) 0.000 -0.000
22 CO(7) + X(1) <=> OCX(25) 0.003 0.004
23 CX(26) + OX(20) <=> OCX(25) + X(1) -0.001 -0.001
24 CH4(2) + HOX(22) + X(1) <=> CH3X(21) + H2OX(23) -0.005 -0.006
25 H2O(5) + X(1) <=> H2OX(23) 0.000 0.000
26 H2OX(23) + OX(20) <=> 2 HOX(22) 0.007 0.008
27 HOX(22) + HX(19) <=> H2OX(23) + X(1) -0.000 -0.000
28 H2(6) + X(1) <=> H2X(49) 0.000 0.000
29 CO(7) + X(1) <=> COX(50) 0.000 0.000
30 CH2O(9) + 2 X(1) <=> CHOX(53) + HX(19) 0.000 0.000
31 HCO(15) + X(1) <=> CHOX(53) 0.000 -0.000
32 CH3CHO(16) + 2 X(1) <=> CH3X(21) + CHOX(53) 0.000 0.000
33 CHOX(53) + X(1) <=> HX(19) + OCX(25) 0.000 0.000
34 CHOX(53) + OX(20) <=> HOX(22) + OCX(25) 0.000 -0.000
35 CH2X(27) + CHOX(53) <=> CH3X(21) + OCX(25) 0.000 -0.000
36 CHOX(53) + CHX(28) <=> CH2X(27) + OCX(25) 0.000 -0.000
37 CHOX(53) + CX(26) <=> CHX(28) + OCX(25) 0.000 -0.000
38 CO2(4) + X(1) <=> CO2X(24) 0.000 -0.000
39 OCX(25) + OX(20) <=> CO2X(24) + X(1) -0.114 -0.134
40 CO2X(24) + HX(19) <=> HOX(22) + OCX(25) -0.000 -0.001
Finished sensitivity simulation for a C/O ratio of 0.6
Finished translating for C/O ratio of 0.6
Starting sensitivity simulation for a C/O ratio of 2.4
0 CH4(2) + X(1) <=> CH4X(48) 0.029 0.028
1 O2(3) + 2 X(1) <=> 2 OX(20) 0.335 0.324
2 H2(6) + 2 X(1) <=> 2 HX(19) 0.000 -0.000
3 H(12) + X(1) <=> HX(19) 0.029 0.028
4 HX(19) + OX(20) <=> HOX(22) + X(1) 0.029 0.028
5 H2O(5) + 2 X(1) <=> HOX(22) + HX(19) 0.002 0.001
6 OH(17) + X(1) <=> HOX(22) 0.023 0.022
7 CH4(2) + 2 X(1) <=> CH3X(21) + HX(19) 0.022 0.022
8 CH4(2) + OX(20) + X(1) <=> CH3X(21) + HOX(22) 0.052 0.074
9 C2H6(8) + 2 X(1) <=> 2 CH3X(21) -0.001 -0.000
10 CH3(10) + X(1) <=> CH3X(21) -0.016 -0.007
11 CH3OH(14) + 2 X(1) <=> CH3X(21) + HOX(22) 0.029 0.028
12 CH2X(27) + HX(19) <=> CH3X(21) + X(1) -0.000 -0.000
13 CH2X(27) + HOX(22) <=> CH3X(21) + OX(20) -0.000 -0.000
14 CHX(28) + HX(19) <=> CH2X(27) + X(1) -0.000 -0.000
15 CHX(28) + HOX(22) <=> CH2X(27) + OX(20) 0.029 0.028
16 2 CH2X(27) <=> CH3X(21) + CHX(28) 0.029 0.028
17 CHX(28) + X(1) <=> CX(26) + HX(19) 0.029 0.028
18 CX(26) + H2(6) <=> CH2X(27) -0.000 -0.000
19 CX(26) + HOX(22) <=> CHX(28) + OX(20) -0.000 -0.000
20 CH3X(21) + CX(26) <=> CH2X(27) + CHX(28) 0.029 0.028
21 CH2X(27) + CX(26) <=> 2 CHX(28) 0.029 0.028
22 CO(7) + X(1) <=> OCX(25) 0.029 0.027
23 CX(26) + OX(20) <=> OCX(25) + X(1) -0.000 -0.000
24 CH4(2) + HOX(22) + X(1) <=> CH3X(21) + H2OX(23) -0.003 -0.003
25 H2O(5) + X(1) <=> H2OX(23) 0.000 0.000
26 H2OX(23) + OX(20) <=> 2 HOX(22) 0.002 0.002
27 HOX(22) + HX(19) <=> H2OX(23) + X(1) 0.000 -0.000
28 H2(6) + X(1) <=> H2X(49) -0.000 -0.000
29 CO(7) + X(1) <=> COX(50) 0.000 -0.000
30 CH2O(9) + 2 X(1) <=> CHOX(53) + HX(19) 0.029 0.028
31 HCO(15) + X(1) <=> CHOX(53) -0.000 -0.000
32 CH3CHO(16) + 2 X(1) <=> CH3X(21) + CHOX(53) -0.000 -0.000
33 CHOX(53) + X(1) <=> HX(19) + OCX(25) 0.029 0.028
34 CHOX(53) + OX(20) <=> HOX(22) + OCX(25) -0.000 -0.000
35 CH2X(27) + CHOX(53) <=> CH3X(21) + OCX(25) -0.000 -0.000
36 CHOX(53) + CHX(28) <=> CH2X(27) + OCX(25) 0.029 0.028
37 CHOX(53) + CX(26) <=> CHX(28) + OCX(25) -0.000 -0.000
38 CO2(4) + X(1) <=> CO2X(24) 0.000 0.000
39 OCX(25) + OX(20) <=> CO2X(24) + X(1) 0.470 0.493
40 CO2X(24) + HX(19) <=> HOX(22) + OCX(25) 0.003 0.003
Finished sensitivity simulation for a C/O ratio of 2.4
Finished translating for C/O ratio of 2.4
Starting sensitivity simulation for a C/O ratio of 1.8
0 CH4(2) + X(1) <=> CH4X(48) 0.002 0.002
1 O2(3) + 2 X(1) <=> 2 OX(20) -0.718 -0.978
2 H2(6) + 2 X(1) <=> 2 HX(19) 0.002 0.002
3 H(12) + X(1) <=> HX(19) 0.003 0.003
4 HX(19) + OX(20) <=> HOX(22) + X(1) 0.002 0.002
5 H2O(5) + 2 X(1) <=> HOX(22) + HX(19) 0.005 0.004
6 OH(17) + X(1) <=> HOX(22) -0.007 -0.007
7 CH4(2) + 2 X(1) <=> CH3X(21) + HX(19) -0.002 -0.001
8 CH4(2) + OX(20) + X(1) <=> CH3X(21) + HOX(22) -0.988 -1.202
9 C2H6(8) + 2 X(1) <=> 2 CH3X(21) 0.001 0.003
10 CH3(10) + X(1) <=> CH3X(21) -0.239 -0.244
11 CH3OH(14) + 2 X(1) <=> CH3X(21) + HOX(22) 0.002 0.004
12 CH2X(27) + HX(19) <=> CH3X(21) + X(1) 0.002 0.004
13 CH2X(27) + HOX(22) <=> CH3X(21) + OX(20) 0.002 0.002
14 CHX(28) + HX(19) <=> CH2X(27) + X(1) 0.002 0.002
15 CHX(28) + HOX(22) <=> CH2X(27) + OX(20) 0.002 0.002
16 2 CH2X(27) <=> CH3X(21) + CHX(28) 0.097 0.116
17 CHX(28) + X(1) <=> CX(26) + HX(19) 0.002 0.004
18 CX(26) + H2(6) <=> CH2X(27) 0.002 0.004
19 CX(26) + HOX(22) <=> CHX(28) + OX(20) -0.009 -0.010
20 CH3X(21) + CX(26) <=> CH2X(27) + CHX(28) 0.002 0.002
21 CH2X(27) + CX(26) <=> 2 CHX(28) 0.099 0.117
22 CO(7) + X(1) <=> OCX(25) 0.003 0.003
23 CX(26) + OX(20) <=> OCX(25) + X(1) 0.002 0.002
24 CH4(2) + HOX(22) + X(1) <=> CH3X(21) + H2OX(23) -0.003 -0.003
25 H2O(5) + X(1) <=> H2OX(23) 0.002 0.002
26 H2OX(23) + OX(20) <=> 2 HOX(22) 0.007 0.008
27 HOX(22) + HX(19) <=> H2OX(23) + X(1) 0.002 0.002
28 H2(6) + X(1) <=> H2X(49) 0.002 0.004
29 CO(7) + X(1) <=> COX(50) 0.002 0.002
30 CH2O(9) + 2 X(1) <=> CHOX(53) + HX(19) 0.002 0.002
31 HCO(15) + X(1) <=> CHOX(53) 0.099 0.117
32 CH3CHO(16) + 2 X(1) <=> CH3X(21) + CHOX(53) -0.120 -0.150
33 CHOX(53) + X(1) <=> HX(19) + OCX(25) 0.002 0.002
34 CHOX(53) + OX(20) <=> HOX(22) + OCX(25) 0.002 0.002
35 CH2X(27) + CHOX(53) <=> CH3X(21) + OCX(25) 0.099 0.117
36 CHOX(53) + CHX(28) <=> CH2X(27) + OCX(25) 0.002 0.002
37 CHOX(53) + CX(26) <=> CHX(28) + OCX(25) 0.002 0.002
38 CO2(4) + X(1) <=> CO2X(24) 0.002 0.002
39 OCX(25) + OX(20) <=> CO2X(24) + X(1) -0.025 -0.053
40 CO2X(24) + HX(19) <=> HOX(22) + OCX(25) 0.003 0.002
Finished sensitivity simulation for a C/O ratio of 1.8
Finished translating for C/O ratio of 1.8
Starting sensitivity simulation for a C/O ratio of 2.6
0 CH4(2) + X(1) <=> CH4X(48) 0.024 0.023
1 O2(3) + 2 X(1) <=> 2 OX(20) 0.194 0.170
2 H2(6) + 2 X(1) <=> 2 HX(19) -0.000 -0.000
3 H(12) + X(1) <=> HX(19) 0.024 0.023
4 HX(19) + OX(20) <=> HOX(22) + X(1) 0.000 0.000
5 H2O(5) + 2 X(1) <=> HOX(22) + HX(19) 0.027 0.025
6 OH(17) + X(1) <=> HOX(22) -0.007 -0.005
7 CH4(2) + 2 X(1) <=> CH3X(21) + HX(19) 0.014 0.015
8 CH4(2) + OX(20) + X(1) <=> CH3X(21) + HOX(22) -0.118 -0.114
9 C2H6(8) + 2 X(1) <=> 2 CH3X(21) 0.024 0.022
10 CH3(10) + X(1) <=> CH3X(21) -0.028 -0.022
11 CH3OH(14) + 2 X(1) <=> CH3X(21) + HOX(22) 0.024 0.023
12 CH2X(27) + HX(19) <=> CH3X(21) + X(1) 0.024 0.023
13 CH2X(27) + HOX(22) <=> CH3X(21) + OX(20) 0.024 0.023
14 CHX(28) + HX(19) <=> CH2X(27) + X(1) 0.000 0.000
15 CHX(28) + HOX(22) <=> CH2X(27) + OX(20) 0.024 0.023
16 2 CH2X(27) <=> CH3X(21) + CHX(28) 0.024 0.023
17 CHX(28) + X(1) <=> CX(26) + HX(19) 0.024 0.023
18 CX(26) + H2(6) <=> CH2X(27) 0.024 0.023
19 CX(26) + HOX(22) <=> CHX(28) + OX(20) 0.024 0.023
20 CH3X(21) + CX(26) <=> CH2X(27) + CHX(28) -0.000 -0.000
21 CH2X(27) + CX(26) <=> 2 CHX(28) 0.024 0.023
22 CO(7) + X(1) <=> OCX(25) 0.023 0.022
23 CX(26) + OX(20) <=> OCX(25) + X(1) 0.024 0.023
24 CH4(2) + HOX(22) + X(1) <=> CH3X(21) + H2OX(23) -0.003 -0.002
25 H2O(5) + X(1) <=> H2OX(23) 0.000 -0.000
26 H2OX(23) + OX(20) <=> 2 HOX(22) 0.026 0.024
27 HOX(22) + HX(19) <=> H2OX(23) + X(1) 0.024 0.023
28 H2(6) + X(1) <=> H2X(49) 0.000 0.000
29 CO(7) + X(1) <=> COX(50) 0.024 0.023
30 CH2O(9) + 2 X(1) <=> CHOX(53) + HX(19) 0.024 0.023
31 HCO(15) + X(1) <=> CHOX(53) 0.024 0.023
32 CH3CHO(16) + 2 X(1) <=> CH3X(21) + CHOX(53) -0.000 -0.000
33 CHOX(53) + X(1) <=> HX(19) + OCX(25) 0.125 0.118
34 CHOX(53) + OX(20) <=> HOX(22) + OCX(25) 0.024 0.023
35 CH2X(27) + CHOX(53) <=> CH3X(21) + OCX(25) 0.024 0.023
36 CHOX(53) + CHX(28) <=> CH2X(27) + OCX(25) 0.000 0.000
37 CHOX(53) + CX(26) <=> CHX(28) + OCX(25) 0.024 0.023
38 CO2(4) + X(1) <=> CO2X(24) 0.000 0.000
39 OCX(25) + OX(20) <=> CO2X(24) + X(1) 0.110 0.092
40 CO2X(24) + HX(19) <=> HOX(22) + OCX(25) 0.028 0.026
Finished sensitivity simulation for a C/O ratio of 2.6
Finished translating for C/O ratio of 2.6
Starting sensitivity simulation for a C/O ratio of 2.0
0 CH4(2) + X(1) <=> CH4X(48) 0.000 0.000
1 O2(3) + 2 X(1) <=> 2 OX(20) 0.100 0.048
2 H2(6) + 2 X(1) <=> 2 HX(19) 0.000 -0.000
3 H(12) + X(1) <=> HX(19) 0.000 0.000
4 HX(19) + OX(20) <=> HOX(22) + X(1) 0.000 0.000
5 H2O(5) + 2 X(1) <=> HOX(22) + HX(19) 0.003 0.002
6 OH(17) + X(1) <=> HOX(22) -0.009 -0.008
7 CH4(2) + 2 X(1) <=> CH3X(21) + HX(19) -0.004 -0.004
8 CH4(2) + OX(20) + X(1) <=> CH3X(21) + HOX(22) -0.346 -0.401
9 C2H6(8) + 2 X(1) <=> 2 CH3X(21) -0.001 -0.001
10 CH3(10) + X(1) <=> CH3X(21) -0.098 -0.076
11 CH3OH(14) + 2 X(1) <=> CH3X(21) + HOX(22) -0.000 -0.000
12 CH2X(27) + HX(19) <=> CH3X(21) + X(1) -0.000 -0.000
13 CH2X(27) + HOX(22) <=> CH3X(21) + OX(20) -0.000 -0.000
14 CHX(28) + HX(19) <=> CH2X(27) + X(1) 0.000 0.000
15 CHX(28) + HOX(22) <=> CH2X(27) + OX(20) -0.000 -0.000
16 2 CH2X(27) <=> CH3X(21) + CHX(28) 0.000 0.000
17 CHX(28) + X(1) <=> CX(26) + HX(19) 0.000 0.000
18 CX(26) + H2(6) <=> CH2X(27) 0.000 0.000
19 CX(26) + HOX(22) <=> CHX(28) + OX(20) 0.000 0.000
20 CH3X(21) + CX(26) <=> CH2X(27) + CHX(28) -0.000 -0.000
21 CH2X(27) + CX(26) <=> 2 CHX(28) 0.000 0.000
22 CO(7) + X(1) <=> OCX(25) 0.000 0.000
23 CX(26) + OX(20) <=> OCX(25) + X(1) -0.000 -0.000
24 CH4(2) + HOX(22) + X(1) <=> CH3X(21) + H2OX(23) -0.004 -0.004
25 H2O(5) + X(1) <=> H2OX(23) 0.000 0.000
26 H2OX(23) + OX(20) <=> 2 HOX(22) 0.003 0.003
27 HOX(22) + HX(19) <=> H2OX(23) + X(1) 0.000 0.000
28 H2(6) + X(1) <=> H2X(49) 0.000 0.000
29 CO(7) + X(1) <=> COX(50) 0.000 0.000
30 CH2O(9) + 2 X(1) <=> CHOX(53) + HX(19) 0.000 0.000
31 HCO(15) + X(1) <=> CHOX(53) -0.001 -0.001
32 CH3CHO(16) + 2 X(1) <=> CH3X(21) + CHOX(53) 0.000 0.000
33 CHOX(53) + X(1) <=> HX(19) + OCX(25) 0.000 0.000
34 CHOX(53) + OX(20) <=> HOX(22) + OCX(25) -0.001 -0.001
35 CH2X(27) + CHOX(53) <=> CH3X(21) + OCX(25) 0.000 0.000
36 CHOX(53) + CHX(28) <=> CH2X(27) + OCX(25) 0.000 0.000
37 CHOX(53) + CX(26) <=> CHX(28) + OCX(25) 0.000 0.000
38 CO2(4) + X(1) <=> CO2X(24) 0.000 0.000
39 OCX(25) + OX(20) <=> CO2X(24) + X(1) 0.003 -0.019
40 CO2X(24) + HX(19) <=> HOX(22) + OCX(25) -0.448 -0.547
Finished sensitivity simulation for a C/O ratio of 2.0
Finished translating for C/O ratio of 2.0
Starting sensitivity simulation for a C/O ratio of 1.6
0 CH4(2) + X(1) <=> CH4X(48) -0.000 -0.002
1 O2(3) + 2 X(1) <=> 2 OX(20) -0.380 -0.582
2 H2(6) + 2 X(1) <=> 2 HX(19) -0.001 -0.002
3 H(12) + X(1) <=> HX(19) -0.687 -0.857
4 HX(19) + OX(20) <=> HOX(22) + X(1) -0.000 -0.002
5 H2O(5) + 2 X(1) <=> HOX(22) + HX(19) -0.687 -0.859
6 OH(17) + X(1) <=> HOX(22) -0.010 -0.013
7 CH4(2) + 2 X(1) <=> CH3X(21) + HX(19) -0.003 -0.005
8 CH4(2) + OX(20) + X(1) <=> CH3X(21) + HOX(22) -0.646 -0.798
9 C2H6(8) + 2 X(1) <=> 2 CH3X(21) -0.002 -0.002
10 CH3(10) + X(1) <=> CH3X(21) -0.171 -0.135
11 CH3OH(14) + 2 X(1) <=> CH3X(21) + HOX(22) -0.688 -0.858
12 CH2X(27) + HX(19) <=> CH3X(21) + X(1) -0.000 -0.002
13 CH2X(27) + HOX(22) <=> CH3X(21) + OX(20) -0.000 -0.002
14 CHX(28) + HX(19) <=> CH2X(27) + X(1) -0.688 -0.858
15 CHX(28) + HOX(22) <=> CH2X(27) + OX(20) -0.000 -0.002
16 2 CH2X(27) <=> CH3X(21) + CHX(28) -0.000 -0.002
17 CHX(28) + X(1) <=> CX(26) + HX(19) -0.688 -0.857
18 CX(26) + H2(6) <=> CH2X(27) -0.000 -0.002
19 CX(26) + HOX(22) <=> CHX(28) + OX(20) -0.000 -0.002
20 CH3X(21) + CX(26) <=> CH2X(27) + CHX(28) -0.688 -0.858
21 CH2X(27) + CX(26) <=> 2 CHX(28) -0.000 0.000
22 CO(7) + X(1) <=> OCX(25) 0.001 -0.000
23 CX(26) + OX(20) <=> OCX(25) + X(1) -0.000 -0.002
24 CH4(2) + HOX(22) + X(1) <=> CH3X(21) + H2OX(23) -0.005 -0.007
25 H2O(5) + X(1) <=> H2OX(23) -0.000 -0.002
26 H2OX(23) + OX(20) <=> 2 HOX(22) -0.685 -0.856
27 HOX(22) + HX(19) <=> H2OX(23) + X(1) -0.688 -0.858
28 H2(6) + X(1) <=> H2X(49) -0.001 -0.001
29 CO(7) + X(1) <=> COX(50) -0.000 -0.002
30 CH2O(9) + 2 X(1) <=> CHOX(53) + HX(19) -0.000 -0.002
31 HCO(15) + X(1) <=> CHOX(53) -0.000 -0.002
32 CH3CHO(16) + 2 X(1) <=> CH3X(21) + CHOX(53) -0.688 -0.860
33 CHOX(53) + X(1) <=> HX(19) + OCX(25) -0.000 -0.002
34 CHOX(53) + OX(20) <=> HOX(22) + OCX(25) -0.000 -0.002
35 CH2X(27) + CHOX(53) <=> CH3X(21) + OCX(25) -0.000 -0.002
36 CHOX(53) + CHX(28) <=> CH2X(27) + OCX(25) -0.000 -0.002
37 CHOX(53) + CX(26) <=> CHX(28) + OCX(25) -0.000 -0.002
38 CO2(4) + X(1) <=> CO2X(24) -0.000 -0.002
39 OCX(25) + OX(20) <=> CO2X(24) + X(1) -0.057 -0.091
40 CO2X(24) + HX(19) <=> HOX(22) + OCX(25) -0.000 -0.002
Finished sensitivity simulation for a C/O ratio of 1.6
Finished translating for C/O ratio of 1.6
Starting sensitivity simulation for a C/O ratio of 0.9
0 CH4(2) + X(1) <=> CH4X(48) 0.016 0.020
1 O2(3) + 2 X(1) <=> 2 OX(20) -0.340 -0.556
2 H2(6) + 2 X(1) <=> 2 HX(19) 0.014 0.017
3 H(12) + X(1) <=> HX(19) 0.000 0.000
4 HX(19) + OX(20) <=> HOX(22) + X(1) 0.000 0.000
5 H2O(5) + 2 X(1) <=> HOX(22) + HX(19) 0.001 0.001
6 OH(17) + X(1) <=> HOX(22) 0.009 0.009
7 CH4(2) + 2 X(1) <=> CH3X(21) + HX(19) -0.002 -0.002
8 CH4(2) + OX(20) + X(1) <=> CH3X(21) + HOX(22) -0.848 -1.080
9 C2H6(8) + 2 X(1) <=> 2 CH3X(21) -0.002 -0.002
10 CH3(10) + X(1) <=> CH3X(21) -0.351 -0.269
11 CH3OH(14) + 2 X(1) <=> CH3X(21) + HOX(22) 0.016 0.020
12 CH2X(27) + HX(19) <=> CH3X(21) + X(1) 0.016 0.020
13 CH2X(27) + HOX(22) <=> CH3X(21) + OX(20) -0.000 -0.000
14 CHX(28) + HX(19) <=> CH2X(27) + X(1) -0.000 0.000
15 CHX(28) + HOX(22) <=> CH2X(27) + OX(20) -0.000 0.000
16 2 CH2X(27) <=> CH3X(21) + CHX(28) -0.000 0.000
17 CHX(28) + X(1) <=> CX(26) + HX(19) -0.000 0.000
18 CX(26) + H2(6) <=> CH2X(27) 0.016 0.020
19 CX(26) + HOX(22) <=> CHX(28) + OX(20) 0.016 0.020
20 CH3X(21) + CX(26) <=> CH2X(27) + CHX(28) -0.000 -0.000
21 CH2X(27) + CX(26) <=> 2 CHX(28) 0.016 0.020
22 CO(7) + X(1) <=> OCX(25) 0.002 0.002
23 CX(26) + OX(20) <=> OCX(25) + X(1) -0.002 -0.003
24 CH4(2) + HOX(22) + X(1) <=> CH3X(21) + H2OX(23) 0.014 0.017
25 H2O(5) + X(1) <=> H2OX(23) 0.000 0.000
26 H2OX(23) + OX(20) <=> 2 HOX(22) 0.004 0.006
27 HOX(22) + HX(19) <=> H2OX(23) + X(1) 0.000 0.000
28 H2(6) + X(1) <=> H2X(49) 0.016 0.020
29 CO(7) + X(1) <=> COX(50) 0.016 0.020
30 CH2O(9) + 2 X(1) <=> CHOX(53) + HX(19) 0.016 0.020
31 HCO(15) + X(1) <=> CHOX(53) -0.000 0.000
32 CH3CHO(16) + 2 X(1) <=> CH3X(21) + CHOX(53) -0.000 0.000
33 CHOX(53) + X(1) <=> HX(19) + OCX(25) -0.000 0.000
34 CHOX(53) + OX(20) <=> HOX(22) + OCX(25) -0.000 0.000
35 CH2X(27) + CHOX(53) <=> CH3X(21) + OCX(25) -0.000 0.000
36 CHOX(53) + CHX(28) <=> CH2X(27) + OCX(25) 0.016 0.020
37 CHOX(53) + CX(26) <=> CHX(28) + OCX(25) 0.016 0.020
38 CO2(4) + X(1) <=> CO2X(24) 0.000 0.000
39 OCX(25) + OX(20) <=> CO2X(24) + X(1) -0.067 -0.095
40 CO2X(24) + HX(19) <=> HOX(22) + OCX(25) -0.000 -0.001
Finished sensitivity simulation for a C/O ratio of 0.9
Finished translating for C/O ratio of 0.9
Starting sensitivity simulation for a C/O ratio of 1.3
0 CH4(2) + X(1) <=> CH4X(48) -0.001 0.000
1 O2(3) + 2 X(1) <=> 2 OX(20) 0.775 0.867
2 H2(6) + 2 X(1) <=> 2 HX(19) -0.001 -0.003
3 H(12) + X(1) <=> HX(19) 0.000 0.000
4 HX(19) + OX(20) <=> HOX(22) + X(1) 0.000 -0.001
5 H2O(5) + 2 X(1) <=> HOX(22) + HX(19) 0.001 -0.002
6 OH(17) + X(1) <=> HOX(22) -0.010 -0.011
7 CH4(2) + 2 X(1) <=> CH3X(21) + HX(19) -0.003 0.001
8 CH4(2) + OX(20) + X(1) <=> CH3X(21) + HOX(22) 0.267 0.343
9 C2H6(8) + 2 X(1) <=> 2 CH3X(21) -0.003 0.000
10 CH3(10) + X(1) <=> CH3X(21) 1.390 1.915
11 CH3OH(14) + 2 X(1) <=> CH3X(21) + HOX(22) -0.000 -0.000
12 CH2X(27) + HX(19) <=> CH3X(21) + X(1) 0.000 -0.001
13 CH2X(27) + HOX(22) <=> CH3X(21) + OX(20) -0.000 -0.000
14 CHX(28) + HX(19) <=> CH2X(27) + X(1) 0.000 -0.001
15 CHX(28) + HOX(22) <=> CH2X(27) + OX(20) -0.000 -0.000
16 2 CH2X(27) <=> CH3X(21) + CHX(28) -0.000 0.001
17 CHX(28) + X(1) <=> CX(26) + HX(19) 0.000 -0.000
18 CX(26) + H2(6) <=> CH2X(27) -0.000 -0.000
19 CX(26) + HOX(22) <=> CHX(28) + OX(20) -0.000 0.001
20 CH3X(21) + CX(26) <=> CH2X(27) + CHX(28) 0.000 -0.001
21 CH2X(27) + CX(26) <=> 2 CHX(28) 0.000 -0.000
22 CO(7) + X(1) <=> OCX(25) 0.001 0.001
23 CX(26) + OX(20) <=> OCX(25) + X(1) -0.002 -0.005
24 CH4(2) + HOX(22) + X(1) <=> CH3X(21) + H2OX(23) -0.005 -0.005
25 H2O(5) + X(1) <=> H2OX(23) 0.000 0.000
26 H2OX(23) + OX(20) <=> 2 HOX(22) 0.005 0.008
27 HOX(22) + HX(19) <=> H2OX(23) + X(1) -0.000 -0.000
28 H2(6) + X(1) <=> H2X(49) 0.000 -0.000
29 CO(7) + X(1) <=> COX(50) 0.000 -0.001
30 CH2O(9) + 2 X(1) <=> CHOX(53) + HX(19) 0.000 -0.001
31 HCO(15) + X(1) <=> CHOX(53) -0.000 0.001
32 CH3CHO(16) + 2 X(1) <=> CH3X(21) + CHOX(53) 0.000 -0.000
33 CHOX(53) + X(1) <=> HX(19) + OCX(25) 0.000 -0.000
34 CHOX(53) + OX(20) <=> HOX(22) + OCX(25) 0.000 -0.001
35 CH2X(27) + CHOX(53) <=> CH3X(21) + OCX(25) 0.000 -0.001
36 CHOX(53) + CHX(28) <=> CH2X(27) + OCX(25) 0.000 -0.001
37 CHOX(53) + CX(26) <=> CHX(28) + OCX(25) 0.000 -0.000
38 CO2(4) + X(1) <=> CO2X(24) 0.000 0.000
39 OCX(25) + OX(20) <=> CO2X(24) + X(1) 1.545 1.974
40 CO2X(24) + HX(19) <=> HOX(22) + OCX(25) -0.000 -0.002
Finished sensitivity simulation for a C/O ratio of 1.3
Finished translating for C/O ratio of 1.3
Starting sensitivity simulation for a C/O ratio of 1.4
0 CH4(2) + X(1) <=> CH4X(48) 0.218 0.271
1 O2(3) + 2 X(1) <=> 2 OX(20) 0.313 0.279
2 H2(6) + 2 X(1) <=> 2 HX(19) 0.002 0.002
3 H(12) + X(1) <=> HX(19) 0.218 0.271
4 HX(19) + OX(20) <=> HOX(22) + X(1) 0.217 0.272
5 H2O(5) + 2 X(1) <=> HOX(22) + HX(19) 0.002 0.001
6 OH(17) + X(1) <=> HOX(22) -0.011 -0.011
7 CH4(2) + 2 X(1) <=> CH3X(21) + HX(19) 0.215 0.270
8 CH4(2) + OX(20) + X(1) <=> CH3X(21) + HOX(22) 1.171 1.506
9 C2H6(8) + 2 X(1) <=> 2 CH3X(21) 0.215 0.270
10 CH3(10) + X(1) <=> CH3X(21) 0.008 0.121
11 CH3OH(14) + 2 X(1) <=> CH3X(21) + HOX(22) 0.217 0.272
12 CH2X(27) + HX(19) <=> CH3X(21) + X(1) -0.000 -0.000
13 CH2X(27) + HOX(22) <=> CH3X(21) + OX(20) 0.218 0.271
14 CHX(28) + HX(19) <=> CH2X(27) + X(1) 0.004 0.004
15 CHX(28) + HOX(22) <=> CH2X(27) + OX(20) 0.217 0.271
16 2 CH2X(27) <=> CH3X(21) + CHX(28) 0.004 0.005
17 CHX(28) + X(1) <=> CX(26) + HX(19) 0.003 0.004
18 CX(26) + H2(6) <=> CH2X(27) 0.217 0.272
19 CX(26) + HOX(22) <=> CHX(28) + OX(20) 0.217 0.272
20 CH3X(21) + CX(26) <=> CH2X(27) + CHX(28) -0.001 -0.001
21 CH2X(27) + CX(26) <=> 2 CHX(28) 0.217 0.273
22 CO(7) + X(1) <=> OCX(25) 0.001 0.002
23 CX(26) + OX(20) <=> OCX(25) + X(1) -0.001 -0.002
24 CH4(2) + HOX(22) + X(1) <=> CH3X(21) + H2OX(23) 0.215 0.268
25 H2O(5) + X(1) <=> H2OX(23) 0.217 0.272
26 H2OX(23) + OX(20) <=> 2 HOX(22) 0.009 0.011
27 HOX(22) + HX(19) <=> H2OX(23) + X(1) 0.217 0.272
28 H2(6) + X(1) <=> H2X(49) 0.000 -0.000
29 CO(7) + X(1) <=> COX(50) 0.217 0.272
30 CH2O(9) + 2 X(1) <=> CHOX(53) + HX(19) 0.217 0.272
31 HCO(15) + X(1) <=> CHOX(53) 0.217 0.272
32 CH3CHO(16) + 2 X(1) <=> CH3X(21) + CHOX(53) 0.004 0.006
33 CHOX(53) + X(1) <=> HX(19) + OCX(25) 0.217 0.272
34 CHOX(53) + OX(20) <=> HOX(22) + OCX(25) 0.004 0.006
35 CH2X(27) + CHOX(53) <=> CH3X(21) + OCX(25) 0.217 0.272
36 CHOX(53) + CHX(28) <=> CH2X(27) + OCX(25) 0.217 0.273
37 CHOX(53) + CX(26) <=> CHX(28) + OCX(25) 0.004 0.005
38 CO2(4) + X(1) <=> CO2X(24) 0.000 0.000
39 OCX(25) + OX(20) <=> CO2X(24) + X(1) 1.559 1.980
40 CO2X(24) + HX(19) <=> HOX(22) + OCX(25) 0.218 0.273
Finished sensitivity simulation for a C/O ratio of 1.4
Finished translating for C/O ratio of 1.4
Starting sensitivity simulation for a C/O ratio of 1.0
0 CH4(2) + X(1) <=> CH4X(48) 0.000 -0.000
1 O2(3) + 2 X(1) <=> 2 OX(20) -0.273 -0.486
2 H2(6) + 2 X(1) <=> 2 HX(19) -0.002 -0.003
3 H(12) + X(1) <=> HX(19) 0.000 0.000
4 HX(19) + OX(20) <=> HOX(22) + X(1) 0.000 0.000
5 H2O(5) + 2 X(1) <=> HOX(22) + HX(19) 0.001 0.001
6 OH(17) + X(1) <=> HOX(22) -0.008 -0.012
7 CH4(2) + 2 X(1) <=> CH3X(21) + HX(19) -0.002 -0.002
8 CH4(2) + OX(20) + X(1) <=> CH3X(21) + HOX(22) -0.486 -0.630
9 C2H6(8) + 2 X(1) <=> 2 CH3X(21) -0.002 -0.002
10 CH3(10) + X(1) <=> CH3X(21) -0.335 -0.253
11 CH3OH(14) + 2 X(1) <=> CH3X(21) + HOX(22) -0.000 -0.000
12 CH2X(27) + HX(19) <=> CH3X(21) + X(1) -0.000 -0.000
13 CH2X(27) + HOX(22) <=> CH3X(21) + OX(20) -0.000 -0.000
14 CHX(28) + HX(19) <=> CH2X(27) + X(1) -0.000 -0.000
15 CHX(28) + HOX(22) <=> CH2X(27) + OX(20) 0.000 0.000
16 2 CH2X(27) <=> CH3X(21) + CHX(28) -0.000 -0.000
17 CHX(28) + X(1) <=> CX(26) + HX(19) 0.000 -0.000
18 CX(26) + H2(6) <=> CH2X(27) 0.000 -0.000
19 CX(26) + HOX(22) <=> CHX(28) + OX(20) 0.000 -0.000
20 CH3X(21) + CX(26) <=> CH2X(27) + CHX(28) -0.000 -0.000
21 CH2X(27) + CX(26) <=> 2 CHX(28) 0.000 -0.000
22 CO(7) + X(1) <=> OCX(25) 0.002 0.002
23 CX(26) + OX(20) <=> OCX(25) + X(1) -0.002 -0.003
24 CH4(2) + HOX(22) + X(1) <=> CH3X(21) + H2OX(23) -0.004 -0.005
25 H2O(5) + X(1) <=> H2OX(23) 0.000 0.000
26 H2OX(23) + OX(20) <=> 2 HOX(22) 0.005 0.006
27 HOX(22) + HX(19) <=> H2OX(23) + X(1) 0.000 0.000
28 H2(6) + X(1) <=> H2X(49) 0.000 -0.000
29 CO(7) + X(1) <=> COX(50) -0.000 -0.000
30 CH2O(9) + 2 X(1) <=> CHOX(53) + HX(19) 0.000 -0.000
31 HCO(15) + X(1) <=> CHOX(53) 0.000 -0.000
32 CH3CHO(16) + 2 X(1) <=> CH3X(21) + CHOX(53) 0.000 -0.000
33 CHOX(53) + X(1) <=> HX(19) + OCX(25) 0.000 -0.000
34 CHOX(53) + OX(20) <=> HOX(22) + OCX(25) 0.000 -0.000
35 CH2X(27) + CHOX(53) <=> CH3X(21) + OCX(25) -0.000 -0.000
36 CHOX(53) + CHX(28) <=> CH2X(27) + OCX(25) -0.000 -0.000
37 CHOX(53) + CX(26) <=> CHX(28) + OCX(25) -0.000 -0.000
38 CO2(4) + X(1) <=> CO2X(24) 0.000 -0.000
39 OCX(25) + OX(20) <=> CO2X(24) + X(1) -0.072 -0.106
40 CO2X(24) + HX(19) <=> HOX(22) + OCX(25) -0.000 -0.001
Finished sensitivity simulation for a C/O ratio of 1.0
Finished translating for C/O ratio of 1.0
Starting sensitivity simulation for a C/O ratio of 1.2
0 CH4(2) + X(1) <=> CH4X(48) 0.000 -0.000
1 O2(3) + 2 X(1) <=> 2 OX(20) 1.285 1.548
2 H2(6) + 2 X(1) <=> 2 HX(19) -0.002 -0.003
3 H(12) + X(1) <=> HX(19) 0.000 0.001
4 HX(19) + OX(20) <=> HOX(22) + X(1) -0.000 0.002
5 H2O(5) + 2 X(1) <=> HOX(22) + HX(19) 0.001 0.001
6 OH(17) + X(1) <=> HOX(22) -0.010 -0.013
7 CH4(2) + 2 X(1) <=> CH3X(21) + HX(19) -0.003 -0.001
8 CH4(2) + OX(20) + X(1) <=> CH3X(21) + HOX(22) 0.771 1.011
9 C2H6(8) + 2 X(1) <=> 2 CH3X(21) -0.003 0.000
10 CH3(10) + X(1) <=> CH3X(21) 1.290 1.832
11 CH3OH(14) + 2 X(1) <=> CH3X(21) + HOX(22) -0.000 -0.000
12 CH2X(27) + HX(19) <=> CH3X(21) + X(1) -0.000 -0.000
13 CH2X(27) + HOX(22) <=> CH3X(21) + OX(20) -0.000 -0.000
14 CHX(28) + HX(19) <=> CH2X(27) + X(1) -0.000 0.001
15 CHX(28) + HOX(22) <=> CH2X(27) + OX(20) -0.000 -0.000
16 2 CH2X(27) <=> CH3X(21) + CHX(28) -0.000 0.001
17 CHX(28) + X(1) <=> CX(26) + HX(19) 0.000 -0.000
18 CX(26) + H2(6) <=> CH2X(27) -0.000 0.002
19 CX(26) + HOX(22) <=> CHX(28) + OX(20) 0.000 -0.000
20 CH3X(21) + CX(26) <=> CH2X(27) + CHX(28) -0.000 0.001
21 CH2X(27) + CX(26) <=> 2 CHX(28) 0.000 -0.000
22 CO(7) + X(1) <=> OCX(25) 0.002 0.002
23 CX(26) + OX(20) <=> OCX(25) + X(1) -0.001 -0.003
24 CH4(2) + HOX(22) + X(1) <=> CH3X(21) + H2OX(23) -0.005 -0.005
25 H2O(5) + X(1) <=> H2OX(23) -0.002 -0.001
26 H2OX(23) + OX(20) <=> 2 HOX(22) 0.006 0.007
27 HOX(22) + HX(19) <=> H2OX(23) + X(1) 0.000 0.000
28 H2(6) + X(1) <=> H2X(49) -0.000 0.001
29 CO(7) + X(1) <=> COX(50) 0.000 -0.000
30 CH2O(9) + 2 X(1) <=> CHOX(53) + HX(19) -0.000 0.001
31 HCO(15) + X(1) <=> CHOX(53) -0.000 -0.000
32 CH3CHO(16) + 2 X(1) <=> CH3X(21) + CHOX(53) -0.000 -0.000
33 CHOX(53) + X(1) <=> HX(19) + OCX(25) 1.272 1.659
34 CHOX(53) + OX(20) <=> HOX(22) + OCX(25) -0.000 -0.000
35 CH2X(27) + CHOX(53) <=> CH3X(21) + OCX(25) -0.000 -0.000
36 CHOX(53) + CHX(28) <=> CH2X(27) + OCX(25) -0.000 0.001
37 CHOX(53) + CX(26) <=> CHX(28) + OCX(25) 0.000 -0.000
38 CO2(4) + X(1) <=> CO2X(24) 0.000 -0.000
39 OCX(25) + OX(20) <=> CO2X(24) + X(1) -0.080 -0.116
40 CO2X(24) + HX(19) <=> HOX(22) + OCX(25) -0.001 -0.001
Finished sensitivity simulation for a C/O ratio of 1.2
Finished translating for C/O ratio of 1.2
Starting sensitivity simulation for a C/O ratio of 1.1
0 CH4(2) + X(1) <=> CH4X(48) -0.000 0.001
1 O2(3) + 2 X(1) <=> 2 OX(20) 0.356 0.336
2 H2(6) + 2 X(1) <=> 2 HX(19) -0.004 -0.005
3 H(12) + X(1) <=> HX(19) 0.000 0.000
4 HX(19) + OX(20) <=> HOX(22) + X(1) -0.000 0.001
5 H2O(5) + 2 X(1) <=> HOX(22) + HX(19) 0.387 0.508
6 OH(17) + X(1) <=> HOX(22) -0.009 -0.012
7 CH4(2) + 2 X(1) <=> CH3X(21) + HX(19) -0.002 -0.002
8 CH4(2) + OX(20) + X(1) <=> CH3X(21) + HOX(22) -0.472 -0.616
9 C2H6(8) + 2 X(1) <=> 2 CH3X(21) -0.003 -0.001
10 CH3(10) + X(1) <=> CH3X(21) -0.305 -0.228
11 CH3OH(14) + 2 X(1) <=> CH3X(21) + HOX(22) -0.000 -0.000
12 CH2X(27) + HX(19) <=> CH3X(21) + X(1) -0.000 0.001
13 CH2X(27) + HOX(22) <=> CH3X(21) + OX(20) -0.000 -0.000
14 CHX(28) + HX(19) <=> CH2X(27) + X(1) -0.000 0.001
15 CHX(28) + HOX(22) <=> CH2X(27) + OX(20) -0.000 0.001
16 2 CH2X(27) <=> CH3X(21) + CHX(28) 0.386 0.508
17 CHX(28) + X(1) <=> CX(26) + HX(19) 0.386 0.507
18 CX(26) + H2(6) <=> CH2X(27) -0.000 0.001
19 CX(26) + HOX(22) <=> CHX(28) + OX(20) 0.386 0.506
20 CH3X(21) + CX(26) <=> CH2X(27) + CHX(28) -0.000 0.001
21 CH2X(27) + CX(26) <=> 2 CHX(28) -0.000 0.001
22 CO(7) + X(1) <=> OCX(25) 0.002 0.004
23 CX(26) + OX(20) <=> OCX(25) + X(1) -0.001 -0.003
24 CH4(2) + HOX(22) + X(1) <=> CH3X(21) + H2OX(23) -0.005 -0.005
25 H2O(5) + X(1) <=> H2OX(23) 0.000 -0.000
26 H2OX(23) + OX(20) <=> 2 HOX(22) 0.005 0.008
27 HOX(22) + HX(19) <=> H2OX(23) + X(1) 0.386 0.509
28 H2(6) + X(1) <=> H2X(49) -0.000 0.002
29 CO(7) + X(1) <=> COX(50) 0.386 0.507
30 CH2O(9) + 2 X(1) <=> CHOX(53) + HX(19) 0.000 -0.000
31 HCO(15) + X(1) <=> CHOX(53) 0.386 0.507
32 CH3CHO(16) + 2 X(1) <=> CH3X(21) + CHOX(53) 0.386 0.507
33 CHOX(53) + X(1) <=> HX(19) + OCX(25) -0.000 0.002
34 CHOX(53) + OX(20) <=> HOX(22) + OCX(25) 0.000 -0.000
35 CH2X(27) + CHOX(53) <=> CH3X(21) + OCX(25) 0.000 -0.000
36 CHOX(53) + CHX(28) <=> CH2X(27) + OCX(25) -0.000 0.001
37 CHOX(53) + CX(26) <=> CHX(28) + OCX(25) 0.386 0.506
38 CO2(4) + X(1) <=> CO2X(24) 0.000 -0.000
39 OCX(25) + OX(20) <=> CO2X(24) + X(1) -0.079 -0.117
40 CO2X(24) + HX(19) <=> HOX(22) + OCX(25) -0.000 -0.001
Finished sensitivity simulation for a C/O ratio of 1.1
Finished translating for C/O ratio of 1.1
Starting sensitivity simulation for a C/O ratio of 0.8
0 CH4(2) + X(1) <=> CH4X(48) 0.000 -0.000
1 O2(3) + 2 X(1) <=> 2 OX(20) -0.565 -0.767
2 H2(6) + 2 X(1) <=> 2 HX(19) -0.002 -0.002
3 H(12) + X(1) <=> HX(19) 0.000 0.000
4 HX(19) + OX(20) <=> HOX(22) + X(1) 0.000 0.000
5 H2O(5) + 2 X(1) <=> HOX(22) + HX(19) 0.000 0.001
6 OH(17) + X(1) <=> HOX(22) -0.006 -0.009
7 CH4(2) + 2 X(1) <=> CH3X(21) + HX(19) -0.002 -0.002
8 CH4(2) + OX(20) + X(1) <=> CH3X(21) + HOX(22) -0.584 -0.703
9 C2H6(8) + 2 X(1) <=> 2 CH3X(21) -0.002 -0.002
10 CH3(10) + X(1) <=> CH3X(21) -0.396 -0.331
11 CH3OH(14) + 2 X(1) <=> CH3X(21) + HOX(22) -0.000 -0.000
12 CH2X(27) + HX(19) <=> CH3X(21) + X(1) -0.000 -0.000
13 CH2X(27) + HOX(22) <=> CH3X(21) + OX(20) -0.000 -0.000
14 CHX(28) + HX(19) <=> CH2X(27) + X(1) -0.000 -0.000
15 CHX(28) + HOX(22) <=> CH2X(27) + OX(20) 0.000 0.000
16 2 CH2X(27) <=> CH3X(21) + CHX(28) 0.000 -0.000
17 CHX(28) + X(1) <=> CX(26) + HX(19) 0.000 -0.000
18 CX(26) + H2(6) <=> CH2X(27) 0.000 -0.000
19 CX(26) + HOX(22) <=> CHX(28) + OX(20) 0.000 -0.000
20 CH3X(21) + CX(26) <=> CH2X(27) + CHX(28) -0.000 -0.000
21 CH2X(27) + CX(26) <=> 2 CHX(28) 0.000 -0.000
22 CO(7) + X(1) <=> OCX(25) 0.002 0.002
23 CX(26) + OX(20) <=> OCX(25) + X(1) -0.002 -0.003
24 CH4(2) + HOX(22) + X(1) <=> CH3X(21) + H2OX(23) -0.003 -0.004
25 H2O(5) + X(1) <=> H2OX(23) 0.000 0.000
26 H2OX(23) + OX(20) <=> 2 HOX(22) 0.004 0.005
27 HOX(22) + HX(19) <=> H2OX(23) + X(1) 0.000 0.000
28 H2(6) + X(1) <=> H2X(49) 0.000 -0.000
29 CO(7) + X(1) <=> COX(50) 0.000 -0.000
30 CH2O(9) + 2 X(1) <=> CHOX(53) + HX(19) 0.000 -0.000
31 HCO(15) + X(1) <=> CHOX(53) 0.000 -0.000
32 CH3CHO(16) + 2 X(1) <=> CH3X(21) + CHOX(53) 0.000 -0.000
33 CHOX(53) + X(1) <=> HX(19) + OCX(25) 0.000 -0.000
34 CHOX(53) + OX(20) <=> HOX(22) + OCX(25) 0.000 -0.000
35 CH2X(27) + CHOX(53) <=> CH3X(21) + OCX(25) 0.000 -0.000
36 CHOX(53) + CHX(28) <=> CH2X(27) + OCX(25) 0.000 -0.000
37 CHOX(53) + CX(26) <=> CHX(28) + OCX(25) 0.000 -0.000
38 CO2(4) + X(1) <=> CO2X(24) 0.000 0.000
39 OCX(25) + OX(20) <=> CO2X(24) + X(1) -0.059 -0.077
40 CO2X(24) + HX(19) <=> HOX(22) + OCX(25) -0.000 -0.000
Finished sensitivity simulation for a C/O ratio of 0.8
Finished translating for C/O ratio of 0.8
