This mechanism contains 47 gas reactions and 37 surface reactions
Finished simulation at a C/O ratio of 0.7
Finished simulation at a C/O ratio of 1.8
Finished simulation at a C/O ratio of 0.8
Finished simulation at a C/O ratio of 0.9
Finished simulation at a C/O ratio of 0.6
Finished simulation at a C/O ratio of 1.0
Finished simulation at a C/O ratio of 1.2
Finished simulation at a C/O ratio of 1.3
Finished simulation at a C/O ratio of 2.4
Finished simulation at a C/O ratio of 2.6
Finished simulation at a C/O ratio of 1.6
Finished simulation at a C/O ratio of 2.2
Finished simulation at a C/O ratio of 1.1
Finished simulation at a C/O ratio of 1.4
Finished simulation at a C/O ratio of 2.0
Starting sensitivity simulation for a C/O ratio of 0.6
0 CH4(2) + X(1) <=> CH4X(48) 0.000 -0.000
1 O2(3) + 2 X(1) <=> 2 OX(20) 0.083 0.582
2 H2(6) + 2 X(1) <=> 2 HX(19) -0.000 -0.000
3 H(12) + X(1) <=> HX(19) 0.000 0.000
4 HX(19) + OX(20) <=> HOX(22) + X(1) 0.000 -0.000
5 H2O(5) + 2 X(1) <=> HOX(22) + HX(19) 0.000 0.000
6 OH(17) + X(1) <=> HOX(22) 0.000 -0.000
7 CH4(2) + 2 X(1) <=> CH3X(21) + HX(19) -0.000 -0.000
8 CH4(2) + OX(20) + X(1) <=> CH3X(21) + HOX(22) -0.001 -0.012
9 C2H6(8) + 2 X(1) <=> 2 CH3X(21) 0.000 -0.000
10 CH3(10) + X(1) <=> CH3X(21) 0.935 -0.048
11 CH3OH(14) + 2 X(1) <=> CH3X(21) + HOX(22) 0.001 -0.002
12 H2(6) + X(1) <=> H2X(49) 0.000 -0.000
13 CH4(2) + HOX(22) + X(1) <=> CH3X(21) + H2OX(23) -0.000 -0.000
14 H2O(5) + X(1) <=> H2OX(23) -0.000 -0.000
15 H2OX(23) + OX(20) <=> 2 HOX(22) -0.028 -0.523
16 HOX(22) + HX(19) <=> H2OX(23) + X(1) -0.000 -0.000
17 CH2X(27) + HX(19) <=> CH3X(21) + X(1) -0.111 -0.111
18 CH2X(27) + HOX(22) <=> CH3X(21) + OX(20) -0.888 -0.889
19 CHX(28) + HX(19) <=> CH2X(27) + X(1) -0.000 0.000
20 CHX(28) + HOX(22) <=> CH2X(27) + OX(20) -0.000 -0.000
21 2 CH2X(27) <=> CH3X(21) + CHX(28) -0.000 -0.000
22 CHX(28) + X(1) <=> CX(26) + HX(19) -0.000 0.000
23 CX(26) + H2(6) <=> CH2X(27) 0.000 0.000
24 CX(26) + HOX(22) <=> CHX(28) + OX(20) 0.000 0.000
25 CH3X(21) + CX(26) <=> CH2X(27) + CHX(28) 0.000 0.000
26 CH2X(27) + CX(26) <=> 2 CHX(28) -0.000 -0.000
27 CO(7) + X(1) <=> OCX(25) -0.000 -0.000
28 CX(26) + OX(20) <=> OCX(25) + X(1) 0.000 0.000
29 C2H6(8) + X(1) <=> C2H6X(52) -0.000 0.000
30 CO(7) + X(1) <=> COX(50) -0.000 -0.000
31 C2H4(47) + X(1) <=> C2H4X(205) 0.000 0.000
32 C2H4(18) + X(1) <=> C2H4X(65) -0.000 -0.000
33 CH3OH(14) + X(1) <=> CH4OX(60) -0.000 0.000
34 CO2(4) + X(1) <=> CO2X(24) -0.000 -0.000
35 OCX(25) + OX(20) <=> CO2X(24) + X(1) 0.000 0.000
36 CO2X(24) + HX(19) <=> HOX(22) + OCX(25) 0.000 -0.000
Finished sensitivity simulation for a C/O ratio of 0.6
Finished translating for C/O ratio of 0.6
Starting sensitivity simulation for a C/O ratio of 0.9
0 CH4(2) + X(1) <=> CH4X(48) -0.000 0.000
1 O2(3) + 2 X(1) <=> 2 OX(20) 0.101 0.600
2 H2(6) + 2 X(1) <=> 2 HX(19) -0.000 -0.000
3 H(12) + X(1) <=> HX(19) -0.000 -0.000
4 HX(19) + OX(20) <=> HOX(22) + X(1) -0.000 0.000
5 H2O(5) + 2 X(1) <=> HOX(22) + HX(19) -0.000 -0.000
6 OH(17) + X(1) <=> HOX(22) -0.000 -0.000
7 CH4(2) + 2 X(1) <=> CH3X(21) + HX(19) 0.000 0.000
8 CH4(2) + OX(20) + X(1) <=> CH3X(21) + HOX(22) -0.001 -0.010
9 C2H6(8) + 2 X(1) <=> 2 CH3X(21) 0.000 -0.000
10 CH3(10) + X(1) <=> CH3X(21) 0.922 -0.061
11 CH3OH(14) + 2 X(1) <=> CH3X(21) + HOX(22) 0.001 -0.002
12 H2(6) + X(1) <=> H2X(49) -0.000 0.000
13 CH4(2) + HOX(22) + X(1) <=> CH3X(21) + H2OX(23) -0.000 -0.000
14 H2O(5) + X(1) <=> H2OX(23) -0.000 -0.000
15 H2OX(23) + OX(20) <=> 2 HOX(22) -0.034 -0.529
16 HOX(22) + HX(19) <=> H2OX(23) + X(1) -0.000 0.000
17 CH2X(27) + HX(19) <=> CH3X(21) + X(1) -0.136 -0.136
18 CH2X(27) + HOX(22) <=> CH3X(21) + OX(20) -0.864 -0.864
19 CHX(28) + HX(19) <=> CH2X(27) + X(1) -0.000 0.000
20 CHX(28) + HOX(22) <=> CH2X(27) + OX(20) -0.000 -0.000
21 2 CH2X(27) <=> CH3X(21) + CHX(28) -0.000 0.000
22 CHX(28) + X(1) <=> CX(26) + HX(19) -0.000 0.000
23 CX(26) + H2(6) <=> CH2X(27) -0.000 0.000
24 CX(26) + HOX(22) <=> CHX(28) + OX(20) -0.000 0.000
25 CH3X(21) + CX(26) <=> CH2X(27) + CHX(28) -0.000 0.000
26 CH2X(27) + CX(26) <=> 2 CHX(28) -0.000 0.000
27 CO(7) + X(1) <=> OCX(25) -0.000 0.000
28 CX(26) + OX(20) <=> OCX(25) + X(1) -0.000 0.000
29 C2H6(8) + X(1) <=> C2H6X(52) -0.000 0.000
30 CO(7) + X(1) <=> COX(50) -0.000 0.000
31 C2H4(47) + X(1) <=> C2H4X(205) -0.000 0.000
32 C2H4(18) + X(1) <=> C2H4X(65) -0.000 0.000
33 CH3OH(14) + X(1) <=> CH4OX(60) -0.000 -0.000
34 CO2(4) + X(1) <=> CO2X(24) 0.000 -0.000
35 OCX(25) + OX(20) <=> CO2X(24) + X(1) -0.000 0.000
36 CO2X(24) + HX(19) <=> HOX(22) + OCX(25) 0.000 0.000
Finished sensitivity simulation for a C/O ratio of 0.9
Finished translating for C/O ratio of 0.9
Starting sensitivity simulation for a C/O ratio of 0.7
0 CH4(2) + X(1) <=> CH4X(48) 0.000 0.000
1 O2(3) + 2 X(1) <=> 2 OX(20) 0.089 0.589
2 H2(6) + 2 X(1) <=> 2 HX(19) 0.000 0.000
3 H(12) + X(1) <=> HX(19) 0.000 0.000
4 HX(19) + OX(20) <=> HOX(22) + X(1) 0.000 0.000
5 H2O(5) + 2 X(1) <=> HOX(22) + HX(19) 0.000 0.000
6 OH(17) + X(1) <=> HOX(22) 0.000 0.000
7 CH4(2) + 2 X(1) <=> CH3X(21) + HX(19) 0.000 0.000
8 CH4(2) + OX(20) + X(1) <=> CH3X(21) + HOX(22) -0.001 -0.011
9 C2H6(8) + 2 X(1) <=> 2 CH3X(21) 0.000 -0.000
10 CH3(10) + X(1) <=> CH3X(21) 0.930 -0.053
11 CH3OH(14) + 2 X(1) <=> CH3X(21) + HOX(22) 0.001 -0.002
12 H2(6) + X(1) <=> H2X(49) 0.000 0.000
13 CH4(2) + HOX(22) + X(1) <=> CH3X(21) + H2OX(23) -0.000 -0.000
14 H2O(5) + X(1) <=> H2OX(23) -0.000 -0.000
15 H2OX(23) + OX(20) <=> 2 HOX(22) -0.030 -0.525
16 HOX(22) + HX(19) <=> H2OX(23) + X(1) 0.000 0.000
17 CH2X(27) + HX(19) <=> CH3X(21) + X(1) -0.120 -0.120
18 CH2X(27) + HOX(22) <=> CH3X(21) + OX(20) -0.880 -0.880
19 CHX(28) + HX(19) <=> CH2X(27) + X(1) 0.000 0.000
20 CHX(28) + HOX(22) <=> CH2X(27) + OX(20) -0.000 -0.000
21 2 CH2X(27) <=> CH3X(21) + CHX(28) 0.000 0.000
22 CHX(28) + X(1) <=> CX(26) + HX(19) -0.000 0.000
23 CX(26) + H2(6) <=> CH2X(27) 0.000 0.000
24 CX(26) + HOX(22) <=> CHX(28) + OX(20) 0.000 0.000
25 CH3X(21) + CX(26) <=> CH2X(27) + CHX(28) 0.000 0.000
26 CH2X(27) + CX(26) <=> 2 CHX(28) 0.000 0.000
27 CO(7) + X(1) <=> OCX(25) -0.000 0.000
28 CX(26) + OX(20) <=> OCX(25) + X(1) 0.000 0.000
29 C2H6(8) + X(1) <=> C2H6X(52) -0.000 -0.000
30 CO(7) + X(1) <=> COX(50) 0.000 0.000
31 C2H4(47) + X(1) <=> C2H4X(205) 0.000 0.000
32 C2H4(18) + X(1) <=> C2H4X(65) -0.000 0.000
33 CH3OH(14) + X(1) <=> CH4OX(60) 0.000 0.000
34 CO2(4) + X(1) <=> CO2X(24) -0.000 0.000
35 OCX(25) + OX(20) <=> CO2X(24) + X(1) 0.000 0.000
36 CO2X(24) + HX(19) <=> HOX(22) + OCX(25) 0.000 0.000
Finished sensitivity simulation for a C/O ratio of 0.7
Finished translating for C/O ratio of 0.7
Starting sensitivity simulation for a C/O ratio of 2.0
0 CH4(2) + X(1) <=> CH4X(48) 0.000 0.000
1 O2(3) + 2 X(1) <=> 2 OX(20) 0.150 0.649
2 H2(6) + 2 X(1) <=> 2 HX(19) 0.000 0.000
3 H(12) + X(1) <=> HX(19) 0.000 0.000
4 HX(19) + OX(20) <=> HOX(22) + X(1) 0.000 0.000
5 H2O(5) + 2 X(1) <=> HOX(22) + HX(19) -0.000 0.000
6 OH(17) + X(1) <=> HOX(22) 0.000 0.000
7 CH4(2) + 2 X(1) <=> CH3X(21) + HX(19) -0.000 0.000
8 CH4(2) + OX(20) + X(1) <=> CH3X(21) + HOX(22) -0.001 -0.008
9 C2H6(8) + 2 X(1) <=> 2 CH3X(21) 0.001 -0.001
10 CH3(10) + X(1) <=> CH3X(21) 0.889 -0.094
11 CH3OH(14) + 2 X(1) <=> CH3X(21) + HOX(22) 0.001 -0.004
12 H2(6) + X(1) <=> H2X(49) 0.000 0.000
13 CH4(2) + HOX(22) + X(1) <=> CH3X(21) + H2OX(23) -0.000 -0.000
14 H2O(5) + X(1) <=> H2OX(23) -0.000 -0.000
15 H2OX(23) + OX(20) <=> 2 HOX(22) -0.050 -0.547
16 HOX(22) + HX(19) <=> H2OX(23) + X(1) 0.000 -0.000
17 CH2X(27) + HX(19) <=> CH3X(21) + X(1) -0.202 -0.202
18 CH2X(27) + HOX(22) <=> CH3X(21) + OX(20) -0.798 -0.798
19 CHX(28) + HX(19) <=> CH2X(27) + X(1) -0.000 0.000
20 CHX(28) + HOX(22) <=> CH2X(27) + OX(20) -0.000 0.000
21 2 CH2X(27) <=> CH3X(21) + CHX(28) 0.000 0.000
22 CHX(28) + X(1) <=> CX(26) + HX(19) 0.000 -0.000
23 CX(26) + H2(6) <=> CH2X(27) 0.000 0.000
24 CX(26) + HOX(22) <=> CHX(28) + OX(20) 0.000 -0.000
25 CH3X(21) + CX(26) <=> CH2X(27) + CHX(28) 0.000 0.000
26 CH2X(27) + CX(26) <=> 2 CHX(28) 0.000 -0.000
27 CO(7) + X(1) <=> OCX(25) -0.000 0.000
28 CX(26) + OX(20) <=> OCX(25) + X(1) 0.000 0.000
29 C2H6(8) + X(1) <=> C2H6X(52) 0.000 0.000
30 CO(7) + X(1) <=> COX(50) 0.000 0.000
31 C2H4(47) + X(1) <=> C2H4X(205) 0.000 0.000
32 C2H4(18) + X(1) <=> C2H4X(65) 0.000 0.000
33 CH3OH(14) + X(1) <=> CH4OX(60) 0.000 0.000
34 CO2(4) + X(1) <=> CO2X(24) 0.000 0.000
35 OCX(25) + OX(20) <=> CO2X(24) + X(1) 0.000 -0.000
36 CO2X(24) + HX(19) <=> HOX(22) + OCX(25) 0.000 0.000
Finished sensitivity simulation for a C/O ratio of 2.0
Finished translating for C/O ratio of 2.0
Starting sensitivity simulation for a C/O ratio of 2.6
0 CH4(2) + X(1) <=> CH4X(48) 0.000 -0.000
1 O2(3) + 2 X(1) <=> 2 OX(20) 0.171 0.670
2 H2(6) + 2 X(1) <=> 2 HX(19) 0.000 -0.000
3 H(12) + X(1) <=> HX(19) -0.000 0.000
4 HX(19) + OX(20) <=> HOX(22) + X(1) -0.000 0.000
5 H2O(5) + 2 X(1) <=> HOX(22) + HX(19) -0.000 -0.000
6 OH(17) + X(1) <=> HOX(22) -0.000 0.000
7 CH4(2) + 2 X(1) <=> CH3X(21) + HX(19) 0.000 -0.000
8 CH4(2) + OX(20) + X(1) <=> CH3X(21) + HOX(22) -0.001 -0.007
9 C2H6(8) + 2 X(1) <=> 2 CH3X(21) 0.001 -0.002
10 CH3(10) + X(1) <=> CH3X(21) 0.875 -0.108
11 CH3OH(14) + 2 X(1) <=> CH3X(21) + HOX(22) 0.001 -0.004
12 H2(6) + X(1) <=> H2X(49) 0.000 0.000
13 CH4(2) + HOX(22) + X(1) <=> CH3X(21) + H2OX(23) -0.000 -0.000
14 H2O(5) + X(1) <=> H2OX(23) -0.000 -0.001
15 H2OX(23) + OX(20) <=> 2 HOX(22) -0.057 -0.554
16 HOX(22) + HX(19) <=> H2OX(23) + X(1) -0.000 -0.000
17 CH2X(27) + HX(19) <=> CH3X(21) + X(1) -0.230 -0.230
18 CH2X(27) + HOX(22) <=> CH3X(21) + OX(20) -0.770 -0.770
19 CHX(28) + HX(19) <=> CH2X(27) + X(1) -0.000 0.000
20 CHX(28) + HOX(22) <=> CH2X(27) + OX(20) -0.000 0.000
21 2 CH2X(27) <=> CH3X(21) + CHX(28) -0.000 0.000
22 CHX(28) + X(1) <=> CX(26) + HX(19) 0.000 -0.000
23 CX(26) + H2(6) <=> CH2X(27) -0.000 -0.000
24 CX(26) + HOX(22) <=> CHX(28) + OX(20) -0.000 -0.000
25 CH3X(21) + CX(26) <=> CH2X(27) + CHX(28) 0.000 0.000
26 CH2X(27) + CX(26) <=> 2 CHX(28) 0.000 0.000
27 CO(7) + X(1) <=> OCX(25) -0.000 -0.000
28 CX(26) + OX(20) <=> OCX(25) + X(1) -0.000 -0.000
29 C2H6(8) + X(1) <=> C2H6X(52) 0.000 -0.000
30 CO(7) + X(1) <=> COX(50) 0.000 -0.000
31 C2H4(47) + X(1) <=> C2H4X(205) 0.000 -0.000
32 C2H4(18) + X(1) <=> C2H4X(65) -0.000 0.000
33 CH3OH(14) + X(1) <=> CH4OX(60) -0.000 -0.000
34 CO2(4) + X(1) <=> CO2X(24) -0.000 -0.000
35 OCX(25) + OX(20) <=> CO2X(24) + X(1) 0.000 -0.000
36 CO2X(24) + HX(19) <=> HOX(22) + OCX(25) 0.000 0.000
Finished sensitivity simulation for a C/O ratio of 2.6
Finished translating for C/O ratio of 2.6
Starting sensitivity simulation for a C/O ratio of 1.6
0 CH4(2) + X(1) <=> CH4X(48) 0.000 -0.000
1 O2(3) + 2 X(1) <=> 2 OX(20) 0.134 0.634
2 H2(6) + 2 X(1) <=> 2 HX(19) 0.000 -0.000
3 H(12) + X(1) <=> HX(19) -0.000 -0.000
4 HX(19) + OX(20) <=> HOX(22) + X(1) 0.000 -0.000
5 H2O(5) + 2 X(1) <=> HOX(22) + HX(19) 0.000 -0.000
6 OH(17) + X(1) <=> HOX(22) 0.000 -0.000
7 CH4(2) + 2 X(1) <=> CH3X(21) + HX(19) 0.000 -0.000
8 CH4(2) + OX(20) + X(1) <=> CH3X(21) + HOX(22) -0.001 -0.008
9 C2H6(8) + 2 X(1) <=> 2 CH3X(21) 0.001 -0.001
10 CH3(10) + X(1) <=> CH3X(21) 0.900 -0.084
11 CH3OH(14) + 2 X(1) <=> CH3X(21) + HOX(22) 0.001 -0.003
12 H2(6) + X(1) <=> H2X(49) 0.000 -0.000
13 CH4(2) + HOX(22) + X(1) <=> CH3X(21) + H2OX(23) -0.000 -0.000
14 H2O(5) + X(1) <=> H2OX(23) -0.000 -0.000
15 H2OX(23) + OX(20) <=> 2 HOX(22) -0.045 -0.541
16 HOX(22) + HX(19) <=> H2OX(23) + X(1) 0.000 -0.000
17 CH2X(27) + HX(19) <=> CH3X(21) + X(1) -0.181 -0.181
18 CH2X(27) + HOX(22) <=> CH3X(21) + OX(20) -0.819 -0.819
19 CHX(28) + HX(19) <=> CH2X(27) + X(1) -0.000 -0.000
20 CHX(28) + HOX(22) <=> CH2X(27) + OX(20) -0.000 -0.000
21 2 CH2X(27) <=> CH3X(21) + CHX(28) 0.000 -0.000
22 CHX(28) + X(1) <=> CX(26) + HX(19) 0.000 -0.000
23 CX(26) + H2(6) <=> CH2X(27) 0.000 -0.000
24 CX(26) + HOX(22) <=> CHX(28) + OX(20) 0.000 -0.000
25 CH3X(21) + CX(26) <=> CH2X(27) + CHX(28) 0.000 -0.000
26 CH2X(27) + CX(26) <=> 2 CHX(28) 0.000 -0.000
27 CO(7) + X(1) <=> OCX(25) -0.000 -0.000
28 CX(26) + OX(20) <=> OCX(25) + X(1) 0.000 0.000
29 C2H6(8) + X(1) <=> C2H6X(52) -0.000 -0.000
30 CO(7) + X(1) <=> COX(50) 0.000 -0.000
31 C2H4(47) + X(1) <=> C2H4X(205) 0.000 -0.000
32 C2H4(18) + X(1) <=> C2H4X(65) 0.000 -0.000
33 CH3OH(14) + X(1) <=> CH4OX(60) 0.000 -0.000
34 CO2(4) + X(1) <=> CO2X(24) 0.000 -0.000
35 OCX(25) + OX(20) <=> CO2X(24) + X(1) 0.000 -0.000
36 CO2X(24) + HX(19) <=> HOX(22) + OCX(25) 0.000 -0.000
Finished sensitivity simulation for a C/O ratio of 1.6
Finished translating for C/O ratio of 1.6
Starting sensitivity simulation for a C/O ratio of 1.3
0 CH4(2) + X(1) <=> CH4X(48) 0.000 0.000
1 O2(3) + 2 X(1) <=> 2 OX(20) 0.121 0.620
2 H2(6) + 2 X(1) <=> 2 HX(19) 0.000 -0.000
3 H(12) + X(1) <=> HX(19) -0.000 -0.000
4 HX(19) + OX(20) <=> HOX(22) + X(1) 0.000 0.000
5 H2O(5) + 2 X(1) <=> HOX(22) + HX(19) -0.000 0.000
6 OH(17) + X(1) <=> HOX(22) 0.000 -0.000
7 CH4(2) + 2 X(1) <=> CH3X(21) + HX(19) 0.000 0.000
8 CH4(2) + OX(20) + X(1) <=> CH3X(21) + HOX(22) -0.001 -0.009
9 C2H6(8) + 2 X(1) <=> 2 CH3X(21) 0.001 -0.001
10 CH3(10) + X(1) <=> CH3X(21) 0.909 -0.075
11 CH3OH(14) + 2 X(1) <=> CH3X(21) + HOX(22) 0.001 -0.003
12 H2(6) + X(1) <=> H2X(49) 0.000 0.000
13 CH4(2) + HOX(22) + X(1) <=> CH3X(21) + H2OX(23) -0.000 -0.000
14 H2O(5) + X(1) <=> H2OX(23) -0.000 -0.000
15 H2OX(23) + OX(20) <=> 2 HOX(22) -0.040 -0.537
16 HOX(22) + HX(19) <=> H2OX(23) + X(1) 0.000 -0.000
17 CH2X(27) + HX(19) <=> CH3X(21) + X(1) -0.163 -0.163
18 CH2X(27) + HOX(22) <=> CH3X(21) + OX(20) -0.837 -0.837
19 CHX(28) + HX(19) <=> CH2X(27) + X(1) -0.000 -0.000
20 CHX(28) + HOX(22) <=> CH2X(27) + OX(20) -0.000 -0.000
21 2 CH2X(27) <=> CH3X(21) + CHX(28) -0.000 -0.000
22 CHX(28) + X(1) <=> CX(26) + HX(19) 0.000 0.000
23 CX(26) + H2(6) <=> CH2X(27) -0.000 0.000
24 CX(26) + HOX(22) <=> CHX(28) + OX(20) 0.000 0.000
25 CH3X(21) + CX(26) <=> CH2X(27) + CHX(28) -0.000 0.000
26 CH2X(27) + CX(26) <=> 2 CHX(28) 0.000 -0.000
27 CO(7) + X(1) <=> OCX(25) -0.000 -0.000
28 CX(26) + OX(20) <=> OCX(25) + X(1) 0.000 0.000
29 C2H6(8) + X(1) <=> C2H6X(52) 0.000 0.000
30 CO(7) + X(1) <=> COX(50) -0.000 -0.000
31 C2H4(47) + X(1) <=> C2H4X(205) 0.000 -0.000
32 C2H4(18) + X(1) <=> C2H4X(65) 0.000 -0.000
33 CH3OH(14) + X(1) <=> CH4OX(60) 0.000 0.000
34 CO2(4) + X(1) <=> CO2X(24) 0.000 0.000
35 OCX(25) + OX(20) <=> CO2X(24) + X(1) 0.000 0.000
36 CO2X(24) + HX(19) <=> HOX(22) + OCX(25) 0.000 -0.000
Finished sensitivity simulation for a C/O ratio of 1.3
Finished translating for C/O ratio of 1.3
Starting sensitivity simulation for a C/O ratio of 1.1
0 CH4(2) + X(1) <=> CH4X(48) 0.000 -0.000
1 O2(3) + 2 X(1) <=> 2 OX(20) 0.112 0.611
2 H2(6) + 2 X(1) <=> 2 HX(19) 0.000 -0.000
3 H(12) + X(1) <=> HX(19) 0.000 -0.000
4 HX(19) + OX(20) <=> HOX(22) + X(1) 0.000 -0.000
5 H2O(5) + 2 X(1) <=> HOX(22) + HX(19) 0.000 -0.000
6 OH(17) + X(1) <=> HOX(22) 0.000 0.000
7 CH4(2) + 2 X(1) <=> CH3X(21) + HX(19) 0.000 -0.000
8 CH4(2) + OX(20) + X(1) <=> CH3X(21) + HOX(22) -0.001 -0.009
9 C2H6(8) + 2 X(1) <=> 2 CH3X(21) 0.001 -0.001
10 CH3(10) + X(1) <=> CH3X(21) 0.915 -0.068
11 CH3OH(14) + 2 X(1) <=> CH3X(21) + HOX(22) 0.001 -0.003
12 H2(6) + X(1) <=> H2X(49) 0.000 -0.000
13 CH4(2) + HOX(22) + X(1) <=> CH3X(21) + H2OX(23) -0.000 -0.000
14 H2O(5) + X(1) <=> H2OX(23) -0.000 -0.000
15 H2OX(23) + OX(20) <=> 2 HOX(22) -0.037 -0.533
16 HOX(22) + HX(19) <=> H2OX(23) + X(1) 0.000 -0.000
17 CH2X(27) + HX(19) <=> CH3X(21) + X(1) -0.150 -0.150
18 CH2X(27) + HOX(22) <=> CH3X(21) + OX(20) -0.850 -0.850
19 CHX(28) + HX(19) <=> CH2X(27) + X(1) 0.000 -0.000
20 CHX(28) + HOX(22) <=> CH2X(27) + OX(20) -0.000 -0.000
21 2 CH2X(27) <=> CH3X(21) + CHX(28) 0.000 -0.000
22 CHX(28) + X(1) <=> CX(26) + HX(19) 0.000 -0.000
23 CX(26) + H2(6) <=> CH2X(27) 0.000 -0.000
24 CX(26) + HOX(22) <=> CHX(28) + OX(20) 0.000 -0.000
25 CH3X(21) + CX(26) <=> CH2X(27) + CHX(28) 0.000 0.000
26 CH2X(27) + CX(26) <=> 2 CHX(28) 0.000 -0.000
27 CO(7) + X(1) <=> OCX(25) -0.000 -0.000
28 CX(26) + OX(20) <=> OCX(25) + X(1) 0.000 -0.000
29 C2H6(8) + X(1) <=> C2H6X(52) 0.000 -0.000
30 CO(7) + X(1) <=> COX(50) 0.000 -0.000
31 C2H4(47) + X(1) <=> C2H4X(205) 0.000 -0.000
32 C2H4(18) + X(1) <=> C2H4X(65) 0.000 -0.000
33 CH3OH(14) + X(1) <=> CH4OX(60) 0.000 -0.000
34 CO2(4) + X(1) <=> CO2X(24) 0.000 -0.000
35 OCX(25) + OX(20) <=> CO2X(24) + X(1) 0.000 -0.000
36 CO2X(24) + HX(19) <=> HOX(22) + OCX(25) 0.000 0.000
Finished sensitivity simulation for a C/O ratio of 1.1
Finished translating for C/O ratio of 1.1
Starting sensitivity simulation for a C/O ratio of 2.4
0 CH4(2) + X(1) <=> CH4X(48) -0.000 -0.000
1 O2(3) + 2 X(1) <=> 2 OX(20) 0.164 0.664
2 H2(6) + 2 X(1) <=> 2 HX(19) -0.000 0.000
3 H(12) + X(1) <=> HX(19) -0.000 -0.000
4 HX(19) + OX(20) <=> HOX(22) + X(1) -0.000 -0.000
5 H2O(5) + 2 X(1) <=> HOX(22) + HX(19) -0.000 0.000
6 OH(17) + X(1) <=> HOX(22) -0.000 0.000
7 CH4(2) + 2 X(1) <=> CH3X(21) + HX(19) -0.000 -0.000
8 CH4(2) + OX(20) + X(1) <=> CH3X(21) + HOX(22) -0.001 -0.007
9 C2H6(8) + 2 X(1) <=> 2 CH3X(21) 0.001 -0.001
10 CH3(10) + X(1) <=> CH3X(21) 0.879 -0.104
11 CH3OH(14) + 2 X(1) <=> CH3X(21) + HOX(22) 0.001 -0.004
12 H2(6) + X(1) <=> H2X(49) -0.000 -0.000
13 CH4(2) + HOX(22) + X(1) <=> CH3X(21) + H2OX(23) -0.000 -0.000
14 H2O(5) + X(1) <=> H2OX(23) -0.000 -0.001
15 H2OX(23) + OX(20) <=> 2 HOX(22) -0.055 -0.552
16 HOX(22) + HX(19) <=> H2OX(23) + X(1) -0.000 -0.000
17 CH2X(27) + HX(19) <=> CH3X(21) + X(1) -0.221 -0.221
18 CH2X(27) + HOX(22) <=> CH3X(21) + OX(20) -0.779 -0.779
19 CHX(28) + HX(19) <=> CH2X(27) + X(1) -0.000 0.000
20 CHX(28) + HOX(22) <=> CH2X(27) + OX(20) -0.000 -0.000
21 2 CH2X(27) <=> CH3X(21) + CHX(28) -0.000 0.000
22 CHX(28) + X(1) <=> CX(26) + HX(19) 0.000 0.000
23 CX(26) + H2(6) <=> CH2X(27) -0.000 0.000
24 CX(26) + HOX(22) <=> CHX(28) + OX(20) -0.000 0.000
25 CH3X(21) + CX(26) <=> CH2X(27) + CHX(28) -0.000 0.000
26 CH2X(27) + CX(26) <=> 2 CHX(28) 0.000 -0.000
27 CO(7) + X(1) <=> OCX(25) -0.000 -0.000
28 CX(26) + OX(20) <=> OCX(25) + X(1) -0.000 0.000
29 C2H6(8) + X(1) <=> C2H6X(52) -0.000 0.000
30 CO(7) + X(1) <=> COX(50) -0.000 -0.000
31 C2H4(47) + X(1) <=> C2H4X(205) -0.000 0.000
32 C2H4(18) + X(1) <=> C2H4X(65) -0.000 0.000
33 CH3OH(14) + X(1) <=> CH4OX(60) -0.000 0.000
34 CO2(4) + X(1) <=> CO2X(24) 0.000 -0.000
35 OCX(25) + OX(20) <=> CO2X(24) + X(1) -0.000 -0.000
36 CO2X(24) + HX(19) <=> HOX(22) + OCX(25) 0.000 0.000
Finished sensitivity simulation for a C/O ratio of 2.4
Finished translating for C/O ratio of 2.4
Starting sensitivity simulation for a C/O ratio of 2.2
0 CH4(2) + X(1) <=> CH4X(48) 0.000 -0.000
1 O2(3) + 2 X(1) <=> 2 OX(20) 0.157 0.657
2 H2(6) + 2 X(1) <=> 2 HX(19) 0.000 0.000
3 H(12) + X(1) <=> HX(19) 0.000 -0.000
4 HX(19) + OX(20) <=> HOX(22) + X(1) 0.000 -0.000
5 H2O(5) + 2 X(1) <=> HOX(22) + HX(19) 0.000 -0.000
6 OH(17) + X(1) <=> HOX(22) 0.000 0.000
7 CH4(2) + 2 X(1) <=> CH3X(21) + HX(19) 0.000 -0.000
8 CH4(2) + OX(20) + X(1) <=> CH3X(21) + HOX(22) -0.001 -0.007
9 C2H6(8) + 2 X(1) <=> 2 CH3X(21) 0.001 -0.001
10 CH3(10) + X(1) <=> CH3X(21) 0.884 -0.099
11 CH3OH(14) + 2 X(1) <=> CH3X(21) + HOX(22) 0.001 -0.004
12 H2(6) + X(1) <=> H2X(49) 0.000 0.000
13 CH4(2) + HOX(22) + X(1) <=> CH3X(21) + H2OX(23) -0.000 -0.000
14 H2O(5) + X(1) <=> H2OX(23) -0.000 -0.001
15 H2OX(23) + OX(20) <=> 2 HOX(22) -0.052 -0.549
16 HOX(22) + HX(19) <=> H2OX(23) + X(1) 0.000 0.000
17 CH2X(27) + HX(19) <=> CH3X(21) + X(1) -0.212 -0.212
18 CH2X(27) + HOX(22) <=> CH3X(21) + OX(20) -0.788 -0.788
19 CHX(28) + HX(19) <=> CH2X(27) + X(1) -0.000 0.000
20 CHX(28) + HOX(22) <=> CH2X(27) + OX(20) -0.000 -0.000
21 2 CH2X(27) <=> CH3X(21) + CHX(28) 0.000 -0.000
22 CHX(28) + X(1) <=> CX(26) + HX(19) 0.000 0.000
23 CX(26) + H2(6) <=> CH2X(27) 0.000 -0.000
24 CX(26) + HOX(22) <=> CHX(28) + OX(20) 0.000 -0.000
25 CH3X(21) + CX(26) <=> CH2X(27) + CHX(28) 0.000 0.000
26 CH2X(27) + CX(26) <=> 2 CHX(28) 0.000 -0.000
27 CO(7) + X(1) <=> OCX(25) -0.000 0.000
28 CX(26) + OX(20) <=> OCX(25) + X(1) 0.000 0.000
29 C2H6(8) + X(1) <=> C2H6X(52) 0.000 -0.000
30 CO(7) + X(1) <=> COX(50) 0.000 -0.000
31 C2H4(47) + X(1) <=> C2H4X(205) 0.000 0.000
32 C2H4(18) + X(1) <=> C2H4X(65) 0.000 -0.000
33 CH3OH(14) + X(1) <=> CH4OX(60) 0.000 -0.000
34 CO2(4) + X(1) <=> CO2X(24) 0.000 0.000
35 OCX(25) + OX(20) <=> CO2X(24) + X(1) 0.000 0.000
36 CO2X(24) + HX(19) <=> HOX(22) + OCX(25) 0.000 0.000
Finished sensitivity simulation for a C/O ratio of 2.2
Finished translating for C/O ratio of 2.2
Starting sensitivity simulation for a C/O ratio of 1.2
0 CH4(2) + X(1) <=> CH4X(48) -0.000 0.000
1 O2(3) + 2 X(1) <=> 2 OX(20) 0.117 0.616
2 H2(6) + 2 X(1) <=> 2 HX(19) -0.000 0.000
3 H(12) + X(1) <=> HX(19) -0.000 -0.000
4 HX(19) + OX(20) <=> HOX(22) + X(1) -0.000 0.000
5 H2O(5) + 2 X(1) <=> HOX(22) + HX(19) 0.000 0.000
6 OH(17) + X(1) <=> HOX(22) -0.000 0.000
7 CH4(2) + 2 X(1) <=> CH3X(21) + HX(19) -0.000 -0.000
8 CH4(2) + OX(20) + X(1) <=> CH3X(21) + HOX(22) -0.001 -0.009
9 C2H6(8) + 2 X(1) <=> 2 CH3X(21) 0.001 -0.001
10 CH3(10) + X(1) <=> CH3X(21) 0.912 -0.072
11 CH3OH(14) + 2 X(1) <=> CH3X(21) + HOX(22) 0.001 -0.003
12 H2(6) + X(1) <=> H2X(49) -0.000 0.000
13 CH4(2) + HOX(22) + X(1) <=> CH3X(21) + H2OX(23) -0.000 -0.000
14 H2O(5) + X(1) <=> H2OX(23) -0.000 -0.000
15 H2OX(23) + OX(20) <=> 2 HOX(22) -0.039 -0.535
16 HOX(22) + HX(19) <=> H2OX(23) + X(1) -0.000 -0.000
17 CH2X(27) + HX(19) <=> CH3X(21) + X(1) -0.157 -0.157
18 CH2X(27) + HOX(22) <=> CH3X(21) + OX(20) -0.843 -0.843
19 CHX(28) + HX(19) <=> CH2X(27) + X(1) -0.000 -0.000
20 CHX(28) + HOX(22) <=> CH2X(27) + OX(20) -0.000 -0.000
21 2 CH2X(27) <=> CH3X(21) + CHX(28) -0.000 0.000
22 CHX(28) + X(1) <=> CX(26) + HX(19) -0.000 0.000
23 CX(26) + H2(6) <=> CH2X(27) -0.000 0.000
24 CX(26) + HOX(22) <=> CHX(28) + OX(20) -0.000 0.000
25 CH3X(21) + CX(26) <=> CH2X(27) + CHX(28) -0.000 -0.000
26 CH2X(27) + CX(26) <=> 2 CHX(28) -0.000 0.000
27 CO(7) + X(1) <=> OCX(25) -0.000 0.000
28 CX(26) + OX(20) <=> OCX(25) + X(1) -0.000 -0.000
29 C2H6(8) + X(1) <=> C2H6X(52) -0.000 -0.000
30 CO(7) + X(1) <=> COX(50) -0.000 0.000
31 C2H4(47) + X(1) <=> C2H4X(205) -0.000 0.000
32 C2H4(18) + X(1) <=> C2H4X(65) -0.000 0.000
33 CH3OH(14) + X(1) <=> CH4OX(60) -0.000 -0.000
34 CO2(4) + X(1) <=> CO2X(24) -0.000 0.000
35 OCX(25) + OX(20) <=> CO2X(24) + X(1) -0.000 0.000
36 CO2X(24) + HX(19) <=> HOX(22) + OCX(25) 0.000 0.000
Finished sensitivity simulation for a C/O ratio of 1.2
Finished translating for C/O ratio of 1.2
Starting sensitivity simulation for a C/O ratio of 1.0
0 CH4(2) + X(1) <=> CH4X(48) -0.000 -0.000
1 O2(3) + 2 X(1) <=> 2 OX(20) 0.106 0.606
2 H2(6) + 2 X(1) <=> 2 HX(19) -0.000 -0.000
3 H(12) + X(1) <=> HX(19) -0.000 -0.000
4 HX(19) + OX(20) <=> HOX(22) + X(1) -0.000 0.000
5 H2O(5) + 2 X(1) <=> HOX(22) + HX(19) -0.000 -0.000
6 OH(17) + X(1) <=> HOX(22) -0.000 0.000
7 CH4(2) + 2 X(1) <=> CH3X(21) + HX(19) -0.000 -0.000
8 CH4(2) + OX(20) + X(1) <=> CH3X(21) + HOX(22) -0.001 -0.010
9 C2H6(8) + 2 X(1) <=> 2 CH3X(21) 0.001 -0.001
10 CH3(10) + X(1) <=> CH3X(21) 0.919 -0.065
11 CH3OH(14) + 2 X(1) <=> CH3X(21) + HOX(22) 0.001 -0.003
12 H2(6) + X(1) <=> H2X(49) 0.000 -0.000
13 CH4(2) + HOX(22) + X(1) <=> CH3X(21) + H2OX(23) -0.000 -0.000
14 H2O(5) + X(1) <=> H2OX(23) -0.000 -0.000
15 H2OX(23) + OX(20) <=> 2 HOX(22) -0.036 -0.531
16 HOX(22) + HX(19) <=> H2OX(23) + X(1) 0.000 0.000
17 CH2X(27) + HX(19) <=> CH3X(21) + X(1) -0.143 -0.143
18 CH2X(27) + HOX(22) <=> CH3X(21) + OX(20) -0.857 -0.857
19 CHX(28) + HX(19) <=> CH2X(27) + X(1) -0.000 -0.000
20 CHX(28) + HOX(22) <=> CH2X(27) + OX(20) -0.000 0.000
21 2 CH2X(27) <=> CH3X(21) + CHX(28) -0.000 0.000
22 CHX(28) + X(1) <=> CX(26) + HX(19) 0.000 0.000
23 CX(26) + H2(6) <=> CH2X(27) 0.000 0.000
24 CX(26) + HOX(22) <=> CHX(28) + OX(20) -0.000 0.000
25 CH3X(21) + CX(26) <=> CH2X(27) + CHX(28) -0.000 0.000
26 CH2X(27) + CX(26) <=> 2 CHX(28) -0.000 -0.000
27 CO(7) + X(1) <=> OCX(25) -0.000 0.000
28 CX(26) + OX(20) <=> OCX(25) + X(1) -0.000 -0.000
29 C2H6(8) + X(1) <=> C2H6X(52) -0.000 -0.000
30 CO(7) + X(1) <=> COX(50) -0.000 -0.000
31 C2H4(47) + X(1) <=> C2H4X(205) -0.000 0.000
32 C2H4(18) + X(1) <=> C2H4X(65) 0.000 -0.000
33 CH3OH(14) + X(1) <=> CH4OX(60) -0.000 0.000
34 CO2(4) + X(1) <=> CO2X(24) 0.000 -0.000
35 OCX(25) + OX(20) <=> CO2X(24) + X(1) -0.000 -0.000
36 CO2X(24) + HX(19) <=> HOX(22) + OCX(25) 0.000 -0.000
Finished sensitivity simulation for a C/O ratio of 1.0
Finished translating for C/O ratio of 1.0
Starting sensitivity simulation for a C/O ratio of 1.8
0 CH4(2) + X(1) <=> CH4X(48) 0.000 0.000
1 O2(3) + 2 X(1) <=> 2 OX(20) 0.142 0.642
2 H2(6) + 2 X(1) <=> 2 HX(19) 0.000 0.000
3 H(12) + X(1) <=> HX(19) 0.000 0.000
4 HX(19) + OX(20) <=> HOX(22) + X(1) 0.000 0.000
5 H2O(5) + 2 X(1) <=> HOX(22) + HX(19) 0.000 0.000
6 OH(17) + X(1) <=> HOX(22) -0.000 0.000
7 CH4(2) + 2 X(1) <=> CH3X(21) + HX(19) -0.000 0.000
8 CH4(2) + OX(20) + X(1) <=> CH3X(21) + HOX(22) -0.001 -0.008
9 C2H6(8) + 2 X(1) <=> 2 CH3X(21) 0.001 -0.001
10 CH3(10) + X(1) <=> CH3X(21) 0.894 -0.089
11 CH3OH(14) + 2 X(1) <=> CH3X(21) + HOX(22) 0.001 -0.004
12 H2(6) + X(1) <=> H2X(49) -0.000 -0.000
13 CH4(2) + HOX(22) + X(1) <=> CH3X(21) + H2OX(23) -0.000 -0.000
14 H2O(5) + X(1) <=> H2OX(23) -0.000 -0.000
15 H2OX(23) + OX(20) <=> 2 HOX(22) -0.048 -0.544
16 HOX(22) + HX(19) <=> H2OX(23) + X(1) 0.000 0.000
17 CH2X(27) + HX(19) <=> CH3X(21) + X(1) -0.192 -0.192
18 CH2X(27) + HOX(22) <=> CH3X(21) + OX(20) -0.808 -0.808
19 CHX(28) + HX(19) <=> CH2X(27) + X(1) -0.000 0.000
20 CHX(28) + HOX(22) <=> CH2X(27) + OX(20) -0.000 0.000
21 2 CH2X(27) <=> CH3X(21) + CHX(28) 0.000 0.000
22 CHX(28) + X(1) <=> CX(26) + HX(19) -0.000 0.000
23 CX(26) + H2(6) <=> CH2X(27) 0.000 0.000
24 CX(26) + HOX(22) <=> CHX(28) + OX(20) 0.000 0.000
25 CH3X(21) + CX(26) <=> CH2X(27) + CHX(28) 0.000 0.000
26 CH2X(27) + CX(26) <=> 2 CHX(28) -0.000 0.000
27 CO(7) + X(1) <=> OCX(25) -0.000 -0.000
28 CX(26) + OX(20) <=> OCX(25) + X(1) 0.000 0.000
29 C2H6(8) + X(1) <=> C2H6X(52) 0.000 0.000
30 CO(7) + X(1) <=> COX(50) 0.000 0.000
31 C2H4(47) + X(1) <=> C2H4X(205) 0.000 0.000
32 C2H4(18) + X(1) <=> C2H4X(65) 0.000 0.000
33 CH3OH(14) + X(1) <=> CH4OX(60) 0.000 0.000
34 CO2(4) + X(1) <=> CO2X(24) 0.000 0.000
35 OCX(25) + OX(20) <=> CO2X(24) + X(1) 0.000 0.000
36 CO2X(24) + HX(19) <=> HOX(22) + OCX(25) 0.000 0.000
Finished sensitivity simulation for a C/O ratio of 1.8
Finished translating for C/O ratio of 1.8
Starting sensitivity simulation for a C/O ratio of 1.4
0 CH4(2) + X(1) <=> CH4X(48) -0.000 -0.000
1 O2(3) + 2 X(1) <=> 2 OX(20) 0.126 0.625
2 H2(6) + 2 X(1) <=> 2 HX(19) -0.000 -0.000
3 H(12) + X(1) <=> HX(19) -0.000 0.000
4 HX(19) + OX(20) <=> HOX(22) + X(1) -0.000 -0.000
5 H2O(5) + 2 X(1) <=> HOX(22) + HX(19) -0.000 -0.000
6 OH(17) + X(1) <=> HOX(22) -0.000 -0.000
7 CH4(2) + 2 X(1) <=> CH3X(21) + HX(19) -0.000 -0.000
8 CH4(2) + OX(20) + X(1) <=> CH3X(21) + HOX(22) -0.001 -0.009
9 C2H6(8) + 2 X(1) <=> 2 CH3X(21) 0.001 -0.001
10 CH3(10) + X(1) <=> CH3X(21) 0.905 -0.078
11 CH3OH(14) + 2 X(1) <=> CH3X(21) + HOX(22) 0.001 -0.003
12 H2(6) + X(1) <=> H2X(49) -0.000 0.000
13 CH4(2) + HOX(22) + X(1) <=> CH3X(21) + H2OX(23) -0.000 -0.000
14 H2O(5) + X(1) <=> H2OX(23) -0.000 -0.000
15 H2OX(23) + OX(20) <=> 2 HOX(22) -0.042 -0.538
16 HOX(22) + HX(19) <=> H2OX(23) + X(1) 0.000 -0.000
17 CH2X(27) + HX(19) <=> CH3X(21) + X(1) -0.169 -0.169
18 CH2X(27) + HOX(22) <=> CH3X(21) + OX(20) -0.831 -0.831
19 CHX(28) + HX(19) <=> CH2X(27) + X(1) -0.000 -0.000
20 CHX(28) + HOX(22) <=> CH2X(27) + OX(20) -0.000 -0.000
21 2 CH2X(27) <=> CH3X(21) + CHX(28) -0.000 -0.000
22 CHX(28) + X(1) <=> CX(26) + HX(19) -0.000 -0.000
23 CX(26) + H2(6) <=> CH2X(27) -0.000 0.000
24 CX(26) + HOX(22) <=> CHX(28) + OX(20) -0.000 0.000
25 CH3X(21) + CX(26) <=> CH2X(27) + CHX(28) -0.000 -0.000
26 CH2X(27) + CX(26) <=> 2 CHX(28) -0.000 -0.000
27 CO(7) + X(1) <=> OCX(25) -0.000 -0.000
28 CX(26) + OX(20) <=> OCX(25) + X(1) -0.000 0.000
29 C2H6(8) + X(1) <=> C2H6X(52) -0.000 0.000
30 CO(7) + X(1) <=> COX(50) -0.000 -0.000
31 C2H4(47) + X(1) <=> C2H4X(205) -0.000 -0.000
32 C2H4(18) + X(1) <=> C2H4X(65) -0.000 -0.000
33 CH3OH(14) + X(1) <=> CH4OX(60) -0.000 -0.000
34 CO2(4) + X(1) <=> CO2X(24) -0.000 -0.000
35 OCX(25) + OX(20) <=> CO2X(24) + X(1) -0.000 -0.000
36 CO2X(24) + HX(19) <=> HOX(22) + OCX(25) 0.000 -0.000
Finished sensitivity simulation for a C/O ratio of 1.4
Finished translating for C/O ratio of 1.4
Starting sensitivity simulation for a C/O ratio of 0.8
0 CH4(2) + X(1) <=> CH4X(48) -0.000 -0.000
1 O2(3) + 2 X(1) <=> 2 OX(20) 0.095 0.595
2 H2(6) + 2 X(1) <=> 2 HX(19) -0.000 0.000
3 H(12) + X(1) <=> HX(19) -0.000 -0.000
4 HX(19) + OX(20) <=> HOX(22) + X(1) -0.000 -0.000
5 H2O(5) + 2 X(1) <=> HOX(22) + HX(19) 0.000 0.000
6 OH(17) + X(1) <=> HOX(22) -0.000 0.000
7 CH4(2) + 2 X(1) <=> CH3X(21) + HX(19) -0.000 0.000
8 CH4(2) + OX(20) + X(1) <=> CH3X(21) + HOX(22) -0.001 -0.011
9 C2H6(8) + 2 X(1) <=> 2 CH3X(21) 0.000 -0.000
10 CH3(10) + X(1) <=> CH3X(21) 0.926 -0.057
11 CH3OH(14) + 2 X(1) <=> CH3X(21) + HOX(22) 0.001 -0.002
12 H2(6) + X(1) <=> H2X(49) -0.000 -0.000
13 CH4(2) + HOX(22) + X(1) <=> CH3X(21) + H2OX(23) -0.000 -0.000
14 H2O(5) + X(1) <=> H2OX(23) -0.000 -0.000
15 H2OX(23) + OX(20) <=> 2 HOX(22) -0.032 -0.527
16 HOX(22) + HX(19) <=> H2OX(23) + X(1) -0.000 -0.000
17 CH2X(27) + HX(19) <=> CH3X(21) + X(1) -0.128 -0.128
18 CH2X(27) + HOX(22) <=> CH3X(21) + OX(20) -0.872 -0.872
19 CHX(28) + HX(19) <=> CH2X(27) + X(1) -0.000 -0.000
20 CHX(28) + HOX(22) <=> CH2X(27) + OX(20) -0.000 -0.000
21 2 CH2X(27) <=> CH3X(21) + CHX(28) -0.000 0.000
22 CHX(28) + X(1) <=> CX(26) + HX(19) -0.000 -0.000
23 CX(26) + H2(6) <=> CH2X(27) -0.000 -0.000
24 CX(26) + HOX(22) <=> CHX(28) + OX(20) -0.000 -0.000
25 CH3X(21) + CX(26) <=> CH2X(27) + CHX(28) -0.000 0.000
26 CH2X(27) + CX(26) <=> 2 CHX(28) -0.000 -0.000
27 CO(7) + X(1) <=> OCX(25) -0.000 -0.000
28 CX(26) + OX(20) <=> OCX(25) + X(1) 0.000 -0.000
29 C2H6(8) + X(1) <=> C2H6X(52) -0.000 0.000
30 CO(7) + X(1) <=> COX(50) -0.000 0.000
31 C2H4(47) + X(1) <=> C2H4X(205) -0.000 0.000
32 C2H4(18) + X(1) <=> C2H4X(65) -0.000 -0.000
33 CH3OH(14) + X(1) <=> CH4OX(60) -0.000 0.000
34 CO2(4) + X(1) <=> CO2X(24) -0.000 -0.000
35 OCX(25) + OX(20) <=> CO2X(24) + X(1) -0.000 -0.000
36 CO2X(24) + HX(19) <=> HOX(22) + OCX(25) 0.000 -0.000
Finished sensitivity simulation for a C/O ratio of 0.8
Finished translating for C/O ratio of 0.8
