This mechanism contains 66 gas reactions and 38 surface reactions
Finished simulation at a C/O ratio of 0.7
Finished simulation at a C/O ratio of 0.8
Finished simulation at a C/O ratio of 0.9
Finished simulation at a C/O ratio of 0.6
Finished simulation at a C/O ratio of 1.4
Finished simulation at a C/O ratio of 1.1
Finished simulation at a C/O ratio of 1.3
Finished simulation at a C/O ratio of 1.0
Finished simulation at a C/O ratio of 1.2
Finished simulation at a C/O ratio of 2.6
Finished simulation at a C/O ratio of 1.6
Finished simulation at a C/O ratio of 2.0
Finished simulation at a C/O ratio of 1.8
Finished simulation at a C/O ratio of 2.4
Finished simulation at a C/O ratio of 2.2
Starting sensitivity simulation for a C/O ratio of 0.7
0 CH4(2) + X(1) <=> CH4X(48) 0.000 -0.000
1 O2(3) + 2 X(1) <=> 2 OX(20) 0.089 0.588
2 H2(6) + 2 X(1) <=> 2 HX(19) -0.000 -0.000
3 H(12) + X(1) <=> HX(19) 0.000 -0.000
4 HX(19) + OX(20) <=> HOX(22) + X(1) 0.000 -0.000
5 H2O(5) + 2 X(1) <=> HOX(22) + HX(19) 0.000 -0.000
6 OH(17) + X(1) <=> HOX(22) 0.000 0.000
7 CH4(2) + 2 X(1) <=> CH3X(21) + HX(19) 0.000 -0.000
8 CH4(2) + OX(20) + X(1) <=> CH3X(21) + HOX(22) -0.001 -0.011
9 C2H6(8) + 2 X(1) <=> 2 CH3X(21) -0.000 -0.000
10 CH3(10) + X(1) <=> CH3X(21) 0.931 -0.054
11 CH3OH(14) + 2 X(1) <=> CH3X(21) + HOX(22) 0.000 -0.000
12 H2(6) + X(1) <=> H2X(49) -0.000 -0.000
13 CH4(2) + HOX(22) + X(1) <=> CH3X(21) + H2OX(23) -0.000 -0.000
14 H2O(5) + X(1) <=> H2OX(23) -0.000 -0.000
15 H2OX(23) + OX(20) <=> 2 HOX(22) -0.029 -0.525
16 HOX(22) + HX(19) <=> H2OX(23) + X(1) 0.000 -0.000
17 C2H6(8) + X(1) <=> C2H6X(52) -0.000 -0.000
18 C2H4(47) + X(1) <=> C2H4X(205) 0.000 -0.000
19 CH2X(27) + HX(19) <=> CH3X(21) + X(1) -0.120 -0.120
20 CH2X(27) + HOX(22) <=> CH3X(21) + OX(20) -0.879 -0.879
21 CHX(28) + HX(19) <=> CH2X(27) + X(1) -0.000 -0.000
22 CHX(28) + HOX(22) <=> CH2X(27) + OX(20) -0.000 -0.000
23 2 CH2X(27) <=> CH3X(21) + CHX(28) 0.000 -0.000
24 CHX(28) + X(1) <=> CX(26) + HX(19) 0.000 -0.000
25 CX(26) + H2(6) <=> CH2X(27) 0.000 0.000
26 CX(26) + HOX(22) <=> CHX(28) + OX(20) -0.000 -0.000
27 CH3X(21) + CX(26) <=> CH2X(27) + CHX(28) -0.000 -0.000
28 CH2X(27) + CX(26) <=> 2 CHX(28) -0.000 0.000
29 CO(7) + X(1) <=> OCX(25) -0.000 -0.000
30 CX(26) + OX(20) <=> OCX(25) + X(1) -0.000 -0.000
31 CO(7) + X(1) <=> COX(50) -0.000 0.000
32 C2H4(18) + X(1) <=> C2H4X(65) 0.000 -0.000
33 CH3OH(14) + X(1) <=> CH4OX(60) -0.000 -0.000
34 C2H2(244) + X(1) <=> C2H2X(266) -0.000 -0.000
35 CO2(4) + X(1) <=> CO2X(24) -0.000 0.000
36 OCX(25) + OX(20) <=> CO2X(24) + X(1) -0.000 -0.000
37 CO2X(24) + HX(19) <=> HOX(22) + OCX(25) 0.000 -0.000
Finished sensitivity simulation for a C/O ratio of 0.7
Finished translating for C/O ratio of 0.7
Starting sensitivity simulation for a C/O ratio of 0.8
0 CH4(2) + X(1) <=> CH4X(48) 0.000 0.000
1 O2(3) + 2 X(1) <=> 2 OX(20) 0.095 0.594
2 H2(6) + 2 X(1) <=> 2 HX(19) -0.000 -0.000
3 H(12) + X(1) <=> HX(19) -0.000 -0.000
4 HX(19) + OX(20) <=> HOX(22) + X(1) -0.000 -0.000
5 H2O(5) + 2 X(1) <=> HOX(22) + HX(19) -0.000 -0.000
6 OH(17) + X(1) <=> HOX(22) -0.000 -0.000
7 CH4(2) + 2 X(1) <=> CH3X(21) + HX(19) -0.000 -0.000
8 CH4(2) + OX(20) + X(1) <=> CH3X(21) + HOX(22) -0.001 -0.011
9 C2H6(8) + 2 X(1) <=> 2 CH3X(21) -0.000 -0.000
10 CH3(10) + X(1) <=> CH3X(21) 0.927 -0.059
11 CH3OH(14) + 2 X(1) <=> CH3X(21) + HOX(22) 0.000 -0.000
12 H2(6) + X(1) <=> H2X(49) -0.000 0.000
13 CH4(2) + HOX(22) + X(1) <=> CH3X(21) + H2OX(23) -0.000 -0.000
14 H2O(5) + X(1) <=> H2OX(23) -0.000 -0.000
15 H2OX(23) + OX(20) <=> 2 HOX(22) -0.032 -0.527
16 HOX(22) + HX(19) <=> H2OX(23) + X(1) -0.000 -0.000
17 C2H6(8) + X(1) <=> C2H6X(52) -0.000 0.000
18 C2H4(47) + X(1) <=> C2H4X(205) 0.000 -0.000
19 CH2X(27) + HX(19) <=> CH3X(21) + X(1) -0.128 -0.128
20 CH2X(27) + HOX(22) <=> CH3X(21) + OX(20) -0.871 -0.871
21 CHX(28) + HX(19) <=> CH2X(27) + X(1) -0.000 0.000
22 CHX(28) + HOX(22) <=> CH2X(27) + OX(20) -0.000 -0.000
23 2 CH2X(27) <=> CH3X(21) + CHX(28) 0.000 -0.000
24 CHX(28) + X(1) <=> CX(26) + HX(19) -0.000 -0.000
25 CX(26) + H2(6) <=> CH2X(27) 0.000 0.000
26 CX(26) + HOX(22) <=> CHX(28) + OX(20) -0.000 0.000
27 CH3X(21) + CX(26) <=> CH2X(27) + CHX(28) -0.000 0.000
28 CH2X(27) + CX(26) <=> 2 CHX(28) -0.000 0.000
29 CO(7) + X(1) <=> OCX(25) -0.000 0.000
30 CX(26) + OX(20) <=> OCX(25) + X(1) -0.000 0.000
31 CO(7) + X(1) <=> COX(50) 0.000 -0.000
32 C2H4(18) + X(1) <=> C2H4X(65) -0.000 0.000
33 CH3OH(14) + X(1) <=> CH4OX(60) 0.000 0.000
34 C2H2(244) + X(1) <=> C2H2X(266) -0.000 0.000
35 CO2(4) + X(1) <=> CO2X(24) -0.000 0.000
36 OCX(25) + OX(20) <=> CO2X(24) + X(1) -0.000 0.000
37 CO2X(24) + HX(19) <=> HOX(22) + OCX(25) 0.000 0.000
Finished sensitivity simulation for a C/O ratio of 0.8
Finished translating for C/O ratio of 0.8
Starting sensitivity simulation for a C/O ratio of 0.6
0 CH4(2) + X(1) <=> CH4X(48) 0.000 -0.000
1 O2(3) + 2 X(1) <=> 2 OX(20) 0.083 0.581
2 H2(6) + 2 X(1) <=> 2 HX(19) 0.000 -0.000
3 H(12) + X(1) <=> HX(19) 0.000 -0.000
4 HX(19) + OX(20) <=> HOX(22) + X(1) 0.000 -0.000
5 H2O(5) + 2 X(1) <=> HOX(22) + HX(19) 0.000 -0.000
6 OH(17) + X(1) <=> HOX(22) 0.000 -0.000
7 CH4(2) + 2 X(1) <=> CH3X(21) + HX(19) 0.000 -0.000
8 CH4(2) + OX(20) + X(1) <=> CH3X(21) + HOX(22) -0.001 -0.012
9 C2H6(8) + 2 X(1) <=> 2 CH3X(21) 0.000 -0.000
10 CH3(10) + X(1) <=> CH3X(21) 0.935 -0.049
11 CH3OH(14) + 2 X(1) <=> CH3X(21) + HOX(22) 0.000 -0.000
12 H2(6) + X(1) <=> H2X(49) 0.000 -0.000
13 CH4(2) + HOX(22) + X(1) <=> CH3X(21) + H2OX(23) 0.000 -0.000
14 H2O(5) + X(1) <=> H2OX(23) -0.000 -0.000
15 H2OX(23) + OX(20) <=> 2 HOX(22) -0.027 -0.523
16 HOX(22) + HX(19) <=> H2OX(23) + X(1) 0.000 -0.000
17 C2H6(8) + X(1) <=> C2H6X(52) 0.000 -0.000
18 C2H4(47) + X(1) <=> C2H4X(205) 0.000 -0.000
19 CH2X(27) + HX(19) <=> CH3X(21) + X(1) -0.111 -0.111
20 CH2X(27) + HOX(22) <=> CH3X(21) + OX(20) -0.888 -0.888
21 CHX(28) + HX(19) <=> CH2X(27) + X(1) -0.000 -0.000
22 CHX(28) + HOX(22) <=> CH2X(27) + OX(20) -0.000 -0.000
23 2 CH2X(27) <=> CH3X(21) + CHX(28) 0.000 -0.000
24 CHX(28) + X(1) <=> CX(26) + HX(19) 0.000 -0.000
25 CX(26) + H2(6) <=> CH2X(27) 0.000 -0.000
26 CX(26) + HOX(22) <=> CHX(28) + OX(20) 0.000 -0.000
27 CH3X(21) + CX(26) <=> CH2X(27) + CHX(28) -0.000 -0.000
28 CH2X(27) + CX(26) <=> 2 CHX(28) 0.000 -0.000
29 CO(7) + X(1) <=> OCX(25) -0.000 -0.000
30 CX(26) + OX(20) <=> OCX(25) + X(1) 0.000 -0.000
31 CO(7) + X(1) <=> COX(50) 0.000 -0.000
32 C2H4(18) + X(1) <=> C2H4X(65) 0.000 -0.000
33 CH3OH(14) + X(1) <=> CH4OX(60) 0.000 -0.000
34 C2H2(244) + X(1) <=> C2H2X(266) 0.000 -0.000
35 CO2(4) + X(1) <=> CO2X(24) 0.000 -0.000
36 OCX(25) + OX(20) <=> CO2X(24) + X(1) 0.000 -0.000
37 CO2X(24) + HX(19) <=> HOX(22) + OCX(25) 0.000 -0.000
Finished sensitivity simulation for a C/O ratio of 0.6
Finished translating for C/O ratio of 0.6
Starting sensitivity simulation for a C/O ratio of 2.6
0 CH4(2) + X(1) <=> CH4X(48) 0.000 0.000
1 O2(3) + 2 X(1) <=> 2 OX(20) 0.172 0.669
2 H2(6) + 2 X(1) <=> 2 HX(19) -0.000 0.000
3 H(12) + X(1) <=> HX(19) 0.000 0.000
4 HX(19) + OX(20) <=> HOX(22) + X(1) 0.000 0.000
5 H2O(5) + 2 X(1) <=> HOX(22) + HX(19) -0.000 -0.000
6 OH(17) + X(1) <=> HOX(22) -0.000 0.000
7 CH4(2) + 2 X(1) <=> CH3X(21) + HX(19) 0.000 0.000
8 CH4(2) + OX(20) + X(1) <=> CH3X(21) + HOX(22) -0.001 -0.007
9 C2H6(8) + 2 X(1) <=> 2 CH3X(21) -0.000 -0.000
10 CH3(10) + X(1) <=> CH3X(21) 0.870 -0.118
11 CH3OH(14) + 2 X(1) <=> CH3X(21) + HOX(22) 0.000 -0.000
12 H2(6) + X(1) <=> H2X(49) -0.000 0.000
13 CH4(2) + HOX(22) + X(1) <=> CH3X(21) + H2OX(23) -0.000 -0.000
14 H2O(5) + X(1) <=> H2OX(23) -0.000 -0.001
15 H2OX(23) + OX(20) <=> 2 HOX(22) -0.059 -0.556
16 HOX(22) + HX(19) <=> H2OX(23) + X(1) -0.000 0.000
17 C2H6(8) + X(1) <=> C2H6X(52) -0.000 0.000
18 C2H4(47) + X(1) <=> C2H4X(205) -0.000 0.000
19 CH2X(27) + HX(19) <=> CH3X(21) + X(1) -0.228 -0.228
20 CH2X(27) + HOX(22) <=> CH3X(21) + OX(20) -0.769 -0.769
21 CHX(28) + HX(19) <=> CH2X(27) + X(1) -0.000 -0.000
22 CHX(28) + HOX(22) <=> CH2X(27) + OX(20) -0.000 -0.000
23 2 CH2X(27) <=> CH3X(21) + CHX(28) -0.000 0.000
24 CHX(28) + X(1) <=> CX(26) + HX(19) -0.000 0.000
25 CX(26) + H2(6) <=> CH2X(27) 0.000 0.000
26 CX(26) + HOX(22) <=> CHX(28) + OX(20) -0.000 0.000
27 CH3X(21) + CX(26) <=> CH2X(27) + CHX(28) 0.000 0.000
28 CH2X(27) + CX(26) <=> 2 CHX(28) 0.000 0.000
29 CO(7) + X(1) <=> OCX(25) -0.000 0.000
30 CX(26) + OX(20) <=> OCX(25) + X(1) -0.000 -0.000
31 CO(7) + X(1) <=> COX(50) -0.000 -0.000
32 C2H4(18) + X(1) <=> C2H4X(65) 0.000 -0.000
33 CH3OH(14) + X(1) <=> CH4OX(60) 0.000 -0.000
34 C2H2(244) + X(1) <=> C2H2X(266) 0.000 0.000
35 CO2(4) + X(1) <=> CO2X(24) 0.000 -0.000
36 OCX(25) + OX(20) <=> CO2X(24) + X(1) 0.000 -0.000
37 CO2X(24) + HX(19) <=> HOX(22) + OCX(25) 0.000 0.000
Finished sensitivity simulation for a C/O ratio of 2.6
Finished translating for C/O ratio of 2.6
Starting sensitivity simulation for a C/O ratio of 1.3
0 CH4(2) + X(1) <=> CH4X(48) 0.000 0.000
1 O2(3) + 2 X(1) <=> 2 OX(20) 0.121 0.619
2 H2(6) + 2 X(1) <=> 2 HX(19) -0.000 -0.000
3 H(12) + X(1) <=> HX(19) 0.000 0.000
4 HX(19) + OX(20) <=> HOX(22) + X(1) 0.000 -0.000
5 H2O(5) + 2 X(1) <=> HOX(22) + HX(19) 0.000 0.000
6 OH(17) + X(1) <=> HOX(22) 0.000 0.000
7 CH4(2) + 2 X(1) <=> CH3X(21) + HX(19) 0.000 0.000
8 CH4(2) + OX(20) + X(1) <=> CH3X(21) + HOX(22) -0.001 -0.009
9 C2H6(8) + 2 X(1) <=> 2 CH3X(21) -0.000 -0.000
10 CH3(10) + X(1) <=> CH3X(21) 0.909 -0.078
11 CH3OH(14) + 2 X(1) <=> CH3X(21) + HOX(22) 0.000 -0.000
12 H2(6) + X(1) <=> H2X(49) 0.000 0.000
13 CH4(2) + HOX(22) + X(1) <=> CH3X(21) + H2OX(23) -0.000 -0.000
14 H2O(5) + X(1) <=> H2OX(23) -0.000 -0.000
15 H2OX(23) + OX(20) <=> 2 HOX(22) -0.040 -0.537
16 HOX(22) + HX(19) <=> H2OX(23) + X(1) 0.000 0.000
17 C2H6(8) + X(1) <=> C2H6X(52) 0.000 0.000
18 C2H4(47) + X(1) <=> C2H4X(205) 0.000 -0.000
19 CH2X(27) + HX(19) <=> CH3X(21) + X(1) -0.163 -0.163
20 CH2X(27) + HOX(22) <=> CH3X(21) + OX(20) -0.836 -0.836
21 CHX(28) + HX(19) <=> CH2X(27) + X(1) -0.000 0.000
22 CHX(28) + HOX(22) <=> CH2X(27) + OX(20) -0.000 -0.000
23 2 CH2X(27) <=> CH3X(21) + CHX(28) 0.000 0.000
24 CHX(28) + X(1) <=> CX(26) + HX(19) 0.000 0.000
25 CX(26) + H2(6) <=> CH2X(27) -0.000 -0.000
26 CX(26) + HOX(22) <=> CHX(28) + OX(20) 0.000 0.000
27 CH3X(21) + CX(26) <=> CH2X(27) + CHX(28) 0.000 0.000
28 CH2X(27) + CX(26) <=> 2 CHX(28) -0.000 0.000
29 CO(7) + X(1) <=> OCX(25) -0.000 0.000
30 CX(26) + OX(20) <=> OCX(25) + X(1) 0.000 0.000
31 CO(7) + X(1) <=> COX(50) 0.000 0.000
32 C2H4(18) + X(1) <=> C2H4X(65) 0.000 0.000
33 CH3OH(14) + X(1) <=> CH4OX(60) -0.000 -0.000
34 C2H2(244) + X(1) <=> C2H2X(266) 0.000 -0.000
35 CO2(4) + X(1) <=> CO2X(24) 0.000 0.000
36 OCX(25) + OX(20) <=> CO2X(24) + X(1) -0.000 -0.000
37 CO2X(24) + HX(19) <=> HOX(22) + OCX(25) 0.000 0.000
Finished sensitivity simulation for a C/O ratio of 1.3
Finished translating for C/O ratio of 1.3
Starting sensitivity simulation for a C/O ratio of 1.2
0 CH4(2) + X(1) <=> CH4X(48) 0.000 -0.000
1 O2(3) + 2 X(1) <=> 2 OX(20) 0.117 0.614
2 H2(6) + 2 X(1) <=> 2 HX(19) -0.000 -0.000
3 H(12) + X(1) <=> HX(19) 0.000 0.000
4 HX(19) + OX(20) <=> HOX(22) + X(1) 0.000 -0.000
5 H2O(5) + 2 X(1) <=> HOX(22) + HX(19) 0.000 0.000
6 OH(17) + X(1) <=> HOX(22) 0.000 0.000
7 CH4(2) + 2 X(1) <=> CH3X(21) + HX(19) 0.000 -0.000
8 CH4(2) + OX(20) + X(1) <=> CH3X(21) + HOX(22) -0.001 -0.009
9 C2H6(8) + 2 X(1) <=> 2 CH3X(21) -0.000 -0.000
10 CH3(10) + X(1) <=> CH3X(21) 0.912 -0.074
11 CH3OH(14) + 2 X(1) <=> CH3X(21) + HOX(22) 0.000 -0.000
12 H2(6) + X(1) <=> H2X(49) 0.000 0.000
13 CH4(2) + HOX(22) + X(1) <=> CH3X(21) + H2OX(23) -0.000 -0.000
14 H2O(5) + X(1) <=> H2OX(23) -0.000 -0.000
15 H2OX(23) + OX(20) <=> 2 HOX(22) -0.039 -0.535
16 HOX(22) + HX(19) <=> H2OX(23) + X(1) 0.000 0.000
17 C2H6(8) + X(1) <=> C2H6X(52) 0.000 0.000
18 C2H4(47) + X(1) <=> C2H4X(205) 0.000 -0.000
19 CH2X(27) + HX(19) <=> CH3X(21) + X(1) -0.156 -0.156
20 CH2X(27) + HOX(22) <=> CH3X(21) + OX(20) -0.843 -0.843
21 CHX(28) + HX(19) <=> CH2X(27) + X(1) -0.000 -0.000
22 CHX(28) + HOX(22) <=> CH2X(27) + OX(20) -0.000 -0.000
23 2 CH2X(27) <=> CH3X(21) + CHX(28) 0.000 -0.000
24 CHX(28) + X(1) <=> CX(26) + HX(19) 0.000 -0.000
25 CX(26) + H2(6) <=> CH2X(27) 0.000 0.000
26 CX(26) + HOX(22) <=> CHX(28) + OX(20) 0.000 0.000
27 CH3X(21) + CX(26) <=> CH2X(27) + CHX(28) 0.000 0.000
28 CH2X(27) + CX(26) <=> 2 CHX(28) 0.000 -0.000
29 CO(7) + X(1) <=> OCX(25) -0.000 0.000
30 CX(26) + OX(20) <=> OCX(25) + X(1) 0.000 0.000
31 CO(7) + X(1) <=> COX(50) 0.000 -0.000
32 C2H4(18) + X(1) <=> C2H4X(65) -0.000 -0.000
33 CH3OH(14) + X(1) <=> CH4OX(60) 0.000 0.000
34 C2H2(244) + X(1) <=> C2H2X(266) 0.000 -0.000
35 CO2(4) + X(1) <=> CO2X(24) 0.000 -0.000
36 OCX(25) + OX(20) <=> CO2X(24) + X(1) 0.000 0.000
37 CO2X(24) + HX(19) <=> HOX(22) + OCX(25) 0.000 0.000
Finished sensitivity simulation for a C/O ratio of 1.2
Finished translating for C/O ratio of 1.2
Starting sensitivity simulation for a C/O ratio of 0.9
0 CH4(2) + X(1) <=> CH4X(48) 0.000 -0.000
1 O2(3) + 2 X(1) <=> 2 OX(20) 0.101 0.599
2 H2(6) + 2 X(1) <=> 2 HX(19) 0.000 -0.000
3 H(12) + X(1) <=> HX(19) 0.000 0.000
4 HX(19) + OX(20) <=> HOX(22) + X(1) 0.000 0.000
5 H2O(5) + 2 X(1) <=> HOX(22) + HX(19) 0.000 0.000
6 OH(17) + X(1) <=> HOX(22) 0.000 -0.000
7 CH4(2) + 2 X(1) <=> CH3X(21) + HX(19) 0.000 -0.000
8 CH4(2) + OX(20) + X(1) <=> CH3X(21) + HOX(22) -0.001 -0.010
9 C2H6(8) + 2 X(1) <=> 2 CH3X(21) -0.000 -0.000
10 CH3(10) + X(1) <=> CH3X(21) 0.923 -0.063
11 CH3OH(14) + 2 X(1) <=> CH3X(21) + HOX(22) 0.000 -0.000
12 H2(6) + X(1) <=> H2X(49) 0.000 0.000
13 CH4(2) + HOX(22) + X(1) <=> CH3X(21) + H2OX(23) -0.000 -0.000
14 H2O(5) + X(1) <=> H2OX(23) -0.000 -0.000
15 H2OX(23) + OX(20) <=> 2 HOX(22) -0.033 -0.529
16 HOX(22) + HX(19) <=> H2OX(23) + X(1) 0.000 0.000
17 C2H6(8) + X(1) <=> C2H6X(52) 0.000 0.000
18 C2H4(47) + X(1) <=> C2H4X(205) 0.000 0.000
19 CH2X(27) + HX(19) <=> CH3X(21) + X(1) -0.136 -0.136
20 CH2X(27) + HOX(22) <=> CH3X(21) + OX(20) -0.863 -0.863
21 CHX(28) + HX(19) <=> CH2X(27) + X(1) -0.000 0.000
22 CHX(28) + HOX(22) <=> CH2X(27) + OX(20) -0.000 -0.000
23 2 CH2X(27) <=> CH3X(21) + CHX(28) 0.000 0.000
24 CHX(28) + X(1) <=> CX(26) + HX(19) 0.000 0.000
25 CX(26) + H2(6) <=> CH2X(27) 0.000 -0.000
26 CX(26) + HOX(22) <=> CHX(28) + OX(20) 0.000 0.000
27 CH3X(21) + CX(26) <=> CH2X(27) + CHX(28) 0.000 0.000
28 CH2X(27) + CX(26) <=> 2 CHX(28) 0.000 0.000
29 CO(7) + X(1) <=> OCX(25) -0.000 0.000
30 CX(26) + OX(20) <=> OCX(25) + X(1) 0.000 0.000
31 CO(7) + X(1) <=> COX(50) 0.000 -0.000
32 C2H4(18) + X(1) <=> C2H4X(65) 0.000 0.000
33 CH3OH(14) + X(1) <=> CH4OX(60) 0.000 -0.000
34 C2H2(244) + X(1) <=> C2H2X(266) 0.000 0.000
35 CO2(4) + X(1) <=> CO2X(24) 0.000 0.000
36 OCX(25) + OX(20) <=> CO2X(24) + X(1) 0.000 -0.000
37 CO2X(24) + HX(19) <=> HOX(22) + OCX(25) 0.000 0.000
Finished sensitivity simulation for a C/O ratio of 0.9
Finished translating for C/O ratio of 0.9
Starting sensitivity simulation for a C/O ratio of 2.2
0 CH4(2) + X(1) <=> CH4X(48) 0.000 -0.000
1 O2(3) + 2 X(1) <=> 2 OX(20) 0.158 0.655
2 H2(6) + 2 X(1) <=> 2 HX(19) -0.000 -0.000
3 H(12) + X(1) <=> HX(19) -0.000 -0.000
4 HX(19) + OX(20) <=> HOX(22) + X(1) -0.000 -0.000
5 H2O(5) + 2 X(1) <=> HOX(22) + HX(19) -0.000 -0.000
6 OH(17) + X(1) <=> HOX(22) -0.000 -0.000
7 CH4(2) + 2 X(1) <=> CH3X(21) + HX(19) 0.000 -0.000
8 CH4(2) + OX(20) + X(1) <=> CH3X(21) + HOX(22) -0.001 -0.007
9 C2H6(8) + 2 X(1) <=> 2 CH3X(21) -0.000 -0.000
10 CH3(10) + X(1) <=> CH3X(21) 0.882 -0.106
11 CH3OH(14) + 2 X(1) <=> CH3X(21) + HOX(22) 0.000 -0.000
12 H2(6) + X(1) <=> H2X(49) 0.000 -0.000
13 CH4(2) + HOX(22) + X(1) <=> CH3X(21) + H2OX(23) -0.000 -0.000
14 H2O(5) + X(1) <=> H2OX(23) -0.000 -0.001
15 H2OX(23) + OX(20) <=> 2 HOX(22) -0.054 -0.550
16 HOX(22) + HX(19) <=> H2OX(23) + X(1) 0.000 -0.000
17 C2H6(8) + X(1) <=> C2H6X(52) 0.000 -0.000
18 C2H4(47) + X(1) <=> C2H4X(205) -0.000 -0.000
19 CH2X(27) + HX(19) <=> CH3X(21) + X(1) -0.211 -0.211
20 CH2X(27) + HOX(22) <=> CH3X(21) + OX(20) -0.787 -0.787
21 CHX(28) + HX(19) <=> CH2X(27) + X(1) -0.000 -0.000
22 CHX(28) + HOX(22) <=> CH2X(27) + OX(20) -0.000 -0.000
23 2 CH2X(27) <=> CH3X(21) + CHX(28) -0.000 -0.000
24 CHX(28) + X(1) <=> CX(26) + HX(19) 0.000 -0.000
25 CX(26) + H2(6) <=> CH2X(27) 0.000 -0.000
26 CX(26) + HOX(22) <=> CHX(28) + OX(20) 0.000 -0.000
27 CH3X(21) + CX(26) <=> CH2X(27) + CHX(28) -0.000 -0.000
28 CH2X(27) + CX(26) <=> 2 CHX(28) -0.000 -0.000
29 CO(7) + X(1) <=> OCX(25) -0.000 -0.000
30 CX(26) + OX(20) <=> OCX(25) + X(1) -0.000 -0.000
31 CO(7) + X(1) <=> COX(50) -0.000 -0.000
32 C2H4(18) + X(1) <=> C2H4X(65) -0.000 -0.000
33 CH3OH(14) + X(1) <=> CH4OX(60) 0.000 -0.000
34 C2H2(244) + X(1) <=> C2H2X(266) 0.000 -0.000
35 CO2(4) + X(1) <=> CO2X(24) -0.000 -0.000
36 OCX(25) + OX(20) <=> CO2X(24) + X(1) -0.000 -0.000
37 CO2X(24) + HX(19) <=> HOX(22) + OCX(25) 0.000 -0.000
Finished sensitivity simulation for a C/O ratio of 2.2
Finished translating for C/O ratio of 2.2
Starting sensitivity simulation for a C/O ratio of 2.4
0 CH4(2) + X(1) <=> CH4X(48) 0.000 0.000
1 O2(3) + 2 X(1) <=> 2 OX(20) 0.165 0.663
2 H2(6) + 2 X(1) <=> 2 HX(19) -0.000 -0.000
3 H(12) + X(1) <=> HX(19) -0.000 0.000
4 HX(19) + OX(20) <=> HOX(22) + X(1) 0.000 0.000
5 H2O(5) + 2 X(1) <=> HOX(22) + HX(19) 0.000 0.000
6 OH(17) + X(1) <=> HOX(22) -0.000 0.000
7 CH4(2) + 2 X(1) <=> CH3X(21) + HX(19) -0.000 0.000
8 CH4(2) + OX(20) + X(1) <=> CH3X(21) + HOX(22) -0.001 -0.007
9 C2H6(8) + 2 X(1) <=> 2 CH3X(21) -0.000 -0.000
10 CH3(10) + X(1) <=> CH3X(21) 0.876 -0.112
11 CH3OH(14) + 2 X(1) <=> CH3X(21) + HOX(22) 0.000 -0.000
12 H2(6) + X(1) <=> H2X(49) 0.000 0.000
13 CH4(2) + HOX(22) + X(1) <=> CH3X(21) + H2OX(23) -0.000 -0.000
14 H2O(5) + X(1) <=> H2OX(23) -0.000 -0.000
15 H2OX(23) + OX(20) <=> 2 HOX(22) -0.056 -0.553
16 HOX(22) + HX(19) <=> H2OX(23) + X(1) 0.000 0.000
17 C2H6(8) + X(1) <=> C2H6X(52) 0.000 0.000
18 C2H4(47) + X(1) <=> C2H4X(205) 0.000 -0.000
19 CH2X(27) + HX(19) <=> CH3X(21) + X(1) -0.220 -0.220
20 CH2X(27) + HOX(22) <=> CH3X(21) + OX(20) -0.778 -0.778
21 CHX(28) + HX(19) <=> CH2X(27) + X(1) -0.000 -0.000
22 CHX(28) + HOX(22) <=> CH2X(27) + OX(20) -0.000 -0.000
23 2 CH2X(27) <=> CH3X(21) + CHX(28) 0.000 0.000
24 CHX(28) + X(1) <=> CX(26) + HX(19) 0.000 0.000
25 CX(26) + H2(6) <=> CH2X(27) 0.000 0.000
26 CX(26) + HOX(22) <=> CHX(28) + OX(20) 0.000 -0.000
27 CH3X(21) + CX(26) <=> CH2X(27) + CHX(28) 0.000 -0.000
28 CH2X(27) + CX(26) <=> 2 CHX(28) 0.000 0.000
29 CO(7) + X(1) <=> OCX(25) -0.000 -0.000
30 CX(26) + OX(20) <=> OCX(25) + X(1) 0.000 0.000
31 CO(7) + X(1) <=> COX(50) 0.000 0.000
32 C2H4(18) + X(1) <=> C2H4X(65) 0.000 0.000
33 CH3OH(14) + X(1) <=> CH4OX(60) 0.000 0.000
34 C2H2(244) + X(1) <=> C2H2X(266) 0.000 0.000
35 CO2(4) + X(1) <=> CO2X(24) -0.000 0.000
36 OCX(25) + OX(20) <=> CO2X(24) + X(1) 0.000 0.000
37 CO2X(24) + HX(19) <=> HOX(22) + OCX(25) 0.000 0.000
Finished sensitivity simulation for a C/O ratio of 2.4
Finished translating for C/O ratio of 2.4
Starting sensitivity simulation for a C/O ratio of 1.6
0 CH4(2) + X(1) <=> CH4X(48) -0.000 -0.000
1 O2(3) + 2 X(1) <=> 2 OX(20) 0.135 0.632
2 H2(6) + 2 X(1) <=> 2 HX(19) -0.000 0.000
3 H(12) + X(1) <=> HX(19) -0.000 -0.000
4 HX(19) + OX(20) <=> HOX(22) + X(1) -0.000 0.000
5 H2O(5) + 2 X(1) <=> HOX(22) + HX(19) 0.000 -0.000
6 OH(17) + X(1) <=> HOX(22) -0.000 -0.000
7 CH4(2) + 2 X(1) <=> CH3X(21) + HX(19) 0.000 -0.000
8 CH4(2) + OX(20) + X(1) <=> CH3X(21) + HOX(22) -0.001 -0.008
9 C2H6(8) + 2 X(1) <=> 2 CH3X(21) -0.000 -0.000
10 CH3(10) + X(1) <=> CH3X(21) 0.899 -0.088
11 CH3OH(14) + 2 X(1) <=> CH3X(21) + HOX(22) 0.000 -0.000
12 H2(6) + X(1) <=> H2X(49) -0.000 -0.000
13 CH4(2) + HOX(22) + X(1) <=> CH3X(21) + H2OX(23) -0.000 -0.000
14 H2O(5) + X(1) <=> H2OX(23) -0.000 -0.000
15 H2OX(23) + OX(20) <=> 2 HOX(22) -0.045 -0.542
16 HOX(22) + HX(19) <=> H2OX(23) + X(1) -0.000 -0.000
17 C2H6(8) + X(1) <=> C2H6X(52) -0.000 0.000
18 C2H4(47) + X(1) <=> C2H4X(205) -0.000 -0.000
19 CH2X(27) + HX(19) <=> CH3X(21) + X(1) -0.180 -0.180
20 CH2X(27) + HOX(22) <=> CH3X(21) + OX(20) -0.819 -0.819
21 CHX(28) + HX(19) <=> CH2X(27) + X(1) -0.000 -0.000
22 CHX(28) + HOX(22) <=> CH2X(27) + OX(20) -0.000 -0.000
23 2 CH2X(27) <=> CH3X(21) + CHX(28) -0.000 0.000
24 CHX(28) + X(1) <=> CX(26) + HX(19) 0.000 -0.000
25 CX(26) + H2(6) <=> CH2X(27) -0.000 -0.000
26 CX(26) + HOX(22) <=> CHX(28) + OX(20) -0.000 -0.000
27 CH3X(21) + CX(26) <=> CH2X(27) + CHX(28) -0.000 -0.000
28 CH2X(27) + CX(26) <=> 2 CHX(28) -0.000 -0.000
29 CO(7) + X(1) <=> OCX(25) -0.000 -0.000
30 CX(26) + OX(20) <=> OCX(25) + X(1) -0.000 -0.000
31 CO(7) + X(1) <=> COX(50) -0.000 -0.000
32 C2H4(18) + X(1) <=> C2H4X(65) -0.000 -0.000
33 CH3OH(14) + X(1) <=> CH4OX(60) 0.000 0.000
34 C2H2(244) + X(1) <=> C2H2X(266) -0.000 -0.000
35 CO2(4) + X(1) <=> CO2X(24) -0.000 -0.000
36 OCX(25) + OX(20) <=> CO2X(24) + X(1) 0.000 -0.000
37 CO2X(24) + HX(19) <=> HOX(22) + OCX(25) 0.000 -0.000
Finished sensitivity simulation for a C/O ratio of 1.6
Finished translating for C/O ratio of 1.6
Starting sensitivity simulation for a C/O ratio of 1.0
0 CH4(2) + X(1) <=> CH4X(48) -0.000 -0.000
1 O2(3) + 2 X(1) <=> 2 OX(20) 0.106 0.604
2 H2(6) + 2 X(1) <=> 2 HX(19) -0.000 0.000
3 H(12) + X(1) <=> HX(19) 0.000 0.000
4 HX(19) + OX(20) <=> HOX(22) + X(1) 0.000 0.000
5 H2O(5) + 2 X(1) <=> HOX(22) + HX(19) 0.000 0.000
6 OH(17) + X(1) <=> HOX(22) -0.000 0.000
7 CH4(2) + 2 X(1) <=> CH3X(21) + HX(19) 0.000 0.000
8 CH4(2) + OX(20) + X(1) <=> CH3X(21) + HOX(22) -0.001 -0.010
9 C2H6(8) + 2 X(1) <=> 2 CH3X(21) -0.000 -0.000
10 CH3(10) + X(1) <=> CH3X(21) 0.919 -0.067
11 CH3OH(14) + 2 X(1) <=> CH3X(21) + HOX(22) 0.000 -0.000
12 H2(6) + X(1) <=> H2X(49) 0.000 0.000
13 CH4(2) + HOX(22) + X(1) <=> CH3X(21) + H2OX(23) -0.000 -0.000
14 H2O(5) + X(1) <=> H2OX(23) -0.000 -0.000
15 H2OX(23) + OX(20) <=> 2 HOX(22) -0.035 -0.531
16 HOX(22) + HX(19) <=> H2OX(23) + X(1) 0.000 0.000
17 C2H6(8) + X(1) <=> C2H6X(52) 0.000 0.000
18 C2H4(47) + X(1) <=> C2H4X(205) 0.000 -0.000
19 CH2X(27) + HX(19) <=> CH3X(21) + X(1) -0.143 -0.143
20 CH2X(27) + HOX(22) <=> CH3X(21) + OX(20) -0.856 -0.856
21 CHX(28) + HX(19) <=> CH2X(27) + X(1) -0.000 -0.000
22 CHX(28) + HOX(22) <=> CH2X(27) + OX(20) -0.000 -0.000
23 2 CH2X(27) <=> CH3X(21) + CHX(28) 0.000 0.000
24 CHX(28) + X(1) <=> CX(26) + HX(19) 0.000 0.000
25 CX(26) + H2(6) <=> CH2X(27) 0.000 -0.000
26 CX(26) + HOX(22) <=> CHX(28) + OX(20) 0.000 0.000
27 CH3X(21) + CX(26) <=> CH2X(27) + CHX(28) 0.000 0.000
28 CH2X(27) + CX(26) <=> 2 CHX(28) -0.000 0.000
29 CO(7) + X(1) <=> OCX(25) -0.000 -0.000
30 CX(26) + OX(20) <=> OCX(25) + X(1) 0.000 0.000
31 CO(7) + X(1) <=> COX(50) -0.000 0.000
32 C2H4(18) + X(1) <=> C2H4X(65) 0.000 0.000
33 CH3OH(14) + X(1) <=> CH4OX(60) 0.000 0.000
34 C2H2(244) + X(1) <=> C2H2X(266) 0.000 -0.000
35 CO2(4) + X(1) <=> CO2X(24) -0.000 0.000
36 OCX(25) + OX(20) <=> CO2X(24) + X(1) 0.000 -0.000
37 CO2X(24) + HX(19) <=> HOX(22) + OCX(25) 0.000 0.000
Finished sensitivity simulation for a C/O ratio of 1.0
Finished translating for C/O ratio of 1.0
Starting sensitivity simulation for a C/O ratio of 2.0
0 CH4(2) + X(1) <=> CH4X(48) -0.000 0.000
1 O2(3) + 2 X(1) <=> 2 OX(20) 0.151 0.648
2 H2(6) + 2 X(1) <=> 2 HX(19) -0.000 0.000
3 H(12) + X(1) <=> HX(19) -0.000 0.000
4 HX(19) + OX(20) <=> HOX(22) + X(1) -0.000 -0.000
5 H2O(5) + 2 X(1) <=> HOX(22) + HX(19) -0.000 0.000
6 OH(17) + X(1) <=> HOX(22) 0.000 0.000
7 CH4(2) + 2 X(1) <=> CH3X(21) + HX(19) -0.000 0.000
8 CH4(2) + OX(20) + X(1) <=> CH3X(21) + HOX(22) -0.001 -0.008
9 C2H6(8) + 2 X(1) <=> 2 CH3X(21) -0.000 -0.000
10 CH3(10) + X(1) <=> CH3X(21) 0.887 -0.100
11 CH3OH(14) + 2 X(1) <=> CH3X(21) + HOX(22) 0.000 -0.000
12 H2(6) + X(1) <=> H2X(49) -0.000 0.000
13 CH4(2) + HOX(22) + X(1) <=> CH3X(21) + H2OX(23) -0.000 -0.000
14 H2O(5) + X(1) <=> H2OX(23) -0.000 -0.000
15 H2OX(23) + OX(20) <=> 2 HOX(22) -0.051 -0.548
16 HOX(22) + HX(19) <=> H2OX(23) + X(1) -0.000 0.000
17 C2H6(8) + X(1) <=> C2H6X(52) 0.000 0.000
18 C2H4(47) + X(1) <=> C2H4X(205) -0.000 0.000
19 CH2X(27) + HX(19) <=> CH3X(21) + X(1) -0.201 -0.201
20 CH2X(27) + HOX(22) <=> CH3X(21) + OX(20) -0.797 -0.797
21 CHX(28) + HX(19) <=> CH2X(27) + X(1) -0.000 0.000
22 CHX(28) + HOX(22) <=> CH2X(27) + OX(20) -0.000 0.000
23 2 CH2X(27) <=> CH3X(21) + CHX(28) -0.000 0.000
24 CHX(28) + X(1) <=> CX(26) + HX(19) -0.000 0.000
25 CX(26) + H2(6) <=> CH2X(27) 0.000 0.000
26 CX(26) + HOX(22) <=> CHX(28) + OX(20) 0.000 0.000
27 CH3X(21) + CX(26) <=> CH2X(27) + CHX(28) -0.000 0.000
28 CH2X(27) + CX(26) <=> 2 CHX(28) -0.000 0.000
29 CO(7) + X(1) <=> OCX(25) -0.000 0.000
30 CX(26) + OX(20) <=> OCX(25) + X(1) -0.000 0.000
31 CO(7) + X(1) <=> COX(50) -0.000 0.000
32 C2H4(18) + X(1) <=> C2H4X(65) -0.000 0.000
33 CH3OH(14) + X(1) <=> CH4OX(60) -0.000 -0.000
34 C2H2(244) + X(1) <=> C2H2X(266) -0.000 0.000
35 CO2(4) + X(1) <=> CO2X(24) -0.000 0.000
36 OCX(25) + OX(20) <=> CO2X(24) + X(1) 0.000 0.000
37 CO2X(24) + HX(19) <=> HOX(22) + OCX(25) 0.000 0.000
Finished sensitivity simulation for a C/O ratio of 2.0
Finished translating for C/O ratio of 2.0
Starting sensitivity simulation for a C/O ratio of 1.4
0 CH4(2) + X(1) <=> CH4X(48) -0.000 -0.000
1 O2(3) + 2 X(1) <=> 2 OX(20) 0.126 0.624
2 H2(6) + 2 X(1) <=> 2 HX(19) -0.000 -0.000
3 H(12) + X(1) <=> HX(19) -0.000 -0.000
4 HX(19) + OX(20) <=> HOX(22) + X(1) -0.000 0.000
5 H2O(5) + 2 X(1) <=> HOX(22) + HX(19) -0.000 -0.000
6 OH(17) + X(1) <=> HOX(22) -0.000 -0.000
7 CH4(2) + 2 X(1) <=> CH3X(21) + HX(19) -0.000 0.000
8 CH4(2) + OX(20) + X(1) <=> CH3X(21) + HOX(22) -0.001 -0.009
9 C2H6(8) + 2 X(1) <=> 2 CH3X(21) -0.000 -0.000
10 CH3(10) + X(1) <=> CH3X(21) 0.905 -0.081
11 CH3OH(14) + 2 X(1) <=> CH3X(21) + HOX(22) 0.000 -0.000
12 H2(6) + X(1) <=> H2X(49) -0.000 -0.000
13 CH4(2) + HOX(22) + X(1) <=> CH3X(21) + H2OX(23) -0.000 -0.000
14 H2O(5) + X(1) <=> H2OX(23) -0.000 -0.000
15 H2OX(23) + OX(20) <=> 2 HOX(22) -0.042 -0.539
16 HOX(22) + HX(19) <=> H2OX(23) + X(1) -0.000 0.000
17 C2H6(8) + X(1) <=> C2H6X(52) -0.000 -0.000
18 C2H4(47) + X(1) <=> C2H4X(205) -0.000 0.000
19 CH2X(27) + HX(19) <=> CH3X(21) + X(1) -0.169 -0.169
20 CH2X(27) + HOX(22) <=> CH3X(21) + OX(20) -0.830 -0.830
21 CHX(28) + HX(19) <=> CH2X(27) + X(1) -0.000 0.000
22 CHX(28) + HOX(22) <=> CH2X(27) + OX(20) -0.000 -0.000
23 2 CH2X(27) <=> CH3X(21) + CHX(28) -0.000 -0.000
24 CHX(28) + X(1) <=> CX(26) + HX(19) -0.000 0.000
25 CX(26) + H2(6) <=> CH2X(27) -0.000 -0.000
26 CX(26) + HOX(22) <=> CHX(28) + OX(20) -0.000 -0.000
27 CH3X(21) + CX(26) <=> CH2X(27) + CHX(28) -0.000 -0.000
28 CH2X(27) + CX(26) <=> 2 CHX(28) -0.000 -0.000
29 CO(7) + X(1) <=> OCX(25) -0.000 -0.000
30 CX(26) + OX(20) <=> OCX(25) + X(1) -0.000 -0.000
31 CO(7) + X(1) <=> COX(50) 0.000 -0.000
32 C2H4(18) + X(1) <=> C2H4X(65) -0.000 -0.000
33 CH3OH(14) + X(1) <=> CH4OX(60) -0.000 0.000
34 C2H2(244) + X(1) <=> C2H2X(266) -0.000 0.000
35 CO2(4) + X(1) <=> CO2X(24) -0.000 0.000
36 OCX(25) + OX(20) <=> CO2X(24) + X(1) 0.000 -0.000
37 CO2X(24) + HX(19) <=> HOX(22) + OCX(25) 0.000 -0.000
Finished sensitivity simulation for a C/O ratio of 1.4
Finished translating for C/O ratio of 1.4
Starting sensitivity simulation for a C/O ratio of 1.8
0 CH4(2) + X(1) <=> CH4X(48) 0.000 -0.000
1 O2(3) + 2 X(1) <=> 2 OX(20) 0.143 0.640
2 H2(6) + 2 X(1) <=> 2 HX(19) -0.000 -0.000
3 H(12) + X(1) <=> HX(19) 0.000 0.000
4 HX(19) + OX(20) <=> HOX(22) + X(1) 0.000 -0.000
5 H2O(5) + 2 X(1) <=> HOX(22) + HX(19) 0.000 -0.000
6 OH(17) + X(1) <=> HOX(22) 0.000 -0.000
7 CH4(2) + 2 X(1) <=> CH3X(21) + HX(19) 0.000 -0.000
8 CH4(2) + OX(20) + X(1) <=> CH3X(21) + HOX(22) -0.001 -0.008
9 C2H6(8) + 2 X(1) <=> 2 CH3X(21) -0.000 -0.000
10 CH3(10) + X(1) <=> CH3X(21) 0.893 -0.094
11 CH3OH(14) + 2 X(1) <=> CH3X(21) + HOX(22) 0.000 -0.000
12 H2(6) + X(1) <=> H2X(49) 0.000 -0.000
13 CH4(2) + HOX(22) + X(1) <=> CH3X(21) + H2OX(23) -0.000 -0.000
14 H2O(5) + X(1) <=> H2OX(23) -0.000 -0.000
15 H2OX(23) + OX(20) <=> 2 HOX(22) -0.048 -0.545
16 HOX(22) + HX(19) <=> H2OX(23) + X(1) 0.000 0.000
17 C2H6(8) + X(1) <=> C2H6X(52) 0.000 -0.000
18 C2H4(47) + X(1) <=> C2H4X(205) 0.000 -0.000
19 CH2X(27) + HX(19) <=> CH3X(21) + X(1) -0.191 -0.191
20 CH2X(27) + HOX(22) <=> CH3X(21) + OX(20) -0.808 -0.808
21 CHX(28) + HX(19) <=> CH2X(27) + X(1) -0.000 -0.000
22 CHX(28) + HOX(22) <=> CH2X(27) + OX(20) -0.000 -0.000
23 2 CH2X(27) <=> CH3X(21) + CHX(28) 0.000 -0.000
24 CHX(28) + X(1) <=> CX(26) + HX(19) 0.000 -0.000
25 CX(26) + H2(6) <=> CH2X(27) 0.000 -0.000
26 CX(26) + HOX(22) <=> CHX(28) + OX(20) 0.000 -0.000
27 CH3X(21) + CX(26) <=> CH2X(27) + CHX(28) 0.000 -0.000
28 CH2X(27) + CX(26) <=> 2 CHX(28) 0.000 0.000
29 CO(7) + X(1) <=> OCX(25) -0.000 -0.000
30 CX(26) + OX(20) <=> OCX(25) + X(1) 0.000 -0.000
31 CO(7) + X(1) <=> COX(50) 0.000 0.000
32 C2H4(18) + X(1) <=> C2H4X(65) 0.000 -0.000
33 CH3OH(14) + X(1) <=> CH4OX(60) 0.000 -0.000
34 C2H2(244) + X(1) <=> C2H2X(266) 0.000 -0.000
35 CO2(4) + X(1) <=> CO2X(24) 0.000 -0.000
36 OCX(25) + OX(20) <=> CO2X(24) + X(1) 0.000 -0.000
37 CO2X(24) + HX(19) <=> HOX(22) + OCX(25) 0.000 -0.000
Finished sensitivity simulation for a C/O ratio of 1.8
Finished translating for C/O ratio of 1.8
Starting sensitivity simulation for a C/O ratio of 1.1
0 CH4(2) + X(1) <=> CH4X(48) -0.000 0.000
1 O2(3) + 2 X(1) <=> 2 OX(20) 0.112 0.610
2 H2(6) + 2 X(1) <=> 2 HX(19) -0.000 0.000
3 H(12) + X(1) <=> HX(19) 0.000 0.000
4 HX(19) + OX(20) <=> HOX(22) + X(1) 0.000 0.000
5 H2O(5) + 2 X(1) <=> HOX(22) + HX(19) 0.000 0.000
6 OH(17) + X(1) <=> HOX(22) 0.000 0.000
7 CH4(2) + 2 X(1) <=> CH3X(21) + HX(19) 0.000 0.000
8 CH4(2) + OX(20) + X(1) <=> CH3X(21) + HOX(22) -0.001 -0.009
9 C2H6(8) + 2 X(1) <=> 2 CH3X(21) -0.000 -0.000
10 CH3(10) + X(1) <=> CH3X(21) 0.915 -0.071
11 CH3OH(14) + 2 X(1) <=> CH3X(21) + HOX(22) 0.000 -0.000
12 H2(6) + X(1) <=> H2X(49) -0.000 0.000
13 CH4(2) + HOX(22) + X(1) <=> CH3X(21) + H2OX(23) -0.000 -0.000
14 H2O(5) + X(1) <=> H2OX(23) -0.000 -0.000
15 H2OX(23) + OX(20) <=> 2 HOX(22) -0.037 -0.533
16 HOX(22) + HX(19) <=> H2OX(23) + X(1) -0.000 0.000
17 C2H6(8) + X(1) <=> C2H6X(52) 0.000 0.000
18 C2H4(47) + X(1) <=> C2H4X(205) 0.000 0.000
19 CH2X(27) + HX(19) <=> CH3X(21) + X(1) -0.150 -0.150
20 CH2X(27) + HOX(22) <=> CH3X(21) + OX(20) -0.849 -0.849
21 CHX(28) + HX(19) <=> CH2X(27) + X(1) -0.000 0.000
22 CHX(28) + HOX(22) <=> CH2X(27) + OX(20) -0.000 0.000
23 2 CH2X(27) <=> CH3X(21) + CHX(28) 0.000 0.000
24 CHX(28) + X(1) <=> CX(26) + HX(19) 0.000 0.000
25 CX(26) + H2(6) <=> CH2X(27) 0.000 0.000
26 CX(26) + HOX(22) <=> CHX(28) + OX(20) 0.000 0.000
27 CH3X(21) + CX(26) <=> CH2X(27) + CHX(28) -0.000 0.000
28 CH2X(27) + CX(26) <=> 2 CHX(28) 0.000 0.000
29 CO(7) + X(1) <=> OCX(25) -0.000 0.000
30 CX(26) + OX(20) <=> OCX(25) + X(1) 0.000 0.000
31 CO(7) + X(1) <=> COX(50) 0.000 0.000
32 C2H4(18) + X(1) <=> C2H4X(65) 0.000 0.000
33 CH3OH(14) + X(1) <=> CH4OX(60) 0.000 0.000
34 C2H2(244) + X(1) <=> C2H2X(266) 0.000 0.000
35 CO2(4) + X(1) <=> CO2X(24) 0.000 0.000
36 OCX(25) + OX(20) <=> CO2X(24) + X(1) 0.000 0.000
37 CO2X(24) + HX(19) <=> HOX(22) + OCX(25) 0.000 0.000
Finished sensitivity simulation for a C/O ratio of 1.1
Finished translating for C/O ratio of 1.1
