This mechanism contains 47 gas reactions and 35 surface reactions
Finished simulation at a C/O ratio of 1.0
Finished simulation at a C/O ratio of 1.1
Finished simulation at a C/O ratio of 1.6
Finished simulation at a C/O ratio of 1.3
Finished simulation at a C/O ratio of 0.8
Finished simulation at a C/O ratio of 0.6
Finished simulation at a C/O ratio of 1.4
Finished simulation at a C/O ratio of 2.2
Finished simulation at a C/O ratio of 1.2
Finished simulation at a C/O ratio of 2.4
Finished simulation at a C/O ratio of 0.9
Finished simulation at a C/O ratio of 1.8
Finished simulation at a C/O ratio of 2.6
Finished simulation at a C/O ratio of 0.7
Finished simulation at a C/O ratio of 2.0
Starting sensitivity simulation for a C/O ratio of 1.6
0 CH4(2) + X(1) <=> CH4X(48) -0.016 -0.000
1 O2(3) + 2 X(1) <=> 2 OX(20) 0.594 1.112
2 H2(6) + 2 X(1) <=> 2 HX(19) -0.046 -0.001
3 H(12) + X(1) <=> HX(19) 0.012 -0.000
4 HX(19) + OX(20) <=> HOX(22) + X(1) 0.003 -0.000
5 H2O(5) + 2 X(1) <=> HOX(22) + HX(19) -0.073 -0.000
6 OH(17) + X(1) <=> HOX(22) -0.010 -0.001
7 CH4(2) + 2 X(1) <=> CH3X(21) + HX(19) -0.073 -0.000
8 CH4(2) + OX(20) + X(1) <=> CH3X(21) + HOX(22) 0.018 -0.001
9 C2H6(8) + 2 X(1) <=> 2 CH3X(21) -0.055 -0.000
10 CH3(10) + X(1) <=> CH3X(21) 0.623 -0.444
11 CH3OH(14) + 2 X(1) <=> CH3X(21) + HOX(22) -0.007 -0.000
12 CH2X(27) + HX(19) <=> CH3X(21) + X(1) -0.884 -0.890
13 CH2X(27) + HOX(22) <=> CH3X(21) + OX(20) -0.090 -0.023
14 CHX(28) + HX(19) <=> CH2X(27) + X(1) -0.076 -0.000
15 CHX(28) + HOX(22) <=> CH2X(27) + OX(20) -0.109 -0.000
16 2 CH2X(27) <=> CH3X(21) + CHX(28) 0.033 -0.000
17 CHX(28) + X(1) <=> CX(26) + HX(19) 0.033 -0.000
18 CX(26) + H2(6) <=> CH2X(27) -0.010 -0.001
19 CX(26) + HOX(22) <=> CHX(28) + OX(20) -0.079 -0.000
20 CH3X(21) + CX(26) <=> CH2X(27) + CHX(28) -0.037 -0.000
21 CH2X(27) + CX(26) <=> 2 CHX(28) -0.028 -0.000
22 CO(7) + X(1) <=> OCX(25) -0.016 -0.000
23 CX(26) + OX(20) <=> OCX(25) + X(1) -0.107 -0.000
24 H2(6) + X(1) <=> H2X(49) -0.055 -0.000
25 CO(7) + X(1) <=> COX(50) -0.049 -0.000
26 CH4(2) + HOX(22) + X(1) <=> CH3X(21) + H2OX(23) -0.061 -0.001
27 H2O(5) + X(1) <=> H2OX(23) -0.034 -0.001
28 H2OX(23) + OX(20) <=> 2 HOX(22) -0.295 -0.677
29 HOX(22) + HX(19) <=> H2OX(23) + X(1) 0.033 -0.000
30 C2H4(47) + X(1) <=> C2H4X(210) -0.079 -0.000
31 C2H4(18) + X(1) <=> C2H4X(65) -0.037 -0.000
32 CO2(4) + X(1) <=> CO2X(24) -0.031 -0.000
33 OCX(25) + OX(20) <=> CO2X(24) + X(1) 0.018 -0.000
34 CO2X(24) + HX(19) <=> HOX(22) + OCX(25) -0.055 -0.000
Finished sensitivity simulation for a C/O ratio of 1.6
Finished translating for C/O ratio of 1.6
Starting sensitivity simulation for a C/O ratio of 0.7
0 CH4(2) + X(1) <=> CH4X(48) 0.073 0.000
1 O2(3) + 2 X(1) <=> 2 OX(20) 0.564 1.033
2 H2(6) + 2 X(1) <=> 2 HX(19) 0.106 0.000
3 H(12) + X(1) <=> HX(19) 0.027 0.000
4 HX(19) + OX(20) <=> HOX(22) + X(1) 0.058 0.000
5 H2O(5) + 2 X(1) <=> HOX(22) + HX(19) 0.064 0.000
6 OH(17) + X(1) <=> HOX(22) 0.037 0.000
7 CH4(2) + 2 X(1) <=> CH3X(21) + HX(19) 0.058 0.000
8 CH4(2) + OX(20) + X(1) <=> CH3X(21) + HOX(22) 0.085 0.000
9 C2H6(8) + 2 X(1) <=> 2 CH3X(21) 0.058 0.000
10 CH3(10) + X(1) <=> CH3X(21) 0.196 -0.409
11 CH3OH(14) + 2 X(1) <=> CH3X(21) + HOX(22) 0.058 0.000
12 CH2X(27) + HX(19) <=> CH3X(21) + X(1) -0.733 -0.819
13 CH2X(27) + HOX(22) <=> CH3X(21) + OX(20) 0.049 -0.033
14 CHX(28) + HX(19) <=> CH2X(27) + X(1) 0.073 0.000
15 CHX(28) + HOX(22) <=> CH2X(27) + OX(20) 0.058 0.000
16 2 CH2X(27) <=> CH3X(21) + CHX(28) 0.097 0.000
17 CHX(28) + X(1) <=> CX(26) + HX(19) 0.073 0.000
18 CX(26) + H2(6) <=> CH2X(27) 0.058 0.000
19 CX(26) + HOX(22) <=> CHX(28) + OX(20) 0.082 0.000
20 CH3X(21) + CX(26) <=> CH2X(27) + CHX(28) 0.043 0.000
21 CH2X(27) + CX(26) <=> 2 CHX(28) 0.030 0.000
22 CO(7) + X(1) <=> OCX(25) 0.043 0.000
23 CX(26) + OX(20) <=> OCX(25) + X(1) 0.100 0.000
24 H2(6) + X(1) <=> H2X(49) 0.031 0.000
25 CO(7) + X(1) <=> COX(50) 0.085 0.000
26 CH4(2) + HOX(22) + X(1) <=> CH3X(21) + H2OX(23) 0.082 0.000
27 H2O(5) + X(1) <=> H2OX(23) 0.066 -0.000
28 H2OX(23) + OX(20) <=> 2 HOX(22) -0.048 -0.630
29 HOX(22) + HX(19) <=> H2OX(23) + X(1) 0.082 0.000
30 C2H4(47) + X(1) <=> C2H4X(210) 0.082 0.000
31 C2H4(18) + X(1) <=> C2H4X(65) 0.085 0.000
32 CO2(4) + X(1) <=> CO2X(24) 0.067 0.000
33 OCX(25) + OX(20) <=> CO2X(24) + X(1) 0.058 0.000
34 CO2X(24) + HX(19) <=> HOX(22) + OCX(25) 0.058 0.000
Finished sensitivity simulation for a C/O ratio of 0.7
Finished translating for C/O ratio of 0.7
Starting sensitivity simulation for a C/O ratio of 2.0
0 CH4(2) + X(1) <=> CH4X(48) 0.023 -0.000
1 O2(3) + 2 X(1) <=> 2 OX(20) 0.804 1.130
2 H2(6) + 2 X(1) <=> 2 HX(19) 0.048 -0.000
3 H(12) + X(1) <=> HX(19) -0.023 -0.000
4 HX(19) + OX(20) <=> HOX(22) + X(1) -0.043 -0.000
5 H2O(5) + 2 X(1) <=> HOX(22) + HX(19) -0.043 -0.000
6 OH(17) + X(1) <=> HOX(22) -0.020 -0.000
7 CH4(2) + 2 X(1) <=> CH3X(21) + HX(19) -0.031 -0.000
8 CH4(2) + OX(20) + X(1) <=> CH3X(21) + HOX(22) -0.020 -0.000
9 C2H6(8) + 2 X(1) <=> 2 CH3X(21) 0.003 -0.000
10 CH3(10) + X(1) <=> CH3X(21) 0.944 -0.452
11 CH3OH(14) + 2 X(1) <=> CH3X(21) + HOX(22) 0.003 -0.000
12 CH2X(27) + HX(19) <=> CH3X(21) + X(1) -0.903 -0.906
13 CH2X(27) + HOX(22) <=> CH3X(21) + OX(20) -0.020 -0.020
14 CHX(28) + HX(19) <=> CH2X(27) + X(1) -0.023 -0.000
15 CHX(28) + HOX(22) <=> CH2X(27) + OX(20) 0.010 -0.000
16 2 CH2X(27) <=> CH3X(21) + CHX(28) -0.020 -0.000
17 CHX(28) + X(1) <=> CX(26) + HX(19) 0.048 -0.000
18 CX(26) + H2(6) <=> CH2X(27) 0.025 -0.000
19 CX(26) + HOX(22) <=> CHX(28) + OX(20) 0.013 -0.000
20 CH3X(21) + CX(26) <=> CH2X(27) + CHX(28) -0.020 -0.000
21 CH2X(27) + CX(26) <=> 2 CHX(28) -0.056 0.000
22 CO(7) + X(1) <=> OCX(25) -0.031 -0.000
23 CX(26) + OX(20) <=> OCX(25) + X(1) 0.015 -0.000
24 H2(6) + X(1) <=> H2X(49) 0.003 -0.000
25 CO(7) + X(1) <=> COX(50) 0.025 -0.000
26 CH4(2) + HOX(22) + X(1) <=> CH3X(21) + H2OX(23) 0.003 -0.000
27 H2O(5) + X(1) <=> H2OX(23) -0.031 -0.001
28 H2OX(23) + OX(20) <=> 2 HOX(22) -0.064 -0.688
29 HOX(22) + HX(19) <=> H2OX(23) + X(1) -0.023 -0.000
30 C2H4(47) + X(1) <=> C2H4X(210) 0.013 -0.000
31 C2H4(18) + X(1) <=> C2H4X(65) 0.038 -0.000
32 CO2(4) + X(1) <=> CO2X(24) 0.003 -0.000
33 OCX(25) + OX(20) <=> CO2X(24) + X(1) 0.023 -0.000
34 CO2X(24) + HX(19) <=> HOX(22) + OCX(25) 0.003 -0.000
Finished sensitivity simulation for a C/O ratio of 2.0
Finished translating for C/O ratio of 2.0
Starting sensitivity simulation for a C/O ratio of 1.3
0 CH4(2) + X(1) <=> CH4X(48) -0.029 -0.000
1 O2(3) + 2 X(1) <=> 2 OX(20) 0.626 1.093
2 H2(6) + 2 X(1) <=> 2 HX(19) -0.020 -0.000
3 H(12) + X(1) <=> HX(19) 0.025 -0.000
4 HX(19) + OX(20) <=> HOX(22) + X(1) 0.111 -0.000
5 H2O(5) + 2 X(1) <=> HOX(22) + HX(19) 0.018 0.000
6 OH(17) + X(1) <=> HOX(22) 0.132 -0.000
7 CH4(2) + 2 X(1) <=> CH3X(21) + HX(19) -0.063 0.000
8 CH4(2) + OX(20) + X(1) <=> CH3X(21) + HOX(22) -0.027 -0.000
9 C2H6(8) + 2 X(1) <=> 2 CH3X(21) -0.025 -0.000
10 CH3(10) + X(1) <=> CH3X(21) 0.528 -0.436
11 CH3OH(14) + 2 X(1) <=> CH3X(21) + HOX(22) 0.032 -0.000
12 CH2X(27) + HX(19) <=> CH3X(21) + X(1) -0.948 -0.874
13 CH2X(27) + HOX(22) <=> CH3X(21) + OX(20) 0.043 -0.025
14 CHX(28) + HX(19) <=> CH2X(27) + X(1) 0.043 -0.000
15 CHX(28) + HOX(22) <=> CH2X(27) + OX(20) 0.018 -0.000
16 2 CH2X(27) <=> CH3X(21) + CHX(28) 0.002 -0.000
17 CHX(28) + X(1) <=> CX(26) + HX(19) 0.004 0.000
18 CX(26) + H2(6) <=> CH2X(27) -0.030 -0.000
19 CX(26) + HOX(22) <=> CHX(28) + OX(20) 0.032 -0.000
20 CH3X(21) + CX(26) <=> CH2X(27) + CHX(28) 0.034 0.000
21 CH2X(27) + CX(26) <=> 2 CHX(28) -0.066 0.000
22 CO(7) + X(1) <=> OCX(25) 0.057 -0.000
23 CX(26) + OX(20) <=> OCX(25) + X(1) 0.066 -0.000
24 H2(6) + X(1) <=> H2X(49) 0.090 0.000
25 CO(7) + X(1) <=> COX(50) 0.041 0.000
26 CH4(2) + HOX(22) + X(1) <=> CH3X(21) + H2OX(23) 0.018 -0.000
27 H2O(5) + X(1) <=> H2OX(23) 0.005 -0.001
28 H2OX(23) + OX(20) <=> 2 HOX(22) -0.077 -0.667
29 HOX(22) + HX(19) <=> H2OX(23) + X(1) -0.023 0.000
30 C2H4(47) + X(1) <=> C2H4X(210) 0.032 -0.000
31 C2H4(18) + X(1) <=> C2H4X(65) 0.039 -0.000
32 CO2(4) + X(1) <=> CO2X(24) -0.054 -0.000
33 OCX(25) + OX(20) <=> CO2X(24) + X(1) 0.027 0.000
34 CO2X(24) + HX(19) <=> HOX(22) + OCX(25) 0.032 -0.000
Finished sensitivity simulation for a C/O ratio of 1.3
Finished translating for C/O ratio of 1.3
Starting sensitivity simulation for a C/O ratio of 0.9
0 CH4(2) + X(1) <=> CH4X(48) 0.277 0.000
1 O2(3) + 2 X(1) <=> 2 OX(20) 0.632 1.057
2 H2(6) + 2 X(1) <=> 2 HX(19) 0.256 -0.000
3 H(12) + X(1) <=> HX(19) 0.200 0.000
4 HX(19) + OX(20) <=> HOX(22) + X(1) 0.302 0.000
5 H2O(5) + 2 X(1) <=> HOX(22) + HX(19) 0.277 0.000
6 OH(17) + X(1) <=> HOX(22) 0.277 0.000
7 CH4(2) + 2 X(1) <=> CH3X(21) + HX(19) 0.253 0.000
8 CH4(2) + OX(20) + X(1) <=> CH3X(21) + HOX(22) 0.224 -0.000
9 C2H6(8) + 2 X(1) <=> 2 CH3X(21) 0.224 0.000
10 CH3(10) + X(1) <=> CH3X(21) 0.109 -0.420
11 CH3OH(14) + 2 X(1) <=> CH3X(21) + HOX(22) 0.365 0.000
12 CH2X(27) + HX(19) <=> CH3X(21) + X(1) -0.590 -0.843
13 CH2X(27) + HOX(22) <=> CH3X(21) + OX(20) 0.194 -0.030
14 CHX(28) + HX(19) <=> CH2X(27) + X(1) 0.408 0.000
15 CHX(28) + HOX(22) <=> CH2X(27) + OX(20) 0.222 0.000
16 2 CH2X(27) <=> CH3X(21) + CHX(28) 0.265 0.000
17 CHX(28) + X(1) <=> CX(26) + HX(19) 0.285 0.000
18 CX(26) + H2(6) <=> CH2X(27) 0.277 0.000
19 CX(26) + HOX(22) <=> CHX(28) + OX(20) 0.331 0.000
20 CH3X(21) + CX(26) <=> CH2X(27) + CHX(28) 0.367 0.000
21 CH2X(27) + CX(26) <=> 2 CHX(28) 0.277 0.000
22 CO(7) + X(1) <=> OCX(25) 0.343 0.000
23 CX(26) + OX(20) <=> OCX(25) + X(1) 0.307 0.000
24 H2(6) + X(1) <=> H2X(49) 0.372 0.000
25 CO(7) + X(1) <=> COX(50) 0.188 0.000
26 CH4(2) + HOX(22) + X(1) <=> CH3X(21) + H2OX(23) 0.323 -0.000
27 H2O(5) + X(1) <=> H2OX(23) 0.337 -0.001
28 H2OX(23) + OX(20) <=> 2 HOX(22) -0.692 -0.646
29 HOX(22) + HX(19) <=> H2OX(23) + X(1) 0.268 0.000
30 C2H4(47) + X(1) <=> C2H4X(210) 0.331 0.000
31 C2H4(18) + X(1) <=> C2H4X(65) 0.224 0.000
32 CO2(4) + X(1) <=> CO2X(24) 0.173 0.000
33 OCX(25) + OX(20) <=> CO2X(24) + X(1) 0.256 0.000
34 CO2X(24) + HX(19) <=> HOX(22) + OCX(25) 0.340 0.000
Finished sensitivity simulation for a C/O ratio of 0.9
Finished translating for C/O ratio of 0.9
Starting sensitivity simulation for a C/O ratio of 1.0
0 CH4(2) + X(1) <=> CH4X(48) -0.013 0.000
1 O2(3) + 2 X(1) <=> 2 OX(20) 0.586 1.067
2 H2(6) + 2 X(1) <=> 2 HX(19) 0.094 -0.000
3 H(12) + X(1) <=> HX(19) 0.042 -0.000
4 HX(19) + OX(20) <=> HOX(22) + X(1) 0.044 -0.000
5 H2O(5) + 2 X(1) <=> HOX(22) + HX(19) 0.002 -0.000
6 OH(17) + X(1) <=> HOX(22) 0.078 -0.000
7 CH4(2) + 2 X(1) <=> CH3X(21) + HX(19) 0.045 -0.000
8 CH4(2) + OX(20) + X(1) <=> CH3X(21) + HOX(22) 0.022 -0.000
9 C2H6(8) + 2 X(1) <=> 2 CH3X(21) 0.123 -0.000
10 CH3(10) + X(1) <=> CH3X(21) 0.569 -0.425
11 CH3OH(14) + 2 X(1) <=> CH3X(21) + HOX(22) 0.038 -0.000
12 CH2X(27) + HX(19) <=> CH3X(21) + X(1) -0.778 -0.852
13 CH2X(27) + HOX(22) <=> CH3X(21) + OX(20) -0.006 -0.029
14 CHX(28) + HX(19) <=> CH2X(27) + X(1) -0.006 0.000
15 CHX(28) + HOX(22) <=> CH2X(27) + OX(20) 0.042 0.000
16 2 CH2X(27) <=> CH3X(21) + CHX(28) 0.045 -0.000
17 CHX(28) + X(1) <=> CX(26) + HX(19) 0.051 0.000
18 CX(26) + H2(6) <=> CH2X(27) 0.123 -0.000
19 CX(26) + HOX(22) <=> CHX(28) + OX(20) -0.023 -0.000
20 CH3X(21) + CX(26) <=> CH2X(27) + CHX(28) -0.013 -0.000
21 CH2X(27) + CX(26) <=> 2 CHX(28) 0.013 -0.000
22 CO(7) + X(1) <=> OCX(25) -0.007 0.000
23 CX(26) + OX(20) <=> OCX(25) + X(1) 0.147 -0.000
24 H2(6) + X(1) <=> H2X(49) 0.013 -0.000
25 CO(7) + X(1) <=> COX(50) -0.045 -0.000
26 CH4(2) + HOX(22) + X(1) <=> CH3X(21) + H2OX(23) 0.007 -0.000
27 H2O(5) + X(1) <=> H2OX(23) 0.013 -0.001
28 H2OX(23) + OX(20) <=> 2 HOX(22) -0.154 -0.652
29 HOX(22) + HX(19) <=> H2OX(23) + X(1) 0.062 -0.000
30 C2H4(47) + X(1) <=> C2H4X(210) -0.023 -0.000
31 C2H4(18) + X(1) <=> C2H4X(65) 0.038 -0.000
32 CO2(4) + X(1) <=> CO2X(24) 0.085 -0.000
33 OCX(25) + OX(20) <=> CO2X(24) + X(1) 0.043 0.000
34 CO2X(24) + HX(19) <=> HOX(22) + OCX(25) 0.056 0.000
Finished sensitivity simulation for a C/O ratio of 1.0
Finished translating for C/O ratio of 1.0
Starting sensitivity simulation for a C/O ratio of 1.1
0 CH4(2) + X(1) <=> CH4X(48) 0.029 -0.000
1 O2(3) + 2 X(1) <=> 2 OX(20) 0.643 1.077
2 H2(6) + 2 X(1) <=> 2 HX(19) 0.014 -0.000
3 H(12) + X(1) <=> HX(19) 0.029 -0.000
4 HX(19) + OX(20) <=> HOX(22) + X(1) 0.002 -0.000
5 H2O(5) + 2 X(1) <=> HOX(22) + HX(19) 0.021 -0.000
6 OH(17) + X(1) <=> HOX(22) 0.025 -0.000
7 CH4(2) + 2 X(1) <=> CH3X(21) + HX(19) 0.029 0.000
8 CH4(2) + OX(20) + X(1) <=> CH3X(21) + HOX(22) 0.006 -0.000
9 C2H6(8) + 2 X(1) <=> 2 CH3X(21) 0.016 -0.000
10 CH3(10) + X(1) <=> CH3X(21) 0.608 -0.429
11 CH3OH(14) + 2 X(1) <=> CH3X(21) + HOX(22) 0.012 -0.000
12 CH2X(27) + HX(19) <=> CH3X(21) + X(1) -0.848 -0.860
13 CH2X(27) + HOX(22) <=> CH3X(21) + OX(20) 0.004 -0.027
14 CHX(28) + HX(19) <=> CH2X(27) + X(1) 0.037 -0.000
15 CHX(28) + HOX(22) <=> CH2X(27) + OX(20) 0.002 -0.000
16 2 CH2X(27) <=> CH3X(21) + CHX(28) 0.006 0.000
17 CHX(28) + X(1) <=> CX(26) + HX(19) 0.016 -0.000
18 CX(26) + H2(6) <=> CH2X(27) -0.039 -0.000
19 CX(26) + HOX(22) <=> CHX(28) + OX(20) 0.037 0.000
20 CH3X(21) + CX(26) <=> CH2X(27) + CHX(28) 0.051 -0.000
21 CH2X(27) + CX(26) <=> 2 CHX(28) -0.008 0.000
22 CO(7) + X(1) <=> OCX(25) 0.066 -0.000
23 CX(26) + OX(20) <=> OCX(25) + X(1) -0.008 0.000
24 H2(6) + X(1) <=> H2X(49) 0.095 -0.000
25 CO(7) + X(1) <=> COX(50) 0.004 -0.000
26 CH4(2) + HOX(22) + X(1) <=> CH3X(21) + H2OX(23) 0.012 -0.000
27 H2O(5) + X(1) <=> H2OX(23) 0.049 -0.001
28 H2OX(23) + OX(20) <=> 2 HOX(22) -0.337 -0.657
29 HOX(22) + HX(19) <=> H2OX(23) + X(1) 0.029 -0.000
30 C2H4(47) + X(1) <=> C2H4X(210) 0.056 0.000
31 C2H4(18) + X(1) <=> C2H4X(65) 0.029 0.000
32 CO2(4) + X(1) <=> CO2X(24) 0.037 0.000
33 OCX(25) + OX(20) <=> CO2X(24) + X(1) 0.029 -0.000
34 CO2X(24) + HX(19) <=> HOX(22) + OCX(25) 0.025 -0.000
Finished sensitivity simulation for a C/O ratio of 1.1
Finished translating for C/O ratio of 1.1
Starting sensitivity simulation for a C/O ratio of 0.6
0 CH4(2) + X(1) <=> CH4X(48) 0.060 -0.003
1 O2(3) + 2 X(1) <=> 2 OX(20) 0.695 1.007
2 H2(6) + 2 X(1) <=> 2 HX(19) 0.115 -0.003
3 H(12) + X(1) <=> HX(19) 0.196 -0.003
4 HX(19) + OX(20) <=> HOX(22) + X(1) 0.105 -0.003
5 H2O(5) + 2 X(1) <=> HOX(22) + HX(19) 0.137 -0.003
6 OH(17) + X(1) <=> HOX(22) 0.112 -0.003
7 CH4(2) + 2 X(1) <=> CH3X(21) + HX(19) 0.049 -0.003
8 CH4(2) + OX(20) + X(1) <=> CH3X(21) + HOX(22) 0.175 -0.003
9 C2H6(8) + 2 X(1) <=> 2 CH3X(21) 0.081 -0.003
10 CH3(10) + X(1) <=> CH3X(21) 0.820 -0.404
11 CH3OH(14) + 2 X(1) <=> CH3X(21) + HOX(22) 0.007 -0.003
12 CH2X(27) + HX(19) <=> CH3X(21) + X(1) -0.638 -0.807
13 CH2X(27) + HOX(22) <=> CH3X(21) + OX(20) 0.230 -0.039
14 CHX(28) + HX(19) <=> CH2X(27) + X(1) 0.203 -0.003
15 CHX(28) + HOX(22) <=> CH2X(27) + OX(20) 0.154 -0.003
16 2 CH2X(27) <=> CH3X(21) + CHX(28) 0.164 -0.003
17 CHX(28) + X(1) <=> CX(26) + HX(19) 0.224 -0.003
18 CX(26) + H2(6) <=> CH2X(27) 0.049 -0.003
19 CX(26) + HOX(22) <=> CHX(28) + OX(20) 0.154 -0.003
20 CH3X(21) + CX(26) <=> CH2X(27) + CHX(28) 0.126 -0.003
21 CH2X(27) + CX(26) <=> 2 CHX(28) 0.081 -0.003
22 CO(7) + X(1) <=> OCX(25) 0.144 -0.003
23 CX(26) + OX(20) <=> OCX(25) + X(1) 0.130 -0.003
24 H2(6) + X(1) <=> H2X(49) 0.137 -0.003
25 CO(7) + X(1) <=> COX(50) 0.213 -0.003
26 CH4(2) + HOX(22) + X(1) <=> CH3X(21) + H2OX(23) 0.189 -0.003
27 H2O(5) + X(1) <=> H2OX(23) 0.171 -0.004
28 H2OX(23) + OX(20) <=> 2 HOX(22) 0.156 -0.623
29 HOX(22) + HX(19) <=> H2OX(23) + X(1) 0.056 -0.003
30 C2H4(47) + X(1) <=> C2H4X(210) 0.154 -0.003
31 C2H4(18) + X(1) <=> C2H4X(65) 0.189 -0.003
32 CO2(4) + X(1) <=> CO2X(24) 0.154 -0.003
33 OCX(25) + OX(20) <=> CO2X(24) + X(1) 0.133 -0.003
34 CO2X(24) + HX(19) <=> HOX(22) + OCX(25) 0.265 -0.003
Finished sensitivity simulation for a C/O ratio of 0.6
Finished translating for C/O ratio of 0.6
Starting sensitivity simulation for a C/O ratio of 0.8
0 CH4(2) + X(1) <=> CH4X(48) 0.068 0.000
1 O2(3) + 2 X(1) <=> 2 OX(20) 0.652 1.045
2 H2(6) + 2 X(1) <=> 2 HX(19) 0.146 -0.000
3 H(12) + X(1) <=> HX(19) 0.033 0.000
4 HX(19) + OX(20) <=> HOX(22) + X(1) 0.079 0.000
5 H2O(5) + 2 X(1) <=> HOX(22) + HX(19) 0.081 0.000
6 OH(17) + X(1) <=> HOX(22) 0.060 0.000
7 CH4(2) + 2 X(1) <=> CH3X(21) + HX(19) 0.100 0.000
8 CH4(2) + OX(20) + X(1) <=> CH3X(21) + HOX(22) 0.111 0.000
9 C2H6(8) + 2 X(1) <=> 2 CH3X(21) 0.054 -0.000
10 CH3(10) + X(1) <=> CH3X(21) 0.736 -0.415
11 CH3OH(14) + 2 X(1) <=> CH3X(21) + HOX(22) 0.046 0.000
12 CH2X(27) + HX(19) <=> CH3X(21) + X(1) -0.725 -0.832
13 CH2X(27) + HOX(22) <=> CH3X(21) + OX(20) 0.058 -0.032
14 CHX(28) + HX(19) <=> CH2X(27) + X(1) 0.060 0.000
15 CHX(28) + HOX(22) <=> CH2X(27) + OX(20) 0.119 0.000
16 2 CH2X(27) <=> CH3X(21) + CHX(28) 0.125 0.000
17 CHX(28) + X(1) <=> CX(26) + HX(19) 0.024 0.000
18 CX(26) + H2(6) <=> CH2X(27) 0.111 0.000
19 CX(26) + HOX(22) <=> CHX(28) + OX(20) 0.125 0.000
20 CH3X(21) + CX(26) <=> CH2X(27) + CHX(28) 0.062 0.000
21 CH2X(27) + CX(26) <=> 2 CHX(28) 0.038 0.000
22 CO(7) + X(1) <=> OCX(25) 0.033 0.000
23 CX(26) + OX(20) <=> OCX(25) + X(1) 0.097 0.000
24 H2(6) + X(1) <=> H2X(49) 0.062 0.000
25 CO(7) + X(1) <=> COX(50) 0.068 0.000
26 CH4(2) + HOX(22) + X(1) <=> CH3X(21) + H2OX(23) 0.100 0.000
27 H2O(5) + X(1) <=> H2OX(23) 0.089 -0.001
28 H2OX(23) + OX(20) <=> 2 HOX(22) -0.023 -0.638
29 HOX(22) + HX(19) <=> H2OX(23) + X(1) 0.097 0.000
30 C2H4(47) + X(1) <=> C2H4X(210) -0.003 0.000
31 C2H4(18) + X(1) <=> C2H4X(65) -0.022 0.000
32 CO2(4) + X(1) <=> CO2X(24) 0.054 0.000
33 OCX(25) + OX(20) <=> CO2X(24) + X(1) 0.100 0.000
34 CO2X(24) + HX(19) <=> HOX(22) + OCX(25) 0.106 0.000
Finished sensitivity simulation for a C/O ratio of 0.8
Finished translating for C/O ratio of 0.8
Starting sensitivity simulation for a C/O ratio of 2.2
0 CH4(2) + X(1) <=> CH4X(48) -0.033 -0.000
1 O2(3) + 2 X(1) <=> 2 OX(20) 0.654 1.137
2 H2(6) + 2 X(1) <=> 2 HX(19) 0.049 -0.000
3 H(12) + X(1) <=> HX(19) 0.050 -0.000
4 HX(19) + OX(20) <=> HOX(22) + X(1) 0.014 -0.000
5 H2O(5) + 2 X(1) <=> HOX(22) + HX(19) -0.009 0.000
6 OH(17) + X(1) <=> HOX(22) 0.000 0.000
7 CH4(2) + 2 X(1) <=> CH3X(21) + HX(19) -0.000 -0.000
8 CH4(2) + OX(20) + X(1) <=> CH3X(21) + HOX(22) -0.033 -0.000
9 C2H6(8) + 2 X(1) <=> 2 CH3X(21) 0.000 0.000
10 CH3(10) + X(1) <=> CH3X(21) 0.590 -0.455
11 CH3OH(14) + 2 X(1) <=> CH3X(21) + HOX(22) 0.050 0.000
12 CH2X(27) + HX(19) <=> CH3X(21) + X(1) -0.853 -0.912
13 CH2X(27) + HOX(22) <=> CH3X(21) + OX(20) -0.052 -0.019
14 CHX(28) + HX(19) <=> CH2X(27) + X(1) 0.026 -0.000
15 CHX(28) + HOX(22) <=> CH2X(27) + OX(20) 0.002 0.000
16 2 CH2X(27) <=> CH3X(21) + CHX(28) -0.009 0.000
17 CHX(28) + X(1) <=> CX(26) + HX(19) -0.000 -0.000
18 CX(26) + H2(6) <=> CH2X(27) 0.019 -0.000
19 CX(26) + HOX(22) <=> CHX(28) + OX(20) 0.026 0.000
20 CH3X(21) + CX(26) <=> CH2X(27) + CHX(28) 0.038 -0.000
21 CH2X(27) + CX(26) <=> 2 CHX(28) -0.033 -0.000
22 CO(7) + X(1) <=> OCX(25) -0.009 0.000
23 CX(26) + OX(20) <=> OCX(25) + X(1) -0.024 -0.000
24 H2(6) + X(1) <=> H2X(49) 0.026 0.000
25 CO(7) + X(1) <=> COX(50) 0.050 -0.000
26 CH4(2) + HOX(22) + X(1) <=> CH3X(21) + H2OX(23) -0.000 -0.000
27 H2O(5) + X(1) <=> H2OX(23) 0.049 -0.001
28 H2OX(23) + OX(20) <=> 2 HOX(22) -0.230 -0.692
29 HOX(22) + HX(19) <=> H2OX(23) + X(1) 0.014 0.000
30 C2H4(47) + X(1) <=> C2H4X(210) 0.026 0.000
31 C2H4(18) + X(1) <=> C2H4X(65) 0.014 0.000
32 CO2(4) + X(1) <=> CO2X(24) 0.035 -0.000
33 OCX(25) + OX(20) <=> CO2X(24) + X(1) -0.012 0.000
34 CO2X(24) + HX(19) <=> HOX(22) + OCX(25) 0.028 0.000
Finished sensitivity simulation for a C/O ratio of 2.2
Finished translating for C/O ratio of 2.2
Starting sensitivity simulation for a C/O ratio of 1.8
0 CH4(2) + X(1) <=> CH4X(48) 0.011 0.000
1 O2(3) + 2 X(1) <=> 2 OX(20) 0.685 1.120
2 H2(6) + 2 X(1) <=> 2 HX(19) 0.028 0.000
3 H(12) + X(1) <=> HX(19) 0.030 0.000
4 HX(19) + OX(20) <=> HOX(22) + X(1) 0.042 0.000
5 H2O(5) + 2 X(1) <=> HOX(22) + HX(19) 0.135 0.000
6 OH(17) + X(1) <=> HOX(22) 0.041 0.000
7 CH4(2) + 2 X(1) <=> CH3X(21) + HX(19) 0.080 0.000
8 CH4(2) + OX(20) + X(1) <=> CH3X(21) + HOX(22) 0.022 0.000
9 C2H6(8) + 2 X(1) <=> 2 CH3X(21) 0.017 0.000
10 CH3(10) + X(1) <=> CH3X(21) 0.542 -0.448
11 CH3OH(14) + 2 X(1) <=> CH3X(21) + HOX(22) 0.064 0.000
12 CH2X(27) + HX(19) <=> CH3X(21) + X(1) -0.826 -0.898
13 CH2X(27) + HOX(22) <=> CH3X(21) + OX(20) 0.034 -0.021
14 CHX(28) + HX(19) <=> CH2X(27) + X(1) 0.041 0.000
15 CHX(28) + HOX(22) <=> CH2X(27) + OX(20) 0.058 0.000
16 2 CH2X(27) <=> CH3X(21) + CHX(28) -0.016 0.000
17 CHX(28) + X(1) <=> CX(26) + HX(19) 0.066 0.000
18 CX(26) + H2(6) <=> CH2X(27) 0.083 0.000
19 CX(26) + HOX(22) <=> CHX(28) + OX(20) 0.077 0.000
20 CH3X(21) + CX(26) <=> CH2X(27) + CHX(28) 0.047 0.000
21 CH2X(27) + CX(26) <=> 2 CHX(28) 0.072 0.000
22 CO(7) + X(1) <=> OCX(25) 0.102 0.000
23 CX(26) + OX(20) <=> OCX(25) + X(1) 0.072 0.000
24 H2(6) + X(1) <=> H2X(49) 0.017 0.000
25 CO(7) + X(1) <=> COX(50) 0.025 0.000
26 CH4(2) + HOX(22) + X(1) <=> CH3X(21) + H2OX(23) 0.006 0.000
27 H2O(5) + X(1) <=> H2OX(23) 0.101 -0.000
28 H2OX(23) + OX(20) <=> 2 HOX(22) -0.197 -0.683
29 HOX(22) + HX(19) <=> H2OX(23) + X(1) 0.041 0.000
30 C2H4(47) + X(1) <=> C2H4X(210) 0.077 0.000
31 C2H4(18) + X(1) <=> C2H4X(65) 0.080 0.000
32 CO2(4) + X(1) <=> CO2X(24) 0.080 0.000
33 OCX(25) + OX(20) <=> CO2X(24) + X(1) 0.008 0.000
34 CO2X(24) + HX(19) <=> HOX(22) + OCX(25) 0.041 0.000
Finished sensitivity simulation for a C/O ratio of 1.8
Finished translating for C/O ratio of 1.8
Starting sensitivity simulation for a C/O ratio of 2.6
0 CH4(2) + X(1) <=> CH4X(48) -0.021 -0.000
1 O2(3) + 2 X(1) <=> 2 OX(20) 0.636 1.149
2 H2(6) + 2 X(1) <=> 2 HX(19) -0.008 -0.000
3 H(12) + X(1) <=> HX(19) 0.040 0.000
4 HX(19) + OX(20) <=> HOX(22) + X(1) -0.044 -0.000
5 H2O(5) + 2 X(1) <=> HOX(22) + HX(19) -0.008 -0.000
6 OH(17) + X(1) <=> HOX(22) -0.023 -0.000
7 CH4(2) + 2 X(1) <=> CH3X(21) + HX(19) -0.021 -0.000
8 CH4(2) + OX(20) + X(1) <=> CH3X(21) + HOX(22) -0.023 -0.000
9 C2H6(8) + 2 X(1) <=> 2 CH3X(21) -0.033 -0.000
10 CH3(10) + X(1) <=> CH3X(21) 0.543 -0.460
11 CH3OH(14) + 2 X(1) <=> CH3X(21) + HOX(22) 0.004 -0.000
12 CH2X(27) + HX(19) <=> CH3X(21) + X(1) -0.933 -0.923
13 CH2X(27) + HOX(22) <=> CH3X(21) + OX(20) -0.038 -0.017
14 CHX(28) + HX(19) <=> CH2X(27) + X(1) -0.021 -0.000
15 CHX(28) + HOX(22) <=> CH2X(27) + OX(20) -0.008 -0.000
16 2 CH2X(27) <=> CH3X(21) + CHX(28) -0.023 -0.000
17 CHX(28) + X(1) <=> CX(26) + HX(19) -0.008 -0.000
18 CX(26) + H2(6) <=> CH2X(27) -0.023 -0.000
19 CX(26) + HOX(22) <=> CHX(28) + OX(20) -0.046 -0.000
20 CH3X(21) + CX(26) <=> CH2X(27) + CHX(28) 0.004 -0.000
21 CH2X(27) + CX(26) <=> 2 CHX(28) -0.008 -0.000
22 CO(7) + X(1) <=> OCX(25) -0.021 -0.000
23 CX(26) + OX(20) <=> OCX(25) + X(1) -0.033 -0.000
24 H2(6) + X(1) <=> H2X(49) -0.021 -0.000
25 CO(7) + X(1) <=> COX(50) -0.021 -0.000
26 CH4(2) + HOX(22) + X(1) <=> CH3X(21) + H2OX(23) -0.021 -0.000
27 H2O(5) + X(1) <=> H2OX(23) -0.011 -0.001
28 H2OX(23) + OX(20) <=> 2 HOX(22) -0.285 -0.699
29 HOX(22) + HX(19) <=> H2OX(23) + X(1) -0.021 -0.000
30 C2H4(47) + X(1) <=> C2H4X(210) -0.046 -0.000
31 C2H4(18) + X(1) <=> C2H4X(65) -0.008 -0.000
32 CO2(4) + X(1) <=> CO2X(24) -0.008 -0.000
33 OCX(25) + OX(20) <=> CO2X(24) + X(1) -0.046 -0.000
34 CO2X(24) + HX(19) <=> HOX(22) + OCX(25) -0.008 -0.000
Finished sensitivity simulation for a C/O ratio of 2.6
Finished translating for C/O ratio of 2.6
Starting sensitivity simulation for a C/O ratio of 1.2
0 CH4(2) + X(1) <=> CH4X(48) 0.108 0.000
1 O2(3) + 2 X(1) <=> 2 OX(20) 0.583 1.085
2 H2(6) + 2 X(1) <=> 2 HX(19) 0.069 0.000
3 H(12) + X(1) <=> HX(19) 0.119 0.000
4 HX(19) + OX(20) <=> HOX(22) + X(1) 0.108 0.000
5 H2O(5) + 2 X(1) <=> HOX(22) + HX(19) 0.087 0.000
6 OH(17) + X(1) <=> HOX(22) 0.022 0.000
7 CH4(2) + 2 X(1) <=> CH3X(21) + HX(19) 0.060 0.000
8 CH4(2) + OX(20) + X(1) <=> CH3X(21) + HOX(22) 0.052 0.000
9 C2H6(8) + 2 X(1) <=> 2 CH3X(21) 0.087 0.000
10 CH3(10) + X(1) <=> CH3X(21) 0.558 -0.430
11 CH3OH(14) + 2 X(1) <=> CH3X(21) + HOX(22) 0.010 0.000
12 CH2X(27) + HX(19) <=> CH3X(21) + X(1) -0.759 -0.867
13 CH2X(27) + HOX(22) <=> CH3X(21) + OX(20) 0.162 -0.026
14 CHX(28) + HX(19) <=> CH2X(27) + X(1) 0.060 0.000
15 CHX(28) + HOX(22) <=> CH2X(27) + OX(20) 0.171 0.000
16 2 CH2X(27) <=> CH3X(21) + CHX(28) 0.100 0.000
17 CHX(28) + X(1) <=> CX(26) + HX(19) 0.108 0.000
18 CX(26) + H2(6) <=> CH2X(27) 0.121 0.000
19 CX(26) + HOX(22) <=> CHX(28) + OX(20) 0.025 0.000
20 CH3X(21) + CX(26) <=> CH2X(27) + CHX(28) 0.060 0.000
21 CH2X(27) + CX(26) <=> 2 CHX(28) 0.045 0.000
22 CO(7) + X(1) <=> OCX(25) 0.045 0.000
23 CX(26) + OX(20) <=> OCX(25) + X(1) 0.077 0.001
24 H2(6) + X(1) <=> H2X(49) 0.113 0.000
25 CO(7) + X(1) <=> COX(50) 0.067 0.000
26 CH4(2) + HOX(22) + X(1) <=> CH3X(21) + H2OX(23) 0.046 0.000
27 H2O(5) + X(1) <=> H2OX(23) 0.145 -0.000
28 H2OX(23) + OX(20) <=> 2 HOX(22) -0.074 -0.662
29 HOX(22) + HX(19) <=> H2OX(23) + X(1) 0.087 0.001
30 C2H4(47) + X(1) <=> C2H4X(210) 0.025 0.000
31 C2H4(18) + X(1) <=> C2H4X(65) 0.067 0.000
32 CO2(4) + X(1) <=> CO2X(24) 0.100 0.000
33 OCX(25) + OX(20) <=> CO2X(24) + X(1) 0.079 0.000
34 CO2X(24) + HX(19) <=> HOX(22) + OCX(25) 0.138 0.001
Finished sensitivity simulation for a C/O ratio of 1.2
Finished translating for C/O ratio of 1.2
Starting sensitivity simulation for a C/O ratio of 1.4
0 CH4(2) + X(1) <=> CH4X(48) 0.007 0.000
1 O2(3) + 2 X(1) <=> 2 OX(20) 0.715 1.100
2 H2(6) + 2 X(1) <=> 2 HX(19) 0.022 -0.000
3 H(12) + X(1) <=> HX(19) 0.019 0.000
4 HX(19) + OX(20) <=> HOX(22) + X(1) 0.110 0.000
5 H2O(5) + 2 X(1) <=> HOX(22) + HX(19) 0.003 0.000
6 OH(17) + X(1) <=> HOX(22) 0.025 0.000
7 CH4(2) + 2 X(1) <=> CH3X(21) + HX(19) -0.032 0.000
8 CH4(2) + OX(20) + X(1) <=> CH3X(21) + HOX(22) 0.020 0.000
9 C2H6(8) + 2 X(1) <=> 2 CH3X(21) 0.059 0.000
10 CH3(10) + X(1) <=> CH3X(21) 0.655 -0.439
11 CH3OH(14) + 2 X(1) <=> CH3X(21) + HOX(22) 0.052 0.000
12 CH2X(27) + HX(19) <=> CH3X(21) + X(1) -0.808 -0.880
13 CH2X(27) + HOX(22) <=> CH3X(21) + OX(20) -0.024 -0.024
14 CHX(28) + HX(19) <=> CH2X(27) + X(1) 0.041 0.000
15 CHX(28) + HOX(22) <=> CH2X(27) + OX(20) 0.105 0.000
16 2 CH2X(27) <=> CH3X(21) + CHX(28) 0.019 0.000
17 CHX(28) + X(1) <=> CX(26) + HX(19) 0.081 0.000
18 CX(26) + H2(6) <=> CH2X(27) 0.089 0.000
19 CX(26) + HOX(22) <=> CHX(28) + OX(20) 0.032 0.000
20 CH3X(21) + CX(26) <=> CH2X(27) + CHX(28) 0.041 0.000
21 CH2X(27) + CX(26) <=> 2 CHX(28) 0.062 0.000
22 CO(7) + X(1) <=> OCX(25) 0.015 0.000
23 CX(26) + OX(20) <=> OCX(25) + X(1) 0.046 0.000
24 H2(6) + X(1) <=> H2X(49) -0.025 0.000
25 CO(7) + X(1) <=> COX(50) 0.012 0.000
26 CH4(2) + HOX(22) + X(1) <=> CH3X(21) + H2OX(23) 0.084 0.000
27 H2O(5) + X(1) <=> H2OX(23) 0.059 -0.000
28 H2OX(23) + OX(20) <=> 2 HOX(22) -0.039 -0.670
29 HOX(22) + HX(19) <=> H2OX(23) + X(1) 0.064 0.000
30 C2H4(47) + X(1) <=> C2H4X(210) 0.032 0.000
31 C2H4(18) + X(1) <=> C2H4X(65) 0.066 0.000
32 CO2(4) + X(1) <=> CO2X(24) 0.081 0.000
33 OCX(25) + OX(20) <=> CO2X(24) + X(1) 0.044 0.000
34 CO2X(24) + HX(19) <=> HOX(22) + OCX(25) -0.003 0.000
Finished sensitivity simulation for a C/O ratio of 1.4
Finished translating for C/O ratio of 1.4
Starting sensitivity simulation for a C/O ratio of 2.4
0 CH4(2) + X(1) <=> CH4X(48) 0.015 -0.000
1 O2(3) + 2 X(1) <=> 2 OX(20) 0.631 1.144
2 H2(6) + 2 X(1) <=> 2 HX(19) 0.004 -0.000
3 H(12) + X(1) <=> HX(19) -0.004 -0.000
4 HX(19) + OX(20) <=> HOX(22) + X(1) -0.004 -0.000
5 H2O(5) + 2 X(1) <=> HOX(22) + HX(19) 0.004 0.000
6 OH(17) + X(1) <=> HOX(22) 0.004 0.000
7 CH4(2) + 2 X(1) <=> CH3X(21) + HX(19) -0.004 -0.000
8 CH4(2) + OX(20) + X(1) <=> CH3X(21) + HOX(22) 0.004 -0.000
9 C2H6(8) + 2 X(1) <=> 2 CH3X(21) 0.038 -0.000
10 CH3(10) + X(1) <=> CH3X(21) 0.206 -0.458
11 CH3OH(14) + 2 X(1) <=> CH3X(21) + HOX(22) 0.004 -0.000
12 CH2X(27) + HX(19) <=> CH3X(21) + X(1) -0.886 -0.918
13 CH2X(27) + HOX(22) <=> CH3X(21) + OX(20) 0.013 -0.018
14 CHX(28) + HX(19) <=> CH2X(27) + X(1) -0.004 -0.000
15 CHX(28) + HOX(22) <=> CH2X(27) + OX(20) 0.018 -0.000
16 2 CH2X(27) <=> CH3X(21) + CHX(28) 0.004 0.000
17 CHX(28) + X(1) <=> CX(26) + HX(19) 0.020 -0.000
18 CX(26) + H2(6) <=> CH2X(27) 0.004 -0.000
19 CX(26) + HOX(22) <=> CHX(28) + OX(20) 0.038 0.000
20 CH3X(21) + CX(26) <=> CH2X(27) + CHX(28) 0.004 -0.000
21 CH2X(27) + CX(26) <=> 2 CHX(28) -0.004 -0.000
22 CO(7) + X(1) <=> OCX(25) -0.004 -0.000
23 CX(26) + OX(20) <=> OCX(25) + X(1) 0.004 -0.000
24 H2(6) + X(1) <=> H2X(49) 0.038 0.000
25 CO(7) + X(1) <=> COX(50) 0.004 -0.000
26 CH4(2) + HOX(22) + X(1) <=> CH3X(21) + H2OX(23) 0.004 -0.000
27 H2O(5) + X(1) <=> H2OX(23) -0.005 -0.001
28 H2OX(23) + OX(20) <=> 2 HOX(22) -0.032 -0.696
29 HOX(22) + HX(19) <=> H2OX(23) + X(1) 0.031 -0.000
30 C2H4(47) + X(1) <=> C2H4X(210) 0.038 0.000
31 C2H4(18) + X(1) <=> C2H4X(65) 0.038 0.000
32 CO2(4) + X(1) <=> CO2X(24) 0.004 -0.000
33 OCX(25) + OX(20) <=> CO2X(24) + X(1) 0.004 -0.000
34 CO2X(24) + HX(19) <=> HOX(22) + OCX(25) 0.004 -0.000
Finished sensitivity simulation for a C/O ratio of 2.4
Finished translating for C/O ratio of 2.4
