This mechanism contains 47 gas reactions and 35 surface reactions
Finished simulation at a C/O ratio of 1.6
Finished simulation at a C/O ratio of 1.3
Finished simulation at a C/O ratio of 1.1
Finished simulation at a C/O ratio of 2.0
Finished simulation at a C/O ratio of 1.0
Finished simulation at a C/O ratio of 0.9
Finished simulation at a C/O ratio of 2.6
Finished simulation at a C/O ratio of 0.8
Finished simulation at a C/O ratio of 2.4
Finished simulation at a C/O ratio of 0.6
Finished simulation at a C/O ratio of 0.7
Finished simulation at a C/O ratio of 1.4
Finished simulation at a C/O ratio of 1.8
Finished simulation at a C/O ratio of 2.2
Finished simulation at a C/O ratio of 1.2
Starting thermo sensitivity simulation for a C/O ratio of 1.6
0 X(1) 0.929 -39.938 -38.638 0.003 0.001
1 HX(19) 0.467 -46.190 -45.508 0.004 0.000
2 OX(20) 0.001 -19.374 -19.372 0.008 0.001
3 CH3X(21) 0.001 -39.373 -39.371 0.010 0.001
4 HOX(22) 0.234 -47.778 -47.433 0.004 0.000
5 H2OX(23) 0.699 -27.851 -26.957 0.009 0.001
6 CO2X(24) 0.698 -40.884 -39.900 0.006 0.001
7 OCX(25) 0.001 -37.499 -37.497 0.007 0.001
8 CX(26) 0.467 -34.991 -34.360 0.010 0.001
9 CH2X(27) 0.467 -46.812 -46.126 0.007 0.001
10 CHX(28) -0.427 -31.810 -32.373 -15.266 -0.395
11 CH4X(48) 1.387 -46.687 -44.653 0.009 0.001
12 H2X(49) 0.235 3.353 3.581 0.014 0.002
13 COX(50) 0.001 -51.248 -51.247 0.009 0.001
14 C2H4X(65) 0.699 -43.366 -42.364 0.010 0.001
15 C2H4X(210) 0.699 -43.366 -42.364 0.010 0.001
Finished thermo sensitivity simulation for a C/O ratio of 1.6
Starting thermo sensitivity simulation for a C/O ratio of 1.1
0 X(1) 0.637 5.544 6.145 -0.003 0.000
1 HX(19) -0.000 -11.111 -11.111 0.001 -0.000
2 OX(20) -0.000 13.580 13.580 -0.001 -0.000
3 CH3X(21) 0.637 1.864 2.489 -0.000 -0.000
4 HOX(22) 0.637 7.997 8.583 0.000 0.000
5 H2OX(23) 0.000 3.704 3.704 0.001 -0.000
6 CO2X(24) 0.609 -199.401 -197.578 -0.195 -0.028
7 OCX(25) -0.000 -11.111 -11.111 0.000 -0.000
8 CX(26) -0.000 -1.235 -1.235 -0.000 -0.000
9 CH2X(27) -0.000 17.284 17.284 0.002 -0.000
10 CHX(28) -0.000 14.815 14.815 -0.000 -0.000
11 CH4X(48) -0.000 1.235 1.234 -0.000 -0.000
12 H2X(49) -0.000 -7.407 -7.407 -0.000 -0.000
13 COX(50) 0.637 -3.043 -2.387 0.000 0.000
14 C2H4X(65) -0.000 17.284 17.284 -0.000 -0.000
15 C2H4X(210) -0.000 17.284 17.284 -0.000 -0.000
Finished thermo sensitivity simulation for a C/O ratio of 1.1
Starting thermo sensitivity simulation for a C/O ratio of 2.6
0 X(1) 0.645 1.702 2.336 -0.003 -0.000
1 HX(19) 0.000 1.064 1.064 0.001 -0.000
2 OX(20) 0.324 -8.159 -7.809 -0.001 -0.000
3 CH3X(21) 0.805 -5.526 -4.677 0.000 -0.000
4 HOX(22) 0.805 -5.526 -4.677 0.000 -0.000
5 H2OX(23) 0.485 0.485 0.967 0.001 -0.000
6 CO2X(24) -0.326 0.742 0.418 0.000 -0.000
7 OCX(25) -0.000 4.255 4.255 0.000 -0.000
8 CX(26) 0.324 -8.159 -7.809 0.000 -0.000
9 CH2X(27) -0.163 0.903 0.742 0.001 -0.000
10 CHX(28) -0.007 15.952 15.947 -14.904 -0.773
11 CH4X(48) -0.000 -2.128 -2.128 0.000 -0.000
12 H2X(49) 0.485 -5.867 -5.354 0.000 -0.000
13 COX(50) -0.000 -2.128 -2.128 0.000 -0.000
14 C2H4X(65) 0.485 -5.867 -5.354 0.000 -0.000
15 C2H4X(210) 0.485 -5.867 -5.354 0.000 -0.000
Finished thermo sensitivity simulation for a C/O ratio of 2.6
Starting thermo sensitivity simulation for a C/O ratio of 2.4
0 X(1) -0.517 -7.530 -8.086 -0.003 0.000
1 HX(19) -0.865 -0.865 -1.738 0.001 -0.000
2 OX(20) -1.040 6.009 5.032 -0.001 0.000
3 CH3X(21) -0.691 3.992 3.329 -0.000 0.000
4 HOX(22) -0.517 11.171 10.711 0.000 0.000
5 H2OX(23) -0.691 8.676 8.045 0.001 -0.000
6 CO2X(24) -0.344 4.323 3.994 -0.000 0.000
7 OCX(25) -0.344 -0.344 -0.690 -0.000 -0.000
8 CX(26) -1.391 -8.465 -9.974 -0.000 -0.000
9 CH2X(27) -1.040 -1.040 -2.091 0.001 -0.000
10 CHX(28) -0.344 4.323 3.994 -0.000 -0.000
11 CH4X(48) -0.517 4.158 3.662 -0.000 -0.000
12 H2X(49) -0.517 11.171 10.711 -0.000 -0.000
13 COX(50) -0.691 14.530 13.939 -0.000 -0.000
14 C2H4X(65) -0.865 2.653 1.811 0.000 0.000
15 C2H4X(210) -0.691 18.042 17.476 -0.000 0.000
Finished thermo sensitivity simulation for a C/O ratio of 2.4
Starting thermo sensitivity simulation for a C/O ratio of 0.9
0 X(1) -0.752 -0.752 -1.509 -0.003 0.000
1 HX(19) -0.752 -9.690 -10.514 0.001 -0.000
2 OX(20) -1.515 -15.433 -17.182 -0.001 0.000
3 CH3X(21) -0.752 12.248 11.589 0.000 -0.000
4 HOX(22) 0.000 -1.613 -1.613 0.000 0.000
5 H2OX(23) -0.005 -79.847 -79.856 -0.033 -0.005
6 CO2X(24) -3.077 -12.221 -15.674 -0.000 0.000
7 OCX(25) -0.752 4.936 4.221 -0.000 -0.000
8 CX(26) -0.752 -21.065 -21.975 0.000 0.000
9 CH2X(27) -0.752 -0.752 -1.509 0.001 -0.000
10 CHX(28) -0.752 -12.940 -13.789 0.000 0.000
11 CH4X(48) -0.752 0.061 -0.691 0.000 0.000
12 H2X(49) -0.752 -9.690 -10.514 0.000 0.000
13 COX(50) -1.515 -12.977 -14.688 -0.000 -0.000
14 C2H4X(65) -1.515 -17.889 -19.675 0.000 0.000
15 C2H4X(210) -1.515 -17.889 -19.675 0.000 0.000
Finished thermo sensitivity simulation for a C/O ratio of 0.9
Starting thermo sensitivity simulation for a C/O ratio of 1.8
0 X(1) 0.427 -4.177 -3.732 -0.002 0.000
1 HX(19) -0.215 -0.215 -0.431 0.001 -0.000
2 OX(20) -0.000 -1.734 -1.734 -0.001 -0.000
3 CH3X(21) -0.215 7.316 7.116 0.000 0.000
4 HOX(22) 0.214 -0.939 -0.723 -0.000 -0.000
5 H2OX(23) -0.648 -1.812 -2.471 0.001 -0.000
6 CO2X(24) 0.427 -4.177 -3.732 -0.000 -0.000
7 OCX(25) 0.214 -7.284 -7.055 -0.000 -0.000
8 CX(26) -0.000 2.890 2.890 -0.000 -0.000
9 CH2X(27) 0.000 8.671 8.671 0.002 0.000
10 CHX(28) -0.000 -8.092 -8.092 -0.000 -0.000
11 CH4X(48) 0.214 -11.322 -11.083 -0.000 -0.000
12 H2X(49) 0.214 -7.284 -7.054 0.000 0.000
13 COX(50) -0.215 -4.270 -4.494 -0.000 -0.000
14 C2H4X(65) 0.214 -2.670 -2.450 -0.000 -0.000
15 C2H4X(210) 0.214 -2.670 -2.450 -0.000 -0.000
Finished thermo sensitivity simulation for a C/O ratio of 1.8
Starting thermo sensitivity simulation for a C/O ratio of 1.0
0 X(1) -0.709 8.882 8.236 -0.003 0.000
1 HX(19) 0.000 21.905 21.905 0.001 0.000
2 OX(20) -0.000 19.048 19.048 -0.001 -0.000
3 CH3X(21) 0.000 17.143 17.143 0.000 0.000
4 HOX(22) 0.000 18.095 18.095 0.000 0.000
5 H2OX(23) 0.000 18.095 18.095 0.001 0.000
6 CO2X(24) -0.709 18.473 17.895 0.000 0.000
7 OCX(25) 0.699 9.211 9.846 0.000 0.000
8 CX(26) -0.709 21.351 20.793 0.000 0.000
9 CH2X(27) -0.000 19.048 19.048 0.001 -0.000
10 CHX(28) 0.000 12.381 12.381 0.000 0.000
11 CH4X(48) -0.709 17.514 16.929 0.000 0.000
12 H2X(49) -0.000 5.714 5.714 -0.000 -0.000
13 COX(50) -0.709 23.269 22.725 0.000 0.000
14 C2H4X(65) 0.000 21.905 21.905 0.000 0.000
15 C2H4X(210) 0.000 21.905 21.905 0.000 0.000
Finished thermo sensitivity simulation for a C/O ratio of 1.0
Starting thermo sensitivity simulation for a C/O ratio of 1.2
0 X(1) -1.200 -0.296 -1.499 -0.014 -0.002
1 HX(19) -1.200 13.258 12.217 -0.010 -0.002
2 OX(20) -1.200 8.740 7.645 -0.012 -0.002
3 CH3X(21) -0.597 5.690 5.127 -0.010 -0.002
4 HOX(22) -0.597 4.792 4.223 -0.011 -0.002
5 H2OX(23) -0.597 15.570 15.066 -0.010 -0.002
6 CO2X(24) -1.199 12.354 11.303 -0.011 -0.002
7 OCX(25) -0.597 11.079 10.548 -0.010 -0.002
8 CX(26) -0.597 2.097 1.513 -0.011 -0.002
9 CH2X(27) -2.426 12.206 10.076 -0.009 -0.002
10 CHX(28) -1.200 13.258 12.217 -0.011 -0.002
11 CH4X(48) -1.200 13.258 12.217 -0.011 -0.002
12 H2X(49) -0.597 12.876 12.355 -0.012 -0.002
13 COX(50) -0.597 4.792 4.223 -0.012 -0.002
14 C2H4X(65) -1.200 6.933 5.816 -0.011 -0.002
15 C2H4X(210) -1.200 6.933 5.816 -0.011 -0.002
Finished thermo sensitivity simulation for a C/O ratio of 1.2
Starting thermo sensitivity simulation for a C/O ratio of 0.8
0 X(1) -0.840 1.745 0.920 -0.003 0.000
1 HX(19) 0.826 12.270 12.995 0.001 -0.000
2 OX(20) 0.826 -0.445 0.385 -0.001 -0.000
3 CH3X(21) 0.826 9.727 10.473 -0.000 0.000
4 HOX(22) -0.840 1.745 0.920 0.000 -0.000
5 H2OX(23) 0.826 9.727 10.473 0.001 -0.000
6 CO2X(24) 0.826 5.277 6.059 -0.000 -0.000
7 OCX(25) -0.840 6.917 6.134 -0.000 0.000
8 CX(26) -0.000 1.282 1.282 -0.000 -0.000
9 CH2X(27) -0.840 2.392 1.571 0.001 -0.000
10 CHX(28) -0.000 -22.436 -22.436 -0.000 -0.000
11 CH4X(48) 0.000 7.692 7.692 0.000 0.000
12 H2X(49) -0.000 14.103 14.103 -0.000 -0.000
13 COX(50) -0.840 11.441 10.697 -0.000 -0.000
14 C2H4X(65) -0.000 12.821 12.821 -0.000 -0.000
15 C2H4X(210) -0.000 12.821 12.821 -0.000 -0.000
Finished thermo sensitivity simulation for a C/O ratio of 0.8
Starting sensitivity simulation for a C/O ratio of 1.0
0 CH4(2) + X(1) <=> CH4X(48) 0.699 16.777 17.359 -0.000 -0.000
1 O2(3) + 2 X(1) <=> 2 OX(20) 0.703 16.779 17.364 1.234 0.001
2 H2(6) + 2 X(1) <=> 2 HX(19) 0.699 13.939 14.540 -0.000 -0.001
3 H(12) + X(1) <=> HX(19) 1.389 8.902 10.167 -0.000 -0.000
4 HX(19) + OX(20) <=> HOX(22) + X(1) -0.000 18.095 18.095 -0.000 -0.000
5 H2O(5) + 2 X(1) <=> HOX(22) + HX(19) -0.039 15.205 15.173 -5.114 -0.031
6 OH(17) + X(1) <=> HOX(22) 0.699 12.994 13.602 0.000 0.000
7 CH4(2) + 2 X(1) <=> CH3X(21) + HX(19) -0.709 26.147 25.623 0.000 0.000
8 CH4(2) + OX(20) + X(1) <=> CH3X(21) + HOX(22) -0.709 17.514 16.929 -0.000 -0.000
9 C2H6(8) + 2 X(1) <=> 2 CH3X(21) 0.000 18.095 18.095 0.000 0.000
10 CH3(10) + X(1) <=> CH3X(21) 3.399 44.800 46.676 -0.497 -0.001
11 CH3OH(14) + 2 X(1) <=> CH3X(21) + HOX(22) 0.699 27.179 27.689 0.000 0.000
12 CH2X(27) + HX(19) <=> CH3X(21) + X(1) 0.698 16.775 17.356 -0.997 0.000
13 CH2X(27) + HOX(22) <=> CH3X(21) + OX(20) 1.389 5.145 6.463 -0.003 0.000
14 CHX(28) + HX(19) <=> CH2X(27) + X(1) -0.000 26.667 26.667 -0.000 -0.000
15 CHX(28) + HOX(22) <=> CH2X(27) + OX(20) 0.000 14.286 14.286 0.000 0.000
16 2 CH2X(27) <=> CH3X(21) + CHX(28) 0.699 27.179 27.689 -0.000 -0.000
17 CHX(28) + X(1) <=> CX(26) + HX(19) 0.699 28.125 28.628 -0.000 -0.000
18 CX(26) + H2(6) <=> CH2X(27) -0.000 18.095 18.095 -0.000 -0.000
19 CX(26) + HOX(22) <=> CHX(28) + OX(20) 0.000 21.905 21.905 0.000 0.000
20 CH3X(21) + CX(26) <=> CH2X(27) + CHX(28) 0.699 9.211 9.846 0.000 0.000
21 CH2X(27) + CX(26) <=> 2 CHX(28) 0.699 14.885 15.480 0.000 0.000
22 CO(7) + X(1) <=> OCX(25) 0.000 19.048 19.048 0.000 0.000
23 CX(26) + OX(20) <=> OCX(25) + X(1) 0.699 27.179 27.689 0.000 0.000
24 H2(6) + X(1) <=> H2X(49) 0.699 12.048 12.663 -0.000 -0.000
25 CO(7) + X(1) <=> COX(50) 0.000 24.762 24.762 0.000 0.000
26 CH4(2) + HOX(22) + X(1) <=> CH3X(21) + H2OX(23) -0.000 7.619 7.619 -0.000 0.000
27 H2O(5) + X(1) <=> H2OX(23) -0.000 20.000 20.000 -0.001 0.000
28 H2OX(23) + OX(20) <=> 2 HOX(22) 0.698 22.450 22.991 -0.748 0.000
29 HOX(22) + HX(19) <=> H2OX(23) + X(1) 1.672 31.639 32.781 -21.872 -0.373
30 C2H4(47) + X(1) <=> C2H4X(210) 0.000 21.905 21.905 0.000 0.000
31 C2H4(18) + X(1) <=> C2H4X(65) 0.000 21.905 21.905 0.000 0.000
32 CO2(4) + X(1) <=> CO2X(24) 0.000 12.381 12.381 0.000 0.000
33 OCX(25) + OX(20) <=> CO2X(24) + X(1) -0.709 18.473 17.895 0.000 0.000
34 CO2X(24) + HX(19) <=> HOX(22) + OCX(25) 0.000 18.095 18.095 0.000 0.000
Finished sensitivity simulation for a C/O ratio of 1.0
Finished translating for C/O ratio of 1.0
Starting sensitivity simulation for a C/O ratio of 1.2
0 CH4(2) + X(1) <=> CH4X(48) -1.199 12.354 11.303 -0.011 -0.002
1 O2(3) + 2 X(1) <=> 2 OX(20) -1.805 38.190 37.074 1.223 -0.000
2 H2(6) + 2 X(1) <=> 2 HX(19) -1.200 25.003 24.103 -0.011 -0.003
3 H(12) + X(1) <=> HX(19) -0.597 11.079 10.548 -0.011 -0.002
4 HX(19) + OX(20) <=> HOX(22) + X(1) -1.200 22.293 21.361 -0.011 -0.002
5 H2O(5) + 2 X(1) <=> HOX(22) + HX(19) -1.199 18.679 17.704 -0.011 -0.002
6 OH(17) + X(1) <=> HOX(22) -1.200 13.258 12.217 -0.011 -0.002
7 CH4(2) + 2 X(1) <=> CH3X(21) + HX(19) -1.199 8.740 7.645 -0.011 -0.002
8 CH4(2) + OX(20) + X(1) <=> CH3X(21) + HOX(22) -1.200 16.872 15.875 -0.011 -0.002
9 C2H6(8) + 2 X(1) <=> 2 CH3X(21) -0.597 15.570 15.066 -0.011 -0.002
10 CH3(10) + X(1) <=> CH3X(21) -1.202 68.374 67.994 -0.508 -0.003
11 CH3OH(14) + 2 X(1) <=> CH3X(21) + HOX(22) -1.200 6.029 4.902 -0.011 -0.002
12 CH2X(27) + HX(19) <=> CH3X(21) + X(1) -0.599 16.467 15.967 -1.009 -0.002
13 CH2X(27) + HOX(22) <=> CH3X(21) + OX(20) -2.426 14.950 12.886 -0.013 -0.002
14 CHX(28) + HX(19) <=> CH2X(27) + X(1) -1.809 12.735 11.156 -0.012 -0.002
15 CHX(28) + HOX(22) <=> CH2X(27) + OX(20) -0.597 19.163 18.680 -0.011 -0.002
16 2 CH2X(27) <=> CH3X(21) + CHX(28) -1.199 15.968 14.960 -0.012 -0.002
17 CHX(28) + X(1) <=> CX(26) + HX(19) -1.200 12.354 11.303 -0.012 -0.002
18 CX(26) + H2(6) <=> CH2X(27) -0.597 11.079 10.548 -0.011 -0.002
19 CX(26) + HOX(22) <=> CHX(28) + OX(20) -1.200 6.933 5.816 -0.011 -0.002
20 CH3X(21) + CX(26) <=> CH2X(27) + CHX(28) -1.809 15.462 13.933 -0.011 -0.002
21 CH2X(27) + CX(26) <=> 2 CHX(28) -1.199 6.029 4.902 -0.012 -0.002
22 CO(7) + X(1) <=> OCX(25) -1.200 4.222 3.073 -0.012 -0.002
23 CX(26) + OX(20) <=> OCX(25) + X(1) -0.597 15.570 15.066 -0.011 -0.002
24 H2(6) + X(1) <=> H2X(49) -1.809 22.734 21.336 -0.011 -0.002
25 CO(7) + X(1) <=> COX(50) -1.199 6.029 4.902 -0.011 -0.002
26 CH4(2) + HOX(22) + X(1) <=> CH3X(21) + H2OX(23) -1.199 10.547 9.474 -0.011 -0.002
27 H2O(5) + X(1) <=> H2OX(23) -1.199 15.968 14.960 -0.011 -0.002
28 H2OX(23) + OX(20) <=> 2 HOX(22) -0.003 41.070 41.068 -0.759 -0.002
29 HOX(22) + HX(19) <=> H2OX(23) + X(1) -1.200 11.450 10.388 -0.012 -0.002
30 C2H4(47) + X(1) <=> C2H4X(210) -1.200 6.933 5.816 -0.011 -0.002
31 C2H4(18) + X(1) <=> C2H4X(65) -1.809 12.735 11.156 -0.012 -0.002
32 CO2(4) + X(1) <=> CO2X(24) -1.199 13.258 12.217 -0.011 -0.002
33 OCX(25) + OX(20) <=> CO2X(24) + X(1) -1.200 11.450 10.388 -0.011 -0.002
34 CO2X(24) + HX(19) <=> HOX(22) + OCX(25) -0.597 8.385 7.838 -0.011 -0.002
Finished sensitivity simulation for a C/O ratio of 1.2
Finished translating for C/O ratio of 1.2
Starting sensitivity simulation for a C/O ratio of 1.1
0 CH4(2) + X(1) <=> CH4X(48) 0.637 55.839 56.120 0.000 0.000
1 O2(3) + 2 X(1) <=> 2 OX(20) -0.642 14.268 13.718 1.234 0.001
2 H2(6) + 2 X(1) <=> 2 HX(19) -0.646 24.205 23.715 0.000 -0.001
3 H(12) + X(1) <=> HX(19) -0.645 10.538 9.960 -0.000 -0.000
4 HX(19) + OX(20) <=> HOX(22) + X(1) 0.637 20.264 20.772 -0.000 -0.000
5 H2O(5) + 2 X(1) <=> HOX(22) + HX(19) 1.266 -1.172 0.109 -0.000 -0.000
6 OH(17) + X(1) <=> HOX(22) 1.266 -1.172 0.108 -0.000 -0.000
7 CH4(2) + 2 X(1) <=> CH3X(21) + HX(19) 0.637 3.090 3.708 -0.000 -0.000
8 CH4(2) + OX(20) + X(1) <=> CH3X(21) + HOX(22) 0.637 -0.590 0.051 -0.000 -0.000
9 C2H6(8) + 2 X(1) <=> 2 CH3X(21) 0.637 -10.403 -9.700 0.000 -0.000
10 CH3(10) + X(1) <=> CH3X(21) 1.263 -20.678 -19.153 -0.497 -0.002
11 CH3OH(14) + 2 X(1) <=> CH3X(21) + HOX(22) 0.637 -6.723 -6.044 -0.000 -0.000
12 CH2X(27) + HX(19) <=> CH3X(21) + X(1) -0.002 4.937 4.935 -0.998 -0.000
13 CH2X(27) + HOX(22) <=> CH3X(21) + OX(20) -0.000 7.407 7.407 -0.002 -0.000
14 CHX(28) + HX(19) <=> CH2X(27) + X(1) 0.637 9.224 9.802 -0.000 -0.000
15 CHX(28) + HOX(22) <=> CH2X(27) + OX(20) 1.266 -2.391 -1.095 0.000 -0.000
16 2 CH2X(27) <=> CH3X(21) + CHX(28) 0.000 25.926 25.926 0.000 0.000
17 CHX(28) + X(1) <=> CX(26) + HX(19) -0.000 -2.469 -2.469 -0.000 -0.000
18 CX(26) + H2(6) <=> CH2X(27) 0.637 -1.817 -1.168 -0.001 -0.000
19 CX(26) + HOX(22) <=> CHX(28) + OX(20) -0.000 17.284 17.284 -0.000 -0.000
20 CH3X(21) + CX(26) <=> CH2X(27) + CHX(28) 0.637 27.624 28.085 0.000 0.000
21 CH2X(27) + CX(26) <=> 2 CHX(28) 0.637 -4.270 -3.606 -0.000 -0.000
22 CO(7) + X(1) <=> OCX(25) 1.266 1.266 2.516 -0.000 -0.000
23 CX(26) + OX(20) <=> OCX(25) + X(1) 0.637 0.637 1.270 -0.000 0.000
24 H2(6) + X(1) <=> H2X(49) 1.266 1.266 2.516 0.000 0.000
25 CO(7) + X(1) <=> COX(50) 0.637 -0.590 0.051 -0.000 -0.000
26 CH4(2) + HOX(22) + X(1) <=> CH3X(21) + H2OX(23) -0.645 4.325 3.708 0.000 0.000
27 H2O(5) + X(1) <=> H2OX(23) 1.266 -3.610 -2.299 -0.001 -0.000
28 H2OX(23) + OX(20) <=> 2 HOX(22) 0.636 -6.725 -6.046 -0.748 -0.000
29 HOX(22) + HX(19) <=> H2OX(23) + X(1) -0.000 -9.877 -9.877 -0.000 -0.000
30 C2H4(47) + X(1) <=> C2H4X(210) -0.000 17.284 17.284 -0.000 -0.000
31 C2H4(18) + X(1) <=> C2H4X(65) -0.000 17.284 17.284 -0.000 -0.000
32 CO2(4) + X(1) <=> CO2X(24) -1.299 22.463 21.456 0.000 0.000
33 OCX(25) + OX(20) <=> CO2X(24) + X(1) 1.266 6.141 7.329 -0.001 -0.000
34 CO2X(24) + HX(19) <=> HOX(22) + OCX(25) 0.637 0.637 1.270 -0.000 -0.000
Finished sensitivity simulation for a C/O ratio of 1.1
Finished translating for C/O ratio of 1.1
Starting sensitivity simulation for a C/O ratio of 0.8
0 CH4(2) + X(1) <=> CH4X(48) -0.840 -0.840 -1.688 0.000 0.000
1 O2(3) + 2 X(1) <=> 2 OX(20) 0.003 6.413 6.415 1.234 0.001
2 H2(6) + 2 X(1) <=> 2 HX(19) 0.826 2.733 3.537 -0.000 -0.001
3 H(12) + X(1) <=> HX(19) -0.840 -4.072 -4.947 -0.000 -0.000
4 HX(19) + OX(20) <=> HOX(22) + X(1) -0.000 21.154 21.154 -0.000 -0.000
5 H2O(5) + 2 X(1) <=> HOX(22) + HX(19) -0.840 1.745 0.920 -0.000 -0.000
6 OH(17) + X(1) <=> HOX(22) -0.000 -3.205 -3.205 0.000 0.000
7 CH4(2) + 2 X(1) <=> CH3X(21) + HX(19) 0.826 -6.167 -5.289 -0.000 -0.000
8 CH4(2) + OX(20) + X(1) <=> CH3X(21) + HOX(22) -0.840 3.038 2.223 -0.000 -0.000
9 C2H6(8) + 2 X(1) <=> 2 CH3X(21) 0.826 29.434 30.017 -0.000 -0.000
10 CH3(10) + X(1) <=> CH3X(21) 0.825 12.268 12.992 -0.497 -0.001
11 CH3OH(14) + 2 X(1) <=> CH3X(21) + HOX(22) -0.840 11.441 10.697 -0.000 -0.000
12 CH2X(27) + HX(19) <=> CH3X(21) + X(1) -0.001 8.332 8.331 -0.997 -0.000
13 CH2X(27) + HOX(22) <=> CH3X(21) + OX(20) 0.826 10.998 11.734 -0.003 0.000
14 CHX(28) + HX(19) <=> CH2X(27) + X(1) -0.840 15.966 15.260 -0.000 -0.000
15 CHX(28) + HOX(22) <=> CH2X(27) + OX(20) -0.840 3.685 2.875 0.000 0.000
16 2 CH2X(27) <=> CH3X(21) + CHX(28) -0.000 -5.128 -5.128 -0.000 -0.000
17 CHX(28) + X(1) <=> CX(26) + HX(19) 0.826 -5.531 -4.659 -0.000 -0.000
18 CX(26) + H2(6) <=> CH2X(27) -0.000 4.487 4.487 -0.000 -0.000
19 CX(26) + HOX(22) <=> CHX(28) + OX(20) -0.000 12.821 12.821 -0.000 -0.000
20 CH3X(21) + CX(26) <=> CH2X(27) + CHX(28) -0.840 -3.426 -4.295 0.000 0.000
21 CH2X(27) + CX(26) <=> 2 CHX(28) -0.840 -19.586 -20.591 0.000 0.000
22 CO(7) + X(1) <=> OCX(25) -0.000 -5.769 -5.769 -0.000 -0.000
23 CX(26) + OX(20) <=> OCX(25) + X(1) -0.000 2.564 2.564 -0.000 -0.000
24 H2(6) + X(1) <=> H2X(49) -0.000 -5.769 -5.769 -0.000 -0.000
25 CO(7) + X(1) <=> COX(50) -0.840 9.502 8.742 -0.000 -0.000
26 CH4(2) + HOX(22) + X(1) <=> CH3X(21) + H2OX(23) -0.840 3.038 2.223 -0.000 -0.000
27 H2O(5) + X(1) <=> H2OX(23) -0.840 15.320 14.608 -0.001 -0.000
28 H2OX(23) + OX(20) <=> 2 HOX(22) 0.825 0.190 1.014 -0.748 0.000
29 HOX(22) + HX(19) <=> H2OX(23) + X(1) -0.000 6.410 6.410 -0.000 -0.000
30 C2H4(47) + X(1) <=> C2H4X(210) -0.000 12.821 12.821 -0.000 -0.000
31 C2H4(18) + X(1) <=> C2H4X(65) -0.000 12.821 12.821 -0.000 -0.000
32 CO2(4) + X(1) <=> CO2X(24) -0.840 -2.133 -2.991 0.000 0.000
33 OCX(25) + OX(20) <=> CO2X(24) + X(1) -0.840 2.392 1.571 -0.000 -0.000
34 CO2X(24) + HX(19) <=> HOX(22) + OCX(25) -0.000 -3.846 -3.846 -0.000 -0.000
Finished sensitivity simulation for a C/O ratio of 0.8
Finished translating for C/O ratio of 0.8
Starting sensitivity simulation for a C/O ratio of 0.7
0 CH4(2) + X(1) <=> CH4X(48) -0.000 9.121 9.121 -0.000 -0.000
1 O2(3) + 2 X(1) <=> 2 OX(20) -0.959 20.745 19.985 1.234 0.001
2 H2(6) + 2 X(1) <=> 2 HX(19) -0.000 11.400 11.400 -0.000 -0.000
3 H(12) + X(1) <=> HX(19) -0.000 -1.629 -1.629 -0.000 -0.000
4 HX(19) + OX(20) <=> HOX(22) + X(1) 1.869 7.623 9.349 -0.000 -0.000
5 H2O(5) + 2 X(1) <=> HOX(22) + HX(19) 0.943 18.690 19.457 -0.000 -0.000
6 OH(17) + X(1) <=> HOX(22) 0.943 -19.062 -17.938 -0.000 -0.000
7 CH4(2) + 2 X(1) <=> CH3X(21) + HX(19) 0.943 15.463 16.261 -0.000 -0.000
8 CH4(2) + OX(20) + X(1) <=> CH3X(21) + HOX(22) 0.943 0.621 1.558 -0.000 -0.000
9 C2H6(8) + 2 X(1) <=> 2 CH3X(21) 0.943 19.335 20.096 -0.000 -0.000
10 CH3(10) + X(1) <=> CH3X(21) 0.942 -11.965 -10.910 -0.497 -0.001
11 CH3OH(14) + 2 X(1) <=> CH3X(21) + HOX(22) -0.962 -12.801 -13.885 -0.000 -0.000
12 CH2X(27) + HX(19) <=> CH3X(21) + X(1) 0.942 -8.092 -7.074 -0.997 -0.000
13 CH2X(27) + HOX(22) <=> CH3X(21) + OX(20) 0.943 4.493 5.394 -0.003 -0.000
14 CHX(28) + HX(19) <=> CH2X(27) + X(1) 1.869 8.262 9.977 -0.000 -0.000
15 CHX(28) + HOX(22) <=> CH2X(27) + OX(20) 1.869 -9.958 -7.902 -0.000 -0.000
16 2 CH2X(27) <=> CH3X(21) + CHX(28) 1.869 7.942 9.663 -0.000 -0.000
17 CHX(28) + X(1) <=> CX(26) + HX(19) -0.962 13.837 13.009 -0.000 0.000
18 CX(26) + H2(6) <=> CH2X(27) 1.869 7.303 9.036 -0.000 -0.000
19 CX(26) + HOX(22) <=> CHX(28) + OX(20) 0.943 -3.251 -2.277 -0.000 -0.000
20 CH3X(21) + CX(26) <=> CH2X(27) + CHX(28) 1.869 7.942 9.663 -0.000 -0.000
21 CH2X(27) + CX(26) <=> 2 CHX(28) 0.943 -9.704 -8.669 -0.000 -0.000
22 CO(7) + X(1) <=> OCX(25) 0.943 -8.736 -7.711 -0.000 -0.000
23 CX(26) + OX(20) <=> OCX(25) + X(1) 0.943 0.943 1.878 -0.000 -0.000
24 H2(6) + X(1) <=> H2X(49) 0.943 20.948 21.694 -0.000 -0.000
25 CO(7) + X(1) <=> COX(50) -0.000 -10.423 -10.423 -0.000 -0.000
26 CH4(2) + HOX(22) + X(1) <=> CH3X(21) + H2OX(23) 1.869 11.778 13.427 -0.000 -0.000
27 H2O(5) + X(1) <=> H2OX(23) -0.000 -1.303 -1.303 -0.001 -0.000
28 H2OX(23) + OX(20) <=> 2 HOX(22) -0.962 -10.171 -11.231 -0.748 0.000
29 HOX(22) + HX(19) <=> H2OX(23) + X(1) -0.000 -14.007 -14.007 -0.000 -0.000
30 C2H4(47) + X(1) <=> C2H4X(210) 0.943 -3.251 -2.277 -0.000 -0.000
31 C2H4(18) + X(1) <=> C2H4X(65) 0.943 -11.963 -10.907 -0.000 -0.000
32 CO2(4) + X(1) <=> CO2X(24) 1.869 3.787 5.585 -0.000 -0.000
33 OCX(25) + OX(20) <=> CO2X(24) + X(1) 1.869 6.664 8.408 -0.000 -0.000
34 CO2X(24) + HX(19) <=> HOX(22) + OCX(25) 0.943 2.879 3.796 -0.000 -0.000
Finished sensitivity simulation for a C/O ratio of 0.7
Finished translating for C/O ratio of 0.7
Starting sensitivity simulation for a C/O ratio of 1.6
0 CH4(2) + X(1) <=> CH4X(48) -0.233 -36.568 -36.886 0.011 0.001
1 O2(3) + 2 X(1) <=> 2 OX(20) -1.422 -19.805 -21.509 1.221 0.000
2 H2(6) + 2 X(1) <=> 2 HX(19) 0.233 -49.650 -49.302 0.006 -0.001
3 H(12) + X(1) <=> HX(19) 0.467 -43.701 -43.030 0.007 0.001
4 HX(19) + OX(20) <=> HOX(22) + X(1) 0.467 -62.986 -62.225 0.004 0.001
5 H2O(5) + 2 X(1) <=> HOX(22) + HX(19) 0.235 -32.812 -32.501 0.009 0.001
6 OH(17) + X(1) <=> HOX(22) 0.235 -57.754 -57.384 0.007 0.001
7 CH4(2) + 2 X(1) <=> CH3X(21) + HX(19) 0.235 -25.954 -25.658 0.008 0.001
8 CH4(2) + OX(20) + X(1) <=> CH3X(21) + HOX(22) 0.001 -37.498 -37.497 0.008 0.001
9 C2H6(8) + 2 X(1) <=> 2 CH3X(21) 0.235 -63.366 -62.982 0.008 0.001
10 CH3(10) + X(1) <=> CH3X(21) 0.930 42.416 42.951 -0.458 0.003
11 CH3OH(14) + 2 X(1) <=> CH3X(21) + HOX(22) 0.001 -51.249 -51.248 0.004 0.001
12 CH2X(27) + HX(19) <=> CH3X(21) + X(1) 0.927 -40.560 -39.257 -0.989 0.001
13 CH2X(27) + HOX(22) <=> CH3X(21) + OX(20) 0.468 -45.566 -44.886 0.009 0.001
14 CHX(28) + HX(19) <=> CH2X(27) + X(1) 0.699 -45.849 -44.830 0.006 0.001
15 CHX(28) + HOX(22) <=> CH2X(27) + OX(20) 1.159 -34.671 -33.111 0.009 0.001
16 2 CH2X(27) <=> CH3X(21) + CHX(28) 0.467 -41.834 -41.172 0.008 0.001
17 CHX(28) + X(1) <=> CX(26) + HX(19) 0.699 -30.333 -29.422 0.009 0.001
18 CX(26) + H2(6) <=> CH2X(27) 0.234 -33.436 -33.123 0.007 0.001
19 CX(26) + HOX(22) <=> CHX(28) + OX(20) 0.699 -43.366 -42.364 0.010 0.001
20 CH3X(21) + CX(26) <=> CH2X(27) + CHX(28) 1.158 -29.112 -27.616 0.008 0.001
21 CH2X(27) + CX(26) <=> 2 CHX(28) 0.467 -23.794 -23.215 0.009 0.001
22 CO(7) + X(1) <=> OCX(25) 0.698 -43.367 -42.366 0.005 0.001
23 CX(26) + OX(20) <=> OCX(25) + X(1) 0.699 -36.539 -35.585 0.009 0.001
24 H2(6) + X(1) <=> H2X(49) 0.467 -48.055 -47.363 0.009 0.001
25 CO(7) + X(1) <=> COX(50) 0.930 -35.602 -34.342 0.012 0.002
26 CH4(2) + HOX(22) + X(1) <=> CH3X(21) + H2OX(23) 0.467 -38.724 -38.077 0.005 0.001
27 H2O(5) + X(1) <=> H2OX(23) 0.002 -26.873 -26.871 0.011 0.002
28 H2OX(23) + OX(20) <=> 2 HOX(22) 0.470 37.794 38.087 -0.706 0.006
29 HOX(22) + HX(19) <=> H2OX(23) + X(1) 0.699 -25.368 -24.492 0.009 0.001
30 C2H4(47) + X(1) <=> C2H4X(210) 0.699 -43.366 -42.364 0.010 0.001
31 C2H4(18) + X(1) <=> C2H4X(65) 1.159 -37.142 -35.554 0.009 0.001
32 CO2(4) + X(1) <=> CO2X(24) 0.929 -31.888 -30.662 0.008 0.001
33 OCX(25) + OX(20) <=> CO2X(24) + X(1) 0.929 -31.888 -30.662 0.011 0.001
34 CO2X(24) + HX(19) <=> HOX(22) + OCX(25) 0.929 -42.414 -41.091 0.009 0.001
Finished sensitivity simulation for a C/O ratio of 1.6
Finished translating for C/O ratio of 1.6
Starting sensitivity simulation for a C/O ratio of 0.6
0 CH4(2) + X(1) <=> CH4X(48) -0.000 2.265 2.265 -0.000 -0.000
1 O2(3) + 2 X(1) <=> 2 OX(20) -1.097 17.879 16.979 1.234 0.001
2 H2(6) + 2 X(1) <=> 2 HX(19) -0.000 6.796 6.795 -0.000 -0.000
3 H(12) + X(1) <=> HX(19) 1.075 11.640 12.590 -0.000 -0.000
4 HX(19) + OX(20) <=> HOX(22) + X(1) -1.099 6.099 5.067 0.000 0.000
5 H2O(5) + 2 X(1) <=> HOX(22) + HX(19) -0.000 -9.385 -9.385 -0.000 -0.000
6 OH(17) + X(1) <=> HOX(22) 0.000 22.654 22.654 0.000 0.000
7 CH4(2) + 2 X(1) <=> CH3X(21) + HX(19) -1.099 -12.877 -14.118 -0.000 -0.000
8 CH4(2) + OX(20) + X(1) <=> CH3X(21) + HOX(22) -1.099 -1.426 -2.541 -0.000 -0.000
9 C2H6(8) + 2 X(1) <=> 2 CH3X(21) -1.099 -4.044 -5.187 0.000 0.000
10 CH3(10) + X(1) <=> CH3X(21) -0.001 9.384 9.383 -0.497 -0.001
11 CH3OH(14) + 2 X(1) <=> CH3X(21) + HOX(22) -1.099 -10.260 -11.472 -0.000 -0.000
12 CH2X(27) + HX(19) <=> CH3X(21) + X(1) -0.001 17.475 17.474 -0.997 -0.000
13 CH2X(27) + HOX(22) <=> CH3X(21) + OX(20) -1.099 -0.117 -1.218 -0.003 0.000
14 CHX(28) + HX(19) <=> CH2X(27) + X(1) -0.000 16.505 16.505 -0.000 -0.000
15 CHX(28) + HOX(22) <=> CH2X(27) + OX(20) 0.000 11.327 11.327 0.000 0.000
16 2 CH2X(27) <=> CH3X(21) + CHX(28) -1.099 24.421 23.591 -0.000 -0.000
17 CHX(28) + X(1) <=> CX(26) + HX(19) -1.099 4.790 3.744 0.000 0.000
18 CX(26) + H2(6) <=> CH2X(27) 1.075 -1.806 -0.711 -0.000 -0.000
19 CX(26) + HOX(22) <=> CHX(28) + OX(20) -2.222 8.033 5.989 -0.000 -0.000
20 CH3X(21) + CX(26) <=> CH2X(27) + CHX(28) -1.099 -8.297 -9.487 0.000 0.000
21 CH2X(27) + CX(26) <=> 2 CHX(28) 2.128 23.032 24.670 -0.000 -0.000
22 CO(7) + X(1) <=> OCX(25) 1.075 -8.849 -7.679 0.000 0.000
23 CX(26) + OX(20) <=> OCX(25) + X(1) -1.099 -0.117 -1.218 0.000 0.000
24 H2(6) + X(1) <=> H2X(49) 0.000 16.505 16.505 0.000 0.000
25 CO(7) + X(1) <=> COX(50) -0.000 -3.883 -3.883 -0.000 -0.000
26 CH4(2) + HOX(22) + X(1) <=> CH3X(21) + H2OX(23) -2.222 2.740 0.579 -0.000 -0.000
27 H2O(5) + X(1) <=> H2OX(23) -0.000 -3.560 -3.560 -0.001 -0.000
28 H2OX(23) + OX(20) <=> 2 HOX(22) -0.001 2.265 2.264 -0.748 0.000
29 HOX(22) + HX(19) <=> H2OX(23) + X(1) 1.075 5.557 6.573 -0.000 -0.000
30 C2H4(47) + X(1) <=> C2H4X(210) -2.222 8.033 5.989 -0.000 -0.000
31 C2H4(18) + X(1) <=> C2H4X(65) 0.000 9.385 9.385 0.000 0.000
32 CO2(4) + X(1) <=> CO2X(24) 0.000 6.796 6.796 0.000 0.000
33 OCX(25) + OX(20) <=> CO2X(24) + X(1) -1.099 7.408 6.390 -0.000 -0.000
34 CO2X(24) + HX(19) <=> HOX(22) + OCX(25) -0.000 9.385 9.385 -0.000 -0.000
Finished sensitivity simulation for a C/O ratio of 0.6
Finished translating for C/O ratio of 0.6
Starting sensitivity simulation for a C/O ratio of 0.9
0 CH4(2) + X(1) <=> CH4X(48) -0.752 -12.940 -13.789 -0.000 -0.000
1 O2(3) + 2 X(1) <=> 2 OX(20) -2.287 -13.011 -15.595 1.234 0.001
2 H2(6) + 2 X(1) <=> 2 HX(19) -0.001 -20.968 -20.969 0.000 -0.001
3 H(12) + X(1) <=> HX(19) -1.515 -0.697 -2.222 -0.000 -0.000
4 HX(19) + OX(20) <=> HOX(22) + X(1) -1.515 -22.801 -24.661 -0.000 0.000
5 H2O(5) + 2 X(1) <=> HOX(22) + HX(19) -2.290 -3.115 -5.476 0.000 -0.000
6 OH(17) + X(1) <=> HOX(22) -1.515 -8.065 -9.702 -0.000 0.000
7 CH4(2) + 2 X(1) <=> CH3X(21) + HX(19) -1.515 -12.158 -13.857 0.000 0.000
8 CH4(2) + OX(20) + X(1) <=> CH3X(21) + HOX(22) -0.752 -12.940 -13.789 -0.000 -0.000
9 C2H6(8) + 2 X(1) <=> 2 CH3X(21) -0.752 -1.564 -2.328 0.000 0.000
10 CH3(10) + X(1) <=> CH3X(21) -0.754 17.934 17.316 -0.497 -0.001
11 CH3OH(14) + 2 X(1) <=> CH3X(21) + HOX(22) -1.515 2.578 1.102 -0.000 -0.000
12 CH2X(27) + HX(19) <=> CH3X(21) + X(1) -1.517 -14.615 -16.354 -0.997 0.000
13 CH2X(27) + HOX(22) <=> CH3X(21) + OX(20) -0.752 2.498 1.765 -0.003 0.000
14 CHX(28) + HX(19) <=> CH2X(27) + X(1) -0.752 -4.002 -4.784 -0.000 -0.000
15 CHX(28) + HOX(22) <=> CH2X(27) + OX(20) -0.752 -9.690 -10.514 -0.000 -0.000
16 2 CH2X(27) <=> CH3X(21) + CHX(28) -0.752 -9.690 -10.514 0.000 0.000
17 CHX(28) + X(1) <=> CX(26) + HX(19) -0.752 -30.002 -30.980 0.000 0.000
18 CX(26) + H2(6) <=> CH2X(27) -0.752 -21.877 -22.794 -0.000 0.000
19 CX(26) + HOX(22) <=> CHX(28) + OX(20) -1.515 -17.889 -19.675 0.000 0.000
20 CH3X(21) + CX(26) <=> CH2X(27) + CHX(28) -1.515 -0.696 -2.222 -0.000 -0.000
21 CH2X(27) + CX(26) <=> 2 CHX(28) -0.000 -7.258 -7.258 -0.000 -0.000
22 CO(7) + X(1) <=> OCX(25) -0.752 -18.627 -19.519 -0.000 -0.000
23 CX(26) + OX(20) <=> OCX(25) + X(1) -0.752 -15.377 -16.245 -0.000 -0.000
24 H2(6) + X(1) <=> H2X(49) -0.752 13.061 12.407 -0.000 -0.000
25 CO(7) + X(1) <=> COX(50) -0.752 11.436 10.770 -0.000 -0.000
26 CH4(2) + HOX(22) + X(1) <=> CH3X(21) + H2OX(23) -0.752 -17.815 -18.701 -0.000 -0.000
27 H2O(5) + X(1) <=> H2OX(23) -1.515 -1.515 -3.053 -0.001 -0.000
28 H2OX(23) + OX(20) <=> 2 HOX(22) -0.753 -7.253 -8.061 -0.748 0.000
29 HOX(22) + HX(19) <=> H2OX(23) + X(1) -1.515 -3.971 -5.546 -0.000 -0.000
30 C2H4(47) + X(1) <=> C2H4X(210) -1.515 -17.889 -19.675 0.000 0.000
31 C2H4(18) + X(1) <=> C2H4X(65) 0.045 -3.180 -3.134 -33.880 -0.655
32 CO2(4) + X(1) <=> CO2X(24) -0.752 14.686 14.044 0.000 0.000
33 OCX(25) + OX(20) <=> CO2X(24) + X(1) -1.515 8.309 6.920 0.000 0.000
34 CO2X(24) + HX(19) <=> HOX(22) + OCX(25) -1.515 -13.795 -15.519 -0.000 0.000
Finished sensitivity simulation for a C/O ratio of 0.9
Finished translating for C/O ratio of 0.9
Starting sensitivity simulation for a C/O ratio of 1.4
0 CH4(2) + X(1) <=> CH4X(48) 0.777 -9.279 -8.429 -0.013 -0.002
1 O2(3) + 2 X(1) <=> 2 OX(20) 0.523 -4.181 -3.636 1.222 0.000
2 H2(6) + 2 X(1) <=> 2 HX(19) -0.003 -16.220 -16.223 -0.012 -0.003
3 H(12) + X(1) <=> HX(19) 0.777 -12.631 -11.756 -0.013 -0.002
4 HX(19) + OX(20) <=> HOX(22) + X(1) 0.777 4.130 4.875 -0.013 -0.002
5 H2O(5) + 2 X(1) <=> HOX(22) + HX(19) 0.519 3.880 4.379 -0.012 -0.002
6 OH(17) + X(1) <=> HOX(22) -0.264 -4.329 -4.605 -0.012 -0.002
7 CH4(2) + 2 X(1) <=> CH3X(21) + HX(19) 0.777 0.777 1.549 -0.012 -0.002
8 CH4(2) + OX(20) + X(1) <=> CH3X(21) + HOX(22) 0.259 -5.132 -4.860 -0.013 -0.002
9 C2H6(8) + 2 X(1) <=> 2 CH3X(21) 1.034 -11.002 -9.854 -0.013 -0.002
10 CH3(10) + X(1) <=> CH3X(21) 1.542 29.482 30.569 -0.512 -0.004
11 CH3OH(14) + 2 X(1) <=> CH3X(21) + HOX(22) -0.002 6.755 6.753 -0.013 -0.002
12 CH2X(27) + HX(19) <=> CH3X(21) + X(1) 0.517 -12.927 -12.343 -1.011 -0.002
13 CH2X(27) + HOX(22) <=> CH3X(21) + OX(20) -0.264 7.188 6.942 -0.014 -0.002
14 CHX(28) + HX(19) <=> CH2X(27) + X(1) 0.257 -7.831 -7.554 -1.337 -0.002
15 CHX(28) + HOX(22) <=> CH2X(27) + OX(20) -0.528 6.264 5.769 -0.013 -0.002
16 2 CH2X(27) <=> CH3X(21) + CHX(28) 0.259 0.259 0.518 -0.012 -0.002
17 CHX(28) + X(1) <=> CX(26) + HX(19) 0.259 4.303 4.551 -0.012 -0.002
18 CX(26) + H2(6) <=> CH2X(27) 0.519 -11.580 -11.001 -0.012 -0.002
19 CX(26) + HOX(22) <=> CHX(28) + OX(20) 0.259 -5.132 -4.860 -0.012 -0.002
20 CH3X(21) + CX(26) <=> CH2X(27) + CHX(28) 0.519 5.896 6.385 -0.013 -0.002
21 CH2X(27) + CX(26) <=> 2 CHX(28) 0.259 -6.480 -6.204 -0.013 -0.002
22 CO(7) + X(1) <=> OCX(25) -0.002 13.512 13.510 -0.013 -0.002
23 CX(26) + OX(20) <=> OCX(25) + X(1) -0.002 -6.759 -6.761 -0.012 -0.002
24 H2(6) + X(1) <=> H2X(49) 0.519 -6.203 -5.651 -0.012 -0.002
25 CO(7) + X(1) <=> COX(50) 0.519 -2.842 -2.308 -0.012 -0.002
26 CH4(2) + HOX(22) + X(1) <=> CH3X(21) + H2OX(23) 0.777 0.777 1.549 -0.013 -0.002
27 H2O(5) + X(1) <=> H2OX(23) 0.259 -12.545 -12.253 -0.013 -0.002
28 H2OX(23) + OX(20) <=> 2 HOX(22) 0.518 5.895 6.382 -0.761 -0.002
29 HOX(22) + HX(19) <=> H2OX(23) + X(1) 0.777 -9.949 -9.095 -0.013 -0.002
30 C2H4(47) + X(1) <=> C2H4X(210) 0.259 -5.132 -4.860 -0.012 -0.002
31 C2H4(18) + X(1) <=> C2H4X(65) 0.259 -5.132 -4.860 -0.012 -0.002
32 CO2(4) + X(1) <=> CO2X(24) 0.519 -4.186 -3.645 -0.013 -0.002
33 OCX(25) + OX(20) <=> CO2X(24) + X(1) 0.259 9.694 9.928 -0.013 -0.002
34 CO2X(24) + HX(19) <=> HOX(22) + OCX(25) -0.264 4.478 4.225 -0.012 -0.002
Finished sensitivity simulation for a C/O ratio of 1.4
Finished translating for C/O ratio of 1.4
Starting sensitivity simulation for a C/O ratio of 2.6
0 CH4(2) + X(1) <=> CH4X(48) 0.162 8.659 8.807 0.000 -0.000
1 O2(3) + 2 X(1) <=> 2 OX(20) 0.009 15.965 15.973 1.235 0.005
2 H2(6) + 2 X(1) <=> 2 HX(19) -0.003 -8.513 -8.516 0.000 -0.003
3 H(12) + X(1) <=> HX(19) -0.163 1.968 1.809 0.000 -0.000
4 HX(19) + OX(20) <=> HOX(22) + X(1) -0.163 16.886 16.751 0.000 -0.000
5 H2O(5) + 2 X(1) <=> HOX(22) + HX(19) 0.324 4.565 4.874 0.000 -0.000
6 OH(17) + X(1) <=> HOX(22) -0.326 0.742 0.418 0.000 -0.000
7 CH4(2) + 2 X(1) <=> CH3X(21) + HX(19) -0.000 1.064 1.064 -0.000 -0.000
8 CH4(2) + OX(20) + X(1) <=> CH3X(21) + HOX(22) -0.163 -7.622 -7.797 -0.000 -0.000
9 C2H6(8) + 2 X(1) <=> 2 CH3X(21) 0.162 -13.645 -13.461 0.000 -0.000
10 CH3(10) + X(1) <=> CH3X(21) 1.275 21.230 22.235 -0.498 -0.005
11 CH3OH(14) + 2 X(1) <=> CH3X(21) + HOX(22) 0.485 -4.809 -4.301 0.000 -0.000
12 CH2X(27) + HX(19) <=> CH3X(21) + X(1) 0.320 -8.163 -7.816 -0.998 -0.000
13 CH2X(27) + HOX(22) <=> CH3X(21) + OX(20) -0.000 -10.638 -10.638 -0.001 -0.000
14 CHX(28) + HX(19) <=> CH2X(27) + X(1) 0.805 -5.526 -4.677 -0.000 -0.000
15 CHX(28) + HOX(22) <=> CH2X(27) + OX(20) -0.000 10.638 10.638 0.000 -0.000
16 2 CH2X(27) <=> CH3X(21) + CHX(28) 0.645 1.702 2.336 0.000 -0.000
17 CHX(28) + X(1) <=> CX(26) + HX(19) 0.805 -5.526 -4.677 0.000 -0.000
18 CX(26) + H2(6) <=> CH2X(27) -0.326 0.742 0.418 0.000 -0.000
19 CX(26) + HOX(22) <=> CHX(28) + OX(20) 0.485 -5.867 -5.354 0.000 -0.000
20 CH3X(21) + CX(26) <=> CH2X(27) + CHX(28) -0.000 10.638 10.638 0.000 -0.000
21 CH2X(27) + CX(26) <=> 2 CHX(28) -0.000 -10.638 -10.638 -0.000 -0.000
22 CO(7) + X(1) <=> OCX(25) 0.324 26.833 27.070 -0.000 -0.000
23 CX(26) + OX(20) <=> OCX(25) + X(1) 0.805 -5.526 -4.677 0.000 -0.000
24 H2(6) + X(1) <=> H2X(49) 0.324 14.109 14.387 0.000 -0.000
25 CO(7) + X(1) <=> COX(50) -0.489 -11.180 -11.724 0.000 -0.000
26 CH4(2) + HOX(22) + X(1) <=> CH3X(21) + H2OX(23) 0.485 -4.809 -4.301 -0.000 -0.000
27 H2O(5) + X(1) <=> H2OX(23) 0.645 -1.469 -0.814 -0.001 -0.000
28 H2OX(23) + OX(20) <=> 2 HOX(22) 0.321 14.107 14.382 -0.748 0.000
29 HOX(22) + HX(19) <=> H2OX(23) + X(1) 0.485 -5.867 -5.354 0.000 -0.000
30 C2H4(47) + X(1) <=> C2H4X(210) 0.485 -5.867 -5.354 0.000 -0.000
31 C2H4(18) + X(1) <=> C2H4X(65) -0.489 8.063 7.613 -0.000 -0.000
32 CO2(4) + X(1) <=> CO2X(24) -0.163 -14.015 -14.200 0.000 -0.000
33 OCX(25) + OX(20) <=> CO2X(24) + X(1) 0.645 4.873 5.487 0.000 -0.000
34 CO2X(24) + HX(19) <=> HOX(22) + OCX(25) 0.485 -5.867 -5.354 0.000 -0.000
Finished sensitivity simulation for a C/O ratio of 2.6
Finished translating for C/O ratio of 2.6
Starting sensitivity simulation for a C/O ratio of 2.4
0 CH4(2) + X(1) <=> CH4X(48) -0.517 8.833 8.362 -0.000 -0.000
1 O2(3) + 2 X(1) <=> 2 OX(20) -0.683 0.488 -0.191 1.235 0.005
2 H2(6) + 2 X(1) <=> 2 HX(19) -0.519 11.169 10.707 0.000 -0.002
3 H(12) + X(1) <=> HX(19) -0.691 -0.691 -1.387 -0.000 -0.000
4 HX(19) + OX(20) <=> HOX(22) + X(1) -0.865 -7.902 -8.836 -0.000 0.000
5 H2O(5) + 2 X(1) <=> HOX(22) + HX(19) -0.865 1.481 0.628 -0.000 0.000
6 OH(17) + X(1) <=> HOX(22) -1.040 6.009 5.032 -0.000 -0.000
7 CH4(2) + 2 X(1) <=> CH3X(21) + HX(19) -0.172 -1.337 -1.511 -0.000 0.000
8 CH4(2) + OX(20) + X(1) <=> CH3X(21) + HOX(22) -1.040 -1.040 -2.091 -0.000 0.000
9 C2H6(8) + 2 X(1) <=> 2 CH3X(21) -0.344 7.823 7.506 -0.000 -0.000
10 CH3(10) + X(1) <=> CH3X(21) 1.348 1.348 2.677 -0.498 -0.005
11 CH3OH(14) + 2 X(1) <=> CH3X(21) + HOX(22) -0.691 3.992 3.329 -0.000 -0.000
12 CH2X(27) + HX(19) <=> CH3X(21) + X(1) -0.347 7.821 7.500 -0.998 -0.000
13 CH2X(27) + HOX(22) <=> CH3X(21) + OX(20) -0.000 1.163 1.163 -0.001 0.000
14 CHX(28) + HX(19) <=> CH2X(27) + X(1) -0.865 24.938 24.288 -0.000 -0.000
15 CHX(28) + HOX(22) <=> CH2X(27) + OX(20) -0.517 0.652 0.138 -0.000 -0.000
16 2 CH2X(27) <=> CH3X(21) + CHX(28) -0.344 -5.011 -5.373 -0.000 -0.000
17 CHX(28) + X(1) <=> CX(26) + HX(19) -0.344 4.323 3.994 -0.000 -0.000
18 CX(26) + H2(6) <=> CH2X(27) -0.344 -5.011 -5.373 0.000 0.000
19 CX(26) + HOX(22) <=> CHX(28) + OX(20) -0.691 18.042 17.476 -0.000 0.000
20 CH3X(21) + CX(26) <=> CH2X(27) + CHX(28) -0.691 -8.887 -9.639 -0.000 -0.000
21 CH2X(27) + CX(26) <=> 2 CHX(28) -0.172 -4.831 -5.011 -0.000 -0.000
22 CO(7) + X(1) <=> OCX(25) -0.865 -0.865 -1.738 -0.000 -0.000
23 CX(26) + OX(20) <=> OCX(25) + X(1) -0.344 1.989 1.652 -0.000 -0.000
24 H2(6) + X(1) <=> H2X(49) -0.517 -1.686 -2.212 -0.000 0.000
25 CO(7) + X(1) <=> COX(50) -1.040 6.009 5.032 0.000 0.000
26 CH4(2) + HOX(22) + X(1) <=> CH3X(21) + H2OX(23) -1.215 -1.215 -2.445 -0.000 -0.000
27 H2O(5) + X(1) <=> H2OX(23) -0.000 4.651 4.651 -0.001 0.000
28 H2OX(23) + OX(20) <=> 2 HOX(22) 0.510 -1.804 -1.285 -0.748 0.000
29 HOX(22) + HX(19) <=> H2OX(23) + X(1) -0.344 -5.011 -5.373 -0.000 -0.000
30 C2H4(47) + X(1) <=> C2H4X(210) -0.691 18.042 17.476 -0.000 0.000
31 C2H4(18) + X(1) <=> C2H4X(65) -0.691 -0.691 -1.386 -0.000 0.000
32 CO2(4) + X(1) <=> CO2X(24) -0.517 -7.530 -8.086 -0.000 -0.000
33 OCX(25) + OX(20) <=> CO2X(24) + X(1) -0.000 4.651 4.651 -0.000 -0.000
34 CO2X(24) + HX(19) <=> HOX(22) + OCX(25) -0.344 -5.011 -5.373 -0.000 0.000
Finished sensitivity simulation for a C/O ratio of 2.4
Finished translating for C/O ratio of 2.4
Starting sensitivity simulation for a C/O ratio of 2.2
0 CH4(2) + X(1) <=> CH4X(48) -0.551 1.650 1.108 -0.000 -0.000
1 O2(3) + 2 X(1) <=> 2 OX(20) -1.102 -19.551 -20.868 1.235 0.004
2 H2(6) + 2 X(1) <=> 2 HX(19) -0.369 -7.695 -8.092 0.000 -0.002
3 H(12) + X(1) <=> HX(19) -0.183 -22.852 -23.078 -0.000 -0.000
4 HX(19) + OX(20) <=> HOX(22) + X(1) -0.367 -20.147 -20.588 -0.000 -0.000
5 H2O(5) + 2 X(1) <=> HOX(22) + HX(19) -0.551 -7.891 -8.486 -0.000 -0.000
6 OH(17) + X(1) <=> HOX(22) -0.000 -15.328 -15.328 -0.000 -0.000
7 CH4(2) + 2 X(1) <=> CH3X(21) + HX(19) -0.367 -11.356 -11.765 0.000 0.000
8 CH4(2) + OX(20) + X(1) <=> CH3X(21) + HOX(22) -0.737 -16.913 -17.775 -0.000 -0.000
9 C2H6(8) + 2 X(1) <=> 2 CH3X(21) -0.367 -6.960 -7.353 -0.000 -0.000
10 CH3(10) + X(1) <=> CH3X(21) 1.258 -14.598 -13.156 -0.498 -0.004
11 CH3OH(14) + 2 X(1) <=> CH3X(21) + HOX(22) -0.000 -4.380 -4.380 -0.000 -0.000
12 CH2X(27) + HX(19) <=> CH3X(21) + X(1) -0.186 -22.856 -23.084 -0.998 -0.000
13 CH2X(27) + HOX(22) <=> CH3X(21) + OX(20) -0.000 -4.380 -4.380 -0.002 -0.000
14 CHX(28) + HX(19) <=> CH2X(27) + X(1) -0.000 -15.328 -15.328 -0.000 -0.000
15 CHX(28) + HOX(22) <=> CH2X(27) + OX(20) -0.551 3.852 3.322 -0.000 -0.000
16 2 CH2X(27) <=> CH3X(21) + CHX(28) -0.000 -34.307 -34.307 -0.000 -0.000
17 CHX(28) + X(1) <=> CX(26) + HX(19) -0.183 -22.852 -23.077 -0.000 -0.000
18 CX(26) + H2(6) <=> CH2X(27) -0.551 -18.900 -19.556 0.000 -0.000
19 CX(26) + HOX(22) <=> CHX(28) + OX(20) -0.000 -27.737 -27.737 -0.000 -0.000
20 CH3X(21) + CX(26) <=> CH2X(27) + CHX(28) -0.367 -23.078 -23.529 -0.000 -0.000
21 CH2X(27) + CX(26) <=> 2 CHX(28) -0.551 1.650 1.108 -0.000 -0.000
22 CO(7) + X(1) <=> OCX(25) -0.551 -11.561 -12.176 -0.000 -0.000
23 CX(26) + OX(20) <=> OCX(25) + X(1) -0.551 -26.974 -27.674 -0.000 -0.000
24 H2(6) + X(1) <=> H2X(49) -0.551 -33.579 -34.316 -0.000 -0.000
25 CO(7) + X(1) <=> COX(50) 0.182 -34.790 -34.544 -0.000 -0.000
26 CH4(2) + HOX(22) + X(1) <=> CH3X(21) + H2OX(23) -0.551 -18.900 -19.556 -0.000 -0.000
27 H2O(5) + X(1) <=> H2OX(23) -0.551 -11.561 -12.176 -0.001 -0.000
28 H2OX(23) + OX(20) <=> 2 HOX(22) 0.724 -22.465 -21.578 -0.748 0.000
29 HOX(22) + HX(19) <=> H2OX(23) + X(1) -0.551 7.522 7.012 -0.000 -0.000
30 C2H4(47) + X(1) <=> C2H4X(210) -0.000 -27.737 -27.737 -0.000 -0.000
31 C2H4(18) + X(1) <=> C2H4X(65) -0.551 -11.561 -12.176 0.000 0.000
32 CO2(4) + X(1) <=> CO2X(24) -0.000 -4.380 -4.380 -0.000 -0.000
33 OCX(25) + OX(20) <=> CO2X(24) + X(1) -0.000 8.029 8.029 -0.000 -0.000
34 CO2X(24) + HX(19) <=> HOX(22) + OCX(25) 0.182 -8.561 -8.363 -0.000 -0.000
Finished sensitivity simulation for a C/O ratio of 2.2
Finished translating for C/O ratio of 2.2
Starting sensitivity simulation for a C/O ratio of 2.0
0 CH4(2) + X(1) <=> CH4X(48) -0.000 -19.847 -19.847 -0.000 -0.000
1 O2(3) + 2 X(1) <=> 2 OX(20) 0.595 10.459 10.992 1.235 0.003
2 H2(6) + 2 X(1) <=> 2 HX(19) -0.199 -6.318 -6.530 -0.000 -0.002
3 H(12) + X(1) <=> HX(19) -0.198 -26.968 -27.219 -0.000 -0.000
4 HX(19) + OX(20) <=> HOX(22) + X(1) 0.588 -3.965 -3.353 -0.000 -0.000
5 H2O(5) + 2 X(1) <=> HOX(22) + HX(19) -0.795 -2.334 -3.148 -0.000 -0.000
6 OH(17) + X(1) <=> HOX(22) -0.396 -14.191 -14.643 -0.000 -0.000
7 CH4(2) + 2 X(1) <=> CH3X(21) + HX(19) -0.396 11.866 11.517 -0.000 -0.000
8 CH4(2) + OX(20) + X(1) <=> CH3X(21) + HOX(22) 0.197 4.006 4.195 0.000 0.000
9 C2H6(8) + 2 X(1) <=> 2 CH3X(21) -0.595 -3.667 -4.284 -0.000 -0.000
10 CH3(10) + X(1) <=> CH3X(21) 1.357 1.357 2.696 -0.498 -0.004
11 CH3OH(14) + 2 X(1) <=> CH3X(21) + HOX(22) 0.197 4.006 4.195 -0.000 -0.000
12 CH2X(27) + HX(19) <=> CH3X(21) + X(1) -0.003 8.395 8.392 -0.998 -0.000
13 CH2X(27) + HOX(22) <=> CH3X(21) + OX(20) -0.396 0.370 -0.024 -0.002 -0.000
14 CHX(28) + HX(19) <=> CH2X(27) + X(1) 0.588 -3.965 -3.353 -0.000 -0.000
15 CHX(28) + HOX(22) <=> CH2X(27) + OX(20) -0.198 -6.317 -6.527 -0.000 -0.000
16 2 CH2X(27) <=> CH3X(21) + CHX(28) 0.393 -7.211 -6.789 -0.000 -0.000
17 CHX(28) + X(1) <=> CX(26) + HX(19) 0.197 -7.422 -7.210 -0.000 -0.000
18 CX(26) + H2(6) <=> CH2X(27) -0.000 15.267 15.267 -0.000 -0.000
19 CX(26) + HOX(22) <=> CHX(28) + OX(20) -0.000 3.817 3.817 -0.000 -0.000
20 CH3X(21) + CX(26) <=> CH2X(27) + CHX(28) -0.198 -0.198 -0.396 -0.000 -0.000
21 CH2X(27) + CX(26) <=> 2 CHX(28) 0.393 -7.211 -6.789 -0.000 -0.000
22 CO(7) + X(1) <=> OCX(25) -0.595 4.780 4.213 -0.000 -0.000
23 CX(26) + OX(20) <=> OCX(25) + X(1) 0.197 -2.851 -2.648 -0.000 -0.000
24 H2(6) + X(1) <=> H2X(49) 0.197 4.006 4.195 -0.000 -0.000
25 CO(7) + X(1) <=> COX(50) -0.396 0.370 -0.024 -0.000 -0.000
26 CH4(2) + HOX(22) + X(1) <=> CH3X(21) + H2OX(23) -0.595 4.780 4.213 -0.000 -0.000
27 H2O(5) + X(1) <=> H2OX(23) -0.000 -0.000 -0.000 -0.001 -0.000
28 H2OX(23) + OX(20) <=> 2 HOX(22) 0.586 -7.761 -7.130 -0.748 -0.000
29 HOX(22) + HX(19) <=> H2OX(23) + X(1) -0.595 4.780 4.213 -0.000 -0.000
30 C2H4(47) + X(1) <=> C2H4X(210) 0.588 -3.965 -3.353 -0.000 -0.000
31 C2H4(18) + X(1) <=> C2H4X(65) 0.197 -2.851 -2.648 -0.000 -0.000
32 CO2(4) + X(1) <=> CO2X(24) -0.000 -19.847 -19.847 -0.000 -0.000
33 OCX(25) + OX(20) <=> CO2X(24) + X(1) -0.595 -3.667 -4.284 -0.000 -0.000
34 CO2X(24) + HX(19) <=> HOX(22) + OCX(25) -0.396 11.866 11.517 -0.000 -0.000
Finished sensitivity simulation for a C/O ratio of 2.0
Finished translating for C/O ratio of 2.0
Starting sensitivity simulation for a C/O ratio of 1.3
0 CH4(2) + X(1) <=> CH4X(48) -0.004 28.569 28.566 -0.024 -0.004
1 O2(3) + 2 X(1) <=> 2 OX(20) -1.696 48.547 47.674 1.198 -0.004
2 H2(6) + 2 X(1) <=> 2 HX(19) -0.563 53.909 53.649 -0.023 -0.004
3 H(12) + X(1) <=> HX(19) -0.004 41.664 41.662 -0.026 -0.004
4 HX(19) + OX(20) <=> HOX(22) + X(1) 1.635 33.252 34.343 -0.031 -0.004
5 H2O(5) + 2 X(1) <=> HOX(22) + HX(19) 0.549 44.947 45.248 -0.027 -0.004
6 OH(17) + X(1) <=> HOX(22) 0.549 35.475 35.829 -0.025 -0.004
7 CH4(2) + 2 X(1) <=> CH3X(21) + HX(19) -0.562 38.944 38.601 -0.025 -0.004
8 CH4(2) + OX(20) + X(1) <=> CH3X(21) + HOX(22) 1.094 35.829 36.531 -0.033 -0.005
9 C2H6(8) + 2 X(1) <=> 2 CH3X(21) -0.004 26.783 26.780 -0.026 -0.004
10 CH3(10) + X(1) <=> CH3X(21) 0.554 -2.998 -2.428 -0.470 0.002
11 CH3OH(14) + 2 X(1) <=> CH3X(21) + HOX(22) 0.549 47.315 47.604 -0.025 -0.004
12 CH2X(27) + HX(19) <=> CH3X(21) + X(1) -0.005 36.902 36.898 -1.020 -0.003
13 CH2X(27) + HOX(22) <=> CH3X(21) + OX(20) -0.003 38.093 38.092 -0.021 -0.003
14 CHX(28) + HX(19) <=> CH2X(27) + X(1) 0.550 28.372 28.766 -0.020 -0.003
15 CHX(28) + HOX(22) <=> CH2X(27) + OX(20) 1.095 35.830 36.533 -0.025 -0.004
16 2 CH2X(27) <=> CH3X(21) + CHX(28) 1.096 36.419 37.115 -0.022 -0.003
17 CHX(28) + X(1) <=> CX(26) + HX(19) 0.549 39.619 39.950 -0.026 -0.004
18 CX(26) + H2(6) <=> CH2X(27) 0.549 36.067 36.418 -0.025 -0.004
19 CX(26) + HOX(22) <=> CHX(28) + OX(20) -0.003 42.260 42.258 -0.023 -0.003
20 CH3X(21) + CX(26) <=> CH2X(27) + CHX(28) 0.549 40.211 40.540 -0.022 -0.003
21 CH2X(27) + CX(26) <=> 2 CHX(28) 1.096 38.185 38.862 -0.022 -0.003
22 CO(7) + X(1) <=> OCX(25) -0.003 35.712 35.710 -0.020 -0.003
23 CX(26) + OX(20) <=> OCX(25) + X(1) -0.004 47.022 47.020 -0.026 -0.004
24 H2(6) + X(1) <=> H2X(49) -0.004 36.902 36.900 -0.028 -0.004
25 CO(7) + X(1) <=> COX(50) 1.095 31.708 32.456 -0.029 -0.004
26 CH4(2) + HOX(22) + X(1) <=> CH3X(21) + H2OX(23) 1.095 35.830 36.532 -0.026 -0.004
27 H2O(5) + X(1) <=> H2OX(23) -0.004 32.736 32.733 -0.025 -0.004
28 H2OX(23) + OX(20) <=> 2 HOX(22) 1.098 13.460 14.410 -0.746 0.000
29 HOX(22) + HX(19) <=> H2OX(23) + X(1) 0.549 42.579 42.894 -0.025 -0.004
30 C2H4(47) + X(1) <=> C2H4X(210) -0.003 42.260 42.258 -0.023 -0.003
31 C2H4(18) + X(1) <=> C2H4X(65) -0.003 42.260 42.258 -0.023 -0.003
32 CO2(4) + X(1) <=> CO2X(24) -0.004 42.260 42.257 -0.029 -0.004
33 OCX(25) + OX(20) <=> CO2X(24) + X(1) -0.004 37.498 37.495 -0.024 -0.004
34 CO2X(24) + HX(19) <=> HOX(22) + OCX(25) 0.551 18.901 19.348 -0.012 -0.002
Finished sensitivity simulation for a C/O ratio of 1.3
Finished translating for C/O ratio of 1.3
