This mechanism contains 38 gas reactions and 27 surface reactions
Finished simulation at a C/O ratio of 1.4
Finished simulation at a C/O ratio of 1.2
Finished simulation at a C/O ratio of 2.4
Finished simulation at a C/O ratio of 1.8
Finished simulation at a C/O ratio of 1.6
Finished simulation at a C/O ratio of 0.7
Finished simulation at a C/O ratio of 1.1
Finished simulation at a C/O ratio of 1.3
Finished simulation at a C/O ratio of 1.0
Finished simulation at a C/O ratio of 2.2
Finished simulation at a C/O ratio of 2.6
Finished simulation at a C/O ratio of 0.9
Finished simulation at a C/O ratio of 2.0
Finished simulation at a C/O ratio of 0.8
Finished simulation at a C/O ratio of 0.6
Starting thermo sensitivity simulation for a C/O ratio of 0.6
0 X(1) 0.002 0.001 0.003 -0.003 0.001
1 HX(19) -0.001 -0.001 -0.002 -0.001 -0.001
2 OX(20) -0.001 -0.001 -0.002 0.003 -0.001
3 CH3X(21) 0.000 0.000 0.000 0.000 -0.000
4 HOX(22) -0.000 -0.000 -0.000 0.000 -0.000
5 H2OX(23) 0.000 0.000 0.000 0.000 0.000
6 CO2X(24) 0.000 0.000 0.000 -0.001 -0.000
7 OCX(25) 0.000 0.000 0.000 0.000 -0.000
8 CX(26) -0.000 0.000 0.000 0.001 0.000
9 CH2X(27) -0.000 0.000 0.000 0.000 -0.000
10 CHX(28) -0.000 0.000 0.000 -0.000 0.000
11 CH4X(48) 0.000 -0.000 0.000 0.000 -0.000
12 H2X(49) -0.000 0.000 0.000 -0.000 0.000
13 C2H6X(52) -0.000 0.000 0.000 -0.000 0.000
Finished thermo sensitivity simulation for a C/O ratio of 0.6
Starting thermo sensitivity simulation for a C/O ratio of 1.4
0 X(1) 0.001 0.001 0.002 -0.002 0.001
1 HX(19) -0.001 -0.001 -0.001 -0.001 -0.000
2 OX(20) -0.001 -0.000 -0.001 0.002 -0.000
3 CH3X(21) 0.000 -0.000 -0.000 0.000 -0.000
4 HOX(22) -0.000 -0.000 -0.000 0.001 -0.000
5 H2OX(23) 0.000 0.000 0.000 0.000 0.000
6 CO2X(24) 0.000 -0.000 -0.000 -0.001 -0.000
7 OCX(25) 0.000 -0.000 -0.000 0.000 -0.000
8 CX(26) 0.000 0.000 0.000 0.001 -0.000
9 CH2X(27) 0.000 -0.000 -0.000 0.000 -0.000
10 CHX(28) 0.000 0.000 0.000 0.000 -0.000
11 CH4X(48) 0.000 -0.000 0.000 0.000 -0.000
12 H2X(49) 0.000 -0.000 -0.000 0.000 -0.000
13 C2H6X(52) 0.000 -0.000 -0.000 0.000 -0.000
Finished thermo sensitivity simulation for a C/O ratio of 1.4
Starting thermo sensitivity simulation for a C/O ratio of 0.8
0 X(1) 0.002 0.001 0.003 -0.003 0.001
1 HX(19) -0.001 -0.001 -0.002 -0.001 -0.001
2 OX(20) -0.001 -0.001 -0.001 0.002 -0.001
3 CH3X(21) 0.000 -0.000 -0.000 -0.000 0.000
4 HOX(22) -0.000 -0.000 -0.000 0.001 -0.000
5 H2OX(23) 0.000 0.000 0.000 0.000 0.000
6 CO2X(24) 0.000 -0.000 -0.000 -0.001 0.000
7 OCX(25) -0.000 -0.000 -0.000 0.000 0.000
8 CX(26) -0.000 -0.000 -0.000 0.001 0.000
9 CH2X(27) 0.000 -0.000 -0.000 -0.000 0.000
10 CHX(28) 0.000 -0.000 -0.000 -0.000 0.000
11 CH4X(48) 0.000 -0.000 0.000 0.000 -0.000
12 H2X(49) -0.000 0.000 0.000 -0.000 0.000
13 C2H6X(52) 0.000 0.000 0.000 -0.000 0.000
Finished thermo sensitivity simulation for a C/O ratio of 0.8
Starting thermo sensitivity simulation for a C/O ratio of 1.6
0 X(1) 0.001 0.001 0.002 -0.002 0.001
1 HX(19) -0.001 -0.001 -0.001 -0.001 -0.000
2 OX(20) -0.001 -0.000 -0.001 0.002 -0.000
3 CH3X(21) 0.000 -0.000 -0.000 -0.000 0.000
4 HOX(22) -0.000 -0.000 -0.000 0.001 -0.000
5 H2OX(23) 0.000 0.000 0.000 0.000 0.000
6 CO2X(24) -0.000 0.000 0.000 -0.001 0.000
7 OCX(25) -0.000 -0.000 -0.000 -0.000 0.000
8 CX(26) -0.000 -0.000 -0.000 0.001 0.000
9 CH2X(27) -0.000 0.000 0.000 -0.000 0.000
10 CHX(28) 0.000 -0.000 -0.000 -0.000 0.000
11 CH4X(48) 0.000 -0.000 0.000 0.000 -0.000
12 H2X(49) -0.000 -0.000 -0.000 -0.000 0.000
13 C2H6X(52) 0.000 -0.000 -0.000 0.000 -0.000
Finished thermo sensitivity simulation for a C/O ratio of 1.6
Starting thermo sensitivity simulation for a C/O ratio of 1.2
0 X(1) 0.001 0.001 0.003 -0.002 0.001
1 HX(19) -0.001 -0.001 -0.001 -0.001 -0.001
2 OX(20) -0.001 -0.000 -0.001 0.002 -0.000
3 CH3X(21) -0.000 -0.000 -0.000 -0.000 0.000
4 HOX(22) -0.000 -0.000 -0.000 0.001 -0.000
5 H2OX(23) 0.000 0.000 0.000 0.000 0.000
6 CO2X(24) -0.000 -0.000 -0.000 -0.001 -0.000
7 OCX(25) 0.000 -0.000 -0.000 0.000 -0.000
8 CX(26) -0.000 0.000 0.000 0.001 0.000
9 CH2X(27) 0.000 -0.000 -0.000 -0.000 -0.000
10 CHX(28) -0.000 -0.000 -0.000 0.000 -0.000
11 CH4X(48) 0.000 -0.000 0.000 0.000 -0.000
12 H2X(49) 0.000 -0.000 -0.000 -0.000 0.000
13 C2H6X(52) 0.000 -0.000 -0.000 0.000 -0.000
Finished thermo sensitivity simulation for a C/O ratio of 1.2
Starting thermo sensitivity simulation for a C/O ratio of 1.1
0 X(1) 0.002 0.001 0.003 -0.002 0.001
1 HX(19) -0.001 -0.001 -0.001 -0.001 -0.001
2 OX(20) -0.001 -0.001 -0.001 0.002 -0.000
3 CH3X(21) -0.000 0.000 -0.000 -0.000 0.000
4 HOX(22) -0.000 -0.000 -0.000 0.001 -0.000
5 H2OX(23) 0.000 0.000 0.000 0.000 0.000
6 CO2X(24) 0.000 -0.000 -0.000 -0.001 -0.000
7 OCX(25) -0.000 -0.000 -0.000 -0.000 0.000
8 CX(26) -0.000 -0.000 -0.000 0.001 -0.000
9 CH2X(27) -0.000 0.000 0.000 -0.000 0.000
10 CHX(28) -0.000 -0.000 -0.000 -0.000 0.000
11 CH4X(48) 0.000 -0.000 0.000 0.000 -0.000
12 H2X(49) -0.000 0.000 -0.000 -0.000 0.000
13 C2H6X(52) -0.000 -0.000 -0.000 -0.000 0.000
Finished thermo sensitivity simulation for a C/O ratio of 1.1
Starting thermo sensitivity simulation for a C/O ratio of 2.0
0 X(1) 0.001 0.001 0.002 -0.002 0.001
1 HX(19) -0.001 -0.000 -0.001 -0.001 -0.000
2 OX(20) -0.001 -0.000 -0.001 0.002 -0.000
3 CH3X(21) 0.000 -0.000 -0.000 0.000 -0.000
4 HOX(22) -0.000 -0.000 -0.000 0.001 -0.000
5 H2OX(23) 0.000 0.000 0.000 0.000 0.000
6 CO2X(24) 0.000 -0.000 -0.000 -0.001 -0.000
7 OCX(25) 0.000 -0.000 -0.000 0.000 -0.000
8 CX(26) -0.000 -0.000 -0.000 0.001 -0.000
9 CH2X(27) 0.000 -0.000 -0.000 -0.000 0.000
10 CHX(28) -0.000 -0.000 -0.000 -0.000 -0.000
11 CH4X(48) 0.000 -0.000 0.000 0.000 -0.000
12 H2X(49) 0.000 -0.000 -0.000 -0.000 -0.000
13 C2H6X(52) -0.000 -0.000 -0.000 -0.000 0.000
Finished thermo sensitivity simulation for a C/O ratio of 2.0
Starting thermo sensitivity simulation for a C/O ratio of 1.3
0 X(1) 0.001 0.001 0.003 -0.002 0.001
1 HX(19) -0.001 -0.001 -0.001 -0.001 -0.001
2 OX(20) -0.001 -0.000 -0.001 0.002 -0.000
3 CH3X(21) -0.000 -0.000 -0.000 0.000 -0.000
4 HOX(22) -0.000 -0.000 -0.000 0.001 -0.000
5 H2OX(23) 0.000 0.000 0.000 0.000 0.000
6 CO2X(24) -0.000 -0.000 -0.000 -0.001 0.000
7 OCX(25) -0.000 -0.000 -0.000 0.000 -0.000
8 CX(26) -0.000 0.000 0.000 0.001 0.000
9 CH2X(27) -0.000 0.000 0.000 0.000 0.000
10 CHX(28) -0.000 -0.000 -0.000 -0.000 0.000
11 CH4X(48) 0.000 -0.000 0.000 0.000 -0.000
12 H2X(49) -0.000 0.000 0.000 -0.000 0.000
13 C2H6X(52) -0.000 -0.000 -0.000 -0.000 0.000
Finished thermo sensitivity simulation for a C/O ratio of 1.3
Starting thermo sensitivity simulation for a C/O ratio of 2.6
0 X(1) 0.001 0.001 0.002 -0.002 0.001
1 HX(19) -0.001 -0.000 -0.001 -0.001 -0.000
2 OX(20) -0.000 -0.000 -0.001 0.002 -0.000
3 CH3X(21) 0.000 -0.000 -0.000 -0.000 0.000
4 HOX(22) -0.000 -0.000 -0.000 0.001 -0.000
5 H2OX(23) 0.000 0.000 0.000 0.000 0.000
6 CO2X(24) 0.000 0.000 0.000 -0.001 0.000
7 OCX(25) 0.000 -0.000 -0.000 -0.000 0.000
8 CX(26) -0.000 0.000 0.000 0.001 0.000
9 CH2X(27) 0.000 0.000 0.000 -0.000 0.000
10 CHX(28) -0.000 0.000 0.000 -0.000 0.000
11 CH4X(48) 0.000 -0.000 -0.000 0.000 -0.000
12 H2X(49) 0.000 -0.000 -0.000 -0.000 0.000
13 C2H6X(52) -0.000 0.000 0.000 -0.000 0.000
Finished thermo sensitivity simulation for a C/O ratio of 2.6
Starting thermo sensitivity simulation for a C/O ratio of 2.4
0 X(1) 0.001 0.001 0.002 -0.002 0.001
1 HX(19) -0.001 -0.000 -0.001 -0.001 -0.000
2 OX(20) -0.001 -0.000 -0.001 0.002 -0.000
3 CH3X(21) -0.000 0.000 0.000 -0.000 0.000
4 HOX(22) -0.000 -0.000 -0.000 0.001 -0.000
5 H2OX(23) 0.000 0.000 0.000 0.000 0.000
6 CO2X(24) -0.000 0.000 0.000 -0.001 0.000
7 OCX(25) -0.000 0.000 0.000 -0.000 0.000
8 CX(26) -0.000 0.000 0.000 0.001 0.000
9 CH2X(27) -0.000 0.000 0.000 -0.000 0.000
10 CHX(28) -0.000 0.000 0.000 -0.000 0.000
11 CH4X(48) 0.000 -0.000 0.000 0.000 -0.000
12 H2X(49) -0.000 0.000 0.000 -0.000 0.000
13 C2H6X(52) -0.000 0.000 0.000 -0.000 0.000
Finished thermo sensitivity simulation for a C/O ratio of 2.4
Starting thermo sensitivity simulation for a C/O ratio of 0.7
0 X(1) 0.002 0.001 0.003 -0.003 0.001
1 HX(19) -0.001 -0.001 -0.002 -0.001 -0.001
2 OX(20) -0.001 -0.001 -0.001 0.003 -0.001
3 CH3X(21) 0.000 -0.000 -0.000 -0.000 0.000
4 HOX(22) -0.000 -0.000 -0.000 0.001 -0.000
5 H2OX(23) 0.000 0.000 0.000 0.000 0.000
6 CO2X(24) 0.000 -0.000 -0.000 -0.001 0.000
7 OCX(25) -0.000 -0.000 -0.000 0.000 0.000
8 CX(26) -0.000 -0.000 -0.000 0.001 -0.000
9 CH2X(27) 0.000 -0.000 -0.000 0.000 -0.000
10 CHX(28) 0.000 -0.000 -0.000 0.000 -0.000
11 CH4X(48) 0.000 -0.000 0.000 0.000 -0.000
12 H2X(49) -0.000 -0.000 -0.000 -0.000 0.000
13 C2H6X(52) 0.000 -0.000 -0.000 0.000 -0.000
Finished thermo sensitivity simulation for a C/O ratio of 0.7
Starting thermo sensitivity simulation for a C/O ratio of 2.2
0 X(1) 0.001 0.001 0.002 -0.002 0.001
1 HX(19) -0.001 -0.000 -0.001 -0.001 -0.000
2 OX(20) -0.001 -0.000 -0.001 0.002 -0.000
3 CH3X(21) -0.000 -0.000 -0.000 -0.000 0.000
4 HOX(22) -0.000 -0.000 -0.000 0.001 -0.000
5 H2OX(23) 0.000 0.000 0.000 0.000 0.000
6 CO2X(24) -0.000 -0.000 -0.000 -0.001 0.000
7 OCX(25) -0.000 -0.000 -0.000 -0.000 0.000
8 CX(26) -0.000 0.000 0.000 0.001 0.000
9 CH2X(27) -0.000 -0.000 -0.000 -0.000 0.000
10 CHX(28) -0.000 0.000 -0.000 -0.000 0.000
11 CH4X(48) 0.000 -0.000 0.000 0.000 -0.000
12 H2X(49) -0.000 -0.000 -0.000 -0.000 0.000
13 C2H6X(52) -0.000 -0.000 -0.000 -0.000 0.000
Finished thermo sensitivity simulation for a C/O ratio of 2.2
Starting thermo sensitivity simulation for a C/O ratio of 1.8
0 X(1) 0.001 0.001 0.002 -0.002 0.001
1 HX(19) -0.001 -0.000 -0.001 -0.001 -0.000
2 OX(20) -0.001 -0.000 -0.001 0.002 -0.000
3 CH3X(21) 0.000 0.000 0.000 0.000 -0.000
4 HOX(22) -0.000 -0.000 -0.000 0.001 -0.000
5 H2OX(23) 0.000 0.000 0.000 0.000 0.000
6 CO2X(24) 0.000 0.000 0.000 -0.001 -0.000
7 OCX(25) 0.000 0.000 0.000 0.000 -0.000
8 CX(26) -0.000 0.000 0.000 0.001 -0.000
9 CH2X(27) 0.000 0.000 0.000 0.000 -0.000
10 CHX(28) 0.000 0.000 0.000 0.000 -0.000
11 CH4X(48) 0.000 -0.000 0.000 0.000 -0.000
12 H2X(49) 0.000 0.000 0.000 0.000 -0.000
13 C2H6X(52) 0.000 0.000 0.000 -0.000 0.000
Finished thermo sensitivity simulation for a C/O ratio of 1.8
Starting sensitivity simulation for a C/O ratio of 0.7
0 CH4(2) + X(1) <=> CH4X(48) 0.000 -0.000 -0.000 0.000 -0.000
1 O2(3) + 2 X(1) <=> 2 OX(20) -0.000 -0.000 -0.000 0.000 -0.000
2 H2(6) + 2 X(1) <=> 2 HX(19) -0.000 -0.001 -0.001 0.002 -0.001
3 H(12) + X(1) <=> HX(19) -0.000 -0.000 -0.000 -0.000 0.000
4 CH4(2) + 2 X(1) <=> CH3X(21) + HX(19) -0.009 -0.045 -0.054 0.071 -0.043
5 C2H6(8) + 2 X(1) <=> 2 CH3X(21) -0.240 -0.648 -0.889 1.354 -0.592
6 CH3(10) + X(1) <=> CH3X(21) 0.015 0.032 0.047 -0.066 0.029
7 CH2X(27) + HX(19) <=> CH3X(21) + X(1) 0.000 -0.000 -0.000 0.000 -0.000
8 CHX(28) + HX(19) <=> CH2X(27) + X(1) -0.000 -0.000 -0.000 0.000 -0.000
9 2 CH2X(27) <=> CH3X(21) + CHX(28) -0.000 -0.000 -0.000 -0.000 0.000
10 CHX(28) + X(1) <=> CX(26) + HX(19) -0.000 -0.000 -0.000 0.000 0.000
11 CX(26) + H2(6) <=> CH2X(27) -0.000 -0.000 -0.000 -0.000 0.000
12 CH3X(21) + CX(26) <=> CH2X(27) + CHX(28) 0.000 -0.000 -0.000 -0.000 -0.000
13 CH2X(27) + CX(26) <=> 2 CHX(28) 0.000 -0.000 -0.000 0.000 -0.000
14 H2(6) + X(1) <=> H2X(49) -0.000 -0.000 -0.000 -0.000 0.000
15 C2H6(8) + X(1) <=> C2H6X(52) 0.000 -0.000 -0.000 0.000 -0.000
16 CH4(2) + OX(20) + X(1) <=> CH3X(21) + HOX(22) 0.000 0.000 0.000 -0.000 0.000
17 CH4(2) + HOX(22) + X(1) <=> CH3X(21) + H2OX(23) 0.133 0.088 0.221 -0.358 0.085
18 H2O(5) + X(1) <=> H2OX(23) 0.000 -0.000 -0.000 -0.000 0.000
19 CO2(4) + X(1) <=> CO2X(24) -0.000 -0.000 -0.000 0.000 -0.000
20 CO(7) + X(1) <=> OCX(25) -0.000 -0.000 -0.000 0.000 0.000
21 CX(26) + OX(20) <=> OCX(25) + X(1) -0.000 -0.000 -0.000 -1.000 -0.000
22 OCX(25) + OX(20) <=> CO2X(24) + X(1) -0.000 -0.000 -0.000 -0.000 -0.000
23 CO2X(24) + HX(19) <=> HOX(22) + OCX(25) 0.000 -0.000 -0.000 0.990 -0.000
24 HX(19) + OX(20) <=> HOX(22) + X(1) 0.659 0.462 1.118 -0.436 0.446
25 H2OX(23) + OX(20) <=> 2 HOX(22) -0.066 -0.044 -0.110 -0.320 -0.042
26 HOX(22) + HX(19) <=> H2OX(23) + X(1) 0.000 0.000 0.000 -0.000 0.000
Finished sensitivity simulation for a C/O ratio of 0.7
Finished translating for C/O ratio of 0.7
Starting sensitivity simulation for a C/O ratio of 1.2
0 CH4(2) + X(1) <=> CH4X(48) -0.000 0.000 0.000 -0.000 0.000
1 O2(3) + 2 X(1) <=> 2 OX(20) -0.000 -0.000 -0.000 -0.000 0.000
2 H2(6) + 2 X(1) <=> 2 HX(19) -0.000 -0.001 -0.001 0.002 -0.001
3 H(12) + X(1) <=> HX(19) 0.000 -0.000 -0.000 0.000 -0.000
4 CH4(2) + 2 X(1) <=> CH3X(21) + HX(19) -0.007 -0.043 -0.050 0.070 -0.041
5 C2H6(8) + 2 X(1) <=> 2 CH3X(21) -0.197 -0.630 -0.829 1.333 -0.579
6 CH3(10) + X(1) <=> CH3X(21) 0.008 0.023 0.031 -0.049 0.022
7 CH2X(27) + HX(19) <=> CH3X(21) + X(1) 0.000 0.000 0.000 -0.000 -0.000
8 CHX(28) + HX(19) <=> CH2X(27) + X(1) 0.000 -0.000 -0.000 0.000 -0.000
9 2 CH2X(27) <=> CH3X(21) + CHX(28) 0.000 0.000 0.000 0.000 -0.000
10 CHX(28) + X(1) <=> CX(26) + HX(19) 0.000 -0.000 -0.000 0.000 -0.000
11 CX(26) + H2(6) <=> CH2X(27) 0.000 -0.000 -0.000 0.000 -0.000
12 CH3X(21) + CX(26) <=> CH2X(27) + CHX(28) 0.000 -0.000 -0.000 0.000 -0.000
13 CH2X(27) + CX(26) <=> 2 CHX(28) -0.000 0.000 0.000 -0.000 0.000
14 H2(6) + X(1) <=> H2X(49) 0.000 -0.000 -0.000 0.000 -0.000
15 C2H6(8) + X(1) <=> C2H6X(52) -0.000 -0.000 -0.000 0.000 -0.000
16 CH4(2) + OX(20) + X(1) <=> CH3X(21) + HOX(22) 0.000 0.000 0.000 -0.000 0.000
17 CH4(2) + HOX(22) + X(1) <=> CH3X(21) + H2OX(23) 0.123 0.085 0.208 -0.403 0.079
18 H2O(5) + X(1) <=> H2OX(23) 0.000 -0.000 -0.000 0.000 -0.000
19 CO2(4) + X(1) <=> CO2X(24) -0.000 0.000 0.000 0.000 0.000
20 CO(7) + X(1) <=> OCX(25) -0.000 -0.000 -0.000 0.000 0.000
21 CX(26) + OX(20) <=> OCX(25) + X(1) -0.000 -0.000 -0.000 -1.000 -0.000
22 OCX(25) + OX(20) <=> CO2X(24) + X(1) 0.000 -0.000 -0.000 0.000 -0.000
23 CO2X(24) + HX(19) <=> HOX(22) + OCX(25) 0.000 -0.000 -0.000 0.990 0.000
24 HX(19) + OX(20) <=> HOX(22) + X(1) 0.535 0.388 0.921 -0.228 0.364
25 H2OX(23) + OX(20) <=> 2 HOX(22) -0.061 -0.042 -0.104 -0.298 -0.040
26 HOX(22) + HX(19) <=> H2OX(23) + X(1) 0.000 0.000 0.000 -0.000 0.000
Finished sensitivity simulation for a C/O ratio of 1.2
Finished translating for C/O ratio of 1.2
Starting sensitivity simulation for a C/O ratio of 1.3
0 CH4(2) + X(1) <=> CH4X(48) -0.000 -0.000 -0.000 -0.000 0.000
1 O2(3) + 2 X(1) <=> 2 OX(20) -0.000 -0.000 -0.000 0.000 0.000
2 H2(6) + 2 X(1) <=> 2 HX(19) -0.000 -0.001 -0.001 0.002 -0.001
3 H(12) + X(1) <=> HX(19) -0.000 0.000 0.000 -0.000 0.000
4 CH4(2) + 2 X(1) <=> CH3X(21) + HX(19) -0.007 -0.043 -0.050 0.070 -0.041
5 C2H6(8) + 2 X(1) <=> 2 CH3X(21) -0.191 -0.627 -0.820 1.330 -0.577
6 CH3(10) + X(1) <=> CH3X(21) 0.007 0.021 0.029 -0.047 0.021
7 CH2X(27) + HX(19) <=> CH3X(21) + X(1) -0.000 -0.000 -0.000 0.000 0.000
8 CHX(28) + HX(19) <=> CH2X(27) + X(1) -0.000 -0.000 -0.000 0.000 0.000
9 2 CH2X(27) <=> CH3X(21) + CHX(28) -0.000 -0.000 -0.000 0.000 0.000
10 CHX(28) + X(1) <=> CX(26) + HX(19) -0.000 -0.000 -0.000 0.000 0.000
11 CX(26) + H2(6) <=> CH2X(27) -0.000 -0.000 -0.000 0.000 0.000
12 CH3X(21) + CX(26) <=> CH2X(27) + CHX(28) -0.000 -0.000 -0.000 0.000 -0.000
13 CH2X(27) + CX(26) <=> 2 CHX(28) -0.000 -0.000 -0.000 0.000 -0.000
14 H2(6) + X(1) <=> H2X(49) -0.000 -0.000 -0.000 -0.000 0.000
15 C2H6(8) + X(1) <=> C2H6X(52) -0.000 -0.000 -0.000 0.000 0.000
16 CH4(2) + OX(20) + X(1) <=> CH3X(21) + HOX(22) 0.000 0.000 0.000 -0.000 0.000
17 CH4(2) + HOX(22) + X(1) <=> CH3X(21) + H2OX(23) 0.121 0.084 0.205 -0.410 0.078
18 H2O(5) + X(1) <=> H2OX(23) -0.000 -0.000 -0.000 0.000 0.000
19 CO2(4) + X(1) <=> CO2X(24) -0.000 -0.000 -0.000 0.000 -0.000
20 CO(7) + X(1) <=> OCX(25) -0.000 -0.000 -0.000 0.000 0.000
21 CX(26) + OX(20) <=> OCX(25) + X(1) -0.000 -0.000 -0.000 -1.000 -0.000
22 OCX(25) + OX(20) <=> CO2X(24) + X(1) -0.000 -0.000 -0.000 -0.000 0.000
23 CO2X(24) + HX(19) <=> HOX(22) + OCX(25) -0.000 0.000 0.000 0.990 0.000
24 HX(19) + OX(20) <=> HOX(22) + X(1) 0.517 0.378 0.893 -0.198 0.353
25 H2OX(23) + OX(20) <=> 2 HOX(22) -0.060 -0.042 -0.102 -0.295 -0.039
26 HOX(22) + HX(19) <=> H2OX(23) + X(1) 0.000 0.000 0.000 -0.000 0.000
Finished sensitivity simulation for a C/O ratio of 1.3
Finished translating for C/O ratio of 1.3
Starting sensitivity simulation for a C/O ratio of 0.6
0 CH4(2) + X(1) <=> CH4X(48) -0.000 0.000 0.000 -0.000 0.000
1 O2(3) + 2 X(1) <=> 2 OX(20) -0.000 0.000 0.000 0.000 0.000
2 H2(6) + 2 X(1) <=> 2 HX(19) -0.000 -0.001 -0.001 0.002 -0.001
3 H(12) + X(1) <=> HX(19) 0.000 0.000 0.000 0.000 -0.000
4 CH4(2) + 2 X(1) <=> CH3X(21) + HX(19) -0.009 -0.046 -0.056 0.072 -0.044
5 C2H6(8) + 2 X(1) <=> 2 CH3X(21) -0.253 -0.652 -0.906 1.358 -0.594
6 CH3(10) + X(1) <=> CH3X(21) 0.017 0.034 0.052 -0.070 0.031
7 CH2X(27) + HX(19) <=> CH3X(21) + X(1) 0.000 0.000 0.000 0.000 -0.000
8 CHX(28) + HX(19) <=> CH2X(27) + X(1) -0.000 0.000 0.000 -0.000 -0.000
9 2 CH2X(27) <=> CH3X(21) + CHX(28) -0.000 0.000 0.000 -0.000 0.000
10 CHX(28) + X(1) <=> CX(26) + HX(19) 0.000 0.000 0.000 -0.000 0.000
11 CX(26) + H2(6) <=> CH2X(27) 0.000 0.000 0.000 -0.000 0.000
12 CH3X(21) + CX(26) <=> CH2X(27) + CHX(28) 0.000 0.000 0.000 0.000 0.000
13 CH2X(27) + CX(26) <=> 2 CHX(28) 0.000 0.000 0.000 -0.000 -0.000
14 H2(6) + X(1) <=> H2X(49) -0.000 0.000 0.000 -0.000 -0.000
15 C2H6(8) + X(1) <=> C2H6X(52) 0.000 0.000 0.000 -0.000 0.000
16 CH4(2) + OX(20) + X(1) <=> CH3X(21) + HOX(22) 0.000 0.000 0.000 -0.000 0.000
17 CH4(2) + HOX(22) + X(1) <=> CH3X(21) + H2OX(23) 0.134 0.087 0.221 -0.344 0.085
18 H2O(5) + X(1) <=> H2OX(23) -0.000 0.000 0.000 0.000 -0.000
19 CO2(4) + X(1) <=> CO2X(24) -0.000 0.000 0.000 0.000 -0.000
20 CO(7) + X(1) <=> OCX(25) 0.000 0.000 0.000 0.000 -0.000
21 CX(26) + OX(20) <=> OCX(25) + X(1) -0.000 0.000 0.000 -1.000 -0.000
22 OCX(25) + OX(20) <=> CO2X(24) + X(1) 0.000 0.000 0.000 0.000 -0.000
23 CO2X(24) + HX(19) <=> HOX(22) + OCX(25) -0.000 0.000 0.000 0.990 0.000
24 HX(19) + OX(20) <=> HOX(22) + X(1) 0.697 0.484 1.178 -0.497 0.471
25 H2OX(23) + OX(20) <=> 2 HOX(22) -0.066 -0.043 -0.110 -0.327 -0.042
26 HOX(22) + HX(19) <=> H2OX(23) + X(1) 0.000 0.000 0.000 -0.000 0.000
Finished sensitivity simulation for a C/O ratio of 0.6
Finished translating for C/O ratio of 0.6
Starting sensitivity simulation for a C/O ratio of 2.0
0 CH4(2) + X(1) <=> CH4X(48) -0.000 -0.000 -0.000 -0.000 -0.000
1 O2(3) + 2 X(1) <=> 2 OX(20) 0.000 -0.000 -0.000 -0.000 -0.000
2 H2(6) + 2 X(1) <=> 2 HX(19) -0.000 -0.001 -0.002 0.002 -0.001
3 H(12) + X(1) <=> HX(19) -0.000 -0.000 -0.000 0.000 -0.000
4 CH4(2) + 2 X(1) <=> CH3X(21) + HX(19) -0.006 -0.042 -0.048 0.070 -0.040
5 C2H6(8) + 2 X(1) <=> 2 CH3X(21) -0.159 -0.611 -0.772 1.311 -0.565
6 CH3(10) + X(1) <=> CH3X(21) 0.004 0.015 0.019 -0.034 0.015
7 CH2X(27) + HX(19) <=> CH3X(21) + X(1) 0.000 -0.000 -0.000 -0.000 -0.000
8 CHX(28) + HX(19) <=> CH2X(27) + X(1) -0.000 -0.000 -0.000 -0.000 -0.000
9 2 CH2X(27) <=> CH3X(21) + CHX(28) -0.000 -0.000 -0.000 -0.000 0.000
10 CHX(28) + X(1) <=> CX(26) + HX(19) 0.000 -0.000 -0.000 0.000 -0.000
11 CX(26) + H2(6) <=> CH2X(27) 0.000 -0.000 -0.000 -0.000 0.000
12 CH3X(21) + CX(26) <=> CH2X(27) + CHX(28) -0.000 -0.000 -0.000 -0.000 0.000
13 CH2X(27) + CX(26) <=> 2 CHX(28) 0.000 -0.000 -0.000 0.000 -0.000
14 H2(6) + X(1) <=> H2X(49) 0.000 -0.000 -0.000 0.000 -0.000
15 C2H6(8) + X(1) <=> C2H6X(52) 0.000 -0.000 -0.000 -0.000 -0.000
16 CH4(2) + OX(20) + X(1) <=> CH3X(21) + HOX(22) 0.000 0.000 0.000 -0.000 0.000
17 CH4(2) + HOX(22) + X(1) <=> CH3X(21) + H2OX(23) 0.106 0.077 0.182 -0.443 0.069
18 H2O(5) + X(1) <=> H2OX(23) 0.000 -0.000 -0.000 0.000 -0.000
19 CO2(4) + X(1) <=> CO2X(24) -0.000 -0.000 -0.000 0.000 -0.000
20 CO(7) + X(1) <=> OCX(25) 0.000 -0.000 -0.000 0.000 -0.000
21 CX(26) + OX(20) <=> OCX(25) + X(1) -0.000 -0.000 -0.000 -1.000 -0.000
22 OCX(25) + OX(20) <=> CO2X(24) + X(1) -0.000 -0.000 -0.000 0.000 -0.000
23 CO2X(24) + HX(19) <=> HOX(22) + OCX(25) 0.000 -0.000 -0.000 0.990 -0.000
24 HX(19) + OX(20) <=> HOX(22) + X(1) 0.432 0.326 0.757 -0.045 0.295
25 H2OX(23) + OX(20) <=> 2 HOX(22) -0.053 -0.038 -0.091 -0.278 -0.034
26 HOX(22) + HX(19) <=> H2OX(23) + X(1) 0.000 0.000 0.000 -0.000 0.000
Finished sensitivity simulation for a C/O ratio of 2.0
Finished translating for C/O ratio of 2.0
Starting sensitivity simulation for a C/O ratio of 1.8
0 CH4(2) + X(1) <=> CH4X(48) 0.000 0.000 0.000 0.000 -0.000
1 O2(3) + 2 X(1) <=> 2 OX(20) 0.000 0.000 0.000 0.000 -0.000
2 H2(6) + 2 X(1) <=> 2 HX(19) -0.000 -0.001 -0.002 0.002 -0.001
3 H(12) + X(1) <=> HX(19) 0.000 0.000 0.000 0.000 -0.000
4 CH4(2) + 2 X(1) <=> CH3X(21) + HX(19) -0.006 -0.043 -0.048 0.070 -0.040
5 C2H6(8) + 2 X(1) <=> 2 CH3X(21) -0.167 -0.615 -0.783 1.315 -0.568
6 CH3(10) + X(1) <=> CH3X(21) 0.004 0.016 0.021 -0.037 0.016
7 CH2X(27) + HX(19) <=> CH3X(21) + X(1) 0.000 0.000 0.000 -0.000 0.000
8 CHX(28) + HX(19) <=> CH2X(27) + X(1) 0.000 0.000 0.000 0.000 -0.000
9 2 CH2X(27) <=> CH3X(21) + CHX(28) 0.000 0.000 0.000 0.000 -0.000
10 CHX(28) + X(1) <=> CX(26) + HX(19) 0.000 0.000 0.000 0.000 -0.000
11 CX(26) + H2(6) <=> CH2X(27) 0.000 0.000 0.000 0.000 -0.000
12 CH3X(21) + CX(26) <=> CH2X(27) + CHX(28) 0.000 0.000 0.000 0.000 -0.000
13 CH2X(27) + CX(26) <=> 2 CHX(28) 0.000 0.000 0.000 0.000 -0.000
14 H2(6) + X(1) <=> H2X(49) -0.000 0.000 0.000 -0.000 0.000
15 C2H6(8) + X(1) <=> C2H6X(52) 0.000 0.000 0.000 0.000 -0.000
16 CH4(2) + OX(20) + X(1) <=> CH3X(21) + HOX(22) 0.000 0.000 0.000 -0.000 0.000
17 CH4(2) + HOX(22) + X(1) <=> CH3X(21) + H2OX(23) 0.110 0.079 0.188 -0.435 0.071
18 H2O(5) + X(1) <=> H2OX(23) 0.000 0.000 0.000 0.000 -0.000
19 CO2(4) + X(1) <=> CO2X(24) 0.000 0.000 0.000 0.000 -0.000
20 CO(7) + X(1) <=> OCX(25) 0.000 0.000 0.000 0.000 -0.000
21 CX(26) + OX(20) <=> OCX(25) + X(1) -0.000 0.000 0.000 -1.000 -0.000
22 OCX(25) + OX(20) <=> CO2X(24) + X(1) 0.000 0.000 0.000 -0.000 -0.000
23 CO2X(24) + HX(19) <=> HOX(22) + OCX(25) -0.000 0.000 0.000 0.990 -0.000
24 HX(19) + OX(20) <=> HOX(22) + X(1) 0.452 0.338 0.789 -0.081 0.308
25 H2OX(23) + OX(20) <=> 2 HOX(22) -0.055 -0.039 -0.094 -0.282 -0.036
26 HOX(22) + HX(19) <=> H2OX(23) + X(1) 0.000 0.000 0.000 -0.000 0.000
Finished sensitivity simulation for a C/O ratio of 1.8
Finished translating for C/O ratio of 1.8
Starting sensitivity simulation for a C/O ratio of 1.1
0 CH4(2) + X(1) <=> CH4X(48) -0.000 0.000 0.000 0.000 -0.000
1 O2(3) + 2 X(1) <=> 2 OX(20) -0.000 -0.000 -0.000 0.000 -0.000
2 H2(6) + 2 X(1) <=> 2 HX(19) -0.000 -0.001 -0.001 0.002 -0.001
3 H(12) + X(1) <=> HX(19) -0.000 -0.000 -0.000 -0.000 0.000
4 CH4(2) + 2 X(1) <=> CH3X(21) + HX(19) -0.007 -0.044 -0.051 0.070 -0.041
5 C2H6(8) + 2 X(1) <=> 2 CH3X(21) -0.204 -0.633 -0.839 1.337 -0.581
6 CH3(10) + X(1) <=> CH3X(21) 0.009 0.024 0.033 -0.052 0.023
7 CH2X(27) + HX(19) <=> CH3X(21) + X(1) -0.000 -0.000 -0.000 0.000 -0.000
8 CHX(28) + HX(19) <=> CH2X(27) + X(1) -0.000 -0.000 -0.000 -0.000 0.000
9 2 CH2X(27) <=> CH3X(21) + CHX(28) -0.000 -0.000 -0.000 -0.000 0.000
10 CHX(28) + X(1) <=> CX(26) + HX(19) -0.000 -0.000 -0.000 0.000 -0.000
11 CX(26) + H2(6) <=> CH2X(27) 0.000 -0.000 -0.000 0.000 -0.000
12 CH3X(21) + CX(26) <=> CH2X(27) + CHX(28) -0.000 -0.000 -0.000 -0.000 0.000
13 CH2X(27) + CX(26) <=> 2 CHX(28) -0.000 -0.000 -0.000 -0.000 0.000
14 H2(6) + X(1) <=> H2X(49) -0.000 -0.000 -0.000 0.000 0.000
15 C2H6(8) + X(1) <=> C2H6X(52) 0.000 0.000 0.000 0.000 -0.000
16 CH4(2) + OX(20) + X(1) <=> CH3X(21) + HOX(22) 0.000 0.000 0.000 -0.000 0.000
17 CH4(2) + HOX(22) + X(1) <=> CH3X(21) + H2OX(23) 0.125 0.086 0.211 -0.397 0.081
18 H2O(5) + X(1) <=> H2OX(23) -0.000 -0.000 -0.000 -0.000 0.000
19 CO2(4) + X(1) <=> CO2X(24) -0.000 -0.000 -0.000 -0.000 0.000
20 CO(7) + X(1) <=> OCX(25) -0.000 -0.000 -0.000 0.000 -0.000
21 CX(26) + OX(20) <=> OCX(25) + X(1) -0.000 -0.000 -0.000 -1.000 -0.000
22 OCX(25) + OX(20) <=> CO2X(24) + X(1) -0.000 -0.000 -0.000 0.000 0.000
23 CO2X(24) + HX(19) <=> HOX(22) + OCX(25) -0.000 0.000 -0.000 0.990 0.000
24 HX(19) + OX(20) <=> HOX(22) + X(1) 0.554 0.400 0.951 -0.261 0.377
25 H2OX(23) + OX(20) <=> 2 HOX(22) -0.062 -0.043 -0.105 -0.301 -0.040
26 HOX(22) + HX(19) <=> H2OX(23) + X(1) 0.000 0.000 0.000 -0.000 0.000
Finished sensitivity simulation for a C/O ratio of 1.1
Finished translating for C/O ratio of 1.1
Starting sensitivity simulation for a C/O ratio of 2.4
0 CH4(2) + X(1) <=> CH4X(48) -0.000 0.000 0.000 -0.000 0.000
1 O2(3) + 2 X(1) <=> 2 OX(20) -0.000 -0.000 -0.000 -0.000 0.000
2 H2(6) + 2 X(1) <=> 2 HX(19) -0.000 -0.001 -0.002 0.002 -0.001
3 H(12) + X(1) <=> HX(19) -0.000 0.000 0.000 -0.000 0.000
4 CH4(2) + 2 X(1) <=> CH3X(21) + HX(19) -0.005 -0.042 -0.048 0.071 -0.040
5 C2H6(8) + 2 X(1) <=> 2 CH3X(21) -0.147 -0.604 -0.752 1.302 -0.560
6 CH3(10) + X(1) <=> CH3X(21) 0.003 0.013 0.015 -0.029 0.013
7 CH2X(27) + HX(19) <=> CH3X(21) + X(1) -0.000 0.000 0.000 0.000 -0.000
8 CHX(28) + HX(19) <=> CH2X(27) + X(1) 0.000 0.000 0.000 -0.000 0.000
9 2 CH2X(27) <=> CH3X(21) + CHX(28) -0.000 0.000 0.000 -0.000 0.000
10 CHX(28) + X(1) <=> CX(26) + HX(19) 0.000 0.000 0.000 -0.000 -0.000
11 CX(26) + H2(6) <=> CH2X(27) -0.000 0.000 0.000 -0.000 0.000
12 CH3X(21) + CX(26) <=> CH2X(27) + CHX(28) 0.000 0.000 0.000 -0.000 0.000
13 CH2X(27) + CX(26) <=> 2 CHX(28) 0.000 0.000 0.000 -0.000 0.000
14 H2(6) + X(1) <=> H2X(49) -0.000 0.000 0.000 -0.000 -0.000
15 C2H6(8) + X(1) <=> C2H6X(52) 0.000 0.000 0.000 -0.000 0.000
16 CH4(2) + OX(20) + X(1) <=> CH3X(21) + HOX(22) 0.000 0.000 0.000 -0.000 0.000
17 CH4(2) + HOX(22) + X(1) <=> CH3X(21) + H2OX(23) 0.099 0.073 0.171 -0.456 0.064
18 H2O(5) + X(1) <=> H2OX(23) -0.000 0.000 0.000 -0.000 0.000
19 CO2(4) + X(1) <=> CO2X(24) -0.000 0.000 0.000 -0.000 0.000
20 CO(7) + X(1) <=> OCX(25) 0.000 0.000 0.000 0.000 -0.000
21 CX(26) + OX(20) <=> OCX(25) + X(1) -0.000 0.000 0.000 -1.000 -0.000
22 OCX(25) + OX(20) <=> CO2X(24) + X(1) -0.000 0.000 0.000 -0.000 0.000
23 CO2X(24) + HX(19) <=> HOX(22) + OCX(25) -0.000 0.000 0.000 0.990 0.000
24 HX(19) + OX(20) <=> HOX(22) + X(1) 0.399 0.306 0.704 0.016 0.273
25 H2OX(23) + OX(20) <=> 2 HOX(22) -0.049 -0.036 -0.085 -0.272 -0.032
26 HOX(22) + HX(19) <=> H2OX(23) + X(1) 0.000 0.000 0.000 -0.000 0.000
Finished sensitivity simulation for a C/O ratio of 2.4
Finished translating for C/O ratio of 2.4
Starting sensitivity simulation for a C/O ratio of 0.9
0 CH4(2) + X(1) <=> CH4X(48) -0.000 -0.000 -0.000 -0.000 0.000
1 O2(3) + 2 X(1) <=> 2 OX(20) -0.000 -0.000 -0.000 0.000 -0.000
2 H2(6) + 2 X(1) <=> 2 HX(19) -0.000 -0.001 -0.001 0.002 -0.001
3 H(12) + X(1) <=> HX(19) -0.000 -0.000 -0.000 0.000 -0.000
4 CH4(2) + 2 X(1) <=> CH3X(21) + HX(19) -0.008 -0.044 -0.052 0.070 -0.042
5 C2H6(8) + 2 X(1) <=> 2 CH3X(21) -0.220 -0.640 -0.861 1.345 -0.586
6 CH3(10) + X(1) <=> CH3X(21) 0.012 0.027 0.039 -0.058 0.026
7 CH2X(27) + HX(19) <=> CH3X(21) + X(1) -0.000 -0.000 -0.000 -0.000 0.000
8 CHX(28) + HX(19) <=> CH2X(27) + X(1) -0.000 -0.000 -0.000 0.000 -0.000
9 2 CH2X(27) <=> CH3X(21) + CHX(28) -0.000 -0.000 -0.000 0.000 -0.000
10 CHX(28) + X(1) <=> CX(26) + HX(19) -0.000 -0.000 -0.000 -0.000 0.000
11 CX(26) + H2(6) <=> CH2X(27) -0.000 -0.000 -0.000 0.000 0.000
12 CH3X(21) + CX(26) <=> CH2X(27) + CHX(28) -0.000 -0.000 -0.000 -0.000 0.000
13 CH2X(27) + CX(26) <=> 2 CHX(28) -0.000 -0.000 -0.000 0.000 -0.000
14 H2(6) + X(1) <=> H2X(49) -0.000 -0.000 -0.000 0.000 -0.000
15 C2H6(8) + X(1) <=> C2H6X(52) -0.000 -0.000 -0.000 -0.000 0.000
16 CH4(2) + OX(20) + X(1) <=> CH3X(21) + HOX(22) 0.000 0.000 0.000 -0.000 0.000
17 CH4(2) + HOX(22) + X(1) <=> CH3X(21) + H2OX(23) 0.130 0.087 0.217 -0.380 0.083
18 H2O(5) + X(1) <=> H2OX(23) -0.000 -0.000 -0.000 0.000 -0.000
19 CO2(4) + X(1) <=> CO2X(24) -0.000 -0.000 -0.000 0.000 -0.000
20 CO(7) + X(1) <=> OCX(25) -0.000 -0.000 -0.000 0.000 -0.000
21 CX(26) + OX(20) <=> OCX(25) + X(1) -0.000 -0.000 -0.000 -1.000 -0.000
22 OCX(25) + OX(20) <=> CO2X(24) + X(1) -0.000 -0.000 -0.000 0.000 -0.000
23 CO2X(24) + HX(19) <=> HOX(22) + OCX(25) -0.000 -0.000 -0.000 0.990 -0.000
24 HX(19) + OX(20) <=> HOX(22) + X(1) 0.599 0.427 1.023 -0.338 0.407
25 H2OX(23) + OX(20) <=> 2 HOX(22) -0.064 -0.043 -0.108 -0.310 -0.041
26 HOX(22) + HX(19) <=> H2OX(23) + X(1) 0.000 0.000 0.000 -0.000 0.000
Finished sensitivity simulation for a C/O ratio of 0.9
Finished translating for C/O ratio of 0.9
Starting sensitivity simulation for a C/O ratio of 1.4
0 CH4(2) + X(1) <=> CH4X(48) 0.000 -0.000 -0.000 0.000 -0.000
1 O2(3) + 2 X(1) <=> 2 OX(20) 0.000 -0.000 -0.000 0.000 -0.000
2 H2(6) + 2 X(1) <=> 2 HX(19) -0.000 -0.001 -0.001 0.002 -0.001
3 H(12) + X(1) <=> HX(19) 0.000 -0.000 -0.000 0.000 -0.000
4 CH4(2) + 2 X(1) <=> CH3X(21) + HX(19) -0.007 -0.043 -0.049 0.070 -0.041
5 C2H6(8) + 2 X(1) <=> 2 CH3X(21) -0.186 -0.625 -0.812 1.326 -0.575
6 CH3(10) + X(1) <=> CH3X(21) 0.007 0.020 0.027 -0.045 0.020
7 CH2X(27) + HX(19) <=> CH3X(21) + X(1) 0.000 0.000 0.000 0.000 -0.000
8 CHX(28) + HX(19) <=> CH2X(27) + X(1) 0.000 0.000 0.000 0.000 -0.000
9 2 CH2X(27) <=> CH3X(21) + CHX(28) 0.000 -0.000 -0.000 0.000 -0.000
10 CHX(28) + X(1) <=> CX(26) + HX(19) 0.000 0.000 0.000 0.000 -0.000
11 CX(26) + H2(6) <=> CH2X(27) 0.000 -0.000 -0.000 0.000 -0.000
12 CH3X(21) + CX(26) <=> CH2X(27) + CHX(28) 0.000 -0.000 -0.000 0.000 -0.000
13 CH2X(27) + CX(26) <=> 2 CHX(28) 0.000 0.000 0.000 0.000 -0.000
14 H2(6) + X(1) <=> H2X(49) 0.000 -0.000 -0.000 0.000 -0.000
15 C2H6(8) + X(1) <=> C2H6X(52) -0.000 0.000 0.000 -0.000 0.000
16 CH4(2) + OX(20) + X(1) <=> CH3X(21) + HOX(22) 0.000 0.000 0.000 -0.000 0.000
17 CH4(2) + HOX(22) + X(1) <=> CH3X(21) + H2OX(23) 0.119 0.083 0.201 -0.416 0.077
18 H2O(5) + X(1) <=> H2OX(23) 0.000 -0.000 0.000 0.000 -0.000
19 CO2(4) + X(1) <=> CO2X(24) 0.000 -0.000 -0.000 0.000 -0.000
20 CO(7) + X(1) <=> OCX(25) 0.000 -0.000 -0.000 0.000 -0.000
21 CX(26) + OX(20) <=> OCX(25) + X(1) -0.000 -0.000 -0.000 -1.000 -0.000
22 OCX(25) + OX(20) <=> CO2X(24) + X(1) 0.000 -0.000 -0.000 0.000 -0.000
23 CO2X(24) + HX(19) <=> HOX(22) + OCX(25) 0.000 0.000 0.000 0.990 -0.000
24 HX(19) + OX(20) <=> HOX(22) + X(1) 0.502 0.369 0.869 -0.171 0.342
25 H2OX(23) + OX(20) <=> 2 HOX(22) -0.059 -0.041 -0.100 -0.292 -0.038
26 HOX(22) + HX(19) <=> H2OX(23) + X(1) 0.000 0.000 0.000 -0.000 0.000
Finished sensitivity simulation for a C/O ratio of 1.4
Finished translating for C/O ratio of 1.4
Starting sensitivity simulation for a C/O ratio of 0.8
0 CH4(2) + X(1) <=> CH4X(48) -0.000 0.000 0.000 0.000 0.000
1 O2(3) + 2 X(1) <=> 2 OX(20) -0.000 0.000 0.000 -0.000 0.000
2 H2(6) + 2 X(1) <=> 2 HX(19) -0.000 -0.001 -0.001 0.002 -0.001
3 H(12) + X(1) <=> HX(19) -0.000 -0.000 -0.000 -0.000 0.000
4 CH4(2) + 2 X(1) <=> CH3X(21) + HX(19) -0.008 -0.045 -0.053 0.071 -0.042
5 C2H6(8) + 2 X(1) <=> 2 CH3X(21) -0.229 -0.644 -0.875 1.349 -0.589
6 CH3(10) + X(1) <=> CH3X(21) 0.013 0.029 0.042 -0.062 0.027
7 CH2X(27) + HX(19) <=> CH3X(21) + X(1) -0.000 -0.000 -0.000 -0.000 0.000
8 CHX(28) + HX(19) <=> CH2X(27) + X(1) 0.000 0.000 0.000 -0.000 0.000
9 2 CH2X(27) <=> CH3X(21) + CHX(28) 0.000 -0.000 -0.000 -0.000 0.000
10 CHX(28) + X(1) <=> CX(26) + HX(19) -0.000 0.000 0.000 0.000 0.000
11 CX(26) + H2(6) <=> CH2X(27) 0.000 0.000 0.000 -0.000 0.000
12 CH3X(21) + CX(26) <=> CH2X(27) + CHX(28) 0.000 -0.000 -0.000 -0.000 0.000
13 CH2X(27) + CX(26) <=> 2 CHX(28) 0.000 -0.000 -0.000 -0.000 0.000
14 H2(6) + X(1) <=> H2X(49) 0.000 0.000 0.000 0.000 0.000
15 C2H6(8) + X(1) <=> C2H6X(52) -0.000 0.000 0.000 -0.000 0.000
16 CH4(2) + OX(20) + X(1) <=> CH3X(21) + HOX(22) 0.000 0.000 0.000 -0.000 0.000
17 CH4(2) + HOX(22) + X(1) <=> CH3X(21) + H2OX(23) 0.131 0.088 0.219 -0.370 0.084
18 H2O(5) + X(1) <=> H2OX(23) -0.000 0.000 0.000 -0.000 0.000
19 CO2(4) + X(1) <=> CO2X(24) -0.000 -0.000 -0.000 -0.000 0.000
20 CO(7) + X(1) <=> OCX(25) 0.000 0.000 0.000 0.000 0.000
21 CX(26) + OX(20) <=> OCX(25) + X(1) -0.000 -0.000 -0.000 -1.000 -0.000
22 OCX(25) + OX(20) <=> CO2X(24) + X(1) 0.000 0.000 0.000 -0.000 0.000
23 CO2X(24) + HX(19) <=> HOX(22) + OCX(25) 0.000 0.000 0.000 0.990 0.000
24 HX(19) + OX(20) <=> HOX(22) + X(1) 0.627 0.443 1.067 -0.384 0.425
25 H2OX(23) + OX(20) <=> 2 HOX(22) -0.065 -0.044 -0.109 -0.315 -0.042
26 HOX(22) + HX(19) <=> H2OX(23) + X(1) 0.000 0.000 0.000 -0.000 0.000
Finished sensitivity simulation for a C/O ratio of 0.8
Finished translating for C/O ratio of 0.8
Starting sensitivity simulation for a C/O ratio of 2.2
0 CH4(2) + X(1) <=> CH4X(48) -0.000 -0.000 -0.000 -0.000 0.000
1 O2(3) + 2 X(1) <=> 2 OX(20) -0.000 -0.000 -0.000 -0.000 0.000
2 H2(6) + 2 X(1) <=> 2 HX(19) -0.000 -0.001 -0.002 0.002 -0.001
3 H(12) + X(1) <=> HX(19) -0.000 -0.000 -0.000 -0.000 0.000
4 CH4(2) + 2 X(1) <=> CH3X(21) + HX(19) -0.005 -0.042 -0.048 0.071 -0.040
5 C2H6(8) + 2 X(1) <=> 2 CH3X(21) -0.153 -0.608 -0.761 1.306 -0.563
6 CH3(10) + X(1) <=> CH3X(21) 0.003 0.014 0.017 -0.032 0.014
7 CH2X(27) + HX(19) <=> CH3X(21) + X(1) -0.000 -0.000 -0.000 0.000 0.000
8 CHX(28) + HX(19) <=> CH2X(27) + X(1) -0.000 0.000 -0.000 -0.000 0.000
9 2 CH2X(27) <=> CH3X(21) + CHX(28) -0.000 -0.000 -0.000 -0.000 0.000
10 CHX(28) + X(1) <=> CX(26) + HX(19) -0.000 -0.000 -0.000 -0.000 0.000
11 CX(26) + H2(6) <=> CH2X(27) -0.000 -0.000 -0.000 -0.000 0.000
12 CH3X(21) + CX(26) <=> CH2X(27) + CHX(28) -0.000 -0.000 -0.000 -0.000 0.000
13 CH2X(27) + CX(26) <=> 2 CHX(28) -0.000 -0.000 -0.000 -0.000 0.000
14 H2(6) + X(1) <=> H2X(49) -0.000 -0.000 -0.000 0.000 -0.000
15 C2H6(8) + X(1) <=> C2H6X(52) -0.000 -0.000 -0.000 -0.000 0.000
16 CH4(2) + OX(20) + X(1) <=> CH3X(21) + HOX(22) 0.000 0.000 0.000 -0.000 0.000
17 CH4(2) + HOX(22) + X(1) <=> CH3X(21) + H2OX(23) 0.102 0.074 0.177 -0.450 0.067
18 H2O(5) + X(1) <=> H2OX(23) -0.000 -0.000 -0.000 -0.000 0.000
19 CO2(4) + X(1) <=> CO2X(24) -0.000 0.000 0.000 -0.000 0.000
20 CO(7) + X(1) <=> OCX(25) 0.000 0.000 0.000 0.000 0.000
21 CX(26) + OX(20) <=> OCX(25) + X(1) -0.000 -0.000 -0.000 -1.000 -0.000
22 OCX(25) + OX(20) <=> CO2X(24) + X(1) -0.000 -0.000 -0.000 -0.000 0.000
23 CO2X(24) + HX(19) <=> HOX(22) + OCX(25) -0.000 -0.000 -0.000 0.990 0.000
24 HX(19) + OX(20) <=> HOX(22) + X(1) 0.415 0.316 0.729 -0.013 0.283
25 H2OX(23) + OX(20) <=> 2 HOX(22) -0.051 -0.037 -0.088 -0.275 -0.033
26 HOX(22) + HX(19) <=> H2OX(23) + X(1) 0.000 0.000 0.000 -0.000 0.000
Finished sensitivity simulation for a C/O ratio of 2.2
Finished translating for C/O ratio of 2.2
Starting sensitivity simulation for a C/O ratio of 1.6
0 CH4(2) + X(1) <=> CH4X(48) 0.000 -0.000 -0.000 -0.000 0.000
1 O2(3) + 2 X(1) <=> 2 OX(20) 0.000 0.000 0.000 -0.000 0.000
2 H2(6) + 2 X(1) <=> 2 HX(19) -0.000 -0.001 -0.002 0.002 -0.001
3 H(12) + X(1) <=> HX(19) -0.000 -0.000 -0.000 -0.000 0.000
4 CH4(2) + 2 X(1) <=> CH3X(21) + HX(19) -0.006 -0.043 -0.049 0.070 -0.041
5 C2H6(8) + 2 X(1) <=> 2 CH3X(21) -0.176 -0.620 -0.797 1.321 -0.571
6 CH3(10) + X(1) <=> CH3X(21) 0.005 0.018 0.023 -0.041 0.018
7 CH2X(27) + HX(19) <=> CH3X(21) + X(1) 0.000 0.000 0.000 -0.000 0.000
8 CHX(28) + HX(19) <=> CH2X(27) + X(1) -0.000 -0.000 -0.000 -0.000 0.000
9 2 CH2X(27) <=> CH3X(21) + CHX(28) -0.000 -0.000 -0.000 -0.000 0.000
10 CHX(28) + X(1) <=> CX(26) + HX(19) -0.000 0.000 -0.000 -0.000 0.000
11 CX(26) + H2(6) <=> CH2X(27) -0.000 -0.000 -0.000 -0.000 0.000
12 CH3X(21) + CX(26) <=> CH2X(27) + CHX(28) -0.000 -0.000 -0.000 -0.000 0.000
13 CH2X(27) + CX(26) <=> 2 CHX(28) -0.000 -0.000 -0.000 -0.000 0.000
14 H2(6) + X(1) <=> H2X(49) -0.000 -0.000 -0.000 0.000 -0.000
15 C2H6(8) + X(1) <=> C2H6X(52) -0.000 -0.000 -0.000 -0.000 0.000
16 CH4(2) + OX(20) + X(1) <=> CH3X(21) + HOX(22) 0.000 0.000 0.000 -0.000 0.000
17 CH4(2) + HOX(22) + X(1) <=> CH3X(21) + H2OX(23) 0.114 0.081 0.195 -0.426 0.074
18 H2O(5) + X(1) <=> H2OX(23) -0.000 -0.000 -0.000 -0.000 0.000
19 CO2(4) + X(1) <=> CO2X(24) -0.000 -0.000 -0.000 -0.000 0.000
20 CO(7) + X(1) <=> OCX(25) -0.000 0.000 0.000 0.000 0.000
21 CX(26) + OX(20) <=> OCX(25) + X(1) -0.000 -0.000 -0.000 -1.000 -0.000
22 OCX(25) + OX(20) <=> CO2X(24) + X(1) -0.000 -0.000 -0.000 -0.000 0.000
23 CO2X(24) + HX(19) <=> HOX(22) + OCX(25) -0.000 0.000 0.000 0.990 0.000
24 HX(19) + OX(20) <=> HOX(22) + X(1) 0.475 0.352 0.825 -0.123 0.324
25 H2OX(23) + OX(20) <=> 2 HOX(22) -0.057 -0.040 -0.097 -0.287 -0.037
26 HOX(22) + HX(19) <=> H2OX(23) + X(1) 0.000 0.000 0.000 -0.000 0.000
Finished sensitivity simulation for a C/O ratio of 1.6
Finished translating for C/O ratio of 1.6
Starting sensitivity simulation for a C/O ratio of 2.6
0 CH4(2) + X(1) <=> CH4X(48) 0.000 -0.000 -0.000 -0.000 0.000
1 O2(3) + 2 X(1) <=> 2 OX(20) -0.000 0.000 0.000 -0.000 0.000
2 H2(6) + 2 X(1) <=> 2 HX(19) -0.000 -0.001 -0.002 0.002 -0.001
3 H(12) + X(1) <=> HX(19) -0.000 0.000 0.000 -0.000 0.000
4 CH4(2) + 2 X(1) <=> CH3X(21) + HX(19) -0.005 -0.042 -0.047 0.071 -0.040
5 C2H6(8) + 2 X(1) <=> 2 CH3X(21) -0.141 -0.601 -0.743 1.299 -0.558
6 CH3(10) + X(1) <=> CH3X(21) 0.002 0.012 0.014 -0.027 0.012
7 CH2X(27) + HX(19) <=> CH3X(21) + X(1) -0.000 0.000 0.000 -0.000 0.000
8 CHX(28) + HX(19) <=> CH2X(27) + X(1) -0.000 0.000 0.000 -0.000 0.000
9 2 CH2X(27) <=> CH3X(21) + CHX(28) 0.000 0.000 0.000 -0.000 0.000
10 CHX(28) + X(1) <=> CX(26) + HX(19) 0.000 -0.000 -0.000 -0.000 0.000
11 CX(26) + H2(6) <=> CH2X(27) -0.000 -0.000 -0.000 -0.000 0.000
12 CH3X(21) + CX(26) <=> CH2X(27) + CHX(28) -0.000 0.000 0.000 -0.000 0.000
13 CH2X(27) + CX(26) <=> 2 CHX(28) 0.000 -0.000 -0.000 -0.000 0.000
14 H2(6) + X(1) <=> H2X(49) 0.000 -0.000 -0.000 -0.000 0.000
15 C2H6(8) + X(1) <=> C2H6X(52) -0.000 -0.000 -0.000 -0.000 0.000
16 CH4(2) + OX(20) + X(1) <=> CH3X(21) + HOX(22) 0.000 0.000 0.000 0.000 0.000
17 CH4(2) + HOX(22) + X(1) <=> CH3X(21) + H2OX(23) 0.095 0.071 0.166 -0.462 0.062
18 H2O(5) + X(1) <=> H2OX(23) -0.000 -0.000 -0.000 -0.000 0.000
19 CO2(4) + X(1) <=> CO2X(24) 0.000 0.000 0.000 -0.000 0.000
20 CO(7) + X(1) <=> OCX(25) -0.000 0.000 0.000 0.000 0.000
21 CX(26) + OX(20) <=> OCX(25) + X(1) -0.000 -0.000 -0.000 -1.000 -0.000
22 OCX(25) + OX(20) <=> CO2X(24) + X(1) -0.000 0.000 0.000 -0.000 0.000
23 CO2X(24) + HX(19) <=> HOX(22) + OCX(25) -0.000 -0.000 -0.000 0.990 0.000
24 HX(19) + OX(20) <=> HOX(22) + X(1) 0.386 0.298 0.682 0.042 0.264
25 H2OX(23) + OX(20) <=> 2 HOX(22) -0.048 -0.035 -0.083 -0.269 -0.031
26 HOX(22) + HX(19) <=> H2OX(23) + X(1) 0.000 0.000 0.000 -0.000 0.000
Finished sensitivity simulation for a C/O ratio of 2.6
Finished translating for C/O ratio of 2.6
Starting sensitivity simulation for a C/O ratio of 1.0
0 CH4(2) + X(1) <=> CH4X(48) 0.000 0.000 0.000 -0.000 0.000
1 O2(3) + 2 X(1) <=> 2 OX(20) 0.000 0.000 0.000 -0.000 0.000
2 H2(6) + 2 X(1) <=> 2 HX(19) -0.000 -0.001 -0.001 0.002 -0.001
3 H(12) + X(1) <=> HX(19) 0.000 0.000 0.000 0.000 -0.000
4 CH4(2) + 2 X(1) <=> CH3X(21) + HX(19) -0.007 -0.044 -0.051 0.070 -0.042
5 C2H6(8) + 2 X(1) <=> 2 CH3X(21) -0.212 -0.636 -0.850 1.341 -0.584
6 CH3(10) + X(1) <=> CH3X(21) 0.010 0.026 0.036 -0.055 0.024
7 CH2X(27) + HX(19) <=> CH3X(21) + X(1) -0.000 0.000 0.000 -0.000 0.000
8 CHX(28) + HX(19) <=> CH2X(27) + X(1) 0.000 -0.000 0.000 0.000 -0.000
9 2 CH2X(27) <=> CH3X(21) + CHX(28) 0.000 0.000 0.000 0.000 -0.000
10 CHX(28) + X(1) <=> CX(26) + HX(19) 0.000 -0.000 -0.000 0.000 -0.000
11 CX(26) + H2(6) <=> CH2X(27) 0.000 0.000 0.000 -0.000 0.000
12 CH3X(21) + CX(26) <=> CH2X(27) + CHX(28) 0.000 -0.000 -0.000 0.000 -0.000
13 CH2X(27) + CX(26) <=> 2 CHX(28) 0.000 -0.000 -0.000 0.000 -0.000
14 H2(6) + X(1) <=> H2X(49) 0.000 0.000 0.000 0.000 -0.000
15 C2H6(8) + X(1) <=> C2H6X(52) -0.000 0.000 0.000 -0.000 -0.000
16 CH4(2) + OX(20) + X(1) <=> CH3X(21) + HOX(22) 0.000 0.000 0.000 -0.000 0.000
17 CH4(2) + HOX(22) + X(1) <=> CH3X(21) + H2OX(23) 0.128 0.087 0.214 -0.389 0.082
18 H2O(5) + X(1) <=> H2OX(23) 0.000 0.000 0.000 0.000 -0.000
19 CO2(4) + X(1) <=> CO2X(24) 0.000 -0.000 -0.000 0.000 -0.000
20 CO(7) + X(1) <=> OCX(25) 0.000 0.000 0.000 0.000 -0.000
21 CX(26) + OX(20) <=> OCX(25) + X(1) -0.000 0.000 -0.000 -1.000 -0.000
22 OCX(25) + OX(20) <=> CO2X(24) + X(1) 0.000 0.000 0.000 0.000 -0.000
23 CO2X(24) + HX(19) <=> HOX(22) + OCX(25) 0.000 -0.000 -0.000 0.990 -0.000
24 HX(19) + OX(20) <=> HOX(22) + X(1) 0.575 0.412 0.985 -0.297 0.391
25 H2OX(23) + OX(20) <=> 2 HOX(22) -0.063 -0.043 -0.107 -0.305 -0.041
26 HOX(22) + HX(19) <=> H2OX(23) + X(1) 0.000 0.000 0.000 -0.000 0.000
Finished sensitivity simulation for a C/O ratio of 1.0
Finished translating for C/O ratio of 1.0
