This mechanism contains 38 gas reactions and 36 surface reactions
Finished simulation at a C/O ratio of 2.6
Finished simulation at a C/O ratio of 1.1
Finished simulation at a C/O ratio of 0.8
Finished simulation at a C/O ratio of 1.3
Finished simulation at a C/O ratio of 1.8
Finished simulation at a C/O ratio of 2.2
Finished simulation at a C/O ratio of 0.6
Finished simulation at a C/O ratio of 1.6
Finished simulation at a C/O ratio of 2.0
Finished simulation at a C/O ratio of 1.2
Finished simulation at a C/O ratio of 0.9
Finished simulation at a C/O ratio of 2.4
Finished simulation at a C/O ratio of 0.7
Finished simulation at a C/O ratio of 1.0
Finished simulation at a C/O ratio of 1.4
Starting sensitivity simulation for a C/O ratio of 2.6
0 CH4(2) + X(1) <=> CH4X(48) 0.005 0.005
1 O2(3) + 2 X(1) <=> 2 OX(20) -0.152 0.345
2 H2(6) + 2 X(1) <=> 2 HX(19) -0.002 -0.004
3 H(12) + X(1) <=> HX(19) 0.005 0.006
4 HX(19) + OX(20) <=> HOX(22) + X(1) 0.006 0.005
5 H2O(5) + 2 X(1) <=> HOX(22) + HX(19) -0.000 -0.000
6 OH(17) + X(1) <=> HOX(22) 0.005 0.006
7 CH4(2) + 2 X(1) <=> CH3X(21) + HX(19) -0.003 -0.004
8 CH4(2) + OX(20) + X(1) <=> CH3X(21) + HOX(22) 0.001 0.000
9 C2H6(8) + 2 X(1) <=> 2 CH3X(21) 0.003 0.002
10 CH3(10) + X(1) <=> CH3X(21) 0.726 -0.267
11 CH3OH(14) + 2 X(1) <=> CH3X(21) + HOX(22) -0.002 -0.002
12 H2(6) + X(1) <=> H2X(49) -0.000 -0.001
13 CH4(2) + HOX(22) + X(1) <=> CH3X(21) + H2OX(23) 0.001 0.002
14 H2O(5) + X(1) <=> H2OX(23) 0.007 0.006
15 H2OX(23) + OX(20) <=> 2 HOX(22) 0.162 -0.336
16 HOX(22) + HX(19) <=> H2OX(23) + X(1) -0.004 -0.003
17 C2H6(8) + X(1) <=> C2H6X(52) 0.003 0.003
18 C2H4(47) + X(1) <=> C2H4X(205) -0.000 -0.001
19 CH2X(27) + HX(19) <=> CH3X(21) + X(1) -0.271 -0.271
20 CH2X(27) + HOX(22) <=> CH3X(21) + OX(20) -0.073 -0.073
21 CHX(28) + HX(19) <=> CH2X(27) + X(1) 0.009 0.004
22 CHX(28) + HOX(22) <=> CH2X(27) + OX(20) -0.001 -0.002
23 2 CH2X(27) <=> CH3X(21) + CHX(28) 0.009 0.009
24 CHX(28) + X(1) <=> CX(26) + HX(19) -0.000 0.000
25 CX(26) + H2(6) <=> CH2X(27) 0.016 0.010
26 CX(26) + HOX(22) <=> CHX(28) + OX(20) 0.017 0.017
27 CH3X(21) + CX(26) <=> CH2X(27) + CHX(28) -0.006 -0.005
28 CH2X(27) + CX(26) <=> 2 CHX(28) -0.005 -0.006
29 CO(7) + X(1) <=> OCX(25) 0.006 0.005
30 CX(26) + OX(20) <=> OCX(25) + X(1) 0.006 0.005
31 C2H4(18) + X(1) <=> C2H4X(65) -0.008 -0.008
32 CO(7) + X(1) <=> COX(50) 0.001 0.002
33 CO2(4) + X(1) <=> CO2X(24) 0.002 0.002
34 OCX(25) + OX(20) <=> CO2X(24) + X(1) -0.001 -0.001
35 CO2X(24) + HX(19) <=> HOX(22) + OCX(25) -0.000 -0.001
Finished sensitivity simulation for a C/O ratio of 2.6
Finished translating for C/O ratio of 2.6
Starting sensitivity simulation for a C/O ratio of 2.0
0 CH4(2) + X(1) <=> CH4X(48) 0.002 0.003
1 O2(3) + 2 X(1) <=> 2 OX(20) -0.181 0.317
2 H2(6) + 2 X(1) <=> 2 HX(19) 0.002 0.002
3 H(12) + X(1) <=> HX(19) -0.005 -0.005
4 HX(19) + OX(20) <=> HOX(22) + X(1) 0.017 0.017
5 H2O(5) + 2 X(1) <=> HOX(22) + HX(19) 0.421 0.422
6 OH(17) + X(1) <=> HOX(22) 0.002 0.002
7 CH4(2) + 2 X(1) <=> CH3X(21) + HX(19) 0.013 0.013
8 CH4(2) + OX(20) + X(1) <=> CH3X(21) + HOX(22) 0.008 0.007
9 C2H6(8) + 2 X(1) <=> 2 CH3X(21) 0.007 0.007
10 CH3(10) + X(1) <=> CH3X(21) 0.912 -0.079
11 CH3OH(14) + 2 X(1) <=> CH3X(21) + HOX(22) -0.003 -0.003
12 H2(6) + X(1) <=> H2X(49) 0.012 0.013
13 CH4(2) + HOX(22) + X(1) <=> CH3X(21) + H2OX(23) 0.003 0.003
14 H2O(5) + X(1) <=> H2OX(23) -0.002 -0.002
15 H2OX(23) + OX(20) <=> 2 HOX(22) 0.319 -0.177
16 HOX(22) + HX(19) <=> H2OX(23) + X(1) 0.009 0.009
17 C2H6(8) + X(1) <=> C2H6X(52) 0.007 0.007
18 C2H4(47) + X(1) <=> C2H4X(205) 0.022 0.021
19 CH2X(27) + HX(19) <=> CH3X(21) + X(1) -0.263 -0.263
20 CH2X(27) + HOX(22) <=> CH3X(21) + OX(20) -0.054 -0.054
21 CHX(28) + HX(19) <=> CH2X(27) + X(1) 0.003 0.003
22 CHX(28) + HOX(22) <=> CH2X(27) + OX(20) 0.015 0.014
23 2 CH2X(27) <=> CH3X(21) + CHX(28) 0.006 0.007
24 CHX(28) + X(1) <=> CX(26) + HX(19) 0.010 0.009
25 CX(26) + H2(6) <=> CH2X(27) 0.018 0.018
26 CX(26) + HOX(22) <=> CHX(28) + OX(20) 0.014 0.015
27 CH3X(21) + CX(26) <=> CH2X(27) + CHX(28) 0.003 0.003
28 CH2X(27) + CX(26) <=> 2 CHX(28) 0.026 0.027
29 CO(7) + X(1) <=> OCX(25) 0.013 0.014
30 CX(26) + OX(20) <=> OCX(25) + X(1) 0.014 0.014
31 C2H4(18) + X(1) <=> C2H4X(65) 0.007 0.008
32 CO(7) + X(1) <=> COX(50) 0.009 0.009
33 CO2(4) + X(1) <=> CO2X(24) 0.011 0.011
34 OCX(25) + OX(20) <=> CO2X(24) + X(1) 0.009 0.008
35 CO2X(24) + HX(19) <=> HOX(22) + OCX(25) 0.008 0.008
Finished sensitivity simulation for a C/O ratio of 2.0
Finished translating for C/O ratio of 2.0
Starting sensitivity simulation for a C/O ratio of 1.8
0 CH4(2) + X(1) <=> CH4X(48) -0.001 -0.001
1 O2(3) + 2 X(1) <=> 2 OX(20) 0.511 1.004
2 H2(6) + 2 X(1) <=> 2 HX(19) 0.625 0.625
3 H(12) + X(1) <=> HX(19) 0.075 0.075
4 HX(19) + OX(20) <=> HOX(22) + X(1) 0.717 0.718
5 H2O(5) + 2 X(1) <=> HOX(22) + HX(19) 0.693 0.693
6 OH(17) + X(1) <=> HOX(22) 0.645 0.645
7 CH4(2) + 2 X(1) <=> CH3X(21) + HX(19) 0.653 0.654
8 CH4(2) + OX(20) + X(1) <=> CH3X(21) + HOX(22) -0.054 -0.052
9 C2H6(8) + 2 X(1) <=> 2 CH3X(21) 0.661 0.661
10 CH3(10) + X(1) <=> CH3X(21) 3.539 2.574
11 CH3OH(14) + 2 X(1) <=> CH3X(21) + HOX(22) 0.676 0.675
12 H2(6) + X(1) <=> H2X(49) 0.676 0.675
13 CH4(2) + HOX(22) + X(1) <=> CH3X(21) + H2OX(23) 0.667 0.667
14 H2O(5) + X(1) <=> H2OX(23) 0.119 0.118
15 H2OX(23) + OX(20) <=> 2 HOX(22) 0.422 -0.074
16 HOX(22) + HX(19) <=> H2OX(23) + X(1) 0.103 0.103
17 C2H6(8) + X(1) <=> C2H6X(52) 0.696 0.696
18 C2H4(47) + X(1) <=> C2H4X(205) 0.018 0.018
19 CH2X(27) + HX(19) <=> CH3X(21) + X(1) 0.424 0.425
20 CH2X(27) + HOX(22) <=> CH3X(21) + OX(20) 0.618 0.618
21 CHX(28) + HX(19) <=> CH2X(27) + X(1) 0.642 0.642
22 CHX(28) + HOX(22) <=> CH2X(27) + OX(20) -0.009 -0.009
23 2 CH2X(27) <=> CH3X(21) + CHX(28) 0.088 0.088
24 CHX(28) + X(1) <=> CX(26) + HX(19) 0.668 0.668
25 CX(26) + H2(6) <=> CH2X(27) 0.681 0.680
26 CX(26) + HOX(22) <=> CHX(28) + OX(20) -0.032 -0.033
27 CH3X(21) + CX(26) <=> CH2X(27) + CHX(28) 0.041 0.041
28 CH2X(27) + CX(26) <=> 2 CHX(28) 0.704 0.703
29 CO(7) + X(1) <=> OCX(25) 0.683 0.682
30 CX(26) + OX(20) <=> OCX(25) + X(1) 0.682 0.683
31 C2H4(18) + X(1) <=> C2H4X(65) 0.132 0.132
32 CO(7) + X(1) <=> COX(50) -0.043 -0.043
33 CO2(4) + X(1) <=> CO2X(24) -0.035 -0.035
34 OCX(25) + OX(20) <=> CO2X(24) + X(1) -0.028 -0.028
35 CO2X(24) + HX(19) <=> HOX(22) + OCX(25) -0.009 -0.010
Finished sensitivity simulation for a C/O ratio of 1.8
Finished translating for C/O ratio of 1.8
Starting sensitivity simulation for a C/O ratio of 1.3
0 CH4(2) + X(1) <=> CH4X(48) 0.000 0.000
1 O2(3) + 2 X(1) <=> 2 OX(20) -0.250 0.248
2 H2(6) + 2 X(1) <=> 2 HX(19) -0.001 -0.001
3 H(12) + X(1) <=> HX(19) -0.000 -0.000
4 HX(19) + OX(20) <=> HOX(22) + X(1) -0.000 0.000
5 H2O(5) + 2 X(1) <=> HOX(22) + HX(19) -0.001 0.000
6 OH(17) + X(1) <=> HOX(22) 0.000 0.000
7 CH4(2) + 2 X(1) <=> CH3X(21) + HX(19) -0.001 0.000
8 CH4(2) + OX(20) + X(1) <=> CH3X(21) + HOX(22) 0.001 -0.000
9 C2H6(8) + 2 X(1) <=> 2 CH3X(21) -0.000 0.000
10 CH3(10) + X(1) <=> CH3X(21) 0.901 -0.088
11 CH3OH(14) + 2 X(1) <=> CH3X(21) + HOX(22) -0.001 -0.000
12 H2(6) + X(1) <=> H2X(49) -0.000 0.000
13 CH4(2) + HOX(22) + X(1) <=> CH3X(21) + H2OX(23) 0.001 -0.000
14 H2O(5) + X(1) <=> H2OX(23) -0.000 -0.000
15 H2OX(23) + OX(20) <=> 2 HOX(22) 0.333 -0.163
16 HOX(22) + HX(19) <=> H2OX(23) + X(1) -0.000 0.000
17 C2H6(8) + X(1) <=> C2H6X(52) 0.000 0.000
18 C2H4(47) + X(1) <=> C2H4X(205) -0.000 0.000
19 CH2X(27) + HX(19) <=> CH3X(21) + X(1) -0.176 -0.175
20 CH2X(27) + HOX(22) <=> CH3X(21) + OX(20) -0.067 -0.067
21 CHX(28) + HX(19) <=> CH2X(27) + X(1) 0.001 -0.000
22 CHX(28) + HOX(22) <=> CH2X(27) + OX(20) -0.000 -0.000
23 2 CH2X(27) <=> CH3X(21) + CHX(28) 0.000 0.000
24 CHX(28) + X(1) <=> CX(26) + HX(19) -0.001 0.000
25 CX(26) + H2(6) <=> CH2X(27) 0.000 0.000
26 CX(26) + HOX(22) <=> CHX(28) + OX(20) -0.000 0.000
27 CH3X(21) + CX(26) <=> CH2X(27) + CHX(28) 0.000 0.000
28 CH2X(27) + CX(26) <=> 2 CHX(28) -0.000 -0.000
29 CO(7) + X(1) <=> OCX(25) -0.000 0.000
30 CX(26) + OX(20) <=> OCX(25) + X(1) 0.000 0.000
31 C2H4(18) + X(1) <=> C2H4X(65) -0.001 0.000
32 CO(7) + X(1) <=> COX(50) -0.000 -0.000
33 CO2(4) + X(1) <=> CO2X(24) -0.000 0.000
34 OCX(25) + OX(20) <=> CO2X(24) + X(1) 0.000 0.000
35 CO2X(24) + HX(19) <=> HOX(22) + OCX(25) 0.000 0.000
Finished sensitivity simulation for a C/O ratio of 1.3
Finished translating for C/O ratio of 1.3
Starting sensitivity simulation for a C/O ratio of 1.6
0 CH4(2) + X(1) <=> CH4X(48) 0.005 0.001
1 O2(3) + 2 X(1) <=> 2 OX(20) -0.216 0.282
2 H2(6) + 2 X(1) <=> 2 HX(19) -0.002 -0.001
3 H(12) + X(1) <=> HX(19) -0.003 0.001
4 HX(19) + OX(20) <=> HOX(22) + X(1) -0.002 0.000
5 H2O(5) + 2 X(1) <=> HOX(22) + HX(19) 0.001 0.000
6 OH(17) + X(1) <=> HOX(22) 0.001 0.001
7 CH4(2) + 2 X(1) <=> CH3X(21) + HX(19) -0.000 0.000
8 CH4(2) + OX(20) + X(1) <=> CH3X(21) + HOX(22) 0.000 -0.000
9 C2H6(8) + 2 X(1) <=> 2 CH3X(21) 0.001 0.000
10 CH3(10) + X(1) <=> CH3X(21) 0.891 -0.101
11 CH3OH(14) + 2 X(1) <=> CH3X(21) + HOX(22) -0.002 -0.000
12 H2(6) + X(1) <=> H2X(49) 0.002 0.000
13 CH4(2) + HOX(22) + X(1) <=> CH3X(21) + H2OX(23) -0.005 -0.005
14 H2O(5) + X(1) <=> H2OX(23) 0.000 -0.000
15 H2OX(23) + OX(20) <=> 2 HOX(22) 0.316 -0.181
16 HOX(22) + HX(19) <=> H2OX(23) + X(1) -0.006 -0.005
17 C2H6(8) + X(1) <=> C2H6X(52) 0.001 0.000
18 C2H4(47) + X(1) <=> C2H4X(205) -0.001 0.000
19 CH2X(27) + HX(19) <=> CH3X(21) + X(1) -0.190 -0.198
20 CH2X(27) + HOX(22) <=> CH3X(21) + OX(20) -0.067 -0.067
21 CHX(28) + HX(19) <=> CH2X(27) + X(1) 0.000 -0.000
22 CHX(28) + HOX(22) <=> CH2X(27) + OX(20) 0.004 0.000
23 2 CH2X(27) <=> CH3X(21) + CHX(28) -0.001 -0.001
24 CHX(28) + X(1) <=> CX(26) + HX(19) -0.000 0.000
25 CX(26) + H2(6) <=> CH2X(27) -0.003 0.000
26 CX(26) + HOX(22) <=> CHX(28) + OX(20) 0.001 0.001
27 CH3X(21) + CX(26) <=> CH2X(27) + CHX(28) 0.001 0.001
28 CH2X(27) + CX(26) <=> 2 CHX(28) 0.013 0.001
29 CO(7) + X(1) <=> OCX(25) 0.007 0.001
30 CX(26) + OX(20) <=> OCX(25) + X(1) -0.001 0.000
31 C2H4(18) + X(1) <=> C2H4X(65) -0.000 0.000
32 CO(7) + X(1) <=> COX(50) -0.000 0.000
33 CO2(4) + X(1) <=> CO2X(24) -0.000 0.001
34 OCX(25) + OX(20) <=> CO2X(24) + X(1) -0.001 0.000
35 CO2X(24) + HX(19) <=> HOX(22) + OCX(25) 0.002 0.001
Finished sensitivity simulation for a C/O ratio of 1.6
Finished translating for C/O ratio of 1.6
Starting sensitivity simulation for a C/O ratio of 2.4
0 CH4(2) + X(1) <=> CH4X(48) 0.005 0.005
1 O2(3) + 2 X(1) <=> 2 OX(20) -0.138 0.357
2 H2(6) + 2 X(1) <=> 2 HX(19) -0.000 0.000
3 H(12) + X(1) <=> HX(19) -0.005 -0.006
4 HX(19) + OX(20) <=> HOX(22) + X(1) 0.002 0.002
5 H2O(5) + 2 X(1) <=> HOX(22) + HX(19) 0.001 0.000
6 OH(17) + X(1) <=> HOX(22) 0.002 0.002
7 CH4(2) + 2 X(1) <=> CH3X(21) + HX(19) 0.002 0.002
8 CH4(2) + OX(20) + X(1) <=> CH3X(21) + HOX(22) -0.001 -0.002
9 C2H6(8) + 2 X(1) <=> 2 CH3X(21) -0.003 -0.003
10 CH3(10) + X(1) <=> CH3X(21) 0.868 -0.123
11 CH3OH(14) + 2 X(1) <=> CH3X(21) + HOX(22) 0.000 -0.000
12 H2(6) + X(1) <=> H2X(49) 0.002 0.002
13 CH4(2) + HOX(22) + X(1) <=> CH3X(21) + H2OX(23) -0.000 -0.001
14 H2O(5) + X(1) <=> H2OX(23) -0.001 -0.002
15 H2OX(23) + OX(20) <=> 2 HOX(22) 0.270 -0.226
16 HOX(22) + HX(19) <=> H2OX(23) + X(1) -0.073 -0.073
17 C2H6(8) + X(1) <=> C2H6X(52) -0.003 -0.003
18 C2H4(47) + X(1) <=> C2H4X(205) -0.002 -0.003
19 CH2X(27) + HX(19) <=> CH3X(21) + X(1) -0.250 -0.250
20 CH2X(27) + HOX(22) <=> CH3X(21) + OX(20) -0.067 -0.067
21 CHX(28) + HX(19) <=> CH2X(27) + X(1) 0.001 0.000
22 CHX(28) + HOX(22) <=> CH2X(27) + OX(20) 0.002 0.001
23 2 CH2X(27) <=> CH3X(21) + CHX(28) -0.003 -0.003
24 CHX(28) + X(1) <=> CX(26) + HX(19) 0.001 0.000
25 CX(26) + H2(6) <=> CH2X(27) -0.002 -0.002
26 CX(26) + HOX(22) <=> CHX(28) + OX(20) 0.001 0.001
27 CH3X(21) + CX(26) <=> CH2X(27) + CHX(28) 0.004 0.003
28 CH2X(27) + CX(26) <=> 2 CHX(28) 0.001 0.001
29 CO(7) + X(1) <=> OCX(25) -0.003 -0.003
30 CX(26) + OX(20) <=> OCX(25) + X(1) 0.004 0.003
31 C2H4(18) + X(1) <=> C2H4X(65) -0.000 -0.001
32 CO(7) + X(1) <=> COX(50) 0.005 0.004
33 CO2(4) + X(1) <=> CO2X(24) -0.002 -0.003
34 OCX(25) + OX(20) <=> CO2X(24) + X(1) 0.004 0.004
35 CO2X(24) + HX(19) <=> HOX(22) + OCX(25) -0.002 -0.003
Finished sensitivity simulation for a C/O ratio of 2.4
Finished translating for C/O ratio of 2.4
Starting sensitivity simulation for a C/O ratio of 1.4
0 CH4(2) + X(1) <=> CH4X(48) 0.000 -0.000
1 O2(3) + 2 X(1) <=> 2 OX(20) -0.238 0.261
2 H2(6) + 2 X(1) <=> 2 HX(19) -0.001 -0.001
3 H(12) + X(1) <=> HX(19) -0.001 -0.000
4 HX(19) + OX(20) <=> HOX(22) + X(1) -0.001 0.000
5 H2O(5) + 2 X(1) <=> HOX(22) + HX(19) -0.000 -0.000
6 OH(17) + X(1) <=> HOX(22) 0.001 -0.000
7 CH4(2) + 2 X(1) <=> CH3X(21) + HX(19) 0.000 -0.000
8 CH4(2) + OX(20) + X(1) <=> CH3X(21) + HOX(22) 0.000 -0.000
9 C2H6(8) + 2 X(1) <=> 2 CH3X(21) -0.000 0.000
10 CH3(10) + X(1) <=> CH3X(21) 0.905 -0.092
11 CH3OH(14) + 2 X(1) <=> CH3X(21) + HOX(22) 0.000 -0.000
12 H2(6) + X(1) <=> H2X(49) -0.001 0.000
13 CH4(2) + HOX(22) + X(1) <=> CH3X(21) + H2OX(23) -0.001 -0.000
14 H2O(5) + X(1) <=> H2OX(23) -0.000 -0.000
15 H2OX(23) + OX(20) <=> 2 HOX(22) 0.327 -0.170
16 HOX(22) + HX(19) <=> H2OX(23) + X(1) -0.000 0.000
17 C2H6(8) + X(1) <=> C2H6X(52) 0.004 0.004
18 C2H4(47) + X(1) <=> C2H4X(205) -0.000 -0.000
19 CH2X(27) + HX(19) <=> CH3X(21) + X(1) -0.183 -0.183
20 CH2X(27) + HOX(22) <=> CH3X(21) + OX(20) -0.068 -0.067
21 CHX(28) + HX(19) <=> CH2X(27) + X(1) 0.000 -0.000
22 CHX(28) + HOX(22) <=> CH2X(27) + OX(20) -0.000 -0.000
23 2 CH2X(27) <=> CH3X(21) + CHX(28) -0.000 0.000
24 CHX(28) + X(1) <=> CX(26) + HX(19) -0.000 -0.000
25 CX(26) + H2(6) <=> CH2X(27) -0.000 -0.000
26 CX(26) + HOX(22) <=> CHX(28) + OX(20) -0.000 -0.000
27 CH3X(21) + CX(26) <=> CH2X(27) + CHX(28) 0.000 -0.000
28 CH2X(27) + CX(26) <=> 2 CHX(28) 0.000 0.000
29 CO(7) + X(1) <=> OCX(25) -0.001 0.000
30 CX(26) + OX(20) <=> OCX(25) + X(1) 0.001 -0.000
31 C2H4(18) + X(1) <=> C2H4X(65) -0.000 0.000
32 CO(7) + X(1) <=> COX(50) 0.000 -0.000
33 CO2(4) + X(1) <=> CO2X(24) 0.001 0.000
34 OCX(25) + OX(20) <=> CO2X(24) + X(1) -0.001 0.000
35 CO2X(24) + HX(19) <=> HOX(22) + OCX(25) -0.000 -0.000
Finished sensitivity simulation for a C/O ratio of 1.4
Finished translating for C/O ratio of 1.4
Starting sensitivity simulation for a C/O ratio of 2.2
0 CH4(2) + X(1) <=> CH4X(48) -0.007 -0.007
1 O2(3) + 2 X(1) <=> 2 OX(20) -0.106 0.392
2 H2(6) + 2 X(1) <=> 2 HX(19) -0.005 -0.005
3 H(12) + X(1) <=> HX(19) -0.012 -0.011
4 HX(19) + OX(20) <=> HOX(22) + X(1) -0.011 -0.012
5 H2O(5) + 2 X(1) <=> HOX(22) + HX(19) 0.115 0.116
6 OH(17) + X(1) <=> HOX(22) -0.010 -0.008
7 CH4(2) + 2 X(1) <=> CH3X(21) + HX(19) -0.014 -0.015
8 CH4(2) + OX(20) + X(1) <=> CH3X(21) + HOX(22) -0.010 -0.010
9 C2H6(8) + 2 X(1) <=> 2 CH3X(21) -0.012 -0.011
10 CH3(10) + X(1) <=> CH3X(21) 0.841 -0.150
11 CH3OH(14) + 2 X(1) <=> CH3X(21) + HOX(22) -0.000 -0.000
12 H2(6) + X(1) <=> H2X(49) -0.178 -0.178
13 CH4(2) + HOX(22) + X(1) <=> CH3X(21) + H2OX(23) -0.010 -0.010
14 H2O(5) + X(1) <=> H2OX(23) -0.004 -0.004
15 H2OX(23) + OX(20) <=> 2 HOX(22) 0.258 -0.238
16 HOX(22) + HX(19) <=> H2OX(23) + X(1) -0.011 -0.012
17 C2H6(8) + X(1) <=> C2H6X(52) 0.000 0.001
18 C2H4(47) + X(1) <=> C2H4X(205) 0.102 0.102
19 CH2X(27) + HX(19) <=> CH3X(21) + X(1) -0.246 -0.244
20 CH2X(27) + HOX(22) <=> CH3X(21) + OX(20) 0.047 0.047
21 CHX(28) + HX(19) <=> CH2X(27) + X(1) -0.012 -0.012
22 CHX(28) + HOX(22) <=> CH2X(27) + OX(20) -0.011 -0.009
23 2 CH2X(27) <=> CH3X(21) + CHX(28) -0.004 -0.006
24 CHX(28) + X(1) <=> CX(26) + HX(19) -0.006 -0.004
25 CX(26) + H2(6) <=> CH2X(27) -0.006 -0.005
26 CX(26) + HOX(22) <=> CHX(28) + OX(20) 0.094 0.094
27 CH3X(21) + CX(26) <=> CH2X(27) + CHX(28) -0.006 -0.006
28 CH2X(27) + CX(26) <=> 2 CHX(28) 0.048 0.049
29 CO(7) + X(1) <=> OCX(25) 0.115 0.115
30 CX(26) + OX(20) <=> OCX(25) + X(1) -0.014 -0.012
31 C2H4(18) + X(1) <=> C2H4X(65) -0.003 -0.004
32 CO(7) + X(1) <=> COX(50) -0.016 -0.016
33 CO2(4) + X(1) <=> CO2X(24) -0.007 -0.005
34 OCX(25) + OX(20) <=> CO2X(24) + X(1) -0.002 -0.002
35 CO2X(24) + HX(19) <=> HOX(22) + OCX(25) 0.001 0.001
Finished sensitivity simulation for a C/O ratio of 2.2
Finished translating for C/O ratio of 2.2
Starting sensitivity simulation for a C/O ratio of 1.1
0 CH4(2) + X(1) <=> CH4X(48) 0.005 0.005
1 O2(3) + 2 X(1) <=> 2 OX(20) -0.270 0.230
2 H2(6) + 2 X(1) <=> 2 HX(19) 0.005 0.005
3 H(12) + X(1) <=> HX(19) 0.005 0.005
4 HX(19) + OX(20) <=> HOX(22) + X(1) 0.004 0.005
5 H2O(5) + 2 X(1) <=> HOX(22) + HX(19) 0.005 0.005
6 OH(17) + X(1) <=> HOX(22) 0.005 0.005
7 CH4(2) + 2 X(1) <=> CH3X(21) + HX(19) 0.004 0.005
8 CH4(2) + OX(20) + X(1) <=> CH3X(21) + HOX(22) 0.004 0.005
9 C2H6(8) + 2 X(1) <=> 2 CH3X(21) 0.007 0.009
10 CH3(10) + X(1) <=> CH3X(21) 0.918 -0.071
11 CH3OH(14) + 2 X(1) <=> CH3X(21) + HOX(22) 0.004 0.005
12 H2(6) + X(1) <=> H2X(49) 0.005 0.005
13 CH4(2) + HOX(22) + X(1) <=> CH3X(21) + H2OX(23) 0.005 0.005
14 H2O(5) + X(1) <=> H2OX(23) 0.005 0.005
15 H2OX(23) + OX(20) <=> 2 HOX(22) 0.353 -0.143
16 HOX(22) + HX(19) <=> H2OX(23) + X(1) 0.007 0.005
17 C2H6(8) + X(1) <=> C2H6X(52) 0.004 0.005
18 C2H4(47) + X(1) <=> C2H4X(205) 0.005 0.005
19 CH2X(27) + HX(19) <=> CH3X(21) + X(1) -0.153 -0.152
20 CH2X(27) + HOX(22) <=> CH3X(21) + OX(20) -0.061 -0.061
21 CHX(28) + HX(19) <=> CH2X(27) + X(1) 0.005 0.005
22 CHX(28) + HOX(22) <=> CH2X(27) + OX(20) 0.005 0.005
23 2 CH2X(27) <=> CH3X(21) + CHX(28) 0.006 0.005
24 CHX(28) + X(1) <=> CX(26) + HX(19) 0.005 0.005
25 CX(26) + H2(6) <=> CH2X(27) 0.005 0.005
26 CX(26) + HOX(22) <=> CHX(28) + OX(20) 0.005 0.005
27 CH3X(21) + CX(26) <=> CH2X(27) + CHX(28) 0.005 0.005
28 CH2X(27) + CX(26) <=> 2 CHX(28) 0.004 0.005
29 CO(7) + X(1) <=> OCX(25) 0.005 0.005
30 CX(26) + OX(20) <=> OCX(25) + X(1) 0.004 0.005
31 C2H4(18) + X(1) <=> C2H4X(65) 0.004 0.005
32 CO(7) + X(1) <=> COX(50) 0.004 0.005
33 CO2(4) + X(1) <=> CO2X(24) 0.005 0.005
34 OCX(25) + OX(20) <=> CO2X(24) + X(1) 0.005 0.005
35 CO2X(24) + HX(19) <=> HOX(22) + OCX(25) 0.004 0.005
Finished sensitivity simulation for a C/O ratio of 1.1
Finished translating for C/O ratio of 1.1
Starting sensitivity simulation for a C/O ratio of 0.8
0 CH4(2) + X(1) <=> CH4X(48) -0.000 0.000
1 O2(3) + 2 X(1) <=> 2 OX(20) -0.304 0.195
2 H2(6) + 2 X(1) <=> 2 HX(19) -0.001 -0.000
3 H(12) + X(1) <=> HX(19) -0.001 -0.000
4 HX(19) + OX(20) <=> HOX(22) + X(1) 0.000 0.000
5 H2O(5) + 2 X(1) <=> HOX(22) + HX(19) 0.000 0.000
6 OH(17) + X(1) <=> HOX(22) -0.000 0.000
7 CH4(2) + 2 X(1) <=> CH3X(21) + HX(19) -0.000 0.000
8 CH4(2) + OX(20) + X(1) <=> CH3X(21) + HOX(22) 0.001 -0.000
9 C2H6(8) + 2 X(1) <=> 2 CH3X(21) -0.001 0.000
10 CH3(10) + X(1) <=> CH3X(21) 0.924 -0.066
11 CH3OH(14) + 2 X(1) <=> CH3X(21) + HOX(22) 0.000 0.000
12 H2(6) + X(1) <=> H2X(49) 0.000 0.000
13 CH4(2) + HOX(22) + X(1) <=> CH3X(21) + H2OX(23) -0.001 0.000
14 H2O(5) + X(1) <=> H2OX(23) 0.000 -0.000
15 H2OX(23) + OX(20) <=> 2 HOX(22) 0.366 -0.130
16 HOX(22) + HX(19) <=> H2OX(23) + X(1) -0.001 0.000
17 C2H6(8) + X(1) <=> C2H6X(52) 0.001 0.000
18 C2H4(47) + X(1) <=> C2H4X(205) -0.000 0.000
19 CH2X(27) + HX(19) <=> CH3X(21) + X(1) -0.131 -0.130
20 CH2X(27) + HOX(22) <=> CH3X(21) + OX(20) -0.066 -0.066
21 CHX(28) + HX(19) <=> CH2X(27) + X(1) -0.001 -0.000
22 CHX(28) + HOX(22) <=> CH2X(27) + OX(20) -0.000 0.000
23 2 CH2X(27) <=> CH3X(21) + CHX(28) -0.001 -0.000
24 CHX(28) + X(1) <=> CX(26) + HX(19) -0.001 0.000
25 CX(26) + H2(6) <=> CH2X(27) -0.002 0.000
26 CX(26) + HOX(22) <=> CHX(28) + OX(20) 0.000 0.000
27 CH3X(21) + CX(26) <=> CH2X(27) + CHX(28) 0.000 0.000
28 CH2X(27) + CX(26) <=> 2 CHX(28) 0.001 0.000
29 CO(7) + X(1) <=> OCX(25) 0.001 0.000
30 CX(26) + OX(20) <=> OCX(25) + X(1) 0.000 0.000
31 C2H4(18) + X(1) <=> C2H4X(65) -0.002 0.000
32 CO(7) + X(1) <=> COX(50) 0.001 0.000
33 CO2(4) + X(1) <=> CO2X(24) -0.010 -0.009
34 OCX(25) + OX(20) <=> CO2X(24) + X(1) -0.000 -0.000
35 CO2X(24) + HX(19) <=> HOX(22) + OCX(25) 0.001 0.000
Finished sensitivity simulation for a C/O ratio of 0.8
Finished translating for C/O ratio of 0.8
Starting sensitivity simulation for a C/O ratio of 1.0
0 CH4(2) + X(1) <=> CH4X(48) 0.001 0.000
1 O2(3) + 2 X(1) <=> 2 OX(20) -0.277 0.220
2 H2(6) + 2 X(1) <=> 2 HX(19) -0.006 -0.006
3 H(12) + X(1) <=> HX(19) -0.000 -0.000
4 HX(19) + OX(20) <=> HOX(22) + X(1) -0.000 -0.000
5 H2O(5) + 2 X(1) <=> HOX(22) + HX(19) 0.001 0.000
6 OH(17) + X(1) <=> HOX(22) 0.000 0.000
7 CH4(2) + 2 X(1) <=> CH3X(21) + HX(19) 0.001 0.000
8 CH4(2) + OX(20) + X(1) <=> CH3X(21) + HOX(22) 0.001 -0.000
9 C2H6(8) + 2 X(1) <=> 2 CH3X(21) -0.002 -0.002
10 CH3(10) + X(1) <=> CH3X(21) 0.917 -0.074
11 CH3OH(14) + 2 X(1) <=> CH3X(21) + HOX(22) -0.000 -0.000
12 H2(6) + X(1) <=> H2X(49) -0.003 -0.002
13 CH4(2) + HOX(22) + X(1) <=> CH3X(21) + H2OX(23) 0.000 -0.000
14 H2O(5) + X(1) <=> H2OX(23) -0.003 -0.003
15 H2OX(23) + OX(20) <=> 2 HOX(22) 0.355 -0.142
16 HOX(22) + HX(19) <=> H2OX(23) + X(1) -0.002 -0.002
17 C2H6(8) + X(1) <=> C2H6X(52) -0.001 -0.001
18 C2H4(47) + X(1) <=> C2H4X(205) -0.001 -0.000
19 CH2X(27) + HX(19) <=> CH3X(21) + X(1) -0.151 -0.151
20 CH2X(27) + HOX(22) <=> CH3X(21) + OX(20) -0.072 -0.072
21 CHX(28) + HX(19) <=> CH2X(27) + X(1) -0.000 -0.000
22 CHX(28) + HOX(22) <=> CH2X(27) + OX(20) -0.001 -0.002
23 2 CH2X(27) <=> CH3X(21) + CHX(28) -0.003 -0.002
24 CHX(28) + X(1) <=> CX(26) + HX(19) 0.001 0.000
25 CX(26) + H2(6) <=> CH2X(27) 0.001 0.000
26 CX(26) + HOX(22) <=> CHX(28) + OX(20) -0.001 -0.000
27 CH3X(21) + CX(26) <=> CH2X(27) + CHX(28) 0.000 0.000
28 CH2X(27) + CX(26) <=> 2 CHX(28) 0.001 0.000
29 CO(7) + X(1) <=> OCX(25) -0.006 -0.005
30 CX(26) + OX(20) <=> OCX(25) + X(1) 0.001 0.001
31 C2H4(18) + X(1) <=> C2H4X(65) -0.000 -0.001
32 CO(7) + X(1) <=> COX(50) 0.000 0.000
33 CO2(4) + X(1) <=> CO2X(24) -0.000 -0.000
34 OCX(25) + OX(20) <=> CO2X(24) + X(1) 0.000 0.000
35 CO2X(24) + HX(19) <=> HOX(22) + OCX(25) -0.005 -0.005
Finished sensitivity simulation for a C/O ratio of 1.0
Finished translating for C/O ratio of 1.0
Starting sensitivity simulation for a C/O ratio of 0.9
0 CH4(2) + X(1) <=> CH4X(48) -0.002 0.000
1 O2(3) + 2 X(1) <=> 2 OX(20) -0.291 0.206
2 H2(6) + 2 X(1) <=> 2 HX(19) -0.000 -0.000
3 H(12) + X(1) <=> HX(19) 0.001 0.000
4 HX(19) + OX(20) <=> HOX(22) + X(1) -0.001 0.000
5 H2O(5) + 2 X(1) <=> HOX(22) + HX(19) -0.001 0.000
6 OH(17) + X(1) <=> HOX(22) -0.001 0.000
7 CH4(2) + 2 X(1) <=> CH3X(21) + HX(19) -0.000 0.000
8 CH4(2) + OX(20) + X(1) <=> CH3X(21) + HOX(22) -0.000 -0.000
9 C2H6(8) + 2 X(1) <=> 2 CH3X(21) -0.000 0.000
10 CH3(10) + X(1) <=> CH3X(21) 0.920 -0.071
11 CH3OH(14) + 2 X(1) <=> CH3X(21) + HOX(22) -0.000 0.000
12 H2(6) + X(1) <=> H2X(49) -0.001 0.000
13 CH4(2) + HOX(22) + X(1) <=> CH3X(21) + H2OX(23) -0.000 0.000
14 H2O(5) + X(1) <=> H2OX(23) -0.001 -0.000
15 H2OX(23) + OX(20) <=> 2 HOX(22) 0.353 -0.143
16 HOX(22) + HX(19) <=> H2OX(23) + X(1) -0.001 0.000
17 C2H6(8) + X(1) <=> C2H6X(52) -0.001 0.000
18 C2H4(47) + X(1) <=> C2H4X(205) 0.000 0.000
19 CH2X(27) + HX(19) <=> CH3X(21) + X(1) -0.140 -0.140
20 CH2X(27) + HOX(22) <=> CH3X(21) + OX(20) -0.068 -0.066
21 CHX(28) + HX(19) <=> CH2X(27) + X(1) -0.001 0.000
22 CHX(28) + HOX(22) <=> CH2X(27) + OX(20) -0.000 0.000
23 2 CH2X(27) <=> CH3X(21) + CHX(28) -0.001 0.000
24 CHX(28) + X(1) <=> CX(26) + HX(19) -0.001 0.000
25 CX(26) + H2(6) <=> CH2X(27) -0.001 0.000
26 CX(26) + HOX(22) <=> CHX(28) + OX(20) -0.000 0.000
27 CH3X(21) + CX(26) <=> CH2X(27) + CHX(28) -0.001 0.000
28 CH2X(27) + CX(26) <=> 2 CHX(28) 0.002 0.000
29 CO(7) + X(1) <=> OCX(25) -0.001 0.000
30 CX(26) + OX(20) <=> OCX(25) + X(1) 0.001 0.000
31 C2H4(18) + X(1) <=> C2H4X(65) -0.001 0.000
32 CO(7) + X(1) <=> COX(50) -0.001 0.000
33 CO2(4) + X(1) <=> CO2X(24) -0.005 0.000
34 OCX(25) + OX(20) <=> CO2X(24) + X(1) -0.001 0.000
35 CO2X(24) + HX(19) <=> HOX(22) + OCX(25) -0.005 0.000
Finished sensitivity simulation for a C/O ratio of 0.9
Finished translating for C/O ratio of 0.9
Starting sensitivity simulation for a C/O ratio of 0.6
0 CH4(2) + X(1) <=> CH4X(48) 0.006 0.006
1 O2(3) + 2 X(1) <=> 2 OX(20) -0.324 0.175
2 H2(6) + 2 X(1) <=> 2 HX(19) -0.001 -0.000
3 H(12) + X(1) <=> HX(19) 0.009 0.010
4 HX(19) + OX(20) <=> HOX(22) + X(1) -0.001 -0.000
5 H2O(5) + 2 X(1) <=> HOX(22) + HX(19) -0.000 -0.000
6 OH(17) + X(1) <=> HOX(22) 0.008 0.009
7 CH4(2) + 2 X(1) <=> CH3X(21) + HX(19) -0.001 -0.000
8 CH4(2) + OX(20) + X(1) <=> CH3X(21) + HOX(22) 0.009 0.009
9 C2H6(8) + 2 X(1) <=> 2 CH3X(21) 0.005 0.006
10 CH3(10) + X(1) <=> CH3X(21) 0.933 -0.055
11 CH3OH(14) + 2 X(1) <=> CH3X(21) + HOX(22) -0.000 -0.000
12 H2(6) + X(1) <=> H2X(49) -0.001 -0.000
13 CH4(2) + HOX(22) + X(1) <=> CH3X(21) + H2OX(23) -0.001 0.000
14 H2O(5) + X(1) <=> H2OX(23) -0.001 -0.000
15 H2OX(23) + OX(20) <=> 2 HOX(22) 0.381 -0.115
16 HOX(22) + HX(19) <=> H2OX(23) + X(1) -0.000 -0.000
17 C2H6(8) + X(1) <=> C2H6X(52) -0.001 -0.000
18 C2H4(47) + X(1) <=> C2H4X(205) -0.001 -0.000
19 CH2X(27) + HX(19) <=> CH3X(21) + X(1) -0.105 -0.104
20 CH2X(27) + HOX(22) <=> CH3X(21) + OX(20) -0.067 -0.066
21 CHX(28) + HX(19) <=> CH2X(27) + X(1) -0.000 -0.000
22 CHX(28) + HOX(22) <=> CH2X(27) + OX(20) -0.001 -0.000
23 2 CH2X(27) <=> CH3X(21) + CHX(28) -0.000 -0.000
24 CHX(28) + X(1) <=> CX(26) + HX(19) 0.006 0.006
25 CX(26) + H2(6) <=> CH2X(27) -0.000 -0.000
26 CX(26) + HOX(22) <=> CHX(28) + OX(20) -0.000 -0.000
27 CH3X(21) + CX(26) <=> CH2X(27) + CHX(28) 0.000 -0.000
28 CH2X(27) + CX(26) <=> 2 CHX(28) 0.007 0.008
29 CO(7) + X(1) <=> OCX(25) -0.000 0.000
30 CX(26) + OX(20) <=> OCX(25) + X(1) -0.002 -0.000
31 C2H4(18) + X(1) <=> C2H4X(65) 0.004 0.006
32 CO(7) + X(1) <=> COX(50) -0.000 -0.000
33 CO2(4) + X(1) <=> CO2X(24) -0.000 -0.000
34 OCX(25) + OX(20) <=> CO2X(24) + X(1) 0.004 0.005
35 CO2X(24) + HX(19) <=> HOX(22) + OCX(25) 0.002 0.004
Finished sensitivity simulation for a C/O ratio of 0.6
Finished translating for C/O ratio of 0.6
Starting sensitivity simulation for a C/O ratio of 1.2
0 CH4(2) + X(1) <=> CH4X(48) -0.001 -0.001
1 O2(3) + 2 X(1) <=> 2 OX(20) -0.258 0.240
2 H2(6) + 2 X(1) <=> 2 HX(19) -0.002 -0.002
3 H(12) + X(1) <=> HX(19) -0.000 -0.000
4 HX(19) + OX(20) <=> HOX(22) + X(1) -0.001 -0.001
5 H2O(5) + 2 X(1) <=> HOX(22) + HX(19) -0.003 -0.003
6 OH(17) + X(1) <=> HOX(22) -0.000 -0.000
7 CH4(2) + 2 X(1) <=> CH3X(21) + HX(19) -0.001 -0.001
8 CH4(2) + OX(20) + X(1) <=> CH3X(21) + HOX(22) -0.001 -0.001
9 C2H6(8) + 2 X(1) <=> 2 CH3X(21) -0.001 -0.001
10 CH3(10) + X(1) <=> CH3X(21) 0.904 -0.087
11 CH3OH(14) + 2 X(1) <=> CH3X(21) + HOX(22) -0.001 -0.001
12 H2(6) + X(1) <=> H2X(49) -0.001 -0.001
13 CH4(2) + HOX(22) + X(1) <=> CH3X(21) + H2OX(23) -0.001 -0.001
14 H2O(5) + X(1) <=> H2OX(23) 0.001 -0.000
15 H2OX(23) + OX(20) <=> 2 HOX(22) 0.338 -0.159
16 HOX(22) + HX(19) <=> H2OX(23) + X(1) -0.001 -0.001
17 C2H6(8) + X(1) <=> C2H6X(52) -0.002 -0.001
18 C2H4(47) + X(1) <=> C2H4X(205) 0.000 -0.000
19 CH2X(27) + HX(19) <=> CH3X(21) + X(1) -0.167 -0.168
20 CH2X(27) + HOX(22) <=> CH3X(21) + OX(20) -0.066 -0.067
21 CHX(28) + HX(19) <=> CH2X(27) + X(1) -0.000 -0.000
22 CHX(28) + HOX(22) <=> CH2X(27) + OX(20) 0.000 -0.000
23 2 CH2X(27) <=> CH3X(21) + CHX(28) -0.003 -0.003
24 CHX(28) + X(1) <=> CX(26) + HX(19) -0.001 -0.001
25 CX(26) + H2(6) <=> CH2X(27) -0.001 -0.001
26 CX(26) + HOX(22) <=> CHX(28) + OX(20) -0.000 -0.000
27 CH3X(21) + CX(26) <=> CH2X(27) + CHX(28) -0.000 -0.001
28 CH2X(27) + CX(26) <=> 2 CHX(28) -0.002 -0.001
29 CO(7) + X(1) <=> OCX(25) -0.000 -0.001
30 CX(26) + OX(20) <=> OCX(25) + X(1) 0.000 -0.000
31 C2H4(18) + X(1) <=> C2H4X(65) 0.000 -0.000
32 CO(7) + X(1) <=> COX(50) -0.002 -0.001
33 CO2(4) + X(1) <=> CO2X(24) 0.000 -0.000
34 OCX(25) + OX(20) <=> CO2X(24) + X(1) 0.000 -0.000
35 CO2X(24) + HX(19) <=> HOX(22) + OCX(25) -0.001 -0.001
Finished sensitivity simulation for a C/O ratio of 1.2
Finished translating for C/O ratio of 1.2
Starting sensitivity simulation for a C/O ratio of 0.7
0 CH4(2) + X(1) <=> CH4X(48) -0.001 -0.000
1 O2(3) + 2 X(1) <=> 2 OX(20) -0.323 0.176
2 H2(6) + 2 X(1) <=> 2 HX(19) -0.001 -0.000
3 H(12) + X(1) <=> HX(19) -0.001 -0.000
4 HX(19) + OX(20) <=> HOX(22) + X(1) -0.002 0.000
5 H2O(5) + 2 X(1) <=> HOX(22) + HX(19) -0.000 0.000
6 OH(17) + X(1) <=> HOX(22) -0.000 0.000
7 CH4(2) + 2 X(1) <=> CH3X(21) + HX(19) -0.002 -0.000
8 CH4(2) + OX(20) + X(1) <=> CH3X(21) + HOX(22) -0.000 -0.000
9 C2H6(8) + 2 X(1) <=> 2 CH3X(21) -0.001 0.000
10 CH3(10) + X(1) <=> CH3X(21) 0.928 -0.061
11 CH3OH(14) + 2 X(1) <=> CH3X(21) + HOX(22) -0.000 0.000
12 H2(6) + X(1) <=> H2X(49) -0.001 0.000
13 CH4(2) + HOX(22) + X(1) <=> CH3X(21) + H2OX(23) -0.001 -0.000
14 H2O(5) + X(1) <=> H2OX(23) -0.001 -0.000
15 H2OX(23) + OX(20) <=> 2 HOX(22) 0.372 -0.123
16 HOX(22) + HX(19) <=> H2OX(23) + X(1) 0.000 -0.000
17 C2H6(8) + X(1) <=> C2H6X(52) 0.000 -0.000
18 C2H4(47) + X(1) <=> C2H4X(205) -0.008 -0.007
19 CH2X(27) + HX(19) <=> CH3X(21) + X(1) -0.121 -0.121
20 CH2X(27) + HOX(22) <=> CH3X(21) + OX(20) -0.067 -0.066
21 CHX(28) + HX(19) <=> CH2X(27) + X(1) -0.001 -0.000
22 CHX(28) + HOX(22) <=> CH2X(27) + OX(20) -0.001 -0.000
23 2 CH2X(27) <=> CH3X(21) + CHX(28) -0.001 -0.000
24 CHX(28) + X(1) <=> CX(26) + HX(19) -0.001 -0.000
25 CX(26) + H2(6) <=> CH2X(27) -0.001 -0.000
26 CX(26) + HOX(22) <=> CHX(28) + OX(20) -0.000 -0.000
27 CH3X(21) + CX(26) <=> CH2X(27) + CHX(28) -0.001 -0.000
28 CH2X(27) + CX(26) <=> 2 CHX(28) -0.001 -0.000
29 CO(7) + X(1) <=> OCX(25) -0.001 -0.000
30 CX(26) + OX(20) <=> OCX(25) + X(1) -0.001 -0.000
31 C2H4(18) + X(1) <=> C2H4X(65) -0.001 -0.000
32 CO(7) + X(1) <=> COX(50) -0.001 -0.000
33 CO2(4) + X(1) <=> CO2X(24) -0.001 -0.000
34 OCX(25) + OX(20) <=> CO2X(24) + X(1) -0.001 -0.000
35 CO2X(24) + HX(19) <=> HOX(22) + OCX(25) 0.000 -0.000
Finished sensitivity simulation for a C/O ratio of 0.7
Finished translating for C/O ratio of 0.7
