[NbConvertApp] Converting notebook copyme.ipynb to notebook
[NbConvertApp] Executing notebook with kernel: python2
[IPKernelApp] ERROR | Failed to create history session in /home/mazeau.e/.ipython/profile_default/history.sqlite. History will not be saved.
Traceback (most recent call last):
  File "/home/mazeau.e/anaconda2/envs/rmg_env3/lib/python2.7/site-packages/IPython/core/history.py", line 549, in __init__
    self.new_session()
  File "<decorator-gen-22>", line 2, in new_session
  File "/home/mazeau.e/anaconda2/envs/rmg_env3/lib/python2.7/site-packages/IPython/core/history.py", line 60, in needs_sqlite
    return f(self, *a, **kw)
  File "/home/mazeau.e/anaconda2/envs/rmg_env3/lib/python2.7/site-packages/IPython/core/history.py", line 575, in new_session
    NULL, "") """, (datetime.datetime.now(),))
OperationalError: database is locked
[NbConvertApp] ERROR | Error while converting 'copyme.ipynb'
Traceback (most recent call last):
  File "/home/mazeau.e/anaconda2/envs/rmg_env3/lib/python2.7/site-packages/nbconvert/nbconvertapp.py", line 393, in export_single_notebook
    output, resources = self.exporter.from_filename(notebook_filename, resources=resources)
  File "/home/mazeau.e/anaconda2/envs/rmg_env3/lib/python2.7/site-packages/nbconvert/exporters/exporter.py", line 174, in from_filename
    return self.from_file(f, resources=resources, **kw)
  File "/home/mazeau.e/anaconda2/envs/rmg_env3/lib/python2.7/site-packages/nbconvert/exporters/exporter.py", line 192, in from_file
    return self.from_notebook_node(nbformat.read(file_stream, as_version=4), resources=resources, **kw)
  File "/home/mazeau.e/anaconda2/envs/rmg_env3/lib/python2.7/site-packages/nbconvert/exporters/notebook.py", line 31, in from_notebook_node
    nb_copy, resources = super(NotebookExporter, self).from_notebook_node(nb, resources, **kw)
  File "/home/mazeau.e/anaconda2/envs/rmg_env3/lib/python2.7/site-packages/nbconvert/exporters/exporter.py", line 134, in from_notebook_node
    nb_copy, resources = self._preprocess(nb_copy, resources)
  File "/home/mazeau.e/anaconda2/envs/rmg_env3/lib/python2.7/site-packages/nbconvert/exporters/exporter.py", line 311, in _preprocess
    nbc, resc = preprocessor(nbc, resc)
  File "/home/mazeau.e/anaconda2/envs/rmg_env3/lib/python2.7/site-packages/nbconvert/preprocessors/base.py", line 47, in __call__
    return self.preprocess(nb, resources)
  File "/home/mazeau.e/anaconda2/envs/rmg_env3/lib/python2.7/site-packages/nbconvert/preprocessors/execute.py", line 262, in preprocess
    nb, resources = super(ExecutePreprocessor, self).preprocess(nb, resources)
  File "/home/mazeau.e/anaconda2/envs/rmg_env3/lib/python2.7/site-packages/nbconvert/preprocessors/base.py", line 69, in preprocess
    nb.cells[index], resources = self.preprocess_cell(cell, resources, index)
  File "/home/mazeau.e/anaconda2/envs/rmg_env3/lib/python2.7/site-packages/nbconvert/preprocessors/execute.py", line 286, in preprocess_cell
    raise CellExecutionError.from_cell_and_msg(cell, out)
CellExecutionError: An error occurred while executing the following cell:
------------------
a = monolithFull(gas,surf,t_in,[.061521,.0307,.115718])
plotflow(a)
------------------

[0;31m[0m
[0;31mCanteraError[0mTraceback (most recent call last)
[0;32m<ipython-input-4-66d622deee57>[0m in [0;36m<module>[0;34m()[0m
[0;32m----> 1[0;31m [0ma[0m [0;34m=[0m [0mmonolithFull[0m[0;34m([0m[0mgas[0m[0;34m,[0m[0msurf[0m[0;34m,[0m[0mt_in[0m[0;34m,[0m[0;34m[[0m[0;36m.061521[0m[0;34m,[0m[0;36m.0307[0m[0;34m,[0m[0;36m.115718[0m[0;34m][0m[0;34m)[0m[0;34m[0m[0m
[0m[1;32m      2[0m [0mplotflow[0m[0;34m([0m[0ma[0m[0;34m)[0m[0;34m[0m[0m

[0;32m<ipython-input-2-83d29678813a>[0m in [0;36mmonolithFull[0;34m(gas, surf, temp, mol_in, verbose, sens)[0m
[1;32m     74[0m             [0msurf[0m[0;34m.[0m[0mset_multiplier[0m[0;34m([0m[0;36m0.0[0m[0;34m)[0m[0;34m[0m[0m
[1;32m     75[0m         [0msim[0m[0;34m.[0m[0mreinitialize[0m[0;34m([0m[0;34m)[0m[0;34m[0m[0m
[0;32m---> 76[0;31m         [0msim[0m[0;34m.[0m[0madvance_to_steady_state[0m[0;34m([0m[0;34m)[0m[0;34m[0m[0m
[0m[1;32m     77[0m         [0mdist[0m [0;34m=[0m [0mn[0m [0;34m*[0m [0mreactor_len[0m [0;34m*[0m [0;36m1.0e3[0m   [0;31m# distance in mm[0m[0;34m[0m[0m
[1;32m     78[0m         [0mdist_array[0m[0;34m.[0m[0mappend[0m[0;34m([0m[0mdist[0m[0;34m)[0m[0;34m[0m[0m

[0;32minterfaces/cython/cantera/reactor.pyx[0m in [0;36mcantera._cantera.ReactorNet.advance_to_steady_state (interfaces/cython/cantera/_cantera.cpp:70994)[0;34m()[0m

[0;32minterfaces/cython/cantera/reactor.pyx[0m in [0;36mcantera._cantera.ReactorNet.step (interfaces/cython/cantera/_cantera.cpp:68477)[0;34m()[0m

[0;31mCanteraError[0m: 
***********************************************************************
CanteraError thrown by CVodesIntegrator::step:
CVodes error encountered. Error code: -10
Exceptions caught during RHS evaluation:
ydot contains non-finite elements:

ydot[0] = nan
ydot[2] = nan
ydot[3] = nan
ydot[4] = nan
ydot[5] = nan
ydot[6] = nan
ydot[7] = nan
ydot[8] = nan
ydot[9] = nan
ydot[10] = nan
ydot[11] = nan
ydot[12] = nan
ydot[13] = nan
ydot[14] = nan
ydot[15] = nan
ydot[16] = nan
ydot[17] = nan
ydot[18] = nan
ydot[19] = nan
ydot[20] = nan
ydot[21] = nan
ydot[22] = nan
ydot[23] = nan
ydot[24] = nan
ydot[25] = nan
ydot[26] = nan
ydot[27] = inf
ydot[28] = nan
ydot[29] = nan
ydot[30] = -inf
ydot[31] = inf
ydot[32] = nan
ydot[33] = -inf
ydot[34] = inf
ydot[35] = -inf
ydot[36] = -inf

ydot contains non-finite elements:

ydot[0] = nan
ydot[2] = nan
ydot[3] = nan
ydot[4] = nan
ydot[5] = nan
ydot[6] = nan
ydot[7] = nan
ydot[8] = nan
ydot[9] = nan
ydot[10] = nan
ydot[11] = nan
ydot[12] = nan
ydot[13] = nan
ydot[14] = nan
ydot[15] = nan
ydot[16] = nan
ydot[17] = nan
ydot[18] = nan
ydot[19] = nan
ydot[20] = nan
ydot[21] = nan
ydot[22] = nan
ydot[23] = nan
ydot[24] = nan
ydot[25] = nan
ydot[26] = nan
ydot[27] = inf
ydot[28] = nan
ydot[29] = nan
ydot[30] = -inf
ydot[31] = inf
ydot[32] = nan
ydot[33] = -inf
ydot[34] = inf
ydot[35] = -inf
ydot[36] = -inf

ydot contains non-finite elements:

ydot[0] = nan
ydot[2] = nan
ydot[3] = nan
ydot[4] = nan
ydot[5] = nan
ydot[6] = nan
ydot[7] = nan
ydot[8] = nan
ydot[9] = nan
ydot[10] = nan
ydot[11] = nan
ydot[12] = nan
ydot[13] = nan
ydot[14] = nan
ydot[15] = nan
ydot[16] = nan
ydot[17] = nan
ydot[18] = nan
ydot[19] = nan
ydot[20] = nan
ydot[21] = nan
ydot[22] = nan
ydot[23] = nan
ydot[24] = nan
ydot[25] = nan
ydot[26] = nan
ydot[27] = inf
ydot[28] = nan
ydot[29] = nan
ydot[30] = -inf
ydot[31] = inf
ydot[32] = nan
ydot[33] = -inf
ydot[34] = inf
ydot[35] = -inf
ydot[36] = -inf

ydot contains non-finite elements:

ydot[0] = nan
ydot[2] = nan
ydot[3] = nan
ydot[4] = nan
ydot[5] = nan
ydot[6] = nan
ydot[7] = nan
ydot[8] = nan
ydot[9] = nan
ydot[10] = nan
ydot[11] = nan
ydot[12] = nan
ydot[13] = nan
ydot[14] = nan
ydot[15] = nan
ydot[16] = nan
ydot[17] = nan
ydot[18] = nan
ydot[19] = nan
ydot[20] = nan
ydot[21] = nan
ydot[22] = nan
ydot[23] = nan
ydot[24] = nan
ydot[25] = nan
ydot[26] = nan
ydot[27] = -inf
ydot[28] = nan
ydot[29] = -inf
ydot[30] = -inf
ydot[31] = inf
ydot[32] = nan
ydot[33] = nan
ydot[34] = inf
ydot[35] = -inf
ydot[36] = -inf

ydot contains non-finite elements:

ydot[0] = nan
ydot[2] = nan
ydot[3] = nan
ydot[4] = nan
ydot[5] = nan
ydot[6] = nan
ydot[7] = nan
ydot[8] = nan
ydot[9] = nan
ydot[10] = nan
ydot[11] = nan
ydot[12] = nan
ydot[13] = nan
ydot[14] = nan
ydot[15] = nan
ydot[16] = nan
ydot[17] = nan
ydot[18] = nan
ydot[19] = nan
ydot[20] = nan
ydot[21] = nan
ydot[22] = nan
ydot[23] = nan
ydot[24] = nan
ydot[25] = nan
ydot[26] = nan
ydot[27] = -inf
ydot[28] = nan
ydot[29] = -inf
ydot[30] = -inf
ydot[31] = inf
ydot[32] = nan
ydot[33] = nan
ydot[34] = inf
ydot[35] = -inf
ydot[36] = -inf

ydot contains non-finite elements:

ydot[0] = nan
ydot[2] = nan
ydot[3] = nan
ydot[4] = nan
ydot[5] = nan
ydot[6] = nan
ydot[7] = nan
ydot[8] = nan
ydot[9] = nan
ydot[10] = nan
ydot[11] = nan
ydot[12] = nan
ydot[13] = nan
ydot[14] = nan
ydot[15] = nan
ydot[16] = nan
ydot[17] = nan
ydot[18] = nan
ydot[19] = nan
ydot[20] = nan
ydot[21] = nan
ydot[22] = nan
ydot[23] = nan
ydot[24] = nan
ydot[25] = nan
ydot[26] = nan
ydot[27] = -inf
ydot[28] = nan
ydot[29] = -inf
ydot[30] = -inf
ydot[31] = inf
ydot[32] = nan
ydot[33] = nan
ydot[34] = inf
ydot[35] = -inf
ydot[36] = -inf

ydot contains non-finite elements:

ydot[0] = nan
ydot[2] = nan
ydot[3] = nan
ydot[4] = nan
ydot[5] = nan
ydot[6] = nan
ydot[7] = nan
ydot[8] = nan
ydot[9] = nan
ydot[10] = nan
ydot[11] = nan
ydot[12] = nan
ydot[13] = nan
ydot[14] = nan
ydot[15] = nan
ydot[16] = nan
ydot[17] = nan
ydot[18] = nan
ydot[19] = nan
ydot[20] = nan
ydot[21] = nan
ydot[22] = nan
ydot[23] = nan
ydot[24] = nan
ydot[25] = nan
ydot[26] = nan
ydot[27] = -inf
ydot[28] = nan
ydot[29] = -inf
ydot[30] = -inf
ydot[31] = inf
ydot[32] = nan
ydot[33] = nan
ydot[34] = inf
ydot[35] = -inf
ydot[36] = -inf

ydot contains non-finite elements:

ydot[0] = nan
ydot[2] = nan
ydot[3] = nan
ydot[4] = nan
ydot[5] = nan
ydot[6] = nan
ydot[7] = nan
ydot[8] = nan
ydot[9] = nan
ydot[10] = nan
ydot[11] = nan
ydot[12] = nan
ydot[13] = nan
ydot[14] = nan
ydot[15] = nan
ydot[16] = nan
ydot[17] = nan
ydot[18] = nan
ydot[19] = nan
ydot[20] = nan
ydot[21] = nan
ydot[22] = nan
ydot[23] = nan
ydot[24] = nan
ydot[25] = nan
ydot[26] = nan
ydot[27] = -inf
ydot[28] = nan
ydot[29] = -inf
ydot[30] = -inf
ydot[31] = inf
ydot[32] = nan
ydot[33] = nan
ydot[34] = inf
ydot[35] = -inf
ydot[36] = -inf

ydot contains non-finite elements:

ydot[0] = nan
ydot[2] = nan
ydot[3] = nan
ydot[4] = nan
ydot[5] = nan
ydot[6] = nan
ydot[7] = nan
ydot[8] = nan
ydot[9] = nan
ydot[10] = nan
ydot[11] = nan
ydot[12] = nan
ydot[13] = nan
ydot[14] = nan
ydot[15] = nan
ydot[16] = nan
ydot[17] = nan
ydot[18] = nan
ydot[19] = nan
ydot[20] = nan
ydot[21] = nan
ydot[22] = nan
ydot[23] = nan
ydot[24] = nan
ydot[25] = nan
ydot[26] = nan
ydot[27] = -inf
ydot[28] = nan
ydot[29] = -inf
ydot[30] = -inf
ydot[31] = inf
ydot[32] = nan
ydot[33] = nan
ydot[34] = inf
ydot[35] = -inf
ydot[36] = -inf

ydot contains non-finite elements:

ydot[0] = nan
ydot[2] = nan
ydot[3] = nan
ydot[4] = nan
ydot[5] = nan
ydot[6] = nan
ydot[7] = nan
ydot[8] = nan
ydot[9] = nan
ydot[10] = nan
ydot[11] = nan
ydot[12] = nan
ydot[13] = nan
ydot[14] = nan
ydot[15] = nan
ydot[16] = nan
ydot[17] = nan
ydot[18] = nan
ydot[19] = nan
ydot[20] = nan
ydot[21] = nan
ydot[22] = nan
ydot[23] = nan
ydot[24] = nan
ydot[25] = nan
ydot[26] = nan
ydot[27] = -inf
ydot[28] = nan
ydot[29] = -inf
ydot[30] = -inf
ydot[31] = inf
ydot[32] = nan
ydot[33] = nan
ydot[34] = inf
ydot[35] = -inf
ydot[36] = -inf


At t = 3.64036e+09 repeated recoverable right-hand side function errors.
Components with largest weighted error estimates:
0: nan
1: 0
2: nan
3: nan
4: nan
5: nan
6: nan
7: nan
8: nan
9: nan
***********************************************************************

CanteraError: 
***********************************************************************
CanteraError thrown by CVodesIntegrator::step:
CVodes error encountered. Error code: -10
Exceptions caught during RHS evaluation:
ydot contains non-finite elements:

ydot[0] = nan
ydot[2] = nan
ydot[3] = nan
ydot[4] = nan
ydot[5] = nan
ydot[6] = nan
ydot[7] = nan
ydot[8] = nan
ydot[9] = nan
ydot[10] = nan
ydot[11] = nan
ydot[12] = nan
ydot[13] = nan
ydot[14] = nan
ydot[15] = nan
ydot[16] = nan
ydot[17] = nan
ydot[18] = nan
ydot[19] = nan
ydot[20] = nan
ydot[21] = nan
ydot[22] = nan
ydot[23] = nan
ydot[24] = nan
ydot[25] = nan
ydot[26] = nan
ydot[27] = inf
ydot[28] = nan
ydot[29] = nan
ydot[30] = -inf
ydot[31] = inf
ydot[32] = nan
ydot[33] = -inf
ydot[34] = inf
ydot[35] = -inf
ydot[36] = -inf

ydot contains non-finite elements:

ydot[0] = nan
ydot[2] = nan
ydot[3] = nan
ydot[4] = nan
ydot[5] = nan
ydot[6] = nan
ydot[7] = nan
ydot[8] = nan
ydot[9] = nan
ydot[10] = nan
ydot[11] = nan
ydot[12] = nan
ydot[13] = nan
ydot[14] = nan
ydot[15] = nan
ydot[16] = nan
ydot[17] = nan
ydot[18] = nan
ydot[19] = nan
ydot[20] = nan
ydot[21] = nan
ydot[22] = nan
ydot[23] = nan
ydot[24] = nan
ydot[25] = nan
ydot[26] = nan
ydot[27] = inf
ydot[28] = nan
ydot[29] = nan
ydot[30] = -inf
ydot[31] = inf
ydot[32] = nan
ydot[33] = -inf
ydot[34] = inf
ydot[35] = -inf
ydot[36] = -inf

ydot contains non-finite elements:

ydot[0] = nan
ydot[2] = nan
ydot[3] = nan
ydot[4] = nan
ydot[5] = nan
ydot[6] = nan
ydot[7] = nan
ydot[8] = nan
ydot[9] = nan
ydot[10] = nan
ydot[11] = nan
ydot[12] = nan
ydot[13] = nan
ydot[14] = nan
ydot[15] = nan
ydot[16] = nan
ydot[17] = nan
ydot[18] = nan
ydot[19] = nan
ydot[20] = nan
ydot[21] = nan
ydot[22] = nan
ydot[23] = nan
ydot[24] = nan
ydot[25] = nan
ydot[26] = nan
ydot[27] = inf
ydot[28] = nan
ydot[29] = nan
ydot[30] = -inf
ydot[31] = inf
ydot[32] = nan
ydot[33] = -inf
ydot[34] = inf
ydot[35] = -inf
ydot[36] = -inf

ydot contains non-finite elements:

ydot[0] = nan
ydot[2] = nan
ydot[3] = nan
ydot[4] = nan
ydot[5] = nan
ydot[6] = nan
ydot[7] = nan
ydot[8] = nan
ydot[9] = nan
ydot[10] = nan
ydot[11] = nan
ydot[12] = nan
ydot[13] = nan
ydot[14] = nan
ydot[15] = nan
ydot[16] = nan
ydot[17] = nan
ydot[18] = nan
ydot[19] = nan
ydot[20] = nan
ydot[21] = nan
ydot[22] = nan
ydot[23] = nan
ydot[24] = nan
ydot[25] = nan
ydot[26] = nan
ydot[27] = -inf
ydot[28] = nan
ydot[29] = -inf
ydot[30] = -inf
ydot[31] = inf
ydot[32] = nan
ydot[33] = nan
ydot[34] = inf
ydot[35] = -inf
ydot[36] = -inf

ydot contains non-finite elements:

ydot[0] = nan
ydot[2] = nan
ydot[3] = nan
ydot[4] = nan
ydot[5] = nan
ydot[6] = nan
ydot[7] = nan
ydot[8] = nan
ydot[9] = nan
ydot[10] = nan
ydot[11] = nan
ydot[12] = nan
ydot[13] = nan
ydot[14] = nan
ydot[15] = nan
ydot[16] = nan
ydot[17] = nan
ydot[18] = nan
ydot[19] = nan
ydot[20] = nan
ydot[21] = nan
ydot[22] = nan
ydot[23] = nan
ydot[24] = nan
ydot[25] = nan
ydot[26] = nan
ydot[27] = -inf
ydot[28] = nan
ydot[29] = -inf
ydot[30] = -inf
ydot[31] = inf
ydot[32] = nan
ydot[33] = nan
ydot[34] = inf
ydot[35] = -inf
ydot[36] = -inf

ydot contains non-finite elements:

ydot[0] = nan
ydot[2] = nan
ydot[3] = nan
ydot[4] = nan
ydot[5] = nan
ydot[6] = nan
ydot[7] = nan
ydot[8] = nan
ydot[9] = nan
ydot[10] = nan
ydot[11] = nan
ydot[12] = nan
ydot[13] = nan
ydot[14] = nan
ydot[15] = nan
ydot[16] = nan
ydot[17] = nan
ydot[18] = nan
ydot[19] = nan
ydot[20] = nan
ydot[21] = nan
ydot[22] = nan
ydot[23] = nan
ydot[24] = nan
ydot[25] = nan
ydot[26] = nan
ydot[27] = -inf
ydot[28] = nan
ydot[29] = -inf
ydot[30] = -inf
ydot[31] = inf
ydot[32] = nan
ydot[33] = nan
ydot[34] = inf
ydot[35] = -inf
ydot[36] = -inf

ydot contains non-finite elements:

ydot[0] = nan
ydot[2] = nan
ydot[3] = nan
ydot[4] = nan
ydot[5] = nan
ydot[6] = nan
ydot[7] = nan
ydot[8] = nan
ydot[9] = nan
ydot[10] = nan
ydot[11] = nan
ydot[12] = nan
ydot[13] = nan
ydot[14] = nan
ydot[15] = nan
ydot[16] = nan
ydot[17] = nan
ydot[18] = nan
ydot[19] = nan
ydot[20] = nan
ydot[21] = nan
ydot[22] = nan
ydot[23] = nan
ydot[24] = nan
ydot[25] = nan
ydot[26] = nan
ydot[27] = -inf
ydot[28] = nan
ydot[29] = -inf
ydot[30] = -inf
ydot[31] = inf
ydot[32] = nan
ydot[33] = nan
ydot[34] = inf
ydot[35] = -inf
ydot[36] = -inf

ydot contains non-finite elements:

ydot[0] = nan
ydot[2] = nan
ydot[3] = nan
ydot[4] = nan
ydot[5] = nan
ydot[6] = nan
ydot[7] = nan
ydot[8] = nan
ydot[9] = nan
ydot[10] = nan
ydot[11] = nan
ydot[12] = nan
ydot[13] = nan
ydot[14] = nan
ydot[15] = nan
ydot[16] = nan
ydot[17] = nan
ydot[18] = nan
ydot[19] = nan
ydot[20] = nan
ydot[21] = nan
ydot[22] = nan
ydot[23] = nan
ydot[24] = nan
ydot[25] = nan
ydot[26] = nan
ydot[27] = -inf
ydot[28] = nan
ydot[29] = -inf
ydot[30] = -inf
ydot[31] = inf
ydot[32] = nan
ydot[33] = nan
ydot[34] = inf
ydot[35] = -inf
ydot[36] = -inf

ydot contains non-finite elements:

ydot[0] = nan
ydot[2] = nan
ydot[3] = nan
ydot[4] = nan
ydot[5] = nan
ydot[6] = nan
ydot[7] = nan
ydot[8] = nan
ydot[9] = nan
ydot[10] = nan
ydot[11] = nan
ydot[12] = nan
ydot[13] = nan
ydot[14] = nan
ydot[15] = nan
ydot[16] = nan
ydot[17] = nan
ydot[18] = nan
ydot[19] = nan
ydot[20] = nan
ydot[21] = nan
ydot[22] = nan
ydot[23] = nan
ydot[24] = nan
ydot[25] = nan
ydot[26] = nan
ydot[27] = -inf
ydot[28] = nan
ydot[29] = -inf
ydot[30] = -inf
ydot[31] = inf
ydot[32] = nan
ydot[33] = nan
ydot[34] = inf
ydot[35] = -inf
ydot[36] = -inf

ydot contains non-finite elements:

ydot[0] = nan
ydot[2] = nan
ydot[3] = nan
ydot[4] = nan
ydot[5] = nan
ydot[6] = nan
ydot[7] = nan
ydot[8] = nan
ydot[9] = nan
ydot[10] = nan
ydot[11] = nan
ydot[12] = nan
ydot[13] = nan
ydot[14] = nan
ydot[15] = nan
ydot[16] = nan
ydot[17] = nan
ydot[18] = nan
ydot[19] = nan
ydot[20] = nan
ydot[21] = nan
ydot[22] = nan
ydot[23] = nan
ydot[24] = nan
ydot[25] = nan
ydot[26] = nan
ydot[27] = -inf
ydot[28] = nan
ydot[29] = -inf
ydot[30] = -inf
ydot[31] = inf
ydot[32] = nan
ydot[33] = nan
ydot[34] = inf
ydot[35] = -inf
ydot[36] = -inf


At t = 3.64036e+09 repeated recoverable right-hand side function errors.
Components with largest weighted error estimates:
0: nan
1: 0
2: nan
3: nan
4: nan
5: nan
6: nan
7: nan
8: nan
9: nan
***********************************************************************


