This mechanism contains 38 gas reactions and 29 surface reactions
Finished simulation at a C/O ratio of 0.6
Finished simulation at a C/O ratio of 1.1
Finished simulation at a C/O ratio of 1.3
Finished simulation at a C/O ratio of 2.6
Finished simulation at a C/O ratio of 1.6
Finished simulation at a C/O ratio of 0.8
Finished simulation at a C/O ratio of 2.0
Finished simulation at a C/O ratio of 1.4
Finished simulation at a C/O ratio of 2.4
Finished simulation at a C/O ratio of 0.7
Finished simulation at a C/O ratio of 0.9
Finished simulation at a C/O ratio of 1.8
Finished simulation at a C/O ratio of 1.0
Finished simulation at a C/O ratio of 1.2
Finished simulation at a C/O ratio of 2.2
Starting sensitivity simulation for a C/O ratio of 1.0
0 CH4(2) + X(1) <=> CH4X(48) 34.935 0.000
1 O2(3) + 2 X(1) <=> 2 OX(20) 38.686 0.004
2 H2(6) + 2 X(1) <=> 2 HX(19) 43.559 -0.002
3 H(12) + X(1) <=> HX(19) 39.676 -0.000
4 HX(19) + OX(20) <=> HOX(22) + X(1) 39.431 0.000
5 H2O(5) + 2 X(1) <=> HOX(22) + HX(19) 22.396 0.000
6 OH(17) + X(1) <=> HOX(22) 43.130 0.000
7 CH4(2) + 2 X(1) <=> CH3X(21) + HX(19) 34.935 0.000
8 CH4(2) + OX(20) + X(1) <=> CH3X(21) + HOX(22) 55.522 0.000
9 C2H6(8) + 2 X(1) <=> 2 CH3X(21) 39.676 0.000
10 CH3(10) + X(1) <=> CH3X(21) 29.045 -0.004
11 CH3OH(14) + 2 X(1) <=> CH3X(21) + HOX(22) 57.790 0.000
12 H2(6) + X(1) <=> H2X(49) 29.048 0.000
13 C2H6(8) + X(1) <=> C2H6X(52) 52.848 0.000
14 C2H4(47) + X(1) <=> C2H4X(205) 22.798 0.000
15 C2H4(18) + X(1) <=> C2H4X(65) 22.798 0.000
16 CH4(2) + HOX(22) + X(1) <=> CH3X(21) + H2OX(23) 43.561 0.000
17 H2O(5) + X(1) <=> H2OX(23) 55.389 0.000
18 CO2(4) + X(1) <=> CO2X(24) 50.167 0.000
19 CO(7) + X(1) <=> OCX(25) 52.997 0.000
20 CX(26) + OX(20) <=> OCX(25) + X(1) 28.708 0.000
21 OCX(25) + OX(20) <=> CO2X(24) + X(1) 57.790 0.000
22 CO2X(24) + HX(19) <=> HOX(22) + OCX(25) 50.333 0.000
23 CH2X(27) + HX(19) <=> CH3X(21) + X(1) 38.934 0.000
24 CHX(28) + HX(19) <=> CH2X(27) + X(1) 34.935 0.000
25 CHX(28) + X(1) <=> CX(26) + HX(19) 46.786 0.000
26 H2OX(23) + OX(20) <=> 2 HOX(22) 38.934 0.000
27 CX(26) + H2(6) <=> CH2X(27) 23.196 0.000
28 HOX(22) + HX(19) <=> H2OX(23) + X(1) 15.341 0.000
Finished sensitivity simulation for a C/O ratio of 1.0
Finished translating for C/O ratio of 1.0
Starting sensitivity simulation for a C/O ratio of 1.1
0 CH4(2) + X(1) <=> CH4X(48) -27.679 -0.000
1 O2(3) + 2 X(1) <=> 2 OX(20) -4.374 0.005
2 H2(6) + 2 X(1) <=> 2 HX(19) -27.682 -0.002
3 H(12) + X(1) <=> HX(19) -30.000 -0.000
4 HX(19) + OX(20) <=> HOX(22) + X(1) -26.549 -0.000
5 H2O(5) + 2 X(1) <=> HOX(22) + HX(19) -68.236 -0.000
6 OH(17) + X(1) <=> HOX(22) -11.719 -0.000
7 CH4(2) + 2 X(1) <=> CH3X(21) + HX(19) -27.679 -0.000
8 CH4(2) + OX(20) + X(1) <=> CH3X(21) + HOX(22) -27.679 -0.000
9 C2H6(8) + 2 X(1) <=> 2 CH3X(21) -34.906 -0.000
10 CH3(10) + X(1) <=> CH3X(21) -95.901 -0.005
11 CH3OH(14) + 2 X(1) <=> CH3X(21) + HOX(22) -27.679 -0.000
12 H2(6) + X(1) <=> H2X(49) -36.191 -0.000
13 C2H6(8) + X(1) <=> C2H6X(52) -12.599 -0.000
14 C2H4(47) + X(1) <=> C2H4X(205) -6.717 -0.000
15 C2H4(18) + X(1) <=> C2H4X(65) 5.921 -0.000
16 CH4(2) + HOX(22) + X(1) <=> CH3X(21) + H2OX(23) -36.191 -0.000
17 H2O(5) + X(1) <=> H2OX(23) 3.378 -0.000
18 CO2(4) + X(1) <=> CO2X(24) -4.380 -0.000
19 CO(7) + X(1) <=> OCX(25) -90.667 -0.000
20 CX(26) + OX(20) <=> OCX(25) + X(1) -36.191 -0.000
21 OCX(25) + OX(20) <=> CO2X(24) + X(1) -0.000 -0.000
22 CO2X(24) + HX(19) <=> HOX(22) + OCX(25) -27.679 -0.000
23 CH2X(27) + HX(19) <=> CH3X(21) + X(1) -27.679 -0.000
24 CHX(28) + HX(19) <=> CH2X(27) + X(1) -58.889 -0.000
25 CHX(28) + X(1) <=> CX(26) + HX(19) -27.679 -0.000
26 H2OX(23) + OX(20) <=> 2 HOX(22) -18.182 -0.000
27 CX(26) + H2(6) <=> CH2X(27) 10.625 -0.000
28 HOX(22) + HX(19) <=> H2OX(23) + X(1) -36.191 -0.000
Finished sensitivity simulation for a C/O ratio of 1.1
Finished translating for C/O ratio of 1.1
Starting sensitivity simulation for a C/O ratio of 1.2
0 CH4(2) + X(1) <=> CH4X(48) -14.718 -0.025
1 O2(3) + 2 X(1) <=> 2 OX(20) 19.304 -0.174
2 H2(6) + 2 X(1) <=> 2 HX(19) -49.298 -0.022
3 H(12) + X(1) <=> HX(19) -36.269 -0.020
4 HX(19) + OX(20) <=> HOX(22) + X(1) -10.349 -0.021
5 H2O(5) + 2 X(1) <=> HOX(22) + HX(19) -3.059 -0.013
6 OH(17) + X(1) <=> HOX(22) -3.084 -0.037
7 CH4(2) + 2 X(1) <=> CH3X(21) + HX(19) -19.417 -0.004
8 CH4(2) + OX(20) + X(1) <=> CH3X(21) + HOX(22) -10.359 -0.030
9 C2H6(8) + 2 X(1) <=> 2 CH3X(21) -14.714 -0.022
10 CH3(10) + X(1) <=> CH3X(21) -6.288 -0.005
11 CH3OH(14) + 2 X(1) <=> CH3X(21) + HOX(22) -6.937 -0.089
12 H2(6) + X(1) <=> H2X(49) -10.332 -0.005
13 C2H6(8) + X(1) <=> C2H6X(52) 10.177 -0.000
14 C2H4(47) + X(1) <=> C2H4X(205) -20.908 -0.062
15 C2H4(18) + X(1) <=> C2H4X(65) -20.908 -0.062
16 CH4(2) + HOX(22) + X(1) <=> CH3X(21) + H2OX(23) -19.438 -0.022
17 H2O(5) + X(1) <=> H2OX(23) 4.185 -0.063
18 CO2(4) + X(1) <=> CO2X(24) -36.271 -0.021
19 CO(7) + X(1) <=> OCX(25) 9.777 -0.000
20 CX(26) + OX(20) <=> OCX(25) + X(1) -30.997 -0.022
21 OCX(25) + OX(20) <=> CO2X(24) + X(1) -24.569 -0.024
22 CO2X(24) + HX(19) <=> HOX(22) + OCX(25) -6.331 -0.045
23 CH2X(27) + HX(19) <=> CH3X(21) + X(1) -3.070 -0.024
24 CHX(28) + HX(19) <=> CH2X(27) + X(1) -23.032 -0.002
25 CHX(28) + X(1) <=> CX(26) + HX(19) 9.640 -0.152
26 H2OX(23) + OX(20) <=> 2 HOX(22) 6.019 0.000
27 CX(26) + H2(6) <=> CH2X(27) 14.677 -0.034
28 HOX(22) + HX(19) <=> H2OX(23) + X(1) -3.222 -0.171
Finished sensitivity simulation for a C/O ratio of 1.2
Finished translating for C/O ratio of 1.2
Starting sensitivity simulation for a C/O ratio of 0.6
0 CH4(2) + X(1) <=> CH4X(48) 33.199 -0.002
1 O2(3) + 2 X(1) <=> 2 OX(20) 19.324 0.001
2 H2(6) + 2 X(1) <=> 2 HX(19) 36.258 -0.002
3 H(12) + X(1) <=> HX(19) 15.655 -0.001
4 HX(19) + OX(20) <=> HOX(22) + X(1) 45.602 -0.001
5 H2O(5) + 2 X(1) <=> HOX(22) + HX(19) 23.393 -0.001
6 OH(17) + X(1) <=> HOX(22) 34.509 -0.001
7 CH4(2) + 2 X(1) <=> CH3X(21) + HX(19) 47.484 -0.001
8 CH4(2) + OX(20) + X(1) <=> CH3X(21) + HOX(22) 33.199 -0.001
9 C2H6(8) + 2 X(1) <=> 2 CH3X(21) 28.632 -0.001
10 CH3(10) + X(1) <=> CH3X(21) 47.482 -0.004
11 CH3OH(14) + 2 X(1) <=> CH3X(21) + HOX(22) 28.935 -0.001
12 H2(6) + X(1) <=> H2X(49) 39.272 -0.001
13 C2H6(8) + X(1) <=> C2H6X(52) 23.393 -0.001
14 C2H4(47) + X(1) <=> C2H4X(205) 25.777 -0.001
15 C2H4(18) + X(1) <=> C2H4X(65) 25.777 -0.001
16 CH4(2) + HOX(22) + X(1) <=> CH3X(21) + H2OX(23) 7.221 -0.001
17 H2O(5) + X(1) <=> H2OX(23) 36.501 -0.001
18 CO2(4) + X(1) <=> CO2X(24) 30.991 -0.001
19 CO(7) + X(1) <=> OCX(25) 28.632 -0.001
20 CX(26) + OX(20) <=> OCX(25) + X(1) 28.632 -0.000
21 OCX(25) + OX(20) <=> CO2X(24) + X(1) -1.831 -0.001
22 CO2X(24) + HX(19) <=> HOX(22) + OCX(25) 19.710 -0.001
23 CH2X(27) + HX(19) <=> CH3X(21) + X(1) 31.556 -0.001
24 CHX(28) + HX(19) <=> CH2X(27) + X(1) 22.325 -0.001
25 CHX(28) + X(1) <=> CX(26) + HX(19) 31.275 -0.001
26 H2OX(23) + OX(20) <=> 2 HOX(22) 28.632 -0.001
27 CX(26) + H2(6) <=> CH2X(27) 15.227 -0.001
28 HOX(22) + HX(19) <=> H2OX(23) + X(1) 43.580 -0.001
Finished sensitivity simulation for a C/O ratio of 0.6
Finished translating for C/O ratio of 0.6
Starting sensitivity simulation for a C/O ratio of 1.3
0 CH4(2) + X(1) <=> CH4X(48) -12.245 0.000
1 O2(3) + 2 X(1) <=> 2 OX(20) 19.123 0.006
2 H2(6) + 2 X(1) <=> 2 HX(19) 5.980 -0.003
3 H(12) + X(1) <=> HX(19) -0.000 -0.000
4 HX(19) + OX(20) <=> HOX(22) + X(1) 0.000 0.000
5 H2O(5) + 2 X(1) <=> HOX(22) + HX(19) 0.000 0.000
6 OH(17) + X(1) <=> HOX(22) 0.000 0.000
7 CH4(2) + 2 X(1) <=> CH3X(21) + HX(19) 5.983 0.000
8 CH4(2) + OX(20) + X(1) <=> CH3X(21) + HOX(22) 5.983 0.000
9 C2H6(8) + 2 X(1) <=> 2 CH3X(21) -19.565 0.000
10 CH3(10) + X(1) <=> CH3X(21) 47.365 -0.006
11 CH3OH(14) + 2 X(1) <=> CH3X(21) + HOX(22) 0.000 0.000
12 H2(6) + X(1) <=> H2X(49) 0.000 0.000
13 C2H6(8) + X(1) <=> C2H6X(52) 5.983 0.000
14 C2H4(47) + X(1) <=> C2H4X(205) -12.245 0.000
15 C2H4(18) + X(1) <=> C2H4X(65) -12.245 0.000
16 CH4(2) + HOX(22) + X(1) <=> CH3X(21) + H2OX(23) -6.796 0.000
17 H2O(5) + X(1) <=> H2OX(23) 14.729 0.000
18 CO2(4) + X(1) <=> CO2X(24) -12.245 0.000
19 CO(7) + X(1) <=> OCX(25) 14.729 0.000
20 CX(26) + OX(20) <=> OCX(25) + X(1) -29.412 0.000
21 OCX(25) + OX(20) <=> CO2X(24) + X(1) 11.290 0.000
22 CO2X(24) + HX(19) <=> HOX(22) + OCX(25) -12.245 0.000
23 CH2X(27) + HX(19) <=> CH3X(21) + X(1) 5.983 0.000
24 CHX(28) + HX(19) <=> CH2X(27) + X(1) -12.245 0.000
25 CHX(28) + X(1) <=> CX(26) + HX(19) 0.000 0.000
26 H2OX(23) + OX(20) <=> 2 HOX(22) 18.519 0.000
27 CX(26) + H2(6) <=> CH2X(27) 14.729 0.000
28 HOX(22) + HX(19) <=> H2OX(23) + X(1) 0.000 0.000
Finished sensitivity simulation for a C/O ratio of 1.3
Finished translating for C/O ratio of 1.3
Starting sensitivity simulation for a C/O ratio of 2.6
0 CH4(2) + X(1) <=> CH4X(48) 2.460 -0.002
1 O2(3) + 2 X(1) <=> 2 OX(20) -12.796 0.013
2 H2(6) + 2 X(1) <=> 2 HX(19) -4.977 -0.010
3 H(12) + X(1) <=> HX(19) -3.597 -0.002
4 HX(19) + OX(20) <=> HOX(22) + X(1) -3.259 -0.002
5 H2O(5) + 2 X(1) <=> HOX(22) + HX(19) 5.653 -0.002
6 OH(17) + X(1) <=> HOX(22) 7.847 -0.002
7 CH4(2) + 2 X(1) <=> CH3X(21) + HX(19) 0.313 -0.002
8 CH4(2) + OX(20) + X(1) <=> CH3X(21) + HOX(22) 1.856 -0.002
9 C2H6(8) + 2 X(1) <=> 2 CH3X(21) 5.933 -0.002
10 CH3(10) + X(1) <=> CH3X(21) 5.356 -0.018
11 CH3OH(14) + 2 X(1) <=> CH3X(21) + HOX(22) 9.941 -0.002
12 H2(6) + X(1) <=> H2X(49) -4.278 -0.002
13 C2H6(8) + X(1) <=> C2H6X(52) -0.957 -0.002
14 C2H4(47) + X(1) <=> C2H4X(205) 5.371 -0.002
15 C2H4(18) + X(1) <=> C2H4X(65) 5.371 -0.002
16 CH4(2) + HOX(22) + X(1) <=> CH3X(21) + H2OX(23) 3.938 -0.002
17 H2O(5) + X(1) <=> H2OX(23) 3.056 -0.002
18 CO2(4) + X(1) <=> CO2X(24) -4.278 -0.002
19 CO(7) + X(1) <=> OCX(25) 13.149 -0.002
20 CX(26) + OX(20) <=> OCX(25) + X(1) 2.159 -0.002
21 OCX(25) + OX(20) <=> CO2X(24) + X(1) -6.022 -0.002
22 CO2X(24) + HX(19) <=> HOX(22) + OCX(25) -0.002 -0.002
23 CH2X(27) + HX(19) <=> CH3X(21) + X(1) 5.371 -0.002
24 CHX(28) + HX(19) <=> CH2X(27) + X(1) 4.516 -0.002
25 CHX(28) + X(1) <=> CX(26) + HX(19) -4.278 -0.002
26 H2OX(23) + OX(20) <=> 2 HOX(22) 6.488 -0.002
27 CX(26) + H2(6) <=> CH2X(27) 4.516 -0.002
28 HOX(22) + HX(19) <=> H2OX(23) + X(1) 5.653 -0.002
Finished sensitivity simulation for a C/O ratio of 2.6
Finished translating for C/O ratio of 2.6
Starting sensitivity simulation for a C/O ratio of 2.0
0 CH4(2) + X(1) <=> CH4X(48) 3.226 -0.000
1 O2(3) + 2 X(1) <=> 2 OX(20) 15.102 0.009
2 H2(6) + 2 X(1) <=> 2 HX(19) 9.085 -0.006
3 H(12) + X(1) <=> HX(19) 8.163 -0.001
4 HX(19) + OX(20) <=> HOX(22) + X(1) 13.737 -0.001
5 H2O(5) + 2 X(1) <=> HOX(22) + HX(19) 15.360 -0.001
6 OH(17) + X(1) <=> HOX(22) 12.621 -0.000
7 CH4(2) + 2 X(1) <=> CH3X(21) + HX(19) -5.883 -0.001
8 CH4(2) + OX(20) + X(1) <=> CH3X(21) + HOX(22) 9.090 -0.001
9 C2H6(8) + 2 X(1) <=> 2 CH3X(21) 6.896 -0.001
10 CH3(10) + X(1) <=> CH3X(21) 25.816 -0.011
11 CH3OH(14) + 2 X(1) <=> CH3X(21) + HOX(22) 8.163 -0.001
12 H2(6) + X(1) <=> H2X(49) 15.094 -0.001
13 C2H6(8) + X(1) <=> C2H6X(52) 16.408 -0.001
14 C2H4(47) + X(1) <=> C2H4X(205) 13.461 -0.001
15 C2H4(18) + X(1) <=> C2H4X(65) 13.461 -0.001
16 CH4(2) + HOX(22) + X(1) <=> CH3X(21) + H2OX(23) 10.596 -0.000
17 H2O(5) + X(1) <=> H2OX(23) 10.298 -0.001
18 CO2(4) + X(1) <=> CO2X(24) 7.534 -0.001
19 CO(7) + X(1) <=> OCX(25) 8.163 -0.001
20 CX(26) + OX(20) <=> OCX(25) + X(1) 11.184 -0.001
21 OCX(25) + OX(20) <=> CO2X(24) + X(1) -40.621 0.003
22 CO2X(24) + HX(19) <=> HOX(22) + OCX(25) -1.504 -0.000
23 CH2X(27) + HX(19) <=> CH3X(21) + X(1) 12.621 -0.000
24 CHX(28) + HX(19) <=> CH2X(27) + X(1) 8.163 -0.001
25 CHX(28) + X(1) <=> CX(26) + HX(19) 11.184 -0.001
26 H2OX(23) + OX(20) <=> 2 HOX(22) 17.683 -0.000
27 CX(26) + H2(6) <=> CH2X(27) 13.738 -0.001
28 HOX(22) + HX(19) <=> H2OX(23) + X(1) 6.896 -0.001
Finished sensitivity simulation for a C/O ratio of 2.0
Finished translating for C/O ratio of 2.0
Starting sensitivity simulation for a C/O ratio of 1.6
0 CH4(2) + X(1) <=> CH4X(48) 1.930 -0.000
1 O2(3) + 2 X(1) <=> 2 OX(20) -0.387 0.008
2 H2(6) + 2 X(1) <=> 2 HX(19) 11.495 -0.004
3 H(12) + X(1) <=> HX(19) 5.223 -0.001
4 HX(19) + OX(20) <=> HOX(22) + X(1) -10.435 -0.000
5 H2O(5) + 2 X(1) <=> HOX(22) + HX(19) -0.000 -0.000
6 OH(17) + X(1) <=> HOX(22) 6.960 -0.000
7 CH4(2) + 2 X(1) <=> CH3X(21) + HX(19) 3.422 -0.000
8 CH4(2) + OX(20) + X(1) <=> CH3X(21) + HOX(22) 3.788 -0.000
9 C2H6(8) + 2 X(1) <=> 2 CH3X(21) -6.277 -0.001
10 CH3(10) + X(1) <=> CH3X(21) -10.444 -0.008
11 CH3OH(14) + 2 X(1) <=> CH3X(21) + HOX(22) -4.099 -0.000
12 H2(6) + X(1) <=> H2X(49) 8.633 -0.000
13 C2H6(8) + X(1) <=> C2H6X(52) 13.013 -0.000
14 C2H4(47) + X(1) <=> C2H4X(205) 1.550 -0.000
15 C2H4(18) + X(1) <=> C2H4X(65) 1.550 -0.000
16 CH4(2) + HOX(22) + X(1) <=> CH3X(21) + H2OX(23) -0.000 -0.000
17 H2O(5) + X(1) <=> H2OX(23) 8.303 -0.000
18 CO2(4) + X(1) <=> CO2X(24) 14.765 -0.000
19 CO(7) + X(1) <=> OCX(25) 8.633 -0.000
20 CX(26) + OX(20) <=> OCX(25) + X(1) 4.869 -0.000
21 OCX(25) + OX(20) <=> CO2X(24) + X(1) 15.614 -0.001
22 CO2X(24) + HX(19) <=> HOX(22) + OCX(25) 6.960 -0.000
23 CH2X(27) + HX(19) <=> CH3X(21) + X(1) 5.224 -0.000
24 CHX(28) + HX(19) <=> CH2X(27) + X(1) 1.550 0.000
25 CHX(28) + X(1) <=> CX(26) + HX(19) -4.099 -0.000
26 H2OX(23) + OX(20) <=> 2 HOX(22) 10.247 -0.001
27 CX(26) + H2(6) <=> CH2X(27) 6.273 -0.000
28 HOX(22) + HX(19) <=> H2OX(23) + X(1) -0.000 -0.000
Finished sensitivity simulation for a C/O ratio of 1.6
Finished translating for C/O ratio of 1.6
Starting sensitivity simulation for a C/O ratio of 1.4
0 CH4(2) + X(1) <=> CH4X(48) 24.823 -0.000
1 O2(3) + 2 X(1) <=> 2 OX(20) 25.357 0.007
2 H2(6) + 2 X(1) <=> 2 HX(19) -0.003 -0.003
3 H(12) + X(1) <=> HX(19) 25.352 -0.000
4 HX(19) + OX(20) <=> HOX(22) + X(1) 5.357 -0.000
5 H2O(5) + 2 X(1) <=> HOX(22) + HX(19) 20.895 -0.000
6 OH(17) + X(1) <=> HOX(22) 0.935 -0.000
7 CH4(2) + 2 X(1) <=> CH3X(21) + HX(19) 24.823 -0.000
8 CH4(2) + OX(20) + X(1) <=> CH3X(21) + HOX(22) 9.402 -0.000
9 C2H6(8) + 2 X(1) <=> 2 CH3X(21) 13.821 -0.000
10 CH3(10) + X(1) <=> CH3X(21) 5.351 -0.007
11 CH3OH(14) + 2 X(1) <=> CH3X(21) + HOX(22) 27.397 -0.000
12 H2(6) + X(1) <=> H2X(49) 30.263 -0.000
13 C2H6(8) + X(1) <=> C2H6X(52) 17.829 -0.000
14 C2H4(47) + X(1) <=> C2H4X(205) 13.821 -0.000
15 C2H4(18) + X(1) <=> C2H4X(65) 13.821 -0.000
16 CH4(2) + HOX(22) + X(1) <=> CH3X(21) + H2OX(23) 30.263 -0.000
17 H2O(5) + X(1) <=> H2OX(23) 10.169 -0.000
18 CO2(4) + X(1) <=> CO2X(24) 20.895 -0.000
19 CO(7) + X(1) <=> OCX(25) 32.911 -0.000
20 CX(26) + OX(20) <=> OCX(25) + X(1) 17.829 -0.000
21 OCX(25) + OX(20) <=> CO2X(24) + X(1) 24.823 -0.000
22 CO2X(24) + HX(19) <=> HOX(22) + OCX(25) 30.263 -0.000
23 CH2X(27) + HX(19) <=> CH3X(21) + X(1) 18.462 -0.000
24 CHX(28) + HX(19) <=> CH2X(27) + X(1) 14.516 -0.000
25 CHX(28) + X(1) <=> CX(26) + HX(19) 30.263 -0.000
26 H2OX(23) + OX(20) <=> 2 HOX(22) 17.829 0.000
27 CX(26) + H2(6) <=> CH2X(27) 27.397 -0.000
28 HOX(22) + HX(19) <=> H2OX(23) + X(1) 10.169 0.000
Finished sensitivity simulation for a C/O ratio of 1.4
Finished translating for C/O ratio of 1.4
Starting sensitivity simulation for a C/O ratio of 0.8
0 CH4(2) + X(1) <=> CH4X(48) -28.660 0.000
1 O2(3) + 2 X(1) <=> 2 OX(20) 11.943 0.003
2 H2(6) + 2 X(1) <=> 2 HX(19) -39.529 -0.002
3 H(12) + X(1) <=> HX(19) -28.662 -0.001
4 HX(19) + OX(20) <=> HOX(22) + X(1) -28.660 0.000
5 H2O(5) + 2 X(1) <=> HOX(22) + HX(19) -55.263 0.000
6 OH(17) + X(1) <=> HOX(22) -39.527 0.000
7 CH4(2) + 2 X(1) <=> CH3X(21) + HX(19) -54.682 0.000
8 CH4(2) + OX(20) + X(1) <=> CH3X(21) + HOX(22) -28.660 0.000
9 C2H6(8) + 2 X(1) <=> 2 CH3X(21) -33.657 0.000
10 CH3(10) + X(1) <=> CH3X(21) -18.342 -0.003
11 CH3OH(14) + 2 X(1) <=> CH3X(21) + HOX(22) -28.660 0.000
12 H2(6) + X(1) <=> H2X(49) -18.338 0.000
13 C2H6(8) + X(1) <=> C2H6X(52) -35.855 0.000
14 C2H4(47) + X(1) <=> C2H4X(205) -28.660 0.000
15 C2H4(18) + X(1) <=> C2H4X(65) -28.660 0.000
16 CH4(2) + HOX(22) + X(1) <=> CH3X(21) + H2OX(23) -17.329 0.000
17 H2O(5) + X(1) <=> H2OX(23) -10.428 0.000
18 CO2(4) + X(1) <=> CO2X(24) -28.660 0.000
19 CO(7) + X(1) <=> OCX(25) -28.660 0.000
20 CX(26) + OX(20) <=> OCX(25) + X(1) -36.755 0.000
21 OCX(25) + OX(20) <=> CO2X(24) + X(1) -19.020 0.000
22 CO2X(24) + HX(19) <=> HOX(22) + OCX(25) -7.552 0.000
23 CH2X(27) + HX(19) <=> CH3X(21) + X(1) -34.091 0.000
24 CHX(28) + HX(19) <=> CH2X(27) + X(1) -28.660 0.000
25 CHX(28) + X(1) <=> CX(26) + HX(19) -28.660 0.000
26 H2OX(23) + OX(20) <=> 2 HOX(22) -33.657 0.000
27 CX(26) + H2(6) <=> CH2X(27) -18.338 0.000
28 HOX(22) + HX(19) <=> H2OX(23) + X(1) -28.660 0.000
Finished sensitivity simulation for a C/O ratio of 0.8
Finished translating for C/O ratio of 0.8
Starting sensitivity simulation for a C/O ratio of 0.7
0 CH4(2) + X(1) <=> CH4X(48) 20.409 0.000
1 O2(3) + 2 X(1) <=> 2 OX(20) 15.220 0.003
2 H2(6) + 2 X(1) <=> 2 HX(19) -4.934 -0.001
3 H(12) + X(1) <=> HX(19) 18.750 0.000
4 HX(19) + OX(20) <=> HOX(22) + X(1) 25.000 0.000
5 H2O(5) + 2 X(1) <=> HOX(22) + HX(19) -8.837 0.000
6 OH(17) + X(1) <=> HOX(22) -4.932 0.000
7 CH4(2) + 2 X(1) <=> CH3X(21) + HX(19) 10.000 0.000
8 CH4(2) + OX(20) + X(1) <=> CH3X(21) + HOX(22) 10.000 0.000
9 C2H6(8) + 2 X(1) <=> 2 CH3X(21) -31.460 0.000
10 CH3(10) + X(1) <=> CH3X(21) 41.644 -0.002
11 CH3OH(14) + 2 X(1) <=> CH3X(21) + HOX(22) 26.875 0.000
12 H2(6) + X(1) <=> H2X(49) 36.066 0.000
13 C2H6(8) + X(1) <=> C2H6X(52) 32.565 0.000
14 C2H4(47) + X(1) <=> C2H4X(205) 18.182 0.000
15 C2H4(18) + X(1) <=> C2H4X(65) 18.182 0.000
16 CH4(2) + HOX(22) + X(1) <=> CH3X(21) + H2OX(23) 15.218 0.000
17 H2O(5) + X(1) <=> H2OX(23) 18.182 0.000
18 CO2(4) + X(1) <=> CO2X(24) 20.678 0.000
19 CO(7) + X(1) <=> OCX(25) 34.270 0.000
20 CX(26) + OX(20) <=> OCX(25) + X(1) -4.932 0.000
21 OCX(25) + OX(20) <=> CO2X(24) + X(1) 17.895 0.000
22 CO2X(24) + HX(19) <=> HOX(22) + OCX(25) 10.000 0.000
23 CH2X(27) + HX(19) <=> CH3X(21) + X(1) 10.000 0.000
24 CHX(28) + HX(19) <=> CH2X(27) + X(1) 20.678 0.000
25 CHX(28) + X(1) <=> CX(26) + HX(19) 23.027 0.000
26 H2OX(23) + OX(20) <=> 2 HOX(22) 15.218 0.000
27 CX(26) + H2(6) <=> CH2X(27) 8.594 0.000
28 HOX(22) + HX(19) <=> H2OX(23) + X(1) 25.240 0.000
Finished sensitivity simulation for a C/O ratio of 0.7
Finished translating for C/O ratio of 0.7
Starting sensitivity simulation for a C/O ratio of 0.9
0 CH4(2) + X(1) <=> CH4X(48) 21.622 0.000
1 O2(3) + 2 X(1) <=> 2 OX(20) 21.625 0.004
2 H2(6) + 2 X(1) <=> 2 HX(19) 31.360 -0.002
3 H(12) + X(1) <=> HX(19) 31.361 -0.000
4 HX(19) + OX(20) <=> HOX(22) + X(1) 21.622 0.000
5 H2O(5) + 2 X(1) <=> HOX(22) + HX(19) 31.361 0.000
6 OH(17) + X(1) <=> HOX(22) 31.361 0.000
7 CH4(2) + 2 X(1) <=> CH3X(21) + HX(19) 30.539 0.000
8 CH4(2) + OX(20) + X(1) <=> CH3X(21) + HOX(22) -87.097 0.000
9 C2H6(8) + 2 X(1) <=> 2 CH3X(21) 8.662 0.000
10 CH3(10) + X(1) <=> CH3X(21) 10.074 -0.004
11 CH3OH(14) + 2 X(1) <=> CH3X(21) + HOX(22) -84.127 0.000
12 H2(6) + X(1) <=> H2X(49) -11.538 0.000
13 C2H6(8) + X(1) <=> C2H6X(52) 42.000 0.000
14 C2H4(47) + X(1) <=> C2H4X(205) 34.463 0.000
15 C2H4(18) + X(1) <=> C2H4X(65) 34.463 0.000
16 CH4(2) + HOX(22) + X(1) <=> CH3X(21) + H2OX(23) 46.789 0.000
17 H2O(5) + X(1) <=> H2OX(23) 10.078 0.000
18 CO2(4) + X(1) <=> CO2X(24) 15.329 0.000
19 CO(7) + X(1) <=> OCX(25) -38.095 0.000
20 CX(26) + OX(20) <=> OCX(25) + X(1) 8.662 0.000
21 OCX(25) + OX(20) <=> CO2X(24) + X(1) 30.539 0.000
22 CO2X(24) + HX(19) <=> HOX(22) + OCX(25) 57.818 0.000
23 CH2X(27) + HX(19) <=> CH3X(21) + X(1) -9.434 0.000
24 CHX(28) + HX(19) <=> CH2X(27) + X(1) -84.127 0.000
25 CHX(28) + X(1) <=> CX(26) + HX(19) 10.078 0.000
26 H2OX(23) + OX(20) <=> 2 HOX(22) -118.868 0.000
27 CX(26) + H2(6) <=> CH2X(27) 31.361 0.000
28 HOX(22) + HX(19) <=> H2OX(23) + X(1) -11.538 0.000
Finished sensitivity simulation for a C/O ratio of 0.9
Finished translating for C/O ratio of 0.9
Starting sensitivity simulation for a C/O ratio of 2.2
0 CH4(2) + X(1) <=> CH4X(48) 0.333 0.000
1 O2(3) + 2 X(1) <=> 2 OX(20) -5.268 0.013
2 H2(6) + 2 X(1) <=> 2 HX(19) -2.755 -0.006
3 H(12) + X(1) <=> HX(19) 7.716 -0.000
4 HX(19) + OX(20) <=> HOX(22) + X(1) 3.549 0.000
5 H2O(5) + 2 X(1) <=> HOX(22) + HX(19) -1.701 0.000
6 OH(17) + X(1) <=> HOX(22) 0.334 0.000
7 CH4(2) + 2 X(1) <=> CH3X(21) + HX(19) 3.549 0.000
8 CH4(2) + OX(20) + X(1) <=> CH3X(21) + HOX(22) -6.028 0.000
9 C2H6(8) + 2 X(1) <=> 2 CH3X(21) 0.333 0.000
10 CH3(10) + X(1) <=> CH3X(21) -2.762 -0.012
11 CH3OH(14) + 2 X(1) <=> CH3X(21) + HOX(22) 0.333 0.000
12 H2(6) + X(1) <=> H2X(49) -1.701 0.000
13 C2H6(8) + X(1) <=> C2H6X(52) 0.993 0.000
14 C2H4(47) + X(1) <=> C2H4X(205) 0.333 0.000
15 C2H4(18) + X(1) <=> C2H4X(65) 0.333 0.000
16 CH4(2) + HOX(22) + X(1) <=> CH3X(21) + H2OX(23) -10.741 0.000
17 H2O(5) + X(1) <=> H2OX(23) -2.749 0.000
18 CO2(4) + X(1) <=> CO2X(24) -2.749 0.000
19 CO(7) + X(1) <=> OCX(25) 9.668 0.000
20 CX(26) + OX(20) <=> OCX(25) + X(1) -0.673 0.000
21 OCX(25) + OX(20) <=> CO2X(24) + X(1) 2.606 0.000
22 CO2X(24) + HX(19) <=> HOX(22) + OCX(25) -6.028 0.000
23 CH2X(27) + HX(19) <=> CH3X(21) + X(1) -8.727 0.000
24 CHX(28) + HX(19) <=> CH2X(27) + X(1) 0.000 0.000
25 CHX(28) + X(1) <=> CX(26) + HX(19) -1.701 0.000
26 H2OX(23) + OX(20) <=> 2 HOX(22) 0.333 0.000
27 CX(26) + H2(6) <=> CH2X(27) -6.786 0.000
28 HOX(22) + HX(19) <=> H2OX(23) + X(1) 0.333 0.000
Finished sensitivity simulation for a C/O ratio of 2.2
Finished translating for C/O ratio of 2.2
Starting sensitivity simulation for a C/O ratio of 1.8
0 CH4(2) + X(1) <=> CH4X(48) 8.736 -0.002
1 O2(3) + 2 X(1) <=> 2 OX(20) -16.601 -0.476
2 H2(6) + 2 X(1) <=> 2 HX(19) 16.810 -0.005
3 H(12) + X(1) <=> HX(19) 7.544 0.003
4 HX(19) + OX(20) <=> HOX(22) + X(1) -7.393 -1.681
5 H2O(5) + 2 X(1) <=> HOX(22) + HX(19) -9.303 -0.000
6 OH(17) + X(1) <=> HOX(22) 9.902 -0.002
7 CH4(2) + 2 X(1) <=> CH3X(21) + HX(19) 5.054 0.003
8 CH4(2) + OX(20) + X(1) <=> CH3X(21) + HOX(22) 9.903 -0.002
9 C2H6(8) + 2 X(1) <=> 2 CH3X(21) 18.735 0.003
10 CH3(10) + X(1) <=> CH3X(21) -14.642 -0.007
11 CH3OH(14) + 2 X(1) <=> CH3X(21) + HOX(22) 19.659 0.001
12 H2(6) + X(1) <=> H2X(49) -0.707 0.007
13 C2H6(8) + X(1) <=> C2H6X(52) -0.863 -6.228
14 C2H4(47) + X(1) <=> C2H4X(205) 11.602 0.003
15 C2H4(18) + X(1) <=> C2H4X(65) 11.602 0.003
16 CH4(2) + HOX(22) + X(1) <=> CH3X(21) + H2OX(23) 14.547 0.002
17 H2O(5) + X(1) <=> H2OX(23) 15.822 0.002
18 CO2(4) + X(1) <=> CO2X(24) 16.817 0.003
19 CO(7) + X(1) <=> OCX(25) 4.730 0.001
20 CX(26) + OX(20) <=> OCX(25) + X(1) 15.824 0.003
21 OCX(25) + OX(20) <=> CO2X(24) + X(1) 17.787 0.003
22 CO2X(24) + HX(19) <=> HOX(22) + OCX(25) 14.547 0.002
23 CH2X(27) + HX(19) <=> CH3X(21) + X(1) 1.742 0.000
24 CHX(28) + HX(19) <=> CH2X(27) + X(1) 12.421 -0.001
25 CHX(28) + X(1) <=> CX(26) + HX(19) 12.152 0.003
26 H2OX(23) + OX(20) <=> 2 HOX(22) 11.601 0.002
27 CX(26) + H2(6) <=> CH2X(27) -16.530 -0.001
28 HOX(22) + HX(19) <=> H2OX(23) + X(1) -0.711 0.003
Finished sensitivity simulation for a C/O ratio of 1.8
Finished translating for C/O ratio of 1.8
Starting sensitivity simulation for a C/O ratio of 2.4
0 CH4(2) + X(1) <=> CH4X(48) 0.958 -0.001
1 O2(3) + 2 X(1) <=> 2 OX(20) -1.294 0.013
2 H2(6) + 2 X(1) <=> 2 HX(19) 7.178 -0.008
3 H(12) + X(1) <=> HX(19) -2.650 -0.001
4 HX(19) + OX(20) <=> HOX(22) + X(1) 5.487 -0.001
5 H2O(5) + 2 X(1) <=> HOX(22) + HX(19) -12.320 -0.001
6 OH(17) + X(1) <=> HOX(22) -10.321 -0.001
7 CH4(2) + 2 X(1) <=> CH3X(21) + HX(19) 4.320 -0.001
8 CH4(2) + OX(20) + X(1) <=> CH3X(21) + HOX(22) 2.820 -0.001
9 C2H6(8) + 2 X(1) <=> 2 CH3X(21) -4.731 -0.001
10 CH3(10) + X(1) <=> CH3X(21) -7.655 -0.015
11 CH3OH(14) + 2 X(1) <=> CH3X(21) + HOX(22) -3.334 -0.001
12 H2(6) + X(1) <=> H2X(49) 5.198 -0.001
13 C2H6(8) + X(1) <=> C2H6X(52) 4.024 -0.001
14 C2H4(47) + X(1) <=> C2H4X(205) -8.773 -0.001
15 C2H4(18) + X(1) <=> C2H4X(65) -8.773 -0.001
16 CH4(2) + HOX(22) + X(1) <=> CH3X(21) + H2OX(23) -15.243 -0.001
17 H2O(5) + X(1) <=> H2OX(23) -0.001 -0.001
18 CO2(4) + X(1) <=> CO2X(24) 0.321 -0.001
19 CO(7) + X(1) <=> OCX(25) -2.650 -0.001
20 CX(26) + OX(20) <=> OCX(25) + X(1) 1.586 -0.001
21 OCX(25) + OX(20) <=> CO2X(24) + X(1) 7.737 -0.001
22 CO2X(24) + HX(19) <=> HOX(22) + OCX(25) 7.185 -0.001
23 CH2X(27) + HX(19) <=> CH3X(21) + X(1) -6.898 -0.001
24 CHX(28) + HX(19) <=> CH2X(27) + X(1) 1.528 -6.731
25 CHX(28) + X(1) <=> CX(26) + HX(19) -2.650 -0.001
26 H2OX(23) + OX(20) <=> 2 HOX(22) -2.650 -0.001
27 CX(26) + H2(6) <=> CH2X(27) 1.586 -0.001
28 HOX(22) + HX(19) <=> H2OX(23) + X(1) 2.207 -0.001
Finished sensitivity simulation for a C/O ratio of 2.4
Finished translating for C/O ratio of 2.4
