[NbConvertApp] Converting notebook copyme.ipynb to notebook
[NbConvertApp] Executing notebook with kernel: python2
[IPKernelApp] ERROR | Failed to create history session in /home/mazeau.e/.ipython/profile_default/history.sqlite. History will not be saved.
Traceback (most recent call last):
  File "/home/mazeau.e/anaconda2/envs/rmg_env/lib/python2.7/site-packages/IPython/core/history.py", line 549, in __init__
    self.new_session()
  File "<decorator-gen-22>", line 2, in new_session
  File "/home/mazeau.e/anaconda2/envs/rmg_env/lib/python2.7/site-packages/IPython/core/history.py", line 60, in needs_sqlite
    return f(self, *a, **kw)
  File "/home/mazeau.e/anaconda2/envs/rmg_env/lib/python2.7/site-packages/IPython/core/history.py", line 575, in new_session
    NULL, "") """, (datetime.datetime.now(),))
OperationalError: database is locked
Error in sys.exitfunc:
Traceback (most recent call last):
  File "/home/mazeau.e/anaconda2/envs/rmg_env/lib/python2.7/atexit.py", line 24, in _run_exitfuncs
    func(*targs, **kargs)
  File "/home/mazeau.e/anaconda2/envs/rmg_env/lib/python2.7/site-packages/IPython/core/interactiveshell.py", line 3231, in atexit_operations
    self.history_manager.end_session()
  File "/home/mazeau.e/anaconda2/envs/rmg_env/lib/python2.7/site-packages/IPython/core/history.py", line 580, in end_session
    self.writeout_cache()
  File "<decorator-gen-23>", line 2, in writeout_cache
  File "/home/mazeau.e/anaconda2/envs/rmg_env/lib/python2.7/site-packages/IPython/core/history.py", line 60, in needs_sqlite
    return f(self, *a, **kw)
  File "/home/mazeau.e/anaconda2/envs/rmg_env/lib/python2.7/site-packages/IPython/core/history.py", line 788, in writeout_cache
    self.new_session(conn)
  File "<decorator-gen-22>", line 2, in new_session
  File "/home/mazeau.e/anaconda2/envs/rmg_env/lib/python2.7/site-packages/IPython/core/history.py", line 60, in needs_sqlite
    return f(self, *a, **kw)
  File "/home/mazeau.e/anaconda2/envs/rmg_env/lib/python2.7/site-packages/IPython/core/history.py", line 575, in new_session
    NULL, "") """, (datetime.datetime.now(),))
OperationalError: attempt to write a readonly database
[NbConvertApp] Writing 1034681 bytes to alldone.ipynb
