This mechanism contains 38 gas reactions and 41 surface reactions
  distance(mm)   X_CH4        X_O2        X_H2       X_CO       X_H2O       X_CO2
Finished simulation at a C/O ratio of 2.6
  distance(mm)   X_CH4        X_O2        X_H2       X_CO       X_H2O       X_CO2
Finished simulation at a C/O ratio of 1.1
  distance(mm)   X_CH4        X_O2        X_H2       X_CO       X_H2O       X_CO2
Finished simulation at a C/O ratio of 0.8
  distance(mm)   X_CH4        X_O2        X_H2       X_CO       X_H2O       X_CO2
Finished simulation at a C/O ratio of 0.9
  distance(mm)   X_CH4        X_O2        X_H2       X_CO       X_H2O       X_CO2
Finished simulation at a C/O ratio of 1.2
  distance(mm)   X_CH4        X_O2        X_H2       X_CO       X_H2O       X_CO2
Finished simulation at a C/O ratio of 2.0
  distance(mm)   X_CH4        X_O2        X_H2       X_CO       X_H2O       X_CO2
Finished simulation at a C/O ratio of 1.0
  distance(mm)   X_CH4        X_O2        X_H2       X_CO       X_H2O       X_CO2
Finished simulation at a C/O ratio of 1.8
  distance(mm)   X_CH4        X_O2        X_H2       X_CO       X_H2O       X_CO2
Finished simulation at a C/O ratio of 1.3
  distance(mm)   X_CH4        X_O2        X_H2       X_CO       X_H2O       X_CO2
Finished simulation at a C/O ratio of 1.6
  distance(mm)   X_CH4        X_O2        X_H2       X_CO       X_H2O       X_CO2
Finished simulation at a C/O ratio of 2.4
  distance(mm)   X_CH4        X_O2        X_H2       X_CO       X_H2O       X_CO2
Finished simulation at a C/O ratio of 1.4
  distance(mm)   X_CH4        X_O2        X_H2       X_CO       X_H2O       X_CO2
Finished simulation at a C/O ratio of 2.2
  distance(mm)   X_CH4        X_O2        X_H2       X_CO       X_H2O       X_CO2
Finished simulation at a C/O ratio of 0.7
  distance(mm)   X_CH4        X_O2        X_H2       X_CO       X_H2O       X_CO2
Finished simulation at a C/O ratio of 0.6
Starting sensitivity simulation for a C/O ratio of 0.9
0 CH4(2) + X(1) <=> CH4X(48) 0.005 0.005
1 O2(3) + 2 X(1) <=> 2 OX(20) 0.124 0.127
2 H2(6) + 2 X(1) <=> 2 HX(19) 0.003 0.005
3 H(12) + X(1) <=> HX(19) -0.002 -0.003
4 HX(19) + OX(20) <=> HOX(22) + X(1) -0.007 -0.009
5 H2O(5) + 2 X(1) <=> HOX(22) + HX(19) 0.013 0.014
6 OH(17) + X(1) <=> HOX(22) 0.005 0.005
7 CH4(2) + 2 X(1) <=> CH3X(21) + HX(19) 0.003 0.005
8 CH4(2) + OX(20) + X(1) <=> CH3X(21) + HOX(22) -0.245 -0.300
9 C2H6(8) + 2 X(1) <=> 2 CH3X(21) 0.001 0.001
10 CH3(10) + X(1) <=> CH3X(21) -0.153 -0.120
11 CH3OH(14) + 2 X(1) <=> CH3X(21) + HOX(22) 0.021 0.026
12 CH2X(27) + HX(19) <=> CH3X(21) + X(1) 0.009 0.013
13 CH2X(27) + HOX(22) <=> CH3X(21) + OX(20) 0.000 -0.000
14 CHX(28) + HX(19) <=> CH2X(27) + X(1) 0.000 0.000
15 CHX(28) + HOX(22) <=> CH2X(27) + OX(20) 0.005 0.006
16 2 CH2X(27) <=> CH3X(21) + CHX(28) 0.002 0.001
17 CHX(28) + X(1) <=> CX(26) + HX(19) 0.005 0.005
18 CX(26) + H2(6) <=> CH2X(27) 0.005 0.005
19 CX(26) + HOX(22) <=> CHX(28) + OX(20) -0.007 -0.009
20 CH3X(21) + CX(26) <=> CH2X(27) + CHX(28) 0.009 0.013
21 CH2X(27) + CX(26) <=> 2 CHX(28) 0.005 0.005
22 CO(7) + X(1) <=> OCX(25) 0.002 0.001
23 CX(26) + OX(20) <=> OCX(25) + X(1) 0.005 0.005
24 H2(6) + X(1) <=> H2X(49) 0.024 0.031
25 CH4(2) + HOX(22) + X(1) <=> CH3X(21) + H2OX(23) 0.001 0.001
26 H2O(5) + X(1) <=> H2OX(23) 0.000 0.000
27 H2OX(23) + OX(20) <=> 2 HOX(22) 0.011 0.010
28 HOX(22) + HX(19) <=> H2OX(23) + X(1) 0.005 0.005
29 CO(7) + X(1) <=> COX(50) 0.005 0.005
30 CO2(4) + X(1) <=> CO2X(24) 0.003 0.002
31 OCX(25) + OX(20) <=> CO2X(24) + X(1) 0.000 0.000
32 CO2X(24) + HX(19) <=> HOX(22) + OCX(25) -0.000 0.000
33 CH2O(9) + 2 X(1) <=> CHOX(53) + HX(19) 0.002 0.001
34 HCO(15) + X(1) <=> CHOX(53) 0.040 0.053
35 CH3CHO(16) + 2 X(1) <=> CH3X(21) + CHOX(53) 0.002 0.001
36 CHOX(53) + X(1) <=> HX(19) + OCX(25) 0.021 0.028
37 CHOX(53) + OX(20) <=> HOX(22) + OCX(25) 0.002 0.002
38 CH2X(27) + CHOX(53) <=> CH3X(21) + OCX(25) 0.005 0.005
39 CHOX(53) + CHX(28) <=> CH2X(27) + OCX(25) -0.000 0.000
40 CHOX(53) + CX(26) <=> CHX(28) + OCX(25) 0.000 -0.000
Finished sensitivity simulation for a C/O ratio of 0.9
Finished translating for C/O ratio of 0.9
Starting sensitivity simulation for a C/O ratio of 1.2
0 CH4(2) + X(1) <=> CH4X(48) 0.000 0.000
1 O2(3) + 2 X(1) <=> 2 OX(20) 0.074 0.072
2 H2(6) + 2 X(1) <=> 2 HX(19) 0.025 0.036
3 H(12) + X(1) <=> HX(19) 0.007 0.009
4 HX(19) + OX(20) <=> HOX(22) + X(1) 0.019 0.016
5 H2O(5) + 2 X(1) <=> HOX(22) + HX(19) 0.013 0.015
6 OH(17) + X(1) <=> HOX(22) 0.000 0.000
7 CH4(2) + 2 X(1) <=> CH3X(21) + HX(19) 0.007 0.009
8 CH4(2) + OX(20) + X(1) <=> CH3X(21) + HOX(22) -0.146 -0.180
9 C2H6(8) + 2 X(1) <=> 2 CH3X(21) -0.001 -0.000
10 CH3(10) + X(1) <=> CH3X(21) -0.079 -0.046
11 CH3OH(14) + 2 X(1) <=> CH3X(21) + HOX(22) 0.026 0.039
12 CH2X(27) + HX(19) <=> CH3X(21) + X(1) 0.026 0.036
13 CH2X(27) + HOX(22) <=> CH3X(21) + OX(20) 0.000 0.000
14 CHX(28) + HX(19) <=> CH2X(27) + X(1) 0.014 0.021
15 CHX(28) + HOX(22) <=> CH2X(27) + OX(20) 0.014 0.021
16 2 CH2X(27) <=> CH3X(21) + CHX(28) -0.000 0.000
17 CHX(28) + X(1) <=> CX(26) + HX(19) -0.000 0.000
18 CX(26) + H2(6) <=> CH2X(27) 0.009 0.012
19 CX(26) + HOX(22) <=> CHX(28) + OX(20) 0.000 0.000
20 CH3X(21) + CX(26) <=> CH2X(27) + CHX(28) 0.012 0.018
21 CH2X(27) + CX(26) <=> 2 CHX(28) 0.019 0.016
22 CO(7) + X(1) <=> OCX(25) 0.009 0.012
23 CX(26) + OX(20) <=> OCX(25) + X(1) 0.026 0.038
24 H2(6) + X(1) <=> H2X(49) -0.000 0.000
25 CH4(2) + HOX(22) + X(1) <=> CH3X(21) + H2OX(23) 0.013 0.021
26 H2O(5) + X(1) <=> H2OX(23) 0.014 0.021
27 H2OX(23) + OX(20) <=> 2 HOX(22) 0.019 0.023
28 HOX(22) + HX(19) <=> H2OX(23) + X(1) 0.024 0.035
29 CO(7) + X(1) <=> COX(50) 0.024 0.035
30 CO2(4) + X(1) <=> CO2X(24) -0.003 -0.009
31 OCX(25) + OX(20) <=> CO2X(24) + X(1) 0.011 0.016
32 CO2X(24) + HX(19) <=> HOX(22) + OCX(25) 0.004 -0.006
33 CH2O(9) + 2 X(1) <=> CHOX(53) + HX(19) 0.039 0.055
34 HCO(15) + X(1) <=> CHOX(53) -0.000 -0.000
35 CH3CHO(16) + 2 X(1) <=> CH3X(21) + CHOX(53) 0.014 0.020
36 CHOX(53) + X(1) <=> HX(19) + OCX(25) 0.011 0.016
37 CHOX(53) + OX(20) <=> HOX(22) + OCX(25) 0.009 0.012
38 CH2X(27) + CHOX(53) <=> CH3X(21) + OCX(25) 0.024 0.035
39 CHOX(53) + CHX(28) <=> CH2X(27) + OCX(25) 0.009 0.012
40 CHOX(53) + CX(26) <=> CHX(28) + OCX(25) 0.004 -0.006
Finished sensitivity simulation for a C/O ratio of 1.2
Finished translating for C/O ratio of 1.2
Starting sensitivity simulation for a C/O ratio of 1.0
0 CH4(2) + X(1) <=> CH4X(48) 0.016 0.023
1 O2(3) + 2 X(1) <=> 2 OX(20) 0.092 0.083
2 H2(6) + 2 X(1) <=> 2 HX(19) 0.017 0.024
3 H(12) + X(1) <=> HX(19) 0.014 0.016
4 HX(19) + OX(20) <=> HOX(22) + X(1) 0.002 0.004
5 H2O(5) + 2 X(1) <=> HOX(22) + HX(19) 0.004 -0.002
6 OH(17) + X(1) <=> HOX(22) 0.002 0.004
7 CH4(2) + 2 X(1) <=> CH3X(21) + HX(19) -0.005 -0.007
8 CH4(2) + OX(20) + X(1) <=> CH3X(21) + HOX(22) -0.189 -0.229
9 C2H6(8) + 2 X(1) <=> 2 CH3X(21) 0.002 0.001
10 CH3(10) + X(1) <=> CH3X(21) -0.131 -0.097
11 CH3OH(14) + 2 X(1) <=> CH3X(21) + HOX(22) -0.010 -0.013
12 CH2X(27) + HX(19) <=> CH3X(21) + X(1) 0.002 0.004
13 CH2X(27) + HOX(22) <=> CH3X(21) + OX(20) 0.000 -0.002
14 CHX(28) + HX(19) <=> CH2X(27) + X(1) -0.003 -0.005
15 CHX(28) + HOX(22) <=> CH2X(27) + OX(20) 0.003 0.001
16 2 CH2X(27) <=> CH3X(21) + CHX(28) -0.003 -0.005
17 CHX(28) + X(1) <=> CX(26) + HX(19) 0.000 -0.002
18 CX(26) + H2(6) <=> CH2X(27) 0.003 0.001
19 CX(26) + HOX(22) <=> CHX(28) + OX(20) 0.002 0.004
20 CH3X(21) + CX(26) <=> CH2X(27) + CHX(28) 0.003 0.001
21 CH2X(27) + CX(26) <=> 2 CHX(28) -0.010 -0.013
22 CO(7) + X(1) <=> OCX(25) -0.002 -0.017
23 CX(26) + OX(20) <=> OCX(25) + X(1) 0.003 0.001
24 H2(6) + X(1) <=> H2X(49) -0.010 -0.013
25 CH4(2) + HOX(22) + X(1) <=> CH3X(21) + H2OX(23) -0.000 -0.002
26 H2O(5) + X(1) <=> H2OX(23) -0.010 -0.013
27 H2OX(23) + OX(20) <=> 2 HOX(22) 0.009 0.005
28 HOX(22) + HX(19) <=> H2OX(23) + X(1) 0.003 0.001
29 CO(7) + X(1) <=> COX(50) -0.010 -0.013
30 CO2(4) + X(1) <=> CO2X(24) -0.015 -0.023
31 OCX(25) + OX(20) <=> CO2X(24) + X(1) -0.011 -0.014
32 CO2X(24) + HX(19) <=> HOX(22) + OCX(25) -0.010 -0.013
33 CH2O(9) + 2 X(1) <=> CHOX(53) + HX(19) 0.000 -0.002
34 HCO(15) + X(1) <=> CHOX(53) 0.000 -0.002
35 CH3CHO(16) + 2 X(1) <=> CH3X(21) + CHOX(53) -0.010 -0.013
36 CHOX(53) + X(1) <=> HX(19) + OCX(25) 0.003 0.001
37 CHOX(53) + OX(20) <=> HOX(22) + OCX(25) -0.000 0.000
38 CH2X(27) + CHOX(53) <=> CH3X(21) + OCX(25) -0.010 -0.013
39 CHOX(53) + CHX(28) <=> CH2X(27) + OCX(25) -0.003 -0.005
40 CHOX(53) + CX(26) <=> CHX(28) + OCX(25) -0.003 -0.005
Finished sensitivity simulation for a C/O ratio of 1.0
Finished translating for C/O ratio of 1.0
Starting sensitivity simulation for a C/O ratio of 1.1
0 CH4(2) + X(1) <=> CH4X(48) 0.016 0.020
1 O2(3) + 2 X(1) <=> 2 OX(20) 0.085 0.079
2 H2(6) + 2 X(1) <=> 2 HX(19) -0.009 -0.013
3 H(12) + X(1) <=> HX(19) -0.014 -0.021
4 HX(19) + OX(20) <=> HOX(22) + X(1) 0.000 0.000
5 H2O(5) + 2 X(1) <=> HOX(22) + HX(19) 0.005 -0.002
6 OH(17) + X(1) <=> HOX(22) -0.011 -0.015
7 CH4(2) + 2 X(1) <=> CH3X(21) + HX(19) -0.013 -0.018
8 CH4(2) + OX(20) + X(1) <=> CH3X(21) + HOX(22) -0.187 -0.229
9 C2H6(8) + 2 X(1) <=> 2 CH3X(21) 0.000 -0.003
10 CH3(10) + X(1) <=> CH3X(21) -0.121 -0.090
11 CH3OH(14) + 2 X(1) <=> CH3X(21) + HOX(22) 0.000 0.000
12 CH2X(27) + HX(19) <=> CH3X(21) + X(1) -0.011 -0.015
13 CH2X(27) + HOX(22) <=> CH3X(21) + OX(20) 0.001 -0.002
14 CHX(28) + HX(19) <=> CH2X(27) + X(1) -0.008 -0.012
15 CHX(28) + HOX(22) <=> CH2X(27) + OX(20) 0.001 -0.002
16 2 CH2X(27) <=> CH3X(21) + CHX(28) 0.001 -0.002
17 CHX(28) + X(1) <=> CX(26) + HX(19) 0.000 0.000
18 CX(26) + H2(6) <=> CH2X(27) -0.010 -0.015
19 CX(26) + HOX(22) <=> CHX(28) + OX(20) -0.000 -0.002
20 CH3X(21) + CX(26) <=> CH2X(27) + CHX(28) 0.015 0.022
21 CH2X(27) + CX(26) <=> 2 CHX(28) 0.000 0.000
22 CO(7) + X(1) <=> OCX(25) 0.003 0.001
23 CX(26) + OX(20) <=> OCX(25) + X(1) 0.001 -0.002
24 H2(6) + X(1) <=> H2X(49) -0.011 -0.015
25 CH4(2) + HOX(22) + X(1) <=> CH3X(21) + H2OX(23) -0.000 -0.001
26 H2O(5) + X(1) <=> H2OX(23) -0.011 -0.015
27 H2OX(23) + OX(20) <=> 2 HOX(22) 0.009 0.002
28 HOX(22) + HX(19) <=> H2OX(23) + X(1) 0.000 0.000
29 CO(7) + X(1) <=> COX(50) 0.001 -0.002
30 CO2(4) + X(1) <=> CO2X(24) -0.015 -0.023
31 OCX(25) + OX(20) <=> CO2X(24) + X(1) 0.000 0.000
32 CO2X(24) + HX(19) <=> HOX(22) + OCX(25) -0.000 -0.002
33 CH2O(9) + 2 X(1) <=> CHOX(53) + HX(19) 0.000 0.000
34 HCO(15) + X(1) <=> CHOX(53) 0.002 0.004
35 CH3CHO(16) + 2 X(1) <=> CH3X(21) + CHOX(53) 0.001 -0.002
36 CHOX(53) + X(1) <=> HX(19) + OCX(25) -0.011 -0.015
37 CHOX(53) + OX(20) <=> HOX(22) + OCX(25) -0.008 -0.012
38 CH2X(27) + CHOX(53) <=> CH3X(21) + OCX(25) 0.015 0.022
39 CHOX(53) + CHX(28) <=> CH2X(27) + OCX(25) -0.008 -0.012
40 CHOX(53) + CX(26) <=> CHX(28) + OCX(25) -0.011 -0.015
Finished sensitivity simulation for a C/O ratio of 1.1
Finished translating for C/O ratio of 1.1
Starting sensitivity simulation for a C/O ratio of 0.8
0 CH4(2) + X(1) <=> CH4X(48) 0.027 0.034
1 O2(3) + 2 X(1) <=> 2 OX(20) 0.172 0.184
2 H2(6) + 2 X(1) <=> 2 HX(19) 0.011 0.015
3 H(12) + X(1) <=> HX(19) -0.014 -0.018
4 HX(19) + OX(20) <=> HOX(22) + X(1) -0.014 -0.018
5 H2O(5) + 2 X(1) <=> HOX(22) + HX(19) -0.010 -0.014
6 OH(17) + X(1) <=> HOX(22) -0.014 -0.017
7 CH4(2) + 2 X(1) <=> CH3X(21) + HX(19) -0.028 -0.035
8 CH4(2) + OX(20) + X(1) <=> CH3X(21) + HOX(22) -0.360 -0.433
9 C2H6(8) + 2 X(1) <=> 2 CH3X(21) -0.027 -0.034
10 CH3(10) + X(1) <=> CH3X(21) -0.209 -0.193
11 CH3OH(14) + 2 X(1) <=> CH3X(21) + HOX(22) -0.014 -0.017
12 CH2X(27) + HX(19) <=> CH3X(21) + X(1) -0.038 -0.048
13 CH2X(27) + HOX(22) <=> CH3X(21) + OX(20) -0.027 -0.034
14 CHX(28) + HX(19) <=> CH2X(27) + X(1) -0.027 -0.034
15 CHX(28) + HOX(22) <=> CH2X(27) + OX(20) 0.013 0.017
16 2 CH2X(27) <=> CH3X(21) + CHX(28) -0.000 0.000
17 CHX(28) + X(1) <=> CX(26) + HX(19) -0.022 -0.028
18 CX(26) + H2(6) <=> CH2X(27) -0.038 -0.048
19 CX(26) + HOX(22) <=> CHX(28) + OX(20) -0.022 -0.028
20 CH3X(21) + CX(26) <=> CH2X(27) + CHX(28) -0.022 -0.028
21 CH2X(27) + CX(26) <=> 2 CHX(28) 0.027 0.034
22 CO(7) + X(1) <=> OCX(25) -0.014 -0.016
23 CX(26) + OX(20) <=> OCX(25) + X(1) -0.014 -0.017
24 H2(6) + X(1) <=> H2X(49) 0.005 0.006
25 CH4(2) + HOX(22) + X(1) <=> CH3X(21) + H2OX(23) -0.023 -0.028
26 H2O(5) + X(1) <=> H2OX(23) -0.022 -0.028
27 H2OX(23) + OX(20) <=> 2 HOX(22) -0.007 -0.012
28 HOX(22) + HX(19) <=> H2OX(23) + X(1) -0.027 -0.034
29 CO(7) + X(1) <=> COX(50) -0.000 0.000
30 CO2(4) + X(1) <=> CO2X(24) -0.040 -0.051
31 OCX(25) + OX(20) <=> CO2X(24) + X(1) -0.039 -0.049
32 CO2X(24) + HX(19) <=> HOX(22) + OCX(25) -0.027 -0.034
33 CH2O(9) + 2 X(1) <=> CHOX(53) + HX(19) -0.027 -0.034
34 HCO(15) + X(1) <=> CHOX(53) -0.022 -0.028
35 CH3CHO(16) + 2 X(1) <=> CH3X(21) + CHOX(53) 0.013 0.017
36 CHOX(53) + X(1) <=> HX(19) + OCX(25) -0.014 -0.017
37 CHOX(53) + OX(20) <=> HOX(22) + OCX(25) -0.014 -0.017
38 CH2X(27) + CHOX(53) <=> CH3X(21) + OCX(25) -0.014 -0.017
39 CHOX(53) + CHX(28) <=> CH2X(27) + OCX(25) 0.000 -0.000
40 CHOX(53) + CX(26) <=> CHX(28) + OCX(25) -0.027 -0.034
Finished sensitivity simulation for a C/O ratio of 0.8
Finished translating for C/O ratio of 0.8
Starting sensitivity simulation for a C/O ratio of 0.7
0 CH4(2) + X(1) <=> CH4X(48) -0.023 -0.028
1 O2(3) + 2 X(1) <=> 2 OX(20) 0.540 0.548
2 H2(6) + 2 X(1) <=> 2 HX(19) -0.044 -0.045
3 H(12) + X(1) <=> HX(19) 0.018 0.019
4 HX(19) + OX(20) <=> HOX(22) + X(1) -0.043 -0.044
5 H2O(5) + 2 X(1) <=> HOX(22) + HX(19) 0.004 0.004
6 OH(17) + X(1) <=> HOX(22) 0.019 0.019
7 CH4(2) + 2 X(1) <=> CH3X(21) + HX(19) 0.018 0.018
8 CH4(2) + OX(20) + X(1) <=> CH3X(21) + HOX(22) -0.942 -0.980
9 C2H6(8) + 2 X(1) <=> 2 CH3X(21) 0.018 0.019
10 CH3(10) + X(1) <=> CH3X(21) -0.271 -0.262
11 CH3OH(14) + 2 X(1) <=> CH3X(21) + HOX(22) 0.018 0.019
12 CH2X(27) + HX(19) <=> CH3X(21) + X(1) -0.033 -0.035
13 CH2X(27) + HOX(22) <=> CH3X(21) + OX(20) -0.042 -0.044
14 CHX(28) + HX(19) <=> CH2X(27) + X(1) 0.000 0.000
15 CHX(28) + HOX(22) <=> CH2X(27) + OX(20) 0.033 0.034
16 2 CH2X(27) <=> CH3X(21) + CHX(28) 0.018 0.019
17 CHX(28) + X(1) <=> CX(26) + HX(19) 0.019 0.019
18 CX(26) + H2(6) <=> CH2X(27) -0.033 -0.035
19 CX(26) + HOX(22) <=> CHX(28) + OX(20) -0.033 -0.035
20 CH3X(21) + CX(26) <=> CH2X(27) + CHX(28) 0.019 0.019
21 CH2X(27) + CX(26) <=> 2 CHX(28) 0.019 0.019
22 CO(7) + X(1) <=> OCX(25) -0.043 -0.045
23 CX(26) + OX(20) <=> OCX(25) + X(1) -0.043 -0.044
24 H2(6) + X(1) <=> H2X(49) 0.018 0.019
25 CH4(2) + HOX(22) + X(1) <=> CH3X(21) + H2OX(23) -0.043 -0.045
26 H2O(5) + X(1) <=> H2OX(23) -0.043 -0.044
27 H2OX(23) + OX(20) <=> 2 HOX(22) 0.025 0.025
28 HOX(22) + HX(19) <=> H2OX(23) + X(1) 0.019 0.019
29 CO(7) + X(1) <=> COX(50) 0.019 0.019
30 CO2(4) + X(1) <=> CO2X(24) -0.066 -0.069
31 OCX(25) + OX(20) <=> CO2X(24) + X(1) 0.019 0.019
32 CO2X(24) + HX(19) <=> HOX(22) + OCX(25) -0.043 -0.044
33 CH2O(9) + 2 X(1) <=> CHOX(53) + HX(19) -0.043 -0.044
34 HCO(15) + X(1) <=> CHOX(53) -0.000 -0.000
35 CH3CHO(16) + 2 X(1) <=> CH3X(21) + CHOX(53) -0.043 -0.044
36 CHOX(53) + X(1) <=> HX(19) + OCX(25) 0.066 0.069
37 CHOX(53) + OX(20) <=> HOX(22) + OCX(25) 0.000 -0.000
38 CH2X(27) + CHOX(53) <=> CH3X(21) + OCX(25) -0.000 -0.000
39 CHOX(53) + CHX(28) <=> CH2X(27) + OCX(25) -0.000 0.000
40 CHOX(53) + CX(26) <=> CHX(28) + OCX(25) 0.000 -0.000
Finished sensitivity simulation for a C/O ratio of 0.7
Finished translating for C/O ratio of 0.7
Starting sensitivity simulation for a C/O ratio of 1.6
0 CH4(2) + X(1) <=> CH4X(48) 0.026 0.047
1 O2(3) + 2 X(1) <=> 2 OX(20) 0.024 0.026
2 H2(6) + 2 X(1) <=> 2 HX(19) 0.039 0.068
3 H(12) + X(1) <=> HX(19) -0.003 -0.006
4 HX(19) + OX(20) <=> HOX(22) + X(1) 0.021 0.038
5 H2O(5) + 2 X(1) <=> HOX(22) + HX(19) -0.002 -0.008
6 OH(17) + X(1) <=> HOX(22) 0.000 -0.000
7 CH4(2) + 2 X(1) <=> CH3X(21) + HX(19) 0.010 0.018
8 CH4(2) + OX(20) + X(1) <=> CH3X(21) + HOX(22) -0.117 -0.187
9 C2H6(8) + 2 X(1) <=> 2 CH3X(21) 0.025 0.037
10 CH3(10) + X(1) <=> CH3X(21) -0.024 -0.014
11 CH3OH(14) + 2 X(1) <=> CH3X(21) + HOX(22) 0.026 0.047
12 CH2X(27) + HX(19) <=> CH3X(21) + X(1) 0.012 0.021
13 CH2X(27) + HOX(22) <=> CH3X(21) + OX(20) 0.012 0.021
14 CHX(28) + HX(19) <=> CH2X(27) + X(1) 0.017 0.018
15 CHX(28) + HOX(22) <=> CH2X(27) + OX(20) 0.000 -0.000
16 2 CH2X(27) <=> CH3X(21) + CHX(28) 0.012 0.021
17 CHX(28) + X(1) <=> CX(26) + HX(19) 0.026 0.042
18 CX(26) + H2(6) <=> CH2X(27) 0.012 0.021
19 CX(26) + HOX(22) <=> CHX(28) + OX(20) 0.030 0.040
20 CH3X(21) + CX(26) <=> CH2X(27) + CHX(28) 0.012 0.021
21 CH2X(27) + CX(26) <=> 2 CHX(28) 0.015 0.022
22 CO(7) + X(1) <=> OCX(25) 0.026 0.041
23 CX(26) + OX(20) <=> OCX(25) + X(1) 0.012 0.021
24 H2(6) + X(1) <=> H2X(49) 0.000 0.000
25 CH4(2) + HOX(22) + X(1) <=> CH3X(21) + H2OX(23) 0.011 0.020
26 H2O(5) + X(1) <=> H2OX(23) 0.017 0.021
27 H2OX(23) + OX(20) <=> 2 HOX(22) 0.015 0.010
28 HOX(22) + HX(19) <=> H2OX(23) + X(1) 0.007 0.012
29 CO(7) + X(1) <=> COX(50) 0.015 0.022
30 CO2(4) + X(1) <=> CO2X(24) 0.011 0.017
31 OCX(25) + OX(20) <=> CO2X(24) + X(1) 0.012 0.020
32 CO2X(24) + HX(19) <=> HOX(22) + OCX(25) 0.012 0.016
33 CH2O(9) + 2 X(1) <=> CHOX(53) + HX(19) 0.040 0.062
34 HCO(15) + X(1) <=> CHOX(53) 0.012 0.021
35 CH3CHO(16) + 2 X(1) <=> CH3X(21) + CHOX(53) 0.026 0.042
36 CHOX(53) + X(1) <=> HX(19) + OCX(25) 0.007 0.012
37 CHOX(53) + OX(20) <=> HOX(22) + OCX(25) 0.017 0.021
38 CH2X(27) + CHOX(53) <=> CH3X(21) + OCX(25) 0.026 0.038
39 CHOX(53) + CHX(28) <=> CH2X(27) + OCX(25) 0.040 0.064
40 CHOX(53) + CX(26) <=> CHX(28) + OCX(25) 0.040 0.062
Finished sensitivity simulation for a C/O ratio of 1.6
Finished translating for C/O ratio of 1.6
Starting sensitivity simulation for a C/O ratio of 2.6
0 CH4(2) + X(1) <=> CH4X(48) -0.003 0.004
1 O2(3) + 2 X(1) <=> 2 OX(20) 0.000 -0.010
2 H2(6) + 2 X(1) <=> 2 HX(19) -0.013 -0.023
3 H(12) + X(1) <=> HX(19) -0.012 -0.023
4 HX(19) + OX(20) <=> HOX(22) + X(1) -0.013 -0.018
5 H2O(5) + 2 X(1) <=> HOX(22) + HX(19) -0.017 -0.032
6 OH(17) + X(1) <=> HOX(22) -0.003 0.004
7 CH4(2) + 2 X(1) <=> CH3X(21) + HX(19) -0.016 -0.023
8 CH4(2) + OX(20) + X(1) <=> CH3X(21) + HOX(22) -0.100 -0.209
9 C2H6(8) + 2 X(1) <=> 2 CH3X(21) -0.013 -0.022
10 CH3(10) + X(1) <=> CH3X(21) -0.014 -0.018
11 CH3OH(14) + 2 X(1) <=> CH3X(21) + HOX(22) -0.003 0.004
12 CH2X(27) + HX(19) <=> CH3X(21) + X(1) -0.016 -0.018
13 CH2X(27) + HOX(22) <=> CH3X(21) + OX(20) -0.011 -0.021
14 CHX(28) + HX(19) <=> CH2X(27) + X(1) -0.011 -0.021
15 CHX(28) + HOX(22) <=> CH2X(27) + OX(20) -0.013 -0.018
16 2 CH2X(27) <=> CH3X(21) + CHX(28) -0.016 -0.018
17 CHX(28) + X(1) <=> CX(26) + HX(19) -0.003 0.004
18 CX(26) + H2(6) <=> CH2X(27) -0.002 -0.003
19 CX(26) + HOX(22) <=> CHX(28) + OX(20) -0.003 0.004
20 CH3X(21) + CX(26) <=> CH2X(27) + CHX(28) -0.000 0.002
21 CH2X(27) + CX(26) <=> 2 CHX(28) -0.000 0.002
22 CO(7) + X(1) <=> OCX(25) -0.011 -0.022
23 CX(26) + OX(20) <=> OCX(25) + X(1) -0.011 -0.021
24 H2(6) + X(1) <=> H2X(49) -0.000 0.002
25 CH4(2) + HOX(22) + X(1) <=> CH3X(21) + H2OX(23) -0.013 -0.024
26 H2O(5) + X(1) <=> H2OX(23) -0.000 0.002
27 H2OX(23) + OX(20) <=> 2 HOX(22) -0.011 -0.022
28 HOX(22) + HX(19) <=> H2OX(23) + X(1) -0.003 0.004
29 CO(7) + X(1) <=> COX(50) 0.000 -0.000
30 CO2(4) + X(1) <=> CO2X(24) -0.027 -0.053
31 OCX(25) + OX(20) <=> CO2X(24) + X(1) 0.000 -0.000
32 CO2X(24) + HX(19) <=> HOX(22) + OCX(25) -0.013 -0.018
33 CH2O(9) + 2 X(1) <=> CHOX(53) + HX(19) 0.000 0.000
34 HCO(15) + X(1) <=> CHOX(53) -0.011 -0.021
35 CH3CHO(16) + 2 X(1) <=> CH3X(21) + CHOX(53) -0.013 -0.023
36 CHOX(53) + X(1) <=> HX(19) + OCX(25) -0.016 -0.018
37 CHOX(53) + OX(20) <=> HOX(22) + OCX(25) -0.011 -0.021
38 CH2X(27) + CHOX(53) <=> CH3X(21) + OCX(25) -0.003 0.004
39 CHOX(53) + CHX(28) <=> CH2X(27) + OCX(25) -0.003 0.004
40 CHOX(53) + CX(26) <=> CHX(28) + OCX(25) -0.016 -0.018
Finished sensitivity simulation for a C/O ratio of 2.6
Finished translating for C/O ratio of 2.6
Starting sensitivity simulation for a C/O ratio of 1.4
0 CH4(2) + X(1) <=> CH4X(48) -0.014 -0.024
1 O2(3) + 2 X(1) <=> 2 OX(20) 0.013 -0.015
2 H2(6) + 2 X(1) <=> 2 HX(19) -0.015 -0.022
3 H(12) + X(1) <=> HX(19) -0.028 -0.046
4 HX(19) + OX(20) <=> HOX(22) + X(1) -0.019 -0.035
5 H2O(5) + 2 X(1) <=> HOX(22) + HX(19) 0.004 -0.002
6 OH(17) + X(1) <=> HOX(22) -0.027 -0.043
7 CH4(2) + 2 X(1) <=> CH3X(21) + HX(19) -0.015 -0.024
8 CH4(2) + OX(20) + X(1) <=> CH3X(21) + HOX(22) -0.154 -0.209
9 C2H6(8) + 2 X(1) <=> 2 CH3X(21) 0.028 0.043
10 CH3(10) + X(1) <=> CH3X(21) -0.046 -0.025
11 CH3OH(14) + 2 X(1) <=> CH3X(21) + HOX(22) -0.014 -0.027
12 CH2X(27) + HX(19) <=> CH3X(21) + X(1) 0.000 0.001
13 CH2X(27) + HOX(22) <=> CH3X(21) + OX(20) -0.014 -0.024
14 CHX(28) + HX(19) <=> CH2X(27) + X(1) -0.000 -0.003
15 CHX(28) + HOX(22) <=> CH2X(27) + OX(20) -0.036 -0.059
16 2 CH2X(27) <=> CH3X(21) + CHX(28) 0.010 0.012
17 CHX(28) + X(1) <=> CX(26) + HX(19) -0.014 -0.024
18 CX(26) + H2(6) <=> CH2X(27) -0.014 -0.028
19 CX(26) + HOX(22) <=> CHX(28) + OX(20) -0.000 0.000
20 CH3X(21) + CX(26) <=> CH2X(27) + CHX(28) -0.014 -0.024
21 CH2X(27) + CX(26) <=> 2 CHX(28) -0.027 -0.043
22 CO(7) + X(1) <=> OCX(25) -0.032 -0.056
23 CX(26) + OX(20) <=> OCX(25) + X(1) -0.014 -0.027
24 H2(6) + X(1) <=> H2X(49) 0.014 0.024
25 CH4(2) + HOX(22) + X(1) <=> CH3X(21) + H2OX(23) -0.014 -0.028
26 H2O(5) + X(1) <=> H2OX(23) -0.014 -0.028
27 H2OX(23) + OX(20) <=> 2 HOX(22) -0.028 -0.055
28 HOX(22) + HX(19) <=> H2OX(23) + X(1) 0.015 0.019
29 CO(7) + X(1) <=> COX(50) -0.014 -0.028
30 CO2(4) + X(1) <=> CO2X(24) -0.042 -0.068
31 OCX(25) + OX(20) <=> CO2X(24) + X(1) 0.001 -0.010
32 CO2X(24) + HX(19) <=> HOX(22) + OCX(25) -0.014 -0.028
33 CH2O(9) + 2 X(1) <=> CHOX(53) + HX(19) 0.000 -0.005
34 HCO(15) + X(1) <=> CHOX(53) 0.000 -0.004
35 CH3CHO(16) + 2 X(1) <=> CH3X(21) + CHOX(53) 0.014 0.021
36 CHOX(53) + X(1) <=> HX(19) + OCX(25) 0.014 0.024
37 CHOX(53) + OX(20) <=> HOX(22) + OCX(25) -0.027 -0.043
38 CH2X(27) + CHOX(53) <=> CH3X(21) + OCX(25) -0.014 -0.027
39 CHOX(53) + CHX(28) <=> CH2X(27) + OCX(25) -0.000 -0.003
40 CHOX(53) + CX(26) <=> CHX(28) + OCX(25) -0.014 -0.022
Finished sensitivity simulation for a C/O ratio of 1.4
Finished translating for C/O ratio of 1.4
Starting sensitivity simulation for a C/O ratio of 1.8
0 CH4(2) + X(1) <=> CH4X(48) 0.005 0.020
1 O2(3) + 2 X(1) <=> 2 OX(20) 0.011 0.017
2 H2(6) + 2 X(1) <=> 2 HX(19) 0.005 0.010
3 H(12) + X(1) <=> HX(19) 0.018 0.034
4 HX(19) + OX(20) <=> HOX(22) + X(1) 0.019 0.046
5 H2O(5) + 2 X(1) <=> HOX(22) + HX(19) 0.004 0.000
6 OH(17) + X(1) <=> HOX(22) 0.005 0.016
7 CH4(2) + 2 X(1) <=> CH3X(21) + HX(19) 0.017 0.028
8 CH4(2) + OX(20) + X(1) <=> CH3X(21) + HOX(22) -0.111 -0.197
9 C2H6(8) + 2 X(1) <=> 2 CH3X(21) -0.006 -0.003
10 CH3(10) + X(1) <=> CH3X(21) -0.002 0.007
11 CH3OH(14) + 2 X(1) <=> CH3X(21) + HOX(22) 0.005 0.018
12 CH2X(27) + HX(19) <=> CH3X(21) + X(1) 0.001 -0.002
13 CH2X(27) + HOX(22) <=> CH3X(21) + OX(20) -0.006 -0.003
14 CHX(28) + HX(19) <=> CH2X(27) + X(1) 0.012 0.025
15 CHX(28) + HOX(22) <=> CH2X(27) + OX(20) 0.003 0.001
16 2 CH2X(27) <=> CH3X(21) + CHX(28) 0.006 0.001
17 CHX(28) + X(1) <=> CX(26) + HX(19) -0.001 0.005
18 CX(26) + H2(6) <=> CH2X(27) 0.005 0.023
19 CX(26) + HOX(22) <=> CHX(28) + OX(20) 0.013 0.032
20 CH3X(21) + CX(26) <=> CH2X(27) + CHX(28) 0.005 0.023
21 CH2X(27) + CX(26) <=> 2 CHX(28) 0.018 0.024
22 CO(7) + X(1) <=> OCX(25) 0.005 0.010
23 CX(26) + OX(20) <=> OCX(25) + X(1) 0.006 0.007
24 H2(6) + X(1) <=> H2X(49) -0.001 -0.003
25 CH4(2) + HOX(22) + X(1) <=> CH3X(21) + H2OX(23) 0.019 0.045
26 H2O(5) + X(1) <=> H2OX(23) 0.020 0.028
27 H2OX(23) + OX(20) <=> 2 HOX(22) -0.001 0.001
28 HOX(22) + HX(19) <=> H2OX(23) + X(1) 0.019 0.038
29 CO(7) + X(1) <=> COX(50) -0.006 -0.003
30 CO2(4) + X(1) <=> CO2X(24) -0.021 -0.029
31 OCX(25) + OX(20) <=> CO2X(24) + X(1) -0.002 0.002
32 CO2X(24) + HX(19) <=> HOX(22) + OCX(25) 0.006 0.012
33 CH2O(9) + 2 X(1) <=> CHOX(53) + HX(19) 0.019 0.038
34 HCO(15) + X(1) <=> CHOX(53) 0.005 0.020
35 CH3CHO(16) + 2 X(1) <=> CH3X(21) + CHOX(53) 0.005 0.010
36 CHOX(53) + X(1) <=> HX(19) + OCX(25) 0.012 0.026
37 CHOX(53) + OX(20) <=> HOX(22) + OCX(25) 0.006 0.007
38 CH2X(27) + CHOX(53) <=> CH3X(21) + OCX(25) -0.002 0.002
39 CHOX(53) + CHX(28) <=> CH2X(27) + OCX(25) 0.019 0.046
40 CHOX(53) + CX(26) <=> CHX(28) + OCX(25) 0.006 0.006
Finished sensitivity simulation for a C/O ratio of 1.8
Finished translating for C/O ratio of 1.8
Starting sensitivity simulation for a C/O ratio of 0.6
0 CH4(2) + X(1) <=> CH4X(48) 2.403 7.166
1 O2(3) + 2 X(1) <=> 2 OX(20) 18.542 47.667
2 H2(6) + 2 X(1) <=> 2 HX(19) 0.236 0.730
3 H(12) + X(1) <=> HX(19) 0.226 0.673
4 HX(19) + OX(20) <=> HOX(22) + X(1) 0.001 0.003
5 H2O(5) + 2 X(1) <=> HOX(22) + HX(19) -1.721 -5.141
6 OH(17) + X(1) <=> HOX(22) 0.000 0.001
7 CH4(2) + 2 X(1) <=> CH3X(21) + HX(19) 0.569 1.697
8 CH4(2) + OX(20) + X(1) <=> CH3X(21) + HOX(22) -48.502 -122.133
9 C2H6(8) + 2 X(1) <=> 2 CH3X(21) -1.357 -4.043
10 CH3(10) + X(1) <=> CH3X(21) -1.387 -4.079
11 CH3OH(14) + 2 X(1) <=> CH3X(21) + HOX(22) -0.000 -0.000
12 CH2X(27) + HX(19) <=> CH3X(21) + X(1) 0.226 0.674
13 CH2X(27) + HOX(22) <=> CH3X(21) + OX(20) -1.639 -4.884
14 CHX(28) + HX(19) <=> CH2X(27) + X(1) 0.845 2.524
15 CHX(28) + HOX(22) <=> CH2X(27) + OX(20) -1.724 -5.139
16 2 CH2X(27) <=> CH3X(21) + CHX(28) -1.724 -5.139
17 CHX(28) + X(1) <=> CX(26) + HX(19) -1.783 -5.309
18 CX(26) + H2(6) <=> CH2X(27) 0.569 1.698
19 CX(26) + HOX(22) <=> CHX(28) + OX(20) -1.783 -5.309
20 CH3X(21) + CX(26) <=> CH2X(27) + CHX(28) -1.783 -5.309
21 CH2X(27) + CX(26) <=> 2 CHX(28) 0.000 0.000
22 CO(7) + X(1) <=> OCX(25) 0.225 0.680
23 CX(26) + OX(20) <=> OCX(25) + X(1) 0.569 1.698
24 H2(6) + X(1) <=> H2X(49) 0.001 0.002
25 CH4(2) + HOX(22) + X(1) <=> CH3X(21) + H2OX(23) -1.642 -4.889
26 H2O(5) + X(1) <=> H2OX(23) 0.225 0.673
27 H2OX(23) + OX(20) <=> 2 HOX(22) 2.176 6.425
28 HOX(22) + HX(19) <=> H2OX(23) + X(1) -1.783 -5.309
29 CO(7) + X(1) <=> COX(50) -1.724 -5.139
30 CO2(4) + X(1) <=> CO2X(24) -1.991 -6.050
31 OCX(25) + OX(20) <=> CO2X(24) + X(1) -1.717 -5.131
32 CO2X(24) + HX(19) <=> HOX(22) + OCX(25) -1.783 -5.309
33 CH2O(9) + 2 X(1) <=> CHOX(53) + HX(19) 0.226 0.674
34 HCO(15) + X(1) <=> CHOX(53) -1.783 -5.309
35 CH3CHO(16) + 2 X(1) <=> CH3X(21) + CHOX(53) 0.001 0.002
36 CHOX(53) + X(1) <=> HX(19) + OCX(25) -1.783 -5.309
37 CHOX(53) + OX(20) <=> HOX(22) + OCX(25) 0.000 0.000
38 CH2X(27) + CHOX(53) <=> CH3X(21) + OCX(25) -1.783 -5.309
39 CHOX(53) + CHX(28) <=> CH2X(27) + OCX(25) 0.000 0.001
40 CHOX(53) + CX(26) <=> CHX(28) + OCX(25) -1.783 -5.309
Finished sensitivity simulation for a C/O ratio of 0.6
Finished translating for C/O ratio of 0.6
Starting sensitivity simulation for a C/O ratio of 1.3
0 CH4(2) + X(1) <=> CH4X(48) 0.005 0.010
1 O2(3) + 2 X(1) <=> 2 OX(20) 0.056 0.053
2 H2(6) + 2 X(1) <=> 2 HX(19) 0.016 0.022
3 H(12) + X(1) <=> HX(19) 0.013 0.018
4 HX(19) + OX(20) <=> HOX(22) + X(1) 0.004 0.002
5 H2O(5) + 2 X(1) <=> HOX(22) + HX(19) 0.002 -0.003
6 OH(17) + X(1) <=> HOX(22) 0.004 0.005
7 CH4(2) + 2 X(1) <=> CH3X(21) + HX(19) 0.013 0.022
8 CH4(2) + OX(20) + X(1) <=> CH3X(21) + HOX(22) -0.151 -0.207
9 C2H6(8) + 2 X(1) <=> 2 CH3X(21) 0.016 0.026
10 CH3(10) + X(1) <=> CH3X(21) -0.065 -0.042
11 CH3OH(14) + 2 X(1) <=> CH3X(21) + HOX(22) 0.002 0.002
12 CH2X(27) + HX(19) <=> CH3X(21) + X(1) 0.019 0.025
13 CH2X(27) + HOX(22) <=> CH3X(21) + OX(20) 0.003 -0.000
14 CHX(28) + HX(19) <=> CH2X(27) + X(1) 0.003 -0.000
15 CHX(28) + HOX(22) <=> CH2X(27) + OX(20) 0.005 0.010
16 2 CH2X(27) <=> CH3X(21) + CHX(28) -0.004 -0.004
17 CHX(28) + X(1) <=> CX(26) + HX(19) 0.004 0.005
18 CX(26) + H2(6) <=> CH2X(27) 0.006 0.010
19 CX(26) + HOX(22) <=> CHX(28) + OX(20) -0.000 -0.000
20 CH3X(21) + CX(26) <=> CH2X(27) + CHX(28) 0.018 0.030
21 CH2X(27) + CX(26) <=> 2 CHX(28) -0.004 -0.004
22 CO(7) + X(1) <=> OCX(25) 0.003 -0.000
23 CX(26) + OX(20) <=> OCX(25) + X(1) 0.002 0.002
24 H2(6) + X(1) <=> H2X(49) 0.003 -0.000
25 CH4(2) + HOX(22) + X(1) <=> CH3X(21) + H2OX(23) -0.001 -0.001
26 H2O(5) + X(1) <=> H2OX(23) -0.004 -0.004
27 H2OX(23) + OX(20) <=> 2 HOX(22) 0.009 0.012
28 HOX(22) + HX(19) <=> H2OX(23) + X(1) 0.014 0.023
29 CO(7) + X(1) <=> COX(50) 0.014 0.023
30 CO2(4) + X(1) <=> CO2X(24) 0.004 0.004
31 OCX(25) + OX(20) <=> CO2X(24) + X(1) 0.003 -0.000
32 CO2X(24) + HX(19) <=> HOX(22) + OCX(25) 0.003 -0.000
33 CH2O(9) + 2 X(1) <=> CHOX(53) + HX(19) 0.004 0.005
34 HCO(15) + X(1) <=> CHOX(53) 0.004 0.002
35 CH3CHO(16) + 2 X(1) <=> CH3X(21) + CHOX(53) -0.004 -0.004
36 CHOX(53) + X(1) <=> HX(19) + OCX(25) 0.004 0.002
37 CHOX(53) + OX(20) <=> HOX(22) + OCX(25) 0.014 0.023
38 CH2X(27) + CHOX(53) <=> CH3X(21) + OCX(25) -0.000 -0.000
39 CHOX(53) + CHX(28) <=> CH2X(27) + OCX(25) 0.003 -0.000
40 CHOX(53) + CX(26) <=> CHX(28) + OCX(25) 0.002 0.002
Finished sensitivity simulation for a C/O ratio of 1.3
Finished translating for C/O ratio of 1.3
Starting sensitivity simulation for a C/O ratio of 2.0
0 CH4(2) + X(1) <=> CH4X(48) -0.004 -0.015
1 O2(3) + 2 X(1) <=> 2 OX(20) 0.001 0.001
2 H2(6) + 2 X(1) <=> 2 HX(19) -0.000 -0.007
3 H(12) + X(1) <=> HX(19) -0.011 -0.020
4 HX(19) + OX(20) <=> HOX(22) + X(1) 0.009 0.013
5 H2O(5) + 2 X(1) <=> HOX(22) + HX(19) -0.003 -0.016
6 OH(17) + X(1) <=> HOX(22) 0.009 0.013
7 CH4(2) + 2 X(1) <=> CH3X(21) + HX(19) 0.024 0.040
8 CH4(2) + OX(20) + X(1) <=> CH3X(21) + HOX(22) -0.107 -0.209
9 C2H6(8) + 2 X(1) <=> 2 CH3X(21) -0.001 -0.006
10 CH3(10) + X(1) <=> CH3X(21) -0.003 -0.003
11 CH3OH(14) + 2 X(1) <=> CH3X(21) + HOX(22) 0.026 0.049
12 CH2X(27) + HX(19) <=> CH3X(21) + X(1) -0.004 -0.015
13 CH2X(27) + HOX(22) <=> CH3X(21) + OX(20) -0.004 -0.015
14 CHX(28) + HX(19) <=> CH2X(27) + X(1) -0.003 -0.012
15 CHX(28) + HOX(22) <=> CH2X(27) + OX(20) 0.013 0.021
16 2 CH2X(27) <=> CH3X(21) + CHX(28) -0.000 0.002
17 CHX(28) + X(1) <=> CX(26) + HX(19) -0.000 -0.006
18 CX(26) + H2(6) <=> CH2X(27) -0.003 -0.012
19 CX(26) + HOX(22) <=> CHX(28) + OX(20) -0.000 0.001
20 CH3X(21) + CX(26) <=> CH2X(27) + CHX(28) 0.013 0.016
21 CH2X(27) + CX(26) <=> 2 CHX(28) -0.000 -0.005
22 CO(7) + X(1) <=> OCX(25) -0.000 -0.005
23 CX(26) + OX(20) <=> OCX(25) + X(1) 0.013 0.017
24 H2(6) + X(1) <=> H2X(49) -0.003 -0.012
25 CH4(2) + HOX(22) + X(1) <=> CH3X(21) + H2OX(23) 0.009 0.012
26 H2O(5) + X(1) <=> H2OX(23) -0.000 -0.007
27 H2OX(23) + OX(20) <=> 2 HOX(22) -0.004 -0.015
28 HOX(22) + HX(19) <=> H2OX(23) + X(1) 0.013 0.021
29 CO(7) + X(1) <=> COX(50) 0.027 0.045
30 CO2(4) + X(1) <=> CO2X(24) 0.000 -0.007
31 OCX(25) + OX(20) <=> CO2X(24) + X(1) 0.013 0.020
32 CO2X(24) + HX(19) <=> HOX(22) + OCX(25) -0.000 0.002
33 CH2O(9) + 2 X(1) <=> CHOX(53) + HX(19) -0.010 -0.019
34 HCO(15) + X(1) <=> CHOX(53) 0.013 0.025
35 CH3CHO(16) + 2 X(1) <=> CH3X(21) + CHOX(53) -0.000 -0.003
36 CHOX(53) + X(1) <=> HX(19) + OCX(25) -0.004 -0.015
37 CHOX(53) + OX(20) <=> HOX(22) + OCX(25) -0.004 -0.015
38 CH2X(27) + CHOX(53) <=> CH3X(21) + OCX(25) 0.013 0.017
39 CHOX(53) + CHX(28) <=> CH2X(27) + OCX(25) 0.013 0.021
40 CHOX(53) + CX(26) <=> CHX(28) + OCX(25) 0.013 0.033
Finished sensitivity simulation for a C/O ratio of 2.0
Finished translating for C/O ratio of 2.0
Starting sensitivity simulation for a C/O ratio of 2.4
0 CH4(2) + X(1) <=> CH4X(48) 0.036 0.071
1 O2(3) + 2 X(1) <=> 2 OX(20) 0.027 0.051
2 H2(6) + 2 X(1) <=> 2 HX(19) 0.005 0.004
3 H(12) + X(1) <=> HX(19) 0.035 0.069
4 HX(19) + OX(20) <=> HOX(22) + X(1) 0.005 0.000
5 H2O(5) + 2 X(1) <=> HOX(22) + HX(19) 0.021 0.035
6 OH(17) + X(1) <=> HOX(22) 0.010 0.029
7 CH4(2) + 2 X(1) <=> CH3X(21) + HX(19) -0.008 -0.007
8 CH4(2) + OX(20) + X(1) <=> CH3X(21) + HOX(22) -0.098 -0.206
9 C2H6(8) + 2 X(1) <=> 2 CH3X(21) 0.011 0.015
10 CH3(10) + X(1) <=> CH3X(21) -0.003 0.004
11 CH3OH(14) + 2 X(1) <=> CH3X(21) + HOX(22) 0.011 0.015
12 CH2X(27) + HX(19) <=> CH3X(21) + X(1) 0.011 0.014
13 CH2X(27) + HOX(22) <=> CH3X(21) + OX(20) 0.011 0.017
14 CHX(28) + HX(19) <=> CH2X(27) + X(1) 0.005 0.014
15 CHX(28) + HOX(22) <=> CH2X(27) + OX(20) 0.006 0.004
16 2 CH2X(27) <=> CH3X(21) + CHX(28) 0.011 0.015
17 CHX(28) + X(1) <=> CX(26) + HX(19) 0.028 0.054
18 CX(26) + H2(6) <=> CH2X(27) 0.011 0.015
19 CX(26) + HOX(22) <=> CHX(28) + OX(20) 0.011 0.014
20 CH3X(21) + CX(26) <=> CH2X(27) + CHX(28) 0.017 0.030
21 CH2X(27) + CX(26) <=> 2 CHX(28) 0.011 0.015
22 CO(7) + X(1) <=> OCX(25) 0.023 0.054
23 CX(26) + OX(20) <=> OCX(25) + X(1) -0.002 0.004
24 H2(6) + X(1) <=> H2X(49) 0.010 0.027
25 CH4(2) + HOX(22) + X(1) <=> CH3X(21) + H2OX(23) 0.017 0.026
26 H2O(5) + X(1) <=> H2OX(23) 0.018 0.033
27 H2OX(23) + OX(20) <=> 2 HOX(22) 0.001 0.006
28 HOX(22) + HX(19) <=> H2OX(23) + X(1) 0.002 0.002
29 CO(7) + X(1) <=> COX(50) 0.011 0.022
30 CO2(4) + X(1) <=> CO2X(24) -0.010 -0.027
31 OCX(25) + OX(20) <=> CO2X(24) + X(1) 0.023 0.053
32 CO2X(24) + HX(19) <=> HOX(22) + OCX(25) 0.011 0.017
33 CH2O(9) + 2 X(1) <=> CHOX(53) + HX(19) 0.004 0.002
34 HCO(15) + X(1) <=> CHOX(53) 0.005 0.014
35 CH3CHO(16) + 2 X(1) <=> CH3X(21) + CHOX(53) 0.036 0.068
36 CHOX(53) + X(1) <=> HX(19) + OCX(25) 0.023 0.044
37 CHOX(53) + OX(20) <=> HOX(22) + OCX(25) 0.028 0.053
38 CH2X(27) + CHOX(53) <=> CH3X(21) + OCX(25) 0.011 0.014
39 CHOX(53) + CHX(28) <=> CH2X(27) + OCX(25) 0.015 0.025
40 CHOX(53) + CX(26) <=> CHX(28) + OCX(25) 0.023 0.042
Finished sensitivity simulation for a C/O ratio of 2.4
Finished translating for C/O ratio of 2.4
Starting sensitivity simulation for a C/O ratio of 2.2
0 CH4(2) + X(1) <=> CH4X(48) -0.037 -0.087
1 O2(3) + 2 X(1) <=> 2 OX(20) -0.038 -0.088
2 H2(6) + 2 X(1) <=> 2 HX(19) -0.039 -0.075
3 H(12) + X(1) <=> HX(19) -0.045 -0.087
4 HX(19) + OX(20) <=> HOX(22) + X(1) -0.025 -0.054
5 H2O(5) + 2 X(1) <=> HOX(22) + HX(19) -0.028 -0.069
6 OH(17) + X(1) <=> HOX(22) -0.049 -0.106
7 CH4(2) + 2 X(1) <=> CH3X(21) + HX(19) -0.041 -0.088
8 CH4(2) + OX(20) + X(1) <=> CH3X(21) + HOX(22) -0.138 -0.283
9 C2H6(8) + 2 X(1) <=> 2 CH3X(21) -0.026 -0.056
10 CH3(10) + X(1) <=> CH3X(21) -0.052 -0.110
11 CH3OH(14) + 2 X(1) <=> CH3X(21) + HOX(22) -0.037 -0.078
12 CH2X(27) + HX(19) <=> CH3X(21) + X(1) -0.013 -0.034
13 CH2X(27) + HOX(22) <=> CH3X(21) + OX(20) -0.026 -0.052
14 CHX(28) + HX(19) <=> CH2X(27) + X(1) -0.026 -0.056
15 CHX(28) + HOX(22) <=> CH2X(27) + OX(20) -0.038 -0.082
16 2 CH2X(27) <=> CH3X(21) + CHX(28) -0.026 -0.055
17 CHX(28) + X(1) <=> CX(26) + HX(19) -0.037 -0.078
18 CX(26) + H2(6) <=> CH2X(27) -0.039 -0.074
19 CX(26) + HOX(22) <=> CHX(28) + OX(20) -0.056 -0.111
20 CH3X(21) + CX(26) <=> CH2X(27) + CHX(28) -0.025 -0.054
21 CH2X(27) + CX(26) <=> 2 CHX(28) -0.026 -0.046
22 CO(7) + X(1) <=> OCX(25) -0.056 -0.111
23 CX(26) + OX(20) <=> OCX(25) + X(1) -0.040 -0.081
24 H2(6) + X(1) <=> H2X(49) -0.051 -0.110
25 CH4(2) + HOX(22) + X(1) <=> CH3X(21) + H2OX(23) -0.037 -0.079
26 H2O(5) + X(1) <=> H2OX(23) -0.026 -0.056
27 H2OX(23) + OX(20) <=> 2 HOX(22) -0.055 -0.111
28 HOX(22) + HX(19) <=> H2OX(23) + X(1) -0.049 -0.107
29 CO(7) + X(1) <=> COX(50) -0.026 -0.060
30 CO2(4) + X(1) <=> CO2X(24) -0.064 -0.137
31 OCX(25) + OX(20) <=> CO2X(24) + X(1) -0.057 -0.113
32 CO2X(24) + HX(19) <=> HOX(22) + OCX(25) -0.038 -0.082
33 CH2O(9) + 2 X(1) <=> CHOX(53) + HX(19) -0.056 -0.111
34 HCO(15) + X(1) <=> CHOX(53) -0.052 -0.102
35 CH3CHO(16) + 2 X(1) <=> CH3X(21) + CHOX(53) -0.025 -0.054
36 CHOX(53) + X(1) <=> HX(19) + OCX(25) -0.039 -0.083
37 CHOX(53) + OX(20) <=> HOX(22) + OCX(25) -0.039 -0.074
38 CH2X(27) + CHOX(53) <=> CH3X(21) + OCX(25) -0.052 -0.102
39 CHOX(53) + CHX(28) <=> CH2X(27) + OCX(25) -0.051 -0.110
40 CHOX(53) + CX(26) <=> CHX(28) + OCX(25) -0.051 -0.106
Finished sensitivity simulation for a C/O ratio of 2.2
Finished translating for C/O ratio of 2.2
