This mechanism contains 64 gas reactions and 38 surface reactions
Finished simulation at a C/O ratio of 2.2
Finished simulation at a C/O ratio of 1.2
Finished simulation at a C/O ratio of 1.1
Finished simulation at a C/O ratio of 0.8
Finished simulation at a C/O ratio of 1.4
Finished simulation at a C/O ratio of 1.3
Finished simulation at a C/O ratio of 0.6
Finished simulation at a C/O ratio of 1.8
Finished simulation at a C/O ratio of 2.0
Finished simulation at a C/O ratio of 2.4
Finished simulation at a C/O ratio of 0.9
Finished simulation at a C/O ratio of 1.6
Finished simulation at a C/O ratio of 0.7
Finished simulation at a C/O ratio of 1.0
Finished simulation at a C/O ratio of 2.6
Starting sensitivity simulation for a C/O ratio of 0.7
0 CH4(2) + X(1) <=> CH4X(48) 0.000 -0.000
1 O2(3) + 2 X(1) <=> 2 OX(20) 0.000 0.000
2 H2(6) + 2 X(1) <=> 2 HX(19) -0.000 -0.000
3 H(12) + X(1) <=> HX(19) 0.000 0.000
4 CH4(2) + 2 X(1) <=> CH3X(21) + HX(19) 0.165 -0.562
5 C2H6(8) + 2 X(1) <=> 2 CH3X(21) 0.000 0.000
6 CH3(10) + X(1) <=> CH3X(21) -0.000 -0.000
7 CH2X(27) + HX(19) <=> CH3X(21) + X(1) -0.003 -0.003
8 CHX(28) + HX(19) <=> CH2X(27) + X(1) -0.000 -0.000
9 2 CH2X(27) <=> CH3X(21) + CHX(28) 0.000 -0.000
10 CHX(28) + X(1) <=> CX(26) + HX(19) 0.000 -0.000
11 CX(26) + H2(6) <=> CH2X(27) 0.000 -0.000
12 CH3X(21) + CX(26) <=> CH2X(27) + CHX(28) -0.000 -0.000
13 CH2X(27) + CX(26) <=> 2 CHX(28) 0.000 -0.000
14 H2(6) + X(1) <=> H2X(49) 0.000 -0.000
15 CH4(2) + OX(20) + X(1) <=> CH3X(21) + HOX(22) 0.069 -0.160
16 HX(19) + OX(20) <=> HOX(22) + X(1) 0.334 0.331
17 H2O(5) + 2 X(1) <=> HOX(22) + HX(19) -0.015 -0.013
18 CH3OH(14) + 2 X(1) <=> CH3X(21) + HOX(22) 0.001 0.002
19 OH(17) + X(1) <=> HOX(22) 0.000 -0.005
20 CH2X(27) + HOX(22) <=> CH3X(21) + OX(20) 0.001 0.001
21 CHX(28) + HOX(22) <=> CH2X(27) + OX(20) 0.000 0.000
22 CX(26) + HOX(22) <=> CHX(28) + OX(20) 0.000 -0.000
23 CH4(2) + HOX(22) + X(1) <=> CH3X(21) + H2OX(23) 0.007 -0.076
24 H2O(5) + X(1) <=> H2OX(23) 0.000 -0.000
25 H2OX(23) + OX(20) <=> 2 HOX(22) -0.413 -0.370
26 HOX(22) + HX(19) <=> H2OX(23) + X(1) 0.000 -0.000
27 CO(7) + X(1) <=> OCX(25) -0.000 -0.000
28 CX(26) + OX(20) <=> OCX(25) + X(1) -0.000 -0.000
29 CO(7) + X(1) <=> COX(50) 0.000 -0.000
30 CH3OH(14) + X(1) <=> CH4OX(60) 0.000 -0.000
31 C2H6(8) + X(1) <=> C2H6X(52) 0.000 -0.000
32 C2H4(47) + X(1) <=> C2H4X(206) 0.000 -0.000
33 C2H4(18) + X(1) <=> C2H4X(65) 0.000 -0.000
34 CH2O(9) + X(1) <=> CH2OX(54) 0.000 -0.000
35 CO2(4) + X(1) <=> CO2X(24) 0.000 -0.000
36 OCX(25) + OX(20) <=> CO2X(24) + X(1) 0.000 -0.000
37 CO2X(24) + HX(19) <=> HOX(22) + OCX(25) 0.828 0.828
Finished sensitivity simulation for a C/O ratio of 0.7
Finished translating for C/O ratio of 0.7
Starting sensitivity simulation for a C/O ratio of 1.2
0 CH4(2) + X(1) <=> CH4X(48) -0.000 0.000
1 O2(3) + 2 X(1) <=> 2 OX(20) -0.000 0.000
2 H2(6) + 2 X(1) <=> 2 HX(19) -0.000 -0.000
3 H(12) + X(1) <=> HX(19) -0.000 0.000
4 CH4(2) + 2 X(1) <=> CH3X(21) + HX(19) 0.029 -0.705
5 C2H6(8) + 2 X(1) <=> 2 CH3X(21) 0.001 0.001
6 CH3(10) + X(1) <=> CH3X(21) -0.000 -0.000
7 CH2X(27) + HX(19) <=> CH3X(21) + X(1) -0.005 -0.005
8 CHX(28) + HX(19) <=> CH2X(27) + X(1) -0.000 -0.000
9 2 CH2X(27) <=> CH3X(21) + CHX(28) -0.000 -0.000
10 CHX(28) + X(1) <=> CX(26) + HX(19) -0.000 0.000
11 CX(26) + H2(6) <=> CH2X(27) -0.000 -0.000
12 CH3X(21) + CX(26) <=> CH2X(27) + CHX(28) -0.000 -0.000
13 CH2X(27) + CX(26) <=> 2 CHX(28) -0.000 0.000
14 H2(6) + X(1) <=> H2X(49) -0.000 -0.000
15 CH4(2) + OX(20) + X(1) <=> CH3X(21) + HOX(22) 0.034 -0.180
16 HX(19) + OX(20) <=> HOX(22) + X(1) 0.560 0.556
17 H2O(5) + 2 X(1) <=> HOX(22) + HX(19) -0.009 -0.006
18 CH3OH(14) + 2 X(1) <=> CH3X(21) + HOX(22) 0.002 0.002
19 OH(17) + X(1) <=> HOX(22) -0.000 -0.005
20 CH2X(27) + HOX(22) <=> CH3X(21) + OX(20) 0.001 0.001
21 CHX(28) + HOX(22) <=> CH2X(27) + OX(20) 0.001 0.001
22 CX(26) + HOX(22) <=> CHX(28) + OX(20) -0.000 0.000
23 CH4(2) + HOX(22) + X(1) <=> CH3X(21) + H2OX(23) -0.003 -0.102
24 H2O(5) + X(1) <=> H2OX(23) -0.000 0.000
25 H2OX(23) + OX(20) <=> 2 HOX(22) -0.351 -0.301
26 HOX(22) + HX(19) <=> H2OX(23) + X(1) -0.000 -0.000
27 CO(7) + X(1) <=> OCX(25) -0.000 -0.000
28 CX(26) + OX(20) <=> OCX(25) + X(1) -0.001 -0.001
29 CO(7) + X(1) <=> COX(50) -0.000 0.000
30 CH3OH(14) + X(1) <=> CH4OX(60) -0.000 0.000
31 C2H6(8) + X(1) <=> C2H6X(52) -0.000 0.000
32 C2H4(47) + X(1) <=> C2H4X(206) -0.000 0.000
33 C2H4(18) + X(1) <=> C2H4X(65) -0.000 0.000
34 CH2O(9) + X(1) <=> CH2OX(54) -0.000 -0.000
35 CO2(4) + X(1) <=> CO2X(24) -0.000 0.000
36 OCX(25) + OX(20) <=> CO2X(24) + X(1) -0.000 0.000
37 CO2X(24) + HX(19) <=> HOX(22) + OCX(25) 0.711 0.711
Finished sensitivity simulation for a C/O ratio of 1.2
Finished translating for C/O ratio of 1.2
Starting sensitivity simulation for a C/O ratio of 1.6
0 CH4(2) + X(1) <=> CH4X(48) 0.000 -0.000
1 O2(3) + 2 X(1) <=> 2 OX(20) 0.000 0.000
2 H2(6) + 2 X(1) <=> 2 HX(19) -0.000 -0.000
3 H(12) + X(1) <=> HX(19) 0.000 0.000
4 CH4(2) + 2 X(1) <=> CH3X(21) + HX(19) -0.057 -0.797
5 C2H6(8) + 2 X(1) <=> 2 CH3X(21) 0.001 0.001
6 CH3(10) + X(1) <=> CH3X(21) 0.000 -0.000
7 CH2X(27) + HX(19) <=> CH3X(21) + X(1) -0.006 -0.006
8 CHX(28) + HX(19) <=> CH2X(27) + X(1) -0.000 -0.000
9 2 CH2X(27) <=> CH3X(21) + CHX(28) 0.000 -0.000
10 CHX(28) + X(1) <=> CX(26) + HX(19) 0.000 -0.000
11 CX(26) + H2(6) <=> CH2X(27) 0.000 -0.000
12 CH3X(21) + CX(26) <=> CH2X(27) + CHX(28) -0.000 -0.000
13 CH2X(27) + CX(26) <=> 2 CHX(28) 0.000 -0.000
14 H2(6) + X(1) <=> H2X(49) 0.000 -0.000
15 CH4(2) + OX(20) + X(1) <=> CH3X(21) + HOX(22) 0.015 -0.189
16 HX(19) + OX(20) <=> HOX(22) + X(1) 0.703 0.698
17 H2O(5) + 2 X(1) <=> HOX(22) + HX(19) -0.003 0.001
18 CH3OH(14) + 2 X(1) <=> CH3X(21) + HOX(22) 0.003 0.003
19 OH(17) + X(1) <=> HOX(22) -0.001 -0.005
20 CH2X(27) + HOX(22) <=> CH3X(21) + OX(20) 0.001 0.001
21 CHX(28) + HOX(22) <=> CH2X(27) + OX(20) 0.003 0.003
22 CX(26) + HOX(22) <=> CHX(28) + OX(20) 0.000 -0.000
23 CH4(2) + HOX(22) + X(1) <=> CH3X(21) + H2OX(23) -0.011 -0.119
24 H2O(5) + X(1) <=> H2OX(23) 0.000 -0.000
25 H2OX(23) + OX(20) <=> 2 HOX(22) -0.312 -0.258
26 HOX(22) + HX(19) <=> H2OX(23) + X(1) 0.000 -0.000
27 CO(7) + X(1) <=> OCX(25) -0.000 -0.000
28 CX(26) + OX(20) <=> OCX(25) + X(1) -0.003 -0.003
29 CO(7) + X(1) <=> COX(50) 0.000 -0.000
30 CH3OH(14) + X(1) <=> CH4OX(60) 0.000 -0.000
31 C2H6(8) + X(1) <=> C2H6X(52) 0.000 -0.000
32 C2H4(47) + X(1) <=> C2H4X(206) 0.000 -0.000
33 C2H4(18) + X(1) <=> C2H4X(65) 0.000 -0.000
34 CH2O(9) + X(1) <=> CH2OX(54) 0.000 -0.000
35 CO2(4) + X(1) <=> CO2X(24) 0.000 -0.000
36 OCX(25) + OX(20) <=> CO2X(24) + X(1) 0.000 -0.000
37 CO2X(24) + HX(19) <=> HOX(22) + OCX(25) 0.634 0.634
Finished sensitivity simulation for a C/O ratio of 1.6
Finished translating for C/O ratio of 1.6
Starting sensitivity simulation for a C/O ratio of 0.6
0 CH4(2) + X(1) <=> CH4X(48) -0.000 0.000
1 O2(3) + 2 X(1) <=> 2 OX(20) -0.000 0.000
2 H2(6) + 2 X(1) <=> 2 HX(19) -0.000 -0.000
3 H(12) + X(1) <=> HX(19) -0.000 0.000
4 CH4(2) + 2 X(1) <=> CH3X(21) + HX(19) 0.195 -0.530
5 C2H6(8) + 2 X(1) <=> 2 CH3X(21) 0.000 0.000
6 CH3(10) + X(1) <=> CH3X(21) -0.000 -0.000
7 CH2X(27) + HX(19) <=> CH3X(21) + X(1) -0.002 -0.003
8 CHX(28) + HX(19) <=> CH2X(27) + X(1) -0.000 -0.000
9 2 CH2X(27) <=> CH3X(21) + CHX(28) -0.000 0.000
10 CHX(28) + X(1) <=> CX(26) + HX(19) 0.000 -0.000
11 CX(26) + H2(6) <=> CH2X(27) -0.000 0.000
12 CH3X(21) + CX(26) <=> CH2X(27) + CHX(28) -0.000 -0.000
13 CH2X(27) + CX(26) <=> 2 CHX(28) 0.000 0.000
14 H2(6) + X(1) <=> H2X(49) 0.000 0.000
15 CH4(2) + OX(20) + X(1) <=> CH3X(21) + HOX(22) 0.077 -0.155
16 HX(19) + OX(20) <=> HOX(22) + X(1) 0.283 0.281
17 H2O(5) + 2 X(1) <=> HOX(22) + HX(19) -0.016 -0.014
18 CH3OH(14) + 2 X(1) <=> CH3X(21) + HOX(22) 0.001 0.001
19 OH(17) + X(1) <=> HOX(22) 0.000 -0.005
20 CH2X(27) + HOX(22) <=> CH3X(21) + OX(20) 0.001 0.001
21 CHX(28) + HOX(22) <=> CH2X(27) + OX(20) 0.000 0.000
22 CX(26) + HOX(22) <=> CHX(28) + OX(20) -0.000 0.000
23 CH4(2) + HOX(22) + X(1) <=> CH3X(21) + H2OX(23) 0.008 -0.070
24 H2O(5) + X(1) <=> H2OX(23) 0.000 0.000
25 H2OX(23) + OX(20) <=> 2 HOX(22) -0.427 -0.386
26 HOX(22) + HX(19) <=> H2OX(23) + X(1) -0.000 0.000
27 CO(7) + X(1) <=> OCX(25) -0.000 -0.000
28 CX(26) + OX(20) <=> OCX(25) + X(1) -0.000 -0.000
29 CO(7) + X(1) <=> COX(50) 0.000 0.000
30 CH3OH(14) + X(1) <=> CH4OX(60) -0.000 0.000
31 C2H6(8) + X(1) <=> C2H6X(52) -0.000 -0.000
32 C2H4(47) + X(1) <=> C2H4X(206) 0.000 0.000
33 C2H4(18) + X(1) <=> C2H4X(65) 0.000 0.000
34 CH2O(9) + X(1) <=> CH2OX(54) 0.000 0.000
35 CO2(4) + X(1) <=> CO2X(24) -0.000 -0.000
36 OCX(25) + OX(20) <=> CO2X(24) + X(1) -0.000 0.000
37 CO2X(24) + HX(19) <=> HOX(22) + OCX(25) 0.855 0.855
Finished sensitivity simulation for a C/O ratio of 0.6
Finished translating for C/O ratio of 0.6
Starting sensitivity simulation for a C/O ratio of 1.8
0 CH4(2) + X(1) <=> CH4X(48) -0.000 0.000
1 O2(3) + 2 X(1) <=> 2 OX(20) 0.000 0.000
2 H2(6) + 2 X(1) <=> 2 HX(19) -0.000 -0.000
3 H(12) + X(1) <=> HX(19) -0.000 0.000
4 CH4(2) + 2 X(1) <=> CH3X(21) + HX(19) -0.094 -0.837
5 C2H6(8) + 2 X(1) <=> 2 CH3X(21) 0.001 0.001
6 CH3(10) + X(1) <=> CH3X(21) 0.000 -0.000
7 CH2X(27) + HX(19) <=> CH3X(21) + X(1) -0.006 -0.007
8 CHX(28) + HX(19) <=> CH2X(27) + X(1) -0.000 -0.000
9 2 CH2X(27) <=> CH3X(21) + CHX(28) 0.000 -0.000
10 CHX(28) + X(1) <=> CX(26) + HX(19) 0.000 -0.000
11 CX(26) + H2(6) <=> CH2X(27) 0.000 -0.000
12 CH3X(21) + CX(26) <=> CH2X(27) + CHX(28) -0.000 -0.000
13 CH2X(27) + CX(26) <=> 2 CHX(28) 0.000 -0.000
14 H2(6) + X(1) <=> H2X(49) 0.000 0.000
15 CH4(2) + OX(20) + X(1) <=> CH3X(21) + HOX(22) 0.008 -0.193
16 HX(19) + OX(20) <=> HOX(22) + X(1) 0.763 0.758
17 H2O(5) + 2 X(1) <=> HOX(22) + HX(19) 0.000 0.005
18 CH3OH(14) + 2 X(1) <=> CH3X(21) + HOX(22) 0.003 0.003
19 OH(17) + X(1) <=> HOX(22) -0.001 -0.005
20 CH2X(27) + HOX(22) <=> CH3X(21) + OX(20) 0.001 0.001
21 CHX(28) + HOX(22) <=> CH2X(27) + OX(20) 0.004 0.004
22 CX(26) + HOX(22) <=> CHX(28) + OX(20) -0.000 0.000
23 CH4(2) + HOX(22) + X(1) <=> CH3X(21) + H2OX(23) -0.014 -0.127
24 H2O(5) + X(1) <=> H2OX(23) -0.000 0.000
25 H2OX(23) + OX(20) <=> 2 HOX(22) -0.295 -0.240
26 HOX(22) + HX(19) <=> H2OX(23) + X(1) 0.000 0.000
27 CO(7) + X(1) <=> OCX(25) -0.000 -0.000
28 CX(26) + OX(20) <=> OCX(25) + X(1) -0.004 -0.004
29 CO(7) + X(1) <=> COX(50) 0.000 -0.000
30 CH3OH(14) + X(1) <=> CH4OX(60) -0.000 0.000
31 C2H6(8) + X(1) <=> C2H6X(52) -0.000 0.000
32 C2H4(47) + X(1) <=> C2H4X(206) 0.000 -0.000
33 C2H4(18) + X(1) <=> C2H4X(65) -0.000 0.000
34 CH2O(9) + X(1) <=> CH2OX(54) -0.000 0.000
35 CO2(4) + X(1) <=> CO2X(24) -0.000 0.000
36 OCX(25) + OX(20) <=> CO2X(24) + X(1) -0.000 0.000
37 CO2X(24) + HX(19) <=> HOX(22) + OCX(25) 0.601 0.601
Finished sensitivity simulation for a C/O ratio of 1.8
Finished translating for C/O ratio of 1.8
Starting sensitivity simulation for a C/O ratio of 1.3
0 CH4(2) + X(1) <=> CH4X(48) 0.000 -0.000
1 O2(3) + 2 X(1) <=> 2 OX(20) 0.000 0.000
2 H2(6) + 2 X(1) <=> 2 HX(19) -0.000 -0.000
3 H(12) + X(1) <=> HX(19) 0.000 0.000
4 CH4(2) + 2 X(1) <=> CH3X(21) + HX(19) 0.006 -0.730
5 C2H6(8) + 2 X(1) <=> 2 CH3X(21) 0.001 0.001
6 CH3(10) + X(1) <=> CH3X(21) -0.000 -0.000
7 CH2X(27) + HX(19) <=> CH3X(21) + X(1) -0.005 -0.005
8 CHX(28) + HX(19) <=> CH2X(27) + X(1) -0.000 -0.000
9 2 CH2X(27) <=> CH3X(21) + CHX(28) 0.000 -0.000
10 CHX(28) + X(1) <=> CX(26) + HX(19) 0.000 -0.000
11 CX(26) + H2(6) <=> CH2X(27) 0.000 -0.000
12 CH3X(21) + CX(26) <=> CH2X(27) + CHX(28) -0.000 -0.000
13 CH2X(27) + CX(26) <=> 2 CHX(28) 0.000 -0.000
14 H2(6) + X(1) <=> H2X(49) 0.000 -0.000
15 CH4(2) + OX(20) + X(1) <=> CH3X(21) + HOX(22) 0.029 -0.183
16 HX(19) + OX(20) <=> HOX(22) + X(1) 0.599 0.595
17 H2O(5) + 2 X(1) <=> HOX(22) + HX(19) -0.008 -0.004
18 CH3OH(14) + 2 X(1) <=> CH3X(21) + HOX(22) 0.002 0.003
19 OH(17) + X(1) <=> HOX(22) -0.001 -0.005
20 CH2X(27) + HOX(22) <=> CH3X(21) + OX(20) 0.001 0.001
21 CHX(28) + HOX(22) <=> CH2X(27) + OX(20) 0.002 0.002
22 CX(26) + HOX(22) <=> CHX(28) + OX(20) 0.000 -0.000
23 CH4(2) + HOX(22) + X(1) <=> CH3X(21) + H2OX(23) -0.005 -0.107
24 H2O(5) + X(1) <=> H2OX(23) 0.000 -0.000
25 H2OX(23) + OX(20) <=> 2 HOX(22) -0.341 -0.290
26 HOX(22) + HX(19) <=> H2OX(23) + X(1) 0.000 0.000
27 CO(7) + X(1) <=> OCX(25) -0.000 -0.000
28 CX(26) + OX(20) <=> OCX(25) + X(1) -0.002 -0.002
29 CO(7) + X(1) <=> COX(50) 0.000 -0.000
30 CH3OH(14) + X(1) <=> CH4OX(60) 0.000 -0.000
31 C2H6(8) + X(1) <=> C2H6X(52) 0.000 -0.000
32 C2H4(47) + X(1) <=> C2H4X(206) 0.000 -0.000
33 C2H4(18) + X(1) <=> C2H4X(65) 0.000 -0.000
34 CH2O(9) + X(1) <=> CH2OX(54) 0.000 -0.000
35 CO2(4) + X(1) <=> CO2X(24) 0.000 -0.000
36 OCX(25) + OX(20) <=> CO2X(24) + X(1) 0.000 -0.000
37 CO2X(24) + HX(19) <=> HOX(22) + OCX(25) 0.690 0.690
Finished sensitivity simulation for a C/O ratio of 1.3
Finished translating for C/O ratio of 1.3
Starting sensitivity simulation for a C/O ratio of 1.0
0 CH4(2) + X(1) <=> CH4X(48) -0.000 0.000
1 O2(3) + 2 X(1) <=> 2 OX(20) 0.000 0.000
2 H2(6) + 2 X(1) <=> 2 HX(19) -0.000 -0.000
3 H(12) + X(1) <=> HX(19) -0.000 0.000
4 CH4(2) + 2 X(1) <=> CH3X(21) + HX(19) 0.080 -0.652
5 C2H6(8) + 2 X(1) <=> 2 CH3X(21) 0.001 0.001
6 CH3(10) + X(1) <=> CH3X(21) -0.000 -0.000
7 CH2X(27) + HX(19) <=> CH3X(21) + X(1) -0.004 -0.004
8 CHX(28) + HX(19) <=> CH2X(27) + X(1) -0.000 -0.000
9 2 CH2X(27) <=> CH3X(21) + CHX(28) -0.000 -0.000
10 CHX(28) + X(1) <=> CX(26) + HX(19) -0.000 0.000
11 CX(26) + H2(6) <=> CH2X(27) 0.000 -0.000
12 CH3X(21) + CX(26) <=> CH2X(27) + CHX(28) -0.000 -0.000
13 CH2X(27) + CX(26) <=> 2 CHX(28) -0.000 0.000
14 H2(6) + X(1) <=> H2X(49) -0.000 0.000
15 CH4(2) + OX(20) + X(1) <=> CH3X(21) + HOX(22) 0.047 -0.173
16 HX(19) + OX(20) <=> HOX(22) + X(1) 0.476 0.473
17 H2O(5) + 2 X(1) <=> HOX(22) + HX(19) -0.012 -0.009
18 CH3OH(14) + 2 X(1) <=> CH3X(21) + HOX(22) 0.002 0.002
19 OH(17) + X(1) <=> HOX(22) -0.000 -0.005
20 CH2X(27) + HOX(22) <=> CH3X(21) + OX(20) 0.001 0.001
21 CHX(28) + HOX(22) <=> CH2X(27) + OX(20) 0.001 0.001
22 CX(26) + HOX(22) <=> CHX(28) + OX(20) -0.000 0.000
23 CH4(2) + HOX(22) + X(1) <=> CH3X(21) + H2OX(23) 0.001 -0.093
24 H2O(5) + X(1) <=> H2OX(23) -0.000 0.000
25 H2OX(23) + OX(20) <=> 2 HOX(22) -0.374 -0.327
26 HOX(22) + HX(19) <=> H2OX(23) + X(1) -0.000 -0.000
27 CO(7) + X(1) <=> OCX(25) -0.000 -0.000
28 CX(26) + OX(20) <=> OCX(25) + X(1) -0.001 -0.001
29 CO(7) + X(1) <=> COX(50) 0.000 0.000
30 CH3OH(14) + X(1) <=> CH4OX(60) -0.000 0.000
31 C2H6(8) + X(1) <=> C2H6X(52) -0.000 0.000
32 C2H4(47) + X(1) <=> C2H4X(206) -0.000 0.000
33 C2H4(18) + X(1) <=> C2H4X(65) -0.000 0.000
34 CH2O(9) + X(1) <=> CH2OX(54) 0.000 0.000
35 CO2(4) + X(1) <=> CO2X(24) -0.000 0.000
36 OCX(25) + OX(20) <=> CO2X(24) + X(1) 0.000 0.000
37 CO2X(24) + HX(19) <=> HOX(22) + OCX(25) 0.755 0.755
Finished sensitivity simulation for a C/O ratio of 1.0
Finished translating for C/O ratio of 1.0
Starting sensitivity simulation for a C/O ratio of 2.4
0 CH4(2) + X(1) <=> CH4X(48) 0.000 -0.000
1 O2(3) + 2 X(1) <=> 2 OX(20) 0.000 0.000
2 H2(6) + 2 X(1) <=> 2 HX(19) -0.000 -0.000
3 H(12) + X(1) <=> HX(19) 0.000 0.000
4 CH4(2) + 2 X(1) <=> CH3X(21) + HX(19) -0.184 -0.934
5 C2H6(8) + 2 X(1) <=> 2 CH3X(21) 0.001 0.001
6 CH3(10) + X(1) <=> CH3X(21) 0.000 -0.000
7 CH2X(27) + HX(19) <=> CH3X(21) + X(1) -0.007 -0.008
8 CHX(28) + HX(19) <=> CH2X(27) + X(1) -0.000 -0.000
9 2 CH2X(27) <=> CH3X(21) + CHX(28) 0.000 -0.000
10 CHX(28) + X(1) <=> CX(26) + HX(19) 0.000 0.000
11 CX(26) + H2(6) <=> CH2X(27) 0.000 0.000
12 CH3X(21) + CX(26) <=> CH2X(27) + CHX(28) -0.000 -0.000
13 CH2X(27) + CX(26) <=> 2 CHX(28) 0.000 -0.000
14 H2(6) + X(1) <=> H2X(49) 0.000 0.000
15 CH4(2) + OX(20) + X(1) <=> CH3X(21) + HOX(22) -0.009 -0.199
16 HX(19) + OX(20) <=> HOX(22) + X(1) 0.909 0.903
17 H2O(5) + 2 X(1) <=> HOX(22) + HX(19) 0.010 0.015
18 CH3OH(14) + 2 X(1) <=> CH3X(21) + HOX(22) 0.004 0.004
19 OH(17) + X(1) <=> HOX(22) -0.001 -0.005
20 CH2X(27) + HOX(22) <=> CH3X(21) + OX(20) 0.001 0.001
21 CHX(28) + HOX(22) <=> CH2X(27) + OX(20) 0.007 0.007
22 CX(26) + HOX(22) <=> CHX(28) + OX(20) 0.000 -0.000
23 CH4(2) + HOX(22) + X(1) <=> CH3X(21) + H2OX(23) -0.024 -0.145
24 H2O(5) + X(1) <=> H2OX(23) 0.000 0.000
25 H2OX(23) + OX(20) <=> 2 HOX(22) -0.254 -0.195
26 HOX(22) + HX(19) <=> H2OX(23) + X(1) 0.000 0.000
27 CO(7) + X(1) <=> OCX(25) -0.000 -0.000
28 CX(26) + OX(20) <=> OCX(25) + X(1) -0.007 -0.007
29 CO(7) + X(1) <=> COX(50) 0.000 0.000
30 CH3OH(14) + X(1) <=> CH4OX(60) 0.000 0.000
31 C2H6(8) + X(1) <=> C2H6X(52) 0.000 0.000
32 C2H4(47) + X(1) <=> C2H4X(206) 0.000 0.000
33 C2H4(18) + X(1) <=> C2H4X(65) 0.000 0.000
34 CH2O(9) + X(1) <=> CH2OX(54) 0.000 -0.000
35 CO2(4) + X(1) <=> CO2X(24) 0.000 0.000
36 OCX(25) + OX(20) <=> CO2X(24) + X(1) 0.000 -0.000
37 CO2X(24) + HX(19) <=> HOX(22) + OCX(25) 0.520 0.520
Finished sensitivity simulation for a C/O ratio of 2.4
Finished translating for C/O ratio of 2.4
Starting sensitivity simulation for a C/O ratio of 2.6
0 CH4(2) + X(1) <=> CH4X(48) -0.000 0.000
1 O2(3) + 2 X(1) <=> 2 OX(20) 0.000 0.000
2 H2(6) + 2 X(1) <=> 2 HX(19) -0.000 -0.000
3 H(12) + X(1) <=> HX(19) 0.000 0.000
4 CH4(2) + 2 X(1) <=> CH3X(21) + HX(19) -0.208 -0.961
5 C2H6(8) + 2 X(1) <=> 2 CH3X(21) 0.001 0.001
6 CH3(10) + X(1) <=> CH3X(21) 0.000 -0.000
7 CH2X(27) + HX(19) <=> CH3X(21) + X(1) -0.008 -0.008
8 CHX(28) + HX(19) <=> CH2X(27) + X(1) -0.000 -0.000
9 2 CH2X(27) <=> CH3X(21) + CHX(28) -0.000 0.000
10 CHX(28) + X(1) <=> CX(26) + HX(19) -0.000 0.000
11 CX(26) + H2(6) <=> CH2X(27) -0.000 0.000
12 CH3X(21) + CX(26) <=> CH2X(27) + CHX(28) -0.000 -0.000
13 CH2X(27) + CX(26) <=> 2 CHX(28) 0.000 0.000
14 H2(6) + X(1) <=> H2X(49) -0.000 0.000
15 CH4(2) + OX(20) + X(1) <=> CH3X(21) + HOX(22) -0.014 -0.199
16 HX(19) + OX(20) <=> HOX(22) + X(1) 0.948 0.942
17 H2O(5) + 2 X(1) <=> HOX(22) + HX(19) 0.013 0.019
18 CH3OH(14) + 2 X(1) <=> CH3X(21) + HOX(22) 0.004 0.004
19 OH(17) + X(1) <=> HOX(22) -0.001 -0.005
20 CH2X(27) + HOX(22) <=> CH3X(21) + OX(20) 0.001 0.001
21 CHX(28) + HOX(22) <=> CH2X(27) + OX(20) 0.008 0.008
22 CX(26) + HOX(22) <=> CHX(28) + OX(20) 0.000 0.000
23 CH4(2) + HOX(22) + X(1) <=> CH3X(21) + H2OX(23) -0.027 -0.149
24 H2O(5) + X(1) <=> H2OX(23) -0.000 0.000
25 H2OX(23) + OX(20) <=> 2 HOX(22) -0.243 -0.183
26 HOX(22) + HX(19) <=> H2OX(23) + X(1) -0.000 0.000
27 CO(7) + X(1) <=> OCX(25) -0.000 -0.000
28 CX(26) + OX(20) <=> OCX(25) + X(1) -0.008 -0.008
29 CO(7) + X(1) <=> COX(50) -0.000 0.000
30 CH3OH(14) + X(1) <=> CH4OX(60) -0.000 0.000
31 C2H6(8) + X(1) <=> C2H6X(52) 0.000 0.000
32 C2H4(47) + X(1) <=> C2H4X(206) -0.000 0.000
33 C2H4(18) + X(1) <=> C2H4X(65) -0.000 0.000
34 CH2O(9) + X(1) <=> CH2OX(54) -0.000 0.000
35 CO2(4) + X(1) <=> CO2X(24) -0.000 0.000
36 OCX(25) + OX(20) <=> CO2X(24) + X(1) -0.000 0.000
37 CO2X(24) + HX(19) <=> HOX(22) + OCX(25) 0.498 0.498
Finished sensitivity simulation for a C/O ratio of 2.6
Finished translating for C/O ratio of 2.6
Starting sensitivity simulation for a C/O ratio of 0.9
0 CH4(2) + X(1) <=> CH4X(48) 0.000 -0.000
1 O2(3) + 2 X(1) <=> 2 OX(20) 0.000 0.000
2 H2(6) + 2 X(1) <=> 2 HX(19) -0.000 -0.000
3 H(12) + X(1) <=> HX(19) 0.000 0.000
4 CH4(2) + 2 X(1) <=> CH3X(21) + HX(19) 0.107 -0.623
5 C2H6(8) + 2 X(1) <=> 2 CH3X(21) 0.001 0.001
6 CH3(10) + X(1) <=> CH3X(21) -0.000 -0.000
7 CH2X(27) + HX(19) <=> CH3X(21) + X(1) -0.003 -0.004
8 CHX(28) + HX(19) <=> CH2X(27) + X(1) -0.000 -0.000
9 2 CH2X(27) <=> CH3X(21) + CHX(28) 0.000 -0.000
10 CHX(28) + X(1) <=> CX(26) + HX(19) 0.000 -0.000
11 CX(26) + H2(6) <=> CH2X(27) 0.000 0.000
12 CH3X(21) + CX(26) <=> CH2X(27) + CHX(28) -0.000 -0.000
13 CH2X(27) + CX(26) <=> 2 CHX(28) 0.000 -0.000
14 H2(6) + X(1) <=> H2X(49) 0.000 0.000
15 CH4(2) + OX(20) + X(1) <=> CH3X(21) + HOX(22) 0.053 -0.169
16 HX(19) + OX(20) <=> HOX(22) + X(1) 0.431 0.428
17 H2O(5) + 2 X(1) <=> HOX(22) + HX(19) -0.013 -0.011
18 CH3OH(14) + 2 X(1) <=> CH3X(21) + HOX(22) 0.002 0.002
19 OH(17) + X(1) <=> HOX(22) -0.000 -0.005
20 CH2X(27) + HOX(22) <=> CH3X(21) + OX(20) 0.001 0.001
21 CHX(28) + HOX(22) <=> CH2X(27) + OX(20) 0.001 0.001
22 CX(26) + HOX(22) <=> CHX(28) + OX(20) 0.000 -0.000
23 CH4(2) + HOX(22) + X(1) <=> CH3X(21) + H2OX(23) 0.003 -0.087
24 H2O(5) + X(1) <=> H2OX(23) 0.000 0.000
25 H2OX(23) + OX(20) <=> 2 HOX(22) -0.387 -0.341
26 HOX(22) + HX(19) <=> H2OX(23) + X(1) 0.000 -0.000
27 CO(7) + X(1) <=> OCX(25) -0.000 -0.000
28 CX(26) + OX(20) <=> OCX(25) + X(1) -0.001 -0.001
29 CO(7) + X(1) <=> COX(50) 0.000 0.000
30 CH3OH(14) + X(1) <=> CH4OX(60) 0.000 0.000
31 C2H6(8) + X(1) <=> C2H6X(52) 0.000 0.000
32 C2H4(47) + X(1) <=> C2H4X(206) 0.000 -0.000
33 C2H4(18) + X(1) <=> C2H4X(65) 0.000 -0.000
34 CH2O(9) + X(1) <=> CH2OX(54) 0.000 -0.000
35 CO2(4) + X(1) <=> CO2X(24) 0.000 -0.000
36 OCX(25) + OX(20) <=> CO2X(24) + X(1) 0.000 -0.000
37 CO2X(24) + HX(19) <=> HOX(22) + OCX(25) 0.778 0.778
Finished sensitivity simulation for a C/O ratio of 0.9
Finished translating for C/O ratio of 0.9
Starting sensitivity simulation for a C/O ratio of 1.4
0 CH4(2) + X(1) <=> CH4X(48) -0.000 0.000
1 O2(3) + 2 X(1) <=> 2 OX(20) 0.000 0.000
2 H2(6) + 2 X(1) <=> 2 HX(19) -0.000 -0.000
3 H(12) + X(1) <=> HX(19) 0.000 0.000
4 CH4(2) + 2 X(1) <=> CH3X(21) + HX(19) -0.016 -0.753
5 C2H6(8) + 2 X(1) <=> 2 CH3X(21) 0.001 0.001
6 CH3(10) + X(1) <=> CH3X(21) -0.000 -0.000
7 CH2X(27) + HX(19) <=> CH3X(21) + X(1) -0.005 -0.005
8 CHX(28) + HX(19) <=> CH2X(27) + X(1) -0.000 -0.000
9 2 CH2X(27) <=> CH3X(21) + CHX(28) 0.000 -0.000
10 CHX(28) + X(1) <=> CX(26) + HX(19) -0.000 0.000
11 CX(26) + H2(6) <=> CH2X(27) 0.000 -0.000
12 CH3X(21) + CX(26) <=> CH2X(27) + CHX(28) -0.000 -0.000
13 CH2X(27) + CX(26) <=> 2 CHX(28) 0.000 -0.000
14 H2(6) + X(1) <=> H2X(49) 0.000 -0.000
15 CH4(2) + OX(20) + X(1) <=> CH3X(21) + HOX(22) 0.024 -0.185
16 HX(19) + OX(20) <=> HOX(22) + X(1) 0.635 0.631
17 H2O(5) + 2 X(1) <=> HOX(22) + HX(19) -0.006 -0.002
18 CH3OH(14) + 2 X(1) <=> CH3X(21) + HOX(22) 0.002 0.003
19 OH(17) + X(1) <=> HOX(22) -0.001 -0.005
20 CH2X(27) + HOX(22) <=> CH3X(21) + OX(20) 0.001 0.001
21 CHX(28) + HOX(22) <=> CH2X(27) + OX(20) 0.002 0.002
22 CX(26) + HOX(22) <=> CHX(28) + OX(20) 0.000 -0.000
23 CH4(2) + HOX(22) + X(1) <=> CH3X(21) + H2OX(23) -0.007 -0.111
24 H2O(5) + X(1) <=> H2OX(23) 0.000 -0.000
25 H2OX(23) + OX(20) <=> 2 HOX(22) -0.330 -0.278
26 HOX(22) + HX(19) <=> H2OX(23) + X(1) 0.000 -0.000
27 CO(7) + X(1) <=> OCX(25) -0.000 -0.000
28 CX(26) + OX(20) <=> OCX(25) + X(1) -0.002 -0.002
29 CO(7) + X(1) <=> COX(50) -0.000 0.000
30 CH3OH(14) + X(1) <=> CH4OX(60) 0.000 -0.000
31 C2H6(8) + X(1) <=> C2H6X(52) -0.000 0.000
32 C2H4(47) + X(1) <=> C2H4X(206) 0.000 -0.000
33 C2H4(18) + X(1) <=> C2H4X(65) -0.000 0.000
34 CH2O(9) + X(1) <=> CH2OX(54) 0.000 0.000
35 CO2(4) + X(1) <=> CO2X(24) 0.000 0.000
36 OCX(25) + OX(20) <=> CO2X(24) + X(1) 0.000 -0.000
37 CO2X(24) + HX(19) <=> HOX(22) + OCX(25) 0.670 0.670
Finished sensitivity simulation for a C/O ratio of 1.4
Finished translating for C/O ratio of 1.4
Starting sensitivity simulation for a C/O ratio of 2.2
0 CH4(2) + X(1) <=> CH4X(48) 0.000 0.000
1 O2(3) + 2 X(1) <=> 2 OX(20) 0.000 0.000
2 H2(6) + 2 X(1) <=> 2 HX(19) -0.000 -0.000
3 H(12) + X(1) <=> HX(19) -0.000 0.000
4 CH4(2) + 2 X(1) <=> CH3X(21) + HX(19) -0.157 -0.905
5 C2H6(8) + 2 X(1) <=> 2 CH3X(21) 0.001 0.001
6 CH3(10) + X(1) <=> CH3X(21) 0.000 -0.000
7 CH2X(27) + HX(19) <=> CH3X(21) + X(1) -0.007 -0.008
8 CHX(28) + HX(19) <=> CH2X(27) + X(1) -0.000 -0.000
9 2 CH2X(27) <=> CH3X(21) + CHX(28) -0.000 -0.000
10 CHX(28) + X(1) <=> CX(26) + HX(19) -0.000 -0.000
11 CX(26) + H2(6) <=> CH2X(27) 0.000 0.000
12 CH3X(21) + CX(26) <=> CH2X(27) + CHX(28) -0.000 -0.000
13 CH2X(27) + CX(26) <=> 2 CHX(28) 0.000 -0.000
14 H2(6) + X(1) <=> H2X(49) 0.000 0.000
15 CH4(2) + OX(20) + X(1) <=> CH3X(21) + HOX(22) -0.005 -0.197
16 HX(19) + OX(20) <=> HOX(22) + X(1) 0.866 0.860
17 H2O(5) + 2 X(1) <=> HOX(22) + HX(19) 0.007 0.012
18 CH3OH(14) + 2 X(1) <=> CH3X(21) + HOX(22) 0.003 0.004
19 OH(17) + X(1) <=> HOX(22) -0.001 -0.005
20 CH2X(27) + HOX(22) <=> CH3X(21) + OX(20) 0.001 0.001
21 CHX(28) + HOX(22) <=> CH2X(27) + OX(20) 0.006 0.006
22 CX(26) + HOX(22) <=> CHX(28) + OX(20) -0.000 -0.000
23 CH4(2) + HOX(22) + X(1) <=> CH3X(21) + H2OX(23) -0.021 -0.139
24 H2O(5) + X(1) <=> H2OX(23) 0.000 -0.000
25 H2OX(23) + OX(20) <=> 2 HOX(22) -0.266 -0.209
26 HOX(22) + HX(19) <=> H2OX(23) + X(1) 0.000 0.000
27 CO(7) + X(1) <=> OCX(25) -0.000 -0.000
28 CX(26) + OX(20) <=> OCX(25) + X(1) -0.006 -0.006
29 CO(7) + X(1) <=> COX(50) -0.000 0.000
30 CH3OH(14) + X(1) <=> CH4OX(60) -0.000 0.000
31 C2H6(8) + X(1) <=> C2H6X(52) 0.000 0.000
32 C2H4(47) + X(1) <=> C2H4X(206) -0.000 -0.000
33 C2H4(18) + X(1) <=> C2H4X(65) -0.000 -0.000
34 CH2O(9) + X(1) <=> CH2OX(54) -0.000 -0.000
35 CO2(4) + X(1) <=> CO2X(24) 0.000 -0.000
36 OCX(25) + OX(20) <=> CO2X(24) + X(1) -0.000 0.000
37 CO2X(24) + HX(19) <=> HOX(22) + OCX(25) 0.545 0.545
Finished sensitivity simulation for a C/O ratio of 2.2
Finished translating for C/O ratio of 2.2
Starting sensitivity simulation for a C/O ratio of 2.0
0 CH4(2) + X(1) <=> CH4X(48) -0.000 0.000
1 O2(3) + 2 X(1) <=> 2 OX(20) -0.000 0.000
2 H2(6) + 2 X(1) <=> 2 HX(19) -0.000 -0.000
3 H(12) + X(1) <=> HX(19) -0.000 0.000
4 CH4(2) + 2 X(1) <=> CH3X(21) + HX(19) -0.127 -0.873
5 C2H6(8) + 2 X(1) <=> 2 CH3X(21) 0.001 0.001
6 CH3(10) + X(1) <=> CH3X(21) 0.000 -0.000
7 CH2X(27) + HX(19) <=> CH3X(21) + X(1) -0.007 -0.007
8 CHX(28) + HX(19) <=> CH2X(27) + X(1) -0.000 -0.000
9 2 CH2X(27) <=> CH3X(21) + CHX(28) -0.000 0.000
10 CHX(28) + X(1) <=> CX(26) + HX(19) -0.000 0.000
11 CX(26) + H2(6) <=> CH2X(27) -0.000 0.000
12 CH3X(21) + CX(26) <=> CH2X(27) + CHX(28) -0.000 -0.000
13 CH2X(27) + CX(26) <=> 2 CHX(28) -0.000 0.000
14 H2(6) + X(1) <=> H2X(49) -0.000 0.000
15 CH4(2) + OX(20) + X(1) <=> CH3X(21) + HOX(22) 0.001 -0.195
16 HX(19) + OX(20) <=> HOX(22) + X(1) 0.817 0.812
17 H2O(5) + 2 X(1) <=> HOX(22) + HX(19) 0.003 0.008
18 CH3OH(14) + 2 X(1) <=> CH3X(21) + HOX(22) 0.003 0.003
19 OH(17) + X(1) <=> HOX(22) -0.001 -0.005
20 CH2X(27) + HOX(22) <=> CH3X(21) + OX(20) 0.001 0.001
21 CHX(28) + HOX(22) <=> CH2X(27) + OX(20) 0.005 0.005
22 CX(26) + HOX(22) <=> CHX(28) + OX(20) -0.000 0.000
23 CH4(2) + HOX(22) + X(1) <=> CH3X(21) + H2OX(23) -0.018 -0.133
24 H2O(5) + X(1) <=> H2OX(23) -0.000 0.000
25 H2OX(23) + OX(20) <=> 2 HOX(22) -0.280 -0.223
26 HOX(22) + HX(19) <=> H2OX(23) + X(1) -0.000 0.000
27 CO(7) + X(1) <=> OCX(25) -0.000 -0.000
28 CX(26) + OX(20) <=> OCX(25) + X(1) -0.005 -0.005
29 CO(7) + X(1) <=> COX(50) -0.000 0.000
30 CH3OH(14) + X(1) <=> CH4OX(60) -0.000 0.000
31 C2H6(8) + X(1) <=> C2H6X(52) -0.000 0.000
32 C2H4(47) + X(1) <=> C2H4X(206) -0.000 0.000
33 C2H4(18) + X(1) <=> C2H4X(65) -0.000 0.000
34 CH2O(9) + X(1) <=> CH2OX(54) -0.000 0.000
35 CO2(4) + X(1) <=> CO2X(24) -0.000 0.000
36 OCX(25) + OX(20) <=> CO2X(24) + X(1) -0.000 0.000
37 CO2X(24) + HX(19) <=> HOX(22) + OCX(25) 0.572 0.572
Finished sensitivity simulation for a C/O ratio of 2.0
Finished translating for C/O ratio of 2.0
Starting sensitivity simulation for a C/O ratio of 0.8
0 CH4(2) + X(1) <=> CH4X(48) 0.000 -0.000
1 O2(3) + 2 X(1) <=> 2 OX(20) 0.000 0.000
2 H2(6) + 2 X(1) <=> 2 HX(19) -0.000 -0.000
3 H(12) + X(1) <=> HX(19) 0.000 0.000
4 CH4(2) + 2 X(1) <=> CH3X(21) + HX(19) 0.135 -0.593
5 C2H6(8) + 2 X(1) <=> 2 CH3X(21) 0.000 0.000
6 CH3(10) + X(1) <=> CH3X(21) -0.000 -0.000
7 CH2X(27) + HX(19) <=> CH3X(21) + X(1) -0.003 -0.003
8 CHX(28) + HX(19) <=> CH2X(27) + X(1) -0.000 -0.000
9 2 CH2X(27) <=> CH3X(21) + CHX(28) 0.000 0.000
10 CHX(28) + X(1) <=> CX(26) + HX(19) 0.000 -0.000
11 CX(26) + H2(6) <=> CH2X(27) 0.000 0.000
12 CH3X(21) + CX(26) <=> CH2X(27) + CHX(28) -0.000 -0.000
13 CH2X(27) + CX(26) <=> 2 CHX(28) 0.000 0.000
14 H2(6) + X(1) <=> H2X(49) 0.000 -0.000
15 CH4(2) + OX(20) + X(1) <=> CH3X(21) + HOX(22) 0.061 -0.165
16 HX(19) + OX(20) <=> HOX(22) + X(1) 0.383 0.381
17 H2O(5) + 2 X(1) <=> HOX(22) + HX(19) -0.014 -0.012
18 CH3OH(14) + 2 X(1) <=> CH3X(21) + HOX(22) 0.002 0.002
19 OH(17) + X(1) <=> HOX(22) -0.000 -0.005
20 CH2X(27) + HOX(22) <=> CH3X(21) + OX(20) 0.001 0.001
21 CHX(28) + HOX(22) <=> CH2X(27) + OX(20) 0.001 0.000
22 CX(26) + HOX(22) <=> CHX(28) + OX(20) 0.000 -0.000
23 CH4(2) + HOX(22) + X(1) <=> CH3X(21) + H2OX(23) 0.005 -0.082
24 H2O(5) + X(1) <=> H2OX(23) 0.000 0.000
25 H2OX(23) + OX(20) <=> 2 HOX(22) -0.399 -0.355
26 HOX(22) + HX(19) <=> H2OX(23) + X(1) 0.000 0.000
27 CO(7) + X(1) <=> OCX(25) -0.000 -0.000
28 CX(26) + OX(20) <=> OCX(25) + X(1) -0.000 -0.000
29 CO(7) + X(1) <=> COX(50) 0.000 -0.000
30 CH3OH(14) + X(1) <=> CH4OX(60) 0.000 0.000
31 C2H6(8) + X(1) <=> C2H6X(52) 0.000 -0.000
32 C2H4(47) + X(1) <=> C2H4X(206) 0.000 0.000
33 C2H4(18) + X(1) <=> C2H4X(65) 0.000 -0.000
34 CH2O(9) + X(1) <=> CH2OX(54) 0.000 -0.000
35 CO2(4) + X(1) <=> CO2X(24) 0.000 -0.000
36 OCX(25) + OX(20) <=> CO2X(24) + X(1) 0.000 -0.000
37 CO2X(24) + HX(19) <=> HOX(22) + OCX(25) 0.803 0.803
Finished sensitivity simulation for a C/O ratio of 0.8
Finished translating for C/O ratio of 0.8
Starting sensitivity simulation for a C/O ratio of 1.1
0 CH4(2) + X(1) <=> CH4X(48) 0.000 -0.000
1 O2(3) + 2 X(1) <=> 2 OX(20) 0.000 0.000
2 H2(6) + 2 X(1) <=> 2 HX(19) -0.000 -0.000
3 H(12) + X(1) <=> HX(19) 0.000 0.000
4 CH4(2) + 2 X(1) <=> CH3X(21) + HX(19) 0.054 -0.679
5 C2H6(8) + 2 X(1) <=> 2 CH3X(21) 0.001 0.001
6 CH3(10) + X(1) <=> CH3X(21) -0.000 -0.000
7 CH2X(27) + HX(19) <=> CH3X(21) + X(1) -0.004 -0.004
8 CHX(28) + HX(19) <=> CH2X(27) + X(1) -0.000 -0.000
9 2 CH2X(27) <=> CH3X(21) + CHX(28) 0.000 -0.000
10 CHX(28) + X(1) <=> CX(26) + HX(19) 0.000 -0.000
11 CX(26) + H2(6) <=> CH2X(27) 0.000 -0.000
12 CH3X(21) + CX(26) <=> CH2X(27) + CHX(28) -0.000 -0.000
13 CH2X(27) + CX(26) <=> 2 CHX(28) 0.000 0.000
14 H2(6) + X(1) <=> H2X(49) 0.000 -0.000
15 CH4(2) + OX(20) + X(1) <=> CH3X(21) + HOX(22) 0.040 -0.177
16 HX(19) + OX(20) <=> HOX(22) + X(1) 0.519 0.516
17 H2O(5) + 2 X(1) <=> HOX(22) + HX(19) -0.011 -0.008
18 CH3OH(14) + 2 X(1) <=> CH3X(21) + HOX(22) 0.002 0.002
19 OH(17) + X(1) <=> HOX(22) -0.000 -0.005
20 CH2X(27) + HOX(22) <=> CH3X(21) + OX(20) 0.001 0.001
21 CHX(28) + HOX(22) <=> CH2X(27) + OX(20) 0.001 0.001
22 CX(26) + HOX(22) <=> CHX(28) + OX(20) 0.000 -0.000
23 CH4(2) + HOX(22) + X(1) <=> CH3X(21) + H2OX(23) -0.001 -0.098
24 H2O(5) + X(1) <=> H2OX(23) 0.000 -0.000
25 H2OX(23) + OX(20) <=> 2 HOX(22) -0.362 -0.314
26 HOX(22) + HX(19) <=> H2OX(23) + X(1) 0.000 0.000
27 CO(7) + X(1) <=> OCX(25) -0.000 -0.000
28 CX(26) + OX(20) <=> OCX(25) + X(1) -0.001 -0.001
29 CO(7) + X(1) <=> COX(50) 0.000 -0.000
30 CH3OH(14) + X(1) <=> CH4OX(60) 0.000 -0.000
31 C2H6(8) + X(1) <=> C2H6X(52) 0.000 -0.000
32 C2H4(47) + X(1) <=> C2H4X(206) 0.000 -0.000
33 C2H4(18) + X(1) <=> C2H4X(65) 0.000 -0.000
34 CH2O(9) + X(1) <=> CH2OX(54) 0.000 -0.000
35 CO2(4) + X(1) <=> CO2X(24) 0.000 -0.000
36 OCX(25) + OX(20) <=> CO2X(24) + X(1) 0.000 0.000
37 CO2X(24) + HX(19) <=> HOX(22) + OCX(25) 0.732 0.732
Finished sensitivity simulation for a C/O ratio of 1.1
Finished translating for C/O ratio of 1.1
Starting thermo sensitivity simulation for a C/O ratio of 1.1
0 X(1) 0.002 0.002
1 HX(19) -0.002 -0.002
2 OX(20) -0.000 -0.000
3 CH3X(21) 0.000 -0.000
4 HOX(22) -0.000 0.000
5 H2OX(23) 0.001 0.000
6 CO2X(24) -0.001 -0.001
7 OCX(25) 0.000 -0.000
8 CX(26) 0.000 0.000
9 CH2X(27) 0.000 0.000
10 CHX(28) -0.000 -0.000
11 CH4X(48) 0.000 -0.000
12 H2X(49) 0.000 -0.000
13 COX(50) 0.000 -0.000
14 C2H6X(52) 0.000 -0.000
15 CH2OX(54) 0.000 -0.000
16 CH4OX(60) 0.000 -0.000
17 C2H4X(65) 0.000 -0.000
18 C2H4X(206) 0.000 -0.000
Finished thermo sensitivity simulation for a C/O ratio of 1.1
Starting thermo sensitivity simulation for a C/O ratio of 1.3
0 X(1) 0.003 0.002
1 HX(19) -0.002 -0.002
2 OX(20) -0.000 -0.000
3 CH3X(21) 0.000 -0.000
4 HOX(22) 0.000 0.000
5 H2OX(23) 0.000 0.000
6 CO2X(24) -0.001 -0.001
7 OCX(25) 0.000 -0.000
8 CX(26) 0.000 0.000
9 CH2X(27) 0.000 0.000
10 CHX(28) -0.000 -0.000
11 CH4X(48) 0.000 -0.000
12 H2X(49) 0.000 -0.000
13 COX(50) 0.000 -0.000
14 C2H6X(52) 0.000 -0.000
15 CH2OX(54) 0.000 -0.000
16 CH4OX(60) 0.000 0.000
17 C2H4X(65) 0.000 -0.000
18 C2H4X(206) 0.000 -0.000
Finished thermo sensitivity simulation for a C/O ratio of 1.3
Starting thermo sensitivity simulation for a C/O ratio of 2.6
0 X(1) 0.003 0.003
1 HX(19) -0.002 -0.002
2 OX(20) -0.001 -0.001
3 CH3X(21) -0.000 0.000
4 HOX(22) 0.000 0.000
5 H2OX(23) 0.000 0.000
6 CO2X(24) -0.001 -0.001
7 OCX(25) -0.000 0.000
8 CX(26) 0.000 0.000
9 CH2X(27) 0.000 0.000
10 CHX(28) -0.000 -0.000
11 CH4X(48) 0.000 -0.000
12 H2X(49) -0.000 0.000
13 COX(50) -0.000 0.000
14 C2H6X(52) 0.000 0.000
15 CH2OX(54) -0.000 0.000
16 CH4OX(60) -0.000 0.000
17 C2H4X(65) 0.000 0.000
18 C2H4X(206) -0.000 0.000
Finished thermo sensitivity simulation for a C/O ratio of 2.6
Starting thermo sensitivity simulation for a C/O ratio of 2.2
0 X(1) 0.003 0.003
1 HX(19) -0.002 -0.002
2 OX(20) -0.001 -0.001
3 CH3X(21) -0.000 -0.000
4 HOX(22) 0.000 0.000
5 H2OX(23) 0.000 0.000
6 CO2X(24) -0.001 -0.001
7 OCX(25) -0.000 -0.000
8 CX(26) 0.000 0.000
9 CH2X(27) 0.000 0.000
10 CHX(28) -0.000 -0.000
11 CH4X(48) 0.000 -0.000
12 H2X(49) -0.000 -0.000
13 COX(50) 0.000 -0.000
14 C2H6X(52) 0.000 -0.000
15 CH2OX(54) -0.000 -0.000
16 CH4OX(60) 0.000 -0.000
17 C2H4X(65) -0.000 -0.000
18 C2H4X(206) -0.000 -0.000
Finished thermo sensitivity simulation for a C/O ratio of 2.2
Starting thermo sensitivity simulation for a C/O ratio of 1.2
0 X(1) 0.003 0.002
1 HX(19) -0.002 -0.002
2 OX(20) -0.000 -0.000
3 CH3X(21) -0.000 0.000
4 HOX(22) 0.000 0.000
5 H2OX(23) 0.001 0.000
6 CO2X(24) -0.001 -0.001
7 OCX(25) -0.000 -0.000
8 CX(26) 0.000 0.000
9 CH2X(27) 0.000 0.000
10 CHX(28) -0.000 -0.000
11 CH4X(48) 0.000 -0.000
12 H2X(49) -0.000 0.000
13 COX(50) -0.000 -0.000
14 C2H6X(52) -0.000 0.000
15 CH2OX(54) -0.000 0.000
16 CH4OX(60) -0.000 -0.000
17 C2H4X(65) -0.000 0.000
18 C2H4X(206) -0.000 0.000
Finished thermo sensitivity simulation for a C/O ratio of 1.2
Starting thermo sensitivity simulation for a C/O ratio of 2.0
0 X(1) 0.003 0.003
1 HX(19) -0.002 -0.002
2 OX(20) -0.001 -0.001
3 CH3X(21) -0.000 0.000
4 HOX(22) 0.000 0.000
5 H2OX(23) 0.000 0.000
6 CO2X(24) -0.001 -0.001
7 OCX(25) -0.000 0.000
8 CX(26) 0.000 0.000
9 CH2X(27) 0.000 0.000
10 CHX(28) -0.000 -0.000
11 CH4X(48) 0.000 -0.000
12 H2X(49) -0.000 0.000
13 COX(50) -0.000 0.000
14 C2H6X(52) -0.000 0.000
15 CH2OX(54) -0.000 0.000
16 CH4OX(60) -0.000 0.000
17 C2H4X(65) -0.000 0.000
18 C2H4X(206) -0.000 0.000
Finished thermo sensitivity simulation for a C/O ratio of 2.0
Starting thermo sensitivity simulation for a C/O ratio of 1.4
0 X(1) 0.003 0.003
1 HX(19) -0.002 -0.002
2 OX(20) -0.000 -0.000
3 CH3X(21) -0.000 0.000
4 HOX(22) 0.000 0.000
5 H2OX(23) 0.000 0.000
6 CO2X(24) -0.001 -0.001
7 OCX(25) 0.000 0.000
8 CX(26) 0.000 0.000
9 CH2X(27) 0.000 0.000
10 CHX(28) -0.000 -0.000
11 CH4X(48) 0.000 -0.000
12 H2X(49) 0.000 -0.000
13 COX(50) 0.000 -0.000
14 C2H6X(52) 0.000 -0.000
15 CH2OX(54) 0.000 -0.000
16 CH4OX(60) 0.000 0.000
17 C2H4X(65) 0.000 -0.000
18 C2H4X(206) 0.000 -0.000
Finished thermo sensitivity simulation for a C/O ratio of 1.4
Starting thermo sensitivity simulation for a C/O ratio of 0.9
0 X(1) 0.002 0.002
1 HX(19) -0.002 -0.002
2 OX(20) -0.000 0.000
3 CH3X(21) 0.000 -0.000
4 HOX(22) -0.000 0.000
5 H2OX(23) 0.001 0.000
6 CO2X(24) -0.001 -0.001
7 OCX(25) 0.000 -0.000
8 CX(26) 0.000 0.000
9 CH2X(27) 0.000 0.000
10 CHX(28) 0.000 -0.000
11 CH4X(48) 0.000 -0.000
12 H2X(49) 0.000 -0.000
13 COX(50) 0.000 0.000
14 C2H6X(52) 0.000 -0.000
15 CH2OX(54) 0.000 -0.000
16 CH4OX(60) 0.000 0.000
17 C2H4X(65) 0.000 0.000
18 C2H4X(206) 0.000 -0.000
Finished thermo sensitivity simulation for a C/O ratio of 0.9
Starting thermo sensitivity simulation for a C/O ratio of 1.8
0 X(1) 0.003 0.003
1 HX(19) -0.002 -0.002
2 OX(20) -0.001 -0.000
3 CH3X(21) 0.000 0.000
4 HOX(22) 0.000 0.000
5 H2OX(23) 0.000 0.000
6 CO2X(24) -0.001 -0.001
7 OCX(25) 0.000 0.000
8 CX(26) 0.000 0.000
9 CH2X(27) 0.000 0.000
10 CHX(28) -0.000 -0.000
11 CH4X(48) 0.000 -0.000
12 H2X(49) -0.000 0.000
13 COX(50) -0.000 0.000
14 C2H6X(52) 0.000 -0.000
15 CH2OX(54) 0.000 -0.000
16 CH4OX(60) 0.000 -0.000
17 C2H4X(65) -0.000 0.000
18 C2H4X(206) 0.000 -0.000
Finished thermo sensitivity simulation for a C/O ratio of 1.8
