This mechanism contains 139 gas reactions and 39 surface reactions
Finished simulation at a C/O ratio of 0.9
Finished simulation at a C/O ratio of 0.6
Finished simulation at a C/O ratio of 1.0
Finished simulation at a C/O ratio of 1.3
Finished simulation at a C/O ratio of 2.6
Finished simulation at a C/O ratio of 0.8
Finished simulation at a C/O ratio of 1.4
Finished simulation at a C/O ratio of 1.1
Finished simulation at a C/O ratio of 1.2
Finished simulation at a C/O ratio of 2.2
Finished simulation at a C/O ratio of 1.6
Finished simulation at a C/O ratio of 2.0
Finished simulation at a C/O ratio of 1.8
Finished simulation at a C/O ratio of 0.7
Finished simulation at a C/O ratio of 2.4
Starting thermo sensitivity simulation for a C/O ratio of 1.0
0 X(1) 0.001 0.000 0.001 -0.001 0.000
1 HX(19) -0.000 -0.000 -0.000 -0.000 0.000
2 OX(20) 0.001 0.001 0.001 0.001 0.001
3 CH3X(21) 0.000 0.000 0.000 0.000 0.000
4 HOX(22) 0.000 0.000 0.001 0.000 0.000
5 H2OX(23) 0.000 0.000 0.001 0.001 0.000
6 CO2X(24) -0.000 -0.000 -0.000 -0.001 0.000
7 OCX(25) 0.000 0.000 0.000 -0.000 0.000
8 CX(26) 0.000 0.000 0.000 0.000 0.000
9 CH2X(27) 0.000 0.000 0.000 0.001 0.000
10 CHX(28) 0.000 0.000 0.001 0.000 0.000
11 CH4X(48) 0.000 0.000 0.000 -0.000 0.000
12 H2X(49) 0.000 0.000 0.001 -0.000 0.000
13 COX(50) 0.000 0.000 0.000 -0.000 0.000
14 C2H6X(52) 0.000 0.000 0.001 -0.000 0.000
15 CH2OX(54) 0.000 0.000 0.000 -0.000 0.000
16 CH4OX(60) 0.000 0.000 0.000 0.000 0.000
17 C2H4X(65) 0.000 0.000 0.001 -0.000 0.000
18 C2H4X(205) 0.000 0.000 0.001 -0.000 0.000
19 C2H2X(364) 0.000 0.000 0.001 -0.000 0.000
Finished thermo sensitivity simulation for a C/O ratio of 1.0
Starting thermo sensitivity simulation for a C/O ratio of 1.3
0 X(1) 0.000 0.000 0.001 -0.001 0.000
1 HX(19) -0.000 -0.000 -0.000 -0.000 0.000
2 OX(20) 0.000 0.001 0.001 0.001 0.001
3 CH3X(21) 0.000 0.000 0.000 0.000 0.000
4 HOX(22) 0.000 0.000 0.001 0.000 0.000
5 H2OX(23) 0.000 0.000 0.000 0.001 0.000
6 CO2X(24) -0.000 -0.000 -0.000 -0.001 0.000
7 OCX(25) 0.000 0.000 0.000 0.000 0.000
8 CX(26) 0.000 0.000 0.000 0.000 0.000
9 CH2X(27) -0.000 0.000 -0.000 0.001 -0.000
10 CHX(28) 0.000 0.000 0.000 0.000 0.000
11 CH4X(48) 0.000 -0.000 -0.000 -0.000 -0.000
12 H2X(49) 0.000 0.000 0.000 -0.000 0.000
13 COX(50) 0.000 0.000 0.000 0.000 0.000
14 C2H6X(52) 0.000 0.000 0.000 0.000 0.000
15 CH2OX(54) 0.000 0.000 0.000 0.000 0.000
16 CH4OX(60) 0.000 0.000 0.000 0.000 0.000
17 C2H4X(65) 0.000 0.000 0.000 0.000 0.000
18 C2H4X(205) 0.000 0.000 0.000 0.000 0.000
19 C2H2X(364) 0.000 0.000 0.000 0.000 0.000
Finished thermo sensitivity simulation for a C/O ratio of 1.3
Starting thermo sensitivity simulation for a C/O ratio of 0.6
0 X(1) 0.000 -0.000 0.000 -0.001 -0.000
1 HX(19) -0.000 -0.000 -0.001 -0.000 -0.000
2 OX(20) 0.000 0.001 0.001 0.001 0.001
3 CH3X(21) -0.000 -0.000 -0.000 0.000 -0.000
4 HOX(22) 0.000 0.000 0.000 0.000 0.000
5 H2OX(23) 0.000 0.000 0.000 0.001 -0.000
6 CO2X(24) -0.001 -0.001 -0.001 -0.001 -0.000
7 OCX(25) -0.000 -0.000 -0.000 0.000 -0.000
8 CX(26) -0.000 -0.000 -0.000 0.000 -0.000
9 CH2X(27) 0.000 0.000 0.000 0.001 -0.000
10 CHX(28) -0.000 0.000 0.000 0.000 0.000
11 CH4X(48) -0.000 -0.000 -0.000 -0.000 -0.000
12 H2X(49) -0.000 -0.000 -0.000 0.000 -0.000
13 COX(50) -0.000 -0.000 -0.000 -0.000 -0.000
14 C2H6X(52) -0.000 -0.000 -0.000 0.000 -0.000
15 CH2OX(54) -0.000 -0.000 -0.000 0.000 -0.000
16 CH4OX(60) -0.000 -0.000 -0.000 0.000 -0.000
17 C2H4X(65) -0.000 -0.000 -0.000 0.000 -0.000
18 C2H4X(205) 0.000 0.000 0.000 0.000 0.000
19 C2H2X(364) -0.000 -0.000 -0.000 0.000 -0.000
Finished thermo sensitivity simulation for a C/O ratio of 0.6
Starting thermo sensitivity simulation for a C/O ratio of 1.8
0 X(1) 0.000 0.000 0.001 -0.001 -0.000
1 HX(19) -0.000 -0.000 -0.001 -0.000 -0.000
2 OX(20) 0.000 0.001 0.001 0.001 0.000
3 CH3X(21) 0.000 0.000 0.000 0.000 0.000
4 HOX(22) 0.000 0.000 0.000 0.000 0.000
5 H2OX(23) 0.000 0.000 0.000 0.001 -0.000
6 CO2X(24) -0.000 -0.000 -0.000 -0.001 -0.000
7 OCX(25) 0.000 0.000 0.000 -0.000 0.000
8 CX(26) -0.000 -0.000 -0.000 0.000 -0.000
9 CH2X(27) -0.000 -0.000 -0.000 0.001 -0.000
10 CHX(28) 0.000 0.000 0.000 0.000 0.000
11 CH4X(48) -0.000 -0.000 -0.000 -0.000 -0.000
12 H2X(49) 0.000 0.000 0.000 -0.000 0.000
13 COX(50) 0.000 0.000 0.000 0.000 0.000
14 C2H6X(52) 0.000 0.000 0.000 0.000 0.000
15 CH2OX(54) 0.000 0.000 0.000 -0.000 0.000
16 CH4OX(60) -0.000 -0.000 -0.000 -0.000 -0.000
17 C2H4X(65) -0.000 -0.000 -0.000 -0.000 -0.000
18 C2H4X(205) 0.000 0.000 0.000 0.000 0.000
19 C2H2X(364) 0.000 0.000 0.000 -0.000 0.000
Finished thermo sensitivity simulation for a C/O ratio of 1.8
Starting thermo sensitivity simulation for a C/O ratio of 0.7
0 X(1) 0.000 0.000 0.000 -0.001 0.000
1 HX(19) -0.000 -0.000 -0.001 -0.000 -0.000
2 OX(20) 0.000 0.001 0.001 0.001 0.001
3 CH3X(21) 0.000 0.000 0.000 0.000 0.000
4 HOX(22) 0.000 0.000 0.000 0.000 0.000
5 H2OX(23) 0.000 0.000 0.000 0.001 0.000
6 CO2X(24) -0.000 -0.000 -0.001 -0.001 0.000
7 OCX(25) 0.000 0.000 0.000 -0.000 0.000
8 CX(26) 0.000 0.000 0.000 0.000 0.000
9 CH2X(27) 0.000 0.000 0.000 0.001 -0.000
10 CHX(28) 0.000 0.000 0.000 0.000 0.000
11 CH4X(48) 0.000 -0.000 -0.000 -0.000 -0.000
12 H2X(49) 0.000 0.000 0.000 -0.000 0.000
13 COX(50) 0.000 0.000 0.000 -0.000 0.000
14 C2H6X(52) 0.000 0.000 0.000 -0.000 0.000
15 CH2OX(54) 0.000 0.000 0.000 -0.000 0.000
16 CH4OX(60) 0.000 0.000 0.000 -0.000 0.000
17 C2H4X(65) 0.000 0.000 0.000 -0.000 0.000
18 C2H4X(205) 0.000 0.000 0.000 -0.000 0.000
19 C2H2X(364) 0.000 0.000 0.000 -0.000 0.000
Finished thermo sensitivity simulation for a C/O ratio of 0.7
Starting thermo sensitivity simulation for a C/O ratio of 1.1
0 X(1) 0.000 0.000 0.000 -0.001 -0.000
1 HX(19) -0.000 -0.000 -0.001 -0.000 -0.000
2 OX(20) 0.000 0.001 0.001 0.001 0.001
3 CH3X(21) -0.000 -0.000 -0.000 0.000 -0.000
4 HOX(22) 0.000 0.000 0.000 0.000 0.000
5 H2OX(23) 0.000 0.000 0.000 0.001 -0.000
6 CO2X(24) -0.000 -0.000 -0.001 -0.001 -0.000
7 OCX(25) -0.000 -0.000 -0.000 -0.000 -0.000
8 CX(26) -0.000 -0.000 -0.000 0.000 -0.000
9 CH2X(27) -0.000 -0.000 -0.000 0.001 -0.000
10 CHX(28) 0.000 0.000 0.000 0.000 0.000
11 CH4X(48) -0.000 -0.000 -0.000 -0.000 -0.000
12 H2X(49) 0.000 0.000 0.000 0.000 0.000
13 COX(50) -0.000 -0.000 -0.000 -0.000 -0.000
14 C2H6X(52) -0.000 -0.000 -0.000 -0.000 -0.000
15 CH2OX(54) -0.000 -0.000 -0.000 -0.000 -0.000
16 CH4OX(60) -0.000 -0.000 -0.000 -0.000 -0.000
17 C2H4X(65) -0.000 -0.000 -0.000 -0.000 -0.000
18 C2H4X(205) 0.000 0.000 0.000 0.000 0.000
19 C2H2X(364) -0.000 -0.000 -0.000 -0.000 -0.000
Finished thermo sensitivity simulation for a C/O ratio of 1.1
Starting thermo sensitivity simulation for a C/O ratio of 2.2
0 X(1) 0.000 0.000 0.001 -0.001 0.000
1 HX(19) -0.000 -0.000 -0.001 -0.000 -0.000
2 OX(20) 0.000 0.000 0.001 0.001 0.000
3 CH3X(21) -0.000 -0.000 -0.000 0.000 -0.000
4 HOX(22) 0.000 0.000 0.000 0.000 0.000
5 H2OX(23) 0.000 0.000 0.000 0.001 -0.000
6 CO2X(24) -0.000 -0.000 -0.000 -0.001 -0.000
7 OCX(25) -0.000 -0.000 -0.000 -0.000 -0.000
8 CX(26) -0.000 -0.000 -0.000 0.000 -0.000
9 CH2X(27) -0.000 -0.000 -0.000 0.001 -0.000
10 CHX(28) 0.000 0.000 0.000 0.000 0.000
11 CH4X(48) -0.000 -0.000 -0.000 -0.000 -0.000
12 H2X(49) -0.000 -0.000 -0.000 -0.000 -0.000
13 COX(50) -0.000 -0.000 -0.000 -0.000 -0.000
14 C2H6X(52) -0.000 -0.000 -0.000 -0.000 -0.000
15 CH2OX(54) -0.000 -0.000 -0.000 -0.000 -0.000
16 CH4OX(60) -0.000 -0.000 -0.000 -0.000 -0.000
17 C2H4X(65) -0.000 -0.000 -0.000 0.000 -0.000
18 C2H4X(205) -0.000 -0.000 -0.000 -0.000 -0.000
19 C2H2X(364) -0.000 -0.000 -0.000 -0.000 -0.000
Finished thermo sensitivity simulation for a C/O ratio of 2.2
Starting thermo sensitivity simulation for a C/O ratio of 1.2
0 X(1) 0.000 0.000 0.000 -0.001 -0.000
1 HX(19) -0.000 -0.000 -0.001 -0.000 -0.000
2 OX(20) 0.000 0.001 0.001 0.001 0.001
3 CH3X(21) 0.000 0.000 0.000 0.000 -0.000
4 HOX(22) 0.000 0.000 0.000 0.000 0.000
5 H2OX(23) 0.000 0.000 0.000 0.001 -0.000
6 CO2X(24) -0.000 -0.000 -0.001 -0.001 0.000
7 OCX(25) 0.000 0.000 0.000 -0.000 0.000
8 CX(26) -0.000 -0.000 -0.000 0.000 -0.000
9 CH2X(27) -0.000 -0.000 -0.000 0.001 -0.000
10 CHX(28) 0.000 0.000 0.000 0.000 0.000
11 CH4X(48) -0.000 -0.000 -0.000 -0.000 -0.000
12 H2X(49) 0.000 0.000 0.000 -0.000 0.000
13 COX(50) 0.000 0.000 0.000 -0.000 0.000
14 C2H6X(52) 0.000 0.000 0.000 0.000 0.000
15 CH2OX(54) 0.000 0.000 0.000 -0.000 0.000
16 CH4OX(60) 0.000 0.000 0.000 -0.000 0.000
17 C2H4X(65) 0.000 0.000 0.000 -0.000 0.000
18 C2H4X(205) 0.000 0.000 0.000 -0.000 0.000
19 C2H2X(364) 0.000 0.000 0.000 -0.000 0.000
Finished thermo sensitivity simulation for a C/O ratio of 1.2
Starting thermo sensitivity simulation for a C/O ratio of 2.0
0 X(1) 0.000 0.000 0.001 -0.001 0.000
1 HX(19) -0.000 -0.000 -0.001 -0.000 -0.000
2 OX(20) 0.000 0.001 0.001 0.001 0.000
3 CH3X(21) -0.000 -0.000 -0.000 0.000 -0.000
4 HOX(22) 0.000 0.000 0.000 0.000 0.000
5 H2OX(23) 0.000 0.000 0.000 0.001 -0.000
6 CO2X(24) -0.000 -0.000 -0.000 -0.001 0.000
7 OCX(25) -0.000 -0.000 -0.000 -0.000 -0.000
8 CX(26) -0.000 -0.000 -0.000 0.000 -0.000
9 CH2X(27) -0.000 -0.000 -0.000 0.001 -0.000
10 CHX(28) 0.000 0.000 0.000 0.000 0.000
11 CH4X(48) -0.000 -0.000 -0.000 -0.000 -0.000
12 H2X(49) 0.000 0.000 0.000 0.000 0.000
13 COX(50) 0.000 0.000 0.000 0.000 0.000
14 C2H6X(52) -0.000 -0.000 -0.000 0.000 -0.000
15 CH2OX(54) 0.000 0.000 0.000 -0.000 0.000
16 CH4OX(60) 0.000 0.000 0.000 0.000 0.000
17 C2H4X(65) 0.000 0.000 0.000 -0.000 0.000
18 C2H4X(205) -0.000 -0.000 -0.000 0.000 -0.000
19 C2H2X(364) 0.000 0.000 0.000 0.000 0.000
Finished thermo sensitivity simulation for a C/O ratio of 2.0
Starting thermo sensitivity simulation for a C/O ratio of 0.8
0 X(1) 0.000 -0.000 0.000 -0.001 -0.000
1 HX(19) -0.000 -0.000 -0.001 -0.000 -0.000
2 OX(20) 0.000 0.001 0.001 0.001 0.001
3 CH3X(21) 0.000 0.000 0.000 0.000 -0.000
4 HOX(22) 0.000 0.000 0.000 0.000 0.000
5 H2OX(23) 0.000 0.000 0.000 0.001 -0.000
6 CO2X(24) -0.000 -0.000 -0.001 -0.001 -0.000
7 OCX(25) 0.000 0.000 0.000 0.000 0.000
8 CX(26) 0.000 -0.000 -0.000 0.000 -0.000
9 CH2X(27) -0.000 -0.000 -0.000 0.001 -0.000
10 CHX(28) -0.000 0.000 0.000 0.000 0.000
11 CH4X(48) -0.000 -0.000 -0.000 -0.000 -0.000
12 H2X(49) -0.000 -0.000 -0.000 0.000 -0.000
13 COX(50) 0.000 0.000 0.000 -0.000 0.000
14 C2H6X(52) -0.000 -0.000 -0.000 -0.000 -0.000
15 CH2OX(54) -0.000 -0.000 -0.000 -0.000 -0.000
16 CH4OX(60) 0.000 0.000 0.000 0.000 0.000
17 C2H4X(65) -0.000 -0.000 -0.000 -0.000 -0.000
18 C2H4X(205) 0.000 -0.000 -0.000 -0.000 0.000
19 C2H2X(364) 0.000 0.000 0.000 -0.000 0.000
Finished thermo sensitivity simulation for a C/O ratio of 0.8
Starting thermo sensitivity simulation for a C/O ratio of 1.6
0 X(1) 0.000 0.000 0.001 -0.001 -0.000
1 HX(19) -0.000 -0.000 -0.001 -0.000 -0.000
2 OX(20) 0.000 0.001 0.001 0.001 0.000
3 CH3X(21) -0.000 -0.000 -0.000 0.000 -0.000
4 HOX(22) 0.000 0.000 0.000 0.000 0.000
5 H2OX(23) 0.000 0.000 0.000 0.001 -0.000
6 CO2X(24) -0.000 -0.000 -0.001 -0.001 -0.000
7 OCX(25) -0.000 -0.000 -0.000 0.000 -0.000
8 CX(26) -0.000 -0.000 -0.000 0.000 -0.000
9 CH2X(27) -0.000 -0.000 -0.000 0.001 -0.000
10 CHX(28) -0.000 0.000 -0.000 0.000 0.000
11 CH4X(48) -0.000 -0.000 -0.000 -0.000 -0.000
12 H2X(49) -0.000 -0.000 -0.000 -0.000 -0.000
13 COX(50) -0.000 -0.000 -0.000 -0.000 -0.000
14 C2H6X(52) -0.000 -0.000 -0.000 0.000 -0.000
15 CH2OX(54) -0.000 -0.000 -0.000 0.000 -0.000
16 CH4OX(60) -0.000 -0.000 -0.000 0.000 -0.000
17 C2H4X(65) -0.000 -0.000 -0.000 0.000 -0.000
18 C2H4X(205) -0.000 -0.000 -0.000 0.000 -0.000
19 C2H2X(364) -0.000 -0.000 -0.000 -0.000 -0.000
Finished thermo sensitivity simulation for a C/O ratio of 1.6
Starting thermo sensitivity simulation for a C/O ratio of 1.4
0 X(1) 0.000 0.000 0.001 -0.001 0.000
1 HX(19) -0.000 -0.000 -0.001 -0.000 -0.000
2 OX(20) 0.000 0.001 0.001 0.001 0.001
3 CH3X(21) 0.000 0.000 0.000 0.000 0.000
4 HOX(22) 0.000 0.000 0.000 0.000 0.000
5 H2OX(23) 0.000 0.000 0.000 0.001 -0.000
6 CO2X(24) -0.000 -0.000 -0.000 -0.001 0.000
7 OCX(25) 0.000 0.000 0.000 -0.000 0.000
8 CX(26) 0.000 -0.000 -0.000 0.000 -0.000
9 CH2X(27) -0.000 -0.000 -0.000 0.001 -0.000
10 CHX(28) 0.000 0.000 0.000 0.000 0.000
11 CH4X(48) -0.000 -0.000 -0.000 -0.000 -0.000
12 H2X(49) 0.000 0.000 0.000 0.000 0.000
13 COX(50) 0.000 0.000 0.000 0.000 0.000
14 C2H6X(52) 0.000 0.000 0.000 0.000 0.000
15 CH2OX(54) 0.000 0.000 0.000 -0.000 0.000
16 CH4OX(60) 0.000 0.000 0.000 0.000 0.000
17 C2H4X(65) 0.000 0.000 0.000 -0.000 0.000
18 C2H4X(205) 0.000 0.000 0.000 0.000 0.000
19 C2H2X(364) 0.000 0.000 0.000 -0.000 0.000
Finished thermo sensitivity simulation for a C/O ratio of 1.4
Starting thermo sensitivity simulation for a C/O ratio of 2.4
0 X(1) 0.000 0.000 0.001 -0.001 0.000
1 HX(19) -0.000 -0.000 -0.001 -0.000 -0.000
2 OX(20) 0.000 0.000 0.001 0.001 0.000
3 CH3X(21) -0.000 -0.000 -0.000 0.000 -0.000
4 HOX(22) 0.000 0.000 0.000 0.000 0.000
5 H2OX(23) 0.000 0.000 0.000 0.001 -0.000
6 CO2X(24) -0.000 -0.000 -0.000 -0.001 -0.000
7 OCX(25) 0.000 0.000 0.000 0.000 0.000
8 CX(26) -0.000 -0.000 -0.000 0.000 -0.000
9 CH2X(27) -0.000 -0.000 -0.000 0.001 -0.000
10 CHX(28) 0.000 0.000 0.000 0.000 0.000
11 CH4X(48) -0.000 -0.000 -0.000 -0.000 -0.000
12 H2X(49) -0.000 -0.000 -0.000 0.000 -0.000
13 COX(50) -0.000 -0.000 -0.000 0.000 -0.000
14 C2H6X(52) 0.000 0.000 0.000 -0.000 0.000
15 CH2OX(54) 0.000 0.000 0.000 0.000 0.000
16 CH4OX(60) -0.000 -0.000 -0.000 0.000 -0.000
17 C2H4X(65) -0.000 -0.000 -0.000 0.000 -0.000
18 C2H4X(205) -0.000 -0.000 -0.000 0.000 -0.000
19 C2H2X(364) 0.000 0.000 0.000 0.000 0.000
Finished thermo sensitivity simulation for a C/O ratio of 2.4
Starting thermo sensitivity simulation for a C/O ratio of 2.6
0 X(1) 0.000 0.000 0.001 -0.001 0.000
1 HX(19) -0.000 -0.000 -0.001 -0.000 -0.000
2 OX(20) 0.000 0.000 0.001 0.001 0.000
3 CH3X(21) -0.000 0.000 0.000 0.000 0.000
4 HOX(22) 0.000 0.000 0.000 0.000 0.000
5 H2OX(23) 0.000 0.000 0.000 0.001 -0.000
6 CO2X(24) -0.000 -0.000 -0.000 -0.001 -0.000
7 OCX(25) -0.000 -0.000 -0.000 0.000 -0.000
8 CX(26) -0.000 -0.000 -0.000 0.000 -0.000
9 CH2X(27) -0.000 -0.000 -0.000 0.001 -0.000
10 CHX(28) 0.000 0.000 0.000 0.000 0.000
11 CH4X(48) -0.000 -0.000 -0.000 -0.000 -0.000
12 H2X(49) -0.000 -0.000 -0.000 0.000 -0.000
13 COX(50) 0.000 -0.000 -0.000 0.000 0.000
14 C2H6X(52) -0.000 -0.000 -0.000 -0.000 -0.000
15 CH2OX(54) 0.000 0.000 0.000 -0.000 0.000
16 CH4OX(60) -0.000 -0.000 -0.000 0.000 -0.000
17 C2H4X(65) -0.000 -0.000 -0.000 -0.000 -0.000
18 C2H4X(205) -0.000 -0.000 -0.000 0.000 -0.000
19 C2H2X(364) -0.000 -0.000 -0.000 0.000 -0.000
Finished thermo sensitivity simulation for a C/O ratio of 2.6
Starting thermo sensitivity simulation for a C/O ratio of 0.9
0 X(1) 0.000 0.000 0.001 -0.001 0.000
1 HX(19) -0.000 -0.000 -0.001 -0.000 0.000
2 OX(20) 0.000 0.001 0.001 0.001 0.001
3 CH3X(21) 0.000 0.000 0.000 0.000 0.000
4 HOX(22) 0.000 0.000 0.000 0.000 0.000
5 H2OX(23) 0.000 0.000 0.000 0.001 0.000
6 CO2X(24) -0.000 -0.000 -0.001 -0.001 0.000
7 OCX(25) 0.000 0.000 0.000 0.000 0.000
8 CX(26) 0.000 0.000 0.000 0.000 0.000
9 CH2X(27) 0.000 0.000 0.000 0.001 -0.000
10 CHX(28) 0.000 0.000 0.000 0.000 0.000
11 CH4X(48) 0.000 -0.000 -0.000 -0.000 -0.000
12 H2X(49) 0.000 0.000 0.000 -0.000 0.000
13 COX(50) 0.000 0.000 0.000 0.000 0.000
14 C2H6X(52) 0.000 0.000 0.000 0.000 0.000
15 CH2OX(54) 0.000 0.000 0.000 0.000 0.000
16 CH4OX(60) 0.000 0.000 0.000 0.000 0.000
17 C2H4X(65) 0.000 0.000 0.000 0.000 0.000
18 C2H4X(205) 0.000 0.000 0.000 -0.000 0.000
19 C2H2X(364) 0.000 0.000 0.000 0.000 0.000
Finished thermo sensitivity simulation for a C/O ratio of 0.9
Starting sensitivity simulation for a C/O ratio of 0.6
0 CH4(2) + X(1) <=> CH4X(48) -0.000 -0.000 -0.000 -0.000 -0.000
1 O2(3) + 2 X(1) <=> 2 OX(20) -0.000 -0.000 -0.000 -0.000 -0.000
2 H2(6) + 2 X(1) <=> 2 HX(19) 0.000 0.000 0.000 0.000 0.000
3 H(12) + X(1) <=> HX(19) 0.000 0.000 0.000 0.000 0.000
4 CH4(2) + 2 X(1) <=> CH3X(21) + HX(19) -0.253 -0.905 -1.161 -0.111 -1.238
5 C2H6(8) + 2 X(1) <=> 2 CH3X(21) -0.066 -0.101 -0.167 0.313 -0.169
6 CH3(10) + X(1) <=> CH3X(21) -0.000 0.000 -0.000 -0.026 -0.003
7 H2(6) + X(1) <=> H2X(49) -0.000 -0.000 -0.000 0.000 -0.000
8 CH4(2) + OX(20) + X(1) <=> CH3X(21) + HOX(22) -0.087 -0.331 -0.418 -0.040 -0.452
9 HX(19) + OX(20) <=> HOX(22) + X(1) 0.008 -0.041 -0.033 -0.005 -0.054
10 H2O(5) + 2 X(1) <=> HOX(22) + HX(19) -0.003 -0.003 -0.005 -0.008 0.000
11 CH3OH(14) + 2 X(1) <=> CH3X(21) + HOX(22) 0.011 0.011 0.022 0.005 0.024
12 OH(17) + X(1) <=> HOX(22) -0.032 -0.035 -0.067 -0.003 -0.052
13 CH4(2) + HOX(22) + X(1) <=> CH3X(21) + H2OX(23) -0.028 -0.070 -0.098 -0.044 -0.078
14 H2O(5) + X(1) <=> H2OX(23) -0.000 -0.000 -0.000 -0.000 -0.000
15 H2OX(23) + OX(20) <=> 2 HOX(22) -0.152 -0.130 -0.283 -0.474 0.052
16 HOX(22) + HX(19) <=> H2OX(23) + X(1) -0.000 -0.000 -0.000 -0.000 -0.000
17 CH2X(27) + HX(19) <=> CH3X(21) + X(1) -0.047 -0.055 -0.102 -0.771 0.173
18 CH2X(27) + HOX(22) <=> CH3X(21) + OX(20) -0.000 -0.001 -0.001 -0.007 0.001
19 CHX(28) + HX(19) <=> CH2X(27) + X(1) 0.000 -0.000 -0.000 0.000 -0.000
20 CHX(28) + HOX(22) <=> CH2X(27) + OX(20) 0.003 -0.007 -0.004 -0.001 -0.008
21 2 CH2X(27) <=> CH3X(21) + CHX(28) 0.000 0.000 0.000 -0.000 0.000
22 CHX(28) + X(1) <=> CX(26) + HX(19) 0.000 0.000 0.000 0.000 0.000
23 CX(26) + H2(6) <=> CH2X(27) -0.000 -0.000 -0.000 0.000 -0.000
24 CX(26) + HOX(22) <=> CHX(28) + OX(20) -0.000 -0.000 -0.000 0.000 -0.000
25 CH3X(21) + CX(26) <=> CH2X(27) + CHX(28) -0.001 -0.001 -0.003 -0.011 0.002
26 CH2X(27) + CX(26) <=> 2 CHX(28) 0.000 0.000 0.000 0.000 0.000
27 C2H6(8) + X(1) <=> C2H6X(52) -0.000 -0.000 -0.000 0.000 -0.000
28 CH3OH(14) + X(1) <=> CH4OX(60) -0.000 -0.000 -0.000 0.000 -0.000
29 C2H4(47) + X(1) <=> C2H4X(205) -0.000 -0.000 -0.000 -0.000 -0.000
30 C2H4(18) + X(1) <=> C2H4X(65) -0.000 -0.000 -0.000 0.000 -0.000
31 CO(7) + X(1) <=> OCX(25) -0.000 -0.000 -0.000 -0.000 -0.000
32 CX(26) + OX(20) <=> OCX(25) + X(1) -0.002 0.008 0.006 0.010 0.007
33 CH2O(9) + X(1) <=> CH2OX(54) -0.000 -0.000 -0.000 0.000 -0.000
34 CO(7) + X(1) <=> COX(50) 0.000 0.000 0.000 -0.000 0.000
35 C2H2(338) + X(1) <=> C2H2X(364) -0.000 -0.000 -0.000 -0.000 -0.000
36 CO2(4) + X(1) <=> CO2X(24) 0.000 0.000 0.000 0.000 0.000
37 OCX(25) + OX(20) <=> CO2X(24) + X(1) -0.000 -0.000 -0.000 -0.000 -0.000
38 CO2X(24) + HX(19) <=> HOX(22) + OCX(25) 0.354 0.354 0.707 0.990 -0.000
Finished sensitivity simulation for a C/O ratio of 0.6
Finished translating for C/O ratio of 0.6
Starting sensitivity simulation for a C/O ratio of 1.0
0 CH4(2) + X(1) <=> CH4X(48) 0.000 0.000 0.001 -0.000 0.000
1 O2(3) + 2 X(1) <=> 2 OX(20) 0.000 0.000 0.001 -0.000 0.000
2 H2(6) + 2 X(1) <=> 2 HX(19) 0.000 0.000 0.001 -0.000 0.000
3 H(12) + X(1) <=> HX(19) 0.000 0.000 0.001 -0.000 0.000
4 CH4(2) + 2 X(1) <=> CH3X(21) + HX(19) -0.329 -0.983 -1.315 -0.082 -1.152
5 C2H6(8) + 2 X(1) <=> 2 CH3X(21) -0.045 -0.092 -0.137 0.353 -0.077
6 CH3(10) + X(1) <=> CH3X(21) -0.015 -0.014 -0.029 -0.026 -0.023
7 H2(6) + X(1) <=> H2X(49) 0.000 0.000 0.000 -0.000 0.000
8 CH4(2) + OX(20) + X(1) <=> CH3X(21) + HOX(22) -0.112 -0.348 -0.460 -0.030 -0.407
9 HX(19) + OX(20) <=> HOX(22) + X(1) -0.003 -0.052 -0.055 -0.007 -0.059
10 H2O(5) + 2 X(1) <=> HOX(22) + HX(19) -0.002 -0.002 -0.003 -0.009 0.000
11 CH3OH(14) + 2 X(1) <=> CH3X(21) + HOX(22) 0.021 0.021 0.042 0.004 0.033
12 OH(17) + X(1) <=> HOX(22) -0.024 -0.026 -0.050 -0.003 -0.033
13 CH4(2) + HOX(22) + X(1) <=> CH3X(21) + H2OX(23) -0.035 -0.086 -0.120 -0.052 -0.088
14 H2O(5) + X(1) <=> H2OX(23) 0.000 0.000 0.000 -0.000 0.000
15 H2OX(23) + OX(20) <=> 2 HOX(22) -0.094 -0.068 -0.161 -0.469 0.044
16 HOX(22) + HX(19) <=> H2OX(23) + X(1) 0.000 0.000 0.000 -0.000 0.000
17 CH2X(27) + HX(19) <=> CH3X(21) + X(1) 0.055 0.039 0.093 -0.790 0.148
18 CH2X(27) + HOX(22) <=> CH3X(21) + OX(20) 0.001 0.001 0.001 -0.006 0.001
19 CHX(28) + HX(19) <=> CH2X(27) + X(1) 0.000 0.000 0.000 0.000 0.000
20 CHX(28) + HOX(22) <=> CH2X(27) + OX(20) 0.000 -0.016 -0.016 -0.002 -0.018
21 2 CH2X(27) <=> CH3X(21) + CHX(28) 0.000 0.000 0.000 -0.000 0.000
22 CHX(28) + X(1) <=> CX(26) + HX(19) 0.000 0.000 0.001 -0.000 0.000
23 CX(26) + H2(6) <=> CH2X(27) 0.000 0.000 0.000 -0.000 0.000
24 CX(26) + HOX(22) <=> CHX(28) + OX(20) 0.000 0.000 0.001 -0.000 0.000
25 CH3X(21) + CX(26) <=> CH2X(27) + CHX(28) 0.001 0.000 0.001 -0.015 0.003
26 CH2X(27) + CX(26) <=> 2 CHX(28) 0.000 0.000 0.000 -0.000 0.000
27 C2H6(8) + X(1) <=> C2H6X(52) 0.000 0.000 0.001 -0.000 0.000
28 CH3OH(14) + X(1) <=> CH4OX(60) 0.000 0.000 0.000 -0.000 0.000
29 C2H4(47) + X(1) <=> C2H4X(205) 0.000 0.000 0.001 0.000 0.000
30 C2H4(18) + X(1) <=> C2H4X(65) 0.000 0.000 0.000 -0.000 0.000
31 CO(7) + X(1) <=> OCX(25) 0.000 0.000 0.000 -0.000 0.000
32 CX(26) + OX(20) <=> OCX(25) + X(1) 0.000 0.017 0.017 0.014 0.017
33 CH2O(9) + X(1) <=> CH2OX(54) 0.000 0.000 0.001 -0.000 0.000
34 CO(7) + X(1) <=> COX(50) 0.000 0.000 0.000 -0.000 0.000
35 C2H2(338) + X(1) <=> C2H2X(364) 0.000 0.000 0.001 -0.000 0.000
36 CO2(4) + X(1) <=> CO2X(24) 0.000 0.000 0.000 -0.000 0.000
37 OCX(25) + OX(20) <=> CO2X(24) + X(1) 0.000 0.000 0.001 -0.000 0.000
38 CO2X(24) + HX(19) <=> HOX(22) + OCX(25) 0.226 0.226 0.452 0.990 0.000
Finished sensitivity simulation for a C/O ratio of 1.0
Finished translating for C/O ratio of 1.0
Starting sensitivity simulation for a C/O ratio of 0.9
0 CH4(2) + X(1) <=> CH4X(48) 0.000 0.000 0.000 0.000 0.000
1 O2(3) + 2 X(1) <=> 2 OX(20) 0.000 0.000 0.000 0.000 0.000
2 H2(6) + 2 X(1) <=> 2 HX(19) 0.000 0.000 0.000 0.000 0.000
3 H(12) + X(1) <=> HX(19) 0.000 0.000 0.000 0.000 0.000
4 CH4(2) + 2 X(1) <=> CH3X(21) + HX(19) -0.319 -0.972 -1.294 -0.087 -1.168
5 C2H6(8) + 2 X(1) <=> 2 CH3X(21) -0.052 -0.097 -0.149 0.345 -0.095
6 CH3(10) + X(1) <=> CH3X(21) -0.013 -0.011 -0.024 -0.027 -0.020
7 H2(6) + X(1) <=> H2X(49) 0.000 0.000 0.000 -0.000 0.000
8 CH4(2) + OX(20) + X(1) <=> CH3X(21) + HOX(22) -0.110 -0.347 -0.457 -0.032 -0.417
9 HX(19) + OX(20) <=> HOX(22) + X(1) -0.002 -0.051 -0.052 -0.007 -0.059
10 H2O(5) + 2 X(1) <=> HOX(22) + HX(19) -0.002 -0.002 -0.004 -0.009 0.000
11 CH3OH(14) + 2 X(1) <=> CH3X(21) + HOX(22) 0.019 0.019 0.038 0.005 0.031
12 OH(17) + X(1) <=> HOX(22) -0.025 -0.028 -0.054 -0.003 -0.036
13 CH4(2) + HOX(22) + X(1) <=> CH3X(21) + H2OX(23) -0.033 -0.083 -0.116 -0.051 -0.086
14 H2O(5) + X(1) <=> H2OX(23) 0.000 0.000 0.000 -0.000 0.000
15 H2OX(23) + OX(20) <=> 2 HOX(22) -0.103 -0.078 -0.182 -0.470 0.045
16 HOX(22) + HX(19) <=> H2OX(23) + X(1) 0.000 0.000 0.000 -0.000 0.000
17 CH2X(27) + HX(19) <=> CH3X(21) + X(1) 0.038 0.024 0.063 -0.787 0.153
18 CH2X(27) + HOX(22) <=> CH3X(21) + OX(20) 0.000 0.000 0.001 -0.006 0.001
19 CHX(28) + HX(19) <=> CH2X(27) + X(1) 0.000 0.000 0.000 0.000 0.000
20 CHX(28) + HOX(22) <=> CH2X(27) + OX(20) 0.001 -0.014 -0.013 -0.002 -0.016
21 2 CH2X(27) <=> CH3X(21) + CHX(28) 0.000 0.000 0.000 -0.000 0.000
22 CHX(28) + X(1) <=> CX(26) + HX(19) 0.000 0.000 0.000 0.000 0.000
23 CX(26) + H2(6) <=> CH2X(27) 0.000 0.000 0.000 0.000 0.000
24 CX(26) + HOX(22) <=> CHX(28) + OX(20) 0.000 0.000 0.000 -0.000 0.000
25 CH3X(21) + CX(26) <=> CH2X(27) + CHX(28) 0.000 -0.000 -0.000 -0.014 0.002
26 CH2X(27) + CX(26) <=> 2 CHX(28) 0.000 0.000 0.000 -0.000 0.000
27 C2H6(8) + X(1) <=> C2H6X(52) 0.000 0.000 0.000 0.000 0.000
28 CH3OH(14) + X(1) <=> CH4OX(60) 0.000 0.000 0.000 0.000 0.000
29 C2H4(47) + X(1) <=> C2H4X(205) 0.000 0.000 0.000 0.000 0.000
30 C2H4(18) + X(1) <=> C2H4X(65) 0.000 0.000 0.000 0.000 0.000
31 CO(7) + X(1) <=> OCX(25) 0.000 0.000 0.000 -0.000 0.000
32 CX(26) + OX(20) <=> OCX(25) + X(1) -0.001 0.014 0.014 0.013 0.015
33 CH2O(9) + X(1) <=> CH2OX(54) 0.000 0.000 0.000 0.000 0.000
34 CO(7) + X(1) <=> COX(50) 0.000 0.000 0.000 0.000 0.000
35 C2H2(338) + X(1) <=> C2H2X(364) 0.000 0.000 0.000 0.000 0.000
36 CO2(4) + X(1) <=> CO2X(24) 0.000 0.000 0.000 0.000 0.000
37 OCX(25) + OX(20) <=> CO2X(24) + X(1) 0.000 0.000 0.000 0.000 0.000
38 CO2X(24) + HX(19) <=> HOX(22) + OCX(25) 0.248 0.248 0.495 0.990 0.000
Finished sensitivity simulation for a C/O ratio of 0.9
Finished translating for C/O ratio of 0.9
Starting sensitivity simulation for a C/O ratio of 1.3
0 CH4(2) + X(1) <=> CH4X(48) 0.000 0.000 0.000 0.000 0.000
1 O2(3) + 2 X(1) <=> 2 OX(20) 0.000 0.000 0.000 0.000 0.000
2 H2(6) + 2 X(1) <=> 2 HX(19) 0.000 0.000 0.000 0.000 0.000
3 H(12) + X(1) <=> HX(19) 0.000 0.000 0.000 0.000 0.000
4 CH4(2) + 2 X(1) <=> CH3X(21) + HX(19) -0.344 -1.002 -1.349 -0.069 -1.119
5 C2H6(8) + 2 X(1) <=> 2 CH3X(21) -0.023 -0.074 -0.098 0.371 -0.034
6 CH3(10) + X(1) <=> CH3X(21) -0.019 -0.018 -0.037 -0.024 -0.027
7 H2(6) + X(1) <=> H2X(49) 0.000 0.000 0.000 0.000 0.000
8 CH4(2) + OX(20) + X(1) <=> CH3X(21) + HOX(22) -0.115 -0.344 -0.459 -0.025 -0.384
9 HX(19) + OX(20) <=> HOX(22) + X(1) -0.006 -0.052 -0.058 -0.008 -0.057
10 H2O(5) + 2 X(1) <=> HOX(22) + HX(19) -0.001 -0.002 -0.003 -0.010 0.000
11 CH3OH(14) + 2 X(1) <=> CH3X(21) + HOX(22) 0.024 0.026 0.050 0.004 0.036
12 OH(17) + X(1) <=> HOX(22) -0.020 -0.023 -0.043 -0.002 -0.027
13 CH4(2) + HOX(22) + X(1) <=> CH3X(21) + H2OX(23) -0.037 -0.093 -0.130 -0.057 -0.094
14 H2O(5) + X(1) <=> H2OX(23) 0.000 0.000 0.000 -0.000 0.000
15 H2OX(23) + OX(20) <=> 2 HOX(22) -0.075 -0.047 -0.122 -0.466 0.041
16 HOX(22) + HX(19) <=> H2OX(23) + X(1) 0.000 0.000 0.000 -0.000 0.000
17 CH2X(27) + HX(19) <=> CH3X(21) + X(1) 0.085 0.064 0.149 -0.798 0.133
18 CH2X(27) + HOX(22) <=> CH3X(21) + OX(20) 0.001 0.001 0.001 -0.006 0.001
19 CHX(28) + HX(19) <=> CH2X(27) + X(1) 0.000 0.000 0.000 0.000 0.000
20 CHX(28) + HOX(22) <=> CH2X(27) + OX(20) -0.002 -0.022 -0.024 -0.004 -0.024
21 2 CH2X(27) <=> CH3X(21) + CHX(28) 0.000 0.000 0.000 -0.000 0.000
22 CHX(28) + X(1) <=> CX(26) + HX(19) 0.000 0.000 0.000 0.000 0.000
23 CX(26) + H2(6) <=> CH2X(27) 0.000 0.000 0.000 -0.000 0.000
24 CX(26) + HOX(22) <=> CHX(28) + OX(20) 0.000 0.000 0.000 -0.000 0.000
25 CH3X(21) + CX(26) <=> CH2X(27) + CHX(28) 0.001 0.001 0.002 -0.018 0.003
26 CH2X(27) + CX(26) <=> 2 CHX(28) 0.000 0.000 0.000 0.000 0.000
27 C2H6(8) + X(1) <=> C2H6X(52) 0.000 0.000 0.000 0.000 0.000
28 CH3OH(14) + X(1) <=> CH4OX(60) 0.000 0.000 0.000 0.000 0.000
29 C2H4(47) + X(1) <=> C2H4X(205) 0.000 0.000 0.001 0.000 0.000
30 C2H4(18) + X(1) <=> C2H4X(65) 0.000 0.000 0.000 -0.000 0.000
31 CO(7) + X(1) <=> OCX(25) 0.000 0.000 0.000 -0.000 0.000
32 CX(26) + OX(20) <=> OCX(25) + X(1) 0.001 0.022 0.023 0.016 0.023
33 CH2O(9) + X(1) <=> CH2OX(54) 0.000 0.000 0.000 0.000 0.000
34 CO(7) + X(1) <=> COX(50) 0.000 0.000 0.000 0.000 0.000
35 C2H2(338) + X(1) <=> C2H2X(364) 0.000 0.000 0.000 0.000 0.000
36 CO2(4) + X(1) <=> CO2X(24) 0.000 0.000 0.000 0.000 0.000
37 OCX(25) + OX(20) <=> CO2X(24) + X(1) 0.000 0.000 0.000 0.000 0.000
38 CO2X(24) + HX(19) <=> HOX(22) + OCX(25) 0.183 0.183 0.365 0.990 0.000
Finished sensitivity simulation for a C/O ratio of 1.3
Finished translating for C/O ratio of 1.3
Starting sensitivity simulation for a C/O ratio of 0.7
0 CH4(2) + X(1) <=> CH4X(48) 0.000 0.000 0.000 -0.000 0.000
1 O2(3) + 2 X(1) <=> 2 OX(20) 0.000 0.000 0.000 -0.000 0.000
2 H2(6) + 2 X(1) <=> 2 HX(19) 0.000 0.000 0.000 -0.000 0.000
3 H(12) + X(1) <=> HX(19) 0.000 0.000 0.000 -0.000 0.000
4 CH4(2) + 2 X(1) <=> CH3X(21) + HX(19) -0.284 -0.936 -1.223 -0.102 -1.210
5 C2H6(8) + 2 X(1) <=> 2 CH3X(21) -0.064 -0.102 -0.166 0.326 -0.140
6 CH3(10) + X(1) <=> CH3X(21) -0.005 -0.005 -0.010 -0.027 -0.011
7 H2(6) + X(1) <=> H2X(49) 0.000 0.000 0.000 -0.000 0.000
8 CH4(2) + OX(20) + X(1) <=> CH3X(21) + HOX(22) -0.098 -0.340 -0.439 -0.037 -0.439
9 HX(19) + OX(20) <=> HOX(22) + X(1) 0.004 -0.046 -0.042 -0.006 -0.057
10 H2O(5) + 2 X(1) <=> HOX(22) + HX(19) -0.002 -0.002 -0.005 -0.009 0.000
11 CH3OH(14) + 2 X(1) <=> CH3X(21) + HOX(22) 0.014 0.014 0.028 0.005 0.027
12 OH(17) + X(1) <=> HOX(22) -0.029 -0.032 -0.062 -0.003 -0.045
13 CH4(2) + HOX(22) + X(1) <=> CH3X(21) + H2OX(23) -0.030 -0.075 -0.105 -0.046 -0.081
14 H2O(5) + X(1) <=> H2OX(23) 0.000 0.000 0.000 -0.000 0.000
15 H2OX(23) + OX(20) <=> 2 HOX(22) -0.131 -0.108 -0.239 -0.472 0.049
16 HOX(22) + HX(19) <=> H2OX(23) + X(1) 0.000 0.000 0.000 -0.000 0.000
17 CH2X(27) + HX(19) <=> CH3X(21) + X(1) -0.010 -0.020 -0.030 -0.777 0.166
18 CH2X(27) + HOX(22) <=> CH3X(21) + OX(20) -0.000 -0.000 -0.000 -0.007 0.001
19 CHX(28) + HX(19) <=> CH2X(27) + X(1) 0.000 0.000 0.000 0.000 0.000
20 CHX(28) + HOX(22) <=> CH2X(27) + OX(20) 0.002 -0.009 -0.007 -0.001 -0.011
21 2 CH2X(27) <=> CH3X(21) + CHX(28) 0.000 0.000 0.000 -0.000 0.000
22 CHX(28) + X(1) <=> CX(26) + HX(19) 0.000 0.000 0.000 -0.000 0.000
23 CX(26) + H2(6) <=> CH2X(27) 0.000 0.000 0.000 -0.000 0.000
24 CX(26) + HOX(22) <=> CHX(28) + OX(20) 0.000 0.000 0.000 -0.000 0.000
25 CH3X(21) + CX(26) <=> CH2X(27) + CHX(28) -0.001 -0.001 -0.002 -0.012 0.002
26 CH2X(27) + CX(26) <=> 2 CHX(28) 0.000 0.000 0.000 -0.000 0.000
27 C2H6(8) + X(1) <=> C2H6X(52) 0.000 0.000 0.000 -0.000 0.000
28 CH3OH(14) + X(1) <=> CH4OX(60) 0.000 0.000 0.000 -0.000 0.000
29 C2H4(47) + X(1) <=> C2H4X(205) 0.000 0.000 0.000 -0.000 0.000
30 C2H4(18) + X(1) <=> C2H4X(65) 0.000 0.000 0.000 -0.000 0.000
31 CO(7) + X(1) <=> OCX(25) 0.000 0.000 0.000 -0.000 0.000
32 CX(26) + OX(20) <=> OCX(25) + X(1) -0.001 0.010 0.009 0.011 0.010
33 CH2O(9) + X(1) <=> CH2OX(54) 0.000 0.000 0.000 -0.000 0.000
34 CO(7) + X(1) <=> COX(50) 0.000 0.000 0.000 -0.000 0.000
35 C2H2(338) + X(1) <=> C2H2X(364) 0.000 0.000 0.000 -0.000 0.000
36 CO2(4) + X(1) <=> CO2X(24) 0.000 0.000 0.000 -0.000 0.000
37 OCX(25) + OX(20) <=> CO2X(24) + X(1) 0.000 0.000 0.000 -0.000 0.000
38 CO2X(24) + HX(19) <=> HOX(22) + OCX(25) 0.309 0.309 0.617 0.990 0.000
Finished sensitivity simulation for a C/O ratio of 0.7
Finished translating for C/O ratio of 0.7
Starting sensitivity simulation for a C/O ratio of 1.4
0 CH4(2) + X(1) <=> CH4X(48) 0.000 0.000 0.000 -0.000 0.000
1 O2(3) + 2 X(1) <=> 2 OX(20) 0.000 0.000 0.000 -0.000 0.000
2 H2(6) + 2 X(1) <=> 2 HX(19) 0.000 0.000 0.000 0.000 0.000
3 H(12) + X(1) <=> HX(19) 0.000 0.000 0.000 -0.000 0.000
4 CH4(2) + 2 X(1) <=> CH3X(21) + HX(19) -0.346 -1.006 -1.355 -0.065 -1.110
5 C2H6(8) + 2 X(1) <=> 2 CH3X(21) -0.016 -0.069 -0.085 0.376 -0.022
6 CH3(10) + X(1) <=> CH3X(21) -0.020 -0.018 -0.038 -0.023 -0.027
7 H2(6) + X(1) <=> H2X(49) 0.000 0.000 0.000 -0.000 0.000
8 CH4(2) + OX(20) + X(1) <=> CH3X(21) + HOX(22) -0.114 -0.342 -0.456 -0.024 -0.377
9 HX(19) + OX(20) <=> HOX(22) + X(1) -0.006 -0.052 -0.058 -0.009 -0.057
10 H2O(5) + 2 X(1) <=> HOX(22) + HX(19) -0.001 -0.002 -0.003 -0.010 0.000
11 CH3OH(14) + 2 X(1) <=> CH3X(21) + HOX(22) 0.025 0.027 0.053 0.004 0.037
12 OH(17) + X(1) <=> HOX(22) -0.019 -0.022 -0.041 -0.002 -0.026
13 CH4(2) + HOX(22) + X(1) <=> CH3X(21) + H2OX(23) -0.038 -0.095 -0.133 -0.058 -0.095
14 H2O(5) + X(1) <=> H2OX(23) 0.000 0.000 0.000 -0.000 0.000
15 H2OX(23) + OX(20) <=> 2 HOX(22) -0.070 -0.042 -0.113 -0.466 0.041
16 HOX(22) + HX(19) <=> H2OX(23) + X(1) 0.000 0.000 0.000 -0.000 0.000
17 CH2X(27) + HX(19) <=> CH3X(21) + X(1) 0.092 0.069 0.161 -0.801 0.129
18 CH2X(27) + HOX(22) <=> CH3X(21) + OX(20) 0.001 0.001 0.001 -0.006 0.001
19 CHX(28) + HX(19) <=> CH2X(27) + X(1) -0.000 -0.000 -0.000 0.000 -0.000
20 CHX(28) + HOX(22) <=> CH2X(27) + OX(20) -0.002 -0.024 -0.026 -0.004 -0.026
21 2 CH2X(27) <=> CH3X(21) + CHX(28) 0.000 0.000 0.000 -0.000 0.000
22 CHX(28) + X(1) <=> CX(26) + HX(19) 0.000 0.000 0.000 0.000 0.000
23 CX(26) + H2(6) <=> CH2X(27) 0.000 0.000 0.000 0.000 0.000
24 CX(26) + HOX(22) <=> CHX(28) + OX(20) 0.000 0.000 0.000 -0.000 0.000
25 CH3X(21) + CX(26) <=> CH2X(27) + CHX(28) 0.001 0.001 0.002 -0.019 0.003
26 CH2X(27) + CX(26) <=> 2 CHX(28) 0.000 0.000 0.000 -0.000 0.000
27 C2H6(8) + X(1) <=> C2H6X(52) 0.000 0.000 0.000 0.000 0.000
28 CH3OH(14) + X(1) <=> CH4OX(60) 0.000 0.000 0.000 -0.000 0.000
29 C2H4(47) + X(1) <=> C2H4X(205) 0.000 0.000 0.000 0.000 0.000
30 C2H4(18) + X(1) <=> C2H4X(65) 0.000 0.000 0.000 -0.000 0.000
31 CO(7) + X(1) <=> OCX(25) 0.000 0.000 0.000 -0.000 0.000
32 CX(26) + OX(20) <=> OCX(25) + X(1) 0.001 0.024 0.025 0.017 0.024
33 CH2O(9) + X(1) <=> CH2OX(54) 0.000 0.000 0.000 0.000 0.000
34 CO(7) + X(1) <=> COX(50) 0.000 0.000 0.000 0.000 0.000
35 C2H2(338) + X(1) <=> C2H2X(364) 0.000 0.000 0.000 0.000 0.000
36 CO2(4) + X(1) <=> CO2X(24) 0.000 0.000 0.000 -0.000 0.000
37 OCX(25) + OX(20) <=> CO2X(24) + X(1) 0.000 0.000 0.000 0.000 0.000
38 CO2X(24) + HX(19) <=> HOX(22) + OCX(25) 0.173 0.173 0.345 0.990 0.000
Finished sensitivity simulation for a C/O ratio of 1.4
Finished translating for C/O ratio of 1.4
Starting sensitivity simulation for a C/O ratio of 0.8
0 CH4(2) + X(1) <=> CH4X(48) -0.000 -0.000 -0.000 0.000 -0.000
1 O2(3) + 2 X(1) <=> 2 OX(20) -0.000 -0.000 -0.000 -0.000 -0.000
2 H2(6) + 2 X(1) <=> 2 HX(19) 0.000 0.000 0.000 0.000 0.000
3 H(12) + X(1) <=> HX(19) 0.000 0.000 0.000 -0.000 0.000
4 CH4(2) + 2 X(1) <=> CH3X(21) + HX(19) -0.305 -0.957 -1.265 -0.094 -1.187
5 C2H6(8) + 2 X(1) <=> 2 CH3X(21) -0.059 -0.100 -0.159 0.336 -0.116
6 CH3(10) + X(1) <=> CH3X(21) -0.010 -0.009 -0.018 -0.027 -0.016
7 H2(6) + X(1) <=> H2X(49) -0.000 -0.000 -0.000 -0.000 -0.000
8 CH4(2) + OX(20) + X(1) <=> CH3X(21) + HOX(22) -0.106 -0.345 -0.451 -0.034 -0.427
9 HX(19) + OX(20) <=> HOX(22) + X(1) 0.000 -0.049 -0.048 -0.006 -0.059
10 H2O(5) + 2 X(1) <=> HOX(22) + HX(19) -0.002 -0.002 -0.004 -0.009 0.000
11 CH3OH(14) + 2 X(1) <=> CH3X(21) + HOX(22) 0.017 0.017 0.033 0.005 0.029
12 OH(17) + X(1) <=> HOX(22) -0.027 -0.030 -0.058 -0.003 -0.040
13 CH4(2) + HOX(22) + X(1) <=> CH3X(21) + H2OX(23) -0.032 -0.079 -0.111 -0.049 -0.084
14 H2O(5) + X(1) <=> H2OX(23) -0.000 -0.000 -0.000 -0.000 -0.000
15 H2OX(23) + OX(20) <=> 2 HOX(22) -0.115 -0.091 -0.207 -0.471 0.047
16 HOX(22) + HX(19) <=> H2OX(23) + X(1) 0.000 0.000 0.000 -0.000 0.000
17 CH2X(27) + HX(19) <=> CH3X(21) + X(1) 0.017 0.006 0.023 -0.782 0.159
18 CH2X(27) + HOX(22) <=> CH3X(21) + OX(20) 0.000 0.000 0.000 -0.007 0.001
19 CHX(28) + HX(19) <=> CH2X(27) + X(1) 0.000 -0.000 -0.000 0.000 -0.000
20 CHX(28) + HOX(22) <=> CH2X(27) + OX(20) 0.001 -0.012 -0.010 -0.001 -0.014
21 2 CH2X(27) <=> CH3X(21) + CHX(28) 0.000 0.000 0.000 -0.000 0.000
22 CHX(28) + X(1) <=> CX(26) + HX(19) -0.000 -0.000 -0.000 -0.000 -0.000
23 CX(26) + H2(6) <=> CH2X(27) -0.000 -0.000 -0.000 0.000 -0.000
24 CX(26) + HOX(22) <=> CHX(28) + OX(20) -0.000 -0.000 -0.000 -0.000 -0.000
25 CH3X(21) + CX(26) <=> CH2X(27) + CHX(28) -0.000 -0.001 -0.001 -0.013 0.002
26 CH2X(27) + CX(26) <=> 2 CHX(28) -0.000 -0.000 -0.000 0.000 -0.000
27 C2H6(8) + X(1) <=> C2H6X(52) -0.000 -0.000 -0.000 0.000 -0.000
28 CH3OH(14) + X(1) <=> CH4OX(60) 0.000 0.000 0.000 0.000 0.000
29 C2H4(47) + X(1) <=> C2H4X(205) 0.000 0.000 0.000 0.000 0.000
30 C2H4(18) + X(1) <=> C2H4X(65) 0.000 0.000 0.000 0.000 0.000
31 CO(7) + X(1) <=> OCX(25) -0.000 -0.000 -0.000 -0.000 0.000
32 CX(26) + OX(20) <=> OCX(25) + X(1) -0.001 0.012 0.011 0.012 0.012
33 CH2O(9) + X(1) <=> CH2OX(54) -0.000 -0.000 -0.000 -0.000 -0.000
34 CO(7) + X(1) <=> COX(50) 0.000 0.000 0.000 0.000 0.000
35 C2H2(338) + X(1) <=> C2H2X(364) 0.000 0.000 0.000 0.000 0.000
36 CO2(4) + X(1) <=> CO2X(24) 0.000 0.000 0.000 -0.000 0.000
37 OCX(25) + OX(20) <=> CO2X(24) + X(1) -0.000 -0.000 -0.000 -0.000 -0.000
38 CO2X(24) + HX(19) <=> HOX(22) + OCX(25) 0.274 0.274 0.548 0.990 -0.000
Finished sensitivity simulation for a C/O ratio of 0.8
Finished translating for C/O ratio of 0.8
Starting sensitivity simulation for a C/O ratio of 1.1
0 CH4(2) + X(1) <=> CH4X(48) -0.000 -0.000 -0.000 0.000 -0.000
1 O2(3) + 2 X(1) <=> 2 OX(20) -0.000 -0.000 -0.000 0.000 -0.000
2 H2(6) + 2 X(1) <=> 2 HX(19) 0.000 0.000 0.000 -0.000 0.000
3 H(12) + X(1) <=> HX(19) 0.000 0.000 0.000 0.000 0.000
4 CH4(2) + 2 X(1) <=> CH3X(21) + HX(19) -0.336 -0.992 -1.331 -0.077 -1.140
5 C2H6(8) + 2 X(1) <=> 2 CH3X(21) -0.038 -0.086 -0.124 0.359 -0.061
6 CH3(10) + X(1) <=> CH3X(21) -0.017 -0.016 -0.033 -0.026 -0.025
7 H2(6) + X(1) <=> H2X(49) -0.000 -0.000 -0.000 0.000 -0.000
8 CH4(2) + OX(20) + X(1) <=> CH3X(21) + HOX(22) -0.114 -0.347 -0.462 -0.028 -0.399
9 HX(19) + OX(20) <=> HOX(22) + X(1) -0.005 -0.052 -0.057 -0.007 -0.059
10 H2O(5) + 2 X(1) <=> HOX(22) + HX(19) -0.002 -0.002 -0.004 -0.009 0.000
11 CH3OH(14) + 2 X(1) <=> CH3X(21) + HOX(22) 0.022 0.023 0.045 0.004 0.034
12 OH(17) + X(1) <=> HOX(22) -0.023 -0.025 -0.048 -0.003 -0.031
13 CH4(2) + HOX(22) + X(1) <=> CH3X(21) + H2OX(23) -0.036 -0.088 -0.124 -0.054 -0.090
14 H2O(5) + X(1) <=> H2OX(23) 0.000 0.000 0.000 -0.000 0.000
15 H2OX(23) + OX(20) <=> 2 HOX(22) -0.086 -0.060 -0.146 -0.468 0.043
16 HOX(22) + HX(19) <=> H2OX(23) + X(1) -0.000 -0.000 -0.000 -0.000 -0.000
17 CH2X(27) + HX(19) <=> CH3X(21) + X(1) 0.067 0.049 0.116 -0.793 0.142
18 CH2X(27) + HOX(22) <=> CH3X(21) + OX(20) 0.001 0.000 0.001 -0.006 0.001
19 CHX(28) + HX(19) <=> CH2X(27) + X(1) -0.000 -0.000 -0.000 0.000 -0.000
20 CHX(28) + HOX(22) <=> CH2X(27) + OX(20) -0.001 -0.018 -0.019 -0.003 -0.021
21 2 CH2X(27) <=> CH3X(21) + CHX(28) -0.000 -0.000 -0.000 -0.000 -0.000
22 CHX(28) + X(1) <=> CX(26) + HX(19) -0.000 -0.000 -0.000 -0.000 -0.000
23 CX(26) + H2(6) <=> CH2X(27) -0.000 -0.000 -0.000 0.000 -0.000
24 CX(26) + HOX(22) <=> CHX(28) + OX(20) 0.000 0.000 0.000 -0.000 0.000
25 CH3X(21) + CX(26) <=> CH2X(27) + CHX(28) 0.001 0.000 0.001 -0.016 0.002
26 CH2X(27) + CX(26) <=> 2 CHX(28) -0.000 -0.000 -0.000 0.000 -0.000
27 C2H6(8) + X(1) <=> C2H6X(52) 0.000 0.000 0.000 -0.000 0.000
28 CH3OH(14) + X(1) <=> CH4OX(60) 0.000 0.000 0.000 -0.000 0.000
29 C2H4(47) + X(1) <=> C2H4X(205) 0.000 0.000 0.000 -0.000 0.000
30 C2H4(18) + X(1) <=> C2H4X(65) -0.000 -0.000 -0.000 0.000 -0.000
31 CO(7) + X(1) <=> OCX(25) -0.000 -0.000 -0.000 -0.000 0.000
32 CX(26) + OX(20) <=> OCX(25) + X(1) 0.000 0.018 0.019 0.014 0.019
33 CH2O(9) + X(1) <=> CH2OX(54) -0.000 -0.000 -0.000 -0.000 -0.000
34 CO(7) + X(1) <=> COX(50) -0.000 -0.000 -0.000 -0.000 -0.000
35 C2H2(338) + X(1) <=> C2H2X(364) 0.000 0.000 0.000 -0.000 0.000
36 CO2(4) + X(1) <=> CO2X(24) -0.000 -0.000 -0.000 -0.000 -0.000
37 OCX(25) + OX(20) <=> CO2X(24) + X(1) -0.000 -0.000 -0.000 0.000 -0.000
38 CO2X(24) + HX(19) <=> HOX(22) + OCX(25) 0.209 0.209 0.417 0.990 -0.000
Finished sensitivity simulation for a C/O ratio of 1.1
Finished translating for C/O ratio of 1.1
Starting sensitivity simulation for a C/O ratio of 1.2
0 CH4(2) + X(1) <=> CH4X(48) 0.000 0.000 0.000 0.000 0.000
1 O2(3) + 2 X(1) <=> 2 OX(20) 0.000 0.000 0.000 -0.000 0.000
2 H2(6) + 2 X(1) <=> 2 HX(19) 0.000 0.000 0.000 -0.000 0.000
3 H(12) + X(1) <=> HX(19) 0.000 0.000 0.000 -0.000 0.000
4 CH4(2) + 2 X(1) <=> CH3X(21) + HX(19) -0.341 -0.998 -1.342 -0.072 -1.128
5 C2H6(8) + 2 X(1) <=> 2 CH3X(21) -0.031 -0.080 -0.111 0.365 -0.046
6 CH3(10) + X(1) <=> CH3X(21) -0.019 -0.017 -0.036 -0.025 -0.026
7 H2(6) + X(1) <=> H2X(49) 0.000 0.000 0.000 -0.000 0.000
8 CH4(2) + OX(20) + X(1) <=> CH3X(21) + HOX(22) -0.115 -0.346 -0.461 -0.026 -0.391
9 HX(19) + OX(20) <=> HOX(22) + X(1) -0.005 -0.053 -0.058 -0.008 -0.058
10 H2O(5) + 2 X(1) <=> HOX(22) + HX(19) -0.002 -0.002 -0.003 -0.009 0.000
11 CH3OH(14) + 2 X(1) <=> CH3X(21) + HOX(22) 0.023 0.024 0.048 0.004 0.035
12 OH(17) + X(1) <=> HOX(22) -0.021 -0.024 -0.045 -0.002 -0.029
13 CH4(2) + HOX(22) + X(1) <=> CH3X(21) + H2OX(23) -0.037 -0.091 -0.128 -0.056 -0.092
14 H2O(5) + X(1) <=> H2OX(23) 0.000 0.000 0.000 0.000 0.000
15 H2OX(23) + OX(20) <=> 2 HOX(22) -0.080 -0.053 -0.133 -0.467 0.042
16 HOX(22) + HX(19) <=> H2OX(23) + X(1) 0.000 0.000 0.000 -0.000 0.000
17 CH2X(27) + HX(19) <=> CH3X(21) + X(1) 0.077 0.057 0.134 -0.796 0.138
18 CH2X(27) + HOX(22) <=> CH3X(21) + OX(20) 0.001 0.000 0.001 -0.006 0.001
19 CHX(28) + HX(19) <=> CH2X(27) + X(1) -0.000 -0.000 -0.000 0.000 -0.000
20 CHX(28) + HOX(22) <=> CH2X(27) + OX(20) -0.001 -0.020 -0.022 -0.003 -0.023
21 2 CH2X(27) <=> CH3X(21) + CHX(28) 0.000 0.000 0.000 -0.000 0.000
22 CHX(28) + X(1) <=> CX(26) + HX(19) 0.000 0.000 0.000 -0.000 0.000
23 CX(26) + H2(6) <=> CH2X(27) 0.000 0.000 0.000 -0.000 0.000
24 CX(26) + HOX(22) <=> CHX(28) + OX(20) 0.000 0.000 0.000 -0.000 0.000
25 CH3X(21) + CX(26) <=> CH2X(27) + CHX(28) 0.001 0.001 0.001 -0.017 0.003
26 CH2X(27) + CX(26) <=> 2 CHX(28) 0.000 0.000 0.000 0.000 0.000
27 C2H6(8) + X(1) <=> C2H6X(52) 0.000 0.000 0.000 -0.000 0.000
28 CH3OH(14) + X(1) <=> CH4OX(60) 0.000 0.000 0.000 -0.000 0.000
29 C2H4(47) + X(1) <=> C2H4X(205) 0.000 0.000 0.000 0.000 0.000
30 C2H4(18) + X(1) <=> C2H4X(65) 0.000 0.000 0.000 -0.000 0.000
31 CO(7) + X(1) <=> OCX(25) -0.000 -0.000 -0.000 -0.000 0.000
32 CX(26) + OX(20) <=> OCX(25) + X(1) 0.001 0.020 0.021 0.015 0.021
33 CH2O(9) + X(1) <=> CH2OX(54) 0.000 0.000 0.000 -0.000 0.000
34 CO(7) + X(1) <=> COX(50) 0.000 0.000 0.000 -0.000 0.000
35 C2H2(338) + X(1) <=> C2H2X(364) 0.000 0.000 0.000 -0.000 0.000
36 CO2(4) + X(1) <=> CO2X(24) 0.000 0.000 0.000 0.000 0.000
37 OCX(25) + OX(20) <=> CO2X(24) + X(1) 0.000 0.000 0.000 -0.000 0.000
38 CO2X(24) + HX(19) <=> HOX(22) + OCX(25) 0.195 0.195 0.389 0.990 0.000
Finished sensitivity simulation for a C/O ratio of 1.2
Finished translating for C/O ratio of 1.2
Starting sensitivity simulation for a C/O ratio of 1.6
0 CH4(2) + X(1) <=> CH4X(48) -0.000 -0.000 -0.000 -0.000 -0.000
1 O2(3) + 2 X(1) <=> 2 OX(20) -0.000 -0.000 -0.000 -0.000 -0.000
2 H2(6) + 2 X(1) <=> 2 HX(19) 0.000 0.000 0.000 -0.000 0.000
3 H(12) + X(1) <=> HX(19) 0.000 0.000 0.000 -0.000 0.000
4 CH4(2) + 2 X(1) <=> CH3X(21) + HX(19) -0.348 -1.010 -1.362 -0.059 -1.096
5 C2H6(8) + 2 X(1) <=> 2 CH3X(21) -0.003 -0.058 -0.061 0.384 -0.002
6 CH3(10) + X(1) <=> CH3X(21) -0.021 -0.019 -0.040 -0.021 -0.027
7 H2(6) + X(1) <=> H2X(49) -0.000 -0.000 -0.000 0.000 -0.000
8 CH4(2) + OX(20) + X(1) <=> CH3X(21) + HOX(22) -0.112 -0.336 -0.449 -0.022 -0.365
9 HX(19) + OX(20) <=> HOX(22) + X(1) -0.007 -0.051 -0.058 -0.009 -0.055
10 H2O(5) + 2 X(1) <=> HOX(22) + HX(19) -0.001 -0.002 -0.003 -0.010 -0.000
11 CH3OH(14) + 2 X(1) <=> CH3X(21) + HOX(22) 0.027 0.029 0.056 0.004 0.038
12 OH(17) + X(1) <=> HOX(22) -0.018 -0.020 -0.038 -0.002 -0.023
13 CH4(2) + HOX(22) + X(1) <=> CH3X(21) + H2OX(23) -0.039 -0.098 -0.137 -0.061 -0.097
14 H2O(5) + X(1) <=> H2OX(23) -0.000 -0.000 -0.000 -0.000 -0.000
15 H2OX(23) + OX(20) <=> 2 HOX(22) -0.063 -0.035 -0.098 -0.465 0.040
16 HOX(22) + HX(19) <=> H2OX(23) + X(1) -0.000 -0.000 -0.000 -0.000 -0.000
17 CH2X(27) + HX(19) <=> CH3X(21) + X(1) 0.102 0.076 0.178 -0.804 0.122
18 CH2X(27) + HOX(22) <=> CH3X(21) + OX(20) 0.001 0.001 0.001 -0.006 0.001
19 CHX(28) + HX(19) <=> CH2X(27) + X(1) -0.000 -0.000 -0.000 0.000 -0.000
20 CHX(28) + HOX(22) <=> CH2X(27) + OX(20) -0.003 -0.027 -0.030 -0.005 -0.029
21 2 CH2X(27) <=> CH3X(21) + CHX(28) -0.000 -0.000 -0.000 -0.000 -0.000
22 CHX(28) + X(1) <=> CX(26) + HX(19) 0.000 0.000 0.000 0.000 0.000
23 CX(26) + H2(6) <=> CH2X(27) -0.000 -0.000 -0.000 0.000 -0.000
24 CX(26) + HOX(22) <=> CHX(28) + OX(20) -0.000 -0.000 -0.000 0.000 -0.000
25 CH3X(21) + CX(26) <=> CH2X(27) + CHX(28) 0.002 0.001 0.003 -0.020 0.003
26 CH2X(27) + CX(26) <=> 2 CHX(28) -0.000 -0.000 -0.000 -0.000 -0.000
27 C2H6(8) + X(1) <=> C2H6X(52) -0.000 -0.000 -0.000 -0.000 -0.000
28 CH3OH(14) + X(1) <=> CH4OX(60) -0.000 -0.000 -0.000 -0.000 -0.000
29 C2H4(47) + X(1) <=> C2H4X(205) -0.000 -0.000 -0.000 0.000 -0.000
30 C2H4(18) + X(1) <=> C2H4X(65) -0.000 -0.000 -0.000 -0.000 -0.000
31 CO(7) + X(1) <=> OCX(25) -0.000 -0.000 -0.000 -0.000 -0.000
32 CX(26) + OX(20) <=> OCX(25) + X(1) 0.002 0.027 0.028 0.018 0.027
33 CH2O(9) + X(1) <=> CH2OX(54) -0.000 -0.000 -0.000 0.000 -0.000
34 CO(7) + X(1) <=> COX(50) -0.000 -0.000 -0.000 -0.000 -0.000
35 C2H2(338) + X(1) <=> C2H2X(364) 0.000 0.000 0.000 -0.000 0.000
36 CO2(4) + X(1) <=> CO2X(24) -0.000 -0.000 -0.000 0.000 -0.000
37 OCX(25) + OX(20) <=> CO2X(24) + X(1) -0.000 -0.000 -0.000 0.000 -0.000
38 CO2X(24) + HX(19) <=> HOX(22) + OCX(25) 0.156 0.156 0.313 0.990 -0.000
Finished sensitivity simulation for a C/O ratio of 1.6
Finished translating for C/O ratio of 1.6
Starting sensitivity simulation for a C/O ratio of 1.8
0 CH4(2) + X(1) <=> CH4X(48) 0.000 0.000 0.000 -0.000 0.000
1 O2(3) + 2 X(1) <=> 2 OX(20) -0.000 -0.000 -0.000 0.000 -0.000
2 H2(6) + 2 X(1) <=> 2 HX(19) 0.000 0.000 0.000 0.000 0.000
3 H(12) + X(1) <=> HX(19) 0.000 0.000 0.000 -0.000 0.000
4 CH4(2) + 2 X(1) <=> CH3X(21) + HX(19) -0.348 -1.014 -1.365 -0.054 -1.085
5 C2H6(8) + 2 X(1) <=> 2 CH3X(21) 0.009 -0.047 -0.037 0.391 0.015
6 CH3(10) + X(1) <=> CH3X(21) -0.021 -0.019 -0.040 -0.019 -0.026
7 H2(6) + X(1) <=> H2X(49) 0.000 0.000 0.000 -0.000 0.000
8 CH4(2) + OX(20) + X(1) <=> CH3X(21) + HOX(22) -0.110 -0.331 -0.441 -0.020 -0.354
9 HX(19) + OX(20) <=> HOX(22) + X(1) -0.007 -0.050 -0.057 -0.010 -0.053
10 H2O(5) + 2 X(1) <=> HOX(22) + HX(19) -0.001 -0.001 -0.003 -0.010 -0.000
11 CH3OH(14) + 2 X(1) <=> CH3X(21) + HOX(22) 0.028 0.031 0.059 0.004 0.039
12 OH(17) + X(1) <=> HOX(22) -0.017 -0.019 -0.036 -0.002 -0.022
13 CH4(2) + HOX(22) + X(1) <=> CH3X(21) + H2OX(23) -0.040 -0.101 -0.141 -0.063 -0.100
14 H2O(5) + X(1) <=> H2OX(23) 0.000 0.000 0.000 -0.000 0.000
15 H2OX(23) + OX(20) <=> 2 HOX(22) -0.058 -0.029 -0.087 -0.463 0.040
16 HOX(22) + HX(19) <=> H2OX(23) + X(1) 0.000 0.000 0.000 0.000 0.000
17 CH2X(27) + HX(19) <=> CH3X(21) + X(1) 0.110 0.081 0.190 -0.807 0.116
18 CH2X(27) + HOX(22) <=> CH3X(21) + OX(20) 0.001 0.001 0.001 -0.006 0.001
19 CHX(28) + HX(19) <=> CH2X(27) + X(1) -0.000 -0.000 -0.000 0.000 -0.000
20 CHX(28) + HOX(22) <=> CH2X(27) + OX(20) -0.003 -0.030 -0.033 -0.007 -0.031
21 2 CH2X(27) <=> CH3X(21) + CHX(28) -0.000 -0.000 -0.000 -0.000 -0.000
22 CHX(28) + X(1) <=> CX(26) + HX(19) 0.000 0.000 0.000 -0.000 0.000
23 CX(26) + H2(6) <=> CH2X(27) 0.000 0.000 0.000 -0.000 0.000
24 CX(26) + HOX(22) <=> CHX(28) + OX(20) 0.000 0.000 0.000 -0.000 0.000
25 CH3X(21) + CX(26) <=> CH2X(27) + CHX(28) 0.002 0.002 0.004 -0.022 0.003
26 CH2X(27) + CX(26) <=> 2 CHX(28) 0.000 0.000 0.000 -0.000 0.000
27 C2H6(8) + X(1) <=> C2H6X(52) 0.000 0.000 0.000 0.000 0.000
28 CH3OH(14) + X(1) <=> CH4OX(60) 0.000 0.000 0.000 0.000 0.000
29 C2H4(47) + X(1) <=> C2H4X(205) 0.000 0.000 0.000 -0.000 0.000
30 C2H4(18) + X(1) <=> C2H4X(65) 0.000 0.000 0.000 0.000 0.000
31 CO(7) + X(1) <=> OCX(25) 0.000 0.000 0.000 -0.000 0.000
32 CX(26) + OX(20) <=> OCX(25) + X(1) 0.002 0.029 0.032 0.019 0.030
33 CH2O(9) + X(1) <=> CH2OX(54) 0.000 0.000 0.000 -0.000 0.000
34 CO(7) + X(1) <=> COX(50) 0.000 0.000 0.000 0.000 0.000
35 C2H2(338) + X(1) <=> C2H2X(364) -0.000 -0.000 -0.000 0.000 -0.000
36 CO2(4) + X(1) <=> CO2X(24) -0.000 -0.000 -0.000 -0.000 -0.000
37 OCX(25) + OX(20) <=> CO2X(24) + X(1) -0.000 -0.000 -0.000 0.000 -0.000
38 CO2X(24) + HX(19) <=> HOX(22) + OCX(25) 0.144 0.144 0.288 0.990 0.000
Finished sensitivity simulation for a C/O ratio of 1.8
Finished translating for C/O ratio of 1.8
Starting sensitivity simulation for a C/O ratio of 2.6
0 CH4(2) + X(1) <=> CH4X(48) -0.000 -0.000 -0.000 0.000 -0.000
1 O2(3) + 2 X(1) <=> 2 OX(20) -0.000 -0.000 -0.000 -0.000 -0.000
2 H2(6) + 2 X(1) <=> 2 HX(19) 0.000 0.000 0.000 0.000 0.000
3 H(12) + X(1) <=> HX(19) 0.000 0.000 0.000 -0.000 0.000
4 CH4(2) + 2 X(1) <=> CH3X(21) + HX(19) -0.342 -1.018 -1.363 -0.039 -1.059
5 C2H6(8) + 2 X(1) <=> 2 CH3X(21) 0.048 -0.011 0.038 0.410 0.063
6 CH3(10) + X(1) <=> CH3X(21) -0.017 -0.016 -0.033 -0.013 -0.020
7 H2(6) + X(1) <=> H2X(49) -0.000 -0.000 -0.000 0.000 -0.000
8 CH4(2) + OX(20) + X(1) <=> CH3X(21) + HOX(22) -0.100 -0.307 -0.408 -0.016 -0.320
9 HX(19) + OX(20) <=> HOX(22) + X(1) -0.006 -0.045 -0.050 -0.012 -0.046
10 H2O(5) + 2 X(1) <=> HOX(22) + HX(19) -0.001 -0.001 -0.002 -0.010 -0.000
11 CH3OH(14) + 2 X(1) <=> CH3X(21) + HOX(22) 0.032 0.036 0.068 0.003 0.041
12 OH(17) + X(1) <=> HOX(22) -0.014 -0.016 -0.029 -0.002 -0.017
13 CH4(2) + HOX(22) + X(1) <=> CH3X(21) + H2OX(23) -0.041 -0.109 -0.150 -0.069 -0.105
14 H2O(5) + X(1) <=> H2OX(23) -0.000 -0.000 -0.000 -0.000 -0.000
15 H2OX(23) + OX(20) <=> 2 HOX(22) -0.046 -0.015 -0.061 -0.460 0.040
16 HOX(22) + HX(19) <=> H2OX(23) + X(1) 0.000 0.000 0.000 -0.000 0.000
17 CH2X(27) + HX(19) <=> CH3X(21) + X(1) 0.125 0.088 0.213 -0.815 0.099
18 CH2X(27) + HOX(22) <=> CH3X(21) + OX(20) 0.001 0.001 0.001 -0.006 0.001
19 CHX(28) + HX(19) <=> CH2X(27) + X(1) -0.000 -0.000 -0.000 0.000 -0.000
20 CHX(28) + HOX(22) <=> CH2X(27) + OX(20) -0.004 -0.037 -0.042 -0.011 -0.038
21 2 CH2X(27) <=> CH3X(21) + CHX(28) -0.000 -0.000 -0.000 -0.000 -0.000
22 CHX(28) + X(1) <=> CX(26) + HX(19) -0.000 -0.000 -0.000 0.000 -0.000
23 CX(26) + H2(6) <=> CH2X(27) -0.000 -0.000 -0.000 0.000 -0.000
24 CX(26) + HOX(22) <=> CHX(28) + OX(20) -0.000 -0.000 -0.000 -0.000 -0.000
25 CH3X(21) + CX(26) <=> CH2X(27) + CHX(28) 0.003 0.002 0.006 -0.026 0.003
26 CH2X(27) + CX(26) <=> 2 CHX(28) -0.000 -0.000 -0.000 0.000 -0.000
27 C2H6(8) + X(1) <=> C2H6X(52) -0.000 -0.000 -0.000 -0.000 -0.000
28 CH3OH(14) + X(1) <=> CH4OX(60) -0.000 -0.000 -0.000 0.000 -0.000
29 C2H4(47) + X(1) <=> C2H4X(205) -0.000 -0.000 -0.000 -0.000 -0.000
30 C2H4(18) + X(1) <=> C2H4X(65) -0.000 -0.000 -0.000 -0.000 -0.000
31 CO(7) + X(1) <=> OCX(25) -0.000 -0.000 -0.000 -0.000 -0.000
32 CX(26) + OX(20) <=> OCX(25) + X(1) 0.003 0.037 0.040 0.024 0.037
33 CH2O(9) + X(1) <=> CH2OX(54) -0.000 -0.000 -0.000 0.000 -0.000
34 CO(7) + X(1) <=> COX(50) -0.000 -0.000 -0.000 -0.000 -0.000
35 C2H2(338) + X(1) <=> C2H2X(364) -0.000 -0.000 -0.000 -0.000 -0.000
36 CO2(4) + X(1) <=> CO2X(24) -0.000 -0.000 -0.000 0.000 -0.000
37 OCX(25) + OX(20) <=> CO2X(24) + X(1) -0.000 -0.000 -0.000 0.000 -0.000
38 CO2X(24) + HX(19) <=> HOX(22) + OCX(25) 0.115 0.115 0.231 0.990 -0.000
Finished sensitivity simulation for a C/O ratio of 2.6
Finished translating for C/O ratio of 2.6
Starting sensitivity simulation for a C/O ratio of 2.2
0 CH4(2) + X(1) <=> CH4X(48) 0.000 0.000 0.000 -0.000 0.000
1 O2(3) + 2 X(1) <=> 2 OX(20) 0.000 0.000 0.000 -0.000 0.000
2 H2(6) + 2 X(1) <=> 2 HX(19) 0.000 0.000 0.000 -0.000 0.000
3 H(12) + X(1) <=> HX(19) 0.000 0.000 0.000 0.000 0.000
4 CH4(2) + 2 X(1) <=> CH3X(21) + HX(19) -0.346 -1.017 -1.366 -0.046 -1.070
5 C2H6(8) + 2 X(1) <=> 2 CH3X(21) 0.031 -0.027 0.003 0.402 0.042
6 CH3(10) + X(1) <=> CH3X(21) -0.019 -0.018 -0.037 -0.016 -0.023
7 H2(6) + X(1) <=> H2X(49) 0.000 0.000 0.000 -0.000 0.000
8 CH4(2) + OX(20) + X(1) <=> CH3X(21) + HOX(22) -0.105 -0.319 -0.424 -0.018 -0.335
9 HX(19) + OX(20) <=> HOX(22) + X(1) -0.006 -0.047 -0.054 -0.011 -0.049
10 H2O(5) + 2 X(1) <=> HOX(22) + HX(19) -0.001 -0.001 -0.003 -0.010 -0.000
11 CH3OH(14) + 2 X(1) <=> CH3X(21) + HOX(22) 0.030 0.034 0.064 0.003 0.040
12 OH(17) + X(1) <=> HOX(22) -0.015 -0.017 -0.032 -0.002 -0.019
13 CH4(2) + HOX(22) + X(1) <=> CH3X(21) + H2OX(23) -0.041 -0.105 -0.146 -0.066 -0.103
14 H2O(5) + X(1) <=> H2OX(23) 0.000 0.000 0.000 0.000 0.000
15 H2OX(23) + OX(20) <=> 2 HOX(22) -0.051 -0.020 -0.071 -0.462 0.040
16 HOX(22) + HX(19) <=> H2OX(23) + X(1) 0.000 0.000 0.000 -0.000 0.000
17 CH2X(27) + HX(19) <=> CH3X(21) + X(1) 0.119 0.086 0.205 -0.811 0.106
18 CH2X(27) + HOX(22) <=> CH3X(21) + OX(20) 0.001 0.001 0.001 -0.006 0.001
19 CHX(28) + HX(19) <=> CH2X(27) + X(1) -0.000 -0.000 -0.000 0.000 -0.000
20 CHX(28) + HOX(22) <=> CH2X(27) + OX(20) -0.004 -0.034 -0.038 -0.009 -0.035
21 2 CH2X(27) <=> CH3X(21) + CHX(28) -0.000 -0.000 -0.000 -0.000 -0.000
22 CHX(28) + X(1) <=> CX(26) + HX(19) 0.000 0.000 0.000 -0.000 0.000
23 CX(26) + H2(6) <=> CH2X(27) -0.000 -0.000 -0.000 -0.000 -0.000
24 CX(26) + HOX(22) <=> CHX(28) + OX(20) 0.000 0.000 0.000 -0.000 0.000
25 CH3X(21) + CX(26) <=> CH2X(27) + CHX(28) 0.003 0.002 0.005 -0.024 0.003
26 CH2X(27) + CX(26) <=> 2 CHX(28) -0.000 -0.000 -0.000 -0.000 -0.000
27 C2H6(8) + X(1) <=> C2H6X(52) -0.000 -0.000 -0.000 -0.000 -0.000
28 CH3OH(14) + X(1) <=> CH4OX(60) -0.000 -0.000 -0.000 -0.000 -0.000
29 C2H4(47) + X(1) <=> C2H4X(205) -0.000 -0.000 -0.000 -0.000 -0.000
30 C2H4(18) + X(1) <=> C2H4X(65) 0.000 0.000 0.000 0.000 0.000
31 CO(7) + X(1) <=> OCX(25) -0.000 -0.000 -0.000 -0.000 0.000
32 CX(26) + OX(20) <=> OCX(25) + X(1) 0.003 0.033 0.036 0.022 0.034
33 CH2O(9) + X(1) <=> CH2OX(54) 0.000 0.000 0.000 0.000 0.000
34 CO(7) + X(1) <=> COX(50) 0.000 0.000 0.000 -0.000 0.000
35 C2H2(338) + X(1) <=> C2H2X(364) -0.000 -0.000 -0.000 -0.000 -0.000
36 CO2(4) + X(1) <=> CO2X(24) -0.000 -0.000 -0.000 0.000 -0.000
37 OCX(25) + OX(20) <=> CO2X(24) + X(1) -0.000 -0.000 -0.000 -0.000 -0.000
38 CO2X(24) + HX(19) <=> HOX(22) + OCX(25) 0.127 0.127 0.254 0.990 -0.000
Finished sensitivity simulation for a C/O ratio of 2.2
Finished translating for C/O ratio of 2.2
