This mechanism contains 138 gas reactions and 39 surface reactions
Finished simulation at a C/O ratio of 1.1
Finished simulation at a C/O ratio of 1.6
Finished simulation at a C/O ratio of 1.4
Finished simulation at a C/O ratio of 0.6
Finished simulation at a C/O ratio of 2.2
Finished simulation at a C/O ratio of 2.6
Finished simulation at a C/O ratio of 0.8
Finished simulation at a C/O ratio of 0.7
Finished simulation at a C/O ratio of 1.3
Finished simulation at a C/O ratio of 2.4
Finished simulation at a C/O ratio of 2.0
Finished simulation at a C/O ratio of 1.8
Finished simulation at a C/O ratio of 0.9
Finished simulation at a C/O ratio of 1.2
Finished simulation at a C/O ratio of 1.0
Starting thermo sensitivity simulation for a C/O ratio of 0.7
0 X(1) 0.002 0.002 0.004 0.001 0.003
1 HX(19) -0.002 -0.002 -0.003 -0.001 -0.002
2 OX(20) 0.000 0.000 0.000 0.001 -0.002
3 CH3X(21) -0.000 -0.000 -0.000 0.000 -0.000
4 HOX(22) -0.000 -0.000 -0.000 0.000 -0.001
5 H2OX(23) 0.000 0.000 0.001 0.001 -0.001
6 CO2X(24) -0.001 -0.001 -0.002 -0.001 -0.000
7 OCX(25) -0.000 -0.000 -0.000 0.000 -0.000
8 CX(26) -0.000 -0.000 -0.000 0.000 -0.000
9 CH2X(27) -0.000 -0.000 -0.000 0.000 -0.000
10 CHX(28) -0.000 -0.000 -0.000 -0.000 -0.001
11 CH4X(48) 0.000 -0.000 -0.000 -0.000 -0.000
12 H2X(49) -0.000 -0.000 -0.000 0.000 -0.000
13 COX(50) -0.000 -0.000 -0.000 0.000 -0.001
14 C2H6X(52) -0.000 -0.000 -0.000 0.000 -0.000
15 CH2OX(54) -0.000 -0.000 -0.000 0.000 -0.000
16 CH4OX(60) -0.000 -0.000 -0.000 0.000 -0.000
17 C2H4X(65) -0.000 -0.000 -0.000 0.000 -0.000
18 C2H4X(206) -0.000 -0.000 -0.000 0.000 -0.000
19 C2H2X(360) -0.000 -0.000 -0.000 0.000 -0.000
Finished thermo sensitivity simulation for a C/O ratio of 0.7
Starting thermo sensitivity simulation for a C/O ratio of 1.1
0 X(1) 0.002 0.002 0.004 0.001 0.002
1 HX(19) -0.001 -0.001 -0.003 -0.001 -0.001
2 OX(20) 0.000 0.000 0.000 0.001 -0.001
3 CH3X(21) 0.000 0.000 0.000 0.000 0.000
4 HOX(22) -0.000 -0.000 -0.000 0.000 -0.000
5 H2OX(23) 0.001 0.000 0.001 0.001 -0.000
6 CO2X(24) -0.001 -0.001 -0.002 -0.001 0.000
7 OCX(25) 0.000 0.000 0.000 0.000 0.000
8 CX(26) 0.000 0.000 0.000 0.000 0.000
9 CH2X(27) -0.000 0.000 -0.000 0.000 0.000
10 CHX(28) -0.000 -0.000 -0.000 -0.000 -0.000
11 CH4X(48) 0.000 -0.000 0.000 -0.000 -0.000
12 H2X(49) 0.000 0.000 0.000 0.000 0.000
13 COX(50) 0.000 0.000 0.000 0.000 0.000
14 C2H6X(52) 0.000 0.000 0.000 -0.000 0.000
15 CH2OX(54) 0.000 0.000 0.000 0.000 0.000
16 CH4OX(60) 0.000 0.000 0.000 0.000 0.000
17 C2H4X(65) 0.000 0.000 0.000 0.000 0.000
18 C2H4X(206) 0.000 0.000 0.000 0.000 0.000
19 C2H2X(360) 0.000 0.000 0.000 0.000 0.000
Finished thermo sensitivity simulation for a C/O ratio of 1.1
Starting thermo sensitivity simulation for a C/O ratio of 1.4
0 X(1) 0.002 0.002 0.003 0.001 0.002
1 HX(19) -0.001 -0.001 -0.003 -0.001 -0.001
2 OX(20) 0.000 0.000 0.000 0.001 -0.001
3 CH3X(21) -0.000 -0.000 -0.000 0.000 -0.000
4 HOX(22) -0.000 -0.000 -0.000 0.000 -0.001
5 H2OX(23) 0.000 0.000 0.001 0.001 -0.000
6 CO2X(24) -0.001 -0.001 -0.002 -0.001 -0.000
7 OCX(25) -0.000 -0.000 -0.000 -0.000 -0.000
8 CX(26) 0.000 0.000 0.000 0.000 0.000
9 CH2X(27) -0.000 -0.000 -0.000 0.000 0.000
10 CHX(28) -0.000 -0.000 -0.000 -0.000 -0.001
11 CH4X(48) 0.000 -0.000 0.000 -0.000 -0.000
12 H2X(49) -0.000 -0.000 -0.000 0.000 -0.000
13 COX(50) -0.000 -0.000 -0.000 0.000 -0.000
14 C2H6X(52) -0.000 -0.000 -0.000 0.000 -0.000
15 CH2OX(54) -0.000 -0.000 -0.000 0.000 -0.000
16 CH4OX(60) -0.000 -0.000 -0.000 0.000 -0.000
17 C2H4X(65) -0.000 -0.000 -0.000 -0.000 -0.000
18 C2H4X(206) -0.000 -0.000 -0.000 0.000 -0.000
19 C2H2X(360) -0.000 -0.000 -0.000 0.000 -0.000
Finished thermo sensitivity simulation for a C/O ratio of 1.4
Starting thermo sensitivity simulation for a C/O ratio of 1.0
0 X(1) 0.002 0.002 0.004 0.001 0.003
1 HX(19) -0.002 -0.001 -0.003 -0.001 -0.001
2 OX(20) 0.000 0.000 0.000 0.001 -0.001
3 CH3X(21) 0.000 0.000 0.000 0.000 0.000
4 HOX(22) -0.000 -0.000 -0.000 0.000 -0.000
5 H2OX(23) 0.001 0.000 0.001 0.001 -0.000
6 CO2X(24) -0.001 -0.001 -0.002 -0.001 0.000
7 OCX(25) 0.000 0.000 0.000 0.000 0.000
8 CX(26) 0.000 0.000 0.000 0.000 0.000
9 CH2X(27) -0.000 0.000 0.000 0.000 0.000
10 CHX(28) -0.000 -0.000 -0.000 -0.000 -0.000
11 CH4X(48) 0.000 -0.000 0.000 -0.000 -0.000
12 H2X(49) 0.000 0.000 0.000 0.000 0.000
13 COX(50) 0.000 0.000 0.000 0.000 0.000
14 C2H6X(52) 0.000 0.000 0.000 0.000 0.000
15 CH2OX(54) 0.000 0.000 0.000 0.000 0.000
16 CH4OX(60) 0.000 0.000 0.000 0.000 0.000
17 C2H4X(65) 0.000 0.000 0.000 0.000 0.000
18 C2H4X(206) 0.000 0.000 0.000 0.000 0.000
19 C2H2X(360) 0.000 0.000 0.000 0.000 0.000
Finished thermo sensitivity simulation for a C/O ratio of 1.0
Starting thermo sensitivity simulation for a C/O ratio of 1.2
0 X(1) 0.002 0.002 0.004 0.001 0.002
1 HX(19) -0.001 -0.001 -0.003 -0.001 -0.001
2 OX(20) 0.000 0.000 0.001 0.001 -0.001
3 CH3X(21) 0.000 0.000 0.000 0.000 0.000
4 HOX(22) -0.000 -0.000 -0.000 0.000 -0.000
5 H2OX(23) 0.001 0.000 0.001 0.001 -0.000
6 CO2X(24) -0.001 -0.001 -0.002 -0.001 0.000
7 OCX(25) 0.000 0.000 0.000 0.000 0.000
8 CX(26) 0.000 0.000 0.000 0.000 0.001
9 CH2X(27) -0.000 0.000 0.000 0.000 0.000
10 CHX(28) -0.000 -0.000 -0.000 -0.000 -0.000
11 CH4X(48) 0.000 -0.000 0.000 -0.000 -0.000
12 H2X(49) 0.000 0.000 0.000 0.000 0.000
13 COX(50) 0.000 0.000 0.000 0.000 0.000
14 C2H6X(52) 0.000 0.000 0.000 0.000 0.000
15 CH2OX(54) 0.000 0.000 0.000 0.000 0.000
16 CH4OX(60) 0.000 0.000 0.000 0.000 0.000
17 C2H4X(65) 0.000 0.000 0.000 0.000 0.000
18 C2H4X(206) 0.000 0.000 0.000 0.000 0.000
19 C2H2X(360) 0.000 0.000 0.000 0.000 0.000
Finished thermo sensitivity simulation for a C/O ratio of 1.2
Starting thermo sensitivity simulation for a C/O ratio of 2.6
0 X(1) 0.002 0.002 0.003 0.001 0.002
1 HX(19) -0.001 -0.001 -0.003 -0.001 -0.001
2 OX(20) 0.000 0.000 0.001 0.001 -0.000
3 CH3X(21) -0.000 -0.000 -0.000 0.000 0.000
4 HOX(22) -0.000 -0.000 -0.000 0.000 -0.001
5 H2OX(23) 0.000 0.000 0.001 0.001 -0.000
6 CO2X(24) -0.001 -0.001 -0.002 -0.001 0.000
7 OCX(25) -0.000 -0.000 -0.000 -0.000 -0.000
8 CX(26) 0.000 0.000 0.001 0.000 0.001
9 CH2X(27) -0.000 0.000 -0.000 0.000 0.000
10 CHX(28) -0.000 -0.000 -0.001 -0.000 -0.001
11 CH4X(48) 0.000 -0.000 0.000 -0.000 -0.000
12 H2X(49) -0.000 -0.000 -0.000 0.000 -0.000
13 COX(50) 0.000 0.000 0.000 0.000 0.000
14 C2H6X(52) -0.000 -0.000 -0.000 -0.000 -0.000
15 CH2OX(54) -0.000 -0.000 -0.000 -0.000 -0.000
16 CH4OX(60) -0.000 -0.000 -0.000 -0.000 -0.000
17 C2H4X(65) 0.000 0.000 0.000 -0.000 0.000
18 C2H4X(206) 0.000 0.000 0.000 0.000 0.000
19 C2H2X(360) -0.000 -0.000 -0.000 -0.000 -0.000
Finished thermo sensitivity simulation for a C/O ratio of 2.6
Starting thermo sensitivity simulation for a C/O ratio of 1.8
0 X(1) 0.002 0.002 0.003 0.001 0.002
1 HX(19) -0.001 -0.001 -0.003 -0.001 -0.001
2 OX(20) 0.000 0.000 0.001 0.001 -0.000
3 CH3X(21) -0.000 -0.000 -0.000 0.000 -0.000
4 HOX(22) -0.000 -0.000 -0.000 0.000 -0.001
5 H2OX(23) 0.000 0.000 0.001 0.001 -0.000
6 CO2X(24) -0.001 -0.001 -0.002 -0.001 -0.000
7 OCX(25) -0.000 -0.000 -0.000 -0.000 -0.000
8 CX(26) 0.000 0.000 0.000 0.000 0.001
9 CH2X(27) -0.000 0.000 -0.000 0.000 0.000
10 CHX(28) -0.000 -0.000 -0.000 -0.000 -0.001
11 CH4X(48) 0.000 -0.000 0.000 -0.000 -0.000
12 H2X(49) -0.000 -0.000 -0.000 -0.000 -0.000
13 COX(50) -0.000 -0.000 -0.000 0.000 -0.000
14 C2H6X(52) -0.000 -0.000 -0.000 -0.000 -0.000
15 CH2OX(54) -0.000 -0.000 -0.000 -0.000 -0.000
16 CH4OX(60) -0.000 -0.000 -0.000 0.000 -0.000
17 C2H4X(65) -0.000 -0.000 -0.000 0.000 -0.000
18 C2H4X(206) -0.000 -0.000 -0.000 0.000 -0.000
19 C2H2X(360) -0.000 -0.000 -0.000 -0.000 -0.000
Finished thermo sensitivity simulation for a C/O ratio of 1.8
Starting thermo sensitivity simulation for a C/O ratio of 0.8
0 X(1) 0.002 0.002 0.004 0.001 0.003
1 HX(19) -0.002 -0.001 -0.003 -0.001 -0.001
2 OX(20) 0.000 0.000 0.001 0.001 -0.001
3 CH3X(21) 0.000 0.000 0.000 0.000 0.000
4 HOX(22) -0.000 0.000 -0.000 0.000 -0.000
5 H2OX(23) 0.001 0.001 0.001 0.001 -0.000
6 CO2X(24) -0.001 -0.001 -0.002 -0.001 0.000
7 OCX(25) 0.000 0.000 0.000 -0.000 0.000
8 CX(26) 0.000 0.000 0.000 0.000 0.000
9 CH2X(27) 0.000 0.000 0.000 0.000 0.000
10 CHX(28) -0.000 -0.000 -0.000 -0.000 -0.000
11 CH4X(48) 0.000 0.000 0.000 -0.000 0.000
12 H2X(49) 0.000 0.000 0.000 -0.000 0.000
13 COX(50) 0.000 0.000 0.000 -0.000 0.000
14 C2H6X(52) 0.000 0.000 0.000 -0.000 0.000
15 CH2OX(54) 0.000 0.000 0.000 -0.000 0.000
16 CH4OX(60) 0.000 0.000 0.000 -0.000 0.000
17 C2H4X(65) 0.000 0.000 0.000 -0.000 0.000
18 C2H4X(206) 0.000 0.000 0.000 -0.000 0.000
19 C2H2X(360) 0.000 0.000 0.000 -0.000 0.000
Finished thermo sensitivity simulation for a C/O ratio of 0.8
Starting thermo sensitivity simulation for a C/O ratio of 1.3
0 X(1) 0.002 0.002 0.004 0.001 0.002
1 HX(19) -0.001 -0.001 -0.003 -0.001 -0.001
2 OX(20) 0.000 0.000 0.000 0.001 -0.001
3 CH3X(21) 0.000 0.000 0.000 0.000 0.000
4 HOX(22) -0.000 -0.000 -0.000 0.000 -0.000
5 H2OX(23) 0.000 0.000 0.001 0.001 -0.000
6 CO2X(24) -0.001 -0.001 -0.002 -0.001 -0.000
7 OCX(25) -0.000 -0.000 -0.000 0.000 -0.000
8 CX(26) 0.000 0.000 0.000 0.000 0.001
9 CH2X(27) -0.000 0.000 -0.000 0.000 0.000
10 CHX(28) -0.000 -0.000 -0.000 -0.000 -0.001
11 CH4X(48) 0.000 -0.000 0.000 -0.000 -0.000
12 H2X(49) -0.000 -0.000 -0.000 -0.000 -0.000
13 COX(50) -0.000 -0.000 -0.000 0.000 -0.000
14 C2H6X(52) -0.000 -0.000 -0.000 0.000 -0.000
15 CH2OX(54) 0.000 0.000 0.000 0.000 0.000
16 CH4OX(60) 0.000 0.000 0.000 0.000 0.000
17 C2H4X(65) -0.000 -0.000 -0.000 0.000 -0.000
18 C2H4X(206) 0.000 0.000 0.000 0.000 0.000
19 C2H2X(360) -0.000 -0.000 -0.000 -0.000 -0.000
Finished thermo sensitivity simulation for a C/O ratio of 1.3
Starting thermo sensitivity simulation for a C/O ratio of 1.6
0 X(1) 0.002 0.002 0.003 0.001 0.002
1 HX(19) -0.001 -0.001 -0.003 -0.001 -0.001
2 OX(20) 0.000 0.000 0.001 0.001 -0.000
3 CH3X(21) -0.000 -0.000 -0.000 0.000 -0.000
4 HOX(22) -0.000 -0.000 -0.000 0.000 -0.001
5 H2OX(23) 0.000 0.000 0.001 0.001 -0.000
6 CO2X(24) -0.001 -0.001 -0.002 -0.001 -0.000
7 OCX(25) -0.000 -0.000 -0.000 -0.000 -0.000
8 CX(26) 0.000 0.000 0.000 0.000 0.001
9 CH2X(27) -0.000 0.000 -0.000 0.000 0.000
10 CHX(28) -0.000 -0.000 -0.000 -0.000 -0.001
11 CH4X(48) 0.000 -0.000 0.000 -0.000 -0.000
12 H2X(49) -0.000 -0.000 -0.000 -0.000 -0.000
13 COX(50) -0.000 -0.000 -0.000 -0.000 -0.000
14 C2H6X(52) -0.000 -0.000 -0.000 -0.000 -0.000
15 CH2OX(54) -0.000 -0.000 -0.000 -0.000 -0.000
16 CH4OX(60) -0.000 -0.000 -0.000 -0.000 -0.000
17 C2H4X(65) -0.000 -0.000 -0.000 -0.000 -0.000
18 C2H4X(206) -0.000 -0.000 -0.000 -0.000 -0.000
19 C2H2X(360) -0.000 -0.000 -0.000 0.000 -0.000
Finished thermo sensitivity simulation for a C/O ratio of 1.6
Starting sensitivity simulation for a C/O ratio of 1.1
0 CH4(2) + X(1) <=> CH4X(48) 0.000 0.000 0.000 0.000 0.000
1 O2(3) + 2 X(1) <=> 2 OX(20) 0.000 0.000 0.000 -0.000 0.000
2 H2(6) + 2 X(1) <=> 2 HX(19) 0.000 0.000 0.000 0.000 0.000
3 H(12) + X(1) <=> HX(19) 0.000 0.000 0.000 0.000 0.000
4 CH4(2) + 2 X(1) <=> CH3X(21) + HX(19) 0.194 -0.515 -0.320 -0.293 -0.920
5 C2H6(8) + 2 X(1) <=> 2 CH3X(21) -0.001 0.009 0.009 0.086 0.068
6 CH3(10) + X(1) <=> CH3X(21) 0.000 -0.000 -0.000 -0.000 0.001
7 CH2X(27) + HX(19) <=> CH3X(21) + X(1) 0.020 -0.018 0.002 -0.187 -0.131
8 CHX(28) + HX(19) <=> CH2X(27) + X(1) 0.000 0.000 0.000 0.000 0.000
9 2 CH2X(27) <=> CH3X(21) + CHX(28) 0.000 0.000 0.000 -0.000 0.000
10 CHX(28) + X(1) <=> CX(26) + HX(19) 0.000 0.000 0.000 0.000 0.000
11 CX(26) + H2(6) <=> CH2X(27) 0.000 0.000 0.000 0.000 0.000
12 CH3X(21) + CX(26) <=> CH2X(27) + CHX(28) 0.000 -0.000 -0.000 -0.002 -0.001
13 CH2X(27) + CX(26) <=> 2 CHX(28) 0.000 0.000 0.000 0.000 0.000
14 H2(6) + X(1) <=> H2X(49) 0.000 0.000 0.000 0.000 0.000
15 CH4(2) + OX(20) + X(1) <=> CH3X(21) + HOX(22) 0.080 -0.134 -0.055 -0.087 -0.201
16 HX(19) + OX(20) <=> HOX(22) + X(1) 0.291 0.283 0.573 0.010 1.043
17 H2O(5) + 2 X(1) <=> HOX(22) + HX(19) -0.009 -0.008 -0.017 -0.022 0.029
18 CH3OH(14) + 2 X(1) <=> CH3X(21) + HOX(22) -0.008 -0.002 -0.009 0.015 0.006
19 OH(17) + X(1) <=> HOX(22) -0.019 -0.023 -0.042 -0.003 -0.077
20 CH2X(27) + HOX(22) <=> CH3X(21) + OX(20) 0.001 0.000 0.001 -0.001 0.001
21 CHX(28) + HOX(22) <=> CH2X(27) + OX(20) 0.095 0.093 0.188 0.003 0.342
22 CX(26) + HOX(22) <=> CHX(28) + OX(20) 0.000 0.000 0.000 0.000 0.000
23 CH4(2) + HOX(22) + X(1) <=> CH3X(21) + H2OX(23) 0.013 -0.075 -0.062 -0.064 -0.081
24 H2O(5) + X(1) <=> H2OX(23) 0.000 0.000 0.000 -0.000 0.000
25 H2OX(23) + OX(20) <=> 2 HOX(22) -0.353 -0.312 -0.666 -0.462 0.067
26 HOX(22) + HX(19) <=> H2OX(23) + X(1) 0.000 0.000 0.000 -0.000 0.000
27 CO(7) + X(1) <=> OCX(25) -0.000 -0.000 -0.000 -0.000 0.000
28 CX(26) + OX(20) <=> OCX(25) + X(1) -0.095 -0.092 -0.188 -0.002 -0.340
29 CH3OH(14) + X(1) <=> CH4OX(60) 0.000 0.000 0.000 -0.000 0.000
30 C2H6(8) + X(1) <=> C2H6X(52) 0.000 0.000 0.000 0.000 0.000
31 CO(7) + X(1) <=> COX(50) 0.000 0.000 0.000 0.000 0.000
32 C2H4(47) + X(1) <=> C2H4X(206) 0.000 0.000 0.000 0.000 0.000
33 CH2O(9) + X(1) <=> CH2OX(54) 0.000 0.000 0.000 -0.000 0.000
34 C2H4(18) + X(1) <=> C2H4X(65) 0.000 0.000 0.000 -0.000 0.000
35 C2H2(334) + X(1) <=> C2H2X(360) 0.000 0.000 0.000 0.000 0.000
36 CO2(4) + X(1) <=> CO2X(24) 0.000 0.000 0.000 0.000 0.000
37 OCX(25) + OX(20) <=> CO2X(24) + X(1) 0.000 0.000 0.000 0.000 0.000
38 CO2X(24) + HX(19) <=> HOX(22) + OCX(25) 0.728 0.728 1.451 0.990 0.000
Finished sensitivity simulation for a C/O ratio of 1.1
Finished translating for C/O ratio of 1.1
Starting sensitivity simulation for a C/O ratio of 1.4
0 CH4(2) + X(1) <=> CH4X(48) -0.000 -0.000 -0.000 0.000 -0.000
1 O2(3) + 2 X(1) <=> 2 OX(20) -0.000 -0.000 -0.000 -0.000 -0.000
2 H2(6) + 2 X(1) <=> 2 HX(19) -0.000 -0.000 -0.000 0.000 -0.000
3 H(12) + X(1) <=> HX(19) -0.000 -0.000 -0.000 0.000 -0.000
4 CH4(2) + 2 X(1) <=> CH3X(21) + HX(19) 0.202 -0.508 -0.305 -0.287 -0.840
5 C2H6(8) + 2 X(1) <=> 2 CH3X(21) -0.003 0.009 0.006 0.094 0.065
6 CH3(10) + X(1) <=> CH3X(21) 0.000 0.000 0.000 -0.000 0.001
7 CH2X(27) + HX(19) <=> CH3X(21) + X(1) 0.028 -0.017 0.011 -0.204 -0.120
8 CHX(28) + HX(19) <=> CH2X(27) + X(1) 0.000 0.000 0.000 0.000 0.000
9 2 CH2X(27) <=> CH3X(21) + CHX(28) -0.000 -0.000 -0.000 -0.000 -0.000
10 CHX(28) + X(1) <=> CX(26) + HX(19) -0.000 -0.000 -0.000 -0.000 -0.000
11 CX(26) + H2(6) <=> CH2X(27) -0.000 -0.000 -0.000 0.000 -0.000
12 CH3X(21) + CX(26) <=> CH2X(27) + CHX(28) 0.000 -0.000 0.000 -0.002 -0.002
13 CH2X(27) + CX(26) <=> 2 CHX(28) -0.000 -0.000 -0.000 0.000 -0.000
14 H2(6) + X(1) <=> H2X(49) -0.000 -0.000 -0.000 0.000 -0.000
15 CH4(2) + OX(20) + X(1) <=> CH3X(21) + HOX(22) 0.080 -0.126 -0.045 -0.082 -0.171
16 HX(19) + OX(20) <=> HOX(22) + X(1) 0.285 0.277 0.562 0.008 0.930
17 H2O(5) + 2 X(1) <=> HOX(22) + HX(19) -0.009 -0.007 -0.016 -0.022 0.029
18 CH3OH(14) + 2 X(1) <=> CH3X(21) + HOX(22) -0.008 -0.001 -0.010 0.016 0.005
19 OH(17) + X(1) <=> HOX(22) -0.019 -0.023 -0.042 -0.003 -0.070
20 CH2X(27) + HOX(22) <=> CH3X(21) + OX(20) 0.001 0.000 0.001 -0.002 0.001
21 CHX(28) + HOX(22) <=> CH2X(27) + OX(20) 0.123 0.119 0.242 0.004 0.401
22 CX(26) + HOX(22) <=> CHX(28) + OX(20) -0.000 -0.000 -0.000 0.000 -0.000
23 CH4(2) + HOX(22) + X(1) <=> CH3X(21) + H2OX(23) 0.016 -0.078 -0.062 -0.068 -0.077
24 H2O(5) + X(1) <=> H2OX(23) -0.000 -0.000 -0.000 -0.000 -0.000
25 H2OX(23) + OX(20) <=> 2 HOX(22) -0.341 -0.297 -0.640 -0.460 0.061
26 HOX(22) + HX(19) <=> H2OX(23) + X(1) -0.000 -0.000 -0.000 -0.000 -0.000
27 CO(7) + X(1) <=> OCX(25) -0.000 -0.000 -0.000 -0.000 -0.000
28 CX(26) + OX(20) <=> OCX(25) + X(1) -0.123 -0.119 -0.243 -0.002 -0.400
29 CH3OH(14) + X(1) <=> CH4OX(60) -0.000 -0.000 -0.000 0.000 -0.000
30 C2H6(8) + X(1) <=> C2H6X(52) -0.000 -0.000 -0.000 0.000 -0.000
31 CO(7) + X(1) <=> COX(50) -0.000 -0.000 -0.000 0.000 -0.000
32 C2H4(47) + X(1) <=> C2H4X(206) -0.000 -0.000 -0.000 0.000 -0.000
33 CH2O(9) + X(1) <=> CH2OX(54) -0.000 -0.000 -0.000 0.000 -0.000
34 C2H4(18) + X(1) <=> C2H4X(65) -0.000 -0.000 -0.000 0.000 -0.000
35 C2H2(334) + X(1) <=> C2H2X(360) -0.000 -0.000 -0.000 0.000 -0.000
36 CO2(4) + X(1) <=> CO2X(24) -0.000 -0.000 -0.000 0.000 -0.000
37 OCX(25) + OX(20) <=> CO2X(24) + X(1) -0.000 -0.000 -0.000 0.000 -0.000
38 CO2X(24) + HX(19) <=> HOX(22) + OCX(25) 0.701 0.701 1.397 0.990 -0.000
Finished sensitivity simulation for a C/O ratio of 1.4
Finished translating for C/O ratio of 1.4
Starting sensitivity simulation for a C/O ratio of 1.0
0 CH4(2) + X(1) <=> CH4X(48) 0.000 0.000 0.000 0.000 0.000
1 O2(3) + 2 X(1) <=> 2 OX(20) 0.000 0.000 0.000 -0.000 0.000
2 H2(6) + 2 X(1) <=> 2 HX(19) 0.000 0.000 0.000 0.000 0.000
3 H(12) + X(1) <=> HX(19) 0.000 0.000 0.000 0.000 0.000
4 CH4(2) + 2 X(1) <=> CH3X(21) + HX(19) 0.192 -0.516 -0.323 -0.295 -0.953
5 C2H6(8) + 2 X(1) <=> 2 CH3X(21) 0.000 0.009 0.009 0.082 0.068
6 CH3(10) + X(1) <=> CH3X(21) -0.000 -0.000 -0.000 -0.001 0.001
7 CH2X(27) + HX(19) <=> CH3X(21) + X(1) 0.018 -0.018 0.000 -0.180 -0.134
8 CHX(28) + HX(19) <=> CH2X(27) + X(1) 0.000 0.000 0.000 0.000 0.000
9 2 CH2X(27) <=> CH3X(21) + CHX(28) 0.000 0.000 0.000 -0.000 0.000
10 CHX(28) + X(1) <=> CX(26) + HX(19) 0.000 0.000 0.000 0.000 0.000
11 CX(26) + H2(6) <=> CH2X(27) 0.000 0.000 0.000 0.000 0.000
12 CH3X(21) + CX(26) <=> CH2X(27) + CHX(28) 0.000 -0.000 -0.000 -0.002 -0.001
13 CH2X(27) + CX(26) <=> 2 CHX(28) 0.000 0.000 0.000 0.000 0.000
14 H2(6) + X(1) <=> H2X(49) 0.000 0.000 0.000 0.000 0.000
15 CH4(2) + OX(20) + X(1) <=> CH3X(21) + HOX(22) 0.079 -0.137 -0.058 -0.089 -0.213
16 HX(19) + OX(20) <=> HOX(22) + X(1) 0.291 0.282 0.572 0.010 1.088
17 H2O(5) + 2 X(1) <=> HOX(22) + HX(19) -0.010 -0.008 -0.018 -0.021 0.029
18 CH3OH(14) + 2 X(1) <=> CH3X(21) + HOX(22) -0.007 -0.002 -0.009 0.015 0.005
19 OH(17) + X(1) <=> HOX(22) -0.019 -0.023 -0.042 -0.003 -0.080
20 CH2X(27) + HOX(22) <=> CH3X(21) + OX(20) 0.001 0.000 0.001 -0.001 0.001
21 CHX(28) + HOX(22) <=> CH2X(27) + OX(20) 0.085 0.083 0.167 0.003 0.318
22 CX(26) + HOX(22) <=> CHX(28) + OX(20) 0.000 0.000 0.000 0.000 0.000
23 CH4(2) + HOX(22) + X(1) <=> CH3X(21) + H2OX(23) 0.012 -0.073 -0.061 -0.062 -0.082
24 H2O(5) + X(1) <=> H2OX(23) 0.000 0.000 0.000 -0.000 0.000
25 H2OX(23) + OX(20) <=> 2 HOX(22) -0.359 -0.318 -0.678 -0.463 0.069
26 HOX(22) + HX(19) <=> H2OX(23) + X(1) 0.000 0.000 0.000 -0.000 0.000
27 CO(7) + X(1) <=> OCX(25) 0.000 0.000 0.000 -0.000 0.000
28 CX(26) + OX(20) <=> OCX(25) + X(1) -0.085 -0.082 -0.167 -0.001 -0.317
29 CH3OH(14) + X(1) <=> CH4OX(60) 0.000 0.000 0.000 -0.000 0.000
30 C2H6(8) + X(1) <=> C2H6X(52) 0.000 0.000 0.000 -0.000 0.000
31 CO(7) + X(1) <=> COX(50) 0.000 0.000 0.000 0.000 0.000
32 C2H4(47) + X(1) <=> C2H4X(206) 0.000 0.000 0.000 0.000 0.000
33 CH2O(9) + X(1) <=> CH2OX(54) 0.000 0.000 0.000 0.000 0.000
34 C2H4(18) + X(1) <=> C2H4X(65) 0.000 0.000 0.000 0.000 0.000
35 C2H2(334) + X(1) <=> C2H2X(360) 0.000 0.000 0.000 0.000 0.000
36 CO2(4) + X(1) <=> CO2X(24) 0.000 0.000 0.000 0.000 0.000
37 OCX(25) + OX(20) <=> CO2X(24) + X(1) 0.000 0.000 0.000 0.000 0.000
38 CO2X(24) + HX(19) <=> HOX(22) + OCX(25) 0.739 0.739 1.473 0.990 0.000
Finished sensitivity simulation for a C/O ratio of 1.0
Finished translating for C/O ratio of 1.0
Starting sensitivity simulation for a C/O ratio of 1.2
0 CH4(2) + X(1) <=> CH4X(48) 0.000 0.000 0.000 0.000 0.000
1 O2(3) + 2 X(1) <=> 2 OX(20) 0.000 0.000 0.000 -0.000 0.000
2 H2(6) + 2 X(1) <=> 2 HX(19) 0.000 0.000 0.000 0.000 0.000
3 H(12) + X(1) <=> HX(19) 0.000 0.000 0.000 0.000 0.000
4 CH4(2) + 2 X(1) <=> CH3X(21) + HX(19) 0.196 -0.513 -0.315 -0.291 -0.890
5 C2H6(8) + 2 X(1) <=> 2 CH3X(21) -0.001 0.009 0.008 0.089 0.067
6 CH3(10) + X(1) <=> CH3X(21) 0.000 0.000 0.000 -0.000 0.001
7 CH2X(27) + HX(19) <=> CH3X(21) + X(1) 0.023 -0.018 0.005 -0.193 -0.128
8 CHX(28) + HX(19) <=> CH2X(27) + X(1) 0.000 0.000 0.000 0.000 0.000
9 2 CH2X(27) <=> CH3X(21) + CHX(28) 0.000 0.000 0.000 -0.000 0.000
10 CHX(28) + X(1) <=> CX(26) + HX(19) 0.000 0.000 0.000 0.000 0.000
11 CX(26) + H2(6) <=> CH2X(27) 0.000 0.000 0.000 0.000 0.000
12 CH3X(21) + CX(26) <=> CH2X(27) + CHX(28) 0.000 -0.000 0.000 -0.002 -0.001
13 CH2X(27) + CX(26) <=> 2 CHX(28) 0.000 0.000 0.000 0.000 0.000
14 H2(6) + X(1) <=> H2X(49) 0.000 0.000 0.000 0.000 0.000
15 CH4(2) + OX(20) + X(1) <=> CH3X(21) + HOX(22) 0.080 -0.131 -0.051 -0.086 -0.190
16 HX(19) + OX(20) <=> HOX(22) + X(1) 0.290 0.282 0.571 0.009 1.002
17 H2O(5) + 2 X(1) <=> HOX(22) + HX(19) -0.009 -0.007 -0.017 -0.022 0.029
18 CH3OH(14) + 2 X(1) <=> CH3X(21) + HOX(22) -0.008 -0.002 -0.009 0.016 0.005
19 OH(17) + X(1) <=> HOX(22) -0.019 -0.023 -0.042 -0.003 -0.074
20 CH2X(27) + HOX(22) <=> CH3X(21) + OX(20) 0.001 0.000 0.001 -0.002 0.001
21 CHX(28) + HOX(22) <=> CH2X(27) + OX(20) 0.105 0.102 0.207 0.003 0.363
22 CX(26) + HOX(22) <=> CHX(28) + OX(20) 0.000 0.000 0.000 0.000 0.000
23 CH4(2) + HOX(22) + X(1) <=> CH3X(21) + H2OX(23) 0.014 -0.076 -0.062 -0.065 -0.079
24 H2O(5) + X(1) <=> H2OX(23) 0.000 0.000 0.000 -0.000 0.000
25 H2OX(23) + OX(20) <=> 2 HOX(22) -0.349 -0.306 -0.656 -0.461 0.065
26 HOX(22) + HX(19) <=> H2OX(23) + X(1) 0.000 0.000 0.000 -0.000 0.000
27 CO(7) + X(1) <=> OCX(25) 0.000 0.000 0.000 -0.000 0.000
28 CX(26) + OX(20) <=> OCX(25) + X(1) -0.105 -0.102 -0.207 -0.002 -0.362
29 CH3OH(14) + X(1) <=> CH4OX(60) 0.000 0.000 0.000 0.000 0.000
30 C2H6(8) + X(1) <=> C2H6X(52) 0.000 0.000 0.000 0.000 0.000
31 CO(7) + X(1) <=> COX(50) 0.000 0.000 0.000 0.000 0.000
32 C2H4(47) + X(1) <=> C2H4X(206) 0.000 0.000 0.000 0.000 0.000
33 CH2O(9) + X(1) <=> CH2OX(54) 0.000 0.000 0.000 0.000 0.000
34 C2H4(18) + X(1) <=> C2H4X(65) 0.000 0.000 0.000 0.000 0.000
35 C2H2(334) + X(1) <=> C2H2X(360) 0.000 0.000 0.000 0.000 0.000
36 CO2(4) + X(1) <=> CO2X(24) 0.000 0.000 0.000 0.000 0.000
37 OCX(25) + OX(20) <=> CO2X(24) + X(1) 0.000 0.000 0.000 0.000 0.000
38 CO2X(24) + HX(19) <=> HOX(22) + OCX(25) 0.718 0.718 1.431 0.990 0.000
Finished sensitivity simulation for a C/O ratio of 1.2
Finished translating for C/O ratio of 1.2
Starting sensitivity simulation for a C/O ratio of 0.8
0 CH4(2) + X(1) <=> CH4X(48) 0.000 0.000 0.000 -0.000 0.000
1 O2(3) + 2 X(1) <=> 2 OX(20) 0.000 0.000 0.000 -0.000 0.000
2 H2(6) + 2 X(1) <=> 2 HX(19) 0.000 0.000 0.000 -0.000 0.000
3 H(12) + X(1) <=> HX(19) 0.000 0.000 0.000 -0.000 0.000
4 CH4(2) + 2 X(1) <=> CH3X(21) + HX(19) 0.192 -0.516 -0.323 -0.301 -1.032
5 C2H6(8) + 2 X(1) <=> 2 CH3X(21) 0.001 0.008 0.009 0.074 0.066
6 CH3(10) + X(1) <=> CH3X(21) -0.000 -0.000 -0.001 -0.001 0.000
7 CH2X(27) + HX(19) <=> CH3X(21) + X(1) 0.014 -0.016 -0.002 -0.164 -0.133
8 CHX(28) + HX(19) <=> CH2X(27) + X(1) 0.000 0.000 0.000 -0.000 0.000
9 2 CH2X(27) <=> CH3X(21) + CHX(28) 0.000 0.000 0.000 -0.000 0.000
10 CHX(28) + X(1) <=> CX(26) + HX(19) 0.000 0.000 0.000 -0.000 0.000
11 CX(26) + H2(6) <=> CH2X(27) 0.000 0.000 0.000 -0.000 0.000
12 CH3X(21) + CX(26) <=> CH2X(27) + CHX(28) 0.000 -0.000 0.000 -0.001 -0.001
13 CH2X(27) + CX(26) <=> 2 CHX(28) 0.000 0.000 0.000 -0.000 0.000
14 H2(6) + X(1) <=> H2X(49) 0.000 0.000 0.000 -0.000 0.000
15 CH4(2) + OX(20) + X(1) <=> CH3X(21) + HOX(22) 0.080 -0.143 -0.063 -0.094 -0.243
16 HX(19) + OX(20) <=> HOX(22) + X(1) 0.284 0.276 0.558 0.011 1.191
17 H2O(5) + 2 X(1) <=> HOX(22) + HX(19) -0.010 -0.009 -0.019 -0.020 0.029
18 CH3OH(14) + 2 X(1) <=> CH3X(21) + HOX(22) -0.007 -0.002 -0.010 0.015 0.005
19 OH(17) + X(1) <=> HOX(22) -0.018 -0.023 -0.041 -0.003 -0.087
20 CH2X(27) + HOX(22) <=> CH3X(21) + OX(20) 0.001 0.000 0.001 -0.001 0.002
21 CHX(28) + HOX(22) <=> CH2X(27) + OX(20) 0.063 0.061 0.123 0.002 0.263
22 CX(26) + HOX(22) <=> CHX(28) + OX(20) 0.000 0.000 0.000 -0.000 0.000
23 CH4(2) + HOX(22) + X(1) <=> CH3X(21) + H2OX(23) 0.010 -0.069 -0.059 -0.058 -0.085
24 H2O(5) + X(1) <=> H2OX(23) 0.000 0.000 0.000 -0.000 0.000
25 H2OX(23) + OX(20) <=> 2 HOX(22) -0.372 -0.333 -0.707 -0.465 0.076
26 HOX(22) + HX(19) <=> H2OX(23) + X(1) 0.000 0.000 0.000 -0.000 0.000
27 CO(7) + X(1) <=> OCX(25) 0.000 0.000 0.000 -0.000 0.000
28 CX(26) + OX(20) <=> OCX(25) + X(1) -0.062 -0.060 -0.123 -0.001 -0.261
29 CH3OH(14) + X(1) <=> CH4OX(60) 0.000 0.000 0.000 -0.000 0.000
30 C2H6(8) + X(1) <=> C2H6X(52) 0.000 0.000 0.000 -0.000 0.000
31 CO(7) + X(1) <=> COX(50) 0.000 0.000 0.000 -0.000 0.000
32 C2H4(47) + X(1) <=> C2H4X(206) 0.000 0.000 0.000 -0.000 0.000
33 CH2O(9) + X(1) <=> CH2OX(54) 0.000 0.000 0.000 -0.000 0.000
34 C2H4(18) + X(1) <=> C2H4X(65) 0.000 0.000 0.000 -0.000 0.000
35 C2H2(334) + X(1) <=> C2H2X(360) 0.000 0.000 0.000 -0.000 0.000
36 CO2(4) + X(1) <=> CO2X(24) 0.000 0.000 0.000 -0.000 0.000
37 OCX(25) + OX(20) <=> CO2X(24) + X(1) 0.000 0.000 0.000 -0.000 0.000
38 CO2X(24) + HX(19) <=> HOX(22) + OCX(25) 0.768 0.768 1.529 0.990 0.000
Finished sensitivity simulation for a C/O ratio of 0.8
Finished translating for C/O ratio of 0.8
Starting sensitivity simulation for a C/O ratio of 1.3
0 CH4(2) + X(1) <=> CH4X(48) -0.000 -0.000 -0.000 -0.000 -0.000
1 O2(3) + 2 X(1) <=> 2 OX(20) 0.000 0.000 0.000 -0.000 0.000
2 H2(6) + 2 X(1) <=> 2 HX(19) -0.000 -0.000 -0.000 0.000 -0.000
3 H(12) + X(1) <=> HX(19) 0.000 0.000 0.000 0.000 0.000
4 CH4(2) + 2 X(1) <=> CH3X(21) + HX(19) 0.199 -0.510 -0.310 -0.289 -0.864
5 C2H6(8) + 2 X(1) <=> 2 CH3X(21) -0.002 0.009 0.007 0.092 0.066
6 CH3(10) + X(1) <=> CH3X(21) 0.000 0.000 0.000 -0.000 0.001
7 CH2X(27) + HX(19) <=> CH3X(21) + X(1) 0.026 -0.018 0.008 -0.199 -0.125
8 CHX(28) + HX(19) <=> CH2X(27) + X(1) 0.000 0.000 0.000 0.000 0.000
9 2 CH2X(27) <=> CH3X(21) + CHX(28) -0.000 -0.000 -0.000 -0.000 -0.000
10 CHX(28) + X(1) <=> CX(26) + HX(19) -0.000 -0.000 -0.000 0.000 -0.000
11 CX(26) + H2(6) <=> CH2X(27) -0.000 -0.000 -0.000 0.000 -0.000
12 CH3X(21) + CX(26) <=> CH2X(27) + CHX(28) 0.000 -0.000 0.000 -0.002 -0.001
13 CH2X(27) + CX(26) <=> 2 CHX(28) -0.000 -0.000 -0.000 -0.000 -0.000
14 H2(6) + X(1) <=> H2X(49) -0.000 -0.000 -0.000 -0.000 -0.000
15 CH4(2) + OX(20) + X(1) <=> CH3X(21) + HOX(22) 0.080 -0.128 -0.048 -0.084 -0.180
16 HX(19) + OX(20) <=> HOX(22) + X(1) 0.288 0.280 0.567 0.009 0.965
17 H2O(5) + 2 X(1) <=> HOX(22) + HX(19) -0.009 -0.007 -0.016 -0.022 0.029
18 CH3OH(14) + 2 X(1) <=> CH3X(21) + HOX(22) -0.008 -0.001 -0.010 0.016 0.005
19 OH(17) + X(1) <=> HOX(22) -0.019 -0.023 -0.042 -0.003 -0.072
20 CH2X(27) + HOX(22) <=> CH3X(21) + OX(20) 0.001 0.000 0.001 -0.002 0.001
21 CHX(28) + HOX(22) <=> CH2X(27) + OX(20) 0.114 0.111 0.225 0.003 0.383
22 CX(26) + HOX(22) <=> CHX(28) + OX(20) -0.000 -0.000 -0.000 0.000 -0.000
23 CH4(2) + HOX(22) + X(1) <=> CH3X(21) + H2OX(23) 0.015 -0.077 -0.062 -0.067 -0.078
24 H2O(5) + X(1) <=> H2OX(23) 0.000 0.000 0.000 -0.000 0.000
25 H2OX(23) + OX(20) <=> 2 HOX(22) -0.345 -0.301 -0.647 -0.461 0.063
26 HOX(22) + HX(19) <=> H2OX(23) + X(1) 0.000 0.000 0.000 -0.000 0.000
27 CO(7) + X(1) <=> OCX(25) -0.000 -0.000 -0.000 -0.000 -0.000
28 CX(26) + OX(20) <=> OCX(25) + X(1) -0.114 -0.111 -0.226 -0.002 -0.382
29 CH3OH(14) + X(1) <=> CH4OX(60) -0.000 -0.000 -0.000 0.000 -0.000
30 C2H6(8) + X(1) <=> C2H6X(52) -0.000 -0.000 -0.000 -0.000 -0.000
31 CO(7) + X(1) <=> COX(50) -0.000 -0.000 -0.000 0.000 -0.000
32 C2H4(47) + X(1) <=> C2H4X(206) -0.000 -0.000 -0.000 0.000 -0.000
33 CH2O(9) + X(1) <=> CH2OX(54) -0.000 -0.000 -0.000 -0.000 -0.000
34 C2H4(18) + X(1) <=> C2H4X(65) -0.000 -0.000 -0.000 0.000 -0.000
35 C2H2(334) + X(1) <=> C2H2X(360) 0.000 0.000 0.000 0.000 0.000
36 CO2(4) + X(1) <=> CO2X(24) -0.000 -0.000 -0.000 0.000 -0.000
37 OCX(25) + OX(20) <=> CO2X(24) + X(1) -0.000 -0.000 -0.000 0.000 -0.000
38 CO2X(24) + HX(19) <=> HOX(22) + OCX(25) 0.709 0.709 1.413 0.990 -0.000
Finished sensitivity simulation for a C/O ratio of 1.3
Finished translating for C/O ratio of 1.3
Starting sensitivity simulation for a C/O ratio of 1.8
0 CH4(2) + X(1) <=> CH4X(48) -0.000 -0.000 -0.000 0.000 -0.000
1 O2(3) + 2 X(1) <=> 2 OX(20) -0.000 -0.000 -0.000 -0.000 -0.000
2 H2(6) + 2 X(1) <=> 2 HX(19) 0.000 0.000 0.000 0.000 0.000
3 H(12) + X(1) <=> HX(19) 0.000 0.000 0.000 0.000 0.000
4 CH4(2) + 2 X(1) <=> CH3X(21) + HX(19) 0.215 -0.497 -0.281 -0.282 -0.765
5 C2H6(8) + 2 X(1) <=> 2 CH3X(21) -0.007 0.008 0.001 0.103 0.059
6 CH3(10) + X(1) <=> CH3X(21) 0.001 0.000 0.001 -0.000 0.002
7 CH2X(27) + HX(19) <=> CH3X(21) + X(1) 0.040 -0.014 0.026 -0.220 -0.102
8 CHX(28) + HX(19) <=> CH2X(27) + X(1) 0.000 0.000 0.000 0.000 0.000
9 2 CH2X(27) <=> CH3X(21) + CHX(28) -0.000 -0.000 -0.000 -0.000 -0.000
10 CHX(28) + X(1) <=> CX(26) + HX(19) -0.000 -0.000 -0.000 0.000 -0.000
11 CX(26) + H2(6) <=> CH2X(27) -0.000 -0.000 -0.000 0.000 -0.000
12 CH3X(21) + CX(26) <=> CH2X(27) + CHX(28) 0.001 -0.000 0.000 -0.003 -0.001
13 CH2X(27) + CX(26) <=> 2 CHX(28) -0.000 -0.000 -0.000 0.000 -0.000
14 H2(6) + X(1) <=> H2X(49) 0.000 0.000 0.000 -0.000 0.000
15 CH4(2) + OX(20) + X(1) <=> CH3X(21) + HOX(22) 0.082 -0.115 -0.034 -0.077 -0.144
16 HX(19) + OX(20) <=> HOX(22) + X(1) 0.272 0.265 0.536 0.007 0.819
17 H2O(5) + 2 X(1) <=> HOX(22) + HX(19) -0.008 -0.006 -0.014 -0.023 0.028
18 CH3OH(14) + 2 X(1) <=> CH3X(21) + HOX(22) -0.009 -0.001 -0.010 0.016 0.004
19 OH(17) + X(1) <=> HOX(22) -0.019 -0.022 -0.041 -0.003 -0.064
20 CH2X(27) + HOX(22) <=> CH3X(21) + OX(20) 0.001 0.001 0.001 -0.002 0.001
21 CHX(28) + HOX(22) <=> CH2X(27) + OX(20) 0.152 0.148 0.300 0.004 0.458
22 CX(26) + HOX(22) <=> CHX(28) + OX(20) -0.000 -0.000 -0.000 0.000 -0.000
23 CH4(2) + HOX(22) + X(1) <=> CH3X(21) + H2OX(23) 0.020 -0.080 -0.061 -0.072 -0.072
24 H2O(5) + X(1) <=> H2OX(23) -0.000 -0.000 -0.000 -0.000 -0.000
25 H2OX(23) + OX(20) <=> 2 HOX(22) -0.330 -0.284 -0.616 -0.458 0.056
26 HOX(22) + HX(19) <=> H2OX(23) + X(1) -0.000 -0.000 -0.000 -0.000 -0.000
27 CO(7) + X(1) <=> OCX(25) -0.000 -0.000 -0.000 -0.000 -0.000
28 CX(26) + OX(20) <=> OCX(25) + X(1) -0.153 -0.148 -0.301 -0.002 -0.458
29 CH3OH(14) + X(1) <=> CH4OX(60) -0.000 -0.000 -0.000 -0.000 -0.000
30 C2H6(8) + X(1) <=> C2H6X(52) -0.000 -0.000 -0.000 -0.000 -0.000
31 CO(7) + X(1) <=> COX(50) -0.000 -0.000 -0.000 0.000 -0.000
32 C2H4(47) + X(1) <=> C2H4X(206) -0.000 -0.000 -0.000 -0.000 -0.000
33 CH2O(9) + X(1) <=> CH2OX(54) -0.000 -0.000 -0.000 -0.000 -0.000
34 C2H4(18) + X(1) <=> C2H4X(65) -0.000 -0.000 -0.000 0.000 -0.000
35 C2H2(334) + X(1) <=> C2H2X(360) -0.000 -0.000 -0.000 0.000 -0.000
36 CO2(4) + X(1) <=> CO2X(24) -0.000 -0.000 -0.000 0.000 -0.000
37 OCX(25) + OX(20) <=> CO2X(24) + X(1) -0.000 -0.000 -0.000 -0.000 -0.000
38 CO2X(24) + HX(19) <=> HOX(22) + OCX(25) 0.676 0.676 1.348 0.990 -0.000
Finished sensitivity simulation for a C/O ratio of 1.8
Finished translating for C/O ratio of 1.8
Starting sensitivity simulation for a C/O ratio of 2.2
0 CH4(2) + X(1) <=> CH4X(48) 0.000 0.000 0.000 -0.000 0.000
1 O2(3) + 2 X(1) <=> 2 OX(20) 0.000 0.000 0.000 -0.000 0.000
2 H2(6) + 2 X(1) <=> 2 HX(19) 0.000 0.000 0.000 0.000 0.000
3 H(12) + X(1) <=> HX(19) 0.000 0.000 0.000 0.000 0.000
4 CH4(2) + 2 X(1) <=> CH3X(21) + HX(19) 0.228 -0.488 -0.259 -0.278 -0.711
5 C2H6(8) + 2 X(1) <=> 2 CH3X(21) -0.011 0.007 -0.005 0.109 0.054
6 CH3(10) + X(1) <=> CH3X(21) 0.001 0.001 0.002 -0.000 0.002
7 CH2X(27) + HX(19) <=> CH3X(21) + X(1) 0.050 -0.010 0.040 -0.232 -0.085
8 CHX(28) + HX(19) <=> CH2X(27) + X(1) 0.000 0.000 0.000 0.000 0.000
9 2 CH2X(27) <=> CH3X(21) + CHX(28) 0.000 0.000 0.000 -0.000 0.000
10 CHX(28) + X(1) <=> CX(26) + HX(19) 0.000 0.000 0.000 -0.000 0.000
11 CX(26) + H2(6) <=> CH2X(27) 0.000 0.000 0.000 0.000 0.000
12 CH3X(21) + CX(26) <=> CH2X(27) + CHX(28) 0.001 -0.000 0.001 -0.004 -0.001
13 CH2X(27) + CX(26) <=> 2 CHX(28) 0.000 0.000 0.000 0.000 0.000
14 H2(6) + X(1) <=> H2X(49) 0.000 0.000 0.000 0.000 0.000
15 CH4(2) + OX(20) + X(1) <=> CH3X(21) + HOX(22) 0.082 -0.107 -0.025 -0.073 -0.124
16 HX(19) + OX(20) <=> HOX(22) + X(1) 0.258 0.251 0.509 0.006 0.737
17 H2O(5) + 2 X(1) <=> HOX(22) + HX(19) -0.008 -0.006 -0.013 -0.023 0.028
18 CH3OH(14) + 2 X(1) <=> CH3X(21) + HOX(22) -0.010 -0.000 -0.010 0.016 0.003
19 OH(17) + X(1) <=> HOX(22) -0.018 -0.022 -0.040 -0.003 -0.059
20 CH2X(27) + HOX(22) <=> CH3X(21) + OX(20) 0.001 0.001 0.002 -0.002 0.001
21 CHX(28) + HOX(22) <=> CH2X(27) + OX(20) 0.175 0.170 0.345 0.004 0.500
22 CX(26) + HOX(22) <=> CHX(28) + OX(20) 0.000 0.000 0.000 0.000 0.000
23 CH4(2) + HOX(22) + X(1) <=> CH3X(21) + H2OX(23) 0.023 -0.082 -0.059 -0.076 -0.067
24 H2O(5) + X(1) <=> H2OX(23) 0.000 0.000 0.000 -0.000 0.000
25 H2OX(23) + OX(20) <=> 2 HOX(22) -0.323 -0.275 -0.599 -0.456 0.053
26 HOX(22) + HX(19) <=> H2OX(23) + X(1) 0.000 0.000 0.000 -0.000 0.000
27 CO(7) + X(1) <=> OCX(25) 0.000 0.000 0.000 -0.000 0.000
28 CX(26) + OX(20) <=> OCX(25) + X(1) -0.176 -0.171 -0.347 -0.002 -0.501
29 CH3OH(14) + X(1) <=> CH4OX(60) 0.000 0.000 0.000 0.000 0.000
30 C2H6(8) + X(1) <=> C2H6X(52) 0.000 0.000 0.000 -0.000 0.000
31 CO(7) + X(1) <=> COX(50) 0.000 0.000 0.000 0.000 0.000
32 C2H4(47) + X(1) <=> C2H4X(206) 0.000 0.000 0.000 -0.000 0.000
33 CH2O(9) + X(1) <=> CH2OX(54) 0.000 0.000 0.000 0.000 0.000
34 C2H4(18) + X(1) <=> C2H4X(65) 0.000 0.000 0.000 -0.000 0.000
35 C2H2(334) + X(1) <=> C2H2X(360) 0.000 0.000 0.000 0.000 0.000
36 CO2(4) + X(1) <=> CO2X(24) 0.000 0.000 0.000 0.000 0.000
37 OCX(25) + OX(20) <=> CO2X(24) + X(1) 0.000 0.000 0.000 0.000 0.000
38 CO2X(24) + HX(19) <=> HOX(22) + OCX(25) 0.659 0.659 1.313 0.990 0.000
Finished sensitivity simulation for a C/O ratio of 2.2
Finished translating for C/O ratio of 2.2
Starting sensitivity simulation for a C/O ratio of 2.4
0 CH4(2) + X(1) <=> CH4X(48) 0.000 0.000 0.000 0.000 0.000
1 O2(3) + 2 X(1) <=> 2 OX(20) 0.000 0.000 0.000 -0.000 0.000
2 H2(6) + 2 X(1) <=> 2 HX(19) 0.000 0.000 0.000 0.000 0.000
3 H(12) + X(1) <=> HX(19) 0.000 0.000 0.000 0.000 0.000
4 CH4(2) + 2 X(1) <=> CH3X(21) + HX(19) 0.233 -0.483 -0.249 -0.277 -0.690
5 C2H6(8) + 2 X(1) <=> 2 CH3X(21) -0.013 0.006 -0.007 0.111 0.051
6 CH3(10) + X(1) <=> CH3X(21) 0.001 0.001 0.002 -0.000 0.002
7 CH2X(27) + HX(19) <=> CH3X(21) + X(1) 0.055 -0.008 0.047 -0.236 -0.077
8 CHX(28) + HX(19) <=> CH2X(27) + X(1) 0.000 0.000 0.000 0.000 0.000
9 2 CH2X(27) <=> CH3X(21) + CHX(28) 0.000 0.000 0.000 -0.000 0.000
10 CHX(28) + X(1) <=> CX(26) + HX(19) 0.000 0.000 0.000 -0.000 0.000
11 CX(26) + H2(6) <=> CH2X(27) 0.000 0.000 0.000 -0.000 0.000
12 CH3X(21) + CX(26) <=> CH2X(27) + CHX(28) 0.001 -0.000 0.001 -0.004 -0.001
13 CH2X(27) + CX(26) <=> 2 CHX(28) 0.000 0.000 0.000 -0.000 0.000
14 H2(6) + X(1) <=> H2X(49) 0.000 0.000 0.000 -0.000 0.000
15 CH4(2) + OX(20) + X(1) <=> CH3X(21) + HOX(22) 0.082 -0.103 -0.021 -0.071 -0.117
16 HX(19) + OX(20) <=> HOX(22) + X(1) 0.252 0.245 0.496 0.006 0.704
17 H2O(5) + 2 X(1) <=> HOX(22) + HX(19) -0.008 -0.005 -0.013 -0.023 0.027
18 CH3OH(14) + 2 X(1) <=> CH3X(21) + HOX(22) -0.010 -0.000 -0.011 0.016 0.003
19 OH(17) + X(1) <=> HOX(22) -0.018 -0.021 -0.040 -0.002 -0.057
20 CH2X(27) + HOX(22) <=> CH3X(21) + OX(20) 0.001 0.001 0.002 -0.002 0.001
21 CHX(28) + HOX(22) <=> CH2X(27) + OX(20) 0.185 0.180 0.364 0.004 0.517
22 CX(26) + HOX(22) <=> CHX(28) + OX(20) 0.000 0.000 0.000 0.000 0.000
23 CH4(2) + HOX(22) + X(1) <=> CH3X(21) + H2OX(23) 0.024 -0.082 -0.058 -0.077 -0.066
24 H2O(5) + X(1) <=> H2OX(23) 0.000 0.000 0.000 -0.000 0.000
25 H2OX(23) + OX(20) <=> 2 HOX(22) -0.320 -0.272 -0.593 -0.455 0.051
26 HOX(22) + HX(19) <=> H2OX(23) + X(1) 0.000 0.000 0.000 -0.000 0.000
27 CO(7) + X(1) <=> OCX(25) 0.000 0.000 0.000 -0.000 0.000
28 CX(26) + OX(20) <=> OCX(25) + X(1) -0.186 -0.180 -0.367 -0.001 -0.518
29 CH3OH(14) + X(1) <=> CH4OX(60) 0.000 0.000 0.000 -0.000 0.000
30 C2H6(8) + X(1) <=> C2H6X(52) 0.000 0.000 0.000 -0.000 0.000
31 CO(7) + X(1) <=> COX(50) 0.000 0.000 0.000 0.000 0.000
32 C2H4(47) + X(1) <=> C2H4X(206) 0.000 0.000 0.000 0.000 0.000
33 CH2O(9) + X(1) <=> CH2OX(54) 0.000 0.000 0.000 -0.000 0.000
34 C2H4(18) + X(1) <=> C2H4X(65) -0.000 -0.000 -0.000 0.000 -0.000
35 C2H2(334) + X(1) <=> C2H2X(360) 0.000 0.000 0.000 -0.000 0.000
36 CO2(4) + X(1) <=> CO2X(24) -0.000 -0.000 -0.000 0.000 -0.000
37 OCX(25) + OX(20) <=> CO2X(24) + X(1) -0.000 -0.000 -0.000 0.000 -0.000
38 CO2X(24) + HX(19) <=> HOX(22) + OCX(25) 0.652 0.652 1.299 0.990 0.000
Finished sensitivity simulation for a C/O ratio of 2.4
Finished translating for C/O ratio of 2.4
Starting sensitivity simulation for a C/O ratio of 0.7
0 CH4(2) + X(1) <=> CH4X(48) -0.000 -0.000 -0.000 0.000 -0.000
1 O2(3) + 2 X(1) <=> 2 OX(20) -0.000 -0.000 -0.000 -0.000 -0.000
2 H2(6) + 2 X(1) <=> 2 HX(19) -0.000 -0.000 -0.000 0.000 -0.000
3 H(12) + X(1) <=> HX(19) -0.000 -0.000 -0.000 0.000 -0.000
4 CH4(2) + 2 X(1) <=> CH3X(21) + HX(19) 0.194 -0.514 -0.318 -0.305 -1.079
5 C2H6(8) + 2 X(1) <=> 2 CH3X(21) 0.001 0.007 0.008 0.069 0.063
6 CH3(10) + X(1) <=> CH3X(21) -0.001 -0.001 -0.001 -0.001 -0.001
7 CH2X(27) + HX(19) <=> CH3X(21) + X(1) 0.013 -0.014 -0.001 -0.154 -0.129
8 CHX(28) + HX(19) <=> CH2X(27) + X(1) -0.000 -0.000 -0.000 -0.000 -0.001
9 2 CH2X(27) <=> CH3X(21) + CHX(28) -0.000 -0.000 -0.000 -0.000 -0.000
10 CHX(28) + X(1) <=> CX(26) + HX(19) -0.000 -0.000 -0.000 0.000 -0.000
11 CX(26) + H2(6) <=> CH2X(27) -0.000 -0.000 -0.000 0.000 -0.000
12 CH3X(21) + CX(26) <=> CH2X(27) + CHX(28) 0.000 -0.000 -0.000 -0.001 -0.001
13 CH2X(27) + CX(26) <=> 2 CHX(28) -0.000 -0.000 -0.000 0.000 -0.000
14 H2(6) + X(1) <=> H2X(49) -0.000 -0.000 -0.000 -0.000 -0.000
15 CH4(2) + OX(20) + X(1) <=> CH3X(21) + HOX(22) 0.080 -0.146 -0.066 -0.097 -0.261
16 HX(19) + OX(20) <=> HOX(22) + X(1) 0.275 0.267 0.541 0.011 1.250
17 H2O(5) + 2 X(1) <=> HOX(22) + HX(19) -0.011 -0.009 -0.020 -0.020 0.029
18 CH3OH(14) + 2 X(1) <=> CH3X(21) + HOX(22) -0.007 -0.003 -0.010 0.015 0.003
19 OH(17) + X(1) <=> HOX(22) -0.018 -0.022 -0.040 -0.004 -0.092
20 CH2X(27) + HOX(22) <=> CH3X(21) + OX(20) 0.001 0.000 0.001 -0.001 0.001
21 CHX(28) + HOX(22) <=> CH2X(27) + OX(20) 0.051 0.049 0.100 0.002 0.230
22 CX(26) + HOX(22) <=> CHX(28) + OX(20) -0.000 -0.000 -0.000 -0.000 -0.000
23 CH4(2) + HOX(22) + X(1) <=> CH3X(21) + H2OX(23) 0.009 -0.067 -0.058 -0.056 -0.086
24 H2O(5) + X(1) <=> H2OX(23) -0.000 -0.000 -0.000 -0.000 -0.000
25 H2OX(23) + OX(20) <=> 2 HOX(22) -0.381 -0.343 -0.726 -0.467 0.079
26 HOX(22) + HX(19) <=> H2OX(23) + X(1) -0.000 -0.000 -0.000 -0.000 -0.000
27 CO(7) + X(1) <=> OCX(25) -0.000 -0.000 -0.000 -0.000 -0.000
28 CX(26) + OX(20) <=> OCX(25) + X(1) -0.051 -0.049 -0.100 -0.001 -0.229
29 CH3OH(14) + X(1) <=> CH4OX(60) -0.000 -0.000 -0.000 -0.000 -0.000
30 C2H6(8) + X(1) <=> C2H6X(52) -0.000 -0.000 -0.000 0.000 -0.000
31 CO(7) + X(1) <=> COX(50) -0.000 -0.000 -0.000 -0.000 -0.000
32 C2H4(47) + X(1) <=> C2H4X(206) -0.000 -0.000 -0.000 -0.000 -0.000
33 CH2O(9) + X(1) <=> CH2OX(54) -0.000 -0.000 -0.000 -0.000 -0.000
34 C2H4(18) + X(1) <=> C2H4X(65) -0.000 -0.000 -0.000 -0.000 -0.000
35 C2H2(334) + X(1) <=> C2H2X(360) -0.000 -0.000 -0.000 0.000 -0.000
36 CO2(4) + X(1) <=> CO2X(24) -0.000 -0.000 -0.000 0.000 -0.000
37 OCX(25) + OX(20) <=> CO2X(24) + X(1) -0.000 -0.000 -0.000 -0.000 -0.000
38 CO2X(24) + HX(19) <=> HOX(22) + OCX(25) 0.785 0.785 1.564 0.990 -0.000
Finished sensitivity simulation for a C/O ratio of 0.7
Finished translating for C/O ratio of 0.7
Starting sensitivity simulation for a C/O ratio of 0.6
0 CH4(2) + X(1) <=> CH4X(48) -0.000 -0.000 -0.000 0.000 -0.000
1 O2(3) + 2 X(1) <=> 2 OX(20) -0.000 -0.000 -0.000 -0.000 -0.000
2 H2(6) + 2 X(1) <=> 2 HX(19) -0.000 -0.000 -0.000 0.000 -0.000
3 H(12) + X(1) <=> HX(19) -0.000 -0.000 -0.000 0.000 -0.000
4 CH4(2) + 2 X(1) <=> CH3X(21) + HX(19) 0.200 -0.508 -0.307 -0.309 -1.132
5 C2H6(8) + 2 X(1) <=> 2 CH3X(21) 0.001 0.006 0.007 0.064 0.058
6 CH3(10) + X(1) <=> CH3X(21) -0.001 -0.001 -0.001 -0.001 -0.001
7 CH2X(27) + HX(19) <=> CH3X(21) + X(1) 0.013 -0.011 0.002 -0.142 -0.120
8 CHX(28) + HX(19) <=> CH2X(27) + X(1) -0.000 -0.000 -0.000 -0.000 -0.000
9 2 CH2X(27) <=> CH3X(21) + CHX(28) -0.000 -0.000 -0.000 -0.000 -0.000
10 CHX(28) + X(1) <=> CX(26) + HX(19) -0.000 -0.000 -0.000 -0.000 -0.000
11 CX(26) + H2(6) <=> CH2X(27) -0.000 -0.000 -0.000 -0.000 -0.000
12 CH3X(21) + CX(26) <=> CH2X(27) + CHX(28) 0.000 -0.000 -0.000 -0.001 -0.001
13 CH2X(27) + CX(26) <=> 2 CHX(28) -0.000 -0.000 -0.000 0.000 -0.000
14 H2(6) + X(1) <=> H2X(49) -0.000 -0.000 -0.000 0.000 -0.000
15 CH4(2) + OX(20) + X(1) <=> CH3X(21) + HOX(22) 0.082 -0.148 -0.066 -0.099 -0.282
16 HX(19) + OX(20) <=> HOX(22) + X(1) 0.262 0.254 0.515 0.011 1.313
17 H2O(5) + 2 X(1) <=> HOX(22) + HX(19) -0.011 -0.010 -0.021 -0.019 0.029
18 CH3OH(14) + 2 X(1) <=> CH3X(21) + HOX(22) -0.007 -0.003 -0.010 0.014 0.002
19 OH(17) + X(1) <=> HOX(22) -0.017 -0.022 -0.039 -0.004 -0.098
20 CH2X(27) + HOX(22) <=> CH3X(21) + OX(20) 0.001 0.000 0.001 -0.001 0.002
21 CHX(28) + HOX(22) <=> CH2X(27) + OX(20) 0.039 0.038 0.077 0.002 0.195
22 CX(26) + HOX(22) <=> CHX(28) + OX(20) -0.000 -0.000 -0.000 -0.000 -0.000
23 CH4(2) + HOX(22) + X(1) <=> CH3X(21) + H2OX(23) 0.009 -0.063 -0.055 -0.053 -0.087
24 H2O(5) + X(1) <=> H2OX(23) -0.000 -0.000 -0.000 -0.000 -0.000
25 H2OX(23) + OX(20) <=> 2 HOX(22) -0.391 -0.355 -0.748 -0.468 0.084
26 HOX(22) + HX(19) <=> H2OX(23) + X(1) -0.000 -0.000 -0.000 -0.000 -0.000
27 CO(7) + X(1) <=> OCX(25) -0.000 -0.000 -0.000 -0.000 -0.000
28 CX(26) + OX(20) <=> OCX(25) + X(1) -0.039 -0.037 -0.076 -0.001 -0.193
29 CH3OH(14) + X(1) <=> CH4OX(60) -0.000 -0.000 -0.000 -0.000 -0.000
30 C2H6(8) + X(1) <=> C2H6X(52) -0.000 -0.000 -0.000 -0.000 -0.000
31 CO(7) + X(1) <=> COX(50) -0.000 -0.000 -0.000 0.000 -0.000
32 C2H4(47) + X(1) <=> C2H4X(206) -0.000 -0.000 -0.000 0.000 -0.000
33 CH2O(9) + X(1) <=> CH2OX(54) -0.000 -0.000 -0.000 -0.000 -0.000
34 C2H4(18) + X(1) <=> C2H4X(65) -0.000 -0.000 -0.000 -0.000 -0.000
35 C2H2(334) + X(1) <=> C2H2X(360) -0.000 -0.000 -0.000 -0.000 -0.000
36 CO2(4) + X(1) <=> CO2X(24) -0.000 -0.000 -0.000 0.000 -0.000
37 OCX(25) + OX(20) <=> CO2X(24) + X(1) -0.000 -0.000 -0.000 -0.000 -0.000
38 CO2X(24) + HX(19) <=> HOX(22) + OCX(25) 0.805 0.805 1.604 0.990 -0.000
Finished sensitivity simulation for a C/O ratio of 0.6
Finished translating for C/O ratio of 0.6
Starting sensitivity simulation for a C/O ratio of 1.6
0 CH4(2) + X(1) <=> CH4X(48) -0.000 -0.000 -0.000 0.000 -0.000
1 O2(3) + 2 X(1) <=> 2 OX(20) -0.000 -0.000 -0.000 -0.000 -0.000
2 H2(6) + 2 X(1) <=> 2 HX(19) 0.000 0.000 0.000 -0.000 0.000
3 H(12) + X(1) <=> HX(19) 0.000 0.000 0.000 0.000 0.000
4 CH4(2) + 2 X(1) <=> CH3X(21) + HX(19) 0.209 -0.503 -0.293 -0.284 -0.799
5 C2H6(8) + 2 X(1) <=> 2 CH3X(21) -0.005 0.009 0.003 0.099 0.062
6 CH3(10) + X(1) <=> CH3X(21) 0.000 0.000 0.001 -0.000 0.002
7 CH2X(27) + HX(19) <=> CH3X(21) + X(1) 0.034 -0.016 0.018 -0.212 -0.111
8 CHX(28) + HX(19) <=> CH2X(27) + X(1) 0.000 0.000 0.000 0.000 0.000
9 2 CH2X(27) <=> CH3X(21) + CHX(28) -0.000 -0.000 -0.000 -0.000 -0.000
10 CHX(28) + X(1) <=> CX(26) + HX(19) -0.000 -0.000 -0.000 -0.000 -0.000
11 CX(26) + H2(6) <=> CH2X(27) -0.000 -0.000 -0.000 0.000 -0.000
12 CH3X(21) + CX(26) <=> CH2X(27) + CHX(28) 0.000 -0.000 0.000 -0.003 -0.001
13 CH2X(27) + CX(26) <=> 2 CHX(28) -0.000 -0.000 -0.000 -0.000 -0.000
14 H2(6) + X(1) <=> H2X(49) -0.000 -0.000 -0.000 0.000 -0.000
15 CH4(2) + OX(20) + X(1) <=> CH3X(21) + HOX(22) 0.081 -0.120 -0.039 -0.079 -0.156
16 HX(19) + OX(20) <=> HOX(22) + X(1) 0.279 0.271 0.550 0.008 0.870
17 H2O(5) + 2 X(1) <=> HOX(22) + HX(19) -0.008 -0.006 -0.015 -0.023 0.029
18 CH3OH(14) + 2 X(1) <=> CH3X(21) + HOX(22) -0.009 -0.001 -0.010 0.016 0.005
19 OH(17) + X(1) <=> HOX(22) -0.019 -0.023 -0.042 -0.003 -0.066
20 CH2X(27) + HOX(22) <=> CH3X(21) + OX(20) 0.001 0.001 0.001 -0.002 0.001
21 CHX(28) + HOX(22) <=> CH2X(27) + OX(20) 0.138 0.135 0.273 0.004 0.432
22 CX(26) + HOX(22) <=> CHX(28) + OX(20) -0.000 -0.000 -0.000 -0.000 -0.000
23 CH4(2) + HOX(22) + X(1) <=> CH3X(21) + H2OX(23) 0.018 -0.079 -0.061 -0.070 -0.074
24 H2O(5) + X(1) <=> H2OX(23) -0.000 -0.000 -0.000 -0.000 -0.000
25 H2OX(23) + OX(20) <=> 2 HOX(22) -0.335 -0.290 -0.626 -0.459 0.059
26 HOX(22) + HX(19) <=> H2OX(23) + X(1) -0.000 -0.000 -0.000 -0.000 -0.000
27 CO(7) + X(1) <=> OCX(25) -0.000 -0.000 -0.000 -0.000 -0.000
28 CX(26) + OX(20) <=> OCX(25) + X(1) -0.139 -0.135 -0.274 -0.002 -0.431
29 CH3OH(14) + X(1) <=> CH4OX(60) -0.000 -0.000 -0.000 0.000 -0.000
30 C2H6(8) + X(1) <=> C2H6X(52) -0.000 -0.000 -0.000 -0.000 -0.000
31 CO(7) + X(1) <=> COX(50) -0.000 -0.000 -0.000 0.000 -0.000
32 C2H4(47) + X(1) <=> C2H4X(206) -0.000 -0.000 -0.000 0.000 -0.000
33 CH2O(9) + X(1) <=> CH2OX(54) -0.000 -0.000 -0.000 0.000 -0.000
34 C2H4(18) + X(1) <=> C2H4X(65) -0.000 -0.000 -0.000 -0.000 -0.000
35 C2H2(334) + X(1) <=> C2H2X(360) -0.000 -0.000 -0.000 -0.000 -0.000
36 CO2(4) + X(1) <=> CO2X(24) -0.000 -0.000 -0.000 -0.000 -0.000
37 OCX(25) + OX(20) <=> CO2X(24) + X(1) -0.000 -0.000 -0.000 -0.000 -0.000
38 CO2X(24) + HX(19) <=> HOX(22) + OCX(25) 0.687 0.687 1.370 0.990 -0.000
Finished sensitivity simulation for a C/O ratio of 1.6
Finished translating for C/O ratio of 1.6
Starting sensitivity simulation for a C/O ratio of 2.6
0 CH4(2) + X(1) <=> CH4X(48) 0.000 0.000 0.000 -0.000 0.000
1 O2(3) + 2 X(1) <=> 2 OX(20) -0.000 -0.000 -0.000 -0.000 -0.000
2 H2(6) + 2 X(1) <=> 2 HX(19) 0.000 0.000 0.000 -0.000 0.000
3 H(12) + X(1) <=> HX(19) 0.000 0.000 0.000 0.000 0.000
4 CH4(2) + 2 X(1) <=> CH3X(21) + HX(19) 0.239 -0.479 -0.239 -0.275 -0.672
5 C2H6(8) + 2 X(1) <=> 2 CH3X(21) -0.015 0.005 -0.010 0.113 0.048
6 CH3(10) + X(1) <=> CH3X(21) 0.001 0.001 0.002 -0.000 0.003
7 CH2X(27) + HX(19) <=> CH3X(21) + X(1) 0.059 -0.006 0.053 -0.240 -0.070
8 CHX(28) + HX(19) <=> CH2X(27) + X(1) 0.000 0.000 0.000 0.000 0.000
9 2 CH2X(27) <=> CH3X(21) + CHX(28) 0.000 0.000 0.000 -0.000 0.000
10 CHX(28) + X(1) <=> CX(26) + HX(19) 0.000 0.000 0.000 -0.000 0.000
11 CX(26) + H2(6) <=> CH2X(27) -0.000 -0.000 -0.000 -0.000 -0.000
12 CH3X(21) + CX(26) <=> CH2X(27) + CHX(28) 0.001 -0.000 0.001 -0.004 -0.001
13 CH2X(27) + CX(26) <=> 2 CHX(28) 0.000 0.000 0.000 -0.000 0.000
14 H2(6) + X(1) <=> H2X(49) -0.000 -0.000 -0.000 -0.000 -0.000
15 CH4(2) + OX(20) + X(1) <=> CH3X(21) + HOX(22) 0.082 -0.100 -0.018 -0.069 -0.110
16 HX(19) + OX(20) <=> HOX(22) + X(1) 0.245 0.238 0.483 0.006 0.674
17 H2O(5) + 2 X(1) <=> HOX(22) + HX(19) -0.008 -0.005 -0.013 -0.023 0.027
18 CH3OH(14) + 2 X(1) <=> CH3X(21) + HOX(22) -0.011 -0.000 -0.011 0.016 0.002
19 OH(17) + X(1) <=> HOX(22) -0.018 -0.021 -0.039 -0.002 -0.056
20 CH2X(27) + HOX(22) <=> CH3X(21) + OX(20) 0.001 0.001 0.002 -0.002 0.001
21 CHX(28) + HOX(22) <=> CH2X(27) + OX(20) 0.194 0.188 0.382 0.005 0.532
22 CX(26) + HOX(22) <=> CHX(28) + OX(20) -0.000 -0.000 -0.000 -0.000 -0.000
23 CH4(2) + HOX(22) + X(1) <=> CH3X(21) + H2OX(23) 0.026 -0.083 -0.057 -0.078 -0.064
24 H2O(5) + X(1) <=> H2OX(23) -0.000 -0.000 -0.000 -0.000 -0.000
25 H2OX(23) + OX(20) <=> 2 HOX(22) -0.318 -0.269 -0.588 -0.455 0.050
26 HOX(22) + HX(19) <=> H2OX(23) + X(1) -0.000 -0.000 -0.000 -0.000 -0.000
27 CO(7) + X(1) <=> OCX(25) -0.000 -0.000 -0.000 -0.000 0.000
28 CX(26) + OX(20) <=> OCX(25) + X(1) -0.195 -0.189 -0.384 -0.001 -0.533
29 CH3OH(14) + X(1) <=> CH4OX(60) -0.000 -0.000 -0.000 -0.000 -0.000
30 C2H6(8) + X(1) <=> C2H6X(52) -0.000 -0.000 -0.000 0.000 -0.000
31 CO(7) + X(1) <=> COX(50) 0.000 0.000 0.000 0.000 0.000
32 C2H4(47) + X(1) <=> C2H4X(206) -0.000 -0.000 -0.000 -0.000 -0.000
33 CH2O(9) + X(1) <=> CH2OX(54) 0.000 0.000 0.000 0.000 0.000
34 C2H4(18) + X(1) <=> C2H4X(65) -0.000 -0.000 -0.000 -0.000 -0.000
35 C2H2(334) + X(1) <=> C2H2X(360) -0.000 0.000 0.000 0.000 -0.000
36 CO2(4) + X(1) <=> CO2X(24) 0.000 0.000 0.000 -0.000 -0.000
37 OCX(25) + OX(20) <=> CO2X(24) + X(1) -0.000 -0.000 -0.000 -0.000 -0.000
38 CO2X(24) + HX(19) <=> HOX(22) + OCX(25) 0.646 0.646 1.287 0.990 -0.000
Finished sensitivity simulation for a C/O ratio of 2.6
Finished translating for C/O ratio of 2.6
