This mechanism contains 47 gas reactions and 37 surface reactions
Finished simulation at a C/O ratio of 1.2
Finished simulation at a C/O ratio of 0.9
Finished simulation at a C/O ratio of 0.7
Finished simulation at a C/O ratio of 1.0
Finished simulation at a C/O ratio of 1.3
Finished simulation at a C/O ratio of 0.8
Finished simulation at a C/O ratio of 1.8
Finished simulation at a C/O ratio of 2.0
Finished simulation at a C/O ratio of 2.2
Finished simulation at a C/O ratio of 0.6
Finished simulation at a C/O ratio of 1.1
Finished simulation at a C/O ratio of 1.4
Finished simulation at a C/O ratio of 1.6
Finished simulation at a C/O ratio of 2.4
Finished simulation at a C/O ratio of 2.6
Starting thermo sensitivity simulation for a C/O ratio of 0.7
0 X(1) -0.001 -0.001 -0.003 -0.001 0.000
1 HX(19) 0.000 0.000 0.000 0.000 -0.000
2 OX(20) -0.001 -0.002 -0.003 -0.002 -0.001
3 CH3X(21) -0.000 -0.000 -0.000 -0.000 -0.000
4 HOX(22) 0.001 0.001 0.003 0.001 0.000
5 H2OX(23) -0.000 0.000 0.000 0.000 0.001
6 CO2X(24) -0.000 -0.000 -0.000 -0.000 -0.000
7 OCX(25) -0.000 0.000 0.000 0.000 -0.000
8 CX(26) -0.000 0.000 -0.000 0.000 -0.000
9 CH2X(27) 0.001 0.001 0.003 0.001 0.000
10 CHX(28) -0.000 -0.000 -0.000 0.000 -0.000
11 CH4X(48) -0.000 -0.000 -0.000 -0.000 -0.000
12 H2X(49) -0.000 0.000 0.000 -0.000 -0.000
13 COX(50) -0.000 -0.000 -0.000 0.000 -0.000
14 C2H6X(52) -0.000 0.000 0.000 0.000 -0.000
15 CH4OX(60) -0.000 0.000 -0.000 0.000 -0.000
16 C2H4X(65) -0.000 0.000 -0.000 0.000 -0.000
17 C2H4X(210) -0.000 0.000 0.000 0.000 -0.000
Finished thermo sensitivity simulation for a C/O ratio of 0.7
Starting thermo sensitivity simulation for a C/O ratio of 0.8
0 X(1) -0.001 -0.001 -0.003 -0.001 0.000
1 HX(19) 0.000 0.000 0.000 0.000 0.000
2 OX(20) -0.001 -0.002 -0.003 -0.002 -0.001
3 CH3X(21) 0.000 -0.000 0.000 -0.000 0.000
4 HOX(22) 0.001 0.001 0.003 0.001 0.000
5 H2OX(23) -0.000 0.000 0.000 0.000 0.001
6 CO2X(24) -0.000 -0.000 -0.000 -0.000 0.000
7 OCX(25) 0.000 0.000 0.000 0.000 0.000
8 CX(26) 0.000 -0.000 0.000 0.000 0.000
9 CH2X(27) 0.001 0.001 0.003 0.001 0.000
10 CHX(28) 0.000 -0.000 -0.000 0.000 0.000
11 CH4X(48) 0.000 -0.000 -0.000 -0.000 0.000
12 H2X(49) 0.000 0.000 0.000 -0.000 0.000
13 COX(50) 0.000 0.000 0.000 0.000 0.000
14 C2H6X(52) 0.000 -0.000 0.000 0.000 0.000
15 CH4OX(60) 0.000 0.000 0.000 0.000 0.000
16 C2H4X(65) 0.000 0.000 0.000 0.000 0.000
17 C2H4X(210) 0.000 0.000 0.000 0.000 0.000
Finished thermo sensitivity simulation for a C/O ratio of 0.8
Starting thermo sensitivity simulation for a C/O ratio of 1.6
0 X(1) -0.001 -0.001 -0.003 -0.001 0.000
1 HX(19) -0.000 -0.000 -0.000 -0.000 0.000
2 OX(20) -0.001 -0.002 -0.002 -0.002 -0.001
3 CH3X(21) 0.000 0.000 0.000 -0.000 0.000
4 HOX(22) 0.001 0.001 0.003 0.001 0.000
5 H2OX(23) -0.000 0.000 0.000 0.000 0.001
6 CO2X(24) -0.000 -0.000 -0.000 -0.000 0.000
7 OCX(25) 0.000 0.000 0.000 0.000 0.000
8 CX(26) 0.000 0.000 0.000 0.000 0.000
9 CH2X(27) 0.001 0.001 0.003 0.001 0.000
10 CHX(28) 0.000 0.000 0.000 0.000 0.000
11 CH4X(48) 0.000 -0.000 -0.000 -0.000 0.000
12 H2X(49) 0.000 0.000 0.000 0.000 0.000
13 COX(50) 0.000 0.000 0.000 0.000 0.000
14 C2H6X(52) 0.000 0.000 0.000 0.000 0.000
15 CH4OX(60) 0.000 0.000 0.000 0.000 0.000
16 C2H4X(65) 0.000 0.000 0.000 0.000 0.000
17 C2H4X(210) 0.000 0.000 0.000 0.000 0.000
Finished thermo sensitivity simulation for a C/O ratio of 1.6
Starting thermo sensitivity simulation for a C/O ratio of 1.4
0 X(1) -0.001 -0.001 -0.003 -0.001 0.000
1 HX(19) -0.000 0.000 0.000 0.000 0.000
2 OX(20) -0.001 -0.002 -0.002 -0.002 -0.001
3 CH3X(21) 0.000 0.000 0.000 -0.000 0.000
4 HOX(22) 0.001 0.001 0.003 0.001 0.000
5 H2OX(23) -0.000 0.000 0.000 0.000 0.001
6 CO2X(24) -0.000 -0.000 -0.000 -0.000 0.000
7 OCX(25) 0.000 0.000 0.000 -0.000 0.000
8 CX(26) 0.000 0.000 0.000 -0.000 0.000
9 CH2X(27) 0.001 0.001 0.003 0.001 0.000
10 CHX(28) 0.000 0.000 0.000 0.000 0.000
11 CH4X(48) 0.000 -0.000 -0.000 -0.000 0.000
12 H2X(49) 0.000 0.000 0.000 -0.000 0.000
13 COX(50) 0.000 0.000 0.000 0.000 0.000
14 C2H6X(52) 0.000 0.000 0.000 -0.000 0.000
15 CH4OX(60) 0.000 0.000 0.000 -0.000 0.000
16 C2H4X(65) 0.000 0.000 0.000 -0.000 0.000
17 C2H4X(210) 0.000 0.000 0.000 0.000 0.000
Finished thermo sensitivity simulation for a C/O ratio of 1.4
Starting thermo sensitivity simulation for a C/O ratio of 2.4
0 X(1) -0.001 -0.001 -0.003 -0.001 0.000
1 HX(19) -0.000 -0.000 -0.000 -0.000 0.000
2 OX(20) -0.001 -0.002 -0.002 -0.002 -0.001
3 CH3X(21) 0.000 -0.000 -0.000 -0.000 -0.000
4 HOX(22) 0.001 0.001 0.002 0.001 0.000
5 H2OX(23) -0.000 0.000 0.000 0.000 0.001
6 CO2X(24) -0.000 -0.000 -0.000 -0.000 0.000
7 OCX(25) -0.000 -0.000 -0.000 0.000 -0.000
8 CX(26) -0.000 -0.000 -0.000 0.000 -0.000
9 CH2X(27) 0.001 0.001 0.003 0.001 0.000
10 CHX(28) -0.000 0.000 0.000 0.000 0.000
11 CH4X(48) 0.000 -0.000 -0.000 -0.000 -0.000
12 H2X(49) -0.000 -0.000 -0.000 0.000 -0.000
13 COX(50) -0.000 -0.000 -0.000 0.000 -0.000
14 C2H6X(52) 0.000 0.000 0.000 0.000 0.000
15 CH4OX(60) -0.000 -0.000 -0.000 0.000 -0.000
16 C2H4X(65) -0.000 0.000 0.000 0.000 -0.000
17 C2H4X(210) -0.000 -0.000 -0.000 0.000 -0.000
Finished thermo sensitivity simulation for a C/O ratio of 2.4
Starting thermo sensitivity simulation for a C/O ratio of 2.6
0 X(1) -0.001 -0.001 -0.003 -0.001 0.000
1 HX(19) -0.000 -0.000 -0.000 -0.000 0.000
2 OX(20) -0.001 -0.001 -0.002 -0.001 -0.001
3 CH3X(21) 0.000 0.000 0.000 -0.000 0.000
4 HOX(22) 0.001 0.001 0.002 0.001 0.000
5 H2OX(23) -0.000 0.000 0.000 0.000 0.001
6 CO2X(24) -0.000 -0.000 -0.000 -0.000 0.000
7 OCX(25) 0.000 0.000 0.000 -0.000 0.000
8 CX(26) 0.000 0.000 0.000 0.000 0.000
9 CH2X(27) 0.001 0.001 0.003 0.001 0.000
10 CHX(28) 0.000 0.000 0.000 -0.000 0.000
11 CH4X(48) 0.000 -0.000 -0.000 -0.000 0.000
12 H2X(49) 0.000 0.000 0.000 -0.000 0.000
13 COX(50) 0.000 0.000 0.000 -0.000 0.000
14 C2H6X(52) 0.000 0.000 0.000 0.000 0.000
15 CH4OX(60) 0.000 0.000 0.000 -0.000 0.000
16 C2H4X(65) 0.000 0.000 0.000 -0.000 0.000
17 C2H4X(210) 0.000 0.000 0.000 0.000 0.000
Finished thermo sensitivity simulation for a C/O ratio of 2.6
Starting thermo sensitivity simulation for a C/O ratio of 1.8
0 X(1) -0.001 -0.001 -0.003 -0.001 0.000
1 HX(19) -0.000 -0.000 -0.000 -0.000 0.000
2 OX(20) -0.001 -0.002 -0.002 -0.002 -0.001
3 CH3X(21) -0.000 -0.000 -0.000 -0.000 -0.000
4 HOX(22) 0.001 0.001 0.003 0.001 0.000
5 H2OX(23) -0.000 0.000 0.000 0.000 0.001
6 CO2X(24) -0.000 -0.000 -0.000 -0.000 0.000
7 OCX(25) -0.000 -0.000 -0.000 0.000 -0.000
8 CX(26) -0.000 -0.000 -0.000 0.000 -0.000
9 CH2X(27) 0.001 0.001 0.003 0.001 0.000
10 CHX(28) -0.000 -0.000 -0.000 0.000 -0.000
11 CH4X(48) 0.000 -0.000 -0.000 -0.000 -0.000
12 H2X(49) -0.000 -0.000 -0.000 0.000 -0.000
13 COX(50) -0.000 -0.000 -0.000 0.000 -0.000
14 C2H6X(52) -0.000 -0.000 -0.000 0.000 -0.000
15 CH4OX(60) -0.000 -0.000 -0.000 0.000 -0.000
16 C2H4X(65) -0.000 -0.000 -0.000 0.000 -0.000
17 C2H4X(210) -0.000 -0.000 -0.000 0.000 -0.000
Finished thermo sensitivity simulation for a C/O ratio of 1.8
Starting thermo sensitivity simulation for a C/O ratio of 1.0
0 X(1) -0.001 -0.001 -0.003 -0.001 0.000
1 HX(19) 0.000 0.000 0.000 0.000 0.000
2 OX(20) -0.001 -0.002 -0.003 -0.002 -0.001
3 CH3X(21) 0.000 0.000 0.000 -0.000 0.000
4 HOX(22) 0.001 0.001 0.003 0.001 0.000
5 H2OX(23) -0.000 0.000 0.000 0.000 0.001
6 CO2X(24) -0.000 -0.000 -0.000 -0.000 0.000
7 OCX(25) 0.000 0.000 0.000 0.000 0.000
8 CX(26) 0.000 0.000 0.000 0.000 0.000
9 CH2X(27) 0.001 0.001 0.003 0.001 0.000
10 CHX(28) 0.000 0.000 0.000 0.000 0.000
11 CH4X(48) 0.000 -0.000 -0.000 -0.000 0.000
12 H2X(49) 0.000 -0.000 0.000 0.000 0.000
13 COX(50) 0.000 -0.000 -0.000 0.000 0.000
14 C2H6X(52) 0.000 0.000 0.000 0.000 0.000
15 CH4OX(60) 0.000 0.000 0.000 0.000 0.000
16 C2H4X(65) 0.000 0.000 0.000 -0.000 0.000
17 C2H4X(210) 0.000 0.000 0.000 0.000 0.000
Finished thermo sensitivity simulation for a C/O ratio of 1.0
Starting thermo sensitivity simulation for a C/O ratio of 1.2
0 X(1) -0.001 -0.001 -0.003 -0.001 0.000
1 HX(19) 0.000 0.000 0.000 0.000 -0.000
2 OX(20) -0.001 -0.002 -0.003 -0.002 -0.001
3 CH3X(21) -0.000 -0.000 -0.000 -0.000 -0.000
4 HOX(22) 0.001 0.001 0.003 0.001 0.000
5 H2OX(23) -0.000 0.000 0.000 0.000 0.001
6 CO2X(24) -0.000 -0.000 -0.000 -0.000 -0.000
7 OCX(25) -0.000 -0.000 -0.000 0.000 -0.000
8 CX(26) -0.000 -0.000 -0.000 0.000 -0.000
9 CH2X(27) 0.001 0.001 0.003 0.001 0.000
10 CHX(28) -0.000 -0.000 -0.000 0.000 -0.000
11 CH4X(48) 0.000 -0.000 -0.000 -0.000 -0.000
12 H2X(49) -0.000 -0.000 -0.000 0.000 -0.000
13 COX(50) -0.000 0.000 -0.000 -0.000 -0.000
14 C2H6X(52) -0.000 -0.000 -0.000 0.000 -0.000
15 CH4OX(60) -0.000 -0.000 -0.000 0.000 -0.000
16 C2H4X(65) -0.000 -0.000 -0.000 -0.000 -0.000
17 C2H4X(210) -0.000 -0.000 -0.000 -0.000 -0.000
Finished thermo sensitivity simulation for a C/O ratio of 1.2
Starting thermo sensitivity simulation for a C/O ratio of 0.6
0 X(1) -0.001 -0.001 -0.003 -0.001 -0.000
1 HX(19) 0.000 0.000 0.000 0.000 -0.000
2 OX(20) -0.001 -0.002 -0.003 -0.002 -0.001
3 CH3X(21) -0.000 -0.000 -0.000 -0.000 -0.000
4 HOX(22) 0.001 0.001 0.003 0.001 0.000
5 H2OX(23) -0.000 0.000 0.000 0.000 0.001
6 CO2X(24) -0.000 -0.000 -0.000 -0.000 -0.000
7 OCX(25) -0.000 -0.000 -0.000 -0.000 -0.000
8 CX(26) 0.000 0.000 0.000 -0.000 0.000
9 CH2X(27) 0.001 0.001 0.003 0.001 0.000
10 CHX(28) -0.000 -0.000 -0.000 -0.000 -0.000
11 CH4X(48) -0.000 -0.000 -0.000 -0.000 -0.000
12 H2X(49) -0.000 -0.000 -0.000 -0.000 -0.000
13 COX(50) -0.000 -0.000 -0.000 -0.000 -0.000
14 C2H6X(52) -0.000 -0.000 -0.000 -0.000 -0.000
15 CH4OX(60) -0.000 0.000 -0.000 -0.000 -0.000
16 C2H4X(65) -0.000 -0.000 -0.000 -0.000 -0.000
17 C2H4X(210) -0.000 -0.000 -0.000 -0.000 -0.000
Finished thermo sensitivity simulation for a C/O ratio of 0.6
Starting thermo sensitivity simulation for a C/O ratio of 1.3
0 X(1) -0.001 -0.001 -0.003 -0.001 0.000
1 HX(19) 0.000 0.000 0.000 0.000 0.000
2 OX(20) -0.001 -0.002 -0.003 -0.002 -0.001
3 CH3X(21) -0.000 -0.000 -0.000 -0.000 -0.000
4 HOX(22) 0.001 0.001 0.003 0.001 0.000
5 H2OX(23) -0.000 0.000 0.000 0.000 0.001
6 CO2X(24) -0.000 -0.000 -0.000 -0.000 -0.000
7 OCX(25) -0.000 -0.000 -0.000 -0.000 -0.000
8 CX(26) -0.000 -0.000 -0.000 -0.000 -0.000
9 CH2X(27) 0.001 0.001 0.003 0.001 0.000
10 CHX(28) -0.000 -0.000 -0.000 -0.000 -0.000
11 CH4X(48) -0.000 -0.000 -0.000 -0.000 -0.000
12 H2X(49) -0.000 -0.000 -0.000 -0.000 -0.000
13 COX(50) -0.000 -0.000 -0.000 -0.000 -0.000
14 C2H6X(52) -0.000 -0.000 -0.000 -0.000 -0.000
15 CH4OX(60) -0.000 -0.000 -0.000 -0.000 -0.000
16 C2H4X(65) -0.000 -0.000 -0.000 -0.000 -0.000
17 C2H4X(210) -0.000 -0.000 -0.000 -0.000 -0.000
Finished thermo sensitivity simulation for a C/O ratio of 1.3
Starting sensitivity simulation for a C/O ratio of 0.6
0 CH4(2) + X(1) <=> CH4X(48) -0.000 -0.000 -0.000 -0.000 -0.000
1 O2(3) + 2 X(1) <=> 2 OX(20) -0.407 0.522 0.117 0.494 1.374
2 H2(6) + 2 X(1) <=> 2 HX(19) -0.000 -0.000 -0.000 -0.000 -0.000
3 H(12) + X(1) <=> HX(19) 0.000 0.000 0.000 -0.000 0.000
4 HX(19) + OX(20) <=> HOX(22) + X(1) -0.000 -0.000 -0.000 0.000 -0.000
5 H2O(5) + 2 X(1) <=> HOX(22) + HX(19) 0.000 -0.000 -0.000 -0.000 -0.000
6 OH(17) + X(1) <=> HOX(22) 0.000 -0.000 0.000 -0.000 -0.000
7 CH4(2) + 2 X(1) <=> CH3X(21) + HX(19) -0.000 -0.000 -0.000 -0.000 -0.000
8 CH4(2) + OX(20) + X(1) <=> CH3X(21) + HOX(22) 0.393 -0.490 -0.095 -0.462 -1.323
9 C2H6(8) + 2 X(1) <=> 2 CH3X(21) 0.616 0.207 0.821 0.251 -0.285
10 CH3(10) + X(1) <=> CH3X(21) 0.061 0.041 0.102 0.015 -0.791
11 CH3OH(14) + 2 X(1) <=> CH3X(21) + HOX(22) 0.064 -0.022 0.041 -0.021 -0.057
12 CH4(2) + HOX(22) + X(1) <=> CH3X(21) + H2OX(23) 0.000 -0.000 -0.000 -0.000 -0.000
13 H2O(5) + X(1) <=> H2OX(23) 0.000 -0.000 -0.000 -0.000 -0.001
14 H2OX(23) + OX(20) <=> 2 HOX(22) 0.181 -0.273 -0.092 -0.259 -0.714
15 HOX(22) + HX(19) <=> H2OX(23) + X(1) -0.000 -0.000 -0.000 -0.000 -0.000
16 CH2X(27) + HX(19) <=> CH3X(21) + X(1) -0.030 -0.032 -0.062 -0.034 -0.002
17 CH2X(27) + HOX(22) <=> CH3X(21) + OX(20) -0.887 -0.957 -1.853 -0.991 -0.066
18 CHX(28) + HX(19) <=> CH2X(27) + X(1) -0.000 -0.000 -0.000 -0.000 -0.000
19 CHX(28) + HOX(22) <=> CH2X(27) + OX(20) -0.000 -0.000 -0.000 -0.000 -0.000
20 2 CH2X(27) <=> CH3X(21) + CHX(28) -0.000 -0.000 -0.000 -0.000 -0.000
21 CHX(28) + X(1) <=> CX(26) + HX(19) -0.000 -0.000 -0.000 -0.000 -0.000
22 CX(26) + H2(6) <=> CH2X(27) -0.000 -0.000 -0.000 -0.000 -0.000
23 CX(26) + HOX(22) <=> CHX(28) + OX(20) -0.000 -0.000 -0.000 -0.000 -0.000
24 CH3X(21) + CX(26) <=> CH2X(27) + CHX(28) -0.000 -0.000 -0.000 -0.000 -0.000
25 CH2X(27) + CX(26) <=> 2 CHX(28) 0.000 0.000 0.000 -0.000 0.000
26 CO(7) + X(1) <=> OCX(25) -0.006 -0.006 -0.011 -0.006 0.000
27 CX(26) + OX(20) <=> OCX(25) + X(1) 0.000 0.000 0.000 0.000 -0.000
28 H2(6) + X(1) <=> H2X(49) -0.000 -0.000 -0.000 -0.000 -0.000
29 CO(7) + X(1) <=> COX(50) -0.000 -0.000 -0.000 -0.000 -0.000
30 C2H6(8) + X(1) <=> C2H6X(52) -0.000 -0.000 -0.000 -0.000 -0.000
31 CH3OH(14) + X(1) <=> CH4OX(60) -0.000 -0.000 -0.000 -0.000 -0.000
32 C2H4(47) + X(1) <=> C2H4X(210) -0.000 -0.000 -0.000 -0.000 -0.000
33 C2H4(18) + X(1) <=> C2H4X(65) -0.000 -0.000 -0.000 -0.000 -0.000
34 CO2(4) + X(1) <=> CO2X(24) -0.000 -0.000 -0.000 -0.000 -0.000
35 OCX(25) + OX(20) <=> CO2X(24) + X(1) 0.000 -0.000 -0.000 0.000 -0.000
36 CO2X(24) + HX(19) <=> HOX(22) + OCX(25) 0.019 0.018 0.037 0.018 -0.001
Finished sensitivity simulation for a C/O ratio of 0.6
Finished translating for C/O ratio of 0.6
Starting sensitivity simulation for a C/O ratio of 0.7
0 CH4(2) + X(1) <=> CH4X(48) -0.000 0.000 -0.000 -0.000 -0.000
1 O2(3) + 2 X(1) <=> 2 OX(20) -0.417 0.522 0.106 0.496 1.374
2 H2(6) + 2 X(1) <=> 2 HX(19) -0.000 0.000 0.000 0.000 -0.000
3 H(12) + X(1) <=> HX(19) 0.000 0.000 0.000 -0.000 0.000
4 HX(19) + OX(20) <=> HOX(22) + X(1) -0.000 -0.000 -0.000 0.000 -0.000
5 H2O(5) + 2 X(1) <=> HOX(22) + HX(19) 0.000 -0.000 -0.000 -0.000 -0.000
6 OH(17) + X(1) <=> HOX(22) 0.000 -0.000 0.000 -0.000 -0.000
7 CH4(2) + 2 X(1) <=> CH3X(21) + HX(19) 0.000 -0.000 -0.000 -0.000 -0.000
8 CH4(2) + OX(20) + X(1) <=> CH3X(21) + HOX(22) 0.402 -0.488 -0.084 -0.462 -1.319
9 C2H6(8) + 2 X(1) <=> 2 CH3X(21) 0.627 0.211 0.837 0.251 -0.294
10 CH3(10) + X(1) <=> CH3X(21) 0.054 0.037 0.091 0.013 -0.774
11 CH3OH(14) + 2 X(1) <=> CH3X(21) + HOX(22) 0.065 -0.022 0.043 -0.021 -0.058
12 CH4(2) + HOX(22) + X(1) <=> CH3X(21) + H2OX(23) 0.000 -0.000 -0.000 -0.000 -0.000
13 H2O(5) + X(1) <=> H2OX(23) 0.000 -0.000 -0.000 -0.000 -0.001
14 H2OX(23) + OX(20) <=> 2 HOX(22) 0.183 -0.275 -0.091 -0.261 -0.712
15 HOX(22) + HX(19) <=> H2OX(23) + X(1) -0.000 -0.000 -0.000 0.000 -0.000
16 CH2X(27) + HX(19) <=> CH3X(21) + X(1) -0.035 -0.037 -0.072 -0.038 -0.002
17 CH2X(27) + HOX(22) <=> CH3X(21) + OX(20) -0.890 -0.954 -1.853 -0.984 -0.060
18 CHX(28) + HX(19) <=> CH2X(27) + X(1) -0.000 0.000 -0.000 -0.000 -0.000
19 CHX(28) + HOX(22) <=> CH2X(27) + OX(20) -0.000 -0.000 -0.000 -0.000 -0.000
20 2 CH2X(27) <=> CH3X(21) + CHX(28) -0.000 0.000 0.000 0.000 -0.000
21 CHX(28) + X(1) <=> CX(26) + HX(19) -0.000 -0.000 -0.000 0.000 -0.000
22 CX(26) + H2(6) <=> CH2X(27) -0.000 -0.000 -0.000 -0.000 -0.000
23 CX(26) + HOX(22) <=> CHX(28) + OX(20) -0.000 0.000 -0.000 -0.000 -0.000
24 CH3X(21) + CX(26) <=> CH2X(27) + CHX(28) -0.000 -0.000 -0.000 -0.000 -0.000
25 CH2X(27) + CX(26) <=> 2 CHX(28) -0.000 -0.000 -0.000 0.000 -0.000
26 CO(7) + X(1) <=> OCX(25) -0.006 -0.006 -0.013 -0.006 0.000
27 CX(26) + OX(20) <=> OCX(25) + X(1) 0.000 0.000 0.000 0.000 -0.000
28 H2(6) + X(1) <=> H2X(49) -0.000 -0.000 -0.000 0.000 -0.000
29 CO(7) + X(1) <=> COX(50) -0.000 -0.000 -0.000 0.000 -0.000
30 C2H6(8) + X(1) <=> C2H6X(52) -0.000 0.000 0.000 -0.000 -0.000
31 CH3OH(14) + X(1) <=> CH4OX(60) -0.000 -0.000 -0.000 0.000 -0.000
32 C2H4(47) + X(1) <=> C2H4X(210) -0.000 -0.000 -0.000 0.000 -0.000
33 C2H4(18) + X(1) <=> C2H4X(65) -0.000 0.000 -0.000 -0.000 -0.000
34 CO2(4) + X(1) <=> CO2X(24) -0.000 0.000 -0.000 0.000 -0.000
35 OCX(25) + OX(20) <=> CO2X(24) + X(1) 0.000 0.000 0.000 0.000 -0.000
36 CO2X(24) + HX(19) <=> HOX(22) + OCX(25) 0.024 0.023 0.047 0.023 -0.001
Finished sensitivity simulation for a C/O ratio of 0.7
Finished translating for C/O ratio of 0.7
Starting sensitivity simulation for a C/O ratio of 1.1
0 CH4(2) + X(1) <=> CH4X(48) -0.000 0.000 0.000 -0.000 -0.000
1 O2(3) + 2 X(1) <=> 2 OX(20) -0.448 0.513 0.067 0.494 1.367
2 H2(6) + 2 X(1) <=> 2 HX(19) 0.000 0.000 0.000 -0.000 0.000
3 H(12) + X(1) <=> HX(19) 0.000 0.000 0.000 -0.000 0.000
4 HX(19) + OX(20) <=> HOX(22) + X(1) -0.000 0.000 -0.000 0.000 -0.000
5 H2O(5) + 2 X(1) <=> HOX(22) + HX(19) 0.000 -0.000 -0.000 -0.000 -0.000
6 OH(17) + X(1) <=> HOX(22) 0.000 -0.000 0.000 -0.000 -0.000
7 CH4(2) + 2 X(1) <=> CH3X(21) + HX(19) 0.000 -0.000 0.000 -0.000 0.000
8 CH4(2) + OX(20) + X(1) <=> CH3X(21) + HOX(22) 0.428 -0.477 -0.047 -0.458 -1.305
9 C2H6(8) + 2 X(1) <=> 2 CH3X(21) 0.658 0.222 0.878 0.253 -0.327
10 CH3(10) + X(1) <=> CH3X(21) 0.038 0.027 0.065 0.009 -0.703
11 CH3OH(14) + 2 X(1) <=> CH3X(21) + HOX(22) 0.068 -0.022 0.047 -0.023 -0.063
12 CH4(2) + HOX(22) + X(1) <=> CH3X(21) + H2OX(23) 0.000 -0.000 -0.000 -0.000 -0.000
13 H2O(5) + X(1) <=> H2OX(23) 0.000 -0.000 -0.000 -0.000 -0.001
14 H2OX(23) + OX(20) <=> 2 HOX(22) 0.185 -0.281 -0.095 -0.269 -0.702
15 HOX(22) + HX(19) <=> H2OX(23) + X(1) -0.000 0.000 -0.000 -0.000 -0.000
16 CH2X(27) + HX(19) <=> CH3X(21) + X(1) -0.053 -0.056 -0.109 -0.057 -0.003
17 CH2X(27) + HOX(22) <=> CH3X(21) + OX(20) -0.891 -0.939 -1.838 -0.959 -0.046
18 CHX(28) + HX(19) <=> CH2X(27) + X(1) -0.000 0.000 0.000 -0.000 -0.000
19 CHX(28) + HOX(22) <=> CH2X(27) + OX(20) -0.000 -0.000 -0.000 -0.000 -0.000
20 2 CH2X(27) <=> CH3X(21) + CHX(28) 0.000 0.000 0.000 -0.000 0.000
21 CHX(28) + X(1) <=> CX(26) + HX(19) -0.000 -0.000 -0.000 -0.000 -0.000
22 CX(26) + H2(6) <=> CH2X(27) 0.000 -0.000 0.000 -0.000 -0.000
23 CX(26) + HOX(22) <=> CHX(28) + OX(20) -0.000 -0.000 -0.000 -0.000 -0.000
24 CH3X(21) + CX(26) <=> CH2X(27) + CHX(28) -0.000 -0.000 -0.000 -0.000 -0.000
25 CH2X(27) + CX(26) <=> 2 CHX(28) -0.000 -0.000 -0.000 -0.000 -0.000
26 CO(7) + X(1) <=> OCX(25) -0.009 -0.009 -0.018 -0.009 0.000
27 CX(26) + OX(20) <=> OCX(25) + X(1) 0.000 0.000 0.000 0.000 -0.000
28 H2(6) + X(1) <=> H2X(49) -0.000 -0.000 -0.000 -0.000 -0.000
29 CO(7) + X(1) <=> COX(50) -0.000 0.000 0.000 -0.000 -0.000
30 C2H6(8) + X(1) <=> C2H6X(52) -0.000 0.000 0.000 0.000 -0.000
31 CH3OH(14) + X(1) <=> CH4OX(60) 0.000 0.000 0.000 -0.000 0.000
32 C2H4(47) + X(1) <=> C2H4X(210) -0.000 0.000 0.000 -0.000 -0.000
33 C2H4(18) + X(1) <=> C2H4X(65) -0.000 0.000 0.000 -0.000 -0.000
34 CO2(4) + X(1) <=> CO2X(24) 0.000 0.000 0.000 -0.000 -0.000
35 OCX(25) + OX(20) <=> CO2X(24) + X(1) 0.000 0.000 0.000 0.000 -0.000
36 CO2X(24) + HX(19) <=> HOX(22) + OCX(25) 0.046 0.045 0.091 0.045 -0.002
Finished sensitivity simulation for a C/O ratio of 1.1
Finished translating for C/O ratio of 1.1
Starting sensitivity simulation for a C/O ratio of 0.8
0 CH4(2) + X(1) <=> CH4X(48) 0.000 0.000 0.000 0.000 0.000
1 O2(3) + 2 X(1) <=> 2 OX(20) -0.426 0.520 0.096 0.497 1.373
2 H2(6) + 2 X(1) <=> 2 HX(19) 0.000 -0.000 0.000 0.000 0.000
3 H(12) + X(1) <=> HX(19) 0.000 0.000 0.000 0.000 0.000
4 HX(19) + OX(20) <=> HOX(22) + X(1) 0.000 0.000 0.000 0.000 0.000
5 H2O(5) + 2 X(1) <=> HOX(22) + HX(19) 0.000 -0.000 -0.000 -0.000 0.000
6 OH(17) + X(1) <=> HOX(22) 0.000 -0.000 0.000 -0.000 -0.000
7 CH4(2) + 2 X(1) <=> CH3X(21) + HX(19) 0.000 -0.000 0.000 -0.000 0.000
8 CH4(2) + OX(20) + X(1) <=> CH3X(21) + HOX(22) 0.409 -0.485 -0.074 -0.462 -1.316
9 C2H6(8) + 2 X(1) <=> 2 CH3X(21) 0.637 0.214 0.850 0.251 -0.303
10 CH3(10) + X(1) <=> CH3X(21) 0.048 0.034 0.082 0.012 -0.756
11 CH3OH(14) + 2 X(1) <=> CH3X(21) + HOX(22) 0.066 -0.022 0.044 -0.022 -0.060
12 CH4(2) + HOX(22) + X(1) <=> CH3X(21) + H2OX(23) 0.000 -0.000 -0.000 -0.000 -0.000
13 H2O(5) + X(1) <=> H2OX(23) 0.000 -0.000 -0.000 -0.000 -0.001
14 H2OX(23) + OX(20) <=> 2 HOX(22) 0.184 -0.276 -0.091 -0.263 -0.709
15 HOX(22) + HX(19) <=> H2OX(23) + X(1) 0.000 -0.000 0.000 0.000 0.000
16 CH2X(27) + HX(19) <=> CH3X(21) + X(1) -0.039 -0.042 -0.081 -0.043 -0.002
17 CH2X(27) + HOX(22) <=> CH3X(21) + OX(20) -0.892 -0.951 -1.851 -0.977 -0.056
18 CHX(28) + HX(19) <=> CH2X(27) + X(1) 0.000 -0.000 -0.000 -0.000 0.000
19 CHX(28) + HOX(22) <=> CH2X(27) + OX(20) -0.000 -0.000 -0.000 -0.000 0.000
20 2 CH2X(27) <=> CH3X(21) + CHX(28) 0.000 0.000 0.000 0.000 0.000
21 CHX(28) + X(1) <=> CX(26) + HX(19) 0.000 0.000 0.000 0.000 0.000
22 CX(26) + H2(6) <=> CH2X(27) 0.000 -0.000 0.000 0.000 0.000
23 CX(26) + HOX(22) <=> CHX(28) + OX(20) 0.000 0.000 0.000 0.000 0.000
24 CH3X(21) + CX(26) <=> CH2X(27) + CHX(28) -0.000 -0.000 -0.000 -0.000 0.000
25 CH2X(27) + CX(26) <=> 2 CHX(28) 0.000 -0.000 0.000 0.000 0.000
26 CO(7) + X(1) <=> OCX(25) -0.007 -0.007 -0.014 -0.007 0.000
27 CX(26) + OX(20) <=> OCX(25) + X(1) 0.000 0.000 0.000 0.000 -0.000
28 H2(6) + X(1) <=> H2X(49) -0.000 0.000 0.000 0.000 0.000
29 CO(7) + X(1) <=> COX(50) 0.000 0.000 0.000 0.000 0.000
30 C2H6(8) + X(1) <=> C2H6X(52) -0.000 0.000 0.000 0.000 -0.000
31 CH3OH(14) + X(1) <=> CH4OX(60) -0.000 -0.000 -0.000 0.000 -0.000
32 C2H4(47) + X(1) <=> C2H4X(210) 0.000 0.000 0.000 0.000 0.000
33 C2H4(18) + X(1) <=> C2H4X(65) 0.000 -0.000 0.000 0.000 0.000
34 CO2(4) + X(1) <=> CO2X(24) 0.000 0.000 0.000 0.000 0.000
35 OCX(25) + OX(20) <=> CO2X(24) + X(1) 0.000 0.000 0.000 0.000 0.000
36 CO2X(24) + HX(19) <=> HOX(22) + OCX(25) 0.029 0.028 0.057 0.028 -0.001
Finished sensitivity simulation for a C/O ratio of 0.8
Finished translating for C/O ratio of 0.8
Starting sensitivity simulation for a C/O ratio of 0.9
0 CH4(2) + X(1) <=> CH4X(48) 0.000 -0.000 -0.000 0.000 0.000
1 O2(3) + 2 X(1) <=> 2 OX(20) -0.434 0.518 0.087 0.497 1.371
2 H2(6) + 2 X(1) <=> 2 HX(19) 0.000 -0.000 0.000 0.000 0.000
3 H(12) + X(1) <=> HX(19) 0.000 0.000 0.000 0.000 0.000
4 HX(19) + OX(20) <=> HOX(22) + X(1) 0.000 0.000 0.000 0.000 0.000
5 H2O(5) + 2 X(1) <=> HOX(22) + HX(19) 0.000 -0.000 -0.000 -0.000 0.000
6 OH(17) + X(1) <=> HOX(22) 0.000 -0.000 0.000 -0.000 0.000
7 CH4(2) + 2 X(1) <=> CH3X(21) + HX(19) 0.000 -0.000 -0.000 -0.000 0.000
8 CH4(2) + OX(20) + X(1) <=> CH3X(21) + HOX(22) 0.416 -0.482 -0.064 -0.461 -1.312
9 C2H6(8) + 2 X(1) <=> 2 CH3X(21) 0.645 0.217 0.860 0.252 -0.311
10 CH3(10) + X(1) <=> CH3X(21) 0.044 0.031 0.075 0.011 -0.738
11 CH3OH(14) + 2 X(1) <=> CH3X(21) + HOX(22) 0.067 -0.022 0.045 -0.022 -0.061
12 CH4(2) + HOX(22) + X(1) <=> CH3X(21) + H2OX(23) 0.000 -0.000 -0.000 -0.000 -0.000
13 H2O(5) + X(1) <=> H2OX(23) 0.000 -0.000 -0.000 -0.000 -0.001
14 H2OX(23) + OX(20) <=> 2 HOX(22) 0.185 -0.277 -0.092 -0.265 -0.707
15 HOX(22) + HX(19) <=> H2OX(23) + X(1) 0.000 0.000 0.000 0.000 0.000
16 CH2X(27) + HX(19) <=> CH3X(21) + X(1) -0.044 -0.047 -0.090 -0.048 -0.003
17 CH2X(27) + HOX(22) <=> CH3X(21) + OX(20) -0.892 -0.947 -1.848 -0.971 -0.052
18 CHX(28) + HX(19) <=> CH2X(27) + X(1) 0.000 -0.000 -0.000 -0.000 0.000
19 CHX(28) + HOX(22) <=> CH2X(27) + OX(20) -0.000 -0.000 -0.000 -0.000 0.000
20 2 CH2X(27) <=> CH3X(21) + CHX(28) 0.000 -0.000 -0.000 0.000 0.000
21 CHX(28) + X(1) <=> CX(26) + HX(19) 0.000 -0.000 -0.000 0.000 0.000
22 CX(26) + H2(6) <=> CH2X(27) 0.000 -0.000 -0.000 0.000 0.000
23 CX(26) + HOX(22) <=> CHX(28) + OX(20) 0.000 0.000 0.000 0.000 0.000
24 CH3X(21) + CX(26) <=> CH2X(27) + CHX(28) -0.000 -0.000 -0.000 -0.000 0.000
25 CH2X(27) + CX(26) <=> 2 CHX(28) 0.000 -0.000 -0.000 0.000 0.000
26 CO(7) + X(1) <=> OCX(25) -0.008 -0.008 -0.015 -0.008 0.000
27 CX(26) + OX(20) <=> OCX(25) + X(1) 0.000 0.000 0.000 0.000 0.000
28 H2(6) + X(1) <=> H2X(49) 0.000 -0.000 -0.000 0.000 0.000
29 CO(7) + X(1) <=> COX(50) 0.000 -0.000 -0.000 -0.000 0.000
30 C2H6(8) + X(1) <=> C2H6X(52) 0.000 0.000 0.000 -0.000 0.000
31 CH3OH(14) + X(1) <=> CH4OX(60) 0.000 -0.000 0.000 -0.000 0.000
32 C2H4(47) + X(1) <=> C2H4X(210) 0.000 -0.000 0.000 -0.000 0.000
33 C2H4(18) + X(1) <=> C2H4X(65) 0.000 -0.000 -0.000 0.000 0.000
34 CO2(4) + X(1) <=> CO2X(24) 0.000 -0.000 -0.000 0.000 0.000
35 OCX(25) + OX(20) <=> CO2X(24) + X(1) 0.000 -0.000 -0.000 0.000 0.000
36 CO2X(24) + HX(19) <=> HOX(22) + OCX(25) 0.034 0.033 0.068 0.033 -0.001
Finished sensitivity simulation for a C/O ratio of 0.9
Finished translating for C/O ratio of 0.9
Starting sensitivity simulation for a C/O ratio of 1.4
0 CH4(2) + X(1) <=> CH4X(48) 0.000 0.000 0.000 -0.000 0.000
1 O2(3) + 2 X(1) <=> 2 OX(20) -0.469 0.501 0.034 0.485 1.359
2 H2(6) + 2 X(1) <=> 2 HX(19) 0.000 0.000 0.000 -0.000 0.000
3 H(12) + X(1) <=> HX(19) 0.000 0.000 0.000 -0.000 0.000
4 HX(19) + OX(20) <=> HOX(22) + X(1) 0.000 0.000 0.000 0.000 0.000
5 H2O(5) + 2 X(1) <=> HOX(22) + HX(19) 0.000 -0.000 -0.000 -0.000 0.000
6 OH(17) + X(1) <=> HOX(22) 0.000 0.000 0.000 -0.000 0.000
7 CH4(2) + 2 X(1) <=> CH3X(21) + HX(19) 0.000 -0.000 0.000 -0.000 0.000
8 CH4(2) + OX(20) + X(1) <=> CH3X(21) + HOX(22) 0.444 -0.467 -0.021 -0.451 -1.296
9 C2H6(8) + 2 X(1) <=> 2 CH3X(21) 0.673 0.229 0.901 0.256 -0.350
10 CH3(10) + X(1) <=> CH3X(21) 0.031 0.023 0.054 0.008 -0.652
11 CH3OH(14) + 2 X(1) <=> CH3X(21) + HOX(22) 0.070 -0.021 0.050 -0.023 -0.066
12 CH4(2) + HOX(22) + X(1) <=> CH3X(21) + H2OX(23) 0.000 -0.000 -0.000 -0.000 -0.000
13 H2O(5) + X(1) <=> H2OX(23) 0.000 -0.000 -0.000 -0.000 -0.001
14 H2OX(23) + OX(20) <=> 2 HOX(22) 0.183 -0.286 -0.102 -0.275 -0.696
15 HOX(22) + HX(19) <=> H2OX(23) + X(1) 0.000 0.000 0.000 -0.000 0.000
16 CH2X(27) + HX(19) <=> CH3X(21) + X(1) -0.066 -0.069 -0.136 -0.071 -0.003
17 CH2X(27) + HOX(22) <=> CH3X(21) + OX(20) -0.884 -0.926 -1.819 -0.943 -0.040
18 CHX(28) + HX(19) <=> CH2X(27) + X(1) 0.000 0.000 0.000 -0.000 0.000
19 CHX(28) + HOX(22) <=> CH2X(27) + OX(20) -0.000 -0.000 -0.000 -0.000 0.000
20 2 CH2X(27) <=> CH3X(21) + CHX(28) 0.000 0.000 0.000 -0.000 0.000
21 CHX(28) + X(1) <=> CX(26) + HX(19) 0.000 0.000 0.000 -0.000 0.000
22 CX(26) + H2(6) <=> CH2X(27) 0.000 0.000 0.000 0.000 0.000
23 CX(26) + HOX(22) <=> CHX(28) + OX(20) 0.000 0.000 0.000 0.000 0.000
24 CH3X(21) + CX(26) <=> CH2X(27) + CHX(28) -0.000 -0.000 -0.000 -0.000 0.000
25 CH2X(27) + CX(26) <=> 2 CHX(28) 0.000 0.000 0.000 0.000 0.000
26 CO(7) + X(1) <=> OCX(25) -0.011 -0.010 -0.021 -0.010 0.000
27 CX(26) + OX(20) <=> OCX(25) + X(1) 0.000 0.000 0.000 0.000 0.000
28 H2(6) + X(1) <=> H2X(49) 0.000 0.000 0.000 0.000 0.000
29 CO(7) + X(1) <=> COX(50) 0.000 0.000 0.000 -0.000 0.000
30 C2H6(8) + X(1) <=> C2H6X(52) 0.000 0.000 0.000 0.000 0.000
31 CH3OH(14) + X(1) <=> CH4OX(60) 0.000 0.000 0.000 0.000 0.000
32 C2H4(47) + X(1) <=> C2H4X(210) 0.000 0.000 0.000 -0.000 0.000
33 C2H4(18) + X(1) <=> C2H4X(65) 0.000 0.000 0.000 -0.000 0.000
34 CO2(4) + X(1) <=> CO2X(24) 0.000 0.000 0.000 -0.000 0.000
35 OCX(25) + OX(20) <=> CO2X(24) + X(1) 0.000 0.000 0.000 0.000 0.000
36 CO2X(24) + HX(19) <=> HOX(22) + OCX(25) 0.066 0.065 0.132 0.065 -0.002
Finished sensitivity simulation for a C/O ratio of 1.4
Finished translating for C/O ratio of 1.4
Starting sensitivity simulation for a C/O ratio of 1.2
0 CH4(2) + X(1) <=> CH4X(48) -0.000 -0.000 -0.000 -0.000 -0.000
1 O2(3) + 2 X(1) <=> 2 OX(20) -0.455 0.509 0.056 0.491 1.364
2 H2(6) + 2 X(1) <=> 2 HX(19) 0.000 -0.000 -0.000 -0.000 0.000
3 H(12) + X(1) <=> HX(19) 0.000 0.000 0.000 0.000 0.000
4 HX(19) + OX(20) <=> HOX(22) + X(1) -0.000 0.000 -0.000 0.000 -0.000
5 H2O(5) + 2 X(1) <=> HOX(22) + HX(19) 0.000 -0.000 -0.000 -0.000 -0.000
6 OH(17) + X(1) <=> HOX(22) 0.000 -0.000 0.000 -0.000 -0.000
7 CH4(2) + 2 X(1) <=> CH3X(21) + HX(19) 0.000 -0.000 -0.000 -0.000 -0.000
8 CH4(2) + OX(20) + X(1) <=> CH3X(21) + HOX(22) 0.433 -0.474 -0.039 -0.456 -1.301
9 C2H6(8) + 2 X(1) <=> 2 CH3X(21) 0.663 0.224 0.886 0.254 -0.335
10 CH3(10) + X(1) <=> CH3X(21) 0.035 0.026 0.061 0.009 -0.686
11 CH3OH(14) + 2 X(1) <=> CH3X(21) + HOX(22) 0.069 -0.021 0.048 -0.023 -0.064
12 CH4(2) + HOX(22) + X(1) <=> CH3X(21) + H2OX(23) 0.000 -0.000 -0.000 -0.000 -0.000
13 H2O(5) + X(1) <=> H2OX(23) 0.000 -0.000 -0.000 -0.000 -0.001
14 H2OX(23) + OX(20) <=> 2 HOX(22) 0.185 -0.282 -0.097 -0.271 -0.700
15 HOX(22) + HX(19) <=> H2OX(23) + X(1) -0.000 -0.000 -0.000 -0.000 -0.000
16 CH2X(27) + HX(19) <=> CH3X(21) + X(1) -0.057 -0.060 -0.118 -0.062 -0.003
17 CH2X(27) + HOX(22) <=> CH3X(21) + OX(20) -0.889 -0.935 -1.832 -0.954 -0.044
18 CHX(28) + HX(19) <=> CH2X(27) + X(1) -0.000 -0.000 -0.000 -0.000 -0.000
19 CHX(28) + HOX(22) <=> CH2X(27) + OX(20) -0.000 -0.000 -0.000 -0.000 -0.000
20 2 CH2X(27) <=> CH3X(21) + CHX(28) -0.000 -0.000 -0.000 0.000 -0.000
21 CHX(28) + X(1) <=> CX(26) + HX(19) -0.000 -0.000 -0.000 0.000 -0.000
22 CX(26) + H2(6) <=> CH2X(27) -0.000 -0.000 -0.000 -0.000 -0.000
23 CX(26) + HOX(22) <=> CHX(28) + OX(20) -0.000 -0.000 -0.000 0.000 -0.000
24 CH3X(21) + CX(26) <=> CH2X(27) + CHX(28) -0.000 -0.000 -0.000 -0.000 -0.000
25 CH2X(27) + CX(26) <=> 2 CHX(28) -0.000 -0.000 -0.000 0.000 -0.000
26 CO(7) + X(1) <=> OCX(25) -0.010 -0.009 -0.019 -0.009 0.000
27 CX(26) + OX(20) <=> OCX(25) + X(1) 0.000 0.000 0.000 0.000 -0.000
28 H2(6) + X(1) <=> H2X(49) -0.000 -0.000 -0.000 -0.000 -0.000
29 CO(7) + X(1) <=> COX(50) -0.000 0.000 -0.000 0.000 -0.000
30 C2H6(8) + X(1) <=> C2H6X(52) -0.000 -0.000 -0.000 -0.000 -0.000
31 CH3OH(14) + X(1) <=> CH4OX(60) -0.000 -0.000 -0.000 -0.000 -0.000
32 C2H4(47) + X(1) <=> C2H4X(210) -0.000 -0.000 -0.000 -0.000 -0.000
33 C2H4(18) + X(1) <=> C2H4X(65) -0.000 -0.000 -0.000 -0.000 -0.000
34 CO2(4) + X(1) <=> CO2X(24) -0.000 -0.000 -0.000 -0.000 -0.000
35 OCX(25) + OX(20) <=> CO2X(24) + X(1) 0.000 0.000 0.000 0.000 -0.000
36 CO2X(24) + HX(19) <=> HOX(22) + OCX(25) 0.053 0.052 0.104 0.052 -0.002
Finished sensitivity simulation for a C/O ratio of 1.2
Finished translating for C/O ratio of 1.2
Starting sensitivity simulation for a C/O ratio of 1.6
0 CH4(2) + X(1) <=> CH4X(48) 0.000 0.000 0.000 0.000 0.000
1 O2(3) + 2 X(1) <=> 2 OX(20) -0.484 0.491 0.009 0.476 1.354
2 H2(6) + 2 X(1) <=> 2 HX(19) 0.000 0.000 0.000 0.000 0.000
3 H(12) + X(1) <=> HX(19) 0.000 0.000 0.000 -0.000 0.000
4 HX(19) + OX(20) <=> HOX(22) + X(1) 0.000 0.000 0.000 0.000 0.000
5 H2O(5) + 2 X(1) <=> HOX(22) + HX(19) 0.000 -0.000 -0.000 -0.000 0.000
6 OH(17) + X(1) <=> HOX(22) 0.000 0.000 0.000 -0.000 0.000
7 CH4(2) + 2 X(1) <=> CH3X(21) + HX(19) 0.000 -0.000 0.000 -0.000 0.000
8 CH4(2) + OX(20) + X(1) <=> CH3X(21) + HOX(22) 0.455 -0.460 -0.003 -0.445 -1.291
9 C2H6(8) + 2 X(1) <=> 2 CH3X(21) 0.682 0.234 0.914 0.259 -0.364
10 CH3(10) + X(1) <=> CH3X(21) 0.028 0.021 0.049 0.007 -0.620
11 CH3OH(14) + 2 X(1) <=> CH3X(21) + HOX(22) 0.071 -0.020 0.051 -0.023 -0.067
12 CH4(2) + HOX(22) + X(1) <=> CH3X(21) + H2OX(23) 0.000 -0.000 -0.000 -0.000 -0.000
13 H2O(5) + X(1) <=> H2OX(23) 0.000 -0.000 -0.000 -0.000 -0.001
14 H2OX(23) + OX(20) <=> 2 HOX(22) 0.182 -0.289 -0.107 -0.279 -0.692
15 HOX(22) + HX(19) <=> H2OX(23) + X(1) 0.000 0.000 0.000 0.000 0.000
16 CH2X(27) + HX(19) <=> CH3X(21) + X(1) -0.075 -0.078 -0.153 -0.079 -0.003
17 CH2X(27) + HOX(22) <=> CH3X(21) + OX(20) -0.879 -0.917 -1.805 -0.933 -0.037
18 CHX(28) + HX(19) <=> CH2X(27) + X(1) 0.000 0.000 0.000 -0.000 0.000
19 CHX(28) + HOX(22) <=> CH2X(27) + OX(20) -0.000 -0.000 -0.000 -0.000 0.000
20 2 CH2X(27) <=> CH3X(21) + CHX(28) 0.000 0.000 0.000 0.000 0.000
21 CHX(28) + X(1) <=> CX(26) + HX(19) 0.000 0.000 0.000 0.000 0.000
22 CX(26) + H2(6) <=> CH2X(27) 0.000 0.000 0.000 0.000 0.000
23 CX(26) + HOX(22) <=> CHX(28) + OX(20) 0.000 0.000 0.000 0.000 0.000
24 CH3X(21) + CX(26) <=> CH2X(27) + CHX(28) -0.000 -0.000 -0.000 -0.000 0.000
25 CH2X(27) + CX(26) <=> 2 CHX(28) 0.000 0.000 0.000 0.000 0.000
26 CO(7) + X(1) <=> OCX(25) -0.012 -0.011 -0.023 -0.011 0.000
27 CX(26) + OX(20) <=> OCX(25) + X(1) 0.000 0.000 0.000 0.000 0.000
28 H2(6) + X(1) <=> H2X(49) 0.000 0.000 0.000 0.000 0.000
29 CO(7) + X(1) <=> COX(50) 0.000 0.000 0.000 0.000 0.000
30 C2H6(8) + X(1) <=> C2H6X(52) 0.000 0.000 0.000 0.000 0.000
31 CH3OH(14) + X(1) <=> CH4OX(60) 0.000 0.000 0.000 0.000 0.000
32 C2H4(47) + X(1) <=> C2H4X(210) 0.000 0.000 0.000 0.000 0.000
33 C2H4(18) + X(1) <=> C2H4X(65) 0.000 0.000 0.000 0.000 0.000
34 CO2(4) + X(1) <=> CO2X(24) 0.000 0.000 0.000 0.000 0.000
35 OCX(25) + OX(20) <=> CO2X(24) + X(1) 0.000 0.000 0.000 0.000 0.000
36 CO2X(24) + HX(19) <=> HOX(22) + OCX(25) 0.081 0.080 0.161 0.080 -0.002
Finished sensitivity simulation for a C/O ratio of 1.6
Finished translating for C/O ratio of 1.6
Starting sensitivity simulation for a C/O ratio of 1.0
0 CH4(2) + X(1) <=> CH4X(48) 0.000 -0.000 -0.000 0.000 0.000
1 O2(3) + 2 X(1) <=> 2 OX(20) -0.441 0.516 0.077 0.496 1.369
2 H2(6) + 2 X(1) <=> 2 HX(19) 0.000 0.000 0.000 0.000 0.000
3 H(12) + X(1) <=> HX(19) 0.000 0.000 0.000 0.000 0.000
4 HX(19) + OX(20) <=> HOX(22) + X(1) 0.000 0.000 0.000 0.000 0.000
5 H2O(5) + 2 X(1) <=> HOX(22) + HX(19) 0.000 -0.000 -0.000 -0.000 0.000
6 OH(17) + X(1) <=> HOX(22) 0.000 0.000 0.000 -0.000 -0.000
7 CH4(2) + 2 X(1) <=> CH3X(21) + HX(19) 0.000 -0.000 0.000 -0.000 0.000
8 CH4(2) + OX(20) + X(1) <=> CH3X(21) + HOX(22) 0.422 -0.480 -0.056 -0.460 -1.308
9 C2H6(8) + 2 X(1) <=> 2 CH3X(21) 0.652 0.220 0.870 0.252 -0.320
10 CH3(10) + X(1) <=> CH3X(21) 0.041 0.029 0.070 0.010 -0.721
11 CH3OH(14) + 2 X(1) <=> CH3X(21) + HOX(22) 0.068 -0.022 0.046 -0.023 -0.062
12 CH4(2) + HOX(22) + X(1) <=> CH3X(21) + H2OX(23) 0.000 -0.000 -0.000 -0.000 -0.000
13 H2O(5) + X(1) <=> H2OX(23) 0.000 -0.000 -0.000 -0.000 -0.001
14 H2OX(23) + OX(20) <=> 2 HOX(22) 0.185 -0.279 -0.093 -0.267 -0.704
15 HOX(22) + HX(19) <=> H2OX(23) + X(1) -0.000 0.000 0.000 0.000 0.000
16 CH2X(27) + HX(19) <=> CH3X(21) + X(1) -0.048 -0.051 -0.100 -0.052 -0.003
17 CH2X(27) + HOX(22) <=> CH3X(21) + OX(20) -0.892 -0.943 -1.843 -0.965 -0.049
18 CHX(28) + HX(19) <=> CH2X(27) + X(1) -0.000 0.000 0.000 -0.000 0.000
19 CHX(28) + HOX(22) <=> CH2X(27) + OX(20) -0.000 -0.000 -0.000 -0.000 0.000
20 2 CH2X(27) <=> CH3X(21) + CHX(28) 0.000 0.000 0.000 0.000 0.000
21 CHX(28) + X(1) <=> CX(26) + HX(19) -0.000 -0.000 -0.000 0.000 -0.000
22 CX(26) + H2(6) <=> CH2X(27) 0.000 0.000 0.000 0.000 0.000
23 CX(26) + HOX(22) <=> CHX(28) + OX(20) 0.000 0.000 0.000 0.000 0.000
24 CH3X(21) + CX(26) <=> CH2X(27) + CHX(28) -0.000 -0.000 -0.000 -0.000 0.000
25 CH2X(27) + CX(26) <=> 2 CHX(28) 0.000 0.000 0.000 0.000 0.000
26 CO(7) + X(1) <=> OCX(25) -0.008 -0.008 -0.017 -0.008 0.000
27 CX(26) + OX(20) <=> OCX(25) + X(1) 0.000 0.000 0.000 0.000 0.000
28 H2(6) + X(1) <=> H2X(49) 0.000 -0.000 -0.000 0.000 0.000
29 CO(7) + X(1) <=> COX(50) 0.000 0.000 0.000 0.000 0.000
30 C2H6(8) + X(1) <=> C2H6X(52) 0.000 0.000 0.000 0.000 0.000
31 CH3OH(14) + X(1) <=> CH4OX(60) 0.000 0.000 0.000 0.000 0.000
32 C2H4(47) + X(1) <=> C2H4X(210) 0.000 -0.000 -0.000 0.000 0.000
33 C2H4(18) + X(1) <=> C2H4X(65) 0.000 0.000 0.000 0.000 0.000
34 CO2(4) + X(1) <=> CO2X(24) -0.000 0.000 0.000 0.000 0.000
35 OCX(25) + OX(20) <=> CO2X(24) + X(1) 0.000 0.000 0.000 0.000 0.000
36 CO2X(24) + HX(19) <=> HOX(22) + OCX(25) 0.040 0.039 0.079 0.039 -0.001
Finished sensitivity simulation for a C/O ratio of 1.0
Finished translating for C/O ratio of 1.0
Starting sensitivity simulation for a C/O ratio of 1.3
0 CH4(2) + X(1) <=> CH4X(48) -0.000 -0.000 -0.000 -0.000 -0.000
1 O2(3) + 2 X(1) <=> 2 OX(20) -0.462 0.505 0.045 0.488 1.361
2 H2(6) + 2 X(1) <=> 2 HX(19) -0.000 -0.000 -0.000 -0.000 0.000
3 H(12) + X(1) <=> HX(19) 0.000 0.000 0.000 -0.000 0.000
4 HX(19) + OX(20) <=> HOX(22) + X(1) -0.000 -0.000 -0.000 0.000 -0.000
5 H2O(5) + 2 X(1) <=> HOX(22) + HX(19) 0.000 -0.000 -0.000 -0.000 -0.000
6 OH(17) + X(1) <=> HOX(22) 0.000 -0.000 0.000 -0.000 -0.000
7 CH4(2) + 2 X(1) <=> CH3X(21) + HX(19) 0.000 -0.000 -0.000 -0.000 -0.000
8 CH4(2) + OX(20) + X(1) <=> CH3X(21) + HOX(22) 0.439 -0.471 -0.030 -0.454 -1.298
9 C2H6(8) + 2 X(1) <=> 2 CH3X(21) 0.669 0.227 0.894 0.255 -0.343
10 CH3(10) + X(1) <=> CH3X(21) 0.033 0.024 0.057 0.008 -0.669
11 CH3OH(14) + 2 X(1) <=> CH3X(21) + HOX(22) 0.070 -0.021 0.049 -0.023 -0.065
12 CH4(2) + HOX(22) + X(1) <=> CH3X(21) + H2OX(23) 0.000 -0.000 -0.000 -0.000 -0.000
13 H2O(5) + X(1) <=> H2OX(23) 0.000 -0.000 -0.000 -0.000 -0.001
14 H2OX(23) + OX(20) <=> 2 HOX(22) 0.184 -0.284 -0.099 -0.273 -0.698
15 HOX(22) + HX(19) <=> H2OX(23) + X(1) -0.000 -0.000 -0.000 -0.000 -0.000
16 CH2X(27) + HX(19) <=> CH3X(21) + X(1) -0.062 -0.065 -0.127 -0.066 -0.003
17 CH2X(27) + HOX(22) <=> CH3X(21) + OX(20) -0.887 -0.930 -1.825 -0.948 -0.042
18 CHX(28) + HX(19) <=> CH2X(27) + X(1) -0.000 -0.000 -0.000 -0.000 -0.000
19 CHX(28) + HOX(22) <=> CH2X(27) + OX(20) -0.000 -0.000 -0.000 -0.000 -0.000
20 2 CH2X(27) <=> CH3X(21) + CHX(28) -0.000 -0.000 -0.000 -0.000 -0.000
21 CHX(28) + X(1) <=> CX(26) + HX(19) -0.000 -0.000 -0.000 -0.000 -0.000
22 CX(26) + H2(6) <=> CH2X(27) -0.000 -0.000 -0.000 -0.000 -0.000
23 CX(26) + HOX(22) <=> CHX(28) + OX(20) -0.000 -0.000 -0.000 -0.000 -0.000
24 CH3X(21) + CX(26) <=> CH2X(27) + CHX(28) -0.000 -0.000 -0.000 -0.000 -0.000
25 CH2X(27) + CX(26) <=> 2 CHX(28) -0.000 -0.000 -0.000 -0.000 -0.000
26 CO(7) + X(1) <=> OCX(25) -0.010 -0.010 -0.020 -0.010 0.000
27 CX(26) + OX(20) <=> OCX(25) + X(1) 0.000 0.000 0.000 0.000 -0.000
28 H2(6) + X(1) <=> H2X(49) -0.000 0.000 -0.000 -0.000 -0.000
29 CO(7) + X(1) <=> COX(50) -0.000 -0.000 -0.000 -0.000 -0.000
30 C2H6(8) + X(1) <=> C2H6X(52) -0.000 -0.000 -0.000 -0.000 -0.000
31 CH3OH(14) + X(1) <=> CH4OX(60) -0.000 -0.000 -0.000 -0.000 -0.000
32 C2H4(47) + X(1) <=> C2H4X(210) -0.000 -0.000 -0.000 -0.000 -0.000
33 C2H4(18) + X(1) <=> C2H4X(65) -0.000 -0.000 -0.000 -0.000 -0.000
34 CO2(4) + X(1) <=> CO2X(24) -0.000 -0.000 -0.000 -0.000 -0.000
35 OCX(25) + OX(20) <=> CO2X(24) + X(1) -0.000 -0.000 -0.000 0.000 -0.000
36 CO2X(24) + HX(19) <=> HOX(22) + OCX(25) 0.059 0.058 0.118 0.058 -0.002
Finished sensitivity simulation for a C/O ratio of 1.3
Finished translating for C/O ratio of 1.3
Starting sensitivity simulation for a C/O ratio of 1.8
0 CH4(2) + X(1) <=> CH4X(48) -0.000 -0.000 -0.000 -0.000 -0.000
1 O2(3) + 2 X(1) <=> 2 OX(20) -0.499 0.479 -0.017 0.466 1.350
2 H2(6) + 2 X(1) <=> 2 HX(19) 0.000 0.000 0.000 0.000 0.000
3 H(12) + X(1) <=> HX(19) 0.000 0.000 0.000 0.000 0.000
4 HX(19) + OX(20) <=> HOX(22) + X(1) -0.000 -0.000 -0.000 0.000 -0.000
5 H2O(5) + 2 X(1) <=> HOX(22) + HX(19) 0.000 -0.000 -0.000 -0.000 -0.000
6 OH(17) + X(1) <=> HOX(22) 0.000 -0.000 0.000 -0.000 -0.000
7 CH4(2) + 2 X(1) <=> CH3X(21) + HX(19) 0.000 -0.000 -0.000 -0.000 -0.000
8 CH4(2) + OX(20) + X(1) <=> CH3X(21) + HOX(22) 0.466 -0.452 0.016 -0.438 -1.287
9 C2H6(8) + 2 X(1) <=> 2 CH3X(21) 0.690 0.239 0.927 0.262 -0.377
10 CH3(10) + X(1) <=> CH3X(21) 0.025 0.019 0.044 0.007 -0.590
11 CH3OH(14) + 2 X(1) <=> CH3X(21) + HOX(22) 0.072 -0.019 0.053 -0.023 -0.068
12 CH4(2) + HOX(22) + X(1) <=> CH3X(21) + H2OX(23) 0.000 -0.000 -0.000 -0.000 -0.000
13 H2O(5) + X(1) <=> H2OX(23) 0.000 -0.000 -0.000 -0.000 -0.001
14 H2OX(23) + OX(20) <=> 2 HOX(22) 0.179 -0.293 -0.113 -0.283 -0.689
15 HOX(22) + HX(19) <=> H2OX(23) + X(1) -0.000 -0.000 -0.000 0.000 -0.000
16 CH2X(27) + HX(19) <=> CH3X(21) + X(1) -0.083 -0.087 -0.170 -0.088 -0.003
17 CH2X(27) + HOX(22) <=> CH3X(21) + OX(20) -0.873 -0.909 -1.790 -0.923 -0.035
18 CHX(28) + HX(19) <=> CH2X(27) + X(1) -0.000 -0.000 -0.000 -0.000 -0.000
19 CHX(28) + HOX(22) <=> CH2X(27) + OX(20) -0.000 -0.000 -0.000 -0.000 -0.000
20 2 CH2X(27) <=> CH3X(21) + CHX(28) -0.000 -0.000 -0.000 0.000 -0.000
21 CHX(28) + X(1) <=> CX(26) + HX(19) -0.000 -0.000 -0.000 0.000 -0.000
22 CX(26) + H2(6) <=> CH2X(27) -0.000 -0.000 -0.000 0.000 -0.000
23 CX(26) + HOX(22) <=> CHX(28) + OX(20) -0.000 -0.000 -0.000 0.000 -0.000
24 CH3X(21) + CX(26) <=> CH2X(27) + CHX(28) -0.000 -0.000 -0.000 -0.000 -0.000
25 CH2X(27) + CX(26) <=> 2 CHX(28) -0.000 -0.000 -0.000 0.000 -0.000
26 CO(7) + X(1) <=> OCX(25) -0.012 -0.012 -0.025 -0.012 0.000
27 CX(26) + OX(20) <=> OCX(25) + X(1) 0.000 0.000 0.000 0.000 -0.000
28 H2(6) + X(1) <=> H2X(49) -0.000 -0.000 -0.000 0.000 -0.000
29 CO(7) + X(1) <=> COX(50) -0.000 -0.000 -0.000 0.000 -0.000
30 C2H6(8) + X(1) <=> C2H6X(52) -0.000 -0.000 -0.000 0.000 -0.000
31 CH3OH(14) + X(1) <=> CH4OX(60) -0.000 -0.000 -0.000 0.000 -0.000
32 C2H4(47) + X(1) <=> C2H4X(210) -0.000 -0.000 -0.000 0.000 -0.000
33 C2H4(18) + X(1) <=> C2H4X(65) -0.000 -0.000 -0.000 0.000 -0.000
34 CO2(4) + X(1) <=> CO2X(24) -0.000 -0.000 -0.000 -0.000 -0.000
35 OCX(25) + OX(20) <=> CO2X(24) + X(1) 0.000 0.000 0.000 0.000 -0.000
36 CO2X(24) + HX(19) <=> HOX(22) + OCX(25) 0.097 0.096 0.193 0.096 -0.002
Finished sensitivity simulation for a C/O ratio of 1.8
Finished translating for C/O ratio of 1.8
Starting sensitivity simulation for a C/O ratio of 2.4
0 CH4(2) + X(1) <=> CH4X(48) -0.000 -0.000 -0.000 0.000 -0.000
1 O2(3) + 2 X(1) <=> 2 OX(20) -0.549 0.438 -0.109 0.427 1.342
2 H2(6) + 2 X(1) <=> 2 HX(19) 0.000 0.000 0.000 0.000 0.000
3 H(12) + X(1) <=> HX(19) 0.000 0.000 0.000 -0.000 0.000
4 HX(19) + OX(20) <=> HOX(22) + X(1) -0.000 0.000 0.000 0.000 -0.000
5 H2O(5) + 2 X(1) <=> HOX(22) + HX(19) 0.000 -0.000 -0.000 -0.000 -0.000
6 OH(17) + X(1) <=> HOX(22) 0.000 -0.000 0.000 -0.000 -0.000
7 CH4(2) + 2 X(1) <=> CH3X(21) + HX(19) 0.000 -0.000 0.000 -0.000 -0.000
8 CH4(2) + OX(20) + X(1) <=> CH3X(21) + HOX(22) 0.501 -0.425 0.078 -0.413 -1.279
9 C2H6(8) + 2 X(1) <=> 2 CH3X(21) 0.713 0.254 0.966 0.274 -0.413
10 CH3(10) + X(1) <=> CH3X(21) 0.020 0.015 0.035 0.006 -0.509
11 CH3OH(14) + 2 X(1) <=> CH3X(21) + HOX(22) 0.076 -0.016 0.060 -0.022 -0.071
12 CH4(2) + HOX(22) + X(1) <=> CH3X(21) + H2OX(23) 0.000 -0.000 -0.000 -0.000 -0.000
13 H2O(5) + X(1) <=> H2OX(23) 0.000 -0.000 -0.000 -0.000 -0.001
14 H2OX(23) + OX(20) <=> 2 HOX(22) 0.172 -0.304 -0.132 -0.295 -0.683
15 HOX(22) + HX(19) <=> H2OX(23) + X(1) -0.000 -0.000 -0.000 0.000 -0.000
16 CH2X(27) + HX(19) <=> CH3X(21) + X(1) -0.108 -0.112 -0.220 -0.113 -0.004
17 CH2X(27) + HOX(22) <=> CH3X(21) + OX(20) -0.852 -0.883 -1.743 -0.895 -0.031
18 CHX(28) + HX(19) <=> CH2X(27) + X(1) -0.000 -0.000 -0.000 -0.000 0.000
19 CHX(28) + HOX(22) <=> CH2X(27) + OX(20) -0.000 -0.000 -0.000 -0.000 -0.000
20 2 CH2X(27) <=> CH3X(21) + CHX(28) -0.000 -0.000 -0.000 0.000 0.000
21 CHX(28) + X(1) <=> CX(26) + HX(19) -0.000 -0.000 -0.000 -0.000 -0.000
22 CX(26) + H2(6) <=> CH2X(27) -0.000 -0.000 -0.000 -0.000 -0.000
23 CX(26) + HOX(22) <=> CHX(28) + OX(20) -0.000 -0.000 -0.000 0.000 -0.000
24 CH3X(21) + CX(26) <=> CH2X(27) + CHX(28) -0.000 -0.000 -0.000 -0.000 -0.000
25 CH2X(27) + CX(26) <=> 2 CHX(28) -0.000 -0.000 -0.000 0.000 0.000
26 CO(7) + X(1) <=> OCX(25) -0.015 -0.014 -0.029 -0.014 0.000
27 CX(26) + OX(20) <=> OCX(25) + X(1) 0.000 0.000 0.000 0.000 -0.000
28 H2(6) + X(1) <=> H2X(49) -0.000 -0.000 -0.000 0.000 -0.000
29 CO(7) + X(1) <=> COX(50) -0.000 -0.000 -0.000 0.000 -0.000
30 C2H6(8) + X(1) <=> C2H6X(52) -0.000 -0.000 -0.000 0.000 -0.000
31 CH3OH(14) + X(1) <=> CH4OX(60) -0.000 -0.000 -0.000 0.000 -0.000
32 C2H4(47) + X(1) <=> C2H4X(210) 0.000 0.000 0.000 -0.000 0.000
33 C2H4(18) + X(1) <=> C2H4X(65) -0.000 -0.000 -0.000 0.000 -0.000
34 CO2(4) + X(1) <=> CO2X(24) -0.000 -0.000 -0.000 0.000 -0.000
35 OCX(25) + OX(20) <=> CO2X(24) + X(1) 0.000 0.000 0.000 0.000 -0.000
36 CO2X(24) + HX(19) <=> HOX(22) + OCX(25) 0.149 0.148 0.297 0.148 -0.003
Finished sensitivity simulation for a C/O ratio of 2.4
Finished translating for C/O ratio of 2.4
