This mechanism contains 38 gas reactions and 29 surface reactions
Finished simulation at a C/O ratio of 2.0
Finished simulation at a C/O ratio of 1.6
Finished simulation at a C/O ratio of 1.3
Finished simulation at a C/O ratio of 1.4
Finished simulation at a C/O ratio of 1.0
Finished simulation at a C/O ratio of 1.8
Finished simulation at a C/O ratio of 1.1
Finished simulation at a C/O ratio of 2.4
Finished simulation at a C/O ratio of 0.7
Finished simulation at a C/O ratio of 0.9
Finished simulation at a C/O ratio of 2.2
Finished simulation at a C/O ratio of 0.8
Finished simulation at a C/O ratio of 0.6
Finished simulation at a C/O ratio of 2.6
Finished simulation at a C/O ratio of 1.2
Starting thermo sensitivity simulation for a C/O ratio of 1.3
0 X(1) -0.000 -0.001 -0.001 -0.004 -0.001
1 HX(19) 0.000 0.000 0.000 0.001 0.000
2 OX(20) 0.000 0.001 0.001 0.003 0.001
3 CH3X(21) -0.000 -0.000 -0.000 0.000 -0.000
4 HOX(22) 0.000 0.000 0.000 0.000 0.000
5 H2OX(23) -0.000 -0.000 -0.000 0.001 -0.000
6 CO2X(24) -0.000 -0.000 -0.000 -0.001 -0.000
7 OCX(25) -0.000 -0.000 -0.000 0.000 -0.000
8 CX(26) 0.000 0.000 0.000 0.001 -0.000
9 CH2X(27) 0.000 0.000 0.000 0.001 -0.000
10 CHX(28) -0.000 -0.000 -0.000 0.000 -0.000
11 CH4X(48) -0.000 -0.000 -0.001 -0.000 -0.000
12 H2X(49) -0.000 -0.000 -0.000 -0.000 -0.000
13 C2H6X(52) -0.000 -0.000 -0.000 0.000 -0.000
14 CH4OX(60) -0.000 -0.000 -0.000 0.000 -0.000
15 C2H4X(205) -0.000 -0.000 -0.000 0.000 -0.000
Finished thermo sensitivity simulation for a C/O ratio of 1.3
Starting thermo sensitivity simulation for a C/O ratio of 0.9
0 X(1) -0.000 -0.001 -0.001 -0.003 -0.001
1 HX(19) -0.000 0.000 0.000 0.001 0.000
2 OX(20) 0.000 0.001 0.001 0.002 0.001
3 CH3X(21) 0.000 0.000 0.000 0.000 0.000
4 HOX(22) 0.000 0.000 0.000 0.000 0.000
5 H2OX(23) -0.000 -0.000 -0.000 0.001 -0.000
6 CO2X(24) -0.000 -0.000 -0.000 -0.001 -0.000
7 OCX(25) -0.000 -0.000 -0.000 0.000 -0.000
8 CX(26) 0.000 0.000 0.000 0.000 -0.000
9 CH2X(27) 0.000 0.000 0.000 0.001 0.000
10 CHX(28) -0.000 -0.000 -0.000 0.000 -0.000
11 CH4X(48) -0.000 -0.000 -0.001 -0.000 -0.000
12 H2X(49) -0.000 -0.000 -0.000 0.000 -0.000
13 C2H6X(52) 0.000 0.000 0.000 0.000 0.000
14 CH4OX(60) -0.000 -0.000 -0.000 0.000 -0.000
15 C2H4X(205) -0.000 -0.000 -0.000 0.000 -0.000
Finished thermo sensitivity simulation for a C/O ratio of 0.9
Starting thermo sensitivity simulation for a C/O ratio of 1.4
0 X(1) -0.000 -0.001 -0.001 -0.004 -0.001
1 HX(19) 0.000 0.000 0.000 0.001 0.000
2 OX(20) 0.001 0.001 0.002 0.003 0.001
3 CH3X(21) 0.000 0.000 0.000 0.000 0.000
4 HOX(22) 0.000 0.000 0.000 0.000 0.000
5 H2OX(23) -0.000 -0.000 -0.000 0.001 -0.000
6 CO2X(24) -0.000 -0.000 -0.000 -0.001 0.000
7 OCX(25) 0.000 0.000 0.000 0.000 0.000
8 CX(26) 0.000 0.000 0.000 0.001 0.000
9 CH2X(27) 0.000 0.000 0.000 0.001 0.000
10 CHX(28) 0.000 0.000 0.000 0.000 0.000
11 CH4X(48) -0.000 -0.000 -0.001 -0.000 -0.000
12 H2X(49) 0.000 0.000 0.000 0.000 0.000
13 C2H6X(52) 0.000 0.000 0.000 0.000 0.000
14 CH4OX(60) 0.000 0.000 0.000 0.000 0.000
15 C2H4X(205) 0.000 0.000 0.000 0.000 0.000
Finished thermo sensitivity simulation for a C/O ratio of 1.4
Starting thermo sensitivity simulation for a C/O ratio of 0.6
0 X(1) -0.000 -0.001 -0.001 -0.003 -0.000
1 HX(19) -0.000 -0.000 -0.000 0.000 -0.000
2 OX(20) 0.000 0.001 0.001 0.002 0.001
3 CH3X(21) -0.000 -0.000 -0.000 -0.000 -0.000
4 HOX(22) 0.000 0.000 0.000 0.000 0.000
5 H2OX(23) -0.000 -0.000 -0.000 0.001 -0.000
6 CO2X(24) -0.000 -0.000 -0.000 -0.001 -0.000
7 OCX(25) -0.000 -0.000 -0.000 -0.000 -0.000
8 CX(26) 0.000 0.000 0.000 0.000 -0.000
9 CH2X(27) 0.000 0.000 0.000 0.001 -0.000
10 CHX(28) -0.000 -0.000 -0.000 0.000 -0.000
11 CH4X(48) -0.000 -0.000 -0.000 -0.000 -0.000
12 H2X(49) -0.000 -0.000 -0.000 -0.000 -0.000
13 C2H6X(52) -0.000 -0.000 -0.000 -0.000 -0.000
14 CH4OX(60) -0.000 -0.000 -0.000 -0.000 -0.000
15 C2H4X(205) -0.000 -0.000 -0.000 -0.000 -0.000
Finished thermo sensitivity simulation for a C/O ratio of 0.6
Starting thermo sensitivity simulation for a C/O ratio of 0.7
0 X(1) -0.000 -0.001 -0.001 -0.003 -0.001
1 HX(19) -0.000 0.000 -0.000 0.000 0.000
2 OX(20) 0.000 0.001 0.001 0.002 0.001
3 CH3X(21) 0.000 0.000 0.000 -0.000 0.000
4 HOX(22) 0.000 0.000 0.000 0.000 0.000
5 H2OX(23) -0.000 -0.000 -0.000 0.001 -0.000
6 CO2X(24) -0.000 -0.000 -0.000 -0.001 0.000
7 OCX(25) 0.000 0.000 0.000 0.000 0.000
8 CX(26) 0.000 0.000 0.000 0.000 0.000
9 CH2X(27) 0.000 0.000 0.000 0.001 0.000
10 CHX(28) 0.000 0.000 0.000 0.000 0.000
11 CH4X(48) -0.000 -0.000 -0.000 -0.000 -0.000
12 H2X(49) 0.000 0.000 0.000 -0.000 0.000
13 C2H6X(52) 0.000 0.000 0.000 -0.000 0.000
14 CH4OX(60) 0.000 0.000 0.000 -0.000 0.000
15 C2H4X(205) 0.000 0.000 0.000 -0.000 0.000
Finished thermo sensitivity simulation for a C/O ratio of 0.7
Starting thermo sensitivity simulation for a C/O ratio of 1.2
0 X(1) -0.000 -0.001 -0.001 -0.004 -0.001
1 HX(19) 0.000 0.000 0.000 0.001 0.000
2 OX(20) 0.000 0.001 0.001 0.003 0.001
3 CH3X(21) 0.000 0.000 0.000 0.000 0.000
4 HOX(22) 0.000 0.000 0.000 0.000 0.000
5 H2OX(23) -0.000 -0.000 -0.000 0.001 -0.000
6 CO2X(24) -0.000 -0.000 -0.000 -0.001 0.000
7 OCX(25) 0.000 0.000 0.000 -0.000 0.000
8 CX(26) 0.000 0.000 0.000 0.001 0.000
9 CH2X(27) 0.000 0.000 0.000 0.001 0.000
10 CHX(28) 0.000 0.000 0.000 0.000 0.000
11 CH4X(48) -0.000 -0.000 -0.001 -0.000 -0.000
12 H2X(49) 0.000 0.000 0.000 -0.000 0.000
13 C2H6X(52) 0.000 0.000 0.000 -0.000 0.000
14 CH4OX(60) 0.000 0.000 0.000 -0.000 0.000
15 C2H4X(205) 0.000 0.000 0.000 -0.000 0.000
Finished thermo sensitivity simulation for a C/O ratio of 1.2
Starting thermo sensitivity simulation for a C/O ratio of 2.6
0 X(1) -0.001 -0.001 -0.002 -0.005 -0.001
1 HX(19) 0.000 0.001 0.001 0.001 0.000
2 OX(20) 0.001 0.001 0.002 0.004 0.001
3 CH3X(21) -0.000 -0.000 -0.000 0.000 -0.000
4 HOX(22) 0.000 0.000 0.000 0.000 0.000
5 H2OX(23) -0.000 -0.000 -0.000 0.001 -0.000
6 CO2X(24) -0.000 -0.000 -0.000 -0.001 -0.000
7 OCX(25) -0.000 -0.000 -0.000 0.000 -0.000
8 CX(26) -0.000 -0.000 -0.000 0.001 -0.000
9 CH2X(27) -0.000 -0.000 -0.000 0.000 -0.000
10 CHX(28) -0.000 -0.000 -0.000 0.000 -0.000
11 CH4X(48) -0.000 -0.001 -0.001 -0.000 -0.001
12 H2X(49) -0.000 -0.000 -0.000 0.000 -0.000
13 C2H6X(52) -0.000 -0.000 -0.000 0.000 -0.000
14 CH4OX(60) -0.000 -0.000 -0.000 0.000 -0.000
15 C2H4X(205) -0.000 -0.000 -0.000 0.000 -0.000
Finished thermo sensitivity simulation for a C/O ratio of 2.6
Starting thermo sensitivity simulation for a C/O ratio of 2.4
0 X(1) -0.001 -0.001 -0.002 -0.005 -0.001
1 HX(19) 0.000 0.000 0.001 0.001 0.000
2 OX(20) 0.001 0.001 0.002 0.004 0.001
3 CH3X(21) -0.000 -0.000 -0.000 0.000 -0.000
4 HOX(22) 0.000 0.000 0.000 0.000 0.000
5 H2OX(23) -0.000 -0.000 -0.000 0.001 -0.000
6 CO2X(24) -0.000 -0.000 -0.000 -0.001 -0.000
7 OCX(25) -0.000 -0.000 -0.000 -0.000 -0.000
8 CX(26) 0.000 -0.000 -0.000 0.001 -0.000
9 CH2X(27) -0.000 -0.000 -0.000 0.000 -0.000
10 CHX(28) -0.000 -0.000 -0.000 0.000 -0.000
11 CH4X(48) -0.000 -0.001 -0.001 -0.000 -0.001
12 H2X(49) -0.000 -0.000 -0.000 0.000 -0.000
13 C2H6X(52) -0.000 -0.000 -0.000 0.000 -0.000
14 CH4OX(60) -0.000 -0.000 -0.000 -0.000 -0.000
15 C2H4X(205) -0.000 -0.000 -0.000 0.000 -0.000
Finished thermo sensitivity simulation for a C/O ratio of 2.4
Starting thermo sensitivity simulation for a C/O ratio of 1.0
0 X(1) -0.000 -0.001 -0.001 -0.004 -0.001
1 HX(19) 0.000 0.000 0.000 0.001 0.000
2 OX(20) 0.000 0.001 0.001 0.002 0.001
3 CH3X(21) 0.000 0.000 0.000 0.000 0.000
4 HOX(22) 0.000 0.000 0.000 0.000 0.000
5 H2OX(23) -0.000 -0.000 -0.000 0.001 -0.000
6 CO2X(24) -0.000 -0.000 -0.000 -0.001 -0.000
7 OCX(25) -0.000 -0.000 -0.000 0.000 -0.000
8 CX(26) 0.000 0.000 0.000 0.000 -0.000
9 CH2X(27) 0.000 0.000 0.000 0.001 -0.000
10 CHX(28) -0.000 -0.000 -0.000 0.000 -0.000
11 CH4X(48) -0.000 -0.000 -0.001 -0.000 -0.000
12 H2X(49) 0.000 0.000 0.000 -0.000 0.000
13 C2H6X(52) -0.000 -0.000 -0.000 -0.000 -0.000
14 CH4OX(60) -0.000 -0.000 -0.000 0.000 -0.000
15 C2H4X(205) -0.000 -0.000 -0.000 -0.000 -0.000
Finished thermo sensitivity simulation for a C/O ratio of 1.0
Starting thermo sensitivity simulation for a C/O ratio of 1.8
0 X(1) -0.000 -0.001 -0.001 -0.005 -0.001
1 HX(19) 0.000 0.000 0.001 0.001 0.000
2 OX(20) 0.001 0.001 0.002 0.003 0.001
3 CH3X(21) -0.000 -0.000 -0.000 -0.000 -0.000
4 HOX(22) 0.000 0.000 0.000 0.000 0.000
5 H2OX(23) -0.000 -0.000 -0.000 0.001 -0.000
6 CO2X(24) -0.000 -0.000 -0.000 -0.001 -0.000
7 OCX(25) -0.000 -0.000 -0.000 -0.000 -0.000
8 CX(26) -0.000 -0.000 -0.000 0.001 -0.000
9 CH2X(27) -0.000 -0.000 -0.000 0.001 -0.000
10 CHX(28) -0.000 -0.000 -0.000 0.000 -0.000
11 CH4X(48) -0.000 -0.001 -0.001 -0.000 -0.001
12 H2X(49) -0.000 -0.000 -0.000 -0.000 -0.000
13 C2H6X(52) -0.000 -0.000 -0.000 -0.000 -0.000
14 CH4OX(60) -0.000 -0.000 -0.000 -0.000 -0.000
15 C2H4X(205) -0.000 -0.000 -0.000 -0.000 -0.000
Finished thermo sensitivity simulation for a C/O ratio of 1.8
Starting thermo sensitivity simulation for a C/O ratio of 2.2
0 X(1) -0.001 -0.001 -0.002 -0.005 -0.001
1 HX(19) 0.000 0.000 0.001 0.001 0.000
2 OX(20) 0.001 0.001 0.002 0.004 0.001
3 CH3X(21) 0.000 0.000 0.000 0.000 0.000
4 HOX(22) 0.000 0.000 0.000 0.000 0.000
5 H2OX(23) -0.000 -0.000 -0.000 0.001 -0.000
6 CO2X(24) -0.000 -0.000 -0.000 -0.001 0.000
7 OCX(25) 0.000 0.000 0.000 0.000 0.000
8 CX(26) 0.000 0.000 0.000 0.001 0.000
9 CH2X(27) 0.000 0.000 0.000 0.000 0.000
10 CHX(28) 0.000 0.000 0.000 0.000 0.000
11 CH4X(48) -0.000 -0.001 -0.001 -0.000 -0.001
12 H2X(49) 0.000 0.000 0.000 0.000 0.000
13 C2H6X(52) 0.000 0.000 0.000 -0.000 0.000
14 CH4OX(60) 0.000 0.000 0.000 -0.000 0.000
15 C2H4X(205) 0.000 0.000 0.000 -0.000 0.000
Finished thermo sensitivity simulation for a C/O ratio of 2.2
Starting thermo sensitivity simulation for a C/O ratio of 0.8
0 X(1) -0.000 -0.001 -0.001 -0.003 -0.001
1 HX(19) -0.000 0.000 0.000 0.000 0.000
2 OX(20) 0.000 0.001 0.001 0.002 0.001
3 CH3X(21) 0.000 0.000 0.000 0.000 0.000
4 HOX(22) 0.000 0.000 0.000 0.000 0.000
5 H2OX(23) -0.000 -0.000 -0.000 0.001 -0.000
6 CO2X(24) -0.000 -0.000 -0.000 -0.001 0.000
7 OCX(25) -0.000 -0.000 -0.000 -0.000 -0.000
8 CX(26) 0.000 0.000 0.000 0.000 -0.000
9 CH2X(27) 0.000 0.000 0.000 0.001 -0.000
10 CHX(28) -0.000 -0.000 -0.000 0.000 -0.000
11 CH4X(48) -0.000 -0.000 -0.001 -0.000 -0.000
12 H2X(49) 0.000 0.000 0.000 0.000 0.000
13 C2H6X(52) -0.000 -0.000 -0.000 0.000 -0.000
14 CH4OX(60) -0.000 -0.000 -0.000 0.000 -0.000
15 C2H4X(205) 0.000 0.000 0.000 0.000 0.000
Finished thermo sensitivity simulation for a C/O ratio of 0.8
Starting thermo sensitivity simulation for a C/O ratio of 1.1
0 X(1) -0.000 -0.001 -0.001 -0.004 -0.001
1 HX(19) 0.000 0.000 0.000 0.001 0.000
2 OX(20) 0.000 0.001 0.001 0.003 0.001
3 CH3X(21) -0.000 -0.000 -0.000 0.000 -0.000
4 HOX(22) 0.000 0.000 0.000 0.000 0.000
5 H2OX(23) -0.000 -0.000 -0.000 0.001 -0.000
6 CO2X(24) -0.000 -0.000 -0.000 -0.001 -0.000
7 OCX(25) -0.000 -0.000 -0.000 -0.000 -0.000
8 CX(26) 0.000 0.000 0.000 0.001 -0.000
9 CH2X(27) 0.000 0.000 0.000 0.001 -0.000
10 CHX(28) -0.000 -0.000 -0.000 0.000 -0.000
11 CH4X(48) -0.000 -0.000 -0.001 -0.000 -0.000
12 H2X(49) -0.000 -0.000 -0.000 0.000 -0.000
13 C2H6X(52) -0.000 -0.000 -0.000 -0.000 -0.000
14 CH4OX(60) -0.000 -0.000 -0.000 0.000 -0.000
15 C2H4X(205) -0.000 -0.000 -0.000 0.000 -0.000
Finished thermo sensitivity simulation for a C/O ratio of 1.1
Starting thermo sensitivity simulation for a C/O ratio of 1.6
0 X(1) -0.000 -0.001 -0.001 -0.005 -0.001
1 HX(19) 0.000 0.000 0.001 0.001 0.000
2 OX(20) 0.001 0.001 0.002 0.003 0.001
3 CH3X(21) -0.000 -0.000 -0.000 -0.000 -0.000
4 HOX(22) 0.000 0.000 0.000 0.000 0.000
5 H2OX(23) -0.000 -0.000 -0.000 0.001 -0.000
6 CO2X(24) -0.000 -0.000 -0.000 -0.001 -0.000
7 OCX(25) -0.000 -0.000 -0.000 -0.000 -0.000
8 CX(26) 0.000 0.000 0.000 0.001 0.000
9 CH2X(27) 0.000 0.000 0.000 0.001 -0.000
10 CHX(28) -0.000 -0.000 -0.000 0.000 -0.000
11 CH4X(48) -0.000 -0.001 -0.001 -0.000 -0.000
12 H2X(49) -0.000 -0.000 -0.000 0.000 -0.000
13 C2H6X(52) -0.000 -0.000 -0.000 0.000 -0.000
14 CH4OX(60) -0.000 -0.000 -0.000 0.000 -0.000
15 C2H4X(205) -0.000 0.000 0.000 0.000 -0.000
Finished thermo sensitivity simulation for a C/O ratio of 1.6
Starting thermo sensitivity simulation for a C/O ratio of 2.0
0 X(1) -0.000 -0.001 -0.002 -0.005 -0.001
1 HX(19) 0.000 0.000 0.001 0.001 0.000
2 OX(20) 0.001 0.001 0.002 0.004 0.001
3 CH3X(21) -0.000 -0.000 -0.000 0.000 -0.000
4 HOX(22) 0.000 0.000 0.000 0.000 0.000
5 H2OX(23) -0.000 -0.000 -0.000 0.001 -0.000
6 CO2X(24) -0.000 -0.000 -0.000 -0.001 -0.000
7 OCX(25) -0.000 -0.000 -0.000 0.000 -0.000
8 CX(26) -0.000 -0.000 -0.000 0.001 -0.000
9 CH2X(27) -0.000 -0.000 -0.000 0.001 -0.000
10 CHX(28) -0.000 -0.000 -0.000 0.000 -0.000
11 CH4X(48) -0.000 -0.001 -0.001 -0.000 -0.001
12 H2X(49) -0.000 -0.000 -0.000 0.000 -0.000
13 C2H6X(52) -0.000 -0.000 -0.000 0.000 -0.000
14 CH4OX(60) -0.000 -0.000 -0.000 0.000 -0.000
15 C2H4X(205) -0.000 -0.000 -0.000 0.000 -0.000
Finished thermo sensitivity simulation for a C/O ratio of 2.0
Starting sensitivity simulation for a C/O ratio of 2.2
0 CH4(2) + X(1) <=> CH4X(48) 0.000 0.000 0.000 -0.000 0.000
1 O2(3) + 2 X(1) <=> 2 OX(20) 0.000 0.000 0.000 -0.000 0.000
2 H2(6) + 2 X(1) <=> 2 HX(19) 0.000 0.000 0.000 -0.000 0.000
3 H(12) + X(1) <=> HX(19) 0.000 0.000 0.000 -0.000 0.000
4 CH4(2) + 2 X(1) <=> CH3X(21) + HX(19) -0.606 -1.033 -1.645 0.540 -1.006
5 C2H6(8) + 2 X(1) <=> 2 CH3X(21) -0.203 -0.210 -0.413 0.037 -0.201
6 CH3(10) + X(1) <=> CH3X(21) 0.008 -0.028 -0.020 0.117 -0.029
7 H2(6) + X(1) <=> H2X(49) 0.000 0.000 0.000 0.000 0.000
8 CH4(2) + OX(20) + X(1) <=> CH3X(21) + HOX(22) -0.278 -0.503 -0.782 -0.258 -0.487
9 HX(19) + OX(20) <=> HOX(22) + X(1) -0.152 -0.327 -0.479 -1.269 -0.311
10 H2O(5) + 2 X(1) <=> HOX(22) + HX(19) -0.002 -0.004 -0.005 -0.028 -0.004
11 CH3OH(14) + 2 X(1) <=> CH3X(21) + HOX(22) 0.011 0.009 0.020 0.005 0.012
12 OH(17) + X(1) <=> HOX(22) -0.003 -0.005 -0.008 -0.004 -0.005
13 CH4(2) + HOX(22) + X(1) <=> CH3X(21) + H2OX(23) -0.070 -0.125 -0.195 -0.144 -0.121
14 H2O(5) + X(1) <=> H2OX(23) 0.000 0.000 0.000 -0.000 0.000
15 H2OX(23) + OX(20) <=> 2 HOX(22) 0.028 0.056 0.084 -0.425 0.055
16 HOX(22) + HX(19) <=> H2OX(23) + X(1) 0.000 0.000 0.000 -0.000 0.000
17 C2H6(8) + X(1) <=> C2H6X(52) 0.000 0.000 0.000 -0.000 0.000
18 CH3OH(14) + X(1) <=> CH4OX(60) -0.000 -0.000 -0.000 -0.000 -0.000
19 C2H4(47) + X(1) <=> C2H4X(205) 0.000 0.000 0.000 -0.000 0.000
20 CO2(4) + X(1) <=> CO2X(24) 0.000 0.000 0.000 0.000 0.000
21 CO(7) + X(1) <=> OCX(25) 0.000 0.000 0.000 -0.000 0.000
22 CX(26) + OX(20) <=> OCX(25) + X(1) -0.002 -0.002 -0.003 -0.650 0.001
23 OCX(25) + OX(20) <=> CO2X(24) + X(1) 0.000 0.000 0.000 -0.000 0.000
24 CO2X(24) + HX(19) <=> HOX(22) + OCX(25) 0.004 0.004 0.007 0.990 0.000
25 CH2X(27) + HX(19) <=> CH3X(21) + X(1) -0.001 -0.001 -0.002 -0.340 0.000
26 CHX(28) + HX(19) <=> CH2X(27) + X(1) 0.000 0.000 0.000 -0.000 0.000
27 CHX(28) + X(1) <=> CX(26) + HX(19) 0.000 0.000 0.000 0.000 0.000
28 CX(26) + H2(6) <=> CH2X(27) 0.000 0.000 0.000 0.000 0.000
Finished sensitivity simulation for a C/O ratio of 2.2
Finished translating for C/O ratio of 2.2
Starting sensitivity simulation for a C/O ratio of 0.9
0 CH4(2) + X(1) <=> CH4X(48) -0.000 -0.000 -0.000 0.000 -0.000
1 O2(3) + 2 X(1) <=> 2 OX(20) -0.000 -0.000 -0.000 0.000 -0.000
2 H2(6) + 2 X(1) <=> 2 HX(19) 0.000 0.000 0.000 0.000 0.000
3 H(12) + X(1) <=> HX(19) 0.000 0.000 0.000 0.000 0.000
4 CH4(2) + 2 X(1) <=> CH3X(21) + HX(19) -0.831 -1.367 -2.210 0.228 -1.387
5 C2H6(8) + 2 X(1) <=> 2 CH3X(21) -0.230 -0.232 -0.463 0.012 -0.233
6 CH3(10) + X(1) <=> CH3X(21) 0.054 0.026 0.080 0.139 0.023
7 H2(6) + X(1) <=> H2X(49) -0.000 -0.000 -0.000 0.000 -0.000
8 CH4(2) + OX(20) + X(1) <=> CH3X(21) + HOX(22) -0.305 -0.541 -0.847 -0.153 -0.543
9 HX(19) + OX(20) <=> HOX(22) + X(1) -0.005 -0.110 -0.115 -0.662 -0.096
10 H2O(5) + 2 X(1) <=> HOX(22) + HX(19) 0.000 -0.001 -0.000 -0.015 -0.000
11 CH3OH(14) + 2 X(1) <=> CH3X(21) + HOX(22) 0.008 0.007 0.015 0.002 0.009
12 OH(17) + X(1) <=> HOX(22) -0.006 -0.008 -0.014 -0.004 -0.008
13 CH4(2) + HOX(22) + X(1) <=> CH3X(21) + H2OX(23) -0.056 -0.098 -0.154 -0.082 -0.097
14 H2O(5) + X(1) <=> H2OX(23) -0.000 -0.000 -0.000 0.000 -0.000
15 H2OX(23) + OX(20) <=> 2 HOX(22) 0.016 0.037 0.053 -0.457 0.046
16 HOX(22) + HX(19) <=> H2OX(23) + X(1) -0.000 -0.000 -0.000 0.000 -0.000
17 C2H6(8) + X(1) <=> C2H6X(52) -0.000 -0.000 -0.000 0.000 -0.000
18 CH3OH(14) + X(1) <=> CH4OX(60) -0.000 -0.000 -0.000 0.000 -0.000
19 C2H4(47) + X(1) <=> C2H4X(205) -0.000 -0.000 -0.000 0.000 -0.000
20 CO2(4) + X(1) <=> CO2X(24) -0.000 -0.000 -0.000 0.000 -0.000
21 CO(7) + X(1) <=> OCX(25) -0.000 -0.000 -0.000 -0.000 -0.000
22 CX(26) + OX(20) <=> OCX(25) + X(1) -0.006 -0.005 -0.011 -0.286 0.000
23 OCX(25) + OX(20) <=> CO2X(24) + X(1) 0.000 0.000 0.000 0.000 0.000
24 CO2X(24) + HX(19) <=> HOX(22) + OCX(25) 0.020 0.020 0.041 0.990 0.000
25 CH2X(27) + HX(19) <=> CH3X(21) + X(1) -0.014 -0.014 -0.028 -0.705 0.000
26 CHX(28) + HX(19) <=> CH2X(27) + X(1) -0.000 -0.000 -0.000 -0.000 -0.000
27 CHX(28) + X(1) <=> CX(26) + HX(19) 0.000 0.000 0.000 0.000 0.000
28 CX(26) + H2(6) <=> CH2X(27) -0.000 -0.000 -0.000 0.000 -0.000
Finished sensitivity simulation for a C/O ratio of 0.9
Finished translating for C/O ratio of 0.9
Starting sensitivity simulation for a C/O ratio of 0.7
0 CH4(2) + X(1) <=> CH4X(48) 0.000 0.000 0.000 -0.000 0.000
1 O2(3) + 2 X(1) <=> 2 OX(20) 0.000 0.000 0.000 -0.000 0.000
2 H2(6) + 2 X(1) <=> 2 HX(19) 0.000 0.000 0.000 -0.000 0.000
3 H(12) + X(1) <=> HX(19) 0.000 0.000 0.000 -0.000 0.000
4 CH4(2) + 2 X(1) <=> CH3X(21) + HX(19) -0.880 -1.444 -2.337 0.079 -1.485
5 C2H6(8) + 2 X(1) <=> 2 CH3X(21) -0.232 -0.233 -0.466 0.009 -0.239
6 CH3(10) + X(1) <=> CH3X(21) 0.067 0.042 0.109 0.141 0.038
7 H2(6) + X(1) <=> H2X(49) 0.000 0.000 0.000 -0.000 0.000
8 CH4(2) + OX(20) + X(1) <=> CH3X(21) + HOX(22) -0.303 -0.543 -0.848 -0.136 -0.552
9 HX(19) + OX(20) <=> HOX(22) + X(1) 0.046 -0.043 0.003 -0.465 -0.027
10 H2O(5) + 2 X(1) <=> HOX(22) + HX(19) 0.001 -0.000 0.001 -0.011 0.000
11 CH3OH(14) + 2 X(1) <=> CH3X(21) + HOX(22) 0.007 0.006 0.013 0.001 0.008
12 OH(17) + X(1) <=> HOX(22) -0.007 -0.009 -0.016 -0.004 -0.010
13 CH4(2) + HOX(22) + X(1) <=> CH3X(21) + H2OX(23) -0.051 -0.089 -0.140 -0.070 -0.089
14 H2O(5) + X(1) <=> H2OX(23) 0.000 0.000 0.000 -0.000 0.000
15 H2OX(23) + OX(20) <=> 2 HOX(22) 0.009 0.028 0.037 -0.462 0.044
16 HOX(22) + HX(19) <=> H2OX(23) + X(1) 0.000 0.000 0.000 -0.000 0.000
17 C2H6(8) + X(1) <=> C2H6X(52) 0.000 0.000 0.000 -0.000 0.000
18 CH3OH(14) + X(1) <=> CH4OX(60) 0.000 0.000 0.000 -0.000 0.000
19 C2H4(47) + X(1) <=> C2H4X(205) 0.000 0.000 0.000 -0.000 0.000
20 CO2(4) + X(1) <=> CO2X(24) 0.000 0.000 0.000 -0.000 0.000
21 CO(7) + X(1) <=> OCX(25) 0.000 0.000 0.000 -0.000 0.000
22 CX(26) + OX(20) <=> OCX(25) + X(1) -0.006 -0.006 -0.012 -0.192 0.000
23 OCX(25) + OX(20) <=> CO2X(24) + X(1) 0.000 0.000 0.000 0.000 0.000
24 CO2X(24) + HX(19) <=> HOX(22) + OCX(25) 0.033 0.033 0.066 0.990 0.000
25 CH2X(27) + HX(19) <=> CH3X(21) + X(1) -0.026 -0.026 -0.052 -0.801 0.000
26 CHX(28) + HX(19) <=> CH2X(27) + X(1) 0.000 0.000 0.000 -0.000 0.000
27 CHX(28) + X(1) <=> CX(26) + HX(19) 0.000 0.000 0.000 0.000 0.000
28 CX(26) + H2(6) <=> CH2X(27) 0.000 0.000 0.000 -0.000 0.000
Finished sensitivity simulation for a C/O ratio of 0.7
Finished translating for C/O ratio of 0.7
Starting sensitivity simulation for a C/O ratio of 1.0
0 CH4(2) + X(1) <=> CH4X(48) -0.000 -0.000 -0.000 0.000 -0.000
1 O2(3) + 2 X(1) <=> 2 OX(20) -0.000 -0.000 -0.000 -0.000 -0.000
2 H2(6) + 2 X(1) <=> 2 HX(19) 0.000 0.000 0.000 0.000 0.000
3 H(12) + X(1) <=> HX(19) 0.000 0.000 0.000 -0.000 0.000
4 CH4(2) + 2 X(1) <=> CH3X(21) + HX(19) -0.808 -1.332 -2.151 0.290 -1.344
5 C2H6(8) + 2 X(1) <=> 2 CH3X(21) -0.228 -0.230 -0.459 0.014 -0.230
6 CH3(10) + X(1) <=> CH3X(21) 0.048 0.019 0.067 0.138 0.016
7 H2(6) + X(1) <=> H2X(49) 0.000 0.000 0.000 -0.000 0.000
8 CH4(2) + OX(20) + X(1) <=> CH3X(21) + HOX(22) -0.304 -0.538 -0.844 -0.163 -0.538
9 HX(19) + OX(20) <=> HOX(22) + X(1) -0.025 -0.137 -0.162 -0.751 -0.124
10 H2O(5) + 2 X(1) <=> HOX(22) + HX(19) 0.000 -0.001 -0.001 -0.016 -0.001
11 CH3OH(14) + 2 X(1) <=> CH3X(21) + HOX(22) 0.008 0.007 0.015 0.002 0.009
12 OH(17) + X(1) <=> HOX(22) -0.005 -0.007 -0.013 -0.004 -0.008
13 CH4(2) + HOX(22) + X(1) <=> CH3X(21) + H2OX(23) -0.058 -0.101 -0.159 -0.087 -0.100
14 H2O(5) + X(1) <=> H2OX(23) -0.000 -0.000 -0.000 -0.000 -0.000
15 H2OX(23) + OX(20) <=> 2 HOX(22) 0.018 0.040 0.059 -0.454 0.047
16 HOX(22) + HX(19) <=> H2OX(23) + X(1) -0.000 -0.000 -0.000 -0.000 -0.000
17 C2H6(8) + X(1) <=> C2H6X(52) -0.000 -0.000 -0.000 -0.000 -0.000
18 CH3OH(14) + X(1) <=> CH4OX(60) -0.000 -0.000 -0.000 0.000 -0.000
19 C2H4(47) + X(1) <=> C2H4X(205) -0.000 -0.000 -0.000 -0.000 -0.000
20 CO2(4) + X(1) <=> CO2X(24) -0.000 -0.000 -0.000 0.000 -0.000
21 CO(7) + X(1) <=> OCX(25) -0.000 -0.000 -0.000 -0.000 -0.000
22 CX(26) + OX(20) <=> OCX(25) + X(1) -0.005 -0.005 -0.010 -0.330 0.000
23 OCX(25) + OX(20) <=> CO2X(24) + X(1) -0.000 -0.000 -0.000 -0.000 -0.000
24 CO2X(24) + HX(19) <=> HOX(22) + OCX(25) 0.017 0.017 0.033 0.990 -0.000
25 CH2X(27) + HX(19) <=> CH3X(21) + X(1) -0.011 -0.010 -0.021 -0.660 0.000
26 CHX(28) + HX(19) <=> CH2X(27) + X(1) -0.000 -0.000 -0.000 -0.000 -0.000
27 CHX(28) + X(1) <=> CX(26) + HX(19) -0.000 -0.000 -0.000 0.000 -0.000
28 CX(26) + H2(6) <=> CH2X(27) -0.000 -0.000 -0.000 -0.000 -0.000
Finished sensitivity simulation for a C/O ratio of 1.0
Finished translating for C/O ratio of 1.0
Starting sensitivity simulation for a C/O ratio of 0.8
0 CH4(2) + X(1) <=> CH4X(48) -0.000 -0.000 -0.000 -0.000 -0.000
1 O2(3) + 2 X(1) <=> 2 OX(20) 0.000 0.000 0.000 -0.000 0.000
2 H2(6) + 2 X(1) <=> 2 HX(19) 0.000 0.000 0.000 0.000 0.000
3 H(12) + X(1) <=> HX(19) 0.000 0.000 0.000 0.000 0.000
4 CH4(2) + 2 X(1) <=> CH3X(21) + HX(19) -0.856 -1.405 -2.273 0.158 -1.434
5 C2H6(8) + 2 X(1) <=> 2 CH3X(21) -0.232 -0.233 -0.465 0.010 -0.236
6 CH3(10) + X(1) <=> CH3X(21) 0.060 0.034 0.094 0.140 0.030
7 H2(6) + X(1) <=> H2X(49) -0.000 -0.000 -0.000 0.000 -0.000
8 CH4(2) + OX(20) + X(1) <=> CH3X(21) + HOX(22) -0.305 -0.543 -0.849 -0.144 -0.548
9 HX(19) + OX(20) <=> HOX(22) + X(1) 0.018 -0.079 -0.061 -0.567 -0.064
10 H2O(5) + 2 X(1) <=> HOX(22) + HX(19) 0.000 -0.000 0.000 -0.013 0.000
11 CH3OH(14) + 2 X(1) <=> CH3X(21) + HOX(22) 0.007 0.007 0.014 0.001 0.008
12 OH(17) + X(1) <=> HOX(22) -0.006 -0.009 -0.015 -0.004 -0.009
13 CH4(2) + HOX(22) + X(1) <=> CH3X(21) + H2OX(23) -0.053 -0.094 -0.147 -0.076 -0.094
14 H2O(5) + X(1) <=> H2OX(23) 0.000 0.000 0.000 -0.000 0.000
15 H2OX(23) + OX(20) <=> 2 HOX(22) 0.013 0.033 0.046 -0.459 0.045
16 HOX(22) + HX(19) <=> H2OX(23) + X(1) 0.000 0.000 0.000 -0.000 0.000
17 C2H6(8) + X(1) <=> C2H6X(52) -0.000 -0.000 -0.000 0.000 -0.000
18 CH3OH(14) + X(1) <=> CH4OX(60) -0.000 -0.000 -0.000 -0.000 -0.000
19 C2H4(47) + X(1) <=> C2H4X(205) -0.000 -0.000 -0.000 0.000 -0.000
20 CO2(4) + X(1) <=> CO2X(24) 0.000 0.000 0.000 -0.000 0.000
21 CO(7) + X(1) <=> OCX(25) -0.000 -0.000 -0.000 -0.000 -0.000
22 CX(26) + OX(20) <=> OCX(25) + X(1) -0.006 -0.006 -0.012 -0.239 0.000
23 OCX(25) + OX(20) <=> CO2X(24) + X(1) -0.000 -0.000 -0.000 0.000 -0.000
24 CO2X(24) + HX(19) <=> HOX(22) + OCX(25) 0.026 0.026 0.051 0.990 -0.000
25 CH2X(27) + HX(19) <=> CH3X(21) + X(1) -0.019 -0.019 -0.037 -0.752 0.000
26 CHX(28) + HX(19) <=> CH2X(27) + X(1) -0.000 -0.000 -0.000 -0.000 0.000
27 CHX(28) + X(1) <=> CX(26) + HX(19) 0.000 0.000 0.000 0.000 0.000
28 CX(26) + H2(6) <=> CH2X(27) -0.000 -0.000 -0.000 0.000 -0.000
Finished sensitivity simulation for a C/O ratio of 0.8
Finished translating for C/O ratio of 0.8
Starting sensitivity simulation for a C/O ratio of 1.4
0 CH4(2) + X(1) <=> CH4X(48) 0.000 0.000 0.000 0.000 0.000
1 O2(3) + 2 X(1) <=> 2 OX(20) 0.000 0.000 0.000 -0.000 0.000
2 H2(6) + 2 X(1) <=> 2 HX(19) 0.000 0.000 0.000 0.000 0.000
3 H(12) + X(1) <=> HX(19) 0.000 0.000 0.000 0.000 0.000
4 CH4(2) + 2 X(1) <=> CH3X(21) + HX(19) -0.726 -1.209 -1.944 0.452 -1.202
5 C2H6(8) + 2 X(1) <=> 2 CH3X(21) -0.220 -0.223 -0.443 0.021 -0.219
6 CH3(10) + X(1) <=> CH3X(21) 0.030 -0.003 0.028 0.133 -0.005
7 H2(6) + X(1) <=> H2X(49) 0.000 0.000 0.000 0.000 0.000
8 CH4(2) + OX(20) + X(1) <=> CH3X(21) + HOX(22) -0.296 -0.526 -0.824 -0.200 -0.519
9 HX(19) + OX(20) <=> HOX(22) + X(1) -0.083 -0.221 -0.304 -1.019 -0.208
10 H2O(5) + 2 X(1) <=> HOX(22) + HX(19) -0.001 -0.002 -0.003 -0.021 -0.002
11 CH3OH(14) + 2 X(1) <=> CH3X(21) + HOX(22) 0.009 0.008 0.017 0.003 0.010
12 OH(17) + X(1) <=> HOX(22) -0.004 -0.006 -0.010 -0.004 -0.006
13 CH4(2) + HOX(22) + X(1) <=> CH3X(21) + H2OX(23) -0.064 -0.112 -0.176 -0.109 -0.110
14 H2O(5) + X(1) <=> H2OX(23) 0.000 0.000 0.000 0.000 0.000
15 H2OX(23) + OX(20) <=> 2 HOX(22) 0.024 0.048 0.072 -0.443 0.051
16 HOX(22) + HX(19) <=> H2OX(23) + X(1) 0.000 0.000 0.000 0.000 0.000
17 C2H6(8) + X(1) <=> C2H6X(52) 0.000 0.000 0.000 0.000 0.000
18 CH3OH(14) + X(1) <=> CH4OX(60) 0.000 0.000 0.000 0.000 0.000
19 C2H4(47) + X(1) <=> C2H4X(205) 0.000 0.000 0.000 0.000 0.000
20 CO2(4) + X(1) <=> CO2X(24) 0.000 0.000 0.000 0.000 0.000
21 CO(7) + X(1) <=> OCX(25) 0.000 0.000 0.000 -0.000 0.000
22 CX(26) + OX(20) <=> OCX(25) + X(1) -0.004 -0.003 -0.007 -0.477 0.000
23 OCX(25) + OX(20) <=> CO2X(24) + X(1) 0.000 0.000 0.000 0.000 0.000
24 CO2X(24) + HX(19) <=> HOX(22) + OCX(25) 0.008 0.008 0.017 0.990 0.000
25 CH2X(27) + HX(19) <=> CH3X(21) + X(1) -0.004 -0.004 -0.008 -0.512 0.000
26 CHX(28) + HX(19) <=> CH2X(27) + X(1) 0.000 0.000 0.000 -0.000 0.000
27 CHX(28) + X(1) <=> CX(26) + HX(19) 0.000 0.000 0.000 0.000 0.000
28 CX(26) + H2(6) <=> CH2X(27) 0.000 0.000 0.000 0.000 0.000
Finished sensitivity simulation for a C/O ratio of 1.4
Finished translating for C/O ratio of 1.4
Starting sensitivity simulation for a C/O ratio of 2.0
0 CH4(2) + X(1) <=> CH4X(48) -0.000 -0.000 -0.000 0.000 -0.000
1 O2(3) + 2 X(1) <=> 2 OX(20) -0.000 -0.000 -0.000 -0.000 -0.000
2 H2(6) + 2 X(1) <=> 2 HX(19) 0.000 0.000 0.000 0.000 0.000
3 H(12) + X(1) <=> HX(19) 0.000 0.000 0.000 0.000 0.000
4 CH4(2) + 2 X(1) <=> CH3X(21) + HX(19) -0.632 -1.070 -1.709 0.534 -1.047
5 C2H6(8) + 2 X(1) <=> 2 CH3X(21) -0.207 -0.213 -0.420 0.033 -0.205
6 CH3(10) + X(1) <=> CH3X(21) 0.013 -0.023 -0.011 0.121 -0.025
7 H2(6) + X(1) <=> H2X(49) -0.000 -0.000 -0.000 0.000 -0.000
8 CH4(2) + OX(20) + X(1) <=> CH3X(21) + HOX(22) -0.282 -0.508 -0.792 -0.246 -0.494
9 HX(19) + OX(20) <=> HOX(22) + X(1) -0.138 -0.305 -0.444 -1.230 -0.290
10 H2O(5) + 2 X(1) <=> HOX(22) + HX(19) -0.001 -0.003 -0.005 -0.027 -0.003
11 CH3OH(14) + 2 X(1) <=> CH3X(21) + HOX(22) 0.010 0.009 0.019 0.005 0.011
12 OH(17) + X(1) <=> HOX(22) -0.003 -0.005 -0.009 -0.004 -0.005
13 CH4(2) + HOX(22) + X(1) <=> CH3X(21) + H2OX(23) -0.069 -0.122 -0.191 -0.136 -0.119
14 H2O(5) + X(1) <=> H2OX(23) -0.000 -0.000 -0.000 -0.000 -0.000
15 H2OX(23) + OX(20) <=> 2 HOX(22) 0.027 0.055 0.082 -0.429 0.054
16 HOX(22) + HX(19) <=> H2OX(23) + X(1) -0.000 -0.000 -0.000 -0.000 -0.000
17 C2H6(8) + X(1) <=> C2H6X(52) -0.000 -0.000 -0.000 0.000 -0.000
18 CH3OH(14) + X(1) <=> CH4OX(60) -0.000 -0.000 -0.000 0.000 -0.000
19 C2H4(47) + X(1) <=> C2H4X(205) -0.000 -0.000 -0.000 0.000 -0.000
20 CO2(4) + X(1) <=> CO2X(24) -0.000 -0.000 -0.000 0.000 -0.000
21 CO(7) + X(1) <=> OCX(25) -0.000 -0.000 -0.000 -0.000 -0.000
22 CX(26) + OX(20) <=> OCX(25) + X(1) -0.002 -0.002 -0.004 -0.618 0.001
23 OCX(25) + OX(20) <=> CO2X(24) + X(1) -0.000 -0.000 -0.000 0.000 -0.000
24 CO2X(24) + HX(19) <=> HOX(22) + OCX(25) 0.004 0.004 0.008 0.990 -0.000
25 CH2X(27) + HX(19) <=> CH3X(21) + X(1) -0.001 -0.001 -0.003 -0.372 0.000
26 CHX(28) + HX(19) <=> CH2X(27) + X(1) -0.000 -0.000 -0.000 -0.000 -0.000
27 CHX(28) + X(1) <=> CX(26) + HX(19) -0.000 -0.000 -0.000 0.000 -0.000
28 CX(26) + H2(6) <=> CH2X(27) -0.000 -0.000 -0.000 0.000 -0.000
Finished sensitivity simulation for a C/O ratio of 2.0
Finished translating for C/O ratio of 2.0
Starting sensitivity simulation for a C/O ratio of 0.6
0 CH4(2) + X(1) <=> CH4X(48) -0.000 -0.000 -0.000 -0.000 -0.000
1 O2(3) + 2 X(1) <=> 2 OX(20) -0.000 -0.000 -0.000 -0.000 -0.000
2 H2(6) + 2 X(1) <=> 2 HX(19) 0.000 0.000 0.000 -0.000 0.000
3 H(12) + X(1) <=> HX(19) 0.000 0.000 0.000 -0.000 0.000
4 CH4(2) + 2 X(1) <=> CH3X(21) + HX(19) -0.904 -1.484 -2.401 -0.005 -1.543
5 C2H6(8) + 2 X(1) <=> 2 CH3X(21) -0.232 -0.233 -0.465 0.007 -0.241
6 CH3(10) + X(1) <=> CH3X(21) 0.075 0.052 0.127 0.143 0.047
7 H2(6) + X(1) <=> H2X(49) -0.000 -0.000 -0.000 -0.000 -0.000
8 CH4(2) + OX(20) + X(1) <=> CH3X(21) + HOX(22) -0.299 -0.541 -0.841 -0.129 -0.556
9 HX(19) + OX(20) <=> HOX(22) + X(1) 0.079 -0.001 0.078 -0.361 0.017
10 H2O(5) + 2 X(1) <=> HOX(22) + HX(19) 0.001 0.000 0.001 -0.010 0.001
11 CH3OH(14) + 2 X(1) <=> CH3X(21) + HOX(22) 0.006 0.006 0.012 0.001 0.008
12 OH(17) + X(1) <=> HOX(22) -0.008 -0.011 -0.018 -0.004 -0.011
13 CH4(2) + HOX(22) + X(1) <=> CH3X(21) + H2OX(23) -0.047 -0.084 -0.131 -0.065 -0.084
14 H2O(5) + X(1) <=> H2OX(23) 0.000 0.000 0.000 -0.000 0.000
15 H2OX(23) + OX(20) <=> 2 HOX(22) 0.003 0.021 0.024 -0.464 0.043
16 HOX(22) + HX(19) <=> H2OX(23) + X(1) -0.000 -0.000 -0.000 -0.000 -0.000
17 C2H6(8) + X(1) <=> C2H6X(52) -0.000 -0.000 -0.000 0.000 -0.000
18 CH3OH(14) + X(1) <=> CH4OX(60) -0.000 -0.000 -0.000 -0.000 -0.000
19 C2H4(47) + X(1) <=> C2H4X(205) -0.000 0.000 -0.000 -0.000 -0.000
20 CO2(4) + X(1) <=> CO2X(24) -0.000 -0.000 -0.000 -0.000 -0.000
21 CO(7) + X(1) <=> OCX(25) -0.000 -0.000 -0.000 -0.000 -0.000
22 CX(26) + OX(20) <=> OCX(25) + X(1) -0.006 -0.006 -0.012 -0.145 0.000
23 OCX(25) + OX(20) <=> CO2X(24) + X(1) -0.000 -0.000 -0.000 0.000 -0.000
24 CO2X(24) + HX(19) <=> HOX(22) + OCX(25) 0.044 0.044 0.087 0.990 -0.000
25 CH2X(27) + HX(19) <=> CH3X(21) + X(1) -0.037 -0.037 -0.074 -0.849 0.000
26 CHX(28) + HX(19) <=> CH2X(27) + X(1) -0.000 -0.000 -0.000 -0.000 -0.000
27 CHX(28) + X(1) <=> CX(26) + HX(19) -0.000 0.000 -0.000 -0.000 -0.000
28 CX(26) + H2(6) <=> CH2X(27) -0.000 -0.000 -0.000 -0.000 -0.000
Finished sensitivity simulation for a C/O ratio of 0.6
Finished translating for C/O ratio of 0.6
Starting sensitivity simulation for a C/O ratio of 1.2
0 CH4(2) + X(1) <=> CH4X(48) 0.000 0.000 0.000 -0.000 0.000
1 O2(3) + 2 X(1) <=> 2 OX(20) 0.000 0.000 0.000 -0.000 0.000
2 H2(6) + 2 X(1) <=> 2 HX(19) 0.000 0.000 0.000 -0.000 0.000
3 H(12) + X(1) <=> HX(19) 0.000 0.000 0.000 0.000 0.000
4 CH4(2) + 2 X(1) <=> CH3X(21) + HX(19) -0.765 -1.267 -2.041 0.386 -1.267
5 C2H6(8) + 2 X(1) <=> 2 CH3X(21) -0.224 -0.227 -0.452 0.017 -0.225
6 CH3(10) + X(1) <=> CH3X(21) 0.038 0.007 0.046 0.136 0.005
7 H2(6) + X(1) <=> H2X(49) 0.000 0.000 0.000 -0.000 0.000
8 CH4(2) + OX(20) + X(1) <=> CH3X(21) + HOX(22) -0.300 -0.533 -0.834 -0.182 -0.528
9 HX(19) + OX(20) <=> HOX(22) + X(1) -0.057 -0.183 -0.241 -0.901 -0.170
10 H2O(5) + 2 X(1) <=> HOX(22) + HX(19) -0.000 -0.001 -0.002 -0.019 -0.001
11 CH3OH(14) + 2 X(1) <=> CH3X(21) + HOX(22) 0.009 0.008 0.016 0.002 0.010
12 OH(17) + X(1) <=> HOX(22) -0.005 -0.007 -0.011 -0.004 -0.007
13 CH4(2) + HOX(22) + X(1) <=> CH3X(21) + H2OX(23) -0.061 -0.107 -0.168 -0.098 -0.106
14 H2O(5) + X(1) <=> H2OX(23) 0.000 0.000 0.000 -0.000 0.000
15 H2OX(23) + OX(20) <=> 2 HOX(22) 0.022 0.045 0.067 -0.449 0.049
16 HOX(22) + HX(19) <=> H2OX(23) + X(1) 0.000 0.000 0.000 -0.000 0.000
17 C2H6(8) + X(1) <=> C2H6X(52) 0.000 0.000 0.000 0.000 0.000
18 CH3OH(14) + X(1) <=> CH4OX(60) 0.000 0.000 0.000 -0.000 0.000
19 C2H4(47) + X(1) <=> C2H4X(205) 0.000 0.000 0.000 -0.000 0.000
20 CO2(4) + X(1) <=> CO2X(24) 0.000 0.000 0.000 -0.000 0.000
21 CO(7) + X(1) <=> OCX(25) 0.000 0.000 0.000 -0.000 0.000
22 CX(26) + OX(20) <=> OCX(25) + X(1) -0.004 -0.004 -0.009 -0.410 0.000
23 OCX(25) + OX(20) <=> CO2X(24) + X(1) 0.000 0.000 0.000 -0.000 0.000
24 CO2X(24) + HX(19) <=> HOX(22) + OCX(25) 0.012 0.012 0.023 0.990 0.000
25 CH2X(27) + HX(19) <=> CH3X(21) + X(1) -0.006 -0.006 -0.013 -0.580 0.000
26 CHX(28) + HX(19) <=> CH2X(27) + X(1) 0.000 0.000 0.000 -0.000 0.000
27 CHX(28) + X(1) <=> CX(26) + HX(19) 0.000 0.000 0.000 -0.000 0.000
28 CX(26) + H2(6) <=> CH2X(27) 0.000 0.000 0.000 -0.000 0.000
Finished sensitivity simulation for a C/O ratio of 1.2
Finished translating for C/O ratio of 1.2
Starting sensitivity simulation for a C/O ratio of 1.8
0 CH4(2) + X(1) <=> CH4X(48) -0.000 -0.000 -0.000 -0.000 -0.000
1 O2(3) + 2 X(1) <=> 2 OX(20) -0.000 -0.000 -0.000 -0.000 -0.000
2 H2(6) + 2 X(1) <=> 2 HX(19) 0.000 0.000 0.000 -0.000 0.000
3 H(12) + X(1) <=> HX(19) 0.000 0.000 0.000 -0.000 0.000
4 CH4(2) + 2 X(1) <=> CH3X(21) + HX(19) -0.660 -1.112 -1.779 0.520 -1.093
5 C2H6(8) + 2 X(1) <=> 2 CH3X(21) -0.211 -0.216 -0.428 0.029 -0.209
6 CH3(10) + X(1) <=> CH3X(21) 0.018 -0.017 0.000 0.126 -0.019
7 H2(6) + X(1) <=> H2X(49) -0.000 -0.000 -0.000 -0.000 -0.000
8 CH4(2) + OX(20) + X(1) <=> CH3X(21) + HOX(22) -0.287 -0.514 -0.802 -0.233 -0.502
9 HX(19) + OX(20) <=> HOX(22) + X(1) -0.123 -0.280 -0.404 -1.179 -0.267
10 H2O(5) + 2 X(1) <=> HOX(22) + HX(19) -0.001 -0.003 -0.004 -0.025 -0.003
11 CH3OH(14) + 2 X(1) <=> CH3X(21) + HOX(22) 0.010 0.009 0.019 0.004 0.011
12 OH(17) + X(1) <=> HOX(22) -0.004 -0.005 -0.009 -0.004 -0.005
13 CH4(2) + HOX(22) + X(1) <=> CH3X(21) + H2OX(23) -0.067 -0.119 -0.187 -0.128 -0.116
14 H2O(5) + X(1) <=> H2OX(23) -0.000 -0.000 -0.000 -0.000 -0.000
15 H2OX(23) + OX(20) <=> 2 HOX(22) 0.027 0.053 0.079 -0.434 0.053
16 HOX(22) + HX(19) <=> H2OX(23) + X(1) -0.000 -0.000 -0.000 -0.000 -0.000
17 C2H6(8) + X(1) <=> C2H6X(52) -0.000 -0.000 -0.000 -0.000 -0.000
18 CH3OH(14) + X(1) <=> CH4OX(60) -0.000 -0.000 -0.000 -0.000 -0.000
19 C2H4(47) + X(1) <=> C2H4X(205) -0.000 -0.000 -0.000 -0.000 -0.000
20 CO2(4) + X(1) <=> CO2X(24) -0.000 -0.000 -0.000 -0.000 -0.000
21 CO(7) + X(1) <=> OCX(25) -0.000 -0.000 -0.000 -0.000 -0.000
22 CX(26) + OX(20) <=> OCX(25) + X(1) -0.002 -0.002 -0.005 -0.580 0.001
23 OCX(25) + OX(20) <=> CO2X(24) + X(1) -0.000 -0.000 -0.000 -0.000 -0.000
24 CO2X(24) + HX(19) <=> HOX(22) + OCX(25) 0.005 0.005 0.010 0.990 -0.000
25 CH2X(27) + HX(19) <=> CH3X(21) + X(1) -0.002 -0.002 -0.004 -0.410 0.000
26 CHX(28) + HX(19) <=> CH2X(27) + X(1) -0.000 -0.000 -0.000 -0.000 -0.000
27 CHX(28) + X(1) <=> CX(26) + HX(19) -0.000 -0.000 -0.000 -0.000 -0.000
28 CX(26) + H2(6) <=> CH2X(27) -0.000 -0.000 -0.000 -0.000 -0.000
Finished sensitivity simulation for a C/O ratio of 1.8
Finished translating for C/O ratio of 1.8
Starting sensitivity simulation for a C/O ratio of 2.6
0 CH4(2) + X(1) <=> CH4X(48) -0.000 -0.000 -0.000 -0.000 -0.000
1 O2(3) + 2 X(1) <=> 2 OX(20) -0.000 -0.000 -0.000 -0.000 -0.000
2 H2(6) + 2 X(1) <=> 2 HX(19) 0.000 0.000 0.000 -0.000 0.000
3 H(12) + X(1) <=> HX(19) 0.000 0.000 0.000 -0.000 0.000
4 CH4(2) + 2 X(1) <=> CH3X(21) + HX(19) -0.560 -0.967 -1.533 0.535 -0.934
5 C2H6(8) + 2 X(1) <=> 2 CH3X(21) -0.196 -0.204 -0.401 0.045 -0.193
6 CH3(10) + X(1) <=> CH3X(21) 0.001 -0.036 -0.035 0.107 -0.036
7 H2(6) + X(1) <=> H2X(49) -0.000 -0.000 -0.000 0.000 -0.000
8 CH4(2) + OX(20) + X(1) <=> CH3X(21) + HOX(22) -0.269 -0.494 -0.764 -0.279 -0.474
9 HX(19) + OX(20) <=> HOX(22) + X(1) -0.174 -0.364 -0.538 -1.320 -0.345
10 H2O(5) + 2 X(1) <=> HOX(22) + HX(19) -0.002 -0.004 -0.007 -0.030 -0.004
11 CH3OH(14) + 2 X(1) <=> CH3X(21) + HOX(22) 0.011 0.010 0.021 0.006 0.012
12 OH(17) + X(1) <=> HOX(22) -0.003 -0.005 -0.008 -0.005 -0.005
13 CH4(2) + HOX(22) + X(1) <=> CH3X(21) + H2OX(23) -0.071 -0.129 -0.201 -0.159 -0.124
14 H2O(5) + X(1) <=> H2OX(23) -0.000 -0.000 -0.000 0.000 -0.000
15 H2OX(23) + OX(20) <=> 2 HOX(22) 0.029 0.058 0.087 -0.418 0.056
16 HOX(22) + HX(19) <=> H2OX(23) + X(1) -0.000 -0.000 -0.000 -0.000 -0.000
17 C2H6(8) + X(1) <=> C2H6X(52) -0.000 -0.000 -0.000 0.000 -0.000
18 CH3OH(14) + X(1) <=> CH4OX(60) -0.000 -0.000 -0.000 0.000 -0.000
19 C2H4(47) + X(1) <=> C2H4X(205) -0.000 -0.000 -0.000 0.000 -0.000
20 CO2(4) + X(1) <=> CO2X(24) -0.000 -0.000 -0.000 0.000 -0.000
21 CO(7) + X(1) <=> OCX(25) -0.000 -0.000 -0.000 -0.000 -0.000
22 CX(26) + OX(20) <=> OCX(25) + X(1) -0.001 -0.001 -0.003 -0.700 0.001
23 OCX(25) + OX(20) <=> CO2X(24) + X(1) -0.000 -0.000 -0.000 0.000 -0.000
24 CO2X(24) + HX(19) <=> HOX(22) + OCX(25) 0.003 0.003 0.005 0.990 -0.000
25 CH2X(27) + HX(19) <=> CH3X(21) + X(1) -0.001 -0.001 -0.001 -0.291 0.000
26 CHX(28) + HX(19) <=> CH2X(27) + X(1) -0.000 -0.000 -0.000 -0.000 -0.000
27 CHX(28) + X(1) <=> CX(26) + HX(19) -0.000 -0.000 -0.000 0.000 -0.000
28 CX(26) + H2(6) <=> CH2X(27) -0.000 -0.000 -0.000 0.000 -0.000
Finished sensitivity simulation for a C/O ratio of 2.6
Finished translating for C/O ratio of 2.6
Starting sensitivity simulation for a C/O ratio of 1.6
0 CH4(2) + X(1) <=> CH4X(48) 0.000 0.000 0.000 0.000 0.000
1 O2(3) + 2 X(1) <=> 2 OX(20) 0.000 0.000 0.000 -0.000 0.000
2 H2(6) + 2 X(1) <=> 2 HX(19) 0.000 0.000 0.000 0.000 0.000
3 H(12) + X(1) <=> HX(19) 0.000 0.000 0.000 0.000 0.000
4 CH4(2) + 2 X(1) <=> CH3X(21) + HX(19) -0.691 -1.158 -1.857 0.495 -1.144
5 C2H6(8) + 2 X(1) <=> 2 CH3X(21) -0.215 -0.220 -0.435 0.025 -0.214
6 CH3(10) + X(1) <=> CH3X(21) 0.023 -0.011 0.013 0.130 -0.013
7 H2(6) + X(1) <=> H2X(49) -0.000 -0.000 -0.000 0.000 -0.000
8 CH4(2) + OX(20) + X(1) <=> CH3X(21) + HOX(22) -0.291 -0.520 -0.813 -0.217 -0.510
9 HX(19) + OX(20) <=> HOX(22) + X(1) -0.105 -0.253 -0.358 -1.110 -0.240
10 H2O(5) + 2 X(1) <=> HOX(22) + HX(19) -0.001 -0.002 -0.003 -0.024 -0.002
11 CH3OH(14) + 2 X(1) <=> CH3X(21) + HOX(22) 0.010 0.009 0.018 0.004 0.011
12 OH(17) + X(1) <=> HOX(22) -0.004 -0.006 -0.010 -0.004 -0.006
13 CH4(2) + HOX(22) + X(1) <=> CH3X(21) + H2OX(23) -0.066 -0.116 -0.182 -0.119 -0.113
14 H2O(5) + X(1) <=> H2OX(23) 0.000 0.000 0.000 0.000 0.000
15 H2OX(23) + OX(20) <=> 2 HOX(22) 0.025 0.051 0.076 -0.438 0.052
16 HOX(22) + HX(19) <=> H2OX(23) + X(1) 0.000 0.000 0.000 -0.000 0.000
17 C2H6(8) + X(1) <=> C2H6X(52) -0.000 0.000 -0.000 0.000 -0.000
18 CH3OH(14) + X(1) <=> CH4OX(60) 0.000 0.000 0.000 0.000 0.000
19 C2H4(47) + X(1) <=> C2H4X(205) -0.000 -0.000 -0.000 0.000 -0.000
20 CO2(4) + X(1) <=> CO2X(24) -0.000 -0.000 -0.000 0.000 -0.000
21 CO(7) + X(1) <=> OCX(25) -0.000 -0.000 -0.000 -0.000 -0.000
22 CX(26) + OX(20) <=> OCX(25) + X(1) -0.003 -0.003 -0.006 -0.533 0.000
23 OCX(25) + OX(20) <=> CO2X(24) + X(1) -0.000 0.000 -0.000 0.000 -0.000
24 CO2X(24) + HX(19) <=> HOX(22) + OCX(25) 0.007 0.007 0.013 0.990 -0.000
25 CH2X(27) + HX(19) <=> CH3X(21) + X(1) -0.003 -0.003 -0.005 -0.456 0.000
26 CHX(28) + HX(19) <=> CH2X(27) + X(1) -0.000 -0.000 -0.000 -0.000 -0.000
27 CHX(28) + X(1) <=> CX(26) + HX(19) -0.000 -0.000 -0.000 0.000 -0.000
28 CX(26) + H2(6) <=> CH2X(27) -0.000 -0.000 -0.000 0.000 -0.000
Finished sensitivity simulation for a C/O ratio of 1.6
Finished translating for C/O ratio of 1.6
Starting sensitivity simulation for a C/O ratio of 1.1
0 CH4(2) + X(1) <=> CH4X(48) -0.000 -0.000 -0.000 -0.000 -0.000
1 O2(3) + 2 X(1) <=> 2 OX(20) -0.000 -0.000 -0.000 -0.000 -0.000
2 H2(6) + 2 X(1) <=> 2 HX(19) 0.000 0.000 0.000 0.000 0.000
3 H(12) + X(1) <=> HX(19) 0.000 0.000 0.000 0.000 0.000
4 CH4(2) + 2 X(1) <=> CH3X(21) + HX(19) -0.786 -1.298 -2.094 0.342 -1.304
5 C2H6(8) + 2 X(1) <=> 2 CH3X(21) -0.226 -0.229 -0.456 0.015 -0.228
6 CH3(10) + X(1) <=> CH3X(21) 0.043 0.013 0.056 0.137 0.010
7 H2(6) + X(1) <=> H2X(49) -0.000 -0.000 -0.000 -0.000 -0.000
8 CH4(2) + OX(20) + X(1) <=> CH3X(21) + HOX(22) -0.302 -0.536 -0.839 -0.172 -0.533
9 HX(19) + OX(20) <=> HOX(22) + X(1) -0.042 -0.161 -0.204 -0.830 -0.149
10 H2O(5) + 2 X(1) <=> HOX(22) + HX(19) -0.000 -0.001 -0.001 -0.018 -0.001
11 CH3OH(14) + 2 X(1) <=> CH3X(21) + HOX(22) 0.008 0.008 0.016 0.002 0.009
12 OH(17) + X(1) <=> HOX(22) -0.005 -0.007 -0.012 -0.004 -0.007
13 CH4(2) + HOX(22) + X(1) <=> CH3X(21) + H2OX(23) -0.060 -0.104 -0.164 -0.093 -0.103
14 H2O(5) + X(1) <=> H2OX(23) -0.000 -0.000 -0.000 -0.000 -0.000
15 H2OX(23) + OX(20) <=> 2 HOX(22) 0.020 0.043 0.063 -0.451 0.048
16 HOX(22) + HX(19) <=> H2OX(23) + X(1) -0.000 -0.000 -0.000 -0.000 -0.000
17 C2H6(8) + X(1) <=> C2H6X(52) -0.000 -0.000 -0.000 0.000 -0.000
18 CH3OH(14) + X(1) <=> CH4OX(60) -0.000 -0.000 -0.000 -0.000 -0.000
19 C2H4(47) + X(1) <=> C2H4X(205) -0.000 -0.000 -0.000 0.000 -0.000
20 CO2(4) + X(1) <=> CO2X(24) -0.000 -0.000 -0.000 0.000 -0.000
21 CO(7) + X(1) <=> OCX(25) -0.000 -0.000 -0.000 -0.000 -0.000
22 CX(26) + OX(20) <=> OCX(25) + X(1) -0.005 -0.005 -0.009 -0.371 0.000
23 OCX(25) + OX(20) <=> CO2X(24) + X(1) -0.000 -0.000 -0.000 0.000 -0.000
24 CO2X(24) + HX(19) <=> HOX(22) + OCX(25) 0.014 0.014 0.027 0.990 -0.000
25 CH2X(27) + HX(19) <=> CH3X(21) + X(1) -0.008 -0.008 -0.016 -0.618 0.000
26 CHX(28) + HX(19) <=> CH2X(27) + X(1) -0.000 -0.000 -0.000 -0.000 -0.000
27 CHX(28) + X(1) <=> CX(26) + HX(19) -0.000 -0.000 -0.000 0.000 -0.000
28 CX(26) + H2(6) <=> CH2X(27) -0.000 -0.000 -0.000 0.000 -0.000
Finished sensitivity simulation for a C/O ratio of 1.1
Finished translating for C/O ratio of 1.1
Starting sensitivity simulation for a C/O ratio of 2.4
0 CH4(2) + X(1) <=> CH4X(48) -0.000 -0.000 -0.000 -0.000 -0.000
1 O2(3) + 2 X(1) <=> 2 OX(20) -0.000 -0.000 -0.000 -0.000 -0.000
2 H2(6) + 2 X(1) <=> 2 HX(19) 0.000 0.000 0.000 -0.000 0.000
3 H(12) + X(1) <=> HX(19) 0.000 0.000 0.000 -0.000 0.000
4 CH4(2) + 2 X(1) <=> CH3X(21) + HX(19) -0.582 -0.999 -1.587 0.539 -0.968
5 C2H6(8) + 2 X(1) <=> 2 CH3X(21) -0.199 -0.207 -0.407 0.041 -0.197
6 CH3(10) + X(1) <=> CH3X(21) 0.005 -0.032 -0.028 0.112 -0.033
7 H2(6) + X(1) <=> H2X(49) -0.000 -0.000 -0.000 -0.000 -0.000
8 CH4(2) + OX(20) + X(1) <=> CH3X(21) + HOX(22) -0.273 -0.498 -0.773 -0.269 -0.481
9 HX(19) + OX(20) <=> HOX(22) + X(1) -0.163 -0.346 -0.510 -1.298 -0.329
10 H2O(5) + 2 X(1) <=> HOX(22) + HX(19) -0.002 -0.004 -0.006 -0.029 -0.004
11 CH3OH(14) + 2 X(1) <=> CH3X(21) + HOX(22) 0.011 0.010 0.021 0.006 0.012
12 OH(17) + X(1) <=> HOX(22) -0.003 -0.005 -0.008 -0.005 -0.005
13 CH4(2) + HOX(22) + X(1) <=> CH3X(21) + H2OX(23) -0.071 -0.127 -0.198 -0.152 -0.123
14 H2O(5) + X(1) <=> H2OX(23) -0.000 -0.000 -0.000 -0.000 -0.000
15 H2OX(23) + OX(20) <=> 2 HOX(22) 0.029 0.057 0.086 -0.421 0.055
16 HOX(22) + HX(19) <=> H2OX(23) + X(1) -0.000 -0.000 -0.000 -0.000 -0.000
17 C2H6(8) + X(1) <=> C2H6X(52) -0.000 -0.000 -0.000 0.000 -0.000
18 CH3OH(14) + X(1) <=> CH4OX(60) -0.000 -0.000 -0.000 0.000 -0.000
19 C2H4(47) + X(1) <=> C2H4X(205) -0.000 -0.000 -0.000 0.000 -0.000
20 CO2(4) + X(1) <=> CO2X(24) -0.000 -0.000 -0.000 0.000 -0.000
21 CO(7) + X(1) <=> OCX(25) -0.000 -0.000 -0.000 -0.000 -0.000
22 CX(26) + OX(20) <=> OCX(25) + X(1) -0.002 -0.001 -0.003 -0.677 0.001
23 OCX(25) + OX(20) <=> CO2X(24) + X(1) -0.000 -0.000 -0.000 -0.000 -0.000
24 CO2X(24) + HX(19) <=> HOX(22) + OCX(25) 0.003 0.003 0.006 0.990 -0.000
25 CH2X(27) + HX(19) <=> CH3X(21) + X(1) -0.001 -0.001 -0.002 -0.314 0.000
26 CHX(28) + HX(19) <=> CH2X(27) + X(1) -0.000 -0.000 -0.000 -0.000 -0.000
27 CHX(28) + X(1) <=> CX(26) + HX(19) -0.000 -0.000 -0.000 -0.000 -0.000
28 CX(26) + H2(6) <=> CH2X(27) -0.000 -0.000 -0.000 -0.000 -0.000
Finished sensitivity simulation for a C/O ratio of 2.4
Finished translating for C/O ratio of 2.4
