This mechanism contains 38 gas reactions and 43 surface reactions
Finished simulation at a C/O ratio of 0.7
Finished simulation at a C/O ratio of 1.6
Finished simulation at a C/O ratio of 2.4
Finished simulation at a C/O ratio of 2.6
Finished simulation at a C/O ratio of 0.8
Finished simulation at a C/O ratio of 1.0
Finished simulation at a C/O ratio of 1.3
Finished simulation at a C/O ratio of 1.4
Finished simulation at a C/O ratio of 1.8
Finished simulation at a C/O ratio of 0.9
Finished simulation at a C/O ratio of 1.2
Finished simulation at a C/O ratio of 1.1
Finished simulation at a C/O ratio of 2.2
Finished simulation at a C/O ratio of 0.6
Finished simulation at a C/O ratio of 2.0
Starting thermo sensitivity simulation for a C/O ratio of 0.6
0 X(1) 0.002 0.002 0.005 0.001 0.005
1 HX(19) -0.002 -0.002 -0.004 -0.001 -0.003
2 OX(20) -0.000 0.000 -0.000 0.001 -0.002
3 CH3X(21) 0.000 0.000 0.000 0.000 0.000
4 HOX(22) -0.000 0.000 0.000 0.000 0.000
5 H2OX(23) 0.001 0.000 0.001 0.001 -0.000
6 CO2X(24) -0.001 -0.001 -0.002 -0.001 0.000
7 OCX(25) 0.000 -0.000 0.000 -0.000 -0.000
8 CX(26) 0.000 0.000 0.000 0.000 0.000
9 CH2X(27) 0.000 0.000 0.000 0.000 0.000
10 CHX(28) 0.000 0.000 0.000 0.000 -0.000
11 CH4X(48) 0.000 -0.000 0.000 -0.000 -0.000
12 H2X(49) 0.000 0.000 0.000 -0.000 -0.000
13 COX(50) 0.000 0.000 0.000 0.000 0.000
14 CHOX(53) 0.000 0.000 0.000 -0.000 -0.000
15 C2H4X(209) 0.000 0.000 0.000 0.000 -0.000
16 HOCOX(217) 0.000 0.000 0.000 0.000 -0.000
Finished thermo sensitivity simulation for a C/O ratio of 0.6
Starting thermo sensitivity simulation for a C/O ratio of 1.8
0 X(1) 0.003 0.003 0.007 0.001 0.005
1 HX(19) -0.002 -0.002 -0.004 -0.001 -0.003
2 OX(20) -0.001 -0.001 -0.002 0.001 -0.002
3 CH3X(21) -0.000 0.000 -0.000 -0.000 -0.000
4 HOX(22) 0.000 0.000 0.000 0.000 0.000
5 H2OX(23) 0.000 0.000 0.001 0.001 -0.000
6 CO2X(24) -0.001 -0.001 -0.001 -0.001 0.000
7 OCX(25) 0.000 -0.000 0.000 -0.000 -0.000
8 CX(26) -0.000 0.000 -0.000 -0.000 -0.000
9 CH2X(27) -0.000 -0.000 -0.000 -0.000 -0.000
10 CHX(28) -0.000 -0.000 -0.000 -0.000 -0.000
11 CH4X(48) 0.000 -0.000 0.000 -0.000 -0.000
12 H2X(49) -0.000 -0.000 -0.000 -0.000 -0.000
13 COX(50) -0.000 0.000 -0.000 -0.000 -0.000
14 CHOX(53) -0.000 0.000 -0.000 -0.000 -0.000
15 C2H4X(209) -0.000 0.000 -0.000 -0.000 -0.000
16 HOCOX(217) -0.000 0.000 -0.000 -0.000 -0.000
Finished thermo sensitivity simulation for a C/O ratio of 1.8
Starting thermo sensitivity simulation for a C/O ratio of 2.6
0 X(1) 0.004 0.004 0.008 0.001 0.005
1 HX(19) -0.002 -0.002 -0.005 -0.001 -0.003
2 OX(20) -0.002 -0.001 -0.003 0.001 -0.002
3 CH3X(21) -0.000 0.000 -0.000 0.000 0.000
4 HOX(22) 0.000 0.000 0.000 0.000 0.000
5 H2OX(23) 0.000 0.000 0.000 0.001 -0.000
6 CO2X(24) -0.000 -0.000 -0.001 -0.001 0.000
7 OCX(25) 0.000 -0.000 0.000 -0.000 -0.000
8 CX(26) -0.000 0.000 -0.000 0.000 0.000
9 CH2X(27) -0.000 0.000 -0.000 -0.000 -0.000
10 CHX(28) -0.000 0.000 -0.000 0.000 0.000
11 CH4X(48) 0.000 -0.000 0.000 -0.000 -0.000
12 H2X(49) -0.000 0.000 -0.000 0.000 0.000
13 COX(50) -0.000 0.000 -0.000 0.000 0.000
14 CHOX(53) -0.000 0.000 -0.000 0.000 0.000
15 C2H4X(209) -0.000 0.000 -0.000 0.000 0.000
16 HOCOX(217) -0.000 -0.000 -0.000 -0.000 0.000
Finished thermo sensitivity simulation for a C/O ratio of 2.6
Starting thermo sensitivity simulation for a C/O ratio of 0.7
0 X(1) 0.003 0.002 0.005 0.001 0.005
1 HX(19) -0.002 -0.002 -0.004 -0.001 -0.003
2 OX(20) -0.000 -0.000 -0.000 0.001 -0.002
3 CH3X(21) -0.000 0.000 0.000 0.000 0.000
4 HOX(22) 0.000 0.000 0.000 0.000 0.000
5 H2OX(23) 0.001 0.000 0.001 0.001 -0.000
6 CO2X(24) -0.001 -0.001 -0.002 -0.001 0.000
7 OCX(25) 0.000 0.000 0.000 -0.000 -0.000
8 CX(26) -0.000 0.000 -0.000 0.000 0.000
9 CH2X(27) -0.000 0.000 0.000 -0.000 0.000
10 CHX(28) -0.000 0.000 0.000 0.000 -0.000
11 CH4X(48) 0.000 -0.000 0.000 -0.000 -0.000
12 H2X(49) -0.000 0.000 0.000 0.000 0.000
13 COX(50) -0.000 0.000 0.000 0.000 0.000
14 CHOX(53) -0.000 0.000 0.000 0.000 0.000
15 C2H4X(209) -0.000 0.000 0.000 0.000 0.000
16 HOCOX(217) -0.000 0.000 0.000 0.000 0.000
Finished thermo sensitivity simulation for a C/O ratio of 0.7
Starting thermo sensitivity simulation for a C/O ratio of 2.2
0 X(1) 0.004 0.004 0.007 0.001 0.005
1 HX(19) -0.002 -0.002 -0.005 -0.001 -0.003
2 OX(20) -0.001 -0.001 -0.003 0.001 -0.002
3 CH3X(21) 0.000 0.000 0.000 0.000 0.000
4 HOX(22) 0.000 0.000 0.000 0.000 0.000
5 H2OX(23) 0.000 0.000 0.000 0.001 -0.000
6 CO2X(24) -0.001 -0.001 -0.001 -0.001 0.000
7 OCX(25) 0.000 -0.000 0.000 -0.000 -0.000
8 CX(26) 0.000 0.000 0.000 0.000 0.000
9 CH2X(27) 0.000 0.000 0.000 0.000 0.000
10 CHX(28) 0.000 0.000 0.000 0.000 0.000
11 CH4X(48) 0.000 -0.000 0.000 -0.000 -0.000
12 H2X(49) 0.000 0.000 0.000 0.000 0.000
13 COX(50) 0.000 0.000 0.000 0.000 0.000
14 CHOX(53) 0.000 0.000 0.000 0.000 0.000
15 C2H4X(209) 0.000 0.000 0.000 0.000 0.000
16 HOCOX(217) 0.000 0.000 0.000 0.000 0.000
Finished thermo sensitivity simulation for a C/O ratio of 2.2
Starting thermo sensitivity simulation for a C/O ratio of 1.6
0 X(1) 0.003 0.003 0.007 0.001 0.005
1 HX(19) -0.002 -0.002 -0.004 -0.001 -0.003
2 OX(20) -0.001 -0.001 -0.002 0.001 -0.002
3 CH3X(21) 0.000 0.000 0.000 -0.000 -0.000
4 HOX(22) 0.000 0.000 0.000 0.000 0.000
5 H2OX(23) 0.000 0.000 0.001 0.001 -0.000
6 CO2X(24) -0.001 -0.001 -0.001 -0.001 0.000
7 OCX(25) 0.000 -0.000 0.000 -0.000 -0.000
8 CX(26) -0.000 0.000 -0.000 -0.000 -0.000
9 CH2X(27) 0.000 0.000 0.000 -0.000 -0.000
10 CHX(28) 0.000 0.000 0.000 0.000 -0.000
11 CH4X(48) 0.000 -0.000 0.000 -0.000 -0.000
12 H2X(49) 0.000 0.000 0.000 -0.000 -0.000
13 COX(50) 0.000 0.000 0.000 0.000 -0.000
14 CHOX(53) -0.000 0.000 0.000 -0.000 -0.000
15 C2H4X(209) 0.000 0.000 0.000 -0.000 -0.000
16 HOCOX(217) 0.000 0.000 0.000 -0.000 -0.000
Finished thermo sensitivity simulation for a C/O ratio of 1.6
Starting thermo sensitivity simulation for a C/O ratio of 2.4
0 X(1) 0.004 0.004 0.007 0.001 0.005
1 HX(19) -0.002 -0.002 -0.005 -0.001 -0.003
2 OX(20) -0.001 -0.001 -0.003 0.001 -0.002
3 CH3X(21) 0.000 -0.000 0.000 -0.000 -0.000
4 HOX(22) 0.000 0.000 0.000 0.000 0.000
5 H2OX(23) 0.000 0.000 0.000 0.001 -0.000
6 CO2X(24) -0.001 -0.001 -0.001 -0.001 0.000
7 OCX(25) 0.000 -0.000 0.000 -0.000 -0.000
8 CX(26) 0.000 -0.000 0.000 -0.000 -0.000
9 CH2X(27) 0.000 -0.000 0.000 -0.000 -0.000
10 CHX(28) 0.000 -0.000 0.000 0.000 0.000
11 CH4X(48) 0.000 -0.000 0.000 -0.000 -0.000
12 H2X(49) 0.000 -0.000 0.000 -0.000 -0.000
13 COX(50) 0.000 -0.000 0.000 -0.000 -0.000
14 CHOX(53) 0.000 0.000 0.000 -0.000 -0.000
15 C2H4X(209) 0.000 -0.000 0.000 -0.000 -0.000
16 HOCOX(217) 0.000 -0.000 0.000 -0.000 -0.000
Finished thermo sensitivity simulation for a C/O ratio of 2.4
Starting thermo sensitivity simulation for a C/O ratio of 2.0
0 X(1) 0.004 0.004 0.007 0.001 0.005
1 HX(19) -0.002 -0.002 -0.004 -0.001 -0.003
2 OX(20) -0.001 -0.001 -0.002 0.001 -0.002
3 CH3X(21) -0.000 0.000 -0.000 0.000 0.000
4 HOX(22) 0.000 0.000 0.000 0.000 0.000
5 H2OX(23) 0.000 0.000 0.000 0.001 -0.000
6 CO2X(24) -0.001 -0.001 -0.001 -0.001 0.000
7 OCX(25) 0.000 -0.000 0.000 -0.000 -0.000
8 CX(26) -0.000 -0.000 -0.000 0.000 0.000
9 CH2X(27) -0.000 0.000 -0.000 -0.000 0.000
10 CHX(28) -0.000 0.000 -0.000 0.000 0.000
11 CH4X(48) 0.000 -0.000 0.000 -0.000 -0.000
12 H2X(49) -0.000 0.000 -0.000 0.000 0.000
13 COX(50) -0.000 0.000 0.000 0.000 0.000
14 CHOX(53) -0.000 0.000 -0.000 -0.000 0.000
15 C2H4X(209) -0.000 0.000 -0.000 -0.000 0.000
16 HOCOX(217) -0.000 0.000 -0.000 0.000 0.000
Finished thermo sensitivity simulation for a C/O ratio of 2.0
Starting thermo sensitivity simulation for a C/O ratio of 0.9
0 X(1) 0.003 0.003 0.005 0.001 0.005
1 HX(19) -0.002 -0.002 -0.004 -0.001 -0.003
2 OX(20) -0.001 -0.000 -0.001 0.001 -0.002
3 CH3X(21) 0.000 0.000 0.000 -0.000 -0.000
4 HOX(22) 0.000 0.000 0.000 0.000 0.000
5 H2OX(23) 0.000 0.000 0.001 0.001 -0.000
6 CO2X(24) -0.001 -0.001 -0.002 -0.001 0.000
7 OCX(25) 0.000 -0.000 0.000 -0.000 -0.000
8 CX(26) 0.000 -0.000 0.000 0.000 0.000
9 CH2X(27) 0.000 -0.000 0.000 -0.000 -0.000
10 CHX(28) -0.000 -0.000 -0.000 0.000 -0.000
11 CH4X(48) 0.000 -0.000 0.000 -0.000 -0.000
12 H2X(49) 0.000 0.000 0.000 0.000 0.000
13 COX(50) -0.000 0.000 0.000 0.000 0.000
14 CHOX(53) -0.000 -0.000 -0.000 0.000 0.000
15 C2H4X(209) -0.000 0.000 -0.000 0.000 0.000
16 HOCOX(217) 0.000 -0.000 -0.000 -0.000 -0.000
Finished thermo sensitivity simulation for a C/O ratio of 0.9
Starting thermo sensitivity simulation for a C/O ratio of 1.3
0 X(1) 0.003 0.003 0.006 0.001 0.005
1 HX(19) -0.002 -0.002 -0.004 -0.001 -0.003
2 OX(20) -0.001 -0.001 -0.002 0.001 -0.002
3 CH3X(21) 0.000 -0.000 0.000 -0.000 -0.000
4 HOX(22) 0.000 0.000 0.000 0.000 0.000
5 H2OX(23) 0.000 0.000 0.001 0.001 -0.000
6 CO2X(24) -0.001 -0.001 -0.002 -0.001 0.000
7 OCX(25) 0.000 -0.000 0.000 -0.000 -0.000
8 CX(26) -0.000 -0.000 -0.000 -0.000 0.000
9 CH2X(27) -0.000 -0.000 -0.000 -0.000 0.000
10 CHX(28) -0.000 0.000 0.000 -0.000 -0.000
11 CH4X(48) 0.000 -0.000 0.000 -0.000 -0.000
12 H2X(49) 0.000 0.000 0.000 0.000 0.000
13 COX(50) -0.000 -0.000 -0.000 -0.000 -0.000
14 CHOX(53) 0.000 -0.000 -0.000 -0.000 -0.000
15 C2H4X(209) 0.000 0.000 0.000 0.000 0.000
16 HOCOX(217) 0.000 -0.000 0.000 -0.000 -0.000
Finished thermo sensitivity simulation for a C/O ratio of 1.3
Starting thermo sensitivity simulation for a C/O ratio of 1.4
0 X(1) 0.003 0.003 0.006 0.001 0.005
1 HX(19) -0.002 -0.002 -0.004 -0.001 -0.003
2 OX(20) -0.001 -0.001 -0.002 0.001 -0.002
3 CH3X(21) -0.000 0.000 -0.000 0.000 0.000
4 HOX(22) 0.000 0.000 0.000 0.000 0.000
5 H2OX(23) 0.000 0.000 0.001 0.001 -0.000
6 CO2X(24) -0.001 -0.001 -0.001 -0.001 0.000
7 OCX(25) 0.000 -0.000 0.000 -0.000 -0.000
8 CX(26) -0.000 0.000 -0.000 0.000 0.000
9 CH2X(27) -0.000 -0.000 -0.000 0.000 0.000
10 CHX(28) -0.000 -0.000 -0.000 0.000 0.000
11 CH4X(48) 0.000 -0.000 0.000 -0.000 -0.000
12 H2X(49) -0.000 0.000 -0.000 0.000 0.000
13 COX(50) -0.000 -0.000 -0.000 0.000 0.000
14 CHOX(53) -0.000 -0.000 -0.000 0.000 0.000
15 C2H4X(209) -0.000 -0.000 -0.000 0.000 0.000
16 HOCOX(217) -0.000 -0.000 -0.000 0.000 0.000
Finished thermo sensitivity simulation for a C/O ratio of 1.4
Starting thermo sensitivity simulation for a C/O ratio of 0.8
0 X(1) 0.003 0.003 0.005 0.001 0.005
1 HX(19) -0.002 -0.002 -0.004 -0.001 -0.003
2 OX(20) -0.000 -0.000 -0.001 0.001 -0.002
3 CH3X(21) -0.000 -0.000 -0.000 -0.000 -0.000
4 HOX(22) 0.000 0.000 0.000 0.000 0.000
5 H2OX(23) 0.000 0.000 0.001 0.001 -0.000
6 CO2X(24) -0.001 -0.001 -0.002 -0.001 0.000
7 OCX(25) 0.000 -0.000 0.000 -0.000 -0.000
8 CX(26) 0.000 -0.000 0.000 -0.000 -0.000
9 CH2X(27) 0.000 -0.000 -0.000 -0.000 0.000
10 CHX(28) 0.000 -0.000 -0.000 -0.000 -0.000
11 CH4X(48) 0.000 -0.000 0.000 -0.000 -0.000
12 H2X(49) -0.000 -0.000 -0.000 -0.000 -0.000
13 COX(50) -0.000 0.000 0.000 -0.000 -0.000
14 CHOX(53) 0.000 0.000 0.000 -0.000 -0.000
15 C2H4X(209) -0.000 0.000 0.000 -0.000 -0.000
16 HOCOX(217) 0.000 -0.000 0.000 -0.000 -0.000
Finished thermo sensitivity simulation for a C/O ratio of 0.8
Starting sensitivity simulation for a C/O ratio of 0.6
0 CH4(2) + X(1) <=> CH4X(48) 0.000 0.000 0.000 -0.000 -0.000
1 O2(3) + 2 X(1) <=> 2 OX(20) 0.000 0.000 0.000 -0.000 0.000
2 H2(6) + 2 X(1) <=> 2 HX(19) -0.000 -0.000 -0.000 0.000 -0.000
3 H(12) + X(1) <=> HX(19) 0.000 0.000 0.000 0.000 -0.000
4 CH4(2) + 2 X(1) <=> CH3X(21) + HX(19) 0.075 -0.651 -0.576 -0.372 -1.525
5 C2H6(8) + 2 X(1) <=> 2 CH3X(21) 0.000 -0.000 0.000 0.000 -0.000
6 CH3(10) + X(1) <=> CH3X(21) 0.000 0.000 0.001 -0.000 -0.000
7 CH2X(27) + HX(19) <=> CH3X(21) + X(1) -0.000 -0.000 -0.000 -0.000 -0.000
8 CHX(28) + HX(19) <=> CH2X(27) + X(1) 0.000 0.000 0.000 0.000 0.000
9 2 CH2X(27) <=> CH3X(21) + CHX(28) 0.000 0.000 0.000 0.000 0.000
10 CHX(28) + X(1) <=> CX(26) + HX(19) 0.000 0.000 0.000 0.000 0.000
11 CX(26) + H2(6) <=> CH2X(27) -0.000 -0.000 -0.000 0.000 -0.000
12 CH3X(21) + CX(26) <=> CH2X(27) + CHX(28) 0.000 0.000 0.000 0.000 0.000
13 CH2X(27) + CX(26) <=> 2 CHX(28) 0.000 0.000 0.000 0.000 0.000
14 H2(6) + X(1) <=> H2X(49) 0.000 0.000 0.000 0.000 0.000
15 CH4(2) + OX(20) + X(1) <=> CH3X(21) + HOX(22) 0.048 -0.184 -0.136 -0.118 -0.392
16 HX(19) + OX(20) <=> HOX(22) + X(1) 0.483 0.481 0.962 0.022 1.917
17 H2O(5) + 2 X(1) <=> HOX(22) + HX(19) -0.009 -0.007 -0.016 -0.023 0.042
18 CH3OH(14) + 2 X(1) <=> CH3X(21) + HOX(22) 0.000 0.000 0.000 0.000 0.000
19 OH(17) + X(1) <=> HOX(22) -0.000 -0.006 -0.006 -0.004 -0.009
20 CH2X(27) + HOX(22) <=> CH3X(21) + OX(20) 0.000 0.000 0.000 0.000 0.000
21 CHX(28) + HOX(22) <=> CH2X(27) + OX(20) 0.000 -0.000 0.000 0.000 -0.000
22 CX(26) + HOX(22) <=> CHX(28) + OX(20) 0.000 -0.000 -0.000 0.000 -0.000
23 CH4(2) + HOX(22) + X(1) <=> CH3X(21) + H2OX(23) 0.001 -0.077 -0.076 -0.060 -0.132
24 H2O(5) + X(1) <=> H2OX(23) 0.000 0.000 0.000 0.000 0.000
25 H2OX(23) + OX(20) <=> 2 HOX(22) -0.372 -0.331 -0.705 -0.455 0.056
26 HOX(22) + HX(19) <=> H2OX(23) + X(1) 0.000 0.000 0.000 -0.000 0.000
27 CO(7) + X(1) <=> OCX(25) -0.000 -0.000 -0.000 -0.000 0.000
28 CX(26) + OX(20) <=> OCX(25) + X(1) 0.000 0.000 0.000 0.000 -0.000
29 CO(7) + X(1) <=> COX(50) 0.000 0.000 0.000 0.000 0.000
30 CH2O(9) + 2 X(1) <=> CHOX(53) + HX(19) 0.000 0.000 0.000 0.000 -0.000
31 HCO(15) + X(1) <=> CHOX(53) 0.000 0.000 0.000 0.000 0.000
32 CH3CHO(16) + 2 X(1) <=> CH3X(21) + CHOX(53) 0.000 0.000 0.000 0.000 0.000
33 CHOX(53) + X(1) <=> HX(19) + OCX(25) 0.000 0.000 0.000 0.000 -0.000
34 CH2X(27) + CHOX(53) <=> CH3X(21) + OCX(25) 0.000 0.000 0.000 0.000 0.000
35 CHOX(53) + CHX(28) <=> CH2X(27) + OCX(25) 0.000 0.000 0.000 0.000 -0.000
36 CHOX(53) + CX(26) <=> CHX(28) + OCX(25) 0.000 0.000 0.000 0.000 0.000
37 CHOX(53) + OX(20) <=> HOX(22) + OCX(25) 0.000 0.000 0.000 0.000 0.000
38 HOCOX(217) + X(1) <=> HOX(22) + OCX(25) 0.000 0.000 0.000 0.000 0.000
39 C2H4(47) + X(1) <=> C2H4X(209) 0.000 -0.000 0.000 0.000 0.000
40 CO2(4) + X(1) <=> CO2X(24) 0.000 0.000 0.000 0.000 0.000
41 OCX(25) + OX(20) <=> CO2X(24) + X(1) 0.000 0.000 0.001 0.000 0.000
42 CO2X(24) + HX(19) <=> HOX(22) + OCX(25) 0.751 0.750 1.495 0.990 -0.000
Finished sensitivity simulation for a C/O ratio of 0.6
Finished translating for C/O ratio of 0.6
Starting sensitivity simulation for a C/O ratio of 1.8
0 CH4(2) + X(1) <=> CH4X(48) -0.000 -0.000 -0.000 -0.000 -0.000
1 O2(3) + 2 X(1) <=> 2 OX(20) 0.000 0.000 0.000 -0.000 0.000
2 H2(6) + 2 X(1) <=> 2 HX(19) -0.000 -0.000 -0.000 -0.000 -0.000
3 H(12) + X(1) <=> HX(19) -0.000 -0.000 -0.000 -0.000 -0.000
4 CH4(2) + 2 X(1) <=> CH3X(21) + HX(19) -0.302 -1.045 -1.350 -0.387 -1.545
5 C2H6(8) + 2 X(1) <=> 2 CH3X(21) -0.000 0.000 -0.000 -0.000 -0.000
6 CH3(10) + X(1) <=> CH3X(21) 0.000 0.000 0.000 -0.000 -0.000
7 CH2X(27) + HX(19) <=> CH3X(21) + X(1) -0.000 -0.000 -0.000 -0.000 -0.000
8 CHX(28) + HX(19) <=> CH2X(27) + X(1) 0.000 0.000 0.000 -0.000 0.000
9 2 CH2X(27) <=> CH3X(21) + CHX(28) -0.000 0.000 -0.000 -0.000 -0.000
10 CHX(28) + X(1) <=> CX(26) + HX(19) -0.000 0.000 -0.000 -0.000 0.000
11 CX(26) + H2(6) <=> CH2X(27) -0.000 -0.000 -0.000 -0.000 -0.000
12 CH3X(21) + CX(26) <=> CH2X(27) + CHX(28) -0.000 -0.000 -0.000 -0.000 -0.000
13 CH2X(27) + CX(26) <=> 2 CHX(28) -0.000 0.000 -0.000 -0.000 0.000
14 H2(6) + X(1) <=> H2X(49) -0.000 -0.000 -0.000 -0.000 -0.000
15 CH4(2) + OX(20) + X(1) <=> CH3X(21) + HOX(22) -0.035 -0.235 -0.270 -0.103 -0.336
16 HX(19) + OX(20) <=> HOX(22) + X(1) 1.097 1.092 2.176 0.037 1.893
17 H2O(5) + 2 X(1) <=> HOX(22) + HX(19) 0.019 0.024 0.044 -0.038 0.071
18 CH3OH(14) + 2 X(1) <=> CH3X(21) + HOX(22) -0.000 0.000 0.000 0.000 0.000
19 OH(17) + X(1) <=> HOX(22) -0.002 -0.005 -0.007 -0.003 -0.007
20 CH2X(27) + HOX(22) <=> CH3X(21) + OX(20) 0.000 0.000 0.000 0.000 0.000
21 CHX(28) + HOX(22) <=> CH2X(27) + OX(20) -0.000 0.000 -0.000 -0.000 -0.000
22 CX(26) + HOX(22) <=> CHX(28) + OX(20) -0.000 -0.000 -0.000 -0.000 -0.000
23 CH4(2) + HOX(22) + X(1) <=> CH3X(21) + H2OX(23) -0.033 -0.145 -0.179 -0.087 -0.190
24 H2O(5) + X(1) <=> H2OX(23) -0.000 0.000 -0.000 -0.000 -0.000
25 H2OX(23) + OX(20) <=> 2 HOX(22) -0.206 -0.150 -0.356 -0.435 0.067
26 HOX(22) + HX(19) <=> H2OX(23) + X(1) -0.000 0.000 -0.000 -0.000 0.000
27 CO(7) + X(1) <=> OCX(25) -0.000 -0.000 -0.000 -0.000 -0.000
28 CX(26) + OX(20) <=> OCX(25) + X(1) 0.000 0.000 0.000 -0.000 -0.000
29 CO(7) + X(1) <=> COX(50) -0.000 -0.000 -0.000 -0.000 -0.000
30 CH2O(9) + 2 X(1) <=> CHOX(53) + HX(19) -0.000 0.000 -0.000 -0.000 -0.000
31 HCO(15) + X(1) <=> CHOX(53) -0.000 -0.000 -0.000 -0.000 -0.000
32 CH3CHO(16) + 2 X(1) <=> CH3X(21) + CHOX(53) -0.000 0.000 -0.000 -0.000 -0.000
33 CHOX(53) + X(1) <=> HX(19) + OCX(25) -0.000 -0.000 -0.000 -0.000 -0.000
34 CH2X(27) + CHOX(53) <=> CH3X(21) + OCX(25) -0.000 0.000 -0.000 -0.000 -0.000
35 CHOX(53) + CHX(28) <=> CH2X(27) + OCX(25) -0.000 0.000 -0.000 -0.000 -0.000
36 CHOX(53) + CX(26) <=> CHX(28) + OCX(25) -0.000 0.000 -0.000 -0.000 -0.000
37 CHOX(53) + OX(20) <=> HOX(22) + OCX(25) -0.000 -0.000 -0.000 -0.000 -0.000
38 HOCOX(217) + X(1) <=> HOX(22) + OCX(25) -0.000 0.000 -0.000 -0.000 -0.000
39 C2H4(47) + X(1) <=> C2H4X(209) -0.000 -0.000 -0.000 -0.000 -0.000
40 CO2(4) + X(1) <=> CO2X(24) -0.000 0.000 -0.000 -0.000 -0.000
41 OCX(25) + OX(20) <=> CO2X(24) + X(1) 0.000 0.000 0.000 0.000 0.000
42 CO2X(24) + HX(19) <=> HOX(22) + OCX(25) 0.428 0.427 0.853 0.990 -0.000
Finished sensitivity simulation for a C/O ratio of 1.8
Finished translating for C/O ratio of 1.8
Starting sensitivity simulation for a C/O ratio of 0.7
0 CH4(2) + X(1) <=> CH4X(48) -0.000 0.000 0.000 0.000 0.000
1 O2(3) + 2 X(1) <=> 2 OX(20) 0.000 0.000 0.000 -0.000 0.000
2 H2(6) + 2 X(1) <=> 2 HX(19) -0.000 -0.000 -0.000 0.000 -0.000
3 H(12) + X(1) <=> HX(19) -0.000 0.000 0.000 0.000 -0.000
4 CH4(2) + 2 X(1) <=> CH3X(21) + HX(19) 0.028 -0.699 -0.670 -0.373 -1.526
5 C2H6(8) + 2 X(1) <=> 2 CH3X(21) -0.000 0.000 0.000 0.000 0.000
6 CH3(10) + X(1) <=> CH3X(21) 0.000 0.000 0.001 -0.000 -0.000
7 CH2X(27) + HX(19) <=> CH3X(21) + X(1) -0.000 -0.000 -0.000 -0.000 -0.000
8 CHX(28) + HX(19) <=> CH2X(27) + X(1) 0.000 0.000 0.000 0.000 0.000
9 2 CH2X(27) <=> CH3X(21) + CHX(28) -0.000 0.000 0.000 0.000 0.000
10 CHX(28) + X(1) <=> CX(26) + HX(19) -0.000 0.000 0.000 0.000 0.000
11 CX(26) + H2(6) <=> CH2X(27) -0.000 -0.000 -0.000 0.000 -0.000
12 CH3X(21) + CX(26) <=> CH2X(27) + CHX(28) -0.000 0.000 0.000 0.000 0.000
13 CH2X(27) + CX(26) <=> 2 CHX(28) -0.000 0.000 0.000 0.000 0.000
14 H2(6) + X(1) <=> H2X(49) -0.000 0.000 0.000 0.000 0.000
15 CH4(2) + OX(20) + X(1) <=> CH3X(21) + HOX(22) 0.036 -0.192 -0.156 -0.116 -0.386
16 HX(19) + OX(20) <=> HOX(22) + X(1) 0.560 0.558 1.115 0.024 1.915
17 H2O(5) + 2 X(1) <=> HOX(22) + HX(19) -0.007 -0.005 -0.012 -0.024 0.045
18 CH3OH(14) + 2 X(1) <=> CH3X(21) + HOX(22) -0.000 0.000 0.000 0.000 0.000
19 OH(17) + X(1) <=> HOX(22) -0.001 -0.006 -0.006 -0.004 -0.009
20 CH2X(27) + HOX(22) <=> CH3X(21) + OX(20) 0.000 0.000 0.000 0.000 0.000
21 CHX(28) + HOX(22) <=> CH2X(27) + OX(20) -0.000 0.000 0.000 0.000 0.000
22 CX(26) + HOX(22) <=> CHX(28) + OX(20) -0.000 0.000 0.000 0.000 0.000
23 CH4(2) + HOX(22) + X(1) <=> CH3X(21) + H2OX(23) -0.002 -0.085 -0.087 -0.063 -0.140
24 H2O(5) + X(1) <=> H2OX(23) -0.000 0.000 0.000 -0.000 0.000
25 H2OX(23) + OX(20) <=> 2 HOX(22) -0.351 -0.308 -0.661 -0.453 0.058
26 HOX(22) + HX(19) <=> H2OX(23) + X(1) -0.000 0.000 0.000 -0.000 0.000
27 CO(7) + X(1) <=> OCX(25) -0.000 -0.000 -0.000 -0.000 0.000
28 CX(26) + OX(20) <=> OCX(25) + X(1) 0.000 0.000 0.000 -0.000 -0.000
29 CO(7) + X(1) <=> COX(50) -0.000 0.000 0.000 0.000 0.000
30 CH2O(9) + 2 X(1) <=> CHOX(53) + HX(19) -0.000 0.000 0.000 0.000 0.000
31 HCO(15) + X(1) <=> CHOX(53) -0.000 -0.000 -0.000 0.000 0.000
32 CH3CHO(16) + 2 X(1) <=> CH3X(21) + CHOX(53) -0.000 -0.000 -0.000 0.000 0.000
33 CHOX(53) + X(1) <=> HX(19) + OCX(25) -0.000 0.000 -0.000 0.000 0.000
34 CH2X(27) + CHOX(53) <=> CH3X(21) + OCX(25) -0.000 0.000 0.000 0.000 0.000
35 CHOX(53) + CHX(28) <=> CH2X(27) + OCX(25) -0.000 0.000 0.000 0.000 0.000
36 CHOX(53) + CX(26) <=> CHX(28) + OCX(25) -0.000 0.000 0.000 0.000 0.000
37 CHOX(53) + OX(20) <=> HOX(22) + OCX(25) -0.000 0.000 -0.000 0.000 0.000
38 HOCOX(217) + X(1) <=> HOX(22) + OCX(25) -0.000 0.000 0.000 0.000 0.000
39 C2H4(47) + X(1) <=> C2H4X(209) -0.000 0.000 0.000 0.000 0.000
40 CO2(4) + X(1) <=> CO2X(24) -0.000 0.000 0.000 0.000 0.000
41 OCX(25) + OX(20) <=> CO2X(24) + X(1) 0.000 0.000 0.001 0.000 0.000
42 CO2X(24) + HX(19) <=> HOX(22) + OCX(25) 0.711 0.710 1.416 0.990 -0.000
Finished sensitivity simulation for a C/O ratio of 0.7
Finished translating for C/O ratio of 0.7
Starting sensitivity simulation for a C/O ratio of 2.6
0 CH4(2) + X(1) <=> CH4X(48) -0.000 0.000 -0.000 0.000 0.000
1 O2(3) + 2 X(1) <=> 2 OX(20) 0.000 0.000 0.000 -0.000 0.000
2 H2(6) + 2 X(1) <=> 2 HX(19) -0.000 -0.000 -0.000 -0.000 -0.000
3 H(12) + X(1) <=> HX(19) -0.000 -0.000 -0.000 -0.000 -0.000
4 CH4(2) + 2 X(1) <=> CH3X(21) + HX(19) -0.420 -1.173 -1.598 -0.394 -1.558
5 C2H6(8) + 2 X(1) <=> 2 CH3X(21) -0.000 0.000 -0.000 0.000 0.000
6 CH3(10) + X(1) <=> CH3X(21) 0.000 0.000 0.000 -0.000 -0.000
7 CH2X(27) + HX(19) <=> CH3X(21) + X(1) -0.000 -0.000 -0.000 -0.000 -0.000
8 CHX(28) + HX(19) <=> CH2X(27) + X(1) 0.000 0.000 0.000 -0.000 0.000
9 2 CH2X(27) <=> CH3X(21) + CHX(28) -0.000 0.000 -0.000 0.000 0.000
10 CHX(28) + X(1) <=> CX(26) + HX(19) -0.000 -0.000 -0.000 -0.000 0.000
11 CX(26) + H2(6) <=> CH2X(27) -0.000 -0.000 -0.000 0.000 -0.000
12 CH3X(21) + CX(26) <=> CH2X(27) + CHX(28) -0.000 -0.000 -0.000 -0.000 -0.000
13 CH2X(27) + CX(26) <=> 2 CHX(28) -0.000 -0.000 -0.000 -0.000 0.000
14 H2(6) + X(1) <=> H2X(49) -0.000 0.000 -0.000 0.000 0.000
15 CH4(2) + OX(20) + X(1) <=> CH3X(21) + HOX(22) -0.053 -0.239 -0.293 -0.096 -0.310
16 HX(19) + OX(20) <=> HOX(22) + X(1) 1.280 1.274 2.538 0.044 1.881
17 H2O(5) + 2 X(1) <=> HOX(22) + HX(19) 0.035 0.042 0.077 -0.044 0.084
18 CH3OH(14) + 2 X(1) <=> CH3X(21) + HOX(22) -0.000 0.000 0.000 0.000 0.000
19 OH(17) + X(1) <=> HOX(22) -0.002 -0.005 -0.007 -0.003 -0.006
20 CH2X(27) + HOX(22) <=> CH3X(21) + OX(20) 0.000 0.000 0.000 0.000 0.000
21 CHX(28) + HOX(22) <=> CH2X(27) + OX(20) -0.000 0.000 -0.000 0.000 0.000
22 CX(26) + HOX(22) <=> CHX(28) + OX(20) -0.000 0.000 -0.000 0.000 0.000
23 CH4(2) + HOX(22) + X(1) <=> CH3X(21) + H2OX(23) -0.048 -0.171 -0.219 -0.096 -0.208
24 H2O(5) + X(1) <=> H2OX(23) -0.000 0.000 -0.000 0.000 0.000
25 H2OX(23) + OX(20) <=> 2 HOX(22) -0.156 -0.095 -0.251 -0.427 0.068
26 HOX(22) + HX(19) <=> H2OX(23) + X(1) -0.000 0.000 0.000 -0.000 0.000
27 CO(7) + X(1) <=> OCX(25) -0.000 -0.000 -0.000 -0.000 0.000
28 CX(26) + OX(20) <=> OCX(25) + X(1) 0.000 -0.000 0.000 -0.000 -0.000
29 CO(7) + X(1) <=> COX(50) -0.000 0.000 -0.000 0.000 0.000
30 CH2O(9) + 2 X(1) <=> CHOX(53) + HX(19) -0.000 0.000 -0.000 0.000 0.000
31 HCO(15) + X(1) <=> CHOX(53) -0.000 0.000 -0.000 0.000 0.000
32 CH3CHO(16) + 2 X(1) <=> CH3X(21) + CHOX(53) -0.000 0.000 -0.000 0.000 0.000
33 CHOX(53) + X(1) <=> HX(19) + OCX(25) -0.000 0.000 -0.000 0.000 0.000
34 CH2X(27) + CHOX(53) <=> CH3X(21) + OCX(25) -0.000 0.000 -0.000 0.000 0.000
35 CHOX(53) + CHX(28) <=> CH2X(27) + OCX(25) -0.000 0.000 -0.000 -0.000 -0.000
36 CHOX(53) + CX(26) <=> CHX(28) + OCX(25) -0.000 0.000 -0.000 0.000 0.000
37 CHOX(53) + OX(20) <=> HOX(22) + OCX(25) -0.000 -0.000 -0.000 0.000 0.000
38 HOCOX(217) + X(1) <=> HOX(22) + OCX(25) -0.000 0.000 -0.000 0.000 0.000
39 C2H4(47) + X(1) <=> C2H4X(209) -0.000 0.000 -0.000 -0.000 -0.000
40 CO2(4) + X(1) <=> CO2X(24) -0.000 0.000 -0.000 0.000 0.000
41 OCX(25) + OX(20) <=> CO2X(24) + X(1) 0.000 0.000 0.000 0.000 0.000
42 CO2X(24) + HX(19) <=> HOX(22) + OCX(25) 0.328 0.327 0.654 0.990 -0.000
Finished sensitivity simulation for a C/O ratio of 2.6
Finished translating for C/O ratio of 2.6
Starting sensitivity simulation for a C/O ratio of 2.4
0 CH4(2) + X(1) <=> CH4X(48) 0.000 0.000 0.000 -0.000 -0.000
1 O2(3) + 2 X(1) <=> 2 OX(20) 0.000 0.000 0.000 -0.000 0.000
2 H2(6) + 2 X(1) <=> 2 HX(19) -0.000 -0.000 -0.000 -0.000 -0.000
3 H(12) + X(1) <=> HX(19) 0.000 -0.000 0.000 -0.000 -0.000
4 CH4(2) + 2 X(1) <=> CH3X(21) + HX(19) -0.396 -1.147 -1.547 -0.393 -1.555
5 C2H6(8) + 2 X(1) <=> 2 CH3X(21) 0.000 -0.000 0.000 -0.000 -0.000
6 CH3(10) + X(1) <=> CH3X(21) 0.000 0.000 0.000 -0.000 -0.000
7 CH2X(27) + HX(19) <=> CH3X(21) + X(1) -0.000 -0.000 -0.000 -0.000 -0.000
8 CHX(28) + HX(19) <=> CH2X(27) + X(1) 0.000 0.000 0.000 -0.000 0.000
9 2 CH2X(27) <=> CH3X(21) + CHX(28) 0.000 -0.000 0.000 -0.000 -0.000
10 CHX(28) + X(1) <=> CX(26) + HX(19) 0.000 0.000 0.000 -0.000 -0.000
11 CX(26) + H2(6) <=> CH2X(27) -0.000 -0.000 -0.000 -0.000 -0.000
12 CH3X(21) + CX(26) <=> CH2X(27) + CHX(28) 0.000 -0.000 0.000 -0.000 -0.000
13 CH2X(27) + CX(26) <=> 2 CHX(28) 0.000 -0.000 0.000 -0.000 -0.000
14 H2(6) + X(1) <=> H2X(49) 0.000 -0.000 0.000 -0.000 -0.000
15 CH4(2) + OX(20) + X(1) <=> CH3X(21) + HOX(22) -0.050 -0.239 -0.289 -0.097 -0.316
16 HX(19) + OX(20) <=> HOX(22) + X(1) 1.243 1.238 2.466 0.042 1.884
17 H2O(5) + 2 X(1) <=> HOX(22) + HX(19) 0.032 0.038 0.069 -0.043 0.081
18 CH3OH(14) + 2 X(1) <=> CH3X(21) + HOX(22) 0.000 0.000 0.000 0.000 0.000
19 OH(17) + X(1) <=> HOX(22) -0.002 -0.005 -0.007 -0.003 -0.007
20 CH2X(27) + HOX(22) <=> CH3X(21) + OX(20) 0.000 0.000 0.000 0.000 0.000
21 CHX(28) + HOX(22) <=> CH2X(27) + OX(20) 0.000 -0.000 0.000 -0.000 -0.000
22 CX(26) + HOX(22) <=> CHX(28) + OX(20) 0.000 -0.000 0.000 -0.000 -0.000
23 CH4(2) + HOX(22) + X(1) <=> CH3X(21) + H2OX(23) -0.045 -0.165 -0.210 -0.094 -0.204
24 H2O(5) + X(1) <=> H2OX(23) 0.000 -0.000 0.000 -0.000 -0.000
25 H2OX(23) + OX(20) <=> 2 HOX(22) -0.166 -0.106 -0.272 -0.429 0.068
26 HOX(22) + HX(19) <=> H2OX(23) + X(1) 0.000 0.000 0.000 -0.000 0.000
27 CO(7) + X(1) <=> OCX(25) -0.000 -0.000 -0.000 -0.000 -0.000
28 CX(26) + OX(20) <=> OCX(25) + X(1) 0.000 -0.000 0.000 -0.000 -0.000
29 CO(7) + X(1) <=> COX(50) 0.000 -0.000 0.000 -0.000 -0.000
30 CH2O(9) + 2 X(1) <=> CHOX(53) + HX(19) 0.000 0.000 0.000 0.000 -0.000
31 HCO(15) + X(1) <=> CHOX(53) 0.000 -0.000 0.000 -0.000 -0.000
32 CH3CHO(16) + 2 X(1) <=> CH3X(21) + CHOX(53) 0.000 -0.000 0.000 -0.000 -0.000
33 CHOX(53) + X(1) <=> HX(19) + OCX(25) 0.000 -0.000 0.000 -0.000 -0.000
34 CH2X(27) + CHOX(53) <=> CH3X(21) + OCX(25) 0.000 -0.000 0.000 -0.000 -0.000
35 CHOX(53) + CHX(28) <=> CH2X(27) + OCX(25) 0.000 -0.000 0.000 -0.000 -0.000
36 CHOX(53) + CX(26) <=> CHX(28) + OCX(25) 0.000 0.000 0.000 0.000 0.000
37 CHOX(53) + OX(20) <=> HOX(22) + OCX(25) 0.000 -0.000 0.000 -0.000 -0.000
38 HOCOX(217) + X(1) <=> HOX(22) + OCX(25) 0.000 -0.000 0.000 -0.000 -0.000
39 C2H4(47) + X(1) <=> C2H4X(209) 0.000 -0.000 0.000 -0.000 -0.000
40 CO2(4) + X(1) <=> CO2X(24) 0.000 -0.000 0.000 -0.000 -0.000
41 OCX(25) + OX(20) <=> CO2X(24) + X(1) 0.000 0.000 0.000 0.000 0.000
42 CO2X(24) + HX(19) <=> HOX(22) + OCX(25) 0.348 0.347 0.694 0.990 -0.000
Finished sensitivity simulation for a C/O ratio of 2.4
Finished translating for C/O ratio of 2.4
Starting sensitivity simulation for a C/O ratio of 1.3
0 CH4(2) + X(1) <=> CH4X(48) -0.000 0.000 -0.000 -0.000 0.000
1 O2(3) + 2 X(1) <=> 2 OX(20) 0.000 0.000 0.000 -0.000 0.000
2 H2(6) + 2 X(1) <=> 2 HX(19) -0.000 -0.000 -0.000 -0.000 -0.000
3 H(12) + X(1) <=> HX(19) -0.000 0.000 -0.000 0.000 -0.000
4 CH4(2) + 2 X(1) <=> CH3X(21) + HX(19) -0.186 -0.923 -1.111 -0.382 -1.537
5 C2H6(8) + 2 X(1) <=> 2 CH3X(21) -0.000 -0.000 -0.000 -0.000 -0.000
6 CH3(10) + X(1) <=> CH3X(21) 0.000 0.000 0.000 -0.000 -0.000
7 CH2X(27) + HX(19) <=> CH3X(21) + X(1) -0.000 -0.000 -0.000 -0.000 -0.000
8 CHX(28) + HX(19) <=> CH2X(27) + X(1) 0.000 0.000 0.000 -0.000 0.000
9 2 CH2X(27) <=> CH3X(21) + CHX(28) 0.000 0.000 0.000 -0.000 0.000
10 CHX(28) + X(1) <=> CX(26) + HX(19) 0.000 -0.000 -0.000 -0.000 -0.000
11 CX(26) + H2(6) <=> CH2X(27) -0.000 -0.000 -0.000 -0.000 -0.000
12 CH3X(21) + CX(26) <=> CH2X(27) + CHX(28) 0.000 -0.000 0.000 -0.000 -0.000
13 CH2X(27) + CX(26) <=> 2 CHX(28) -0.000 0.000 -0.000 0.000 0.000
14 H2(6) + X(1) <=> H2X(49) 0.000 -0.000 0.000 -0.000 0.000
15 CH4(2) + OX(20) + X(1) <=> CH3X(21) + HOX(22) -0.013 -0.224 -0.237 -0.108 -0.356
16 HX(19) + OX(20) <=> HOX(22) + X(1) 0.912 0.908 1.812 0.032 1.902
17 H2O(5) + 2 X(1) <=> HOX(22) + HX(19) 0.008 0.011 0.019 -0.032 0.061
18 CH3OH(14) + 2 X(1) <=> CH3X(21) + HOX(22) 0.000 0.000 0.000 0.000 0.000
19 OH(17) + X(1) <=> HOX(22) -0.001 -0.006 -0.007 -0.003 -0.008
20 CH2X(27) + HOX(22) <=> CH3X(21) + OX(20) 0.000 0.000 0.000 0.000 0.000
21 CHX(28) + HOX(22) <=> CH2X(27) + OX(20) -0.000 -0.000 -0.000 -0.000 -0.000
22 CX(26) + HOX(22) <=> CHX(28) + OX(20) -0.000 -0.000 -0.000 -0.000 -0.000
23 CH4(2) + HOX(22) + X(1) <=> CH3X(21) + H2OX(23) -0.021 -0.123 -0.144 -0.079 -0.173
24 H2O(5) + X(1) <=> H2OX(23) -0.000 -0.000 -0.000 -0.000 0.000
25 H2OX(23) + OX(20) <=> 2 HOX(22) -0.256 -0.204 -0.461 -0.441 0.064
26 HOX(22) + HX(19) <=> H2OX(23) + X(1) 0.000 -0.000 -0.000 -0.000 0.000
27 CO(7) + X(1) <=> OCX(25) -0.000 -0.000 -0.000 -0.000 0.000
28 CX(26) + OX(20) <=> OCX(25) + X(1) 0.000 -0.000 0.000 -0.000 -0.000
29 CO(7) + X(1) <=> COX(50) 0.000 -0.000 0.000 -0.000 -0.000
30 CH2O(9) + 2 X(1) <=> CHOX(53) + HX(19) 0.000 -0.000 0.000 -0.000 -0.000
31 HCO(15) + X(1) <=> CHOX(53) -0.000 -0.000 -0.000 -0.000 -0.000
32 CH3CHO(16) + 2 X(1) <=> CH3X(21) + CHOX(53) 0.000 0.000 0.000 0.000 0.000
33 CHOX(53) + X(1) <=> HX(19) + OCX(25) -0.000 -0.000 -0.000 -0.000 -0.000
34 CH2X(27) + CHOX(53) <=> CH3X(21) + OCX(25) 0.000 -0.000 -0.000 -0.000 -0.000
35 CHOX(53) + CHX(28) <=> CH2X(27) + OCX(25) -0.000 -0.000 -0.000 -0.000 -0.000
36 CHOX(53) + CX(26) <=> CHX(28) + OCX(25) -0.000 -0.000 -0.000 -0.000 -0.000
37 CHOX(53) + OX(20) <=> HOX(22) + OCX(25) -0.000 -0.000 -0.000 -0.000 -0.000
38 HOCOX(217) + X(1) <=> HOX(22) + OCX(25) 0.000 -0.000 -0.000 -0.000 0.000
39 C2H4(47) + X(1) <=> C2H4X(209) -0.000 -0.000 -0.000 0.000 0.000
40 CO2(4) + X(1) <=> CO2X(24) -0.000 -0.000 -0.000 -0.000 -0.000
41 OCX(25) + OX(20) <=> CO2X(24) + X(1) 0.000 0.000 0.000 0.000 0.000
42 CO2X(24) + HX(19) <=> HOX(22) + OCX(25) 0.527 0.526 1.050 0.990 -0.000
Finished sensitivity simulation for a C/O ratio of 1.3
Finished translating for C/O ratio of 1.3
Starting sensitivity simulation for a C/O ratio of 2.0
0 CH4(2) + X(1) <=> CH4X(48) -0.000 0.000 -0.000 0.000 0.000
1 O2(3) + 2 X(1) <=> 2 OX(20) 0.000 0.000 0.000 -0.000 0.000
2 H2(6) + 2 X(1) <=> 2 HX(19) -0.000 -0.000 -0.000 0.000 -0.000
3 H(12) + X(1) <=> HX(19) -0.000 0.000 -0.000 -0.000 -0.000
4 CH4(2) + 2 X(1) <=> CH3X(21) + HX(19) -0.337 -1.084 -1.424 -0.389 -1.549
5 C2H6(8) + 2 X(1) <=> 2 CH3X(21) -0.000 0.000 -0.000 0.000 0.000
6 CH3(10) + X(1) <=> CH3X(21) 0.000 0.000 0.000 -0.000 -0.000
7 CH2X(27) + HX(19) <=> CH3X(21) + X(1) -0.000 -0.000 -0.000 -0.000 -0.000
8 CHX(28) + HX(19) <=> CH2X(27) + X(1) 0.000 0.000 0.000 -0.000 0.000
9 2 CH2X(27) <=> CH3X(21) + CHX(28) -0.000 0.000 -0.000 0.000 0.000
10 CHX(28) + X(1) <=> CX(26) + HX(19) -0.000 0.000 -0.000 0.000 0.000
11 CX(26) + H2(6) <=> CH2X(27) -0.000 -0.000 -0.000 -0.000 -0.000
12 CH3X(21) + CX(26) <=> CH2X(27) + CHX(28) -0.000 0.000 -0.000 -0.000 0.000
13 CH2X(27) + CX(26) <=> 2 CHX(28) -0.000 0.000 0.000 0.000 0.000
14 H2(6) + X(1) <=> H2X(49) -0.000 0.000 -0.000 0.000 0.000
15 CH4(2) + OX(20) + X(1) <=> CH3X(21) + HOX(22) -0.041 -0.237 -0.278 -0.101 -0.329
16 HX(19) + OX(20) <=> HOX(22) + X(1) 1.153 1.148 2.287 0.039 1.890
17 H2O(5) + 2 X(1) <=> HOX(22) + HX(19) 0.024 0.029 0.053 -0.039 0.075
18 CH3OH(14) + 2 X(1) <=> CH3X(21) + HOX(22) -0.000 0.000 0.000 0.000 0.000
19 OH(17) + X(1) <=> HOX(22) -0.002 -0.005 -0.007 -0.003 -0.007
20 CH2X(27) + HOX(22) <=> CH3X(21) + OX(20) 0.000 0.000 0.000 0.000 0.000
21 CHX(28) + HOX(22) <=> CH2X(27) + OX(20) -0.000 0.000 -0.000 0.000 0.000
22 CX(26) + HOX(22) <=> CHX(28) + OX(20) -0.000 0.000 -0.000 0.000 0.000
23 CH4(2) + HOX(22) + X(1) <=> CH3X(21) + H2OX(23) -0.037 -0.153 -0.190 -0.090 -0.195
24 H2O(5) + X(1) <=> H2OX(23) -0.000 0.000 0.000 0.000 0.000
25 H2OX(23) + OX(20) <=> 2 HOX(22) -0.190 -0.133 -0.324 -0.433 0.067
26 HOX(22) + HX(19) <=> H2OX(23) + X(1) 0.000 0.000 0.000 -0.000 0.000
27 CO(7) + X(1) <=> OCX(25) -0.000 -0.000 -0.000 -0.000 0.000
28 CX(26) + OX(20) <=> OCX(25) + X(1) 0.000 -0.000 0.000 -0.000 -0.000
29 CO(7) + X(1) <=> COX(50) -0.000 0.000 -0.000 0.000 0.000
30 CH2O(9) + 2 X(1) <=> CHOX(53) + HX(19) -0.000 0.000 -0.000 0.000 0.000
31 HCO(15) + X(1) <=> CHOX(53) -0.000 -0.000 -0.000 -0.000 0.000
32 CH3CHO(16) + 2 X(1) <=> CH3X(21) + CHOX(53) -0.000 0.000 0.000 0.000 0.000
33 CHOX(53) + X(1) <=> HX(19) + OCX(25) -0.000 -0.000 -0.000 0.000 0.000
34 CH2X(27) + CHOX(53) <=> CH3X(21) + OCX(25) -0.000 -0.000 -0.000 -0.000 -0.000
35 CHOX(53) + CHX(28) <=> CH2X(27) + OCX(25) -0.000 -0.000 -0.000 -0.000 -0.000
36 CHOX(53) + CX(26) <=> CHX(28) + OCX(25) -0.000 -0.000 -0.000 -0.000 -0.000
37 CHOX(53) + OX(20) <=> HOX(22) + OCX(25) -0.000 0.000 -0.000 -0.000 -0.000
38 HOCOX(217) + X(1) <=> HOX(22) + OCX(25) -0.000 0.000 -0.000 -0.000 0.000
39 C2H4(47) + X(1) <=> C2H4X(209) -0.000 0.000 -0.000 0.000 0.000
40 CO2(4) + X(1) <=> CO2X(24) -0.000 0.000 -0.000 0.000 0.000
41 OCX(25) + OX(20) <=> CO2X(24) + X(1) 0.000 0.000 0.000 0.000 0.000
42 CO2X(24) + HX(19) <=> HOX(22) + OCX(25) 0.398 0.397 0.793 0.990 -0.000
Finished sensitivity simulation for a C/O ratio of 2.0
Finished translating for C/O ratio of 2.0
Starting sensitivity simulation for a C/O ratio of 2.2
0 CH4(2) + X(1) <=> CH4X(48) 0.000 0.000 0.000 0.000 0.000
1 O2(3) + 2 X(1) <=> 2 OX(20) 0.000 0.000 0.000 -0.000 0.000
2 H2(6) + 2 X(1) <=> 2 HX(19) -0.000 -0.000 -0.000 0.000 -0.000
3 H(12) + X(1) <=> HX(19) 0.000 0.000 0.000 -0.000 -0.000
4 CH4(2) + 2 X(1) <=> CH3X(21) + HX(19) -0.368 -1.117 -1.490 -0.391 -1.552
5 C2H6(8) + 2 X(1) <=> 2 CH3X(21) 0.000 0.000 0.000 0.000 0.000
6 CH3(10) + X(1) <=> CH3X(21) 0.000 0.000 0.000 -0.000 -0.000
7 CH2X(27) + HX(19) <=> CH3X(21) + X(1) -0.000 -0.000 -0.000 -0.000 -0.000
8 CHX(28) + HX(19) <=> CH2X(27) + X(1) 0.000 0.000 0.000 0.000 0.000
9 2 CH2X(27) <=> CH3X(21) + CHX(28) 0.000 0.000 0.000 0.000 0.000
10 CHX(28) + X(1) <=> CX(26) + HX(19) 0.000 0.000 0.000 0.000 0.000
11 CX(26) + H2(6) <=> CH2X(27) -0.000 -0.000 -0.000 0.000 -0.000
12 CH3X(21) + CX(26) <=> CH2X(27) + CHX(28) 0.000 0.000 0.000 0.000 0.000
13 CH2X(27) + CX(26) <=> 2 CHX(28) 0.000 0.000 0.000 0.000 0.000
14 H2(6) + X(1) <=> H2X(49) 0.000 0.000 0.000 0.000 0.000
15 CH4(2) + OX(20) + X(1) <=> CH3X(21) + HOX(22) -0.046 -0.239 -0.285 -0.099 -0.322
16 HX(19) + OX(20) <=> HOX(22) + X(1) 1.201 1.196 2.382 0.040 1.887
17 H2O(5) + 2 X(1) <=> HOX(22) + HX(19) 0.028 0.033 0.061 -0.041 0.078
18 CH3OH(14) + 2 X(1) <=> CH3X(21) + HOX(22) 0.000 0.000 0.000 0.000 0.000
19 OH(17) + X(1) <=> HOX(22) -0.002 -0.005 -0.007 -0.003 -0.007
20 CH2X(27) + HOX(22) <=> CH3X(21) + OX(20) 0.000 0.000 0.000 0.000 0.000
21 CHX(28) + HOX(22) <=> CH2X(27) + OX(20) 0.000 0.000 0.000 0.000 0.000
22 CX(26) + HOX(22) <=> CHX(28) + OX(20) 0.000 0.000 0.000 0.000 0.000
23 CH4(2) + HOX(22) + X(1) <=> CH3X(21) + H2OX(23) -0.041 -0.159 -0.201 -0.092 -0.200
24 H2O(5) + X(1) <=> H2OX(23) 0.000 0.000 0.000 0.000 0.000
25 H2OX(23) + OX(20) <=> 2 HOX(22) -0.177 -0.119 -0.296 -0.431 0.068
26 HOX(22) + HX(19) <=> H2OX(23) + X(1) 0.000 0.000 0.000 -0.000 0.000
27 CO(7) + X(1) <=> OCX(25) -0.000 -0.000 -0.000 -0.000 0.000
28 CX(26) + OX(20) <=> OCX(25) + X(1) 0.000 0.000 0.000 -0.000 -0.000
29 CO(7) + X(1) <=> COX(50) 0.000 0.000 0.000 0.000 0.000
30 CH2O(9) + 2 X(1) <=> CHOX(53) + HX(19) 0.000 0.000 0.000 0.000 0.000
31 HCO(15) + X(1) <=> CHOX(53) 0.000 0.000 0.000 0.000 0.000
32 CH3CHO(16) + 2 X(1) <=> CH3X(21) + CHOX(53) 0.000 0.000 0.000 0.000 -0.000
33 CHOX(53) + X(1) <=> HX(19) + OCX(25) 0.000 0.000 0.000 0.000 -0.000
34 CH2X(27) + CHOX(53) <=> CH3X(21) + OCX(25) 0.000 0.000 0.000 0.000 0.000
35 CHOX(53) + CHX(28) <=> CH2X(27) + OCX(25) 0.000 0.000 0.000 0.000 0.000
36 CHOX(53) + CX(26) <=> CHX(28) + OCX(25) 0.000 0.000 0.000 0.000 0.000
37 CHOX(53) + OX(20) <=> HOX(22) + OCX(25) 0.000 0.000 0.000 0.000 0.000
38 HOCOX(217) + X(1) <=> HOX(22) + OCX(25) 0.000 0.000 0.000 0.000 0.000
39 C2H4(47) + X(1) <=> C2H4X(209) 0.000 0.000 0.000 0.000 0.000
40 CO2(4) + X(1) <=> CO2X(24) 0.000 0.000 0.000 0.000 0.000
41 OCX(25) + OX(20) <=> CO2X(24) + X(1) 0.000 0.000 0.000 0.000 0.000
42 CO2X(24) + HX(19) <=> HOX(22) + OCX(25) 0.371 0.370 0.740 0.990 -0.000
Finished sensitivity simulation for a C/O ratio of 2.2
Finished translating for C/O ratio of 2.2
Starting sensitivity simulation for a C/O ratio of 0.9
0 CH4(2) + X(1) <=> CH4X(48) 0.000 -0.000 0.000 0.000 0.000
1 O2(3) + 2 X(1) <=> 2 OX(20) 0.000 0.000 0.000 -0.000 0.000
2 H2(6) + 2 X(1) <=> 2 HX(19) -0.000 -0.000 -0.000 0.000 -0.000
3 H(12) + X(1) <=> HX(19) -0.000 -0.000 -0.000 0.000 -0.000
4 CH4(2) + 2 X(1) <=> CH3X(21) + HX(19) -0.055 -0.785 -0.841 -0.376 -1.530
5 C2H6(8) + 2 X(1) <=> 2 CH3X(21) 0.000 -0.000 -0.000 0.000 0.000
6 CH3(10) + X(1) <=> CH3X(21) 0.000 0.000 0.000 -0.000 -0.000
7 CH2X(27) + HX(19) <=> CH3X(21) + X(1) -0.000 -0.000 -0.000 -0.000 -0.000
8 CHX(28) + HX(19) <=> CH2X(27) + X(1) 0.000 0.000 0.000 0.000 0.000
9 2 CH2X(27) <=> CH3X(21) + CHX(28) -0.000 -0.000 -0.000 0.000 -0.000
10 CHX(28) + X(1) <=> CX(26) + HX(19) -0.000 -0.000 -0.000 0.000 0.000
11 CX(26) + H2(6) <=> CH2X(27) -0.000 -0.000 -0.000 0.000 -0.000
12 CH3X(21) + CX(26) <=> CH2X(27) + CHX(28) -0.000 -0.000 -0.000 -0.000 -0.000
13 CH2X(27) + CX(26) <=> 2 CHX(28) -0.000 0.000 0.000 0.000 0.000
14 H2(6) + X(1) <=> H2X(49) 0.000 -0.000 -0.000 -0.000 -0.000
15 CH4(2) + OX(20) + X(1) <=> CH3X(21) + HOX(22) 0.016 -0.206 -0.190 -0.113 -0.375
16 HX(19) + OX(20) <=> HOX(22) + X(1) 0.698 0.695 1.388 0.027 1.910
17 H2O(5) + 2 X(1) <=> HOX(22) + HX(19) -0.002 0.000 -0.002 -0.027 0.051
18 CH3OH(14) + 2 X(1) <=> CH3X(21) + HOX(22) -0.000 0.000 -0.000 0.000 0.000
19 OH(17) + X(1) <=> HOX(22) -0.001 -0.006 -0.007 -0.004 -0.008
20 CH2X(27) + HOX(22) <=> CH3X(21) + OX(20) 0.000 0.000 0.000 0.000 0.000
21 CHX(28) + HOX(22) <=> CH2X(27) + OX(20) 0.000 0.000 0.000 0.000 0.000
22 CX(26) + HOX(22) <=> CHX(28) + OX(20) 0.000 0.000 0.000 0.000 0.000
23 CH4(2) + HOX(22) + X(1) <=> CH3X(21) + H2OX(23) -0.009 -0.099 -0.108 -0.069 -0.153
24 H2O(5) + X(1) <=> H2OX(23) -0.000 0.000 -0.000 -0.000 -0.000
25 H2OX(23) + OX(20) <=> 2 HOX(22) -0.314 -0.268 -0.583 -0.448 0.060
26 HOX(22) + HX(19) <=> H2OX(23) + X(1) 0.000 0.000 0.000 -0.000 0.000
27 CO(7) + X(1) <=> OCX(25) -0.000 -0.000 -0.000 -0.000 0.000
28 CX(26) + OX(20) <=> OCX(25) + X(1) 0.000 0.000 0.000 -0.000 -0.000
29 CO(7) + X(1) <=> COX(50) 0.000 -0.000 -0.000 -0.000 -0.000
30 CH2O(9) + 2 X(1) <=> CHOX(53) + HX(19) 0.000 -0.000 0.000 0.000 0.000
31 HCO(15) + X(1) <=> CHOX(53) 0.000 0.000 0.000 0.000 -0.000
32 CH3CHO(16) + 2 X(1) <=> CH3X(21) + CHOX(53) 0.000 -0.000 -0.000 0.000 -0.000
33 CHOX(53) + X(1) <=> HX(19) + OCX(25) -0.000 0.000 0.000 0.000 0.000
34 CH2X(27) + CHOX(53) <=> CH3X(21) + OCX(25) 0.000 -0.000 -0.000 0.000 0.000
35 CHOX(53) + CHX(28) <=> CH2X(27) + OCX(25) -0.000 0.000 -0.000 -0.000 -0.000
36 CHOX(53) + CX(26) <=> CHX(28) + OCX(25) 0.000 0.000 0.000 0.000 0.000
37 CHOX(53) + OX(20) <=> HOX(22) + OCX(25) -0.000 0.000 -0.000 -0.000 -0.000
38 HOCOX(217) + X(1) <=> HOX(22) + OCX(25) -0.000 -0.000 -0.000 -0.000 -0.000
39 C2H4(47) + X(1) <=> C2H4X(209) 0.000 0.000 0.000 0.000 0.000
40 CO2(4) + X(1) <=> CO2X(24) -0.000 -0.000 -0.000 0.000 0.000
41 OCX(25) + OX(20) <=> CO2X(24) + X(1) 0.000 0.000 0.000 0.000 0.000
42 CO2X(24) + HX(19) <=> HOX(22) + OCX(25) 0.639 0.639 1.274 0.990 -0.000
Finished sensitivity simulation for a C/O ratio of 0.9
Finished translating for C/O ratio of 0.9
Starting sensitivity simulation for a C/O ratio of 0.8
0 CH4(2) + X(1) <=> CH4X(48) 0.000 -0.000 -0.000 -0.000 -0.000
1 O2(3) + 2 X(1) <=> 2 OX(20) 0.000 0.000 0.000 -0.000 0.000
2 H2(6) + 2 X(1) <=> 2 HX(19) -0.000 -0.000 -0.000 0.000 -0.000
3 H(12) + X(1) <=> HX(19) 0.000 -0.000 -0.000 -0.000 -0.000
4 CH4(2) + 2 X(1) <=> CH3X(21) + HX(19) -0.015 -0.744 -0.759 -0.375 -1.528
5 C2H6(8) + 2 X(1) <=> 2 CH3X(21) -0.000 -0.000 -0.000 -0.000 -0.000
6 CH3(10) + X(1) <=> CH3X(21) 0.000 0.000 0.001 -0.000 -0.000
7 CH2X(27) + HX(19) <=> CH3X(21) + X(1) -0.000 -0.000 -0.000 -0.000 -0.000
8 CHX(28) + HX(19) <=> CH2X(27) + X(1) 0.000 0.000 0.000 -0.000 0.000
9 2 CH2X(27) <=> CH3X(21) + CHX(28) 0.000 -0.000 -0.000 -0.000 -0.000
10 CHX(28) + X(1) <=> CX(26) + HX(19) -0.000 -0.000 -0.000 -0.000 -0.000
11 CX(26) + H2(6) <=> CH2X(27) -0.000 -0.000 -0.000 -0.000 -0.000
12 CH3X(21) + CX(26) <=> CH2X(27) + CHX(28) 0.000 -0.000 -0.000 0.000 0.000
13 CH2X(27) + CX(26) <=> 2 CHX(28) 0.000 -0.000 -0.000 -0.000 -0.000
14 H2(6) + X(1) <=> H2X(49) -0.000 -0.000 -0.000 -0.000 -0.000
15 CH4(2) + OX(20) + X(1) <=> CH3X(21) + HOX(22) 0.026 -0.200 -0.174 -0.115 -0.380
16 HX(19) + OX(20) <=> HOX(22) + X(1) 0.632 0.629 1.257 0.026 1.912
17 H2O(5) + 2 X(1) <=> HOX(22) + HX(19) -0.005 -0.002 -0.007 -0.026 0.048
18 CH3OH(14) + 2 X(1) <=> CH3X(21) + HOX(22) 0.000 0.000 0.000 0.000 0.000
19 OH(17) + X(1) <=> HOX(22) -0.001 -0.006 -0.007 -0.004 -0.009
20 CH2X(27) + HOX(22) <=> CH3X(21) + OX(20) 0.000 0.000 0.000 0.000 0.000
21 CHX(28) + HOX(22) <=> CH2X(27) + OX(20) -0.000 0.000 -0.000 -0.000 0.000
22 CX(26) + HOX(22) <=> CHX(28) + OX(20) 0.000 -0.000 0.000 -0.000 -0.000
23 CH4(2) + HOX(22) + X(1) <=> CH3X(21) + H2OX(23) -0.005 -0.092 -0.098 -0.067 -0.147
24 H2O(5) + X(1) <=> H2OX(23) 0.000 0.000 0.000 -0.000 0.000
25 H2OX(23) + OX(20) <=> 2 HOX(22) -0.332 -0.287 -0.620 -0.450 0.059
26 HOX(22) + HX(19) <=> H2OX(23) + X(1) 0.000 -0.000 -0.000 -0.000 0.000
27 CO(7) + X(1) <=> OCX(25) -0.000 -0.000 -0.000 -0.000 0.000
28 CX(26) + OX(20) <=> OCX(25) + X(1) 0.000 -0.000 0.000 -0.000 -0.000
29 CO(7) + X(1) <=> COX(50) 0.000 -0.000 -0.000 -0.000 -0.000
30 CH2O(9) + 2 X(1) <=> CHOX(53) + HX(19) -0.000 -0.000 -0.000 -0.000 -0.000
31 HCO(15) + X(1) <=> CHOX(53) -0.000 -0.000 -0.000 0.000 0.000
32 CH3CHO(16) + 2 X(1) <=> CH3X(21) + CHOX(53) 0.000 -0.000 -0.000 -0.000 -0.000
33 CHOX(53) + X(1) <=> HX(19) + OCX(25) 0.000 -0.000 0.000 -0.000 -0.000
34 CH2X(27) + CHOX(53) <=> CH3X(21) + OCX(25) -0.000 -0.000 -0.000 -0.000 -0.000
35 CHOX(53) + CHX(28) <=> CH2X(27) + OCX(25) 0.000 0.000 0.000 -0.000 0.000
36 CHOX(53) + CX(26) <=> CHX(28) + OCX(25) 0.000 0.000 0.000 -0.000 -0.000
37 CHOX(53) + OX(20) <=> HOX(22) + OCX(25) 0.000 0.000 0.000 -0.000 0.000
38 HOCOX(217) + X(1) <=> HOX(22) + OCX(25) -0.000 -0.000 -0.000 -0.000 -0.000
39 C2H4(47) + X(1) <=> C2H4X(209) 0.000 -0.000 -0.000 -0.000 -0.000
40 CO2(4) + X(1) <=> CO2X(24) 0.000 0.000 0.000 -0.000 -0.000
41 OCX(25) + OX(20) <=> CO2X(24) + X(1) 0.000 0.000 0.000 0.000 0.000
42 CO2X(24) + HX(19) <=> HOX(22) + OCX(25) 0.674 0.673 1.342 0.990 -0.000
Finished sensitivity simulation for a C/O ratio of 0.8
Finished translating for C/O ratio of 0.8
Starting sensitivity simulation for a C/O ratio of 1.0
0 CH4(2) + X(1) <=> CH4X(48) -0.000 -0.000 -0.000 -0.000 -0.000
1 O2(3) + 2 X(1) <=> 2 OX(20) 0.000 0.000 0.000 -0.000 0.000
2 H2(6) + 2 X(1) <=> 2 HX(19) -0.000 -0.000 -0.000 -0.000 -0.000
3 H(12) + X(1) <=> HX(19) 0.000 -0.000 -0.000 -0.000 -0.000
4 CH4(2) + 2 X(1) <=> CH3X(21) + HX(19) -0.092 -0.824 -0.916 -0.378 -1.532
5 C2H6(8) + 2 X(1) <=> 2 CH3X(21) -0.000 -0.000 -0.000 -0.000 -0.000
6 CH3(10) + X(1) <=> CH3X(21) 0.000 0.000 0.000 -0.000 -0.000
7 CH2X(27) + HX(19) <=> CH3X(21) + X(1) -0.000 -0.000 -0.000 -0.000 -0.000
8 CHX(28) + HX(19) <=> CH2X(27) + X(1) 0.000 0.000 0.000 -0.000 0.000
9 2 CH2X(27) <=> CH3X(21) + CHX(28) 0.000 -0.000 0.000 -0.000 -0.000
10 CHX(28) + X(1) <=> CX(26) + HX(19) 0.000 -0.000 0.000 0.000 0.000
11 CX(26) + H2(6) <=> CH2X(27) -0.000 -0.000 -0.000 -0.000 -0.000
12 CH3X(21) + CX(26) <=> CH2X(27) + CHX(28) -0.000 -0.000 -0.000 0.000 0.000
13 CH2X(27) + CX(26) <=> 2 CHX(28) -0.000 -0.000 -0.000 -0.000 0.000
14 H2(6) + X(1) <=> H2X(49) -0.000 -0.000 -0.000 -0.000 0.000
15 CH4(2) + OX(20) + X(1) <=> CH3X(21) + HOX(22) 0.008 -0.212 -0.204 -0.112 -0.370
16 HX(19) + OX(20) <=> HOX(22) + X(1) 0.758 0.755 1.508 0.028 1.908
17 H2O(5) + 2 X(1) <=> HOX(22) + HX(19) 0.000 0.003 0.003 -0.029 0.054
18 CH3OH(14) + 2 X(1) <=> CH3X(21) + HOX(22) -0.000 0.000 -0.000 0.000 0.000
19 OH(17) + X(1) <=> HOX(22) -0.001 -0.006 -0.007 -0.004 -0.008
20 CH2X(27) + HOX(22) <=> CH3X(21) + OX(20) 0.000 0.000 0.000 0.000 0.000
21 CHX(28) + HOX(22) <=> CH2X(27) + OX(20) 0.000 -0.000 0.000 -0.000 0.000
22 CX(26) + HOX(22) <=> CHX(28) + OX(20) 0.000 -0.000 -0.000 -0.000 -0.000
23 CH4(2) + HOX(22) + X(1) <=> CH3X(21) + H2OX(23) -0.012 -0.106 -0.118 -0.072 -0.159
24 H2O(5) + X(1) <=> H2OX(23) 0.000 -0.000 -0.000 -0.000 0.000
25 H2OX(23) + OX(20) <=> 2 HOX(22) -0.298 -0.250 -0.548 -0.446 0.061
26 HOX(22) + HX(19) <=> H2OX(23) + X(1) 0.000 -0.000 -0.000 -0.000 0.000
27 CO(7) + X(1) <=> OCX(25) -0.000 -0.000 -0.000 -0.000 0.000
28 CX(26) + OX(20) <=> OCX(25) + X(1) 0.000 -0.000 0.000 -0.000 -0.000
29 CO(7) + X(1) <=> COX(50) 0.000 -0.000 0.000 -0.000 -0.000
30 CH2O(9) + 2 X(1) <=> CHOX(53) + HX(19) -0.000 -0.000 -0.000 -0.000 0.000
31 HCO(15) + X(1) <=> CHOX(53) 0.000 -0.000 -0.000 -0.000 -0.000
32 CH3CHO(16) + 2 X(1) <=> CH3X(21) + CHOX(53) -0.000 -0.000 -0.000 0.000 0.000
33 CHOX(53) + X(1) <=> HX(19) + OCX(25) 0.000 -0.000 0.000 -0.000 -0.000
34 CH2X(27) + CHOX(53) <=> CH3X(21) + OCX(25) -0.000 -0.000 -0.000 -0.000 0.000
35 CHOX(53) + CHX(28) <=> CH2X(27) + OCX(25) 0.000 -0.000 0.000 -0.000 -0.000
36 CHOX(53) + CX(26) <=> CHX(28) + OCX(25) -0.000 -0.000 -0.000 -0.000 0.000
37 CHOX(53) + OX(20) <=> HOX(22) + OCX(25) -0.000 -0.000 -0.000 -0.000 0.000
38 HOCOX(217) + X(1) <=> HOX(22) + OCX(25) -0.000 -0.000 -0.000 -0.000 0.000
39 C2H4(47) + X(1) <=> C2H4X(209) -0.000 -0.000 -0.000 -0.000 0.000
40 CO2(4) + X(1) <=> CO2X(24) -0.000 -0.000 -0.000 -0.000 0.000
41 OCX(25) + OX(20) <=> CO2X(24) + X(1) 0.000 0.000 0.000 0.000 0.000
42 CO2X(24) + HX(19) <=> HOX(22) + OCX(25) 0.608 0.607 1.211 0.990 -0.000
Finished sensitivity simulation for a C/O ratio of 1.0
Finished translating for C/O ratio of 1.0
Starting sensitivity simulation for a C/O ratio of 1.2
0 CH4(2) + X(1) <=> CH4X(48) 0.000 -0.000 0.000 0.000 0.000
1 O2(3) + 2 X(1) <=> 2 OX(20) 0.000 0.000 0.000 -0.000 0.000
2 H2(6) + 2 X(1) <=> 2 HX(19) -0.000 -0.000 -0.000 -0.000 -0.000
3 H(12) + X(1) <=> HX(19) -0.000 -0.000 -0.000 0.000 -0.000
4 CH4(2) + 2 X(1) <=> CH3X(21) + HX(19) -0.157 -0.892 -1.051 -0.380 -1.535
5 C2H6(8) + 2 X(1) <=> 2 CH3X(21) -0.000 -0.000 -0.000 -0.000 -0.000
6 CH3(10) + X(1) <=> CH3X(21) 0.000 0.000 0.000 -0.000 -0.000
7 CH2X(27) + HX(19) <=> CH3X(21) + X(1) -0.000 -0.000 -0.000 -0.000 -0.000
8 CHX(28) + HX(19) <=> CH2X(27) + X(1) 0.000 0.000 0.000 0.000 0.000
9 2 CH2X(27) <=> CH3X(21) + CHX(28) -0.000 0.000 -0.000 0.000 0.000
10 CHX(28) + X(1) <=> CX(26) + HX(19) -0.000 0.000 -0.000 0.000 0.000
11 CX(26) + H2(6) <=> CH2X(27) -0.000 -0.000 -0.000 -0.000 -0.000
12 CH3X(21) + CX(26) <=> CH2X(27) + CHX(28) -0.000 -0.000 -0.000 0.000 0.000
13 CH2X(27) + CX(26) <=> 2 CHX(28) -0.000 -0.000 -0.000 -0.000 -0.000
14 H2(6) + X(1) <=> H2X(49) -0.000 0.000 -0.000 -0.000 -0.000
15 CH4(2) + OX(20) + X(1) <=> CH3X(21) + HOX(22) -0.006 -0.221 -0.227 -0.110 -0.360
16 HX(19) + OX(20) <=> HOX(22) + X(1) 0.865 0.861 1.719 0.031 1.904
17 H2O(5) + 2 X(1) <=> HOX(22) + HX(19) 0.005 0.009 0.014 -0.031 0.059
18 CH3OH(14) + 2 X(1) <=> CH3X(21) + HOX(22) 0.000 0.000 0.000 0.000 0.000
19 OH(17) + X(1) <=> HOX(22) -0.001 -0.006 -0.007 -0.004 -0.008
20 CH2X(27) + HOX(22) <=> CH3X(21) + OX(20) 0.000 0.000 0.000 0.000 0.000
21 CHX(28) + HOX(22) <=> CH2X(27) + OX(20) 0.000 0.000 0.000 -0.000 0.000
22 CX(26) + HOX(22) <=> CHX(28) + OX(20) -0.000 -0.000 -0.000 -0.000 -0.000
23 CH4(2) + HOX(22) + X(1) <=> CH3X(21) + H2OX(23) -0.018 -0.118 -0.135 -0.077 -0.169
24 H2O(5) + X(1) <=> H2OX(23) -0.000 0.000 -0.000 -0.000 0.000
25 H2OX(23) + OX(20) <=> 2 HOX(22) -0.269 -0.218 -0.488 -0.443 0.063
26 HOX(22) + HX(19) <=> H2OX(23) + X(1) -0.000 0.000 -0.000 -0.000 0.000
27 CO(7) + X(1) <=> OCX(25) -0.000 -0.000 -0.000 -0.000 0.000
28 CX(26) + OX(20) <=> OCX(25) + X(1) 0.000 -0.000 0.000 -0.000 -0.000
29 CO(7) + X(1) <=> COX(50) 0.000 -0.000 -0.000 -0.000 -0.000
30 CH2O(9) + 2 X(1) <=> CHOX(53) + HX(19) 0.000 0.000 0.000 0.000 0.000
31 HCO(15) + X(1) <=> CHOX(53) -0.000 0.000 -0.000 0.000 0.000
32 CH3CHO(16) + 2 X(1) <=> CH3X(21) + CHOX(53) 0.000 -0.000 -0.000 0.000 -0.000
33 CHOX(53) + X(1) <=> HX(19) + OCX(25) -0.000 0.000 -0.000 0.000 0.000
34 CH2X(27) + CHOX(53) <=> CH3X(21) + OCX(25) -0.000 0.000 -0.000 0.000 0.000
35 CHOX(53) + CHX(28) <=> CH2X(27) + OCX(25) -0.000 -0.000 -0.000 0.000 0.000
36 CHOX(53) + CX(26) <=> CHX(28) + OCX(25) 0.000 0.000 0.000 0.000 0.000
37 CHOX(53) + OX(20) <=> HOX(22) + OCX(25) 0.000 -0.000 0.000 0.000 0.000
38 HOCOX(217) + X(1) <=> HOX(22) + OCX(25) -0.000 0.000 -0.000 0.000 0.000
39 C2H4(47) + X(1) <=> C2H4X(209) 0.000 -0.000 0.000 0.000 0.000
40 CO2(4) + X(1) <=> CO2X(24) -0.000 0.000 -0.000 0.000 0.000
41 OCX(25) + OX(20) <=> CO2X(24) + X(1) 0.000 0.000 0.000 0.000 0.000
42 CO2X(24) + HX(19) <=> HOX(22) + OCX(25) 0.552 0.551 1.099 0.990 -0.000
Finished sensitivity simulation for a C/O ratio of 1.2
Finished translating for C/O ratio of 1.2
Starting sensitivity simulation for a C/O ratio of 1.6
0 CH4(2) + X(1) <=> CH4X(48) 0.000 -0.000 -0.000 -0.000 -0.000
1 O2(3) + 2 X(1) <=> 2 OX(20) 0.000 0.000 0.000 -0.000 0.000
2 H2(6) + 2 X(1) <=> 2 HX(19) -0.000 -0.000 -0.000 -0.000 -0.000
3 H(12) + X(1) <=> HX(19) -0.000 0.000 0.000 -0.000 -0.000
4 CH4(2) + 2 X(1) <=> CH3X(21) + HX(19) -0.261 -1.002 -1.265 -0.385 -1.542
5 C2H6(8) + 2 X(1) <=> 2 CH3X(21) 0.000 0.000 0.000 -0.000 -0.000
6 CH3(10) + X(1) <=> CH3X(21) 0.000 0.000 0.000 -0.000 -0.000
7 CH2X(27) + HX(19) <=> CH3X(21) + X(1) -0.000 -0.000 -0.000 -0.000 -0.000
8 CHX(28) + HX(19) <=> CH2X(27) + X(1) 0.000 0.000 0.000 -0.000 0.000
9 2 CH2X(27) <=> CH3X(21) + CHX(28) 0.000 0.000 0.000 -0.000 -0.000
10 CHX(28) + X(1) <=> CX(26) + HX(19) 0.000 0.000 0.000 -0.000 -0.000
11 CX(26) + H2(6) <=> CH2X(27) -0.000 -0.000 -0.000 -0.000 -0.000
12 CH3X(21) + CX(26) <=> CH2X(27) + CHX(28) 0.000 0.000 0.000 -0.000 -0.000
13 CH2X(27) + CX(26) <=> 2 CHX(28) -0.000 -0.000 -0.000 -0.000 -0.000
14 H2(6) + X(1) <=> H2X(49) 0.000 0.000 0.000 -0.000 -0.000
15 CH4(2) + OX(20) + X(1) <=> CH3X(21) + HOX(22) -0.027 -0.232 -0.259 -0.105 -0.343
16 HX(19) + OX(20) <=> HOX(22) + X(1) 1.031 1.027 2.048 0.035 1.896
17 H2O(5) + 2 X(1) <=> HOX(22) + HX(19) 0.015 0.019 0.034 -0.036 0.067
18 CH3OH(14) + 2 X(1) <=> CH3X(21) + HOX(22) 0.000 0.000 0.000 0.000 0.000
19 OH(17) + X(1) <=> HOX(22) -0.001 -0.005 -0.007 -0.003 -0.007
20 CH2X(27) + HOX(22) <=> CH3X(21) + OX(20) 0.000 0.000 0.000 0.000 0.000
21 CHX(28) + HOX(22) <=> CH2X(27) + OX(20) 0.000 0.000 0.000 -0.000 -0.000
22 CX(26) + HOX(22) <=> CHX(28) + OX(20) 0.000 0.000 0.000 -0.000 -0.000
23 CH4(2) + HOX(22) + X(1) <=> CH3X(21) + H2OX(23) -0.029 -0.137 -0.166 -0.084 -0.184
24 H2O(5) + X(1) <=> H2OX(23) 0.000 0.000 0.000 0.000 0.000
25 H2OX(23) + OX(20) <=> 2 HOX(22) -0.223 -0.169 -0.393 -0.437 0.066
26 HOX(22) + HX(19) <=> H2OX(23) + X(1) 0.000 0.000 0.000 -0.000 0.000
27 CO(7) + X(1) <=> OCX(25) -0.000 -0.000 -0.000 -0.000 0.000
28 CX(26) + OX(20) <=> OCX(25) + X(1) 0.000 0.000 0.000 -0.000 -0.000
29 CO(7) + X(1) <=> COX(50) 0.000 0.000 0.000 -0.000 0.000
30 CH2O(9) + 2 X(1) <=> CHOX(53) + HX(19) 0.000 0.000 0.000 -0.000 -0.000
31 HCO(15) + X(1) <=> CHOX(53) 0.000 -0.000 -0.000 -0.000 -0.000
32 CH3CHO(16) + 2 X(1) <=> CH3X(21) + CHOX(53) 0.000 0.000 0.000 0.000 0.000
33 CHOX(53) + X(1) <=> HX(19) + OCX(25) 0.000 0.000 0.000 -0.000 -0.000
34 CH2X(27) + CHOX(53) <=> CH3X(21) + OCX(25) 0.000 0.000 0.000 -0.000 -0.000
35 CHOX(53) + CHX(28) <=> CH2X(27) + OCX(25) 0.000 0.000 0.000 -0.000 -0.000
36 CHOX(53) + CX(26) <=> CHX(28) + OCX(25) 0.000 0.000 0.000 -0.000 0.000
37 CHOX(53) + OX(20) <=> HOX(22) + OCX(25) 0.000 0.000 0.000 -0.000 -0.000
38 HOCOX(217) + X(1) <=> HOX(22) + OCX(25) 0.000 0.000 0.000 -0.000 -0.000
39 C2H4(47) + X(1) <=> C2H4X(209) 0.000 0.000 0.000 -0.000 -0.000
40 CO2(4) + X(1) <=> CO2X(24) 0.000 0.000 0.000 -0.000 -0.000
41 OCX(25) + OX(20) <=> CO2X(24) + X(1) 0.000 0.000 0.000 0.000 0.000
42 CO2X(24) + HX(19) <=> HOX(22) + OCX(25) 0.463 0.462 0.923 0.990 -0.000
Finished sensitivity simulation for a C/O ratio of 1.6
Finished translating for C/O ratio of 1.6
Starting sensitivity simulation for a C/O ratio of 1.4
0 CH4(2) + X(1) <=> CH4X(48) -0.000 -0.000 -0.000 0.000 0.000
1 O2(3) + 2 X(1) <=> 2 OX(20) 0.000 0.000 0.000 -0.000 0.000
2 H2(6) + 2 X(1) <=> 2 HX(19) -0.000 -0.000 -0.000 0.000 -0.000
3 H(12) + X(1) <=> HX(19) -0.000 0.000 -0.000 0.000 0.000
4 CH4(2) + 2 X(1) <=> CH3X(21) + HX(19) -0.213 -0.951 -1.166 -0.383 -1.539
5 C2H6(8) + 2 X(1) <=> 2 CH3X(21) -0.000 -0.000 -0.000 0.000 0.000
6 CH3(10) + X(1) <=> CH3X(21) 0.000 0.000 0.000 -0.000 -0.000
7 CH2X(27) + HX(19) <=> CH3X(21) + X(1) -0.000 -0.000 -0.000 -0.000 -0.000
8 CHX(28) + HX(19) <=> CH2X(27) + X(1) 0.000 0.000 0.000 0.000 0.000
9 2 CH2X(27) <=> CH3X(21) + CHX(28) -0.000 -0.000 -0.000 0.000 0.000
10 CHX(28) + X(1) <=> CX(26) + HX(19) -0.000 -0.000 -0.000 0.000 0.000
11 CX(26) + H2(6) <=> CH2X(27) -0.000 -0.000 -0.000 0.000 -0.000
12 CH3X(21) + CX(26) <=> CH2X(27) + CHX(28) -0.000 -0.000 -0.000 0.000 0.000
13 CH2X(27) + CX(26) <=> 2 CHX(28) -0.000 -0.000 -0.000 0.000 0.000
14 H2(6) + X(1) <=> H2X(49) -0.000 0.000 -0.000 0.000 0.000
15 CH4(2) + OX(20) + X(1) <=> CH3X(21) + HOX(22) -0.018 -0.227 -0.245 -0.107 -0.351
16 HX(19) + OX(20) <=> HOX(22) + X(1) 0.955 0.951 1.897 0.033 1.900
17 H2O(5) + 2 X(1) <=> HOX(22) + HX(19) 0.010 0.014 0.024 -0.034 0.063
18 CH3OH(14) + 2 X(1) <=> CH3X(21) + HOX(22) -0.000 -0.000 -0.000 0.000 0.000
19 OH(17) + X(1) <=> HOX(22) -0.001 -0.006 -0.007 -0.003 -0.007
20 CH2X(27) + HOX(22) <=> CH3X(21) + OX(20) 0.000 0.000 0.000 0.000 0.000
21 CHX(28) + HOX(22) <=> CH2X(27) + OX(20) -0.000 -0.000 -0.000 0.000 0.000
22 CX(26) + HOX(22) <=> CHX(28) + OX(20) -0.000 -0.000 -0.000 0.000 0.000
23 CH4(2) + HOX(22) + X(1) <=> CH3X(21) + H2OX(23) -0.023 -0.128 -0.151 -0.081 -0.177
24 H2O(5) + X(1) <=> H2OX(23) -0.000 0.000 -0.000 0.000 0.000
25 H2OX(23) + OX(20) <=> 2 HOX(22) -0.244 -0.192 -0.436 -0.440 0.065
26 HOX(22) + HX(19) <=> H2OX(23) + X(1) -0.000 0.000 -0.000 -0.000 0.000
27 CO(7) + X(1) <=> OCX(25) -0.000 -0.000 -0.000 -0.000 0.000
28 CX(26) + OX(20) <=> OCX(25) + X(1) 0.000 -0.000 0.000 0.000 -0.000
29 CO(7) + X(1) <=> COX(50) -0.000 -0.000 -0.000 0.000 0.000
30 CH2O(9) + 2 X(1) <=> CHOX(53) + HX(19) -0.000 0.000 -0.000 0.000 0.000
31 HCO(15) + X(1) <=> CHOX(53) -0.000 -0.000 -0.000 0.000 0.000
32 CH3CHO(16) + 2 X(1) <=> CH3X(21) + CHOX(53) -0.000 0.000 -0.000 0.000 0.000
33 CHOX(53) + X(1) <=> HX(19) + OCX(25) -0.000 -0.000 -0.000 0.000 0.000
34 CH2X(27) + CHOX(53) <=> CH3X(21) + OCX(25) -0.000 -0.000 -0.000 0.000 0.000
35 CHOX(53) + CHX(28) <=> CH2X(27) + OCX(25) -0.000 -0.000 -0.000 0.000 0.000
36 CHOX(53) + CX(26) <=> CHX(28) + OCX(25) -0.000 -0.000 -0.000 -0.000 0.000
37 CHOX(53) + OX(20) <=> HOX(22) + OCX(25) -0.000 0.000 -0.000 0.000 0.000
38 HOCOX(217) + X(1) <=> HOX(22) + OCX(25) -0.000 0.000 -0.000 0.000 0.000
39 C2H4(47) + X(1) <=> C2H4X(209) -0.000 -0.000 -0.000 0.000 0.000
40 CO2(4) + X(1) <=> CO2X(24) -0.000 0.000 -0.000 0.000 0.000
41 OCX(25) + OX(20) <=> CO2X(24) + X(1) 0.000 0.000 0.000 0.000 0.000
42 CO2X(24) + HX(19) <=> HOX(22) + OCX(25) 0.504 0.503 1.004 0.990 -0.000
Finished sensitivity simulation for a C/O ratio of 1.4
Finished translating for C/O ratio of 1.4
