[NbConvertApp] Converting notebook copyme.ipynb to notebook
[NbConvertApp] Executing notebook with kernel: python2
[IPKernelApp] ERROR | Failed to create history session in /home/mazeau.e/.ipython/profile_default/history.sqlite. History will not be saved.
Traceback (most recent call last):
  File "/home/mazeau.e/anaconda2/envs/rmg_env3/lib/python2.7/site-packages/IPython/core/history.py", line 549, in __init__
    self.new_session()
  File "<decorator-gen-22>", line 2, in new_session
  File "/home/mazeau.e/anaconda2/envs/rmg_env3/lib/python2.7/site-packages/IPython/core/history.py", line 60, in needs_sqlite
    return f(self, *a, **kw)
  File "/home/mazeau.e/anaconda2/envs/rmg_env3/lib/python2.7/site-packages/IPython/core/history.py", line 576, in new_session
    self.session_number = cur.lastrowid
OperationalError: database is locked
[NbConvertApp] ERROR | Error while converting 'copyme.ipynb'
Traceback (most recent call last):
  File "/home/mazeau.e/anaconda2/envs/rmg_env3/lib/python2.7/site-packages/nbconvert/nbconvertapp.py", line 393, in export_single_notebook
    output, resources = self.exporter.from_filename(notebook_filename, resources=resources)
  File "/home/mazeau.e/anaconda2/envs/rmg_env3/lib/python2.7/site-packages/nbconvert/exporters/exporter.py", line 174, in from_filename
    return self.from_file(f, resources=resources, **kw)
  File "/home/mazeau.e/anaconda2/envs/rmg_env3/lib/python2.7/site-packages/nbconvert/exporters/exporter.py", line 192, in from_file
    return self.from_notebook_node(nbformat.read(file_stream, as_version=4), resources=resources, **kw)
  File "/home/mazeau.e/anaconda2/envs/rmg_env3/lib/python2.7/site-packages/nbconvert/exporters/notebook.py", line 31, in from_notebook_node
    nb_copy, resources = super(NotebookExporter, self).from_notebook_node(nb, resources, **kw)
  File "/home/mazeau.e/anaconda2/envs/rmg_env3/lib/python2.7/site-packages/nbconvert/exporters/exporter.py", line 134, in from_notebook_node
    nb_copy, resources = self._preprocess(nb_copy, resources)
  File "/home/mazeau.e/anaconda2/envs/rmg_env3/lib/python2.7/site-packages/nbconvert/exporters/exporter.py", line 311, in _preprocess
    nbc, resc = preprocessor(nbc, resc)
  File "/home/mazeau.e/anaconda2/envs/rmg_env3/lib/python2.7/site-packages/nbconvert/preprocessors/base.py", line 47, in __call__
    return self.preprocess(nb, resources)
  File "/home/mazeau.e/anaconda2/envs/rmg_env3/lib/python2.7/site-packages/nbconvert/preprocessors/execute.py", line 262, in preprocess
    nb, resources = super(ExecutePreprocessor, self).preprocess(nb, resources)
  File "/home/mazeau.e/anaconda2/envs/rmg_env3/lib/python2.7/site-packages/nbconvert/preprocessors/base.py", line 69, in preprocess
    nb.cells[index], resources = self.preprocess_cell(cell, resources, index)
  File "/home/mazeau.e/anaconda2/envs/rmg_env3/lib/python2.7/site-packages/nbconvert/preprocessors/execute.py", line 286, in preprocess_cell
    raise CellExecutionError.from_cell_and_msg(cell, out)
CellExecutionError: An error occurred while executing the following cell:
------------------
print('    distance       X_CH4        X_O2        X_H2       X_CO       X_H2O       X_CO2')
# create a new reactor for when gas phase reactions are not included
gas2.TDY = TDY
r2 = ct.IdealGasReactor(gas2)
r2.volume = rvol

# create a reservoir to represent the reactor immediately upstream. Note
# that the gas object is set already to the state of the upstream reactor
upstream2 = ct.Reservoir(gas2, name='upstream')

# create a reservoir for the reactor to exhaust into. The composition of
# this reservoir is irrelevant.
downstream2 = ct.Reservoir(gas2, name='downstream')

# Add the reacting surface to the reactor. The area is set to the desired
# catalyst area in the reactor.
rsurf2 = ct.ReactorSurface(surf2, r2, A=cat_area)

# The mass flow rate into the reactor will be fixed by using a
# MassFlowController object.
m2 = ct.MassFlowController(upstream2, r2, mdot=mass_flow_rate)

# We need an outlet to the downstream reservoir. This will determine the
# pressure in the reactor. The value of K will only affect the transient
# pressure difference.
v2 = ct.PressureController(r2, downstream2, master=m2, K=1e-5)

sim2 = ct.ReactorNet([r2])
sim2.max_err_test_fails = 12

# set relative and absolute tolerances on the simulation
sim2.rtol = 1.0e-10
sim2.atol = 1.0e-20

gas2_names = gas2.species_names
surf2_names = surf2.species_names
gas2_out = []
surf2_out = []
dist2_array=[]
T2_array = []
surf2.set_multiplier(0.0) #no surface reactions until in the middle of the reactor.
for n in range(NReactors):
    # Set the state of the reservoir to match that of the previous reactor
    gas2.TDY = r2.thermo.TDY
    upstream2.syncState()
    if n==cat_on:
        surf2.set_multiplier(1.0)
        print(surf2.T)
    if n==cat_off:
        surf2.set_multiplier(0.0)
        print(surf2.T)
    sim2.reinitialize()
    sim2.advance_to_steady_state()
    dist2 = n * reactor_len * 1.0e3   # distance in mm
    dist2_array.append(dist2)
    T2_array.append(surf2.T)
    gas2_out.append(gas2.X.copy())
    surf2_out.append(surf2.X.copy())

    if not n % 100:
        print('  {0:10f}  {1:10f}  {2:10f}  {3:10f} {4:10f} {5:10f} {6:10f}'.format(dist2, *gas2['CH4(2)','O2(3)','H2(6)','CO(7)','H2O(5)','CO2(4)'].X))
        #print(surf2.T)

gas2_out = np.array(gas2_out)
surf2_out = np.array(surf2_out)
gas2_names = np.array(gas2_names)
surf2_names = np.array(surf2_names)
------------------

[0;31m[0m
[0;31mCanteraError[0mTraceback (most recent call last)
[0;32m<ipython-input-4-9dedb9360b01>[0m in [0;36m<module>[0;34m()[0m
[1;32m     51[0m         [0;32mprint[0m[0;34m([0m[0msurf2[0m[0;34m.[0m[0mT[0m[0;34m)[0m[0;34m[0m[0m
[1;32m     52[0m     [0msim2[0m[0;34m.[0m[0mreinitialize[0m[0;34m([0m[0;34m)[0m[0;34m[0m[0m
[0;32m---> 53[0;31m     [0msim2[0m[0;34m.[0m[0madvance_to_steady_state[0m[0;34m([0m[0;34m)[0m[0;34m[0m[0m
[0m[1;32m     54[0m     [0mdist2[0m [0;34m=[0m [0mn[0m [0;34m*[0m [0mreactor_len[0m [0;34m*[0m [0;36m1.0e3[0m   [0;31m# distance in mm[0m[0;34m[0m[0m
[1;32m     55[0m     [0mdist2_array[0m[0;34m.[0m[0mappend[0m[0;34m([0m[0mdist2[0m[0;34m)[0m[0;34m[0m[0m

[0;32minterfaces/cython/cantera/reactor.pyx[0m in [0;36mcantera._cantera.ReactorNet.advance_to_steady_state (interfaces/cython/cantera/_cantera.cpp:70994)[0;34m()[0m

[0;32minterfaces/cython/cantera/reactor.pyx[0m in [0;36mcantera._cantera.ReactorNet.step (interfaces/cython/cantera/_cantera.cpp:68477)[0;34m()[0m

[0;31mCanteraError[0m: 
***********************************************************************
CanteraError thrown by CVodesIntegrator::step:
CVodes error encountered. Error code: -10
Exceptions caught during RHS evaluation:
ydot contains non-finite elements:

ydot[0] = nan
ydot[2] = -inf
ydot[3] = nan
ydot[4] = nan
ydot[5] = nan
ydot[6] = nan
ydot[7] = nan
ydot[8] = nan
ydot[9] = nan
ydot[10] = nan
ydot[11] = nan
ydot[12] = nan
ydot[13] = nan
ydot[14] = nan
ydot[15] = nan
ydot[16] = nan
ydot[17] = nan
ydot[18] = nan
ydot[19] = nan
ydot[20] = nan
ydot[21] = nan
ydot[22] = nan
ydot[23] = nan
ydot[24] = nan
ydot[25] = -inf
ydot[26] = nan
ydot[27] = -inf
ydot[28] = inf
ydot[29] = -inf
ydot[30] = nan
ydot[31] = inf
ydot[32] = -inf
ydot[33] = -inf

ydot contains non-finite elements:

ydot[0] = inf
ydot[2] = nan
ydot[3] = -inf
ydot[4] = nan
ydot[5] = nan
ydot[6] = nan
ydot[7] = -inf
ydot[8] = nan
ydot[9] = nan
ydot[10] = nan
ydot[11] = nan
ydot[12] = nan
ydot[13] = nan
ydot[14] = nan
ydot[15] = nan
ydot[16] = nan
ydot[17] = nan
ydot[18] = nan
ydot[19] = nan
ydot[20] = nan
ydot[21] = nan
ydot[22] = nan
ydot[23] = inf
ydot[24] = nan
ydot[25] = -inf
ydot[26] = nan
ydot[27] = -inf
ydot[28] = inf
ydot[29] = -inf
ydot[30] = inf
ydot[31] = nan
ydot[32] = inf
ydot[33] = -inf

ydot contains non-finite elements:

ydot[0] = inf
ydot[2] = nan
ydot[3] = -inf
ydot[4] = nan
ydot[5] = nan
ydot[6] = nan
ydot[7] = -inf
ydot[8] = nan
ydot[9] = nan
ydot[10] = nan
ydot[11] = nan
ydot[12] = nan
ydot[13] = nan
ydot[14] = nan
ydot[15] = nan
ydot[16] = nan
ydot[17] = nan
ydot[18] = nan
ydot[19] = nan
ydot[20] = nan
ydot[21] = nan
ydot[22] = nan
ydot[23] = inf
ydot[24] = nan
ydot[25] = -inf
ydot[26] = nan
ydot[27] = -inf
ydot[28] = inf
ydot[29] = -inf
ydot[30] = inf
ydot[31] = nan
ydot[32] = inf
ydot[33] = -inf

ydot contains non-finite elements:

ydot[0] = inf
ydot[2] = nan
ydot[3] = -inf
ydot[4] = nan
ydot[5] = nan
ydot[6] = nan
ydot[7] = -inf
ydot[8] = nan
ydot[9] = nan
ydot[10] = nan
ydot[11] = nan
ydot[12] = nan
ydot[13] = nan
ydot[14] = nan
ydot[15] = nan
ydot[16] = nan
ydot[17] = nan
ydot[18] = nan
ydot[19] = nan
ydot[20] = nan
ydot[21] = nan
ydot[22] = nan
ydot[23] = inf
ydot[24] = nan
ydot[25] = -inf
ydot[26] = nan
ydot[27] = -inf
ydot[28] = inf
ydot[29] = -inf
ydot[30] = inf
ydot[31] = nan
ydot[32] = inf
ydot[33] = -inf

ydot contains non-finite elements:

ydot[0] = inf
ydot[2] = nan
ydot[3] = -inf
ydot[4] = nan
ydot[5] = nan
ydot[6] = nan
ydot[7] = -inf
ydot[8] = nan
ydot[9] = nan
ydot[10] = nan
ydot[11] = nan
ydot[12] = nan
ydot[13] = nan
ydot[14] = nan
ydot[15] = nan
ydot[16] = nan
ydot[17] = nan
ydot[18] = nan
ydot[19] = nan
ydot[20] = nan
ydot[21] = nan
ydot[22] = nan
ydot[23] = inf
ydot[24] = nan
ydot[25] = -inf
ydot[26] = nan
ydot[27] = -inf
ydot[28] = inf
ydot[29] = -inf
ydot[30] = inf
ydot[31] = nan
ydot[32] = inf
ydot[33] = -inf

ydot contains non-finite elements:

ydot[0] = inf
ydot[2] = nan
ydot[3] = -inf
ydot[4] = nan
ydot[5] = nan
ydot[6] = nan
ydot[7] = -inf
ydot[8] = nan
ydot[9] = nan
ydot[10] = nan
ydot[11] = nan
ydot[12] = nan
ydot[13] = nan
ydot[14] = nan
ydot[15] = nan
ydot[16] = nan
ydot[17] = nan
ydot[18] = nan
ydot[19] = nan
ydot[20] = nan
ydot[21] = nan
ydot[22] = nan
ydot[23] = inf
ydot[24] = nan
ydot[25] = -inf
ydot[26] = nan
ydot[27] = -inf
ydot[28] = inf
ydot[29] = -inf
ydot[30] = inf
ydot[31] = nan
ydot[32] = inf
ydot[33] = -inf

ydot contains non-finite elements:

ydot[0] = inf
ydot[2] = nan
ydot[3] = -inf
ydot[4] = nan
ydot[5] = nan
ydot[6] = nan
ydot[7] = -inf
ydot[8] = nan
ydot[9] = nan
ydot[10] = nan
ydot[11] = nan
ydot[12] = nan
ydot[13] = nan
ydot[14] = nan
ydot[15] = nan
ydot[16] = nan
ydot[17] = nan
ydot[18] = nan
ydot[19] = nan
ydot[20] = nan
ydot[21] = nan
ydot[22] = nan
ydot[23] = inf
ydot[24] = nan
ydot[25] = -inf
ydot[26] = nan
ydot[27] = -inf
ydot[28] = inf
ydot[29] = -inf
ydot[30] = inf
ydot[31] = nan
ydot[32] = inf
ydot[33] = -inf

ydot contains non-finite elements:

ydot[0] = inf
ydot[2] = nan
ydot[3] = -inf
ydot[4] = nan
ydot[5] = nan
ydot[6] = nan
ydot[7] = -inf
ydot[8] = nan
ydot[9] = nan
ydot[10] = nan
ydot[11] = nan
ydot[12] = nan
ydot[13] = nan
ydot[14] = nan
ydot[15] = nan
ydot[16] = nan
ydot[17] = nan
ydot[18] = nan
ydot[19] = nan
ydot[20] = nan
ydot[21] = nan
ydot[22] = nan
ydot[23] = inf
ydot[24] = nan
ydot[25] = -inf
ydot[26] = nan
ydot[27] = -inf
ydot[28] = inf
ydot[29] = -inf
ydot[30] = inf
ydot[31] = nan
ydot[32] = inf
ydot[33] = -inf

ydot contains non-finite elements:

ydot[0] = inf
ydot[2] = nan
ydot[3] = -inf
ydot[4] = nan
ydot[5] = nan
ydot[6] = nan
ydot[7] = -inf
ydot[8] = nan
ydot[9] = nan
ydot[10] = nan
ydot[11] = nan
ydot[12] = nan
ydot[13] = nan
ydot[14] = nan
ydot[15] = nan
ydot[16] = nan
ydot[17] = nan
ydot[18] = nan
ydot[19] = nan
ydot[20] = nan
ydot[21] = nan
ydot[22] = nan
ydot[23] = inf
ydot[24] = nan
ydot[25] = -inf
ydot[26] = nan
ydot[27] = -inf
ydot[28] = inf
ydot[29] = -inf
ydot[30] = inf
ydot[31] = nan
ydot[32] = inf
ydot[33] = -inf

ydot contains non-finite elements:

ydot[0] = inf
ydot[2] = nan
ydot[3] = -inf
ydot[4] = nan
ydot[5] = nan
ydot[6] = nan
ydot[7] = -inf
ydot[8] = nan
ydot[9] = nan
ydot[10] = nan
ydot[11] = nan
ydot[12] = nan
ydot[13] = nan
ydot[14] = nan
ydot[15] = nan
ydot[16] = nan
ydot[17] = nan
ydot[18] = nan
ydot[19] = nan
ydot[20] = nan
ydot[21] = nan
ydot[22] = nan
ydot[23] = inf
ydot[24] = nan
ydot[25] = -inf
ydot[26] = nan
ydot[27] = -inf
ydot[28] = inf
ydot[29] = -inf
ydot[30] = inf
ydot[31] = nan
ydot[32] = inf
ydot[33] = -inf


At t = 1.44614e+15 repeated recoverable right-hand side function errors.
Components with largest weighted error estimates:
0: nan
2: -inf
1: 0
3: nan
4: nan
5: nan
6: nan
7: nan
8: nan
9: nan
***********************************************************************

CanteraError: 
***********************************************************************
CanteraError thrown by CVodesIntegrator::step:
CVodes error encountered. Error code: -10
Exceptions caught during RHS evaluation:
ydot contains non-finite elements:

ydot[0] = nan
ydot[2] = -inf
ydot[3] = nan
ydot[4] = nan
ydot[5] = nan
ydot[6] = nan
ydot[7] = nan
ydot[8] = nan
ydot[9] = nan
ydot[10] = nan
ydot[11] = nan
ydot[12] = nan
ydot[13] = nan
ydot[14] = nan
ydot[15] = nan
ydot[16] = nan
ydot[17] = nan
ydot[18] = nan
ydot[19] = nan
ydot[20] = nan
ydot[21] = nan
ydot[22] = nan
ydot[23] = nan
ydot[24] = nan
ydot[25] = -inf
ydot[26] = nan
ydot[27] = -inf
ydot[28] = inf
ydot[29] = -inf
ydot[30] = nan
ydot[31] = inf
ydot[32] = -inf
ydot[33] = -inf

ydot contains non-finite elements:

ydot[0] = inf
ydot[2] = nan
ydot[3] = -inf
ydot[4] = nan
ydot[5] = nan
ydot[6] = nan
ydot[7] = -inf
ydot[8] = nan
ydot[9] = nan
ydot[10] = nan
ydot[11] = nan
ydot[12] = nan
ydot[13] = nan
ydot[14] = nan
ydot[15] = nan
ydot[16] = nan
ydot[17] = nan
ydot[18] = nan
ydot[19] = nan
ydot[20] = nan
ydot[21] = nan
ydot[22] = nan
ydot[23] = inf
ydot[24] = nan
ydot[25] = -inf
ydot[26] = nan
ydot[27] = -inf
ydot[28] = inf
ydot[29] = -inf
ydot[30] = inf
ydot[31] = nan
ydot[32] = inf
ydot[33] = -inf

ydot contains non-finite elements:

ydot[0] = inf
ydot[2] = nan
ydot[3] = -inf
ydot[4] = nan
ydot[5] = nan
ydot[6] = nan
ydot[7] = -inf
ydot[8] = nan
ydot[9] = nan
ydot[10] = nan
ydot[11] = nan
ydot[12] = nan
ydot[13] = nan
ydot[14] = nan
ydot[15] = nan
ydot[16] = nan
ydot[17] = nan
ydot[18] = nan
ydot[19] = nan
ydot[20] = nan
ydot[21] = nan
ydot[22] = nan
ydot[23] = inf
ydot[24] = nan
ydot[25] = -inf
ydot[26] = nan
ydot[27] = -inf
ydot[28] = inf
ydot[29] = -inf
ydot[30] = inf
ydot[31] = nan
ydot[32] = inf
ydot[33] = -inf

ydot contains non-finite elements:

ydot[0] = inf
ydot[2] = nan
ydot[3] = -inf
ydot[4] = nan
ydot[5] = nan
ydot[6] = nan
ydot[7] = -inf
ydot[8] = nan
ydot[9] = nan
ydot[10] = nan
ydot[11] = nan
ydot[12] = nan
ydot[13] = nan
ydot[14] = nan
ydot[15] = nan
ydot[16] = nan
ydot[17] = nan
ydot[18] = nan
ydot[19] = nan
ydot[20] = nan
ydot[21] = nan
ydot[22] = nan
ydot[23] = inf
ydot[24] = nan
ydot[25] = -inf
ydot[26] = nan
ydot[27] = -inf
ydot[28] = inf
ydot[29] = -inf
ydot[30] = inf
ydot[31] = nan
ydot[32] = inf
ydot[33] = -inf

ydot contains non-finite elements:

ydot[0] = inf
ydot[2] = nan
ydot[3] = -inf
ydot[4] = nan
ydot[5] = nan
ydot[6] = nan
ydot[7] = -inf
ydot[8] = nan
ydot[9] = nan
ydot[10] = nan
ydot[11] = nan
ydot[12] = nan
ydot[13] = nan
ydot[14] = nan
ydot[15] = nan
ydot[16] = nan
ydot[17] = nan
ydot[18] = nan
ydot[19] = nan
ydot[20] = nan
ydot[21] = nan
ydot[22] = nan
ydot[23] = inf
ydot[24] = nan
ydot[25] = -inf
ydot[26] = nan
ydot[27] = -inf
ydot[28] = inf
ydot[29] = -inf
ydot[30] = inf
ydot[31] = nan
ydot[32] = inf
ydot[33] = -inf

ydot contains non-finite elements:

ydot[0] = inf
ydot[2] = nan
ydot[3] = -inf
ydot[4] = nan
ydot[5] = nan
ydot[6] = nan
ydot[7] = -inf
ydot[8] = nan
ydot[9] = nan
ydot[10] = nan
ydot[11] = nan
ydot[12] = nan
ydot[13] = nan
ydot[14] = nan
ydot[15] = nan
ydot[16] = nan
ydot[17] = nan
ydot[18] = nan
ydot[19] = nan
ydot[20] = nan
ydot[21] = nan
ydot[22] = nan
ydot[23] = inf
ydot[24] = nan
ydot[25] = -inf
ydot[26] = nan
ydot[27] = -inf
ydot[28] = inf
ydot[29] = -inf
ydot[30] = inf
ydot[31] = nan
ydot[32] = inf
ydot[33] = -inf

ydot contains non-finite elements:

ydot[0] = inf
ydot[2] = nan
ydot[3] = -inf
ydot[4] = nan
ydot[5] = nan
ydot[6] = nan
ydot[7] = -inf
ydot[8] = nan
ydot[9] = nan
ydot[10] = nan
ydot[11] = nan
ydot[12] = nan
ydot[13] = nan
ydot[14] = nan
ydot[15] = nan
ydot[16] = nan
ydot[17] = nan
ydot[18] = nan
ydot[19] = nan
ydot[20] = nan
ydot[21] = nan
ydot[22] = nan
ydot[23] = inf
ydot[24] = nan
ydot[25] = -inf
ydot[26] = nan
ydot[27] = -inf
ydot[28] = inf
ydot[29] = -inf
ydot[30] = inf
ydot[31] = nan
ydot[32] = inf
ydot[33] = -inf

ydot contains non-finite elements:

ydot[0] = inf
ydot[2] = nan
ydot[3] = -inf
ydot[4] = nan
ydot[5] = nan
ydot[6] = nan
ydot[7] = -inf
ydot[8] = nan
ydot[9] = nan
ydot[10] = nan
ydot[11] = nan
ydot[12] = nan
ydot[13] = nan
ydot[14] = nan
ydot[15] = nan
ydot[16] = nan
ydot[17] = nan
ydot[18] = nan
ydot[19] = nan
ydot[20] = nan
ydot[21] = nan
ydot[22] = nan
ydot[23] = inf
ydot[24] = nan
ydot[25] = -inf
ydot[26] = nan
ydot[27] = -inf
ydot[28] = inf
ydot[29] = -inf
ydot[30] = inf
ydot[31] = nan
ydot[32] = inf
ydot[33] = -inf

ydot contains non-finite elements:

ydot[0] = inf
ydot[2] = nan
ydot[3] = -inf
ydot[4] = nan
ydot[5] = nan
ydot[6] = nan
ydot[7] = -inf
ydot[8] = nan
ydot[9] = nan
ydot[10] = nan
ydot[11] = nan
ydot[12] = nan
ydot[13] = nan
ydot[14] = nan
ydot[15] = nan
ydot[16] = nan
ydot[17] = nan
ydot[18] = nan
ydot[19] = nan
ydot[20] = nan
ydot[21] = nan
ydot[22] = nan
ydot[23] = inf
ydot[24] = nan
ydot[25] = -inf
ydot[26] = nan
ydot[27] = -inf
ydot[28] = inf
ydot[29] = -inf
ydot[30] = inf
ydot[31] = nan
ydot[32] = inf
ydot[33] = -inf

ydot contains non-finite elements:

ydot[0] = inf
ydot[2] = nan
ydot[3] = -inf
ydot[4] = nan
ydot[5] = nan
ydot[6] = nan
ydot[7] = -inf
ydot[8] = nan
ydot[9] = nan
ydot[10] = nan
ydot[11] = nan
ydot[12] = nan
ydot[13] = nan
ydot[14] = nan
ydot[15] = nan
ydot[16] = nan
ydot[17] = nan
ydot[18] = nan
ydot[19] = nan
ydot[20] = nan
ydot[21] = nan
ydot[22] = nan
ydot[23] = inf
ydot[24] = nan
ydot[25] = -inf
ydot[26] = nan
ydot[27] = -inf
ydot[28] = inf
ydot[29] = -inf
ydot[30] = inf
ydot[31] = nan
ydot[32] = inf
ydot[33] = -inf


At t = 1.44614e+15 repeated recoverable right-hand side function errors.
Components with largest weighted error estimates:
0: nan
2: -inf
1: 0
3: nan
4: nan
5: nan
6: nan
7: nan
8: nan
9: nan
***********************************************************************


