This mechanism contains 38 gas reactions and 45 surface reactions
Finished simulation at a C/O ratio of 2.0
Finished simulation at a C/O ratio of 1.8
Finished simulation at a C/O ratio of 2.4
Finished simulation at a C/O ratio of 1.4
Finished simulation at a C/O ratio of 0.9
Finished simulation at a C/O ratio of 1.6
Finished simulation at a C/O ratio of 1.0
Finished simulation at a C/O ratio of 0.8
Finished simulation at a C/O ratio of 1.1
Finished simulation at a C/O ratio of 2.6
Finished simulation at a C/O ratio of 1.2
Finished simulation at a C/O ratio of 0.7
Finished simulation at a C/O ratio of 0.6
Finished simulation at a C/O ratio of 2.2
Finished simulation at a C/O ratio of 1.3
Starting sensitivity simulation for a C/O ratio of 2.6
0 CH4(2) + X(1) <=> CH4X(48) 0.000 0.000
1 O2(3) + 2 X(1) <=> 2 OX(20) 0.148 0.173
2 H2(6) + 2 X(1) <=> 2 HX(19) 0.000 0.000
3 H(12) + X(1) <=> HX(19) 0.209 0.244
4 HX(19) + OX(20) <=> HOX(22) + X(1) -0.006 -0.007
5 H2O(5) + 2 X(1) <=> HOX(22) + HX(19) 0.245 0.286
6 OH(17) + X(1) <=> HOX(22) -0.902 -1.048
7 CH4(2) + 2 X(1) <=> CH3X(21) + HX(19) -0.244 -0.282
8 CH4(2) + OX(20) + X(1) <=> CH3X(21) + HOX(22) -10.541 -12.440
9 C2H6(8) + 2 X(1) <=> 2 CH3X(21) 0.205 0.240
10 CH3(10) + X(1) <=> CH3X(21) 0.113 0.137
11 CH3OH(14) + 2 X(1) <=> CH3X(21) + HOX(22) 0.209 0.244
12 CH2X(27) + HX(19) <=> CH3X(21) + X(1) 0.000 0.000
13 CH2X(27) + HOX(22) <=> CH3X(21) + OX(20) 0.209 0.244
14 CHX(28) + HX(19) <=> CH2X(27) + X(1) 0.000 0.000
15 CHX(28) + HOX(22) <=> CH2X(27) + OX(20) 0.000 0.000
16 2 CH2X(27) <=> CH3X(21) + CHX(28) 0.000 0.000
17 CHX(28) + X(1) <=> CX(26) + HX(19) 0.000 0.000
18 CX(26) + H2(6) <=> CH2X(27) 0.000 0.000
19 CX(26) + HOX(22) <=> CHX(28) + OX(20) 0.091 0.107
20 CH3X(21) + CX(26) <=> CH2X(27) + CHX(28) 0.209 0.244
21 CH2X(27) + CX(26) <=> 2 CHX(28) 0.091 0.107
22 CO(7) + X(1) <=> OCX(25) 0.208 0.243
23 CX(26) + OX(20) <=> OCX(25) + X(1) 0.208 0.243
24 CH4(2) + HOX(22) + X(1) <=> CH3X(21) + H2OX(23) -0.186 -0.216
25 H2O(5) + X(1) <=> H2OX(23) 0.000 0.000
26 H2OX(23) + OX(20) <=> 2 HOX(22) 0.690 0.803
27 HOX(22) + HX(19) <=> H2OX(23) + X(1) 0.000 0.000
28 H2(6) + X(1) <=> H2X(49) 0.000 0.000
29 CO(7) + X(1) <=> COX(50) 0.208 0.243
30 CH2O(9) + 2 X(1) <=> CHOX(53) + HX(19) 0.000 0.000
31 HCO(15) + X(1) <=> CHOX(53) 0.000 0.000
32 CH3CHO(16) + 2 X(1) <=> CH3X(21) + CHOX(53) 0.000 0.000
33 CHOX(53) + X(1) <=> HX(19) + OCX(25) 0.091 0.107
34 CHOX(53) + OX(20) <=> HOX(22) + OCX(25) 0.208 0.243
35 CH2X(27) + CHOX(53) <=> CH3X(21) + OCX(25) 0.000 0.000
36 CHOX(53) + CHX(28) <=> CH2X(27) + OCX(25) 0.208 0.243
37 CHOX(53) + CX(26) <=> CHX(28) + OCX(25) 0.091 0.107
38 HOCOX(206) + X(1) <=> HOX(22) + OCX(25) 0.209 0.244
39 CH3OH(14) + X(1) <=> CH4OX(60) 0.208 0.243
40 C2H4(47) + X(1) <=> C2H4X(210) 0.000 0.000
41 C2H4(18) + X(1) <=> C2H4X(65) 0.091 0.107
42 CO2(4) + X(1) <=> CO2X(24) 0.000 0.000
43 OCX(25) + OX(20) <=> CO2X(24) + X(1) -0.401 -0.492
44 CO2X(24) + HX(19) <=> HOX(22) + OCX(25) -0.030 -0.039
Finished sensitivity simulation for a C/O ratio of 2.6
Finished translating for C/O ratio of 2.6
Starting sensitivity simulation for a C/O ratio of 2.2
0 CH4(2) + X(1) <=> CH4X(48) -0.000 -0.000
1 O2(3) + 2 X(1) <=> 2 OX(20) -0.071 -0.088
2 H2(6) + 2 X(1) <=> 2 HX(19) -0.069 -0.085
3 H(12) + X(1) <=> HX(19) -0.068 -0.084
4 HX(19) + OX(20) <=> HOX(22) + X(1) -0.077 -0.095
5 H2O(5) + 2 X(1) <=> HOX(22) + HX(19) -0.020 -0.025
6 OH(17) + X(1) <=> HOX(22) -1.258 -1.551
7 CH4(2) + 2 X(1) <=> CH3X(21) + HX(19) -0.580 -0.714
8 CH4(2) + OX(20) + X(1) <=> CH3X(21) + HOX(22) -12.170 -15.322
9 C2H6(8) + 2 X(1) <=> 2 CH3X(21) -0.006 -0.008
10 CH3(10) + X(1) <=> CH3X(21) -0.232 -0.281
11 CH3OH(14) + 2 X(1) <=> CH3X(21) + HOX(22) -0.000 -0.000
12 CH2X(27) + HX(19) <=> CH3X(21) + X(1) 0.000 0.000
13 CH2X(27) + HOX(22) <=> CH3X(21) + OX(20) -0.069 -0.085
14 CHX(28) + HX(19) <=> CH2X(27) + X(1) -0.069 -0.085
15 CHX(28) + HOX(22) <=> CH2X(27) + OX(20) -0.069 -0.085
16 2 CH2X(27) <=> CH3X(21) + CHX(28) -0.069 -0.085
17 CHX(28) + X(1) <=> CX(26) + HX(19) -0.069 -0.085
18 CX(26) + H2(6) <=> CH2X(27) -0.069 -0.085
19 CX(26) + HOX(22) <=> CHX(28) + OX(20) -0.069 -0.085
20 CH3X(21) + CX(26) <=> CH2X(27) + CHX(28) -0.069 -0.085
21 CH2X(27) + CX(26) <=> 2 CHX(28) -0.069 -0.085
22 CO(7) + X(1) <=> OCX(25) -0.000 -0.000
23 CX(26) + OX(20) <=> OCX(25) + X(1) -0.069 -0.085
24 CH4(2) + HOX(22) + X(1) <=> CH3X(21) + H2OX(23) -0.388 -0.478
25 H2O(5) + X(1) <=> H2OX(23) 0.000 0.000
26 H2OX(23) + OX(20) <=> 2 HOX(22) 0.579 0.713
27 HOX(22) + HX(19) <=> H2OX(23) + X(1) -0.069 -0.085
28 H2(6) + X(1) <=> H2X(49) -0.069 -0.085
29 CO(7) + X(1) <=> COX(50) -0.069 -0.085
30 CH2O(9) + 2 X(1) <=> CHOX(53) + HX(19) -0.069 -0.085
31 HCO(15) + X(1) <=> CHOX(53) -0.069 -0.085
32 CH3CHO(16) + 2 X(1) <=> CH3X(21) + CHOX(53) -0.000 -0.000
33 CHOX(53) + X(1) <=> HX(19) + OCX(25) -0.069 -0.085
34 CHOX(53) + OX(20) <=> HOX(22) + OCX(25) -0.069 -0.085
35 CH2X(27) + CHOX(53) <=> CH3X(21) + OCX(25) -0.069 -0.085
36 CHOX(53) + CHX(28) <=> CH2X(27) + OCX(25) -0.000 -0.000
37 CHOX(53) + CX(26) <=> CHX(28) + OCX(25) -0.069 -0.085
38 HOCOX(206) + X(1) <=> HOX(22) + OCX(25) -0.069 -0.085
39 CH3OH(14) + X(1) <=> CH4OX(60) -0.069 -0.085
40 C2H4(47) + X(1) <=> C2H4X(210) -0.000 -0.000
41 C2H4(18) + X(1) <=> C2H4X(65) -0.000 -0.000
42 CO2(4) + X(1) <=> CO2X(24) -0.069 -0.085
43 OCX(25) + OX(20) <=> CO2X(24) + X(1) -0.592 -0.750
44 CO2X(24) + HX(19) <=> HOX(22) + OCX(25) -0.115 -0.145
Finished sensitivity simulation for a C/O ratio of 2.2
Finished translating for C/O ratio of 2.2
Starting sensitivity simulation for a C/O ratio of 2.0
0 CH4(2) + X(1) <=> CH4X(48) -0.109 -0.139
1 O2(3) + 2 X(1) <=> 2 OX(20) -0.185 -0.237
2 H2(6) + 2 X(1) <=> 2 HX(19) -0.109 -0.139
3 H(12) + X(1) <=> HX(19) -0.108 -0.138
4 HX(19) + OX(20) <=> HOX(22) + X(1) -0.117 -0.150
5 H2O(5) + 2 X(1) <=> HOX(22) + HX(19) 0.053 0.068
6 OH(17) + X(1) <=> HOX(22) -1.291 -1.654
7 CH4(2) + 2 X(1) <=> CH3X(21) + HX(19) -0.500 -0.639
8 CH4(2) + OX(20) + X(1) <=> CH3X(21) + HOX(22) -12.226 -16.064
9 C2H6(8) + 2 X(1) <=> 2 CH3X(21) -0.008 -0.010
10 CH3(10) + X(1) <=> CH3X(21) -0.199 -0.249
11 CH3OH(14) + 2 X(1) <=> CH3X(21) + HOX(22) -0.000 -0.000
12 CH2X(27) + HX(19) <=> CH3X(21) + X(1) 0.000 0.000
13 CH2X(27) + HOX(22) <=> CH3X(21) + OX(20) -0.109 -0.139
14 CHX(28) + HX(19) <=> CH2X(27) + X(1) -0.000 -0.000
15 CHX(28) + HOX(22) <=> CH2X(27) + OX(20) -0.000 -0.000
16 2 CH2X(27) <=> CH3X(21) + CHX(28) -0.000 -0.000
17 CHX(28) + X(1) <=> CX(26) + HX(19) -0.109 -0.139
18 CX(26) + H2(6) <=> CH2X(27) -0.109 -0.139
19 CX(26) + HOX(22) <=> CHX(28) + OX(20) -0.109 -0.139
20 CH3X(21) + CX(26) <=> CH2X(27) + CHX(28) -0.000 -0.000
21 CH2X(27) + CX(26) <=> 2 CHX(28) -0.000 -0.000
22 CO(7) + X(1) <=> OCX(25) -0.109 -0.139
23 CX(26) + OX(20) <=> OCX(25) + X(1) -0.109 -0.139
24 CH4(2) + HOX(22) + X(1) <=> CH3X(21) + H2OX(23) -0.294 -0.375
25 H2O(5) + X(1) <=> H2OX(23) -0.109 -0.139
26 H2OX(23) + OX(20) <=> 2 HOX(22) 0.658 0.840
27 HOX(22) + HX(19) <=> H2OX(23) + X(1) 0.000 0.000
28 H2(6) + X(1) <=> H2X(49) -0.109 -0.139
29 CO(7) + X(1) <=> COX(50) -0.109 -0.139
30 CH2O(9) + 2 X(1) <=> CHOX(53) + HX(19) -0.000 -0.000
31 HCO(15) + X(1) <=> CHOX(53) -0.000 -0.000
32 CH3CHO(16) + 2 X(1) <=> CH3X(21) + CHOX(53) -0.109 -0.139
33 CHOX(53) + X(1) <=> HX(19) + OCX(25) -0.000 -0.000
34 CHOX(53) + OX(20) <=> HOX(22) + OCX(25) -0.109 -0.139
35 CH2X(27) + CHOX(53) <=> CH3X(21) + OCX(25) -0.109 -0.139
36 CHOX(53) + CHX(28) <=> CH2X(27) + OCX(25) -0.109 -0.139
37 CHOX(53) + CX(26) <=> CHX(28) + OCX(25) -0.109 -0.139
38 HOCOX(206) + X(1) <=> HOX(22) + OCX(25) -0.109 -0.139
39 CH3OH(14) + X(1) <=> CH4OX(60) -0.000 -0.000
40 C2H4(47) + X(1) <=> C2H4X(210) -0.000 -0.000
41 C2H4(18) + X(1) <=> C2H4X(65) -0.000 -0.000
42 CO2(4) + X(1) <=> CO2X(24) -0.109 -0.139
43 OCX(25) + OX(20) <=> CO2X(24) + X(1) -0.654 -0.856
44 CO2X(24) + HX(19) <=> HOX(22) + OCX(25) -0.156 -0.203
Finished sensitivity simulation for a C/O ratio of 2.0
Finished translating for C/O ratio of 2.0
Starting sensitivity simulation for a C/O ratio of 1.8
0 CH4(2) + X(1) <=> CH4X(48) 0.356 0.474
1 O2(3) + 2 X(1) <=> 2 OX(20) -0.068 -0.091
2 H2(6) + 2 X(1) <=> 2 HX(19) -0.000 -0.000
3 H(12) + X(1) <=> HX(19) 0.001 0.001
4 HX(19) + OX(20) <=> HOX(22) + X(1) -0.008 -0.011
5 H2O(5) + 2 X(1) <=> HOX(22) + HX(19) 0.056 0.074
6 OH(17) + X(1) <=> HOX(22) -0.749 -0.997
7 CH4(2) + 2 X(1) <=> CH3X(21) + HX(19) -0.486 -0.646
8 CH4(2) + OX(20) + X(1) <=> CH3X(21) + HOX(22) -12.058 -16.562
9 C2H6(8) + 2 X(1) <=> 2 CH3X(21) -0.009 -0.012
10 CH3(10) + X(1) <=> CH3X(21) -0.231 -0.300
11 CH3OH(14) + 2 X(1) <=> CH3X(21) + HOX(22) 0.356 0.474
12 CH2X(27) + HX(19) <=> CH3X(21) + X(1) 0.000 0.000
13 CH2X(27) + HOX(22) <=> CH3X(21) + OX(20) -0.000 -0.000
14 CHX(28) + HX(19) <=> CH2X(27) + X(1) 0.356 0.474
15 CHX(28) + HOX(22) <=> CH2X(27) + OX(20) -0.000 -0.000
16 2 CH2X(27) <=> CH3X(21) + CHX(28) 0.356 0.474
17 CHX(28) + X(1) <=> CX(26) + HX(19) -0.000 -0.000
18 CX(26) + H2(6) <=> CH2X(27) 0.356 0.474
19 CX(26) + HOX(22) <=> CHX(28) + OX(20) -0.000 -0.000
20 CH3X(21) + CX(26) <=> CH2X(27) + CHX(28) 0.356 0.474
21 CH2X(27) + CX(26) <=> 2 CHX(28) -0.000 -0.000
22 CO(7) + X(1) <=> OCX(25) 0.000 0.000
23 CX(26) + OX(20) <=> OCX(25) + X(1) 0.449 0.598
24 CH4(2) + HOX(22) + X(1) <=> CH3X(21) + H2OX(23) 0.327 0.436
25 H2O(5) + X(1) <=> H2OX(23) 0.000 0.000
26 H2OX(23) + OX(20) <=> 2 HOX(22) 0.703 0.934
27 HOX(22) + HX(19) <=> H2OX(23) + X(1) 0.000 0.000
28 H2(6) + X(1) <=> H2X(49) -0.000 -0.000
29 CO(7) + X(1) <=> COX(50) -0.000 -0.000
30 CH2O(9) + 2 X(1) <=> CHOX(53) + HX(19) 0.356 0.474
31 HCO(15) + X(1) <=> CHOX(53) -0.000 -0.000
32 CH3CHO(16) + 2 X(1) <=> CH3X(21) + CHOX(53) -0.000 -0.000
33 CHOX(53) + X(1) <=> HX(19) + OCX(25) -0.000 -0.000
34 CHOX(53) + OX(20) <=> HOX(22) + OCX(25) -0.000 -0.000
35 CH2X(27) + CHOX(53) <=> CH3X(21) + OCX(25) -0.000 -0.000
36 CHOX(53) + CHX(28) <=> CH2X(27) + OCX(25) 0.000 0.000
37 CHOX(53) + CX(26) <=> CHX(28) + OCX(25) 0.356 0.474
38 HOCOX(206) + X(1) <=> HOX(22) + OCX(25) 0.000 0.000
39 CH3OH(14) + X(1) <=> CH4OX(60) -0.000 -0.000
40 C2H4(47) + X(1) <=> C2H4X(210) 0.449 0.598
41 C2H4(18) + X(1) <=> C2H4X(65) 0.000 0.000
42 CO2(4) + X(1) <=> CO2X(24) 0.596 0.793
43 OCX(25) + OX(20) <=> CO2X(24) + X(1) -0.519 -0.708
44 CO2X(24) + HX(19) <=> HOX(22) + OCX(25) -0.046 -0.064
Finished sensitivity simulation for a C/O ratio of 1.8
Finished translating for C/O ratio of 1.8
Starting sensitivity simulation for a C/O ratio of 2.4
0 CH4(2) + X(1) <=> CH4X(48) -0.000 -0.000
1 O2(3) + 2 X(1) <=> 2 OX(20) 0.026 0.031
2 H2(6) + 2 X(1) <=> 2 HX(19) 0.000 0.000
3 H(12) + X(1) <=> HX(19) 0.001 0.001
4 HX(19) + OX(20) <=> HOX(22) + X(1) -0.007 -0.008
5 H2O(5) + 2 X(1) <=> HOX(22) + HX(19) 0.043 0.052
6 OH(17) + X(1) <=> HOX(22) -1.052 -1.254
7 CH4(2) + 2 X(1) <=> CH3X(21) + HX(19) -0.494 -0.589
8 CH4(2) + OX(20) + X(1) <=> CH3X(21) + HOX(22) -11.374 -13.804
9 C2H6(8) + 2 X(1) <=> 2 CH3X(21) -0.005 -0.006
10 CH3(10) + X(1) <=> CH3X(21) -0.127 -0.147
11 CH3OH(14) + 2 X(1) <=> CH3X(21) + HOX(22) -0.000 -0.000
12 CH2X(27) + HX(19) <=> CH3X(21) + X(1) 0.000 0.000
13 CH2X(27) + HOX(22) <=> CH3X(21) + OX(20) -0.000 -0.000
14 CHX(28) + HX(19) <=> CH2X(27) + X(1) -0.000 -0.000
15 CHX(28) + HOX(22) <=> CH2X(27) + OX(20) -0.000 -0.000
16 2 CH2X(27) <=> CH3X(21) + CHX(28) -0.000 -0.000
17 CHX(28) + X(1) <=> CX(26) + HX(19) 0.000 0.000
18 CX(26) + H2(6) <=> CH2X(27) 0.094 0.113
19 CX(26) + HOX(22) <=> CHX(28) + OX(20) -0.000 -0.000
20 CH3X(21) + CX(26) <=> CH2X(27) + CHX(28) -0.000 -0.000
21 CH2X(27) + CX(26) <=> 2 CHX(28) -0.000 -0.000
22 CO(7) + X(1) <=> OCX(25) 0.094 0.112
23 CX(26) + OX(20) <=> OCX(25) + X(1) 0.094 0.113
24 CH4(2) + HOX(22) + X(1) <=> CH3X(21) + H2OX(23) -0.312 -0.372
25 H2O(5) + X(1) <=> H2OX(23) 0.094 0.113
26 H2OX(23) + OX(20) <=> 2 HOX(22) 0.588 0.702
27 HOX(22) + HX(19) <=> H2OX(23) + X(1) 0.000 0.000
28 H2(6) + X(1) <=> H2X(49) 0.094 0.113
29 CO(7) + X(1) <=> COX(50) 0.094 0.113
30 CH2O(9) + 2 X(1) <=> CHOX(53) + HX(19) 0.000 0.000
31 HCO(15) + X(1) <=> CHOX(53) -0.000 -0.000
32 CH3CHO(16) + 2 X(1) <=> CH3X(21) + CHOX(53) -0.000 -0.000
33 CHOX(53) + X(1) <=> HX(19) + OCX(25) -0.000 -0.000
34 CHOX(53) + OX(20) <=> HOX(22) + OCX(25) -0.000 -0.000
35 CH2X(27) + CHOX(53) <=> CH3X(21) + OCX(25) -0.000 -0.000
36 CHOX(53) + CHX(28) <=> CH2X(27) + OCX(25) -0.000 -0.000
37 CHOX(53) + CX(26) <=> CHX(28) + OCX(25) -0.000 -0.000
38 HOCOX(206) + X(1) <=> HOX(22) + OCX(25) -0.000 -0.000
39 CH3OH(14) + X(1) <=> CH4OX(60) -0.000 -0.000
40 C2H4(47) + X(1) <=> C2H4X(210) 0.094 0.113
41 C2H4(18) + X(1) <=> C2H4X(65) -0.000 -0.000
42 CO2(4) + X(1) <=> CO2X(24) 1.052 1.257
43 OCX(25) + OX(20) <=> CO2X(24) + X(1) -0.386 -0.482
44 CO2X(24) + HX(19) <=> HOX(22) + OCX(25) 0.097 0.113
Finished sensitivity simulation for a C/O ratio of 2.4
Finished translating for C/O ratio of 2.4
Starting sensitivity simulation for a C/O ratio of 1.1
0 CH4(2) + X(1) <=> CH4X(48) -0.113 -0.150
1 O2(3) + 2 X(1) <=> 2 OX(20) -0.034 -0.045
2 H2(6) + 2 X(1) <=> 2 HX(19) -0.113 -0.151
3 H(12) + X(1) <=> HX(19) 0.002 0.002
4 HX(19) + OX(20) <=> HOX(22) + X(1) -0.121 -0.160
5 H2O(5) + 2 X(1) <=> HOX(22) + HX(19) 0.052 0.069
6 OH(17) + X(1) <=> HOX(22) -1.599 -2.130
7 CH4(2) + 2 X(1) <=> CH3X(21) + HX(19) -0.428 -0.568
8 CH4(2) + OX(20) + X(1) <=> CH3X(21) + HOX(22) -13.894 -19.117
9 C2H6(8) + 2 X(1) <=> 2 CH3X(21) -0.010 -0.013
10 CH3(10) + X(1) <=> CH3X(21) -0.275 -0.356
11 CH3OH(14) + 2 X(1) <=> CH3X(21) + HOX(22) -0.113 -0.151
12 CH2X(27) + HX(19) <=> CH3X(21) + X(1) 0.000 0.000
13 CH2X(27) + HOX(22) <=> CH3X(21) + OX(20) 0.000 0.001
14 CHX(28) + HX(19) <=> CH2X(27) + X(1) 0.000 0.001
15 CHX(28) + HOX(22) <=> CH2X(27) + OX(20) -0.113 -0.150
16 2 CH2X(27) <=> CH3X(21) + CHX(28) -0.113 -0.150
17 CHX(28) + X(1) <=> CX(26) + HX(19) 0.000 0.001
18 CX(26) + H2(6) <=> CH2X(27) -0.113 -0.150
19 CX(26) + HOX(22) <=> CHX(28) + OX(20) -0.113 -0.150
20 CH3X(21) + CX(26) <=> CH2X(27) + CHX(28) -0.113 -0.150
21 CH2X(27) + CX(26) <=> 2 CHX(28) -0.086 -0.115
22 CO(7) + X(1) <=> OCX(25) 0.000 0.000
23 CX(26) + OX(20) <=> OCX(25) + X(1) -0.000 -0.000
24 CH4(2) + HOX(22) + X(1) <=> CH3X(21) + H2OX(23) -0.372 -0.494
25 H2O(5) + X(1) <=> H2OX(23) 0.000 0.001
26 H2OX(23) + OX(20) <=> 2 HOX(22) 0.751 0.995
27 HOX(22) + HX(19) <=> H2OX(23) + X(1) -0.113 -0.150
28 H2(6) + X(1) <=> H2X(49) -0.086 -0.115
29 CO(7) + X(1) <=> COX(50) 0.000 0.001
30 CH2O(9) + 2 X(1) <=> CHOX(53) + HX(19) -0.113 -0.150
31 HCO(15) + X(1) <=> CHOX(53) -0.113 -0.150
32 CH3CHO(16) + 2 X(1) <=> CH3X(21) + CHOX(53) 0.000 0.001
33 CHOX(53) + X(1) <=> HX(19) + OCX(25) -0.113 -0.150
34 CHOX(53) + OX(20) <=> HOX(22) + OCX(25) -0.113 -0.150
35 CH2X(27) + CHOX(53) <=> CH3X(21) + OCX(25) -0.000 -0.000
36 CHOX(53) + CHX(28) <=> CH2X(27) + OCX(25) -0.113 -0.150
37 CHOX(53) + CX(26) <=> CHX(28) + OCX(25) 0.000 0.001
38 HOCOX(206) + X(1) <=> HOX(22) + OCX(25) 0.000 0.001
39 CH3OH(14) + X(1) <=> CH4OX(60) 0.000 0.001
40 C2H4(47) + X(1) <=> C2H4X(210) 0.000 0.001
41 C2H4(18) + X(1) <=> C2H4X(65) -0.113 -0.150
42 CO2(4) + X(1) <=> CO2X(24) -0.113 -0.150
43 OCX(25) + OX(20) <=> CO2X(24) + X(1) -0.597 -0.809
44 CO2X(24) + HX(19) <=> HOX(22) + OCX(25) -0.006 -0.010
Finished sensitivity simulation for a C/O ratio of 1.1
Finished translating for C/O ratio of 1.1
Starting sensitivity simulation for a C/O ratio of 1.2
0 CH4(2) + X(1) <=> CH4X(48) -0.000 -0.000
1 O2(3) + 2 X(1) <=> 2 OX(20) -0.048 -0.066
2 H2(6) + 2 X(1) <=> 2 HX(19) 0.108 0.148
3 H(12) + X(1) <=> HX(19) 0.001 0.002
4 HX(19) + OX(20) <=> HOX(22) + X(1) -0.008 -0.011
5 H2O(5) + 2 X(1) <=> HOX(22) + HX(19) 0.162 0.221
6 OH(17) + X(1) <=> HOX(22) -1.430 -1.957
7 CH4(2) + 2 X(1) <=> CH3X(21) + HX(19) -0.435 -0.593
8 CH4(2) + OX(20) + X(1) <=> CH3X(21) + HOX(22) -12.639 -17.894
9 C2H6(8) + 2 X(1) <=> 2 CH3X(21) 0.098 0.135
10 CH3(10) + X(1) <=> CH3X(21) -0.279 -0.373
11 CH3OH(14) + 2 X(1) <=> CH3X(21) + HOX(22) -0.000 -0.000
12 CH2X(27) + HX(19) <=> CH3X(21) + X(1) 0.000 0.000
13 CH2X(27) + HOX(22) <=> CH3X(21) + OX(20) 0.109 0.148
14 CHX(28) + HX(19) <=> CH2X(27) + X(1) 0.109 0.148
15 CHX(28) + HOX(22) <=> CH2X(27) + OX(20) 0.109 0.148
16 2 CH2X(27) <=> CH3X(21) + CHX(28) -0.000 -0.000
17 CHX(28) + X(1) <=> CX(26) + HX(19) -0.000 -0.000
18 CX(26) + H2(6) <=> CH2X(27) -0.000 -0.000
19 CX(26) + HOX(22) <=> CHX(28) + OX(20) -0.000 -0.000
20 CH3X(21) + CX(26) <=> CH2X(27) + CHX(28) -0.000 -0.000
21 CH2X(27) + CX(26) <=> 2 CHX(28) -0.000 -0.000
22 CO(7) + X(1) <=> OCX(25) 0.000 0.000
23 CX(26) + OX(20) <=> OCX(25) + X(1) -0.000 -0.000
24 CH4(2) + HOX(22) + X(1) <=> CH3X(21) + H2OX(23) -0.257 -0.350
25 H2O(5) + X(1) <=> H2OX(23) 0.109 0.148
26 H2OX(23) + OX(20) <=> 2 HOX(22) 0.836 1.138
27 HOX(22) + HX(19) <=> H2OX(23) + X(1) 0.000 0.000
28 H2(6) + X(1) <=> H2X(49) -0.000 -0.000
29 CO(7) + X(1) <=> COX(50) -0.000 -0.000
30 CH2O(9) + 2 X(1) <=> CHOX(53) + HX(19) -0.000 -0.000
31 HCO(15) + X(1) <=> CHOX(53) -0.000 -0.000
32 CH3CHO(16) + 2 X(1) <=> CH3X(21) + CHOX(53) 0.109 0.148
33 CHOX(53) + X(1) <=> HX(19) + OCX(25) 0.109 0.148
34 CHOX(53) + OX(20) <=> HOX(22) + OCX(25) -0.000 -0.000
35 CH2X(27) + CHOX(53) <=> CH3X(21) + OCX(25) -0.000 -0.000
36 CHOX(53) + CHX(28) <=> CH2X(27) + OCX(25) -0.000 -0.000
37 CHOX(53) + CX(26) <=> CHX(28) + OCX(25) 0.109 0.148
38 HOCOX(206) + X(1) <=> HOX(22) + OCX(25) 0.109 0.148
39 CH3OH(14) + X(1) <=> CH4OX(60) -0.000 -0.000
40 C2H4(47) + X(1) <=> C2H4X(210) 0.109 0.148
41 C2H4(18) + X(1) <=> C2H4X(65) 0.109 0.148
42 CO2(4) + X(1) <=> CO2X(24) -0.000 -0.000
43 OCX(25) + OX(20) <=> CO2X(24) + X(1) 0.035 0.032
44 CO2X(24) + HX(19) <=> HOX(22) + OCX(25) 0.101 0.136
Finished sensitivity simulation for a C/O ratio of 1.2
Finished translating for C/O ratio of 1.2
Starting sensitivity simulation for a C/O ratio of 1.6
0 CH4(2) + X(1) <=> CH4X(48) -0.000 -0.000
1 O2(3) + 2 X(1) <=> 2 OX(20) -0.045 -0.061
2 H2(6) + 2 X(1) <=> 2 HX(19) -0.072 -0.099
3 H(12) + X(1) <=> HX(19) -0.071 -0.097
4 HX(19) + OX(20) <=> HOX(22) + X(1) -0.080 -0.110
5 H2O(5) + 2 X(1) <=> HOX(22) + HX(19) 0.131 0.180
6 OH(17) + X(1) <=> HOX(22) -1.472 -2.031
7 CH4(2) + 2 X(1) <=> CH3X(21) + HX(19) -0.531 -0.731
8 CH4(2) + OX(20) + X(1) <=> CH3X(21) + HOX(22) -11.915 -16.972
9 C2H6(8) + 2 X(1) <=> 2 CH3X(21) -0.010 -0.013
10 CH3(10) + X(1) <=> CH3X(21) -0.255 -0.343
11 CH3OH(14) + 2 X(1) <=> CH3X(21) + HOX(22) -0.072 -0.099
12 CH2X(27) + HX(19) <=> CH3X(21) + X(1) 0.000 0.000
13 CH2X(27) + HOX(22) <=> CH3X(21) + OX(20) -0.072 -0.099
14 CHX(28) + HX(19) <=> CH2X(27) + X(1) 0.000 0.000
15 CHX(28) + HOX(22) <=> CH2X(27) + OX(20) -0.000 -0.000
16 2 CH2X(27) <=> CH3X(21) + CHX(28) -0.072 -0.099
17 CHX(28) + X(1) <=> CX(26) + HX(19) 0.075 0.104
18 CX(26) + H2(6) <=> CH2X(27) 0.075 0.104
19 CX(26) + HOX(22) <=> CHX(28) + OX(20) 0.000 0.000
20 CH3X(21) + CX(26) <=> CH2X(27) + CHX(28) -0.000 -0.000
21 CH2X(27) + CX(26) <=> 2 CHX(28) -0.072 -0.099
22 CO(7) + X(1) <=> OCX(25) 0.000 0.000
23 CX(26) + OX(20) <=> OCX(25) + X(1) -0.000 -0.000
24 CH4(2) + HOX(22) + X(1) <=> CH3X(21) + H2OX(23) -0.349 -0.479
25 H2O(5) + X(1) <=> H2OX(23) 0.075 0.104
26 H2OX(23) + OX(20) <=> 2 HOX(22) 0.760 1.043
27 HOX(22) + HX(19) <=> H2OX(23) + X(1) 0.000 0.000
28 H2(6) + X(1) <=> H2X(49) -0.000 -0.000
29 CO(7) + X(1) <=> COX(50) -0.000 -0.000
30 CH2O(9) + 2 X(1) <=> CHOX(53) + HX(19) 0.075 0.104
31 HCO(15) + X(1) <=> CHOX(53) -0.000 -0.000
32 CH3CHO(16) + 2 X(1) <=> CH3X(21) + CHOX(53) -0.000 -0.000
33 CHOX(53) + X(1) <=> HX(19) + OCX(25) 0.075 0.104
34 CHOX(53) + OX(20) <=> HOX(22) + OCX(25) -0.072 -0.099
35 CH2X(27) + CHOX(53) <=> CH3X(21) + OCX(25) 0.075 0.104
36 CHOX(53) + CHX(28) <=> CH2X(27) + OCX(25) -0.000 -0.000
37 CHOX(53) + CX(26) <=> CHX(28) + OCX(25) -0.000 -0.000
38 HOCOX(206) + X(1) <=> HOX(22) + OCX(25) -0.072 -0.099
39 CH3OH(14) + X(1) <=> CH4OX(60) -0.000 -0.000
40 C2H4(47) + X(1) <=> C2H4X(210) -0.072 -0.099
41 C2H4(18) + X(1) <=> C2H4X(65) 0.075 0.104
42 CO2(4) + X(1) <=> CO2X(24) -0.000 -0.000
43 OCX(25) + OX(20) <=> CO2X(24) + X(1) -0.387 -0.548
44 CO2X(24) + HX(19) <=> HOX(22) + OCX(25) -0.009 -0.014
Finished sensitivity simulation for a C/O ratio of 1.6
Finished translating for C/O ratio of 1.6
Starting sensitivity simulation for a C/O ratio of 0.8
0 CH4(2) + X(1) <=> CH4X(48) 0.000 0.000
1 O2(3) + 2 X(1) <=> 2 OX(20) -0.219 -0.255
2 H2(6) + 2 X(1) <=> 2 HX(19) 0.000 0.000
3 H(12) + X(1) <=> HX(19) 0.001 0.001
4 HX(19) + OX(20) <=> HOX(22) + X(1) -0.005 -0.006
5 H2O(5) + 2 X(1) <=> HOX(22) + HX(19) 0.034 0.039
6 OH(17) + X(1) <=> HOX(22) -1.499 -1.745
7 CH4(2) + 2 X(1) <=> CH3X(21) + HX(19) -0.581 -0.677
8 CH4(2) + OX(20) + X(1) <=> CH3X(21) + HOX(22) -16.375 -19.441
9 C2H6(8) + 2 X(1) <=> 2 CH3X(21) -0.189 -0.220
10 CH3(10) + X(1) <=> CH3X(21) -0.172 -0.195
11 CH3OH(14) + 2 X(1) <=> CH3X(21) + HOX(22) -0.000 -0.000
12 CH2X(27) + HX(19) <=> CH3X(21) + X(1) 0.000 0.000
13 CH2X(27) + HOX(22) <=> CH3X(21) + OX(20) -0.000 -0.000
14 CHX(28) + HX(19) <=> CH2X(27) + X(1) -0.183 -0.213
15 CHX(28) + HOX(22) <=> CH2X(27) + OX(20) 0.000 0.000
16 2 CH2X(27) <=> CH3X(21) + CHX(28) 0.000 0.000
17 CHX(28) + X(1) <=> CX(26) + HX(19) 0.000 0.000
18 CX(26) + H2(6) <=> CH2X(27) -0.183 -0.213
19 CX(26) + HOX(22) <=> CHX(28) + OX(20) 0.000 0.000
20 CH3X(21) + CX(26) <=> CH2X(27) + CHX(28) -0.183 -0.213
21 CH2X(27) + CX(26) <=> 2 CHX(28) -0.000 -0.000
22 CO(7) + X(1) <=> OCX(25) -0.000 -0.000
23 CX(26) + OX(20) <=> OCX(25) + X(1) -0.000 -0.000
24 CH4(2) + HOX(22) + X(1) <=> CH3X(21) + H2OX(23) -0.417 -0.486
25 H2O(5) + X(1) <=> H2OX(23) 0.000 0.000
26 H2OX(23) + OX(20) <=> 2 HOX(22) 0.692 0.805
27 HOX(22) + HX(19) <=> H2OX(23) + X(1) 0.000 0.000
28 H2(6) + X(1) <=> H2X(49) 0.000 0.000
29 CO(7) + X(1) <=> COX(50) -0.183 -0.213
30 CH2O(9) + 2 X(1) <=> CHOX(53) + HX(19) 0.000 0.000
31 HCO(15) + X(1) <=> CHOX(53) 0.000 0.000
32 CH3CHO(16) + 2 X(1) <=> CH3X(21) + CHOX(53) -0.183 -0.213
33 CHOX(53) + X(1) <=> HX(19) + OCX(25) 0.000 0.000
34 CHOX(53) + OX(20) <=> HOX(22) + OCX(25) -0.183 -0.213
35 CH2X(27) + CHOX(53) <=> CH3X(21) + OCX(25) -0.183 -0.213
36 CHOX(53) + CHX(28) <=> CH2X(27) + OCX(25) 0.000 0.000
37 CHOX(53) + CX(26) <=> CHX(28) + OCX(25) 0.000 0.000
38 HOCOX(206) + X(1) <=> HOX(22) + OCX(25) -0.183 -0.213
39 CH3OH(14) + X(1) <=> CH4OX(60) 0.000 0.000
40 C2H4(47) + X(1) <=> C2H4X(210) 0.000 0.000
41 C2H4(18) + X(1) <=> C2H4X(65) 0.000 0.000
42 CO2(4) + X(1) <=> CO2X(24) 0.000 0.000
43 OCX(25) + OX(20) <=> CO2X(24) + X(1) -0.518 -0.623
44 CO2X(24) + HX(19) <=> HOX(22) + OCX(25) 0.004 0.003
Finished sensitivity simulation for a C/O ratio of 0.8
Finished translating for C/O ratio of 0.8
Starting sensitivity simulation for a C/O ratio of 1.0
0 CH4(2) + X(1) <=> CH4X(48) -0.000 -0.000
1 O2(3) + 2 X(1) <=> 2 OX(20) -0.044 -0.057
2 H2(6) + 2 X(1) <=> 2 HX(19) -0.000 -0.000
3 H(12) + X(1) <=> HX(19) 0.001 0.002
4 HX(19) + OX(20) <=> HOX(22) + X(1) -0.007 -0.009
5 H2O(5) + 2 X(1) <=> HOX(22) + HX(19) 0.049 0.062
6 OH(17) + X(1) <=> HOX(22) -1.652 -2.115
7 CH4(2) + 2 X(1) <=> CH3X(21) + HX(19) -0.444 -0.566
8 CH4(2) + OX(20) + X(1) <=> CH3X(21) + HOX(22) -14.920 -19.672
9 C2H6(8) + 2 X(1) <=> 2 CH3X(21) -0.009 -0.012
10 CH3(10) + X(1) <=> CH3X(21) -0.260 -0.325
11 CH3OH(14) + 2 X(1) <=> CH3X(21) + HOX(22) -0.000 -0.000
12 CH2X(27) + HX(19) <=> CH3X(21) + X(1) 0.000 0.000
13 CH2X(27) + HOX(22) <=> CH3X(21) + OX(20) -0.000 -0.000
14 CHX(28) + HX(19) <=> CH2X(27) + X(1) -0.000 -0.000
15 CHX(28) + HOX(22) <=> CH2X(27) + OX(20) -0.000 -0.000
16 2 CH2X(27) <=> CH3X(21) + CHX(28) -0.000 -0.000
17 CHX(28) + X(1) <=> CX(26) + HX(19) -0.000 -0.000
18 CX(26) + H2(6) <=> CH2X(27) -0.000 -0.000
19 CX(26) + HOX(22) <=> CHX(28) + OX(20) -0.000 -0.000
20 CH3X(21) + CX(26) <=> CH2X(27) + CHX(28) -0.000 -0.000
21 CH2X(27) + CX(26) <=> 2 CHX(28) -0.000 -0.000
22 CO(7) + X(1) <=> OCX(25) 0.000 0.000
23 CX(26) + OX(20) <=> OCX(25) + X(1) -0.000 -0.000
24 CH4(2) + HOX(22) + X(1) <=> CH3X(21) + H2OX(23) -0.260 -0.332
25 H2O(5) + X(1) <=> H2OX(23) 0.000 0.000
26 H2OX(23) + OX(20) <=> 2 HOX(22) 0.794 1.012
27 HOX(22) + HX(19) <=> H2OX(23) + X(1) 0.000 0.000
28 H2(6) + X(1) <=> H2X(49) -0.000 -0.000
29 CO(7) + X(1) <=> COX(50) -0.000 -0.000
30 CH2O(9) + 2 X(1) <=> CHOX(53) + HX(19) -0.000 -0.000
31 HCO(15) + X(1) <=> CHOX(53) -0.000 -0.000
32 CH3CHO(16) + 2 X(1) <=> CH3X(21) + CHOX(53) -0.000 -0.000
33 CHOX(53) + X(1) <=> HX(19) + OCX(25) -0.000 -0.000
34 CHOX(53) + OX(20) <=> HOX(22) + OCX(25) -0.000 -0.000
35 CH2X(27) + CHOX(53) <=> CH3X(21) + OCX(25) -0.000 -0.000
36 CHOX(53) + CHX(28) <=> CH2X(27) + OCX(25) -0.000 -0.000
37 CHOX(53) + CX(26) <=> CHX(28) + OCX(25) -0.000 -0.000
38 HOCOX(206) + X(1) <=> HOX(22) + OCX(25) -0.000 -0.000
39 CH3OH(14) + X(1) <=> CH4OX(60) -0.000 -0.000
40 C2H4(47) + X(1) <=> C2H4X(210) -0.000 -0.000
41 C2H4(18) + X(1) <=> C2H4X(65) -0.000 -0.000
42 CO2(4) + X(1) <=> CO2X(24) -0.000 -0.000
43 OCX(25) + OX(20) <=> CO2X(24) + X(1) -0.465 -0.611
44 CO2X(24) + HX(19) <=> HOX(22) + OCX(25) -0.032 -0.042
Finished sensitivity simulation for a C/O ratio of 1.0
Finished translating for C/O ratio of 1.0
Starting sensitivity simulation for a C/O ratio of 0.7
0 CH4(2) + X(1) <=> CH4X(48) 0.000 0.000
1 O2(3) + 2 X(1) <=> 2 OX(20) -0.027 -0.031
2 H2(6) + 2 X(1) <=> 2 HX(19) 0.000 0.000
3 H(12) + X(1) <=> HX(19) 0.001 0.001
4 HX(19) + OX(20) <=> HOX(22) + X(1) -0.003 -0.004
5 H2O(5) + 2 X(1) <=> HOX(22) + HX(19) 0.022 0.025
6 OH(17) + X(1) <=> HOX(22) -1.197 -1.343
7 CH4(2) + 2 X(1) <=> CH3X(21) + HX(19) -0.322 -0.362
8 CH4(2) + OX(20) + X(1) <=> CH3X(21) + HOX(22) -14.608 -16.629
9 C2H6(8) + 2 X(1) <=> 2 CH3X(21) -0.004 -0.004
10 CH3(10) + X(1) <=> CH3X(21) -0.108 -0.118
11 CH3OH(14) + 2 X(1) <=> CH3X(21) + HOX(22) -0.000 -0.000
12 CH2X(27) + HX(19) <=> CH3X(21) + X(1) 0.000 0.000
13 CH2X(27) + HOX(22) <=> CH3X(21) + OX(20) -0.000 -0.000
14 CHX(28) + HX(19) <=> CH2X(27) + X(1) 0.000 0.000
15 CHX(28) + HOX(22) <=> CH2X(27) + OX(20) 0.000 0.000
16 2 CH2X(27) <=> CH3X(21) + CHX(28) 0.000 0.000
17 CHX(28) + X(1) <=> CX(26) + HX(19) 0.000 0.000
18 CX(26) + H2(6) <=> CH2X(27) 0.000 0.000
19 CX(26) + HOX(22) <=> CHX(28) + OX(20) 0.000 0.000
20 CH3X(21) + CX(26) <=> CH2X(27) + CHX(28) 0.000 0.000
21 CH2X(27) + CX(26) <=> 2 CHX(28) 0.000 0.000
22 CO(7) + X(1) <=> OCX(25) -0.000 -0.000
23 CX(26) + OX(20) <=> OCX(25) + X(1) -0.000 -0.000
24 CH4(2) + HOX(22) + X(1) <=> CH3X(21) + H2OX(23) -0.191 -0.214
25 H2O(5) + X(1) <=> H2OX(23) 0.000 0.000
26 H2OX(23) + OX(20) <=> 2 HOX(22) 0.565 0.634
27 HOX(22) + HX(19) <=> H2OX(23) + X(1) 0.000 0.000
28 H2(6) + X(1) <=> H2X(49) 0.000 0.000
29 CO(7) + X(1) <=> COX(50) 0.000 0.000
30 CH2O(9) + 2 X(1) <=> CHOX(53) + HX(19) 0.000 0.000
31 HCO(15) + X(1) <=> CHOX(53) 0.000 0.000
32 CH3CHO(16) + 2 X(1) <=> CH3X(21) + CHOX(53) 0.000 0.000
33 CHOX(53) + X(1) <=> HX(19) + OCX(25) 0.000 0.000
34 CHOX(53) + OX(20) <=> HOX(22) + OCX(25) 0.000 0.000
35 CH2X(27) + CHOX(53) <=> CH3X(21) + OCX(25) 0.000 0.000
36 CHOX(53) + CHX(28) <=> CH2X(27) + OCX(25) 0.000 0.000
37 CHOX(53) + CX(26) <=> CHX(28) + OCX(25) 0.000 0.000
38 HOCOX(206) + X(1) <=> HOX(22) + OCX(25) 0.000 0.000
39 CH3OH(14) + X(1) <=> CH4OX(60) 0.000 0.000
40 C2H4(47) + X(1) <=> C2H4X(210) 0.000 0.000
41 C2H4(18) + X(1) <=> C2H4X(65) 0.000 0.000
42 CO2(4) + X(1) <=> CO2X(24) 0.000 0.000
43 OCX(25) + OX(20) <=> CO2X(24) + X(1) 0.013 -0.010
44 CO2X(24) + HX(19) <=> HOX(22) + OCX(25) -0.006 -0.009
Finished sensitivity simulation for a C/O ratio of 0.7
Finished translating for C/O ratio of 0.7
Starting sensitivity simulation for a C/O ratio of 0.6
0 CH4(2) + X(1) <=> CH4X(48) -0.194 -0.215
1 O2(3) + 2 X(1) <=> 2 OX(20) -0.207 -0.230
2 H2(6) + 2 X(1) <=> 2 HX(19) -0.215 -0.238
3 H(12) + X(1) <=> HX(19) -0.193 -0.214
4 HX(19) + OX(20) <=> HOX(22) + X(1) -0.196 -0.217
5 H2O(5) + 2 X(1) <=> HOX(22) + HX(19) 0.012 0.013
6 OH(17) + X(1) <=> HOX(22) -1.024 -1.125
7 CH4(2) + 2 X(1) <=> CH3X(21) + HX(19) -0.422 -0.466
8 CH4(2) + OX(20) + X(1) <=> CH3X(21) + HOX(22) -12.034 -13.393
9 C2H6(8) + 2 X(1) <=> 2 CH3X(21) -0.002 -0.002
10 CH3(10) + X(1) <=> CH3X(21) -0.253 -0.276
11 CH3OH(14) + 2 X(1) <=> CH3X(21) + HOX(22) -0.000 -0.000
12 CH2X(27) + HX(19) <=> CH3X(21) + X(1) -0.000 -0.000
13 CH2X(27) + HOX(22) <=> CH3X(21) + OX(20) -0.000 -0.000
14 CHX(28) + HX(19) <=> CH2X(27) + X(1) -0.194 -0.215
15 CHX(28) + HOX(22) <=> CH2X(27) + OX(20) -0.000 -0.000
16 2 CH2X(27) <=> CH3X(21) + CHX(28) -0.000 -0.000
17 CHX(28) + X(1) <=> CX(26) + HX(19) -0.000 -0.000
18 CX(26) + H2(6) <=> CH2X(27) -0.215 -0.238
19 CX(26) + HOX(22) <=> CHX(28) + OX(20) 0.629 0.697
20 CH3X(21) + CX(26) <=> CH2X(27) + CHX(28) -0.194 -0.215
21 CH2X(27) + CX(26) <=> 2 CHX(28) -0.215 -0.238
22 CO(7) + X(1) <=> OCX(25) -0.194 -0.215
23 CX(26) + OX(20) <=> OCX(25) + X(1) -0.194 -0.215
24 CH4(2) + HOX(22) + X(1) <=> CH3X(21) + H2OX(23) -0.124 -0.137
25 H2O(5) + X(1) <=> H2OX(23) -0.194 -0.215
26 H2OX(23) + OX(20) <=> 2 HOX(22) 0.184 0.200
27 HOX(22) + HX(19) <=> H2OX(23) + X(1) -0.194 -0.215
28 H2(6) + X(1) <=> H2X(49) -0.194 -0.215
29 CO(7) + X(1) <=> COX(50) -0.000 -0.000
30 CH2O(9) + 2 X(1) <=> CHOX(53) + HX(19) -0.000 -0.000
31 HCO(15) + X(1) <=> CHOX(53) -0.000 -0.000
32 CH3CHO(16) + 2 X(1) <=> CH3X(21) + CHOX(53) -0.000 -0.000
33 CHOX(53) + X(1) <=> HX(19) + OCX(25) -0.194 -0.215
34 CHOX(53) + OX(20) <=> HOX(22) + OCX(25) -0.000 -0.000
35 CH2X(27) + CHOX(53) <=> CH3X(21) + OCX(25) -0.194 -0.215
36 CHOX(53) + CHX(28) <=> CH2X(27) + OCX(25) -0.194 -0.215
37 CHOX(53) + CX(26) <=> CHX(28) + OCX(25) -0.000 -0.000
38 HOCOX(206) + X(1) <=> HOX(22) + OCX(25) -0.194 -0.215
39 CH3OH(14) + X(1) <=> CH4OX(60) -0.194 -0.215
40 C2H4(47) + X(1) <=> C2H4X(210) -0.000 -0.000
41 C2H4(18) + X(1) <=> C2H4X(65) -0.000 -0.000
42 CO2(4) + X(1) <=> CO2X(24) -0.215 -0.238
43 OCX(25) + OX(20) <=> CO2X(24) + X(1) -0.065 -0.107
44 CO2X(24) + HX(19) <=> HOX(22) + OCX(25) 0.023 0.022
Finished sensitivity simulation for a C/O ratio of 0.6
Finished translating for C/O ratio of 0.6
Starting sensitivity simulation for a C/O ratio of 1.3
0 CH4(2) + X(1) <=> CH4X(48) -0.198 -0.274
1 O2(3) + 2 X(1) <=> 2 OX(20) -0.044 -0.061
2 H2(6) + 2 X(1) <=> 2 HX(19) -0.198 -0.275
3 H(12) + X(1) <=> HX(19) -0.196 -0.272
4 HX(19) + OX(20) <=> HOX(22) + X(1) -0.206 -0.285
5 H2O(5) + 2 X(1) <=> HOX(22) + HX(19) -0.143 -0.199
6 OH(17) + X(1) <=> HOX(22) -0.775 -1.074
7 CH4(2) + 2 X(1) <=> CH3X(21) + HX(19) -0.633 -0.878
8 CH4(2) + OX(20) + X(1) <=> CH3X(21) + HOX(22) -12.166 -17.502
9 C2H6(8) + 2 X(1) <=> 2 CH3X(21) -0.208 -0.288
10 CH3(10) + X(1) <=> CH3X(21) -0.476 -0.651
11 CH3OH(14) + 2 X(1) <=> CH3X(21) + HOX(22) -0.198 -0.274
12 CH2X(27) + HX(19) <=> CH3X(21) + X(1) 0.000 0.000
13 CH2X(27) + HOX(22) <=> CH3X(21) + OX(20) -0.198 -0.274
14 CHX(28) + HX(19) <=> CH2X(27) + X(1) -0.000 -0.000
15 CHX(28) + HOX(22) <=> CH2X(27) + OX(20) -0.198 -0.274
16 2 CH2X(27) <=> CH3X(21) + CHX(28) -0.198 -0.274
17 CHX(28) + X(1) <=> CX(26) + HX(19) -0.198 -0.274
18 CX(26) + H2(6) <=> CH2X(27) -0.198 -0.274
19 CX(26) + HOX(22) <=> CHX(28) + OX(20) -0.198 -0.274
20 CH3X(21) + CX(26) <=> CH2X(27) + CHX(28) -0.198 -0.274
21 CH2X(27) + CX(26) <=> 2 CHX(28) -0.198 -0.274
22 CO(7) + X(1) <=> OCX(25) -0.198 -0.274
23 CX(26) + OX(20) <=> OCX(25) + X(1) -0.000 -0.000
24 CH4(2) + HOX(22) + X(1) <=> CH3X(21) + H2OX(23) -0.456 -0.632
25 H2O(5) + X(1) <=> H2OX(23) -0.198 -0.274
26 H2OX(23) + OX(20) <=> 2 HOX(22) 0.538 0.744
27 HOX(22) + HX(19) <=> H2OX(23) + X(1) 0.000 0.000
28 H2(6) + X(1) <=> H2X(49) -0.198 -0.274
29 CO(7) + X(1) <=> COX(50) -0.198 -0.274
30 CH2O(9) + 2 X(1) <=> CHOX(53) + HX(19) -0.000 -0.000
31 HCO(15) + X(1) <=> CHOX(53) -0.198 -0.274
32 CH3CHO(16) + 2 X(1) <=> CH3X(21) + CHOX(53) -0.198 -0.274
33 CHOX(53) + X(1) <=> HX(19) + OCX(25) -0.198 -0.274
34 CHOX(53) + OX(20) <=> HOX(22) + OCX(25) -0.198 -0.274
35 CH2X(27) + CHOX(53) <=> CH3X(21) + OCX(25) -0.198 -0.274
36 CHOX(53) + CHX(28) <=> CH2X(27) + OCX(25) -0.198 -0.274
37 CHOX(53) + CX(26) <=> CHX(28) + OCX(25) -0.198 -0.274
38 HOCOX(206) + X(1) <=> HOX(22) + OCX(25) -0.000 -0.000
39 CH3OH(14) + X(1) <=> CH4OX(60) -0.198 -0.274
40 C2H4(47) + X(1) <=> C2H4X(210) -0.198 -0.274
41 C2H4(18) + X(1) <=> C2H4X(65) 0.000 0.000
42 CO2(4) + X(1) <=> CO2X(24) -0.000 -0.000
43 OCX(25) + OX(20) <=> CO2X(24) + X(1) -0.683 -0.965
44 CO2X(24) + HX(19) <=> HOX(22) + OCX(25) -0.235 -0.328
Finished sensitivity simulation for a C/O ratio of 1.3
Finished translating for C/O ratio of 1.3
Starting sensitivity simulation for a C/O ratio of 1.4
0 CH4(2) + X(1) <=> CH4X(48) -0.024 -0.033
1 O2(3) + 2 X(1) <=> 2 OX(20) -0.027 -0.038
2 H2(6) + 2 X(1) <=> 2 HX(19) -0.000 -0.000
3 H(12) + X(1) <=> HX(19) 0.001 0.002
4 HX(19) + OX(20) <=> HOX(22) + X(1) -0.008 -0.011
5 H2O(5) + 2 X(1) <=> HOX(22) + HX(19) 0.055 0.076
6 OH(17) + X(1) <=> HOX(22) -1.393 -1.948
7 CH4(2) + 2 X(1) <=> CH3X(21) + HX(19) -0.367 -0.510
8 CH4(2) + OX(20) + X(1) <=> CH3X(21) + HOX(22) -11.447 -16.535
9 C2H6(8) + 2 X(1) <=> 2 CH3X(21) -0.010 -0.014
10 CH3(10) + X(1) <=> CH3X(21) -0.270 -0.368
11 CH3OH(14) + 2 X(1) <=> CH3X(21) + HOX(22) -0.024 -0.034
12 CH2X(27) + HX(19) <=> CH3X(21) + X(1) -0.024 -0.033
13 CH2X(27) + HOX(22) <=> CH3X(21) + OX(20) -0.000 -0.000
14 CHX(28) + HX(19) <=> CH2X(27) + X(1) -0.000 -0.000
15 CHX(28) + HOX(22) <=> CH2X(27) + OX(20) -0.000 -0.000
16 2 CH2X(27) <=> CH3X(21) + CHX(28) -0.000 -0.000
17 CHX(28) + X(1) <=> CX(26) + HX(19) 0.000 0.000
18 CX(26) + H2(6) <=> CH2X(27) -0.000 -0.000
19 CX(26) + HOX(22) <=> CHX(28) + OX(20) -0.000 -0.000
20 CH3X(21) + CX(26) <=> CH2X(27) + CHX(28) 0.000 0.000
21 CH2X(27) + CX(26) <=> 2 CHX(28) -0.000 -0.000
22 CO(7) + X(1) <=> OCX(25) 0.000 0.000
23 CX(26) + OX(20) <=> OCX(25) + X(1) -0.000 -0.000
24 CH4(2) + HOX(22) + X(1) <=> CH3X(21) + H2OX(23) -0.286 -0.398
25 H2O(5) + X(1) <=> H2OX(23) 0.000 0.000
26 H2OX(23) + OX(20) <=> 2 HOX(22) 0.698 0.970
27 HOX(22) + HX(19) <=> H2OX(23) + X(1) 0.000 0.000
28 H2(6) + X(1) <=> H2X(49) -0.000 -0.000
29 CO(7) + X(1) <=> COX(50) -0.000 -0.000
30 CH2O(9) + 2 X(1) <=> CHOX(53) + HX(19) -0.000 -0.000
31 HCO(15) + X(1) <=> CHOX(53) -0.000 -0.000
32 CH3CHO(16) + 2 X(1) <=> CH3X(21) + CHOX(53) -0.000 -0.000
33 CHOX(53) + X(1) <=> HX(19) + OCX(25) -0.000 -0.000
34 CHOX(53) + OX(20) <=> HOX(22) + OCX(25) -0.000 -0.000
35 CH2X(27) + CHOX(53) <=> CH3X(21) + OCX(25) -0.000 -0.000
36 CHOX(53) + CHX(28) <=> CH2X(27) + OCX(25) -0.000 -0.000
37 CHOX(53) + CX(26) <=> CHX(28) + OCX(25) -0.000 -0.000
38 HOCOX(206) + X(1) <=> HOX(22) + OCX(25) -0.000 -0.000
39 CH3OH(14) + X(1) <=> CH4OX(60) -0.024 -0.033
40 C2H4(47) + X(1) <=> C2H4X(210) -0.000 -0.000
41 C2H4(18) + X(1) <=> C2H4X(65) -0.000 -0.000
42 CO2(4) + X(1) <=> CO2X(24) -0.000 -0.000
43 OCX(25) + OX(20) <=> CO2X(24) + X(1) -0.514 -0.734
44 CO2X(24) + HX(19) <=> HOX(22) + OCX(25) -0.006 -0.010
Finished sensitivity simulation for a C/O ratio of 1.4
Finished translating for C/O ratio of 1.4
Starting sensitivity simulation for a C/O ratio of 0.9
0 CH4(2) + X(1) <=> CH4X(48) 0.000 0.000
1 O2(3) + 2 X(1) <=> 2 OX(20) -0.041 -0.051
2 H2(6) + 2 X(1) <=> 2 HX(19) 0.000 -0.000
3 H(12) + X(1) <=> HX(19) 0.001 0.001
4 HX(19) + OX(20) <=> HOX(22) + X(1) -0.006 -0.008
5 H2O(5) + 2 X(1) <=> HOX(22) + HX(19) 0.043 0.052
6 OH(17) + X(1) <=> HOX(22) -1.644 -2.007
7 CH4(2) + 2 X(1) <=> CH3X(21) + HX(19) -0.436 -0.531
8 CH4(2) + OX(20) + X(1) <=> CH3X(21) + HOX(22) -16.005 -20.032
9 C2H6(8) + 2 X(1) <=> 2 CH3X(21) -0.008 -0.010
10 CH3(10) + X(1) <=> CH3X(21) -0.227 -0.271
11 CH3OH(14) + 2 X(1) <=> CH3X(21) + HOX(22) -0.000 -0.000
12 CH2X(27) + HX(19) <=> CH3X(21) + X(1) 0.000 0.000
13 CH2X(27) + HOX(22) <=> CH3X(21) + OX(20) -0.000 -0.000
14 CHX(28) + HX(19) <=> CH2X(27) + X(1) 0.000 0.000
15 CHX(28) + HOX(22) <=> CH2X(27) + OX(20) 0.000 0.000
16 2 CH2X(27) <=> CH3X(21) + CHX(28) 0.000 0.000
17 CHX(28) + X(1) <=> CX(26) + HX(19) 0.000 0.000
18 CX(26) + H2(6) <=> CH2X(27) 0.000 0.000
19 CX(26) + HOX(22) <=> CHX(28) + OX(20) 0.000 0.000
20 CH3X(21) + CX(26) <=> CH2X(27) + CHX(28) 0.000 0.000
21 CH2X(27) + CX(26) <=> 2 CHX(28) 0.000 0.000
22 CO(7) + X(1) <=> OCX(25) -0.000 -0.000
23 CX(26) + OX(20) <=> OCX(25) + X(1) -0.000 -0.000
24 CH4(2) + HOX(22) + X(1) <=> CH3X(21) + H2OX(23) -0.256 -0.312
25 H2O(5) + X(1) <=> H2OX(23) 0.000 0.000
26 H2OX(23) + OX(20) <=> 2 HOX(22) 0.785 0.956
27 HOX(22) + HX(19) <=> H2OX(23) + X(1) 0.000 0.000
28 H2(6) + X(1) <=> H2X(49) 0.000 0.000
29 CO(7) + X(1) <=> COX(50) 0.000 0.000
30 CH2O(9) + 2 X(1) <=> CHOX(53) + HX(19) 0.000 0.000
31 HCO(15) + X(1) <=> CHOX(53) 0.000 0.000
32 CH3CHO(16) + 2 X(1) <=> CH3X(21) + CHOX(53) 0.000 0.000
33 CHOX(53) + X(1) <=> HX(19) + OCX(25) 0.000 0.000
34 CHOX(53) + OX(20) <=> HOX(22) + OCX(25) 0.000 0.000
35 CH2X(27) + CHOX(53) <=> CH3X(21) + OCX(25) 0.000 0.000
36 CHOX(53) + CHX(28) <=> CH2X(27) + OCX(25) 0.000 0.000
37 CHOX(53) + CX(26) <=> CHX(28) + OCX(25) 0.000 0.000
38 HOCOX(206) + X(1) <=> HOX(22) + OCX(25) 0.000 0.000
39 CH3OH(14) + X(1) <=> CH4OX(60) 0.000 0.000
40 C2H4(47) + X(1) <=> C2H4X(210) 0.000 0.000
41 C2H4(18) + X(1) <=> C2H4X(65) 0.000 0.000
42 CO2(4) + X(1) <=> CO2X(24) 0.000 0.000
43 OCX(25) + OX(20) <=> CO2X(24) + X(1) -0.447 -0.563
44 CO2X(24) + HX(19) <=> HOX(22) + OCX(25) -0.027 -0.035
Finished sensitivity simulation for a C/O ratio of 0.9
Finished translating for C/O ratio of 0.9
