This mechanism contains 38 gas reactions and 44 surface reactions
Finished simulation at a C/O ratio of 1.0
Finished simulation at a C/O ratio of 1.1
Finished simulation at a C/O ratio of 0.6
Finished simulation at a C/O ratio of 2.2
Finished simulation at a C/O ratio of 2.6
Finished simulation at a C/O ratio of 2.0
Finished simulation at a C/O ratio of 1.4
Finished simulation at a C/O ratio of 1.6
Finished simulation at a C/O ratio of 1.2
Finished simulation at a C/O ratio of 0.7
Finished simulation at a C/O ratio of 0.8
Finished simulation at a C/O ratio of 2.4
Finished simulation at a C/O ratio of 0.9
Finished simulation at a C/O ratio of 1.3
Finished simulation at a C/O ratio of 1.8
Starting thermo sensitivity simulation for a C/O ratio of 2.6
0 X(1) -0.100 -0.129 -0.229 -0.053 -0.205
1 HX(19) -0.000 -0.000 -0.000 -0.000 0.000
2 OX(20) 0.004 0.005 0.008 0.002 0.007
3 CH3X(21) 0.000 -0.000 -0.000 -0.000 0.000
4 HOX(22) 0.000 0.000 0.000 0.000 0.000
5 H2OX(23) -0.000 -0.000 -0.001 -0.000 -0.001
6 CO2X(24) -0.000 -0.000 -0.000 -0.000 0.000
7 OCX(25) -0.000 -0.000 -0.000 -0.000 0.000
8 CX(26) -0.095 -0.124 -0.219 -0.051 -0.196
9 CH2X(27) 0.000 0.000 0.000 0.000 0.000
10 CHX(28) -0.095 -0.124 -0.219 -0.051 -0.196
11 CH4X(48) -0.001 -0.001 -0.001 -0.000 -0.001
12 H2X(49) -0.000 -0.000 -0.000 -0.000 -0.000
13 COX(50) -0.000 -0.000 -0.000 -0.000 0.000
14 CHOX(53) -0.095 -0.124 -0.219 -0.051 -0.196
15 CH4OX(60) -0.095 -0.124 -0.219 -0.051 -0.196
16 C2H4X(65) -0.095 -0.124 -0.219 -0.051 -0.196
17 C2H4X(210) 0.000 0.000 0.000 -0.000 0.000
Finished thermo sensitivity simulation for a C/O ratio of 2.6
Starting thermo sensitivity simulation for a C/O ratio of 0.7
0 X(1) 0.040 0.050 0.090 0.029 0.109
1 HX(19) 0.040 0.051 0.091 0.029 0.113
2 OX(20) 0.042 0.054 0.096 0.031 0.116
3 CH3X(21) 0.040 0.052 0.092 0.029 0.113
4 HOX(22) 0.000 0.000 0.000 0.000 0.000
5 H2OX(23) 0.040 0.051 0.092 0.029 0.112
6 CO2X(24) 0.040 0.051 0.091 0.029 0.113
7 OCX(25) -0.000 -0.000 -0.000 -0.000 0.000
8 CX(26) -0.000 -0.000 -0.000 0.000 -0.000
9 CH2X(27) 0.000 0.000 0.000 0.000 0.000
10 CHX(28) 0.040 0.052 0.092 0.029 0.113
11 CH4X(48) -0.000 -0.000 -0.001 -0.000 -0.001
12 H2X(49) 0.040 0.052 0.092 0.029 0.113
13 COX(50) 0.040 0.052 0.092 0.029 0.113
14 CHOX(53) 0.040 0.052 0.092 0.029 0.113
15 CH4OX(60) -0.000 -0.000 -0.000 0.000 -0.000
16 C2H4X(65) 0.040 0.052 0.092 0.029 0.113
17 C2H4X(210) 0.000 0.000 0.000 0.000 -0.000
Finished thermo sensitivity simulation for a C/O ratio of 0.7
Starting thermo sensitivity simulation for a C/O ratio of 0.6
0 X(1) -0.074 -0.094 -0.167 -0.068 -0.255
1 HX(19) -0.071 -0.090 -0.161 -0.065 -0.242
2 OX(20) -0.067 -0.085 -0.151 -0.061 -0.230
3 CH3X(21) -0.071 -0.090 -0.160 -0.065 -0.243
4 HOX(22) -0.071 -0.090 -0.160 -0.065 -0.243
5 H2OX(23) -0.071 -0.090 -0.160 -0.065 -0.243
6 CO2X(24) -0.000 -0.000 -0.001 -0.001 0.000
7 OCX(25) -0.071 -0.090 -0.160 -0.065 -0.243
8 CX(26) -0.071 -0.090 -0.160 -0.065 -0.243
9 CH2X(27) -0.071 -0.090 -0.160 -0.065 -0.243
10 CHX(28) 0.000 -0.000 0.000 -0.000 0.000
11 CH4X(48) -0.071 -0.090 -0.161 -0.065 -0.244
12 H2X(49) 0.000 0.000 0.000 -0.000 0.000
13 COX(50) -0.071 -0.090 -0.160 -0.065 -0.243
14 CHOX(53) -0.071 -0.090 -0.160 -0.065 -0.243
15 CH4OX(60) 0.000 0.000 0.000 -0.000 0.000
16 C2H4X(65) -0.071 -0.090 -0.160 -0.065 -0.243
17 C2H4X(210) -0.071 -0.090 -0.160 -0.065 -0.243
Finished thermo sensitivity simulation for a C/O ratio of 0.6
Starting thermo sensitivity simulation for a C/O ratio of 1.8
0 X(1) 0.108 0.156 0.264 0.057 0.183
1 HX(19) 0.000 0.000 0.000 -0.000 0.000
2 OX(20) 0.808 1.161 1.960 0.423 1.365
3 CH3X(21) 0.000 0.000 0.000 -0.000 0.000
4 HOX(22) 0.112 0.162 0.273 0.059 0.190
5 H2OX(23) -0.000 -0.001 -0.001 -0.000 -0.001
6 CO2X(24) 0.000 0.000 0.000 -0.000 0.000
7 OCX(25) 0.112 0.161 0.273 0.059 0.190
8 CX(26) 0.112 0.161 0.273 0.059 0.190
9 CH2X(27) 0.805 1.158 1.954 0.421 1.361
10 CHX(28) 0.112 0.161 0.273 0.059 0.190
11 CH4X(48) -0.001 -0.002 -0.003 -0.001 -0.002
12 H2X(49) 0.112 0.161 0.273 0.059 0.190
13 COX(50) -0.000 -0.000 -0.000 0.000 -0.000
14 CHOX(53) 0.805 1.158 1.954 0.421 1.361
15 CH4OX(60) 0.112 0.161 0.273 0.059 0.190
16 C2H4X(65) -0.000 -0.000 -0.000 -0.000 -0.000
17 C2H4X(210) 0.112 0.161 0.273 0.059 0.190
Finished thermo sensitivity simulation for a C/O ratio of 1.8
Starting thermo sensitivity simulation for a C/O ratio of 1.4
0 X(1) -0.006 -0.009 -0.015 -0.003 -0.010
1 HX(19) 0.000 0.000 0.000 -0.000 0.000
2 OX(20) 0.007 0.010 0.018 0.004 0.012
3 CH3X(21) -0.000 -0.000 -0.000 -0.000 -0.000
4 HOX(22) 0.000 0.000 0.000 0.000 0.000
5 H2OX(23) -0.000 -0.001 -0.001 -0.000 -0.001
6 CO2X(24) 0.000 0.000 0.000 -0.000 0.000
7 OCX(25) 0.000 0.000 0.000 -0.000 0.000
8 CX(26) -0.000 -0.000 -0.000 -0.000 -0.000
9 CH2X(27) 0.000 0.000 0.000 0.000 0.000
10 CHX(28) -0.000 -0.000 -0.000 0.000 -0.000
11 CH4X(48) -0.001 -0.001 -0.002 -0.001 -0.002
12 H2X(49) -0.000 -0.000 -0.000 0.000 -0.000
13 COX(50) -0.000 -0.000 -0.000 -0.000 -0.000
14 CHOX(53) -0.000 -0.000 -0.000 -0.000 -0.000
15 CH4OX(60) -0.000 -0.000 -0.000 -0.000 -0.000
16 C2H4X(65) -0.000 -0.000 -0.000 -0.000 -0.000
17 C2H4X(210) -0.000 -0.000 -0.000 -0.000 -0.000
Finished thermo sensitivity simulation for a C/O ratio of 1.4
Starting thermo sensitivity simulation for a C/O ratio of 1.0
0 X(1) -0.004 -0.006 -0.010 -0.002 -0.008
1 HX(19) 0.000 0.000 0.000 -0.000 0.000
2 OX(20) 0.005 0.007 0.012 0.003 0.009
3 CH3X(21) -0.000 -0.000 -0.000 -0.000 -0.000
4 HOX(22) -0.019 -0.027 -0.046 -0.010 -0.036
5 H2OX(23) -0.020 -0.027 -0.047 -0.010 -0.037
6 CO2X(24) 0.000 0.000 0.000 -0.000 0.000
7 OCX(25) -0.117 -0.161 -0.278 -0.061 -0.215
8 CX(26) -0.117 -0.161 -0.278 -0.061 -0.215
9 CH2X(27) -0.117 -0.161 -0.278 -0.061 -0.215
10 CHX(28) -0.000 -0.000 -0.000 -0.000 -0.000
11 CH4X(48) -0.000 -0.001 -0.001 -0.000 -0.001
12 H2X(49) -0.000 -0.000 -0.000 -0.000 -0.000
13 COX(50) -0.000 -0.000 -0.000 0.000 -0.000
14 CHOX(53) -0.000 -0.000 -0.000 -0.000 -0.000
15 CH4OX(60) -0.117 -0.161 -0.278 -0.061 -0.215
16 C2H4X(65) -0.000 -0.000 -0.000 -0.000 -0.000
17 C2H4X(210) -0.117 -0.161 -0.278 -0.061 -0.215
Finished thermo sensitivity simulation for a C/O ratio of 1.0
Starting thermo sensitivity simulation for a C/O ratio of 2.4
0 X(1) 0.168 0.223 0.391 0.086 0.320
1 HX(19) 0.171 0.227 0.398 0.086 0.327
2 OX(20) 0.006 0.008 0.014 0.003 0.011
3 CH3X(21) 0.171 0.227 0.398 0.087 0.326
4 HOX(22) 0.172 0.227 0.398 0.087 0.327
5 H2OX(23) -0.000 -0.000 -0.001 -0.000 -0.001
6 CO2X(24) 0.171 0.227 0.398 0.086 0.327
7 OCX(25) -0.000 -0.000 -0.000 -0.000 0.000
8 CX(26) 0.171 0.227 0.398 0.087 0.326
9 CH2X(27) 0.000 0.000 0.000 0.000 0.000
10 CHX(28) -0.000 -0.000 -0.000 -0.000 -0.000
11 CH4X(48) -0.001 -0.001 -0.002 -0.001 -0.002
12 H2X(49) -0.000 -0.000 -0.000 -0.000 -0.000
13 COX(50) -0.000 -0.000 -0.000 -0.000 -0.000
14 CHOX(53) -0.000 -0.000 -0.000 -0.000 -0.000
15 CH4OX(60) 0.171 0.227 0.398 0.087 0.326
16 C2H4X(65) 0.171 0.227 0.398 0.087 0.326
17 C2H4X(210) -0.000 -0.000 -0.000 -0.000 -0.000
Finished thermo sensitivity simulation for a C/O ratio of 2.4
Starting thermo sensitivity simulation for a C/O ratio of 2.2
0 X(1) -0.027 -0.037 -0.063 -0.013 -0.049
1 HX(19) -0.000 0.000 0.000 -0.000 0.000
2 OX(20) -0.015 -0.021 -0.036 -0.007 -0.028
3 CH3X(21) -0.022 -0.029 -0.051 -0.011 -0.039
4 HOX(22) -0.021 -0.029 -0.051 -0.011 -0.039
5 H2OX(23) -0.022 -0.030 -0.052 -0.011 -0.040
6 CO2X(24) -0.000 0.000 0.000 -0.000 0.000
7 OCX(25) 0.000 0.000 0.000 -0.000 0.000
8 CX(26) 0.000 0.000 0.000 0.000 0.000
9 CH2X(27) -0.022 -0.029 -0.051 -0.011 -0.039
10 CHX(28) 0.000 0.000 0.000 0.000 0.000
11 CH4X(48) -0.023 -0.031 -0.054 -0.011 -0.041
12 H2X(49) -0.022 -0.029 -0.051 -0.011 -0.039
13 COX(50) -0.022 -0.029 -0.051 -0.011 -0.039
14 CHOX(53) -0.022 -0.029 -0.051 -0.011 -0.039
15 CH4OX(60) -0.022 -0.029 -0.051 -0.011 -0.039
16 C2H4X(65) -0.022 -0.029 -0.051 -0.011 -0.039
17 C2H4X(210) 0.000 0.000 0.000 0.000 0.000
Finished thermo sensitivity simulation for a C/O ratio of 2.2
Starting thermo sensitivity simulation for a C/O ratio of 0.8
0 X(1) 0.274 0.355 0.628 0.163 0.628
1 HX(19) -0.000 -0.000 -0.000 -0.000 0.000
2 OX(20) 0.006 0.008 0.015 0.004 0.014
3 CH3X(21) -0.000 -0.000 -0.000 -0.000 -0.000
4 HOX(22) 0.000 0.000 0.000 0.000 0.000
5 H2OX(23) -0.000 -0.000 -0.001 -0.000 -0.001
6 CO2X(24) 0.277 0.359 0.636 0.165 0.637
7 OCX(25) -0.000 -0.000 -0.000 -0.000 0.000
8 CX(26) -0.000 -0.000 -0.000 -0.000 -0.000
9 CH2X(27) 0.000 0.000 0.000 0.000 0.000
10 CHX(28) -0.000 -0.000 -0.000 -0.000 -0.000
11 CH4X(48) 0.277 0.359 0.635 0.165 0.636
12 H2X(49) -0.000 -0.000 -0.000 -0.000 -0.000
13 COX(50) 0.364 0.471 0.833 0.216 0.834
14 CHOX(53) 0.175 0.226 0.400 0.104 0.401
15 CH4OX(60) 0.364 0.471 0.833 0.216 0.834
16 C2H4X(65) -0.000 -0.000 -0.000 -0.000 -0.000
17 C2H4X(210) -0.000 -0.000 -0.000 -0.000 -0.000
Finished thermo sensitivity simulation for a C/O ratio of 0.8
Starting thermo sensitivity simulation for a C/O ratio of 1.6
0 X(1) -0.128 -0.189 -0.317 -0.069 -0.216
1 HX(19) 0.000 0.000 0.000 -0.000 0.000
2 OX(20) -0.115 -0.170 -0.285 -0.063 -0.194
3 CH3X(21) -0.122 -0.180 -0.302 -0.067 -0.206
4 HOX(22) -0.122 -0.180 -0.302 -0.067 -0.205
5 H2OX(23) -0.123 -0.181 -0.304 -0.067 -0.207
6 CO2X(24) 0.000 0.000 0.000 -0.000 0.000
7 OCX(25) 0.000 0.000 0.000 -0.000 0.000
8 CX(26) 0.000 0.000 0.000 -0.000 0.000
9 CH2X(27) 0.000 0.000 0.000 0.000 0.000
10 CHX(28) 0.000 0.000 0.000 -0.000 0.000
11 CH4X(48) -0.123 -0.181 -0.305 -0.067 -0.207
12 H2X(49) 0.000 0.000 0.000 -0.000 0.000
13 COX(50) -0.122 -0.180 -0.302 -0.067 -0.206
14 CHOX(53) 0.000 0.000 0.000 -0.000 0.000
15 CH4OX(60) -0.122 -0.180 -0.302 -0.067 -0.206
16 C2H4X(65) 0.000 0.000 0.000 0.000 0.000
17 C2H4X(210) 0.000 0.000 0.000 -0.000 0.000
Finished thermo sensitivity simulation for a C/O ratio of 1.6
Starting thermo sensitivity simulation for a C/O ratio of 1.3
0 X(1) -0.006 -0.009 -0.015 -0.003 -0.011
1 HX(19) 0.258 0.378 0.635 0.142 0.438
2 OX(20) 0.007 0.011 0.018 0.004 0.012
3 CH3X(21) -0.000 -0.000 -0.000 0.000 -0.000
4 HOX(22) 0.397 0.582 0.977 0.220 0.674
5 H2OX(23) 0.257 0.378 0.634 0.142 0.437
6 CO2X(24) 0.000 0.000 0.000 -0.000 0.000
7 OCX(25) 0.000 0.000 0.000 -0.000 0.000
8 CX(26) -0.000 -0.000 -0.000 0.000 -0.000
9 CH2X(27) 0.000 0.000 0.000 0.000 -0.000
10 CHX(28) 0.258 0.378 0.635 0.142 0.438
11 CH4X(48) -0.001 -0.001 -0.002 -0.000 -0.002
12 H2X(49) -0.000 -0.000 -0.000 0.000 -0.000
13 COX(50) 0.258 0.378 0.635 0.142 0.438
14 CHOX(53) -0.000 -0.000 -0.000 0.000 -0.000
15 CH4OX(60) 0.258 0.378 0.635 0.142 0.438
16 C2H4X(65) -0.000 -0.000 -0.000 0.000 -0.000
17 C2H4X(210) -0.000 -0.000 -0.000 0.000 -0.000
Finished thermo sensitivity simulation for a C/O ratio of 1.3
Starting thermo sensitivity simulation for a C/O ratio of 0.9
0 X(1) -0.004 -0.005 -0.009 -0.002 -0.008
1 HX(19) -0.091 -0.121 -0.211 -0.049 -0.181
2 OX(20) -0.086 -0.114 -0.200 -0.046 -0.172
3 CH3X(21) -0.175 -0.234 -0.410 -0.094 -0.351
4 HOX(22) -0.090 -0.120 -0.211 -0.048 -0.181
5 H2OX(23) -0.000 -0.001 -0.001 -0.000 -0.001
6 CO2X(24) -0.000 -0.000 -0.000 -0.000 0.000
7 OCX(25) -0.000 -0.000 -0.000 -0.000 -0.000
8 CX(26) -0.000 -0.000 -0.000 -0.000 -0.000
9 CH2X(27) -0.000 -0.000 -0.000 0.000 -0.000
10 CHX(28) -0.000 -0.000 -0.000 -0.000 -0.000
11 CH4X(48) -0.000 -0.001 -0.001 -0.000 -0.001
12 H2X(49) -0.000 -0.000 -0.000 -0.000 -0.000
13 COX(50) -0.091 -0.121 -0.211 -0.048 -0.181
14 CHOX(53) -0.175 -0.234 -0.410 -0.094 -0.351
15 CH4OX(60) -0.091 -0.121 -0.211 -0.048 -0.181
16 C2H4X(65) -0.175 -0.234 -0.410 -0.094 -0.351
17 C2H4X(210) -0.091 -0.121 -0.211 -0.048 -0.181
Finished thermo sensitivity simulation for a C/O ratio of 0.9
Starting thermo sensitivity simulation for a C/O ratio of 2.0
0 X(1) -0.006 -0.008 -0.013 -0.002 -0.010
1 HX(19) 0.000 0.000 0.000 -0.000 0.000
2 OX(20) 0.832 1.162 1.985 0.418 1.435
3 CH3X(21) -0.000 -0.000 -0.000 -0.000 -0.000
4 HOX(22) 0.000 0.000 0.000 0.000 0.000
5 H2OX(23) -0.000 -0.001 -0.001 -0.000 -0.001
6 CO2X(24) 0.000 0.000 0.000 -0.000 0.000
7 OCX(25) -0.000 0.000 0.000 -0.000 0.000
8 CX(26) -0.000 -0.000 -0.000 -0.000 -0.000
9 CH2X(27) 0.000 0.000 0.000 0.000 0.000
10 CHX(28) -0.000 -0.000 -0.000 -0.000 -0.000
11 CH4X(48) -0.001 -0.002 -0.003 -0.001 -0.002
12 H2X(49) -0.000 -0.000 -0.000 -0.000 -0.000
13 COX(50) -0.000 -0.000 -0.000 -0.000 -0.000
14 CHOX(53) 0.547 0.765 1.308 0.275 0.945
15 CH4OX(60) -0.000 -0.000 -0.000 -0.000 -0.000
16 C2H4X(65) -0.000 -0.000 -0.000 -0.000 -0.000
17 C2H4X(210) -0.000 -0.000 -0.000 0.000 -0.000
Finished thermo sensitivity simulation for a C/O ratio of 2.0
Starting thermo sensitivity simulation for a C/O ratio of 1.1
0 X(1) 0.178 0.252 0.430 0.095 0.313
1 HX(19) 0.000 0.000 0.000 -0.000 0.000
2 OX(20) 0.188 0.265 0.452 0.099 0.329
3 CH3X(21) 0.000 0.000 0.000 0.000 0.000
4 HOX(22) 0.000 0.000 0.000 0.000 0.000
5 H2OX(23) -0.000 -0.001 -0.001 -0.000 -0.001
6 CO2X(24) 0.183 0.258 0.441 0.096 0.321
7 OCX(25) 0.000 0.000 0.000 -0.000 0.000
8 CX(26) 0.183 0.258 0.440 0.097 0.321
9 CH2X(27) 0.000 0.000 0.000 0.000 0.000
10 CHX(28) 0.000 0.000 0.000 0.000 0.000
11 CH4X(48) -0.001 -0.001 -0.002 -0.000 -0.001
12 H2X(49) 0.183 0.258 0.440 0.097 0.321
13 COX(50) 0.183 0.258 0.440 0.097 0.321
14 CHOX(53) 0.000 0.000 0.000 0.000 0.000
15 CH4OX(60) 0.183 0.258 0.440 0.097 0.321
16 C2H4X(65) 0.000 0.000 0.000 0.000 0.000
17 C2H4X(210) 0.000 0.000 0.000 0.000 0.000
Finished thermo sensitivity simulation for a C/O ratio of 1.1
Starting thermo sensitivity simulation for a C/O ratio of 1.2
0 X(1) -0.002 -0.003 -0.005 -0.001 -0.003
1 HX(19) 0.000 0.000 0.000 -0.000 0.000
2 OX(20) 0.002 0.003 0.006 0.001 0.004
3 CH3X(21) -0.000 -0.000 -0.000 -0.000 -0.000
4 HOX(22) 0.000 0.000 0.000 0.000 0.000
5 H2OX(23) -0.029 -0.042 -0.071 -0.016 -0.050
6 CO2X(24) -0.028 -0.041 -0.070 -0.016 -0.049
7 OCX(25) -0.000 0.000 0.000 -0.000 0.000
8 CX(26) -0.029 -0.041 -0.070 -0.015 -0.049
9 CH2X(27) -0.000 -0.000 -0.000 -0.000 -0.000
10 CHX(28) -0.000 -0.000 -0.000 -0.000 -0.000
11 CH4X(48) -0.000 -0.000 -0.001 -0.000 -0.001
12 H2X(49) -0.029 -0.041 -0.070 -0.015 -0.049
13 COX(50) -0.029 -0.041 -0.070 -0.015 -0.049
14 CHOX(53) -0.029 -0.041 -0.070 -0.015 -0.049
15 CH4OX(60) -0.000 -0.000 -0.000 0.000 -0.000
16 C2H4X(65) -0.000 -0.000 -0.000 0.000 -0.000
17 C2H4X(210) -0.000 -0.000 -0.000 0.000 -0.000
Finished thermo sensitivity simulation for a C/O ratio of 1.2
Starting sensitivity simulation for a C/O ratio of 2.0
0 CH4(2) + X(1) <=> CH4X(48) -0.000 -0.000 -0.000 -0.000 -0.000
1 O2(3) + 2 X(1) <=> 2 OX(20) -0.048 -0.067 -0.116 -0.025 -0.082
2 H2(6) + 2 X(1) <=> 2 HX(19) -0.000 -0.000 -0.000 -0.000 -0.000
3 H(12) + X(1) <=> HX(19) 0.001 0.001 0.002 0.000 0.001
4 HX(19) + OX(20) <=> HOX(22) + X(1) -0.007 -0.011 -0.018 -0.001 -0.015
5 H2O(5) + 2 X(1) <=> HOX(22) + HX(19) 0.041 0.060 0.101 0.001 0.086
6 OH(17) + X(1) <=> HOX(22) -0.915 -1.272 -2.198 -0.596 -1.481
7 CH4(2) + 2 X(1) <=> CH3X(21) + HX(19) -0.352 -0.490 -0.843 -0.202 -0.589
8 CH4(2) + OX(20) + X(1) <=> CH3X(21) + HOX(22) -8.005 -11.454 -20.375 -4.140 -13.987
9 C2H6(8) + 2 X(1) <=> 2 CH3X(21) -0.006 -0.008 -0.014 -0.005 -0.009
10 CH3(10) + X(1) <=> CH3X(21) -0.144 -0.193 -0.338 -0.112 -0.218
11 CH3OH(14) + 2 X(1) <=> CH3X(21) + HOX(22) 0.001 0.001 0.001 0.000 0.001
12 CH4(2) + HOX(22) + X(1) <=> CH3X(21) + H2OX(23) -0.212 -0.295 -0.508 -0.122 -0.355
13 H2O(5) + X(1) <=> H2OX(23) 0.000 0.000 0.000 0.000 0.000
14 H2OX(23) + OX(20) <=> 2 HOX(22) 0.479 0.690 1.166 0.085 0.947
15 HOX(22) + HX(19) <=> H2OX(23) + X(1) 0.000 0.000 0.000 -0.000 0.000
16 CH2X(27) + HX(19) <=> CH3X(21) + X(1) -0.001 -0.001 -0.001 -0.000 -0.001
17 CH2X(27) + HOX(22) <=> CH3X(21) + OX(20) -0.000 -0.000 -0.000 -0.000 -0.000
18 CHX(28) + HX(19) <=> CH2X(27) + X(1) 0.000 0.000 0.000 0.000 0.000
19 CHX(28) + HOX(22) <=> CH2X(27) + OX(20) -0.000 -0.000 -0.000 -0.000 -0.000
20 2 CH2X(27) <=> CH3X(21) + CHX(28) -0.000 -0.000 -0.000 -0.000 -0.000
21 CHX(28) + X(1) <=> CX(26) + HX(19) -0.000 -0.000 -0.000 -0.000 -0.000
22 CX(26) + H2(6) <=> CH2X(27) -0.000 -0.000 -0.000 -0.000 -0.000
23 CX(26) + HOX(22) <=> CHX(28) + OX(20) -0.000 -0.000 -0.000 -0.000 -0.000
24 CH3X(21) + CX(26) <=> CH2X(27) + CHX(28) -0.000 -0.000 -0.000 -0.000 -0.000
25 CH2X(27) + CX(26) <=> 2 CHX(28) -0.000 -0.000 -0.000 -0.000 -0.000
26 CO(7) + X(1) <=> OCX(25) 0.000 0.000 0.000 -0.001 0.001
27 CX(26) + OX(20) <=> OCX(25) + X(1) -0.000 -0.000 -0.000 -0.000 -0.000
28 H2(6) + X(1) <=> H2X(49) -0.000 -0.000 -0.000 0.000 -0.000
29 CO(7) + X(1) <=> COX(50) -0.000 -0.000 -0.000 -0.000 -0.000
30 CH3OH(14) + X(1) <=> CH4OX(60) -0.000 -0.000 -0.000 0.000 -0.000
31 CH2O(9) + 2 X(1) <=> CHOX(53) + HX(19) 0.000 0.000 0.000 0.000 0.000
32 HCO(15) + X(1) <=> CHOX(53) -0.000 -0.000 -0.000 -0.000 -0.000
33 CH3CHO(16) + 2 X(1) <=> CH3X(21) + CHOX(53) -0.000 -0.000 -0.000 0.000 -0.000
34 CHOX(53) + X(1) <=> HX(19) + OCX(25) -0.000 -0.000 -0.000 0.000 -0.000
35 CHOX(53) + OX(20) <=> HOX(22) + OCX(25) -0.000 -0.000 -0.000 0.000 -0.000
36 CH2X(27) + CHOX(53) <=> CH3X(21) + OCX(25) -0.000 -0.000 -0.000 -0.000 -0.000
37 CHOX(53) + CHX(28) <=> CH2X(27) + OCX(25) -0.000 -0.000 -0.000 -0.000 -0.000
38 CHOX(53) + CX(26) <=> CHX(28) + OCX(25) -0.000 -0.000 -0.000 0.000 -0.000
39 C2H4(47) + X(1) <=> C2H4X(210) -0.000 -0.000 -0.000 -0.000 -0.000
40 C2H4(18) + X(1) <=> C2H4X(65) -0.000 -0.000 -0.000 -0.000 -0.000
41 CO2(4) + X(1) <=> CO2X(24) -0.000 -0.000 -0.000 0.000 -0.000
42 OCX(25) + OX(20) <=> CO2X(24) + X(1) -0.001 -0.002 -0.002 0.008 -0.007
43 CO2X(24) + HX(19) <=> HOX(22) + OCX(25) -0.038 -0.117 -0.155 0.519 -0.476
Finished sensitivity simulation for a C/O ratio of 2.0
Finished translating for C/O ratio of 2.0
Starting sensitivity simulation for a C/O ratio of 1.1
0 CH4(2) + X(1) <=> CH4X(48) 0.000 0.000 0.000 0.000 0.000
1 O2(3) + 2 X(1) <=> 2 OX(20) -0.029 -0.041 -0.070 -0.016 -0.050
2 H2(6) + 2 X(1) <=> 2 HX(19) 0.183 0.258 0.440 0.097 0.321
3 H(12) + X(1) <=> HX(19) 0.184 0.259 0.443 0.097 0.322
4 HX(19) + OX(20) <=> HOX(22) + X(1) -0.006 -0.009 -0.015 -0.001 -0.012
5 H2O(5) + 2 X(1) <=> HOX(22) + HX(19) 0.219 0.312 0.531 0.103 0.396
6 OH(17) + X(1) <=> HOX(22) -1.080 -1.519 -2.615 -0.713 -1.793
7 CH4(2) + 2 X(1) <=> CH3X(21) + HX(19) -0.298 -0.419 -0.718 -0.175 -0.509
8 CH4(2) + OX(20) + X(1) <=> CH3X(21) + HOX(22) -9.091 -13.199 -23.489 -4.930 -16.243
9 C2H6(8) + 2 X(1) <=> 2 CH3X(21) -0.007 -0.009 -0.016 -0.006 -0.011
10 CH3(10) + X(1) <=> CH3X(21) -0.177 -0.239 -0.417 -0.136 -0.275
11 CH3OH(14) + 2 X(1) <=> CH3X(21) + HOX(22) 0.183 0.258 0.440 0.097 0.321
12 CH4(2) + HOX(22) + X(1) <=> CH3X(21) + H2OX(23) -0.173 -0.244 -0.418 -0.102 -0.296
13 H2O(5) + X(1) <=> H2OX(23) 0.000 0.000 0.000 0.000 0.000
14 H2OX(23) + OX(20) <=> 2 HOX(22) 0.542 0.786 1.324 0.146 1.064
15 HOX(22) + HX(19) <=> H2OX(23) + X(1) 0.000 0.000 0.000 0.000 0.000
16 CH2X(27) + HX(19) <=> CH3X(21) + X(1) -0.001 -0.001 -0.001 -0.000 -0.001
17 CH2X(27) + HOX(22) <=> CH3X(21) + OX(20) 0.183 0.258 0.440 0.097 0.321
18 CHX(28) + HX(19) <=> CH2X(27) + X(1) 0.000 0.000 0.000 0.000 0.000
19 CHX(28) + HOX(22) <=> CH2X(27) + OX(20) -0.000 -0.000 -0.000 -0.000 -0.000
20 2 CH2X(27) <=> CH3X(21) + CHX(28) 0.183 0.258 0.440 0.097 0.321
21 CHX(28) + X(1) <=> CX(26) + HX(19) 0.183 0.258 0.440 0.097 0.321
22 CX(26) + H2(6) <=> CH2X(27) 0.323 0.456 0.778 0.171 0.567
23 CX(26) + HOX(22) <=> CHX(28) + OX(20) 0.183 0.258 0.440 0.097 0.321
24 CH3X(21) + CX(26) <=> CH2X(27) + CHX(28) 0.000 0.000 0.000 0.000 0.000
25 CH2X(27) + CX(26) <=> 2 CHX(28) 0.000 0.000 0.000 0.000 0.000
26 CO(7) + X(1) <=> OCX(25) 0.000 0.000 0.000 -0.001 0.001
27 CX(26) + OX(20) <=> OCX(25) + X(1) 0.323 0.456 0.778 0.171 0.567
28 H2(6) + X(1) <=> H2X(49) 0.183 0.258 0.440 0.097 0.321
29 CO(7) + X(1) <=> COX(50) 0.000 0.000 0.000 0.000 0.000
30 CH3OH(14) + X(1) <=> CH4OX(60) 0.183 0.258 0.440 0.097 0.321
31 CH2O(9) + 2 X(1) <=> CHOX(53) + HX(19) 0.000 0.000 0.000 0.000 0.000
32 HCO(15) + X(1) <=> CHOX(53) 0.000 0.000 0.000 0.000 0.000
33 CH3CHO(16) + 2 X(1) <=> CH3X(21) + CHOX(53) 0.323 0.456 0.778 0.171 0.567
34 CHOX(53) + X(1) <=> HX(19) + OCX(25) 0.000 0.000 0.000 0.000 0.000
35 CHOX(53) + OX(20) <=> HOX(22) + OCX(25) 0.000 0.000 0.000 0.000 0.000
36 CH2X(27) + CHOX(53) <=> CH3X(21) + OCX(25) -0.000 -0.000 -0.000 0.000 -0.000
37 CHOX(53) + CHX(28) <=> CH2X(27) + OCX(25) 0.183 0.258 0.440 0.097 0.321
38 CHOX(53) + CX(26) <=> CHX(28) + OCX(25) 0.183 0.258 0.440 0.097 0.321
39 C2H4(47) + X(1) <=> C2H4X(210) 0.000 0.000 0.000 0.000 0.000
40 C2H4(18) + X(1) <=> C2H4X(65) -0.000 -0.000 -0.000 0.000 -0.000
41 CO2(4) + X(1) <=> CO2X(24) 0.000 0.000 0.000 0.000 -0.000
42 OCX(25) + OX(20) <=> CO2X(24) + X(1) 0.322 0.453 0.774 0.181 0.557
43 CO2X(24) + HX(19) <=> HOX(22) + OCX(25) 0.109 0.090 0.199 0.559 -0.206
Finished sensitivity simulation for a C/O ratio of 1.1
Finished translating for C/O ratio of 1.1
Starting sensitivity simulation for a C/O ratio of 2.6
0 CH4(2) + X(1) <=> CH4X(48) -0.095 -0.124 -0.219 -0.051 -0.196
1 O2(3) + 2 X(1) <=> 2 OX(20) -0.144 -0.187 -0.332 -0.079 -0.293
2 H2(6) + 2 X(1) <=> 2 HX(19) -0.095 -0.124 -0.219 -0.051 -0.196
3 H(12) + X(1) <=> HX(19) 0.000 0.000 0.001 0.000 0.001
4 HX(19) + OX(20) <=> HOX(22) + X(1) -0.004 -0.005 -0.009 0.001 -0.012
5 H2O(5) + 2 X(1) <=> HOX(22) + HX(19) -0.077 -0.097 -0.174 -0.060 -0.129
6 OH(17) + X(1) <=> HOX(22) -0.716 -0.914 -1.636 -0.490 -1.301
7 CH4(2) + 2 X(1) <=> CH3X(21) + HX(19) -0.397 -0.511 -0.910 -0.240 -0.772
8 CH4(2) + OX(20) + X(1) <=> CH3X(21) + HOX(22) -6.370 -8.332 -15.233 -3.495 -13.025
9 C2H6(8) + 2 X(1) <=> 2 CH3X(21) -0.089 -0.115 -0.204 -0.049 -0.181
10 CH3(10) + X(1) <=> CH3X(21) -0.072 -0.087 -0.158 -0.064 -0.107
11 CH3OH(14) + 2 X(1) <=> CH3X(21) + HOX(22) -0.095 -0.123 -0.218 -0.051 -0.195
12 CH4(2) + HOX(22) + X(1) <=> CH3X(21) + H2OX(23) -0.284 -0.365 -0.649 -0.169 -0.555
13 H2O(5) + X(1) <=> H2OX(23) 0.000 0.000 0.000 0.000 0.000
14 H2OX(23) + OX(20) <=> 2 HOX(22) 0.158 0.232 0.390 -0.073 0.571
15 HOX(22) + HX(19) <=> H2OX(23) + X(1) -0.095 -0.124 -0.219 -0.051 -0.196
16 CH2X(27) + HX(19) <=> CH3X(21) + X(1) -0.096 -0.124 -0.220 -0.051 -0.197
17 CH2X(27) + HOX(22) <=> CH3X(21) + OX(20) 0.000 0.000 0.000 0.000 0.000
18 CHX(28) + HX(19) <=> CH2X(27) + X(1) -0.095 -0.124 -0.219 -0.051 -0.196
19 CHX(28) + HOX(22) <=> CH2X(27) + OX(20) -0.000 -0.000 -0.000 0.000 -0.000
20 2 CH2X(27) <=> CH3X(21) + CHX(28) 0.000 -0.000 -0.000 -0.000 0.000
21 CHX(28) + X(1) <=> CX(26) + HX(19) -0.095 -0.124 -0.219 -0.051 -0.196
22 CX(26) + H2(6) <=> CH2X(27) -0.095 -0.124 -0.219 -0.051 -0.196
23 CX(26) + HOX(22) <=> CHX(28) + OX(20) -0.095 -0.124 -0.219 -0.051 -0.196
24 CH3X(21) + CX(26) <=> CH2X(27) + CHX(28) -0.095 -0.124 -0.219 -0.051 -0.196
25 CH2X(27) + CX(26) <=> 2 CHX(28) -0.000 -0.000 -0.000 -0.000 -0.000
26 CO(7) + X(1) <=> OCX(25) -0.000 -0.000 -0.000 -0.001 0.000
27 CX(26) + OX(20) <=> OCX(25) + X(1) -0.000 -0.000 -0.000 -0.000 -0.000
28 H2(6) + X(1) <=> H2X(49) -0.095 -0.124 -0.219 -0.051 -0.196
29 CO(7) + X(1) <=> COX(50) -0.095 -0.124 -0.219 -0.051 -0.196
30 CH3OH(14) + X(1) <=> CH4OX(60) -0.000 -0.000 -0.000 -0.000 -0.000
31 CH2O(9) + 2 X(1) <=> CHOX(53) + HX(19) 0.000 0.000 0.000 -0.000 0.000
32 HCO(15) + X(1) <=> CHOX(53) -0.000 -0.000 -0.000 -0.000 -0.000
33 CH3CHO(16) + 2 X(1) <=> CH3X(21) + CHOX(53) -0.095 -0.124 -0.219 -0.051 -0.196
34 CHOX(53) + X(1) <=> HX(19) + OCX(25) -0.000 -0.000 -0.000 -0.000 -0.000
35 CHOX(53) + OX(20) <=> HOX(22) + OCX(25) 0.000 0.000 0.000 -0.000 0.000
36 CH2X(27) + CHOX(53) <=> CH3X(21) + OCX(25) -0.095 -0.124 -0.219 -0.051 -0.196
37 CHOX(53) + CHX(28) <=> CH2X(27) + OCX(25) -0.000 -0.000 -0.000 -0.000 -0.000
38 CHOX(53) + CX(26) <=> CHX(28) + OCX(25) -0.095 -0.124 -0.219 -0.051 -0.196
39 C2H4(47) + X(1) <=> C2H4X(210) -0.095 -0.124 -0.219 -0.051 -0.196
40 C2H4(18) + X(1) <=> C2H4X(65) -0.095 -0.124 -0.219 -0.051 -0.196
41 CO2(4) + X(1) <=> CO2X(24) -0.095 -0.124 -0.219 -0.051 -0.196
42 OCX(25) + OX(20) <=> CO2X(24) + X(1) 0.002 0.002 0.004 0.007 -0.005
43 CO2X(24) + HX(19) <=> HOX(22) + OCX(25) 0.204 0.181 0.385 0.621 -0.381
Finished sensitivity simulation for a C/O ratio of 2.6
Finished translating for C/O ratio of 2.6
Starting sensitivity simulation for a C/O ratio of 0.7
0 CH4(2) + X(1) <=> CH4X(48) 0.040 0.052 0.092 0.029 0.113
1 O2(3) + 2 X(1) <=> 2 OX(20) -0.011 -0.014 -0.026 -0.009 -0.031
2 H2(6) + 2 X(1) <=> 2 HX(19) 0.040 0.052 0.092 0.029 0.113
3 H(12) + X(1) <=> HX(19) 0.041 0.052 0.093 0.030 0.113
4 HX(19) + OX(20) <=> HOX(22) + X(1) -0.001 -0.001 -0.002 0.000 -0.006
5 H2O(5) + 2 X(1) <=> HOX(22) + HX(19) 0.003 0.006 0.008 -0.003 0.032
6 OH(17) + X(1) <=> HOX(22) -0.493 -0.606 -1.102 -0.430 -1.053
7 CH4(2) + 2 X(1) <=> CH3X(21) + HX(19) -0.073 -0.089 -0.162 -0.063 -0.159
8 CH4(2) + OX(20) + X(1) <=> CH3X(21) + HOX(22) -5.952 -7.616 -14.021 -4.344 -16.554
9 C2H6(8) + 2 X(1) <=> 2 CH3X(21) 0.038 0.049 0.088 0.027 0.110
10 CH3(10) + X(1) <=> CH3X(21) -0.057 -0.065 -0.122 -0.059 -0.085
11 CH3OH(14) + 2 X(1) <=> CH3X(21) + HOX(22) 0.040 0.051 0.092 0.029 0.112
12 CH4(2) + HOX(22) + X(1) <=> CH3X(21) + H2OX(23) -0.086 -0.108 -0.194 -0.068 -0.215
13 H2O(5) + X(1) <=> H2OX(23) 0.429 0.548 0.975 0.313 1.196
14 H2OX(23) + OX(20) <=> 2 HOX(22) 0.117 0.186 0.302 -0.014 0.766
15 HOX(22) + HX(19) <=> H2OX(23) + X(1) 0.040 0.052 0.092 0.029 0.113
16 CH2X(27) + HX(19) <=> CH3X(21) + X(1) -0.000 -0.000 -0.001 -0.000 -0.001
17 CH2X(27) + HOX(22) <=> CH3X(21) + OX(20) -0.000 -0.000 -0.000 -0.000 -0.000
18 CHX(28) + HX(19) <=> CH2X(27) + X(1) 0.040 0.052 0.092 0.029 0.113
19 CHX(28) + HOX(22) <=> CH2X(27) + OX(20) -0.000 -0.000 -0.000 0.000 -0.000
20 2 CH2X(27) <=> CH3X(21) + CHX(28) 0.000 0.000 0.000 0.000 -0.000
21 CHX(28) + X(1) <=> CX(26) + HX(19) -0.000 -0.000 -0.000 0.000 -0.000
22 CX(26) + H2(6) <=> CH2X(27) -0.000 -0.000 -0.000 0.000 -0.000
23 CX(26) + HOX(22) <=> CHX(28) + OX(20) 0.040 0.052 0.092 0.029 0.113
24 CH3X(21) + CX(26) <=> CH2X(27) + CHX(28) 0.000 0.000 0.000 0.000 -0.000
25 CH2X(27) + CX(26) <=> 2 CHX(28) 0.040 0.052 0.092 0.029 0.113
26 CO(7) + X(1) <=> OCX(25) 0.040 0.051 0.091 0.029 0.113
27 CX(26) + OX(20) <=> OCX(25) + X(1) -0.000 -0.000 -0.000 -0.000 -0.000
28 H2(6) + X(1) <=> H2X(49) 0.000 0.000 0.000 0.000 -0.000
29 CO(7) + X(1) <=> COX(50) -0.000 -0.000 -0.000 0.000 -0.000
30 CH3OH(14) + X(1) <=> CH4OX(60) 0.040 0.052 0.092 0.029 0.113
31 CH2O(9) + 2 X(1) <=> CHOX(53) + HX(19) 0.000 0.000 0.000 0.000 -0.000
32 HCO(15) + X(1) <=> CHOX(53) -0.000 -0.000 -0.000 0.000 -0.000
33 CH3CHO(16) + 2 X(1) <=> CH3X(21) + CHOX(53) 0.040 0.052 0.092 0.029 0.113
34 CHOX(53) + X(1) <=> HX(19) + OCX(25) 0.040 0.052 0.092 0.029 0.113
35 CHOX(53) + OX(20) <=> HOX(22) + OCX(25) 0.040 0.052 0.092 0.029 0.113
36 CH2X(27) + CHOX(53) <=> CH3X(21) + OCX(25) 0.040 0.052 0.092 0.029 0.113
37 CHOX(53) + CHX(28) <=> CH2X(27) + OCX(25) -0.000 -0.000 -0.000 0.000 -0.000
38 CHOX(53) + CX(26) <=> CHX(28) + OCX(25) 0.040 0.052 0.092 0.029 0.113
39 C2H4(47) + X(1) <=> C2H4X(210) 0.040 0.052 0.092 0.029 0.113
40 C2H4(18) + X(1) <=> C2H4X(65) 0.000 0.000 0.000 0.000 -0.000
41 CO2(4) + X(1) <=> CO2X(24) 0.000 0.000 0.000 0.000 -0.000
42 OCX(25) + OX(20) <=> CO2X(24) + X(1) 0.009 0.008 0.017 0.014 -0.010
43 CO2X(24) + HX(19) <=> HOX(22) + OCX(25) 0.368 0.351 0.718 0.593 -0.424
Finished sensitivity simulation for a C/O ratio of 0.7
Finished translating for C/O ratio of 0.7
Starting sensitivity simulation for a C/O ratio of 1.6
0 CH4(2) + X(1) <=> CH4X(48) 0.000 0.000 0.000 0.000 0.000
1 O2(3) + 2 X(1) <=> 2 OX(20) -0.162 -0.239 -0.401 -0.089 -0.272
2 H2(6) + 2 X(1) <=> 2 HX(19) -0.000 -0.000 -0.000 -0.000 -0.000
3 H(12) + X(1) <=> HX(19) 0.001 0.001 0.002 0.001 0.001
4 HX(19) + OX(20) <=> HOX(22) + X(1) -0.130 -0.192 -0.322 -0.068 -0.221
5 H2O(5) + 2 X(1) <=> HOX(22) + HX(19) 0.046 0.070 0.115 0.007 0.088
6 OH(17) + X(1) <=> HOX(22) -1.018 -1.494 -2.528 -0.702 -1.633
7 CH4(2) + 2 X(1) <=> CH3X(21) + HX(19) -0.329 -0.482 -0.812 -0.201 -0.540
8 CH4(2) + OX(20) + X(1) <=> CH3X(21) + HOX(22) -8.398 -12.727 -22.193 -4.752 -14.378
9 C2H6(8) + 2 X(1) <=> 2 CH3X(21) -0.008 -0.011 -0.018 -0.006 -0.011
10 CH3(10) + X(1) <=> CH3X(21) -0.306 -0.440 -0.746 -0.211 -0.484
11 CH3OH(14) + 2 X(1) <=> CH3X(21) + HOX(22) 0.000 -0.000 -0.000 0.000 -0.000
12 CH4(2) + HOX(22) + X(1) <=> CH3X(21) + H2OX(23) -0.185 -0.271 -0.456 -0.114 -0.303
13 H2O(5) + X(1) <=> H2OX(23) -0.122 -0.180 -0.302 -0.067 -0.206
14 H2OX(23) + OX(20) <=> 2 HOX(22) 0.421 0.637 1.055 0.084 0.798
15 HOX(22) + HX(19) <=> H2OX(23) + X(1) 0.000 0.000 0.000 0.000 0.000
16 CH2X(27) + HX(19) <=> CH3X(21) + X(1) -0.123 -0.181 -0.304 -0.067 -0.207
17 CH2X(27) + HOX(22) <=> CH3X(21) + OX(20) 0.000 0.000 0.000 0.000 0.000
18 CHX(28) + HX(19) <=> CH2X(27) + X(1) 0.000 0.000 0.000 0.000 0.000
19 CHX(28) + HOX(22) <=> CH2X(27) + OX(20) -0.000 -0.000 -0.000 -0.000 -0.000
20 2 CH2X(27) <=> CH3X(21) + CHX(28) 0.000 0.000 0.000 -0.000 0.000
21 CHX(28) + X(1) <=> CX(26) + HX(19) -0.122 -0.180 -0.302 -0.067 -0.206
22 CX(26) + H2(6) <=> CH2X(27) 0.000 0.000 0.000 -0.000 0.000
23 CX(26) + HOX(22) <=> CHX(28) + OX(20) -0.122 -0.180 -0.302 -0.067 -0.206
24 CH3X(21) + CX(26) <=> CH2X(27) + CHX(28) 0.000 0.000 0.000 0.000 0.000
25 CH2X(27) + CX(26) <=> 2 CHX(28) 0.000 0.000 0.000 -0.000 0.000
26 CO(7) + X(1) <=> OCX(25) -0.122 -0.180 -0.302 -0.067 -0.205
27 CX(26) + OX(20) <=> OCX(25) + X(1) -0.000 -0.000 -0.000 -0.000 -0.000
28 H2(6) + X(1) <=> H2X(49) -0.122 -0.180 -0.302 -0.067 -0.206
29 CO(7) + X(1) <=> COX(50) 0.000 0.000 0.000 0.000 0.000
30 CH3OH(14) + X(1) <=> CH4OX(60) -0.122 -0.180 -0.302 -0.067 -0.206
31 CH2O(9) + 2 X(1) <=> CHOX(53) + HX(19) 0.000 0.000 0.000 0.000 0.000
32 HCO(15) + X(1) <=> CHOX(53) -0.122 -0.180 -0.302 -0.067 -0.206
33 CH3CHO(16) + 2 X(1) <=> CH3X(21) + CHOX(53) -0.122 -0.180 -0.302 -0.067 -0.206
34 CHOX(53) + X(1) <=> HX(19) + OCX(25) 0.000 0.000 0.000 -0.000 0.000
35 CHOX(53) + OX(20) <=> HOX(22) + OCX(25) -0.122 -0.180 -0.302 -0.067 -0.206
36 CH2X(27) + CHOX(53) <=> CH3X(21) + OCX(25) -0.122 -0.180 -0.302 -0.067 -0.206
37 CHOX(53) + CHX(28) <=> CH2X(27) + OCX(25) 0.000 0.000 0.000 -0.000 0.000
38 CHOX(53) + CX(26) <=> CHX(28) + OCX(25) -0.122 -0.180 -0.302 -0.067 -0.206
39 C2H4(47) + X(1) <=> C2H4X(210) 0.000 0.000 0.000 0.000 0.000
40 C2H4(18) + X(1) <=> C2H4X(65) 0.000 0.000 0.000 -0.000 0.000
41 CO2(4) + X(1) <=> CO2X(24) -0.122 -0.180 -0.302 -0.067 -0.206
42 OCX(25) + OX(20) <=> CO2X(24) + X(1) -0.124 -0.184 -0.308 -0.058 -0.215
43 CO2X(24) + HX(19) <=> HOX(22) + OCX(25) -0.230 -0.398 -0.629 0.394 -0.706
Finished sensitivity simulation for a C/O ratio of 1.6
Finished translating for C/O ratio of 1.6
Starting sensitivity simulation for a C/O ratio of 2.4
0 CH4(2) + X(1) <=> CH4X(48) -0.000 -0.000 -0.000 -0.000 -0.000
1 O2(3) + 2 X(1) <=> 2 OX(20) 0.131 0.173 0.304 0.064 0.251
2 H2(6) + 2 X(1) <=> 2 HX(19) 0.000 0.000 0.000 -0.000 0.000
3 H(12) + X(1) <=> HX(19) 0.172 0.227 0.399 0.087 0.327
4 HX(19) + OX(20) <=> HOX(22) + X(1) -0.005 -0.007 -0.012 0.001 -0.014
5 H2O(5) + 2 X(1) <=> HOX(22) + HX(19) 0.198 0.265 0.463 0.081 0.401
6 OH(17) + X(1) <=> HOX(22) -0.554 -0.720 -1.278 -0.400 -0.914
7 CH4(2) + 2 X(1) <=> CH3X(21) + HX(19) -0.328 -0.431 -0.761 -0.194 -0.593
8 CH4(2) + OX(20) + X(1) <=> CH3X(21) + HOX(22) -7.108 -9.533 -17.319 -3.686 -13.568
9 C2H6(8) + 2 X(1) <=> 2 CH3X(21) -0.004 -0.005 -0.009 -0.003 -0.006
10 CH3(10) + X(1) <=> CH3X(21) -0.094 -0.117 -0.211 -0.078 -0.142
11 CH3OH(14) + 2 X(1) <=> CH3X(21) + HOX(22) 0.000 0.001 0.001 0.000 0.001
12 CH4(2) + HOX(22) + X(1) <=> CH3X(21) + H2OX(23) -0.203 -0.266 -0.469 -0.119 -0.366
13 H2O(5) + X(1) <=> H2OX(23) 0.000 0.000 0.000 0.000 0.000
14 H2OX(23) + OX(20) <=> 2 HOX(22) 0.341 0.475 0.815 0.012 0.839
15 HOX(22) + HX(19) <=> H2OX(23) + X(1) 0.000 0.000 0.000 -0.000 0.000
16 CH2X(27) + HX(19) <=> CH3X(21) + X(1) 0.171 0.227 0.398 0.087 0.326
17 CH2X(27) + HOX(22) <=> CH3X(21) + OX(20) 0.171 0.227 0.398 0.087 0.326
18 CHX(28) + HX(19) <=> CH2X(27) + X(1) 0.171 0.227 0.398 0.087 0.326
19 CHX(28) + HOX(22) <=> CH2X(27) + OX(20) 0.171 0.227 0.398 0.087 0.326
20 2 CH2X(27) <=> CH3X(21) + CHX(28) -0.000 -0.000 -0.000 -0.000 -0.000
21 CHX(28) + X(1) <=> CX(26) + HX(19) -0.000 -0.000 -0.000 -0.000 -0.000
22 CX(26) + H2(6) <=> CH2X(27) -0.000 -0.000 -0.000 -0.000 -0.000
23 CX(26) + HOX(22) <=> CHX(28) + OX(20) -0.000 -0.000 -0.000 0.000 -0.000
24 CH3X(21) + CX(26) <=> CH2X(27) + CHX(28) 0.171 0.227 0.398 0.087 0.326
25 CH2X(27) + CX(26) <=> 2 CHX(28) 0.171 0.227 0.398 0.087 0.326
26 CO(7) + X(1) <=> OCX(25) 0.171 0.227 0.398 0.086 0.327
27 CX(26) + OX(20) <=> OCX(25) + X(1) -0.000 -0.000 -0.000 -0.000 -0.000
28 H2(6) + X(1) <=> H2X(49) -0.000 -0.000 -0.000 -0.000 -0.000
29 CO(7) + X(1) <=> COX(50) 0.171 0.227 0.398 0.087 0.326
30 CH3OH(14) + X(1) <=> CH4OX(60) -0.000 -0.000 -0.000 -0.000 -0.000
31 CH2O(9) + 2 X(1) <=> CHOX(53) + HX(19) -0.000 -0.000 -0.000 -0.000 -0.000
32 HCO(15) + X(1) <=> CHOX(53) -0.000 -0.000 -0.000 -0.000 -0.000
33 CH3CHO(16) + 2 X(1) <=> CH3X(21) + CHOX(53) -0.000 -0.000 -0.000 -0.000 -0.000
34 CHOX(53) + X(1) <=> HX(19) + OCX(25) -0.000 -0.000 -0.000 -0.000 -0.000
35 CHOX(53) + OX(20) <=> HOX(22) + OCX(25) 0.171 0.227 0.398 0.087 0.326
36 CH2X(27) + CHOX(53) <=> CH3X(21) + OCX(25) -0.000 -0.000 -0.000 -0.000 -0.000
37 CHOX(53) + CHX(28) <=> CH2X(27) + OCX(25) -0.000 -0.000 -0.000 -0.000 -0.000
38 CHOX(53) + CX(26) <=> CHX(28) + OCX(25) -0.000 -0.000 -0.000 -0.000 -0.000
39 C2H4(47) + X(1) <=> C2H4X(210) 0.171 0.227 0.398 0.087 0.326
40 C2H4(18) + X(1) <=> C2H4X(65) 0.171 0.227 0.398 0.087 0.326
41 CO2(4) + X(1) <=> CO2X(24) -0.000 -0.000 -0.000 0.000 -0.000
42 OCX(25) + OX(20) <=> CO2X(24) + X(1) 0.173 0.228 0.400 0.094 0.321
43 CO2X(24) + HX(19) <=> HOX(22) + OCX(25) 0.284 0.300 0.583 0.675 -0.090
Finished sensitivity simulation for a C/O ratio of 2.4
Finished translating for C/O ratio of 2.4
Starting sensitivity simulation for a C/O ratio of 1.3
0 CH4(2) + X(1) <=> CH4X(48) -0.000 -0.000 -0.000 0.000 -0.000
1 O2(3) + 2 X(1) <=> 2 OX(20) -0.033 -0.049 -0.082 -0.019 -0.056
2 H2(6) + 2 X(1) <=> 2 HX(19) -0.000 -0.000 -0.000 -0.000 -0.000
3 H(12) + X(1) <=> HX(19) 0.001 0.001 0.002 0.001 0.002
4 HX(19) + OX(20) <=> HOX(22) + X(1) 0.610 0.894 1.498 0.340 1.033
5 H2O(5) + 2 X(1) <=> HOX(22) + HX(19) 0.301 0.443 0.742 0.151 0.520
6 OH(17) + X(1) <=> HOX(22) -0.810 -1.182 -2.002 -0.594 -1.290
7 CH4(2) + 2 X(1) <=> CH3X(21) + HX(19) -0.314 -0.459 -0.774 -0.193 -0.521
8 CH4(2) + OX(20) + X(1) <=> CH3X(21) + HOX(22) -8.665 -13.112 -22.914 -4.961 -14.995
9 C2H6(8) + 2 X(1) <=> 2 CH3X(21) -0.008 -0.011 -0.019 -0.006 -0.012
10 CH3(10) + X(1) <=> CH3X(21) -0.192 -0.271 -0.463 -0.151 -0.294
11 CH3OH(14) + 2 X(1) <=> CH3X(21) + HOX(22) 0.001 0.001 0.001 0.000 0.001
12 CH4(2) + HOX(22) + X(1) <=> CH3X(21) + H2OX(23) -0.184 -0.269 -0.453 -0.113 -0.305
13 H2O(5) + X(1) <=> H2OX(23) 0.258 0.378 0.635 0.142 0.438
14 H2OX(23) + OX(20) <=> 2 HOX(22) 0.559 0.839 1.393 0.168 1.040
15 HOX(22) + HX(19) <=> H2OX(23) + X(1) 0.000 0.000 0.000 0.000 0.000
16 CH2X(27) + HX(19) <=> CH3X(21) + X(1) -0.001 -0.001 -0.002 -0.000 -0.001
17 CH2X(27) + HOX(22) <=> CH3X(21) + OX(20) -0.000 -0.000 -0.000 -0.000 -0.000
18 CHX(28) + HX(19) <=> CH2X(27) + X(1) 0.000 0.000 0.000 0.000 0.000
19 CHX(28) + HOX(22) <=> CH2X(27) + OX(20) -0.000 -0.000 -0.000 -0.000 -0.000
20 2 CH2X(27) <=> CH3X(21) + CHX(28) -0.000 -0.000 -0.000 0.000 -0.000
21 CHX(28) + X(1) <=> CX(26) + HX(19) 0.258 0.378 0.635 0.142 0.438
22 CX(26) + H2(6) <=> CH2X(27) -0.000 -0.000 -0.000 0.000 -0.000
23 CX(26) + HOX(22) <=> CHX(28) + OX(20) -0.000 -0.000 -0.000 0.000 -0.000
24 CH3X(21) + CX(26) <=> CH2X(27) + CHX(28) -0.000 -0.000 -0.000 0.000 -0.000
25 CH2X(27) + CX(26) <=> 2 CHX(28) -0.000 -0.000 -0.000 0.000 -0.000
26 CO(7) + X(1) <=> OCX(25) 0.000 0.000 0.000 -0.001 0.001
27 CX(26) + OX(20) <=> OCX(25) + X(1) -0.000 -0.000 -0.000 -0.000 -0.000
28 H2(6) + X(1) <=> H2X(49) 0.258 0.378 0.635 0.142 0.438
29 CO(7) + X(1) <=> COX(50) -0.000 -0.000 -0.000 0.000 -0.000
30 CH3OH(14) + X(1) <=> CH4OX(60) -0.000 -0.000 -0.000 0.000 -0.000
31 CH2O(9) + 2 X(1) <=> CHOX(53) + HX(19) -0.000 -0.000 -0.000 0.000 -0.000
32 HCO(15) + X(1) <=> CHOX(53) -0.000 -0.000 -0.000 0.000 -0.000
33 CH3CHO(16) + 2 X(1) <=> CH3X(21) + CHOX(53) -0.000 -0.000 -0.000 -0.000 -0.000
34 CHOX(53) + X(1) <=> HX(19) + OCX(25) -0.000 -0.000 -0.000 0.000 -0.000
35 CHOX(53) + OX(20) <=> HOX(22) + OCX(25) -0.000 -0.000 -0.000 0.000 -0.000
36 CH2X(27) + CHOX(53) <=> CH3X(21) + OCX(25) -0.000 -0.000 -0.000 0.000 -0.000
37 CHOX(53) + CHX(28) <=> CH2X(27) + OCX(25) -0.000 -0.000 -0.000 0.000 -0.000
38 CHOX(53) + CX(26) <=> CHX(28) + OCX(25) -0.000 -0.000 -0.000 0.000 -0.000
39 C2H4(47) + X(1) <=> C2H4X(210) -0.000 -0.000 -0.000 0.000 -0.000
40 C2H4(18) + X(1) <=> C2H4X(65) -0.000 -0.000 -0.000 0.000 -0.000
41 CO2(4) + X(1) <=> CO2X(24) -0.000 -0.000 -0.000 0.000 -0.000
42 OCX(25) + OX(20) <=> CO2X(24) + X(1) 0.256 0.374 0.629 0.152 0.427
43 CO2X(24) + HX(19) <=> HOX(22) + OCX(25) -0.114 -0.228 -0.342 0.444 -0.519
Finished sensitivity simulation for a C/O ratio of 1.3
Finished translating for C/O ratio of 1.3
Starting sensitivity simulation for a C/O ratio of 2.2
0 CH4(2) + X(1) <=> CH4X(48) -0.022 -0.029 -0.051 -0.011 -0.039
1 O2(3) + 2 X(1) <=> 2 OX(20) -0.072 -0.098 -0.170 -0.037 -0.128
2 H2(6) + 2 X(1) <=> 2 HX(19) 0.000 -0.000 -0.000 -0.000 -0.000
3 H(12) + X(1) <=> HX(19) -0.021 -0.029 -0.050 -0.010 -0.038
4 HX(19) + OX(20) <=> HOX(22) + X(1) -0.006 -0.009 -0.015 0.000 -0.014
5 H2O(5) + 2 X(1) <=> HOX(22) + HX(19) 0.013 0.021 0.034 -0.013 0.042
6 OH(17) + X(1) <=> HOX(22) -0.853 -1.148 -2.010 -0.551 -1.415
7 CH4(2) + 2 X(1) <=> CH3X(21) + HX(19) -0.368 -0.497 -0.867 -0.209 -0.637
8 CH4(2) + OX(20) + X(1) <=> CH3X(21) + HOX(22) -7.599 -10.506 -18.903 -3.863 -13.747
9 C2H6(8) + 2 X(1) <=> 2 CH3X(21) -0.027 -0.036 -0.063 -0.015 -0.046
10 CH3(10) + X(1) <=> CH3X(21) -0.141 -0.183 -0.324 -0.105 -0.219
11 CH3OH(14) + 2 X(1) <=> CH3X(21) + HOX(22) -0.021 -0.029 -0.050 -0.010 -0.038
12 CH4(2) + HOX(22) + X(1) <=> CH3X(21) + H2OX(23) -0.233 -0.315 -0.549 -0.132 -0.404
13 H2O(5) + X(1) <=> H2OX(23) 0.000 0.000 0.000 0.000 0.000
14 H2OX(23) + OX(20) <=> 2 HOX(22) 0.398 0.562 0.957 0.037 0.863
15 HOX(22) + HX(19) <=> H2OX(23) + X(1) 0.000 0.000 0.000 -0.000 0.000
16 CH2X(27) + HX(19) <=> CH3X(21) + X(1) -0.000 -0.000 -0.001 -0.000 -0.000
17 CH2X(27) + HOX(22) <=> CH3X(21) + OX(20) -0.022 -0.030 -0.051 -0.011 -0.039
18 CHX(28) + HX(19) <=> CH2X(27) + X(1) -0.022 -0.029 -0.051 -0.011 -0.039
19 CHX(28) + HOX(22) <=> CH2X(27) + OX(20) -0.000 -0.000 -0.000 0.000 -0.000
20 2 CH2X(27) <=> CH3X(21) + CHX(28) -0.022 -0.029 -0.051 -0.011 -0.039
21 CHX(28) + X(1) <=> CX(26) + HX(19) 0.000 0.000 0.000 0.000 0.000
22 CX(26) + H2(6) <=> CH2X(27) 0.000 0.000 0.000 0.000 0.000
23 CX(26) + HOX(22) <=> CHX(28) + OX(20) 0.000 0.000 0.000 0.000 0.000
24 CH3X(21) + CX(26) <=> CH2X(27) + CHX(28) 0.000 0.000 0.000 0.000 0.000
25 CH2X(27) + CX(26) <=> 2 CHX(28) 0.000 0.000 0.000 0.000 0.000
26 CO(7) + X(1) <=> OCX(25) -0.022 -0.029 -0.051 -0.011 -0.038
27 CX(26) + OX(20) <=> OCX(25) + X(1) -0.022 -0.029 -0.051 -0.011 -0.039
28 H2(6) + X(1) <=> H2X(49) 0.000 0.000 0.000 0.000 0.000
29 CO(7) + X(1) <=> COX(50) -0.022 -0.029 -0.051 -0.011 -0.039
30 CH3OH(14) + X(1) <=> CH4OX(60) -0.022 -0.029 -0.051 -0.011 -0.039
31 CH2O(9) + 2 X(1) <=> CHOX(53) + HX(19) 0.000 0.000 0.000 0.000 0.000
32 HCO(15) + X(1) <=> CHOX(53) 0.000 0.000 0.000 0.000 0.000
33 CH3CHO(16) + 2 X(1) <=> CH3X(21) + CHOX(53) -0.022 -0.029 -0.051 -0.011 -0.039
34 CHOX(53) + X(1) <=> HX(19) + OCX(25) -0.022 -0.029 -0.051 -0.011 -0.039
35 CHOX(53) + OX(20) <=> HOX(22) + OCX(25) 0.000 0.000 0.000 0.000 0.000
36 CH2X(27) + CHOX(53) <=> CH3X(21) + OCX(25) 0.000 0.000 0.000 0.000 0.000
37 CHOX(53) + CHX(28) <=> CH2X(27) + OCX(25) -0.022 -0.029 -0.051 -0.011 -0.039
38 CHOX(53) + CX(26) <=> CHX(28) + OCX(25) -0.022 -0.029 -0.051 -0.011 -0.039
39 C2H4(47) + X(1) <=> C2H4X(210) 0.000 0.000 0.000 0.000 0.000
40 C2H4(18) + X(1) <=> C2H4X(65) 0.000 0.000 0.000 0.000 0.000
41 CO2(4) + X(1) <=> CO2X(24) -0.022 -0.029 -0.051 -0.011 -0.039
42 OCX(25) + OX(20) <=> CO2X(24) + X(1) -0.021 -0.030 -0.051 -0.003 -0.045
43 CO2X(24) + HX(19) <=> HOX(22) + OCX(25) 0.005 -0.062 -0.057 0.542 -0.494
Finished sensitivity simulation for a C/O ratio of 2.2
Finished translating for C/O ratio of 2.2
Starting sensitivity simulation for a C/O ratio of 1.4
0 CH4(2) + X(1) <=> CH4X(48) -0.000 -0.000 -0.000 -0.000 -0.000
1 O2(3) + 2 X(1) <=> 2 OX(20) -0.035 -0.052 -0.088 -0.021 -0.059
2 H2(6) + 2 X(1) <=> 2 HX(19) -0.000 -0.000 -0.000 -0.000 -0.000
3 H(12) + X(1) <=> HX(19) 0.001 0.001 0.002 0.001 0.002
4 HX(19) + OX(20) <=> HOX(22) + X(1) -0.007 -0.011 -0.019 -0.002 -0.014
5 H2O(5) + 2 X(1) <=> HOX(22) + HX(19) 0.045 0.068 0.113 0.009 0.085
6 OH(17) + X(1) <=> HOX(22) -1.053 -1.553 -2.622 -0.733 -1.697
7 CH4(2) + 2 X(1) <=> CH3X(21) + HX(19) -0.306 -0.451 -0.759 -0.191 -0.505
8 CH4(2) + OX(20) + X(1) <=> CH3X(21) + HOX(22) -8.184 -12.462 -21.666 -4.732 -14.061
9 C2H6(8) + 2 X(1) <=> 2 CH3X(21) -0.008 -0.011 -0.019 -0.006 -0.012
10 CH3(10) + X(1) <=> CH3X(21) -0.192 -0.273 -0.465 -0.152 -0.293
11 CH3OH(14) + 2 X(1) <=> CH3X(21) + HOX(22) 0.001 0.001 0.001 0.000 0.001
12 CH4(2) + HOX(22) + X(1) <=> CH3X(21) + H2OX(23) -0.167 -0.245 -0.413 -0.105 -0.274
13 H2O(5) + X(1) <=> H2OX(23) 0.000 0.000 0.000 0.000 0.000
14 H2OX(23) + OX(20) <=> 2 HOX(22) 0.556 0.840 1.391 0.168 1.026
15 HOX(22) + HX(19) <=> H2OX(23) + X(1) 0.000 0.000 0.000 0.000 0.000
16 CH2X(27) + HX(19) <=> CH3X(21) + X(1) -0.001 -0.001 -0.002 -0.000 -0.001
17 CH2X(27) + HOX(22) <=> CH3X(21) + OX(20) -0.000 -0.000 -0.000 -0.000 -0.000
18 CHX(28) + HX(19) <=> CH2X(27) + X(1) 0.000 0.000 0.000 0.000 0.000
19 CHX(28) + HOX(22) <=> CH2X(27) + OX(20) -0.000 -0.000 -0.000 -0.000 -0.000
20 2 CH2X(27) <=> CH3X(21) + CHX(28) -0.000 -0.000 -0.000 -0.000 -0.000
21 CHX(28) + X(1) <=> CX(26) + HX(19) -0.000 -0.000 -0.000 -0.000 -0.000
22 CX(26) + H2(6) <=> CH2X(27) -0.000 -0.000 -0.000 -0.000 -0.000
23 CX(26) + HOX(22) <=> CHX(28) + OX(20) -0.000 -0.000 -0.000 -0.000 -0.000
24 CH3X(21) + CX(26) <=> CH2X(27) + CHX(28) -0.000 -0.000 -0.000 0.000 -0.000
25 CH2X(27) + CX(26) <=> 2 CHX(28) -0.000 -0.000 -0.000 -0.000 -0.000
26 CO(7) + X(1) <=> OCX(25) 0.000 0.000 0.000 -0.001 0.001
27 CX(26) + OX(20) <=> OCX(25) + X(1) -0.000 -0.000 -0.000 -0.000 -0.000
28 H2(6) + X(1) <=> H2X(49) -0.000 -0.000 -0.000 -0.000 -0.000
29 CO(7) + X(1) <=> COX(50) -0.000 -0.000 -0.000 0.000 -0.000
30 CH3OH(14) + X(1) <=> CH4OX(60) -0.000 -0.000 -0.000 -0.000 -0.000
31 CH2O(9) + 2 X(1) <=> CHOX(53) + HX(19) -0.000 -0.000 -0.000 -0.000 -0.000
32 HCO(15) + X(1) <=> CHOX(53) -0.000 -0.000 -0.000 -0.000 -0.000
33 CH3CHO(16) + 2 X(1) <=> CH3X(21) + CHOX(53) -0.000 -0.000 -0.000 0.000 -0.000
34 CHOX(53) + X(1) <=> HX(19) + OCX(25) -0.000 -0.000 -0.000 -0.000 -0.000
35 CHOX(53) + OX(20) <=> HOX(22) + OCX(25) -0.000 -0.000 -0.000 -0.000 -0.000
36 CH2X(27) + CHOX(53) <=> CH3X(21) + OCX(25) -0.000 -0.000 -0.000 -0.000 -0.000
37 CHOX(53) + CHX(28) <=> CH2X(27) + OCX(25) -0.000 -0.000 -0.000 0.000 -0.000
38 CHOX(53) + CX(26) <=> CHX(28) + OCX(25) -0.000 -0.000 -0.000 0.000 -0.000
39 C2H4(47) + X(1) <=> C2H4X(210) -0.000 -0.000 -0.000 0.000 -0.000
40 C2H4(18) + X(1) <=> C2H4X(65) -0.000 -0.000 -0.000 -0.000 -0.000
41 CO2(4) + X(1) <=> CO2X(24) -0.000 -0.000 -0.000 0.000 -0.000
42 OCX(25) + OX(20) <=> CO2X(24) + X(1) -0.002 -0.004 -0.006 0.009 -0.010
43 CO2X(24) + HX(19) <=> HOX(22) + OCX(25) -0.103 -0.211 -0.314 0.453 -0.487
Finished sensitivity simulation for a C/O ratio of 1.4
Finished translating for C/O ratio of 1.4
Starting sensitivity simulation for a C/O ratio of 1.0
0 CH4(2) + X(1) <=> CH4X(48) -0.000 -0.000 -0.000 0.000 -0.000
1 O2(3) + 2 X(1) <=> 2 OX(20) -0.020 -0.027 -0.047 -0.011 -0.036
2 H2(6) + 2 X(1) <=> 2 HX(19) -0.000 -0.000 -0.000 -0.000 -0.000
3 H(12) + X(1) <=> HX(19) 0.001 0.001 0.002 0.001 0.001
4 HX(19) + OX(20) <=> HOX(22) + X(1) -0.005 -0.007 -0.013 -0.001 -0.011
5 H2O(5) + 2 X(1) <=> HOX(22) + HX(19) -0.086 -0.116 -0.203 -0.057 -0.146
6 OH(17) + X(1) <=> HOX(22) -1.042 -1.420 -2.477 -0.678 -1.787
7 CH4(2) + 2 X(1) <=> CH3X(21) + HX(19) -0.398 -0.545 -0.945 -0.224 -0.715
8 CH4(2) + OX(20) + X(1) <=> CH3X(21) + HOX(22) -9.271 -13.026 -23.505 -4.905 -17.289
9 C2H6(8) + 2 X(1) <=> 2 CH3X(21) -0.006 -0.008 -0.014 -0.005 -0.009
10 CH3(10) + X(1) <=> CH3X(21) -0.157 -0.205 -0.362 -0.122 -0.247
11 CH3OH(14) + 2 X(1) <=> CH3X(21) + HOX(22) 0.000 -0.000 -0.000 0.000 -0.000
12 CH4(2) + HOX(22) + X(1) <=> CH3X(21) + H2OX(23) -0.281 -0.384 -0.666 -0.156 -0.506
13 H2O(5) + X(1) <=> H2OX(23) 0.000 0.000 0.000 0.000 0.000
14 H2OX(23) + OX(20) <=> 2 HOX(22) 0.494 0.700 1.191 0.117 1.046
15 HOX(22) + HX(19) <=> H2OX(23) + X(1) -0.117 -0.161 -0.278 -0.061 -0.215
16 CH2X(27) + HX(19) <=> CH3X(21) + X(1) -0.000 -0.000 -0.000 -0.000 -0.000
17 CH2X(27) + HOX(22) <=> CH3X(21) + OX(20) 0.000 0.000 0.000 0.000 0.000
18 CHX(28) + HX(19) <=> CH2X(27) + X(1) 0.000 0.000 0.000 0.000 0.000
19 CHX(28) + HOX(22) <=> CH2X(27) + OX(20) -0.117 -0.161 -0.278 -0.061 -0.215
20 2 CH2X(27) <=> CH3X(21) + CHX(28) -0.117 -0.161 -0.278 -0.061 -0.215
21 CHX(28) + X(1) <=> CX(26) + HX(19) -0.000 -0.000 -0.000 -0.000 -0.000
22 CX(26) + H2(6) <=> CH2X(27) -0.117 -0.161 -0.278 -0.061 -0.215
23 CX(26) + HOX(22) <=> CHX(28) + OX(20) -0.019 -0.027 -0.046 -0.010 -0.036
24 CH3X(21) + CX(26) <=> CH2X(27) + CHX(28) -0.019 -0.027 -0.046 -0.010 -0.036
25 CH2X(27) + CX(26) <=> 2 CHX(28) -0.117 -0.161 -0.278 -0.061 -0.215
26 CO(7) + X(1) <=> OCX(25) -0.019 -0.027 -0.046 -0.011 -0.035
27 CX(26) + OX(20) <=> OCX(25) + X(1) -0.000 -0.000 -0.000 -0.000 -0.000
28 H2(6) + X(1) <=> H2X(49) -0.117 -0.161 -0.278 -0.061 -0.215
29 CO(7) + X(1) <=> COX(50) -0.019 -0.027 -0.046 -0.010 -0.036
30 CH3OH(14) + X(1) <=> CH4OX(60) -0.000 -0.000 -0.000 -0.000 -0.000
31 CH2O(9) + 2 X(1) <=> CHOX(53) + HX(19) -0.000 -0.000 -0.000 -0.000 -0.000
32 HCO(15) + X(1) <=> CHOX(53) -0.117 -0.161 -0.278 -0.061 -0.215
33 CH3CHO(16) + 2 X(1) <=> CH3X(21) + CHOX(53) -0.117 -0.161 -0.278 -0.061 -0.215
34 CHOX(53) + X(1) <=> HX(19) + OCX(25) -0.000 -0.000 -0.000 -0.000 -0.000
35 CHOX(53) + OX(20) <=> HOX(22) + OCX(25) -0.000 -0.000 -0.000 0.000 -0.000
36 CH2X(27) + CHOX(53) <=> CH3X(21) + OCX(25) -0.000 -0.000 -0.000 -0.000 -0.000
37 CHOX(53) + CHX(28) <=> CH2X(27) + OCX(25) -0.000 -0.000 -0.000 0.000 -0.000
38 CHOX(53) + CX(26) <=> CHX(28) + OCX(25) 0.000 0.000 0.000 0.000 0.000
39 C2H4(47) + X(1) <=> C2H4X(210) -0.000 -0.000 -0.000 -0.000 -0.000
40 C2H4(18) + X(1) <=> C2H4X(65) -0.000 -0.000 -0.000 -0.000 -0.000
41 CO2(4) + X(1) <=> CO2X(24) -0.000 -0.000 -0.000 0.000 -0.000
42 OCX(25) + OX(20) <=> CO2X(24) + X(1) -0.118 -0.163 -0.281 -0.050 -0.227
43 CO2X(24) + HX(19) <=> HOX(22) + OCX(25) -0.025 -0.104 -0.129 0.483 -0.532
Finished sensitivity simulation for a C/O ratio of 1.0
Finished translating for C/O ratio of 1.0
Starting sensitivity simulation for a C/O ratio of 1.8
0 CH4(2) + X(1) <=> CH4X(48) -0.000 -0.000 -0.000 -0.000 -0.000
1 O2(3) + 2 X(1) <=> 2 OX(20) 0.078 0.112 0.190 0.040 0.133
2 H2(6) + 2 X(1) <=> 2 HX(19) -0.000 -0.000 -0.000 -0.000 -0.000
3 H(12) + X(1) <=> HX(19) 0.001 0.001 0.002 0.001 0.001
4 HX(19) + OX(20) <=> HOX(22) + X(1) 0.104 0.150 0.254 0.057 0.175
5 H2O(5) + 2 X(1) <=> HOX(22) + HX(19) 0.045 0.067 0.111 0.005 0.088
6 OH(17) + X(1) <=> HOX(22) -0.861 -1.233 -2.105 -0.592 -1.370
7 CH4(2) + 2 X(1) <=> CH3X(21) + HX(19) 0.139 0.203 0.342 0.049 0.251
8 CH4(2) + OX(20) + X(1) <=> CH3X(21) + HOX(22) -8.228 -12.170 -21.400 -4.446 -14.136
9 C2H6(8) + 2 X(1) <=> 2 CH3X(21) -0.007 -0.010 -0.017 -0.006 -0.010
10 CH3(10) + X(1) <=> CH3X(21) -0.166 -0.230 -0.397 -0.129 -0.252
11 CH3OH(14) + 2 X(1) <=> CH3X(21) + HOX(22) 0.112 0.161 0.273 0.059 0.189
12 CH4(2) + HOX(22) + X(1) <=> CH3X(21) + H2OX(23) -0.207 -0.297 -0.504 -0.122 -0.341
13 H2O(5) + X(1) <=> H2OX(23) 0.000 0.000 0.000 0.000 0.000
14 H2OX(23) + OX(20) <=> 2 HOX(22) 0.519 0.766 1.280 0.121 0.978
15 HOX(22) + HX(19) <=> H2OX(23) + X(1) 0.000 0.000 0.000 0.000 0.000
16 CH2X(27) + HX(19) <=> CH3X(21) + X(1) 0.112 0.161 0.273 0.058 0.189
17 CH2X(27) + HOX(22) <=> CH3X(21) + OX(20) 0.112 0.161 0.273 0.059 0.190
18 CHX(28) + HX(19) <=> CH2X(27) + X(1) 0.112 0.161 0.273 0.059 0.190
19 CHX(28) + HOX(22) <=> CH2X(27) + OX(20) 0.112 0.161 0.273 0.059 0.190
20 2 CH2X(27) <=> CH3X(21) + CHX(28) 0.000 0.000 0.000 0.000 0.000
21 CHX(28) + X(1) <=> CX(26) + HX(19) 0.112 0.161 0.273 0.059 0.190
22 CX(26) + H2(6) <=> CH2X(27) 0.000 0.000 0.000 0.000 0.000
23 CX(26) + HOX(22) <=> CHX(28) + OX(20) 0.000 0.000 0.000 -0.000 0.000
24 CH3X(21) + CX(26) <=> CH2X(27) + CHX(28) 0.112 0.161 0.273 0.059 0.190
25 CH2X(27) + CX(26) <=> 2 CHX(28) 0.000 0.000 0.000 -0.000 0.000
26 CO(7) + X(1) <=> OCX(25) 0.000 0.000 0.000 -0.001 0.001
27 CX(26) + OX(20) <=> OCX(25) + X(1) 0.112 0.161 0.273 0.058 0.190
28 H2(6) + X(1) <=> H2X(49) 0.112 0.161 0.273 0.059 0.190
29 CO(7) + X(1) <=> COX(50) 0.112 0.161 0.273 0.059 0.190
30 CH3OH(14) + X(1) <=> CH4OX(60) 0.112 0.161 0.273 0.059 0.190
31 CH2O(9) + 2 X(1) <=> CHOX(53) + HX(19) 0.112 0.161 0.273 0.059 0.190
32 HCO(15) + X(1) <=> CHOX(53) 0.112 0.161 0.273 0.059 0.190
33 CH3CHO(16) + 2 X(1) <=> CH3X(21) + CHOX(53) 0.000 0.000 0.000 0.000 0.000
34 CHOX(53) + X(1) <=> HX(19) + OCX(25) 0.000 0.000 0.000 0.000 0.000
35 CHOX(53) + OX(20) <=> HOX(22) + OCX(25) 0.000 0.000 0.000 0.000 0.000
36 CH2X(27) + CHOX(53) <=> CH3X(21) + OCX(25) 0.112 0.161 0.273 0.059 0.190
37 CHOX(53) + CHX(28) <=> CH2X(27) + OCX(25) 0.112 0.161 0.273 0.059 0.190
38 CHOX(53) + CX(26) <=> CHX(28) + OCX(25) 0.112 0.161 0.273 0.059 0.190
39 C2H4(47) + X(1) <=> C2H4X(210) -0.000 -0.000 -0.000 -0.000 -0.000
40 C2H4(18) + X(1) <=> C2H4X(65) 0.112 0.161 0.273 0.059 0.190
41 CO2(4) + X(1) <=> CO2X(24) 0.000 0.000 0.000 0.000 0.000
42 OCX(25) + OX(20) <=> CO2X(24) + X(1) 0.111 0.159 0.269 0.067 0.182
43 CO2X(24) + HX(19) <=> HOX(22) + OCX(25) -0.082 -0.179 -0.261 0.487 -0.489
Finished sensitivity simulation for a C/O ratio of 1.8
Finished translating for C/O ratio of 1.8
