This mechanism contains 38 gas reactions and 36 surface reactions
Finished simulation at a C/O ratio of 0.9
Finished simulation at a C/O ratio of 1.8
Finished simulation at a C/O ratio of 1.1
Finished simulation at a C/O ratio of 2.4
Finished simulation at a C/O ratio of 1.4
Finished simulation at a C/O ratio of 2.2
Finished simulation at a C/O ratio of 2.6
Finished simulation at a C/O ratio of 1.0
Finished simulation at a C/O ratio of 2.0
Finished simulation at a C/O ratio of 0.7
Finished simulation at a C/O ratio of 0.6
Finished simulation at a C/O ratio of 1.6
Finished simulation at a C/O ratio of 0.8
Finished simulation at a C/O ratio of 1.2
Finished simulation at a C/O ratio of 1.3
Starting thermo sensitivity simulation for a C/O ratio of 2.0
0 X(1) -INF -INF -INF 0.126 -4.360
1 HX(19) -33.765 -167.530 -257.862 -7.383 -0.324
2 OX(20) -33.346 -166.692 -255.623 -0.072 -0.009
3 CH3X(21) -33.386 -166.772 -255.836 -1.933 -0.039
4 HOX(22) -33.351 -166.701 -255.648 0.100 -0.013
5 H2OX(23) -53.218 100.000 100.000 -1018.691 -14.913
6 CO2X(24) -33.347 -166.694 -255.629 -0.562 -0.010
7 OCX(25) -33.347 -166.694 -255.629 -0.060 -0.010
8 CX(26) -33.338 -166.675 -255.578 0.012 -0.003
9 CH2X(27) -33.782 -167.563 -257.951 -7.473 -0.336
10 CHX(28) -33.339 -166.678 -255.587 -0.031 -0.004
11 CH4X(48) -300.220 100.000 100.000 0.127 -0.055
12 H2X(49) -33.337 -166.675 -255.576 0.153 -0.003
13 COX(50) -33.352 -166.703 -255.654 -0.164 -0.014
14 C2H6X(52) 42.361 100.000 100.000 -11.175 -0.868
15 C2H4X(65) -33.403 -166.807 -255.929 -2.585 -0.053
16 C2H4X(205) -33.403 -166.807 -255.929 -2.585 -0.053
Finished thermo sensitivity simulation for a C/O ratio of 2.0
Starting thermo sensitivity simulation for a C/O ratio of 2.4
0 X(1) 66.774 NAN NAN -3.958 0.321
1 HX(19) 80.070 NAN NAN -3.443 0.352
2 OX(20) 80.092 NAN NAN -0.128 0.458
3 CH3X(21) 80.059 NAN NAN -4.277 0.297
4 HOX(22) 79.972 NAN NAN -8.711 -0.139
5 H2OX(23) 75.102 NAN NAN -25.220 0.406
6 CO2X(24) 79.862 NAN NAN -0.068 -0.691
7 OCX(25) 80.090 NAN NAN -0.163 0.449
8 CX(26) 80.089 NAN NAN 21.236 0.445
9 CH2X(27) 74.736 NAN NAN -14.103 -1.056
10 CHX(28) 74.953 NAN NAN -9.095 -0.190
11 CH4X(48) 46.034 NAN NAN -30.009 -7.932
12 H2X(49) 80.084 NAN NAN -2.098 0.419
13 COX(50) 66.117 NAN NAN -16.344 -1.649
14 C2H6X(52) 79.933 NAN NAN -10.049 -0.333
15 C2H4X(65) 80.078 NAN NAN -2.444 0.391
16 C2H4X(205) 80.078 NAN NAN -2.444 0.391
Finished thermo sensitivity simulation for a C/O ratio of 2.4
Starting thermo sensitivity simulation for a C/O ratio of 2.2
0 X(1) 0.009 NAN NAN 0.745 0.009
1 HX(19) -0.002 NAN NAN -0.331 -0.002
2 OX(20) 31.917 -INF -INF -16.688 -2.125
3 CH3X(21) 0.011 NAN NAN 0.814 0.011
4 HOX(22) -0.030 NAN NAN -1.607 -0.030
5 H2OX(23) -40.348 -INF -INF -4438.738 -5.261
6 CO2X(24) -307.921 -INF -INF 0.915 -1.980
7 OCX(25) -0.455 NAN NAN -7.342 -0.455
8 CX(26) 0.010 NAN NAN 0.745 0.010
9 CH2X(27) 0.012 NAN NAN 0.783 0.012
10 CHX(28) -3.490 NAN NAN -21.271 -3.490
11 CH4X(48) 0.012 NAN NAN 0.786 0.012
12 H2X(49) -4.821 NAN NAN -24.725 -4.821
13 COX(50) 20.009 NAN NAN 0.902 0.011
14 C2H6X(52) -0.022 NAN NAN -1.070 -0.022
15 C2H4X(65) -0.021 NAN NAN -1.019 -0.021
16 C2H4X(205) 0.010 NAN NAN 0.749 0.010
Finished thermo sensitivity simulation for a C/O ratio of 2.2
Starting thermo sensitivity simulation for a C/O ratio of 1.6
0 X(1) 33.206 100.000 100.000 91.689 -0.191
1 HX(19) 31.499 100.000 100.000 77.894 -2.751
2 OX(20) 33.334 100.000 100.000 91.679 0.001
3 CH3X(21) 33.333 100.000 100.000 91.678 0.000
4 HOX(22) 33.171 100.000 100.000 91.146 -0.243
5 H2OX(23) 91.257 100.000 100.000 -25436.167 -0.542
6 CO2X(24) 33.333 100.000 100.000 91.675 -0.000
7 OCX(25) 33.333 100.000 100.000 91.714 0.000
8 CX(26) 300.000 100.000 100.000 91.675 -0.000
9 CH2X(27) 33.333 100.000 100.000 91.676 0.000
10 CHX(28) -INF -INF -INF 91.688 -0.086
11 CH4X(48) -100.037 100.000 100.000 91.527 -0.018
12 H2X(49) 33.333 100.000 100.000 88.728 -0.001
13 COX(50) 33.184 100.000 100.000 91.070 -0.223
14 C2H6X(52) 33.292 100.000 100.000 91.689 -0.061
15 C2H4X(65) 33.333 100.000 100.000 91.677 -0.000
16 C2H4X(205) 33.333 100.000 100.000 91.677 -0.000
Finished thermo sensitivity simulation for a C/O ratio of 1.6
Starting thermo sensitivity simulation for a C/O ratio of 2.6
0 X(1) 15.865 100.000 100.000 -8.866 -0.962
1 HX(19) 16.649 100.000 100.000 -0.644 -0.021
2 OX(20) 12.422 100.000 100.000 -48.502 -5.093
3 CH3X(21) 16.689 100.000 100.000 1.233 0.027
4 HOX(22) 16.684 100.000 100.000 1.178 0.021
5 H2OX(23) 16.665 100.000 100.000 -0.056 -0.002
6 CO2X(24) 16.684 100.000 100.000 1.196 0.021
7 OCX(25) -25.034 -25.034 -56.334 -0.618 -0.027
8 CX(26) 16.608 100.000 100.000 -1.593 -0.071
9 CH2X(27) 16.687 100.000 100.000 1.220 0.024
10 CHX(28) 16.654 100.000 100.000 -0.401 -0.015
11 CH4X(48) 16.675 100.000 100.000 0.271 0.011
12 H2X(49) 15.019 100.000 100.000 -13.044 -1.977
13 COX(50) 7.600 100.000 100.000 -28.931 -10.880
14 C2H6X(52) 16.682 100.000 100.000 0.643 0.019
15 C2H4X(65) 16.305 100.000 100.000 -5.603 -0.434
16 C2H4X(205) 16.305 100.000 100.000 -5.603 -0.434
Finished thermo sensitivity simulation for a C/O ratio of 2.6
Starting thermo sensitivity simulation for a C/O ratio of 1.3
0 X(1) NAN NAN NAN -6232.934 -0.001
1 HX(19) NAN NAN NAN -0.031 -0.001
2 OX(20) NAN NAN NAN -9.893 -1.311
3 CH3X(21) NAN NAN NAN -0.013 -0.001
4 HOX(22) NAN NAN NAN -502.539 -0.013
5 H2OX(23) NAN NAN NAN -0.004 -0.001
6 CO2X(24) NAN NAN NAN -270.435 -0.782
7 OCX(25) NAN NAN NAN -0.013 -0.001
8 CX(26) NAN NAN NAN -0.021 -0.000
9 CH2X(27) NAN NAN NAN -13.250 -0.459
10 CHX(28) NAN NAN NAN -0.044 -0.001
11 CH4X(48) NAN NAN NAN 0.122 -0.002
12 H2X(49) NAN NAN NAN -0.029 -0.001
13 COX(50) NAN NAN NAN -1.686 -0.013
14 C2H6X(52) NAN NAN NAN -158.561 -0.223
15 C2H4X(65) NAN NAN NAN -0.007 -0.001
16 C2H4X(205) NAN NAN NAN -0.007 -0.001
Finished thermo sensitivity simulation for a C/O ratio of 1.3
Starting thermo sensitivity simulation for a C/O ratio of 1.4
0 X(1) 249.677 INF -INF 0.036 0.215
1 HX(19) -205.353 -INF -INF -31240312.546 -1.784
2 OX(20) 399.283 INF -INF -0.083 0.239
3 CH3X(21) 399.318 INF -INF -1726.030 0.227
4 HOX(22) 402.398 INF -INF -2014173.954 -0.799
5 H2OX(23) 249.683 INF -INF -2.460 0.212
6 CO2X(24) 399.743 INF -INF -6.618 0.086
7 OCX(25) 399.277 INF -INF -0.107 0.241
8 CX(26) 249.694 INF -INF 0.043 0.204
9 CH2X(27) 399.283 INF -INF -0.524 0.239
10 CHX(28) 399.291 INF -INF -0.131 0.236
11 CH4X(48) -INF -INF -INF -30004.349 -0.010
12 H2X(49) -INF -INF -INF -0.107 0.241
13 COX(50) 399.368 INF -INF -182583.522 0.211
14 C2H6X(52) 399.334 INF -INF 0.039 0.222
15 C2H4X(65) 249.705 INF -INF 0.048 0.197
16 C2H4X(205) 249.705 INF -INF 0.048 0.197
Finished thermo sensitivity simulation for a C/O ratio of 1.4
Starting thermo sensitivity simulation for a C/O ratio of 0.7
0 X(1) NAN NAN NAN -283.868 0.308
1 HX(19) NAN NAN NAN -8.878 0.248
2 OX(20) NAN NAN NAN -21718152.308 -1.706
3 CH3X(21) NAN NAN NAN -0.179 0.324
4 HOX(22) NAN NAN NAN -0.175 0.315
5 H2OX(23) NAN NAN NAN -67824.491 0.094
6 CO2X(24) NAN NAN NAN -51600.551 0.107
7 OCX(25) NAN NAN NAN -0.788 0.324
8 CX(26) NAN NAN NAN -0.150 0.318
9 CH2X(27) NAN NAN NAN -0.143 0.302
10 CHX(28) NAN NAN NAN -0.232 0.328
11 CH4X(48) NAN NAN NAN -0.284 0.321
12 H2X(49) NAN NAN NAN -0.175 0.299
13 COX(50) NAN NAN NAN -11616.775 -3.430
14 C2H6X(52) NAN NAN NAN -0.080 0.321
15 C2H4X(65) NAN NAN NAN -0.142 0.323
16 C2H4X(205) NAN NAN NAN -0.142 0.323
Finished thermo sensitivity simulation for a C/O ratio of 0.7
Starting thermo sensitivity simulation for a C/O ratio of 1.2
0 X(1) NAN NAN NAN -0.649 0.003
1 HX(19) NAN NAN NAN -2.424 -0.022
2 OX(20) NAN NAN NAN -884.803 -0.167
3 CH3X(21) NAN NAN NAN 0.104 -0.004
4 HOX(22) NAN NAN NAN -2.714 0.000
5 H2OX(23) NAN NAN NAN 0.109 -0.386
6 CO2X(24) NAN NAN NAN 0.118 -0.119
7 OCX(25) NAN NAN NAN -0.036 -0.001
8 CX(26) NAN NAN NAN -1500.830 -0.387
9 CH2X(27) NAN NAN NAN -10.636 -0.261
10 CHX(28) NAN NAN NAN 0.107 -0.065
11 CH4X(48) NAN NAN NAN -6.311 -0.106
12 H2X(49) NAN NAN NAN -0.063 -0.002
13 COX(50) NAN NAN NAN -5.122 -0.077
14 C2H6X(52) NAN NAN NAN -0.018 -0.003
15 C2H4X(65) NAN NAN NAN -0.021 -0.003
16 C2H4X(205) NAN NAN NAN -0.021 -0.003
Finished thermo sensitivity simulation for a C/O ratio of 1.2
Starting thermo sensitivity simulation for a C/O ratio of 1.8
0 X(1) -50.713 -INF -INF -8.944 -0.475
1 HX(19) -101.189 -INF -INF -10.406 -0.594
2 OX(20) -100.900 -INF -INF 0.992 -0.450
3 CH3X(21) 71.231 NAN NAN -11.314 -0.690
4 HOX(22) -100.149 -INF -INF -2.826 -0.074
5 H2OX(23) -199.986 -INF -INF 0.344 0.005
6 CO2X(24) -100.011 -INF -INF -0.156 -0.005
7 OCX(25) -52.972 -INF -INF -715942.018 -1.982
8 CX(26) -200.099 -INF -INF -398.050 -0.033
9 CH2X(27) -199.988 -INF -INF 0.238 0.004
10 CHX(28) -49.988 -INF -INF 0.862 0.008
11 CH4X(48) -50.140 -INF -INF 0.958 -0.093
12 H2X(49) -500.087 NAN NAN 0.983 -0.015
13 COX(50) -50.038 -INF -INF -1.307 -0.025
14 C2H6X(52) -200.173 -INF -INF -2.778 -0.058
15 C2H4X(65) -50.474 -INF -INF -7.223 -0.316
16 C2H4X(205) -50.474 -INF -INF -7.223 -0.316
Finished thermo sensitivity simulation for a C/O ratio of 1.8
Starting thermo sensitivity simulation for a C/O ratio of 1.1
0 X(1) -INF NAN NAN -992.883 6.697
1 HX(19) -INF NAN NAN 39.733 7.471
2 OX(20) -INF NAN NAN -1291.964 7.384
3 CH3X(21) -INF NAN NAN 38.955 7.473
4 HOX(22) -INF NAN NAN 32.382 7.215
5 H2OX(23) -INF NAN NAN 37.845 7.454
6 CO2X(24) -INF NAN NAN -983.852 7.394
7 OCX(25) -INF NAN NAN 39.658 7.479
8 CX(26) -INF NAN NAN 39.745 7.129
9 CH2X(27) -INF NAN NAN -33.230 5.997
10 CHX(28) -INF NAN NAN -4.669 7.433
11 CH4X(48) -INF NAN NAN 39.747 7.451
12 H2X(49) -INF NAN NAN 39.739 7.157
13 COX(50) -INF NAN NAN 39.654 7.479
14 C2H6X(52) -INF NAN NAN 39.913 7.478
15 C2H4X(65) -INF NAN NAN -760120.927 7.440
16 C2H4X(205) -INF NAN NAN -760120.927 7.440
Finished thermo sensitivity simulation for a C/O ratio of 1.1
Starting sensitivity simulation for a C/O ratio of 1.1
0 CH4(2) + X(1) <=> CH4X(48) -INF NAN NAN -21239.632 7.479
1 O2(3) + 2 X(1) <=> 2 OX(20) -INF NAN NAN 40.378 7.480
2 H2(6) + 2 X(1) <=> 2 HX(19) -INF NAN NAN -26240599.903 7.185
3 H(12) + X(1) <=> HX(19) -INF NAN NAN 39.667 7.478
4 HX(19) + OX(20) <=> HOX(22) + X(1) -INF NAN NAN -425138.835 7.229
5 H2O(5) + 2 X(1) <=> HOX(22) + HX(19) -INF NAN NAN 39.654 7.475
6 OH(17) + X(1) <=> HOX(22) -INF NAN NAN 39.798 7.476
7 CH4(2) + 2 X(1) <=> CH3X(21) + HX(19) -INF NAN NAN 39.539 7.475
8 CH4(2) + OX(20) + X(1) <=> CH3X(21) + HOX(22) -INF NAN NAN 39.798 6.933
9 C2H6(8) + 2 X(1) <=> 2 CH3X(21) -INF NAN NAN -13.979 7.118
10 CH3(10) + X(1) <=> CH3X(21) -INF -INF -INF 39.498 7.426
11 CH3OH(14) + 2 X(1) <=> CH3X(21) + HOX(22) -INF NAN NAN 39.738 7.277
12 H2(6) + X(1) <=> H2X(49) -INF NAN NAN 39.619 7.477
13 C2H6(8) + X(1) <=> C2H6X(52) -INF NAN NAN 39.715 7.477
14 C2H4(47) + X(1) <=> C2H4X(205) -INF NAN NAN -760120.927 7.440
15 C2H4(18) + X(1) <=> C2H4X(65) -INF NAN NAN -760120.927 7.440
16 CH2X(27) + HX(19) <=> CH3X(21) + X(1) -INF NAN NAN 39.276 6.863
17 CH2X(27) + HOX(22) <=> CH3X(21) + OX(20) -INF NAN NAN 30.653 7.479
18 CHX(28) + HX(19) <=> CH2X(27) + X(1) -INF NAN NAN -8047469.707 7.473
19 CHX(28) + HOX(22) <=> CH2X(27) + OX(20) -INF NAN NAN -189.377 7.405
20 2 CH2X(27) <=> CH3X(21) + CHX(28) -INF NAN NAN 39.655 7.477
21 CHX(28) + X(1) <=> CX(26) + HX(19) -INF NAN NAN 39.746 7.196
22 CX(26) + H2(6) <=> CH2X(27) -INF NAN NAN 39.746 7.471
23 CX(26) + HOX(22) <=> CHX(28) + OX(20) -INF NAN NAN -760120.927 7.440
24 CH3X(21) + CX(26) <=> CH2X(27) + CHX(28) -INF NAN NAN 39.733 7.476
25 CH2X(27) + CX(26) <=> 2 CHX(28) -INF NAN NAN -175.295 3.191
26 CO(7) + X(1) <=> OCX(25) -INF NAN NAN 39.749 7.452
27 CX(26) + OX(20) <=> OCX(25) + X(1) -INF NAN NAN 39.651 7.475
28 CO(7) + X(1) <=> COX(50) -INF NAN NAN 29.510 7.457
29 CH4(2) + HOX(22) + X(1) <=> CH3X(21) + H2OX(23) -INF NAN NAN 36.970 7.431
30 H2O(5) + X(1) <=> H2OX(23) -INF NAN NAN 39.636 7.480
31 CO2(4) + X(1) <=> CO2X(24) -INF NAN NAN 39.665 7.478
32 OCX(25) + OX(20) <=> CO2X(24) + X(1) -INF NAN NAN -2754.587 7.437
33 CO2X(24) + HX(19) <=> HOX(22) + OCX(25) -INF NAN NAN -36.408 7.303
34 H2OX(23) + OX(20) <=> 2 HOX(22) -INF NAN NAN 39.244 7.475
35 HOX(22) + HX(19) <=> H2OX(23) + X(1) -INF NAN NAN 37.712 7.448
Finished sensitivity simulation for a C/O ratio of 1.1
Finished translating for C/O ratio of 1.1
Starting sensitivity simulation for a C/O ratio of 1.3
0 CH4(2) + X(1) <=> CH4X(48) NAN NAN NAN 0.002 0.000
1 O2(3) + 2 X(1) <=> 2 OX(20) NAN NAN NAN 1.174 0.001
2 H2(6) + 2 X(1) <=> 2 HX(19) NAN NAN NAN -3.040 -0.187
3 H(12) + X(1) <=> HX(19) NAN NAN NAN 0.002 -0.000
4 HX(19) + OX(20) <=> HOX(22) + X(1) NAN NAN NAN -335.452 -0.135
5 H2O(5) + 2 X(1) <=> HOX(22) + HX(19) NAN NAN NAN -3.377 -0.042
6 OH(17) + X(1) <=> HOX(22) NAN NAN NAN -645023.919 -0.274
7 CH4(2) + 2 X(1) <=> CH3X(21) + HX(19) NAN NAN NAN -1048174.444 -0.089
8 CH4(2) + OX(20) + X(1) <=> CH3X(21) + HOX(22) NAN NAN NAN -0.046 -0.003
9 C2H6(8) + 2 X(1) <=> 2 CH3X(21) NAN NAN NAN -0.368 -0.002
10 CH3(10) + X(1) <=> CH3X(21) NAN NAN NAN -2479967.356 -0.025
11 CH3OH(14) + 2 X(1) <=> CH3X(21) + HOX(22) NAN NAN NAN -0.010 -0.001
12 H2(6) + X(1) <=> H2X(49) NAN NAN NAN 0.125 -6.705
13 C2H6(8) + X(1) <=> C2H6X(52) NAN NAN NAN -65134.008 -0.046
14 C2H4(47) + X(1) <=> C2H4X(205) NAN NAN NAN -0.007 -0.001
15 C2H4(18) + X(1) <=> C2H4X(65) NAN NAN NAN 0.117 -0.562
16 CH2X(27) + HX(19) <=> CH3X(21) + X(1) NAN NAN NAN -14.879 -0.510
17 CH2X(27) + HOX(22) <=> CH3X(21) + OX(20) NAN NAN NAN -0.017 -0.002
18 CHX(28) + HX(19) <=> CH2X(27) + X(1) NAN NAN NAN -0.114 -0.050
19 CHX(28) + HOX(22) <=> CH2X(27) + OX(20) NAN NAN NAN -4020.747 -0.042
20 2 CH2X(27) <=> CH3X(21) + CHX(28) NAN NAN NAN -0.006 -0.000
21 CHX(28) + X(1) <=> CX(26) + HX(19) NAN NAN NAN -0.027 -0.001
22 CX(26) + H2(6) <=> CH2X(27) NAN NAN NAN -569.857 -0.082
23 CX(26) + HOX(22) <=> CHX(28) + OX(20) NAN NAN NAN -0.007 -0.001
24 CH3X(21) + CX(26) <=> CH2X(27) + CHX(28) NAN NAN NAN -6570.466 -0.025
25 CH2X(27) + CX(26) <=> 2 CHX(28) NAN NAN NAN -14.373 -0.598
26 CO(7) + X(1) <=> OCX(25) NAN NAN NAN -988589.965 -0.050
27 CX(26) + OX(20) <=> OCX(25) + X(1) NAN NAN NAN 0.039 -0.001
28 CO(7) + X(1) <=> COX(50) NAN NAN NAN -0.027 -0.002
29 CH4(2) + HOX(22) + X(1) <=> CH3X(21) + H2OX(23) NAN NAN NAN -46966.040 -6.419
30 H2O(5) + X(1) <=> H2OX(23) NAN NAN NAN 0.248 -0.001
31 CO2(4) + X(1) <=> CO2X(24) NAN NAN NAN 0.125 -0.017
32 OCX(25) + OX(20) <=> CO2X(24) + X(1) NAN NAN NAN -10.308 -0.290
33 CO2X(24) + HX(19) <=> HOX(22) + OCX(25) NAN NAN NAN 0.224 -0.708
34 H2OX(23) + OX(20) <=> 2 HOX(22) NAN NAN NAN -212.711 -0.509
35 HOX(22) + HX(19) <=> H2OX(23) + X(1) NAN NAN NAN 0.131 -3.287
Finished sensitivity simulation for a C/O ratio of 1.3
Finished translating for C/O ratio of 1.3
Starting sensitivity simulation for a C/O ratio of 2.4
0 CH4(2) + X(1) <=> CH4X(48) 80.091 NAN NAN -0.143 0.453
1 O2(3) + 2 X(1) <=> 2 OX(20) 80.072 NAN NAN -2.135 0.359
2 H2(6) + 2 X(1) <=> 2 HX(19) 66.667 NAN NAN -11.389 0.000
3 H(12) + X(1) <=> HX(19) 66.656 NAN NAN -7.823 -0.031
4 HX(19) + OX(20) <=> HOX(22) + X(1) 75.031 -INF -INF -6.391 0.123
5 H2O(5) + 2 X(1) <=> HOX(22) + HX(19) 80.089 NAN NAN -0.208 0.443
6 OH(17) + X(1) <=> HOX(22) 80.048 NAN NAN -5.096 0.239
7 CH4(2) + 2 X(1) <=> CH3X(21) + HX(19) 66.811 NAN NAN -1.368 0.434
8 CH4(2) + OX(20) + X(1) <=> CH3X(21) + HOX(22) 66.814 NAN NAN -0.234 0.443
9 C2H6(8) + 2 X(1) <=> 2 CH3X(21) 79.955 NAN NAN -9.309 -0.223
10 CH3(10) + X(1) <=> CH3X(21) 80.088 NAN NAN -0.568 0.440
11 CH3OH(14) + 2 X(1) <=> CH3X(21) + HOX(22) 80.069 NAN NAN -3.629 0.346
12 H2(6) + X(1) <=> H2X(49) 80.092 NAN NAN -0.107 0.458
13 C2H6(8) + X(1) <=> C2H6X(52) 80.090 NAN NAN -0.146 0.452
14 C2H4(47) + X(1) <=> C2H4X(205) 80.078 NAN NAN -2.444 0.391
15 C2H4(18) + X(1) <=> C2H4X(65) 66.816 NAN NAN -0.166 0.449
16 CH2X(27) + HX(19) <=> CH3X(21) + X(1) 80.089 NAN NAN -0.925 0.443
17 CH2X(27) + HOX(22) <=> CH3X(21) + OX(20) 66.811 NAN NAN -0.001 0.432
18 CHX(28) + HX(19) <=> CH2X(27) + X(1) 80.077 NAN NAN -3.017 0.383
19 CHX(28) + HOX(22) <=> CH2X(27) + OX(20) 66.788 NAN NAN -3.045 0.364
20 2 CH2X(27) <=> CH3X(21) + CHX(28) 66.797 NAN NAN -0.080 0.392
21 CHX(28) + X(1) <=> CX(26) + HX(19) 80.086 NAN NAN -1.840 0.430
22 CX(26) + H2(6) <=> CH2X(27) 65.723 NAN NAN -19.891 -2.831
23 CX(26) + HOX(22) <=> CHX(28) + OX(20) 80.078 NAN NAN -2.444 0.391
24 CH3X(21) + CX(26) <=> CH2X(27) + CHX(28) 80.090 NAN NAN -0.175 0.449
25 CH2X(27) + CX(26) <=> 2 CHX(28) -INF NAN NAN -222.040 -0.211
26 CO(7) + X(1) <=> OCX(25) 80.089 NAN NAN -0.193 0.446
27 CX(26) + OX(20) <=> OCX(25) + X(1) 80.066 NAN NAN -3.637 0.332
28 CO(7) + X(1) <=> COX(50) 80.090 NAN NAN -0.164 0.448
29 CH4(2) + HOX(22) + X(1) <=> CH3X(21) + H2OX(23) 66.774 NAN NAN -5.535 0.321
30 H2O(5) + X(1) <=> H2OX(23) 80.090 NAN NAN -0.425 0.450
31 CO2(4) + X(1) <=> CO2X(24) 66.652 -INF -INF -614195.582 -0.044
32 OCX(25) + OX(20) <=> CO2X(24) + X(1) 75.095 NAN NAN -2.819 0.379
33 CO2X(24) + HX(19) <=> HOX(22) + OCX(25) 79.933 NAN NAN -10.065 -0.337
34 H2OX(23) + OX(20) <=> 2 HOX(22) 80.013 NAN NAN -7.795 0.066
35 HOX(22) + HX(19) <=> H2OX(23) + X(1) 80.091 NAN NAN -0.140 0.457
Finished sensitivity simulation for a C/O ratio of 2.4
Finished translating for C/O ratio of 2.4
Starting sensitivity simulation for a C/O ratio of 2.2
0 CH4(2) + X(1) <=> CH4X(48) -0.310 NAN NAN -5.853 -0.310
1 O2(3) + 2 X(1) <=> 2 OX(20) -0.543 NAN NAN -6.998 -0.543
2 H2(6) + 2 X(1) <=> 2 HX(19) 20.000 NAN NAN -0.579 -0.000
3 H(12) + X(1) <=> HX(19) 0.009 NAN NAN 2.432 0.009
4 HX(19) + OX(20) <=> HOX(22) + X(1) 0.012 NAN NAN 0.773 0.012
5 H2O(5) + 2 X(1) <=> HOX(22) + HX(19) 0.013 NAN NAN 0.759 0.013
6 OH(17) + X(1) <=> HOX(22) -0.132 NAN NAN -3.467 -0.132
7 CH4(2) + 2 X(1) <=> CH3X(21) + HX(19) 20.008 NAN NAN 0.765 0.011
8 CH4(2) + OX(20) + X(1) <=> CH3X(21) + HOX(22) -0.063 NAN NAN 0.909 -0.063
9 C2H6(8) + 2 X(1) <=> 2 CH3X(21) 0.011 NAN NAN 0.769 0.011
10 CH3(10) + X(1) <=> CH3X(21) 0.004 NAN NAN 0.386 0.004
11 CH3OH(14) + 2 X(1) <=> CH3X(21) + HOX(22) -0.123 NAN NAN -3.327 -0.123
12 H2(6) + X(1) <=> H2X(49) 0.010 NAN NAN 0.744 0.010
13 C2H6(8) + X(1) <=> C2H6X(52) 0.011 NAN NAN 0.773 0.011
14 C2H4(47) + X(1) <=> C2H4X(205) 0.010 NAN NAN 0.749 0.010
15 C2H4(18) + X(1) <=> C2H4X(65) 19.694 NAN NAN -39885.025 -0.383
16 CH2X(27) + HX(19) <=> CH3X(21) + X(1) 0.010 NAN NAN 0.051 0.010
17 CH2X(27) + HOX(22) <=> CH3X(21) + OX(20) -0.063 NAN NAN -2.163 -0.063
18 CHX(28) + HX(19) <=> CH2X(27) + X(1) 20.010 NAN NAN 0.498 0.012
19 CHX(28) + HOX(22) <=> CH2X(27) + OX(20) -0.331 NAN NAN -6.107 -0.331
20 2 CH2X(27) <=> CH3X(21) + CHX(28) -0.709 NAN NAN -9.437 -0.709
21 CHX(28) + X(1) <=> CX(26) + HX(19) 0.011 NAN NAN 0.777 0.011
22 CX(26) + H2(6) <=> CH2X(27) 0.010 NAN NAN 0.756 0.010
23 CX(26) + HOX(22) <=> CHX(28) + OX(20) 0.010 NAN NAN 0.749 0.010
24 CH3X(21) + CX(26) <=> CH2X(27) + CHX(28) -0.626 NAN NAN -161.928 -0.626
25 CH2X(27) + CX(26) <=> 2 CHX(28) 19.762 NAN NAN 0.896 -0.297
26 CO(7) + X(1) <=> OCX(25) -22.538 NAN NAN -7797.661 -22.538
27 CX(26) + OX(20) <=> OCX(25) + X(1) -0.640 NAN NAN -8.816 -0.640
28 CO(7) + X(1) <=> COX(50) 0.006 NAN NAN 0.894 0.006
29 CH4(2) + HOX(22) + X(1) <=> CH3X(21) + H2OX(23) -0.428 NAN NAN -7.087 -0.428
30 H2O(5) + X(1) <=> H2OX(23) -0.295 NAN NAN 0.909 -0.295
31 CO2(4) + X(1) <=> CO2X(24) -0.290 NAN NAN -5.636 -0.290
32 OCX(25) + OX(20) <=> CO2X(24) + X(1) -0.246 NAN NAN -5.113 -0.246
33 CO2X(24) + HX(19) <=> HOX(22) + OCX(25) -0.024 NAN NAN -1.328 -0.024
34 H2OX(23) + OX(20) <=> 2 HOX(22) 19.398 NAN NAN -11.201 -0.753
35 HOX(22) + HX(19) <=> H2OX(23) + X(1) 0.001 NAN NAN -0.185 0.001
Finished sensitivity simulation for a C/O ratio of 2.2
Finished translating for C/O ratio of 2.2
Starting sensitivity simulation for a C/O ratio of 2.0
0 CH4(2) + X(1) <=> CH4X(48) -33.347 -166.694 -255.629 -0.062 -0.010
1 O2(3) + 2 X(1) <=> 2 OX(20) -33.398 -166.796 -255.899 -1.234 -0.048
2 H2(6) + 2 X(1) <=> 2 HX(19) -33.332 -166.665 -255.551 0.026 0.001
3 H(12) + X(1) <=> HX(19) -300.647 100.000 100.000 0.136 -0.162
4 HX(19) + OX(20) <=> HOX(22) + X(1) -33.344 -166.688 -255.612 -0.156 -0.008
5 H2O(5) + 2 X(1) <=> HOX(22) + HX(19) -33.481 -166.963 -256.345 -4.019 -0.111
6 OH(17) + X(1) <=> HOX(22) -33.478 -166.956 -256.328 -3.855 -0.109
7 CH4(2) + 2 X(1) <=> CH3X(21) + HX(19) -33.346 -166.692 -255.622 -0.082 -0.009
8 CH4(2) + OX(20) + X(1) <=> CH3X(21) + HOX(22) -33.337 -166.674 -255.575 -0.025 -0.003
9 C2H6(8) + 2 X(1) <=> 2 CH3X(21) 18.719 -62.563 -32.133 0.125 -1.602
10 CH3(10) + X(1) <=> CH3X(21) -33.367 -166.735 -255.737 -0.294 -0.025
11 CH3OH(14) + 2 X(1) <=> CH3X(21) + HOX(22) -33.374 -166.749 -255.774 -1.537 -0.031
12 H2(6) + X(1) <=> H2X(49) -33.339 -166.678 -255.585 0.125 -0.004
13 C2H6(8) + X(1) <=> C2H6X(52) -33.337 -166.675 -255.577 -0.013 -0.003
14 C2H4(47) + X(1) <=> C2H4X(205) -33.403 -166.807 -255.929 -2.585 -0.053
15 C2H4(18) + X(1) <=> C2H4X(65) -33.498 -166.997 -256.436 -4.268 -0.124
16 CH2X(27) + HX(19) <=> CH3X(21) + X(1) -33.759 -167.517 -257.827 -7.386 -0.319
17 CH2X(27) + HOX(22) <=> CH3X(21) + OX(20) -33.345 -166.690 -255.619 -0.060 -0.009
18 CHX(28) + HX(19) <=> CH2X(27) + X(1) 11.823 -76.354 -55.503 -40.866 -10.221
19 CHX(28) + HOX(22) <=> CH2X(27) + OX(20) -301.078 100.000 100.000 -6.671 -0.269
20 2 CH2X(27) <=> CH3X(21) + CHX(28) -300.262 100.000 100.000 -3.002 -0.065
21 CHX(28) + X(1) <=> CX(26) + HX(19) -33.437 -166.874 -256.108 0.039 -0.078
22 CX(26) + H2(6) <=> CH2X(27) -33.517 -167.033 -256.534 -4.434 -0.138
23 CX(26) + HOX(22) <=> CHX(28) + OX(20) -33.403 -166.807 -255.929 -2.585 -0.053
24 CH3X(21) + CX(26) <=> CH2X(27) + CHX(28) -33.954 -167.908 -258.873 -8.638 -0.465
25 CH2X(27) + CX(26) <=> 2 CHX(28) -100.299 -901.497 -1905.993 -4.891 -0.150
26 CO(7) + X(1) <=> OCX(25) -33.408 -166.816 -255.953 -2.499 -0.056
27 CX(26) + OX(20) <=> OCX(25) + X(1) -33.393 -166.786 -255.875 -2.325 -0.045
28 CO(7) + X(1) <=> COX(50) -33.348 -166.696 -255.633 -0.073 -0.011
29 CH4(2) + HOX(22) + X(1) <=> CH3X(21) + H2OX(23) -33.336 -166.672 -255.570 -0.002 -0.002
30 H2O(5) + X(1) <=> H2OX(23) -33.356 -166.713 -255.678 -577.781 -0.017
31 CO2(4) + X(1) <=> CO2X(24) -33.830 -167.661 -258.212 -1493.070 -0.373
32 OCX(25) + OX(20) <=> CO2X(24) + X(1) -34.219 -168.439 -260.296 -73.536 -0.664
33 CO2X(24) + HX(19) <=> HOX(22) + OCX(25) -33.451 -166.903 -256.186 0.109 -0.089
34 H2OX(23) + OX(20) <=> 2 HOX(22) 19.448 -61.105 -29.774 -12.037 -0.691
35 HOX(22) + HX(19) <=> H2OX(23) + X(1) -33.369 -166.738 -255.746 0.104 -0.027
Finished sensitivity simulation for a C/O ratio of 2.0
Finished translating for C/O ratio of 2.0
Starting sensitivity simulation for a C/O ratio of 1.2
0 CH4(2) + X(1) <=> CH4X(48) NAN NAN NAN -0.016 -0.002
1 O2(3) + 2 X(1) <=> 2 OX(20) NAN NAN NAN -11.589 -0.018
2 H2(6) + 2 X(1) <=> 2 HX(19) NAN NAN NAN -0.026 -0.003
3 H(12) + X(1) <=> HX(19) NAN NAN NAN -2.448 -1.170
4 HX(19) + OX(20) <=> HOX(22) + X(1) NAN NAN NAN -90.750 -0.066
5 H2O(5) + 2 X(1) <=> HOX(22) + HX(19) NAN NAN NAN -0.014 -0.003
6 OH(17) + X(1) <=> HOX(22) NAN NAN NAN -549.790 -0.009
7 CH4(2) + 2 X(1) <=> CH3X(21) + HX(19) NAN NAN NAN 0.021 0.003
8 CH4(2) + OX(20) + X(1) <=> CH3X(21) + HOX(22) NAN NAN NAN -0.014 -0.002
9 C2H6(8) + 2 X(1) <=> 2 CH3X(21) NAN NAN NAN 0.015 -0.003
10 CH3(10) + X(1) <=> CH3X(21) NAN NAN NAN -0.276 -0.022
11 CH3OH(14) + 2 X(1) <=> CH3X(21) + HOX(22) NAN NAN NAN 0.114 -0.017
12 H2(6) + X(1) <=> H2X(49) NAN NAN NAN -239298942.183 -4.574
13 C2H6(8) + X(1) <=> C2H6X(52) NAN NAN NAN -0.055 -0.002
14 C2H4(47) + X(1) <=> C2H4X(205) NAN NAN NAN -0.021 -0.003
15 C2H4(18) + X(1) <=> C2H4X(65) NAN NAN NAN -0.021 -0.003
16 CH2X(27) + HX(19) <=> CH3X(21) + X(1) NAN NAN NAN -4673.890 -0.374
17 CH2X(27) + HOX(22) <=> CH3X(21) + OX(20) NAN NAN NAN 0.209 -0.255
18 CHX(28) + HX(19) <=> CH2X(27) + X(1) NAN NAN NAN -455.381 -0.148
19 CHX(28) + HOX(22) <=> CH2X(27) + OX(20) NAN NAN NAN 0.121 -0.200
20 2 CH2X(27) <=> CH3X(21) + CHX(28) NAN NAN NAN -3470491.050 -0.495
21 CHX(28) + X(1) <=> CX(26) + HX(19) NAN NAN NAN -0.054 -0.002
22 CX(26) + H2(6) <=> CH2X(27) NAN NAN NAN -7.564 -0.149
23 CX(26) + HOX(22) <=> CHX(28) + OX(20) NAN NAN NAN -0.021 -0.003
24 CH3X(21) + CX(26) <=> CH2X(27) + CHX(28) NAN NAN NAN -4.175 -0.055
25 CH2X(27) + CX(26) <=> 2 CHX(28) NAN NAN NAN -4.398 -0.058
26 CO(7) + X(1) <=> OCX(25) NAN NAN NAN -0.030 -0.001
27 CX(26) + OX(20) <=> OCX(25) + X(1) NAN NAN NAN -0.013 -0.001
28 CO(7) + X(1) <=> COX(50) NAN NAN NAN -55216.815 -0.038
29 CH4(2) + HOX(22) + X(1) <=> CH3X(21) + H2OX(23) NAN NAN NAN 0.112 -0.005
30 H2O(5) + X(1) <=> H2OX(23) NAN NAN NAN 0.110 -0.012
31 CO2(4) + X(1) <=> CO2X(24) NAN NAN NAN -13.265 -0.386
32 OCX(25) + OX(20) <=> CO2X(24) + X(1) NAN NAN NAN -147.868 -0.020
33 CO2X(24) + HX(19) <=> HOX(22) + OCX(25) NAN NAN NAN -2.288 -0.021
34 H2OX(23) + OX(20) <=> 2 HOX(22) NAN NAN NAN -0.790 0.003
35 HOX(22) + HX(19) <=> H2OX(23) + X(1) NAN NAN NAN -0.005 -0.001
Finished sensitivity simulation for a C/O ratio of 1.2
Finished translating for C/O ratio of 1.2
Starting sensitivity simulation for a C/O ratio of 0.7
0 CH4(2) + X(1) <=> CH4X(48) NAN NAN NAN -1524948.351 -0.533
1 O2(3) + 2 X(1) <=> 2 OX(20) NAN NAN NAN 0.831 0.326
2 H2(6) + 2 X(1) <=> 2 HX(19) NAN NAN NAN -15503.822 0.305
3 H(12) + X(1) <=> HX(19) NAN NAN NAN -949.718 0.252
4 HX(19) + OX(20) <=> HOX(22) + X(1) NAN NAN NAN -35491.418 -0.022
5 H2O(5) + 2 X(1) <=> HOX(22) + HX(19) NAN NAN NAN -0.273 0.328
6 OH(17) + X(1) <=> HOX(22) NAN NAN NAN -0.161 -0.135
7 CH4(2) + 2 X(1) <=> CH3X(21) + HX(19) NAN NAN NAN -0.254 0.325
8 CH4(2) + OX(20) + X(1) <=> CH3X(21) + HOX(22) NAN NAN NAN -0.134 -0.114
9 C2H6(8) + 2 X(1) <=> 2 CH3X(21) NAN NAN NAN -0.215 0.333
10 CH3(10) + X(1) <=> CH3X(21) NAN NAN NAN 34.334 0.322
11 CH3OH(14) + 2 X(1) <=> CH3X(21) + HOX(22) NAN NAN NAN -0.106 0.233
12 H2(6) + X(1) <=> H2X(49) NAN NAN NAN -343.137 0.290
13 C2H6(8) + X(1) <=> C2H6X(52) NAN NAN NAN -0.235 0.329
14 C2H4(47) + X(1) <=> C2H4X(205) NAN NAN NAN -0.142 0.323
15 C2H4(18) + X(1) <=> C2H4X(65) NAN NAN NAN -0.142 0.323
16 CH2X(27) + HX(19) <=> CH3X(21) + X(1) NAN NAN NAN -1.117 0.320
17 CH2X(27) + HOX(22) <=> CH3X(21) + OX(20) NAN NAN NAN -0.142 0.313
18 CHX(28) + HX(19) <=> CH2X(27) + X(1) NAN NAN NAN -0.530 0.318
19 CHX(28) + HOX(22) <=> CH2X(27) + OX(20) NAN NAN NAN -0.121 0.273
20 2 CH2X(27) <=> CH3X(21) + CHX(28) NAN NAN NAN -3.057 0.318
21 CHX(28) + X(1) <=> CX(26) + HX(19) NAN NAN NAN -0.171 0.266
22 CX(26) + H2(6) <=> CH2X(27) NAN NAN NAN -0.294 0.321
23 CX(26) + HOX(22) <=> CHX(28) + OX(20) NAN NAN NAN -0.142 0.323
24 CH3X(21) + CX(26) <=> CH2X(27) + CHX(28) NAN NAN NAN -0.127 0.316
25 CH2X(27) + CX(26) <=> 2 CHX(28) NAN NAN NAN -0.349 0.317
26 CO(7) + X(1) <=> OCX(25) NAN NAN NAN -0.470 0.325
27 CX(26) + OX(20) <=> OCX(25) + X(1) NAN NAN NAN -0.263 0.325
28 CO(7) + X(1) <=> COX(50) NAN NAN NAN -358.086 0.303
29 CH4(2) + HOX(22) + X(1) <=> CH3X(21) + H2OX(23) NAN NAN NAN -0.109 -0.194
30 H2O(5) + X(1) <=> H2OX(23) NAN NAN NAN -0.295 0.325
31 CO2(4) + X(1) <=> CO2X(24) NAN NAN NAN -0.136 0.145
32 OCX(25) + OX(20) <=> CO2X(24) + X(1) NAN NAN NAN -1.947 0.288
33 CO2X(24) + HX(19) <=> HOX(22) + OCX(25) NAN NAN NAN -6541.182 -0.190
34 H2OX(23) + OX(20) <=> 2 HOX(22) NAN NAN NAN -0.943 0.311
35 HOX(22) + HX(19) <=> H2OX(23) + X(1) NAN NAN NAN -22286268.093 -0.528
Finished sensitivity simulation for a C/O ratio of 0.7
Finished translating for C/O ratio of 0.7
Starting sensitivity simulation for a C/O ratio of 0.9
0 CH4(2) + X(1) <=> CH4X(48) 200.496 200.496 -0.994 0.071 -0.496
1 O2(3) + 2 X(1) <=> 2 OX(20) -INF -INF -INF 1.114 -0.001
2 H2(6) + 2 X(1) <=> 2 HX(19) 200.006 200.006 -0.013 -0.115 -0.006
3 H(12) + X(1) <=> HX(19) -INF -INF -INF -96.484 -0.062
4 HX(19) + OX(20) <=> HOX(22) + X(1) -INF -INF -INF -0.111 -0.004
5 H2O(5) + 2 X(1) <=> HOX(22) + HX(19) -INF -INF -INF 0.089 -2.532
6 OH(17) + X(1) <=> HOX(22) 200.050 200.050 -0.101 -7.764 -0.050
7 CH4(2) + 2 X(1) <=> CH3X(21) + HX(19) -INF -INF -INF -3.531 -0.003
8 CH4(2) + OX(20) + X(1) <=> CH3X(21) + HOX(22) -INF -INF -INF -0.061 -0.004
9 C2H6(8) + 2 X(1) <=> 2 CH3X(21) 48.601 48.601 73.582 0.068 -2.798
10 CH3(10) + X(1) <=> CH3X(21) -INF -INF -INF -563988.836 -0.004
11 CH3OH(14) + 2 X(1) <=> CH3X(21) + HOX(22) -INF -INF -INF -0.094 -0.002
12 H2(6) + X(1) <=> H2X(49) 200.050 200.050 -0.100 0.081 -0.050
13 C2H6(8) + X(1) <=> C2H6X(52) 200.002 200.002 -0.005 -0.056 -0.002
14 C2H4(47) + X(1) <=> C2H4X(205) 200.202 200.202 -0.405 -737298.315 -0.202
15 C2H4(18) + X(1) <=> C2H4X(65) 200.202 200.202 -0.405 -737298.315 -0.202
16 CH2X(27) + HX(19) <=> CH3X(21) + X(1) 200.031 200.031 -0.061 -0.728 -0.031
17 CH2X(27) + HOX(22) <=> CH3X(21) + OX(20) -INF -INF -INF 0.071 -0.011
18 CHX(28) + HX(19) <=> CH2X(27) + X(1) 200.041 200.041 -0.082 -0.133 -0.041
19 CHX(28) + HOX(22) <=> CH2X(27) + OX(20) -5.355 -5.355 -10.997 -795.847 -5.355
20 2 CH2X(27) <=> CH3X(21) + CHX(28) -INF -INF -INF 0.082 -0.023
21 CHX(28) + X(1) <=> CX(26) + HX(19) -2.571 -207.714 -215.627 0.065 -2.571
22 CX(26) + H2(6) <=> CH2X(27) -INF -INF -INF -20.941 -0.047
23 CX(26) + HOX(22) <=> CHX(28) + OX(20) 200.202 200.202 -0.405 -737298.315 -0.202
24 CH3X(21) + CX(26) <=> CH2X(27) + CHX(28) 200.015 200.015 -0.030 -2.262 -0.015
25 CH2X(27) + CX(26) <=> 2 CHX(28) -INF -INF -INF -0.026 -0.000
26 CO(7) + X(1) <=> OCX(25) -INF -INF -INF -10.834 -0.176
27 CX(26) + OX(20) <=> OCX(25) + X(1) 200.017 200.017 -0.033 0.049 -0.017
28 CO(7) + X(1) <=> COX(50) 72.215 100.000 100.000 0.067 -11.140
29 CH4(2) + HOX(22) + X(1) <=> CH3X(21) + H2OX(23) 200.058 200.058 -0.117 -217.053 -0.058
30 H2O(5) + X(1) <=> H2OX(23) -INF -INF -INF -0.079 -0.004
31 CO2(4) + X(1) <=> CO2X(24) -INF -INF -INF 0.097 -0.007
32 OCX(25) + OX(20) <=> CO2X(24) + X(1) -INF -INF -INF -45.122 -0.000
33 CO2X(24) + HX(19) <=> HOX(22) + OCX(25) 200.889 200.889 -1.785 0.083 -0.889
34 H2OX(23) + OX(20) <=> 2 HOX(22) -INF -INF -INF -169405.890 -0.247
35 HOX(22) + HX(19) <=> H2OX(23) + X(1) 200.005 200.005 -0.010 -0.067 -0.005
Finished sensitivity simulation for a C/O ratio of 0.9
Finished translating for C/O ratio of 0.9
Starting sensitivity simulation for a C/O ratio of 0.8
0 CH4(2) + X(1) <=> CH4X(48) -0.036 NAN NAN 99.909 -0.036
1 O2(3) + 2 X(1) <=> 2 OX(20) -0.231 NAN NAN 99.942 -0.231
2 H2(6) + 2 X(1) <=> 2 HX(19) -0.083 NAN NAN -1.142 -0.083
3 H(12) + X(1) <=> HX(19) 199.968 NAN NAN 99.942 0.032
4 HX(19) + OX(20) <=> HOX(22) + X(1) -0.034 NAN NAN 99.942 -0.034
5 H2O(5) + 2 X(1) <=> HOX(22) + HX(19) -0.342 NAN NAN 99.942 -0.342
6 OH(17) + X(1) <=> HOX(22) -INF NAN NAN 99.942 0.033
7 CH4(2) + 2 X(1) <=> CH3X(21) + HX(19) -0.064 NAN NAN 97.721 -0.064
8 CH4(2) + OX(20) + X(1) <=> CH3X(21) + HOX(22) -INF NAN NAN 99.942 0.034
9 C2H6(8) + 2 X(1) <=> 2 CH3X(21) 199.969 NAN NAN 99.942 0.031
10 CH3(10) + X(1) <=> CH3X(21) 0.038 NAN NAN 99.941 0.038
11 CH3OH(14) + 2 X(1) <=> CH3X(21) + HOX(22) -INF NAN NAN 99.942 -0.143
12 H2(6) + X(1) <=> H2X(49) -1.135 NAN NAN -10923.107 -1.135
13 C2H6(8) + X(1) <=> C2H6X(52) -1.011 NAN NAN -16.112 -1.011
14 C2H4(47) + X(1) <=> C2H4X(205) -0.020 NAN NAN -1491.020 -0.020
15 C2H4(18) + X(1) <=> C2H4X(65) -0.020 NAN NAN -1491.020 -0.020
16 CH2X(27) + HX(19) <=> CH3X(21) + X(1) -0.298 NAN NAN -351.667 -0.298
17 CH2X(27) + HOX(22) <=> CH3X(21) + OX(20) 0.004 NAN NAN 99.942 0.004
18 CHX(28) + HX(19) <=> CH2X(27) + X(1) -1.078 NAN NAN 98.483 -1.078
19 CHX(28) + HOX(22) <=> CH2X(27) + OX(20) -1.912 NAN NAN 99.942 -1.912
20 2 CH2X(27) <=> CH3X(21) + CHX(28) -0.567 NAN NAN 99.942 -0.567
21 CHX(28) + X(1) <=> CX(26) + HX(19) -0.211 NAN NAN 99.942 -0.211
22 CX(26) + H2(6) <=> CH2X(27) -0.245 NAN NAN -13.503 -0.245
23 CX(26) + HOX(22) <=> CHX(28) + OX(20) -0.020 NAN NAN -1491.020 -0.020
24 CH3X(21) + CX(26) <=> CH2X(27) + CHX(28) 0.035 NAN NAN 99.942 0.035
25 CH2X(27) + CX(26) <=> 2 CHX(28) 0.011 NAN NAN 99.937 0.011
26 CO(7) + X(1) <=> OCX(25) 0.035 NAN NAN 99.942 0.035
27 CX(26) + OX(20) <=> OCX(25) + X(1) 199.972 NAN NAN 99.942 0.028
28 CO(7) + X(1) <=> COX(50) -0.475 NAN NAN 99.942 -0.475
29 CH4(2) + HOX(22) + X(1) <=> CH3X(21) + H2OX(23) 199.973 NAN NAN 99.942 0.027
30 H2O(5) + X(1) <=> H2OX(23) 0.020 NAN NAN 99.941 0.020
31 CO2(4) + X(1) <=> CO2X(24) 199.976 NAN NAN 99.942 0.024
32 OCX(25) + OX(20) <=> CO2X(24) + X(1) 0.020 NAN NAN 99.901 0.020
33 CO2X(24) + HX(19) <=> HOX(22) + OCX(25) 0.019 NAN NAN 99.942 0.019
34 H2OX(23) + OX(20) <=> 2 HOX(22) 0.009 NAN NAN 99.941 0.009
35 HOX(22) + HX(19) <=> H2OX(23) + X(1) -INF NAN NAN 99.942 0.026
Finished sensitivity simulation for a C/O ratio of 0.8
Finished translating for C/O ratio of 0.8
Starting sensitivity simulation for a C/O ratio of 1.4
0 CH4(2) + X(1) <=> CH4X(48) 399.302 INF -INF -1.527 0.233
1 O2(3) + 2 X(1) <=> 2 OX(20) 399.276 INF -INF 1.079 0.241
2 H2(6) + 2 X(1) <=> 2 HX(19) 249.683 INF -INF -0.715 0.211
3 H(12) + X(1) <=> HX(19) -INF -INF -INF -10.169 -0.063
4 HX(19) + OX(20) <=> HOX(22) + X(1) 249.697 INF -INF 0.057 0.202
5 H2O(5) + 2 X(1) <=> HOX(22) + HX(19) 249.775 INF -INF 0.032 0.150
6 OH(17) + X(1) <=> HOX(22) 399.286 INF -INF -0.124 0.238
7 CH4(2) + 2 X(1) <=> CH3X(21) + HX(19) 399.421 INF -INF -3.652 0.193
8 CH4(2) + OX(20) + X(1) <=> CH3X(21) + HOX(22) -INF -INF -INF -0.075 0.243
9 C2H6(8) + 2 X(1) <=> 2 CH3X(21) 249.658 INF -INF 0.041 0.228
10 CH3(10) + X(1) <=> CH3X(21) -201.033 -INF -INF -0.361 -0.344
11 CH3OH(14) + 2 X(1) <=> CH3X(21) + HOX(22) -INF -INF -INF -21.693 0.192
12 H2(6) + X(1) <=> H2X(49) 399.276 INF -INF -0.094 0.241
13 C2H6(8) + X(1) <=> C2H6X(52) 399.285 INF -INF -0.120 0.238
14 C2H4(47) + X(1) <=> C2H4X(205) 249.705 INF -INF 0.048 0.197
15 C2H4(18) + X(1) <=> C2H4X(65) 249.705 INF -INF 0.048 0.197
16 CH2X(27) + HX(19) <=> CH3X(21) + X(1) 399.280 INF -INF -0.854 0.240
17 CH2X(27) + HOX(22) <=> CH3X(21) + OX(20) 399.271 INF -INF -0.090 0.243
18 CHX(28) + HX(19) <=> CH2X(27) + X(1) 399.281 INF -INF -0.297 0.240
19 CHX(28) + HOX(22) <=> CH2X(27) + OX(20) 249.922 INF -INF -7.734 0.052
20 2 CH2X(27) <=> CH3X(21) + CHX(28) 400.284 INF -INF -10.590 -0.095
21 CHX(28) + X(1) <=> CX(26) + HX(19) 249.641 INF -INF 0.029 0.239
22 CX(26) + H2(6) <=> CH2X(27) 249.647 INF -INF 0.044 0.235
23 CX(26) + HOX(22) <=> CHX(28) + OX(20) 249.705 INF -INF 0.048 0.197
24 CH3X(21) + CX(26) <=> CH2X(27) + CHX(28) -INF -INF -INF -1147.787 0.185
25 CH2X(27) + CX(26) <=> 2 CHX(28) 249.666 INF -INF 0.062 0.223
26 CO(7) + X(1) <=> OCX(25) 399.346 INF -INF -2.147 0.218
27 CX(26) + OX(20) <=> OCX(25) + X(1) 249.778 INF -INF -5.155 0.148
28 CO(7) + X(1) <=> COX(50) 249.620 INF -INF -291162.385 0.253
29 CH4(2) + HOX(22) + X(1) <=> CH3X(21) + H2OX(23) 20.031 NAN NAN 0.027 -6.625
30 H2O(5) + X(1) <=> H2OX(23) 399.334 INF -INF 0.029 0.222
31 CO2(4) + X(1) <=> CO2X(24) 249.642 INF -INF -0.111 0.238
32 OCX(25) + OX(20) <=> CO2X(24) + X(1) 249.642 INF -INF -0.132 0.239
33 CO2X(24) + HX(19) <=> HOX(22) + OCX(25) 399.287 INF -INF -0.116 0.238
34 H2OX(23) + OX(20) <=> 2 HOX(22) -INF -INF -INF -0.870 0.243
35 HOX(22) + HX(19) <=> H2OX(23) + X(1) 408.281 INF -INF -73859.638 -2.760
Finished sensitivity simulation for a C/O ratio of 1.4
Finished translating for C/O ratio of 1.4
Starting sensitivity simulation for a C/O ratio of 2.6
0 CH4(2) + X(1) <=> CH4X(48) 16.689 100.000 100.000 1.232 0.027
1 O2(3) + 2 X(1) <=> 2 OX(20) 16.694 100.000 100.000 2.392 0.032
2 H2(6) + 2 X(1) <=> 2 HX(19) 16.524 100.000 100.000 -3.007 -0.171
3 H(12) + X(1) <=> HX(19) 16.647 100.000 100.000 -0.540 -0.023
4 HX(19) + OX(20) <=> HOX(22) + X(1) 16.159 100.000 100.000 -6.847 -0.609
5 H2O(5) + 2 X(1) <=> HOX(22) + HX(19) 16.670 100.000 100.000 1.359 0.004
6 OH(17) + X(1) <=> HOX(22) -1.981 100.000 100.000 -13.053 -1.981
7 CH4(2) + 2 X(1) <=> CH3X(21) + HX(19) 16.677 100.000 100.000 -0.657 0.013
8 CH4(2) + OX(20) + X(1) <=> CH3X(21) + HOX(22) 76.642 100.000 100.000 -14.813 -2.776
9 C2H6(8) + 2 X(1) <=> 2 CH3X(21) 16.671 100.000 100.000 0.099 0.006
10 CH3(10) + X(1) <=> CH3X(21) -26.677 -2306.854 -2948.919 -10.829 -1.341
11 CH3OH(14) + 2 X(1) <=> CH3X(21) + HOX(22) 16.652 100.000 100.000 -2.954 -0.018
12 H2(6) + X(1) <=> H2X(49) 16.527 100.000 100.000 -285.040 -0.168
13 C2H6(8) + X(1) <=> C2H6X(52) 15.441 100.000 100.000 -10.084 -1.470
14 C2H4(47) + X(1) <=> C2H4X(205) 16.305 100.000 100.000 -5.603 -0.434
15 C2H4(18) + X(1) <=> C2H4X(65) 36.313 100.000 100.000 -1029.608 -1.900
16 CH2X(27) + HX(19) <=> CH3X(21) + X(1) 16.602 100.000 100.000 -6.524 -0.078
17 CH2X(27) + HOX(22) <=> CH3X(21) + OX(20) 16.682 100.000 100.000 1.179 0.019
18 CHX(28) + HX(19) <=> CH2X(27) + X(1) 16.684 100.000 100.000 0.919 0.021
19 CHX(28) + HOX(22) <=> CH2X(27) + OX(20) 16.554 100.000 100.000 -2.605 -0.135
20 2 CH2X(27) <=> CH3X(21) + CHX(28) 16.584 100.000 100.000 -2.110 -0.100
21 CHX(28) + X(1) <=> CX(26) + HX(19) 16.691 100.000 100.000 1.250 0.029
22 CX(26) + H2(6) <=> CH2X(27) -417.499 -417.499 -2578.052 -17.344 -3.500
23 CX(26) + HOX(22) <=> CHX(28) + OX(20) 16.305 100.000 100.000 -5.603 -0.434
24 CH3X(21) + CX(26) <=> CH2X(27) + CHX(28) 16.622 100.000 100.000 -1.262 -0.053
25 CH2X(27) + CX(26) <=> 2 CHX(28) 16.522 100.000 100.000 -3.071 -0.174
26 CO(7) + X(1) <=> OCX(25) 16.618 100.000 100.000 -1.439 -0.058
27 CX(26) + OX(20) <=> OCX(25) + X(1) 16.686 100.000 100.000 1.199 0.023
28 CO(7) + X(1) <=> COX(50) 16.536 100.000 100.000 -2.933 -0.156
29 CH4(2) + HOX(22) + X(1) <=> CH3X(21) + H2OX(23) 16.574 100.000 100.000 -2.275 -0.111
30 H2O(5) + X(1) <=> H2OX(23) 16.587 100.000 100.000 -2.022 -0.096
31 CO2(4) + X(1) <=> CO2X(24) 16.616 100.000 100.000 -1.416 -0.060
32 OCX(25) + OX(20) <=> CO2X(24) + X(1) 16.686 100.000 100.000 1.195 0.023
33 CO2X(24) + HX(19) <=> HOX(22) + OCX(25) 14.897 100.000 100.000 -13.493 -2.124
34 H2OX(23) + OX(20) <=> 2 HOX(22) 16.686 100.000 100.000 0.467 0.023
35 HOX(22) + HX(19) <=> H2OX(23) + X(1) 15.211 100.000 100.000 -3.945 -1.746
Finished sensitivity simulation for a C/O ratio of 2.6
Finished translating for C/O ratio of 2.6
Starting sensitivity simulation for a C/O ratio of 1.0
0 CH4(2) + X(1) <=> CH4X(48) NAN NAN NAN -1050.982 14.714
1 O2(3) + 2 X(1) <=> 2 OX(20) NAN NAN NAN -140771.995 15.338
2 H2(6) + 2 X(1) <=> 2 HX(19) NAN NAN NAN -4680355.767 14.421
3 H(12) + X(1) <=> HX(19) NAN NAN NAN -3024.190 15.355
4 HX(19) + OX(20) <=> HOX(22) + X(1) NAN NAN NAN -3.120 15.323
5 H2O(5) + 2 X(1) <=> HOX(22) + HX(19) NAN NAN NAN -0.027 14.056
6 OH(17) + X(1) <=> HOX(22) NAN NAN NAN -0.126 15.373
7 CH4(2) + 2 X(1) <=> CH3X(21) + HX(19) NAN NAN NAN 0.202 15.357
8 CH4(2) + OX(20) + X(1) <=> CH3X(21) + HOX(22) NAN NAN NAN -0.003 15.365
9 C2H6(8) + 2 X(1) <=> 2 CH3X(21) NAN NAN NAN -18.536 15.164
10 CH3(10) + X(1) <=> CH3X(21) NAN NAN NAN -3265.420 15.331
11 CH3OH(14) + 2 X(1) <=> CH3X(21) + HOX(22) NAN NAN NAN 0.031 15.001
12 H2(6) + X(1) <=> H2X(49) NAN NAN NAN -49917.958 15.176
13 C2H6(8) + X(1) <=> C2H6X(52) NAN NAN NAN -0.445 15.368
14 C2H4(47) + X(1) <=> C2H4X(205) NAN NAN NAN -4.591 15.290
15 C2H4(18) + X(1) <=> C2H4X(65) NAN NAN NAN -4.591 15.290
16 CH2X(27) + HX(19) <=> CH3X(21) + X(1) NAN NAN NAN -8.437 15.363
17 CH2X(27) + HOX(22) <=> CH3X(21) + OX(20) NAN NAN NAN -0.146 15.293
18 CHX(28) + HX(19) <=> CH2X(27) + X(1) NAN NAN NAN -0.196 15.341
19 CHX(28) + HOX(22) <=> CH2X(27) + OX(20) NAN NAN NAN -0.001 14.579
20 2 CH2X(27) <=> CH3X(21) + CHX(28) NAN NAN NAN -0.018 15.371
21 CHX(28) + X(1) <=> CX(26) + HX(19) NAN NAN NAN -0.031 15.317
22 CX(26) + H2(6) <=> CH2X(27) NAN NAN NAN -0.000 15.098
23 CX(26) + HOX(22) <=> CHX(28) + OX(20) NAN NAN NAN -4.591 15.290
24 CH3X(21) + CX(26) <=> CH2X(27) + CHX(28) NAN NAN NAN -0.167 15.366
25 CH2X(27) + CX(26) <=> 2 CHX(28) NAN NAN NAN 0.073 15.216
26 CO(7) + X(1) <=> OCX(25) NAN NAN NAN -6319.192 13.469
27 CX(26) + OX(20) <=> OCX(25) + X(1) NAN NAN NAN -21766497.121 14.449
28 CO(7) + X(1) <=> COX(50) NAN NAN NAN -0.091 15.372
29 CH4(2) + HOX(22) + X(1) <=> CH3X(21) + H2OX(23) NAN NAN NAN 0.028 14.194
30 H2O(5) + X(1) <=> H2OX(23) NAN NAN NAN -36.764 13.686
31 CO2(4) + X(1) <=> CO2X(24) NAN NAN NAN -12906.682 15.171
32 OCX(25) + OX(20) <=> CO2X(24) + X(1) NAN NAN NAN -1.295 15.367
33 CO2X(24) + HX(19) <=> HOX(22) + OCX(25) NAN NAN NAN 0.019 15.232
34 H2OX(23) + OX(20) <=> 2 HOX(22) NAN NAN NAN -0.844 15.327
35 HOX(22) + HX(19) <=> H2OX(23) + X(1) NAN NAN NAN 0.021 15.305
Finished sensitivity simulation for a C/O ratio of 1.0
Finished translating for C/O ratio of 1.0
Starting sensitivity simulation for a C/O ratio of 1.8
0 CH4(2) + X(1) <=> CH4X(48) -201.567 -INF -INF -187.720 -0.522
1 O2(3) + 2 X(1) <=> 2 OX(20) -199.966 -INF -INF 2.018 0.011
2 H2(6) + 2 X(1) <=> 2 HX(19) -500.345 NAN NAN 1.084 -0.057
3 H(12) + X(1) <=> HX(19) -100.005 -INF -INF -70950.815 -0.003
4 HX(19) + OX(20) <=> HOX(22) + X(1) -199.969 -INF -INF 0.863 0.010
5 H2O(5) + 2 X(1) <=> HOX(22) + HX(19) -200.894 -INF -INF -6.367 -0.298
6 OH(17) + X(1) <=> HOX(22) -50.009 -INF -INF -29302.298 -0.006
7 CH4(2) + 2 X(1) <=> CH3X(21) + HX(19) -200.484 -INF -INF 1.090 -0.161
8 CH4(2) + OX(20) + X(1) <=> CH3X(21) + HOX(22) -50.266 -INF -INF -5.141 -0.177
9 C2H6(8) + 2 X(1) <=> 2 CH3X(21) -117.857 -INF -INF -24333471.167 -8.928
10 CH3(10) + X(1) <=> CH3X(21) -101.147 -INF -INF -10.438 -0.574
11 CH3OH(14) + 2 X(1) <=> CH3X(21) + HOX(22) -117.014 -INF -INF -39.471 -8.507
12 H2(6) + X(1) <=> H2X(49) -199.975 -INF -INF 0.844 0.008
13 C2H6(8) + X(1) <=> C2H6X(52) -105.841 -INF -INF -24.017 -2.921
14 C2H4(47) + X(1) <=> C2H4X(205) -50.474 -INF -INF -7.223 -0.316
15 C2H4(18) + X(1) <=> C2H4X(65) -500.279 NAN NAN 0.994 -0.046
16 CH2X(27) + HX(19) <=> CH3X(21) + X(1) -200.020 -INF -INF -1.252 -0.007
17 CH2X(27) + HOX(22) <=> CH3X(21) + OX(20) -199.989 -INF -INF 0.922 0.004
18 CHX(28) + HX(19) <=> CH2X(27) + X(1) -49.987 -INF -INF 0.587 0.009
19 CHX(28) + HOX(22) <=> CH2X(27) + OX(20) -200.033 -INF -INF -0.779 -0.011
20 2 CH2X(27) <=> CH3X(21) + CHX(28) -200.009 -INF -INF -0.276 -0.003
21 CHX(28) + X(1) <=> CX(26) + HX(19) -208.173 NAN NAN -21.909 -2.724
22 CX(26) + H2(6) <=> CH2X(27) 69.480 NAN NAN -36.340 -6.822
23 CX(26) + HOX(22) <=> CHX(28) + OX(20) -50.474 -INF -INF -7.223 -0.316
24 CH3X(21) + CX(26) <=> CH2X(27) + CHX(28) -100.060 -INF -INF -1.558 -0.030
25 CH2X(27) + CX(26) <=> 2 CHX(28) -199.976 -INF -INF 0.862 0.008
26 CO(7) + X(1) <=> OCX(25) -101.003 -INF -INF 0.978 -0.501
27 CX(26) + OX(20) <=> OCX(25) + X(1) -100.074 -INF -INF -1.752 -0.037
28 CO(7) + X(1) <=> COX(50) -200.146 -INF -INF -2.142 -0.049
29 CH4(2) + HOX(22) + X(1) <=> CH3X(21) + H2OX(23) -49.986 -INF -INF 0.861 0.009
30 H2O(5) + X(1) <=> H2OX(23) -49.994 -INF -INF 0.807 0.004
31 CO2(4) + X(1) <=> CO2X(24) -49.997 -INF -INF 0.244 0.002
32 OCX(25) + OX(20) <=> CO2X(24) + X(1) -50.042 -INF -INF -0.559 -0.028
33 CO2X(24) + HX(19) <=> HOX(22) + OCX(25) -200.228 -INF -INF -7.316 -0.076
34 H2OX(23) + OX(20) <=> 2 HOX(22) -100.031 -INF -INF -1.049 -0.015
35 HOX(22) + HX(19) <=> H2OX(23) + X(1) -50.299 -INF -INF -5.453 -0.199
Finished sensitivity simulation for a C/O ratio of 1.8
Finished translating for C/O ratio of 1.8
Starting sensitivity simulation for a C/O ratio of 1.6
0 CH4(2) + X(1) <=> CH4X(48) 33.321 100.000 100.000 91.616 -0.018
1 O2(3) + 2 X(1) <=> 2 OX(20) 33.336 100.000 100.000 91.777 0.004
2 H2(6) + 2 X(1) <=> 2 HX(19) 33.326 100.000 100.000 91.583 -0.011
3 H(12) + X(1) <=> HX(19) -0.446 73.214 73.095 91.689 -0.446
4 HX(19) + OX(20) <=> HOX(22) + X(1) 33.156 100.000 100.000 91.001 -0.266
5 H2O(5) + 2 X(1) <=> HOX(22) + HX(19) -100.000 100.000 100.000 91.678 0.000
6 OH(17) + X(1) <=> HOX(22) 33.328 100.000 100.000 91.525 -0.008
7 CH4(2) + 2 X(1) <=> CH3X(21) + HX(19) 33.088 100.000 100.000 90.899 -0.367
8 CH4(2) + OX(20) + X(1) <=> CH3X(21) + HOX(22) 32.562 100.000 100.000 91.688 -1.158
9 C2H6(8) + 2 X(1) <=> 2 CH3X(21) 33.294 100.000 100.000 91.688 -0.060
10 CH3(10) + X(1) <=> CH3X(21) 33.302 100.000 100.000 91.410 -0.046
11 CH3OH(14) + 2 X(1) <=> CH3X(21) + HOX(22) 33.332 100.000 100.000 91.689 -0.002
12 H2(6) + X(1) <=> H2X(49) 33.317 100.000 100.000 91.318 -0.025
13 C2H6(8) + X(1) <=> C2H6X(52) 33.139 100.000 100.000 90.967 -0.291
14 C2H4(47) + X(1) <=> C2H4X(205) 33.333 100.000 100.000 91.677 -0.000
15 C2H4(18) + X(1) <=> C2H4X(65) 33.289 100.000 100.000 91.368 -0.067
16 CH2X(27) + HX(19) <=> CH3X(21) + X(1) 33.162 100.000 100.000 90.943 -0.257
17 CH2X(27) + HOX(22) <=> CH3X(21) + OX(20) 33.284 100.000 100.000 5.341 -0.074
18 CHX(28) + HX(19) <=> CH2X(27) + X(1) 33.333 100.000 100.000 91.657 -0.000
19 CHX(28) + HOX(22) <=> CH2X(27) + OX(20) 59.688 100.000 100.000 90.690 -0.780
20 2 CH2X(27) <=> CH3X(21) + CHX(28) 33.324 100.000 100.000 91.560 -0.014
21 CHX(28) + X(1) <=> CX(26) + HX(19) 31.515 100.000 100.000 -17100.835 -2.727
22 CX(26) + H2(6) <=> CH2X(27) 31.966 100.000 100.000 89.639 -2.051
23 CX(26) + HOX(22) <=> CHX(28) + OX(20) 33.333 100.000 100.000 91.677 -0.000
24 CH3X(21) + CX(26) <=> CH2X(27) + CHX(28) 96.900 100.000 100.000 -257.798 -0.748
25 CH2X(27) + CX(26) <=> 2 CHX(28) 33.333 100.000 100.000 91.678 -0.001
26 CO(7) + X(1) <=> OCX(25) 33.326 100.000 100.000 91.571 -0.010
27 CX(26) + OX(20) <=> OCX(25) + X(1) 33.333 100.000 100.000 91.676 -0.000
28 CO(7) + X(1) <=> COX(50) 30.681 100.000 100.000 91.688 -3.978
29 CH4(2) + HOX(22) + X(1) <=> CH3X(21) + H2OX(23) 33.334 100.000 100.000 91.678 0.000
30 H2O(5) + X(1) <=> H2OX(23) 33.129 100.000 100.000 90.901 -0.306
31 CO2(4) + X(1) <=> CO2X(24) 33.332 100.000 100.000 91.645 -0.002
32 OCX(25) + OX(20) <=> CO2X(24) + X(1) 33.281 100.000 100.000 91.340 -0.079
33 CO2X(24) + HX(19) <=> HOX(22) + OCX(25) 33.182 100.000 100.000 91.044 -0.227
34 H2OX(23) + OX(20) <=> 2 HOX(22) 33.334 100.000 100.000 91.609 0.000
35 HOX(22) + HX(19) <=> H2OX(23) + X(1) -0.000 93.333 93.333 91.677 -0.000
Finished sensitivity simulation for a C/O ratio of 1.6
Finished translating for C/O ratio of 1.6
