This mechanism contains 38 gas reactions and 41 surface reactions
Finished simulation at a C/O ratio of 2.4
Finished simulation at a C/O ratio of 0.6
Finished simulation at a C/O ratio of 2.0
Finished simulation at a C/O ratio of 0.7
Finished simulation at a C/O ratio of 2.6
Finished simulation at a C/O ratio of 0.8
Finished simulation at a C/O ratio of 1.4
Finished simulation at a C/O ratio of 1.6
Finished simulation at a C/O ratio of 2.2
Finished simulation at a C/O ratio of 1.0
Finished simulation at a C/O ratio of 0.9
Finished simulation at a C/O ratio of 1.1
Finished simulation at a C/O ratio of 1.8
Finished simulation at a C/O ratio of 1.2
Finished simulation at a C/O ratio of 1.3
Starting sensitivity simulation for a C/O ratio of 2.2
0 CH4(2) + X(1) <=> CH4X(48) -0.000 -0.000
1 O2(3) + 2 X(1) <=> 2 OX(20) 0.248 0.195
2 H2(6) + 2 X(1) <=> 2 HX(19) -0.000 -0.000
3 H(12) + X(1) <=> HX(19) -0.001 -0.001
4 HX(19) + OX(20) <=> HOX(22) + X(1) -0.000 -0.000
5 H2O(5) + 2 X(1) <=> HOX(22) + HX(19) 0.002 0.001
6 OH(17) + X(1) <=> HOX(22) -0.004 -0.003
7 CH4(2) + 2 X(1) <=> CH3X(21) + HX(19) -0.011 -0.008
8 CH4(2) + OX(20) + X(1) <=> CH3X(21) + HOX(22) -0.249 -0.215
9 C2H6(8) + 2 X(1) <=> 2 CH3X(21) -0.000 -0.000
10 CH3(10) + X(1) <=> CH3X(21) -0.028 -0.021
11 CH3OH(14) + 2 X(1) <=> CH3X(21) + HOX(22) -0.000 -0.000
12 CH2X(27) + HX(19) <=> CH3X(21) + X(1) -0.000 -0.000
13 CH2X(27) + HOX(22) <=> CH3X(21) + OX(20) -0.000 -0.000
14 CHX(28) + HX(19) <=> CH2X(27) + X(1) -0.000 -0.000
15 CHX(28) + HOX(22) <=> CH2X(27) + OX(20) -0.000 -0.000
16 2 CH2X(27) <=> CH3X(21) + CHX(28) -0.000 -0.000
17 CHX(28) + X(1) <=> CX(26) + HX(19) -0.000 -0.000
18 CX(26) + H2(6) <=> CH2X(27) -0.000 -0.000
19 CX(26) + HOX(22) <=> CHX(28) + OX(20) -0.000 -0.000
20 CH3X(21) + CX(26) <=> CH2X(27) + CHX(28) -0.000 -0.000
21 CH2X(27) + CX(26) <=> 2 CHX(28) -0.000 -0.000
22 CO(7) + X(1) <=> OCX(25) -0.000 -0.000
23 CX(26) + OX(20) <=> OCX(25) + X(1) -0.000 -0.000
24 CH4(2) + HOX(22) + X(1) <=> CH3X(21) + H2OX(23) -0.002 -0.002
25 H2O(5) + X(1) <=> H2OX(23) 0.000 -0.000
26 H2OX(23) + OX(20) <=> 2 HOX(22) 0.001 0.001
27 HOX(22) + HX(19) <=> H2OX(23) + X(1) 0.000 -0.000
28 H2(6) + X(1) <=> H2X(49) 0.111 0.080
29 CO(7) + X(1) <=> COX(50) -0.000 -0.000
30 CH2O(9) + 2 X(1) <=> CHOX(53) + HX(19) -0.000 -0.000
31 HCO(15) + X(1) <=> CHOX(53) -0.000 -0.000
32 CH3CHO(16) + 2 X(1) <=> CH3X(21) + CHOX(53) -0.000 -0.000
33 CHOX(53) + X(1) <=> HX(19) + OCX(25) -0.000 -0.000
34 CHOX(53) + OX(20) <=> HOX(22) + OCX(25) -0.000 -0.000
35 CH2X(27) + CHOX(53) <=> CH3X(21) + OCX(25) -0.000 -0.000
36 CHOX(53) + CHX(28) <=> CH2X(27) + OCX(25) -0.000 -0.000
37 CHOX(53) + CX(26) <=> CHX(28) + OCX(25) -0.000 -0.000
38 CO2(4) + X(1) <=> CO2X(24) 0.000 0.000
39 OCX(25) + OX(20) <=> CO2X(24) + X(1) 0.055 0.046
40 CO2X(24) + HX(19) <=> HOX(22) + OCX(25) 0.001 0.001
Finished sensitivity simulation for a C/O ratio of 2.2
Finished translating for C/O ratio of 2.2
Starting sensitivity simulation for a C/O ratio of 1.8
0 CH4(2) + X(1) <=> CH4X(48) 0.984 1.096
1 O2(3) + 2 X(1) <=> 2 OX(20) 1.045 1.093
2 H2(6) + 2 X(1) <=> 2 HX(19) -0.000 -0.000
3 H(12) + X(1) <=> HX(19) 0.984 1.095
4 HX(19) + OX(20) <=> HOX(22) + X(1) 0.000 0.002
5 H2O(5) + 2 X(1) <=> HOX(22) + HX(19) -0.066 -0.067
6 OH(17) + X(1) <=> HOX(22) 0.978 1.089
7 CH4(2) + 2 X(1) <=> CH3X(21) + HX(19) 0.980 1.091
8 CH4(2) + OX(20) + X(1) <=> CH3X(21) + HOX(22) 0.842 0.948
9 C2H6(8) + 2 X(1) <=> 2 CH3X(21) -0.001 -0.000
10 CH3(10) + X(1) <=> CH3X(21) 0.916 1.044
11 CH3OH(14) + 2 X(1) <=> CH3X(21) + HOX(22) -0.000 -0.000
12 CH2X(27) + HX(19) <=> CH3X(21) + X(1) 0.984 1.093
13 CH2X(27) + HOX(22) <=> CH3X(21) + OX(20) 0.000 -0.000
14 CHX(28) + HX(19) <=> CH2X(27) + X(1) -0.000 -0.000
15 CHX(28) + HOX(22) <=> CH2X(27) + OX(20) 0.984 1.094
16 2 CH2X(27) <=> CH3X(21) + CHX(28) -0.000 -0.000
17 CHX(28) + X(1) <=> CX(26) + HX(19) 0.984 1.094
18 CX(26) + H2(6) <=> CH2X(27) -0.000 -0.000
19 CX(26) + HOX(22) <=> CHX(28) + OX(20) 0.984 1.094
20 CH3X(21) + CX(26) <=> CH2X(27) + CHX(28) -0.000 -0.000
21 CH2X(27) + CX(26) <=> 2 CHX(28) -0.000 -0.000
22 CO(7) + X(1) <=> OCX(25) -0.001 -0.001
23 CX(26) + OX(20) <=> OCX(25) + X(1) 0.983 1.094
24 CH4(2) + HOX(22) + X(1) <=> CH3X(21) + H2OX(23) 0.981 1.092

***********************************************************************
CanteraError thrown by CVodesIntegrator::step:
CVodes error encountered. Error code: -3

At t = 3.17783e+07 and h = 7.46247e-16, the error test failed repeatedly or with |h| = hmin.
Components with largest weighted error estimates:
26: -49.5616
34: 1.355
25: 0.0423756
35: 0.0330691
28: 0.00848856
33: -0.000653623
39: 0.000157435
30: -1.38266e-05
38: -3.77508e-06
31: -1.20919e-06
***********************************************************************

Starting sensitivity simulation for a C/O ratio of 0.9
0 CH4(2) + X(1) <=> CH4X(48) -0.000 0.000
1 O2(3) + 2 X(1) <=> 2 OX(20) -0.851 -1.192
2 H2(6) + 2 X(1) <=> 2 HX(19) -0.001 -0.001
3 H(12) + X(1) <=> HX(19) 0.001 0.001
4 HX(19) + OX(20) <=> HOX(22) + X(1) -0.000 -0.000
5 H2O(5) + 2 X(1) <=> HOX(22) + HX(19) 0.000 -0.000
6 OH(17) + X(1) <=> HOX(22) -0.007 -0.009
7 CH4(2) + 2 X(1) <=> CH3X(21) + HX(19) -0.002 -0.002
8 CH4(2) + OX(20) + X(1) <=> CH3X(21) + HOX(22) 0.007 0.008
9 C2H6(8) + 2 X(1) <=> 2 CH3X(21) -0.001 -0.001
10 CH3(10) + X(1) <=> CH3X(21) -0.233 -0.180
11 CH3OH(14) + 2 X(1) <=> CH3X(21) + HOX(22) -0.000 -0.000
12 CH2X(27) + HX(19) <=> CH3X(21) + X(1) -0.000 -0.000
13 CH2X(27) + HOX(22) <=> CH3X(21) + OX(20) -0.000 -0.000
14 CHX(28) + HX(19) <=> CH2X(27) + X(1) -0.000 -0.000
15 CHX(28) + HOX(22) <=> CH2X(27) + OX(20) -0.000 -0.000
16 2 CH2X(27) <=> CH3X(21) + CHX(28) 0.000 -0.000
17 CHX(28) + X(1) <=> CX(26) + HX(19) -0.000 -0.000
18 CX(26) + H2(6) <=> CH2X(27) 0.000 0.000
19 CX(26) + HOX(22) <=> CHX(28) + OX(20) 0.000 -0.000
20 CH3X(21) + CX(26) <=> CH2X(27) + CHX(28) -0.000 -0.000
21 CH2X(27) + CX(26) <=> 2 CHX(28) -0.000 0.000
22 CO(7) + X(1) <=> OCX(25) 0.005 0.006
23 CX(26) + OX(20) <=> OCX(25) + X(1) -0.001 -0.001
24 CH4(2) + HOX(22) + X(1) <=> CH3X(21) + H2OX(23) -0.005 -0.007
25 H2O(5) + X(1) <=> H2OX(23) 0.000 0.000
26 H2OX(23) + OX(20) <=> 2 HOX(22) 0.004 0.005
27 HOX(22) + HX(19) <=> H2OX(23) + X(1) 0.000 -0.000
28 H2(6) + X(1) <=> H2X(49) 0.000 -0.000
29 CO(7) + X(1) <=> COX(50) 0.000 -0.000
30 CH2O(9) + 2 X(1) <=> CHOX(53) + HX(19) 0.000 -0.000
31 HCO(15) + X(1) <=> CHOX(53) 0.000 -0.000
32 CH3CHO(16) + 2 X(1) <=> CH3X(21) + CHOX(53) 0.000 -0.000
33 CHOX(53) + X(1) <=> HX(19) + OCX(25) 0.000 -0.000
34 CHOX(53) + OX(20) <=> HOX(22) + OCX(25) 0.000 -0.000
35 CH2X(27) + CHOX(53) <=> CH3X(21) + OCX(25) 0.000 -0.000
36 CHOX(53) + CHX(28) <=> CH2X(27) + OCX(25) -0.000 0.000
37 CHOX(53) + CX(26) <=> CHX(28) + OCX(25) -0.000 -0.000
38 CO2(4) + X(1) <=> CO2X(24) 0.000 0.000
39 OCX(25) + OX(20) <=> CO2X(24) + X(1) -0.166 -0.219
40 CO2X(24) + HX(19) <=> HOX(22) + OCX(25) -0.000 -0.001
Finished sensitivity simulation for a C/O ratio of 0.9
Finished translating for C/O ratio of 0.9
Starting sensitivity simulation for a C/O ratio of 0.8
0 CH4(2) + X(1) <=> CH4X(48) 0.004 0.004
1 O2(3) + 2 X(1) <=> 2 OX(20) 0.912 1.016
2 H2(6) + 2 X(1) <=> 2 HX(19) 0.003 0.003
3 H(12) + X(1) <=> HX(19) 0.004 0.005
4 HX(19) + OX(20) <=> HOX(22) + X(1) 0.004 0.004
5 H2O(5) + 2 X(1) <=> HOX(22) + HX(19) 0.002 0.001
6 OH(17) + X(1) <=> HOX(22) -0.003 -0.004
7 CH4(2) + 2 X(1) <=> CH3X(21) + HX(19) 0.002 0.003
8 CH4(2) + OX(20) + X(1) <=> CH3X(21) + HOX(22) 0.977 1.203
9 C2H6(8) + 2 X(1) <=> 2 CH3X(21) 0.003 0.004
10 CH3(10) + X(1) <=> CH3X(21) 1.864 2.425
11 CH3OH(14) + 2 X(1) <=> CH3X(21) + HOX(22) 0.004 0.004
12 CH2X(27) + HX(19) <=> CH3X(21) + X(1) 0.004 0.004
13 CH2X(27) + HOX(22) <=> CH3X(21) + OX(20) 0.004 0.004
14 CHX(28) + HX(19) <=> CH2X(27) + X(1) 0.004 0.004
15 CHX(28) + HOX(22) <=> CH2X(27) + OX(20) 0.004 0.004
16 2 CH2X(27) <=> CH3X(21) + CHX(28) 0.004 0.004
17 CHX(28) + X(1) <=> CX(26) + HX(19) 0.004 0.004
18 CX(26) + H2(6) <=> CH2X(27) 0.004 0.004
19 CX(26) + HOX(22) <=> CHX(28) + OX(20) 0.004 0.004
20 CH3X(21) + CX(26) <=> CH2X(27) + CHX(28) 0.004 0.004
21 CH2X(27) + CX(26) <=> 2 CHX(28) 0.004 0.004
22 CO(7) + X(1) <=> OCX(25) 0.008 0.010
23 CX(26) + OX(20) <=> OCX(25) + X(1) 0.002 0.001
24 CH4(2) + HOX(22) + X(1) <=> CH3X(21) + H2OX(23) -0.001 -0.001
25 H2O(5) + X(1) <=> H2OX(23) 0.004 0.004
26 H2OX(23) + OX(20) <=> 2 HOX(22) 0.007 0.009
27 HOX(22) + HX(19) <=> H2OX(23) + X(1) 0.004 0.004
28 H2(6) + X(1) <=> H2X(49) 0.004 0.004
29 CO(7) + X(1) <=> COX(50) 0.004 0.004
30 CH2O(9) + 2 X(1) <=> CHOX(53) + HX(19) 0.004 0.004
31 HCO(15) + X(1) <=> CHOX(53) 0.004 0.004
32 CH3CHO(16) + 2 X(1) <=> CH3X(21) + CHOX(53) 0.004 0.004
33 CHOX(53) + X(1) <=> HX(19) + OCX(25) 0.004 0.004
34 CHOX(53) + OX(20) <=> HOX(22) + OCX(25) 0.004 0.004
35 CH2X(27) + CHOX(53) <=> CH3X(21) + OCX(25) 0.004 0.004
36 CHOX(53) + CHX(28) <=> CH2X(27) + OCX(25) 0.004 0.004
37 CHOX(53) + CX(26) <=> CHX(28) + OCX(25) 0.004 0.004
38 CO2(4) + X(1) <=> CO2X(24) 0.004 0.004
39 OCX(25) + OX(20) <=> CO2X(24) + X(1) 1.968 2.428
40 CO2X(24) + HX(19) <=> HOX(22) + OCX(25) 0.003 0.004
Finished sensitivity simulation for a C/O ratio of 0.8
Finished translating for C/O ratio of 0.8
Starting sensitivity simulation for a C/O ratio of 2.6
0 CH4(2) + X(1) <=> CH4X(48) -0.000 -0.000
1 O2(3) + 2 X(1) <=> 2 OX(20) 0.013 0.012
2 H2(6) + 2 X(1) <=> 2 HX(19) -0.000 -0.000
3 H(12) + X(1) <=> HX(19) -0.047 -0.045
4 HX(19) + OX(20) <=> HOX(22) + X(1) -0.000 -0.000
5 H2O(5) + 2 X(1) <=> HOX(22) + HX(19) -0.001 -0.001
6 OH(17) + X(1) <=> HOX(22) -0.002 -0.002
7 CH4(2) + 2 X(1) <=> CH3X(21) + HX(19) -0.111 -0.104
8 CH4(2) + OX(20) + X(1) <=> CH3X(21) + HOX(22) -0.131 -0.120
9 C2H6(8) + 2 X(1) <=> 2 CH3X(21) -0.000 -0.000
10 CH3(10) + X(1) <=> CH3X(21) -0.004 -0.004
11 CH3OH(14) + 2 X(1) <=> CH3X(21) + HOX(22) -0.000 -0.000
12 CH2X(27) + HX(19) <=> CH3X(21) + X(1) 0.000 0.000
13 CH2X(27) + HOX(22) <=> CH3X(21) + OX(20) 0.000 -0.000
14 CHX(28) + HX(19) <=> CH2X(27) + X(1) 0.000 -0.000
15 CHX(28) + HOX(22) <=> CH2X(27) + OX(20) 0.000 -0.000
16 2 CH2X(27) <=> CH3X(21) + CHX(28) 0.000 -0.000
17 CHX(28) + X(1) <=> CX(26) + HX(19) 0.000 -0.000
18 CX(26) + H2(6) <=> CH2X(27) 0.000 -0.000
19 CX(26) + HOX(22) <=> CHX(28) + OX(20) 0.000 -0.000
20 CH3X(21) + CX(26) <=> CH2X(27) + CHX(28) 0.000 -0.000
21 CH2X(27) + CX(26) <=> 2 CHX(28) 0.000 -0.000
22 CO(7) + X(1) <=> OCX(25) -0.000 -0.000
23 CX(26) + OX(20) <=> OCX(25) + X(1) -0.000 -0.000
24 CH4(2) + HOX(22) + X(1) <=> CH3X(21) + H2OX(23) -0.002 -0.002
25 H2O(5) + X(1) <=> H2OX(23) 0.000 -0.000
26 H2OX(23) + OX(20) <=> 2 HOX(22) 0.000 0.000
27 HOX(22) + HX(19) <=> H2OX(23) + X(1) -0.000 -0.000
28 H2(6) + X(1) <=> H2X(49) 0.000 -0.000
29 CO(7) + X(1) <=> COX(50) 0.000 -0.000
30 CH2O(9) + 2 X(1) <=> CHOX(53) + HX(19) 0.000 -0.000
31 HCO(15) + X(1) <=> CHOX(53) -0.000 -0.000
32 CH3CHO(16) + 2 X(1) <=> CH3X(21) + CHOX(53) 0.000 -0.000
33 CHOX(53) + X(1) <=> HX(19) + OCX(25) 0.000 -0.000
34 CHOX(53) + OX(20) <=> HOX(22) + OCX(25) 0.000 -0.000
35 CH2X(27) + CHOX(53) <=> CH3X(21) + OCX(25) 0.000 -0.000
36 CHOX(53) + CHX(28) <=> CH2X(27) + OCX(25) 0.000 -0.000
37 CHOX(53) + CX(26) <=> CHX(28) + OCX(25) 0.000 -0.000
38 CO2(4) + X(1) <=> CO2X(24) 0.000 0.000
39 OCX(25) + OX(20) <=> CO2X(24) + X(1) 0.037 0.032
40 CO2X(24) + HX(19) <=> HOX(22) + OCX(25) 0.001 0.000
Finished sensitivity simulation for a C/O ratio of 2.6
Finished translating for C/O ratio of 2.6
Starting sensitivity simulation for a C/O ratio of 1.2
0 CH4(2) + X(1) <=> CH4X(48) -0.000 0.000
1 O2(3) + 2 X(1) <=> 2 OX(20) 0.677 0.726
2 H2(6) + 2 X(1) <=> 2 HX(19) -0.000 -0.000
3 H(12) + X(1) <=> HX(19) 0.001 0.003
4 HX(19) + OX(20) <=> HOX(22) + X(1) -0.003 -0.004
5 H2O(5) + 2 X(1) <=> HOX(22) + HX(19) 0.002 0.001
6 OH(17) + X(1) <=> HOX(22) -0.007 -0.009
7 CH4(2) + 2 X(1) <=> CH3X(21) + HX(19) -0.002 -0.002
8 CH4(2) + OX(20) + X(1) <=> CH3X(21) + HOX(22) -0.721 -0.883
9 C2H6(8) + 2 X(1) <=> 2 CH3X(21) -0.001 -0.002
10 CH3(10) + X(1) <=> CH3X(21) -0.164 -0.123
11 CH3OH(14) + 2 X(1) <=> CH3X(21) + HOX(22) -0.000 0.001
12 CH2X(27) + HX(19) <=> CH3X(21) + X(1) 0.000 -0.001
13 CH2X(27) + HOX(22) <=> CH3X(21) + OX(20) -0.000 -0.000
14 CHX(28) + HX(19) <=> CH2X(27) + X(1) -0.016 -0.019
15 CHX(28) + HOX(22) <=> CH2X(27) + OX(20) 0.000 -0.001
16 2 CH2X(27) <=> CH3X(21) + CHX(28) -0.000 0.001
17 CHX(28) + X(1) <=> CX(26) + HX(19) -0.000 0.001
18 CX(26) + H2(6) <=> CH2X(27) 0.000 -0.001
19 CX(26) + HOX(22) <=> CHX(28) + OX(20) 0.000 -0.001
20 CH3X(21) + CX(26) <=> CH2X(27) + CHX(28) -0.000 0.001
21 CH2X(27) + CX(26) <=> 2 CHX(28) 0.000 0.000
22 CO(7) + X(1) <=> OCX(25) 0.004 0.003
23 CX(26) + OX(20) <=> OCX(25) + X(1) -0.000 0.001
24 CH4(2) + HOX(22) + X(1) <=> CH3X(21) + H2OX(23) -0.005 -0.005
25 H2O(5) + X(1) <=> H2OX(23) -0.003 -0.001
26 H2OX(23) + OX(20) <=> 2 HOX(22) 0.004 0.003
27 HOX(22) + HX(19) <=> H2OX(23) + X(1) -0.000 0.001
28 H2(6) + X(1) <=> H2X(49) -0.000 0.001
29 CO(7) + X(1) <=> COX(50) 0.000 -0.001
30 CH2O(9) + 2 X(1) <=> CHOX(53) + HX(19) -0.000 0.001
31 HCO(15) + X(1) <=> CHOX(53) -0.000 0.000
32 CH3CHO(16) + 2 X(1) <=> CH3X(21) + CHOX(53) -0.000 0.000
33 CHOX(53) + X(1) <=> HX(19) + OCX(25) -0.000 0.000
34 CHOX(53) + OX(20) <=> HOX(22) + OCX(25) -0.000 0.000
35 CH2X(27) + CHOX(53) <=> CH3X(21) + OCX(25) -0.000 0.001
36 CHOX(53) + CHX(28) <=> CH2X(27) + OCX(25) -0.000 0.001
37 CHOX(53) + CX(26) <=> CHX(28) + OCX(25) -0.000 0.000
38 CO2(4) + X(1) <=> CO2X(24) 0.000 0.000
39 OCX(25) + OX(20) <=> CO2X(24) + X(1) -0.125 -0.167
40 CO2X(24) + HX(19) <=> HOX(22) + OCX(25) -0.000 -0.000
Finished sensitivity simulation for a C/O ratio of 1.2
Finished translating for C/O ratio of 1.2
Starting sensitivity simulation for a C/O ratio of 1.6
0 CH4(2) + X(1) <=> CH4X(48) -0.000 0.000
1 O2(3) + 2 X(1) <=> 2 OX(20) 0.535 0.540
2 H2(6) + 2 X(1) <=> 2 HX(19) 0.318 0.326
3 H(12) + X(1) <=> HX(19) 0.327 0.364
4 HX(19) + OX(20) <=> HOX(22) + X(1) 0.326 0.365
5 H2O(5) + 2 X(1) <=> HOX(22) + HX(19) 0.003 0.002
6 OH(17) + X(1) <=> HOX(22) -0.008 -0.007
7 CH4(2) + 2 X(1) <=> CH3X(21) + HX(19) -0.003 -0.003
8 CH4(2) + OX(20) + X(1) <=> CH3X(21) + HOX(22) 0.575 0.683
9 C2H6(8) + 2 X(1) <=> 2 CH3X(21) -0.001 0.001
10 CH3(10) + X(1) <=> CH3X(21) -0.027 -0.020
11 CH3OH(14) + 2 X(1) <=> CH3X(21) + HOX(22) 0.070 0.051
12 CH2X(27) + HX(19) <=> CH3X(21) + X(1) -0.000 -0.000
13 CH2X(27) + HOX(22) <=> CH3X(21) + OX(20) -0.000 -0.000
14 CHX(28) + HX(19) <=> CH2X(27) + X(1) -0.000 0.002
15 CHX(28) + HOX(22) <=> CH2X(27) + OX(20) -0.000 0.000
16 2 CH2X(27) <=> CH3X(21) + CHX(28) -0.002 -0.002
17 CHX(28) + X(1) <=> CX(26) + HX(19) 0.326 0.363
18 CX(26) + H2(6) <=> CH2X(27) 0.000 0.000
19 CX(26) + HOX(22) <=> CHX(28) + OX(20) -0.000 0.000
20 CH3X(21) + CX(26) <=> CH2X(27) + CHX(28) -0.000 0.000
21 CH2X(27) + CX(26) <=> 2 CHX(28) 0.324 0.360
22 CO(7) + X(1) <=> OCX(25) 0.001 0.000
23 CX(26) + OX(20) <=> OCX(25) + X(1) -0.000 -0.000
24 CH4(2) + HOX(22) + X(1) <=> CH3X(21) + H2OX(23) -0.003 -0.004
25 H2O(5) + X(1) <=> H2OX(23) -0.000 0.002
26 H2OX(23) + OX(20) <=> 2 HOX(22) 0.003 0.003
27 HOX(22) + HX(19) <=> H2OX(23) + X(1) 0.000 0.000
28 H2(6) + X(1) <=> H2X(49) -0.000 0.000
29 CO(7) + X(1) <=> COX(50) -0.000 0.000
30 CH2O(9) + 2 X(1) <=> CHOX(53) + HX(19) -0.000 0.002
31 HCO(15) + X(1) <=> CHOX(53) -0.000 0.000
32 CH3CHO(16) + 2 X(1) <=> CH3X(21) + CHOX(53) 0.326 0.363
33 CHOX(53) + X(1) <=> HX(19) + OCX(25) 0.070 0.051
34 CHOX(53) + OX(20) <=> HOX(22) + OCX(25) -0.000 0.002

***********************************************************************
CanteraError thrown by CVodesIntegrator::step:
CVodes error encountered. Error code: -3

At t = 3.59004e+07 and h = 4.44399e-16, the error test failed repeatedly or with |h| = hmin.
Components with largest weighted error estimates:
26: -14.7347
34: 0.242625
25: 0.0136415
35: 0.00578942
28: 0.00134872
33: -0.000112509
39: 1.58711e-05
30: -4.83348e-06
38: -1.05629e-06
31: -3.22903e-07
***********************************************************************

Starting sensitivity simulation for a C/O ratio of 1.3
0 CH4(2) + X(1) <=> CH4X(48) 0.000 -0.001
1 O2(3) + 2 X(1) <=> 2 OX(20) -0.026 -0.142
2 H2(6) + 2 X(1) <=> 2 HX(19) -0.000 -0.002
3 H(12) + X(1) <=> HX(19) 0.001 -0.001
4 HX(19) + OX(20) <=> HOX(22) + X(1) 0.000 -0.001
5 H2O(5) + 2 X(1) <=> HOX(22) + HX(19) 0.003 0.000
6 OH(17) + X(1) <=> HOX(22) -0.007 -0.007
7 CH4(2) + 2 X(1) <=> CH3X(21) + HX(19) -0.002 -0.004
8 CH4(2) + OX(20) + X(1) <=> CH3X(21) + HOX(22) -1.672 -2.045
9 C2H6(8) + 2 X(1) <=> 2 CH3X(21) -0.001 -0.002
10 CH3(10) + X(1) <=> CH3X(21) -0.143 -0.108
11 CH3OH(14) + 2 X(1) <=> CH3X(21) + HOX(22) 0.000 -0.001
12 CH2X(27) + HX(19) <=> CH3X(21) + X(1) 0.000 -0.001
13 CH2X(27) + HOX(22) <=> CH3X(21) + OX(20) 0.000 -0.001
14 CHX(28) + HX(19) <=> CH2X(27) + X(1) 0.000 -0.001
15 CHX(28) + HOX(22) <=> CH2X(27) + OX(20) -0.000 -0.000
16 2 CH2X(27) <=> CH3X(21) + CHX(28) 0.000 -0.001
17 CHX(28) + X(1) <=> CX(26) + HX(19) -0.000 0.000
18 CX(26) + H2(6) <=> CH2X(27) 0.000 -0.002
19 CX(26) + HOX(22) <=> CHX(28) + OX(20) 0.000 -0.002
20 CH3X(21) + CX(26) <=> CH2X(27) + CHX(28) 0.000 -0.002
21 CH2X(27) + CX(26) <=> 2 CHX(28) 0.000 -0.001
22 CO(7) + X(1) <=> OCX(25) 0.003 0.004
23 CX(26) + OX(20) <=> OCX(25) + X(1) -0.000 -0.002
24 CH4(2) + HOX(22) + X(1) <=> CH3X(21) + H2OX(23) -0.004 -0.008
25 H2O(5) + X(1) <=> H2OX(23) 0.000 -0.002
26 H2OX(23) + OX(20) <=> 2 HOX(22) 0.004 0.002
27 HOX(22) + HX(19) <=> H2OX(23) + X(1) 0.000 -0.001
28 H2(6) + X(1) <=> H2X(49) 0.000 -0.001
29 CO(7) + X(1) <=> COX(50) 0.000 -0.002
30 CH2O(9) + 2 X(1) <=> CHOX(53) + HX(19) 0.000 -0.001
31 HCO(15) + X(1) <=> CHOX(53) 0.000 -0.000
32 CH3CHO(16) + 2 X(1) <=> CH3X(21) + CHOX(53) -0.002 -0.004
33 CHOX(53) + X(1) <=> HX(19) + OCX(25) 0.000 -0.002
34 CHOX(53) + OX(20) <=> HOX(22) + OCX(25) 0.000 -0.001
35 CH2X(27) + CHOX(53) <=> CH3X(21) + OCX(25) 0.000 -0.001
36 CHOX(53) + CHX(28) <=> CH2X(27) + OCX(25) 0.000 -0.001
37 CHOX(53) + CX(26) <=> CHX(28) + OCX(25) 0.000 -0.002
38 CO2(4) + X(1) <=> CO2X(24) 0.000 -0.002
39 OCX(25) + OX(20) <=> CO2X(24) + X(1) -0.105 -0.144
40 CO2X(24) + HX(19) <=> HOX(22) + OCX(25) -0.000 -0.002
Finished sensitivity simulation for a C/O ratio of 1.3
Finished translating for C/O ratio of 1.3
Starting sensitivity simulation for a C/O ratio of 1.0
0 CH4(2) + X(1) <=> CH4X(48) -0.000 0.000
1 O2(3) + 2 X(1) <=> 2 OX(20) 0.229 0.166
2 H2(6) + 2 X(1) <=> 2 HX(19) -0.001 -0.001
3 H(12) + X(1) <=> HX(19) 0.001 0.001
4 HX(19) + OX(20) <=> HOX(22) + X(1) -0.000 -0.000
5 H2O(5) + 2 X(1) <=> HOX(22) + HX(19) 0.001 0.000
6 OH(17) + X(1) <=> HOX(22) -0.008 -0.009
7 CH4(2) + 2 X(1) <=> CH3X(21) + HX(19) -0.002 -0.002
8 CH4(2) + OX(20) + X(1) <=> CH3X(21) + HOX(22) 0.379 0.479
9 C2H6(8) + 2 X(1) <=> 2 CH3X(21) -0.001 -0.001
10 CH3(10) + X(1) <=> CH3X(21) -0.207 -0.158
11 CH3OH(14) + 2 X(1) <=> CH3X(21) + HOX(22) -0.000 -0.000
12 CH2X(27) + HX(19) <=> CH3X(21) + X(1) -0.000 -0.000
13 CH2X(27) + HOX(22) <=> CH3X(21) + OX(20) -0.000 -0.000
14 CHX(28) + HX(19) <=> CH2X(27) + X(1) -0.000 0.000
15 CHX(28) + HOX(22) <=> CH2X(27) + OX(20) -0.000 -0.000
16 2 CH2X(27) <=> CH3X(21) + CHX(28) -0.000 0.000
17 CHX(28) + X(1) <=> CX(26) + HX(19) -0.000 0.000
18 CX(26) + H2(6) <=> CH2X(27) 0.000 0.000
19 CX(26) + HOX(22) <=> CHX(28) + OX(20) -0.000 0.000
20 CH3X(21) + CX(26) <=> CH2X(27) + CHX(28) -0.000 -0.000
21 CH2X(27) + CX(26) <=> 2 CHX(28) -0.000 0.000
22 CO(7) + X(1) <=> OCX(25) 0.005 0.006
23 CX(26) + OX(20) <=> OCX(25) + X(1) -0.000 -0.001
24 CH4(2) + HOX(22) + X(1) <=> CH3X(21) + H2OX(23) -0.005 -0.007
25 H2O(5) + X(1) <=> H2OX(23) 0.000 0.000
26 H2OX(23) + OX(20) <=> 2 HOX(22) 0.005 0.005
27 HOX(22) + HX(19) <=> H2OX(23) + X(1) 0.000 0.000
28 H2(6) + X(1) <=> H2X(49) -0.000 0.000
29 CO(7) + X(1) <=> COX(50) -0.000 0.000
30 CH2O(9) + 2 X(1) <=> CHOX(53) + HX(19) -0.000 0.000
31 HCO(15) + X(1) <=> CHOX(53) -0.000 0.000
32 CH3CHO(16) + 2 X(1) <=> CH3X(21) + CHOX(53) 0.000 -0.000
33 CHOX(53) + X(1) <=> HX(19) + OCX(25) -0.000 0.000
34 CHOX(53) + OX(20) <=> HOX(22) + OCX(25) -0.000 0.000
35 CH2X(27) + CHOX(53) <=> CH3X(21) + OCX(25) -0.000 0.000
36 CHOX(53) + CHX(28) <=> CH2X(27) + OCX(25) -0.000 0.000
37 CHOX(53) + CX(26) <=> CHX(28) + OCX(25) -0.000 -0.000
38 CO2(4) + X(1) <=> CO2X(24) 0.000 0.000
39 OCX(25) + OX(20) <=> CO2X(24) + X(1) -0.161 -0.214
40 CO2X(24) + HX(19) <=> HOX(22) + OCX(25) -0.000 -0.001
Finished sensitivity simulation for a C/O ratio of 1.0
Finished translating for C/O ratio of 1.0
Starting sensitivity simulation for a C/O ratio of 2.0
0 CH4(2) + X(1) <=> CH4X(48) -0.000 -0.000
1 O2(3) + 2 X(1) <=> 2 OX(20) -0.133 -0.178
2 H2(6) + 2 X(1) <=> 2 HX(19) 0.168 0.167
3 H(12) + X(1) <=> HX(19) 0.000 0.000
4 HX(19) + OX(20) <=> HOX(22) + X(1) 0.000 0.000
5 H2O(5) + 2 X(1) <=> HOX(22) + HX(19) -0.520 -0.528
6 OH(17) + X(1) <=> HOX(22) -0.005 -0.004
7 CH4(2) + 2 X(1) <=> CH3X(21) + HX(19) 0.161 0.161
8 CH4(2) + OX(20) + X(1) <=> CH3X(21) + HOX(22) -0.556 -0.551
9 C2H6(8) + 2 X(1) <=> 2 CH3X(21) -0.001 -0.001
10 CH3(10) + X(1) <=> CH3X(21) 0.120 0.130
11 CH3OH(14) + 2 X(1) <=> CH3X(21) + HOX(22) -0.000 -0.000

***********************************************************************
CanteraError thrown by CVodesIntegrator::step:
CVodes error encountered. Error code: -3

At t = 3.39969e+07 and h = 9.17197e-16, the error test failed repeatedly or with |h| = hmin.
Components with largest weighted error estimates:
26: 78.7047
34: -1.79274
25: -0.0611812
35: -0.0409227
28: -0.0120293
33: 0.000817792
39: -0.000158676
30: 1.75698e-05
38: 4.39955e-06
31: 1.59493e-06
***********************************************************************

Starting sensitivity simulation for a C/O ratio of 1.1
0 CH4(2) + X(1) <=> CH4X(48) -0.000 0.000
1 O2(3) + 2 X(1) <=> 2 OX(20) -0.932 -1.274
2 H2(6) + 2 X(1) <=> 2 HX(19) -0.000 -0.001
3 H(12) + X(1) <=> HX(19) 0.001 0.001
4 HX(19) + OX(20) <=> HOX(22) + X(1) -0.000 -0.000
5 H2O(5) + 2 X(1) <=> HOX(22) + HX(19) 0.001 0.001
6 OH(17) + X(1) <=> HOX(22) -0.007 -0.008
7 CH4(2) + 2 X(1) <=> CH3X(21) + HX(19) -0.002 -0.002
8 CH4(2) + OX(20) + X(1) <=> CH3X(21) + HOX(22) 0.038 0.051
9 C2H6(8) + 2 X(1) <=> 2 CH3X(21) -0.001 -0.001
10 CH3(10) + X(1) <=> CH3X(21) -0.184 -0.139
11 CH3OH(14) + 2 X(1) <=> CH3X(21) + HOX(22) -0.000 -0.000
12 CH2X(27) + HX(19) <=> CH3X(21) + X(1) -0.000 -0.000
13 CH2X(27) + HOX(22) <=> CH3X(21) + OX(20) -0.000 -0.000
14 CHX(28) + HX(19) <=> CH2X(27) + X(1) -0.000 0.000
15 CHX(28) + HOX(22) <=> CH2X(27) + OX(20) -0.000 -0.000
16 2 CH2X(27) <=> CH3X(21) + CHX(28) -0.000 0.000
17 CHX(28) + X(1) <=> CX(26) + HX(19) -0.000 0.000
18 CX(26) + H2(6) <=> CH2X(27) 0.000 0.000
19 CX(26) + HOX(22) <=> CHX(28) + OX(20) -0.004 -0.004
20 CH3X(21) + CX(26) <=> CH2X(27) + CHX(28) -0.000 -0.000
21 CH2X(27) + CX(26) <=> 2 CHX(28) -0.000 0.000
22 CO(7) + X(1) <=> OCX(25) 0.004 0.005
23 CX(26) + OX(20) <=> OCX(25) + X(1) -0.003 -0.004
24 CH4(2) + HOX(22) + X(1) <=> CH3X(21) + H2OX(23) -0.005 -0.006
25 H2O(5) + X(1) <=> H2OX(23) 0.000 0.000
26 H2OX(23) + OX(20) <=> 2 HOX(22) 0.004 0.005
27 HOX(22) + HX(19) <=> H2OX(23) + X(1) 0.000 0.000
28 H2(6) + X(1) <=> H2X(49) -0.000 0.000
29 CO(7) + X(1) <=> COX(50) -0.000 0.000
30 CH2O(9) + 2 X(1) <=> CHOX(53) + HX(19) -0.000 0.000
31 HCO(15) + X(1) <=> CHOX(53) -0.000 0.000
32 CH3CHO(16) + 2 X(1) <=> CH3X(21) + CHOX(53) -0.000 0.000
33 CHOX(53) + X(1) <=> HX(19) + OCX(25) -0.000 0.000
34 CHOX(53) + OX(20) <=> HOX(22) + OCX(25) -0.002 -0.003
35 CH2X(27) + CHOX(53) <=> CH3X(21) + OCX(25) -0.000 0.000
36 CHOX(53) + CHX(28) <=> CH2X(27) + OCX(25) -0.000 0.000
37 CHOX(53) + CX(26) <=> CHX(28) + OCX(25) -0.000 0.000
38 CO2(4) + X(1) <=> CO2X(24) 0.000 0.000
39 OCX(25) + OX(20) <=> CO2X(24) + X(1) -0.144 -0.191
40 CO2X(24) + HX(19) <=> HOX(22) + OCX(25) -0.000 -0.000
Finished sensitivity simulation for a C/O ratio of 1.1
Finished translating for C/O ratio of 1.1
Starting sensitivity simulation for a C/O ratio of 2.4
0 CH4(2) + X(1) <=> CH4X(48) 0.000 0.000
1 O2(3) + 2 X(1) <=> 2 OX(20) 0.011 0.032
2 H2(6) + 2 X(1) <=> 2 HX(19) -0.005 0.017
3 H(12) + X(1) <=> HX(19) -0.052 -0.026
4 HX(19) + OX(20) <=> HOX(22) + X(1) -0.005 0.017
5 H2O(5) + 2 X(1) <=> HOX(22) + HX(19) -0.006 0.016
6 OH(17) + X(1) <=> HOX(22) -0.006 0.016
7 CH4(2) + 2 X(1) <=> CH3X(21) + HX(19) -0.078 -0.051
8 CH4(2) + OX(20) + X(1) <=> CH3X(21) + HOX(22) -0.097 -0.080
9 C2H6(8) + 2 X(1) <=> 2 CH3X(21) -0.005 0.017
10 CH3(10) + X(1) <=> CH3X(21) -0.011 0.012
11 CH3OH(14) + 2 X(1) <=> CH3X(21) + HOX(22) -0.000 0.000
12 CH2X(27) + HX(19) <=> CH3X(21) + X(1) -0.005 0.017
13 CH2X(27) + HOX(22) <=> CH3X(21) + OX(20) -0.005 0.017
14 CHX(28) + HX(19) <=> CH2X(27) + X(1) -0.005 0.017
15 CHX(28) + HOX(22) <=> CH2X(27) + OX(20) -0.005 0.017
16 2 CH2X(27) <=> CH3X(21) + CHX(28) -0.005 0.017
17 CHX(28) + X(1) <=> CX(26) + HX(19) -0.005 0.017
18 CX(26) + H2(6) <=> CH2X(27) 0.000 0.000
19 CX(26) + HOX(22) <=> CHX(28) + OX(20) 0.000 0.000
20 CH3X(21) + CX(26) <=> CH2X(27) + CHX(28) -0.005 0.017
21 CH2X(27) + CX(26) <=> 2 CHX(28) -0.005 0.017
22 CO(7) + X(1) <=> OCX(25) -0.005 0.017
23 CX(26) + OX(20) <=> OCX(25) + X(1) -0.005 0.017
24 CH4(2) + HOX(22) + X(1) <=> CH3X(21) + H2OX(23) -0.006 0.017
25 H2O(5) + X(1) <=> H2OX(23) -0.005 0.017
26 H2OX(23) + OX(20) <=> 2 HOX(22) -0.005 0.018
27 HOX(22) + HX(19) <=> H2OX(23) + X(1) -0.005 0.017
28 H2(6) + X(1) <=> H2X(49) -0.005 0.017
29 CO(7) + X(1) <=> COX(50) -0.005 0.017
30 CH2O(9) + 2 X(1) <=> CHOX(53) + HX(19) -0.005 0.017
31 HCO(15) + X(1) <=> CHOX(53) -0.000 -0.000
32 CH3CHO(16) + 2 X(1) <=> CH3X(21) + CHOX(53) -0.005 0.017
33 CHOX(53) + X(1) <=> HX(19) + OCX(25) -0.005 0.017
34 CHOX(53) + OX(20) <=> HOX(22) + OCX(25) -0.005 0.017
35 CH2X(27) + CHOX(53) <=> CH3X(21) + OCX(25) -0.005 0.017
36 CHOX(53) + CHX(28) <=> CH2X(27) + OCX(25) -0.005 0.017
37 CHOX(53) + CX(26) <=> CHX(28) + OCX(25) -0.005 0.017
38 CO2(4) + X(1) <=> CO2X(24) -0.005 0.017
39 OCX(25) + OX(20) <=> CO2X(24) + X(1) 0.016 0.034
40 CO2X(24) + HX(19) <=> HOX(22) + OCX(25) -0.005 0.017
Finished sensitivity simulation for a C/O ratio of 2.4
Finished translating for C/O ratio of 2.4
Starting sensitivity simulation for a C/O ratio of 0.7
0 CH4(2) + X(1) <=> CH4X(48) -0.000 -0.000
1 O2(3) + 2 X(1) <=> 2 OX(20) 0.771 0.839
2 H2(6) + 2 X(1) <=> 2 HX(19) -0.001 -0.001
3 H(12) + X(1) <=> HX(19) 0.000 0.000
4 HX(19) + OX(20) <=> HOX(22) + X(1) -0.000 -0.000
5 H2O(5) + 2 X(1) <=> HOX(22) + HX(19) -0.001 -0.002
6 OH(17) + X(1) <=> HOX(22) -0.005 -0.006
7 CH4(2) + 2 X(1) <=> CH3X(21) + HX(19) -0.001 -0.001
8 CH4(2) + OX(20) + X(1) <=> CH3X(21) + HOX(22) 0.460 0.543
9 C2H6(8) + 2 X(1) <=> 2 CH3X(21) -0.001 -0.001
10 CH3(10) + X(1) <=> CH3X(21) -0.282 -0.233
11 CH3OH(14) + 2 X(1) <=> CH3X(21) + HOX(22) -0.000 -0.000
12 CH2X(27) + HX(19) <=> CH3X(21) + X(1) -0.000 -0.000
13 CH2X(27) + HOX(22) <=> CH3X(21) + OX(20) -0.000 -0.000
14 CHX(28) + HX(19) <=> CH2X(27) + X(1) -0.000 -0.000
15 CHX(28) + HOX(22) <=> CH2X(27) + OX(20) -0.000 -0.000
16 2 CH2X(27) <=> CH3X(21) + CHX(28) 0.000 -0.000
17 CHX(28) + X(1) <=> CX(26) + HX(19) 0.000 -0.000
18 CX(26) + H2(6) <=> CH2X(27) 0.000 0.000
19 CX(26) + HOX(22) <=> CHX(28) + OX(20) -0.000 0.000
20 CH3X(21) + CX(26) <=> CH2X(27) + CHX(28) -0.000 -0.000
21 CH2X(27) + CX(26) <=> 2 CHX(28) 0.000 -0.000
22 CO(7) + X(1) <=> OCX(25) 0.004 0.004
23 CX(26) + OX(20) <=> OCX(25) + X(1) -0.002 -0.003
24 CH4(2) + HOX(22) + X(1) <=> CH3X(21) + H2OX(23) -0.004 -0.004
25 H2O(5) + X(1) <=> H2OX(23) 0.000 0.000
26 H2OX(23) + OX(20) <=> 2 HOX(22) 0.003 0.004
27 HOX(22) + HX(19) <=> H2OX(23) + X(1) -0.000 -0.000
28 H2(6) + X(1) <=> H2X(49) 0.000 -0.000
29 CO(7) + X(1) <=> COX(50) 0.000 -0.000
30 CH2O(9) + 2 X(1) <=> CHOX(53) + HX(19) -0.000 -0.000
31 HCO(15) + X(1) <=> CHOX(53) -0.000 -0.000
32 CH3CHO(16) + 2 X(1) <=> CH3X(21) + CHOX(53) 0.000 -0.000
33 CHOX(53) + X(1) <=> HX(19) + OCX(25) 0.000 -0.000
34 CHOX(53) + OX(20) <=> HOX(22) + OCX(25) 0.000 -0.000
35 CH2X(27) + CHOX(53) <=> CH3X(21) + OCX(25) 0.000 -0.000
36 CHOX(53) + CHX(28) <=> CH2X(27) + OCX(25) 0.000 -0.000
37 CHOX(53) + CX(26) <=> CHX(28) + OCX(25) 0.000 -0.000
38 CO2(4) + X(1) <=> CO2X(24) 0.000 0.000
39 OCX(25) + OX(20) <=> CO2X(24) + X(1) -0.114 -0.140
40 CO2X(24) + HX(19) <=> HOX(22) + OCX(25) -0.000 -0.000
Finished sensitivity simulation for a C/O ratio of 0.7
Finished translating for C/O ratio of 0.7
Starting sensitivity simulation for a C/O ratio of 0.6
0 CH4(2) + X(1) <=> CH4X(48) 0.000 0.000
1 O2(3) + 2 X(1) <=> 2 OX(20) 0.169 0.210
2 H2(6) + 2 X(1) <=> 2 HX(19) 0.000 0.000
3 H(12) + X(1) <=> HX(19) -0.000 -0.000
4 HX(19) + OX(20) <=> HOX(22) + X(1) 0.000 0.000
5 H2O(5) + 2 X(1) <=> HOX(22) + HX(19) -0.000 -0.000
6 OH(17) + X(1) <=> HOX(22) 0.001 0.001
7 CH4(2) + 2 X(1) <=> CH3X(21) + HX(19) -0.000 -0.000
8 CH4(2) + OX(20) + X(1) <=> CH3X(21) + HOX(22) -0.222 -0.302
9 C2H6(8) + 2 X(1) <=> 2 CH3X(21) -0.000 -0.000
10 CH3(10) + X(1) <=> CH3X(21) -0.177 -0.190
11 CH3OH(14) + 2 X(1) <=> CH3X(21) + HOX(22) -0.000 -0.000
12 CH2X(27) + HX(19) <=> CH3X(21) + X(1) -0.000 -0.000
13 CH2X(27) + HOX(22) <=> CH3X(21) + OX(20) -0.000 -0.000
14 CHX(28) + HX(19) <=> CH2X(27) + X(1) -0.000 -0.000
15 CHX(28) + HOX(22) <=> CH2X(27) + OX(20) 0.000 0.000
16 2 CH2X(27) <=> CH3X(21) + CHX(28) 0.000 0.000
17 CHX(28) + X(1) <=> CX(26) + HX(19) 0.000 0.000
18 CX(26) + H2(6) <=> CH2X(27) -0.000 -0.000
19 CX(26) + HOX(22) <=> CHX(28) + OX(20) 0.000 0.000
20 CH3X(21) + CX(26) <=> CH2X(27) + CHX(28) -0.000 -0.000
21 CH2X(27) + CX(26) <=> 2 CHX(28) 0.000 0.000
22 CO(7) + X(1) <=> OCX(25) -0.000 -0.000
23 CX(26) + OX(20) <=> OCX(25) + X(1) -0.000 -0.000
24 CH4(2) + HOX(22) + X(1) <=> CH3X(21) + H2OX(23) -0.000 -0.000
25 H2O(5) + X(1) <=> H2OX(23) 0.000 0.000
26 H2OX(23) + OX(20) <=> 2 HOX(22) -0.000 -0.000
27 HOX(22) + HX(19) <=> H2OX(23) + X(1) -0.000 -0.000
28 H2(6) + X(1) <=> H2X(49) 0.000 0.000
29 CO(7) + X(1) <=> COX(50) 0.000 0.000
30 CH2O(9) + 2 X(1) <=> CHOX(53) + HX(19) 0.000 0.000
31 HCO(15) + X(1) <=> CHOX(53) -0.000 0.000
32 CH3CHO(16) + 2 X(1) <=> CH3X(21) + CHOX(53) 0.000 0.000
33 CHOX(53) + X(1) <=> HX(19) + OCX(25) 0.000 0.000
34 CHOX(53) + OX(20) <=> HOX(22) + OCX(25) 0.000 0.000
35 CH2X(27) + CHOX(53) <=> CH3X(21) + OCX(25) -0.000 0.000
36 CHOX(53) + CHX(28) <=> CH2X(27) + OCX(25) 0.000 0.000
37 CHOX(53) + CX(26) <=> CHX(28) + OCX(25) 0.000 0.000
38 CO2(4) + X(1) <=> CO2X(24) 0.000 0.000
39 OCX(25) + OX(20) <=> CO2X(24) + X(1) 0.011 0.010
40 CO2X(24) + HX(19) <=> HOX(22) + OCX(25) -0.000 -0.000
Finished sensitivity simulation for a C/O ratio of 0.6
Finished translating for C/O ratio of 0.6
Starting sensitivity simulation for a C/O ratio of 1.4
0 CH4(2) + X(1) <=> CH4X(48) 0.009 0.008
1 O2(3) + 2 X(1) <=> 2 OX(20) -0.513 -0.727
2 H2(6) + 2 X(1) <=> 2 HX(19) -0.000 -0.001
3 H(12) + X(1) <=> HX(19) 0.001 -0.000
4 HX(19) + OX(20) <=> HOX(22) + X(1) 0.000 -0.000
5 H2O(5) + 2 X(1) <=> HOX(22) + HX(19) 0.012 0.010
6 OH(17) + X(1) <=> HOX(22) 0.003 0.002
7 CH4(2) + 2 X(1) <=> CH3X(21) + HX(19) -0.003 -0.001
8 CH4(2) + OX(20) + X(1) <=> CH3X(21) + HOX(22) -0.600 -0.724
9 C2H6(8) + 2 X(1) <=> 2 CH3X(21) 0.008 0.008
10 CH3(10) + X(1) <=> CH3X(21) -0.116 -0.085
11 CH3OH(14) + 2 X(1) <=> CH3X(21) + HOX(22) 0.009 0.008
12 CH2X(27) + HX(19) <=> CH3X(21) + X(1) -0.000 0.001
13 CH2X(27) + HOX(22) <=> CH3X(21) + OX(20) 0.009 0.008
14 CHX(28) + HX(19) <=> CH2X(27) + X(1) -0.000 0.000
15 CHX(28) + HOX(22) <=> CH2X(27) + OX(20) 0.009 0.007
16 2 CH2X(27) <=> CH3X(21) + CHX(28) -0.000 0.000
17 CHX(28) + X(1) <=> CX(26) + HX(19) 0.009 0.007
18 CX(26) + H2(6) <=> CH2X(27) 0.007 0.006
19 CX(26) + HOX(22) <=> CHX(28) + OX(20) 0.009 0.008
20 CH3X(21) + CX(26) <=> CH2X(27) + CHX(28) 0.000 0.000
21 CH2X(27) + CX(26) <=> 2 CHX(28) 0.000 -0.001
22 CO(7) + X(1) <=> OCX(25) 0.008 0.008
23 CX(26) + OX(20) <=> OCX(25) + X(1) -0.014 -0.016
24 CH4(2) + HOX(22) + X(1) <=> CH3X(21) + H2OX(23) 0.008 0.008
25 H2O(5) + X(1) <=> H2OX(23) 0.000 -0.001
26 H2OX(23) + OX(20) <=> 2 HOX(22) 0.011 0.011
27 HOX(22) + HX(19) <=> H2OX(23) + X(1) -0.001 -0.001
28 H2(6) + X(1) <=> H2X(49) 0.009 0.008
29 CO(7) + X(1) <=> COX(50) 0.009 0.008
30 CH2O(9) + 2 X(1) <=> CHOX(53) + HX(19) -0.000 0.000
31 HCO(15) + X(1) <=> CHOX(53) 0.009 0.008
32 CH3CHO(16) + 2 X(1) <=> CH3X(21) + CHOX(53) 0.009 0.007
33 CHOX(53) + X(1) <=> HX(19) + OCX(25) -0.000 0.000
34 CHOX(53) + OX(20) <=> HOX(22) + OCX(25) 0.009 0.010
35 CH2X(27) + CHOX(53) <=> CH3X(21) + OCX(25) 0.009 0.008
36 CHOX(53) + CHX(28) <=> CH2X(27) + OCX(25) 0.009 0.007
37 CHOX(53) + CX(26) <=> CHX(28) + OCX(25) 0.009 0.008
38 CO2(4) + X(1) <=> CO2X(24) 0.009 0.008
39 OCX(25) + OX(20) <=> CO2X(24) + X(1) -0.083 -0.116
40 CO2X(24) + HX(19) <=> HOX(22) + OCX(25) 0.010 0.009
Finished sensitivity simulation for a C/O ratio of 1.4
Finished translating for C/O ratio of 1.4
