This mechanism contains 38 gas reactions and 41 surface reactions
Finished simulation at a C/O ratio of 2.6
Finished simulation at a C/O ratio of 1.8
Finished simulation at a C/O ratio of 1.0
Finished simulation at a C/O ratio of 2.4
Finished simulation at a C/O ratio of 1.3
Finished simulation at a C/O ratio of 1.6
Finished simulation at a C/O ratio of 0.8
Finished simulation at a C/O ratio of 0.7
Finished simulation at a C/O ratio of 0.9
Finished simulation at a C/O ratio of 2.0
Finished simulation at a C/O ratio of 0.6
Finished simulation at a C/O ratio of 2.2
Finished simulation at a C/O ratio of 1.4
Finished simulation at a C/O ratio of 1.1
Finished simulation at a C/O ratio of 1.2
Starting thermo sensitivity simulation for a C/O ratio of 2.2
0 X(1) 37.388 -INF -INF 93.564 81.547
1 HX(19) 4.645 NAN NAN -13131.599 -9689.032
2 OX(20) 2.998 NAN NAN -3086.409 -2351.206
3 CH3X(21) -2.324 NAN NAN -237.870 -197.587
4 HOX(22) -0.919 NAN NAN -1.017 -0.890
5 H2OX(23) 37.055 -INF -INF 93.268 81.528
6 CO2X(24) 37.381 -INF -INF 93.557 81.547
7 OCX(25) 37.388 -INF -INF 93.564 81.547
8 CX(26) 36.647 -INF -INF 92.964 81.488
9 CH2X(27) 2.552 NAN NAN -2888.686 -2204.661
10 CHX(28) 4.214 NAN NAN -8268.827 -6153.091
11 CH4X(48) 37.388 -INF -INF 93.564 81.547
12 H2X(49) -5.471 NAN NAN -10.222 -8.939
13 COX(50) 0.060 NAN NAN -974.003 -769.698
14 CHOX(53) 4.210 NAN NAN -7971.301 -5936.077
Finished thermo sensitivity simulation for a C/O ratio of 2.2
Starting thermo sensitivity simulation for a C/O ratio of 2.0
0 X(1) 3.747 NAN NAN -187.235 -160.994
1 HX(19) -38.928 -INF -INF 96.114 89.013
2 OX(20) -38.601 -INF -INF 96.166 89.025
3 CH3X(21) -1.342 NAN NAN 41.982 38.301
4 HOX(22) 7.127 NAN NAN 38.636 35.182
5 H2OX(23) 6.338 NAN NAN -680.431 -565.075
6 CO2X(24) -2.221 NAN NAN -54.906 -48.326
7 OCX(25) 3.996 NAN NAN 20.442 18.445
8 CX(26) 5.057 NAN NAN -57.107 -50.240
9 CH2X(27) 8.691 NAN NAN -5517.859 -4363.612
10 CHX(28) 24.821 NAN NAN 94.717 88.455
11 CH4X(48) -3.482 NAN NAN 47.869 43.828
12 H2X(49) 6.566 NAN NAN -890.475 -734.049
13 COX(50) -5.261 NAN NAN 41.970 38.288
14 CHOX(53) 8.085 NAN NAN -2940.136 -2353.611
Finished thermo sensitivity simulation for a C/O ratio of 2.0
Starting thermo sensitivity simulation for a C/O ratio of 1.6
0 X(1) -101.577 NAN NAN 99.805 99.098
1 HX(19) -8.009 NAN NAN 84.450 82.599
2 OX(20) -3.855 NAN NAN 75.332 73.360
3 CH3X(21) -12.560 NAN NAN 96.613 95.557
4 HOX(22) -7.090 NAN NAN 89.175 87.495
5 H2OX(23) -104.674 NAN NAN 99.776 99.094
6 CO2X(24) 2.469 NAN NAN -464.763 -437.660
7 OCX(25) 3.447 NAN NAN -5263.803 -4877.253
8 CX(26) 1.453 NAN NAN -79.187 -75.465
9 CH2X(27) 0.468 NAN NAN 76.589 74.623
10 CHX(28) -101.576 NAN NAN 99.805 99.098
11 CH4X(48) 0.983 NAN NAN -46.472 -44.387
12 H2X(49) -17.960 NAN NAN 95.674 94.494
13 COX(50) -9.053 NAN NAN 87.474 85.721
14 CHOX(53) 2.961 NAN NAN -1072.647 -1003.627
Finished thermo sensitivity simulation for a C/O ratio of 1.6
Starting thermo sensitivity simulation for a C/O ratio of 1.8
0 X(1) -41.184 -INF -INF 96.519 89.476
1 HX(19) -38.386 -INF -INF 97.009 89.551
2 OX(20) -11.430 NAN NAN -12.452 -11.105
3 CH3X(21) -4.117 -INF -INF 96.918 89.544
4 HOX(22) -4.515 NAN NAN 34.895 31.739
5 H2OX(23) -5.792 NAN NAN -236.509 -202.574
6 CO2X(24) 3.807 NAN NAN -4861.674 -3866.135
7 OCX(25) -30.485 NAN NAN 62.763 58.097
8 CX(26) -3.620 -INF -INF 97.062 89.552
9 CH2X(27) -3.059 NAN NAN 40.427 36.879
10 CHX(28) -3.620 -INF -INF 97.062 89.552
11 CH4X(48) -11.689 NAN NAN 7.508 6.741
12 H2X(49) -76.282 NAN NAN 55.595 51.195
13 COX(50) 4.501 NAN NAN -12881.603 -10094.175
14 CHOX(53) 3.299 NAN NAN -2733.517 -2198.452
Finished thermo sensitivity simulation for a C/O ratio of 1.8
Starting thermo sensitivity simulation for a C/O ratio of 2.4
0 X(1) -9.790 NAN NAN -48.414 -41.631
1 HX(19) 6.950 NAN NAN -668.977 -531.641
2 OX(20) 0.683 NAN NAN 14.998 13.227
3 CH3X(21) -1.272 NAN NAN -198.796 -165.205
4 HOX(22) 20.739 NAN NAN -7.572 -6.606
5 H2OX(23) 3.640 NAN NAN -5.249 -4.584
6 CO2X(24) -5.937 NAN NAN -42.723 -36.808
7 OCX(25) 9.836 NAN NAN -2102.626 -1603.140
8 CX(26) 8.676 NAN NAN -204.624 -169.888
9 CH2X(27) 8.954 NAN NAN -335.356 -273.620
10 CHX(28) 6.875 NAN NAN -917.935 -720.742
11 CH4X(48) 8.924 NAN NAN -488.116 -392.644
12 H2X(49) 8.916 NAN NAN -1256.647 -975.299
13 COX(50) 5.625 NAN NAN -58.197 -49.896
14 CHOX(53) 11.408 NAN NAN -10298.247 -7532.420
Finished thermo sensitivity simulation for a C/O ratio of 2.4
Starting thermo sensitivity simulation for a C/O ratio of 1.4
0 X(1) 7.201 NAN NAN -26.295 -22.983
1 HX(19) 198.903 INF -INF 95.831 84.177
2 OX(20) 37.640 NAN NAN -208.363 -175.196
3 CH3X(21) 42.570 NAN NAN -489.674 -400.537
4 HOX(22) 46.874 NAN NAN -1459.465 -1151.384
5 H2OX(23) 34.933 NAN NAN -48.045 -41.717
6 CO2X(24) 47.800 NAN NAN -2453.166 -1905.984
7 OCX(25) 20.883 NAN NAN -0.236 -0.208
8 CX(26) 43.477 NAN NAN -493.349 -403.441
9 CH2X(27) 34.089 NAN NAN -25.516 -22.309
10 CHX(28) -31.052 NAN NAN 32.745 29.334
11 CH4X(48) 48.280 NAN NAN -3277.059 -2526.558
12 H2X(49) 45.071 NAN NAN -668.799 -541.293
13 COX(50) 49.376 NAN NAN -14097.958 -10552.701
14 CHOX(53) 49.176 NAN NAN -9676.632 -7288.309
Finished thermo sensitivity simulation for a C/O ratio of 1.4
Starting thermo sensitivity simulation for a C/O ratio of 1.1
0 X(1) -INF NAN NAN 97.351 90.422
1 HX(19) 4.574 NAN NAN -33.337 -29.754
2 OX(20) 12.259 NAN NAN -1922.877 -1574.161
3 CH3X(21) -12.165 NAN NAN 43.685 40.147
4 HOX(22) 9.309 NAN NAN -148.393 -129.524
5 H2OX(23) 8.457 NAN NAN -249.132 -214.890
6 CO2X(24) -INF NAN NAN 98.041 90.536
7 OCX(25) -INF NAN NAN 94.587 89.021
8 CX(26) 10.084 NAN NAN -745.204 -624.554
9 CH2X(27) 13.833 NAN NAN -6751.385 -5395.945
10 CHX(28) -105.577 NAN NAN 81.917 77.290
11 CH4X(48) 2.706 NAN NAN -47.417 -42.166
12 H2X(49) -6.404 NAN NAN 46.855 43.138
13 COX(50) -INF NAN NAN 97.801 90.513
14 CHOX(53) 7.672 NAN NAN 29.070 26.520
Finished thermo sensitivity simulation for a C/O ratio of 1.1
Starting thermo sensitivity simulation for a C/O ratio of 0.8
0 X(1) -10.833 NAN NAN -5034.842 -4017.589
1 HX(19) -71.622 NAN NAN 31.407 28.745
2 OX(20) -47.639 NAN NAN 68.759 64.271
3 CH3X(21) -10.855 NAN NAN -5043.735 -4024.553
4 HOX(22) -11.443 NAN NAN -1983.398 -1614.899
5 H2OX(23) -25.977 NAN NAN 3.959 3.581
6 CO2X(24) -17.375 NAN NAN -11.355 -10.220
7 OCX(25) -30.719 NAN NAN 0.042 0.038
8 CX(26) -12.519 NAN NAN -1862.221 -1518.592
9 CH2X(27) -12.220 NAN NAN -2045.482 -1664.197
10 CHX(28) -INF NAN NAN 97.665 89.131
11 CH4X(48) -12.764 NAN NAN -1527.674 -1252.054
12 H2X(49) -27.451 NAN NAN -46.392 -41.328
13 COX(50) -11.409 NAN NAN -4313.224 -3452.012
14 CHOX(53) -10.709 NAN NAN -9383.299 -7409.461
Finished thermo sensitivity simulation for a C/O ratio of 0.8
Starting thermo sensitivity simulation for a C/O ratio of 0.9
0 X(1) 12.814 NAN NAN -321.150 -277.551
1 HX(19) 3.959 NAN NAN 15.705 14.313
2 OX(20) 230.544 INF -INF 97.574 91.321
3 CH3X(21) 8.241 NAN NAN -63.286 -56.477
4 HOX(22) 2.907 NAN NAN -8.505 -7.697
5 H2OX(23) 3.794 NAN NAN -101.333 -89.777
6 CO2X(24) -INF -INF -INF 98.370 91.483
7 OCX(25) 15.509 NAN NAN -2433.654 -2003.303
8 CX(26) 16.038 NAN NAN -4933.463 -4008.407
9 CH2X(27) -INF -INF -INF 98.482 91.488
10 CHX(28) -INF -INF -INF 98.457 91.487
11 CH4X(48) -INF -INF -INF 98.431 91.486
12 H2X(49) 227.539 INF -INF 97.964 91.422
13 COX(50) 15.152 NAN NAN -552.077 -470.647
14 CHOX(53) 15.606 NAN NAN -2877.601 -2360.834
Finished thermo sensitivity simulation for a C/O ratio of 0.9
Starting thermo sensitivity simulation for a C/O ratio of 2.6
0 X(1) 1.172 -INF -INF 94.063 85.071
1 HX(19) 17.243 NAN NAN -1231.452 -985.759
2 OX(20) 18.398 NAN NAN -8.678 -7.685
3 CH3X(21) 2.775 NAN NAN -3.824 -3.393
4 HOX(22) 18.255 NAN NAN 14.113 12.620
5 H2OX(23) 16.185 NAN NAN -114.992 -98.875
6 CO2X(24) 16.589 NAN NAN -3088.450 -2410.348
7 OCX(25) 34.430 NAN NAN 94.272 85.085
8 CX(26) 18.335 NAN NAN -366852.424 -271184.442
9 CH2X(27) 17.699 NAN NAN -27.265 -23.984
10 CHX(28) 2.493 NAN NAN 16.374 14.660
11 CH4X(48) 21.317 NAN NAN 94.272 85.085
12 H2X(49) 8.170 NAN NAN 2.451 2.179
13 COX(50) 21.162 NAN NAN 94.181 85.081
14 CHOX(53) 16.430 NAN NAN -1018.121 -819.776
Finished thermo sensitivity simulation for a C/O ratio of 2.6
Starting sensitivity simulation for a C/O ratio of 2.4
0 CH4(2) + X(1) <=> CH4X(48) 3.830 NAN NAN -95.020 -80.645
1 O2(3) + 2 X(1) <=> 2 OX(20) 4.489 NAN NAN -312.956 -256.496
2 H2(6) + 2 X(1) <=> 2 HX(19) 3.628 NAN NAN -5.192 -4.619
3 H(12) + X(1) <=> HX(19) -39.350 NAN NAN 91.477 78.910
4 HX(19) + OX(20) <=> HOX(22) + X(1) 5.054 NAN NAN -276.360 -227.077
5 H2O(5) + 2 X(1) <=> HOX(22) + HX(19) 8.511 NAN NAN -869.853 -684.377
6 OH(17) + X(1) <=> HOX(22) 9.148 NAN NAN -1537.749 -1184.929
7 CH4(2) + 2 X(1) <=> CH3X(21) + HX(19) 3.518 NAN NAN -71.633 -61.174
8 CH4(2) + OX(20) + X(1) <=> CH3X(21) + HOX(22) -0.716 NAN NAN 13.667 12.045
9 C2H6(8) + 2 X(1) <=> 2 CH3X(21) 3.012 NAN NAN -249.941 -206.102
10 CH3(10) + X(1) <=> CH3X(21) 9.170 NAN NAN -1241.767 -965.368
11 CH3OH(14) + 2 X(1) <=> CH3X(21) + HOX(22) 4.202 NAN NAN -409.687 -331.765
12 CH2X(27) + HX(19) <=> CH3X(21) + X(1) 11.751 NAN NAN -57958.014 -41342.171
13 CH2X(27) + HOX(22) <=> CH3X(21) + OX(20) 2.696 NAN NAN -30.036 -25.977
14 CHX(28) + HX(19) <=> CH2X(27) + X(1) 57.493 NAN NAN 90.685 78.752
15 CHX(28) + HOX(22) <=> CH2X(27) + OX(20) 0.926 NAN NAN -42.341 -36.485
16 2 CH2X(27) <=> CH3X(21) + CHX(28) 10.948 NAN NAN -6664.209 -4919.984
17 CHX(28) + X(1) <=> CX(26) + HX(19) 10.961 NAN NAN -6904.683 -5093.366
18 CX(26) + H2(6) <=> CH2X(27) 2.517 NAN NAN -470.388 -378.922
19 CX(26) + HOX(22) <=> CHX(28) + OX(20) 8.066 NAN NAN -22.164 -19.235
20 CH3X(21) + CX(26) <=> CH2X(27) + CHX(28) 7.953 NAN NAN -1068.462 -834.187
21 CH2X(27) + CX(26) <=> 2 CHX(28) -213.229 NAN NAN 78.642 70.988
22 CO(7) + X(1) <=> OCX(25) 2.975 NAN NAN -39.108 -33.749
23 CX(26) + OX(20) <=> OCX(25) + X(1) 1.439 NAN NAN -190.198 -158.287
24 H2(6) + X(1) <=> H2X(49) 10.048 NAN NAN -1530.630 -1179.632
25 CO(7) + X(1) <=> COX(50) -107.995 NAN NAN 91.755 78.943
26 CH2O(9) + 2 X(1) <=> CHOX(53) + HX(19) 9.645 NAN NAN -19.860 -17.249
27 HCO(15) + X(1) <=> CHOX(53) -38.077 NAN NAN 92.033 78.958
28 CH3CHO(16) + 2 X(1) <=> CH3X(21) + CHOX(53) -4.689 NAN NAN -108.574 -91.843
29 CHOX(53) + X(1) <=> HX(19) + OCX(25) 9.237 NAN NAN -769.735 -608.432
30 HOX(22) + OCX(25) <=> CHOX(53) + OX(20) 13.424 NAN NAN 10.639 9.364
31 CH2X(27) + CHOX(53) <=> CH3X(21) + OCX(25) 6.778 NAN NAN -1.471 -1.285
32 CHOX(53) + CHX(28) <=> CH2X(27) + OCX(25) 8.866 NAN NAN -1203.392 -935.440
33 CHOX(53) + CX(26) <=> CHX(28) + OCX(25) 6.011 NAN NAN -34.353 -29.684
34 CO2(4) + X(1) <=> CO2X(24) -111.304 NAN NAN 90.944 78.813
35 OCX(25) + OX(20) <=> CO2X(24) + X(1) 10.852 NAN NAN -4677.770 -3483.637
36 CO2X(24) + HX(19) <=> HOX(22) + OCX(25) 11.163 NAN NAN -4200.837 -3137.392
37 CH4(2) + HOX(22) + X(1) <=> CH3X(21) + H2OX(23) 15.661 NAN NAN 91.044 78.834
38 H2O(5) + X(1) <=> H2OX(23) 58.123 NAN NAN 91.387 78.897
39 H2OX(23) + OX(20) <=> 2 HOX(22) 9.871 NAN NAN -2273.861 -1729.103
40 HOX(22) + HX(19) <=> H2OX(23) + X(1) 10.153 NAN NAN -3855.592 -2886.302
Finished sensitivity simulation for a C/O ratio of 2.4
Finished translating for C/O ratio of 2.4
Starting sensitivity simulation for a C/O ratio of 1.4
0 CH4(2) + X(1) <=> CH4X(48) -7.819 NAN NAN 45.975 41.480
1 O2(3) + 2 X(1) <=> 2 OX(20) 20.227 NAN NAN -0.989 -1.063
2 H2(6) + 2 X(1) <=> 2 HX(19) 46.910 NAN NAN -1594.019 -1252.675
3 H(12) + X(1) <=> HX(19) 49.212 NAN NAN -11714.547 -8794.496
4 HX(19) + OX(20) <=> HOX(22) + X(1) 44.657 NAN NAN -410.001 -337.386
5 H2O(5) + 2 X(1) <=> HOX(22) + HX(19) 17.041 NAN NAN 6.563 5.809
6 OH(17) + X(1) <=> HOX(22) 199.942 INF -INF 95.403 84.123
7 CH4(2) + 2 X(1) <=> CH3X(21) + HX(19) 48.917 NAN NAN -6181.457 -4696.161
8 CH4(2) + OX(20) + X(1) <=> CH3X(21) + HOX(22) 19.214 NAN NAN 9.260 8.204
9 C2H6(8) + 2 X(1) <=> 2 CH3X(21) 48.390 NAN NAN -4050.497 -3106.542
10 CH3(10) + X(1) <=> CH3X(21) -6.798 NAN NAN 46.675 41.979
11 CH3OH(14) + 2 X(1) <=> CH3X(21) + HOX(22) 49.225 NAN NAN -10404.752 -7826.788
12 CH2X(27) + HX(19) <=> CH3X(21) + X(1) 23.712 NAN NAN -19.095 -16.356
13 CH2X(27) + HOX(22) <=> CH3X(21) + OX(20) 49.515 NAN NAN -21839.661 -16247.576
14 CHX(28) + HX(19) <=> CH2X(27) + X(1) 35.440 NAN NAN 19.930 17.726
15 CHX(28) + HOX(22) <=> CH2X(27) + OX(20) 29.174 NAN NAN -83.763 -72.055
16 2 CH2X(27) <=> CH3X(21) + CHX(28) 33.689 NAN NAN -131.761 -112.188
17 CHX(28) + X(1) <=> CX(26) + HX(19) 198.943 INF -INF 95.812 84.176
18 CX(26) + H2(6) <=> CH2X(27) 20.074 NAN NAN -1.361 -1.204
19 CX(26) + HOX(22) <=> CHX(28) + OX(20) 32.791 NAN NAN -18.232 -15.987
20 CH3X(21) + CX(26) <=> CH2X(27) + CHX(28) 33.481 NAN NAN -16.909 -14.830
21 CH2X(27) + CX(26) <=> 2 CHX(28) 40.041 NAN NAN -275.184 -229.416
22 CO(7) + X(1) <=> OCX(25) 40.794 NAN NAN 18.708 16.646
23 CX(26) + OX(20) <=> OCX(25) + X(1) 48.440 NAN NAN -3406.846 -2624.028
24 H2(6) + X(1) <=> H2X(49) 302.800 INF -INF 94.897 84.020
25 CO(7) + X(1) <=> COX(50) 11.621 NAN NAN -46.085 -40.040
26 CH2O(9) + 2 X(1) <=> CHOX(53) + HX(19) 34.061 NAN NAN -35.394 -30.849
27 HCO(15) + X(1) <=> CHOX(53) -INF -INF -INF 96.044 84.188
28 CH3CHO(16) + 2 X(1) <=> CH3X(21) + CHOX(53) 49.800 NAN NAN -83983.197 -61669.559
29 CHOX(53) + X(1) <=> HX(19) + OCX(25) 201.748 INF -INF 94.790 83.991
30 HOX(22) + OCX(25) <=> CHOX(53) + OX(20) 297.165 INF -INF 95.987 84.187
31 CH2X(27) + CHOX(53) <=> CH3X(21) + OCX(25) 48.179 NAN NAN -2212.727 -1724.155
32 CHOX(53) + CHX(28) <=> CH2X(27) + OCX(25) 31.209 NAN NAN -52.105 -45.190
33 CHOX(53) + CX(26) <=> CHX(28) + OCX(25) 48.956 NAN NAN -8037.936 -6074.711
34 CO2(4) + X(1) <=> CO2X(24) 47.426 NAN NAN -13.419 -11.788
35 OCX(25) + OX(20) <=> CO2X(24) + X(1) 48.095 NAN NAN -849.743 -682.210
36 CO2X(24) + HX(19) <=> HOX(22) + OCX(25) 43.513 NAN NAN -291.850 -242.919
37 CH4(2) + HOX(22) + X(1) <=> CH3X(21) + H2OX(23) 198.791 INF -INF 95.883 84.181
38 H2O(5) + X(1) <=> H2OX(23) 47.178 NAN NAN -714.162 -576.723
39 H2OX(23) + OX(20) <=> 2 HOX(22) 14.399 NAN NAN -28.460 -24.697
40 HOX(22) + HX(19) <=> H2OX(23) + X(1) 48.562 NAN NAN -3942.659 -3025.778
Finished sensitivity simulation for a C/O ratio of 1.4
Finished translating for C/O ratio of 1.4
Starting sensitivity simulation for a C/O ratio of 2.2
0 CH4(2) + X(1) <=> CH4X(48) -10.250 NAN NAN -15.723 -13.721
1 O2(3) + 2 X(1) <=> 2 OX(20) 5.691 NAN NAN -16753.244 -12332.530
2 H2(6) + 2 X(1) <=> 2 HX(19) 37.156 -INF -INF 93.353 81.536
3 H(12) + X(1) <=> HX(19) -4.662 NAN NAN -9.292 -8.128
4 HX(19) + OX(20) <=> HOX(22) + X(1) 59.998 NAN NAN 93.338 81.535
5 H2O(5) + 2 X(1) <=> HOX(22) + HX(19) -6.464 NAN NAN -79.964 -68.412
6 OH(17) + X(1) <=> HOX(22) 37.022 -INF -INF 93.242 81.525
7 CH4(2) + 2 X(1) <=> CH3X(21) + HX(19) 3.323 NAN NAN -2877.289 -2196.204
8 CH4(2) + OX(20) + X(1) <=> CH3X(21) + HOX(22) 5.065 NAN NAN -27997.970 -20433.759
9 C2H6(8) + 2 X(1) <=> 2 CH3X(21) 0.753 NAN NAN -26.737 -23.245
10 CH3(10) + X(1) <=> CH3X(21) -6.511 NAN NAN 1.404 1.004
11 CH3OH(14) + 2 X(1) <=> CH3X(21) + HOX(22) -1.124 NAN NAN -418.109 -340.611
12 CH2X(27) + HX(19) <=> CH3X(21) + X(1) 3.658 NAN NAN -8879.817 -6592.776
13 CH2X(27) + HOX(22) <=> CH3X(21) + OX(20) -9.729 NAN NAN -15.121 -13.201
14 CHX(28) + HX(19) <=> CH2X(27) + X(1) -12.799 NAN NAN -18.662 -16.270
15 CHX(28) + HOX(22) <=> CH2X(27) + OX(20) 4.129 NAN NAN -6916.244 -5165.629
16 2 CH2X(27) <=> CH3X(21) + CHX(28) -1.998 NAN NAN -2.204 -1.935
17 CHX(28) + X(1) <=> CX(26) + HX(19) 2.875 NAN NAN -3142.536 -2392.771
18 CX(26) + H2(6) <=> CH2X(27) 37.234 -INF -INF 93.418 81.541
19 CX(26) + HOX(22) <=> CHX(28) + OX(20) 37.277 -INF -INF 93.457 81.543
20 CH3X(21) + CX(26) <=> CH2X(27) + CHX(28) -2.875 NAN NAN -3.177 -2.784
21 CH2X(27) + CX(26) <=> 2 CHX(28) 3.092 NAN NAN -3381.536 -2569.611
22 CO(7) + X(1) <=> OCX(25) 48.867 NAN NAN 91.595 81.125
23 CX(26) + OX(20) <=> OCX(25) + X(1) 3.224 NAN NAN -74.029 -63.434
24 H2(6) + X(1) <=> H2X(49) 8.527 NAN NAN -19.532 -17.024
25 CO(7) + X(1) <=> COX(50) 3.231 NAN NAN -2975.056 -2268.697
26 CH2O(9) + 2 X(1) <=> CHOX(53) + HX(19) -16.010 NAN NAN -164.629 -138.320
27 HCO(15) + X(1) <=> CHOX(53) -7.999 NAN NAN 16.603 14.700
28 CH3CHO(16) + 2 X(1) <=> CH3X(21) + CHOX(53) -9.415 NAN NAN -10.415 -9.111
29 CHOX(53) + X(1) <=> HX(19) + OCX(25) 1.115 NAN NAN -225.699 -187.831
30 HOX(22) + OCX(25) <=> CHOX(53) + OX(20) 36.566 -INF -INF 92.908 81.478
31 CH2X(27) + CHOX(53) <=> CH3X(21) + OCX(25) -0.946 NAN NAN -555.796 -448.148
32 CHOX(53) + CHX(28) <=> CH2X(27) + OCX(25) 12.265 NAN NAN 6.598 5.817
33 CHOX(53) + CX(26) <=> CHX(28) + OCX(25) 1.124 NAN NAN -26.219 -22.798
34 CO2(4) + X(1) <=> CO2X(24) 2.459 NAN NAN -75.522 -64.688
35 OCX(25) + OX(20) <=> CO2X(24) + X(1) 3.242 NAN NAN -3743.361 -2836.889
36 CO2X(24) + HX(19) <=> HOX(22) + OCX(25) 4.553 NAN NAN -11590.804 -8570.531
37 CH4(2) + HOX(22) + X(1) <=> CH3X(21) + H2OX(23) 4.019 NAN NAN -4927.803 -3708.863
38 H2O(5) + X(1) <=> H2OX(23) -25.572 NAN NAN 25.961 23.091
39 H2OX(23) + OX(20) <=> 2 HOX(22) 7.840 NAN NAN -20.673 -17.829
40 HOX(22) + HX(19) <=> H2OX(23) + X(1) 37.255 -INF -INF 93.437 81.542
Finished sensitivity simulation for a C/O ratio of 2.2
Finished translating for C/O ratio of 2.2
Starting sensitivity simulation for a C/O ratio of 0.7
0 CH4(2) + X(1) <=> CH4X(48) INF NAN NAN -15.153 -0.278
1 O2(3) + 2 X(1) <=> 2 OX(20) 199.843 374.567 -174.136 2.971 0.022
2 H2(6) + 2 X(1) <=> 2 HX(19) 185.513 100.000 100.000 -35013.920 -5197.420
3 H(12) + X(1) <=> HX(19) 181.615 100.000 100.000 -372870.848 -51713.491
4 HX(19) + OX(20) <=> HOX(22) + X(1) 187.167 100.000 100.000 -20000.926 -3041.843
5 H2O(5) + 2 X(1) <=> HOX(22) + HX(19) 207.906 100.000 100.000 -717.697 -86.768
6 OH(17) + X(1) <=> HOX(22) 184.388 100.000 100.000 -18416.931 -2810.251
7 CH4(2) + 2 X(1) <=> CH3X(21) + HX(19) 186.518 100.000 100.000 -10143.698 -1582.321
8 CH4(2) + OX(20) + X(1) <=> CH3X(21) + HOX(22) 191.355 100.000 100.000 -4599.457 -726.626
9 C2H6(8) + 2 X(1) <=> 2 CH3X(21) 177.993 100.000 100.000 -10298.232 -1605.667
10 CH3(10) + X(1) <=> CH3X(21) 185.157 100.000 100.000 -4246.660 -672.174
11 CH3OH(14) + 2 X(1) <=> CH3X(21) + HOX(22) 182.849 100.000 100.000 -90859.365 -13053.730
12 CH2X(27) + HX(19) <=> CH3X(21) + X(1) 183.356 100.000 100.000 -87814.579 -12609.149
13 CH2X(27) + HOX(22) <=> CH3X(21) + OX(20) 183.809 100.000 100.000 -78362.068 -11312.318
14 CHX(28) + HX(19) <=> CH2X(27) + X(1) 186.138 100.000 100.000 -4309.766 -680.451
15 CHX(28) + HOX(22) <=> CH2X(27) + OX(20) 189.965 100.000 100.000 -3618.452 -569.322
16 2 CH2X(27) <=> CH3X(21) + CHX(28) 183.229 100.000 100.000 -77802.793 -11234.123
17 CHX(28) + X(1) <=> CX(26) + HX(19) 182.787 100.000 100.000 -240148.651 -33607.090
18 CX(26) + H2(6) <=> CH2X(27) INF NAN NAN 5.167 0.063
19 CX(26) + HOX(22) <=> CHX(28) + OX(20) 181.440 100.000 100.000 -609645.336 -83848.033
20 CH3X(21) + CX(26) <=> CH2X(27) + CHX(28) 199.689 349.223 -148.449 5.670 0.052
21 CH2X(27) + CX(26) <=> 2 CHX(28) 180.697 100.000 100.000 -3414059.279 -461038.615
22 CO(7) + X(1) <=> OCX(25) 264.201 100.000 100.000 -453.078 -45.436
23 CX(26) + OX(20) <=> OCX(25) + X(1) INF NAN NAN 5.175 0.049
24 H2(6) + X(1) <=> H2X(49) 184.876 100.000 100.000 -35628.566 -5293.641
25 CO(7) + X(1) <=> COX(50) 201.160 378.191 -181.420 -17.988 -0.348
26 CH2O(9) + 2 X(1) <=> CHOX(53) + HX(19) 187.206 100.000 100.000 -16724.584 -2561.861
27 HCO(15) + X(1) <=> CHOX(53) 200.581 376.596 -178.202 -9.449 -0.153
28 CH3CHO(16) + 2 X(1) <=> CH3X(21) + CHOX(53) 190.648 100.000 100.000 -6410.507 -1011.169
29 CHOX(53) + X(1) <=> HX(19) + OCX(25) 182.669 100.000 100.000 -50606.846 -7418.796
30 HOX(22) + OCX(25) <=> CHOX(53) + OX(20) 199.918 199.918 0.163 1.432 0.016
31 CH2X(27) + CHOX(53) <=> CH3X(21) + OCX(25) 204.995 231.244 -37.801 -63.849 -2.155
32 CHOX(53) + CHX(28) <=> CH2X(27) + OCX(25) 199.736 349.339 -148.680 4.782 0.046
33 CHOX(53) + CX(26) <=> CHX(28) + OCX(25) INF NAN NAN 4.422 0.044
34 CO2(4) + X(1) <=> CO2X(24) 191.633 100.000 100.000 -5546.370 -876.249
35 OCX(25) + OX(20) <=> CO2X(24) + X(1) 183.552 100.000 100.000 -90252.145 -12969.239
36 CO2X(24) + HX(19) <=> HOX(22) + OCX(25) 185.727 100.000 100.000 -7802.543 -1226.080
37 CH4(2) + HOX(22) + X(1) <=> CH3X(21) + H2OX(23) 203.467 100.000 100.000 -1177.677 -163.726
38 H2O(5) + X(1) <=> H2OX(23) 185.431 100.000 100.000 -24668.160 -3719.790
39 H2OX(23) + OX(20) <=> 2 HOX(22) 199.736 224.670 -24.341 4.690 0.050
40 HOX(22) + HX(19) <=> H2OX(23) + X(1) 195.544 100.000 100.000 -7283.136 -1146.196
Finished sensitivity simulation for a C/O ratio of 0.7
Finished translating for C/O ratio of 0.7
Starting sensitivity simulation for a C/O ratio of 2.6
0 CH4(2) + X(1) <=> CH4X(48) 18.155 NAN NAN -95223.091 -70830.803
1 O2(3) + 2 X(1) <=> 2 OX(20) 20.155 NAN NAN 93.737 85.009
2 H2(6) + 2 X(1) <=> 2 HX(19) 17.661 NAN NAN -35320.339 -26455.625
3 H(12) + X(1) <=> HX(19) 15.461 NAN NAN 10.892 9.724
4 HX(19) + OX(20) <=> HOX(22) + X(1) 12.516 NAN NAN 7.488 6.674
5 H2O(5) + 2 X(1) <=> HOX(22) + HX(19) 25.572 NAN NAN 72.787 67.510
6 OH(17) + X(1) <=> HOX(22) 14.917 NAN NAN -547.800 -449.929
7 CH4(2) + 2 X(1) <=> CH3X(21) + HX(19) 1.393 NAN NAN 15.341 13.725
8 CH4(2) + OX(20) + X(1) <=> CH3X(21) + HOX(22) 34.430 NAN NAN 94.272 85.085
9 C2H6(8) + 2 X(1) <=> 2 CH3X(21) 16.786 NAN NAN -5085.855 -3924.481
10 CH3(10) + X(1) <=> CH3X(21) 16.842 NAN NAN -2756.378 -2158.860
11 CH3OH(14) + 2 X(1) <=> CH3X(21) + HOX(22) 16.543 NAN NAN -1698.356 -1346.691
12 CH2X(27) + HX(19) <=> CH3X(21) + X(1) 19.852 NAN NAN 93.563 85.000
13 CH2X(27) + HOX(22) <=> CH3X(21) + OX(20) 11.989 NAN NAN -46.368 -40.542
14 CHX(28) + HX(19) <=> CH2X(27) + X(1) 15.597 NAN NAN 28.642 25.799
15 CHX(28) + HOX(22) <=> CH2X(27) + OX(20) 33.452 NAN NAN 93.706 85.016
16 2 CH2X(27) <=> CH3X(21) + CHX(28) 19.636 NAN NAN 32.394 29.242
17 CHX(28) + X(1) <=> CX(26) + HX(19) 19.523 NAN NAN 72.846 67.570
18 CX(26) + H2(6) <=> CH2X(27) 16.077 NAN NAN -679.940 -554.564
19 CX(26) + HOX(22) <=> CHX(28) + OX(20) 87.477 NAN NAN 90.813 83.746
20 CH3X(21) + CX(26) <=> CH2X(27) + CHX(28) 17.519 NAN NAN -12100.260 -9192.107
21 CH2X(27) + CX(26) <=> 2 CHX(28) 14.251 NAN NAN -11.665 -10.318
22 CO(7) + X(1) <=> OCX(25) 16.606 NAN NAN -4529.642 -3503.901
23 CX(26) + OX(20) <=> OCX(25) + X(1) 21.317 NAN NAN 94.272 85.085
24 H2(6) + X(1) <=> H2X(49) 4.063 NAN NAN 17.854 15.991
25 CO(7) + X(1) <=> COX(50) 33.026 NAN NAN 93.504 84.971
26 CH2O(9) + 2 X(1) <=> CHOX(53) + HX(19) 28.932 NAN NAN 76.570 71.187
27 HCO(15) + X(1) <=> CHOX(53) 20.899 NAN NAN 94.043 85.069
28 CH3CHO(16) + 2 X(1) <=> CH3X(21) + CHOX(53) 16.288 NAN NAN -1874.183 -1481.988
29 CHOX(53) + X(1) <=> HX(19) + OCX(25) 16.797 NAN NAN -4229.349 -3276.555
30 HOX(22) + OCX(25) <=> CHOX(53) + OX(20) 18.141 NAN NAN -92261.668 -68641.595
31 CH2X(27) + CHOX(53) <=> CH3X(21) + OCX(25) 15.934 NAN NAN -300.419 -251.549
32 CHOX(53) + CHX(28) <=> CH2X(27) + OCX(25) 15.390 NAN NAN -1723.972 -1366.426
33 CHOX(53) + CX(26) <=> CHX(28) + OCX(25) 16.231 NAN NAN -1319.966 -1054.403
34 CO2(4) + X(1) <=> CO2X(24) 31.830 NAN NAN 93.005 84.826
35 OCX(25) + OX(20) <=> CO2X(24) + X(1) 21.317 NAN NAN 94.272 85.085
36 CO2X(24) + HX(19) <=> HOX(22) + OCX(25) 14.080 NAN NAN 9.294 8.294
37 CH4(2) + HOX(22) + X(1) <=> CH3X(21) + H2OX(23) 34.213 NAN NAN 94.124 85.077
38 H2O(5) + X(1) <=> H2OX(23) 12.736 NAN NAN -336.311 -280.607
39 H2OX(23) + OX(20) <=> 2 HOX(22) 16.671 NAN NAN -3105.084 -2422.865
40 HOX(22) + HX(19) <=> H2OX(23) + X(1) 33.313 NAN NAN 93.638 85.002
Finished sensitivity simulation for a C/O ratio of 2.6
Finished translating for C/O ratio of 2.6
Starting sensitivity simulation for a C/O ratio of 1.8
0 CH4(2) + X(1) <=> CH4X(48) -1.188 NAN NAN -168.274 -145.323
1 O2(3) + 2 X(1) <=> 2 OX(20) -3.309 NAN NAN -29.331 -26.237
2 H2(6) + 2 X(1) <=> 2 HX(19) 2.295 NAN NAN -1364.083 -1113.833
3 H(12) + X(1) <=> HX(19) 5.075 NAN NAN -50515.941 -39073.493
4 HX(19) + OX(20) <=> HOX(22) + X(1) -8.667 NAN NAN 29.646 26.890
5 H2O(5) + 2 X(1) <=> HOX(22) + HX(19) 2.112 NAN NAN 37.269 33.937
6 OH(17) + X(1) <=> HOX(22) -23.303 NAN NAN 27.459 24.882
7 CH4(2) + 2 X(1) <=> CH3X(21) + HX(19) -8.857 NAN NAN 48.650 44.592
8 CH4(2) + OX(20) + X(1) <=> CH3X(21) + HOX(22) 2.382 NAN NAN -1325.658 -1084.351
9 C2H6(8) + 2 X(1) <=> 2 CH3X(21) -13.253 NAN NAN 41.395 37.783
10 CH3(10) + X(1) <=> CH3X(21) 2.768 NAN NAN -1822.715 -1480.477
11 CH3OH(14) + 2 X(1) <=> CH3X(21) + HOX(22) -3.620 -INF -INF 97.062 89.552
12 CH2X(27) + HX(19) <=> CH3X(21) + X(1) 3.612 NAN NAN -8439.897 -6645.935
13 CH2X(27) + HOX(22) <=> CH3X(21) + OX(20) -6.349 -INF -INF 96.430 89.454
14 CHX(28) + HX(19) <=> CH2X(27) + X(1) -37.749 NAN NAN 60.437 55.845
15 CHX(28) + HOX(22) <=> CH2X(27) + OX(20) 1.759 NAN NAN -1074.213 -883.433
16 2 CH2X(27) <=> CH3X(21) + CHX(28) -1.950 NAN NAN -155.968 -134.928
17 CHX(28) + X(1) <=> CX(26) + HX(19) -5.380 -INF -INF 96.624 89.499
18 CX(26) + H2(6) <=> CH2X(27) -3.621 -INF -INF 97.062 89.552
19 CX(26) + HOX(22) <=> CHX(28) + OX(20) 4.171 NAN NAN -6599.751 -5221.136
20 CH3X(21) + CX(26) <=> CH2X(27) + CHX(28) -3.637 -INF -INF 97.056 89.552
21 CH2X(27) + CX(26) <=> 2 CHX(28) -3.620 -INF -INF 97.062 89.552
22 CO(7) + X(1) <=> OCX(25) 22.628 NAN NAN -33.450 -29.648
23 CX(26) + OX(20) <=> OCX(25) + X(1) 2.422 NAN NAN -982.288 -809.735
24 H2(6) + X(1) <=> H2X(49) -6.224 NAN NAN 45.393 41.529
25 CO(7) + X(1) <=> COX(50) -0.750 NAN NAN 46.300 42.383
26 CH2O(9) + 2 X(1) <=> CHOX(53) + HX(19) 3.923 NAN NAN -5347.901 -4245.669
27 HCO(15) + X(1) <=> CHOX(53) 3.739 NAN NAN -3961.763 -3162.457
28 CH3CHO(16) + 2 X(1) <=> CH3X(21) + CHOX(53) -327.496 NAN NAN 96.332 89.427
29 CHOX(53) + X(1) <=> HX(19) + OCX(25) 2.721 NAN NAN 24.773 22.420
30 HOX(22) + OCX(25) <=> CHOX(53) + OX(20) 1.960 NAN NAN -814.874 -675.092
31 CH2X(27) + CHOX(53) <=> CH3X(21) + OCX(25) -4.589 NAN NAN 39.451 35.971
32 CHOX(53) + CHX(28) <=> CH2X(27) + OCX(25) -0.182 NAN NAN 17.833 16.095
33 CHOX(53) + CX(26) <=> CHX(28) + OCX(25) 4.573 NAN NAN -9934.004 -7811.037
34 CO2(4) + X(1) <=> CO2X(24) -43.399 NAN NAN 73.808 68.953
35 OCX(25) + OX(20) <=> CO2X(24) + X(1) 2.814 NAN NAN -2193.310 -1772.538
36 CO2X(24) + HX(19) <=> HOX(22) + OCX(25) -36.736 NAN NAN 51.931 47.704
37 CH4(2) + HOX(22) + X(1) <=> CH3X(21) + H2OX(23) 5.381 NAN NAN -267374.872 -205140.223
38 H2O(5) + X(1) <=> H2OX(23) -4.557 -INF -INF 96.808 89.530
39 H2OX(23) + OX(20) <=> 2 HOX(22) -107.367 -INF -INF 97.040 89.552
40 HOX(22) + HX(19) <=> H2OX(23) + X(1) -3.948 -INF -INF 96.964 89.548
Finished sensitivity simulation for a C/O ratio of 1.8
Finished translating for C/O ratio of 1.8
Starting sensitivity simulation for a C/O ratio of 1.0
0 CH4(2) + X(1) <=> CH4X(48) -9.666 NAN NAN 87.331 85.589
1 O2(3) + 2 X(1) <=> 2 OX(20) 3.613 NAN NAN -982.099 -921.185
2 H2(6) + 2 X(1) <=> 2 HX(19) -14.791 NAN NAN 93.698 92.342
3 H(12) + X(1) <=> HX(19) -1.594 NAN NAN 61.217 59.334
4 HX(19) + OX(20) <=> HOX(22) + X(1) -8.363 NAN NAN 94.998 93.770
5 H2O(5) + 2 X(1) <=> HOX(22) + HX(19) -24.884 NAN NAN 95.737 94.594
6 OH(17) + X(1) <=> HOX(22) 2.079 NAN NAN -311.769 -294.248
7 CH4(2) + 2 X(1) <=> CH3X(21) + HX(19) -56.253 NAN NAN 99.853 99.092
8 CH4(2) + OX(20) + X(1) <=> CH3X(21) + HOX(22) 3.423 -INF -INF 99.582 98.960
9 C2H6(8) + 2 X(1) <=> 2 CH3X(21) -3.945 NAN NAN 74.056 72.083
10 CH3(10) + X(1) <=> CH3X(21) 1.067 NAN NAN -11.828 -11.418
11 CH3OH(14) + 2 X(1) <=> CH3X(21) + HOX(22) -4.337 NAN NAN 93.878 92.537
12 CH2X(27) + HX(19) <=> CH3X(21) + X(1) -4.220 NAN NAN 91.627 90.138
13 CH2X(27) + HOX(22) <=> CH3X(21) + OX(20) -56.253 NAN NAN 99.853 99.092
14 CHX(28) + HX(19) <=> CH2X(27) + X(1) -57.621 NAN NAN 99.834 99.090
15 CHX(28) + HOX(22) <=> CH2X(27) + OX(20) -56.253 NAN NAN 99.853 99.092
16 2 CH2X(27) <=> CH3X(21) + CHX(28) 0.863 NAN NAN -73.815 -70.329
17 CHX(28) + X(1) <=> CX(26) + HX(19) -56.526 NAN NAN 99.849 99.091
18 CX(26) + H2(6) <=> CH2X(27) -56.648 NAN NAN 99.847 99.091
19 CX(26) + HOX(22) <=> CHX(28) + OX(20) 2.685 NAN NAN -757.554 -709.914
20 CH3X(21) + CX(26) <=> CH2X(27) + CHX(28) 2.708 NAN NAN -797.939 -747.452
21 CH2X(27) + CX(26) <=> 2 CHX(28) 3.163 NAN NAN -3160.602 -2932.365
22 CO(7) + X(1) <=> OCX(25) -25.550 NAN NAN 95.187 93.979
23 CX(26) + OX(20) <=> OCX(25) + X(1) -6.400 NAN NAN 83.958 82.108
24 H2(6) + X(1) <=> H2X(49) -13.446 NAN NAN 91.339 89.802
25 CO(7) + X(1) <=> COX(50) -56.508 NAN NAN 99.849 99.091
26 CH2O(9) + 2 X(1) <=> CHOX(53) + HX(19) -0.879 NAN NAN 59.649 57.788
27 HCO(15) + X(1) <=> CHOX(53) 0.672 NAN NAN 0.693 0.665
28 CH3CHO(16) + 2 X(1) <=> CH3X(21) + CHOX(53) 2.491 NAN NAN -630.769 -591.966
29 CHOX(53) + X(1) <=> HX(19) + OCX(25) -56.317 NAN NAN 99.852 99.092
30 HOX(22) + OCX(25) <=> CHOX(53) + OX(20) -14.823 NAN NAN 93.697 92.340
31 CH2X(27) + CHOX(53) <=> CH3X(21) + OCX(25) -56.253 NAN NAN 99.853 99.092
32 CHOX(53) + CHX(28) <=> CH2X(27) + OCX(25) -56.840 NAN NAN 99.844 99.091
33 CHOX(53) + CX(26) <=> CHX(28) + OCX(25) 5.921 NAN NAN 99.610 98.981
34 CO2(4) + X(1) <=> CO2X(24) -1.350 NAN NAN 23.262 22.374
35 OCX(25) + OX(20) <=> CO2X(24) + X(1) -31.157 NAN NAN 96.047 94.943
36 CO2X(24) + HX(19) <=> HOX(22) + OCX(25) -2.704 NAN NAN 71.582 69.609
37 CH4(2) + HOX(22) + X(1) <=> CH3X(21) + H2OX(23) -12.999 NAN NAN 94.764 93.510
38 H2O(5) + X(1) <=> H2OX(23) -11.621 NAN NAN 84.104 82.273
39 H2OX(23) + OX(20) <=> 2 HOX(22) -59.071 NAN NAN 99.817 99.087
40 HOX(22) + HX(19) <=> H2OX(23) + X(1) -1.776 NAN NAN 42.345 40.861
Finished sensitivity simulation for a C/O ratio of 1.0
Finished translating for C/O ratio of 1.0
Starting sensitivity simulation for a C/O ratio of 2.0
0 CH4(2) + X(1) <=> CH4X(48) 8.565 NAN NAN -4802.558 -3807.365
1 O2(3) + 2 X(1) <=> 2 OX(20) -7.219 NAN NAN 30.783 27.795
2 H2(6) + 2 X(1) <=> 2 HX(19) 5.032 NAN NAN -519.517 -434.340
3 H(12) + X(1) <=> HX(19) 0.083 -INF -INF 88.272 83.233
4 HX(19) + OX(20) <=> HOX(22) + X(1) 4.551 NAN NAN 20.947 18.901
5 H2O(5) + 2 X(1) <=> HOX(22) + HX(19) -35.930 -INF -INF 96.680 89.095
6 OH(17) + X(1) <=> HOX(22) -6.320 NAN NAN 38.834 35.365
7 CH4(2) + 2 X(1) <=> CH3X(21) + HX(19) -9.208 NAN NAN 29.276 26.527
8 CH4(2) + OX(20) + X(1) <=> CH3X(21) + HOX(22) -8.152 NAN NAN 9.397 8.439
9 C2H6(8) + 2 X(1) <=> 2 CH3X(21) 8.989 NAN NAN -9398.107 -7369.649
10 CH3(10) + X(1) <=> CH3X(21) -36.148 -INF -INF 96.626 89.094
11 CH3OH(14) + 2 X(1) <=> CH3X(21) + HOX(22) 6.776 NAN NAN -1051.695 -863.070
12 CH2X(27) + HX(19) <=> CH3X(21) + X(1) -5.613 NAN NAN 41.582 38.144
13 CH2X(27) + HOX(22) <=> CH3X(21) + OX(20) -37.348 -INF -INF 96.381 89.066
14 CHX(28) + HX(19) <=> CH2X(27) + X(1) 3.581 NAN NAN -202.411 -173.714
15 CHX(28) + HOX(22) <=> CH2X(27) + OX(20) -24.184 NAN NAN 53.614 49.271
16 2 CH2X(27) <=> CH3X(21) + CHX(28) -36.203 -INF -INF 96.614 89.093
17 CHX(28) + X(1) <=> CX(26) + HX(19) -35.930 -INF -INF 96.680 89.095
18 CX(26) + H2(6) <=> CH2X(27) -1.607 NAN NAN -6.666 -5.949
19 CX(26) + HOX(22) <=> CHX(28) + OX(20) 8.059 NAN NAN -2521.018 -2024.863
20 CH3X(21) + CX(26) <=> CH2X(27) + CHX(28) -97.446 NAN NAN 68.566 63.722
21 CH2X(27) + CX(26) <=> 2 CHX(28) 8.369 NAN NAN -4028.347 -3204.157
22 CO(7) + X(1) <=> OCX(25) -35.930 -INF -INF 96.680 89.095
23 CX(26) + OX(20) <=> OCX(25) + X(1) -12.995 NAN NAN 63.398 58.677
24 H2(6) + X(1) <=> H2X(49) 0.080 NAN NAN 35.851 32.596
25 CO(7) + X(1) <=> COX(50) 8.169 NAN NAN -2471.517 -1985.981
26 CH2O(9) + 2 X(1) <=> CHOX(53) + HX(19) 8.060 NAN NAN -3405.620 -2717.902
27 HCO(15) + X(1) <=> CHOX(53) -36.485 -INF -INF 96.551 89.088
28 CH3CHO(16) + 2 X(1) <=> CH3X(21) + CHOX(53) -36.372 -INF -INF 96.576 89.090
29 CHOX(53) + X(1) <=> HX(19) + OCX(25) -2.681 NAN NAN 43.534 39.755
30 HOX(22) + OCX(25) <=> CHOX(53) + OX(20) -0.647 NAN NAN -107.351 -93.443
31 CH2X(27) + CHOX(53) <=> CH3X(21) + OCX(25) -11.802 NAN NAN 56.170 51.712
32 CHOX(53) + CHX(28) <=> CH2X(27) + OCX(25) 8.609 NAN NAN -4783.043 -3792.177
33 CHOX(53) + CX(26) <=> CHX(28) + OCX(25) 4.378 NAN NAN -236.179 -201.915
34 CO2(4) + X(1) <=> CO2X(24) -6.712 NAN NAN 41.086 37.464
35 OCX(25) + OX(20) <=> CO2X(24) + X(1) 0.901 NAN NAN 8.138 7.305
36 CO2X(24) + HX(19) <=> HOX(22) + OCX(25) 7.523 NAN NAN -2075.838 -1674.700
37 CH4(2) + HOX(22) + X(1) <=> CH3X(21) + H2OX(23) -7.303 NAN NAN 30.627 27.771
38 H2O(5) + X(1) <=> H2OX(23) -37.179 -INF -INF 96.413 89.071
39 H2OX(23) + OX(20) <=> 2 HOX(22) 6.350 NAN NAN -753.589 -623.950
40 HOX(22) + HX(19) <=> H2OX(23) + X(1) -36.011 -INF -INF 96.660 89.095
Finished sensitivity simulation for a C/O ratio of 2.0
Finished translating for C/O ratio of 2.0
Starting sensitivity simulation for a C/O ratio of 0.9
0 CH4(2) + X(1) <=> CH4X(48) 13.828 NAN NAN -277.963 -241.060
1 O2(3) + 2 X(1) <=> 2 OX(20) 17.542 NAN NAN -22398.025 -17904.573
2 H2(6) + 2 X(1) <=> 2 HX(19) 9.070 NAN NAN -129.158 -113.695
3 H(12) + X(1) <=> HX(19) 224.508 INF -INF 98.482 91.487
4 HX(19) + OX(20) <=> HOX(22) + X(1) 14.771 NAN NAN -1103.468 -924.564
5 H2O(5) + 2 X(1) <=> HOX(22) + HX(19) 8.983 NAN NAN -129.196 -113.953
6 OH(17) + X(1) <=> HOX(22) 5.589 NAN NAN 39.435 36.358
7 CH4(2) + 2 X(1) <=> CH3X(21) + HX(19) 224.508 INF -INF 98.482 91.488
8 CH4(2) + OX(20) + X(1) <=> CH3X(21) + HOX(22) 225.226 INF -INF 98.335 91.479
9 C2H6(8) + 2 X(1) <=> 2 CH3X(21) 16.623 NAN NAN -11956.012 -9593.346
10 CH3(10) + X(1) <=> CH3X(21) 16.053 NAN NAN -5129.633 -4166.900
11 CH3OH(14) + 2 X(1) <=> CH3X(21) + HOX(22) -INF -INF -INF 97.705 91.360
12 CH2X(27) + HX(19) <=> CH3X(21) + X(1) 4.705 NAN NAN 38.641 35.829
13 CH2X(27) + HOX(22) <=> CH3X(21) + OX(20) 35.545 -INF -INF 97.780 91.378
14 CHX(28) + HX(19) <=> CH2X(27) + X(1) 3.369 NAN NAN 20.841 19.070
15 CHX(28) + HOX(22) <=> CH2X(27) + OX(20) -INF -INF -INF 98.334 91.479
16 2 CH2X(27) <=> CH3X(21) + CHX(28) -2.100 NAN NAN 45.931 42.494
17 CHX(28) + X(1) <=> CX(26) + HX(19) -INF -INF -INF 98.388 91.483
18 CX(26) + H2(6) <=> CH2X(27) -1.269 NAN NAN 40.539 37.397
19 CX(26) + HOX(22) <=> CHX(28) + OX(20) 10.104 NAN NAN 21.515 19.672
20 CH3X(21) + CX(26) <=> CH2X(27) + CHX(28) -INF -INF -INF 98.473 91.487
21 CH2X(27) + CX(26) <=> 2 CHX(28) 1.807 NAN NAN 42.506 39.250
22 CO(7) + X(1) <=> OCX(25) 225.624 INF -INF 98.264 91.472
23 CX(26) + OX(20) <=> OCX(25) + X(1) 16.024 NAN NAN -6614.856 -5349.840
24 H2(6) + X(1) <=> H2X(49) -INF -INF -INF 98.063 91.442
25 CO(7) + X(1) <=> COX(50) -5.650 NAN NAN 31.554 28.979
26 CH2O(9) + 2 X(1) <=> CHOX(53) + HX(19) 10.226 NAN NAN -5.102 -4.629
27 HCO(15) + X(1) <=> CHOX(53) 7.737 NAN NAN -13.791 -12.464
28 CH3CHO(16) + 2 X(1) <=> CH3X(21) + CHOX(53) -40.262 -INF -INF 96.579 90.916
29 CHOX(53) + X(1) <=> HX(19) + OCX(25) 13.425 NAN NAN -787.969 -665.717
30 HOX(22) + OCX(25) <=> CHOX(53) + OX(20) 55.301 NAN NAN 97.178 91.183
31 CH2X(27) + CHOX(53) <=> CH3X(21) + OCX(25) 227.186 INF -INF 98.015 91.433
32 CHOX(53) + CHX(28) <=> CH2X(27) + OCX(25) 14.587 NAN NAN -1111.663 -931.264
33 CHOX(53) + CX(26) <=> CHX(28) + OCX(25) 9.958 NAN NAN -60.027 -53.608
34 CO2(4) + X(1) <=> CO2X(24) -2.756 NAN NAN 9.310 8.470
35 OCX(25) + OX(20) <=> CO2X(24) + X(1) -INF -INF -INF 98.482 91.488
36 CO2X(24) + HX(19) <=> HOX(22) + OCX(25) 15.047 NAN NAN -1225.880 -1024.548
37 CH4(2) + HOX(22) + X(1) <=> CH3X(21) + H2OX(23) -54.062 NAN NAN 69.014 64.804
38 H2O(5) + X(1) <=> H2OX(23) -2.894 NAN NAN 27.452 25.166
39 H2OX(23) + OX(20) <=> 2 HOX(22) 224.555 INF -INF 98.471 91.488
40 HOX(22) + HX(19) <=> H2OX(23) + X(1) -3.762 NAN NAN 44.969 41.582
Finished sensitivity simulation for a C/O ratio of 0.9
Finished translating for C/O ratio of 0.9
Starting sensitivity simulation for a C/O ratio of 1.1
0 CH4(2) + X(1) <=> CH4X(48) -10.292 NAN NAN 32.491 29.696
1 O2(3) + 2 X(1) <=> 2 OX(20) 9.633 NAN NAN -505.560 -429.326
2 H2(6) + 2 X(1) <=> 2 HX(19) -1.076 NAN NAN -12.749 -11.405
3 H(12) + X(1) <=> HX(19) 14.129 NAN NAN -11151.434 -8849.552
4 HX(19) + OX(20) <=> HOX(22) + X(1) 14.399 NAN NAN -20835.126 -16417.343
5 H2O(5) + 2 X(1) <=> HOX(22) + HX(19) 6.680 NAN NAN -14.078 -12.632
6 OH(17) + X(1) <=> HOX(22) -0.239 NAN NAN 39.194 35.938
7 CH4(2) + 2 X(1) <=> CH3X(21) + HX(19) 10.268 NAN NAN -295.759 -253.990
8 CH4(2) + OX(20) + X(1) <=> CH3X(21) + HOX(22) 10.551 NAN NAN -631.139 -531.293
9 C2H6(8) + 2 X(1) <=> 2 CH3X(21) 12.532 NAN NAN -2292.155 -1869.181
10 CH3(10) + X(1) <=> CH3X(21) 12.351 NAN NAN -2023.256 -1655.600
11 CH3OH(14) + 2 X(1) <=> CH3X(21) + HOX(22) 5.304 NAN NAN -5.052 -4.547
12 CH2X(27) + HX(19) <=> CH3X(21) + X(1) -12.826 NAN NAN 49.361 45.712
13 CH2X(27) + HOX(22) <=> CH3X(21) + OX(20) -16.257 NAN NAN 41.426 38.025
14 CHX(28) + HX(19) <=> CH2X(27) + X(1) 0.283 NAN NAN 34.010 31.099
15 CHX(28) + HOX(22) <=> CH2X(27) + OX(20) 8.851 NAN NAN -280.395 -241.123
16 2 CH2X(27) <=> CH3X(21) + CHX(28) 12.757 NAN NAN -2568.783 -2089.645
17 CHX(28) + X(1) <=> CX(26) + HX(19) 12.442 NAN NAN -1283.079 -1060.505
18 CX(26) + H2(6) <=> CH2X(27) 13.389 NAN NAN -4625.719 -3720.276
19 CX(26) + HOX(22) <=> CHX(28) + OX(20) 5.636 NAN NAN -4.654 -4.190
20 CH3X(21) + CX(26) <=> CH2X(27) + CHX(28) 10.002 NAN NAN -471.231 -399.781
21 CH2X(27) + CX(26) <=> 2 CHX(28) 14.219 NAN NAN -15536.647 -12280.459
22 CO(7) + X(1) <=> OCX(25) -0.897 NAN NAN 38.762 35.528
23 CX(26) + OX(20) <=> OCX(25) + X(1) 12.930 NAN NAN -2775.365 -2254.056
24 H2(6) + X(1) <=> H2X(49) -INF NAN NAN 97.445 90.445
25 CO(7) + X(1) <=> COX(50) -0.293 NAN NAN -11.774 -10.573
26 CH2O(9) + 2 X(1) <=> CHOX(53) + HX(19) -INF NAN NAN 97.434 90.443
27 HCO(15) + X(1) <=> CHOX(53) 12.614 NAN NAN -2622.336 -2132.272
28 CH3CHO(16) + 2 X(1) <=> CH3X(21) + CHOX(53) -4.237 NAN NAN 30.735 28.062
29 CHOX(53) + X(1) <=> HX(19) + OCX(25) 11.942 NAN NAN -1030.207 -856.200
30 HOX(22) + OCX(25) <=> CHOX(53) + OX(20) 3.323 NAN NAN 19.990 18.166
31 CH2X(27) + CHOX(53) <=> CH3X(21) + OCX(25) 12.902 NAN NAN -2934.096 -2380.259
32 CHOX(53) + CHX(28) <=> CH2X(27) + OCX(25) 3.331 NAN NAN 9.084 8.219
33 CHOX(53) + CX(26) <=> CHX(28) + OCX(25) -INF NAN NAN 97.706 90.499
34 CO2(4) + X(1) <=> CO2X(24) 11.731 NAN NAN -1540.666 -1267.778
35 OCX(25) + OX(20) <=> CO2X(24) + X(1) 5.447 NAN NAN 37.739 34.574
36 CO2X(24) + HX(19) <=> HOX(22) + OCX(25) -13.720 NAN NAN 42.827 39.341
37 CH4(2) + HOX(22) + X(1) <=> CH3X(21) + H2OX(23) -INF NAN NAN 98.039 90.536
38 H2O(5) + X(1) <=> H2OX(23) 9.689 NAN NAN -462.331 -392.429
39 H2OX(23) + OX(20) <=> 2 HOX(22) -INF NAN NAN 97.696 90.500
40 HOX(22) + HX(19) <=> H2OX(23) + X(1) -37.429 NAN NAN 59.908 55.607
Finished sensitivity simulation for a C/O ratio of 1.1
Finished translating for C/O ratio of 1.1
Starting sensitivity simulation for a C/O ratio of 1.6
0 CH4(2) + X(1) <=> CH4X(48) -39.567 NAN NAN 94.110 92.764
1 O2(3) + 2 X(1) <=> 2 OX(20) -18.323 NAN NAN 94.318 92.979
2 H2(6) + 2 X(1) <=> 2 HX(19) -12.389 NAN NAN 94.622 93.324
3 H(12) + X(1) <=> HX(19) -105.426 NAN NAN 99.770 99.092
4 HX(19) + OX(20) <=> HOX(22) + X(1) -18.667 NAN NAN 95.644 94.463
5 H2O(5) + 2 X(1) <=> HOX(22) + HX(19) 0.473 NAN NAN 3.191 3.062
6 OH(17) + X(1) <=> HOX(22) -23.587 NAN NAN 95.446 94.240
7 CH4(2) + 2 X(1) <=> CH3X(21) + HX(19) -101.576 NAN NAN 99.805 99.098
8 CH4(2) + OX(20) + X(1) <=> CH3X(21) + HOX(22) -102.818 NAN NAN 99.792 99.097
9 C2H6(8) + 2 X(1) <=> 2 CH3X(21) -104.235 NAN NAN 99.780 99.095
10 CH3(10) + X(1) <=> CH3X(21) -11.673 NAN NAN 96.294 95.182
11 CH3OH(14) + 2 X(1) <=> CH3X(21) + HOX(22) -12.074 NAN NAN 94.637 93.343
12 CH2X(27) + HX(19) <=> CH3X(21) + X(1) -1030.208 NAN NAN 98.532 97.818
13 CH2X(27) + HOX(22) <=> CH3X(21) + OX(20) -10.155 NAN NAN 81.066 79.148
14 CHX(28) + HX(19) <=> CH2X(27) + X(1) -185.152 NAN NAN 99.422 98.838
15 CHX(28) + HOX(22) <=> CH2X(27) + OX(20) -3.307 NAN NAN 81.598 79.687
16 2 CH2X(27) <=> CH3X(21) + CHX(28) -104.575 NAN NAN 99.777 99.094
17 CHX(28) + X(1) <=> CX(26) + HX(19) 2.388 NAN NAN -406.172 -382.888
18 CX(26) + H2(6) <=> CH2X(27) 0.865 NAN NAN 56.179 54.384
19 CX(26) + HOX(22) <=> CHX(28) + OX(20) -105.499 NAN NAN 99.770 99.092
20 CH3X(21) + CX(26) <=> CH2X(27) + CHX(28) -26.300 NAN NAN 95.337 94.117
21 CH2X(27) + CX(26) <=> 2 CHX(28) 2.029 NAN NAN -211.473 -200.333
22 CO(7) + X(1) <=> OCX(25) -23.046 NAN NAN 96.261 95.156
23 CX(26) + OX(20) <=> OCX(25) + X(1) -32.063 NAN NAN 98.652 97.952
24 H2(6) + X(1) <=> H2X(49) -19.866 NAN NAN 91.035 89.456
25 CO(7) + X(1) <=> COX(50) 7.071 NAN NAN 96.677 95.631
26 CH2O(9) + 2 X(1) <=> CHOX(53) + HX(19) -101.576 NAN NAN 99.805 99.098
27 HCO(15) + X(1) <=> CHOX(53) -31.030 NAN NAN 96.203 95.090
28 CH3CHO(16) + 2 X(1) <=> CH3X(21) + CHOX(53) -102.522 NAN NAN 99.795 99.097
29 CHOX(53) + X(1) <=> HX(19) + OCX(25) 1.547 NAN NAN -91.961 -87.572
30 HOX(22) + OCX(25) <=> CHOX(53) + OX(20) -101.576 NAN NAN 99.805 99.098
31 CH2X(27) + CHOX(53) <=> CH3X(21) + OCX(25) -25.562 NAN NAN 96.778 95.745
32 CHOX(53) + CHX(28) <=> CH2X(27) + OCX(25) 3.017 NAN NAN -1116.361 -1044.223
33 CHOX(53) + CX(26) <=> CHX(28) + OCX(25) -2.281 NAN NAN 76.084 74.116
34 CO2(4) + X(1) <=> CO2X(24) 1.427 NAN NAN -81.036 -77.219
35 OCX(25) + OX(20) <=> CO2X(24) + X(1) -16.354 NAN NAN 90.927 89.342
36 CO2X(24) + HX(19) <=> HOX(22) + OCX(25) -103.028 NAN NAN 99.790 99.096
37 CH4(2) + HOX(22) + X(1) <=> CH3X(21) + H2OX(23) 3.175 NAN NAN -1835.230 -1710.710
38 H2O(5) + X(1) <=> H2OX(23) 3.011 NAN NAN -1272.896 -1189.516
39 H2OX(23) + OX(20) <=> 2 HOX(22) -101.690 NAN NAN 99.804 99.098
40 HOX(22) + HX(19) <=> H2OX(23) + X(1) -102.216 NAN NAN 99.798 99.097
Finished sensitivity simulation for a C/O ratio of 1.6
Finished translating for C/O ratio of 1.6
Starting sensitivity simulation for a C/O ratio of 1.3
0 CH4(2) + X(1) <=> CH4X(48) 52.925 NAN NAN 99.871 99.431
1 O2(3) + 2 X(1) <=> 2 OX(20) 3.163 NAN NAN -1086.252 -1032.078
2 H2(6) + 2 X(1) <=> 2 HX(19) -5.299 NAN NAN 94.743 93.680
3 H(12) + X(1) <=> HX(19) -1.331 NAN NAN 54.860 53.417
4 HX(19) + OX(20) <=> HOX(22) + X(1) 0.041 NAN NAN 19.816 19.197
5 H2O(5) + 2 X(1) <=> HOX(22) + HX(19) -0.909 NAN NAN 91.306 90.017
6 OH(17) + X(1) <=> HOX(22) -2.665 NAN NAN 82.267 80.710
7 CH4(2) + 2 X(1) <=> CH3X(21) + HX(19) 2.047 NAN NAN -691.086 -656.779
8 CH4(2) + OX(20) + X(1) <=> CH3X(21) + HOX(22) -3.876 NAN NAN 90.073 88.726
9 C2H6(8) + 2 X(1) <=> 2 CH3X(21) -2.394 NAN NAN 94.670 93.600
10 CH3(10) + X(1) <=> CH3X(21) -25.382 NAN NAN 97.289 96.492
11 CH3OH(14) + 2 X(1) <=> CH3X(21) + HOX(22) -1.896 NAN NAN 82.407 80.852
12 CH2X(27) + HX(19) <=> CH3X(21) + X(1) 38.505 NAN NAN 99.894 99.435
13 CH2X(27) + HOX(22) <=> CH3X(21) + OX(20) -4.592 NAN NAN 90.966 89.661
14 CHX(28) + HX(19) <=> CH2X(27) + X(1) -5.899 NAN NAN 96.596 95.718
15 CHX(28) + HOX(22) <=> CH2X(27) + OX(20) 0.777 NAN NAN -1.145 -1.107
16 2 CH2X(27) <=> CH3X(21) + CHX(28) 1.320 NAN NAN 95.541 94.549
17 CHX(28) + X(1) <=> CX(26) + HX(19) 1.639 NAN NAN -246.577 -235.826
18 CX(26) + H2(6) <=> CH2X(27) 38.410 NAN NAN 99.892 99.435
19 CX(26) + HOX(22) <=> CHX(28) + OX(20) 7.818 NAN NAN 99.895 99.435
20 CH3X(21) + CX(26) <=> CH2X(27) + CHX(28) 38.422 NAN NAN 99.892 99.435
21 CH2X(27) + CX(26) <=> 2 CHX(28) 0.863 NAN NAN 30.875 29.951
22 CO(7) + X(1) <=> OCX(25) -91.176 NAN NAN 99.857 99.427
23 CX(26) + OX(20) <=> OCX(25) + X(1) -1.802 NAN NAN 93.321 92.150
24 H2(6) + X(1) <=> H2X(49) -1.762 NAN NAN 63.980 62.417
25 CO(7) + X(1) <=> COX(50) -26.162 NAN NAN 96.991 96.162
26 CH2O(9) + 2 X(1) <=> CHOX(53) + HX(19) 1.479 NAN NAN -19.711 -19.027
27 HCO(15) + X(1) <=> CHOX(53) -74.501 NAN NAN 99.457 99.059
28 CH3CHO(16) + 2 X(1) <=> CH3X(21) + CHOX(53) 7.818 NAN NAN 99.895 99.435
29 CHOX(53) + X(1) <=> HX(19) + OCX(25) 1.592 NAN NAN -110.327 -105.966
30 HOX(22) + OCX(25) <=> CHOX(53) + OX(20) 2.376 NAN NAN -1646.081 -1556.472
31 CH2X(27) + CHOX(53) <=> CH3X(21) + OCX(25) 6.539 NAN NAN 99.878 99.433
32 CHOX(53) + CHX(28) <=> CH2X(27) + OCX(25) -10.794 NAN NAN 94.696 93.628
33 CHOX(53) + CX(26) <=> CHX(28) + OCX(25) -8.269 NAN NAN 78.426 76.827
34 CO2(4) + X(1) <=> CO2X(24) 0.316 NAN NAN -1.870 -1.808
35 OCX(25) + OX(20) <=> CO2X(24) + X(1) 1.745 NAN NAN -438.883 -418.276
36 CO2X(24) + HX(19) <=> HOX(22) + OCX(25) -102.732 -INF -INF 99.812 99.406
37 CH4(2) + HOX(22) + X(1) <=> CH3X(21) + H2OX(23) -0.558 NAN NAN 69.248 67.645
38 H2O(5) + X(1) <=> H2OX(23) 38.397 NAN NAN 99.892 99.435
39 H2OX(23) + OX(20) <=> 2 HOX(22) 7.582 NAN NAN 99.891 99.435
40 HOX(22) + HX(19) <=> H2OX(23) + X(1) -0.326 NAN NAN 78.180 76.579
Finished sensitivity simulation for a C/O ratio of 1.3
Finished translating for C/O ratio of 1.3
Starting sensitivity simulation for a C/O ratio of 1.2
0 CH4(2) + X(1) <=> CH4X(48) -13.449 NAN NAN 93.601 92.557
1 O2(3) + 2 X(1) <=> 2 OX(20) -5.897 NAN NAN 97.004 96.243
2 H2(6) + 2 X(1) <=> 2 HX(19) 7.889 NAN NAN 97.753 97.097
3 H(12) + X(1) <=> HX(19) 3.450 NAN NAN 97.806 97.159
4 HX(19) + OX(20) <=> HOX(22) + X(1) -9.073 NAN NAN 92.835 91.745
5 H2O(5) + 2 X(1) <=> HOX(22) + HX(19) -6.693 NAN NAN 92.192 91.067
6 OH(17) + X(1) <=> HOX(22) 2.875 NAN NAN -14874.577 -14038.040
7 CH4(2) + 2 X(1) <=> CH3X(21) + HX(19) -45.667 NAN NAN 98.137 97.540
8 CH4(2) + OX(20) + X(1) <=> CH3X(21) + HOX(22) -8.219 NAN NAN 97.319 96.605
9 C2H6(8) + 2 X(1) <=> 2 CH3X(21) 1.259 NAN NAN -76.407 -73.794
10 CH3(10) + X(1) <=> CH3X(21) -285.932 NAN NAN 99.484 99.148
11 CH3OH(14) + 2 X(1) <=> CH3X(21) + HOX(22) -12.241 NAN NAN 96.598 95.799
12 CH2X(27) + HX(19) <=> CH3X(21) + X(1) -3.478 NAN NAN 70.819 69.413
13 CH2X(27) + HOX(22) <=> CH3X(21) + OX(20) 1.856 NAN NAN -324.649 -311.460
14 CHX(28) + HX(19) <=> CH2X(27) + X(1) -3.930 NAN NAN 77.074 75.624
15 CHX(28) + HOX(22) <=> CH2X(27) + OX(20) -9.986 NAN NAN 94.017 92.999
16 2 CH2X(27) <=> CH3X(21) + CHX(28) -50.573 NAN NAN 98.068 97.459
17 CHX(28) + X(1) <=> CX(26) + HX(19) 1.909 NAN NAN -338.830 -324.988
18 CX(26) + H2(6) <=> CH2X(27) 2.805 NAN NAN 97.442 96.744
19 CX(26) + HOX(22) <=> CHX(28) + OX(20) -1.123 NAN NAN 58.702 57.350
20 CH3X(21) + CX(26) <=> CH2X(27) + CHX(28) -0.338 NAN NAN 34.971 34.044
21 CH2X(27) + CX(26) <=> 2 CHX(28) 1.881 NAN NAN -307.923 -295.498
22 CO(7) + X(1) <=> OCX(25) -5.018 NAN NAN 88.298 87.018
23 CX(26) + OX(20) <=> OCX(25) + X(1) -INF -INF -INF 99.921 99.552
24 H2(6) + X(1) <=> H2X(49) -INF -INF -INF 99.917 99.552
25 CO(7) + X(1) <=> COX(50) 1.766 NAN NAN -282.961 -271.667
26 CH2O(9) + 2 X(1) <=> CHOX(53) + HX(19) -58.653 NAN NAN 98.234 97.652
27 HCO(15) + X(1) <=> CHOX(53) -8.217 NAN NAN 97.514 96.825
28 CH3CHO(16) + 2 X(1) <=> CH3X(21) + CHOX(53) -48.700 NAN NAN 97.830 97.186
29 CHOX(53) + X(1) <=> HX(19) + OCX(25) -3.976 NAN NAN 98.540 98.011
30 HOX(22) + OCX(25) <=> CHOX(53) + OX(20) -29.659 NAN NAN 97.904 97.271
31 CH2X(27) + CHOX(53) <=> CH3X(21) + OCX(25) -10.925 NAN NAN 96.030 95.174
32 CHOX(53) + CHX(28) <=> CH2X(27) + OCX(25) -INF -INF -INF 99.919 99.552
33 CHOX(53) + CX(26) <=> CHX(28) + OCX(25) -12.036 NAN NAN 98.019 97.402
34 CO2(4) + X(1) <=> CO2X(24) -24.678 NAN NAN 97.771 97.118
35 OCX(25) + OX(20) <=> CO2X(24) + X(1) -1.540 NAN NAN 97.682 97.016
36 CO2X(24) + HX(19) <=> HOX(22) + OCX(25) -0.720 NAN NAN 61.077 59.696
37 CH4(2) + HOX(22) + X(1) <=> CH3X(21) + H2OX(23) 2.219 NAN NAN -651.629 -622.746
38 H2O(5) + X(1) <=> H2OX(23) -4.492 NAN NAN 87.755 86.459
39 H2OX(23) + OX(20) <=> 2 HOX(22) -5.421 NAN NAN 85.389 84.040
40 HOX(22) + HX(19) <=> H2OX(23) + X(1) -4.685 NAN NAN 86.921 85.602
Finished sensitivity simulation for a C/O ratio of 1.2
Finished translating for C/O ratio of 1.2
Starting sensitivity simulation for a C/O ratio of 0.6
0 CH4(2) + X(1) <=> CH4X(48) 12.474 NAN NAN -191.370 -167.167
1 O2(3) + 2 X(1) <=> 2 OX(20) -INF NAN NAN 98.303 88.445
2 H2(6) + 2 X(1) <=> 2 HX(19) 18.712 NAN NAN -2050.499 -1671.039
3 H(12) + X(1) <=> HX(19) 20.177 NAN NAN -3651.890 -2942.353
4 HX(19) + OX(20) <=> HOX(22) + X(1) 16.655 NAN NAN -2.010 -1.828
5 H2O(5) + 2 X(1) <=> HOX(22) + HX(19) 19.234 NAN NAN -1563.354 -1285.952
6 OH(17) + X(1) <=> HOX(22) 14.526 NAN NAN 98.157 88.441
7 CH4(2) + 2 X(1) <=> CH3X(21) + HX(19) 15.293 NAN NAN -310.147 -267.403
8 CH4(2) + OX(20) + X(1) <=> CH3X(21) + HOX(22) 14.717 NAN NAN 98.244 88.445
9 C2H6(8) + 2 X(1) <=> 2 CH3X(21) 19.163 NAN NAN -1735.516 -1423.614
10 CH3(10) + X(1) <=> CH3X(21) 19.377 NAN NAN -2337.455 -1904.288
11 CH3OH(14) + 2 X(1) <=> CH3X(21) + HOX(22) -INF NAN NAN 96.873 88.218
12 CH2X(27) + HX(19) <=> CH3X(21) + X(1) 12.916 NAN NAN -146.666 -128.333
13 CH2X(27) + HOX(22) <=> CH3X(21) + OX(20) 18.626 NAN NAN -977.628 -814.810
14 CHX(28) + HX(19) <=> CH2X(27) + X(1) 16.633 NAN NAN 27.642 25.425
15 CHX(28) + HOX(22) <=> CH2X(27) + OX(20) 16.726 NAN NAN -441.379 -376.654
16 2 CH2X(27) <=> CH3X(21) + CHX(28) 16.825 NAN NAN -709.522 -596.960
17 CHX(28) + X(1) <=> CX(26) + HX(19) 19.306 NAN NAN -1860.100 -1523.036
18 CX(26) + H2(6) <=> CH2X(27) 19.967 NAN NAN -4089.167 -3286.725
19 CX(26) + HOX(22) <=> CHX(28) + OX(20) 20.133 NAN NAN -26.265 -23.692
20 CH3X(21) + CX(26) <=> CH2X(27) + CHX(28) -INF NAN NAN 98.135 88.440
21 CH2X(27) + CX(26) <=> 2 CHX(28) 12.476 NAN NAN -82.201 -73.122
22 CO(7) + X(1) <=> OCX(25) 31.069 NAN NAN 25.015 22.978
23 CX(26) + OX(20) <=> OCX(25) + X(1) 18.307 NAN NAN -535.829 -454.619
24 H2(6) + X(1) <=> H2X(49) 20.527 NAN NAN -15095.630 -11869.105
25 CO(7) + X(1) <=> COX(50) 19.959 NAN NAN -4196.521 -3371.189
26 CH2O(9) + 2 X(1) <=> CHOX(53) + HX(19) 14.261 NAN NAN -239.165 -207.701
27 HCO(15) + X(1) <=> CHOX(53) 18.153 NAN NAN -653.585 -551.245
28 CH3CHO(16) + 2 X(1) <=> CH3X(21) + CHOX(53) 20.667 NAN NAN -21872.563 -17120.567
29 CHOX(53) + X(1) <=> HX(19) + OCX(25) 11.355 NAN NAN 1.621 1.475
30 HOX(22) + OCX(25) <=> CHOX(53) + OX(20) 18.978 NAN NAN -1451.349 -1196.233
31 CH2X(27) + CHOX(53) <=> CH3X(21) + OCX(25) 14.668 NAN NAN 98.221 88.444
32 CHOX(53) + CHX(28) <=> CH2X(27) + OCX(25) 20.397 NAN NAN -14422.851 -11346.935
33 CHOX(53) + CX(26) <=> CHX(28) + OCX(25) 18.732 NAN NAN -1638.316 -1345.931
34 CO2(4) + X(1) <=> CO2X(24) 18.928 NAN NAN -1441.647 -1188.460
35 OCX(25) + OX(20) <=> CO2X(24) + X(1) 20.153 NAN NAN -4079.206 -3278.911
36 CO2X(24) + HX(19) <=> HOX(22) + OCX(25) 19.858 NAN NAN -17.041 -15.415
37 CH4(2) + HOX(22) + X(1) <=> CH3X(21) + H2OX(23) 19.524 NAN NAN -1812.116 -1484.753
38 H2O(5) + X(1) <=> H2OX(23) 20.411 NAN NAN -11073.432 -8744.137
39 H2OX(23) + OX(20) <=> 2 HOX(22) 13.523 NAN NAN 97.762 88.406
40 HOX(22) + HX(19) <=> H2OX(23) + X(1) 14.618 NAN NAN 98.198 88.443
Finished sensitivity simulation for a C/O ratio of 0.6
Finished translating for C/O ratio of 0.6
