This mechanism contains 38 gas reactions and 41 surface reactions
Finished simulation at a C/O ratio of 2.0
Finished simulation at a C/O ratio of 0.7
Finished simulation at a C/O ratio of 1.1
Finished simulation at a C/O ratio of 2.2
Finished simulation at a C/O ratio of 2.4
Finished simulation at a C/O ratio of 1.4
Finished simulation at a C/O ratio of 2.6
Finished simulation at a C/O ratio of 1.2
Finished simulation at a C/O ratio of 1.8
Finished simulation at a C/O ratio of 1.6
Finished simulation at a C/O ratio of 0.9
Finished simulation at a C/O ratio of 0.6
Finished simulation at a C/O ratio of 1.3
Finished simulation at a C/O ratio of 1.0
Finished simulation at a C/O ratio of 0.8
Starting sensitivity simulation for a C/O ratio of 2.4
Unable to run sensitivity simulation at a C/O ratio of 2.4
Starting sensitivity simulation for a C/O ratio of 1.4
0 CH4(2) + X(1) <=> CH4X(48) -33.332 -39.922
1 O2(3) + 2 X(1) <=> 2 OX(20) -30.863 -37.331
2 H2(6) + 2 X(1) <=> 2 HX(19) -0.035 100.000
3 H(12) + X(1) <=> HX(19) 0.251 100.000
4 HX(19) + OX(20) <=> HOX(22) + X(1) 0.247 100.000
5 H2O(5) + 2 X(1) <=> HOX(22) + HX(19) 0.250 100.000
6 OH(17) + X(1) <=> HOX(22) 0.001 -64.908
7 CH4(2) + 2 X(1) <=> CH3X(21) + HX(19) 0.253 100.000
8 CH4(2) + OX(20) + X(1) <=> CH3X(21) + HOX(22) -33.332 -39.922
9 C2H6(8) + 2 X(1) <=> 2 CH3X(21) 0.063 100.000
10 CH3(10) + X(1) <=> CH3X(21) -2.094 100.000
11 CH3OH(14) + 2 X(1) <=> CH3X(21) + HOX(22) 0.001 -64.908
12 CH2X(27) + HX(19) <=> CH3X(21) + X(1) -0.387 100.000
13 CH2X(27) + HOX(22) <=> CH3X(21) + OX(20) 0.263 100.000
14 CHX(28) + HX(19) <=> CH2X(27) + X(1) -0.106 100.000
15 CHX(28) + HOX(22) <=> CH2X(27) + OX(20) -33.332 -39.922
16 2 CH2X(27) <=> CH3X(21) + CHX(28) 0.001 -64.908
17 CHX(28) + X(1) <=> CX(26) + HX(19) -14.285 -71.333
18 CX(26) + H2(6) <=> CH2X(27) 0.218 100.000
19 CX(26) + HOX(22) <=> CHX(28) + OX(20) -0.001 -64.911
20 CH3X(21) + CX(26) <=> CH2X(27) + CHX(28) -0.399 100.000
21 CH2X(27) + CX(26) <=> 2 CHX(28) -33.334 -39.924
22 CO(7) + X(1) <=> OCX(25) -33.332 -39.922
23 CX(26) + OX(20) <=> OCX(25) + X(1) -14.285 -37.067
24 H2(6) + X(1) <=> H2X(49) 0.293 100.000
25 CO(7) + X(1) <=> COX(50) -14.285 -37.067
26 CH2O(9) + 2 X(1) <=> CHOX(53) + HX(19) -33.332 -39.922
27 HCO(15) + X(1) <=> CHOX(53) 0.213 100.000
28 CH3CHO(16) + 2 X(1) <=> CH3X(21) + CHOX(53) -33.332 -39.922
29 CHOX(53) + X(1) <=> HX(19) + OCX(25) -0.038 100.000
30 HOX(22) + OCX(25) <=> CHOX(53) + OX(20) -0.232 100.000
31 CH2X(27) + CHOX(53) <=> CH3X(21) + OCX(25) -33.332 -39.922
32 CHOX(53) + CHX(28) <=> CH2X(27) + OCX(25) 0.218 100.000
33 CHOX(53) + CX(26) <=> CHX(28) + OCX(25) -33.332 -39.922
34 CO2(4) + X(1) <=> CO2X(24) -0.172 100.000
35 OCX(25) + OX(20) <=> CO2X(24) + X(1) -14.285 -37.067
36 CO2X(24) + HX(19) <=> HOX(22) + OCX(25) 0.249 100.000
37 CH4(2) + HOX(22) + X(1) <=> CH3X(21) + H2OX(23) -0.168 100.000
38 H2O(5) + X(1) <=> H2OX(23) 0.085 100.000
39 H2OX(23) + OX(20) <=> 2 HOX(22) -34.604 -182.514
40 HOX(22) + HX(19) <=> H2OX(23) + X(1) -0.000 -64.910
Finished sensitivity simulation for a C/O ratio of 1.4
Finished translating for C/O ratio of 1.4
Starting sensitivity simulation for a C/O ratio of 1.3
0 CH4(2) + X(1) <=> CH4X(48) 0.033 100.000
1 O2(3) + 2 X(1) <=> 2 OX(20) 1.052 100.000
2 H2(6) + 2 X(1) <=> 2 HX(19) -0.185 100.000
3 H(12) + X(1) <=> HX(19) -76.993 72.180
4 HX(19) + OX(20) <=> HOX(22) + X(1) -17.995 62.907
5 H2O(5) + 2 X(1) <=> HOX(22) + HX(19) 0.196 100.000
6 OH(17) + X(1) <=> HOX(22) -17.995 62.907
7 CH4(2) + 2 X(1) <=> CH3X(21) + HX(19) 0.171 100.000
8 CH4(2) + OX(20) + X(1) <=> CH3X(21) + HOX(22) -17.995 62.907
9 C2H6(8) + 2 X(1) <=> 2 CH3X(21) 0.174 100.000
10 CH3(10) + X(1) <=> CH3X(21) -18.077 100.000
11 CH3OH(14) + 2 X(1) <=> CH3X(21) + HOX(22) -76.993 72.180
12 CH2X(27) + HX(19) <=> CH3X(21) + X(1) -0.407 100.000
13 CH2X(27) + HOX(22) <=> CH3X(21) + OX(20) -0.794 100.000
14 CHX(28) + HX(19) <=> CH2X(27) + X(1) 0.203 100.000
15 CHX(28) + HOX(22) <=> CH2X(27) + OX(20) -76.993 72.180
16 2 CH2X(27) <=> CH3X(21) + CHX(28) 0.212 100.000
17 CHX(28) + X(1) <=> CX(26) + HX(19) 0.194 100.000
18 CX(26) + H2(6) <=> CH2X(27) -17.996 62.907
19 CX(26) + HOX(22) <=> CHX(28) + OX(20) 0.210 100.000
20 CH3X(21) + CX(26) <=> CH2X(27) + CHX(28) -76.993 72.180
21 CH2X(27) + CX(26) <=> 2 CHX(28) -17.995 62.907
22 CO(7) + X(1) <=> OCX(25) 11.504 100.000
23 CX(26) + OX(20) <=> OCX(25) + X(1) 41.002 100.000
24 H2(6) + X(1) <=> H2X(49) 29.203 100.000
25 CO(7) + X(1) <=> COX(50) -17.995 62.907
26 CH2O(9) + 2 X(1) <=> CHOX(53) + HX(19) 11.504 100.000
27 HCO(15) + X(1) <=> CHOX(53) 0.168 100.000
28 CH3CHO(16) + 2 X(1) <=> CH3X(21) + CHOX(53) 11.504 100.000
29 CHOX(53) + X(1) <=> HX(19) + OCX(25) -18.863 100.000
30 HOX(22) + OCX(25) <=> CHOX(53) + OX(20) 0.081 100.000
31 CH2X(27) + CHOX(53) <=> CH3X(21) + OCX(25) 11.504 100.000
32 CHOX(53) + CHX(28) <=> CH2X(27) + OCX(25) 0.171 100.000
33 CHOX(53) + CX(26) <=> CHX(28) + OCX(25) -17.995 100.000
34 CO2(4) + X(1) <=> CO2X(24) -76.993 72.180
35 OCX(25) + OX(20) <=> CO2X(24) + X(1) 0.147 100.000
36 CO2X(24) + HX(19) <=> HOX(22) + OCX(25) -76.993 72.180
37 CH4(2) + HOX(22) + X(1) <=> CH3X(21) + H2OX(23) -17.995 62.907
38 H2O(5) + X(1) <=> H2OX(23) 0.358 100.000
39 H2OX(23) + OX(20) <=> 2 HOX(22) 0.236 100.000
40 HOX(22) + HX(19) <=> H2OX(23) + X(1) -17.995 62.907
Finished sensitivity simulation for a C/O ratio of 1.3
Finished translating for C/O ratio of 1.3
Starting sensitivity simulation for a C/O ratio of 0.9
0 CH4(2) + X(1) <=> CH4X(48) -0.049 100.000
1 O2(3) + 2 X(1) <=> 2 OX(20) 0.848 100.000
2 H2(6) + 2 X(1) <=> 2 HX(19) 36.905 74.463
3 H(12) + X(1) <=> HX(19) 5.357 61.695
4 HX(19) + OX(20) <=> HOX(22) + X(1) 5.357 61.695
5 H2O(5) + 2 X(1) <=> HOX(22) + HX(19) 36.905 74.463
6 OH(17) + X(1) <=> HOX(22) 0.026 100.000
7 CH4(2) + 2 X(1) <=> CH3X(21) + HX(19) 0.041 100.000
8 CH4(2) + OX(20) + X(1) <=> CH3X(21) + HOX(22) 36.905 74.463
9 C2H6(8) + 2 X(1) <=> 2 CH3X(21) 5.357 61.695
10 CH3(10) + X(1) <=> CH3X(21) 0.150 100.000
11 CH3OH(14) + 2 X(1) <=> CH3X(21) + HOX(22) 36.905 74.463
12 CH2X(27) + HX(19) <=> CH3X(21) + X(1) 35.786 74.010
13 CH2X(27) + HOX(22) <=> CH3X(21) + OX(20) 1.146 100.000
14 CHX(28) + HX(19) <=> CH2X(27) + X(1) 36.906 74.464
15 CHX(28) + HOX(22) <=> CH2X(27) + OX(20) 5.357 61.695
16 2 CH2X(27) <=> CH3X(21) + CHX(28) -0.084 100.000
17 CHX(28) + X(1) <=> CX(26) + HX(19) 0.057 100.000
18 CX(26) + H2(6) <=> CH2X(27) 36.904 74.463
19 CX(26) + HOX(22) <=> CHX(28) + OX(20) 5.357 61.695
20 CH3X(21) + CX(26) <=> CH2X(27) + CHX(28) 0.057 100.000
21 CH2X(27) + CX(26) <=> 2 CHX(28) 1.785 100.000
22 CO(7) + X(1) <=> OCX(25) 0.285 100.000
23 CX(26) + OX(20) <=> OCX(25) + X(1) 5.357 61.695
24 H2(6) + X(1) <=> H2X(49) 0.043 100.000
25 CO(7) + X(1) <=> COX(50) -0.007 100.000
26 CH2O(9) + 2 X(1) <=> CHOX(53) + HX(19) 36.905 74.463
27 HCO(15) + X(1) <=> CHOX(53) 5.357 61.695
28 CH3CHO(16) + 2 X(1) <=> CH3X(21) + CHOX(53) -0.067 100.000
29 CHOX(53) + X(1) <=> HX(19) + OCX(25) 36.905 74.463
30 HOX(22) + OCX(25) <=> CHOX(53) + OX(20) 5.357 61.695
31 CH2X(27) + CHOX(53) <=> CH3X(21) + OCX(25) 5.357 61.695
32 CHOX(53) + CHX(28) <=> CH2X(27) + OCX(25) 5.357 61.695
33 CHOX(53) + CX(26) <=> CHX(28) + OCX(25) 36.905 74.463
34 CO2(4) + X(1) <=> CO2X(24) 36.905 74.463
35 OCX(25) + OX(20) <=> CO2X(24) + X(1) 36.905 74.463
36 CO2X(24) + HX(19) <=> HOX(22) + OCX(25) -0.043 100.000
37 CH4(2) + HOX(22) + X(1) <=> CH3X(21) + H2OX(23) 36.905 74.463
38 H2O(5) + X(1) <=> H2OX(23) 0.072 100.000
39 H2OX(23) + OX(20) <=> 2 HOX(22) 36.319 74.226
40 HOX(22) + HX(19) <=> H2OX(23) + X(1) 0.145 100.000
Finished sensitivity simulation for a C/O ratio of 0.9
Finished translating for C/O ratio of 0.9
Starting sensitivity simulation for a C/O ratio of 1.0
0 CH4(2) + X(1) <=> CH4X(48) 50.000 100.000
1 O2(3) + 2 X(1) <=> 2 OX(20) 56.379 100.000
2 H2(6) + 2 X(1) <=> 2 HX(19) 50.000 100.000
3 H(12) + X(1) <=> HX(19) 55.989 100.000
4 HX(19) + OX(20) <=> HOX(22) + X(1) 50.000 100.000
5 H2O(5) + 2 X(1) <=> HOX(22) + HX(19) 55.978 100.000
6 OH(17) + X(1) <=> HOX(22) 55.994 100.000
7 CH4(2) + 2 X(1) <=> CH3X(21) + HX(19) 56.004 100.000
8 CH4(2) + OX(20) + X(1) <=> CH3X(21) + HOX(22) 56.185 100.000
9 C2H6(8) + 2 X(1) <=> 2 CH3X(21) 50.000 100.000
10 CH3(10) + X(1) <=> CH3X(21) 56.177 100.000
11 CH3OH(14) + 2 X(1) <=> CH3X(21) + HOX(22) 56.003 100.000
12 CH2X(27) + HX(19) <=> CH3X(21) + X(1) 55.721 100.000
13 CH2X(27) + HOX(22) <=> CH3X(21) + OX(20) 50.000 100.000
14 CHX(28) + HX(19) <=> CH2X(27) + X(1) 50.001 100.000
15 CHX(28) + HOX(22) <=> CH2X(27) + OX(20) 55.979 100.000
16 2 CH2X(27) <=> CH3X(21) + CHX(28) 50.000 100.000
17 CHX(28) + X(1) <=> CX(26) + HX(19) 50.000 100.000
18 CX(26) + H2(6) <=> CH2X(27) 49.999 100.000
19 CX(26) + HOX(22) <=> CHX(28) + OX(20) 50.000 100.000
20 CH3X(21) + CX(26) <=> CH2X(27) + CHX(28) 50.000 100.000
21 CH2X(27) + CX(26) <=> 2 CHX(28) 55.999 100.000
22 CO(7) + X(1) <=> OCX(25) 56.003 100.000
23 CX(26) + OX(20) <=> OCX(25) + X(1) 56.004 100.000
24 H2(6) + X(1) <=> H2X(49) 56.004 100.000
25 CO(7) + X(1) <=> COX(50) 55.974 100.000
26 CH2O(9) + 2 X(1) <=> CHOX(53) + HX(19) 50.000 100.000
27 HCO(15) + X(1) <=> CHOX(53) 50.000 100.000
28 CH3CHO(16) + 2 X(1) <=> CH3X(21) + CHOX(53) 50.000 100.000
29 CHOX(53) + X(1) <=> HX(19) + OCX(25) 50.000 100.000
30 HOX(22) + OCX(25) <=> CHOX(53) + OX(20) 50.000 100.000
31 CH2X(27) + CHOX(53) <=> CH3X(21) + OCX(25) 50.000 100.000
32 CHOX(53) + CHX(28) <=> CH2X(27) + OCX(25) 50.000 100.000
33 CHOX(53) + CX(26) <=> CHX(28) + OCX(25) 50.000 100.000
34 CO2(4) + X(1) <=> CO2X(24) 56.064 100.000
35 OCX(25) + OX(20) <=> CO2X(24) + X(1) 55.987 100.000
36 CO2X(24) + HX(19) <=> HOX(22) + OCX(25) 55.908 100.000
37 CH4(2) + HOX(22) + X(1) <=> CH3X(21) + H2OX(23) 55.983 100.000
38 H2O(5) + X(1) <=> H2OX(23) 55.994 100.000
39 H2OX(23) + OX(20) <=> 2 HOX(22) 49.532 100.000
40 HOX(22) + HX(19) <=> H2OX(23) + X(1) 50.000 100.000
Finished sensitivity simulation for a C/O ratio of 1.0
Finished translating for C/O ratio of 1.0
Starting sensitivity simulation for a C/O ratio of 1.8
0 CH4(2) + X(1) <=> CH4X(48) 19.642 37.833
1 O2(3) + 2 X(1) <=> 2 OX(20) 1.438 11.041
2 H2(6) + 2 X(1) <=> 2 HX(19) -0.287 100.000
3 H(12) + X(1) <=> HX(19) -0.066 100.000
4 HX(19) + OX(20) <=> HOX(22) + X(1) 0.015 100.000
5 H2O(5) + 2 X(1) <=> HOX(22) + HX(19) 19.643 37.833
6 OH(17) + X(1) <=> HOX(22) 29.093 45.144
7 CH4(2) + 2 X(1) <=> CH3X(21) + HX(19) 19.645 37.835
8 CH4(2) + OX(20) + X(1) <=> CH3X(21) + HOX(22) 19.638 37.829
9 C2H6(8) + 2 X(1) <=> 2 CH3X(21) 24.666 32.006
10 CH3(10) + X(1) <=> CH3X(21) 19.606 37.804
11 CH3OH(14) + 2 X(1) <=> CH3X(21) + HOX(22) 0.033 100.000
12 CH2X(27) + HX(19) <=> CH3X(21) + X(1) -0.755 100.000
13 CH2X(27) + HOX(22) <=> CH3X(21) + OX(20) 0.033 100.000
14 CHX(28) + HX(19) <=> CH2X(27) + X(1) -0.748 100.000
15 CHX(28) + HOX(22) <=> CH2X(27) + OX(20) -0.021 100.000
16 2 CH2X(27) <=> CH3X(21) + CHX(28) 19.638 37.830
17 CHX(28) + X(1) <=> CX(26) + HX(19) -0.160 100.000
18 CX(26) + H2(6) <=> CH2X(27) 0.028 100.000
19 CX(26) + HOX(22) <=> CHX(28) + OX(20) 0.075 100.000
20 CH3X(21) + CX(26) <=> CH2X(27) + CHX(28) 19.643 37.833
21 CH2X(27) + CX(26) <=> 2 CHX(28) -0.445 35.244
22 CO(7) + X(1) <=> OCX(25) -0.085 100.000
23 CX(26) + OX(20) <=> OCX(25) + X(1) -0.355 100.000
24 H2(6) + X(1) <=> H2X(49) 19.643 37.833
25 CO(7) + X(1) <=> COX(50) 0.212 100.000
26 CH2O(9) + 2 X(1) <=> CHOX(53) + HX(19) 24.659 32.000
27 HCO(15) + X(1) <=> CHOX(53) 0.055 100.000
28 CH3CHO(16) + 2 X(1) <=> CH3X(21) + CHOX(53) 0.114 100.000
29 CHOX(53) + X(1) <=> HX(19) + OCX(25) 19.641 37.832
30 HOX(22) + OCX(25) <=> CHOX(53) + OX(20) 19.637 17.105
31 CH2X(27) + CHOX(53) <=> CH3X(21) + OCX(25) -0.007 100.000
32 CHOX(53) + CHX(28) <=> CH2X(27) + OCX(25) 0.047 100.000
33 CHOX(53) + CX(26) <=> CHX(28) + OCX(25) 24.661 12.573
34 CO2(4) + X(1) <=> CO2X(24) 24.666 70.859
35 OCX(25) + OX(20) <=> CO2X(24) + X(1) -0.029 100.000
36 CO2X(24) + HX(19) <=> HOX(22) + OCX(25) -0.649 100.000
37 CH4(2) + HOX(22) + X(1) <=> CH3X(21) + H2OX(23) 0.026 100.000
38 H2O(5) + X(1) <=> H2OX(23) 24.665 32.005
39 H2OX(23) + OX(20) <=> 2 HOX(22) 18.865 37.231
40 HOX(22) + HX(19) <=> H2OX(23) + X(1) 19.644 37.834
Finished sensitivity simulation for a C/O ratio of 1.8
Finished translating for C/O ratio of 1.8
Starting sensitivity simulation for a C/O ratio of 1.1
0 CH4(2) + X(1) <=> CH4X(48) 10.829 68.672
1 O2(3) + 2 X(1) <=> 2 OX(20) -31.324 53.862
2 H2(6) + 2 X(1) <=> 2 HX(19) -33.757 53.007
3 H(12) + X(1) <=> HX(19) -INF NAN
4 HX(19) + OX(20) <=> HOX(22) + X(1) -33.756 53.007
5 H2O(5) + 2 X(1) <=> HOX(22) + HX(19) 0.040 100.000
6 OH(17) + X(1) <=> HOX(22) 9.995 100.000
7 CH4(2) + 2 X(1) <=> CH3X(21) + HX(19) -INF NAN
8 CH4(2) + OX(20) + X(1) <=> CH3X(21) + HOX(22) -33.756 53.007
9 C2H6(8) + 2 X(1) <=> 2 CH3X(21) -0.005 100.000
10 CH3(10) + X(1) <=> CH3X(21) 0.022 100.000
11 CH3OH(14) + 2 X(1) <=> CH3X(21) + HOX(22) -33.756 53.007
12 CH2X(27) + HX(19) <=> CH3X(21) + X(1) -0.843 100.000
13 CH2X(27) + HOX(22) <=> CH3X(21) + OX(20) -0.011 100.000
14 CHX(28) + HX(19) <=> CH2X(27) + X(1) 0.195 100.000
15 CHX(28) + HOX(22) <=> CH2X(27) + OX(20) -33.756 53.007
16 2 CH2X(27) <=> CH3X(21) + CHX(28) -INF NAN
17 CHX(28) + X(1) <=> CX(26) + HX(19) -33.756 53.007
18 CX(26) + H2(6) <=> CH2X(27) -0.011 100.000
19 CX(26) + HOX(22) <=> CHX(28) + OX(20) 0.049 100.000
20 CH3X(21) + CX(26) <=> CH2X(27) + CHX(28) -0.955 100.000
21 CH2X(27) + CX(26) <=> 2 CHX(28) -33.756 53.007
22 CO(7) + X(1) <=> OCX(25) 0.189 100.000
23 CX(26) + OX(20) <=> OCX(25) + X(1) -33.756 53.007
24 H2(6) + X(1) <=> H2X(49) -33.756 53.007
25 CO(7) + X(1) <=> COX(50) -33.756 53.007
26 CH2O(9) + 2 X(1) <=> CHOX(53) + HX(19) 0.008 100.000
27 HCO(15) + X(1) <=> CHOX(53) -33.756 53.007
28 CH3CHO(16) + 2 X(1) <=> CH3X(21) + CHOX(53) -33.756 53.007
29 CHOX(53) + X(1) <=> HX(19) + OCX(25) -33.756 53.007
30 HOX(22) + OCX(25) <=> CHOX(53) + OX(20) -33.756 53.007
31 CH2X(27) + CHOX(53) <=> CH3X(21) + OCX(25) 0.002 100.000
32 CHOX(53) + CHX(28) <=> CH2X(27) + OCX(25) -33.756 53.007
33 CHOX(53) + CX(26) <=> CHX(28) + OCX(25) -INF NAN
34 CO2(4) + X(1) <=> CO2X(24) 0.640 100.000
35 OCX(25) + OX(20) <=> CO2X(24) + X(1) -33.756 53.007
36 CO2X(24) + HX(19) <=> HOX(22) + OCX(25) 0.013 100.000
37 CH4(2) + HOX(22) + X(1) <=> CH3X(21) + H2OX(23) -0.015 100.000
38 H2O(5) + X(1) <=> H2OX(23) 0.229 100.000
39 H2OX(23) + OX(20) <=> 2 HOX(22) 0.027 100.000
40 HOX(22) + HX(19) <=> H2OX(23) + X(1) 0.122 100.000
Finished sensitivity simulation for a C/O ratio of 1.1
Finished translating for C/O ratio of 1.1
Starting sensitivity simulation for a C/O ratio of 2.6
0 CH4(2) + X(1) <=> CH4X(48) 0.185 100.000
1 O2(3) + 2 X(1) <=> 2 OX(20) 22.781 67.152
2 H2(6) + 2 X(1) <=> 2 HX(19) -0.230 100.000
3 H(12) + X(1) <=> HX(19) 0.215 100.000
4 HX(19) + OX(20) <=> HOX(22) + X(1) 21.270 66.510
5 H2O(5) + 2 X(1) <=> HOX(22) + HX(19) -0.000 100.000
6 OH(17) + X(1) <=> HOX(22) 0.175 100.000
7 CH4(2) + 2 X(1) <=> CH3X(21) + HX(19) 0.406 100.000
8 CH4(2) + OX(20) + X(1) <=> CH3X(21) + HOX(22) 3.381 38.350
9 C2H6(8) + 2 X(1) <=> 2 CH3X(21) 11.434 81.163
10 CH3(10) + X(1) <=> CH3X(21) 0.144 100.000
11 CH3OH(14) + 2 X(1) <=> CH3X(21) + HOX(22) 21.269 66.509
12 CH2X(27) + HX(19) <=> CH3X(21) + X(1) -0.473 100.000
13 CH2X(27) + HOX(22) <=> CH3X(21) + OX(20) 0.471 100.000
14 CHX(28) + HX(19) <=> CH2X(27) + X(1) 0.155 100.000
15 CHX(28) + HOX(22) <=> CH2X(27) + OX(20) 21.271 66.510
16 2 CH2X(27) <=> CH3X(21) + CHX(28) 0.610 100.000
17 CHX(28) + X(1) <=> CX(26) + HX(19) -6.279 100.000
18 CX(26) + H2(6) <=> CH2X(27) 11.432 81.162
19 CX(26) + HOX(22) <=> CHX(28) + OX(20) 11.430 81.162
20 CH3X(21) + CX(26) <=> CH2X(27) + CHX(28) 11.430 81.162
21 CH2X(27) + CX(26) <=> 2 CHX(28) 0.074 100.000
22 CO(7) + X(1) <=> OCX(25) 0.116 100.000
23 CX(26) + OX(20) <=> OCX(25) + X(1) 0.147 100.000
24 H2(6) + X(1) <=> H2X(49) 0.322 100.000
25 CO(7) + X(1) <=> COX(50) 11.431 81.162
26 CH2O(9) + 2 X(1) <=> CHOX(53) + HX(19) 0.142 100.000
27 HCO(15) + X(1) <=> CHOX(53) 0.521 100.000
28 CH3CHO(16) + 2 X(1) <=> CH3X(21) + CHOX(53) 11.434 81.163
29 CHOX(53) + X(1) <=> HX(19) + OCX(25) 0.154 100.000
30 HOX(22) + OCX(25) <=> CHOX(53) + OX(20) 0.128 100.000
31 CH2X(27) + CHOX(53) <=> CH3X(21) + OCX(25) 11.430 81.162
32 CHOX(53) + CHX(28) <=> CH2X(27) + OCX(25) 0.121 100.000
33 CHOX(53) + CX(26) <=> CHX(28) + OCX(25) 21.272 66.510
34 CO2(4) + X(1) <=> CO2X(24) 11.430 81.162
35 OCX(25) + OX(20) <=> CO2X(24) + X(1) 0.113 100.000
36 CO2X(24) + HX(19) <=> HOX(22) + OCX(25) 0.157 100.000
37 CH4(2) + HOX(22) + X(1) <=> CH3X(21) + H2OX(23) -0.008 100.000
38 H2O(5) + X(1) <=> H2OX(23) 0.177 100.000
39 H2OX(23) + OX(20) <=> 2 HOX(22) 28.452 100.000
40 HOX(22) + HX(19) <=> H2OX(23) + X(1) 0.118 100.000
Finished sensitivity simulation for a C/O ratio of 2.6
Finished translating for C/O ratio of 2.6
Starting sensitivity simulation for a C/O ratio of 2.0
0 CH4(2) + X(1) <=> CH4X(48) -18.746 -48.432
1 O2(3) + 2 X(1) <=> 2 OX(20) 6.804 -63.092
2 H2(6) + 2 X(1) <=> 2 HX(19) -33.787 100.000
3 H(12) + X(1) <=> HX(19) 5.003 -66.245
4 HX(19) + OX(20) <=> HOX(22) + X(1) -18.745 -48.432
5 H2O(5) + 2 X(1) <=> HOX(22) + HX(19) 5.001 -66.248
6 OH(17) + X(1) <=> HOX(22) -33.447 100.000
7 CH4(2) + 2 X(1) <=> CH3X(21) + HX(19) 5.005 -66.241
8 CH4(2) + OX(20) + X(1) <=> CH3X(21) + HOX(22) 5.003 -66.244
9 C2H6(8) + 2 X(1) <=> 2 CH3X(21) -18.747 -48.433
10 CH3(10) + X(1) <=> CH3X(21) 4.960 -66.319
11 CH3OH(14) + 2 X(1) <=> CH3X(21) + HOX(22) 5.004 -66.244
12 CH2X(27) + HX(19) <=> CH3X(21) + X(1) 3.192 -69.413
13 CH2X(27) + HOX(22) <=> CH3X(21) + OX(20) 5.003 -66.245
14 CHX(28) + HX(19) <=> CH2X(27) + X(1) -33.844 100.000
15 CHX(28) + HOX(22) <=> CH2X(27) + OX(20) -18.744 -48.430
16 2 CH2X(27) <=> CH3X(21) + CHX(28) 5.003 -66.245
17 CHX(28) + X(1) <=> CX(26) + HX(19) -33.565 100.000
18 CX(26) + H2(6) <=> CH2X(27) 5.003 -66.245
19 CX(26) + HOX(22) <=> CHX(28) + OX(20) -33.433 100.000
20 CH3X(21) + CX(26) <=> CH2X(27) + CHX(28) 5.004 -66.244
21 CH2X(27) + CX(26) <=> 2 CHX(28) 5.007 -66.237
22 CO(7) + X(1) <=> OCX(25) -5.554 -84.719
23 CX(26) + OX(20) <=> OCX(25) + X(1) -18.744 -48.430
24 H2(6) + X(1) <=> H2X(49) -18.742 -48.428
25 CO(7) + X(1) <=> COX(50) -5.548 -84.710
26 CH2O(9) + 2 X(1) <=> CHOX(53) + HX(19) -33.434 100.000
27 HCO(15) + X(1) <=> CHOX(53) -33.453 100.000
28 CH3CHO(16) + 2 X(1) <=> CH3X(21) + CHOX(53) -32.587 100.000
29 CHOX(53) + X(1) <=> HX(19) + OCX(25) -18.746 -167.177
30 HOX(22) + OCX(25) <=> CHOX(53) + OX(20) -18.745 -48.431
31 CH2X(27) + CHOX(53) <=> CH3X(21) + OCX(25) -18.745 -48.431
32 CHOX(53) + CHX(28) <=> CH2X(27) + OCX(25) 5.006 -66.240
33 CHOX(53) + CX(26) <=> CHX(28) + OCX(25) 5.004 -66.243
34 CO2(4) + X(1) <=> CO2X(24) -33.367 100.000
35 OCX(25) + OX(20) <=> CO2X(24) + X(1) -33.393 100.000
36 CO2X(24) + HX(19) <=> HOX(22) + OCX(25) 5.004 -66.243
37 CH4(2) + HOX(22) + X(1) <=> CH3X(21) + H2OX(23) -33.421 100.000
38 H2O(5) + X(1) <=> H2OX(23) -33.396 100.000
39 H2OX(23) + OX(20) <=> 2 HOX(22) -33.383 100.000
40 HOX(22) + HX(19) <=> H2OX(23) + X(1) -18.746 -48.433
Finished sensitivity simulation for a C/O ratio of 2.0
Finished translating for C/O ratio of 2.0
Starting sensitivity simulation for a C/O ratio of 0.8
0 CH4(2) + X(1) <=> CH4X(48) -94.767 100.000
1 O2(3) + 2 X(1) <=> 2 OX(20) -47.350 100.000
2 H2(6) + 2 X(1) <=> 2 HX(19) -95.441 100.000
3 H(12) + X(1) <=> HX(19) -94.909 100.000
4 HX(19) + OX(20) <=> HOX(22) + X(1) -93.172 100.000
5 H2O(5) + 2 X(1) <=> HOX(22) + HX(19) -50.000 100.000
6 OH(17) + X(1) <=> HOX(22) -50.000 100.000
7 CH4(2) + 2 X(1) <=> CH3X(21) + HX(19) -94.911 100.000
8 CH4(2) + OX(20) + X(1) <=> CH3X(21) + HOX(22) -94.997 100.000
9 C2H6(8) + 2 X(1) <=> 2 CH3X(21) -51.702 33.032
10 CH3(10) + X(1) <=> CH3X(21) -96.697 100.000
11 CH3OH(14) + 2 X(1) <=> CH3X(21) + HOX(22) -50.000 100.000
12 CH2X(27) + HX(19) <=> CH3X(21) + X(1) -1.749 55.083
13 CH2X(27) + HOX(22) <=> CH3X(21) + OX(20) -94.795 100.000
14 CHX(28) + HX(19) <=> CH2X(27) + X(1) -94.857 100.000
15 CHX(28) + HOX(22) <=> CH2X(27) + OX(20) -1.696 55.107
16 2 CH2X(27) <=> CH3X(21) + CHX(28) -95.452 100.000
17 CHX(28) + X(1) <=> CX(26) + HX(19) -95.014 100.000
18 CX(26) + H2(6) <=> CH2X(27) -94.844 100.000
19 CX(26) + HOX(22) <=> CHX(28) + OX(20) 0.000 55.855
20 CH3X(21) + CX(26) <=> CH2X(27) + CHX(28) -94.156 100.000
21 CH2X(27) + CX(26) <=> 2 CHX(28) -50.000 100.000
22 CO(7) + X(1) <=> OCX(25) -94.846 100.000
23 CX(26) + OX(20) <=> OCX(25) + X(1) -95.207 100.000
24 H2(6) + X(1) <=> H2X(49) -50.000 33.783
25 CO(7) + X(1) <=> COX(50) -95.006 100.000
26 CH2O(9) + 2 X(1) <=> CHOX(53) + HX(19) -94.863 100.000
27 HCO(15) + X(1) <=> CHOX(53) -50.000 100.000
28 CH3CHO(16) + 2 X(1) <=> CH3X(21) + CHOX(53) -0.000 55.855
29 CHOX(53) + X(1) <=> HX(19) + OCX(25) -94.883 100.000
30 HOX(22) + OCX(25) <=> CHOX(53) + OX(20) -50.000 100.000
31 CH2X(27) + CHOX(53) <=> CH3X(21) + OCX(25) -94.933 100.000
32 CHOX(53) + CHX(28) <=> CH2X(27) + OCX(25) -94.820 100.000
33 CHOX(53) + CX(26) <=> CHX(28) + OCX(25) -50.000 100.000
34 CO2(4) + X(1) <=> CO2X(24) -94.570 100.000
35 OCX(25) + OX(20) <=> CO2X(24) + X(1) -87.009 100.000
36 CO2X(24) + HX(19) <=> HOX(22) + OCX(25) -94.529 100.000
37 CH4(2) + HOX(22) + X(1) <=> CH3X(21) + H2OX(23) -94.837 100.000
38 H2O(5) + X(1) <=> H2OX(23) -94.915 100.000
39 H2OX(23) + OX(20) <=> 2 HOX(22) -0.922 55.449
40 HOX(22) + HX(19) <=> H2OX(23) + X(1) -50.000 100.000
Finished sensitivity simulation for a C/O ratio of 0.8
Finished translating for C/O ratio of 0.8
Starting sensitivity simulation for a C/O ratio of 1.2
0 CH4(2) + X(1) <=> CH4X(48) 35.479 100.000
1 O2(3) + 2 X(1) <=> 2 OX(20) -96.338 100.000
2 H2(6) + 2 X(1) <=> 2 HX(19) 35.317 100.000
3 H(12) + X(1) <=> HX(19) -0.000 100.000
4 HX(19) + OX(20) <=> HOX(22) + X(1) 35.511 100.000
5 H2O(5) + 2 X(1) <=> HOX(22) + HX(19) 35.498 100.000
6 OH(17) + X(1) <=> HOX(22) 0.000 100.000
7 CH4(2) + 2 X(1) <=> CH3X(21) + HX(19) 35.502 100.000
8 CH4(2) + OX(20) + X(1) <=> CH3X(21) + HOX(22) 35.481 100.000
9 C2H6(8) + 2 X(1) <=> 2 CH3X(21) -0.000 100.000
10 CH3(10) + X(1) <=> CH3X(21) -100.149 -0.074
11 CH3OH(14) + 2 X(1) <=> CH3X(21) + HOX(22) 35.502 100.000
12 CH2X(27) + HX(19) <=> CH3X(21) + X(1) 35.013 100.000
13 CH2X(27) + HOX(22) <=> CH3X(21) + OX(20) 35.432 100.000
14 CHX(28) + HX(19) <=> CH2X(27) + X(1) -99.997 0.001
15 CHX(28) + HOX(22) <=> CH2X(27) + OX(20) -100.000 0.000
16 2 CH2X(27) <=> CH3X(21) + CHX(28) 35.495 100.000
17 CHX(28) + X(1) <=> CX(26) + HX(19) 35.516 100.000
18 CX(26) + H2(6) <=> CH2X(27) -100.003 -0.001
19 CX(26) + HOX(22) <=> CHX(28) + OX(20) -100.000 0.000
20 CH3X(21) + CX(26) <=> CH2X(27) + CHX(28) -100.000 0.000
21 CH2X(27) + CX(26) <=> 2 CHX(28) -100.000 -0.000
22 CO(7) + X(1) <=> OCX(25) -100.000 -0.000
23 CX(26) + OX(20) <=> OCX(25) + X(1) -0.000 100.000
24 H2(6) + X(1) <=> H2X(49) 35.484 100.000
25 CO(7) + X(1) <=> COX(50) 35.512 100.000
26 CH2O(9) + 2 X(1) <=> CHOX(53) + HX(19) 0.000 100.000
27 HCO(15) + X(1) <=> CHOX(53) 35.460 100.000
28 CH3CHO(16) + 2 X(1) <=> CH3X(21) + CHOX(53) 35.514 100.000
29 CHOX(53) + X(1) <=> HX(19) + OCX(25) -100.000 0.000
30 HOX(22) + OCX(25) <=> CHOX(53) + OX(20) 35.498 100.000
31 CH2X(27) + CHOX(53) <=> CH3X(21) + OCX(25) 0.000 100.000
32 CHOX(53) + CHX(28) <=> CH2X(27) + OCX(25) 35.441 100.000
33 CHOX(53) + CX(26) <=> CHX(28) + OCX(25) 35.492 100.000
34 CO2(4) + X(1) <=> CO2X(24) 35.505 100.000
35 OCX(25) + OX(20) <=> CO2X(24) + X(1) -100.000 0.000
36 CO2X(24) + HX(19) <=> HOX(22) + OCX(25) 0.000 50.000
37 CH4(2) + HOX(22) + X(1) <=> CH3X(21) + H2OX(23) 35.465 100.000
38 H2O(5) + X(1) <=> H2OX(23) -100.002 -0.001
39 H2OX(23) + OX(20) <=> 2 HOX(22) 35.565 100.000
40 HOX(22) + HX(19) <=> H2OX(23) + X(1) 35.446 100.000
Finished sensitivity simulation for a C/O ratio of 1.2
Finished translating for C/O ratio of 1.2
Starting sensitivity simulation for a C/O ratio of 0.6
0 CH4(2) + X(1) <=> CH4X(48) -8.475 100.000
1 O2(3) + 2 X(1) <=> 2 OX(20) -7.579 100.000
2 H2(6) + 2 X(1) <=> 2 HX(19) -8.504 100.000
3 H(12) + X(1) <=> HX(19) -8.117 100.000
4 HX(19) + OX(20) <=> HOX(22) + X(1) 50.000 100.000
5 H2O(5) + 2 X(1) <=> HOX(22) + HX(19) -8.450 100.000
6 OH(17) + X(1) <=> HOX(22) -7.421 100.000
7 CH4(2) + 2 X(1) <=> CH3X(21) + HX(19) -8.311 100.000
8 CH4(2) + OX(20) + X(1) <=> CH3X(21) + HOX(22) -INF -INF
9 C2H6(8) + 2 X(1) <=> 2 CH3X(21) -8.318 100.000
10 CH3(10) + X(1) <=> CH3X(21) -8.528 100.000
11 CH3OH(14) + 2 X(1) <=> CH3X(21) + HOX(22) 50.000 100.000
12 CH2X(27) + HX(19) <=> CH3X(21) + X(1) -1.681 -103.362
13 CH2X(27) + HOX(22) <=> CH3X(21) + OX(20) -8.439 100.000
14 CHX(28) + HX(19) <=> CH2X(27) + X(1) -8.500 100.000
15 CHX(28) + HOX(22) <=> CH2X(27) + OX(20) -0.000 -200.000
16 2 CH2X(27) <=> CH3X(21) + CHX(28) 50.000 -150.000
17 CHX(28) + X(1) <=> CX(26) + HX(19) -9.142 100.000
18 CX(26) + H2(6) <=> CH2X(27) -8.550 100.000
19 CX(26) + HOX(22) <=> CHX(28) + OX(20) -8.489 100.000
20 CH3X(21) + CX(26) <=> CH2X(27) + CHX(28) -8.423 100.000
21 CH2X(27) + CX(26) <=> 2 CHX(28) -8.472 100.000
22 CO(7) + X(1) <=> OCX(25) -8.498 100.000
23 CX(26) + OX(20) <=> OCX(25) + X(1) -5.206 100.000
24 H2(6) + X(1) <=> H2X(49) 50.000 100.000
25 CO(7) + X(1) <=> COX(50) -8.498 100.000
26 CH2O(9) + 2 X(1) <=> CHOX(53) + HX(19) -8.493 100.000
27 HCO(15) + X(1) <=> CHOX(53) -INF -INF
28 CH3CHO(16) + 2 X(1) <=> CH3X(21) + CHOX(53) -0.000 100.000
29 CHOX(53) + X(1) <=> HX(19) + OCX(25) 50.000 100.000
30 HOX(22) + OCX(25) <=> CHOX(53) + OX(20) 50.000 -100.000
31 CH2X(27) + CHOX(53) <=> CH3X(21) + OCX(25) 50.000 100.000
32 CHOX(53) + CHX(28) <=> CH2X(27) + OCX(25) -8.466 100.000
33 CHOX(53) + CX(26) <=> CHX(28) + OCX(25) -8.586 100.000
34 CO2(4) + X(1) <=> CO2X(24) -8.191 100.000
35 OCX(25) + OX(20) <=> CO2X(24) + X(1) 50.000 100.000
36 CO2X(24) + HX(19) <=> HOX(22) + OCX(25) -8.513 100.000
37 CH4(2) + HOX(22) + X(1) <=> CH3X(21) + H2OX(23) -8.398 100.000
38 H2O(5) + X(1) <=> H2OX(23) 50.000 100.000
39 H2OX(23) + OX(20) <=> 2 HOX(22) 49.550 -152.251
40 HOX(22) + HX(19) <=> H2OX(23) + X(1) 50.000 100.000
Finished sensitivity simulation for a C/O ratio of 0.6
Finished translating for C/O ratio of 0.6
Starting sensitivity simulation for a C/O ratio of 0.7
0 CH4(2) + X(1) <=> CH4X(48) -1.824 -239.415
1 O2(3) + 2 X(1) <=> 2 OX(20) 1.742 100.000
2 H2(6) + 2 X(1) <=> 2 HX(19) -0.000 100.000
3 H(12) + X(1) <=> HX(19) 18.034 100.000
4 HX(19) + OX(20) <=> HOX(22) + X(1) 0.000 100.000
5 H2O(5) + 2 X(1) <=> HOX(22) + HX(19) 0.000 100.000
6 OH(17) + X(1) <=> HOX(22) 17.912 100.000
7 CH4(2) + 2 X(1) <=> CH3X(21) + HX(19) 0.000 100.000
8 CH4(2) + OX(20) + X(1) <=> CH3X(21) + HOX(22) 0.000 100.000
9 C2H6(8) + 2 X(1) <=> 2 CH3X(21) -0.000 100.000
10 CH3(10) + X(1) <=> CH3X(21) 17.784 100.000
11 CH3OH(14) + 2 X(1) <=> CH3X(21) + HOX(22) 0.000 100.000
12 CH2X(27) + HX(19) <=> CH3X(21) + X(1) 17.247 100.000
13 CH2X(27) + HOX(22) <=> CH3X(21) + OX(20) 17.710 100.000
14 CHX(28) + HX(19) <=> CH2X(27) + X(1) 0.002 100.000
15 CHX(28) + HOX(22) <=> CH2X(27) + OX(20) 0.000 100.000
16 2 CH2X(27) <=> CH3X(21) + CHX(28) 0.000 100.000
17 CHX(28) + X(1) <=> CX(26) + HX(19) 0.000 100.000
18 CX(26) + H2(6) <=> CH2X(27) 17.682 100.000
19 CX(26) + HOX(22) <=> CHX(28) + OX(20) 0.000 -33.333
20 CH3X(21) + CX(26) <=> CH2X(27) + CHX(28) 17.804 100.000
21 CH2X(27) + CX(26) <=> 2 CHX(28) 0.000 100.000
22 CO(7) + X(1) <=> OCX(25) 17.890 100.000
23 CX(26) + OX(20) <=> OCX(25) + X(1) 0.000 -233.333
24 H2(6) + X(1) <=> H2X(49) 0.000 100.000
25 CO(7) + X(1) <=> COX(50) -0.000 100.000
26 CH2O(9) + 2 X(1) <=> CHOX(53) + HX(19) 17.968 100.000
27 HCO(15) + X(1) <=> CHOX(53) 17.778 100.000
28 CH3CHO(16) + 2 X(1) <=> CH3X(21) + CHOX(53) 17.777 100.000
29 CHOX(53) + X(1) <=> HX(19) + OCX(25) 0.000 -233.333
30 HOX(22) + OCX(25) <=> CHOX(53) + OX(20) 0.000 100.000
31 CH2X(27) + CHOX(53) <=> CH3X(21) + OCX(25) 17.794 100.000
32 CHOX(53) + CHX(28) <=> CH2X(27) + OCX(25) 17.818 100.000
33 CHOX(53) + CX(26) <=> CHX(28) + OCX(25) 17.718 100.000
34 CO2(4) + X(1) <=> CO2X(24) 0.000 100.000
35 OCX(25) + OX(20) <=> CO2X(24) + X(1) 0.000 100.000
36 CO2X(24) + HX(19) <=> HOX(22) + OCX(25) 19.792 100.000
37 CH4(2) + HOX(22) + X(1) <=> CH3X(21) + H2OX(23) -0.000 100.000
38 H2O(5) + X(1) <=> H2OX(23) -0.001 100.000
39 H2OX(23) + OX(20) <=> 2 HOX(22) -0.912 100.000
40 HOX(22) + HX(19) <=> H2OX(23) + X(1) 0.000 100.000
Finished sensitivity simulation for a C/O ratio of 0.7
Finished translating for C/O ratio of 0.7
Starting sensitivity simulation for a C/O ratio of 1.6
0 CH4(2) + X(1) <=> CH4X(48) 7.692 60.439
1 O2(3) + 2 X(1) <=> 2 OX(20) -19.225 100.000
2 H2(6) + 2 X(1) <=> 2 HX(19) -20.592 100.000
3 H(12) + X(1) <=> HX(19) -20.249 100.000
4 HX(19) + OX(20) <=> HOX(22) + X(1) 14.287 51.021
5 H2O(5) + 2 X(1) <=> HOX(22) + HX(19) -20.069 100.000
6 OH(17) + X(1) <=> HOX(22) -19.317 100.000
7 CH4(2) + 2 X(1) <=> CH3X(21) + HX(19) 7.693 60.440
8 CH4(2) + OX(20) + X(1) <=> CH3X(21) + HOX(22) 7.692 60.440
9 C2H6(8) + 2 X(1) <=> 2 CH3X(21) -20.116 100.000
10 CH3(10) + X(1) <=> CH3X(21) -20.210 100.000
11 CH3OH(14) + 2 X(1) <=> CH3X(21) + HOX(22) 14.286 51.021
12 CH2X(27) + HX(19) <=> CH3X(21) + X(1) 5.960 59.697
13 CH2X(27) + HOX(22) <=> CH3X(21) + OX(20) -20.219 100.000
14 CHX(28) + HX(19) <=> CH2X(27) + X(1) -20.238 100.000
15 CHX(28) + HOX(22) <=> CH2X(27) + OX(20) 7.695 60.441
16 2 CH2X(27) <=> CH3X(21) + CHX(28) -19.758 100.000
17 CHX(28) + X(1) <=> CX(26) + HX(19) 7.693 60.440
18 CX(26) + H2(6) <=> CH2X(27) 7.692 60.439
19 CX(26) + HOX(22) <=> CHX(28) + OX(20) -20.274 100.000
20 CH3X(21) + CX(26) <=> CH2X(27) + CHX(28) 7.693 60.440
21 CH2X(27) + CX(26) <=> 2 CHX(28) -20.269 100.000
22 CO(7) + X(1) <=> OCX(25) -20.682 100.000
23 CX(26) + OX(20) <=> OCX(25) + X(1) 29.412 19.328
24 H2(6) + X(1) <=> H2X(49) 7.692 60.439
25 CO(7) + X(1) <=> COX(50) 7.693 60.440
26 CH2O(9) + 2 X(1) <=> CHOX(53) + HX(19) 7.693 60.440
27 HCO(15) + X(1) <=> CHOX(53) 14.284 51.019
28 CH3CHO(16) + 2 X(1) <=> CH3X(21) + CHOX(53) 7.691 60.439
29 CHOX(53) + X(1) <=> HX(19) + OCX(25) -20.877 100.000
30 HOX(22) + OCX(25) <=> CHOX(53) + OX(20) 14.286 51.020
31 CH2X(27) + CHOX(53) <=> CH3X(21) + OCX(25) 7.691 60.439
32 CHOX(53) + CHX(28) <=> CH2X(27) + OCX(25) 7.691 60.439
33 CHOX(53) + CX(26) <=> CHX(28) + OCX(25) -20.225 100.000
34 CO2(4) + X(1) <=> CO2X(24) -20.107 100.000
35 OCX(25) + OX(20) <=> CO2X(24) + X(1) 7.692 60.439
36 CO2X(24) + HX(19) <=> HOX(22) + OCX(25) 14.284 51.020
37 CH4(2) + HOX(22) + X(1) <=> CH3X(21) + H2OX(23) -20.667 100.000
38 H2O(5) + X(1) <=> H2OX(23) -20.198 100.000
39 H2OX(23) + OX(20) <=> 2 HOX(22) -20.236 100.000
40 HOX(22) + HX(19) <=> H2OX(23) + X(1) -20.273 100.000
Finished sensitivity simulation for a C/O ratio of 1.6
Finished translating for C/O ratio of 1.6
Starting sensitivity simulation for a C/O ratio of 2.2
0 CH4(2) + X(1) <=> CH4X(48) -0.099 100.000
1 O2(3) + 2 X(1) <=> 2 OX(20) 0.951 100.000
2 H2(6) + 2 X(1) <=> 2 HX(19) -3.234 16.472
3 H(12) + X(1) <=> HX(19) 0.157 100.000
4 HX(19) + OX(20) <=> HOX(22) + X(1) 2.824 21.373
5 H2O(5) + 2 X(1) <=> HOX(22) + HX(19) 2.834 21.381
6 OH(17) + X(1) <=> HOX(22) -0.020 100.000
7 CH4(2) + 2 X(1) <=> CH3X(21) + HX(19) -0.196 100.000
8 CH4(2) + OX(20) + X(1) <=> CH3X(21) + HOX(22) 0.004 100.000
9 C2H6(8) + 2 X(1) <=> 2 CH3X(21) -10.137 87.269
10 CH3(10) + X(1) <=> CH3X(21) -0.018 100.000
11 CH3OH(14) + 2 X(1) <=> CH3X(21) + HOX(22) -10.151 87.268
12 CH2X(27) + HX(19) <=> CH3X(21) + X(1) -0.602 100.000
13 CH2X(27) + HOX(22) <=> CH3X(21) + OX(20) -3.252 16.457
14 CHX(28) + HX(19) <=> CH2X(27) + X(1) -0.132 100.000
15 CHX(28) + HOX(22) <=> CH2X(27) + OX(20) -0.018 100.000
16 2 CH2X(27) <=> CH3X(21) + CHX(28) -0.038 100.000
17 CHX(28) + X(1) <=> CX(26) + HX(19) 2.812 21.363
18 CX(26) + H2(6) <=> CH2X(27) 0.010 100.000
19 CX(26) + HOX(22) <=> CHX(28) + OX(20) 2.812 21.364
20 CH3X(21) + CX(26) <=> CH2X(27) + CHX(28) -0.007 100.000
21 CH2X(27) + CX(26) <=> 2 CHX(28) 2.844 21.390
22 CO(7) + X(1) <=> OCX(25) -3.244 16.463
23 CX(26) + OX(20) <=> OCX(25) + X(1) 0.110 100.000
24 H2(6) + X(1) <=> H2X(49) 0.023 100.000
25 CO(7) + X(1) <=> COX(50) -0.011 100.000
26 CH2O(9) + 2 X(1) <=> CHOX(53) + HX(19) -3.256 88.065
27 HCO(15) + X(1) <=> CHOX(53) -0.036 100.000
28 CH3CHO(16) + 2 X(1) <=> CH3X(21) + CHOX(53) -0.783 100.000
29 CHOX(53) + X(1) <=> HX(19) + OCX(25) -10.145 87.269
30 HOX(22) + OCX(25) <=> CHOX(53) + OX(20) 0.381 100.000
31 CH2X(27) + CHOX(53) <=> CH3X(21) + OCX(25) -3.245 88.066
32 CHOX(53) + CHX(28) <=> CH2X(27) + OCX(25) -0.007 100.000
33 CHOX(53) + CX(26) <=> CHX(28) + OCX(25) -0.078 100.000
34 CO2(4) + X(1) <=> CO2X(24) 2.831 21.379
35 OCX(25) + OX(20) <=> CO2X(24) + X(1) 0.025 100.000
36 CO2X(24) + HX(19) <=> HOX(22) + OCX(25) 2.827 21.376
37 CH4(2) + HOX(22) + X(1) <=> CH3X(21) + H2OX(23) 0.020 100.000
38 H2O(5) + X(1) <=> H2OX(23) -0.004 100.000
39 H2OX(23) + OX(20) <=> 2 HOX(22) 0.010 100.000
40 HOX(22) + HX(19) <=> H2OX(23) + X(1) 0.068 100.000
Finished sensitivity simulation for a C/O ratio of 2.2
Finished translating for C/O ratio of 2.2
