This mechanism contains 51 gas reactions and 41 surface reactions
Finished simulation at a C/O ratio of 1.8
Finished simulation at a C/O ratio of 2.6
Finished simulation at a C/O ratio of 2.0
Finished simulation at a C/O ratio of 1.4
Finished simulation at a C/O ratio of 0.8
Finished simulation at a C/O ratio of 2.2
Finished simulation at a C/O ratio of 1.6
Finished simulation at a C/O ratio of 1.2
Finished simulation at a C/O ratio of 0.7
Finished simulation at a C/O ratio of 1.1
Finished simulation at a C/O ratio of 1.3
Finished simulation at a C/O ratio of 0.9
Finished simulation at a C/O ratio of 1.0
Finished simulation at a C/O ratio of 0.6
Finished simulation at a C/O ratio of 2.4
Starting thermo sensitivity simulation for a C/O ratio of 2.2
0 X(1) 0.000 0.001 0.001 0.001 0.000
1 HX(19) -0.000 -0.000 -0.000 -0.000 0.000
2 OX(20) -0.000 -0.000 -0.000 -0.000 0.000
3 CH3X(21) 0.000 -0.000 -0.000 -0.000 -0.000
4 HOX(22) -0.000 -0.000 -0.000 -0.000 0.000
5 H2OX(23) 0.000 0.000 0.000 -0.000 -0.000
6 CO2X(24) 0.000 -0.000 -0.000 -0.000 -0.000
7 OCX(25) 0.000 -0.000 -0.000 -0.000 -0.000
8 CX(26) -0.000 0.000 0.000 0.000 0.000
9 CH2X(27) 0.000 -0.000 -0.000 -0.000 -0.000
10 CHX(28) 0.000 -0.000 -0.000 -0.000 -0.000
11 CH4X(48) 0.000 -0.000 -0.000 -0.000 -0.000
12 H2X(49) 0.000 -0.000 -0.000 -0.000 -0.000
13 COX(50) 0.000 0.000 0.000 -0.000 -0.000
14 CHOX(53) 0.000 -0.000 -0.000 -0.000 -0.000
Finished thermo sensitivity simulation for a C/O ratio of 2.2
Starting thermo sensitivity simulation for a C/O ratio of 1.1
0 X(1) 0.000 0.001 0.001 0.001 0.000
1 HX(19) -0.000 -0.000 -0.000 -0.000 0.000
2 OX(20) -0.000 -0.000 -0.000 -0.000 0.000
3 CH3X(21) 0.000 0.000 0.000 -0.000 -0.000
4 HOX(22) -0.000 -0.000 -0.000 -0.000 0.000
5 H2OX(23) 0.000 0.000 0.000 -0.000 -0.000
6 CO2X(24) 0.000 0.000 0.000 -0.000 0.000
7 OCX(25) 0.000 -0.000 -0.000 -0.000 -0.000
8 CX(26) -0.000 0.000 0.000 0.000 0.000
9 CH2X(27) -0.000 0.000 0.000 -0.000 -0.000
10 CHX(28) 0.000 -0.000 -0.000 -0.000 -0.000
11 CH4X(48) 0.000 -0.000 -0.000 -0.000 -0.000
12 H2X(49) 0.000 -0.000 -0.000 -0.000 -0.000
13 COX(50) 0.000 0.000 0.000 0.000 0.000
14 CHOX(53) 0.000 -0.000 0.000 -0.000 -0.000
Finished thermo sensitivity simulation for a C/O ratio of 1.1
Starting thermo sensitivity simulation for a C/O ratio of 1.6
0 X(1) 0.000 0.001 0.001 0.001 0.000
1 HX(19) -0.000 -0.000 -0.000 -0.000 0.000
2 OX(20) -0.000 -0.000 -0.000 -0.000 0.000
3 CH3X(21) -0.000 0.000 0.000 0.000 0.000
4 HOX(22) -0.000 -0.000 -0.000 -0.000 0.000
5 H2OX(23) 0.000 0.000 0.000 0.000 0.000
6 CO2X(24) 0.000 0.000 0.000 0.000 0.000
7 OCX(25) 0.000 -0.000 -0.000 -0.000 -0.000
8 CX(26) -0.000 0.000 0.000 0.000 0.000
9 CH2X(27) 0.000 0.000 0.000 0.000 0.000
10 CHX(28) 0.000 -0.000 -0.000 -0.000 -0.000
11 CH4X(48) 0.000 -0.000 -0.000 -0.000 -0.000
12 H2X(49) 0.000 0.000 0.000 0.000 0.000
13 COX(50) 0.000 0.000 0.000 0.000 0.000
14 CHOX(53) 0.000 0.000 0.000 0.000 0.000
Finished thermo sensitivity simulation for a C/O ratio of 1.6
Starting thermo sensitivity simulation for a C/O ratio of 0.8
0 X(1) 0.000 0.001 0.001 0.001 0.000
1 HX(19) -0.000 -0.000 -0.000 -0.000 0.000
2 OX(20) -0.000 -0.000 -0.000 -0.000 0.000
3 CH3X(21) 0.000 0.000 0.000 -0.000 -0.000
4 HOX(22) -0.000 -0.000 -0.000 -0.000 0.000
5 H2OX(23) 0.000 -0.000 -0.000 -0.000 -0.000
6 CO2X(24) 0.000 0.000 0.000 -0.000 -0.000
7 OCX(25) 0.000 -0.000 -0.000 -0.000 -0.000
8 CX(26) -0.000 0.000 0.000 0.000 0.000
9 CH2X(27) 0.000 0.000 0.000 -0.000 -0.000
10 CHX(28) 0.000 -0.000 -0.000 -0.000 -0.000
11 CH4X(48) 0.000 -0.000 -0.000 -0.000 -0.000
12 H2X(49) 0.000 -0.000 -0.000 -0.000 -0.000
13 COX(50) 0.000 -0.000 -0.000 -0.000 -0.000
14 CHOX(53) 0.000 -0.000 -0.000 -0.000 -0.000
Finished thermo sensitivity simulation for a C/O ratio of 0.8
Starting thermo sensitivity simulation for a C/O ratio of 0.6
0 X(1) 0.000 0.000 0.001 0.001 0.000
1 HX(19) -0.000 -0.000 -0.000 -0.000 0.000
2 OX(20) -0.000 -0.000 -0.000 -0.000 0.000
3 CH3X(21) 0.000 -0.000 0.000 -0.000 -0.000
4 HOX(22) -0.000 -0.000 -0.000 -0.000 0.000
5 H2OX(23) 0.000 0.000 0.000 -0.000 -0.000
6 CO2X(24) 0.000 -0.000 -0.000 -0.000 0.000
7 OCX(25) 0.000 -0.000 -0.000 -0.000 -0.000
8 CX(26) -0.000 0.000 0.000 0.000 0.000
9 CH2X(27) 0.000 -0.000 -0.000 -0.000 -0.000
10 CHX(28) 0.000 -0.000 -0.000 -0.000 -0.000
11 CH4X(48) 0.000 -0.000 -0.000 -0.000 -0.000
12 H2X(49) 0.000 0.000 0.000 -0.000 -0.000
13 COX(50) 0.000 -0.000 -0.000 -0.000 -0.000
14 CHOX(53) 0.000 0.000 0.000 -0.000 -0.000
Finished thermo sensitivity simulation for a C/O ratio of 0.6
Starting thermo sensitivity simulation for a C/O ratio of 2.4
0 X(1) 0.000 0.001 0.001 0.001 0.000
1 HX(19) -0.000 -0.000 -0.000 -0.000 0.000
2 OX(20) -0.000 -0.000 -0.000 -0.000 0.000
3 CH3X(21) 0.000 0.000 0.000 -0.000 -0.000
4 HOX(22) -0.000 -0.000 -0.000 -0.000 0.000
5 H2OX(23) 0.000 0.000 0.000 -0.000 -0.000
6 CO2X(24) 0.000 0.000 0.000 -0.000 -0.000
7 OCX(25) 0.000 -0.000 -0.000 -0.000 -0.000
8 CX(26) -0.000 0.000 0.000 0.000 0.000
9 CH2X(27) 0.000 0.000 0.000 -0.000 -0.000
10 CHX(28) 0.000 -0.000 -0.000 -0.000 -0.000
11 CH4X(48) 0.000 -0.000 -0.000 -0.000 -0.000
12 H2X(49) 0.000 -0.000 0.000 -0.000 -0.000
13 COX(50) -0.000 -0.000 -0.000 0.000 -0.000
14 CHOX(53) -0.000 0.000 0.000 -0.000 -0.000
Finished thermo sensitivity simulation for a C/O ratio of 2.4
Starting thermo sensitivity simulation for a C/O ratio of 1.3
0 X(1) 0.000 0.001 0.001 0.001 0.000
1 HX(19) -0.000 -0.000 -0.000 -0.000 0.000
2 OX(20) -0.000 -0.000 -0.000 -0.000 0.000
3 CH3X(21) -0.000 -0.000 -0.000 -0.000 -0.000
4 HOX(22) -0.000 -0.000 -0.000 -0.000 0.000
5 H2OX(23) 0.000 0.000 0.000 -0.000 -0.000
6 CO2X(24) 0.000 -0.000 -0.000 -0.000 -0.000
7 OCX(25) 0.000 -0.000 -0.000 -0.000 -0.000
8 CX(26) -0.000 0.000 0.000 0.000 0.000
9 CH2X(27) -0.000 -0.000 -0.000 -0.000 -0.000
10 CHX(28) 0.000 -0.000 -0.000 -0.000 -0.000
11 CH4X(48) 0.000 -0.000 -0.000 -0.000 -0.000
12 H2X(49) -0.000 -0.000 -0.000 -0.000 -0.000
13 COX(50) 0.000 -0.000 -0.000 -0.000 -0.000
14 CHOX(53) 0.000 -0.000 -0.000 -0.000 -0.000
Finished thermo sensitivity simulation for a C/O ratio of 1.3
Starting thermo sensitivity simulation for a C/O ratio of 1.8
0 X(1) 0.000 0.001 0.001 0.001 0.000
1 HX(19) -0.000 -0.000 -0.000 -0.000 0.000
2 OX(20) -0.000 -0.000 -0.000 -0.000 0.000
3 CH3X(21) -0.000 0.000 0.000 -0.000 0.000
4 HOX(22) -0.000 -0.000 -0.000 -0.000 0.000
5 H2OX(23) -0.000 0.000 0.000 -0.000 0.000
6 CO2X(24) -0.000 0.000 0.000 0.000 -0.000
7 OCX(25) 0.000 -0.000 -0.000 -0.000 -0.000
8 CX(26) -0.000 0.000 0.000 0.000 0.000
9 CH2X(27) -0.000 0.000 0.000 -0.000 -0.000
10 CHX(28) 0.000 -0.000 -0.000 -0.000 -0.000
11 CH4X(48) 0.000 -0.000 -0.000 -0.000 -0.000
12 H2X(49) 0.000 0.000 0.000 -0.000 -0.000
13 COX(50) 0.000 0.000 0.000 0.000 -0.000
14 CHOX(53) 0.000 -0.000 -0.000 -0.000 -0.000
Finished thermo sensitivity simulation for a C/O ratio of 1.8
Starting thermo sensitivity simulation for a C/O ratio of 1.4
0 X(1) 0.000 0.001 0.001 0.001 0.000
1 HX(19) -0.000 -0.000 -0.000 -0.000 0.000
2 OX(20) -0.000 -0.000 -0.000 -0.000 0.000
3 CH3X(21) 0.000 -0.000 -0.000 0.000 0.000
4 HOX(22) -0.000 -0.000 -0.000 -0.000 0.000
5 H2OX(23) -0.000 -0.000 -0.000 0.000 0.000
6 CO2X(24) -0.000 0.000 -0.000 0.000 0.000
7 OCX(25) 0.000 -0.000 -0.000 -0.000 -0.000
8 CX(26) -0.000 0.000 0.000 0.000 0.000
9 CH2X(27) 0.000 -0.000 -0.000 0.000 0.000
10 CHX(28) 0.000 -0.000 -0.000 -0.000 -0.000
11 CH4X(48) 0.000 -0.000 -0.000 -0.000 -0.000
12 H2X(49) -0.000 0.000 0.000 -0.000 -0.000
13 COX(50) 0.000 -0.000 -0.000 0.000 0.000
14 CHOX(53) -0.000 -0.000 -0.000 0.000 0.000
Finished thermo sensitivity simulation for a C/O ratio of 1.4
Starting thermo sensitivity simulation for a C/O ratio of 2.6
0 X(1) 0.000 0.001 0.001 0.001 0.000
1 HX(19) -0.000 -0.000 -0.000 -0.000 0.000
2 OX(20) -0.000 0.000 -0.000 -0.000 0.000
3 CH3X(21) 0.000 0.000 0.000 0.000 -0.000
4 HOX(22) -0.000 -0.000 -0.000 -0.000 0.000
5 H2OX(23) 0.000 -0.000 -0.000 -0.000 -0.000
6 CO2X(24) 0.000 0.000 0.000 -0.000 0.000
7 OCX(25) 0.000 -0.000 -0.000 -0.000 -0.000
8 CX(26) -0.000 0.000 0.000 0.000 0.000
9 CH2X(27) 0.000 -0.000 -0.000 -0.000 0.000
10 CHX(28) 0.000 -0.000 -0.000 -0.000 -0.000
11 CH4X(48) 0.000 -0.000 -0.000 -0.000 -0.000
12 H2X(49) 0.000 0.000 0.000 0.000 -0.000
13 COX(50) 0.000 0.000 0.000 -0.000 -0.000
14 CHOX(53) -0.000 0.000 0.000 0.000 0.000
Finished thermo sensitivity simulation for a C/O ratio of 2.6
Starting thermo sensitivity simulation for a C/O ratio of 2.0
0 X(1) 0.000 0.001 0.001 0.001 0.000
1 HX(19) -0.000 -0.000 -0.000 -0.000 0.000
2 OX(20) -0.000 -0.000 -0.000 -0.000 0.000
3 CH3X(21) 0.000 -0.000 -0.000 0.000 -0.000
4 HOX(22) -0.000 -0.000 -0.000 -0.000 0.000
5 H2OX(23) 0.000 0.000 0.000 0.000 -0.000
6 CO2X(24) -0.000 -0.000 -0.000 -0.000 -0.000
7 OCX(25) 0.000 -0.000 -0.000 -0.000 -0.000
8 CX(26) -0.000 0.000 0.000 0.000 0.000
9 CH2X(27) 0.000 -0.000 -0.000 -0.000 0.000
10 CHX(28) 0.000 -0.000 -0.000 -0.000 -0.000
11 CH4X(48) 0.000 -0.000 -0.000 -0.000 -0.000
12 H2X(49) -0.000 0.000 0.000 -0.000 0.000
13 COX(50) -0.000 -0.000 -0.000 -0.000 0.000
14 CHOX(53) 0.000 -0.000 -0.000 -0.000 -0.000
Finished thermo sensitivity simulation for a C/O ratio of 2.0
Starting thermo sensitivity simulation for a C/O ratio of 0.7
0 X(1) 0.000 0.000 0.001 0.001 0.000
1 HX(19) -0.000 -0.000 -0.000 -0.000 0.000
2 OX(20) -0.000 -0.000 -0.000 -0.000 0.000
3 CH3X(21) -0.000 -0.000 -0.000 -0.000 0.000
4 HOX(22) -0.000 -0.000 -0.000 -0.000 0.000
5 H2OX(23) -0.000 -0.000 -0.000 -0.000 -0.000
6 CO2X(24) -0.000 -0.000 -0.000 -0.000 0.000
7 OCX(25) 0.000 -0.000 -0.000 -0.000 -0.000
8 CX(26) -0.000 0.000 0.000 0.000 0.000
9 CH2X(27) 0.000 -0.000 -0.000 -0.000 0.000
10 CHX(28) 0.000 -0.000 -0.000 -0.000 -0.000
11 CH4X(48) 0.000 -0.000 -0.000 -0.000 -0.000
12 H2X(49) -0.000 -0.000 -0.000 -0.000 -0.000
13 COX(50) 0.000 -0.000 -0.000 0.000 0.000
14 CHOX(53) -0.000 -0.000 -0.000 0.000 0.000
Finished thermo sensitivity simulation for a C/O ratio of 0.7
Starting thermo sensitivity simulation for a C/O ratio of 1.2
0 X(1) 0.000 0.001 0.001 0.001 0.000
1 HX(19) -0.000 -0.000 -0.000 -0.000 0.000
2 OX(20) -0.000 -0.000 -0.000 -0.000 0.000
3 CH3X(21) 0.000 -0.000 -0.000 -0.000 -0.000
4 HOX(22) -0.000 -0.000 -0.000 -0.000 0.000
5 H2OX(23) 0.000 -0.000 -0.000 -0.000 -0.000
6 CO2X(24) -0.000 -0.000 -0.000 -0.000 0.000
7 OCX(25) 0.000 -0.000 -0.000 -0.000 -0.000
8 CX(26) -0.000 0.000 0.000 0.000 0.000
9 CH2X(27) 0.000 0.000 0.000 0.000 0.000
10 CHX(28) 0.000 -0.000 -0.000 -0.000 -0.000
11 CH4X(48) 0.000 -0.000 -0.000 -0.000 -0.000
12 H2X(49) 0.000 0.000 0.000 -0.000 0.000
13 COX(50) 0.000 -0.000 -0.000 0.000 0.000
14 CHOX(53) -0.000 0.000 0.000 0.000 0.000
Finished thermo sensitivity simulation for a C/O ratio of 1.2
Starting thermo sensitivity simulation for a C/O ratio of 1.0
0 X(1) 0.000 0.001 0.001 0.001 0.000
1 HX(19) -0.000 -0.000 -0.000 -0.000 0.000
2 OX(20) -0.000 -0.000 -0.000 -0.000 0.000
3 CH3X(21) -0.000 0.000 0.000 -0.000 -0.000
4 HOX(22) -0.000 -0.000 -0.000 -0.000 0.000
5 H2OX(23) -0.000 0.000 0.000 -0.000 -0.000
6 CO2X(24) 0.000 -0.000 -0.000 -0.000 0.000
7 OCX(25) 0.000 -0.000 -0.000 -0.000 -0.000
8 CX(26) -0.000 0.000 0.000 0.000 0.000
9 CH2X(27) -0.000 -0.000 -0.000 -0.000 -0.000
10 CHX(28) 0.000 -0.000 -0.000 -0.000 -0.000
11 CH4X(48) 0.000 -0.000 -0.000 -0.000 -0.000
12 H2X(49) -0.000 -0.000 -0.000 -0.000 -0.000
13 COX(50) -0.000 -0.000 -0.000 -0.000 0.000
14 CHOX(53) -0.000 -0.000 -0.000 -0.000 -0.000
Finished thermo sensitivity simulation for a C/O ratio of 1.0
Starting thermo sensitivity simulation for a C/O ratio of 0.9
0 X(1) 0.000 0.001 0.001 0.001 0.000
1 HX(19) -0.000 -0.000 -0.000 -0.000 0.000
2 OX(20) -0.000 -0.000 -0.000 -0.000 0.000
3 CH3X(21) -0.000 -0.000 -0.000 0.000 0.000
4 HOX(22) -0.000 -0.000 -0.000 -0.000 0.000
5 H2OX(23) -0.000 -0.000 -0.000 -0.000 -0.000
6 CO2X(24) 0.000 -0.000 -0.000 -0.000 0.000
7 OCX(25) 0.000 -0.000 -0.000 -0.000 -0.000
8 CX(26) -0.000 0.000 0.000 0.000 0.000
9 CH2X(27) -0.000 -0.000 -0.000 -0.000 0.000
10 CHX(28) 0.000 -0.000 -0.000 -0.000 -0.000
11 CH4X(48) 0.000 -0.000 -0.000 -0.000 -0.000
12 H2X(49) 0.000 -0.000 -0.000 -0.000 -0.000
13 COX(50) 0.000 -0.000 -0.000 -0.000 0.000
14 CHOX(53) -0.000 -0.000 -0.000 -0.000 0.000
Finished thermo sensitivity simulation for a C/O ratio of 0.9
Starting sensitivity simulation for a C/O ratio of 1.4
0 CH4(2) + X(1) <=> CH4X(48) -0.000 -0.000 -0.000 0.000 0.000
1 O2(3) + 2 X(1) <=> 2 OX(20) 0.000 -0.000 0.000 0.000 -0.000
2 H2(6) + 2 X(1) <=> 2 HX(19) -0.000 -0.000 -0.000 -0.000 0.000
3 H(12) + X(1) <=> HX(19) -0.000 -0.000 -0.000 -0.000 -0.000
4 CH4(2) + 2 X(1) <=> CH3X(21) + HX(19) -0.026 -0.738 -0.765 -0.789 -0.702
5 C2H6(8) + 2 X(1) <=> 2 CH3X(21) -0.000 -0.000 -0.000 0.000 0.000
6 CH3(10) + X(1) <=> CH3X(21) -0.000 -0.000 -0.000 0.000 -0.000
7 CH2X(27) + HX(19) <=> CH3X(21) + X(1) -0.000 -0.000 -0.000 -0.000 -0.000
8 CHX(28) + HX(19) <=> CH2X(27) + X(1) 0.000 -0.000 -0.000 0.000 -0.000
9 2 CH2X(27) <=> CH3X(21) + CHX(28) -0.000 -0.000 -0.000 0.000 0.000
10 CHX(28) + X(1) <=> CX(26) + HX(19) 0.000 0.000 0.000 0.000 0.000
11 CX(26) + H2(6) <=> CH2X(27) -0.000 -0.000 -0.000 -0.000 0.000
12 CH3X(21) + CX(26) <=> CH2X(27) + CHX(28) 0.000 -0.000 -0.000 0.000 0.000
13 CH2X(27) + CX(26) <=> 2 CHX(28) -0.000 -0.000 -0.000 0.000 0.000
14 H2(6) + X(1) <=> H2X(49) -0.000 0.000 0.000 0.000 0.000
15 CO(7) + X(1) <=> OCX(25) 0.000 -0.000 -0.000 -0.000 -0.000
16 CX(26) + OX(20) <=> OCX(25) + X(1) 0.000 -0.013 -0.013 -0.013 -0.014
17 CO(7) + X(1) <=> COX(50) -0.000 0.000 0.000 0.000 0.000
18 CH2O(9) + 2 X(1) <=> CHOX(53) + HX(19) -0.000 0.000 0.000 0.000 0.000
19 HCO(15) + X(1) <=> CHOX(53) 0.000 0.000 0.000 0.000 0.000
20 CH3CHO(16) + 2 X(1) <=> CH3X(21) + CHOX(53) 0.000 -0.000 -0.000 0.000 0.000
21 CHOX(53) + X(1) <=> HX(19) + OCX(25) -0.000 -0.000 -0.000 0.000 -0.000
22 CH2X(27) + CHOX(53) <=> CH3X(21) + OCX(25) -0.000 -0.000 -0.000 0.000 0.000
23 CHOX(53) + CHX(28) <=> CH2X(27) + OCX(25) -0.000 -0.000 -0.000 0.000 0.000
24 CHOX(53) + CX(26) <=> CHX(28) + OCX(25) -0.000 -0.000 -0.000 -0.000 0.000
25 H2O(5) + X(1) <=> H2OX(23) 0.000 -0.000 -0.000 0.000 0.000
26 CH4(2) + OX(20) + X(1) <=> CH3X(21) + HOX(22) 0.000 -0.000 -0.000 0.000 -0.000
27 CH4(2) + HOX(22) + X(1) <=> CH3X(21) + H2OX(23) 0.000 -0.000 -0.000 -0.000 0.000
28 HX(19) + OX(20) <=> HOX(22) + X(1) 0.042 0.028 0.070 0.108 -0.028
29 H2OX(23) + OX(20) <=> 2 HOX(22) -0.000 0.000 0.000 0.000 0.000
30 HOX(22) + HX(19) <=> H2OX(23) + X(1) 0.000 0.000 0.000 0.000 0.000
31 H2O(5) + 2 X(1) <=> HOX(22) + HX(19) -0.000 0.000 0.000 -0.000 0.000
32 CH3OH(14) + 2 X(1) <=> CH3X(21) + HOX(22) -0.000 -0.000 -0.000 0.000 -0.000
33 OH(17) + X(1) <=> HOX(22) 0.000 -0.000 -0.000 -0.000 0.000
34 CH2X(27) + HOX(22) <=> CH3X(21) + OX(20) 0.000 0.000 0.000 0.000 -0.000
35 CHX(28) + HOX(22) <=> CH2X(27) + OX(20) 0.000 0.000 0.000 0.000 -0.000
36 CX(26) + HOX(22) <=> CHX(28) + OX(20) 0.000 0.000 0.000 0.000 -0.000
37 CHOX(53) + OX(20) <=> HOX(22) + OCX(25) 0.000 -0.000 -0.000 0.000 -0.000
38 CO2(4) + X(1) <=> CO2X(24) -0.000 -0.000 -0.000 0.000 0.000
39 OCX(25) + OX(20) <=> CO2X(24) + X(1) 0.000 0.000 0.000 0.000 -0.000
40 CO2X(24) + HX(19) <=> HOX(22) + OCX(25) 0.000 -0.000 -0.000 0.000 -0.000
Finished sensitivity simulation for a C/O ratio of 1.4
Finished translating for C/O ratio of 1.4
Starting sensitivity simulation for a C/O ratio of 1.6
0 CH4(2) + X(1) <=> CH4X(48) 0.000 0.000 0.000 0.000 0.000
1 O2(3) + 2 X(1) <=> 2 OX(20) 0.000 0.000 0.000 0.000 0.000
2 H2(6) + 2 X(1) <=> 2 HX(19) -0.000 -0.000 -0.000 -0.000 0.000
3 H(12) + X(1) <=> HX(19) 0.000 0.000 0.000 0.000 0.000
4 CH4(2) + 2 X(1) <=> CH3X(21) + HX(19) -0.024 -0.727 -0.752 -0.773 -0.693
5 C2H6(8) + 2 X(1) <=> 2 CH3X(21) 0.000 0.000 0.000 0.000 0.000
6 CH3(10) + X(1) <=> CH3X(21) 0.000 0.000 0.000 0.000 0.000
7 CH2X(27) + HX(19) <=> CH3X(21) + X(1) -0.000 0.000 0.000 0.000 0.000
8 CHX(28) + HX(19) <=> CH2X(27) + X(1) 0.000 0.000 0.000 -0.000 0.000
9 2 CH2X(27) <=> CH3X(21) + CHX(28) 0.000 0.000 0.000 -0.000 0.000
10 CHX(28) + X(1) <=> CX(26) + HX(19) 0.000 0.000 0.000 0.000 0.000
11 CX(26) + H2(6) <=> CH2X(27) -0.000 0.000 0.000 -0.000 0.000
12 CH3X(21) + CX(26) <=> CH2X(27) + CHX(28) 0.000 0.000 0.000 0.000 0.000
13 CH2X(27) + CX(26) <=> 2 CHX(28) 0.000 0.000 0.000 0.000 0.000
14 H2(6) + X(1) <=> H2X(49) 0.000 0.000 0.000 0.000 0.000
15 CO(7) + X(1) <=> OCX(25) 0.000 -0.000 -0.000 -0.000 -0.000
16 CX(26) + OX(20) <=> OCX(25) + X(1) 0.000 -0.015 -0.014 -0.014 -0.015
17 CO(7) + X(1) <=> COX(50) 0.000 0.000 0.000 0.000 0.000
18 CH2O(9) + 2 X(1) <=> CHOX(53) + HX(19) 0.000 -0.000 0.000 0.000 0.000
19 HCO(15) + X(1) <=> CHOX(53) 0.000 0.000 0.000 0.000 0.000
20 CH3CHO(16) + 2 X(1) <=> CH3X(21) + CHOX(53) -0.000 0.000 0.000 0.000 0.000
21 CHOX(53) + X(1) <=> HX(19) + OCX(25) 0.000 0.000 0.000 0.000 0.000
22 CH2X(27) + CHOX(53) <=> CH3X(21) + OCX(25) -0.000 0.000 0.000 0.000 0.000
23 CHOX(53) + CHX(28) <=> CH2X(27) + OCX(25) 0.000 0.000 0.000 0.000 0.000
24 CHOX(53) + CX(26) <=> CHX(28) + OCX(25) 0.000 0.000 0.000 0.000 0.000
25 H2O(5) + X(1) <=> H2OX(23) 0.000 0.000 0.000 0.000 0.000
26 CH4(2) + OX(20) + X(1) <=> CH3X(21) + HOX(22) 0.000 -0.000 -0.000 0.000 -0.000
27 CH4(2) + HOX(22) + X(1) <=> CH3X(21) + H2OX(23) 0.000 0.000 0.000 0.000 0.000
28 HX(19) + OX(20) <=> HOX(22) + X(1) 0.038 0.026 0.064 0.098 -0.027
29 H2OX(23) + OX(20) <=> 2 HOX(22) -0.000 0.000 0.000 0.000 0.000
30 HOX(22) + HX(19) <=> H2OX(23) + X(1) 0.000 0.000 0.000 0.000 0.000
31 H2O(5) + 2 X(1) <=> HOX(22) + HX(19) -0.000 0.000 0.000 -0.000 0.000
32 CH3OH(14) + 2 X(1) <=> CH3X(21) + HOX(22) 0.000 0.000 0.000 0.000 0.000
33 OH(17) + X(1) <=> HOX(22) 0.000 0.000 0.000 -0.000 0.000
34 CH2X(27) + HOX(22) <=> CH3X(21) + OX(20) 0.000 0.000 0.000 0.000 -0.000
35 CHX(28) + HOX(22) <=> CH2X(27) + OX(20) 0.000 0.000 0.000 0.000 -0.000
36 CX(26) + HOX(22) <=> CHX(28) + OX(20) 0.000 0.000 0.000 0.000 -0.000
37 CHOX(53) + OX(20) <=> HOX(22) + OCX(25) 0.000 0.000 0.000 -0.000 0.000
38 CO2(4) + X(1) <=> CO2X(24) 0.000 0.000 0.000 0.000 0.000
39 OCX(25) + OX(20) <=> CO2X(24) + X(1) 0.000 0.000 0.000 0.000 -0.000
40 CO2X(24) + HX(19) <=> HOX(22) + OCX(25) 0.000 -0.000 -0.000 0.000 -0.000
Finished sensitivity simulation for a C/O ratio of 1.6
Finished translating for C/O ratio of 1.6
Starting sensitivity simulation for a C/O ratio of 2.6
0 CH4(2) + X(1) <=> CH4X(48) 0.000 0.000 0.000 0.000 -0.000
1 O2(3) + 2 X(1) <=> 2 OX(20) 0.000 0.000 0.000 0.000 -0.000
2 H2(6) + 2 X(1) <=> 2 HX(19) -0.000 -0.000 -0.000 -0.000 0.000
3 H(12) + X(1) <=> HX(19) 0.000 0.000 0.000 0.000 -0.000
4 CH4(2) + 2 X(1) <=> CH3X(21) + HX(19) -0.018 -0.692 -0.711 -0.724 -0.666
5 C2H6(8) + 2 X(1) <=> 2 CH3X(21) 0.000 0.000 0.000 -0.000 0.000
6 CH3(10) + X(1) <=> CH3X(21) 0.000 0.000 0.000 -0.000 -0.000
7 CH2X(27) + HX(19) <=> CH3X(21) + X(1) -0.000 0.000 0.000 -0.000 -0.000
8 CHX(28) + HX(19) <=> CH2X(27) + X(1) 0.000 0.000 0.000 0.000 -0.000
9 2 CH2X(27) <=> CH3X(21) + CHX(28) 0.000 0.000 0.000 -0.000 0.000
10 CHX(28) + X(1) <=> CX(26) + HX(19) -0.000 0.000 0.000 0.000 0.000
11 CX(26) + H2(6) <=> CH2X(27) -0.000 0.000 -0.000 -0.000 0.000
12 CH3X(21) + CX(26) <=> CH2X(27) + CHX(28) 0.000 0.000 0.000 0.000 -0.000
13 CH2X(27) + CX(26) <=> 2 CHX(28) 0.000 0.000 0.000 -0.000 0.000
14 H2(6) + X(1) <=> H2X(49) 0.000 -0.000 0.000 -0.000 0.000
15 CO(7) + X(1) <=> OCX(25) 0.000 -0.000 -0.000 -0.000 -0.000
16 CX(26) + OX(20) <=> OCX(25) + X(1) 0.000 -0.020 -0.020 -0.020 -0.020
17 CO(7) + X(1) <=> COX(50) 0.000 0.000 0.000 0.000 -0.000
18 CH2O(9) + 2 X(1) <=> CHOX(53) + HX(19) 0.000 0.000 0.000 -0.000 0.000
19 HCO(15) + X(1) <=> CHOX(53) 0.000 0.000 0.000 0.000 -0.000
20 CH3CHO(16) + 2 X(1) <=> CH3X(21) + CHOX(53) 0.000 0.000 0.000 0.000 0.000
21 CHOX(53) + X(1) <=> HX(19) + OCX(25) 0.000 -0.000 -0.000 0.000 0.000
22 CH2X(27) + CHOX(53) <=> CH3X(21) + OCX(25) 0.000 0.000 0.000 0.000 0.000
23 CHOX(53) + CHX(28) <=> CH2X(27) + OCX(25) 0.000 0.000 0.000 -0.000 0.000
24 CHOX(53) + CX(26) <=> CHX(28) + OCX(25) 0.000 0.000 0.000 0.000 -0.000
25 H2O(5) + X(1) <=> H2OX(23) 0.000 0.000 0.000 0.000 -0.000
26 CH4(2) + OX(20) + X(1) <=> CH3X(21) + HOX(22) 0.000 -0.000 -0.000 0.000 -0.000
27 CH4(2) + HOX(22) + X(1) <=> CH3X(21) + H2OX(23) 0.000 0.000 0.000 0.000 0.000
28 HX(19) + OX(20) <=> HOX(22) + X(1) 0.028 0.019 0.047 0.068 -0.021
29 H2OX(23) + OX(20) <=> 2 HOX(22) 0.000 0.000 0.000 0.000 0.000
30 HOX(22) + HX(19) <=> H2OX(23) + X(1) 0.000 0.000 0.000 0.000 -0.000
31 H2O(5) + 2 X(1) <=> HOX(22) + HX(19) -0.000 0.000 0.000 -0.000 0.000
32 CH3OH(14) + 2 X(1) <=> CH3X(21) + HOX(22) 0.000 -0.000 -0.000 -0.000 0.000
33 OH(17) + X(1) <=> HOX(22) -0.000 0.000 0.000 -0.000 0.000
34 CH2X(27) + HOX(22) <=> CH3X(21) + OX(20) 0.000 0.000 0.000 0.000 -0.000
35 CHX(28) + HOX(22) <=> CH2X(27) + OX(20) 0.000 0.000 0.000 0.000 -0.000
36 CX(26) + HOX(22) <=> CHX(28) + OX(20) 0.000 0.000 0.000 0.000 -0.000
37 CHOX(53) + OX(20) <=> HOX(22) + OCX(25) 0.000 0.000 0.000 0.000 -0.000
38 CO2(4) + X(1) <=> CO2X(24) 0.000 0.000 0.000 -0.000 0.000
39 OCX(25) + OX(20) <=> CO2X(24) + X(1) 0.000 0.000 0.000 0.000 -0.000
40 CO2X(24) + HX(19) <=> HOX(22) + OCX(25) 0.000 -0.000 -0.000 0.000 -0.000
Finished sensitivity simulation for a C/O ratio of 2.6
Finished translating for C/O ratio of 2.6
Starting sensitivity simulation for a C/O ratio of 1.3
0 CH4(2) + X(1) <=> CH4X(48) -0.000 -0.000 -0.000 -0.000 -0.000
1 O2(3) + 2 X(1) <=> 2 OX(20) 0.000 -0.000 0.000 0.000 -0.000
2 H2(6) + 2 X(1) <=> 2 HX(19) -0.000 -0.000 -0.000 -0.000 0.000
3 H(12) + X(1) <=> HX(19) 0.000 -0.000 -0.000 -0.000 -0.000
4 CH4(2) + 2 X(1) <=> CH3X(21) + HX(19) -0.028 -0.745 -0.773 -0.799 -0.707
5 C2H6(8) + 2 X(1) <=> 2 CH3X(21) 0.000 -0.000 -0.000 -0.000 -0.000
6 CH3(10) + X(1) <=> CH3X(21) -0.000 -0.000 -0.000 -0.000 -0.000
7 CH2X(27) + HX(19) <=> CH3X(21) + X(1) -0.000 -0.000 -0.000 -0.000 -0.000
8 CHX(28) + HX(19) <=> CH2X(27) + X(1) 0.000 -0.000 -0.000 -0.000 -0.000
9 2 CH2X(27) <=> CH3X(21) + CHX(28) 0.000 -0.000 -0.000 -0.000 -0.000
10 CHX(28) + X(1) <=> CX(26) + HX(19) -0.000 -0.000 -0.000 -0.000 -0.000
11 CX(26) + H2(6) <=> CH2X(27) -0.000 -0.000 -0.000 -0.000 -0.000
12 CH3X(21) + CX(26) <=> CH2X(27) + CHX(28) -0.000 -0.000 -0.000 -0.000 -0.000
13 CH2X(27) + CX(26) <=> 2 CHX(28) 0.000 -0.000 -0.000 -0.000 -0.000
14 H2(6) + X(1) <=> H2X(49) 0.000 -0.000 -0.000 -0.000 -0.000
15 CO(7) + X(1) <=> OCX(25) 0.000 -0.000 -0.000 -0.000 -0.000
16 CX(26) + OX(20) <=> OCX(25) + X(1) 0.000 -0.013 -0.013 -0.012 -0.013
17 CO(7) + X(1) <=> COX(50) 0.000 -0.000 -0.000 -0.000 -0.000
18 CH2O(9) + 2 X(1) <=> CHOX(53) + HX(19) 0.000 -0.000 -0.000 -0.000 -0.000
19 HCO(15) + X(1) <=> CHOX(53) -0.000 -0.000 -0.000 -0.000 -0.000
20 CH3CHO(16) + 2 X(1) <=> CH3X(21) + CHOX(53) -0.000 -0.000 -0.000 -0.000 -0.000
21 CHOX(53) + X(1) <=> HX(19) + OCX(25) -0.000 -0.000 -0.000 -0.000 -0.000
22 CH2X(27) + CHOX(53) <=> CH3X(21) + OCX(25) 0.000 -0.000 -0.000 -0.000 -0.000
23 CHOX(53) + CHX(28) <=> CH2X(27) + OCX(25) -0.000 -0.000 -0.000 -0.000 -0.000
24 CHOX(53) + CX(26) <=> CHX(28) + OCX(25) -0.000 -0.000 -0.000 -0.000 -0.000
25 H2O(5) + X(1) <=> H2OX(23) 0.000 -0.000 -0.000 -0.000 -0.000
26 CH4(2) + OX(20) + X(1) <=> CH3X(21) + HOX(22) 0.000 -0.000 -0.000 0.000 -0.000
27 CH4(2) + HOX(22) + X(1) <=> CH3X(21) + H2OX(23) 0.000 -0.000 -0.000 -0.000 -0.000
28 HX(19) + OX(20) <=> HOX(22) + X(1) 0.044 0.029 0.073 0.115 -0.029
29 H2OX(23) + OX(20) <=> 2 HOX(22) 0.000 -0.000 -0.000 -0.000 -0.000
30 HOX(22) + HX(19) <=> H2OX(23) + X(1) 0.000 -0.000 -0.000 -0.000 -0.000
31 H2O(5) + 2 X(1) <=> HOX(22) + HX(19) -0.000 0.000 0.000 -0.000 0.000
32 CH3OH(14) + 2 X(1) <=> CH3X(21) + HOX(22) 0.000 -0.000 -0.000 -0.000 -0.000
33 OH(17) + X(1) <=> HOX(22) 0.000 -0.000 -0.000 -0.000 -0.000
34 CH2X(27) + HOX(22) <=> CH3X(21) + OX(20) 0.000 -0.000 0.000 0.000 -0.000
35 CHX(28) + HOX(22) <=> CH2X(27) + OX(20) 0.000 0.000 0.000 0.000 -0.000
36 CX(26) + HOX(22) <=> CHX(28) + OX(20) 0.000 0.000 0.000 0.000 -0.000
37 CHOX(53) + OX(20) <=> HOX(22) + OCX(25) 0.000 -0.000 -0.000 -0.000 -0.000
38 CO2(4) + X(1) <=> CO2X(24) 0.000 -0.000 -0.000 -0.000 -0.000
39 OCX(25) + OX(20) <=> CO2X(24) + X(1) 0.000 0.000 0.000 0.000 -0.000
40 CO2X(24) + HX(19) <=> HOX(22) + OCX(25) 0.000 -0.000 -0.000 0.000 -0.000
Finished sensitivity simulation for a C/O ratio of 1.3
Finished translating for C/O ratio of 1.3
Starting sensitivity simulation for a C/O ratio of 2.0
0 CH4(2) + X(1) <=> CH4X(48) -0.000 -0.000 -0.000 0.000 -0.000
1 O2(3) + 2 X(1) <=> 2 OX(20) 0.000 -0.000 0.000 0.000 -0.000
2 H2(6) + 2 X(1) <=> 2 HX(19) -0.000 -0.000 -0.000 -0.000 0.000
3 H(12) + X(1) <=> HX(19) -0.000 0.000 0.000 0.000 0.000
4 CH4(2) + 2 X(1) <=> CH3X(21) + HX(19) -0.021 -0.710 -0.731 -0.749 -0.680
5 C2H6(8) + 2 X(1) <=> 2 CH3X(21) -0.000 -0.000 -0.000 -0.000 0.000
6 CH3(10) + X(1) <=> CH3X(21) -0.000 -0.000 -0.000 -0.000 -0.000
7 CH2X(27) + HX(19) <=> CH3X(21) + X(1) -0.000 -0.000 -0.000 -0.000 -0.000
8 CHX(28) + HX(19) <=> CH2X(27) + X(1) -0.000 -0.000 -0.000 -0.000 -0.000
9 2 CH2X(27) <=> CH3X(21) + CHX(28) 0.000 -0.000 -0.000 -0.000 0.000
10 CHX(28) + X(1) <=> CX(26) + HX(19) 0.000 -0.000 -0.000 -0.000 0.000
11 CX(26) + H2(6) <=> CH2X(27) -0.000 -0.000 -0.000 -0.000 0.000
12 CH3X(21) + CX(26) <=> CH2X(27) + CHX(28) -0.000 -0.000 -0.000 -0.000 0.000
13 CH2X(27) + CX(26) <=> 2 CHX(28) -0.000 -0.000 -0.000 -0.000 -0.000
14 H2(6) + X(1) <=> H2X(49) 0.000 0.000 0.000 -0.000 -0.000
15 CO(7) + X(1) <=> OCX(25) 0.000 -0.000 -0.000 -0.000 -0.000
16 CX(26) + OX(20) <=> OCX(25) + X(1) 0.000 -0.017 -0.017 -0.017 -0.017
17 CO(7) + X(1) <=> COX(50) 0.000 -0.000 -0.000 -0.000 -0.000
18 CH2O(9) + 2 X(1) <=> CHOX(53) + HX(19) 0.000 0.000 0.000 -0.000 -0.000
19 HCO(15) + X(1) <=> CHOX(53) 0.000 -0.000 -0.000 0.000 0.000
20 CH3CHO(16) + 2 X(1) <=> CH3X(21) + CHOX(53) 0.000 -0.000 -0.000 0.000 -0.000
21 CHOX(53) + X(1) <=> HX(19) + OCX(25) -0.000 -0.000 -0.000 -0.000 -0.000
22 CH2X(27) + CHOX(53) <=> CH3X(21) + OCX(25) 0.000 0.000 0.000 0.000 -0.000
23 CHOX(53) + CHX(28) <=> CH2X(27) + OCX(25) -0.000 0.000 -0.000 -0.000 0.000
24 CHOX(53) + CX(26) <=> CHX(28) + OCX(25) -0.000 -0.000 -0.000 -0.000 0.000
25 H2O(5) + X(1) <=> H2OX(23) 0.000 -0.000 -0.000 -0.000 0.000
26 CH4(2) + OX(20) + X(1) <=> CH3X(21) + HOX(22) 0.000 -0.000 -0.000 0.000 -0.000
27 CH4(2) + HOX(22) + X(1) <=> CH3X(21) + H2OX(23) -0.000 -0.000 -0.000 -0.000 -0.000
28 HX(19) + OX(20) <=> HOX(22) + X(1) 0.033 0.022 0.055 0.082 -0.024
29 H2OX(23) + OX(20) <=> 2 HOX(22) 0.000 -0.000 -0.000 -0.000 -0.000
30 HOX(22) + HX(19) <=> H2OX(23) + X(1) 0.000 -0.000 -0.000 0.000 -0.000
31 H2O(5) + 2 X(1) <=> HOX(22) + HX(19) -0.000 0.000 0.000 -0.000 0.000
32 CH3OH(14) + 2 X(1) <=> CH3X(21) + HOX(22) -0.000 0.000 -0.000 -0.000 0.000
33 OH(17) + X(1) <=> HOX(22) -0.000 -0.000 -0.000 -0.000 0.000
34 CH2X(27) + HOX(22) <=> CH3X(21) + OX(20) 0.000 0.000 0.000 0.000 -0.000
35 CHX(28) + HOX(22) <=> CH2X(27) + OX(20) 0.000 0.000 0.000 0.000 -0.000
36 CX(26) + HOX(22) <=> CHX(28) + OX(20) 0.000 0.000 0.000 0.000 -0.000
37 CHOX(53) + OX(20) <=> HOX(22) + OCX(25) 0.000 0.000 0.000 0.000 -0.000
38 CO2(4) + X(1) <=> CO2X(24) -0.000 -0.000 -0.000 -0.000 0.000
39 OCX(25) + OX(20) <=> CO2X(24) + X(1) 0.000 0.000 0.000 0.000 -0.000
40 CO2X(24) + HX(19) <=> HOX(22) + OCX(25) 0.000 -0.000 -0.000 0.000 -0.000
Finished sensitivity simulation for a C/O ratio of 2.0
Finished translating for C/O ratio of 2.0
Starting sensitivity simulation for a C/O ratio of 2.2
0 CH4(2) + X(1) <=> CH4X(48) 0.000 -0.000 -0.000 -0.000 -0.000
1 O2(3) + 2 X(1) <=> 2 OX(20) 0.000 -0.000 0.000 0.000 -0.000
2 H2(6) + 2 X(1) <=> 2 HX(19) -0.000 -0.000 -0.000 -0.000 0.000
3 H(12) + X(1) <=> HX(19) 0.000 0.000 0.000 -0.000 -0.000
4 CH4(2) + 2 X(1) <=> CH3X(21) + HX(19) -0.020 -0.703 -0.724 -0.740 -0.675
5 C2H6(8) + 2 X(1) <=> 2 CH3X(21) 0.000 -0.000 -0.000 -0.000 -0.000
6 CH3(10) + X(1) <=> CH3X(21) -0.000 0.000 0.000 -0.000 -0.000
7 CH2X(27) + HX(19) <=> CH3X(21) + X(1) -0.000 -0.000 -0.000 -0.000 -0.000
8 CHX(28) + HX(19) <=> CH2X(27) + X(1) 0.000 0.000 0.000 -0.000 -0.000
9 2 CH2X(27) <=> CH3X(21) + CHX(28) 0.000 0.000 0.000 -0.000 -0.000
10 CHX(28) + X(1) <=> CX(26) + HX(19) 0.000 -0.000 -0.000 -0.000 -0.000
11 CX(26) + H2(6) <=> CH2X(27) -0.000 -0.000 -0.000 -0.000 -0.000
12 CH3X(21) + CX(26) <=> CH2X(27) + CHX(28) 0.000 -0.000 -0.000 -0.000 -0.000
13 CH2X(27) + CX(26) <=> 2 CHX(28) 0.000 -0.000 -0.000 -0.000 -0.000
14 H2(6) + X(1) <=> H2X(49) 0.000 0.000 0.000 -0.000 -0.000
15 CO(7) + X(1) <=> OCX(25) 0.000 -0.000 -0.000 -0.000 -0.000
16 CX(26) + OX(20) <=> OCX(25) + X(1) 0.000 -0.018 -0.018 -0.018 -0.018
17 CO(7) + X(1) <=> COX(50) 0.000 -0.000 -0.000 -0.000 -0.000
18 CH2O(9) + 2 X(1) <=> CHOX(53) + HX(19) 0.000 -0.000 -0.000 -0.000 -0.000
19 HCO(15) + X(1) <=> CHOX(53) 0.000 0.000 0.000 -0.000 -0.000
20 CH3CHO(16) + 2 X(1) <=> CH3X(21) + CHOX(53) 0.000 -0.000 -0.000 -0.000 -0.000
21 CHOX(53) + X(1) <=> HX(19) + OCX(25) 0.000 -0.000 -0.000 -0.000 -0.000
22 CH2X(27) + CHOX(53) <=> CH3X(21) + OCX(25) 0.000 -0.000 0.000 -0.000 -0.000
23 CHOX(53) + CHX(28) <=> CH2X(27) + OCX(25) 0.000 -0.000 0.000 -0.000 -0.000
24 CHOX(53) + CX(26) <=> CHX(28) + OCX(25) 0.000 -0.000 -0.000 -0.000 -0.000
25 H2O(5) + X(1) <=> H2OX(23) 0.000 0.000 0.000 -0.000 -0.000
26 CH4(2) + OX(20) + X(1) <=> CH3X(21) + HOX(22) 0.000 -0.000 -0.000 0.000 -0.000
27 CH4(2) + HOX(22) + X(1) <=> CH3X(21) + H2OX(23) -0.000 -0.000 -0.000 -0.000 -0.000
28 HX(19) + OX(20) <=> HOX(22) + X(1) 0.031 0.021 0.052 0.077 -0.023
29 H2OX(23) + OX(20) <=> 2 HOX(22) 0.000 0.000 0.000 -0.000 -0.000
30 HOX(22) + HX(19) <=> H2OX(23) + X(1) 0.000 -0.000 -0.000 -0.000 -0.000
31 H2O(5) + 2 X(1) <=> HOX(22) + HX(19) -0.000 0.000 0.000 -0.000 0.000
32 CH3OH(14) + 2 X(1) <=> CH3X(21) + HOX(22) 0.000 -0.000 -0.000 -0.000 -0.000
33 OH(17) + X(1) <=> HOX(22) 0.000 0.000 0.000 -0.000 -0.000
34 CH2X(27) + HOX(22) <=> CH3X(21) + OX(20) 0.000 0.000 0.000 0.000 -0.000
35 CHX(28) + HOX(22) <=> CH2X(27) + OX(20) 0.000 0.000 0.000 0.000 -0.000
36 CX(26) + HOX(22) <=> CHX(28) + OX(20) 0.000 0.000 0.000 0.000 -0.000
37 CHOX(53) + OX(20) <=> HOX(22) + OCX(25) 0.000 0.000 0.000 0.000 -0.000
38 CO2(4) + X(1) <=> CO2X(24) 0.000 -0.000 -0.000 -0.000 -0.000
39 OCX(25) + OX(20) <=> CO2X(24) + X(1) 0.000 0.000 0.000 0.000 -0.000
40 CO2X(24) + HX(19) <=> HOX(22) + OCX(25) 0.000 -0.000 -0.000 0.000 -0.000
Finished sensitivity simulation for a C/O ratio of 2.2
Finished translating for C/O ratio of 2.2
Starting sensitivity simulation for a C/O ratio of 1.2
0 CH4(2) + X(1) <=> CH4X(48) -0.000 -0.000 -0.000 -0.000 0.000
1 O2(3) + 2 X(1) <=> 2 OX(20) 0.000 -0.000 0.000 0.000 -0.000
2 H2(6) + 2 X(1) <=> 2 HX(19) -0.000 -0.000 -0.000 -0.000 0.000
3 H(12) + X(1) <=> HX(19) 0.000 0.000 0.000 -0.000 -0.000
4 CH4(2) + 2 X(1) <=> CH3X(21) + HX(19) -0.029 -0.752 -0.781 -0.810 -0.713
5 C2H6(8) + 2 X(1) <=> 2 CH3X(21) 0.000 0.000 0.000 0.000 0.000
6 CH3(10) + X(1) <=> CH3X(21) -0.000 -0.000 -0.000 -0.000 -0.000
7 CH2X(27) + HX(19) <=> CH3X(21) + X(1) -0.000 0.000 0.000 0.000 0.000
8 CHX(28) + HX(19) <=> CH2X(27) + X(1) 0.000 0.000 0.000 0.000 0.000
9 2 CH2X(27) <=> CH3X(21) + CHX(28) 0.000 0.000 0.000 -0.000 0.000
10 CHX(28) + X(1) <=> CX(26) + HX(19) 0.000 -0.000 -0.000 0.000 0.000
11 CX(26) + H2(6) <=> CH2X(27) -0.000 0.000 0.000 -0.000 0.000
12 CH3X(21) + CX(26) <=> CH2X(27) + CHX(28) 0.000 0.000 0.000 -0.000 0.000
13 CH2X(27) + CX(26) <=> 2 CHX(28) 0.000 -0.000 -0.000 0.000 0.000
14 H2(6) + X(1) <=> H2X(49) -0.000 0.000 0.000 0.000 0.000
15 CO(7) + X(1) <=> OCX(25) 0.000 -0.000 -0.000 -0.000 -0.000
16 CX(26) + OX(20) <=> OCX(25) + X(1) 0.000 -0.012 -0.012 -0.012 -0.012
17 CO(7) + X(1) <=> COX(50) 0.000 0.000 0.000 0.000 0.000
18 CH2O(9) + 2 X(1) <=> CHOX(53) + HX(19) 0.000 0.000 0.000 -0.000 0.000
19 HCO(15) + X(1) <=> CHOX(53) 0.000 0.000 0.000 0.000 0.000
20 CH3CHO(16) + 2 X(1) <=> CH3X(21) + CHOX(53) 0.000 -0.000 0.000 0.000 0.000
21 CHOX(53) + X(1) <=> HX(19) + OCX(25) 0.000 0.000 0.000 0.000 0.000
22 CH2X(27) + CHOX(53) <=> CH3X(21) + OCX(25) 0.000 -0.000 -0.000 -0.000 0.000
23 CHOX(53) + CHX(28) <=> CH2X(27) + OCX(25) 0.000 -0.000 -0.000 0.000 0.000
24 CHOX(53) + CX(26) <=> CHX(28) + OCX(25) 0.000 -0.000 0.000 0.000 -0.000
25 H2O(5) + X(1) <=> H2OX(23) 0.000 -0.000 -0.000 -0.000 0.000
26 CH4(2) + OX(20) + X(1) <=> CH3X(21) + HOX(22) 0.000 -0.000 -0.000 0.000 -0.000
27 CH4(2) + HOX(22) + X(1) <=> CH3X(21) + H2OX(23) -0.000 -0.000 -0.000 -0.000 0.000
28 HX(19) + OX(20) <=> HOX(22) + X(1) 0.046 0.031 0.077 0.122 -0.030
29 H2OX(23) + OX(20) <=> 2 HOX(22) -0.000 0.000 0.000 0.000 0.000
30 HOX(22) + HX(19) <=> H2OX(23) + X(1) -0.000 -0.000 -0.000 0.000 0.000
31 H2O(5) + 2 X(1) <=> HOX(22) + HX(19) -0.000 0.000 0.000 -0.000 0.000
32 CH3OH(14) + 2 X(1) <=> CH3X(21) + HOX(22) 0.000 -0.000 -0.000 0.000 0.000
33 OH(17) + X(1) <=> HOX(22) 0.000 0.000 0.000 -0.000 0.000
34 CH2X(27) + HOX(22) <=> CH3X(21) + OX(20) 0.000 0.000 0.000 0.000 -0.000
35 CHX(28) + HOX(22) <=> CH2X(27) + OX(20) 0.000 0.000 0.000 0.000 -0.000
36 CX(26) + HOX(22) <=> CHX(28) + OX(20) 0.000 0.000 0.000 0.000 -0.000
37 CHOX(53) + OX(20) <=> HOX(22) + OCX(25) 0.000 -0.000 -0.000 0.000 -0.000
38 CO2(4) + X(1) <=> CO2X(24) 0.000 0.000 0.000 -0.000 0.000
39 OCX(25) + OX(20) <=> CO2X(24) + X(1) 0.000 0.000 0.000 0.000 -0.000
40 CO2X(24) + HX(19) <=> HOX(22) + OCX(25) 0.000 -0.000 -0.000 0.000 -0.000
Finished sensitivity simulation for a C/O ratio of 1.2
Finished translating for C/O ratio of 1.2
Starting sensitivity simulation for a C/O ratio of 2.4
0 CH4(2) + X(1) <=> CH4X(48) 0.000 0.000 0.000 -0.000 -0.000
1 O2(3) + 2 X(1) <=> 2 OX(20) 0.000 -0.000 0.000 0.000 -0.000
2 H2(6) + 2 X(1) <=> 2 HX(19) -0.000 -0.000 -0.000 -0.000 0.000
3 H(12) + X(1) <=> HX(19) 0.000 -0.000 -0.000 -0.000 -0.000
4 CH4(2) + 2 X(1) <=> CH3X(21) + HX(19) -0.019 -0.698 -0.717 -0.731 -0.670
5 C2H6(8) + 2 X(1) <=> 2 CH3X(21) -0.000 -0.000 -0.000 -0.000 0.000
6 CH3(10) + X(1) <=> CH3X(21) -0.000 -0.000 -0.000 -0.000 -0.000
7 CH2X(27) + HX(19) <=> CH3X(21) + X(1) -0.000 -0.000 -0.000 -0.000 -0.000
8 CHX(28) + HX(19) <=> CH2X(27) + X(1) 0.000 0.000 0.000 -0.000 -0.000
9 2 CH2X(27) <=> CH3X(21) + CHX(28) 0.000 -0.000 -0.000 -0.000 -0.000
10 CHX(28) + X(1) <=> CX(26) + HX(19) 0.000 0.000 0.000 -0.000 -0.000
11 CX(26) + H2(6) <=> CH2X(27) -0.000 -0.000 -0.000 -0.000 0.000
12 CH3X(21) + CX(26) <=> CH2X(27) + CHX(28) -0.000 -0.000 -0.000 -0.000 -0.000
13 CH2X(27) + CX(26) <=> 2 CHX(28) 0.000 -0.000 -0.000 0.000 0.000
14 H2(6) + X(1) <=> H2X(49) 0.000 -0.000 -0.000 -0.000 -0.000
15 CO(7) + X(1) <=> OCX(25) 0.000 -0.000 -0.000 -0.000 -0.000
16 CX(26) + OX(20) <=> OCX(25) + X(1) 0.000 -0.019 -0.019 -0.019 -0.019
17 CO(7) + X(1) <=> COX(50) 0.000 -0.000 -0.000 -0.000 -0.000
18 CH2O(9) + 2 X(1) <=> CHOX(53) + HX(19) 0.000 -0.000 -0.000 -0.000 -0.000
19 HCO(15) + X(1) <=> CHOX(53) 0.000 0.000 0.000 -0.000 -0.000
20 CH3CHO(16) + 2 X(1) <=> CH3X(21) + CHOX(53) 0.000 -0.000 -0.000 -0.000 -0.000
21 CHOX(53) + X(1) <=> HX(19) + OCX(25) -0.000 -0.000 -0.000 -0.000 -0.000
22 CH2X(27) + CHOX(53) <=> CH3X(21) + OCX(25) -0.000 -0.000 -0.000 0.000 0.000
23 CHOX(53) + CHX(28) <=> CH2X(27) + OCX(25) 0.000 -0.000 -0.000 0.000 0.000
24 CHOX(53) + CX(26) <=> CHX(28) + OCX(25) -0.000 -0.000 -0.000 -0.000 0.000
25 H2O(5) + X(1) <=> H2OX(23) 0.000 -0.000 -0.000 -0.000 -0.000
26 CH4(2) + OX(20) + X(1) <=> CH3X(21) + HOX(22) 0.000 -0.000 -0.000 0.000 -0.000
27 CH4(2) + HOX(22) + X(1) <=> CH3X(21) + H2OX(23) 0.000 -0.000 -0.000 -0.000 -0.000
28 HX(19) + OX(20) <=> HOX(22) + X(1) 0.030 0.020 0.050 0.072 -0.022
29 H2OX(23) + OX(20) <=> 2 HOX(22) -0.000 0.000 0.000 -0.000 0.000
30 HOX(22) + HX(19) <=> H2OX(23) + X(1) 0.000 -0.000 -0.000 -0.000 -0.000
31 H2O(5) + 2 X(1) <=> HOX(22) + HX(19) -0.000 0.000 0.000 -0.000 0.000
32 CH3OH(14) + 2 X(1) <=> CH3X(21) + HOX(22) 0.000 0.000 0.000 0.000 0.000
33 OH(17) + X(1) <=> HOX(22) 0.000 -0.000 -0.000 -0.000 -0.000
34 CH2X(27) + HOX(22) <=> CH3X(21) + OX(20) 0.000 0.000 0.000 0.000 -0.000
35 CHX(28) + HOX(22) <=> CH2X(27) + OX(20) 0.000 0.000 0.000 0.000 -0.000
36 CX(26) + HOX(22) <=> CHX(28) + OX(20) 0.000 0.000 0.000 0.000 -0.000
37 CHOX(53) + OX(20) <=> HOX(22) + OCX(25) 0.000 0.000 0.000 0.000 -0.000
38 CO2(4) + X(1) <=> CO2X(24) -0.000 -0.000 -0.000 -0.000 -0.000
39 OCX(25) + OX(20) <=> CO2X(24) + X(1) 0.000 0.000 0.000 0.000 -0.000
40 CO2X(24) + HX(19) <=> HOX(22) + OCX(25) 0.000 -0.000 -0.000 0.000 -0.000
Finished sensitivity simulation for a C/O ratio of 2.4
Finished translating for C/O ratio of 2.4
Starting sensitivity simulation for a C/O ratio of 0.7
0 CH4(2) + X(1) <=> CH4X(48) -0.000 -0.000 -0.000 0.000 0.000
1 O2(3) + 2 X(1) <=> 2 OX(20) 0.000 -0.000 -0.000 0.000 -0.000
2 H2(6) + 2 X(1) <=> 2 HX(19) -0.000 -0.000 -0.000 -0.000 0.000
3 H(12) + X(1) <=> HX(19) -0.000 -0.000 -0.000 -0.000 -0.000
4 CH4(2) + 2 X(1) <=> CH3X(21) + HX(19) -0.040 -0.808 -0.848 -0.897 -0.758
5 C2H6(8) + 2 X(1) <=> 2 CH3X(21) -0.000 -0.000 -0.000 0.000 0.000
6 CH3(10) + X(1) <=> CH3X(21) -0.000 -0.000 -0.000 -0.000 -0.000
7 CH2X(27) + HX(19) <=> CH3X(21) + X(1) -0.000 -0.000 -0.000 -0.000 0.000
8 CHX(28) + HX(19) <=> CH2X(27) + X(1) -0.000 -0.000 -0.000 0.000 0.000
9 2 CH2X(27) <=> CH3X(21) + CHX(28) -0.000 -0.000 -0.000 -0.000 0.000
10 CHX(28) + X(1) <=> CX(26) + HX(19) -0.000 -0.000 -0.000 0.000 -0.000
11 CX(26) + H2(6) <=> CH2X(27) -0.000 -0.000 -0.000 -0.000 0.000
12 CH3X(21) + CX(26) <=> CH2X(27) + CHX(28) 0.000 -0.000 -0.000 -0.000 0.000
13 CH2X(27) + CX(26) <=> 2 CHX(28) -0.000 -0.000 -0.000 0.000 -0.000
14 H2(6) + X(1) <=> H2X(49) -0.000 -0.000 -0.000 0.000 -0.000
15 CO(7) + X(1) <=> OCX(25) 0.000 -0.000 -0.000 -0.000 -0.000
16 CX(26) + OX(20) <=> OCX(25) + X(1) 0.000 -0.008 -0.008 -0.008 -0.008
17 CO(7) + X(1) <=> COX(50) 0.000 -0.000 -0.000 -0.000 -0.000
18 CH2O(9) + 2 X(1) <=> CHOX(53) + HX(19) 0.000 -0.000 -0.000 -0.000 -0.000
19 HCO(15) + X(1) <=> CHOX(53) 0.000 -0.000 -0.000 0.000 0.000
20 CH3CHO(16) + 2 X(1) <=> CH3X(21) + CHOX(53) -0.000 -0.000 -0.000 -0.000 0.000
21 CHOX(53) + X(1) <=> HX(19) + OCX(25) -0.000 0.000 0.000 0.000 0.000
22 CH2X(27) + CHOX(53) <=> CH3X(21) + OCX(25) -0.000 -0.000 -0.000 -0.000 0.000
23 CHOX(53) + CHX(28) <=> CH2X(27) + OCX(25) -0.000 -0.000 -0.000 -0.000 0.000
24 CHOX(53) + CX(26) <=> CHX(28) + OCX(25) -0.000 -0.000 -0.000 0.000 0.000
25 H2O(5) + X(1) <=> H2OX(23) -0.000 -0.000 -0.000 -0.000 0.000
26 CH4(2) + OX(20) + X(1) <=> CH3X(21) + HOX(22) 0.000 -0.000 -0.000 0.000 -0.000
27 CH4(2) + HOX(22) + X(1) <=> CH3X(21) + H2OX(23) -0.000 -0.000 -0.000 -0.000 0.000
28 HX(19) + OX(20) <=> HOX(22) + X(1) 0.066 0.045 0.111 0.192 -0.037
29 H2OX(23) + OX(20) <=> 2 HOX(22) -0.000 -0.000 -0.000 0.000 0.000
30 HOX(22) + HX(19) <=> H2OX(23) + X(1) -0.000 -0.000 -0.000 0.000 -0.000
31 H2O(5) + 2 X(1) <=> HOX(22) + HX(19) -0.000 0.000 0.000 -0.000 0.000
32 CH3OH(14) + 2 X(1) <=> CH3X(21) + HOX(22) -0.000 -0.000 -0.000 -0.000 0.000
33 OH(17) + X(1) <=> HOX(22) -0.000 -0.000 -0.000 -0.000 0.000
34 CH2X(27) + HOX(22) <=> CH3X(21) + OX(20) 0.000 -0.000 0.000 0.000 -0.000
35 CHX(28) + HOX(22) <=> CH2X(27) + OX(20) 0.000 0.000 0.000 0.000 -0.000
36 CX(26) + HOX(22) <=> CHX(28) + OX(20) 0.000 0.000 0.000 0.000 -0.000
37 CHOX(53) + OX(20) <=> HOX(22) + OCX(25) 0.000 -0.000 -0.000 0.000 0.000
38 CO2(4) + X(1) <=> CO2X(24) -0.000 -0.000 -0.000 0.000 -0.000
39 OCX(25) + OX(20) <=> CO2X(24) + X(1) 0.000 0.000 0.000 0.000 -0.000
40 CO2X(24) + HX(19) <=> HOX(22) + OCX(25) 0.000 -0.000 -0.000 0.000 -0.000
Finished sensitivity simulation for a C/O ratio of 0.7
Finished translating for C/O ratio of 0.7
Starting sensitivity simulation for a C/O ratio of 1.0
0 CH4(2) + X(1) <=> CH4X(48) -0.000 0.000 0.000 -0.000 0.000
1 O2(3) + 2 X(1) <=> 2 OX(20) 0.000 -0.000 -0.000 0.000 -0.000
2 H2(6) + 2 X(1) <=> 2 HX(19) -0.000 -0.000 -0.000 -0.000 0.000
3 H(12) + X(1) <=> HX(19) 0.000 -0.000 -0.000 -0.000 -0.000
4 CH4(2) + 2 X(1) <=> CH3X(21) + HX(19) -0.032 -0.770 -0.802 -0.836 -0.727
5 C2H6(8) + 2 X(1) <=> 2 CH3X(21) -0.000 -0.000 -0.000 -0.000 -0.000
6 CH3(10) + X(1) <=> CH3X(21) -0.000 -0.000 -0.000 -0.000 -0.000
7 CH2X(27) + HX(19) <=> CH3X(21) + X(1) -0.000 -0.000 -0.000 -0.000 -0.000
8 CHX(28) + HX(19) <=> CH2X(27) + X(1) -0.000 -0.000 -0.000 -0.000 -0.000
9 2 CH2X(27) <=> CH3X(21) + CHX(28) 0.000 -0.000 -0.000 -0.000 -0.000
10 CHX(28) + X(1) <=> CX(26) + HX(19) -0.000 0.000 0.000 -0.000 -0.000
11 CX(26) + H2(6) <=> CH2X(27) -0.000 -0.000 -0.000 -0.000 0.000
12 CH3X(21) + CX(26) <=> CH2X(27) + CHX(28) 0.000 -0.000 -0.000 -0.000 0.000
13 CH2X(27) + CX(26) <=> 2 CHX(28) -0.000 -0.000 -0.000 -0.000 -0.000
14 H2(6) + X(1) <=> H2X(49) -0.000 -0.000 -0.000 -0.000 -0.000
15 CO(7) + X(1) <=> OCX(25) 0.000 -0.000 -0.000 -0.000 -0.000
16 CX(26) + OX(20) <=> OCX(25) + X(1) 0.000 -0.011 -0.010 -0.010 -0.011
17 CO(7) + X(1) <=> COX(50) -0.000 0.000 -0.000 -0.000 -0.000
18 CH2O(9) + 2 X(1) <=> CHOX(53) + HX(19) -0.000 -0.000 -0.000 -0.000 -0.000
19 HCO(15) + X(1) <=> CHOX(53) -0.000 -0.000 -0.000 -0.000 0.000
20 CH3CHO(16) + 2 X(1) <=> CH3X(21) + CHOX(53) -0.000 -0.000 -0.000 -0.000 -0.000
21 CHOX(53) + X(1) <=> HX(19) + OCX(25) 0.000 0.000 0.000 0.000 0.000
22 CH2X(27) + CHOX(53) <=> CH3X(21) + OCX(25) -0.000 -0.000 -0.000 -0.000 -0.000
23 CHOX(53) + CHX(28) <=> CH2X(27) + OCX(25) -0.000 -0.000 -0.000 -0.000 -0.000
24 CHOX(53) + CX(26) <=> CHX(28) + OCX(25) -0.000 -0.000 -0.000 -0.000 -0.000
25 H2O(5) + X(1) <=> H2OX(23) -0.000 -0.000 -0.000 -0.000 -0.000
26 CH4(2) + OX(20) + X(1) <=> CH3X(21) + HOX(22) 0.000 -0.000 -0.000 0.000 -0.000
27 CH4(2) + HOX(22) + X(1) <=> CH3X(21) + H2OX(23) 0.000 -0.000 -0.000 -0.000 -0.000
28 HX(19) + OX(20) <=> HOX(22) + X(1) 0.052 0.035 0.087 0.142 -0.033
29 H2OX(23) + OX(20) <=> 2 HOX(22) -0.000 -0.000 -0.000 -0.000 -0.000
30 HOX(22) + HX(19) <=> H2OX(23) + X(1) -0.000 -0.000 -0.000 -0.000 -0.000
31 H2O(5) + 2 X(1) <=> HOX(22) + HX(19) -0.000 0.000 0.000 -0.000 0.000
32 CH3OH(14) + 2 X(1) <=> CH3X(21) + HOX(22) -0.000 0.000 -0.000 0.000 -0.000
33 OH(17) + X(1) <=> HOX(22) -0.000 -0.000 -0.000 -0.000 0.000
34 CH2X(27) + HOX(22) <=> CH3X(21) + OX(20) 0.000 0.000 0.000 0.000 -0.000
35 CHX(28) + HOX(22) <=> CH2X(27) + OX(20) 0.000 0.000 0.000 0.000 -0.000
36 CX(26) + HOX(22) <=> CHX(28) + OX(20) 0.000 0.000 0.000 0.000 -0.000
37 CHOX(53) + OX(20) <=> HOX(22) + OCX(25) 0.000 -0.000 0.000 0.000 -0.000
38 CO2(4) + X(1) <=> CO2X(24) -0.000 -0.000 -0.000 -0.000 -0.000
39 OCX(25) + OX(20) <=> CO2X(24) + X(1) 0.000 0.000 0.000 0.000 -0.000
40 CO2X(24) + HX(19) <=> HOX(22) + OCX(25) 0.000 -0.000 -0.000 0.000 -0.000
Finished sensitivity simulation for a C/O ratio of 1.0
Finished translating for C/O ratio of 1.0
Starting sensitivity simulation for a C/O ratio of 1.1
0 CH4(2) + X(1) <=> CH4X(48) 0.000 -0.000 0.000 0.000 -0.000
1 O2(3) + 2 X(1) <=> 2 OX(20) 0.000 0.000 0.000 0.000 -0.000
2 H2(6) + 2 X(1) <=> 2 HX(19) -0.000 -0.000 -0.000 -0.000 0.000
3 H(12) + X(1) <=> HX(19) -0.000 -0.000 -0.000 -0.000 -0.000
4 CH4(2) + 2 X(1) <=> CH3X(21) + HX(19) -0.031 -0.760 -0.791 -0.822 -0.720
5 C2H6(8) + 2 X(1) <=> 2 CH3X(21) 0.000 0.000 0.000 -0.000 -0.000
6 CH3(10) + X(1) <=> CH3X(21) -0.000 0.000 0.000 -0.000 -0.000
7 CH2X(27) + HX(19) <=> CH3X(21) + X(1) -0.000 -0.000 -0.000 -0.000 -0.000
8 CHX(28) + HX(19) <=> CH2X(27) + X(1) 0.000 0.000 0.000 -0.000 0.000
9 2 CH2X(27) <=> CH3X(21) + CHX(28) -0.000 0.000 0.000 -0.000 0.000
10 CHX(28) + X(1) <=> CX(26) + HX(19) 0.000 0.000 0.000 -0.000 -0.000
11 CX(26) + H2(6) <=> CH2X(27) -0.000 -0.000 -0.000 -0.000 0.000
12 CH3X(21) + CX(26) <=> CH2X(27) + CHX(28) 0.000 -0.000 -0.000 -0.000 -0.000
13 CH2X(27) + CX(26) <=> 2 CHX(28) 0.000 0.000 0.000 -0.000 -0.000
14 H2(6) + X(1) <=> H2X(49) 0.000 0.000 0.000 -0.000 -0.000
15 CO(7) + X(1) <=> OCX(25) 0.000 -0.000 -0.000 -0.000 -0.000
16 CX(26) + OX(20) <=> OCX(25) + X(1) 0.000 -0.011 -0.011 -0.011 -0.012
17 CO(7) + X(1) <=> COX(50) -0.000 0.000 0.000 -0.000 -0.000
18 CH2O(9) + 2 X(1) <=> CHOX(53) + HX(19) -0.000 0.000 0.000 -0.000 -0.000
19 HCO(15) + X(1) <=> CHOX(53) 0.000 -0.000 -0.000 -0.000 -0.000
20 CH3CHO(16) + 2 X(1) <=> CH3X(21) + CHOX(53) -0.000 0.000 0.000 -0.000 0.000
21 CHOX(53) + X(1) <=> HX(19) + OCX(25) 0.000 0.000 0.000 -0.000 -0.000
22 CH2X(27) + CHOX(53) <=> CH3X(21) + OCX(25) 0.000 -0.000 -0.000 -0.000 -0.000
23 CHOX(53) + CHX(28) <=> CH2X(27) + OCX(25) 0.000 0.000 0.000 0.000 -0.000
24 CHOX(53) + CX(26) <=> CHX(28) + OCX(25) 0.000 0.000 0.000 -0.000 -0.000
25 H2O(5) + X(1) <=> H2OX(23) 0.000 -0.000 -0.000 -0.000 -0.000
26 CH4(2) + OX(20) + X(1) <=> CH3X(21) + HOX(22) 0.000 -0.000 -0.000 0.000 -0.000
27 CH4(2) + HOX(22) + X(1) <=> CH3X(21) + H2OX(23) 0.000 0.000 0.000 -0.000 -0.000
28 HX(19) + OX(20) <=> HOX(22) + X(1) 0.049 0.033 0.082 0.131 -0.032
29 H2OX(23) + OX(20) <=> 2 HOX(22) -0.000 0.000 0.000 -0.000 0.000
30 HOX(22) + HX(19) <=> H2OX(23) + X(1) 0.000 0.000 0.000 0.000 -0.000
31 H2O(5) + 2 X(1) <=> HOX(22) + HX(19) -0.000 0.000 0.000 -0.000 0.000
32 CH3OH(14) + 2 X(1) <=> CH3X(21) + HOX(22) -0.000 -0.000 -0.000 -0.000 -0.000
33 OH(17) + X(1) <=> HOX(22) 0.000 -0.000 -0.000 -0.000 0.000
34 CH2X(27) + HOX(22) <=> CH3X(21) + OX(20) 0.000 0.000 0.000 0.000 -0.000
35 CHX(28) + HOX(22) <=> CH2X(27) + OX(20) 0.000 0.000 0.000 0.000 -0.000
36 CX(26) + HOX(22) <=> CHX(28) + OX(20) 0.000 0.000 0.000 0.000 -0.000
37 CHOX(53) + OX(20) <=> HOX(22) + OCX(25) 0.000 0.000 0.000 0.000 -0.000
38 CO2(4) + X(1) <=> CO2X(24) -0.000 0.000 0.000 0.000 -0.000
39 OCX(25) + OX(20) <=> CO2X(24) + X(1) 0.000 0.000 0.000 0.000 -0.000
40 CO2X(24) + HX(19) <=> HOX(22) + OCX(25) 0.000 -0.000 -0.000 0.000 -0.000
Finished sensitivity simulation for a C/O ratio of 1.1
Finished translating for C/O ratio of 1.1
Starting sensitivity simulation for a C/O ratio of 1.8
0 CH4(2) + X(1) <=> CH4X(48) -0.000 -0.000 -0.000 -0.000 -0.000
1 O2(3) + 2 X(1) <=> 2 OX(20) 0.000 0.000 0.000 0.000 -0.000
2 H2(6) + 2 X(1) <=> 2 HX(19) -0.000 -0.000 -0.000 -0.000 0.000
3 H(12) + X(1) <=> HX(19) 0.000 -0.000 -0.000 -0.000 -0.000
4 CH4(2) + 2 X(1) <=> CH3X(21) + HX(19) -0.023 -0.718 -0.741 -0.760 -0.686
5 C2H6(8) + 2 X(1) <=> 2 CH3X(21) 0.000 0.000 0.000 0.000 -0.000
6 CH3(10) + X(1) <=> CH3X(21) 0.000 0.000 0.000 -0.000 0.000
7 CH2X(27) + HX(19) <=> CH3X(21) + X(1) -0.000 0.000 0.000 -0.000 -0.000
8 CHX(28) + HX(19) <=> CH2X(27) + X(1) -0.000 0.000 0.000 -0.000 -0.000
9 2 CH2X(27) <=> CH3X(21) + CHX(28) 0.000 -0.000 -0.000 -0.000 -0.000
10 CHX(28) + X(1) <=> CX(26) + HX(19) 0.000 0.000 0.000 0.000 0.000
11 CX(26) + H2(6) <=> CH2X(27) -0.000 0.000 -0.000 -0.000 0.000
12 CH3X(21) + CX(26) <=> CH2X(27) + CHX(28) -0.000 0.000 0.000 0.000 0.000
13 CH2X(27) + CX(26) <=> 2 CHX(28) -0.000 -0.000 -0.000 -0.000 -0.000
14 H2(6) + X(1) <=> H2X(49) 0.000 0.000 0.000 -0.000 0.000
15 CO(7) + X(1) <=> OCX(25) 0.000 -0.000 -0.000 -0.000 -0.000
16 CX(26) + OX(20) <=> OCX(25) + X(1) 0.000 -0.016 -0.016 -0.016 -0.016
17 CO(7) + X(1) <=> COX(50) -0.000 0.000 0.000 0.000 -0.000
18 CH2O(9) + 2 X(1) <=> CHOX(53) + HX(19) -0.000 -0.000 -0.000 -0.000 0.000
19 HCO(15) + X(1) <=> CHOX(53) -0.000 0.000 0.000 0.000 0.000
20 CH3CHO(16) + 2 X(1) <=> CH3X(21) + CHOX(53) -0.000 0.000 0.000 -0.000 -0.000
21 CHOX(53) + X(1) <=> HX(19) + OCX(25) -0.000 0.000 0.000 -0.000 0.000
22 CH2X(27) + CHOX(53) <=> CH3X(21) + OCX(25) 0.000 -0.000 -0.000 -0.000 -0.000
23 CHOX(53) + CHX(28) <=> CH2X(27) + OCX(25) 0.000 -0.000 0.000 0.000 -0.000
24 CHOX(53) + CX(26) <=> CHX(28) + OCX(25) 0.000 0.000 0.000 -0.000 -0.000
25 H2O(5) + X(1) <=> H2OX(23) 0.000 0.000 0.000 0.000 0.000
26 CH4(2) + OX(20) + X(1) <=> CH3X(21) + HOX(22) 0.000 -0.000 -0.000 0.000 -0.000
27 CH4(2) + HOX(22) + X(1) <=> CH3X(21) + H2OX(23) -0.000 0.000 0.000 -0.000 0.000
28 HX(19) + OX(20) <=> HOX(22) + X(1) 0.035 0.024 0.059 0.089 -0.025
29 H2OX(23) + OX(20) <=> 2 HOX(22) 0.000 0.000 0.000 0.000 0.000
30 HOX(22) + HX(19) <=> H2OX(23) + X(1) 0.000 0.000 0.000 0.000 0.000
31 H2O(5) + 2 X(1) <=> HOX(22) + HX(19) -0.000 0.000 0.000 -0.000 0.000
32 CH3OH(14) + 2 X(1) <=> CH3X(21) + HOX(22) -0.000 -0.000 -0.000 -0.000 -0.000
33 OH(17) + X(1) <=> HOX(22) 0.000 -0.000 -0.000 -0.000 -0.000
34 CH2X(27) + HOX(22) <=> CH3X(21) + OX(20) 0.000 0.000 0.000 0.000 -0.000
35 CHX(28) + HOX(22) <=> CH2X(27) + OX(20) 0.000 0.000 0.000 0.000 -0.000
36 CX(26) + HOX(22) <=> CHX(28) + OX(20) 0.000 0.000 0.000 0.000 -0.000
37 CHOX(53) + OX(20) <=> HOX(22) + OCX(25) 0.000 0.000 0.000 0.000 -0.000
38 CO2(4) + X(1) <=> CO2X(24) -0.000 0.000 0.000 -0.000 -0.000
39 OCX(25) + OX(20) <=> CO2X(24) + X(1) 0.000 0.000 0.000 0.000 -0.000
40 CO2X(24) + HX(19) <=> HOX(22) + OCX(25) 0.000 -0.000 -0.000 0.000 -0.000
Finished sensitivity simulation for a C/O ratio of 1.8
Finished translating for C/O ratio of 1.8
Starting sensitivity simulation for a C/O ratio of 0.6
0 CH4(2) + X(1) <=> CH4X(48) 0.000 0.000 0.000 -0.000 -0.000
1 O2(3) + 2 X(1) <=> 2 OX(20) 0.000 0.000 0.000 0.000 -0.000
2 H2(6) + 2 X(1) <=> 2 HX(19) -0.000 -0.000 -0.000 -0.000 0.000
3 H(12) + X(1) <=> HX(19) 0.000 0.000 0.000 -0.000 -0.000
4 CH4(2) + 2 X(1) <=> CH3X(21) + HX(19) -0.044 -0.826 -0.870 -0.927 -0.772
5 C2H6(8) + 2 X(1) <=> 2 CH3X(21) 0.000 -0.000 -0.000 -0.000 -0.000
6 CH3(10) + X(1) <=> CH3X(21) 0.000 -0.000 -0.000 -0.000 -0.000
7 CH2X(27) + HX(19) <=> CH3X(21) + X(1) -0.000 -0.000 -0.000 -0.000 -0.000
8 CHX(28) + HX(19) <=> CH2X(27) + X(1) -0.000 0.000 0.000 -0.000 -0.000
9 2 CH2X(27) <=> CH3X(21) + CHX(28) 0.000 0.000 0.000 -0.000 -0.000
10 CHX(28) + X(1) <=> CX(26) + HX(19) 0.000 0.000 0.000 -0.000 -0.000
11 CX(26) + H2(6) <=> CH2X(27) -0.000 -0.000 -0.000 -0.000 0.000
12 CH3X(21) + CX(26) <=> CH2X(27) + CHX(28) -0.000 -0.000 -0.000 -0.000 -0.000
13 CH2X(27) + CX(26) <=> 2 CHX(28) 0.000 0.000 0.000 -0.000 -0.000
14 H2(6) + X(1) <=> H2X(49) 0.000 0.000 0.000 -0.000 -0.000
15 CO(7) + X(1) <=> OCX(25) 0.000 -0.000 -0.000 -0.000 -0.000
16 CX(26) + OX(20) <=> OCX(25) + X(1) 0.000 -0.007 -0.007 -0.007 -0.007
17 CO(7) + X(1) <=> COX(50) 0.000 0.000 0.000 -0.000 -0.000
18 CH2O(9) + 2 X(1) <=> CHOX(53) + HX(19) 0.000 -0.000 -0.000 -0.000 -0.000
19 HCO(15) + X(1) <=> CHOX(53) 0.000 -0.000 -0.000 -0.000 -0.000
20 CH3CHO(16) + 2 X(1) <=> CH3X(21) + CHOX(53) 0.000 0.000 0.000 -0.000 -0.000
21 CHOX(53) + X(1) <=> HX(19) + OCX(25) 0.000 0.000 0.000 -0.000 -0.000
22 CH2X(27) + CHOX(53) <=> CH3X(21) + OCX(25) 0.000 0.000 0.000 0.000 0.000
23 CHOX(53) + CHX(28) <=> CH2X(27) + OCX(25) 0.000 0.000 0.000 -0.000 -0.000
24 CHOX(53) + CX(26) <=> CHX(28) + OCX(25) -0.000 -0.000 -0.000 -0.000 -0.000
25 H2O(5) + X(1) <=> H2OX(23) 0.000 -0.000 -0.000 -0.000 -0.000
26 CH4(2) + OX(20) + X(1) <=> CH3X(21) + HOX(22) 0.000 -0.000 -0.000 0.000 -0.000
27 CH4(2) + HOX(22) + X(1) <=> CH3X(21) + H2OX(23) -0.000 -0.000 -0.000 -0.000 -0.000
28 HX(19) + OX(20) <=> HOX(22) + X(1) 0.073 0.051 0.124 0.219 -0.039
29 H2OX(23) + OX(20) <=> 2 HOX(22) 0.000 -0.000 -0.000 -0.000 -0.000
30 HOX(22) + HX(19) <=> H2OX(23) + X(1) 0.000 -0.000 -0.000 -0.000 -0.000
31 H2O(5) + 2 X(1) <=> HOX(22) + HX(19) -0.000 0.000 0.000 -0.000 0.000
32 CH3OH(14) + 2 X(1) <=> CH3X(21) + HOX(22) 0.000 0.000 0.000 -0.000 -0.000
33 OH(17) + X(1) <=> HOX(22) -0.000 -0.000 -0.000 -0.000 0.000
34 CH2X(27) + HOX(22) <=> CH3X(21) + OX(20) 0.000 0.000 0.000 0.000 -0.000
35 CHX(28) + HOX(22) <=> CH2X(27) + OX(20) 0.000 0.000 0.000 0.000 -0.000
36 CX(26) + HOX(22) <=> CHX(28) + OX(20) 0.000 0.000 0.000 0.000 -0.000
37 CHOX(53) + OX(20) <=> HOX(22) + OCX(25) 0.000 0.000 0.000 0.000 -0.000
38 CO2(4) + X(1) <=> CO2X(24) -0.000 -0.000 -0.000 -0.000 -0.000
39 OCX(25) + OX(20) <=> CO2X(24) + X(1) 0.000 0.000 0.000 0.000 -0.000
40 CO2X(24) + HX(19) <=> HOX(22) + OCX(25) 0.000 -0.000 -0.000 0.000 -0.000
Finished sensitivity simulation for a C/O ratio of 0.6
Finished translating for C/O ratio of 0.6
Starting sensitivity simulation for a C/O ratio of 0.8
0 CH4(2) + X(1) <=> CH4X(48) 0.000 0.000 0.000 -0.000 -0.000
1 O2(3) + 2 X(1) <=> 2 OX(20) 0.000 0.000 0.000 0.000 -0.000
2 H2(6) + 2 X(1) <=> 2 HX(19) -0.000 -0.000 -0.000 -0.000 0.000
3 H(12) + X(1) <=> HX(19) 0.000 -0.000 0.000 -0.000 -0.000
4 CH4(2) + 2 X(1) <=> CH3X(21) + HX(19) -0.037 -0.793 -0.830 -0.873 -0.746
5 C2H6(8) + 2 X(1) <=> 2 CH3X(21) 0.000 0.000 0.000 -0.000 -0.000
6 CH3(10) + X(1) <=> CH3X(21) 0.000 0.000 0.000 -0.000 -0.000
7 CH2X(27) + HX(19) <=> CH3X(21) + X(1) -0.000 0.000 0.000 -0.000 0.000
8 CHX(28) + HX(19) <=> CH2X(27) + X(1) 0.000 0.000 0.000 0.000 0.000
9 2 CH2X(27) <=> CH3X(21) + CHX(28) 0.000 0.000 0.000 -0.000 -0.000
10 CHX(28) + X(1) <=> CX(26) + HX(19) 0.000 -0.000 -0.000 -0.000 -0.000
11 CX(26) + H2(6) <=> CH2X(27) -0.000 0.000 -0.000 -0.000 0.000
12 CH3X(21) + CX(26) <=> CH2X(27) + CHX(28) 0.000 0.000 0.000 -0.000 -0.000
13 CH2X(27) + CX(26) <=> 2 CHX(28) 0.000 0.000 0.000 -0.000 -0.000
14 H2(6) + X(1) <=> H2X(49) 0.000 0.000 0.000 -0.000 -0.000
15 CO(7) + X(1) <=> OCX(25) 0.000 -0.000 -0.000 -0.000 -0.000
16 CX(26) + OX(20) <=> OCX(25) + X(1) 0.000 -0.009 -0.009 -0.009 -0.009
17 CO(7) + X(1) <=> COX(50) 0.000 0.000 0.000 -0.000 -0.000
18 CH2O(9) + 2 X(1) <=> CHOX(53) + HX(19) 0.000 0.000 0.000 -0.000 -0.000
19 HCO(15) + X(1) <=> CHOX(53) 0.000 0.000 0.000 -0.000 -0.000
20 CH3CHO(16) + 2 X(1) <=> CH3X(21) + CHOX(53) 0.000 0.000 0.000 -0.000 -0.000
21 CHOX(53) + X(1) <=> HX(19) + OCX(25) 0.000 -0.000 -0.000 -0.000 -0.000
22 CH2X(27) + CHOX(53) <=> CH3X(21) + OCX(25) 0.000 0.000 0.000 -0.000 -0.000
23 CHOX(53) + CHX(28) <=> CH2X(27) + OCX(25) 0.000 -0.000 -0.000 -0.000 -0.000
24 CHOX(53) + CX(26) <=> CHX(28) + OCX(25) 0.000 -0.000 0.000 -0.000 -0.000
25 H2O(5) + X(1) <=> H2OX(23) 0.000 0.000 0.000 -0.000 -0.000
26 CH4(2) + OX(20) + X(1) <=> CH3X(21) + HOX(22) 0.000 -0.000 -0.000 0.000 -0.000
27 CH4(2) + HOX(22) + X(1) <=> CH3X(21) + H2OX(23) -0.000 0.000 0.000 -0.000 -0.000
28 HX(19) + OX(20) <=> HOX(22) + X(1) 0.061 0.041 0.102 0.171 -0.036
29 H2OX(23) + OX(20) <=> 2 HOX(22) 0.000 0.000 0.000 -0.000 -0.000
30 HOX(22) + HX(19) <=> H2OX(23) + X(1) 0.000 -0.000 -0.000 -0.000 -0.000
31 H2O(5) + 2 X(1) <=> HOX(22) + HX(19) -0.000 0.000 0.000 -0.000 0.000
32 CH3OH(14) + 2 X(1) <=> CH3X(21) + HOX(22) 0.000 0.000 0.000 -0.000 -0.000
33 OH(17) + X(1) <=> HOX(22) -0.000 -0.000 -0.000 -0.000 0.000
34 CH2X(27) + HOX(22) <=> CH3X(21) + OX(20) 0.000 0.000 0.000 0.000 -0.000
35 CHX(28) + HOX(22) <=> CH2X(27) + OX(20) 0.000 0.000 0.000 0.000 -0.000
36 CX(26) + HOX(22) <=> CHX(28) + OX(20) 0.000 0.000 0.000 0.000 -0.000
37 CHOX(53) + OX(20) <=> HOX(22) + OCX(25) 0.000 -0.000 0.000 0.000 -0.000
38 CO2(4) + X(1) <=> CO2X(24) 0.000 0.000 0.000 -0.000 -0.000
39 OCX(25) + OX(20) <=> CO2X(24) + X(1) 0.000 0.000 0.000 0.000 -0.000
40 CO2X(24) + HX(19) <=> HOX(22) + OCX(25) 0.000 -0.000 -0.000 0.000 -0.000
Finished sensitivity simulation for a C/O ratio of 0.8
Finished translating for C/O ratio of 0.8
Starting sensitivity simulation for a C/O ratio of 0.9
0 CH4(2) + X(1) <=> CH4X(48) -0.000 -0.000 -0.000 0.000 0.000
1 O2(3) + 2 X(1) <=> 2 OX(20) 0.000 -0.000 0.000 0.000 -0.000
2 H2(6) + 2 X(1) <=> 2 HX(19) -0.000 -0.000 -0.000 -0.000 0.000
3 H(12) + X(1) <=> HX(19) 0.000 -0.000 -0.000 -0.000 -0.000
4 CH4(2) + 2 X(1) <=> CH3X(21) + HX(19) -0.034 -0.780 -0.815 -0.853 -0.736
5 C2H6(8) + 2 X(1) <=> 2 CH3X(21) -0.000 -0.000 -0.000 0.000 0.000
6 CH3(10) + X(1) <=> CH3X(21) 0.000 -0.000 -0.000 -0.000 -0.000
7 CH2X(27) + HX(19) <=> CH3X(21) + X(1) -0.000 -0.000 -0.000 -0.000 -0.000
8 CHX(28) + HX(19) <=> CH2X(27) + X(1) 0.000 -0.000 -0.000 0.000 -0.000
9 2 CH2X(27) <=> CH3X(21) + CHX(28) 0.000 -0.000 -0.000 -0.000 -0.000
10 CHX(28) + X(1) <=> CX(26) + HX(19) 0.000 0.000 0.000 0.000 0.000
11 CX(26) + H2(6) <=> CH2X(27) -0.000 -0.000 -0.000 -0.000 0.000
12 CH3X(21) + CX(26) <=> CH2X(27) + CHX(28) 0.000 0.000 0.000 0.000 -0.000
13 CH2X(27) + CX(26) <=> 2 CHX(28) -0.000 -0.000 -0.000 -0.000 -0.000
14 H2(6) + X(1) <=> H2X(49) -0.000 -0.000 -0.000 -0.000 0.000
15 CO(7) + X(1) <=> OCX(25) 0.000 -0.000 -0.000 -0.000 -0.000
16 CX(26) + OX(20) <=> OCX(25) + X(1) 0.000 -0.010 -0.010 -0.009 -0.010
17 CO(7) + X(1) <=> COX(50) -0.000 -0.000 -0.000 -0.000 -0.000
18 CH2O(9) + 2 X(1) <=> CHOX(53) + HX(19) 0.000 -0.000 -0.000 0.000 -0.000
19 HCO(15) + X(1) <=> CHOX(53) 0.000 0.000 0.000 0.000 -0.000
20 CH3CHO(16) + 2 X(1) <=> CH3X(21) + CHOX(53) 0.000 -0.000 -0.000 -0.000 -0.000
21 CHOX(53) + X(1) <=> HX(19) + OCX(25) -0.000 -0.000 -0.000 -0.000 -0.000
22 CH2X(27) + CHOX(53) <=> CH3X(21) + OCX(25) -0.000 -0.000 -0.000 -0.000 0.000
23 CHOX(53) + CHX(28) <=> CH2X(27) + OCX(25) 0.000 -0.000 -0.000 -0.000 0.000
24 CHOX(53) + CX(26) <=> CHX(28) + OCX(25) 0.000 -0.000 -0.000 0.000 -0.000
25 H2O(5) + X(1) <=> H2OX(23) 0.000 -0.000 -0.000 -0.000 -0.000
26 CH4(2) + OX(20) + X(1) <=> CH3X(21) + HOX(22) 0.000 -0.000 -0.000 0.000 -0.000
27 CH4(2) + HOX(22) + X(1) <=> CH3X(21) + H2OX(23) -0.000 -0.000 -0.000 -0.000 0.000
28 HX(19) + OX(20) <=> HOX(22) + X(1) 0.056 0.038 0.094 0.155 -0.034
29 H2OX(23) + OX(20) <=> 2 HOX(22) -0.000 -0.000 -0.000 -0.000 -0.000
30 HOX(22) + HX(19) <=> H2OX(23) + X(1) -0.000 -0.000 -0.000 0.000 0.000
31 H2O(5) + 2 X(1) <=> HOX(22) + HX(19) -0.000 0.000 0.000 -0.000 0.000
32 CH3OH(14) + 2 X(1) <=> CH3X(21) + HOX(22) 0.000 -0.000 -0.000 -0.000 -0.000
33 OH(17) + X(1) <=> HOX(22) 0.000 -0.000 -0.000 -0.000 0.000
34 CH2X(27) + HOX(22) <=> CH3X(21) + OX(20) 0.000 -0.000 0.000 0.000 -0.000
35 CHX(28) + HOX(22) <=> CH2X(27) + OX(20) 0.000 0.000 0.000 0.000 -0.000
36 CX(26) + HOX(22) <=> CHX(28) + OX(20) 0.000 0.000 0.000 0.000 -0.000
37 CHOX(53) + OX(20) <=> HOX(22) + OCX(25) 0.000 -0.000 -0.000 0.000 -0.000
38 CO2(4) + X(1) <=> CO2X(24) 0.000 -0.000 -0.000 0.000 -0.000
39 OCX(25) + OX(20) <=> CO2X(24) + X(1) 0.000 0.000 0.000 0.000 -0.000
40 CO2X(24) + HX(19) <=> HOX(22) + OCX(25) 0.000 -0.000 -0.000 0.000 -0.000
Finished sensitivity simulation for a C/O ratio of 0.9
Finished translating for C/O ratio of 0.9
