This mechanism contains 38 gas reactions and 42 surface reactions
  distance(mm)   X_CH4        X_O2        X_H2       X_CO       X_H2O       X_CO2
Finished simulation at a C/O ratio of 0.7
  distance(mm)   X_CH4        X_O2        X_H2       X_CO       X_H2O       X_CO2
Finished simulation at a C/O ratio of 0.6
  distance(mm)   X_CH4        X_O2        X_H2       X_CO       X_H2O       X_CO2
Finished simulation at a C/O ratio of 1.8
  distance(mm)   X_CH4        X_O2        X_H2       X_CO       X_H2O       X_CO2
Finished simulation at a C/O ratio of 2.2
  distance(mm)   X_CH4        X_O2        X_H2       X_CO       X_H2O       X_CO2
Finished simulation at a C/O ratio of 2.0
  distance(mm)   X_CH4        X_O2        X_H2       X_CO       X_H2O       X_CO2
Finished simulation at a C/O ratio of 2.6
  distance(mm)   X_CH4        X_O2        X_H2       X_CO       X_H2O       X_CO2
Finished simulation at a C/O ratio of 1.0
  distance(mm)   X_CH4        X_O2        X_H2       X_CO       X_H2O       X_CO2
Finished simulation at a C/O ratio of 2.4
  distance(mm)   X_CH4        X_O2        X_H2       X_CO       X_H2O       X_CO2
Finished simulation at a C/O ratio of 1.6
  distance(mm)   X_CH4        X_O2        X_H2       X_CO       X_H2O       X_CO2
Finished simulation at a C/O ratio of 0.8
  distance(mm)   X_CH4        X_O2        X_H2       X_CO       X_H2O       X_CO2
Finished simulation at a C/O ratio of 1.3
  distance(mm)   X_CH4        X_O2        X_H2       X_CO       X_H2O       X_CO2
Finished simulation at a C/O ratio of 1.2
  distance(mm)   X_CH4        X_O2        X_H2       X_CO       X_H2O       X_CO2
Finished simulation at a C/O ratio of 1.4
  distance(mm)   X_CH4        X_O2        X_H2       X_CO       X_H2O       X_CO2
Finished simulation at a C/O ratio of 1.1
  distance(mm)   X_CH4        X_O2        X_H2       X_CO       X_H2O       X_CO2
Finished simulation at a C/O ratio of 0.9
Starting sensitivity simulation for a C/O ratio of 2.4
0 CH4(2) + X(1) <=> CH4X(48) 0.000 0.000
1 O2(3) + 2 X(1) <=> 2 OX(20) 0.397 0.392
2 H2(6) + 2 X(1) <=> 2 HX(19) -0.000 -0.000
3 H(12) + X(1) <=> HX(19) 0.000 0.000
4 HX(19) + OX(20) <=> HOX(22) + X(1) 0.000 -0.000
5 H2O(5) + 2 X(1) <=> HOX(22) + HX(19) 0.003 0.002
6 OH(17) + X(1) <=> HOX(22) -0.007 -0.006
7 CH4(2) + 2 X(1) <=> CH3X(21) + HX(19) -0.008 -0.006
8 CH4(2) + OX(20) + X(1) <=> CH3X(21) + HOX(22) 0.191 0.211
9 C2H6(8) + 2 X(1) <=> 2 CH3X(21) -0.001 -0.001
10 CH3(10) + X(1) <=> CH3X(21) -0.064 -0.051
11 CH3OH(14) + 2 X(1) <=> CH3X(21) + HOX(22) -0.000 -0.000
12 CH2X(27) + HX(19) <=> CH3X(21) + X(1) 0.000 0.000
13 CH2X(27) + HOX(22) <=> CH3X(21) + OX(20) 0.000 0.000
14 CHX(28) + HX(19) <=> CH2X(27) + X(1) 0.000 0.000
15 CHX(28) + HOX(22) <=> CH2X(27) + OX(20) 0.000 0.000
16 2 CH2X(27) <=> CH3X(21) + CHX(28) -0.000 -0.000
17 CHX(28) + X(1) <=> CX(26) + HX(19) -0.000 -0.000
18 CX(26) + H2(6) <=> CH2X(27) 0.000 0.000
19 CX(26) + HOX(22) <=> CHX(28) + OX(20) -0.000 -0.000
20 CH3X(21) + CX(26) <=> CH2X(27) + CHX(28) -0.000 -0.000
21 CH2X(27) + CX(26) <=> 2 CHX(28) 0.000 0.000
22 CO(7) + X(1) <=> OCX(25) -0.000 -0.000
23 CX(26) + OX(20) <=> OCX(25) + X(1) -0.000 -0.000
24 CH4(2) + HOX(22) + X(1) <=> CH3X(21) + H2OX(23) -0.003 -0.003
25 H2O(5) + X(1) <=> H2OX(23) 0.000 0.000
26 H2OX(23) + OX(20) <=> 2 HOX(22) 0.003 0.002
27 HOX(22) + HX(19) <=> H2OX(23) + X(1) 0.000 0.000
28 H2(6) + X(1) <=> H2X(49) 0.000 0.000
29 CO(7) + X(1) <=> COX(50) -0.000 -0.000
30 CH2O(9) + 2 X(1) <=> CHOX(53) + HX(19) 0.000 0.000
31 HCO(15) + X(1) <=> CHOX(53) -0.000 -0.000
32 CH3CHO(16) + 2 X(1) <=> CH3X(21) + CHOX(53) 0.000 0.000
33 CHOX(53) + X(1) <=> HX(19) + OCX(25) -0.000 -0.000
34 CHOX(53) + OX(20) <=> HOX(22) + OCX(25) 0.000 0.000
35 CH2X(27) + CHOX(53) <=> CH3X(21) + OCX(25) 0.000 0.000
36 CHOX(53) + CHX(28) <=> CH2X(27) + OCX(25) 0.000 0.000
37 CHOX(53) + CX(26) <=> CHX(28) + OCX(25) 0.000 0.000
38 HOCOX(206) + X(1) <=> HOX(22) + OCX(25) 0.000 0.000
39 CO2(4) + X(1) <=> CO2X(24) -0.000 -0.000
40 OCX(25) + OX(20) <=> CO2X(24) + X(1) -0.006 -0.012
41 CO2X(24) + HX(19) <=> HOX(22) + OCX(25) -0.000 -0.000
Finished sensitivity simulation for a C/O ratio of 2.4
Finished translating for C/O ratio of 2.4
Starting sensitivity simulation for a C/O ratio of 0.8
0 CH4(2) + X(1) <=> CH4X(48) -0.001 -0.001
1 O2(3) + 2 X(1) <=> 2 OX(20) 0.361 0.341
2 H2(6) + 2 X(1) <=> 2 HX(19) -0.002 -0.002
3 H(12) + X(1) <=> HX(19) 0.000 0.000
4 HX(19) + OX(20) <=> HOX(22) + X(1) -0.000 -0.000
5 H2O(5) + 2 X(1) <=> HOX(22) + HX(19) -0.001 -0.000
6 OH(17) + X(1) <=> HOX(22) -0.006 -0.008
7 CH4(2) + 2 X(1) <=> CH3X(21) + HX(19) -0.002 -0.002
8 CH4(2) + OX(20) + X(1) <=> CH3X(21) + HOX(22) -0.543 -0.647
9 C2H6(8) + 2 X(1) <=> 2 CH3X(21) -0.002 -0.002
10 CH3(10) + X(1) <=> CH3X(21) -0.421 -0.355
11 CH3OH(14) + 2 X(1) <=> CH3X(21) + HOX(22) -0.000 -0.000
12 CH2X(27) + HX(19) <=> CH3X(21) + X(1) -0.000 -0.000
13 CH2X(27) + HOX(22) <=> CH3X(21) + OX(20) -0.000 -0.000
14 CHX(28) + HX(19) <=> CH2X(27) + X(1) -0.000 -0.000
15 CHX(28) + HOX(22) <=> CH2X(27) + OX(20) 0.000 -0.000
16 2 CH2X(27) <=> CH3X(21) + CHX(28) -0.000 -0.000
17 CHX(28) + X(1) <=> CX(26) + HX(19) -0.000 -0.000
18 CX(26) + H2(6) <=> CH2X(27) -0.000 -0.000
19 CX(26) + HOX(22) <=> CHX(28) + OX(20) 0.000 -0.000
20 CH3X(21) + CX(26) <=> CH2X(27) + CHX(28) -0.000 -0.000
21 CH2X(27) + CX(26) <=> 2 CHX(28) 0.000 -0.000
22 CO(7) + X(1) <=> OCX(25) -0.000 -0.000
23 CX(26) + OX(20) <=> OCX(25) + X(1) -0.002 -0.004
24 CH4(2) + HOX(22) + X(1) <=> CH3X(21) + H2OX(23) -0.003 -0.004
25 H2O(5) + X(1) <=> H2OX(23) 0.000 0.000
26 H2OX(23) + OX(20) <=> 2 HOX(22) 0.003 0.004
27 HOX(22) + HX(19) <=> H2OX(23) + X(1) -0.001 -0.001
28 H2(6) + X(1) <=> H2X(49) 0.000 -0.000
29 CO(7) + X(1) <=> COX(50) 0.000 -0.000
30 CH2O(9) + 2 X(1) <=> CHOX(53) + HX(19) -0.000 -0.000
31 HCO(15) + X(1) <=> CHOX(53) -0.000 -0.000
32 CH3CHO(16) + 2 X(1) <=> CH3X(21) + CHOX(53) -0.000 -0.000
33 CHOX(53) + X(1) <=> HX(19) + OCX(25) 0.000 -0.000
34 CHOX(53) + OX(20) <=> HOX(22) + OCX(25) 0.000 -0.000
35 CH2X(27) + CHOX(53) <=> CH3X(21) + OCX(25) 0.000 -0.000
36 CHOX(53) + CHX(28) <=> CH2X(27) + OCX(25) 0.000 -0.000
37 CHOX(53) + CX(26) <=> CHX(28) + OCX(25) 0.000 -0.000
38 HOCOX(206) + X(1) <=> HOX(22) + OCX(25) -0.000 -0.000
39 CO2(4) + X(1) <=> CO2X(24) 0.000 0.000
40 OCX(25) + OX(20) <=> CO2X(24) + X(1) -0.031 -0.039
41 CO2X(24) + HX(19) <=> HOX(22) + OCX(25) 0.000 0.000
Finished sensitivity simulation for a C/O ratio of 0.8
Finished translating for C/O ratio of 0.8
Starting sensitivity simulation for a C/O ratio of 1.2
0 CH4(2) + X(1) <=> CH4X(48) 0.000 0.000
1 O2(3) + 2 X(1) <=> 2 OX(20) 1.369 1.623
2 H2(6) + 2 X(1) <=> 2 HX(19) -0.002 -0.002
3 H(12) + X(1) <=> HX(19) 0.000 0.000
4 HX(19) + OX(20) <=> HOX(22) + X(1) -0.000 -0.000
5 H2O(5) + 2 X(1) <=> HOX(22) + HX(19) 0.000 0.001
6 OH(17) + X(1) <=> HOX(22) -0.009 -0.012
7 CH4(2) + 2 X(1) <=> CH3X(21) + HX(19) -0.003 -0.003
8 CH4(2) + OX(20) + X(1) <=> CH3X(21) + HOX(22) 0.936 1.195
9 C2H6(8) + 2 X(1) <=> 2 CH3X(21) -0.003 -0.002
10 CH3(10) + X(1) <=> CH3X(21) 1.415 1.968
11 CH3OH(14) + 2 X(1) <=> CH3X(21) + HOX(22) -0.000 -0.000
12 CH2X(27) + HX(19) <=> CH3X(21) + X(1) -0.000 0.000
13 CH2X(27) + HOX(22) <=> CH3X(21) + OX(20) 0.000 0.000
14 CHX(28) + HX(19) <=> CH2X(27) + X(1) -0.000 -0.000
15 CHX(28) + HOX(22) <=> CH2X(27) + OX(20) 0.000 0.000
16 2 CH2X(27) <=> CH3X(21) + CHX(28) 0.000 0.000
17 CHX(28) + X(1) <=> CX(26) + HX(19) -0.002 -0.002
18 CX(26) + H2(6) <=> CH2X(27) 0.000 0.000
19 CX(26) + HOX(22) <=> CHX(28) + OX(20) -0.001 -0.001
20 CH3X(21) + CX(26) <=> CH2X(27) + CHX(28) 0.000 0.000
21 CH2X(27) + CX(26) <=> 2 CHX(28) 0.000 0.000
22 CO(7) + X(1) <=> OCX(25) -0.000 -0.000
23 CX(26) + OX(20) <=> OCX(25) + X(1) -0.002 -0.004
24 CH4(2) + HOX(22) + X(1) <=> CH3X(21) + H2OX(23) -0.005 -0.006
25 H2O(5) + X(1) <=> H2OX(23) 0.000 0.000
26 H2OX(23) + OX(20) <=> 2 HOX(22) 0.005 0.006
27 HOX(22) + HX(19) <=> H2OX(23) + X(1) 0.000 0.000
28 H2(6) + X(1) <=> H2X(49) 0.000 0.000
29 CO(7) + X(1) <=> COX(50) 0.000 0.000
30 CH2O(9) + 2 X(1) <=> CHOX(53) + HX(19) 0.000 0.000
31 HCO(15) + X(1) <=> CHOX(53) 0.000 0.000
32 CH3CHO(16) + 2 X(1) <=> CH3X(21) + CHOX(53) 0.000 0.000
33 CHOX(53) + X(1) <=> HX(19) + OCX(25) 0.000 0.000
34 CHOX(53) + OX(20) <=> HOX(22) + OCX(25) 0.000 0.000
35 CH2X(27) + CHOX(53) <=> CH3X(21) + OCX(25) -0.000 -0.000
36 CHOX(53) + CHX(28) <=> CH2X(27) + OCX(25) 0.000 0.000
37 CHOX(53) + CX(26) <=> CHX(28) + OCX(25) 0.000 0.000
38 HOCOX(206) + X(1) <=> HOX(22) + OCX(25) -0.000 -0.000
39 CO2(4) + X(1) <=> CO2X(24) 0.000 0.000
40 OCX(25) + OX(20) <=> CO2X(24) + X(1) -0.061 -0.082
41 CO2X(24) + HX(19) <=> HOX(22) + OCX(25) 0.000 0.000
Finished sensitivity simulation for a C/O ratio of 1.2
Finished translating for C/O ratio of 1.2
Starting sensitivity simulation for a C/O ratio of 1.8
0 CH4(2) + X(1) <=> CH4X(48) -0.000 -0.000
1 O2(3) + 2 X(1) <=> 2 OX(20) 0.579 0.607
2 H2(6) + 2 X(1) <=> 2 HX(19) -0.000 -0.001
3 H(12) + X(1) <=> HX(19) 0.000 0.000
4 HX(19) + OX(20) <=> HOX(22) + X(1) -0.000 -0.000
5 H2O(5) + 2 X(1) <=> HOX(22) + HX(19) 0.002 0.002
6 OH(17) + X(1) <=> HOX(22) -0.010 -0.010
7 CH4(2) + 2 X(1) <=> CH3X(21) + HX(19) -0.008 -0.008
8 CH4(2) + OX(20) + X(1) <=> CH3X(21) + HOX(22) 0.338 0.409
9 C2H6(8) + 2 X(1) <=> 2 CH3X(21) -0.002 -0.002
10 CH3(10) + X(1) <=> CH3X(21) -0.159 -0.125
11 CH3OH(14) + 2 X(1) <=> CH3X(21) + HOX(22) -0.000 -0.000
12 CH2X(27) + HX(19) <=> CH3X(21) + X(1) -0.000 -0.000
13 CH2X(27) + HOX(22) <=> CH3X(21) + OX(20) -0.000 -0.000
14 CHX(28) + HX(19) <=> CH2X(27) + X(1) -0.000 -0.000
15 CHX(28) + HOX(22) <=> CH2X(27) + OX(20) -0.000 -0.000
16 2 CH2X(27) <=> CH3X(21) + CHX(28) 0.000 0.000
17 CHX(28) + X(1) <=> CX(26) + HX(19) -0.000 -0.000
18 CX(26) + H2(6) <=> CH2X(27) 0.000 0.000
19 CX(26) + HOX(22) <=> CHX(28) + OX(20) -0.000 -0.000
20 CH3X(21) + CX(26) <=> CH2X(27) + CHX(28) -0.000 -0.000
21 CH2X(27) + CX(26) <=> 2 CHX(28) -0.002 -0.002
22 CO(7) + X(1) <=> OCX(25) -0.000 -0.000
23 CX(26) + OX(20) <=> OCX(25) + X(1) -0.000 -0.001
24 CH4(2) + HOX(22) + X(1) <=> CH3X(21) + H2OX(23) -0.005 -0.005
25 H2O(5) + X(1) <=> H2OX(23) 0.000 0.000
26 H2OX(23) + OX(20) <=> 2 HOX(22) 0.005 0.005
27 HOX(22) + HX(19) <=> H2OX(23) + X(1) -0.000 -0.000
28 H2(6) + X(1) <=> H2X(49) -0.000 -0.000
29 CO(7) + X(1) <=> COX(50) -0.000 -0.000
30 CH2O(9) + 2 X(1) <=> CHOX(53) + HX(19) -0.000 -0.000
31 HCO(15) + X(1) <=> CHOX(53) -0.000 -0.000
32 CH3CHO(16) + 2 X(1) <=> CH3X(21) + CHOX(53) 0.000 0.000
33 CHOX(53) + X(1) <=> HX(19) + OCX(25) -0.000 -0.000
34 CHOX(53) + OX(20) <=> HOX(22) + OCX(25) -0.000 -0.000
35 CH2X(27) + CHOX(53) <=> CH3X(21) + OCX(25) -0.000 -0.000
36 CHOX(53) + CHX(28) <=> CH2X(27) + OCX(25) -0.000 -0.000
37 CHOX(53) + CX(26) <=> CHX(28) + OCX(25) -0.000 -0.000
38 HOCOX(206) + X(1) <=> HOX(22) + OCX(25) -0.000 -0.000
39 CO2(4) + X(1) <=> CO2X(24) 0.000 0.000
40 OCX(25) + OX(20) <=> CO2X(24) + X(1) -0.054 -0.071
41 CO2X(24) + HX(19) <=> HOX(22) + OCX(25) -0.000 -0.000
Finished sensitivity simulation for a C/O ratio of 1.8
Finished translating for C/O ratio of 1.8
Starting sensitivity simulation for a C/O ratio of 2.0
0 CH4(2) + X(1) <=> CH4X(48) -0.000 -0.000
1 O2(3) + 2 X(1) <=> 2 OX(20) 0.123 0.065
2 H2(6) + 2 X(1) <=> 2 HX(19) 0.000 -0.000
3 H(12) + X(1) <=> HX(19) 0.000 0.000
4 HX(19) + OX(20) <=> HOX(22) + X(1) -0.000 -0.000
5 H2O(5) + 2 X(1) <=> HOX(22) + HX(19) 0.002 0.001
6 OH(17) + X(1) <=> HOX(22) -0.009 -0.008
7 CH4(2) + 2 X(1) <=> CH3X(21) + HX(19) -0.005 -0.004
8 CH4(2) + OX(20) + X(1) <=> CH3X(21) + HOX(22) 0.798 0.940
9 C2H6(8) + 2 X(1) <=> 2 CH3X(21) -0.002 -0.001
10 CH3(10) + X(1) <=> CH3X(21) 1.040 1.274
11 CH3OH(14) + 2 X(1) <=> CH3X(21) + HOX(22) -0.000 -0.000
12 CH2X(27) + HX(19) <=> CH3X(21) + X(1) -0.000 -0.000
13 CH2X(27) + HOX(22) <=> CH3X(21) + OX(20) -0.000 -0.000
14 CHX(28) + HX(19) <=> CH2X(27) + X(1) -0.000 -0.000
15 CHX(28) + HOX(22) <=> CH2X(27) + OX(20) -0.000 -0.000
16 2 CH2X(27) <=> CH3X(21) + CHX(28) -0.000 -0.000
17 CHX(28) + X(1) <=> CX(26) + HX(19) -0.000 -0.000
18 CX(26) + H2(6) <=> CH2X(27) -0.000 -0.000
19 CX(26) + HOX(22) <=> CHX(28) + OX(20) -0.000 -0.000
20 CH3X(21) + CX(26) <=> CH2X(27) + CHX(28) 0.000 -0.000
21 CH2X(27) + CX(26) <=> 2 CHX(28) -0.000 -0.000
22 CO(7) + X(1) <=> OCX(25) -0.000 -0.000
23 CX(26) + OX(20) <=> OCX(25) + X(1) -0.001 -0.001
24 CH4(2) + HOX(22) + X(1) <=> CH3X(21) + H2OX(23) -0.004 -0.004
25 H2O(5) + X(1) <=> H2OX(23) 0.000 0.000
26 H2OX(23) + OX(20) <=> 2 HOX(22) 0.004 0.004
27 HOX(22) + HX(19) <=> H2OX(23) + X(1) 0.000 0.000
28 H2(6) + X(1) <=> H2X(49) 0.000 0.000
29 CO(7) + X(1) <=> COX(50) 0.000 -0.000
30 CH2O(9) + 2 X(1) <=> CHOX(53) + HX(19) -0.000 -0.000
31 HCO(15) + X(1) <=> CHOX(53) 0.000 -0.000
32 CH3CHO(16) + 2 X(1) <=> CH3X(21) + CHOX(53) -0.000 -0.000
33 CHOX(53) + X(1) <=> HX(19) + OCX(25) -0.000 -0.000
34 CHOX(53) + OX(20) <=> HOX(22) + OCX(25) -0.000 -0.000
35 CH2X(27) + CHOX(53) <=> CH3X(21) + OCX(25) -0.000 -0.000
36 CHOX(53) + CHX(28) <=> CH2X(27) + OCX(25) -0.000 -0.000
37 CHOX(53) + CX(26) <=> CHX(28) + OCX(25) 0.000 0.000
38 HOCOX(206) + X(1) <=> HOX(22) + OCX(25) -0.000 -0.000
39 CO2(4) + X(1) <=> CO2X(24) 0.000 0.000
40 OCX(25) + OX(20) <=> CO2X(24) + X(1) -0.036 -0.047
41 CO2X(24) + HX(19) <=> HOX(22) + OCX(25) 0.000 0.000
Finished sensitivity simulation for a C/O ratio of 2.0
Finished translating for C/O ratio of 2.0
Starting sensitivity simulation for a C/O ratio of 0.7
0 CH4(2) + X(1) <=> CH4X(48) 0.000 0.000
1 O2(3) + 2 X(1) <=> 2 OX(20) 0.473 0.475
2 H2(6) + 2 X(1) <=> 2 HX(19) -0.001 -0.001
3 H(12) + X(1) <=> HX(19) 0.000 0.000
4 HX(19) + OX(20) <=> HOX(22) + X(1) 0.000 0.000
5 H2O(5) + 2 X(1) <=> HOX(22) + HX(19) -0.001 -0.001
6 OH(17) + X(1) <=> HOX(22) -0.004 -0.005
7 CH4(2) + 2 X(1) <=> CH3X(21) + HX(19) -0.001 -0.001
8 CH4(2) + OX(20) + X(1) <=> CH3X(21) + HOX(22) -0.111 -0.123
9 C2H6(8) + 2 X(1) <=> 2 CH3X(21) -0.001 -0.001
10 CH3(10) + X(1) <=> CH3X(21) 0.271 0.375
11 CH3OH(14) + 2 X(1) <=> CH3X(21) + HOX(22) 0.000 0.000
12 CH2X(27) + HX(19) <=> CH3X(21) + X(1) 0.000 0.000
13 CH2X(27) + HOX(22) <=> CH3X(21) + OX(20) 0.000 0.000
14 CHX(28) + HX(19) <=> CH2X(27) + X(1) 0.000 0.000
15 CHX(28) + HOX(22) <=> CH2X(27) + OX(20) 0.000 0.000
16 2 CH2X(27) <=> CH3X(21) + CHX(28) 0.000 0.000
17 CHX(28) + X(1) <=> CX(26) + HX(19) 0.000 0.000
18 CX(26) + H2(6) <=> CH2X(27) 0.000 0.000
19 CX(26) + HOX(22) <=> CHX(28) + OX(20) 0.000 0.000
20 CH3X(21) + CX(26) <=> CH2X(27) + CHX(28) 0.000 0.000
21 CH2X(27) + CX(26) <=> 2 CHX(28) -0.001 -0.001
22 CO(7) + X(1) <=> OCX(25) -0.000 0.000
23 CX(26) + OX(20) <=> OCX(25) + X(1) -0.003 -0.003
24 CH4(2) + HOX(22) + X(1) <=> CH3X(21) + H2OX(23) -0.002 -0.003
25 H2O(5) + X(1) <=> H2OX(23) 0.000 0.000
26 H2OX(23) + OX(20) <=> 2 HOX(22) 0.003 0.003
27 HOX(22) + HX(19) <=> H2OX(23) + X(1) 0.000 0.000
28 H2(6) + X(1) <=> H2X(49) 0.000 0.000
29 CO(7) + X(1) <=> COX(50) 0.000 0.000
30 CH2O(9) + 2 X(1) <=> CHOX(53) + HX(19) 0.000 0.000
31 HCO(15) + X(1) <=> CHOX(53) 0.000 0.000
32 CH3CHO(16) + 2 X(1) <=> CH3X(21) + CHOX(53) 0.000 0.000
33 CHOX(53) + X(1) <=> HX(19) + OCX(25) 0.000 0.000
34 CHOX(53) + OX(20) <=> HOX(22) + OCX(25) 0.000 0.000
35 CH2X(27) + CHOX(53) <=> CH3X(21) + OCX(25) -0.000 -0.000
36 CHOX(53) + CHX(28) <=> CH2X(27) + OCX(25) 0.000 0.000
37 CHOX(53) + CX(26) <=> CHX(28) + OCX(25) 0.000 0.000
38 HOCOX(206) + X(1) <=> HOX(22) + OCX(25) 0.000 0.000
39 CO2(4) + X(1) <=> CO2X(24) 0.000 0.000
40 OCX(25) + OX(20) <=> CO2X(24) + X(1) -0.019 -0.022
41 CO2X(24) + HX(19) <=> HOX(22) + OCX(25) 0.000 0.000
Finished sensitivity simulation for a C/O ratio of 0.7
Finished translating for C/O ratio of 0.7
Starting sensitivity simulation for a C/O ratio of 1.6
0 CH4(2) + X(1) <=> CH4X(48) 0.000 0.000
1 O2(3) + 2 X(1) <=> 2 OX(20) 1.305 1.503
2 H2(6) + 2 X(1) <=> 2 HX(19) -0.001 -0.001
3 H(12) + X(1) <=> HX(19) 0.000 0.000
4 HX(19) + OX(20) <=> HOX(22) + X(1) -0.000 -0.000
5 H2O(5) + 2 X(1) <=> HOX(22) + HX(19) 0.002 0.001
6 OH(17) + X(1) <=> HOX(22) -0.010 -0.011
7 CH4(2) + 2 X(1) <=> CH3X(21) + HX(19) -0.006 -0.006
8 CH4(2) + OX(20) + X(1) <=> CH3X(21) + HOX(22) 1.093 1.348
9 C2H6(8) + 2 X(1) <=> 2 CH3X(21) -0.003 -0.002
10 CH3(10) + X(1) <=> CH3X(21) -0.199 -0.154
11 CH3OH(14) + 2 X(1) <=> CH3X(21) + HOX(22) -0.001 -0.001
12 CH2X(27) + HX(19) <=> CH3X(21) + X(1) 0.000 0.000
13 CH2X(27) + HOX(22) <=> CH3X(21) + OX(20) 0.000 0.000
14 CHX(28) + HX(19) <=> CH2X(27) + X(1) -0.000 -0.000
15 CHX(28) + HOX(22) <=> CH2X(27) + OX(20) -0.000 -0.000
16 2 CH2X(27) <=> CH3X(21) + CHX(28) -0.000 -0.000
17 CHX(28) + X(1) <=> CX(26) + HX(19) 0.000 0.000
18 CX(26) + H2(6) <=> CH2X(27) 0.000 0.000
19 CX(26) + HOX(22) <=> CHX(28) + OX(20) -0.000 -0.000
20 CH3X(21) + CX(26) <=> CH2X(27) + CHX(28) 0.000 0.000
21 CH2X(27) + CX(26) <=> 2 CHX(28) -0.000 -0.000
22 CO(7) + X(1) <=> OCX(25) -0.002 -0.002
23 CX(26) + OX(20) <=> OCX(25) + X(1) -0.001 -0.001
24 CH4(2) + HOX(22) + X(1) <=> CH3X(21) + H2OX(23) -0.005 -0.006
25 H2O(5) + X(1) <=> H2OX(23) -0.000 -0.000
26 H2OX(23) + OX(20) <=> 2 HOX(22) 0.005 0.006
27 HOX(22) + HX(19) <=> H2OX(23) + X(1) 0.000 0.000
28 H2(6) + X(1) <=> H2X(49) 0.000 0.000
29 CO(7) + X(1) <=> COX(50) -0.000 -0.000
30 CH2O(9) + 2 X(1) <=> CHOX(53) + HX(19) 0.000 0.000
31 HCO(15) + X(1) <=> CHOX(53) -0.000 -0.000
32 CH3CHO(16) + 2 X(1) <=> CH3X(21) + CHOX(53) 0.000 0.000
33 CHOX(53) + X(1) <=> HX(19) + OCX(25) 0.000 0.000
34 CHOX(53) + OX(20) <=> HOX(22) + OCX(25) -0.000 -0.000
35 CH2X(27) + CHOX(53) <=> CH3X(21) + OCX(25) 0.000 0.000
36 CHOX(53) + CHX(28) <=> CH2X(27) + OCX(25) -0.000 -0.000
37 CHOX(53) + CX(26) <=> CHX(28) + OCX(25) -0.000 -0.000
38 HOCOX(206) + X(1) <=> HOX(22) + OCX(25) 0.000 0.000
39 CO2(4) + X(1) <=> CO2X(24) 0.000 0.000
40 OCX(25) + OX(20) <=> CO2X(24) + X(1) -0.066 -0.086
41 CO2X(24) + HX(19) <=> HOX(22) + OCX(25) 0.000 0.000
Finished sensitivity simulation for a C/O ratio of 1.6
Finished translating for C/O ratio of 1.6
Starting sensitivity simulation for a C/O ratio of 2.6
0 CH4(2) + X(1) <=> CH4X(48) 0.000 0.000
1 O2(3) + 2 X(1) <=> 2 OX(20) -0.204 -0.240
2 H2(6) + 2 X(1) <=> 2 HX(19) 0.000 0.000
3 H(12) + X(1) <=> HX(19) -0.000 -0.000
4 HX(19) + OX(20) <=> HOX(22) + X(1) 0.000 0.000
5 H2O(5) + 2 X(1) <=> HOX(22) + HX(19) 0.003 0.003
6 OH(17) + X(1) <=> HOX(22) -0.006 -0.005
7 CH4(2) + 2 X(1) <=> CH3X(21) + HX(19) -0.010 -0.009
8 CH4(2) + OX(20) + X(1) <=> CH3X(21) + HOX(22) -0.187 -0.195
9 C2H6(8) + 2 X(1) <=> 2 CH3X(21) -0.001 -0.001
10 CH3(10) + X(1) <=> CH3X(21) -0.041 -0.033
11 CH3OH(14) + 2 X(1) <=> CH3X(21) + HOX(22) 0.000 0.000
12 CH2X(27) + HX(19) <=> CH3X(21) + X(1) 0.000 0.000
13 CH2X(27) + HOX(22) <=> CH3X(21) + OX(20) 0.000 0.000
14 CHX(28) + HX(19) <=> CH2X(27) + X(1) 0.000 0.000
15 CHX(28) + HOX(22) <=> CH2X(27) + OX(20) 0.000 0.000
16 2 CH2X(27) <=> CH3X(21) + CHX(28) 0.000 0.000
17 CHX(28) + X(1) <=> CX(26) + HX(19) 0.000 0.000
18 CX(26) + H2(6) <=> CH2X(27) 0.000 0.000
19 CX(26) + HOX(22) <=> CHX(28) + OX(20) 0.000 0.000
20 CH3X(21) + CX(26) <=> CH2X(27) + CHX(28) 0.000 0.000
21 CH2X(27) + CX(26) <=> 2 CHX(28) 0.000 0.000
22 CO(7) + X(1) <=> OCX(25) -0.000 -0.000
23 CX(26) + OX(20) <=> OCX(25) + X(1) 0.000 0.000
24 CH4(2) + HOX(22) + X(1) <=> CH3X(21) + H2OX(23) -0.002 -0.002
25 H2O(5) + X(1) <=> H2OX(23) 0.000 0.000
26 H2OX(23) + OX(20) <=> 2 HOX(22) 0.002 0.002
27 HOX(22) + HX(19) <=> H2OX(23) + X(1) 0.000 0.000
28 H2(6) + X(1) <=> H2X(49) 0.000 0.000
29 CO(7) + X(1) <=> COX(50) 0.000 0.000
30 CH2O(9) + 2 X(1) <=> CHOX(53) + HX(19) 0.000 0.000
31 HCO(15) + X(1) <=> CHOX(53) 0.000 0.000
32 CH3CHO(16) + 2 X(1) <=> CH3X(21) + CHOX(53) 0.000 0.000
33 CHOX(53) + X(1) <=> HX(19) + OCX(25) 0.000 0.000
34 CHOX(53) + OX(20) <=> HOX(22) + OCX(25) 0.000 0.000
35 CH2X(27) + CHOX(53) <=> CH3X(21) + OCX(25) 0.000 0.000
36 CHOX(53) + CHX(28) <=> CH2X(27) + OCX(25) 0.000 0.000
37 CHOX(53) + CX(26) <=> CHX(28) + OCX(25) 0.000 0.000
38 HOCOX(206) + X(1) <=> HOX(22) + OCX(25) 0.000 0.000
39 CO2(4) + X(1) <=> CO2X(24) 0.000 0.000
40 OCX(25) + OX(20) <=> CO2X(24) + X(1) 0.005 0.001
41 CO2X(24) + HX(19) <=> HOX(22) + OCX(25) 0.000 0.000
Finished sensitivity simulation for a C/O ratio of 2.6
Finished translating for C/O ratio of 2.6
Starting sensitivity simulation for a C/O ratio of 2.2
0 CH4(2) + X(1) <=> CH4X(48) -0.000 -0.000
1 O2(3) + 2 X(1) <=> 2 OX(20) -0.107 -0.186
2 H2(6) + 2 X(1) <=> 2 HX(19) 0.000 0.000
3 H(12) + X(1) <=> HX(19) 0.000 0.000
4 HX(19) + OX(20) <=> HOX(22) + X(1) -0.000 -0.000
5 H2O(5) + 2 X(1) <=> HOX(22) + HX(19) 0.003 0.002
6 OH(17) + X(1) <=> HOX(22) -0.008 -0.007
7 CH4(2) + 2 X(1) <=> CH3X(21) + HX(19) -0.006 -0.005
8 CH4(2) + OX(20) + X(1) <=> CH3X(21) + HOX(22) 0.039 0.047
9 C2H6(8) + 2 X(1) <=> 2 CH3X(21) -0.001 -0.001
10 CH3(10) + X(1) <=> CH3X(21) -0.091 -0.073
11 CH3OH(14) + 2 X(1) <=> CH3X(21) + HOX(22) -0.000 -0.000
12 CH2X(27) + HX(19) <=> CH3X(21) + X(1) -0.000 -0.000
13 CH2X(27) + HOX(22) <=> CH3X(21) + OX(20) -0.000 -0.000
14 CHX(28) + HX(19) <=> CH2X(27) + X(1) -0.000 -0.000
15 CHX(28) + HOX(22) <=> CH2X(27) + OX(20) -0.000 -0.000
16 2 CH2X(27) <=> CH3X(21) + CHX(28) -0.000 -0.000
17 CHX(28) + X(1) <=> CX(26) + HX(19) 0.000 0.000
18 CX(26) + H2(6) <=> CH2X(27) 0.000 0.000
19 CX(26) + HOX(22) <=> CHX(28) + OX(20) -0.000 -0.000
20 CH3X(21) + CX(26) <=> CH2X(27) + CHX(28) 0.000 0.000
21 CH2X(27) + CX(26) <=> 2 CHX(28) 0.000 0.000
22 CO(7) + X(1) <=> OCX(25) -0.000 -0.000
23 CX(26) + OX(20) <=> OCX(25) + X(1) -0.001 -0.001
24 CH4(2) + HOX(22) + X(1) <=> CH3X(21) + H2OX(23) -0.003 -0.003
25 H2O(5) + X(1) <=> H2OX(23) 0.000 0.000
26 H2OX(23) + OX(20) <=> 2 HOX(22) 0.003 0.003
27 HOX(22) + HX(19) <=> H2OX(23) + X(1) 0.000 0.000
28 H2(6) + X(1) <=> H2X(49) -0.000 -0.000
29 CO(7) + X(1) <=> COX(50) -0.000 -0.000
30 CH2O(9) + 2 X(1) <=> CHOX(53) + HX(19) -0.000 -0.000
31 HCO(15) + X(1) <=> CHOX(53) 0.000 0.000
32 CH3CHO(16) + 2 X(1) <=> CH3X(21) + CHOX(53) -0.000 -0.000
33 CHOX(53) + X(1) <=> HX(19) + OCX(25) 0.000 0.000
34 CHOX(53) + OX(20) <=> HOX(22) + OCX(25) -0.000 -0.000
35 CH2X(27) + CHOX(53) <=> CH3X(21) + OCX(25) 0.000 0.000
36 CHOX(53) + CHX(28) <=> CH2X(27) + OCX(25) -0.000 -0.000
37 CHOX(53) + CX(26) <=> CHX(28) + OCX(25) -0.000 -0.000
38 HOCOX(206) + X(1) <=> HOX(22) + OCX(25) 0.000 0.000
39 CO2(4) + X(1) <=> CO2X(24) 0.000 0.000
40 OCX(25) + OX(20) <=> CO2X(24) + X(1) -0.021 -0.031
41 CO2X(24) + HX(19) <=> HOX(22) + OCX(25) 0.000 0.000
Finished sensitivity simulation for a C/O ratio of 2.2
Finished translating for C/O ratio of 2.2
Starting sensitivity simulation for a C/O ratio of 1.0
0 CH4(2) + X(1) <=> CH4X(48) -0.000 -0.000
1 O2(3) + 2 X(1) <=> 2 OX(20) 1.000 1.151
2 H2(6) + 2 X(1) <=> 2 HX(19) -0.002 -0.003
3 H(12) + X(1) <=> HX(19) 0.000 0.000
4 HX(19) + OX(20) <=> HOX(22) + X(1) -0.000 -0.000
5 H2O(5) + 2 X(1) <=> HOX(22) + HX(19) -0.000 0.000
6 OH(17) + X(1) <=> HOX(22) -0.007 -0.010
7 CH4(2) + 2 X(1) <=> CH3X(21) + HX(19) -0.002 -0.002
8 CH4(2) + OX(20) + X(1) <=> CH3X(21) + HOX(22) 0.883 1.128
9 C2H6(8) + 2 X(1) <=> 2 CH3X(21) -0.003 -0.002
10 CH3(10) + X(1) <=> CH3X(21) 0.973 1.436
11 CH3OH(14) + 2 X(1) <=> CH3X(21) + HOX(22) -0.000 -0.000
12 CH2X(27) + HX(19) <=> CH3X(21) + X(1) -0.000 -0.000
13 CH2X(27) + HOX(22) <=> CH3X(21) + OX(20) -0.000 -0.000
14 CHX(28) + HX(19) <=> CH2X(27) + X(1) -0.000 -0.000
15 CHX(28) + HOX(22) <=> CH2X(27) + OX(20) -0.000 -0.000
16 2 CH2X(27) <=> CH3X(21) + CHX(28) -0.000 -0.000
17 CHX(28) + X(1) <=> CX(26) + HX(19) 0.000 -0.000
18 CX(26) + H2(6) <=> CH2X(27) -0.001 -0.001
19 CX(26) + HOX(22) <=> CHX(28) + OX(20) -0.000 -0.000
20 CH3X(21) + CX(26) <=> CH2X(27) + CHX(28) -0.000 -0.000
21 CH2X(27) + CX(26) <=> 2 CHX(28) 0.000 -0.000
22 CO(7) + X(1) <=> OCX(25) -0.000 -0.000
23 CX(26) + OX(20) <=> OCX(25) + X(1) -0.002 -0.005
24 CH4(2) + HOX(22) + X(1) <=> CH3X(21) + H2OX(23) -0.004 -0.005
25 H2O(5) + X(1) <=> H2OX(23) 0.000 0.000
26 H2OX(23) + OX(20) <=> 2 HOX(22) 0.004 0.005
27 HOX(22) + HX(19) <=> H2OX(23) + X(1) -0.000 0.000
28 H2(6) + X(1) <=> H2X(49) -0.000 -0.000
29 CO(7) + X(1) <=> COX(50) 0.000 -0.000
30 CH2O(9) + 2 X(1) <=> CHOX(53) + HX(19) -0.000 -0.000
31 HCO(15) + X(1) <=> CHOX(53) 0.000 -0.000
32 CH3CHO(16) + 2 X(1) <=> CH3X(21) + CHOX(53) 0.000 -0.000
33 CHOX(53) + X(1) <=> HX(19) + OCX(25) -0.000 -0.000
34 CHOX(53) + OX(20) <=> HOX(22) + OCX(25) 0.000 -0.000
35 CH2X(27) + CHOX(53) <=> CH3X(21) + OCX(25) 0.000 -0.000
36 CHOX(53) + CHX(28) <=> CH2X(27) + OCX(25) 0.000 -0.000
37 CHOX(53) + CX(26) <=> CHX(28) + OCX(25) 0.000 -0.000
38 HOCOX(206) + X(1) <=> HOX(22) + OCX(25) 0.000 -0.000
39 CO2(4) + X(1) <=> CO2X(24) 0.000 0.000
40 OCX(25) + OX(20) <=> CO2X(24) + X(1) -0.044 -0.060
41 CO2X(24) + HX(19) <=> HOX(22) + OCX(25) 0.000 0.000
Finished sensitivity simulation for a C/O ratio of 1.0
Finished translating for C/O ratio of 1.0
Starting sensitivity simulation for a C/O ratio of 1.3
0 CH4(2) + X(1) <=> CH4X(48) -0.000 -0.000
1 O2(3) + 2 X(1) <=> 2 OX(20) -1.023 -1.439
2 H2(6) + 2 X(1) <=> 2 HX(19) -0.002 -0.002
3 H(12) + X(1) <=> HX(19) 0.000 0.000
4 HX(19) + OX(20) <=> HOX(22) + X(1) -0.000 -0.000
5 H2O(5) + 2 X(1) <=> HOX(22) + HX(19) -0.000 -0.000
6 OH(17) + X(1) <=> HOX(22) -0.011 -0.013
7 CH4(2) + 2 X(1) <=> CH3X(21) + HX(19) -0.003 -0.003
8 CH4(2) + OX(20) + X(1) <=> CH3X(21) + HOX(22) -1.458 -1.865
9 C2H6(8) + 2 X(1) <=> 2 CH3X(21) -0.003 -0.002
10 CH3(10) + X(1) <=> CH3X(21) -0.274 -0.215
11 CH3OH(14) + 2 X(1) <=> CH3X(21) + HOX(22) -0.000 -0.000
12 CH2X(27) + HX(19) <=> CH3X(21) + X(1) -0.000 -0.000
13 CH2X(27) + HOX(22) <=> CH3X(21) + OX(20) -0.002 -0.002
14 CHX(28) + HX(19) <=> CH2X(27) + X(1) -0.000 -0.000
15 CHX(28) + HOX(22) <=> CH2X(27) + OX(20) -0.000 -0.000
16 2 CH2X(27) <=> CH3X(21) + CHX(28) -0.000 -0.000
17 CHX(28) + X(1) <=> CX(26) + HX(19) -0.000 -0.000
18 CX(26) + H2(6) <=> CH2X(27) 0.000 0.000
19 CX(26) + HOX(22) <=> CHX(28) + OX(20) -0.000 -0.000
20 CH3X(21) + CX(26) <=> CH2X(27) + CHX(28) 0.000 0.000
21 CH2X(27) + CX(26) <=> 2 CHX(28) -0.000 -0.000
22 CO(7) + X(1) <=> OCX(25) -0.000 -0.000
23 CX(26) + OX(20) <=> OCX(25) + X(1) -0.001 -0.002
24 CH4(2) + HOX(22) + X(1) <=> CH3X(21) + H2OX(23) -0.006 -0.007
25 H2O(5) + X(1) <=> H2OX(23) -0.000 -0.000
26 H2OX(23) + OX(20) <=> 2 HOX(22) 0.006 0.007
27 HOX(22) + HX(19) <=> H2OX(23) + X(1) -0.000 -0.000
28 H2(6) + X(1) <=> H2X(49) -0.001 -0.001
29 CO(7) + X(1) <=> COX(50) 0.000 0.000
30 CH2O(9) + 2 X(1) <=> CHOX(53) + HX(19) -0.000 0.000
31 HCO(15) + X(1) <=> CHOX(53) -0.000 -0.000
32 CH3CHO(16) + 2 X(1) <=> CH3X(21) + CHOX(53) 0.000 0.000
33 CHOX(53) + X(1) <=> HX(19) + OCX(25) 0.000 0.000
34 CHOX(53) + OX(20) <=> HOX(22) + OCX(25) 0.000 0.000
35 CH2X(27) + CHOX(53) <=> CH3X(21) + OCX(25) 0.000 0.000
36 CHOX(53) + CHX(28) <=> CH2X(27) + OCX(25) -0.000 -0.000
37 CHOX(53) + CX(26) <=> CHX(28) + OCX(25) -0.000 -0.000
38 HOCOX(206) + X(1) <=> HOX(22) + OCX(25) 0.000 0.000
39 CO2(4) + X(1) <=> CO2X(24) 0.000 0.000
40 OCX(25) + OX(20) <=> CO2X(24) + X(1) -0.073 -0.098
41 CO2X(24) + HX(19) <=> HOX(22) + OCX(25) 0.000 0.000
Finished sensitivity simulation for a C/O ratio of 1.3
Finished translating for C/O ratio of 1.3
Starting sensitivity simulation for a C/O ratio of 1.4
0 CH4(2) + X(1) <=> CH4X(48) -0.000 -0.000
1 O2(3) + 2 X(1) <=> 2 OX(20) -1.600 -2.144
2 H2(6) + 2 X(1) <=> 2 HX(19) -0.001 -0.002
3 H(12) + X(1) <=> HX(19) 0.000 0.000
4 HX(19) + OX(20) <=> HOX(22) + X(1) -0.000 -0.000
5 H2O(5) + 2 X(1) <=> HOX(22) + HX(19) 0.001 0.001
6 OH(17) + X(1) <=> HOX(22) -0.011 -0.013
7 CH4(2) + 2 X(1) <=> CH3X(21) + HX(19) -0.004 -0.004
8 CH4(2) + OX(20) + X(1) <=> CH3X(21) + HOX(22) -0.453 -0.576
9 C2H6(8) + 2 X(1) <=> 2 CH3X(21) -0.003 -0.002
10 CH3(10) + X(1) <=> CH3X(21) -0.246 -0.195
11 CH3OH(14) + 2 X(1) <=> CH3X(21) + HOX(22) -0.000 -0.000
12 CH2X(27) + HX(19) <=> CH3X(21) + X(1) -0.000 -0.000
13 CH2X(27) + HOX(22) <=> CH3X(21) + OX(20) -0.000 -0.000
14 CHX(28) + HX(19) <=> CH2X(27) + X(1) -0.000 -0.000
15 CHX(28) + HOX(22) <=> CH2X(27) + OX(20) -0.000 -0.000
16 2 CH2X(27) <=> CH3X(21) + CHX(28) -0.000 -0.000
17 CHX(28) + X(1) <=> CX(26) + HX(19) -0.000 -0.000
18 CX(26) + H2(6) <=> CH2X(27) -0.000 -0.000
19 CX(26) + HOX(22) <=> CHX(28) + OX(20) -0.000 -0.000
20 CH3X(21) + CX(26) <=> CH2X(27) + CHX(28) -0.000 -0.000
21 CH2X(27) + CX(26) <=> 2 CHX(28) -0.000 -0.000
22 CO(7) + X(1) <=> OCX(25) -0.000 -0.000
23 CX(26) + OX(20) <=> OCX(25) + X(1) -1.927 -2.423
24 CH4(2) + HOX(22) + X(1) <=> CH3X(21) + H2OX(23) -0.006 -0.007
25 H2O(5) + X(1) <=> H2OX(23) 0.000 0.000
26 H2OX(23) + OX(20) <=> 2 HOX(22) 0.006 0.007
27 HOX(22) + HX(19) <=> H2OX(23) + X(1) -0.000 -0.000
28 H2(6) + X(1) <=> H2X(49) -0.000 -0.000
29 CO(7) + X(1) <=> COX(50) -0.000 -0.000
30 CH2O(9) + 2 X(1) <=> CHOX(53) + HX(19) -0.000 -0.000
31 HCO(15) + X(1) <=> CHOX(53) -0.000 -0.000
32 CH3CHO(16) + 2 X(1) <=> CH3X(21) + CHOX(53) -0.000 -0.000
33 CHOX(53) + X(1) <=> HX(19) + OCX(25) -0.000 -0.000
34 CHOX(53) + OX(20) <=> HOX(22) + OCX(25) -0.000 -0.000
35 CH2X(27) + CHOX(53) <=> CH3X(21) + OCX(25) -0.000 -0.000
36 CHOX(53) + CHX(28) <=> CH2X(27) + OCX(25) -0.000 -0.000
37 CHOX(53) + CX(26) <=> CHX(28) + OCX(25) -0.000 -0.000
38 HOCOX(206) + X(1) <=> HOX(22) + OCX(25) -0.000 -0.000
39 CO2(4) + X(1) <=> CO2X(24) 0.000 -0.000
40 OCX(25) + OX(20) <=> CO2X(24) + X(1) -0.074 -0.099
41 CO2X(24) + HX(19) <=> HOX(22) + OCX(25) 0.000 0.000
Finished sensitivity simulation for a C/O ratio of 1.4
Finished translating for C/O ratio of 1.4
Starting sensitivity simulation for a C/O ratio of 1.1
0 CH4(2) + X(1) <=> CH4X(48) -0.000 -0.000
1 O2(3) + 2 X(1) <=> 2 OX(20) 0.341 0.304
2 H2(6) + 2 X(1) <=> 2 HX(19) -0.002 -0.003
3 H(12) + X(1) <=> HX(19) 0.000 0.000
4 HX(19) + OX(20) <=> HOX(22) + X(1) -0.000 -0.000
5 H2O(5) + 2 X(1) <=> HOX(22) + HX(19) 0.000 0.001
6 OH(17) + X(1) <=> HOX(22) -0.008 -0.011
7 CH4(2) + 2 X(1) <=> CH3X(21) + HX(19) -0.002 -0.002
8 CH4(2) + OX(20) + X(1) <=> CH3X(21) + HOX(22) -0.425 -0.552
9 C2H6(8) + 2 X(1) <=> 2 CH3X(21) -0.003 -0.002
10 CH3(10) + X(1) <=> CH3X(21) -0.332 -0.250
11 CH3OH(14) + 2 X(1) <=> CH3X(21) + HOX(22) -0.000 -0.000
12 CH2X(27) + HX(19) <=> CH3X(21) + X(1) -0.000 -0.000
13 CH2X(27) + HOX(22) <=> CH3X(21) + OX(20) -0.000 -0.000
14 CHX(28) + HX(19) <=> CH2X(27) + X(1) -0.000 -0.000
15 CHX(28) + HOX(22) <=> CH2X(27) + OX(20) -0.000 -0.000
16 2 CH2X(27) <=> CH3X(21) + CHX(28) 0.000 -0.000
17 CHX(28) + X(1) <=> CX(26) + HX(19) 0.000 -0.000
18 CX(26) + H2(6) <=> CH2X(27) -0.003 -0.003
19 CX(26) + HOX(22) <=> CHX(28) + OX(20) -0.000 -0.000
20 CH3X(21) + CX(26) <=> CH2X(27) + CHX(28) -0.000 -0.000
21 CH2X(27) + CX(26) <=> 2 CHX(28) 0.036 0.045
22 CO(7) + X(1) <=> OCX(25) -0.000 -0.000
23 CX(26) + OX(20) <=> OCX(25) + X(1) -0.002 -0.003
24 CH4(2) + HOX(22) + X(1) <=> CH3X(21) + H2OX(23) -0.005 -0.006
25 H2O(5) + X(1) <=> H2OX(23) 0.000 0.000
26 H2OX(23) + OX(20) <=> 2 HOX(22) 0.039 0.049
27 HOX(22) + HX(19) <=> H2OX(23) + X(1) -0.000 0.000
28 H2(6) + X(1) <=> H2X(49) -0.000 -0.000
29 CO(7) + X(1) <=> COX(50) -0.000 -0.000
30 CH2O(9) + 2 X(1) <=> CHOX(53) + HX(19) -0.013 -0.015
31 HCO(15) + X(1) <=> CHOX(53) -0.000 -0.000
32 CH3CHO(16) + 2 X(1) <=> CH3X(21) + CHOX(53) -0.000 -0.000
33 CHOX(53) + X(1) <=> HX(19) + OCX(25) 0.000 0.000
34 CHOX(53) + OX(20) <=> HOX(22) + OCX(25) -0.000 -0.000
35 CH2X(27) + CHOX(53) <=> CH3X(21) + OCX(25) 0.000 -0.000
36 CHOX(53) + CHX(28) <=> CH2X(27) + OCX(25) -0.000 -0.000
37 CHOX(53) + CX(26) <=> CHX(28) + OCX(25) -0.001 -0.001
38 HOCOX(206) + X(1) <=> HOX(22) + OCX(25) -0.000 -0.000
39 CO2(4) + X(1) <=> CO2X(24) 0.000 0.000
40 OCX(25) + OX(20) <=> CO2X(24) + X(1) -0.054 -0.074
41 CO2X(24) + HX(19) <=> HOX(22) + OCX(25) 0.000 0.000
Finished sensitivity simulation for a C/O ratio of 1.1
Finished translating for C/O ratio of 1.1
Starting sensitivity simulation for a C/O ratio of 0.9
0 CH4(2) + X(1) <=> CH4X(48) 0.000 0.000
1 O2(3) + 2 X(1) <=> 2 OX(20) 0.508 0.517
2 H2(6) + 2 X(1) <=> 2 HX(19) -0.002 -0.002
3 H(12) + X(1) <=> HX(19) 0.000 0.000
4 HX(19) + OX(20) <=> HOX(22) + X(1) -0.000 -0.000
5 H2O(5) + 2 X(1) <=> HOX(22) + HX(19) -0.001 -0.000
6 OH(17) + X(1) <=> HOX(22) -0.006 -0.009
7 CH4(2) + 2 X(1) <=> CH3X(21) + HX(19) -0.002 -0.002
8 CH4(2) + OX(20) + X(1) <=> CH3X(21) + HOX(22) 0.335 0.413
9 C2H6(8) + 2 X(1) <=> 2 CH3X(21) -0.002 -0.002
10 CH3(10) + X(1) <=> CH3X(21) 0.771 1.147
11 CH3OH(14) + 2 X(1) <=> CH3X(21) + HOX(22) -0.000 -0.001
12 CH2X(27) + HX(19) <=> CH3X(21) + X(1) 0.000 0.000
13 CH2X(27) + HOX(22) <=> CH3X(21) + OX(20) -0.000 -0.000
14 CHX(28) + HX(19) <=> CH2X(27) + X(1) -0.002 -0.002
15 CHX(28) + HOX(22) <=> CH2X(27) + OX(20) 0.000 0.000
16 2 CH2X(27) <=> CH3X(21) + CHX(28) 0.000 0.000
17 CHX(28) + X(1) <=> CX(26) + HX(19) -0.000 -0.000
18 CX(26) + H2(6) <=> CH2X(27) 0.000 0.000
19 CX(26) + HOX(22) <=> CHX(28) + OX(20) 0.000 0.000
20 CH3X(21) + CX(26) <=> CH2X(27) + CHX(28) -0.000 -0.000
21 CH2X(27) + CX(26) <=> 2 CHX(28) 0.000 0.000
22 CO(7) + X(1) <=> OCX(25) -0.000 -0.000
23 CX(26) + OX(20) <=> OCX(25) + X(1) -0.004 -0.006
24 CH4(2) + HOX(22) + X(1) <=> CH3X(21) + H2OX(23) -0.004 -0.004
25 H2O(5) + X(1) <=> H2OX(23) 0.000 0.000
26 H2OX(23) + OX(20) <=> 2 HOX(22) 0.004 0.005
27 HOX(22) + HX(19) <=> H2OX(23) + X(1) 0.000 0.000
28 H2(6) + X(1) <=> H2X(49) 0.000 0.000
29 CO(7) + X(1) <=> COX(50) -0.000 -0.000
30 CH2O(9) + 2 X(1) <=> CHOX(53) + HX(19) 0.000 0.000
31 HCO(15) + X(1) <=> CHOX(53) 0.000 0.000
32 CH3CHO(16) + 2 X(1) <=> CH3X(21) + CHOX(53) -0.001 -0.002
33 CHOX(53) + X(1) <=> HX(19) + OCX(25) 0.000 0.000
34 CHOX(53) + OX(20) <=> HOX(22) + OCX(25) 0.000 0.000
35 CH2X(27) + CHOX(53) <=> CH3X(21) + OCX(25) 0.000 0.000
36 CHOX(53) + CHX(28) <=> CH2X(27) + OCX(25) -0.000 -0.000
37 CHOX(53) + CX(26) <=> CHX(28) + OCX(25) 0.000 0.000
38 HOCOX(206) + X(1) <=> HOX(22) + OCX(25) -0.001 -0.001
39 CO2(4) + X(1) <=> CO2X(24) 0.000 0.000
40 OCX(25) + OX(20) <=> CO2X(24) + X(1) -0.037 -0.049
41 CO2X(24) + HX(19) <=> HOX(22) + OCX(25) -0.000 -0.000
Finished sensitivity simulation for a C/O ratio of 0.9
Finished translating for C/O ratio of 0.9
Starting sensitivity simulation for a C/O ratio of 0.6
0 CH4(2) + X(1) <=> CH4X(48) 0.000 -0.000
1 O2(3) + 2 X(1) <=> 2 OX(20) 10.656 11.803
2 H2(6) + 2 X(1) <=> 2 HX(19) -0.002 -0.002
3 H(12) + X(1) <=> HX(19) 0.000 0.000
4 HX(19) + OX(20) <=> HOX(22) + X(1) -0.000 -0.000
5 H2O(5) + 2 X(1) <=> HOX(22) + HX(19) -0.003 -0.003
6 OH(17) + X(1) <=> HOX(22) -0.008 -0.010
7 CH4(2) + 2 X(1) <=> CH3X(21) + HX(19) -0.002 -0.002
8 CH4(2) + OX(20) + X(1) <=> CH3X(21) + HOX(22) -15.712 -17.171
9 C2H6(8) + 2 X(1) <=> 2 CH3X(21) -0.001 -0.001
10 CH3(10) + X(1) <=> CH3X(21) -0.510 -0.494
11 CH3OH(14) + 2 X(1) <=> CH3X(21) + HOX(22) -0.000 -0.000
12 CH2X(27) + HX(19) <=> CH3X(21) + X(1) -0.000 -0.000
13 CH2X(27) + HOX(22) <=> CH3X(21) + OX(20) -0.000 -0.000
14 CHX(28) + HX(19) <=> CH2X(27) + X(1) -0.000 -0.000
15 CHX(28) + HOX(22) <=> CH2X(27) + OX(20) -0.000 -0.000
16 2 CH2X(27) <=> CH3X(21) + CHX(28) 0.000 -0.000
17 CHX(28) + X(1) <=> CX(26) + HX(19) 0.000 0.000
18 CX(26) + H2(6) <=> CH2X(27) 0.000 0.000
19 CX(26) + HOX(22) <=> CHX(28) + OX(20) 0.000 0.000
20 CH3X(21) + CX(26) <=> CH2X(27) + CHX(28) -0.000 -0.000
21 CH2X(27) + CX(26) <=> 2 CHX(28) 0.000 -0.000
22 CO(7) + X(1) <=> OCX(25) -0.000 -0.000
23 CX(26) + OX(20) <=> OCX(25) + X(1) -0.001 -0.001
24 CH4(2) + HOX(22) + X(1) <=> CH3X(21) + H2OX(23) -0.004 -0.004
25 H2O(5) + X(1) <=> H2OX(23) 0.000 0.000
26 H2OX(23) + OX(20) <=> 2 HOX(22) 0.004 0.005
27 HOX(22) + HX(19) <=> H2OX(23) + X(1) -0.000 -0.000
28 H2(6) + X(1) <=> H2X(49) -0.000 -0.000
29 CO(7) + X(1) <=> COX(50) 0.000 0.000
30 CH2O(9) + 2 X(1) <=> CHOX(53) + HX(19) 0.000 0.000
31 HCO(15) + X(1) <=> CHOX(53) 0.000 0.000
32 CH3CHO(16) + 2 X(1) <=> CH3X(21) + CHOX(53) 0.000 -0.000
33 CHOX(53) + X(1) <=> HX(19) + OCX(25) -0.000 -0.000
34 CHOX(53) + OX(20) <=> HOX(22) + OCX(25) 0.000 0.000
35 CH2X(27) + CHOX(53) <=> CH3X(21) + OCX(25) 0.000 0.000
36 CHOX(53) + CHX(28) <=> CH2X(27) + OCX(25) 0.000 0.000
37 CHOX(53) + CX(26) <=> CHX(28) + OCX(25) 0.000 -0.000
38 HOCOX(206) + X(1) <=> HOX(22) + OCX(25) 0.000 0.000
39 CO2(4) + X(1) <=> CO2X(24) 0.000 0.000
40 OCX(25) + OX(20) <=> CO2X(24) + X(1) -0.031 -0.036
41 CO2X(24) + HX(19) <=> HOX(22) + OCX(25) 0.000 0.000
Finished sensitivity simulation for a C/O ratio of 0.6
Finished translating for C/O ratio of 0.6
