This mechanism contains 38 gas reactions and 45 surface reactions
Finished simulation at a C/O ratio of 1.1
Finished simulation at a C/O ratio of 2.0
Finished simulation at a C/O ratio of 0.8
Finished simulation at a C/O ratio of 2.6
Finished simulation at a C/O ratio of 0.6
Finished simulation at a C/O ratio of 2.4
Finished simulation at a C/O ratio of 2.2
Finished simulation at a C/O ratio of 1.8
Finished simulation at a C/O ratio of 1.2
Finished simulation at a C/O ratio of 1.6
Finished simulation at a C/O ratio of 0.7
Finished simulation at a C/O ratio of 0.9
Finished simulation at a C/O ratio of 1.3
Finished simulation at a C/O ratio of 1.4
Finished simulation at a C/O ratio of 1.0
Starting sensitivity simulation for a C/O ratio of 0.9
0 CH4(2) + X(1) <=> CH4X(48) 0.000 -0.000
1 O2(3) + 2 X(1) <=> 2 OX(20) -0.866 -1.049
2 H2(6) + 2 X(1) <=> 2 HX(19) 0.003 0.004
3 H(12) + X(1) <=> HX(19) -0.012 -0.017
4 HX(19) + OX(20) <=> HOX(22) + X(1) 0.685 0.926
5 H2O(5) + 2 X(1) <=> HOX(22) + HX(19) -0.226 -0.307
6 OH(17) + X(1) <=> HOX(22) 1.088 1.468
7 CH4(2) + 2 X(1) <=> CH3X(21) + HX(19) 0.110 0.149
8 CH4(2) + OX(20) + X(1) <=> CH3X(21) + HOX(22) 0.577 0.793
9 C2H6(8) + 2 X(1) <=> 2 CH3X(21) 0.015 0.019
10 CH3(10) + X(1) <=> CH3X(21) 0.903 1.084
11 CH3OH(14) + 2 X(1) <=> CH3X(21) + HOX(22) -1.102 -1.508
12 CH4(2) + HOX(22) + X(1) <=> CH3X(21) + H2OX(23) 0.674 0.912
13 H2O(5) + X(1) <=> H2OX(23) -0.000 -0.000
14 H2OX(23) + OX(20) <=> 2 HOX(22) -0.691 -0.946
15 HOX(22) + HX(19) <=> H2OX(23) + X(1) -0.001 -0.001
16 CH2X(27) + HX(19) <=> CH3X(21) + X(1) -1.022 -1.398
17 CH2X(27) + HOX(22) <=> CH3X(21) + OX(20) 0.000 0.000
18 CHX(28) + HX(19) <=> CH2X(27) + X(1) -0.000 -0.000
19 CHX(28) + HOX(22) <=> CH2X(27) + OX(20) -0.000 -0.000
20 2 CH2X(27) <=> CH3X(21) + CHX(28) -0.000 -0.000
21 CHX(28) + X(1) <=> CX(26) + HX(19) -0.000 -0.000
22 CX(26) + H2(6) <=> CH2X(27) 0.672 0.910
23 CX(26) + HOX(22) <=> CHX(28) + OX(20) 0.000 -0.000
24 CH3X(21) + CX(26) <=> CH2X(27) + CHX(28) 0.672 0.910
25 CH2X(27) + CX(26) <=> 2 CHX(28) -1.022 -1.398
26 CO(7) + X(1) <=> OCX(25) 0.672 0.910
27 CX(26) + OX(20) <=> OCX(25) + X(1) 0.003 0.007
28 H2(6) + X(1) <=> H2X(49) 0.000 -0.000
29 CO(7) + X(1) <=> COX(50) -1.022 -1.398
30 CH3OH(14) + X(1) <=> CH4OX(60) 0.672 0.910
31 CH2O(9) + 2 X(1) <=> CHOX(53) + HX(19) -1.022 -1.398
32 HCO(15) + X(1) <=> CHOX(53) 0.000 -0.000
33 CH3CHO(16) + 2 X(1) <=> CH3X(21) + CHOX(53) -1.104 -1.511
34 CHOX(53) + X(1) <=> HX(19) + OCX(25) 0.000 -0.000
35 CHOX(53) + OX(20) <=> HOX(22) + OCX(25) 0.000 -0.000
36 CH2X(27) + CHOX(53) <=> CH3X(21) + OCX(25) -1.104 -1.511
37 CHOX(53) + CHX(28) <=> CH2X(27) + OCX(25) 0.674 0.911
38 CHOX(53) + CX(26) <=> CHX(28) + OCX(25) 0.672 0.910
39 HOCOX(206) + X(1) <=> HOX(22) + OCX(25) -0.000 -0.000
40 C2H4(47) + X(1) <=> C2H4X(210) -0.000 -0.000
41 C2H4(18) + X(1) <=> C2H4X(65) -0.000 -0.000
42 CO2(4) + X(1) <=> CO2X(24) -1.022 -1.398
43 OCX(25) + OX(20) <=> CO2X(24) + X(1) -0.768 -1.046
44 CO2X(24) + HX(19) <=> HOX(22) + OCX(25) -0.457 -0.615
Finished sensitivity simulation for a C/O ratio of 0.9
Finished translating for C/O ratio of 0.9
Starting sensitivity simulation for a C/O ratio of 2.6
0 CH4(2) + X(1) <=> CH4X(48) -0.000 -0.000
1 O2(3) + 2 X(1) <=> 2 OX(20) 0.008 0.016
2 H2(6) + 2 X(1) <=> 2 HX(19) -0.000 0.000
3 H(12) + X(1) <=> HX(19) -0.001 -0.002
4 HX(19) + OX(20) <=> HOX(22) + X(1) 0.393 0.729
5 H2O(5) + 2 X(1) <=> HOX(22) + HX(19) 0.268 0.489
6 OH(17) + X(1) <=> HOX(22) 0.893 1.594
7 CH4(2) + 2 X(1) <=> CH3X(21) + HX(19) 0.741 1.364
8 CH4(2) + OX(20) + X(1) <=> CH3X(21) + HOX(22) 5.121 9.777
9 C2H6(8) + 2 X(1) <=> 2 CH3X(21) 0.382 0.707
10 CH3(10) + X(1) <=> CH3X(21) 0.054 0.076
11 CH3OH(14) + 2 X(1) <=> CH3X(21) + HOX(22) -0.000 0.001
12 CH4(2) + HOX(22) + X(1) <=> CH3X(21) + H2OX(23) 0.536 0.989
13 H2O(5) + X(1) <=> H2OX(23) 0.234 0.434
14 H2OX(23) + OX(20) <=> 2 HOX(22) -0.137 -0.274
15 HOX(22) + HX(19) <=> H2OX(23) + X(1) -0.000 -0.000
16 CH2X(27) + HX(19) <=> CH3X(21) + X(1) 0.377 0.697
17 CH2X(27) + HOX(22) <=> CH3X(21) + OX(20) 0.000 0.000
18 CHX(28) + HX(19) <=> CH2X(27) + X(1) 0.377 0.697
19 CHX(28) + HOX(22) <=> CH2X(27) + OX(20) 0.377 0.697
20 2 CH2X(27) <=> CH3X(21) + CHX(28) -0.000 -0.000
21 CHX(28) + X(1) <=> CX(26) + HX(19) -0.000 -0.000
22 CX(26) + H2(6) <=> CH2X(27) -0.000 -0.000
23 CX(26) + HOX(22) <=> CHX(28) + OX(20) -0.000 -0.000
24 CH3X(21) + CX(26) <=> CH2X(27) + CHX(28) -0.000 -0.000
25 CH2X(27) + CX(26) <=> 2 CHX(28) -0.000 -0.000
26 CO(7) + X(1) <=> OCX(25) 0.000 0.000
27 CX(26) + OX(20) <=> OCX(25) + X(1) 0.377 0.697
28 H2(6) + X(1) <=> H2X(49) -0.000 -0.000
29 CO(7) + X(1) <=> COX(50) -0.000 -0.000
30 CH3OH(14) + X(1) <=> CH4OX(60) -0.000 -0.000
31 CH2O(9) + 2 X(1) <=> CHOX(53) + HX(19) -0.000 -0.000
32 HCO(15) + X(1) <=> CHOX(53) -0.000 -0.000
33 CH3CHO(16) + 2 X(1) <=> CH3X(21) + CHOX(53) 0.377 0.697
34 CHOX(53) + X(1) <=> HX(19) + OCX(25) -0.000 -0.000
35 CHOX(53) + OX(20) <=> HOX(22) + OCX(25) -0.000 -0.000
36 CH2X(27) + CHOX(53) <=> CH3X(21) + OCX(25) -0.000 -0.000
37 CHOX(53) + CHX(28) <=> CH2X(27) + OCX(25) -0.000 -0.000
38 CHOX(53) + CX(26) <=> CHX(28) + OCX(25) -0.000 -0.000
39 HOCOX(206) + X(1) <=> HOX(22) + OCX(25) 0.377 0.697
40 C2H4(47) + X(1) <=> C2H4X(210) -0.000 -0.000
41 C2H4(18) + X(1) <=> C2H4X(65) -0.000 -0.000
42 CO2(4) + X(1) <=> CO2X(24) 0.377 0.697
43 OCX(25) + OX(20) <=> CO2X(24) + X(1) 0.381 0.736
44 CO2X(24) + HX(19) <=> HOX(22) + OCX(25) -0.155 -0.154
Finished sensitivity simulation for a C/O ratio of 2.6
Finished translating for C/O ratio of 2.6
Starting sensitivity simulation for a C/O ratio of 1.4
0 CH4(2) + X(1) <=> CH4X(48) -0.284 -0.365
1 O2(3) + 2 X(1) <=> 2 OX(20) -1.682 -2.141
2 H2(6) + 2 X(1) <=> 2 HX(19) -0.282 -0.362
3 H(12) + X(1) <=> HX(19) -0.292 -0.375
4 HX(19) + OX(20) <=> HOX(22) + X(1) 0.004 0.005
5 H2O(5) + 2 X(1) <=> HOX(22) + HX(19) -0.465 -0.597
6 OH(17) + X(1) <=> HOX(22) -1.636 -2.197
7 CH4(2) + 2 X(1) <=> CH3X(21) + HX(19) -0.736 -0.964
8 CH4(2) + OX(20) + X(1) <=> CH3X(21) + HOX(22) -0.900 -1.173
9 C2H6(8) + 2 X(1) <=> 2 CH3X(21) -0.271 -0.348
10 CH3(10) + X(1) <=> CH3X(21) -1.474 -2.040
11 CH3OH(14) + 2 X(1) <=> CH3X(21) + HOX(22) -0.284 -0.364
12 CH4(2) + HOX(22) + X(1) <=> CH3X(21) + H2OX(23) -1.015 -1.338
13 H2O(5) + X(1) <=> H2OX(23) -0.284 -0.365
14 H2OX(23) + OX(20) <=> 2 HOX(22) -0.715 -0.938
15 HOX(22) + HX(19) <=> H2OX(23) + X(1) -0.284 -0.363
16 CH2X(27) + HX(19) <=> CH3X(21) + X(1) -1.335 -1.772
17 CH2X(27) + HOX(22) <=> CH3X(21) + OX(20) -1.335 -1.772
18 CHX(28) + HX(19) <=> CH2X(27) + X(1) -0.284 -0.365
19 CHX(28) + HOX(22) <=> CH2X(27) + OX(20) -0.284 -0.365
20 2 CH2X(27) <=> CH3X(21) + CHX(28) -0.284 -0.365
21 CHX(28) + X(1) <=> CX(26) + HX(19) -1.335 -1.772
22 CX(26) + H2(6) <=> CH2X(27) -0.284 -0.365
23 CX(26) + HOX(22) <=> CHX(28) + OX(20) -0.284 -0.365
24 CH3X(21) + CX(26) <=> CH2X(27) + CHX(28) -0.284 -0.365
25 CH2X(27) + CX(26) <=> 2 CHX(28) -0.284 -0.365
26 CO(7) + X(1) <=> OCX(25) -0.285 -0.365
27 CX(26) + OX(20) <=> OCX(25) + X(1) -0.226 -0.285
28 H2(6) + X(1) <=> H2X(49) -1.335 -1.772
29 CO(7) + X(1) <=> COX(50) -0.284 -0.365
30 CH3OH(14) + X(1) <=> CH4OX(60) -1.335 -1.772
31 CH2O(9) + 2 X(1) <=> CHOX(53) + HX(19) 0.000 0.000
32 HCO(15) + X(1) <=> CHOX(53) -0.284 -0.365
33 CH3CHO(16) + 2 X(1) <=> CH3X(21) + CHOX(53) -0.284 -0.365
34 CHOX(53) + X(1) <=> HX(19) + OCX(25) -1.335 -1.772
35 CHOX(53) + OX(20) <=> HOX(22) + OCX(25) -0.284 -0.365
36 CH2X(27) + CHOX(53) <=> CH3X(21) + OCX(25) -1.335 -1.772
37 CHOX(53) + CHX(28) <=> CH2X(27) + OCX(25) -1.335 -1.772
38 CHOX(53) + CX(26) <=> CHX(28) + OCX(25) 0.002 0.001
39 HOCOX(206) + X(1) <=> HOX(22) + OCX(25) -1.335 -1.772
40 C2H4(47) + X(1) <=> C2H4X(210) -0.284 -0.365
41 C2H4(18) + X(1) <=> C2H4X(65) -0.284 -0.365
42 CO2(4) + X(1) <=> CO2X(24) -0.284 -0.365
43 OCX(25) + OX(20) <=> CO2X(24) + X(1) -0.272 -0.346
44 CO2X(24) + HX(19) <=> HOX(22) + OCX(25) -0.034 -0.034
Finished sensitivity simulation for a C/O ratio of 1.4
Finished translating for C/O ratio of 1.4
Starting sensitivity simulation for a C/O ratio of 1.3
0 CH4(2) + X(1) <=> CH4X(48) 0.391 0.536
1 O2(3) + 2 X(1) <=> 2 OX(20) 0.600 0.936
2 H2(6) + 2 X(1) <=> 2 HX(19) 0.002 0.003
3 H(12) + X(1) <=> HX(19) -0.009 -0.012
4 HX(19) + OX(20) <=> HOX(22) + X(1) 0.849 1.157
5 H2O(5) + 2 X(1) <=> HOX(22) + HX(19) 0.816 1.117
6 OH(17) + X(1) <=> HOX(22) 1.340 1.803
7 CH4(2) + 2 X(1) <=> CH3X(21) + HX(19) 0.106 0.143
8 CH4(2) + OX(20) + X(1) <=> CH3X(21) + HOX(22) 0.364 0.509
9 C2H6(8) + 2 X(1) <=> 2 CH3X(21) 0.469 0.641
10 CH3(10) + X(1) <=> CH3X(21) 0.639 0.784
11 CH3OH(14) + 2 X(1) <=> CH3X(21) + HOX(22) 0.392 0.538
12 CH4(2) + HOX(22) + X(1) <=> CH3X(21) + H2OX(23) 0.712 0.972
13 H2O(5) + X(1) <=> H2OX(23) -0.000 -0.000
14 H2OX(23) + OX(20) <=> 2 HOX(22) 1.474 1.983
15 HOX(22) + HX(19) <=> H2OX(23) + X(1) 0.449 0.616
16 CH2X(27) + HX(19) <=> CH3X(21) + X(1) 0.841 1.146
17 CH2X(27) + HOX(22) <=> CH3X(21) + OX(20) 0.000 0.000
18 CHX(28) + HX(19) <=> CH2X(27) + X(1) 0.450 0.617
19 CHX(28) + HOX(22) <=> CH2X(27) + OX(20) -0.000 -0.000
20 2 CH2X(27) <=> CH3X(21) + CHX(28) -0.000 0.000
21 CHX(28) + X(1) <=> CX(26) + HX(19) -0.000 -0.000
22 CX(26) + H2(6) <=> CH2X(27) 0.841 1.146
23 CX(26) + HOX(22) <=> CHX(28) + OX(20) 0.000 0.000
24 CH3X(21) + CX(26) <=> CH2X(27) + CHX(28) 0.000 0.000
25 CH2X(27) + CX(26) <=> 2 CHX(28) -0.000 0.000
26 CO(7) + X(1) <=> OCX(25) -0.000 -0.000
27 CX(26) + OX(20) <=> OCX(25) + X(1) 0.001 0.003
28 H2(6) + X(1) <=> H2X(49) 0.001 0.001
29 CO(7) + X(1) <=> COX(50) 0.450 0.617
30 CH3OH(14) + X(1) <=> CH4OX(60) 0.842 1.146
31 CH2O(9) + 2 X(1) <=> CHOX(53) + HX(19) 0.391 0.536
32 HCO(15) + X(1) <=> CHOX(53) 0.841 1.146
33 CH3CHO(16) + 2 X(1) <=> CH3X(21) + CHOX(53) -0.000 0.000
34 CHOX(53) + X(1) <=> HX(19) + OCX(25) 0.342 0.469
35 CHOX(53) + OX(20) <=> HOX(22) + OCX(25) -0.000 -0.000
36 CH2X(27) + CHOX(53) <=> CH3X(21) + OCX(25) 0.841 1.146
37 CHOX(53) + CHX(28) <=> CH2X(27) + OCX(25) -0.000 -0.000
38 CHOX(53) + CX(26) <=> CHX(28) + OCX(25) -0.000 0.000
39 HOCOX(206) + X(1) <=> HOX(22) + OCX(25) 0.842 1.146
40 C2H4(47) + X(1) <=> C2H4X(210) 0.450 0.617
41 C2H4(18) + X(1) <=> C2H4X(65) 0.000 -0.002
42 CO2(4) + X(1) <=> CO2X(24) 0.391 0.536
43 OCX(25) + OX(20) <=> CO2X(24) + X(1) 0.016 0.026
44 CO2X(24) + HX(19) <=> HOX(22) + OCX(25) 0.813 1.121
Finished sensitivity simulation for a C/O ratio of 1.3
Finished translating for C/O ratio of 1.3
Starting sensitivity simulation for a C/O ratio of 1.0
0 CH4(2) + X(1) <=> CH4X(48) 0.188 0.259
1 O2(3) + 2 X(1) <=> 2 OX(20) -0.323 -0.314
2 H2(6) + 2 X(1) <=> 2 HX(19) 0.192 0.263
3 H(12) + X(1) <=> HX(19) 0.174 0.239
4 HX(19) + OX(20) <=> HOX(22) + X(1) -0.376 -0.519
5 H2O(5) + 2 X(1) <=> HOX(22) + HX(19) -0.645 -0.889
6 OH(17) + X(1) <=> HOX(22) -0.434 -0.600
7 CH4(2) + 2 X(1) <=> CH3X(21) + HX(19) -0.306 -0.424
8 CH4(2) + OX(20) + X(1) <=> CH3X(21) + HOX(22) 1.353 1.852
9 C2H6(8) + 2 X(1) <=> 2 CH3X(21) 0.211 0.290
10 CH3(10) + X(1) <=> CH3X(21) 0.565 0.652
11 CH3OH(14) + 2 X(1) <=> CH3X(21) + HOX(22) -0.418 -0.577
12 CH4(2) + HOX(22) + X(1) <=> CH3X(21) + H2OX(23) 0.517 0.710
13 H2O(5) + X(1) <=> H2OX(23) -0.419 -0.579
14 H2OX(23) + OX(20) <=> 2 HOX(22) 1.454 1.972
15 HOX(22) + HX(19) <=> H2OX(23) + X(1) -0.419 -0.579
16 CH2X(27) + HX(19) <=> CH3X(21) + X(1) -0.418 -0.578
17 CH2X(27) + HOX(22) <=> CH3X(21) + OX(20) -0.419 -0.579
18 CHX(28) + HX(19) <=> CH2X(27) + X(1) -0.419 -0.579
19 CHX(28) + HOX(22) <=> CH2X(27) + OX(20) -0.419 -0.579
20 2 CH2X(27) <=> CH3X(21) + CHX(28) 0.188 0.259
21 CHX(28) + X(1) <=> CX(26) + HX(19) -0.419 -0.579
22 CX(26) + H2(6) <=> CH2X(27) -0.419 -0.579
23 CX(26) + HOX(22) <=> CHX(28) + OX(20) -0.419 -0.579
24 CH3X(21) + CX(26) <=> CH2X(27) + CHX(28) -0.419 -0.579
25 CH2X(27) + CX(26) <=> 2 CHX(28) -0.419 -0.579
26 CO(7) + X(1) <=> OCX(25) 0.187 0.257
27 CX(26) + OX(20) <=> OCX(25) + X(1) 0.191 0.265
28 H2(6) + X(1) <=> H2X(49) -0.419 -0.579
29 CO(7) + X(1) <=> COX(50) -0.419 -0.579
30 CH3OH(14) + X(1) <=> CH4OX(60) -0.419 -0.579
31 CH2O(9) + 2 X(1) <=> CHOX(53) + HX(19) -0.419 -0.579
32 HCO(15) + X(1) <=> CHOX(53) 0.188 0.259
33 CH3CHO(16) + 2 X(1) <=> CH3X(21) + CHOX(53) -0.419 -0.579
34 CHOX(53) + X(1) <=> HX(19) + OCX(25) -0.419 -0.579
35 CHOX(53) + OX(20) <=> HOX(22) + OCX(25) -0.419 -0.579
36 CH2X(27) + CHOX(53) <=> CH3X(21) + OCX(25) -0.419 -0.579
37 CHOX(53) + CHX(28) <=> CH2X(27) + OCX(25) 0.238 0.326
38 CHOX(53) + CX(26) <=> CHX(28) + OCX(25) -0.419 -0.579
39 HOCOX(206) + X(1) <=> HOX(22) + OCX(25) -0.419 -0.579
40 C2H4(47) + X(1) <=> C2H4X(210) 0.188 0.259
41 C2H4(18) + X(1) <=> C2H4X(65) 0.188 0.259
42 CO2(4) + X(1) <=> CO2X(24) -0.419 -0.579
43 OCX(25) + OX(20) <=> CO2X(24) + X(1) -0.391 -0.537
44 CO2X(24) + HX(19) <=> HOX(22) + OCX(25) -0.342 -0.463
Finished sensitivity simulation for a C/O ratio of 1.0
Finished translating for C/O ratio of 1.0
Starting sensitivity simulation for a C/O ratio of 2.2
0 CH4(2) + X(1) <=> CH4X(48) -0.353 -0.857
1 O2(3) + 2 X(1) <=> 2 OX(20) -0.332 -0.786
2 H2(6) + 2 X(1) <=> 2 HX(19) 0.000 0.001
3 H(12) + X(1) <=> HX(19) -0.356 -0.862
4 HX(19) + OX(20) <=> HOX(22) + X(1) 0.019 0.050
5 H2O(5) + 2 X(1) <=> HOX(22) + HX(19) -0.124 -0.305
6 OH(17) + X(1) <=> HOX(22) 1.120 2.622
7 CH4(2) + 2 X(1) <=> CH3X(21) + HX(19) 0.270 0.643
8 CH4(2) + OX(20) + X(1) <=> CH3X(21) + HOX(22) 3.767 8.694
9 C2H6(8) + 2 X(1) <=> 2 CH3X(21) 0.007 0.015
10 CH3(10) + X(1) <=> CH3X(21) 0.210 0.453
11 CH3OH(14) + 2 X(1) <=> CH3X(21) + HOX(22) -0.353 -0.856
12 CH4(2) + HOX(22) + X(1) <=> CH3X(21) + H2OX(23) -0.337 -0.820
13 H2O(5) + X(1) <=> H2OX(23) -0.353 -0.857
14 H2OX(23) + OX(20) <=> 2 HOX(22) -1.037 -2.538
15 HOX(22) + HX(19) <=> H2OX(23) + X(1) -0.353 -0.857
16 CH2X(27) + HX(19) <=> CH3X(21) + X(1) -0.353 -0.857
17 CH2X(27) + HOX(22) <=> CH3X(21) + OX(20) -0.353 -0.857
18 CHX(28) + HX(19) <=> CH2X(27) + X(1) -0.353 -0.857
19 CHX(28) + HOX(22) <=> CH2X(27) + OX(20) -0.353 -0.857
20 2 CH2X(27) <=> CH3X(21) + CHX(28) 0.000 0.000
21 CHX(28) + X(1) <=> CX(26) + HX(19) -0.353 -0.857
22 CX(26) + H2(6) <=> CH2X(27) -0.353 -0.857
23 CX(26) + HOX(22) <=> CHX(28) + OX(20) 0.000 0.000
24 CH3X(21) + CX(26) <=> CH2X(27) + CHX(28) -0.353 -0.857
25 CH2X(27) + CX(26) <=> 2 CHX(28) -0.353 -0.857
26 CO(7) + X(1) <=> OCX(25) -0.353 -0.857
27 CX(26) + OX(20) <=> OCX(25) + X(1) -0.353 -0.856
28 H2(6) + X(1) <=> H2X(49) 0.000 0.000
29 CO(7) + X(1) <=> COX(50) -0.353 -0.857
30 CH3OH(14) + X(1) <=> CH4OX(60) -0.353 -0.857
31 CH2O(9) + 2 X(1) <=> CHOX(53) + HX(19) 0.000 0.000
32 HCO(15) + X(1) <=> CHOX(53) -0.353 -0.857
33 CH3CHO(16) + 2 X(1) <=> CH3X(21) + CHOX(53) -0.353 -0.857
34 CHOX(53) + X(1) <=> HX(19) + OCX(25) -0.353 -0.857
35 CHOX(53) + OX(20) <=> HOX(22) + OCX(25) -0.353 -0.857
36 CH2X(27) + CHOX(53) <=> CH3X(21) + OCX(25) 0.000 0.000
37 CHOX(53) + CHX(28) <=> CH2X(27) + OCX(25) -0.353 -0.857
38 CHOX(53) + CX(26) <=> CHX(28) + OCX(25) -0.353 -0.857
39 HOCOX(206) + X(1) <=> HOX(22) + OCX(25) -0.353 -0.857
40 C2H4(47) + X(1) <=> C2H4X(210) -0.353 -0.857
41 C2H4(18) + X(1) <=> C2H4X(65) -0.353 -0.857
42 CO2(4) + X(1) <=> CO2X(24) -0.353 -0.857
43 OCX(25) + OX(20) <=> CO2X(24) + X(1) -0.368 -0.864
44 CO2X(24) + HX(19) <=> HOX(22) + OCX(25) 0.080 0.312
Finished sensitivity simulation for a C/O ratio of 2.2
Finished translating for C/O ratio of 2.2
Starting sensitivity simulation for a C/O ratio of 2.4
0 CH4(2) + X(1) <=> CH4X(48) -0.426 -0.931
1 O2(3) + 2 X(1) <=> 2 OX(20) -0.413 -0.900
2 H2(6) + 2 X(1) <=> 2 HX(19) -0.038 -0.082
3 H(12) + X(1) <=> HX(19) -0.040 -0.088
4 HX(19) + OX(20) <=> HOX(22) + X(1) 0.001 0.005
5 H2O(5) + 2 X(1) <=> HOX(22) + HX(19) -0.114 -0.258
6 OH(17) + X(1) <=> HOX(22) 1.087 2.343
7 CH4(2) + 2 X(1) <=> CH3X(21) + HX(19) 0.204 0.438
8 CH4(2) + OX(20) + X(1) <=> CH3X(21) + HOX(22) 4.297 9.804
9 C2H6(8) + 2 X(1) <=> 2 CH3X(21) -0.423 -0.925
10 CH3(10) + X(1) <=> CH3X(21) -0.334 -0.765
11 CH3OH(14) + 2 X(1) <=> CH3X(21) + HOX(22) 0.000 0.000
12 CH4(2) + HOX(22) + X(1) <=> CH3X(21) + H2OX(23) -0.410 -0.900
13 H2O(5) + X(1) <=> H2OX(23) -0.426 -0.931
14 H2OX(23) + OX(20) <=> 2 HOX(22) -0.507 -1.127
15 HOX(22) + HX(19) <=> H2OX(23) + X(1) -0.038 -0.083
16 CH2X(27) + HX(19) <=> CH3X(21) + X(1) -0.038 -0.083
17 CH2X(27) + HOX(22) <=> CH3X(21) + OX(20) -0.426 -0.931
18 CHX(28) + HX(19) <=> CH2X(27) + X(1) -0.426 -0.931
19 CHX(28) + HOX(22) <=> CH2X(27) + OX(20) -0.426 -0.931
20 2 CH2X(27) <=> CH3X(21) + CHX(28) -0.000 -0.000
21 CHX(28) + X(1) <=> CX(26) + HX(19) -0.426 -0.931
22 CX(26) + H2(6) <=> CH2X(27) -0.038 -0.083
23 CX(26) + HOX(22) <=> CHX(28) + OX(20) -0.426 -0.931
24 CH3X(21) + CX(26) <=> CH2X(27) + CHX(28) -0.426 -0.931
25 CH2X(27) + CX(26) <=> 2 CHX(28) -0.426 -0.931
26 CO(7) + X(1) <=> OCX(25) -0.426 -0.931
27 CX(26) + OX(20) <=> OCX(25) + X(1) 0.000 0.000
28 H2(6) + X(1) <=> H2X(49) -0.038 -0.083
29 CO(7) + X(1) <=> COX(50) -0.426 -0.931
30 CH3OH(14) + X(1) <=> CH4OX(60) -0.016 -0.035
31 CH2O(9) + 2 X(1) <=> CHOX(53) + HX(19) -0.426 -0.931
32 HCO(15) + X(1) <=> CHOX(53) -0.000 -0.000
33 CH3CHO(16) + 2 X(1) <=> CH3X(21) + CHOX(53) -0.426 -0.931
34 CHOX(53) + X(1) <=> HX(19) + OCX(25) -0.016 -0.035
35 CHOX(53) + OX(20) <=> HOX(22) + OCX(25) -0.426 -0.931
36 CH2X(27) + CHOX(53) <=> CH3X(21) + OCX(25) -0.426 -0.931
37 CHOX(53) + CHX(28) <=> CH2X(27) + OCX(25) -0.426 -0.931
38 CHOX(53) + CX(26) <=> CHX(28) + OCX(25) -0.038 -0.083
39 HOCOX(206) + X(1) <=> HOX(22) + OCX(25) -0.000 -0.000
40 C2H4(47) + X(1) <=> C2H4X(210) -0.426 -0.931
41 C2H4(18) + X(1) <=> C2H4X(65) -0.073 -0.159
42 CO2(4) + X(1) <=> CO2X(24) -0.426 -0.931
43 OCX(25) + OX(20) <=> CO2X(24) + X(1) -0.450 -0.952
44 CO2X(24) + HX(19) <=> HOX(22) + OCX(25) 0.002 0.141
Finished sensitivity simulation for a C/O ratio of 2.4
Finished translating for C/O ratio of 2.4
Starting sensitivity simulation for a C/O ratio of 0.6
0 CH4(2) + X(1) <=> CH4X(48) 0.427 0.673
1 O2(3) + 2 X(1) <=> 2 OX(20) 0.000 0.001
2 H2(6) + 2 X(1) <=> 2 HX(19) 0.427 0.673
3 H(12) + X(1) <=> HX(19) -0.001 -0.001
4 HX(19) + OX(20) <=> HOX(22) + X(1) 0.435 0.686
5 H2O(5) + 2 X(1) <=> HOX(22) + HX(19) -0.009 -0.015
6 OH(17) + X(1) <=> HOX(22) 1.433 2.197
7 CH4(2) + 2 X(1) <=> CH3X(21) + HX(19) 0.022 0.028
8 CH4(2) + OX(20) + X(1) <=> CH3X(21) + HOX(22) 9.575 15.705
9 C2H6(8) + 2 X(1) <=> 2 CH3X(21) 0.433 0.682
10 CH3(10) + X(1) <=> CH3X(21) 0.059 0.067
11 CH3OH(14) + 2 X(1) <=> CH3X(21) + HOX(22) 0.427 0.674
12 CH4(2) + HOX(22) + X(1) <=> CH3X(21) + H2OX(23) 0.008 0.010
13 H2O(5) + X(1) <=> H2OX(23) 0.427 0.673
14 H2OX(23) + OX(20) <=> 2 HOX(22) -0.351 -0.561
15 HOX(22) + HX(19) <=> H2OX(23) + X(1) -0.000 -0.000
16 CH2X(27) + HX(19) <=> CH3X(21) + X(1) 0.427 0.673
17 CH2X(27) + HOX(22) <=> CH3X(21) + OX(20) 0.427 0.673
18 CHX(28) + HX(19) <=> CH2X(27) + X(1) -0.000 -0.000
19 CHX(28) + HOX(22) <=> CH2X(27) + OX(20) 0.427 0.673
20 2 CH2X(27) <=> CH3X(21) + CHX(28) 0.427 0.673
21 CHX(28) + X(1) <=> CX(26) + HX(19) 0.427 0.673
22 CX(26) + H2(6) <=> CH2X(27) -0.000 -0.000
23 CX(26) + HOX(22) <=> CHX(28) + OX(20) -0.000 -0.000
24 CH3X(21) + CX(26) <=> CH2X(27) + CHX(28) -0.000 -0.000
25 CH2X(27) + CX(26) <=> 2 CHX(28) 0.427 0.673
26 CO(7) + X(1) <=> OCX(25) 0.000 0.001
27 CX(26) + OX(20) <=> OCX(25) + X(1) 0.427 0.673
28 H2(6) + X(1) <=> H2X(49) 0.427 0.673
29 CO(7) + X(1) <=> COX(50) -0.000 -0.000
30 CH3OH(14) + X(1) <=> CH4OX(60) 0.427 0.673
31 CH2O(9) + 2 X(1) <=> CHOX(53) + HX(19) -0.000 -0.000
32 HCO(15) + X(1) <=> CHOX(53) -0.000 -0.000
33 CH3CHO(16) + 2 X(1) <=> CH3X(21) + CHOX(53) 0.427 0.673
34 CHOX(53) + X(1) <=> HX(19) + OCX(25) 0.427 0.673
35 CHOX(53) + OX(20) <=> HOX(22) + OCX(25) -0.000 -0.000
36 CH2X(27) + CHOX(53) <=> CH3X(21) + OCX(25) -0.000 -0.000
37 CHOX(53) + CHX(28) <=> CH2X(27) + OCX(25) 0.427 0.673
38 CHOX(53) + CX(26) <=> CHX(28) + OCX(25) 0.427 0.673
39 HOCOX(206) + X(1) <=> HOX(22) + OCX(25) 0.427 0.673
40 C2H4(47) + X(1) <=> C2H4X(210) 0.427 0.673
41 C2H4(18) + X(1) <=> C2H4X(65) 0.427 0.673
42 CO2(4) + X(1) <=> CO2X(24) 0.427 0.673
43 OCX(25) + OX(20) <=> CO2X(24) + X(1) 0.425 0.730
44 CO2X(24) + HX(19) <=> HOX(22) + OCX(25) -0.189 -0.197
Finished sensitivity simulation for a C/O ratio of 0.6
Finished translating for C/O ratio of 0.6
Starting sensitivity simulation for a C/O ratio of 1.8
0 CH4(2) + X(1) <=> CH4X(48) -0.001 -0.001
1 O2(3) + 2 X(1) <=> 2 OX(20) 0.067 0.163
2 H2(6) + 2 X(1) <=> 2 HX(19) 0.258 0.337
3 H(12) + X(1) <=> HX(19) -0.006 -0.007
4 HX(19) + OX(20) <=> HOX(22) + X(1) 0.020 0.028
5 H2O(5) + 2 X(1) <=> HOX(22) + HX(19) -0.131 -0.164
6 OH(17) + X(1) <=> HOX(22) -0.284 -0.392
7 CH4(2) + 2 X(1) <=> CH3X(21) + HX(19) -0.290 -0.380
8 CH4(2) + OX(20) + X(1) <=> CH3X(21) + HOX(22) 0.192 0.263
9 C2H6(8) + 2 X(1) <=> 2 CH3X(21) 0.005 0.007
10 CH3(10) + X(1) <=> CH3X(21) -0.283 -0.409
11 CH3OH(14) + 2 X(1) <=> CH3X(21) + HOX(22) -0.001 -0.000
12 CH4(2) + HOX(22) + X(1) <=> CH3X(21) + H2OX(23) 0.022 0.029
13 H2O(5) + X(1) <=> H2OX(23) 0.257 0.336
14 H2OX(23) + OX(20) <=> 2 HOX(22) 0.445 0.574
15 HOX(22) + HX(19) <=> H2OX(23) + X(1) -0.001 -0.001
16 CH2X(27) + HX(19) <=> CH3X(21) + X(1) -0.001 -0.001
17 CH2X(27) + HOX(22) <=> CH3X(21) + OX(20) 0.313 0.407
18 CHX(28) + HX(19) <=> CH2X(27) + X(1) -0.001 -0.001
19 CHX(28) + HOX(22) <=> CH2X(27) + OX(20) -0.001 -0.001
20 2 CH2X(27) <=> CH3X(21) + CHX(28) 0.257 0.336
21 CHX(28) + X(1) <=> CX(26) + HX(19) -0.001 -0.001
22 CX(26) + H2(6) <=> CH2X(27) -0.001 -0.001
23 CX(26) + HOX(22) <=> CHX(28) + OX(20) -0.001 -0.001
24 CH3X(21) + CX(26) <=> CH2X(27) + CHX(28) 0.257 0.336
25 CH2X(27) + CX(26) <=> 2 CHX(28) -0.001 -0.001
26 CO(7) + X(1) <=> OCX(25) 0.257 0.333
27 CX(26) + OX(20) <=> OCX(25) + X(1) -0.001 0.001
28 H2(6) + X(1) <=> H2X(49) 0.257 0.336
29 CO(7) + X(1) <=> COX(50) 0.257 0.336
30 CH3OH(14) + X(1) <=> CH4OX(60) -0.001 -0.001
31 CH2O(9) + 2 X(1) <=> CHOX(53) + HX(19) -0.001 -0.001
32 HCO(15) + X(1) <=> CHOX(53) 0.313 0.407
33 CH3CHO(16) + 2 X(1) <=> CH3X(21) + CHOX(53) 0.257 0.336
34 CHOX(53) + X(1) <=> HX(19) + OCX(25) -0.001 -0.001
35 CHOX(53) + OX(20) <=> HOX(22) + OCX(25) -0.001 -0.001
36 CH2X(27) + CHOX(53) <=> CH3X(21) + OCX(25) -0.001 -0.001
37 CHOX(53) + CHX(28) <=> CH2X(27) + OCX(25) -0.001 -0.001
38 CHOX(53) + CX(26) <=> CHX(28) + OCX(25) -0.001 -0.001
39 HOCOX(206) + X(1) <=> HOX(22) + OCX(25) 0.314 0.408
40 C2H4(47) + X(1) <=> C2H4X(210) 0.257 0.336
41 C2H4(18) + X(1) <=> C2H4X(65) 0.256 0.333
42 CO2(4) + X(1) <=> CO2X(24) 0.313 0.407
43 OCX(25) + OX(20) <=> CO2X(24) + X(1) -0.001 0.003
44 CO2X(24) + HX(19) <=> HOX(22) + OCX(25) 0.003 0.021
Finished sensitivity simulation for a C/O ratio of 1.8
Finished translating for C/O ratio of 1.8
Starting sensitivity simulation for a C/O ratio of 0.7
0 CH4(2) + X(1) <=> CH4X(48) -0.905 -2.082
1 O2(3) + 2 X(1) <=> 2 OX(20) 0.021 0.049
2 H2(6) + 2 X(1) <=> 2 HX(19) -0.905 -2.081
3 H(12) + X(1) <=> HX(19) -0.908 -2.088
4 HX(19) + OX(20) <=> HOX(22) + X(1) -0.899 -2.067
5 H2O(5) + 2 X(1) <=> HOX(22) + HX(19) -0.092 -0.219
6 OH(17) + X(1) <=> HOX(22) 1.787 4.180
7 CH4(2) + 2 X(1) <=> CH3X(21) + HX(19) 0.126 0.287
8 CH4(2) + OX(20) + X(1) <=> CH3X(21) + HOX(22) 8.499 22.111
9 C2H6(8) + 2 X(1) <=> 2 CH3X(21) -0.901 -2.073
10 CH3(10) + X(1) <=> CH3X(21) 0.307 0.654
11 CH3OH(14) + 2 X(1) <=> CH3X(21) + HOX(22) -0.905 -2.081
12 CH4(2) + HOX(22) + X(1) <=> CH3X(21) + H2OX(23) 0.102 0.235
13 H2O(5) + X(1) <=> H2OX(23) -0.000 -0.000
14 H2OX(23) + OX(20) <=> 2 HOX(22) -1.101 -2.542
15 HOX(22) + HX(19) <=> H2OX(23) + X(1) -0.000 -0.000
16 CH2X(27) + HX(19) <=> CH3X(21) + X(1) 0.000 0.000
17 CH2X(27) + HOX(22) <=> CH3X(21) + OX(20) -0.905 -2.082
18 CHX(28) + HX(19) <=> CH2X(27) + X(1) -0.000 -0.000
19 CHX(28) + HOX(22) <=> CH2X(27) + OX(20) 0.000 0.000
20 2 CH2X(27) <=> CH3X(21) + CHX(28) -0.905 -2.082
21 CHX(28) + X(1) <=> CX(26) + HX(19) 0.000 0.000
22 CX(26) + H2(6) <=> CH2X(27) -0.905 -2.082
23 CX(26) + HOX(22) <=> CHX(28) + OX(20) 0.000 0.000
24 CH3X(21) + CX(26) <=> CH2X(27) + CHX(28) -0.905 -2.082
25 CH2X(27) + CX(26) <=> 2 CHX(28) 0.000 0.000
26 CO(7) + X(1) <=> OCX(25) -0.000 -0.001
27 CX(26) + OX(20) <=> OCX(25) + X(1) -0.905 -2.082
28 H2(6) + X(1) <=> H2X(49) 0.000 0.000
29 CO(7) + X(1) <=> COX(50) -0.905 -2.082
30 CH3OH(14) + X(1) <=> CH4OX(60) -0.905 -2.082
31 CH2O(9) + 2 X(1) <=> CHOX(53) + HX(19) -0.905 -2.082
32 HCO(15) + X(1) <=> CHOX(53) 0.000 0.000
33 CH3CHO(16) + 2 X(1) <=> CH3X(21) + CHOX(53) -0.905 -2.082
34 CHOX(53) + X(1) <=> HX(19) + OCX(25) -0.905 -2.082
35 CHOX(53) + OX(20) <=> HOX(22) + OCX(25) 0.000 0.000
36 CH2X(27) + CHOX(53) <=> CH3X(21) + OCX(25) -0.905 -2.082
37 CHOX(53) + CHX(28) <=> CH2X(27) + OCX(25) -0.000 -0.000
38 CHOX(53) + CX(26) <=> CHX(28) + OCX(25) 0.000 0.000
39 HOCOX(206) + X(1) <=> HOX(22) + OCX(25) -0.905 -2.082
40 C2H4(47) + X(1) <=> C2H4X(210) -0.905 -2.082
41 C2H4(18) + X(1) <=> C2H4X(65) 0.000 0.000
42 CO2(4) + X(1) <=> CO2X(24) -0.905 -2.082
43 OCX(25) + OX(20) <=> CO2X(24) + X(1) 0.054 0.189
44 CO2X(24) + HX(19) <=> HOX(22) + OCX(25) 0.020 0.168
Finished sensitivity simulation for a C/O ratio of 0.7
Finished translating for C/O ratio of 0.7
Starting sensitivity simulation for a C/O ratio of 2.0
0 CH4(2) + X(1) <=> CH4X(48) -0.000 -0.000
1 O2(3) + 2 X(1) <=> 2 OX(20) 0.379 0.566
2 H2(6) + 2 X(1) <=> 2 HX(19) 0.598 0.776
3 H(12) + X(1) <=> HX(19) -0.003 -0.004
4 HX(19) + OX(20) <=> HOX(22) + X(1) 0.623 0.809
5 H2O(5) + 2 X(1) <=> HOX(22) + HX(19) 0.434 0.573
6 OH(17) + X(1) <=> HOX(22) 1.159 1.486
7 CH4(2) + 2 X(1) <=> CH3X(21) + HX(19) 0.838 1.102
8 CH4(2) + OX(20) + X(1) <=> CH3X(21) + HOX(22) 1.625 2.058
9 C2H6(8) + 2 X(1) <=> 2 CH3X(21) 0.605 0.785
10 CH3(10) + X(1) <=> CH3X(21) 0.203 0.240
11 CH3OH(14) + 2 X(1) <=> CH3X(21) + HOX(22) 0.597 0.776
12 CH4(2) + HOX(22) + X(1) <=> CH3X(21) + H2OX(23) 0.767 0.993
13 H2O(5) + X(1) <=> H2OX(23) -0.000 -0.000
14 H2OX(23) + OX(20) <=> 2 HOX(22) -0.055 -0.072
15 HOX(22) + HX(19) <=> H2OX(23) + X(1) -0.000 -0.000
16 CH2X(27) + HX(19) <=> CH3X(21) + X(1) 0.597 0.776
17 CH2X(27) + HOX(22) <=> CH3X(21) + OX(20) 0.597 0.776
18 CHX(28) + HX(19) <=> CH2X(27) + X(1) -0.000 -0.000
19 CHX(28) + HOX(22) <=> CH2X(27) + OX(20) 0.000 0.000
20 2 CH2X(27) <=> CH3X(21) + CHX(28) 0.597 0.776
21 CHX(28) + X(1) <=> CX(26) + HX(19) 0.597 0.776
22 CX(26) + H2(6) <=> CH2X(27) -0.000 -0.000
23 CX(26) + HOX(22) <=> CHX(28) + OX(20) -0.000 -0.000
24 CH3X(21) + CX(26) <=> CH2X(27) + CHX(28) -0.000 -0.000
25 CH2X(27) + CX(26) <=> 2 CHX(28) 0.597 0.776
26 CO(7) + X(1) <=> OCX(25) 0.597 0.775
27 CX(26) + OX(20) <=> OCX(25) + X(1) 0.000 0.001
28 H2(6) + X(1) <=> H2X(49) -0.000 -0.000
29 CO(7) + X(1) <=> COX(50) 0.597 0.776
30 CH3OH(14) + X(1) <=> CH4OX(60) 0.597 0.776
31 CH2O(9) + 2 X(1) <=> CHOX(53) + HX(19) 0.597 0.776
32 HCO(15) + X(1) <=> CHOX(53) 0.597 0.776
33 CH3CHO(16) + 2 X(1) <=> CH3X(21) + CHOX(53) 0.597 0.776
34 CHOX(53) + X(1) <=> HX(19) + OCX(25) 0.597 0.776
35 CHOX(53) + OX(20) <=> HOX(22) + OCX(25) 0.597 0.776
36 CH2X(27) + CHOX(53) <=> CH3X(21) + OCX(25) -0.000 -0.000
37 CHOX(53) + CHX(28) <=> CH2X(27) + OCX(25) 0.597 0.776
38 CHOX(53) + CX(26) <=> CHX(28) + OCX(25) 0.597 0.776
39 HOCOX(206) + X(1) <=> HOX(22) + OCX(25) -0.000 -0.000
40 C2H4(47) + X(1) <=> C2H4X(210) -0.000 -0.000
41 C2H4(18) + X(1) <=> C2H4X(65) -0.000 -0.000
42 CO2(4) + X(1) <=> CO2X(24) 0.597 0.776
43 OCX(25) + OX(20) <=> CO2X(24) + X(1) -0.005 -0.002
44 CO2X(24) + HX(19) <=> HOX(22) + OCX(25) 0.737 0.984
Finished sensitivity simulation for a C/O ratio of 2.0
Finished translating for C/O ratio of 2.0
Starting sensitivity simulation for a C/O ratio of 1.6
0 CH4(2) + X(1) <=> CH4X(48) -0.578 -0.764
1 O2(3) + 2 X(1) <=> 2 OX(20) 0.078 0.193
2 H2(6) + 2 X(1) <=> 2 HX(19) -0.576 -0.762
3 H(12) + X(1) <=> HX(19) -0.887 -1.181
4 HX(19) + OX(20) <=> HOX(22) + X(1) -0.603 -0.797
5 H2O(5) + 2 X(1) <=> HOX(22) + HX(19) -0.156 -0.198
6 OH(17) + X(1) <=> HOX(22) -0.408 -0.555
7 CH4(2) + 2 X(1) <=> CH3X(21) + HX(19) 0.085 0.109
8 CH4(2) + OX(20) + X(1) <=> CH3X(21) + HOX(22) 0.252 0.338
9 C2H6(8) + 2 X(1) <=> 2 CH3X(21) 0.009 0.011
10 CH3(10) + X(1) <=> CH3X(21) 0.418 0.481
11 CH3OH(14) + 2 X(1) <=> CH3X(21) + HOX(22) -0.577 -0.763
12 CH4(2) + HOX(22) + X(1) <=> CH3X(21) + H2OX(23) 0.028 0.037
13 H2O(5) + X(1) <=> H2OX(23) -0.578 -0.764
14 H2OX(23) + OX(20) <=> 2 HOX(22) -0.377 -0.498
15 HOX(22) + HX(19) <=> H2OX(23) + X(1) -0.578 -0.764
16 CH2X(27) + HX(19) <=> CH3X(21) + X(1) 0.000 0.000
17 CH2X(27) + HOX(22) <=> CH3X(21) + OX(20) -0.578 -0.764
18 CHX(28) + HX(19) <=> CH2X(27) + X(1) 0.000 0.000
19 CHX(28) + HOX(22) <=> CH2X(27) + OX(20) 0.000 -0.000
20 2 CH2X(27) <=> CH3X(21) + CHX(28) -0.578 -0.764
21 CHX(28) + X(1) <=> CX(26) + HX(19) 0.000 -0.000
22 CX(26) + H2(6) <=> CH2X(27) -0.887 -1.179
23 CX(26) + HOX(22) <=> CHX(28) + OX(20) -0.887 -1.179
24 CH3X(21) + CX(26) <=> CH2X(27) + CHX(28) -0.578 -0.764
25 CH2X(27) + CX(26) <=> 2 CHX(28) -0.669 -0.886
26 CO(7) + X(1) <=> OCX(25) -0.578 -0.765
27 CX(26) + OX(20) <=> OCX(25) + X(1) -0.577 -0.762
28 H2(6) + X(1) <=> H2X(49) -0.000 -0.000
29 CO(7) + X(1) <=> COX(50) -0.578 -0.764
30 CH3OH(14) + X(1) <=> CH4OX(60) -0.886 -1.179
31 CH2O(9) + 2 X(1) <=> CHOX(53) + HX(19) 0.000 0.000
32 HCO(15) + X(1) <=> CHOX(53) -0.669 -0.886
33 CH3CHO(16) + 2 X(1) <=> CH3X(21) + CHOX(53) 0.000 0.000
34 CHOX(53) + X(1) <=> HX(19) + OCX(25) 0.001 0.001
35 CHOX(53) + OX(20) <=> HOX(22) + OCX(25) -0.887 -1.179
36 CH2X(27) + CHOX(53) <=> CH3X(21) + OCX(25) 0.000 -0.000
37 CHOX(53) + CHX(28) <=> CH2X(27) + OCX(25) -0.887 -1.179
38 CHOX(53) + CX(26) <=> CHX(28) + OCX(25) 0.000 0.000
39 HOCOX(206) + X(1) <=> HOX(22) + OCX(25) 0.000 0.000
40 C2H4(47) + X(1) <=> C2H4X(210) 0.000 0.000
41 C2H4(18) + X(1) <=> C2H4X(65) -0.887 -1.179
42 CO2(4) + X(1) <=> CO2X(24) 0.000 0.000
43 OCX(25) + OX(20) <=> CO2X(24) + X(1) 0.006 0.011
44 CO2X(24) + HX(19) <=> HOX(22) + OCX(25) -0.282 -0.356
Finished sensitivity simulation for a C/O ratio of 1.6
Finished translating for C/O ratio of 1.6
Starting sensitivity simulation for a C/O ratio of 1.1
0 CH4(2) + X(1) <=> CH4X(48) 0.962 1.305
1 O2(3) + 2 X(1) <=> 2 OX(20) 1.018 1.508
2 H2(6) + 2 X(1) <=> 2 HX(19) 0.966 1.309
3 H(12) + X(1) <=> HX(19) 0.949 1.288
4 HX(19) + OX(20) <=> HOX(22) + X(1) 0.041 0.057
5 H2O(5) + 2 X(1) <=> HOX(22) + HX(19) -0.217 -0.294
6 OH(17) + X(1) <=> HOX(22) -0.768 -1.063
7 CH4(2) + 2 X(1) <=> CH3X(21) + HX(19) 0.111 0.151
8 CH4(2) + OX(20) + X(1) <=> CH3X(21) + HOX(22) 1.136 1.544
9 C2H6(8) + 2 X(1) <=> 2 CH3X(21) 1.130 1.524
10 CH3(10) + X(1) <=> CH3X(21) 0.779 0.948
11 CH3OH(14) + 2 X(1) <=> CH3X(21) + HOX(22) 1.128 1.522
12 CH4(2) + HOX(22) + X(1) <=> CH3X(21) + H2OX(23) 1.331 1.786
13 H2O(5) + X(1) <=> H2OX(23) 0.873 1.186
14 H2OX(23) + OX(20) <=> 2 HOX(22) 1.104 1.488
15 HOX(22) + HX(19) <=> H2OX(23) + X(1) 0.873 1.186
16 CH2X(27) + HX(19) <=> CH3X(21) + X(1) 0.000 -0.000
17 CH2X(27) + HOX(22) <=> CH3X(21) + OX(20) -0.000 -0.000
18 CHX(28) + HX(19) <=> CH2X(27) + X(1) -0.000 -0.000
19 CHX(28) + HOX(22) <=> CH2X(27) + OX(20) -0.000 -0.000
20 2 CH2X(27) <=> CH3X(21) + CHX(28) 0.000 -0.000
21 CHX(28) + X(1) <=> CX(26) + HX(19) 0.000 -0.000
22 CX(26) + H2(6) <=> CH2X(27) -0.000 -0.000
23 CX(26) + HOX(22) <=> CHX(28) + OX(20) 0.000 -0.000
24 CH3X(21) + CX(26) <=> CH2X(27) + CHX(28) 0.000 -0.000
25 CH2X(27) + CX(26) <=> 2 CHX(28) 0.000 -0.000
26 CO(7) + X(1) <=> OCX(25) -0.000 -0.001
27 CX(26) + OX(20) <=> OCX(25) + X(1) 1.130 1.530
28 H2(6) + X(1) <=> H2X(49) 0.875 1.188
29 CO(7) + X(1) <=> COX(50) -0.000 -0.000
30 CH3OH(14) + X(1) <=> CH4OX(60) -0.000 -0.000
31 CH2O(9) + 2 X(1) <=> CHOX(53) + HX(19) 0.000 -0.000
32 HCO(15) + X(1) <=> CHOX(53) 1.128 1.522
33 CH3CHO(16) + 2 X(1) <=> CH3X(21) + CHOX(53) -0.000 -0.000
34 CHOX(53) + X(1) <=> HX(19) + OCX(25) 0.000 -0.000
35 CHOX(53) + OX(20) <=> HOX(22) + OCX(25) 1.127 1.522
36 CH2X(27) + CHOX(53) <=> CH3X(21) + OCX(25) 0.875 1.188
37 CHOX(53) + CHX(28) <=> CH2X(27) + OCX(25) 0.873 1.186
38 CHOX(53) + CX(26) <=> CHX(28) + OCX(25) 0.873 1.186
39 HOCOX(206) + X(1) <=> HOX(22) + OCX(25) 0.962 1.305
40 C2H4(47) + X(1) <=> C2H4X(210) -0.000 -0.000
41 C2H4(18) + X(1) <=> C2H4X(65) 1.127 1.522
42 CO2(4) + X(1) <=> CO2X(24) -0.000 -0.000
43 OCX(25) + OX(20) <=> CO2X(24) + X(1) 1.073 1.454
44 CO2X(24) + HX(19) <=> HOX(22) + OCX(25) 0.070 0.105
Finished sensitivity simulation for a C/O ratio of 1.1
Finished translating for C/O ratio of 1.1
Starting sensitivity simulation for a C/O ratio of 0.8
0 CH4(2) + X(1) <=> CH4X(48) 1.361 2.931
1 O2(3) + 2 X(1) <=> 2 OX(20) 0.019 0.147
2 H2(6) + 2 X(1) <=> 2 HX(19) 1.362 2.930
3 H(12) + X(1) <=> HX(19) -0.014 -0.030
4 HX(19) + OX(20) <=> HOX(22) + X(1) 0.040 0.098
5 H2O(5) + 2 X(1) <=> HOX(22) + HX(19) -0.236 -0.512
6 OH(17) + X(1) <=> HOX(22) 7.688 15.440
7 CH4(2) + 2 X(1) <=> CH3X(21) + HX(19) 0.111 0.242
8 CH4(2) + OX(20) + X(1) <=> CH3X(21) + HOX(22) 29.356 52.767
9 C2H6(8) + 2 X(1) <=> 2 CH3X(21) 0.015 0.032
10 CH3(10) + X(1) <=> CH3X(21) 0.896 1.778
11 CH3OH(14) + 2 X(1) <=> CH3X(21) + HOX(22) 0.002 0.003
12 CH4(2) + HOX(22) + X(1) <=> CH3X(21) + H2OX(23) -1.443 -3.244
13 H2O(5) + X(1) <=> H2OX(23) -1.445 -3.248
14 H2OX(23) + OX(20) <=> 2 HOX(22) -0.874 -1.952
15 HOX(22) + HX(19) <=> H2OX(23) + X(1) -0.001 -0.001
16 CH2X(27) + HX(19) <=> CH3X(21) + X(1) 1.361 2.931
17 CH2X(27) + HOX(22) <=> CH3X(21) + OX(20) 1.361 2.931
18 CHX(28) + HX(19) <=> CH2X(27) + X(1) 1.618 3.472
19 CHX(28) + HOX(22) <=> CH2X(27) + OX(20) -1.445 -3.248
20 2 CH2X(27) <=> CH3X(21) + CHX(28) 1.361 2.931
21 CHX(28) + X(1) <=> CX(26) + HX(19) -0.000 -0.000
22 CX(26) + H2(6) <=> CH2X(27) 1.618 3.472
23 CX(26) + HOX(22) <=> CHX(28) + OX(20) 0.000 0.000
24 CH3X(21) + CX(26) <=> CH2X(27) + CHX(28) 1.618 3.472
25 CH2X(27) + CX(26) <=> 2 CHX(28) -0.000 -0.000
26 CO(7) + X(1) <=> OCX(25) -0.000 -0.001
27 CX(26) + OX(20) <=> OCX(25) + X(1) 0.000 0.001
28 H2(6) + X(1) <=> H2X(49) 1.618 3.472
29 CO(7) + X(1) <=> COX(50) 0.000 0.000
30 CH3OH(14) + X(1) <=> CH4OX(60) -0.000 -0.000
31 CH2O(9) + 2 X(1) <=> CHOX(53) + HX(19) 1.361 2.931
32 HCO(15) + X(1) <=> CHOX(53) 1.361 2.931
33 CH3CHO(16) + 2 X(1) <=> CH3X(21) + CHOX(53) 1.361 2.931
34 CHOX(53) + X(1) <=> HX(19) + OCX(25) -0.000 -0.000
35 CHOX(53) + OX(20) <=> HOX(22) + OCX(25) -0.000 -0.000
36 CH2X(27) + CHOX(53) <=> CH3X(21) + OCX(25) -0.000 -0.000
37 CHOX(53) + CHX(28) <=> CH2X(27) + OCX(25) -1.445 -3.248
38 CHOX(53) + CX(26) <=> CHX(28) + OCX(25) -0.000 -0.000
39 HOCOX(206) + X(1) <=> HOX(22) + OCX(25) 0.000 -0.000
40 C2H4(47) + X(1) <=> C2H4X(210) -0.000 -0.000
41 C2H4(18) + X(1) <=> C2H4X(65) 0.000 0.000
42 CO2(4) + X(1) <=> CO2X(24) 0.000 0.000
43 OCX(25) + OX(20) <=> CO2X(24) + X(1) -1.460 -3.263
44 CO2X(24) + HX(19) <=> HOX(22) + OCX(25) 0.070 0.196
Finished sensitivity simulation for a C/O ratio of 0.8
Finished translating for C/O ratio of 0.8
Starting sensitivity simulation for a C/O ratio of 1.2
0 CH4(2) + X(1) <=> CH4X(48) 0.000 0.001
1 O2(3) + 2 X(1) <=> 2 OX(20) 0.093 0.247
2 H2(6) + 2 X(1) <=> 2 HX(19) -0.289 -0.398
3 H(12) + X(1) <=> HX(19) 0.784 1.063
4 HX(19) + OX(20) <=> HOX(22) + X(1) 0.852 1.153
5 H2O(5) + 2 X(1) <=> HOX(22) + HX(19) -0.314 -0.426
6 OH(17) + X(1) <=> HOX(22) 0.374 0.503
7 CH4(2) + 2 X(1) <=> CH3X(21) + HX(19) -0.525 -0.721
8 CH4(2) + OX(20) + X(1) <=> CH3X(21) + HOX(22) 0.394 0.547
9 C2H6(8) + 2 X(1) <=> 2 CH3X(21) 0.971 1.310
10 CH3(10) + X(1) <=> CH3X(21) -0.067 -0.192
11 CH3OH(14) + 2 X(1) <=> CH3X(21) + HOX(22) -0.287 -0.395
12 CH4(2) + HOX(22) + X(1) <=> CH3X(21) + H2OX(23) -0.286 -0.393
13 H2O(5) + X(1) <=> H2OX(23) 0.950 1.283
14 H2OX(23) + OX(20) <=> 2 HOX(22) 1.282 1.699
15 HOX(22) + HX(19) <=> H2OX(23) + X(1) -0.289 -0.397
16 CH2X(27) + HX(19) <=> CH3X(21) + X(1) 0.951 1.285
17 CH2X(27) + HOX(22) <=> CH3X(21) + OX(20) -0.289 -0.396
18 CHX(28) + HX(19) <=> CH2X(27) + X(1) -0.288 -0.395
19 CHX(28) + HOX(22) <=> CH2X(27) + OX(20) 0.797 1.079
20 2 CH2X(27) <=> CH3X(21) + CHX(28) 0.951 1.285
21 CHX(28) + X(1) <=> CX(26) + HX(19) -0.288 -0.395
22 CX(26) + H2(6) <=> CH2X(27) 0.950 1.283
23 CX(26) + HOX(22) <=> CHX(28) + OX(20) -0.000 -0.000
24 CH3X(21) + CX(26) <=> CH2X(27) + CHX(28) -0.289 -0.397
25 CH2X(27) + CX(26) <=> 2 CHX(28) 0.797 1.079
26 CO(7) + X(1) <=> OCX(25) -0.288 -0.395
27 CX(26) + OX(20) <=> OCX(25) + X(1) 0.953 1.290
28 H2(6) + X(1) <=> H2X(49) -0.288 -0.395
29 CO(7) + X(1) <=> COX(50) 0.951 1.285
30 CH3OH(14) + X(1) <=> CH4OX(60) -0.289 -0.397
31 CH2O(9) + 2 X(1) <=> CHOX(53) + HX(19) 0.951 1.285
32 HCO(15) + X(1) <=> CHOX(53) -0.288 -0.395
33 CH3CHO(16) + 2 X(1) <=> CH3X(21) + CHOX(53) 0.951 1.285
34 CHOX(53) + X(1) <=> HX(19) + OCX(25) 0.951 1.285
35 CHOX(53) + OX(20) <=> HOX(22) + OCX(25) 0.797 1.079
36 CH2X(27) + CHOX(53) <=> CH3X(21) + OCX(25) 0.951 1.285
37 CHOX(53) + CHX(28) <=> CH2X(27) + OCX(25) 0.951 1.285
38 CHOX(53) + CX(26) <=> CHX(28) + OCX(25) 0.950 1.283
39 HOCOX(206) + X(1) <=> HOX(22) + OCX(25) -0.000 -0.000
40 C2H4(47) + X(1) <=> C2H4X(210) -0.289 -0.397
41 C2H4(18) + X(1) <=> C2H4X(65) 0.950 1.283
42 CO2(4) + X(1) <=> CO2X(24) 0.951 1.285
43 OCX(25) + OX(20) <=> CO2X(24) + X(1) 0.020 0.030
44 CO2X(24) + HX(19) <=> HOX(22) + OCX(25) -0.740 -1.006
Finished sensitivity simulation for a C/O ratio of 1.2
Finished translating for C/O ratio of 1.2
Starting thermo sensitivity simulation for a C/O ratio of 0.8
0 X(1) -0.001 -0.001
1 HX(19) 1.617 3.471
2 OX(20) 0.000 0.000
3 CH3X(21) 1.618 3.472
4 HOX(22) -0.000 -0.000
5 H2OX(23) 0.001 0.001
6 CO2X(24) 1.361 2.931
7 OCX(25) -0.000 -0.000
8 CX(26) -0.000 -0.000
9 CH2X(27) 1.618 3.472
10 CHX(28) 1.361 2.931
11 CH4X(48) 0.000 0.000
12 H2X(49) -1.445 -3.248
13 COX(50) 0.000 0.000
14 CHOX(53) 1.361 2.931
15 CH4OX(60) -0.000 -0.000
16 C2H4X(65) 0.000 0.000
17 HOCOX(206) 1.618 3.472
18 C2H4X(210) 1.361 2.931
Finished thermo sensitivity simulation for a C/O ratio of 0.8
Starting thermo sensitivity simulation for a C/O ratio of 2.6
0 X(1) 0.380 0.703
1 HX(19) 0.000 0.000
2 OX(20) 0.372 0.690
3 CH3X(21) -0.000 -0.000
4 HOX(22) -0.000 -0.000
5 H2OX(23) 0.000 0.000
6 CO2X(24) 0.000 0.000
7 OCX(25) 0.000 0.000
8 CX(26) 0.377 0.697
9 CH2X(27) -0.000 -0.000
10 CHX(28) 0.377 0.697
11 CH4X(48) 0.235 0.435
12 H2X(49) 0.377 0.697
13 COX(50) -0.000 -0.000
14 CHOX(53) -0.000 -0.000
15 CH4OX(60) -0.000 -0.000
16 C2H4X(65) -0.000 -0.000
17 HOCOX(206) -0.000 -0.000
18 C2H4X(210) -0.000 -0.000
Finished thermo sensitivity simulation for a C/O ratio of 2.6
Starting thermo sensitivity simulation for a C/O ratio of 2.4
0 X(1) -0.071 -0.155
1 HX(19) -0.426 -0.931
2 OX(20) -0.426 -0.931
3 CH3X(21) -0.038 -0.083
4 HOX(22) -0.426 -0.931
5 H2OX(23) -0.426 -0.931
6 CO2X(24) -0.426 -0.931
7 OCX(25) -0.426 -0.931
8 CX(26) -0.038 -0.083
9 CH2X(27) -0.426 -0.931
10 CHX(28) -0.426 -0.931
11 CH4X(48) -0.426 -0.931
12 H2X(49) -0.426 -0.931
13 COX(50) -0.426 -0.931
14 CHOX(53) -0.426 -0.931
15 CH4OX(60) -0.426 -0.931
16 C2H4X(65) -0.426 -0.931
17 HOCOX(206) -0.426 -0.931
18 C2H4X(210) -0.073 -0.159
Finished thermo sensitivity simulation for a C/O ratio of 2.4
Starting thermo sensitivity simulation for a C/O ratio of 1.6
0 X(1) -0.000 -0.000
1 HX(19) -0.000 -0.000
2 OX(20) 0.000 0.000
3 CH3X(21) 0.000 0.000
4 HOX(22) -0.887 -1.179
5 H2OX(23) 0.000 0.000
6 CO2X(24) -0.578 -0.764
7 OCX(25) -0.000 -0.000
8 CX(26) -0.000 -0.000
9 CH2X(27) -0.887 -1.179
10 CHX(28) -0.887 -1.179
11 CH4X(48) -0.576 -0.762
12 H2X(49) -0.578 -0.764
13 COX(50) 0.000 -0.000
14 CHOX(53) -0.578 -0.764
15 CH4OX(60) 0.000 -0.000
16 C2H4X(65) 0.000 -0.000
17 HOCOX(206) 0.000 -0.000
18 C2H4X(210) 0.001 0.001
Finished thermo sensitivity simulation for a C/O ratio of 1.6
Starting thermo sensitivity simulation for a C/O ratio of 0.6
0 X(1) 0.431 0.680
1 HX(19) 0.000 0.000
2 OX(20) 0.000 0.000
3 CH3X(21) 0.427 0.673
4 HOX(22) -0.000 -0.000
5 H2OX(23) 0.428 0.674
6 CO2X(24) 0.427 0.673
7 OCX(25) 0.427 0.673
8 CX(26) 0.427 0.673
9 CH2X(27) 0.427 0.673
10 CHX(28) -0.000 -0.000
11 CH4X(48) 0.427 0.674
12 H2X(49) 0.427 0.673
13 COX(50) -0.000 -0.000
14 CHOX(53) -0.000 -0.000
15 CH4OX(60) -0.000 -0.000
16 C2H4X(65) 0.427 0.673
17 HOCOX(206) -0.000 -0.000
18 C2H4X(210) 0.427 0.673
Finished thermo sensitivity simulation for a C/O ratio of 0.6
Starting thermo sensitivity simulation for a C/O ratio of 2.0
0 X(1) 0.600 0.780
1 HX(19) 0.000 -0.000
2 OX(20) 0.000 0.000
3 CH3X(21) 0.597 0.776
4 HOX(22) 0.597 0.775
5 H2OX(23) 0.597 0.776
6 CO2X(24) 0.000 0.000
7 OCX(25) 0.597 0.775
8 CX(26) -0.000 -0.000
9 CH2X(27) -0.000 -0.000
10 CHX(28) -0.000 -0.000
11 CH4X(48) 0.000 0.000
12 H2X(49) -0.000 -0.000
13 COX(50) 0.597 0.776
14 CHOX(53) -0.000 -0.000
15 CH4OX(60) 0.597 0.776
16 C2H4X(65) -0.000 -0.000
17 HOCOX(206) -0.000 -0.000
18 C2H4X(210) -0.000 -0.000
Finished thermo sensitivity simulation for a C/O ratio of 2.0
Starting thermo sensitivity simulation for a C/O ratio of 2.2
0 X(1) 0.003 0.007
1 HX(19) -0.353 -0.857
2 OX(20) -0.353 -0.857
3 CH3X(21) -0.353 -0.857
4 HOX(22) -0.000 -0.000
5 H2OX(23) -0.353 -0.856
6 CO2X(24) -0.353 -0.857
7 OCX(25) -0.353 -0.857
8 CX(26) 0.000 0.000
9 CH2X(27) -0.923 -2.243
10 CHX(28) -0.353 -0.857
11 CH4X(48) -0.353 -0.856
12 H2X(49) -0.353 -0.857
13 COX(50) -0.353 -0.857
14 CHOX(53) -0.353 -0.857
15 CH4OX(60) -0.353 -0.857
16 C2H4X(65) -0.353 -0.857
17 HOCOX(206) -0.353 -0.857
18 C2H4X(210) -0.353 -0.857
Finished thermo sensitivity simulation for a C/O ratio of 2.2
Starting thermo sensitivity simulation for a C/O ratio of 1.4
0 X(1) -0.285 -0.365
1 HX(19) -1.335 -1.772
2 OX(20) -0.282 -0.361
3 CH3X(21) -0.284 -0.365
4 HOX(22) -0.284 -0.365
5 H2OX(23) -0.284 -0.364
6 CO2X(24) -0.284 -0.365
7 OCX(25) -1.335 -1.772
8 CX(26) -0.284 -0.365
9 CH2X(27) -0.284 -0.365
10 CHX(28) -1.335 -1.772
11 CH4X(48) -0.284 -0.365
12 H2X(49) -0.284 -0.365
13 COX(50) -1.335 -1.772
14 CHOX(53) -0.284 -0.363
15 CH4OX(60) -0.284 -0.365
16 C2H4X(65) -1.335 -1.772
17 HOCOX(206) -0.284 -0.365
18 C2H4X(210) -0.284 -0.365
Finished thermo sensitivity simulation for a C/O ratio of 1.4
Starting thermo sensitivity simulation for a C/O ratio of 1.8
0 X(1) 0.257 0.335
1 HX(19) -0.001 -0.001
2 OX(20) -0.001 -0.001
3 CH3X(21) 0.257 0.336
4 HOX(22) 0.313 0.407
5 H2OX(23) -0.001 -0.001
6 CO2X(24) -0.001 -0.001
7 OCX(25) 0.257 0.336
8 CX(26) -0.001 -0.001
9 CH2X(27) -0.001 -0.001
10 CHX(28) 0.257 0.336
11 CH4X(48) -0.001 -0.001
12 H2X(49) -0.001 -0.001
13 COX(50) 0.257 0.333
14 CHOX(53) 0.313 0.407
15 CH4OX(60) -0.001 -0.001
16 C2H4X(65) 0.257 0.336
17 HOCOX(206) -0.001 -0.001
18 C2H4X(210) -0.001 -0.003
Finished thermo sensitivity simulation for a C/O ratio of 1.8
Starting thermo sensitivity simulation for a C/O ratio of 1.1
0 X(1) 0.975 1.322
1 HX(19) 0.962 1.305
2 OX(20) 1.128 1.522
3 CH3X(21) 1.128 1.522
4 HOX(22) 0.873 1.186
5 H2OX(23) 0.964 1.307
6 CO2X(24) 0.962 1.305
7 OCX(25) 1.128 1.521
8 CX(26) 1.127 1.522
9 CH2X(27) 0.000 -0.000
10 CHX(28) 0.873 1.186
11 CH4X(48) 1.127 1.522
12 H2X(49) 0.000 -0.000
13 COX(50) 0.000 -0.000
14 CHOX(53) -0.000 -0.000
15 CH4OX(60) 0.001 0.001
16 C2H4X(65) 0.873 1.186
17 HOCOX(206) 0.000 -0.000
18 C2H4X(210) 0.000 -0.000
Finished thermo sensitivity simulation for a C/O ratio of 1.1
Starting thermo sensitivity simulation for a C/O ratio of 1.0
0 X(1) 0.202 0.278
1 HX(19) 0.188 0.259
2 OX(20) -0.419 -0.579
3 CH3X(21) -0.419 -0.579
4 HOX(22) -0.000 -0.000
5 H2OX(23) -0.418 -0.578
6 CO2X(24) -0.414 -0.573
7 OCX(25) 0.188 0.259
8 CX(26) -0.000 -0.000
9 CH2X(27) -0.419 -0.579
10 CHX(28) -0.419 -0.579
11 CH4X(48) -0.419 -0.579
12 H2X(49) -0.419 -0.579
13 COX(50) -0.419 -0.579
14 CHOX(53) -0.419 -0.579
15 CH4OX(60) -0.419 -0.579
16 C2H4X(65) -0.419 -0.579
17 HOCOX(206) 0.188 0.259
18 C2H4X(210) -0.419 -0.579
Finished thermo sensitivity simulation for a C/O ratio of 1.0
Starting thermo sensitivity simulation for a C/O ratio of 1.2
0 X(1) -0.001 -0.001
1 HX(19) -0.288 -0.395
2 OX(20) -0.288 -0.395
3 CH3X(21) -0.288 -0.395
4 HOX(22) 0.951 1.285
5 H2OX(23) 0.798 1.081
6 CO2X(24) -0.289 -0.397
7 OCX(25) -0.288 -0.395
8 CX(26) 0.951 1.285
9 CH2X(27) -0.288 -0.395
10 CHX(28) 0.797 1.079
11 CH4X(48) -0.288 -0.395
12 H2X(49) 0.797 1.079
13 COX(50) -0.288 -0.395
14 CHOX(53) -0.000 -0.000
15 CH4OX(60) 0.951 1.285
16 C2H4X(65) -0.000 0.000
17 HOCOX(206) 0.797 1.079
18 C2H4X(210) 0.797 1.079
Finished thermo sensitivity simulation for a C/O ratio of 1.2
Starting thermo sensitivity simulation for a C/O ratio of 0.7
0 X(1) 0.006 0.014
1 HX(19) -0.000 -0.000
2 OX(20) -0.905 -2.082
3 CH3X(21) -0.905 -2.082
4 HOX(22) -0.905 -2.082
5 H2OX(23) -0.905 -2.082
6 CO2X(24) -0.000 -0.000
7 OCX(25) -0.000 -0.000
8 CX(26) 0.000 0.000
9 CH2X(27) 0.000 0.000
10 CHX(28) -0.905 -2.082
11 CH4X(48) 0.001 0.001
12 H2X(49) -0.905 -2.082
13 COX(50) -0.000 -0.000
14 CHOX(53) 0.000 0.000
15 CH4OX(60) -0.905 -2.082
16 C2H4X(65) -0.000 -0.000
17 HOCOX(206) 0.000 0.000
18 C2H4X(210) -0.905 -2.082
Finished thermo sensitivity simulation for a C/O ratio of 0.7
Starting thermo sensitivity simulation for a C/O ratio of 1.3
0 X(1) 0.397 0.545
1 HX(19) 0.842 1.146
2 OX(20) 0.000 0.000
3 CH3X(21) 0.841 1.146
4 HOX(22) 0.450 0.616
5 H2OX(23) 0.392 0.538
6 CO2X(24) -0.000 -0.000
7 OCX(25) 0.450 0.616
8 CX(26) 0.000 0.000
9 CH2X(27) -0.000 -0.000
10 CHX(28) 0.450 0.617
11 CH4X(48) 0.000 0.000
12 H2X(49) 0.450 0.617
13 COX(50) 0.431 0.591
14 CHOX(53) 0.450 0.617
15 CH4OX(60) 0.392 0.537
16 C2H4X(65) 0.842 1.146
17 HOCOX(206) -0.000 -0.000
18 C2H4X(210) 0.453 0.619
Finished thermo sensitivity simulation for a C/O ratio of 1.3
