This mechanism contains 38 gas reactions and 41 surface reactions
Finished simulation at a C/O ratio of 1.3
Finished simulation at a C/O ratio of 1.1
Finished simulation at a C/O ratio of 1.8
Finished simulation at a C/O ratio of 1.4
Finished simulation at a C/O ratio of 0.7
Finished simulation at a C/O ratio of 2.2
Finished simulation at a C/O ratio of 0.6
Finished simulation at a C/O ratio of 2.4
Finished simulation at a C/O ratio of 2.0
Finished simulation at a C/O ratio of 0.8
Finished simulation at a C/O ratio of 1.6
Finished simulation at a C/O ratio of 1.2
Finished simulation at a C/O ratio of 0.9
Finished simulation at a C/O ratio of 1.0
Finished simulation at a C/O ratio of 2.6
Starting thermo sensitivity simulation for a C/O ratio of 1.4
0 X(1) -0.002 -0.004 -0.006 -0.005 -0.003
1 HX(19) 0.001 0.002 0.003 0.003 0.002
2 OX(20) -0.000 -0.001 -0.001 -0.001 -0.001
3 CH3X(21) 0.000 -0.000 -0.000 -0.000 -0.000
4 HOX(22) 0.000 0.000 0.000 0.000 0.000
5 H2OX(23) 0.000 0.001 0.001 0.001 0.001
6 CO2X(24) -0.000 -0.000 -0.000 -0.000 0.000
7 OCX(25) -0.000 -0.000 -0.000 -0.000 0.000
8 CX(26) -0.000 -0.000 -0.000 -0.000 0.000
9 CH2X(27) 0.001 0.002 0.003 0.003 0.002
10 CHX(28) -0.000 -0.000 -0.000 -0.000 -0.000
11 CH4X(48) -0.000 -0.000 -0.000 -0.000 -0.000
12 H2X(49) -0.000 -0.000 -0.000 -0.000 -0.000
13 COX(50) -0.000 -0.000 -0.000 -0.000 -0.000
14 CHOX(53) -0.000 -0.000 -0.000 -0.000 -0.000
Finished thermo sensitivity simulation for a C/O ratio of 1.4
Starting thermo sensitivity simulation for a C/O ratio of 0.7
0 X(1) -0.002 -0.004 -0.006 -0.005 -0.001
1 HX(19) 0.001 0.002 0.003 0.002 0.001
2 OX(20) -0.000 -0.001 -0.001 -0.001 -0.001
3 CH3X(21) 0.000 -0.000 -0.000 -0.000 0.000
4 HOX(22) 0.000 0.000 0.000 0.000 0.000
5 H2OX(23) -0.000 0.001 0.001 0.001 0.001
6 CO2X(24) -0.000 -0.000 -0.000 -0.000 0.000
7 OCX(25) -0.000 -0.000 -0.000 -0.000 0.000
8 CX(26) -0.000 -0.000 -0.000 -0.000 0.000
9 CH2X(27) 0.001 0.002 0.003 0.002 0.001
10 CHX(28) -0.000 -0.000 -0.000 -0.000 0.000
11 CH4X(48) -0.000 -0.000 -0.000 -0.000 0.000
12 H2X(49) -0.000 -0.000 -0.000 -0.000 0.000
13 COX(50) -0.000 -0.000 -0.000 -0.000 0.000
14 CHOX(53) -0.000 -0.000 -0.000 -0.000 0.000
Finished thermo sensitivity simulation for a C/O ratio of 0.7
Starting thermo sensitivity simulation for a C/O ratio of 0.8
0 X(1) -0.002 -0.004 -0.006 -0.005 -0.001
1 HX(19) 0.001 0.002 0.003 0.002 0.001
2 OX(20) -0.000 -0.001 -0.001 -0.001 -0.001
3 CH3X(21) 0.000 -0.000 -0.000 -0.000 0.000
4 HOX(22) 0.000 0.000 0.000 0.000 0.000
5 H2OX(23) -0.000 0.001 0.001 0.001 0.001
6 CO2X(24) -0.000 -0.000 -0.000 -0.000 0.000
7 OCX(25) -0.000 -0.000 -0.000 -0.000 0.000
8 CX(26) 0.000 -0.000 -0.000 0.000 0.000
9 CH2X(27) 0.001 0.002 0.003 0.002 0.001
10 CHX(28) -0.000 -0.000 -0.000 -0.000 0.000
11 CH4X(48) -0.000 -0.000 -0.000 -0.000 0.000
12 H2X(49) 0.000 -0.000 -0.000 -0.000 0.000
13 COX(50) -0.000 -0.000 -0.000 -0.000 0.000
14 CHOX(53) 0.000 -0.000 -0.000 -0.000 0.000
Finished thermo sensitivity simulation for a C/O ratio of 0.8
Starting thermo sensitivity simulation for a C/O ratio of 0.6
0 X(1) -0.002 -0.004 -0.006 -0.005 -0.001
1 HX(19) 0.001 0.002 0.003 0.002 0.001
2 OX(20) -0.000 -0.001 -0.001 -0.001 -0.001
3 CH3X(21) 0.000 -0.000 -0.000 -0.000 -0.000
4 HOX(22) 0.000 0.000 0.000 0.000 0.000
5 H2OX(23) -0.000 0.001 0.001 0.001 0.001
6 CO2X(24) -0.000 -0.000 -0.000 -0.000 0.000
7 OCX(25) -0.000 -0.000 -0.000 -0.000 -0.000
8 CX(26) -0.000 -0.000 -0.000 -0.000 -0.000
9 CH2X(27) 0.001 0.002 0.003 0.002 0.001
10 CHX(28) 0.000 -0.000 -0.000 0.000 -0.000
11 CH4X(48) -0.000 -0.000 -0.000 -0.000 -0.000
12 H2X(49) 0.000 -0.000 -0.000 -0.000 0.000
13 COX(50) 0.000 0.000 0.000 0.000 0.000
14 CHOX(53) -0.000 -0.000 -0.000 -0.000 -0.000
Finished thermo sensitivity simulation for a C/O ratio of 0.6
Starting thermo sensitivity simulation for a C/O ratio of 1.2
0 X(1) -0.002 -0.004 -0.006 -0.005 -0.003
1 HX(19) 0.001 0.002 0.003 0.003 0.001
2 OX(20) -0.000 -0.001 -0.001 -0.001 -0.001
3 CH3X(21) 0.000 -0.000 -0.000 -0.000 -0.000
4 HOX(22) 0.000 0.000 0.000 0.000 0.000
5 H2OX(23) 0.000 0.001 0.001 0.001 0.001
6 CO2X(24) -0.000 -0.000 -0.000 -0.000 -0.000
7 OCX(25) -0.000 -0.000 -0.000 -0.000 -0.000
8 CX(26) -0.000 -0.000 -0.000 -0.000 -0.000
9 CH2X(27) 0.001 0.002 0.003 0.003 0.001
10 CHX(28) -0.000 -0.000 -0.000 -0.000 -0.000
11 CH4X(48) -0.000 -0.000 -0.000 -0.000 -0.000
12 H2X(49) -0.000 -0.000 -0.000 -0.000 -0.000
13 COX(50) -0.000 -0.000 -0.000 -0.000 0.000
14 CHOX(53) -0.000 -0.000 -0.000 -0.000 -0.000
Finished thermo sensitivity simulation for a C/O ratio of 1.2
Starting thermo sensitivity simulation for a C/O ratio of 1.1
0 X(1) -0.002 -0.004 -0.006 -0.005 -0.002
1 HX(19) 0.001 0.002 0.003 0.003 0.001
2 OX(20) -0.000 -0.001 -0.001 -0.001 -0.001
3 CH3X(21) 0.000 -0.000 -0.000 -0.000 0.000
4 HOX(22) 0.000 0.000 0.000 0.000 0.000
5 H2OX(23) 0.000 0.001 0.001 0.001 0.001
6 CO2X(24) -0.000 -0.000 -0.000 -0.000 0.000
7 OCX(25) -0.000 -0.000 -0.000 -0.000 0.000
8 CX(26) -0.000 -0.000 -0.000 -0.000 0.000
9 CH2X(27) 0.001 0.002 0.003 0.003 0.001
10 CHX(28) 0.000 0.000 0.000 -0.000 0.000
11 CH4X(48) -0.000 -0.000 -0.000 -0.000 0.000
12 H2X(49) -0.000 -0.000 -0.000 -0.000 0.000
13 COX(50) -0.000 -0.000 -0.000 -0.000 0.000
14 CHOX(53) -0.000 -0.000 -0.000 -0.000 0.000
Finished thermo sensitivity simulation for a C/O ratio of 1.1
Starting thermo sensitivity simulation for a C/O ratio of 1.0
0 X(1) -0.002 -0.004 -0.006 -0.005 -0.002
1 HX(19) 0.001 0.002 0.003 0.002 0.001
2 OX(20) -0.000 -0.001 -0.001 -0.001 -0.001
3 CH3X(21) 0.000 -0.000 -0.000 -0.000 0.000
4 HOX(22) 0.000 0.000 0.000 0.000 0.000
5 H2OX(23) 0.000 0.001 0.001 0.001 0.001
6 CO2X(24) -0.000 -0.000 -0.000 -0.000 -0.000
7 OCX(25) -0.000 -0.000 -0.000 -0.000 0.000
8 CX(26) 0.000 0.000 0.000 0.000 -0.000
9 CH2X(27) 0.001 0.002 0.003 0.003 0.001
10 CHX(28) -0.000 -0.000 -0.000 0.000 0.000
11 CH4X(48) -0.000 -0.000 -0.000 -0.000 -0.000
12 H2X(49) 0.000 0.000 0.000 0.000 0.000
13 COX(50) 0.000 0.000 0.000 0.000 -0.000
14 CHOX(53) 0.000 0.000 0.000 0.000 -0.000
Finished thermo sensitivity simulation for a C/O ratio of 1.0
Starting thermo sensitivity simulation for a C/O ratio of 0.9
0 X(1) -0.002 -0.004 -0.006 -0.005 -0.002
1 HX(19) 0.001 0.002 0.003 0.002 0.001
2 OX(20) -0.000 -0.001 -0.001 -0.001 -0.001
3 CH3X(21) 0.000 -0.000 -0.000 -0.000 -0.000
4 HOX(22) 0.000 0.000 0.000 0.000 0.000
5 H2OX(23) 0.000 0.001 0.001 0.001 0.001
6 CO2X(24) -0.000 -0.000 -0.000 -0.000 -0.000
7 OCX(25) -0.000 -0.000 -0.000 -0.000 -0.000
8 CX(26) -0.000 -0.000 -0.000 -0.000 -0.000
9 CH2X(27) 0.001 0.002 0.003 0.003 0.001
10 CHX(28) -0.000 -0.000 -0.000 -0.000 0.000
11 CH4X(48) -0.000 -0.000 -0.000 -0.000 -0.000
12 H2X(49) -0.000 -0.000 -0.000 -0.000 -0.000
13 COX(50) -0.000 -0.000 -0.000 -0.000 -0.000
14 CHOX(53) -0.000 -0.000 -0.000 -0.000 -0.000
Finished thermo sensitivity simulation for a C/O ratio of 0.9
Starting thermo sensitivity simulation for a C/O ratio of 1.8
0 X(1) -0.002 -0.005 -0.007 -0.006 -0.005
1 HX(19) 0.001 0.002 0.003 0.003 0.002
2 OX(20) -0.000 -0.001 -0.001 -0.001 -0.002
3 CH3X(21) 0.000 -0.000 -0.000 -0.000 0.000
4 HOX(22) 0.000 0.000 0.000 0.000 0.000
5 H2OX(23) 0.000 0.001 0.001 0.001 0.002
6 CO2X(24) -0.000 -0.000 -0.000 -0.000 0.000
7 OCX(25) -0.000 -0.000 -0.000 -0.000 0.000
8 CX(26) 0.000 0.000 0.000 0.000 0.000
9 CH2X(27) 0.001 0.002 0.003 0.003 0.003
10 CHX(28) 0.000 0.000 0.000 0.000 -0.000
11 CH4X(48) -0.000 -0.000 -0.000 -0.000 -0.000
12 H2X(49) 0.000 0.000 0.000 0.000 0.000
13 COX(50) 0.000 0.000 0.000 0.000 0.000
14 CHOX(53) 0.000 0.000 0.000 0.000 0.000
Finished thermo sensitivity simulation for a C/O ratio of 1.8
Starting thermo sensitivity simulation for a C/O ratio of 1.3
0 X(1) -0.002 -0.004 -0.006 -0.005 -0.003
1 HX(19) 0.001 0.002 0.003 0.003 0.001
2 OX(20) -0.000 -0.001 -0.001 -0.001 -0.001
3 CH3X(21) 0.000 -0.000 -0.000 -0.000 0.000
4 HOX(22) 0.000 0.000 0.000 0.000 0.000
5 H2OX(23) 0.000 0.001 0.001 0.001 0.001
6 CO2X(24) -0.000 -0.000 -0.000 -0.000 0.000
7 OCX(25) -0.000 -0.000 -0.000 -0.000 0.000
8 CX(26) 0.000 0.000 0.000 0.000 0.000
9 CH2X(27) 0.001 0.002 0.003 0.003 0.001
10 CHX(28) -0.000 0.000 0.000 -0.000 0.000
11 CH4X(48) -0.000 -0.000 -0.000 -0.000 0.000
12 H2X(49) -0.000 0.000 0.000 -0.000 0.000
13 COX(50) 0.000 0.000 0.000 0.000 0.000
14 CHOX(53) 0.000 -0.000 -0.000 0.000 0.000
Finished thermo sensitivity simulation for a C/O ratio of 1.3
Starting thermo sensitivity simulation for a C/O ratio of 1.6
0 X(1) -0.002 -0.005 -0.007 -0.006 -0.004
1 HX(19) 0.001 0.002 0.003 0.003 0.002
2 OX(20) -0.000 -0.001 -0.001 -0.001 -0.001
3 CH3X(21) 0.000 -0.000 -0.000 -0.000 0.000
4 HOX(22) 0.000 0.000 0.000 0.000 0.000
5 H2OX(23) 0.000 0.001 0.001 0.001 0.001
6 CO2X(24) -0.000 -0.000 -0.000 -0.000 0.000
7 OCX(25) -0.000 -0.000 -0.000 -0.000 0.000
8 CX(26) 0.000 0.000 0.000 0.000 0.000
9 CH2X(27) 0.001 0.002 0.003 0.003 0.002
10 CHX(28) 0.000 0.000 0.000 0.000 0.000
11 CH4X(48) -0.000 -0.000 -0.000 -0.000 0.000
12 H2X(49) 0.000 0.000 0.000 0.000 0.000
13 COX(50) 0.000 0.000 0.000 0.000 0.000
14 CHOX(53) 0.000 0.000 0.000 0.000 0.000
Finished thermo sensitivity simulation for a C/O ratio of 1.6
Starting thermo sensitivity simulation for a C/O ratio of 2.0
0 X(1) -0.002 -0.005 -0.007 -0.006 -0.006
1 HX(19) 0.001 0.003 0.004 0.003 0.003
2 OX(20) -0.000 -0.001 -0.001 -0.001 -0.002
3 CH3X(21) 0.000 -0.000 -0.000 -0.000 0.000
4 HOX(22) 0.000 0.000 0.000 0.000 0.000
5 H2OX(23) 0.000 0.001 0.001 0.001 0.002
6 CO2X(24) -0.000 -0.000 -0.000 -0.000 0.000
7 OCX(25) -0.000 -0.000 -0.000 -0.000 0.000
8 CX(26) 0.000 0.000 0.000 0.000 0.000
9 CH2X(27) 0.001 0.003 0.004 0.003 0.003
10 CHX(28) 0.000 0.000 0.000 0.000 -0.000
11 CH4X(48) -0.000 -0.000 -0.000 -0.000 -0.000
12 H2X(49) 0.000 0.000 0.000 0.000 -0.000
13 COX(50) 0.000 0.000 0.000 0.000 0.000
14 CHOX(53) 0.000 0.000 0.000 0.000 -0.000
Finished thermo sensitivity simulation for a C/O ratio of 2.0
Starting thermo sensitivity simulation for a C/O ratio of 2.4
0 X(1) -0.002 -0.006 -0.008 -0.007 -0.010
1 HX(19) 0.001 0.003 0.004 0.004 0.005
2 OX(20) -0.000 -0.001 -0.001 -0.001 -0.003
3 CH3X(21) 0.000 -0.000 -0.000 -0.000 -0.000
4 HOX(22) 0.000 0.000 0.000 0.000 0.000
5 H2OX(23) 0.000 0.001 0.001 0.001 0.002
6 CO2X(24) -0.000 -0.000 -0.000 -0.000 0.000
7 OCX(25) -0.000 -0.000 -0.000 -0.000 0.000
8 CX(26) -0.000 -0.000 -0.000 -0.000 -0.000
9 CH2X(27) 0.001 0.003 0.004 0.004 0.005
10 CHX(28) -0.000 -0.000 -0.000 -0.000 -0.000
11 CH4X(48) -0.000 -0.000 -0.000 -0.000 -0.000
12 H2X(49) -0.000 -0.000 -0.000 -0.000 -0.000
13 COX(50) -0.000 -0.000 -0.000 -0.000 -0.000
14 CHOX(53) -0.000 -0.000 -0.000 -0.000 -0.000
Finished thermo sensitivity simulation for a C/O ratio of 2.4
Starting thermo sensitivity simulation for a C/O ratio of 2.6
0 X(1) -0.002 -0.007 -0.009 -0.008 -0.013
1 HX(19) 0.001 0.003 0.004 0.004 0.007
2 OX(20) -0.000 -0.001 -0.001 -0.001 -0.003
3 CH3X(21) 0.000 -0.000 -0.000 -0.000 0.000
4 HOX(22) 0.000 0.000 0.000 0.000 0.000
5 H2OX(23) 0.000 0.001 0.001 0.001 0.003
6 CO2X(24) -0.000 -0.000 -0.000 0.000 0.000
7 OCX(25) -0.000 -0.000 -0.000 0.000 0.000
8 CX(26) -0.000 -0.000 -0.000 -0.000 0.000
9 CH2X(27) 0.001 0.004 0.005 0.004 0.007
10 CHX(28) -0.000 -0.000 -0.000 -0.000 0.000
11 CH4X(48) -0.000 -0.000 -0.000 -0.000 -0.000
12 H2X(49) -0.000 -0.000 -0.000 -0.000 0.000
13 COX(50) -0.000 -0.000 -0.000 -0.000 0.000
14 CHOX(53) -0.000 -0.000 -0.000 -0.000 0.000
Finished thermo sensitivity simulation for a C/O ratio of 2.6
Starting sensitivity simulation for a C/O ratio of 0.6
0 CH4(2) + X(1) <=> CH4X(48) -0.000 -0.000 -0.000 -0.000 -0.000
1 O2(3) + 2 X(1) <=> 2 OX(20) 0.299 1.593 1.887 1.747 1.822
2 H2(6) + 2 X(1) <=> 2 HX(19) -0.000 -0.000 -0.000 0.000 -0.020
3 H(12) + X(1) <=> HX(19) -0.000 -0.000 -0.000 -0.000 0.000
4 HX(19) + OX(20) <=> HOX(22) + X(1) -0.000 0.000 0.000 0.000 0.001
5 H2O(5) + 2 X(1) <=> HOX(22) + HX(19) 0.000 -0.000 -0.000 -0.000 -0.000
6 OH(17) + X(1) <=> HOX(22) 0.000 -0.000 -0.000 -0.000 -0.000
7 CH4(2) + 2 X(1) <=> CH3X(21) + HX(19) 0.000 -0.000 -0.000 -0.000 -0.000
8 CH4(2) + OX(20) + X(1) <=> CH3X(21) + HOX(22) 0.015 -1.080 -1.065 -1.073 -1.789
9 C2H6(8) + 2 X(1) <=> 2 CH3X(21) 0.340 0.229 0.569 0.406 -0.021
10 CH3(10) + X(1) <=> CH3X(21) 0.000 0.000 0.000 0.000 -0.969
11 CH3OH(14) + 2 X(1) <=> CH3X(21) + HOX(22) 0.000 -0.000 -0.000 -0.000 0.000
12 CH2X(27) + HX(19) <=> CH3X(21) + X(1) -0.627 -1.268 -1.903 -1.600 -0.420
13 CH2X(27) + HOX(22) <=> CH3X(21) + OX(20) -0.042 -0.085 -0.128 -0.108 -0.029
14 CHX(28) + HX(19) <=> CH2X(27) + X(1) -0.000 -0.000 -0.000 -0.000 0.003
15 CHX(28) + HOX(22) <=> CH2X(27) + OX(20) -0.000 0.000 0.000 0.000 0.000
16 2 CH2X(27) <=> CH3X(21) + CHX(28) 0.000 -0.000 -0.000 0.000 0.000
17 CHX(28) + X(1) <=> CX(26) + HX(19) 0.000 -0.000 -0.000 0.000 0.000
18 CX(26) + H2(6) <=> CH2X(27) -0.000 -0.000 -0.000 0.000 -0.003
19 CX(26) + HOX(22) <=> CHX(28) + OX(20) -0.000 -0.000 -0.000 -0.000 -0.000
20 CH3X(21) + CX(26) <=> CH2X(27) + CHX(28) -0.000 -0.000 -0.000 -0.000 0.000
21 CH2X(27) + CX(26) <=> 2 CHX(28) 0.000 0.000 0.000 0.000 -0.000
22 CO(7) + X(1) <=> OCX(25) -0.000 -0.000 -0.000 -0.000 0.000
23 CX(26) + OX(20) <=> OCX(25) + X(1) 0.000 0.000 0.000 0.000 -0.000
24 H2(6) + X(1) <=> H2X(49) 0.000 -0.000 -0.000 -0.000 -0.000
25 CH4(2) + HOX(22) + X(1) <=> CH3X(21) + H2OX(23) 0.000 -0.000 -0.000 -0.000 -0.000
26 H2O(5) + X(1) <=> H2OX(23) 0.000 -0.000 -0.000 -0.000 -0.001
27 H2OX(23) + OX(20) <=> 2 HOX(22) 0.006 -0.441 -0.435 -0.438 -0.708
28 HOX(22) + HX(19) <=> H2OX(23) + X(1) 0.000 0.000 0.000 -0.000 -0.000
29 CO(7) + X(1) <=> COX(50) -0.000 -0.000 -0.000 -0.000 -0.000
30 CH2O(9) + 2 X(1) <=> CHOX(53) + HX(19) 0.000 -0.000 -0.000 -0.000 0.000
31 HCO(15) + X(1) <=> CHOX(53) 0.000 -0.000 -0.000 0.000 -0.000
32 CH3CHO(16) + 2 X(1) <=> CH3X(21) + CHOX(53) -0.000 -0.000 -0.000 -0.000 -0.000
33 CHOX(53) + X(1) <=> HX(19) + OCX(25) -0.000 -0.000 -0.000 -0.000 -0.000
34 CHOX(53) + OX(20) <=> HOX(22) + OCX(25) -0.000 -0.000 -0.000 -0.000 -0.000
35 CH2X(27) + CHOX(53) <=> CH3X(21) + OCX(25) 0.000 -0.000 -0.000 0.000 -0.000
36 CHOX(53) + CHX(28) <=> CH2X(27) + OCX(25) -0.000 -0.000 -0.000 -0.000 -0.000
37 CHOX(53) + CX(26) <=> CHX(28) + OCX(25) -0.000 -0.000 -0.000 -0.000 -0.000
38 CO2(4) + X(1) <=> CO2X(24) -0.000 -0.000 -0.000 0.000 -0.000
39 OCX(25) + OX(20) <=> CO2X(24) + X(1) 0.001 0.001 0.001 0.001 -0.000
40 CO2X(24) + HX(19) <=> HOX(22) + OCX(25) 0.000 0.000 0.001 0.000 -0.000
Finished sensitivity simulation for a C/O ratio of 0.6
Finished translating for C/O ratio of 0.6
Starting sensitivity simulation for a C/O ratio of 0.7
0 CH4(2) + X(1) <=> CH4X(48) -0.000 -0.000 -0.000 -0.000 0.000
1 O2(3) + 2 X(1) <=> 2 OX(20) 0.308 1.625 1.928 1.782 1.895
2 H2(6) + 2 X(1) <=> 2 HX(19) -0.000 -0.000 -0.000 -0.000 -0.023
3 H(12) + X(1) <=> HX(19) -0.000 -0.000 -0.000 -0.000 0.000
4 HX(19) + OX(20) <=> HOX(22) + X(1) -0.000 0.000 0.000 0.000 0.001
5 H2O(5) + 2 X(1) <=> HOX(22) + HX(19) 0.000 -0.000 -0.000 -0.000 -0.000
6 OH(17) + X(1) <=> HOX(22) -0.000 -0.000 -0.000 -0.000 0.000
7 CH4(2) + 2 X(1) <=> CH3X(21) + HX(19) 0.000 -0.000 -0.000 -0.000 0.000
8 CH4(2) + OX(20) + X(1) <=> CH3X(21) + HOX(22) 0.009 -1.096 -1.087 -1.092 -1.836
9 C2H6(8) + 2 X(1) <=> 2 CH3X(21) 0.339 0.235 0.573 0.409 -0.014
10 CH3(10) + X(1) <=> CH3X(21) 0.000 0.000 0.000 0.000 -0.966
11 CH3OH(14) + 2 X(1) <=> CH3X(21) + HOX(22) 0.000 -0.000 -0.000 -0.000 0.000
12 CH2X(27) + HX(19) <=> CH3X(21) + X(1) -0.635 -1.304 -1.947 -1.638 -0.480
13 CH2X(27) + HOX(22) <=> CH3X(21) + OX(20) -0.037 -0.075 -0.111 -0.094 -0.028
14 CHX(28) + HX(19) <=> CH2X(27) + X(1) -0.000 -0.000 -0.000 -0.000 0.002
15 CHX(28) + HOX(22) <=> CH2X(27) + OX(20) -0.000 0.000 -0.000 0.000 0.000
16 2 CH2X(27) <=> CH3X(21) + CHX(28) -0.000 -0.000 -0.000 -0.000 0.000
17 CHX(28) + X(1) <=> CX(26) + HX(19) -0.000 -0.000 -0.000 -0.000 0.000
18 CX(26) + H2(6) <=> CH2X(27) -0.000 -0.000 -0.000 -0.000 -0.002
19 CX(26) + HOX(22) <=> CHX(28) + OX(20) -0.000 -0.000 -0.000 -0.000 0.000
20 CH3X(21) + CX(26) <=> CH2X(27) + CHX(28) -0.000 -0.000 -0.000 -0.000 0.000
21 CH2X(27) + CX(26) <=> 2 CHX(28) -0.000 -0.000 -0.000 -0.000 0.000
22 CO(7) + X(1) <=> OCX(25) -0.000 -0.000 -0.000 -0.000 0.000
23 CX(26) + OX(20) <=> OCX(25) + X(1) 0.000 0.000 0.000 0.000 0.000
24 H2(6) + X(1) <=> H2X(49) -0.000 -0.000 -0.000 -0.000 0.000
25 CH4(2) + HOX(22) + X(1) <=> CH3X(21) + H2OX(23) 0.000 -0.000 -0.000 -0.000 -0.000
26 H2O(5) + X(1) <=> H2OX(23) 0.000 -0.000 -0.000 -0.000 -0.001
27 H2OX(23) + OX(20) <=> 2 HOX(22) 0.003 -0.447 -0.444 -0.446 -0.726
28 HOX(22) + HX(19) <=> H2OX(23) + X(1) -0.000 -0.000 -0.000 -0.000 0.000
29 CO(7) + X(1) <=> COX(50) -0.000 -0.000 -0.000 -0.000 0.000
30 CH2O(9) + 2 X(1) <=> CHOX(53) + HX(19) -0.000 -0.000 -0.000 -0.000 0.000
31 HCO(15) + X(1) <=> CHOX(53) -0.000 -0.000 -0.000 -0.000 0.000
32 CH3CHO(16) + 2 X(1) <=> CH3X(21) + CHOX(53) -0.000 -0.000 -0.000 -0.000 0.000
33 CHOX(53) + X(1) <=> HX(19) + OCX(25) -0.000 -0.000 -0.000 -0.000 0.000
34 CHOX(53) + OX(20) <=> HOX(22) + OCX(25) -0.000 -0.000 -0.000 -0.000 0.000
35 CH2X(27) + CHOX(53) <=> CH3X(21) + OCX(25) -0.000 -0.000 -0.000 -0.000 0.000
36 CHOX(53) + CHX(28) <=> CH2X(27) + OCX(25) -0.000 -0.000 -0.000 -0.000 0.000
37 CHOX(53) + CX(26) <=> CHX(28) + OCX(25) -0.000 -0.000 -0.000 -0.000 0.000
38 CO2(4) + X(1) <=> CO2X(24) -0.000 -0.000 -0.000 -0.000 0.000
39 OCX(25) + OX(20) <=> CO2X(24) + X(1) 0.001 0.001 0.002 0.001 -0.001
40 CO2X(24) + HX(19) <=> HOX(22) + OCX(25) 0.001 0.000 0.001 0.000 -0.000
Finished sensitivity simulation for a C/O ratio of 0.7
Finished translating for C/O ratio of 0.7
Starting sensitivity simulation for a C/O ratio of 1.0
0 CH4(2) + X(1) <=> CH4X(48) 0.000 0.000 0.000 0.000 0.000
1 O2(3) + 2 X(1) <=> 2 OX(20) 0.327 1.717 2.039 1.884 2.164
2 H2(6) + 2 X(1) <=> 2 HX(19) -0.000 -0.000 -0.000 0.000 -0.032
3 H(12) + X(1) <=> HX(19) 0.000 0.000 0.000 0.000 0.000
4 HX(19) + OX(20) <=> HOX(22) + X(1) 0.000 0.000 0.000 0.000 0.001
5 H2O(5) + 2 X(1) <=> HOX(22) + HX(19) -0.000 -0.000 -0.000 -0.000 -0.000
6 OH(17) + X(1) <=> HOX(22) 0.000 0.000 0.000 -0.000 -0.000
7 CH4(2) + 2 X(1) <=> CH3X(21) + HX(19) -0.000 -0.000 -0.000 -0.000 0.000
8 CH4(2) + OX(20) + X(1) <=> CH3X(21) + HOX(22) -0.007 -1.148 -1.155 -1.153 -2.025
9 C2H6(8) + 2 X(1) <=> 2 CH3X(21) 0.332 0.252 0.583 0.422 0.011
10 CH3(10) + X(1) <=> CH3X(21) 0.000 0.000 0.000 0.000 -0.954
11 CH3OH(14) + 2 X(1) <=> CH3X(21) + HOX(22) 0.000 -0.000 -0.000 -0.000 0.000
12 CH2X(27) + HX(19) <=> CH3X(21) + X(1) -0.646 -1.403 -2.058 -1.742 -0.696
13 CH2X(27) + HOX(22) <=> CH3X(21) + OX(20) -0.025 -0.055 -0.080 -0.068 -0.027
14 CHX(28) + HX(19) <=> CH2X(27) + X(1) -0.000 -0.000 -0.000 -0.000 0.001
15 CHX(28) + HOX(22) <=> CH2X(27) + OX(20) 0.000 0.000 0.000 0.000 0.000
16 2 CH2X(27) <=> CH3X(21) + CHX(28) 0.000 0.000 0.000 0.000 0.000
17 CHX(28) + X(1) <=> CX(26) + HX(19) 0.000 0.000 0.000 0.000 -0.000
18 CX(26) + H2(6) <=> CH2X(27) 0.000 0.000 0.000 0.000 -0.001
19 CX(26) + HOX(22) <=> CHX(28) + OX(20) 0.000 0.000 0.000 0.000 0.000
20 CH3X(21) + CX(26) <=> CH2X(27) + CHX(28) -0.000 -0.000 -0.000 -0.000 -0.000
21 CH2X(27) + CX(26) <=> 2 CHX(28) 0.000 0.000 0.000 0.000 0.000
22 CO(7) + X(1) <=> OCX(25) -0.000 -0.000 -0.000 -0.000 0.000
23 CX(26) + OX(20) <=> OCX(25) + X(1) 0.000 0.000 0.000 0.000 0.000
24 H2(6) + X(1) <=> H2X(49) 0.000 0.000 0.000 0.000 -0.000
25 CH4(2) + HOX(22) + X(1) <=> CH3X(21) + H2OX(23) -0.000 -0.000 -0.000 -0.000 -0.000
26 H2O(5) + X(1) <=> H2OX(23) -0.000 -0.000 -0.000 -0.000 -0.001
27 H2OX(23) + OX(20) <=> 2 HOX(22) -0.003 -0.468 -0.472 -0.470 -0.791
28 HOX(22) + HX(19) <=> H2OX(23) + X(1) 0.000 0.000 0.000 0.000 0.000
29 CO(7) + X(1) <=> COX(50) 0.000 0.000 0.000 0.000 -0.000
30 CH2O(9) + 2 X(1) <=> CHOX(53) + HX(19) 0.000 0.000 0.000 0.000 0.000
31 HCO(15) + X(1) <=> CHOX(53) 0.000 0.000 0.000 0.000 0.000
32 CH3CHO(16) + 2 X(1) <=> CH3X(21) + CHOX(53) 0.000 0.000 0.000 0.000 0.000
33 CHOX(53) + X(1) <=> HX(19) + OCX(25) -0.000 0.000 0.000 0.000 0.000
34 CHOX(53) + OX(20) <=> HOX(22) + OCX(25) 0.000 -0.000 0.000 0.000 -0.000
35 CH2X(27) + CHOX(53) <=> CH3X(21) + OCX(25) 0.000 0.000 0.000 0.000 -0.000
36 CHOX(53) + CHX(28) <=> CH2X(27) + OCX(25) 0.000 0.000 0.000 0.000 0.000
37 CHOX(53) + CX(26) <=> CHX(28) + OCX(25) 0.000 0.000 0.000 0.000 0.000
38 CO2(4) + X(1) <=> CO2X(24) 0.000 0.000 0.000 0.000 0.000
39 OCX(25) + OX(20) <=> CO2X(24) + X(1) 0.001 0.001 0.002 0.001 -0.001
40 CO2X(24) + HX(19) <=> HOX(22) + OCX(25) 0.001 0.001 0.002 0.001 -0.001
Finished sensitivity simulation for a C/O ratio of 1.0
Finished translating for C/O ratio of 1.0
Starting sensitivity simulation for a C/O ratio of 0.8
0 CH4(2) + X(1) <=> CH4X(48) 0.000 -0.000 -0.000 0.000 0.000
1 O2(3) + 2 X(1) <=> 2 OX(20) 0.315 1.655 1.965 1.816 1.977
2 H2(6) + 2 X(1) <=> 2 HX(19) -0.000 -0.000 -0.000 -0.000 -0.026
3 H(12) + X(1) <=> HX(19) 0.000 -0.000 0.000 -0.000 0.000
4 HX(19) + OX(20) <=> HOX(22) + X(1) -0.000 0.000 0.000 0.000 0.001
5 H2O(5) + 2 X(1) <=> HOX(22) + HX(19) 0.000 -0.000 -0.000 -0.000 0.000
6 OH(17) + X(1) <=> HOX(22) 0.000 -0.000 -0.000 -0.000 0.000
7 CH4(2) + 2 X(1) <=> CH3X(21) + HX(19) 0.000 -0.000 -0.000 -0.000 0.000
8 CH4(2) + OX(20) + X(1) <=> CH3X(21) + HOX(22) 0.003 -1.113 -1.109 -1.112 -1.896
9 C2H6(8) + 2 X(1) <=> 2 CH3X(21) 0.337 0.240 0.577 0.413 -0.007
10 CH3(10) + X(1) <=> CH3X(21) 0.000 0.000 0.000 0.000 -0.962
11 CH3OH(14) + 2 X(1) <=> CH3X(21) + HOX(22) 0.000 -0.000 -0.000 -0.000 0.000
12 CH2X(27) + HX(19) <=> CH3X(21) + X(1) -0.640 -1.338 -1.987 -1.674 -0.545
13 CH2X(27) + HOX(22) <=> CH3X(21) + OX(20) -0.032 -0.067 -0.099 -0.083 -0.027
14 CHX(28) + HX(19) <=> CH2X(27) + X(1) -0.000 -0.000 -0.000 -0.000 0.002
15 CHX(28) + HOX(22) <=> CH2X(27) + OX(20) -0.000 0.000 0.000 0.000 0.000
16 2 CH2X(27) <=> CH3X(21) + CHX(28) 0.000 0.000 0.000 0.000 0.000
17 CHX(28) + X(1) <=> CX(26) + HX(19) -0.000 -0.000 -0.000 -0.000 0.000
18 CX(26) + H2(6) <=> CH2X(27) -0.000 -0.000 -0.000 -0.000 -0.002
19 CX(26) + HOX(22) <=> CHX(28) + OX(20) 0.000 -0.000 -0.000 -0.000 0.000
20 CH3X(21) + CX(26) <=> CH2X(27) + CHX(28) -0.000 -0.000 -0.000 -0.000 0.000
21 CH2X(27) + CX(26) <=> 2 CHX(28) 0.000 0.000 0.000 0.000 0.000
22 CO(7) + X(1) <=> OCX(25) -0.000 -0.000 -0.000 -0.000 0.000
23 CX(26) + OX(20) <=> OCX(25) + X(1) 0.000 0.000 0.000 0.000 0.000
24 H2(6) + X(1) <=> H2X(49) 0.000 -0.000 -0.000 0.000 0.000
25 CH4(2) + HOX(22) + X(1) <=> CH3X(21) + H2OX(23) 0.000 -0.000 -0.000 -0.000 0.000
26 H2O(5) + X(1) <=> H2OX(23) 0.000 -0.000 -0.000 -0.000 -0.000
27 H2OX(23) + OX(20) <=> 2 HOX(22) 0.001 -0.454 -0.453 -0.454 -0.746
28 HOX(22) + HX(19) <=> H2OX(23) + X(1) 0.000 -0.000 -0.000 -0.000 0.000
29 CO(7) + X(1) <=> COX(50) 0.000 -0.000 -0.000 0.000 0.000
30 CH2O(9) + 2 X(1) <=> CHOX(53) + HX(19) 0.000 0.000 0.000 0.000 0.000
31 HCO(15) + X(1) <=> CHOX(53) -0.000 -0.000 -0.000 -0.000 0.000
32 CH3CHO(16) + 2 X(1) <=> CH3X(21) + CHOX(53) 0.000 -0.000 -0.000 -0.000 0.000
33 CHOX(53) + X(1) <=> HX(19) + OCX(25) 0.000 -0.000 -0.000 0.000 0.000
34 CHOX(53) + OX(20) <=> HOX(22) + OCX(25) 0.000 0.000 0.000 0.000 0.000
35 CH2X(27) + CHOX(53) <=> CH3X(21) + OCX(25) 0.000 -0.000 -0.000 -0.000 0.000
36 CHOX(53) + CHX(28) <=> CH2X(27) + OCX(25) 0.000 -0.000 -0.000 0.000 0.000
37 CHOX(53) + CX(26) <=> CHX(28) + OCX(25) -0.000 -0.000 -0.000 -0.000 0.000
38 CO2(4) + X(1) <=> CO2X(24) 0.000 -0.000 -0.000 0.000 0.000
39 OCX(25) + OX(20) <=> CO2X(24) + X(1) 0.001 0.001 0.002 0.001 -0.001
40 CO2X(24) + HX(19) <=> HOX(22) + OCX(25) 0.001 0.001 0.001 0.000 -0.000
Finished sensitivity simulation for a C/O ratio of 0.8
Finished translating for C/O ratio of 0.8
Starting sensitivity simulation for a C/O ratio of 1.2
0 CH4(2) + X(1) <=> CH4X(48) -0.000 -0.000 -0.000 -0.000 -0.000
1 O2(3) + 2 X(1) <=> 2 OX(20) 0.338 1.783 2.115 1.957 2.388
2 H2(6) + 2 X(1) <=> 2 HX(19) -0.000 -0.000 -0.000 -0.000 -0.037
3 H(12) + X(1) <=> HX(19) -0.000 -0.000 -0.000 -0.000 0.000
4 HX(19) + OX(20) <=> HOX(22) + X(1) 0.000 0.000 0.000 0.000 0.001
5 H2O(5) + 2 X(1) <=> HOX(22) + HX(19) -0.000 -0.000 -0.000 -0.000 -0.000
6 OH(17) + X(1) <=> HOX(22) -0.000 -0.000 -0.000 -0.000 -0.000
7 CH4(2) + 2 X(1) <=> CH3X(21) + HX(19) -0.000 -0.000 -0.000 -0.000 -0.000
8 CH4(2) + OX(20) + X(1) <=> CH3X(21) + HOX(22) -0.018 -1.189 -1.207 -1.200 -2.183
9 C2H6(8) + 2 X(1) <=> 2 CH3X(21) 0.327 0.263 0.589 0.431 0.035
10 CH3(10) + X(1) <=> CH3X(21) 0.000 0.000 0.000 0.000 -0.944
11 CH3OH(14) + 2 X(1) <=> CH3X(21) + HOX(22) 0.000 -0.000 -0.000 -0.000 0.000
12 CH2X(27) + HX(19) <=> CH3X(21) + X(1) -0.648 -1.471 -2.129 -1.813 -0.881
13 CH2X(27) + HOX(22) <=> CH3X(21) + OX(20) -0.021 -0.047 -0.068 -0.058 -0.028
14 CHX(28) + HX(19) <=> CH2X(27) + X(1) -0.000 -0.000 -0.000 -0.000 0.001
15 CHX(28) + HOX(22) <=> CH2X(27) + OX(20) -0.000 0.000 0.000 0.000 0.000
16 2 CH2X(27) <=> CH3X(21) + CHX(28) -0.000 -0.000 -0.000 -0.000 -0.000
17 CHX(28) + X(1) <=> CX(26) + HX(19) -0.000 -0.000 -0.000 -0.000 -0.000
18 CX(26) + H2(6) <=> CH2X(27) -0.000 -0.000 -0.000 -0.000 -0.001
19 CX(26) + HOX(22) <=> CHX(28) + OX(20) -0.000 -0.000 -0.000 -0.000 -0.000
20 CH3X(21) + CX(26) <=> CH2X(27) + CHX(28) -0.000 -0.000 -0.000 -0.000 -0.000
21 CH2X(27) + CX(26) <=> 2 CHX(28) -0.000 -0.000 -0.000 -0.000 -0.000
22 CO(7) + X(1) <=> OCX(25) -0.000 -0.000 -0.000 -0.000 0.000
23 CX(26) + OX(20) <=> OCX(25) + X(1) 0.000 0.000 0.000 0.000 -0.000
24 H2(6) + X(1) <=> H2X(49) -0.000 -0.000 -0.000 -0.000 -0.000
25 CH4(2) + HOX(22) + X(1) <=> CH3X(21) + H2OX(23) -0.000 -0.000 -0.000 -0.000 -0.000
26 H2O(5) + X(1) <=> H2OX(23) -0.000 -0.000 -0.000 -0.000 -0.001
27 H2OX(23) + OX(20) <=> 2 HOX(22) -0.008 -0.484 -0.493 -0.489 -0.848
28 HOX(22) + HX(19) <=> H2OX(23) + X(1) -0.000 -0.000 -0.000 -0.000 0.000
29 CO(7) + X(1) <=> COX(50) -0.000 -0.000 -0.000 -0.000 -0.000
30 CH2O(9) + 2 X(1) <=> CHOX(53) + HX(19) -0.000 -0.000 -0.000 -0.000 -0.000
31 HCO(15) + X(1) <=> CHOX(53) -0.000 -0.000 -0.000 -0.000 -0.000
32 CH3CHO(16) + 2 X(1) <=> CH3X(21) + CHOX(53) -0.000 -0.000 -0.000 -0.000 -0.000
33 CHOX(53) + X(1) <=> HX(19) + OCX(25) -0.000 -0.000 -0.000 -0.000 -0.000
34 CHOX(53) + OX(20) <=> HOX(22) + OCX(25) -0.000 -0.000 -0.000 -0.000 -0.000
35 CH2X(27) + CHOX(53) <=> CH3X(21) + OCX(25) -0.000 -0.000 -0.000 -0.000 -0.000
36 CHOX(53) + CHX(28) <=> CH2X(27) + OCX(25) -0.000 -0.000 -0.000 -0.000 -0.000
37 CHOX(53) + CX(26) <=> CHX(28) + OCX(25) -0.000 -0.000 -0.000 -0.000 -0.000
38 CO2(4) + X(1) <=> CO2X(24) -0.000 -0.000 -0.000 -0.000 -0.000
39 OCX(25) + OX(20) <=> CO2X(24) + X(1) 0.002 0.001 0.003 0.001 -0.001
40 CO2X(24) + HX(19) <=> HOX(22) + OCX(25) 0.002 0.001 0.003 0.001 -0.001
Finished sensitivity simulation for a C/O ratio of 1.2
Finished translating for C/O ratio of 1.2
Starting sensitivity simulation for a C/O ratio of 1.1
0 CH4(2) + X(1) <=> CH4X(48) -0.000 -0.000 -0.000 -0.000 0.000
1 O2(3) + 2 X(1) <=> 2 OX(20) 0.333 1.749 2.076 1.920 2.272
2 H2(6) + 2 X(1) <=> 2 HX(19) -0.000 -0.000 -0.000 0.000 -0.035
3 H(12) + X(1) <=> HX(19) -0.000 -0.000 -0.000 -0.000 0.000
4 HX(19) + OX(20) <=> HOX(22) + X(1) 0.000 0.000 0.000 0.000 0.001
5 H2O(5) + 2 X(1) <=> HOX(22) + HX(19) -0.000 -0.000 -0.000 -0.000 0.000
6 OH(17) + X(1) <=> HOX(22) 0.000 0.000 0.000 -0.000 0.000
7 CH4(2) + 2 X(1) <=> CH3X(21) + HX(19) -0.000 -0.000 -0.000 -0.000 0.000
8 CH4(2) + OX(20) + X(1) <=> CH3X(21) + HOX(22) -0.012 -1.168 -1.180 -1.175 -2.100
9 C2H6(8) + 2 X(1) <=> 2 CH3X(21) 0.330 0.257 0.586 0.426 0.023
10 CH3(10) + X(1) <=> CH3X(21) 0.000 0.000 0.000 0.000 -0.949
11 CH3OH(14) + 2 X(1) <=> CH3X(21) + HOX(22) 0.000 -0.000 -0.000 -0.000 0.000
12 CH2X(27) + HX(19) <=> CH3X(21) + X(1) -0.647 -1.436 -2.093 -1.777 -0.783
13 CH2X(27) + HOX(22) <=> CH3X(21) + OX(20) -0.023 -0.050 -0.073 -0.062 -0.027
14 CHX(28) + HX(19) <=> CH2X(27) + X(1) -0.000 -0.000 -0.000 -0.000 0.001
15 CHX(28) + HOX(22) <=> CH2X(27) + OX(20) -0.000 0.000 0.000 0.000 0.000
16 2 CH2X(27) <=> CH3X(21) + CHX(28) -0.000 0.000 0.000 -0.000 0.000
17 CHX(28) + X(1) <=> CX(26) + HX(19) -0.000 -0.000 -0.000 -0.000 0.000
18 CX(26) + H2(6) <=> CH2X(27) -0.000 -0.000 -0.000 -0.000 -0.001
19 CX(26) + HOX(22) <=> CHX(28) + OX(20) -0.000 -0.000 -0.000 -0.000 0.000
20 CH3X(21) + CX(26) <=> CH2X(27) + CHX(28) -0.000 -0.000 -0.000 -0.000 0.000
21 CH2X(27) + CX(26) <=> 2 CHX(28) -0.000 -0.000 -0.000 -0.000 0.000
22 CO(7) + X(1) <=> OCX(25) -0.000 -0.000 -0.000 -0.000 0.000
23 CX(26) + OX(20) <=> OCX(25) + X(1) 0.000 0.000 0.000 0.000 0.000
24 H2(6) + X(1) <=> H2X(49) 0.000 0.000 0.000 0.000 0.000
25 CH4(2) + HOX(22) + X(1) <=> CH3X(21) + H2OX(23) -0.000 -0.000 -0.000 -0.000 0.000
26 H2O(5) + X(1) <=> H2OX(23) -0.000 -0.000 -0.000 -0.000 -0.001
27 H2OX(23) + OX(20) <=> 2 HOX(22) -0.006 -0.476 -0.482 -0.479 -0.818
28 HOX(22) + HX(19) <=> H2OX(23) + X(1) 0.000 -0.000 -0.000 -0.000 0.000
29 CO(7) + X(1) <=> COX(50) -0.000 0.000 0.000 -0.000 0.000
30 CH2O(9) + 2 X(1) <=> CHOX(53) + HX(19) -0.000 -0.000 -0.000 -0.000 0.000
31 HCO(15) + X(1) <=> CHOX(53) -0.000 0.000 0.000 -0.000 0.000
32 CH3CHO(16) + 2 X(1) <=> CH3X(21) + CHOX(53) -0.000 -0.000 -0.000 -0.000 0.000
33 CHOX(53) + X(1) <=> HX(19) + OCX(25) -0.000 -0.000 -0.000 -0.000 0.000
34 CHOX(53) + OX(20) <=> HOX(22) + OCX(25) -0.000 0.000 -0.000 -0.000 0.000
35 CH2X(27) + CHOX(53) <=> CH3X(21) + OCX(25) -0.000 -0.000 -0.000 -0.000 0.000
36 CHOX(53) + CHX(28) <=> CH2X(27) + OCX(25) -0.000 -0.000 -0.000 -0.000 0.000
37 CHOX(53) + CX(26) <=> CHX(28) + OCX(25) -0.000 -0.000 -0.000 -0.000 0.000
38 CO2(4) + X(1) <=> CO2X(24) -0.000 0.000 -0.000 -0.000 0.000
39 OCX(25) + OX(20) <=> CO2X(24) + X(1) 0.001 0.001 0.002 0.001 -0.001
40 CO2X(24) + HX(19) <=> HOX(22) + OCX(25) 0.001 0.001 0.002 0.001 -0.001
Finished sensitivity simulation for a C/O ratio of 1.1
Finished translating for C/O ratio of 1.1
Starting sensitivity simulation for a C/O ratio of 0.9
0 CH4(2) + X(1) <=> CH4X(48) -0.000 -0.000 -0.000 -0.000 -0.000
1 O2(3) + 2 X(1) <=> 2 OX(20) 0.322 1.686 2.002 1.850 2.066
2 H2(6) + 2 X(1) <=> 2 HX(19) -0.000 -0.000 -0.000 -0.000 -0.029
3 H(12) + X(1) <=> HX(19) 0.000 -0.000 -0.000 0.000 0.000
4 HX(19) + OX(20) <=> HOX(22) + X(1) 0.000 0.000 0.000 0.000 0.001
5 H2O(5) + 2 X(1) <=> HOX(22) + HX(19) -0.000 -0.000 -0.000 -0.000 -0.000
6 OH(17) + X(1) <=> HOX(22) 0.000 -0.000 -0.000 -0.000 -0.000
7 CH4(2) + 2 X(1) <=> CH3X(21) + HX(19) -0.000 -0.000 -0.000 -0.000 -0.000
8 CH4(2) + OX(20) + X(1) <=> CH3X(21) + HOX(22) -0.002 -1.130 -1.132 -1.132 -1.957
9 C2H6(8) + 2 X(1) <=> 2 CH3X(21) 0.335 0.246 0.580 0.417 0.002
10 CH3(10) + X(1) <=> CH3X(21) 0.000 0.000 0.000 0.000 -0.958
11 CH3OH(14) + 2 X(1) <=> CH3X(21) + HOX(22) 0.000 -0.000 -0.000 -0.000 0.000
12 CH2X(27) + HX(19) <=> CH3X(21) + X(1) -0.644 -1.371 -2.023 -1.708 -0.616
13 CH2X(27) + HOX(22) <=> CH3X(21) + OX(20) -0.028 -0.060 -0.089 -0.075 -0.027
14 CHX(28) + HX(19) <=> CH2X(27) + X(1) -0.000 -0.000 -0.000 -0.000 0.001
15 CHX(28) + HOX(22) <=> CH2X(27) + OX(20) -0.000 0.000 0.000 0.000 0.000
16 2 CH2X(27) <=> CH3X(21) + CHX(28) -0.000 -0.000 -0.000 -0.000 -0.000
17 CHX(28) + X(1) <=> CX(26) + HX(19) -0.000 -0.000 -0.000 -0.000 -0.000
18 CX(26) + H2(6) <=> CH2X(27) -0.000 -0.000 -0.000 -0.000 -0.001
19 CX(26) + HOX(22) <=> CHX(28) + OX(20) -0.000 -0.000 -0.000 -0.000 -0.000
20 CH3X(21) + CX(26) <=> CH2X(27) + CHX(28) -0.000 -0.000 -0.000 -0.000 -0.000
21 CH2X(27) + CX(26) <=> 2 CHX(28) -0.000 -0.000 -0.000 -0.000 -0.000
22 CO(7) + X(1) <=> OCX(25) -0.000 -0.000 -0.000 -0.000 0.000
23 CX(26) + OX(20) <=> OCX(25) + X(1) 0.000 0.000 0.000 0.000 0.000
24 H2(6) + X(1) <=> H2X(49) -0.000 -0.000 -0.000 -0.000 -0.000
25 CH4(2) + HOX(22) + X(1) <=> CH3X(21) + H2OX(23) -0.000 -0.000 -0.000 -0.000 -0.000
26 H2O(5) + X(1) <=> H2OX(23) -0.000 -0.000 -0.000 -0.000 -0.001
27 H2OX(23) + OX(20) <=> 2 HOX(22) -0.001 -0.461 -0.462 -0.462 -0.767
28 HOX(22) + HX(19) <=> H2OX(23) + X(1) -0.000 -0.000 -0.000 -0.000 -0.000
29 CO(7) + X(1) <=> COX(50) -0.000 -0.000 -0.000 -0.000 -0.000
30 CH2O(9) + 2 X(1) <=> CHOX(53) + HX(19) -0.000 -0.000 -0.000 -0.000 -0.000
31 HCO(15) + X(1) <=> CHOX(53) -0.000 -0.000 -0.000 -0.000 0.000
32 CH3CHO(16) + 2 X(1) <=> CH3X(21) + CHOX(53) -0.000 -0.000 -0.000 -0.000 -0.000
33 CHOX(53) + X(1) <=> HX(19) + OCX(25) -0.000 -0.000 -0.000 -0.000 -0.000
34 CHOX(53) + OX(20) <=> HOX(22) + OCX(25) -0.000 -0.000 -0.000 -0.000 0.000
35 CH2X(27) + CHOX(53) <=> CH3X(21) + OCX(25) -0.000 -0.000 -0.000 -0.000 -0.000
36 CHOX(53) + CHX(28) <=> CH2X(27) + OCX(25) -0.000 -0.000 -0.000 -0.000 0.000
37 CHOX(53) + CX(26) <=> CHX(28) + OCX(25) -0.000 -0.000 -0.000 -0.000 -0.000
38 CO2(4) + X(1) <=> CO2X(24) -0.000 -0.000 -0.000 -0.000 -0.000
39 OCX(25) + OX(20) <=> CO2X(24) + X(1) 0.001 0.001 0.002 0.001 -0.001
40 CO2X(24) + HX(19) <=> HOX(22) + OCX(25) 0.001 0.001 0.002 0.001 -0.001
Finished sensitivity simulation for a C/O ratio of 0.9
Finished translating for C/O ratio of 0.9
Starting sensitivity simulation for a C/O ratio of 1.3
0 CH4(2) + X(1) <=> CH4X(48) -0.000 0.000 0.000 -0.000 0.000
1 O2(3) + 2 X(1) <=> 2 OX(20) 0.343 1.820 2.157 1.997 2.520
2 H2(6) + 2 X(1) <=> 2 HX(19) -0.000 -0.000 -0.000 0.000 -0.040
3 H(12) + X(1) <=> HX(19) 0.000 0.000 0.000 0.000 0.000
4 HX(19) + OX(20) <=> HOX(22) + X(1) 0.000 0.000 0.000 0.000 0.001
5 H2O(5) + 2 X(1) <=> HOX(22) + HX(19) -0.000 -0.000 -0.000 -0.000 -0.000
6 OH(17) + X(1) <=> HOX(22) 0.000 -0.000 -0.000 -0.000 0.000
7 CH4(2) + 2 X(1) <=> CH3X(21) + HX(19) -0.000 -0.000 -0.000 -0.000 0.000
8 CH4(2) + OX(20) + X(1) <=> CH3X(21) + HOX(22) -0.023 -1.212 -1.235 -1.226 -2.275
9 C2H6(8) + 2 X(1) <=> 2 CH3X(21) 0.324 0.270 0.593 0.437 0.050
10 CH3(10) + X(1) <=> CH3X(21) 0.000 0.000 0.000 0.000 -0.939
11 CH3OH(14) + 2 X(1) <=> CH3X(21) + HOX(22) 0.000 -0.000 -0.000 -0.000 0.000
12 CH2X(27) + HX(19) <=> CH3X(21) + X(1) -0.649 -1.506 -2.165 -1.850 -0.989
13 CH2X(27) + HOX(22) <=> CH3X(21) + OX(20) -0.019 -0.044 -0.063 -0.054 -0.029
14 CHX(28) + HX(19) <=> CH2X(27) + X(1) -0.000 -0.000 -0.000 -0.000 0.001
15 CHX(28) + HOX(22) <=> CH2X(27) + OX(20) -0.000 0.000 0.000 0.000 0.000
16 2 CH2X(27) <=> CH3X(21) + CHX(28) 0.000 0.000 0.000 0.000 0.000
17 CHX(28) + X(1) <=> CX(26) + HX(19) 0.000 0.000 0.000 0.000 0.000
18 CX(26) + H2(6) <=> CH2X(27) -0.000 -0.000 -0.000 -0.000 -0.001
19 CX(26) + HOX(22) <=> CHX(28) + OX(20) -0.000 0.000 0.000 -0.000 0.000
20 CH3X(21) + CX(26) <=> CH2X(27) + CHX(28) -0.000 -0.000 -0.000 -0.000 0.000
21 CH2X(27) + CX(26) <=> 2 CHX(28) 0.000 -0.000 -0.000 -0.000 0.000
22 CO(7) + X(1) <=> OCX(25) -0.000 -0.000 -0.000 -0.000 0.000
23 CX(26) + OX(20) <=> OCX(25) + X(1) 0.000 0.000 0.000 0.000 0.000
24 H2(6) + X(1) <=> H2X(49) -0.000 0.000 0.000 -0.000 0.000
25 CH4(2) + HOX(22) + X(1) <=> CH3X(21) + H2OX(23) -0.000 -0.000 -0.000 -0.000 -0.000
26 H2O(5) + X(1) <=> H2OX(23) -0.000 -0.000 -0.000 -0.000 -0.001
27 H2OX(23) + OX(20) <=> 2 HOX(22) -0.011 -0.494 -0.504 -0.499 -0.882
28 HOX(22) + HX(19) <=> H2OX(23) + X(1) 0.000 0.000 0.000 0.000 0.000
29 CO(7) + X(1) <=> COX(50) 0.000 0.000 0.000 0.000 0.000
30 CH2O(9) + 2 X(1) <=> CHOX(53) + HX(19) 0.000 0.000 0.000 0.000 0.000
31 HCO(15) + X(1) <=> CHOX(53) -0.000 0.000 -0.000 -0.000 0.000
32 CH3CHO(16) + 2 X(1) <=> CH3X(21) + CHOX(53) -0.000 0.000 0.000 -0.000 0.000
33 CHOX(53) + X(1) <=> HX(19) + OCX(25) -0.000 0.000 0.000 -0.000 0.000
34 CHOX(53) + OX(20) <=> HOX(22) + OCX(25) 0.000 0.000 0.000 0.000 0.000
35 CH2X(27) + CHOX(53) <=> CH3X(21) + OCX(25) -0.000 -0.000 -0.000 -0.000 0.000
36 CHOX(53) + CHX(28) <=> CH2X(27) + OCX(25) -0.000 -0.000 -0.000 -0.000 0.000
37 CHOX(53) + CX(26) <=> CHX(28) + OCX(25) 0.000 0.000 0.000 0.000 0.000
38 CO2(4) + X(1) <=> CO2X(24) -0.000 -0.000 -0.000 -0.000 0.000
39 OCX(25) + OX(20) <=> CO2X(24) + X(1) 0.002 0.001 0.003 0.001 -0.002
40 CO2X(24) + HX(19) <=> HOX(22) + OCX(25) 0.002 0.001 0.003 0.001 -0.002
Finished sensitivity simulation for a C/O ratio of 1.3
Finished translating for C/O ratio of 1.3
Starting sensitivity simulation for a C/O ratio of 2.0
0 CH4(2) + X(1) <=> CH4X(48) 0.000 0.000 0.000 0.000 0.000
1 O2(3) + 2 X(1) <=> 2 OX(20) 0.392 2.189 2.572 2.405 3.923
2 H2(6) + 2 X(1) <=> 2 HX(19) -0.000 -0.000 -0.000 0.000 -0.052
3 H(12) + X(1) <=> HX(19) 0.000 0.000 0.000 0.000 0.000
4 HX(19) + OX(20) <=> HOX(22) + X(1) 0.000 0.000 0.000 0.000 0.002
5 H2O(5) + 2 X(1) <=> HOX(22) + HX(19) -0.000 -0.000 -0.000 -0.000 -0.000
6 OH(17) + X(1) <=> HOX(22) 0.000 0.000 0.000 0.000 -0.000
7 CH4(2) + 2 X(1) <=> CH3X(21) + HX(19) -0.000 -0.000 -0.000 -0.000 -0.000
8 CH4(2) + OX(20) + X(1) <=> CH3X(21) + HOX(22) -0.077 -1.461 -1.539 -1.508 -3.291
9 C2H6(8) + 2 X(1) <=> 2 CH3X(21) 0.303 0.330 0.632 0.494 0.230
10 CH3(10) + X(1) <=> CH3X(21) 0.000 0.000 0.000 0.000 -0.900
11 CH3OH(14) + 2 X(1) <=> CH3X(21) + HOX(22) 0.000 -0.000 -0.000 -0.000 -0.000
12 CH2X(27) + HX(19) <=> CH3X(21) + X(1) -0.657 -1.853 -2.522 -2.222 -2.206
13 CH2X(27) + HOX(22) <=> CH3X(21) + OX(20) -0.011 -0.032 -0.043 -0.038 -0.038
14 CHX(28) + HX(19) <=> CH2X(27) + X(1) -0.000 -0.000 -0.000 -0.000 0.000
15 CHX(28) + HOX(22) <=> CH2X(27) + OX(20) 0.000 0.000 0.000 0.000 0.000
16 2 CH2X(27) <=> CH3X(21) + CHX(28) 0.000 0.000 0.000 0.000 -0.000
17 CHX(28) + X(1) <=> CX(26) + HX(19) 0.000 0.000 0.000 0.000 -0.000
18 CX(26) + H2(6) <=> CH2X(27) 0.000 0.000 0.000 0.000 -0.000
19 CX(26) + HOX(22) <=> CHX(28) + OX(20) 0.000 0.000 0.000 0.000 -0.000
20 CH3X(21) + CX(26) <=> CH2X(27) + CHX(28) -0.000 -0.000 -0.000 -0.000 -0.000
21 CH2X(27) + CX(26) <=> 2 CHX(28) 0.000 0.000 0.000 0.000 0.000
22 CO(7) + X(1) <=> OCX(25) -0.000 -0.000 -0.000 -0.000 0.001
23 CX(26) + OX(20) <=> OCX(25) + X(1) 0.000 0.000 0.000 0.000 0.000
24 H2(6) + X(1) <=> H2X(49) 0.000 0.000 0.000 0.000 -0.000
25 CH4(2) + HOX(22) + X(1) <=> CH3X(21) + H2OX(23) -0.000 -0.000 -0.000 -0.000 -0.000
26 H2O(5) + X(1) <=> H2OX(23) -0.000 -0.001 -0.001 -0.001 -0.001
27 H2OX(23) + OX(20) <=> 2 HOX(22) -0.033 -0.590 -0.624 -0.609 -1.263
28 HOX(22) + HX(19) <=> H2OX(23) + X(1) 0.000 0.000 0.000 0.000 -0.000
29 CO(7) + X(1) <=> COX(50) 0.000 0.000 0.000 0.000 0.000
30 CH2O(9) + 2 X(1) <=> CHOX(53) + HX(19) 0.000 0.000 0.000 0.000 -0.000
31 HCO(15) + X(1) <=> CHOX(53) 0.000 0.000 0.000 0.000 0.000
32 CH3CHO(16) + 2 X(1) <=> CH3X(21) + CHOX(53) 0.000 0.000 0.000 0.000 0.000
33 CHOX(53) + X(1) <=> HX(19) + OCX(25) 0.000 0.000 0.000 0.000 -0.000
34 CHOX(53) + OX(20) <=> HOX(22) + OCX(25) 0.000 0.000 0.000 0.000 -0.000
35 CH2X(27) + CHOX(53) <=> CH3X(21) + OCX(25) 0.000 0.000 0.000 0.000 0.000
36 CHOX(53) + CHX(28) <=> CH2X(27) + OCX(25) 0.000 0.000 0.000 0.000 -0.000
37 CHOX(53) + CX(26) <=> CHX(28) + OCX(25) 0.000 0.000 0.000 0.000 0.000
38 CO2(4) + X(1) <=> CO2X(24) 0.000 0.000 0.000 0.000 0.000
39 OCX(25) + OX(20) <=> CO2X(24) + X(1) 0.003 0.001 0.004 0.001 -0.005
40 CO2X(24) + HX(19) <=> HOX(22) + OCX(25) 0.005 0.002 0.007 0.002 -0.008
Finished sensitivity simulation for a C/O ratio of 2.0
Finished translating for C/O ratio of 2.0
Starting sensitivity simulation for a C/O ratio of 1.8
0 CH4(2) + X(1) <=> CH4X(48) 0.000 0.000 0.000 0.000 0.000
1 O2(3) + 2 X(1) <=> 2 OX(20) 0.374 2.055 2.422 2.257 3.405
2 H2(6) + 2 X(1) <=> 2 HX(19) -0.000 -0.000 -0.000 0.000 -0.050
3 H(12) + X(1) <=> HX(19) 0.000 0.000 0.000 0.000 0.000
4 HX(19) + OX(20) <=> HOX(22) + X(1) 0.000 0.000 0.000 0.000 0.002
5 H2O(5) + 2 X(1) <=> HOX(22) + HX(19) -0.000 -0.000 -0.000 -0.000 -0.000
6 OH(17) + X(1) <=> HOX(22) 0.000 0.000 0.000 0.000 -0.000
7 CH4(2) + 2 X(1) <=> CH3X(21) + HX(19) -0.000 -0.000 -0.000 -0.000 -0.000
8 CH4(2) + OX(20) + X(1) <=> CH3X(21) + HOX(22) -0.058 -1.368 -1.427 -1.404 -2.911
9 C2H6(8) + 2 X(1) <=> 2 CH3X(21) 0.309 0.309 0.617 0.473 0.160
10 CH3(10) + X(1) <=> CH3X(21) 0.000 0.000 0.000 0.000 -0.912
11 CH3OH(14) + 2 X(1) <=> CH3X(21) + HOX(22) 0.000 -0.000 -0.000 -0.000 -0.000
12 CH2X(27) + HX(19) <=> CH3X(21) + X(1) -0.653 -1.729 -2.394 -2.088 -1.748
13 CH2X(27) + HOX(22) <=> CH3X(21) + OX(20) -0.013 -0.034 -0.047 -0.041 -0.034
14 CHX(28) + HX(19) <=> CH2X(27) + X(1) -0.000 -0.000 -0.000 -0.000 0.000
15 CHX(28) + HOX(22) <=> CH2X(27) + OX(20) 0.000 0.000 0.000 0.000 0.000
16 2 CH2X(27) <=> CH3X(21) + CHX(28) 0.000 0.000 0.000 0.000 0.000
17 CHX(28) + X(1) <=> CX(26) + HX(19) 0.000 0.000 0.000 0.000 0.000
18 CX(26) + H2(6) <=> CH2X(27) 0.000 0.000 0.000 0.000 -0.000
19 CX(26) + HOX(22) <=> CHX(28) + OX(20) 0.000 0.000 0.000 0.000 0.000
20 CH3X(21) + CX(26) <=> CH2X(27) + CHX(28) -0.000 -0.000 -0.000 -0.000 -0.000
21 CH2X(27) + CX(26) <=> 2 CHX(28) 0.000 0.000 0.000 0.000 -0.000
22 CO(7) + X(1) <=> OCX(25) -0.000 -0.000 -0.000 -0.000 0.000
23 CX(26) + OX(20) <=> OCX(25) + X(1) 0.000 0.000 0.000 0.000 0.000
24 H2(6) + X(1) <=> H2X(49) 0.000 0.000 0.000 0.000 -0.000
25 CH4(2) + HOX(22) + X(1) <=> CH3X(21) + H2OX(23) -0.000 -0.000 -0.000 -0.000 -0.000
26 H2O(5) + X(1) <=> H2OX(23) -0.000 -0.001 -0.001 -0.001 -0.001
27 H2OX(23) + OX(20) <=> 2 HOX(22) -0.025 -0.555 -0.580 -0.569 -1.120
28 HOX(22) + HX(19) <=> H2OX(23) + X(1) 0.000 0.000 0.000 0.000 0.000
29 CO(7) + X(1) <=> COX(50) 0.000 0.000 0.000 0.000 0.000
30 CH2O(9) + 2 X(1) <=> CHOX(53) + HX(19) 0.000 0.000 0.000 0.000 0.000
31 HCO(15) + X(1) <=> CHOX(53) 0.000 0.000 0.000 0.000 0.000
32 CH3CHO(16) + 2 X(1) <=> CH3X(21) + CHOX(53) 0.000 0.000 0.000 0.000 0.000
33 CHOX(53) + X(1) <=> HX(19) + OCX(25) 0.000 0.000 0.000 0.000 0.000
34 CHOX(53) + OX(20) <=> HOX(22) + OCX(25) 0.000 0.000 0.000 0.000 0.000
35 CH2X(27) + CHOX(53) <=> CH3X(21) + OCX(25) 0.000 0.000 0.000 0.000 0.000
36 CHOX(53) + CHX(28) <=> CH2X(27) + OCX(25) 0.000 0.000 0.000 0.000 0.000
37 CHOX(53) + CX(26) <=> CHX(28) + OCX(25) 0.000 0.000 0.000 0.000 0.000
38 CO2(4) + X(1) <=> CO2X(24) 0.000 0.000 0.000 0.000 0.000
39 OCX(25) + OX(20) <=> CO2X(24) + X(1) 0.003 0.001 0.004 0.001 -0.003
40 CO2X(24) + HX(19) <=> HOX(22) + OCX(25) 0.004 0.002 0.006 0.002 -0.005
Finished sensitivity simulation for a C/O ratio of 1.8
Finished translating for C/O ratio of 1.8
Starting sensitivity simulation for a C/O ratio of 1.4
0 CH4(2) + X(1) <=> CH4X(48) -0.000 -0.000 -0.000 -0.000 -0.000
1 O2(3) + 2 X(1) <=> 2 OX(20) 0.348 1.859 2.201 2.040 2.663
2 H2(6) + 2 X(1) <=> 2 HX(19) -0.000 -0.000 -0.000 0.000 -0.042
3 H(12) + X(1) <=> HX(19) -0.000 -0.000 -0.000 -0.000 0.000
4 HX(19) + OX(20) <=> HOX(22) + X(1) 0.000 0.000 0.000 0.000 0.001
5 H2O(5) + 2 X(1) <=> HOX(22) + HX(19) -0.000 -0.000 -0.000 -0.000 -0.000
6 OH(17) + X(1) <=> HOX(22) -0.000 -0.000 -0.000 -0.000 -0.000
7 CH4(2) + 2 X(1) <=> CH3X(21) + HX(19) -0.000 -0.000 -0.000 -0.000 -0.000
8 CH4(2) + OX(20) + X(1) <=> CH3X(21) + HOX(22) -0.029 -1.237 -1.267 -1.255 -2.376
9 C2H6(8) + 2 X(1) <=> 2 CH3X(21) 0.321 0.276 0.597 0.443 0.066
10 CH3(10) + X(1) <=> CH3X(21) 0.000 0.000 0.000 0.000 -0.934
11 CH3OH(14) + 2 X(1) <=> CH3X(21) + HOX(22) 0.000 -0.000 -0.000 -0.000 -0.000
12 CH2X(27) + HX(19) <=> CH3X(21) + X(1) -0.650 -1.544 -2.204 -1.890 -1.109
13 CH2X(27) + HOX(22) <=> CH3X(21) + OX(20) -0.017 -0.041 -0.059 -0.050 -0.030
14 CHX(28) + HX(19) <=> CH2X(27) + X(1) -0.000 -0.000 -0.000 -0.000 0.000
15 CHX(28) + HOX(22) <=> CH2X(27) + OX(20) -0.000 0.000 0.000 0.000 0.000
16 2 CH2X(27) <=> CH3X(21) + CHX(28) -0.000 -0.000 -0.000 -0.000 -0.000
17 CHX(28) + X(1) <=> CX(26) + HX(19) -0.000 -0.000 -0.000 -0.000 -0.000
18 CX(26) + H2(6) <=> CH2X(27) -0.000 -0.000 -0.000 -0.000 -0.000
19 CX(26) + HOX(22) <=> CHX(28) + OX(20) -0.000 -0.000 -0.000 -0.000 -0.000
20 CH3X(21) + CX(26) <=> CH2X(27) + CHX(28) -0.000 -0.000 -0.000 -0.000 -0.000
21 CH2X(27) + CX(26) <=> 2 CHX(28) -0.000 -0.000 -0.000 -0.000 -0.000
22 CO(7) + X(1) <=> OCX(25) -0.000 -0.000 -0.000 -0.000 0.000
23 CX(26) + OX(20) <=> OCX(25) + X(1) 0.000 0.000 0.000 0.000 0.000
24 H2(6) + X(1) <=> H2X(49) -0.000 -0.000 -0.000 -0.000 -0.000
25 CH4(2) + HOX(22) + X(1) <=> CH3X(21) + H2OX(23) -0.000 -0.000 -0.000 -0.000 -0.000
26 H2O(5) + X(1) <=> H2OX(23) -0.000 -0.000 -0.000 -0.000 -0.001
27 H2OX(23) + OX(20) <=> 2 HOX(22) -0.013 -0.503 -0.517 -0.510 -0.919
28 HOX(22) + HX(19) <=> H2OX(23) + X(1) -0.000 -0.000 -0.000 -0.000 -0.000
29 CO(7) + X(1) <=> COX(50) -0.000 -0.000 -0.000 -0.000 -0.000
30 CH2O(9) + 2 X(1) <=> CHOX(53) + HX(19) -0.000 -0.000 -0.000 -0.000 -0.000
31 HCO(15) + X(1) <=> CHOX(53) -0.000 -0.000 -0.000 -0.000 -0.000
32 CH3CHO(16) + 2 X(1) <=> CH3X(21) + CHOX(53) -0.000 -0.000 -0.000 -0.000 -0.000
33 CHOX(53) + X(1) <=> HX(19) + OCX(25) -0.000 -0.000 -0.000 -0.000 -0.000
34 CHOX(53) + OX(20) <=> HOX(22) + OCX(25) -0.000 -0.000 -0.000 -0.000 -0.000
35 CH2X(27) + CHOX(53) <=> CH3X(21) + OCX(25) -0.000 -0.000 -0.000 -0.000 -0.000
36 CHOX(53) + CHX(28) <=> CH2X(27) + OCX(25) -0.000 -0.000 -0.000 -0.000 -0.000
37 CHOX(53) + CX(26) <=> CHX(28) + OCX(25) -0.000 -0.000 -0.000 -0.000 -0.000
38 CO2(4) + X(1) <=> CO2X(24) -0.000 -0.000 -0.000 -0.000 -0.000
39 OCX(25) + OX(20) <=> CO2X(24) + X(1) 0.002 0.001 0.003 0.001 -0.002
40 CO2X(24) + HX(19) <=> HOX(22) + OCX(25) 0.002 0.001 0.004 0.001 -0.002
Finished sensitivity simulation for a C/O ratio of 1.4
Finished translating for C/O ratio of 1.4
Starting sensitivity simulation for a C/O ratio of 1.6
0 CH4(2) + X(1) <=> CH4X(48) 0.000 0.000 0.000 0.000 0.000
1 O2(3) + 2 X(1) <=> 2 OX(20) 0.360 1.948 2.301 2.138 2.995
2 H2(6) + 2 X(1) <=> 2 HX(19) -0.000 -0.000 -0.000 0.000 -0.046
3 H(12) + X(1) <=> HX(19) 0.000 0.000 0.000 0.000 0.000
4 HX(19) + OX(20) <=> HOX(22) + X(1) 0.000 0.000 0.000 0.000 0.001
5 H2O(5) + 2 X(1) <=> HOX(22) + HX(19) -0.000 -0.000 -0.000 -0.000 -0.000
6 OH(17) + X(1) <=> HOX(22) 0.000 0.000 0.000 0.000 0.000
7 CH4(2) + 2 X(1) <=> CH3X(21) + HX(19) -0.000 -0.000 -0.000 -0.000 0.000
8 CH4(2) + OX(20) + X(1) <=> CH3X(21) + HOX(22) -0.043 -1.296 -1.339 -1.321 -2.613
9 C2H6(8) + 2 X(1) <=> 2 CH3X(21) 0.315 0.291 0.606 0.456 0.107
10 CH3(10) + X(1) <=> CH3X(21) 0.000 0.000 0.000 0.000 -0.923
11 CH3OH(14) + 2 X(1) <=> CH3X(21) + HOX(22) 0.000 -0.000 -0.000 -0.000 -0.000
12 CH2X(27) + HX(19) <=> CH3X(21) + X(1) -0.651 -1.629 -2.290 -1.980 -1.392
13 CH2X(27) + HOX(22) <=> CH3X(21) + OX(20) -0.015 -0.037 -0.052 -0.045 -0.032
14 CHX(28) + HX(19) <=> CH2X(27) + X(1) -0.000 -0.000 -0.000 -0.000 0.000
15 CHX(28) + HOX(22) <=> CH2X(27) + OX(20) 0.000 0.000 0.000 0.000 0.000
16 2 CH2X(27) <=> CH3X(21) + CHX(28) 0.000 0.000 0.000 0.000 0.000
17 CHX(28) + X(1) <=> CX(26) + HX(19) 0.000 0.000 0.000 0.000 0.000
18 CX(26) + H2(6) <=> CH2X(27) -0.000 0.000 0.000 0.000 -0.000
19 CX(26) + HOX(22) <=> CHX(28) + OX(20) 0.000 0.000 0.000 0.000 0.000
20 CH3X(21) + CX(26) <=> CH2X(27) + CHX(28) -0.000 -0.000 -0.000 -0.000 0.000
21 CH2X(27) + CX(26) <=> 2 CHX(28) 0.000 0.000 0.000 0.000 0.000
22 CO(7) + X(1) <=> OCX(25) -0.000 -0.000 -0.000 -0.000 0.000
23 CX(26) + OX(20) <=> OCX(25) + X(1) 0.000 0.000 0.000 0.000 0.000
24 H2(6) + X(1) <=> H2X(49) 0.000 0.000 0.000 0.000 0.000
25 CH4(2) + HOX(22) + X(1) <=> CH3X(21) + H2OX(23) -0.000 -0.000 -0.000 -0.000 -0.000
26 H2O(5) + X(1) <=> H2OX(23) -0.000 -0.000 -0.001 -0.000 -0.001
27 H2OX(23) + OX(20) <=> 2 HOX(22) -0.019 -0.526 -0.545 -0.537 -1.008
28 HOX(22) + HX(19) <=> H2OX(23) + X(1) 0.000 0.000 0.000 0.000 0.000
29 CO(7) + X(1) <=> COX(50) -0.000 0.000 0.000 -0.000 0.000
30 CH2O(9) + 2 X(1) <=> CHOX(53) + HX(19) 0.000 0.000 0.000 0.000 0.000
31 HCO(15) + X(1) <=> CHOX(53) 0.000 0.000 0.000 0.000 0.000
32 CH3CHO(16) + 2 X(1) <=> CH3X(21) + CHOX(53) 0.000 0.000 0.000 0.000 0.000
33 CHOX(53) + X(1) <=> HX(19) + OCX(25) 0.000 0.000 0.000 0.000 0.000
34 CHOX(53) + OX(20) <=> HOX(22) + OCX(25) 0.000 0.000 0.000 0.000 0.000
35 CH2X(27) + CHOX(53) <=> CH3X(21) + OCX(25) 0.000 0.000 0.000 0.000 0.000
36 CHOX(53) + CHX(28) <=> CH2X(27) + OCX(25) 0.000 0.000 0.000 0.000 0.000
37 CHOX(53) + CX(26) <=> CHX(28) + OCX(25) -0.000 0.000 0.000 0.000 0.000
38 CO2(4) + X(1) <=> CO2X(24) -0.000 0.000 0.000 0.000 0.000
39 OCX(25) + OX(20) <=> CO2X(24) + X(1) 0.002 0.001 0.004 0.001 -0.003
40 CO2X(24) + HX(19) <=> HOX(22) + OCX(25) 0.003 0.002 0.005 0.001 -0.003
Finished sensitivity simulation for a C/O ratio of 1.6
Finished translating for C/O ratio of 1.6
Starting sensitivity simulation for a C/O ratio of 2.4
0 CH4(2) + X(1) <=> CH4X(48) -0.000 -0.000 -0.000 -0.000 -0.000
1 O2(3) + 2 X(1) <=> 2 OX(20) 0.447 2.590 3.026 2.852 5.499
2 H2(6) + 2 X(1) <=> 2 HX(19) -0.000 -0.000 -0.000 0.000 -0.054
3 H(12) + X(1) <=> HX(19) -0.000 -0.000 -0.000 -0.000 0.000
4 HX(19) + OX(20) <=> HOX(22) + X(1) 0.000 0.000 0.000 0.000 0.002
5 H2O(5) + 2 X(1) <=> HOX(22) + HX(19) -0.000 -0.000 -0.000 -0.000 -0.000
6 OH(17) + X(1) <=> HOX(22) -0.000 -0.000 -0.000 -0.000 -0.000
7 CH4(2) + 2 X(1) <=> CH3X(21) + HX(19) -0.000 -0.000 -0.000 -0.000 -0.000
8 CH4(2) + OX(20) + X(1) <=> CH3X(21) + HOX(22) -0.131 -1.749 -1.882 -1.833 -4.491
9 C2H6(8) + 2 X(1) <=> 2 CH3X(21) 0.291 0.393 0.682 0.557 0.457
10 CH3(10) + X(1) <=> CH3X(21) 0.000 0.000 0.000 0.000 -0.869
11 CH3OH(14) + 2 X(1) <=> CH3X(21) + HOX(22) 0.000 -0.000 -0.000 -0.000 -0.000
12 CH2X(27) + HX(19) <=> CH3X(21) + X(1) -0.679 -2.221 -2.915 -2.625 -3.658
13 CH2X(27) + HOX(22) <=> CH3X(21) + OX(20) -0.009 -0.030 -0.039 -0.035 -0.049
14 CHX(28) + HX(19) <=> CH2X(27) + X(1) -0.000 -0.000 -0.000 -0.000 0.000
15 CHX(28) + HOX(22) <=> CH2X(27) + OX(20) 0.000 0.000 0.000 0.000 0.000
16 2 CH2X(27) <=> CH3X(21) + CHX(28) -0.000 -0.000 -0.000 -0.000 -0.000
17 CHX(28) + X(1) <=> CX(26) + HX(19) -0.000 -0.000 -0.000 -0.000 -0.000
18 CX(26) + H2(6) <=> CH2X(27) -0.000 -0.000 -0.000 -0.000 -0.000
19 CX(26) + HOX(22) <=> CHX(28) + OX(20) -0.000 -0.000 -0.000 -0.000 -0.000
20 CH3X(21) + CX(26) <=> CH2X(27) + CHX(28) -0.000 -0.000 -0.000 -0.000 -0.000
21 CH2X(27) + CX(26) <=> 2 CHX(28) -0.000 -0.000 -0.000 -0.000 -0.000
22 CO(7) + X(1) <=> OCX(25) -0.000 -0.000 -0.000 0.000 0.001
23 CX(26) + OX(20) <=> OCX(25) + X(1) 0.000 0.000 0.000 0.000 0.000
24 H2(6) + X(1) <=> H2X(49) -0.000 -0.000 -0.000 -0.000 -0.000
25 CH4(2) + HOX(22) + X(1) <=> CH3X(21) + H2OX(23) -0.000 -0.000 -0.000 -0.000 -0.001
26 H2O(5) + X(1) <=> H2OX(23) -0.000 -0.001 -0.001 -0.001 -0.002
27 H2OX(23) + OX(20) <=> 2 HOX(22) -0.055 -0.698 -0.754 -0.731 -1.711
28 HOX(22) + HX(19) <=> H2OX(23) + X(1) -0.000 -0.000 -0.000 -0.000 -0.000
29 CO(7) + X(1) <=> COX(50) -0.000 -0.000 -0.000 -0.000 -0.000
30 CH2O(9) + 2 X(1) <=> CHOX(53) + HX(19) -0.000 -0.000 -0.000 -0.000 -0.000
31 HCO(15) + X(1) <=> CHOX(53) -0.000 -0.000 -0.000 -0.000 -0.000
32 CH3CHO(16) + 2 X(1) <=> CH3X(21) + CHOX(53) -0.000 -0.000 -0.000 -0.000 0.000
33 CHOX(53) + X(1) <=> HX(19) + OCX(25) -0.000 -0.000 -0.000 -0.000 -0.000
34 CHOX(53) + OX(20) <=> HOX(22) + OCX(25) -0.000 -0.000 -0.000 -0.000 -0.000
35 CH2X(27) + CHOX(53) <=> CH3X(21) + OCX(25) -0.000 -0.000 -0.000 -0.000 -0.000
36 CHOX(53) + CHX(28) <=> CH2X(27) + OCX(25) 0.000 -0.000 -0.000 0.000 -0.000
37 CHOX(53) + CX(26) <=> CHX(28) + OCX(25) -0.000 -0.000 -0.000 -0.000 -0.000
38 CO2(4) + X(1) <=> CO2X(24) -0.000 -0.000 -0.000 -0.000 -0.000
39 OCX(25) + OX(20) <=> CO2X(24) + X(1) 0.004 0.001 0.005 0.000 -0.009
40 CO2X(24) + HX(19) <=> HOX(22) + OCX(25) 0.007 0.002 0.009 0.001 -0.018
Finished sensitivity simulation for a C/O ratio of 2.4
Finished translating for C/O ratio of 2.4
Starting sensitivity simulation for a C/O ratio of 2.2
0 CH4(2) + X(1) <=> CH4X(48) 0.000 0.000 0.000 0.000 -0.000
1 O2(3) + 2 X(1) <=> 2 OX(20) 0.415 2.361 2.766 2.596 4.594
2 H2(6) + 2 X(1) <=> 2 HX(19) -0.000 -0.000 -0.000 0.000 -0.053
3 H(12) + X(1) <=> HX(19) 0.000 0.000 0.000 0.000 0.000
4 HX(19) + OX(20) <=> HOX(22) + X(1) 0.000 0.000 0.000 0.000 0.002
5 H2O(5) + 2 X(1) <=> HOX(22) + HX(19) -0.000 -0.000 -0.000 -0.000 -0.000
6 OH(17) + X(1) <=> HOX(22) 0.000 -0.000 -0.000 -0.000 -0.000
7 CH4(2) + 2 X(1) <=> CH3X(21) + HX(19) -0.000 -0.000 -0.000 -0.000 0.000
8 CH4(2) + OX(20) + X(1) <=> CH3X(21) + HOX(22) -0.100 -1.583 -1.684 -1.646 -3.795
9 C2H6(8) + 2 X(1) <=> 2 CH3X(21) 0.297 0.357 0.653 0.521 0.324
10 CH3(10) + X(1) <=> CH3X(21) 0.000 0.000 0.000 0.000 -0.886
11 CH3OH(14) + 2 X(1) <=> CH3X(21) + HOX(22) 0.000 -0.000 -0.000 -0.000 -0.000
12 CH2X(27) + HX(19) <=> CH3X(21) + X(1) -0.665 -2.010 -2.689 -2.394 -2.815
13 CH2X(27) + HOX(22) <=> CH3X(21) + OX(20) -0.010 -0.030 -0.041 -0.036 -0.043
14 CHX(28) + HX(19) <=> CH2X(27) + X(1) -0.000 -0.000 -0.000 -0.000 0.000
15 CHX(28) + HOX(22) <=> CH2X(27) + OX(20) 0.000 0.000 0.000 0.000 0.000
16 2 CH2X(27) <=> CH3X(21) + CHX(28) -0.000 -0.000 -0.000 -0.000 0.000
17 CHX(28) + X(1) <=> CX(26) + HX(19) 0.000 -0.000 -0.000 0.000 -0.000
18 CX(26) + H2(6) <=> CH2X(27) 0.000 -0.000 -0.000 0.000 -0.000
19 CX(26) + HOX(22) <=> CHX(28) + OX(20) 0.000 -0.000 -0.000 0.000 0.000
20 CH3X(21) + CX(26) <=> CH2X(27) + CHX(28) -0.000 -0.000 -0.000 -0.000 -0.000
21 CH2X(27) + CX(26) <=> 2 CHX(28) -0.000 -0.000 -0.000 -0.000 0.000
22 CO(7) + X(1) <=> OCX(25) -0.000 -0.000 -0.000 -0.000 0.001
23 CX(26) + OX(20) <=> OCX(25) + X(1) 0.000 0.000 0.000 0.000 0.000
24 H2(6) + X(1) <=> H2X(49) 0.000 -0.000 -0.000 0.000 -0.000
25 CH4(2) + HOX(22) + X(1) <=> CH3X(21) + H2OX(23) -0.000 -0.000 -0.000 -0.000 -0.000
26 H2O(5) + X(1) <=> H2OX(23) -0.000 -0.001 -0.001 -0.001 -0.001
27 H2OX(23) + OX(20) <=> 2 HOX(22) -0.043 -0.636 -0.679 -0.661 -1.452
28 HOX(22) + HX(19) <=> H2OX(23) + X(1) 0.000 -0.000 -0.000 0.000 0.000
29 CO(7) + X(1) <=> COX(50) 0.000 0.000 0.000 0.000 -0.000
30 CH2O(9) + 2 X(1) <=> CHOX(53) + HX(19) 0.000 -0.000 -0.000 0.000 0.000
31 HCO(15) + X(1) <=> CHOX(53) 0.000 0.000 0.000 0.000 -0.000
32 CH3CHO(16) + 2 X(1) <=> CH3X(21) + CHOX(53) 0.000 0.000 0.000 0.000 -0.000
33 CHOX(53) + X(1) <=> HX(19) + OCX(25) 0.000 0.000 0.000 0.000 -0.000
34 CHOX(53) + OX(20) <=> HOX(22) + OCX(25) 0.000 -0.000 0.000 0.000 0.000
35 CH2X(27) + CHOX(53) <=> CH3X(21) + OCX(25) 0.000 0.000 0.000 0.000 0.000
36 CHOX(53) + CHX(28) <=> CH2X(27) + OCX(25) 0.000 -0.000 -0.000 0.000 -0.000
37 CHOX(53) + CX(26) <=> CHX(28) + OCX(25) -0.000 -0.000 -0.000 -0.000 0.000
38 CO2(4) + X(1) <=> CO2X(24) 0.000 0.000 0.000 0.000 -0.000
39 OCX(25) + OX(20) <=> CO2X(24) + X(1) 0.003 0.001 0.005 0.001 -0.006
40 CO2X(24) + HX(19) <=> HOX(22) + OCX(25) 0.006 0.003 0.008 0.001 -0.012
Finished sensitivity simulation for a C/O ratio of 2.2
Finished translating for C/O ratio of 2.2
Starting sensitivity simulation for a C/O ratio of 2.6
0 CH4(2) + X(1) <=> CH4X(48) -0.000 0.000 0.000 -0.000 0.000
1 O2(3) + 2 X(1) <=> 2 OX(20) 0.493 2.915 3.394 3.214 6.784
2 H2(6) + 2 X(1) <=> 2 HX(19) -0.000 -0.000 -0.000 0.000 -0.053
3 H(12) + X(1) <=> HX(19) -0.000 -0.000 -0.000 -0.000 0.000
4 HX(19) + OX(20) <=> HOX(22) + X(1) 0.000 0.000 0.000 0.000 0.002
5 H2O(5) + 2 X(1) <=> HOX(22) + HX(19) -0.000 -0.000 -0.000 -0.000 -0.001
6 OH(17) + X(1) <=> HOX(22) -0.000 -0.000 -0.000 -0.000 -0.000
7 CH4(2) + 2 X(1) <=> CH3X(21) + HX(19) -0.000 -0.000 -0.000 -0.000 0.000
8 CH4(2) + OX(20) + X(1) <=> CH3X(21) + HOX(22) -0.173 -1.989 -2.166 -2.104 -5.512
9 C2H6(8) + 2 X(1) <=> 2 CH3X(21) 0.285 0.443 0.727 0.610 0.652
10 CH3(10) + X(1) <=> CH3X(21) 0.000 0.000 0.000 0.000 -0.847
11 CH3OH(14) + 2 X(1) <=> CH3X(21) + HOX(22) 0.000 -0.000 -0.000 -0.000 -0.000
12 CH2X(27) + HX(19) <=> CH3X(21) + X(1) -0.703 -2.521 -3.242 -2.956 -4.897
13 CH2X(27) + HOX(22) <=> CH3X(21) + OX(20) -0.008 -0.030 -0.039 -0.035 -0.058
14 CHX(28) + HX(19) <=> CH2X(27) + X(1) -0.000 -0.000 -0.000 -0.000 0.000
15 CHX(28) + HOX(22) <=> CH2X(27) + OX(20) 0.000 0.000 0.000 0.000 0.000
16 2 CH2X(27) <=> CH3X(21) + CHX(28) -0.000 -0.000 -0.000 -0.000 0.000
17 CHX(28) + X(1) <=> CX(26) + HX(19) -0.000 -0.000 -0.000 -0.000 0.000
18 CX(26) + H2(6) <=> CH2X(27) -0.000 -0.000 -0.000 -0.000 -0.000
19 CX(26) + HOX(22) <=> CHX(28) + OX(20) -0.000 -0.000 -0.000 -0.000 0.000
20 CH3X(21) + CX(26) <=> CH2X(27) + CHX(28) -0.000 -0.000 -0.000 -0.000 -0.000
21 CH2X(27) + CX(26) <=> 2 CHX(28) -0.000 -0.000 -0.000 -0.000 0.000
22 CO(7) + X(1) <=> OCX(25) -0.000 0.000 -0.000 0.000 0.001
23 CX(26) + OX(20) <=> OCX(25) + X(1) 0.000 0.000 0.000 0.000 0.000
24 H2(6) + X(1) <=> H2X(49) -0.000 0.000 -0.000 -0.000 0.000
25 CH4(2) + HOX(22) + X(1) <=> CH3X(21) + H2OX(23) -0.000 -0.000 -0.000 -0.000 -0.001
26 H2O(5) + X(1) <=> H2OX(23) -0.000 -0.001 -0.001 -0.001 -0.002
27 H2OX(23) + OX(20) <=> 2 HOX(22) -0.072 -0.787 -0.860 -0.831 -2.085
28 HOX(22) + HX(19) <=> H2OX(23) + X(1) -0.000 -0.000 -0.000 -0.000 0.000
29 CO(7) + X(1) <=> COX(50) -0.000 -0.000 -0.000 -0.000 0.000
30 CH2O(9) + 2 X(1) <=> CHOX(53) + HX(19) -0.000 -0.000 -0.000 -0.000 0.000
31 HCO(15) + X(1) <=> CHOX(53) -0.000 -0.000 -0.000 -0.000 0.000
32 CH3CHO(16) + 2 X(1) <=> CH3X(21) + CHOX(53) -0.000 -0.000 -0.000 -0.000 0.000
33 CHOX(53) + X(1) <=> HX(19) + OCX(25) 0.000 0.000 0.000 0.000 0.000
34 CHOX(53) + OX(20) <=> HOX(22) + OCX(25) -0.000 -0.000 -0.000 -0.000 0.000
35 CH2X(27) + CHOX(53) <=> CH3X(21) + OCX(25) -0.000 -0.000 -0.000 -0.000 0.000
36 CHOX(53) + CHX(28) <=> CH2X(27) + OCX(25) -0.000 -0.000 -0.000 -0.000 0.000
37 CHOX(53) + CX(26) <=> CHX(28) + OCX(25) -0.000 -0.000 -0.000 -0.000 0.000
38 CO2(4) + X(1) <=> CO2X(24) -0.000 -0.000 -0.000 -0.000 0.000
39 OCX(25) + OX(20) <=> CO2X(24) + X(1) 0.004 0.001 0.005 -0.000 -0.013
40 CO2X(24) + HX(19) <=> HOX(22) + OCX(25) 0.008 0.002 0.010 -0.000 -0.027
Finished sensitivity simulation for a C/O ratio of 2.6
Finished translating for C/O ratio of 2.6
