This mechanism contains 38 gas reactions and 41 surface reactions
Finished simulation at a C/O ratio of 0.6
Finished simulation at a C/O ratio of 1.0
Finished simulation at a C/O ratio of 1.3
Finished simulation at a C/O ratio of 1.1
Finished simulation at a C/O ratio of 1.2
Finished simulation at a C/O ratio of 2.4
Finished simulation at a C/O ratio of 2.2
Finished simulation at a C/O ratio of 0.9
Finished simulation at a C/O ratio of 1.4
Finished simulation at a C/O ratio of 1.6
Finished simulation at a C/O ratio of 2.0
Finished simulation at a C/O ratio of 2.6
Finished simulation at a C/O ratio of 1.8
Finished simulation at a C/O ratio of 0.7
Finished simulation at a C/O ratio of 0.8
Starting sensitivity simulation for a C/O ratio of 1.3
0 CH4(2) + X(1) <=> CH4X(48) 0.000 0.042
1 O2(3) + 2 X(1) <=> 2 OX(20) 0.015 2.117
2 H2(6) + 2 X(1) <=> 2 HX(19) 0.001 -0.006
3 H(12) + X(1) <=> HX(19) 0.000 0.048
4 HX(19) + OX(20) <=> HOX(22) + X(1) 0.000 0.055
5 H2O(5) + 2 X(1) <=> HOX(22) + HX(19) 0.000 0.023
6 OH(17) + X(1) <=> HOX(22) 0.000 0.003
7 CH4(2) + 2 X(1) <=> CH3X(21) + HX(19) -0.001 0.037
8 CH4(2) + OX(20) + X(1) <=> CH3X(21) + HOX(22) -0.000 -0.008
9 C2H6(8) + 2 X(1) <=> 2 CH3X(21) -0.001 0.021
10 CH3(10) + X(1) <=> CH3X(21) 0.001 0.048
11 CH3OH(14) + 2 X(1) <=> CH3X(21) + HOX(22) 0.001 0.008
12 CH2X(27) + HX(19) <=> CH3X(21) + X(1) -0.018 -1.732
13 CH2X(27) + HOX(22) <=> CH3X(21) + OX(20) -0.001 0.029
14 CHX(28) + HX(19) <=> CH2X(27) + X(1) 0.000 0.013
15 CHX(28) + HOX(22) <=> CH2X(27) + OX(20) 0.000 0.042
16 2 CH2X(27) <=> CH3X(21) + CHX(28) 0.001 0.071
17 CHX(28) + X(1) <=> CX(26) + HX(19) -0.001 0.037
18 CX(26) + H2(6) <=> CH2X(27) -0.001 -0.011
19 CX(26) + HOX(22) <=> CHX(28) + OX(20) -0.001 0.041
20 CH3X(21) + CX(26) <=> CH2X(27) + CHX(28) -0.003 0.064
21 CH2X(27) + CX(26) <=> 2 CHX(28) 0.000 0.056
22 CO(7) + X(1) <=> OCX(25) -0.015 -0.051
23 CX(26) + OX(20) <=> OCX(25) + X(1) 0.000 -0.008
24 H2(6) + X(1) <=> H2X(49) 0.000 0.023
25 CO(7) + X(1) <=> COX(50) 0.000 0.031
26 CH2O(9) + 2 X(1) <=> CHOX(53) + HX(19) 0.000 0.048
27 HCO(15) + X(1) <=> CHOX(53) 0.000 0.050
28 CH3CHO(16) + 2 X(1) <=> CH3X(21) + CHOX(53) 0.001 0.005
29 CHOX(53) + X(1) <=> HX(19) + OCX(25) 0.001 0.022
30 HOX(22) + OCX(25) <=> CHOX(53) + OX(20) 0.000 0.058
31 CH2X(27) + CHOX(53) <=> CH3X(21) + OCX(25) 0.000 0.052
32 CHOX(53) + CHX(28) <=> CH2X(27) + OCX(25) -0.001 0.041
33 CHOX(53) + CX(26) <=> CHX(28) + OCX(25) 0.000 -0.005
34 CO2(4) + X(1) <=> CO2X(24) 0.005 0.044
35 OCX(25) + OX(20) <=> CO2X(24) + X(1) -0.000 0.079
36 CO2X(24) + HX(19) <=> HOX(22) + OCX(25) 0.000 -0.058
37 CH4(2) + HOX(22) + X(1) <=> CH3X(21) + H2OX(23) -0.000 -0.010
38 H2O(5) + X(1) <=> H2OX(23) -0.001 0.022
39 H2OX(23) + OX(20) <=> 2 HOX(22) -0.007 -0.738
40 HOX(22) + HX(19) <=> H2OX(23) + X(1) 0.000 0.053
Finished sensitivity simulation for a C/O ratio of 1.3
Finished translating for C/O ratio of 1.3
Starting sensitivity simulation for a C/O ratio of 2.6
0 CH4(2) + X(1) <=> CH4X(48) 0.000 0.008
1 O2(3) + 2 X(1) <=> 2 OX(20) 0.016 1.988
2 H2(6) + 2 X(1) <=> 2 HX(19) -0.003 0.000
3 H(12) + X(1) <=> HX(19) 0.000 0.008
4 HX(19) + OX(20) <=> HOX(22) + X(1) 0.000 0.008
5 H2O(5) + 2 X(1) <=> HOX(22) + HX(19) 0.001 0.006
6 OH(17) + X(1) <=> HOX(22) 0.001 0.008
7 CH4(2) + 2 X(1) <=> CH3X(21) + HX(19) -0.000 0.010
8 CH4(2) + OX(20) + X(1) <=> CH3X(21) + HOX(22) 0.001 0.005
9 C2H6(8) + 2 X(1) <=> 2 CH3X(21) 0.000 0.010
10 CH3(10) + X(1) <=> CH3X(21) 0.002 0.005
11 CH3OH(14) + 2 X(1) <=> CH3X(21) + HOX(22) 0.001 0.004
12 CH2X(27) + HX(19) <=> CH3X(21) + X(1) -0.014 -2.035
13 CH2X(27) + HOX(22) <=> CH3X(21) + OX(20) 0.000 0.013
14 CHX(28) + HX(19) <=> CH2X(27) + X(1) 0.001 0.008
15 CHX(28) + HOX(22) <=> CH2X(27) + OX(20) 0.000 0.010
16 2 CH2X(27) <=> CH3X(21) + CHX(28) 0.001 0.005
17 CHX(28) + X(1) <=> CX(26) + HX(19) 0.001 -0.001
18 CX(26) + H2(6) <=> CH2X(27) 0.001 0.005
19 CX(26) + HOX(22) <=> CHX(28) + OX(20) -0.000 0.003
20 CH3X(21) + CX(26) <=> CH2X(27) + CHX(28) 0.001 0.005
21 CH2X(27) + CX(26) <=> 2 CHX(28) 0.000 -0.001
22 CO(7) + X(1) <=> OCX(25) -0.005 -0.002
23 CX(26) + OX(20) <=> OCX(25) + X(1) 0.000 0.008
24 H2(6) + X(1) <=> H2X(49) 0.000 0.008
25 CO(7) + X(1) <=> COX(50) 0.000 0.005
26 CH2O(9) + 2 X(1) <=> CHOX(53) + HX(19) 0.001 0.005
27 HCO(15) + X(1) <=> CHOX(53) 0.000 0.008
28 CH3CHO(16) + 2 X(1) <=> CH3X(21) + CHOX(53) 0.001 0.013
29 CHOX(53) + X(1) <=> HX(19) + OCX(25) 0.000 0.010
30 HOX(22) + OCX(25) <=> CHOX(53) + OX(20) 0.000 -0.001
31 CH2X(27) + CHOX(53) <=> CH3X(21) + OCX(25) 0.000 0.008
32 CHOX(53) + CHX(28) <=> CH2X(27) + OCX(25) 0.000 0.003
33 CHOX(53) + CX(26) <=> CHX(28) + OCX(25) 0.000 0.008
34 CO2(4) + X(1) <=> CO2X(24) 0.005 0.006
35 OCX(25) + OX(20) <=> CO2X(24) + X(1) 0.001 0.004
36 CO2X(24) + HX(19) <=> HOX(22) + OCX(25) -0.000 0.008
37 CH4(2) + HOX(22) + X(1) <=> CH3X(21) + H2OX(23) -0.000 0.004
38 H2O(5) + X(1) <=> H2OX(23) 0.000 0.008
39 H2OX(23) + OX(20) <=> 2 HOX(22) -0.004 -0.993
40 HOX(22) + HX(19) <=> H2OX(23) + X(1) 0.000 0.008
Finished sensitivity simulation for a C/O ratio of 2.6
Finished translating for C/O ratio of 2.6
Starting sensitivity simulation for a C/O ratio of 2.4
0 CH4(2) + X(1) <=> CH4X(48) -0.000 0.011
1 O2(3) + 2 X(1) <=> 2 OX(20) 0.016 1.949
2 H2(6) + 2 X(1) <=> 2 HX(19) -0.003 0.001
3 H(12) + X(1) <=> HX(19) -0.000 0.009
4 HX(19) + OX(20) <=> HOX(22) + X(1) -0.000 0.009
5 H2O(5) + 2 X(1) <=> HOX(22) + HX(19) 0.000 0.009
6 OH(17) + X(1) <=> HOX(22) -0.000 0.009
7 CH4(2) + 2 X(1) <=> CH3X(21) + HX(19) -0.000 0.011
8 CH4(2) + OX(20) + X(1) <=> CH3X(21) + HOX(22) -0.000 0.009
9 C2H6(8) + 2 X(1) <=> 2 CH3X(21) -0.000 0.012
10 CH3(10) + X(1) <=> CH3X(21) 0.001 0.016
11 CH3OH(14) + 2 X(1) <=> CH3X(21) + HOX(22) 0.001 0.003
12 CH2X(27) + HX(19) <=> CH3X(21) + X(1) -0.012 -2.020
13 CH2X(27) + HOX(22) <=> CH3X(21) + OX(20) 0.001 0.011
14 CHX(28) + HX(19) <=> CH2X(27) + X(1) -0.000 0.009
15 CHX(28) + HOX(22) <=> CH2X(27) + OX(20) -0.000 0.009
16 2 CH2X(27) <=> CH3X(21) + CHX(28) -0.001 0.015
17 CHX(28) + X(1) <=> CX(26) + HX(19) -0.001 -0.001
18 CX(26) + H2(6) <=> CH2X(27) -0.000 0.009
19 CX(26) + HOX(22) <=> CHX(28) + OX(20) 0.000 0.006
20 CH3X(21) + CX(26) <=> CH2X(27) + CHX(28) -0.000 0.011
21 CH2X(27) + CX(26) <=> 2 CHX(28) -0.001 0.015
22 CO(7) + X(1) <=> OCX(25) -0.007 0.004
23 CX(26) + OX(20) <=> OCX(25) + X(1) -0.000 0.014
24 H2(6) + X(1) <=> H2X(49) -0.001 0.015
25 CO(7) + X(1) <=> COX(50) -0.000 0.006
26 CH2O(9) + 2 X(1) <=> CHOX(53) + HX(19) -0.000 0.006
27 HCO(15) + X(1) <=> CHOX(53) -0.000 0.011
28 CH3CHO(16) + 2 X(1) <=> CH3X(21) + CHOX(53) -0.000 0.014
29 CHOX(53) + X(1) <=> HX(19) + OCX(25) -0.000 0.009
30 HOX(22) + OCX(25) <=> CHOX(53) + OX(20) 0.000 0.011
31 CH2X(27) + CHOX(53) <=> CH3X(21) + OCX(25) 0.000 0.016
32 CHOX(53) + CHX(28) <=> CH2X(27) + OCX(25) -0.000 0.008
33 CHOX(53) + CX(26) <=> CHX(28) + OCX(25) -0.000 0.009
34 CO2(4) + X(1) <=> CO2X(24) 0.005 0.015
35 OCX(25) + OX(20) <=> CO2X(24) + X(1) -0.000 0.012
36 CO2X(24) + HX(19) <=> HOX(22) + OCX(25) -0.001 0.015
37 CH4(2) + HOX(22) + X(1) <=> CH3X(21) + H2OX(23) -0.000 0.009
38 H2O(5) + X(1) <=> H2OX(23) -0.001 0.011
39 H2OX(23) + OX(20) <=> 2 HOX(22) -0.004 -1.010
40 HOX(22) + HX(19) <=> H2OX(23) + X(1) 0.001 0.006
Finished sensitivity simulation for a C/O ratio of 2.4
Finished translating for C/O ratio of 2.4
Starting sensitivity simulation for a C/O ratio of 1.2
0 CH4(2) + X(1) <=> CH4X(48) 0.000 -0.031
1 O2(3) + 2 X(1) <=> 2 OX(20) 0.016 2.051
2 H2(6) + 2 X(1) <=> 2 HX(19) -0.000 -0.010
3 H(12) + X(1) <=> HX(19) -0.000 -0.008
4 HX(19) + OX(20) <=> HOX(22) + X(1) 0.000 0.011
5 H2O(5) + 2 X(1) <=> HOX(22) + HX(19) -0.001 0.014
6 OH(17) + X(1) <=> HOX(22) -0.001 0.029
7 CH4(2) + 2 X(1) <=> CH3X(21) + HX(19) -0.001 0.054
8 CH4(2) + OX(20) + X(1) <=> CH3X(21) + HOX(22) -0.000 -0.000
9 C2H6(8) + 2 X(1) <=> 2 CH3X(21) 0.003 -0.005
10 CH3(10) + X(1) <=> CH3X(21) 0.004 0.000
11 CH3OH(14) + 2 X(1) <=> CH3X(21) + HOX(22) 0.000 0.038
12 CH2X(27) + HX(19) <=> CH3X(21) + X(1) -0.017 -2.147
13 CH2X(27) + HOX(22) <=> CH3X(21) + OX(20) -0.000 0.046
14 CHX(28) + HX(19) <=> CH2X(27) + X(1) -0.001 0.023
15 CHX(28) + HOX(22) <=> CH2X(27) + OX(20) -0.001 0.042
16 2 CH2X(27) <=> CH3X(21) + CHX(28) -0.003 0.026
17 CHX(28) + X(1) <=> CX(26) + HX(19) -0.000 -0.004
18 CX(26) + H2(6) <=> CH2X(27) -0.000 0.029
19 CX(26) + HOX(22) <=> CHX(28) + OX(20) -0.003 -0.034
20 CH3X(21) + CX(26) <=> CH2X(27) + CHX(28) -0.001 0.016
21 CH2X(27) + CX(26) <=> 2 CHX(28) -0.001 0.027
22 CO(7) + X(1) <=> OCX(25) -0.013 -0.017
23 CX(26) + OX(20) <=> OCX(25) + X(1) -0.001 0.054
24 H2(6) + X(1) <=> H2X(49) -0.001 0.004
25 CO(7) + X(1) <=> COX(50) 0.000 -0.011
26 CH2O(9) + 2 X(1) <=> CHOX(53) + HX(19) -0.001 0.004
27 HCO(15) + X(1) <=> CHOX(53) -0.001 0.098
28 CH3CHO(16) + 2 X(1) <=> CH3X(21) + CHOX(53) -0.000 -0.019
29 CHOX(53) + X(1) <=> HX(19) + OCX(25) 0.000 0.013
30 HOX(22) + OCX(25) <=> CHOX(53) + OX(20) 0.000 0.034
31 CH2X(27) + CHOX(53) <=> CH3X(21) + OCX(25) -0.000 0.050
32 CHOX(53) + CHX(28) <=> CH2X(27) + OCX(25) 0.000 0.042
33 CHOX(53) + CX(26) <=> CHX(28) + OCX(25) 0.000 -0.029
34 CO2(4) + X(1) <=> CO2X(24) 0.009 0.051
35 OCX(25) + OX(20) <=> CO2X(24) + X(1) 0.003 0.045
36 CO2X(24) + HX(19) <=> HOX(22) + OCX(25) -0.001 0.029
37 CH4(2) + HOX(22) + X(1) <=> CH3X(21) + H2OX(23) -0.002 0.033
38 H2O(5) + X(1) <=> H2OX(23) 0.004 0.011
39 H2OX(23) + OX(20) <=> 2 HOX(22) -0.006 -1.040
40 HOX(22) + HX(19) <=> H2OX(23) + X(1) 0.001 0.015
Finished sensitivity simulation for a C/O ratio of 1.2
Finished translating for C/O ratio of 1.2
Starting sensitivity simulation for a C/O ratio of 1.6
0 CH4(2) + X(1) <=> CH4X(48) -0.001 0.013
1 O2(3) + 2 X(1) <=> 2 OX(20) 0.018 1.979
2 H2(6) + 2 X(1) <=> 2 HX(19) -0.002 0.035
3 H(12) + X(1) <=> HX(19) -0.001 -0.014
4 HX(19) + OX(20) <=> HOX(22) + X(1) 0.000 -0.002
5 H2O(5) + 2 X(1) <=> HOX(22) + HX(19) 0.001 0.018
6 OH(17) + X(1) <=> HOX(22) -0.000 0.011
7 CH4(2) + 2 X(1) <=> CH3X(21) + HX(19) 0.000 0.004
8 CH4(2) + OX(20) + X(1) <=> CH3X(21) + HOX(22) -0.000 0.003
9 C2H6(8) + 2 X(1) <=> 2 CH3X(21) -0.000 0.031
10 CH3(10) + X(1) <=> CH3X(21) 0.002 0.015
11 CH3OH(14) + 2 X(1) <=> CH3X(21) + HOX(22) -0.000 -0.005
12 CH2X(27) + HX(19) <=> CH3X(21) + X(1) -0.014 -1.944
13 CH2X(27) + HOX(22) <=> CH3X(21) + OX(20) -0.001 -0.011
14 CHX(28) + HX(19) <=> CH2X(27) + X(1) -0.002 -0.014
15 CHX(28) + HOX(22) <=> CH2X(27) + OX(20) 0.000 0.007
16 2 CH2X(27) <=> CH3X(21) + CHX(28) -0.000 0.010
17 CHX(28) + X(1) <=> CX(26) + HX(19) -0.000 0.013
18 CX(26) + H2(6) <=> CH2X(27) 0.000 -0.015
19 CX(26) + HOX(22) <=> CHX(28) + OX(20) 0.001 0.018
20 CH3X(21) + CX(26) <=> CH2X(27) + CHX(28) -0.000 0.008
21 CH2X(27) + CX(26) <=> 2 CHX(28) 0.000 0.025
22 CO(7) + X(1) <=> OCX(25) -0.009 0.015
23 CX(26) + OX(20) <=> OCX(25) + X(1) -0.001 0.018
24 H2(6) + X(1) <=> H2X(49) -0.000 0.009
25 CO(7) + X(1) <=> COX(50) 0.000 0.017
26 CH2O(9) + 2 X(1) <=> CHOX(53) + HX(19) -0.001 0.008
27 HCO(15) + X(1) <=> CHOX(53) -0.000 0.010
28 CH3CHO(16) + 2 X(1) <=> CH3X(21) + CHOX(53) -0.001 0.002
29 CHOX(53) + X(1) <=> HX(19) + OCX(25) 0.001 0.019
30 HOX(22) + OCX(25) <=> CHOX(53) + OX(20) 0.000 0.013
31 CH2X(27) + CHOX(53) <=> CH3X(21) + OCX(25) 0.001 0.018
32 CHOX(53) + CHX(28) <=> CH2X(27) + OCX(25) 0.000 0.013
33 CHOX(53) + CX(26) <=> CHX(28) + OCX(25) -0.002 0.007
34 CO2(4) + X(1) <=> CO2X(24) 0.005 0.023
35 OCX(25) + OX(20) <=> CO2X(24) + X(1) 0.002 0.004
36 CO2X(24) + HX(19) <=> HOX(22) + OCX(25) 0.001 0.018
37 CH4(2) + HOX(22) + X(1) <=> CH3X(21) + H2OX(23) -0.001 -0.004
38 H2O(5) + X(1) <=> H2OX(23) 0.000 0.012
39 H2OX(23) + OX(20) <=> 2 HOX(22) -0.005 -0.910
40 HOX(22) + HX(19) <=> H2OX(23) + X(1) 0.000 -0.005
Finished sensitivity simulation for a C/O ratio of 1.6
Finished translating for C/O ratio of 1.6
Starting sensitivity simulation for a C/O ratio of 1.8
0 CH4(2) + X(1) <=> CH4X(48) 0.001 -0.020
1 O2(3) + 2 X(1) <=> 2 OX(20) 0.016 2.007
2 H2(6) + 2 X(1) <=> 2 HX(19) 0.000 0.030
3 H(12) + X(1) <=> HX(19) 0.001 -0.028
4 HX(19) + OX(20) <=> HOX(22) + X(1) 0.001 -0.018
5 H2O(5) + 2 X(1) <=> HOX(22) + HX(19) 0.000 0.009
6 OH(17) + X(1) <=> HOX(22) 0.002 -0.022
7 CH4(2) + 2 X(1) <=> CH3X(21) + HX(19) 0.000 -0.014
8 CH4(2) + OX(20) + X(1) <=> CH3X(21) + HOX(22) 0.001 -0.008
9 C2H6(8) + 2 X(1) <=> 2 CH3X(21) 0.000 -0.020
10 CH3(10) + X(1) <=> CH3X(21) 0.002 0.020
11 CH3OH(14) + 2 X(1) <=> CH3X(21) + HOX(22) 0.001 -0.007
12 CH2X(27) + HX(19) <=> CH3X(21) + X(1) -0.012 -1.998
13 CH2X(27) + HOX(22) <=> CH3X(21) + OX(20) 0.001 0.005
14 CHX(28) + HX(19) <=> CH2X(27) + X(1) 0.000 -0.007
15 CHX(28) + HOX(22) <=> CH2X(27) + OX(20) 0.001 -0.013
16 2 CH2X(27) <=> CH3X(21) + CHX(28) 0.001 -0.025
17 CHX(28) + X(1) <=> CX(26) + HX(19) 0.001 0.014
18 CX(26) + H2(6) <=> CH2X(27) 0.001 -0.000
19 CX(26) + HOX(22) <=> CHX(28) + OX(20) 0.000 -0.014
20 CH3X(21) + CX(26) <=> CH2X(27) + CHX(28) 0.001 -0.001
21 CH2X(27) + CX(26) <=> 2 CHX(28) 0.001 0.009
22 CO(7) + X(1) <=> OCX(25) -0.008 -0.009
23 CX(26) + OX(20) <=> OCX(25) + X(1) 0.001 0.028
24 H2(6) + X(1) <=> H2X(49) 0.001 -0.008
25 CO(7) + X(1) <=> COX(50) 0.001 -0.011
26 CH2O(9) + 2 X(1) <=> CHOX(53) + HX(19) 0.001 -0.001
27 HCO(15) + X(1) <=> CHOX(53) -0.000 -0.020
28 CH3CHO(16) + 2 X(1) <=> CH3X(21) + CHOX(53) 0.001 0.026
29 CHOX(53) + X(1) <=> HX(19) + OCX(25) -0.000 0.011
30 HOX(22) + OCX(25) <=> CHOX(53) + OX(20) 0.001 0.033
31 CH2X(27) + CHOX(53) <=> CH3X(21) + OCX(25) 0.002 0.007
32 CHOX(53) + CHX(28) <=> CH2X(27) + OCX(25) 0.001 -0.014
33 CHOX(53) + CX(26) <=> CHX(28) + OCX(25) 0.000 -0.013
34 CO2(4) + X(1) <=> CO2X(24) 0.008 0.008
35 OCX(25) + OX(20) <=> CO2X(24) + X(1) 0.001 0.025
36 CO2X(24) + HX(19) <=> HOX(22) + OCX(25) 0.001 -0.009
37 CH4(2) + HOX(22) + X(1) <=> CH3X(21) + H2OX(23) -0.000 0.043
38 H2O(5) + X(1) <=> H2OX(23) 0.001 0.004
39 H2OX(23) + OX(20) <=> 2 HOX(22) -0.005 -1.012
40 HOX(22) + HX(19) <=> H2OX(23) + X(1) 0.000 -0.053
Finished sensitivity simulation for a C/O ratio of 1.8
Finished translating for C/O ratio of 1.8
Starting sensitivity simulation for a C/O ratio of 0.7
0 CH4(2) + X(1) <=> CH4X(48) -0.009 -0.023
1 O2(3) + 2 X(1) <=> 2 OX(20) 0.028 2.240
2 H2(6) + 2 X(1) <=> 2 HX(19) 0.004 0.001
3 H(12) + X(1) <=> HX(19) 0.004 0.066
4 HX(19) + OX(20) <=> HOX(22) + X(1) -0.004 0.013
5 H2O(5) + 2 X(1) <=> HOX(22) + HX(19) -0.004 -0.042
6 OH(17) + X(1) <=> HOX(22) -0.004 -0.007
7 CH4(2) + 2 X(1) <=> CH3X(21) + HX(19) -0.000 0.044
8 CH4(2) + OX(20) + X(1) <=> CH3X(21) + HOX(22) -0.004 -0.019
9 C2H6(8) + 2 X(1) <=> 2 CH3X(21) -0.004 -0.051
10 CH3(10) + X(1) <=> CH3X(21) -0.001 0.055
11 CH3OH(14) + 2 X(1) <=> CH3X(21) + HOX(22) 0.000 0.105
12 CH2X(27) + HX(19) <=> CH3X(21) + X(1) -0.023 -1.936
13 CH2X(27) + HOX(22) <=> CH3X(21) + OX(20) -0.009 0.055
14 CHX(28) + HX(19) <=> CH2X(27) + X(1) 0.000 0.032
15 CHX(28) + HOX(22) <=> CH2X(27) + OX(20) 0.004 -0.159
16 2 CH2X(27) <=> CH3X(21) + CHX(28) 0.004 0.077
17 CHX(28) + X(1) <=> CX(26) + HX(19) -0.000 0.009
18 CX(26) + H2(6) <=> CH2X(27) -0.000 0.093
19 CX(26) + HOX(22) <=> CHX(28) + OX(20) -0.000 0.012
20 CH3X(21) + CX(26) <=> CH2X(27) + CHX(28) -0.004 -0.066
21 CH2X(27) + CX(26) <=> 2 CHX(28) -0.009 -0.064
22 CO(7) + X(1) <=> OCX(25) -0.023 -0.050
23 CX(26) + OX(20) <=> OCX(25) + X(1) -0.000 -0.026
24 H2(6) + X(1) <=> H2X(49) -0.000 0.053
25 CO(7) + X(1) <=> COX(50) -0.004 -0.104
26 CH2O(9) + 2 X(1) <=> CHOX(53) + HX(19) -0.004 -0.010
27 HCO(15) + X(1) <=> CHOX(53) -0.000 0.032
28 CH3CHO(16) + 2 X(1) <=> CH3X(21) + CHOX(53) -0.004 0.039
29 CHOX(53) + X(1) <=> HX(19) + OCX(25) 0.004 -0.037
30 HOX(22) + OCX(25) <=> CHOX(53) + OX(20) -0.004 -0.013
31 CH2X(27) + CHOX(53) <=> CH3X(21) + OCX(25) 0.004 0.139
32 CHOX(53) + CHX(28) <=> CH2X(27) + OCX(25) -0.000 -0.003
33 CHOX(53) + CX(26) <=> CHX(28) + OCX(25) -0.000 0.032
34 CO2(4) + X(1) <=> CO2X(24) 0.008 0.025
35 OCX(25) + OX(20) <=> CO2X(24) + X(1) 0.007 0.007
36 CO2X(24) + HX(19) <=> HOX(22) + OCX(25) 0.004 0.001
37 CH4(2) + HOX(22) + X(1) <=> CH3X(21) + H2OX(23) 0.004 -0.159
38 H2O(5) + X(1) <=> H2OX(23) -0.005 -0.104
39 H2OX(23) + OX(20) <=> 2 HOX(22) -0.016 -1.243
40 HOX(22) + HX(19) <=> H2OX(23) + X(1) -0.000 0.085
Finished sensitivity simulation for a C/O ratio of 0.7
Finished translating for C/O ratio of 0.7
Starting sensitivity simulation for a C/O ratio of 2.0
0 CH4(2) + X(1) <=> CH4X(48) 0.002 0.005
1 O2(3) + 2 X(1) <=> 2 OX(20) 0.015 1.927
2 H2(6) + 2 X(1) <=> 2 HX(19) -0.001 0.013
3 H(12) + X(1) <=> HX(19) 0.000 0.032
4 HX(19) + OX(20) <=> HOX(22) + X(1) 0.000 0.001
5 H2O(5) + 2 X(1) <=> HOX(22) + HX(19) 0.001 0.005
6 OH(17) + X(1) <=> HOX(22) 0.002 0.004
7 CH4(2) + 2 X(1) <=> CH3X(21) + HX(19) 0.001 0.005
8 CH4(2) + OX(20) + X(1) <=> CH3X(21) + HOX(22) 0.000 -0.016
9 C2H6(8) + 2 X(1) <=> 2 CH3X(21) -0.000 0.026
10 CH3(10) + X(1) <=> CH3X(21) 0.003 -0.009
11 CH3OH(14) + 2 X(1) <=> CH3X(21) + HOX(22) 0.001 0.005
12 CH2X(27) + HX(19) <=> CH3X(21) + X(1) -0.012 -2.004
13 CH2X(27) + HOX(22) <=> CH3X(21) + OX(20) 0.000 -0.001
14 CHX(28) + HX(19) <=> CH2X(27) + X(1) 0.001 -0.005
15 CHX(28) + HOX(22) <=> CH2X(27) + OX(20) 0.002 0.008
16 2 CH2X(27) <=> CH3X(21) + CHX(28) 0.000 -0.000
17 CHX(28) + X(1) <=> CX(26) + HX(19) 0.001 -0.005
18 CX(26) + H2(6) <=> CH2X(27) 0.001 -0.010
19 CX(26) + HOX(22) <=> CHX(28) + OX(20) 0.001 0.015
20 CH3X(21) + CX(26) <=> CH2X(27) + CHX(28) 0.001 0.028
21 CH2X(27) + CX(26) <=> 2 CHX(28) 0.000 0.048
22 CO(7) + X(1) <=> OCX(25) -0.006 -0.011
23 CX(26) + OX(20) <=> OCX(25) + X(1) 0.001 0.009
24 H2(6) + X(1) <=> H2X(49) 0.002 0.005
25 CO(7) + X(1) <=> COX(50) 0.002 0.012
26 CH2O(9) + 2 X(1) <=> CHOX(53) + HX(19) 0.001 -0.005
27 HCO(15) + X(1) <=> CHOX(53) 0.001 0.002
28 CH3CHO(16) + 2 X(1) <=> CH3X(21) + CHOX(53) 0.001 -0.009
29 CHOX(53) + X(1) <=> HX(19) + OCX(25) 0.001 -0.011
30 HOX(22) + OCX(25) <=> CHOX(53) + OX(20) 0.001 -0.008
31 CH2X(27) + CHOX(53) <=> CH3X(21) + OCX(25) 0.001 0.018
32 CHOX(53) + CHX(28) <=> CH2X(27) + OCX(25) 0.001 0.014
33 CHOX(53) + CX(26) <=> CHX(28) + OCX(25) 0.001 0.014
34 CO2(4) + X(1) <=> CO2X(24) 0.006 0.017
35 OCX(25) + OX(20) <=> CO2X(24) + X(1) 0.003 0.020
36 CO2X(24) + HX(19) <=> HOX(22) + OCX(25) 0.001 -0.002
37 CH4(2) + HOX(22) + X(1) <=> CH3X(21) + H2OX(23) 0.000 0.013
38 H2O(5) + X(1) <=> H2OX(23) 0.001 0.009
39 H2OX(23) + OX(20) <=> 2 HOX(22) -0.005 -1.040
40 HOX(22) + HX(19) <=> H2OX(23) + X(1) 0.001 0.008
Finished sensitivity simulation for a C/O ratio of 2.0
Finished translating for C/O ratio of 2.0
Starting sensitivity simulation for a C/O ratio of 2.2
0 CH4(2) + X(1) <=> CH4X(48) 0.000 -0.005
1 O2(3) + 2 X(1) <=> 2 OX(20) 0.016 1.894
2 H2(6) + 2 X(1) <=> 2 HX(19) -0.001 0.001
3 H(12) + X(1) <=> HX(19) -0.000 -0.012
4 HX(19) + OX(20) <=> HOX(22) + X(1) 0.001 -0.008
5 H2O(5) + 2 X(1) <=> HOX(22) + HX(19) 0.000 -0.005
6 OH(17) + X(1) <=> HOX(22) 0.000 0.006
7 CH4(2) + 2 X(1) <=> CH3X(21) + HX(19) 0.000 -0.005
8 CH4(2) + OX(20) + X(1) <=> CH3X(21) + HOX(22) 0.000 0.003
9 C2H6(8) + 2 X(1) <=> 2 CH3X(21) 0.002 -0.000
10 CH3(10) + X(1) <=> CH3X(21) 0.002 -0.016
11 CH3OH(14) + 2 X(1) <=> CH3X(21) + HOX(22) 0.000 0.006
12 CH2X(27) + HX(19) <=> CH3X(21) + X(1) -0.011 -2.052
13 CH2X(27) + HOX(22) <=> CH3X(21) + OX(20) 0.000 -0.003
14 CHX(28) + HX(19) <=> CH2X(27) + X(1) 0.000 -0.002
15 CHX(28) + HOX(22) <=> CH2X(27) + OX(20) 0.000 -0.007
16 2 CH2X(27) <=> CH3X(21) + CHX(28) -0.000 -0.005
17 CHX(28) + X(1) <=> CX(26) + HX(19) 0.000 -0.011
18 CX(26) + H2(6) <=> CH2X(27) -0.000 0.009
19 CX(26) + HOX(22) <=> CHX(28) + OX(20) 0.001 -0.008
20 CH3X(21) + CX(26) <=> CH2X(27) + CHX(28) -0.000 0.001
21 CH2X(27) + CX(26) <=> 2 CHX(28) -0.001 -0.002
22 CO(7) + X(1) <=> OCX(25) -0.005 0.000
23 CX(26) + OX(20) <=> OCX(25) + X(1) 0.000 0.003
24 H2(6) + X(1) <=> H2X(49) 0.001 0.001
25 CO(7) + X(1) <=> COX(50) 0.000 -0.011
26 CH2O(9) + 2 X(1) <=> CHOX(53) + HX(19) 0.001 -0.008
27 HCO(15) + X(1) <=> CHOX(53) -0.000 0.009
28 CH3CHO(16) + 2 X(1) <=> CH3X(21) + CHOX(53) 0.001 -0.006
29 CHOX(53) + X(1) <=> HX(19) + OCX(25) 0.000 -0.002
30 HOX(22) + OCX(25) <=> CHOX(53) + OX(20) 0.001 -0.008
31 CH2X(27) + CHOX(53) <=> CH3X(21) + OCX(25) -0.000 -0.005
32 CHOX(53) + CHX(28) <=> CH2X(27) + OCX(25) 0.000 -0.011
33 CHOX(53) + CX(26) <=> CHX(28) + OCX(25) -0.000 0.001
34 CO2(4) + X(1) <=> CO2X(24) 0.007 0.000
35 OCX(25) + OX(20) <=> CO2X(24) + X(1) 0.001 0.004
36 CO2X(24) + HX(19) <=> HOX(22) + OCX(25) 0.000 -0.007
37 CH4(2) + HOX(22) + X(1) <=> CH3X(21) + H2OX(23) 0.000 0.003
38 H2O(5) + X(1) <=> H2OX(23) -0.000 -0.014
39 H2OX(23) + OX(20) <=> 2 HOX(22) -0.002 -1.011
40 HOX(22) + HX(19) <=> H2OX(23) + X(1) 0.000 -0.014
Finished sensitivity simulation for a C/O ratio of 2.2
Finished translating for C/O ratio of 2.2
Starting sensitivity simulation for a C/O ratio of 1.4
0 CH4(2) + X(1) <=> CH4X(48) -0.001 -0.012
1 O2(3) + 2 X(1) <=> 2 OX(20) 0.017 1.927
2 H2(6) + 2 X(1) <=> 2 HX(19) -0.003 0.026
3 H(12) + X(1) <=> HX(19) -0.000 -0.014
4 HX(19) + OX(20) <=> HOX(22) + X(1) 0.001 0.006
5 H2O(5) + 2 X(1) <=> HOX(22) + HX(19) -0.000 -0.017
6 OH(17) + X(1) <=> HOX(22) -0.002 0.008
7 CH4(2) + 2 X(1) <=> CH3X(21) + HX(19) -0.002 -0.034
8 CH4(2) + OX(20) + X(1) <=> CH3X(21) + HOX(22) -0.001 -0.027
9 C2H6(8) + 2 X(1) <=> 2 CH3X(21) -0.003 0.006
10 CH3(10) + X(1) <=> CH3X(21) 0.001 -0.021
11 CH3OH(14) + 2 X(1) <=> CH3X(21) + HOX(22) -0.001 -0.037
12 CH2X(27) + HX(19) <=> CH3X(21) + X(1) -0.018 -2.093
13 CH2X(27) + HOX(22) <=> CH3X(21) + OX(20) -0.002 -0.002
14 CHX(28) + HX(19) <=> CH2X(27) + X(1) -0.002 -0.013
15 CHX(28) + HOX(22) <=> CH2X(27) + OX(20) -0.002 -0.019
16 2 CH2X(27) <=> CH3X(21) + CHX(28) -0.002 -0.006
17 CHX(28) + X(1) <=> CX(26) + HX(19) -0.002 -0.002
18 CX(26) + H2(6) <=> CH2X(27) -0.001 -0.014
19 CX(26) + HOX(22) <=> CHX(28) + OX(20) -0.002 0.023
20 CH3X(21) + CX(26) <=> CH2X(27) + CHX(28) -0.000 -0.011
21 CH2X(27) + CX(26) <=> 2 CHX(28) -0.001 -0.012
22 CO(7) + X(1) <=> OCX(25) -0.014 -0.017
23 CX(26) + OX(20) <=> OCX(25) + X(1) -0.002 -0.002
24 H2(6) + X(1) <=> H2X(49) -0.002 -0.020
25 CO(7) + X(1) <=> COX(50) -0.002 -0.021
26 CH2O(9) + 2 X(1) <=> CHOX(53) + HX(19) -0.001 0.014
27 HCO(15) + X(1) <=> CHOX(53) -0.001 0.023
28 CH3CHO(16) + 2 X(1) <=> CH3X(21) + CHOX(53) -0.001 -0.007
29 CHOX(53) + X(1) <=> HX(19) + OCX(25) -0.001 0.009
30 HOX(22) + OCX(25) <=> CHOX(53) + OX(20) -0.001 0.013
31 CH2X(27) + CHOX(53) <=> CH3X(21) + OCX(25) -0.002 -0.027
32 CHOX(53) + CHX(28) <=> CH2X(27) + OCX(25) -0.003 -0.015
33 CHOX(53) + CX(26) <=> CHX(28) + OCX(25) -0.000 -0.014
34 CO2(4) + X(1) <=> CO2X(24) 0.006 0.038
35 OCX(25) + OX(20) <=> CO2X(24) + X(1) 0.001 -0.019
36 CO2X(24) + HX(19) <=> HOX(22) + OCX(25) -0.000 -0.011
37 CH4(2) + HOX(22) + X(1) <=> CH3X(21) + H2OX(23) -0.001 0.031
38 H2O(5) + X(1) <=> H2OX(23) -0.003 0.002
39 H2OX(23) + OX(20) <=> 2 HOX(22) -0.007 -0.960
40 HOX(22) + HX(19) <=> H2OX(23) + X(1) -0.001 0.000
Finished sensitivity simulation for a C/O ratio of 1.4
Finished translating for C/O ratio of 1.4
Starting sensitivity simulation for a C/O ratio of 0.8
0 CH4(2) + X(1) <=> CH4X(48) -0.010 0.056
1 O2(3) + 2 X(1) <=> 2 OX(20) 0.011 1.985
2 H2(6) + 2 X(1) <=> 2 HX(19) -0.007 0.015
3 H(12) + X(1) <=> HX(19) -0.010 0.083
4 HX(19) + OX(20) <=> HOX(22) + X(1) -0.007 -0.011
5 H2O(5) + 2 X(1) <=> HOX(22) + HX(19) -0.010 0.039
6 OH(17) + X(1) <=> HOX(22) -0.010 0.096
7 CH4(2) + 2 X(1) <=> CH3X(21) + HX(19) -0.007 0.060
8 CH4(2) + OX(20) + X(1) <=> CH3X(21) + HOX(22) -0.003 0.001
9 C2H6(8) + 2 X(1) <=> 2 CH3X(21) -0.007 -0.016
10 CH3(10) + X(1) <=> CH3X(21) 0.003 0.091
11 CH3OH(14) + 2 X(1) <=> CH3X(21) + HOX(22) -0.013 0.031
12 CH2X(27) + HX(19) <=> CH3X(21) + X(1) -0.028 -1.852
13 CH2X(27) + HOX(22) <=> CH3X(21) + OX(20) -0.000 -0.013
14 CHX(28) + HX(19) <=> CH2X(27) + X(1) -0.010 0.048
15 CHX(28) + HOX(22) <=> CH2X(27) + OX(20) -0.007 -0.002
16 2 CH2X(27) <=> CH3X(21) + CHX(28) -0.010 0.056
17 CHX(28) + X(1) <=> CX(26) + HX(19) -0.007 0.024
18 CX(26) + H2(6) <=> CH2X(27) -0.010 0.105
19 CX(26) + HOX(22) <=> CHX(28) + OX(20) -0.013 0.040
20 CH3X(21) + CX(26) <=> CH2X(27) + CHX(28) -0.003 -0.003
21 CH2X(27) + CX(26) <=> 2 CHX(28) -0.007 0.024
22 CO(7) + X(1) <=> OCX(25) -0.029 0.042
23 CX(26) + OX(20) <=> OCX(25) + X(1) -0.010 0.065
24 H2(6) + X(1) <=> H2X(49) -0.003 0.054
25 CO(7) + X(1) <=> COX(50) -0.007 0.020
26 CH2O(9) + 2 X(1) <=> CHOX(53) + HX(19) -0.010 0.043
27 HCO(15) + X(1) <=> CHOX(53) -0.007 0.064
28 CH3CHO(16) + 2 X(1) <=> CH3X(21) + CHOX(53) -0.007 0.069
29 CHOX(53) + X(1) <=> HX(19) + OCX(25) -0.003 -0.008
30 HOX(22) + OCX(25) <=> CHOX(53) + OX(20) -0.003 0.010
31 CH2X(27) + CHOX(53) <=> CH3X(21) + OCX(25) -0.003 -0.030
32 CHOX(53) + CHX(28) <=> CH2X(27) + OCX(25) -0.007 0.007
33 CHOX(53) + CX(26) <=> CHX(28) + OCX(25) -0.007 0.170
34 CO2(4) + X(1) <=> CO2X(24) 0.003 0.008
35 OCX(25) + OX(20) <=> CO2X(24) + X(1) 0.002 0.077
36 CO2X(24) + HX(19) <=> HOX(22) + OCX(25) -0.010 0.052
37 CH4(2) + HOX(22) + X(1) <=> CH3X(21) + H2OX(23) -0.010 -0.023
38 H2O(5) + X(1) <=> H2OX(23) -0.004 0.031
39 H2OX(23) + OX(20) <=> 2 HOX(22) -0.015 -0.808
40 HOX(22) + HX(19) <=> H2OX(23) + X(1) -0.007 0.011
Finished sensitivity simulation for a C/O ratio of 0.8
Finished translating for C/O ratio of 0.8
Starting sensitivity simulation for a C/O ratio of 1.1
0 CH4(2) + X(1) <=> CH4X(48) 0.001 -0.015
1 O2(3) + 2 X(1) <=> 2 OX(20) 0.025 1.926
2 H2(6) + 2 X(1) <=> 2 HX(19) 0.003 -0.029
3 H(12) + X(1) <=> HX(19) 0.005 -0.018
4 HX(19) + OX(20) <=> HOX(22) + X(1) 0.004 -0.072
5 H2O(5) + 2 X(1) <=> HOX(22) + HX(19) 0.004 -0.040
6 OH(17) + X(1) <=> HOX(22) 0.004 0.006
7 CH4(2) + 2 X(1) <=> CH3X(21) + HX(19) 0.000 -0.044
8 CH4(2) + OX(20) + X(1) <=> CH3X(21) + HOX(22) 0.005 -0.036
9 C2H6(8) + 2 X(1) <=> 2 CH3X(21) 0.003 -0.049
10 CH3(10) + X(1) <=> CH3X(21) 0.008 -0.042
11 CH3OH(14) + 2 X(1) <=> CH3X(21) + HOX(22) 0.004 -0.058
12 CH2X(27) + HX(19) <=> CH3X(21) + X(1) -0.011 -2.112
13 CH2X(27) + HOX(22) <=> CH3X(21) + OX(20) 0.003 0.001
14 CHX(28) + HX(19) <=> CH2X(27) + X(1) 0.004 -0.063
15 CHX(28) + HOX(22) <=> CH2X(27) + OX(20) 0.005 0.001
16 2 CH2X(27) <=> CH3X(21) + CHX(28) 0.004 -0.008
17 CHX(28) + X(1) <=> CX(26) + HX(19) 0.005 -0.018
18 CX(26) + H2(6) <=> CH2X(27) 0.003 -0.049
19 CX(26) + HOX(22) <=> CHX(28) + OX(20) 0.004 -0.029
20 CH3X(21) + CX(26) <=> CH2X(27) + CHX(28) 0.004 -0.026
21 CH2X(27) + CX(26) <=> 2 CHX(28) 0.005 -0.025
22 CO(7) + X(1) <=> OCX(25) -0.008 -0.028
23 CX(26) + OX(20) <=> OCX(25) + X(1) 0.003 0.029
24 H2(6) + X(1) <=> H2X(49) 0.005 0.019
25 CO(7) + X(1) <=> COX(50) 0.004 -0.061
26 CH2O(9) + 2 X(1) <=> CHOX(53) + HX(19) 0.005 -0.031
27 HCO(15) + X(1) <=> CHOX(53) 0.004 0.001
28 CH3CHO(16) + 2 X(1) <=> CH3X(21) + CHOX(53) 0.005 -0.038
29 CHOX(53) + X(1) <=> HX(19) + OCX(25) 0.004 -0.040
30 HOX(22) + OCX(25) <=> CHOX(53) + OX(20) 0.005 -0.018
31 CH2X(27) + CHOX(53) <=> CH3X(21) + OCX(25) 0.004 -0.003
32 CHOX(53) + CHX(28) <=> CH2X(27) + OCX(25) 0.004 -0.017
33 CHOX(53) + CX(26) <=> CHX(28) + OCX(25) 0.004 -0.017
34 CO2(4) + X(1) <=> CO2X(24) 0.012 -0.045
35 OCX(25) + OX(20) <=> CO2X(24) + X(1) 0.001 -0.056
36 CO2X(24) + HX(19) <=> HOX(22) + OCX(25) -0.000 -0.044
37 CH4(2) + HOX(22) + X(1) <=> CH3X(21) + H2OX(23) 0.003 -0.008
38 H2O(5) + X(1) <=> H2OX(23) 0.003 0.000
39 H2OX(23) + OX(20) <=> 2 HOX(22) -0.005 -0.965
40 HOX(22) + HX(19) <=> H2OX(23) + X(1) 0.005 -0.036
Finished sensitivity simulation for a C/O ratio of 1.1
Finished translating for C/O ratio of 1.1
Starting sensitivity simulation for a C/O ratio of 0.6
0 CH4(2) + X(1) <=> CH4X(48) -0.010 1.787
1 O2(3) + 2 X(1) <=> 2 OX(20) 0.032 3.814
2 H2(6) + 2 X(1) <=> 2 HX(19) -0.005 1.773
3 H(12) + X(1) <=> HX(19) 0.007 1.899
4 HX(19) + OX(20) <=> HOX(22) + X(1) 0.001 1.763
5 H2O(5) + 2 X(1) <=> HOX(22) + HX(19) -0.004 1.722
6 OH(17) + X(1) <=> HOX(22) -0.004 1.864
7 CH4(2) + 2 X(1) <=> CH3X(21) + HX(19) -0.010 1.748
8 CH4(2) + OX(20) + X(1) <=> CH3X(21) + HOX(22) -0.005 1.871
9 C2H6(8) + 2 X(1) <=> 2 CH3X(21) -0.005 2.001
10 CH3(10) + X(1) <=> CH3X(21) 0.006 1.913
11 CH3OH(14) + 2 X(1) <=> CH3X(21) + HOX(22) -0.016 2.005
12 CH2X(27) + HX(19) <=> CH3X(21) + X(1) -0.023 0.244
13 CH2X(27) + HOX(22) <=> CH3X(21) + OX(20) -0.005 1.793
14 CHX(28) + HX(19) <=> CH2X(27) + X(1) -0.004 1.789
15 CHX(28) + HOX(22) <=> CH2X(27) + OX(20) 0.007 1.883
16 2 CH2X(27) <=> CH3X(21) + CHX(28) -0.004 1.793
17 CHX(28) + X(1) <=> CX(26) + HX(19) 0.001 1.822
18 CX(26) + H2(6) <=> CH2X(27) 0.007 1.926
19 CX(26) + HOX(22) <=> CHX(28) + OX(20) -0.004 1.730
20 CH3X(21) + CX(26) <=> CH2X(27) + CHX(28) -0.004 1.805
21 CH2X(27) + CX(26) <=> 2 CHX(28) 0.001 1.732
22 CO(7) + X(1) <=> OCX(25) -0.023 1.763
23 CX(26) + OX(20) <=> OCX(25) + X(1) 0.001 1.897
24 H2(6) + X(1) <=> H2X(49) 0.001 1.795
25 CO(7) + X(1) <=> COX(50) -0.004 1.793
26 CH2O(9) + 2 X(1) <=> CHOX(53) + HX(19) 0.007 1.852
27 HCO(15) + X(1) <=> CHOX(53) -0.004 1.757
28 CH3CHO(16) + 2 X(1) <=> CH3X(21) + CHOX(53) -0.004 1.938
29 CHOX(53) + X(1) <=> HX(19) + OCX(25) -0.004 1.938
30 HOX(22) + OCX(25) <=> CHOX(53) + OX(20) 0.001 1.779
31 CH2X(27) + CHOX(53) <=> CH3X(21) + OCX(25) -0.004 1.907
32 CHOX(53) + CHX(28) <=> CH2X(27) + OCX(25) 0.007 1.887
33 CHOX(53) + CX(26) <=> CHX(28) + OCX(25) -0.010 1.952
34 CO2(4) + X(1) <=> CO2X(24) 0.011 1.757
35 OCX(25) + OX(20) <=> CO2X(24) + X(1) 0.010 1.890
36 CO2X(24) + HX(19) <=> HOX(22) + OCX(25) 0.001 1.795
37 CH4(2) + HOX(22) + X(1) <=> CH3X(21) + H2OX(23) 0.001 1.763
38 H2O(5) + X(1) <=> H2OX(23) -0.005 1.863
39 H2OX(23) + OX(20) <=> 2 HOX(22) -0.003 0.748
40 HOX(22) + HX(19) <=> H2OX(23) + X(1) -0.004 1.848
Finished sensitivity simulation for a C/O ratio of 0.6
Finished translating for C/O ratio of 0.6
Starting sensitivity simulation for a C/O ratio of 0.9
0 CH4(2) + X(1) <=> CH4X(48) -0.003 0.035
1 O2(3) + 2 X(1) <=> 2 OX(20) 0.025 1.834
2 H2(6) + 2 X(1) <=> 2 HX(19) -0.003 -0.031
3 H(12) + X(1) <=> HX(19) 0.002 0.051
4 HX(19) + OX(20) <=> HOX(22) + X(1) 0.002 0.051
5 H2O(5) + 2 X(1) <=> HOX(22) + HX(19) -0.003 0.053
6 OH(17) + X(1) <=> HOX(22) -0.000 0.069
7 CH4(2) + 2 X(1) <=> CH3X(21) + HX(19) -0.000 -0.000
8 CH4(2) + OX(20) + X(1) <=> CH3X(21) + HOX(22) 0.002 0.051
9 C2H6(8) + 2 X(1) <=> 2 CH3X(21) 0.002 0.051
10 CH3(10) + X(1) <=> CH3X(21) 0.002 -0.071
11 CH3OH(14) + 2 X(1) <=> CH3X(21) + HOX(22) -0.000 -0.049
12 CH2X(27) + HX(19) <=> CH3X(21) + X(1) -0.021 -2.211
13 CH2X(27) + HOX(22) <=> CH3X(21) + OX(20) 0.002 0.051
14 CHX(28) + HX(19) <=> CH2X(27) + X(1) -0.000 0.069
15 CHX(28) + HOX(22) <=> CH2X(27) + OX(20) -0.003 0.035
16 2 CH2X(27) <=> CH3X(21) + CHX(28) -0.000 0.048
17 CHX(28) + X(1) <=> CX(26) + HX(19) -0.000 -0.011
18 CX(26) + H2(6) <=> CH2X(27) -0.006 -0.002
19 CX(26) + HOX(22) <=> CHX(28) + OX(20) -0.003 -0.052
20 CH3X(21) + CX(26) <=> CH2X(27) + CHX(28) -0.000 0.010
21 CH2X(27) + CX(26) <=> 2 CHX(28) -0.006 -0.002
22 CO(7) + X(1) <=> OCX(25) -0.013 0.018
23 CX(26) + OX(20) <=> OCX(25) + X(1) -0.006 -0.002
24 H2(6) + X(1) <=> H2X(49) 0.002 0.009
25 CO(7) + X(1) <=> COX(50) -0.000 0.048
26 CH2O(9) + 2 X(1) <=> CHOX(53) + HX(19) -0.003 -0.020
27 HCO(15) + X(1) <=> CHOX(53) 0.002 0.023
28 CH3CHO(16) + 2 X(1) <=> CH3X(21) + CHOX(53) -0.006 -0.002
29 CHOX(53) + X(1) <=> HX(19) + OCX(25) -0.003 -0.020
30 HOX(22) + OCX(25) <=> CHOX(53) + OX(20) -0.006 -0.002
31 CH2X(27) + CHOX(53) <=> CH3X(21) + OCX(25) -0.006 -0.002
32 CHOX(53) + CHX(28) <=> CH2X(27) + OCX(25) -0.003 -0.020
33 CHOX(53) + CX(26) <=> CHX(28) + OCX(25) -0.000 -0.035
34 CO2(4) + X(1) <=> CO2X(24) 0.008 0.026
35 OCX(25) + OX(20) <=> CO2X(24) + X(1) 0.004 -0.020
36 CO2X(24) + HX(19) <=> HOX(22) + OCX(25) 0.002 0.051
37 CH4(2) + HOX(22) + X(1) <=> CH3X(21) + H2OX(23) 0.002 0.051
38 H2O(5) + X(1) <=> H2OX(23) 0.001 0.001
39 H2OX(23) + OX(20) <=> 2 HOX(22) -0.005 -1.345
40 HOX(22) + HX(19) <=> H2OX(23) + X(1) -0.000 0.069
Finished sensitivity simulation for a C/O ratio of 0.9
Finished translating for C/O ratio of 0.9
Starting sensitivity simulation for a C/O ratio of 1.0
0 CH4(2) + X(1) <=> CH4X(48) -0.004 0.219
1 O2(3) + 2 X(1) <=> 2 OX(20) 0.031 2.077
2 H2(6) + 2 X(1) <=> 2 HX(19) -0.000 0.203
3 H(12) + X(1) <=> HX(19) -0.002 0.232
4 HX(19) + OX(20) <=> HOX(22) + X(1) 0.002 0.172
5 H2O(5) + 2 X(1) <=> HOX(22) + HX(19) -0.002 0.210
6 OH(17) + X(1) <=> HOX(22) -0.000 0.212
7 CH4(2) + 2 X(1) <=> CH3X(21) + HX(19) -0.002 0.182
8 CH4(2) + OX(20) + X(1) <=> CH3X(21) + HOX(22) -0.000 0.192
9 C2H6(8) + 2 X(1) <=> 2 CH3X(21) -0.000 0.195
10 CH3(10) + X(1) <=> CH3X(21) 0.006 -0.089
11 CH3OH(14) + 2 X(1) <=> CH3X(21) + HOX(22) -0.000 0.198
12 CH2X(27) + HX(19) <=> CH3X(21) + X(1) -0.016 -1.916
13 CH2X(27) + HOX(22) <=> CH3X(21) + OX(20) -0.000 0.198
14 CHX(28) + HX(19) <=> CH2X(27) + X(1) -0.004 0.160
15 CHX(28) + HOX(22) <=> CH2X(27) + OX(20) -0.002 0.215
16 2 CH2X(27) <=> CH3X(21) + CHX(28) -0.002 0.227
17 CHX(28) + X(1) <=> CX(26) + HX(19) 0.002 0.189
18 CX(26) + H2(6) <=> CH2X(27) -0.000 0.204
19 CX(26) + HOX(22) <=> CHX(28) + OX(20) -0.002 0.227
20 CH3X(21) + CX(26) <=> CH2X(27) + CHX(28) -0.002 0.240
21 CH2X(27) + CX(26) <=> 2 CHX(28) -0.002 0.215
22 CO(7) + X(1) <=> OCX(25) -0.009 0.013
23 CX(26) + OX(20) <=> OCX(25) + X(1) -0.004 0.208
24 H2(6) + X(1) <=> H2X(49) -0.000 0.201
25 CO(7) + X(1) <=> COX(50) -0.002 0.143
26 CH2O(9) + 2 X(1) <=> CHOX(53) + HX(19) -0.002 0.210
27 HCO(15) + X(1) <=> CHOX(53) 0.002 0.189
28 CH3CHO(16) + 2 X(1) <=> CH3X(21) + CHOX(53) -0.000 0.192
29 CHOX(53) + X(1) <=> HX(19) + OCX(25) -0.000 0.204
30 HOX(22) + OCX(25) <=> CHOX(53) + OX(20) -0.000 0.190
31 CH2X(27) + CHOX(53) <=> CH3X(21) + OCX(25) -0.002 0.215
32 CHOX(53) + CHX(28) <=> CH2X(27) + OCX(25) 0.002 0.189
33 CHOX(53) + CX(26) <=> CHX(28) + OCX(25) 0.002 0.136
34 CO2(4) + X(1) <=> CO2X(24) 0.010 0.127
35 OCX(25) + OX(20) <=> CO2X(24) + X(1) 0.004 0.149
36 CO2X(24) + HX(19) <=> HOX(22) + OCX(25) -0.000 0.190
37 CH4(2) + HOX(22) + X(1) <=> CH3X(21) + H2OX(23) -0.000 0.206
38 H2O(5) + X(1) <=> H2OX(23) 0.003 0.173
39 H2OX(23) + OX(20) <=> 2 HOX(22) -0.003 -0.937
40 HOX(22) + HX(19) <=> H2OX(23) + X(1) 0.004 0.197
Finished sensitivity simulation for a C/O ratio of 1.0
Finished translating for C/O ratio of 1.0
