This mechanism contains 38 gas reactions and 41 surface reactions
Finished simulation at a C/O ratio of 0.8
Finished simulation at a C/O ratio of 1.4
Finished simulation at a C/O ratio of 1.1
Finished simulation at a C/O ratio of 2.2
Finished simulation at a C/O ratio of 2.0
Finished simulation at a C/O ratio of 1.3
Finished simulation at a C/O ratio of 1.0
Finished simulation at a C/O ratio of 2.4
Finished simulation at a C/O ratio of 0.7
Finished simulation at a C/O ratio of 0.9
Finished simulation at a C/O ratio of 1.6
Finished simulation at a C/O ratio of 1.8
Finished simulation at a C/O ratio of 0.6
Finished simulation at a C/O ratio of 1.2
Finished simulation at a C/O ratio of 2.6
Starting thermo sensitivity simulation for a C/O ratio of 1.8
0 X(1) -0.000 -0.000 -0.001 -0.000 -0.000
1 HX(19) 0.000 0.001 0.001 0.000 0.001
2 OX(20) 0.000 -0.000 -0.000 -0.000 -0.000
3 CH3X(21) 0.000 0.000 0.000 0.000 0.000
4 HOX(22) -0.000 0.000 0.000 0.000 0.000
5 H2OX(23) -0.000 0.000 -0.000 0.000 0.000
6 CO2X(24) 0.000 0.000 0.000 -0.000 0.000
7 OCX(25) 0.000 -0.001 -0.001 -0.001 -0.001
8 CX(26) 0.000 0.000 0.000 0.000 0.000
9 CH2X(27) 0.000 0.001 0.001 0.000 0.001
10 CHX(28) 0.000 -0.000 -0.000 -0.000 -0.000
11 CH4X(48) 0.000 -0.000 -0.000 -0.000 -0.000
12 H2X(49) 0.000 -0.000 -0.000 -0.000 -0.000
13 COX(50) 0.000 0.000 0.000 -0.000 0.000
14 CHOX(53) 0.000 0.000 0.000 0.000 0.000
Finished thermo sensitivity simulation for a C/O ratio of 1.8
Starting thermo sensitivity simulation for a C/O ratio of 1.1
0 X(1) -0.000 -0.001 -0.002 -0.001 -0.001
1 HX(19) 0.000 0.001 0.001 0.001 0.001
2 OX(20) 0.000 -0.000 -0.000 -0.000 -0.001
3 CH3X(21) 0.000 0.000 0.000 0.000 0.000
4 HOX(22) 0.000 0.000 0.000 0.000 0.000
5 H2OX(23) -0.000 0.000 0.000 0.000 0.000
6 CO2X(24) 0.000 0.000 0.000 0.000 0.000
7 OCX(25) 0.000 -0.000 -0.000 -0.000 -0.000
8 CX(26) 0.000 0.000 0.000 0.000 0.000
9 CH2X(27) 0.000 0.001 0.001 0.001 0.001
10 CHX(28) 0.000 -0.000 -0.000 -0.000 -0.000
11 CH4X(48) 0.000 -0.000 -0.000 -0.000 -0.000
12 H2X(49) 0.000 -0.000 -0.000 -0.000 -0.000
13 COX(50) -0.000 -0.000 -0.000 -0.000 -0.000
14 CHOX(53) 0.000 -0.000 -0.000 0.000 -0.000
Finished thermo sensitivity simulation for a C/O ratio of 1.1
Starting thermo sensitivity simulation for a C/O ratio of 2.6
0 X(1) -0.000 0.000 0.000 0.000 0.001
1 HX(19) 0.000 0.000 0.000 0.000 0.000
2 OX(20) 0.000 -0.000 -0.000 -0.000 -0.000
3 CH3X(21) 0.000 0.000 0.000 0.000 0.000
4 HOX(22) -0.000 0.000 0.000 0.000 0.000
5 H2OX(23) -0.000 0.000 -0.000 0.000 -0.000
6 CO2X(24) -0.000 -0.000 -0.000 -0.000 0.000
7 OCX(25) 0.000 -0.001 -0.001 -0.001 -0.001
8 CX(26) 0.000 0.000 0.000 0.000 0.000
9 CH2X(27) 0.000 0.000 0.000 0.000 0.000
10 CHX(28) 0.000 -0.000 -0.000 -0.000 -0.000
11 CH4X(48) 0.000 -0.000 -0.000 -0.000 -0.000
12 H2X(49) -0.000 -0.000 -0.000 -0.000 -0.000
13 COX(50) -0.000 -0.000 -0.000 -0.000 0.000
14 CHOX(53) -0.000 -0.000 -0.000 -0.000 0.000
Finished thermo sensitivity simulation for a C/O ratio of 2.6
Starting thermo sensitivity simulation for a C/O ratio of 1.4
0 X(1) -0.000 -0.001 -0.001 -0.001 -0.001
1 HX(19) 0.000 0.001 0.001 0.001 0.001
2 OX(20) 0.000 -0.000 -0.000 -0.000 -0.001
3 CH3X(21) 0.000 0.000 0.000 0.000 0.000
4 HOX(22) 0.000 0.000 0.000 0.000 0.000
5 H2OX(23) -0.000 0.000 0.000 0.000 0.000
6 CO2X(24) 0.000 0.000 0.000 0.000 0.000
7 OCX(25) 0.000 -0.000 -0.000 -0.000 -0.001
8 CX(26) 0.000 0.000 0.000 0.000 0.000
9 CH2X(27) 0.000 0.001 0.001 0.001 0.001
10 CHX(28) 0.000 -0.000 -0.000 -0.000 -0.000
11 CH4X(48) 0.000 -0.000 -0.000 -0.000 -0.000
12 H2X(49) 0.000 -0.000 -0.000 -0.000 -0.000
13 COX(50) 0.000 -0.000 -0.000 0.000 0.000
14 CHOX(53) 0.000 0.000 0.000 0.000 0.000
Finished thermo sensitivity simulation for a C/O ratio of 1.4
Starting thermo sensitivity simulation for a C/O ratio of 1.6
0 X(1) -0.000 -0.000 -0.001 -0.001 -0.000
1 HX(19) 0.000 0.001 0.001 0.001 0.001
2 OX(20) 0.000 -0.000 -0.000 -0.000 -0.000
3 CH3X(21) 0.000 0.000 0.000 0.000 0.000
4 HOX(22) -0.000 0.000 0.000 0.000 0.000
5 H2OX(23) -0.000 0.000 0.000 0.000 0.000
6 CO2X(24) 0.000 0.000 0.000 0.000 0.000
7 OCX(25) 0.000 -0.001 -0.001 -0.001 -0.001
8 CX(26) 0.000 0.000 0.000 0.000 0.000
9 CH2X(27) 0.000 0.001 0.001 0.001 0.001
10 CHX(28) 0.000 -0.000 -0.000 -0.000 -0.000
11 CH4X(48) 0.000 -0.000 -0.000 -0.000 -0.000
12 H2X(49) 0.000 -0.000 -0.000 -0.000 -0.000
13 COX(50) -0.000 -0.000 -0.000 -0.000 0.000
14 CHOX(53) 0.000 0.000 0.000 0.000 0.000
Finished thermo sensitivity simulation for a C/O ratio of 1.6
Starting thermo sensitivity simulation for a C/O ratio of 2.0
0 X(1) -0.000 -0.000 -0.000 -0.000 0.000
1 HX(19) 0.000 0.000 0.001 0.000 0.000
2 OX(20) 0.000 -0.000 -0.000 -0.000 -0.000
3 CH3X(21) 0.000 0.000 0.000 0.000 0.000
4 HOX(22) -0.000 0.000 0.000 0.000 0.000
5 H2OX(23) -0.000 0.000 -0.000 0.000 0.000
6 CO2X(24) 0.000 0.000 0.000 0.000 0.000
7 OCX(25) 0.000 -0.001 -0.001 -0.001 -0.001
8 CX(26) 0.000 0.000 0.000 0.000 0.000
9 CH2X(27) 0.000 0.000 0.001 0.000 0.000
10 CHX(28) 0.000 -0.000 -0.000 -0.000 -0.000
11 CH4X(48) 0.000 -0.000 -0.000 -0.000 -0.000
12 H2X(49) 0.000 -0.000 -0.000 -0.000 -0.000
13 COX(50) 0.000 0.000 0.000 0.000 0.000
14 CHOX(53) 0.000 0.000 0.000 0.000 0.000
Finished thermo sensitivity simulation for a C/O ratio of 2.0
Starting thermo sensitivity simulation for a C/O ratio of 0.9
0 X(1) -0.001 -0.002 -0.002 -0.002 -0.002
1 HX(19) 0.000 0.001 0.001 0.001 0.001
2 OX(20) 0.000 -0.000 -0.000 -0.000 -0.001
3 CH3X(21) 0.000 0.000 0.000 0.000 0.000
4 HOX(22) 0.000 0.000 0.000 0.000 0.000
5 H2OX(23) -0.000 0.000 0.000 0.001 0.000
6 CO2X(24) -0.000 0.000 0.000 0.000 -0.000
7 OCX(25) 0.000 -0.000 -0.000 -0.000 -0.000
8 CX(26) 0.000 0.000 0.000 0.000 0.000
9 CH2X(27) 0.000 0.001 0.001 0.001 0.001
10 CHX(28) 0.000 -0.000 -0.000 -0.000 -0.000
11 CH4X(48) 0.000 -0.000 -0.000 -0.000 -0.000
12 H2X(49) 0.000 -0.000 0.000 0.000 -0.000
13 COX(50) 0.000 0.000 0.000 0.000 0.000
14 CHOX(53) 0.000 0.000 0.000 0.000 -0.000
Finished thermo sensitivity simulation for a C/O ratio of 0.9
Starting thermo sensitivity simulation for a C/O ratio of 1.2
0 X(1) -0.000 -0.001 -0.002 -0.001 -0.001
1 HX(19) 0.000 0.001 0.001 0.001 0.001
2 OX(20) 0.000 -0.000 -0.000 -0.000 -0.001
3 CH3X(21) 0.000 0.000 0.000 0.000 0.000
4 HOX(22) 0.000 0.000 0.000 0.000 0.000
5 H2OX(23) -0.000 0.000 0.000 0.000 0.000
6 CO2X(24) -0.000 -0.000 -0.000 -0.000 -0.000
7 OCX(25) 0.000 -0.000 -0.000 -0.000 -0.000
8 CX(26) 0.000 0.000 0.000 0.000 0.000
9 CH2X(27) 0.000 0.001 0.001 0.001 0.001
10 CHX(28) 0.000 -0.000 -0.000 -0.000 -0.000
11 CH4X(48) 0.000 -0.000 -0.000 -0.000 -0.000
12 H2X(49) -0.000 -0.000 -0.000 -0.000 -0.000
13 COX(50) -0.000 -0.000 -0.000 -0.000 -0.000
14 CHOX(53) -0.000 -0.000 -0.000 -0.000 -0.000
Finished thermo sensitivity simulation for a C/O ratio of 1.2
Starting thermo sensitivity simulation for a C/O ratio of 1.0
0 X(1) -0.001 -0.002 -0.002 -0.002 -0.001
1 HX(19) 0.000 0.001 0.001 0.001 0.001
2 OX(20) 0.000 -0.000 -0.000 -0.000 -0.001
3 CH3X(21) 0.000 0.000 0.000 0.000 0.000
4 HOX(22) 0.000 0.000 0.000 0.000 0.000
5 H2OX(23) -0.000 0.000 0.000 0.001 0.000
6 CO2X(24) -0.000 -0.000 -0.000 -0.000 -0.000
7 OCX(25) 0.000 -0.000 -0.000 -0.000 -0.000
8 CX(26) 0.000 0.000 0.000 0.000 0.000
9 CH2X(27) 0.000 0.001 0.001 0.001 0.001
10 CHX(28) 0.000 -0.000 -0.000 -0.000 -0.000
11 CH4X(48) 0.000 -0.000 -0.000 -0.000 -0.000
12 H2X(49) -0.000 -0.000 -0.000 -0.000 -0.000
13 COX(50) 0.000 0.000 0.000 0.000 0.000
14 CHOX(53) 0.000 0.000 0.000 0.000 0.000
Finished thermo sensitivity simulation for a C/O ratio of 1.0
Starting thermo sensitivity simulation for a C/O ratio of 2.4
0 X(1) -0.000 0.000 0.000 0.000 0.000
1 HX(19) 0.000 0.000 0.000 0.000 0.000
2 OX(20) 0.000 -0.000 -0.000 -0.000 -0.000
3 CH3X(21) 0.000 0.000 0.000 0.000 0.000
4 HOX(22) -0.000 0.000 0.000 0.000 0.000
5 H2OX(23) -0.000 0.000 -0.000 0.000 0.000
6 CO2X(24) 0.000 0.000 0.000 0.000 0.000
7 OCX(25) 0.000 -0.001 -0.001 -0.001 -0.001
8 CX(26) 0.000 0.000 0.000 0.000 0.000
9 CH2X(27) 0.000 0.000 0.000 0.000 0.000
10 CHX(28) 0.000 -0.000 -0.000 -0.000 -0.000
11 CH4X(48) 0.000 -0.000 -0.000 -0.000 -0.000
12 H2X(49) 0.000 -0.000 -0.000 -0.000 -0.000
13 COX(50) 0.000 0.000 0.000 0.000 0.000
14 CHOX(53) 0.000 0.000 0.000 0.000 -0.000
Finished thermo sensitivity simulation for a C/O ratio of 2.4
Starting thermo sensitivity simulation for a C/O ratio of 1.3
0 X(1) -0.000 -0.001 -0.001 -0.001 -0.001
1 HX(19) 0.000 0.001 0.001 0.001 0.001
2 OX(20) 0.000 -0.000 -0.000 -0.000 -0.001
3 CH3X(21) 0.000 0.000 0.000 0.000 0.000
4 HOX(22) 0.000 0.000 0.000 0.000 0.000
5 H2OX(23) -0.000 0.000 0.000 0.000 0.000
6 CO2X(24) 0.000 0.000 0.000 0.000 0.000
7 OCX(25) 0.000 -0.000 -0.000 -0.000 -0.000
8 CX(26) 0.000 0.000 0.000 0.000 0.000
9 CH2X(27) 0.000 0.001 0.001 0.001 0.001
10 CHX(28) 0.000 -0.000 -0.000 -0.000 -0.000
11 CH4X(48) 0.000 -0.000 -0.000 -0.000 -0.000
12 H2X(49) -0.000 -0.000 -0.000 -0.000 -0.000
13 COX(50) 0.000 0.000 0.000 0.000 -0.000
14 CHOX(53) 0.000 0.000 0.000 0.000 -0.000
Finished thermo sensitivity simulation for a C/O ratio of 1.3
Starting thermo sensitivity simulation for a C/O ratio of 0.7
0 X(1) -0.001 -0.002 -0.003 -0.002 -0.002
1 HX(19) 0.000 0.001 0.002 0.001 0.001
2 OX(20) 0.000 -0.001 -0.000 -0.000 -0.001
3 CH3X(21) 0.000 0.000 0.000 0.000 0.000
4 HOX(22) 0.000 0.000 0.000 0.000 0.000
5 H2OX(23) -0.000 0.000 0.000 0.001 0.000
6 CO2X(24) -0.000 -0.000 -0.000 -0.000 0.000
7 OCX(25) 0.000 -0.000 -0.000 -0.000 -0.000
8 CX(26) 0.000 0.000 0.000 0.000 0.000
9 CH2X(27) 0.000 0.001 0.002 0.001 0.001
10 CHX(28) 0.000 -0.000 -0.000 -0.000 -0.000
11 CH4X(48) 0.000 -0.000 -0.000 -0.000 -0.000
12 H2X(49) -0.000 -0.000 -0.000 -0.000 -0.000
13 COX(50) -0.000 -0.000 -0.000 -0.000 0.000
14 CHOX(53) 0.000 0.000 0.000 0.000 0.000
Finished thermo sensitivity simulation for a C/O ratio of 0.7
Starting thermo sensitivity simulation for a C/O ratio of 2.2
0 X(1) -0.000 0.000 -0.000 -0.000 0.000
1 HX(19) 0.000 0.000 0.000 0.000 0.000
2 OX(20) 0.000 -0.000 -0.000 -0.000 -0.000
3 CH3X(21) 0.000 0.000 0.000 0.000 0.000
4 HOX(22) -0.000 0.000 0.000 0.000 0.000
5 H2OX(23) -0.000 0.000 -0.000 0.000 0.000
6 CO2X(24) 0.000 0.000 0.000 0.000 0.000
7 OCX(25) 0.000 -0.001 -0.001 -0.001 -0.001
8 CX(26) 0.000 0.000 0.000 0.000 0.000
9 CH2X(27) 0.000 0.000 0.000 0.000 0.000
10 CHX(28) 0.000 -0.000 -0.000 -0.000 -0.000
11 CH4X(48) 0.000 -0.000 -0.000 -0.000 -0.000
12 H2X(49) -0.000 -0.000 -0.000 -0.000 -0.000
13 COX(50) -0.000 -0.000 -0.000 -0.000 -0.000
14 CHOX(53) -0.000 -0.000 -0.000 -0.000 -0.000
Finished thermo sensitivity simulation for a C/O ratio of 2.2
Starting thermo sensitivity simulation for a C/O ratio of 0.6
0 X(1) -0.001 -0.003 -0.004 -0.002 -0.003
1 HX(19) 0.000 0.001 0.002 0.001 0.002
2 OX(20) 0.000 -0.001 -0.000 -0.000 -0.001
3 CH3X(21) 0.000 0.000 0.000 0.000 0.000
4 HOX(22) 0.000 0.000 0.000 0.000 0.000
5 H2OX(23) -0.000 0.000 0.000 0.001 0.000
6 CO2X(24) -0.000 -0.000 -0.000 -0.000 -0.000
7 OCX(25) 0.000 -0.000 -0.000 -0.000 -0.000
8 CX(26) 0.000 0.000 0.000 0.000 0.000
9 CH2X(27) 0.000 0.001 0.002 0.001 0.002
10 CHX(28) 0.000 -0.000 -0.000 -0.000 -0.000
11 CH4X(48) 0.000 -0.000 -0.000 -0.000 -0.000
12 H2X(49) -0.000 -0.000 -0.000 -0.000 -0.000
13 COX(50) 0.000 0.000 0.000 0.000 0.000
14 CHOX(53) -0.000 0.000 -0.000 -0.000 -0.000
Finished thermo sensitivity simulation for a C/O ratio of 0.6
Starting thermo sensitivity simulation for a C/O ratio of 0.8
0 X(1) -0.001 -0.002 -0.003 -0.002 -0.002
1 HX(19) 0.000 0.001 0.002 0.001 0.001
2 OX(20) 0.000 -0.001 -0.000 -0.000 -0.001
3 CH3X(21) 0.000 0.000 0.000 0.000 0.000
4 HOX(22) 0.000 0.000 0.000 0.000 0.000
5 H2OX(23) -0.000 0.000 0.000 0.001 0.000
6 CO2X(24) -0.000 -0.000 -0.000 -0.000 -0.000
7 OCX(25) 0.000 -0.000 -0.000 -0.000 -0.000
8 CX(26) 0.000 0.000 0.000 0.000 0.000
9 CH2X(27) 0.000 0.001 0.002 0.001 0.001
10 CHX(28) 0.000 -0.000 -0.000 -0.000 -0.000
11 CH4X(48) 0.000 -0.000 -0.000 -0.000 -0.000
12 H2X(49) -0.000 -0.000 -0.000 -0.000 -0.000
13 COX(50) -0.000 -0.000 -0.000 -0.000 -0.000
14 CHOX(53) -0.000 -0.000 -0.000 -0.000 -0.000
Finished thermo sensitivity simulation for a C/O ratio of 0.8
Starting sensitivity simulation for a C/O ratio of 2.6
0 CH4(2) + X(1) <=> CH4X(48) -0.000 0.000 0.000 0.000 0.000
1 O2(3) + 2 X(1) <=> 2 OX(20) 0.179 0.356 0.534 0.243 0.301
2 H2(6) + 2 X(1) <=> 2 HX(19) -0.072 -0.135 -0.207 -0.045 -0.132
3 H(12) + X(1) <=> HX(19) 0.000 -0.000 -0.000 0.000 -0.000
4 HX(19) + OX(20) <=> HOX(22) + X(1) -0.000 -0.000 -0.000 -0.000 -0.000
5 H2O(5) + 2 X(1) <=> HOX(22) + HX(19) 0.000 0.000 0.000 -0.000 0.000
6 OH(17) + X(1) <=> HOX(22) -0.000 -0.000 -0.000 -0.000 -0.000
7 CH4(2) + 2 X(1) <=> CH3X(21) + HX(19) -0.000 -0.000 -0.000 -0.000 -0.000
8 CH4(2) + OX(20) + X(1) <=> CH3X(21) + HOX(22) -0.119 -0.582 -0.702 -0.535 -0.534
9 C2H6(8) + 2 X(1) <=> 2 CH3X(21) 0.000 0.000 0.000 0.000 0.000
10 CH3(10) + X(1) <=> CH3X(21) 0.000 0.000 0.000 0.000 0.000
11 CH3OH(14) + 2 X(1) <=> CH3X(21) + HOX(22) -0.000 -0.000 -0.000 -0.000 0.000
12 CH2X(27) + HX(19) <=> CH3X(21) + X(1) -0.040 -0.194 -0.234 -0.173 -0.181
13 CH2X(27) + HOX(22) <=> CH3X(21) + OX(20) -0.000 -0.000 -0.000 -0.000 -0.000
14 CHX(28) + HX(19) <=> CH2X(27) + X(1) -0.000 -0.000 -0.000 -0.000 -0.000
15 CHX(28) + HOX(22) <=> CH2X(27) + OX(20) -0.000 -0.000 -0.000 0.000 -0.000
16 2 CH2X(27) <=> CH3X(21) + CHX(28) -0.000 -0.000 -0.000 -0.000 -0.000
17 CHX(28) + X(1) <=> CX(26) + HX(19) -0.000 -0.000 -0.000 -0.000 -0.000
18 CX(26) + H2(6) <=> CH2X(27) -0.000 -0.000 -0.000 -0.000 -0.000
19 CX(26) + HOX(22) <=> CHX(28) + OX(20) -0.000 -0.000 -0.000 -0.000 0.000
20 CH3X(21) + CX(26) <=> CH2X(27) + CHX(28) -0.000 -0.000 -0.000 -0.000 -0.000
21 CH2X(27) + CX(26) <=> 2 CHX(28) -0.000 -0.000 -0.000 -0.000 0.000
22 CO(7) + X(1) <=> OCX(25) -0.001 -0.014 -0.015 -0.018 -0.011
23 CX(26) + OX(20) <=> OCX(25) + X(1) -0.000 -0.000 -0.000 -0.000 -0.000
24 H2(6) + X(1) <=> H2X(49) 0.000 0.000 0.000 0.000 0.000
25 CO(7) + X(1) <=> COX(50) 0.000 -0.000 -0.000 0.000 -0.000
26 CH2O(9) + 2 X(1) <=> CHOX(53) + HX(19) -0.000 -0.000 -0.000 -0.000 -0.000
27 HCO(15) + X(1) <=> CHOX(53) -0.000 -0.000 -0.000 -0.000 -0.000
28 CH3CHO(16) + 2 X(1) <=> CH3X(21) + CHOX(53) -0.000 -0.000 -0.000 -0.000 0.000
29 CHOX(53) + X(1) <=> HX(19) + OCX(25) -0.000 -0.000 -0.000 0.000 -0.000
30 HOX(22) + OCX(25) <=> CHOX(53) + OX(20) 0.000 -0.000 -0.000 0.000 -0.000
31 CH2X(27) + CHOX(53) <=> CH3X(21) + OCX(25) -0.000 -0.000 -0.000 -0.000 -0.000
32 CHOX(53) + CHX(28) <=> CH2X(27) + OCX(25) 0.000 0.000 0.000 0.000 0.000
33 CHOX(53) + CX(26) <=> CHX(28) + OCX(25) -0.000 0.000 0.000 -0.000 0.000
34 CO2(4) + X(1) <=> CO2X(24) 0.049 -0.079 -0.030 0.079 -0.172
35 OCX(25) + OX(20) <=> CO2X(24) + X(1) 0.000 -0.000 -0.000 0.000 -0.000
36 CO2X(24) + HX(19) <=> HOX(22) + OCX(25) -0.000 -0.000 -0.000 0.000 0.000
37 CH4(2) + HOX(22) + X(1) <=> CH3X(21) + H2OX(23) 0.000 -0.000 -0.000 -0.000 -0.000
38 H2O(5) + X(1) <=> H2OX(23) 0.000 -0.000 0.000 -0.000 0.000
39 H2OX(23) + OX(20) <=> 2 HOX(22) 0.045 -0.002 0.043 -0.083 0.007
40 HOX(22) + HX(19) <=> H2OX(23) + X(1) 0.000 0.000 0.000 -0.000 0.000
Finished sensitivity simulation for a C/O ratio of 2.6
Finished translating for C/O ratio of 2.6
Starting sensitivity simulation for a C/O ratio of 1.1
0 CH4(2) + X(1) <=> CH4X(48) 0.000 0.000 0.000 0.000 0.000
1 O2(3) + 2 X(1) <=> 2 OX(20) 0.412 1.243 1.650 0.828 1.301
2 H2(6) + 2 X(1) <=> 2 HX(19) -0.163 -0.166 -0.329 0.042 -0.210
3 H(12) + X(1) <=> HX(19) 0.000 -0.000 -0.000 0.000 -0.000
4 HX(19) + OX(20) <=> HOX(22) + X(1) 0.000 0.000 0.000 -0.000 0.000
5 H2O(5) + 2 X(1) <=> HOX(22) + HX(19) 0.000 -0.000 -0.000 -0.000 -0.000
6 OH(17) + X(1) <=> HOX(22) -0.000 -0.000 -0.000 0.000 -0.000
7 CH4(2) + 2 X(1) <=> CH3X(21) + HX(19) -0.000 -0.000 -0.000 -0.000 -0.000
8 CH4(2) + OX(20) + X(1) <=> CH3X(21) + HOX(22) -0.220 -1.094 -1.316 -0.892 -1.113
9 C2H6(8) + 2 X(1) <=> 2 CH3X(21) 0.000 0.000 0.000 0.000 0.000
10 CH3(10) + X(1) <=> CH3X(21) 0.000 0.000 0.000 0.000 0.000
11 CH3OH(14) + 2 X(1) <=> CH3X(21) + HOX(22) 0.000 0.000 0.000 0.000 0.000
12 CH2X(27) + HX(19) <=> CH3X(21) + X(1) -0.132 -0.671 -0.804 -0.539 -0.688
13 CH2X(27) + HOX(22) <=> CH3X(21) + OX(20) -0.000 -0.000 -0.000 -0.000 -0.000
14 CHX(28) + HX(19) <=> CH2X(27) + X(1) -0.000 -0.000 -0.000 -0.000 -0.000
15 CHX(28) + HOX(22) <=> CH2X(27) + OX(20) 0.000 0.000 0.000 0.000 0.000
16 2 CH2X(27) <=> CH3X(21) + CHX(28) -0.000 -0.000 -0.000 -0.000 -0.000
17 CHX(28) + X(1) <=> CX(26) + HX(19) -0.000 -0.000 -0.000 -0.000 -0.000
18 CX(26) + H2(6) <=> CH2X(27) -0.000 -0.000 -0.000 0.000 -0.000
19 CX(26) + HOX(22) <=> CHX(28) + OX(20) -0.000 -0.000 -0.000 -0.000 -0.000
20 CH3X(21) + CX(26) <=> CH2X(27) + CHX(28) -0.000 -0.000 -0.000 -0.000 -0.000
21 CH2X(27) + CX(26) <=> 2 CHX(28) -0.000 -0.000 -0.000 0.000 -0.000
22 CO(7) + X(1) <=> OCX(25) -0.003 -0.006 -0.009 -0.017 0.001
23 CX(26) + OX(20) <=> OCX(25) + X(1) -0.000 -0.000 -0.000 -0.000 -0.000
24 H2(6) + X(1) <=> H2X(49) 0.000 0.000 0.000 0.000 0.000
25 CO(7) + X(1) <=> COX(50) 0.000 -0.000 -0.000 0.000 -0.000
26 CH2O(9) + 2 X(1) <=> CHOX(53) + HX(19) -0.000 -0.000 -0.000 -0.000 -0.000
27 HCO(15) + X(1) <=> CHOX(53) 0.000 0.000 0.000 0.000 0.000
28 CH3CHO(16) + 2 X(1) <=> CH3X(21) + CHOX(53) -0.000 -0.000 -0.000 0.000 -0.000
29 CHOX(53) + X(1) <=> HX(19) + OCX(25) -0.000 -0.000 -0.000 -0.000 -0.000
30 HOX(22) + OCX(25) <=> CHOX(53) + OX(20) 0.000 0.000 0.000 0.000 0.000
31 CH2X(27) + CHOX(53) <=> CH3X(21) + OCX(25) -0.000 -0.000 -0.000 -0.000 -0.000
32 CHOX(53) + CHX(28) <=> CH2X(27) + OCX(25) 0.000 0.000 0.000 0.000 0.000
33 CHOX(53) + CX(26) <=> CHX(28) + OCX(25) -0.000 -0.000 -0.000 -0.000 -0.000
34 CO2(4) + X(1) <=> CO2X(24) 0.060 -0.100 -0.040 0.145 -0.243
35 OCX(25) + OX(20) <=> CO2X(24) + X(1) 0.000 -0.000 -0.000 0.000 -0.001
36 CO2X(24) + HX(19) <=> HOX(22) + OCX(25) 0.000 0.000 0.000 0.000 0.000
37 CH4(2) + HOX(22) + X(1) <=> CH3X(21) + H2OX(23) -0.000 -0.000 -0.000 -0.000 -0.000
38 H2O(5) + X(1) <=> H2OX(23) 0.000 -0.000 -0.000 -0.000 -0.000
39 H2OX(23) + OX(20) <=> 2 HOX(22) 0.094 -0.186 -0.092 -0.328 -0.150
40 HOX(22) + HX(19) <=> H2OX(23) + X(1) 0.000 -0.000 -0.000 -0.000 -0.000
Finished sensitivity simulation for a C/O ratio of 1.1
Finished translating for C/O ratio of 1.1
Starting sensitivity simulation for a C/O ratio of 1.6
0 CH4(2) + X(1) <=> CH4X(48) 0.000 0.000 0.000 0.000 0.000
1 O2(3) + 2 X(1) <=> 2 OX(20) 0.294 0.824 1.115 0.556 0.810
2 H2(6) + 2 X(1) <=> 2 HX(19) -0.119 -0.161 -0.280 -0.005 -0.176
3 H(12) + X(1) <=> HX(19) 0.000 0.000 0.000 0.000 0.000
4 HX(19) + OX(20) <=> HOX(22) + X(1) -0.000 -0.000 -0.000 -0.000 -0.000
5 H2O(5) + 2 X(1) <=> HOX(22) + HX(19) 0.000 -0.000 -0.000 -0.000 -0.000
6 OH(17) + X(1) <=> HOX(22) 0.000 0.000 0.000 0.000 0.000
7 CH4(2) + 2 X(1) <=> CH3X(21) + HX(19) -0.000 -0.000 -0.000 -0.000 -0.000
8 CH4(2) + OX(20) + X(1) <=> CH3X(21) + HOX(22) -0.171 -0.874 -1.047 -0.744 -0.853
9 C2H6(8) + 2 X(1) <=> 2 CH3X(21) 0.000 0.000 0.000 0.000 0.000
10 CH3(10) + X(1) <=> CH3X(21) 0.000 0.000 0.000 0.000 0.000
11 CH3OH(14) + 2 X(1) <=> CH3X(21) + HOX(22) 0.000 0.000 0.000 -0.000 0.000
12 CH2X(27) + HX(19) <=> CH3X(21) + X(1) -0.083 -0.429 -0.512 -0.357 -0.423
13 CH2X(27) + HOX(22) <=> CH3X(21) + OX(20) -0.000 -0.000 -0.000 -0.000 -0.000
14 CHX(28) + HX(19) <=> CH2X(27) + X(1) -0.000 -0.000 -0.000 -0.000 -0.000
15 CHX(28) + HOX(22) <=> CH2X(27) + OX(20) 0.000 0.000 0.000 -0.000 0.000
16 2 CH2X(27) <=> CH3X(21) + CHX(28) 0.000 -0.000 -0.000 -0.000 -0.000
17 CHX(28) + X(1) <=> CX(26) + HX(19) -0.000 -0.000 -0.000 -0.000 -0.000
18 CX(26) + H2(6) <=> CH2X(27) -0.000 -0.000 -0.000 -0.000 -0.000
19 CX(26) + HOX(22) <=> CHX(28) + OX(20) 0.000 0.000 0.000 0.000 0.000
20 CH3X(21) + CX(26) <=> CH2X(27) + CHX(28) -0.000 -0.000 -0.000 -0.000 -0.000
21 CH2X(27) + CX(26) <=> 2 CHX(28) 0.000 0.000 0.000 0.000 0.000
22 CO(7) + X(1) <=> OCX(25) -0.002 -0.010 -0.012 -0.018 -0.006
23 CX(26) + OX(20) <=> OCX(25) + X(1) -0.000 -0.000 -0.000 -0.000 -0.000
24 H2(6) + X(1) <=> H2X(49) 0.000 0.000 0.000 0.000 0.000
25 CO(7) + X(1) <=> COX(50) 0.000 0.000 0.000 0.000 0.000
26 CH2O(9) + 2 X(1) <=> CHOX(53) + HX(19) 0.000 0.000 0.000 0.000 0.000
27 HCO(15) + X(1) <=> CHOX(53) 0.000 0.000 0.000 0.000 0.000
28 CH3CHO(16) + 2 X(1) <=> CH3X(21) + CHOX(53) 0.000 0.000 0.000 -0.000 0.000
29 CHOX(53) + X(1) <=> HX(19) + OCX(25) 0.000 0.000 0.000 0.000 0.000
30 HOX(22) + OCX(25) <=> CHOX(53) + OX(20) 0.000 0.000 0.000 -0.000 0.000
31 CH2X(27) + CHOX(53) <=> CH3X(21) + OCX(25) -0.000 -0.000 -0.000 -0.000 -0.000
32 CHOX(53) + CHX(28) <=> CH2X(27) + OCX(25) 0.000 0.000 0.000 0.000 0.000
33 CHOX(53) + CX(26) <=> CHX(28) + OCX(25) 0.000 0.000 0.000 0.000 0.000
34 CO2(4) + X(1) <=> CO2X(24) 0.053 -0.108 -0.055 0.104 -0.226
35 OCX(25) + OX(20) <=> CO2X(24) + X(1) 0.000 -0.000 -0.000 0.000 -0.001
36 CO2X(24) + HX(19) <=> HOX(22) + OCX(25) 0.000 0.000 0.000 0.000 0.000
37 CH4(2) + HOX(22) + X(1) <=> CH3X(21) + H2OX(23) 0.000 -0.000 -0.000 -0.000 -0.000
38 H2O(5) + X(1) <=> H2OX(23) 0.000 -0.000 -0.000 -0.000 -0.000
39 H2OX(23) + OX(20) <=> 2 HOX(22) 0.072 -0.085 -0.013 -0.205 -0.065
40 HOX(22) + HX(19) <=> H2OX(23) + X(1) 0.000 -0.000 -0.000 -0.000 -0.000
Finished sensitivity simulation for a C/O ratio of 1.6
Finished translating for C/O ratio of 1.6
Starting sensitivity simulation for a C/O ratio of 2.4
0 CH4(2) + X(1) <=> CH4X(48) 0.000 0.000 0.000 0.000 -0.000
1 O2(3) + 2 X(1) <=> 2 OX(20) 0.195 0.422 0.616 0.288 0.371
2 H2(6) + 2 X(1) <=> 2 HX(19) -0.079 -0.142 -0.221 -0.041 -0.140
3 H(12) + X(1) <=> HX(19) 0.000 -0.000 0.000 -0.000 -0.000
4 HX(19) + OX(20) <=> HOX(22) + X(1) -0.000 -0.000 -0.000 -0.000 -0.000
5 H2O(5) + 2 X(1) <=> HOX(22) + HX(19) 0.000 -0.000 0.000 -0.000 0.000
6 OH(17) + X(1) <=> HOX(22) 0.000 0.000 0.000 0.000 -0.000
7 CH4(2) + 2 X(1) <=> CH3X(21) + HX(19) -0.000 -0.000 -0.000 -0.000 -0.000
8 CH4(2) + OX(20) + X(1) <=> CH3X(21) + HOX(22) -0.127 -0.626 -0.754 -0.567 -0.581
9 C2H6(8) + 2 X(1) <=> 2 CH3X(21) 0.000 0.000 0.000 0.000 0.000
10 CH3(10) + X(1) <=> CH3X(21) 0.000 0.000 0.000 0.000 0.000
11 CH3OH(14) + 2 X(1) <=> CH3X(21) + HOX(22) 0.000 0.000 0.000 0.000 0.000
12 CH2X(27) + HX(19) <=> CH3X(21) + X(1) -0.045 -0.224 -0.270 -0.197 -0.211
13 CH2X(27) + HOX(22) <=> CH3X(21) + OX(20) -0.000 -0.000 -0.000 -0.000 -0.000
14 CHX(28) + HX(19) <=> CH2X(27) + X(1) -0.000 -0.000 -0.000 -0.000 -0.000
15 CHX(28) + HOX(22) <=> CH2X(27) + OX(20) 0.000 0.000 0.000 0.000 -0.000
16 2 CH2X(27) <=> CH3X(21) + CHX(28) 0.000 -0.000 -0.000 -0.000 -0.000
17 CHX(28) + X(1) <=> CX(26) + HX(19) -0.000 -0.000 -0.000 -0.000 -0.000
18 CX(26) + H2(6) <=> CH2X(27) -0.000 -0.000 -0.000 -0.000 -0.000
19 CX(26) + HOX(22) <=> CHX(28) + OX(20) 0.000 0.000 0.000 0.000 -0.000
20 CH3X(21) + CX(26) <=> CH2X(27) + CHX(28) -0.000 -0.000 -0.000 -0.000 -0.000
21 CH2X(27) + CX(26) <=> 2 CHX(28) 0.000 0.000 0.000 0.000 -0.000
22 CO(7) + X(1) <=> OCX(25) -0.001 -0.013 -0.015 -0.018 -0.011
23 CX(26) + OX(20) <=> OCX(25) + X(1) -0.000 -0.000 -0.000 -0.000 -0.000
24 H2(6) + X(1) <=> H2X(49) 0.000 0.000 0.000 0.000 -0.000
25 CO(7) + X(1) <=> COX(50) 0.000 0.000 0.000 0.000 -0.000
26 CH2O(9) + 2 X(1) <=> CHOX(53) + HX(19) 0.000 0.000 0.000 0.000 0.000
27 HCO(15) + X(1) <=> CHOX(53) 0.000 -0.000 0.000 0.000 -0.000
28 CH3CHO(16) + 2 X(1) <=> CH3X(21) + CHOX(53) 0.000 0.000 0.000 0.000 0.000
29 CHOX(53) + X(1) <=> HX(19) + OCX(25) 0.000 0.000 0.000 0.000 -0.000
30 HOX(22) + OCX(25) <=> CHOX(53) + OX(20) 0.000 0.000 0.000 0.000 0.000
31 CH2X(27) + CHOX(53) <=> CH3X(21) + OCX(25) -0.000 -0.000 -0.000 -0.000 -0.000
32 CHOX(53) + CHX(28) <=> CH2X(27) + OCX(25) 0.000 0.000 0.000 0.000 -0.000
33 CHOX(53) + CX(26) <=> CHX(28) + OCX(25) 0.000 0.000 0.000 0.000 -0.000
34 CO2(4) + X(1) <=> CO2X(24) 0.049 -0.085 -0.036 0.081 -0.183
35 OCX(25) + OX(20) <=> CO2X(24) + X(1) 0.000 -0.000 -0.000 0.000 -0.000
36 CO2X(24) + HX(19) <=> HOX(22) + OCX(25) 0.000 0.000 0.000 0.000 -0.000
37 CH4(2) + HOX(22) + X(1) <=> CH3X(21) + H2OX(23) 0.000 -0.000 -0.000 -0.000 -0.000
38 H2O(5) + X(1) <=> H2OX(23) 0.000 -0.000 0.000 -0.000 -0.000
39 H2OX(23) + OX(20) <=> 2 HOX(22) 0.049 -0.010 0.039 -0.098 -0.000
40 HOX(22) + HX(19) <=> H2OX(23) + X(1) 0.000 -0.000 0.000 -0.000 0.000
Finished sensitivity simulation for a C/O ratio of 2.4
Finished translating for C/O ratio of 2.4
Starting sensitivity simulation for a C/O ratio of 2.2
0 CH4(2) + X(1) <=> CH4X(48) 0.000 0.000 0.000 0.000 0.000
1 O2(3) + 2 X(1) <=> 2 OX(20) 0.214 0.499 0.712 0.340 0.454
2 H2(6) + 2 X(1) <=> 2 HX(19) -0.087 -0.148 -0.235 -0.036 -0.149
3 H(12) + X(1) <=> HX(19) 0.000 0.000 0.000 -0.000 0.000
4 HX(19) + OX(20) <=> HOX(22) + X(1) -0.000 -0.000 -0.000 -0.000 -0.000
5 H2O(5) + 2 X(1) <=> HOX(22) + HX(19) 0.000 -0.000 0.000 -0.000 -0.000
6 OH(17) + X(1) <=> HOX(22) -0.000 -0.000 -0.000 -0.000 0.000
7 CH4(2) + 2 X(1) <=> CH3X(21) + HX(19) -0.000 -0.000 -0.000 -0.000 -0.000
8 CH4(2) + OX(20) + X(1) <=> CH3X(21) + HOX(22) -0.135 -0.676 -0.813 -0.603 -0.635
9 C2H6(8) + 2 X(1) <=> 2 CH3X(21) 0.000 0.000 0.000 0.000 0.000
10 CH3(10) + X(1) <=> CH3X(21) 0.000 0.000 0.000 0.000 0.000
11 CH3OH(14) + 2 X(1) <=> CH3X(21) + HOX(22) 0.000 0.000 0.000 -0.000 0.000
12 CH2X(27) + HX(19) <=> CH3X(21) + X(1) -0.052 -0.261 -0.313 -0.226 -0.248
13 CH2X(27) + HOX(22) <=> CH3X(21) + OX(20) -0.000 -0.000 -0.000 -0.000 -0.000
14 CHX(28) + HX(19) <=> CH2X(27) + X(1) -0.000 -0.000 -0.000 -0.000 -0.000
15 CHX(28) + HOX(22) <=> CH2X(27) + OX(20) 0.000 0.000 0.000 -0.000 0.000
16 2 CH2X(27) <=> CH3X(21) + CHX(28) -0.000 -0.000 -0.000 -0.000 -0.000
17 CHX(28) + X(1) <=> CX(26) + HX(19) -0.000 -0.000 -0.000 -0.000 -0.000
18 CX(26) + H2(6) <=> CH2X(27) -0.000 -0.000 -0.000 -0.000 -0.000
19 CX(26) + HOX(22) <=> CHX(28) + OX(20) -0.000 -0.000 -0.000 -0.000 0.000
20 CH3X(21) + CX(26) <=> CH2X(27) + CHX(28) -0.000 -0.000 -0.000 -0.000 -0.000
21 CH2X(27) + CX(26) <=> 2 CHX(28) -0.000 -0.000 -0.000 -0.000 -0.000
22 CO(7) + X(1) <=> OCX(25) -0.001 -0.013 -0.014 -0.018 -0.010
23 CX(26) + OX(20) <=> OCX(25) + X(1) -0.000 -0.000 -0.000 -0.000 -0.000
24 H2(6) + X(1) <=> H2X(49) 0.000 0.000 0.000 -0.000 0.000
25 CO(7) + X(1) <=> COX(50) -0.000 -0.000 -0.000 -0.000 0.000
26 CH2O(9) + 2 X(1) <=> CHOX(53) + HX(19) -0.000 -0.000 -0.000 -0.000 0.000
27 HCO(15) + X(1) <=> CHOX(53) -0.000 -0.000 -0.000 -0.000 -0.000
28 CH3CHO(16) + 2 X(1) <=> CH3X(21) + CHOX(53) -0.000 -0.000 -0.000 -0.000 0.000
29 CHOX(53) + X(1) <=> HX(19) + OCX(25) -0.000 0.000 -0.000 -0.000 0.000
30 HOX(22) + OCX(25) <=> CHOX(53) + OX(20) -0.000 -0.000 -0.000 -0.000 -0.000
31 CH2X(27) + CHOX(53) <=> CH3X(21) + OCX(25) -0.000 -0.000 -0.000 -0.000 -0.000
32 CHOX(53) + CHX(28) <=> CH2X(27) + OCX(25) 0.000 0.000 0.000 -0.000 0.000
33 CHOX(53) + CX(26) <=> CHX(28) + OCX(25) -0.000 -0.000 -0.000 -0.000 0.000
34 CO2(4) + X(1) <=> CO2X(24) 0.050 -0.092 -0.042 0.085 -0.194
35 OCX(25) + OX(20) <=> CO2X(24) + X(1) 0.000 -0.000 -0.000 0.000 -0.000
36 CO2X(24) + HX(19) <=> HOX(22) + OCX(25) 0.000 0.000 0.000 -0.000 0.000
37 CH4(2) + HOX(22) + X(1) <=> CH3X(21) + H2OX(23) 0.000 -0.000 -0.000 -0.000 -0.000
38 H2O(5) + X(1) <=> H2OX(23) 0.000 -0.000 0.000 -0.000 -0.000
39 H2OX(23) + OX(20) <=> 2 HOX(22) 0.054 -0.022 0.032 -0.117 -0.010
40 HOX(22) + HX(19) <=> H2OX(23) + X(1) 0.000 -0.000 0.000 -0.000 -0.000
Finished sensitivity simulation for a C/O ratio of 2.2
Finished translating for C/O ratio of 2.2
Starting sensitivity simulation for a C/O ratio of 2.0
0 CH4(2) + X(1) <=> CH4X(48) 0.000 0.000 0.000 0.000 0.000
1 O2(3) + 2 X(1) <=> 2 OX(20) 0.236 0.590 0.824 0.401 0.552
2 H2(6) + 2 X(1) <=> 2 HX(19) -0.096 -0.153 -0.249 -0.028 -0.158
3 H(12) + X(1) <=> HX(19) 0.000 0.000 0.000 0.000 0.000
4 HX(19) + OX(20) <=> HOX(22) + X(1) -0.000 -0.000 -0.000 -0.000 -0.000
5 H2O(5) + 2 X(1) <=> HOX(22) + HX(19) 0.000 -0.000 0.000 -0.000 -0.000
6 OH(17) + X(1) <=> HOX(22) 0.000 0.000 0.000 0.000 0.000
7 CH4(2) + 2 X(1) <=> CH3X(21) + HX(19) -0.000 -0.000 -0.000 -0.000 -0.000
8 CH4(2) + OX(20) + X(1) <=> CH3X(21) + HOX(22) -0.145 -0.734 -0.880 -0.645 -0.698
9 C2H6(8) + 2 X(1) <=> 2 CH3X(21) 0.000 0.000 0.000 0.000 0.000
10 CH3(10) + X(1) <=> CH3X(21) 0.000 0.000 0.000 0.000 0.000
11 CH3OH(14) + 2 X(1) <=> CH3X(21) + HOX(22) 0.000 0.000 0.000 0.000 0.000
12 CH2X(27) + HX(19) <=> CH3X(21) + X(1) -0.060 -0.306 -0.366 -0.262 -0.294
13 CH2X(27) + HOX(22) <=> CH3X(21) + OX(20) -0.000 -0.000 -0.000 -0.000 -0.000
14 CHX(28) + HX(19) <=> CH2X(27) + X(1) -0.000 -0.000 -0.000 -0.000 -0.000
15 CHX(28) + HOX(22) <=> CH2X(27) + OX(20) 0.000 0.000 0.000 0.000 0.000
16 2 CH2X(27) <=> CH3X(21) + CHX(28) -0.000 -0.000 -0.000 -0.000 -0.000
17 CHX(28) + X(1) <=> CX(26) + HX(19) -0.000 -0.000 -0.000 -0.000 -0.000
18 CX(26) + H2(6) <=> CH2X(27) -0.000 -0.000 -0.000 -0.000 -0.000
19 CX(26) + HOX(22) <=> CHX(28) + OX(20) 0.000 0.000 0.000 0.000 0.000
20 CH3X(21) + CX(26) <=> CH2X(27) + CHX(28) -0.000 -0.000 -0.000 -0.000 -0.000
21 CH2X(27) + CX(26) <=> 2 CHX(28) 0.000 0.000 0.000 0.000 0.000
22 CO(7) + X(1) <=> OCX(25) -0.002 -0.012 -0.014 -0.018 -0.009
23 CX(26) + OX(20) <=> OCX(25) + X(1) -0.000 -0.000 -0.000 -0.000 -0.000
24 H2(6) + X(1) <=> H2X(49) 0.000 0.000 0.000 0.000 0.000
25 CO(7) + X(1) <=> COX(50) 0.000 0.000 0.000 0.000 0.000
26 CH2O(9) + 2 X(1) <=> CHOX(53) + HX(19) 0.000 0.000 0.000 0.000 0.000
27 HCO(15) + X(1) <=> CHOX(53) 0.000 0.000 0.000 0.000 0.000
28 CH3CHO(16) + 2 X(1) <=> CH3X(21) + CHOX(53) 0.000 0.000 0.000 -0.000 0.000
29 CHOX(53) + X(1) <=> HX(19) + OCX(25) 0.000 0.000 0.000 -0.000 0.000
30 HOX(22) + OCX(25) <=> CHOX(53) + OX(20) 0.000 0.000 0.000 -0.000 0.000
31 CH2X(27) + CHOX(53) <=> CH3X(21) + OCX(25) -0.000 -0.000 -0.000 -0.000 -0.000
32 CHOX(53) + CHX(28) <=> CH2X(27) + OCX(25) 0.000 0.000 0.000 -0.000 0.000
33 CHOX(53) + CX(26) <=> CHX(28) + OCX(25) 0.000 0.000 0.000 0.000 0.000
34 CO2(4) + X(1) <=> CO2X(24) 0.051 -0.099 -0.048 0.089 -0.205
35 OCX(25) + OX(20) <=> CO2X(24) + X(1) 0.000 -0.000 -0.000 0.000 -0.000
36 CO2X(24) + HX(19) <=> HOX(22) + OCX(25) 0.000 0.000 0.000 0.000 0.000
37 CH4(2) + HOX(22) + X(1) <=> CH3X(21) + H2OX(23) 0.000 -0.000 -0.000 -0.000 -0.000
38 H2O(5) + X(1) <=> H2OX(23) 0.000 -0.000 0.000 -0.000 -0.000
39 H2OX(23) + OX(20) <=> 2 HOX(22) 0.059 -0.038 0.022 -0.140 -0.024
40 HOX(22) + HX(19) <=> H2OX(23) + X(1) 0.000 -0.000 0.000 -0.000 -0.000
Finished sensitivity simulation for a C/O ratio of 2.0
Finished translating for C/O ratio of 2.0
Starting sensitivity simulation for a C/O ratio of 0.8
0 CH4(2) + X(1) <=> CH4X(48) -0.000 -0.000 -0.000 -0.000 -0.000
1 O2(3) + 2 X(1) <=> 2 OX(20) 0.526 1.567 2.084 1.026 1.731
2 H2(6) + 2 X(1) <=> 2 HX(19) -0.205 -0.176 -0.381 0.074 -0.261
3 H(12) + X(1) <=> HX(19) 0.000 -0.000 -0.000 0.000 -0.000
4 HX(19) + OX(20) <=> HOX(22) + X(1) 0.000 0.000 0.000 -0.000 0.000
5 H2O(5) + 2 X(1) <=> HOX(22) + HX(19) 0.000 -0.000 -0.000 -0.000 -0.000
6 OH(17) + X(1) <=> HOX(22) -0.000 -0.000 -0.000 -0.000 -0.000
7 CH4(2) + 2 X(1) <=> CH3X(21) + HX(19) -0.000 -0.000 -0.000 -0.000 -0.000
8 CH4(2) + OX(20) + X(1) <=> CH3X(21) + HOX(22) -0.262 -1.226 -1.491 -0.971 -1.297
9 C2H6(8) + 2 X(1) <=> 2 CH3X(21) 0.000 0.000 0.000 0.000 0.000
10 CH3(10) + X(1) <=> CH3X(21) 0.000 0.000 0.000 0.000 0.000
11 CH3OH(14) + 2 X(1) <=> CH3X(21) + HOX(22) -0.000 -0.000 -0.000 -0.000 -0.000
12 CH2X(27) + HX(19) <=> CH3X(21) + X(1) -0.183 -0.872 -1.057 -0.683 -0.928
13 CH2X(27) + HOX(22) <=> CH3X(21) + OX(20) -0.000 -0.000 -0.000 -0.000 -0.000
14 CHX(28) + HX(19) <=> CH2X(27) + X(1) -0.000 -0.000 -0.000 -0.000 -0.000
15 CHX(28) + HOX(22) <=> CH2X(27) + OX(20) -0.000 -0.000 -0.000 -0.000 -0.000
16 2 CH2X(27) <=> CH3X(21) + CHX(28) -0.000 -0.000 -0.000 -0.000 -0.000
17 CHX(28) + X(1) <=> CX(26) + HX(19) -0.000 -0.000 -0.000 -0.000 -0.000
18 CX(26) + H2(6) <=> CH2X(27) -0.000 -0.000 -0.000 0.000 -0.000
19 CX(26) + HOX(22) <=> CHX(28) + OX(20) -0.000 -0.000 -0.000 -0.000 -0.000
20 CH3X(21) + CX(26) <=> CH2X(27) + CHX(28) -0.000 -0.000 -0.000 -0.000 -0.000
21 CH2X(27) + CX(26) <=> 2 CHX(28) -0.000 -0.000 -0.000 -0.000 -0.000
22 CO(7) + X(1) <=> OCX(25) -0.004 -0.003 -0.007 -0.018 0.007
23 CX(26) + OX(20) <=> OCX(25) + X(1) -0.000 -0.000 -0.000 -0.000 -0.000
24 H2(6) + X(1) <=> H2X(49) 0.000 0.000 0.000 0.000 0.000
25 CO(7) + X(1) <=> COX(50) -0.000 -0.000 -0.000 -0.000 -0.000
26 CH2O(9) + 2 X(1) <=> CHOX(53) + HX(19) 0.000 -0.000 -0.000 0.000 -0.000
27 HCO(15) + X(1) <=> CHOX(53) -0.000 -0.000 -0.000 -0.000 -0.000
28 CH3CHO(16) + 2 X(1) <=> CH3X(21) + CHOX(53) -0.000 -0.000 -0.000 -0.000 -0.000
29 CHOX(53) + X(1) <=> HX(19) + OCX(25) 0.000 0.000 0.000 0.000 0.000
30 HOX(22) + OCX(25) <=> CHOX(53) + OX(20) -0.000 -0.000 -0.000 -0.000 -0.000
31 CH2X(27) + CHOX(53) <=> CH3X(21) + OCX(25) -0.000 -0.000 -0.000 -0.000 -0.000
32 CHOX(53) + CHX(28) <=> CH2X(27) + OCX(25) -0.000 -0.000 -0.000 -0.000 -0.000
33 CHOX(53) + CX(26) <=> CHX(28) + OCX(25) -0.000 -0.000 -0.000 -0.000 -0.000
34 CO2(4) + X(1) <=> CO2X(24) 0.072 -0.073 -0.000 0.187 -0.245
35 OCX(25) + OX(20) <=> CO2X(24) + X(1) 0.000 -0.000 -0.000 0.001 -0.001
36 CO2X(24) + HX(19) <=> HOX(22) + OCX(25) -0.000 -0.000 -0.000 -0.000 -0.000
37 CH4(2) + HOX(22) + X(1) <=> CH3X(21) + H2OX(23) -0.000 -0.000 -0.000 -0.000 -0.000
38 H2O(5) + X(1) <=> H2OX(23) 0.000 -0.000 -0.000 -0.000 -0.000
39 H2OX(23) + OX(20) <=> 2 HOX(22) 0.112 -0.265 -0.153 -0.420 -0.208
40 HOX(22) + HX(19) <=> H2OX(23) + X(1) 0.000 -0.000 -0.000 -0.000 -0.000
Finished sensitivity simulation for a C/O ratio of 0.8
Finished translating for C/O ratio of 0.8
Starting sensitivity simulation for a C/O ratio of 0.7
0 CH4(2) + X(1) <=> CH4X(48) -0.000 -0.000 -0.000 -0.000 0.000
1 O2(3) + 2 X(1) <=> 2 OX(20) 0.574 1.682 2.246 1.095 1.908
2 H2(6) + 2 X(1) <=> 2 HX(19) -0.222 -0.184 -0.407 0.081 -0.294
3 H(12) + X(1) <=> HX(19) -0.000 -0.000 -0.000 -0.000 -0.000
4 HX(19) + OX(20) <=> HOX(22) + X(1) 0.000 0.000 0.000 -0.000 0.000
5 H2O(5) + 2 X(1) <=> HOX(22) + HX(19) 0.000 -0.000 -0.000 -0.000 -0.000
6 OH(17) + X(1) <=> HOX(22) -0.000 0.000 -0.000 -0.000 0.000
7 CH4(2) + 2 X(1) <=> CH3X(21) + HX(19) -0.000 -0.000 -0.000 -0.000 -0.000
8 CH4(2) + OX(20) + X(1) <=> CH3X(21) + HOX(22) -0.278 -1.263 -1.544 -0.989 -1.363
9 C2H6(8) + 2 X(1) <=> 2 CH3X(21) 0.000 0.000 0.000 0.000 0.000
10 CH3(10) + X(1) <=> CH3X(21) 0.000 0.000 0.000 0.000 0.000
11 CH3OH(14) + 2 X(1) <=> CH3X(21) + HOX(22) -0.000 -0.000 -0.000 -0.000 -0.000
12 CH2X(27) + HX(19) <=> CH3X(21) + X(1) -0.205 -0.946 -1.153 -0.734 -1.027
13 CH2X(27) + HOX(22) <=> CH3X(21) + OX(20) -0.000 -0.000 -0.000 -0.000 -0.000
14 CHX(28) + HX(19) <=> CH2X(27) + X(1) -0.000 -0.000 -0.000 -0.000 -0.000
15 CHX(28) + HOX(22) <=> CH2X(27) + OX(20) 0.000 0.000 0.000 0.000 0.000
16 2 CH2X(27) <=> CH3X(21) + CHX(28) -0.000 -0.000 -0.000 -0.000 -0.000
17 CHX(28) + X(1) <=> CX(26) + HX(19) -0.000 -0.000 -0.000 -0.000 -0.000
18 CX(26) + H2(6) <=> CH2X(27) -0.000 -0.000 -0.000 0.000 -0.000
19 CX(26) + HOX(22) <=> CHX(28) + OX(20) 0.000 0.000 0.000 0.000 0.000
20 CH3X(21) + CX(26) <=> CH2X(27) + CHX(28) -0.000 -0.000 -0.000 -0.000 -0.000
21 CH2X(27) + CX(26) <=> 2 CHX(28) -0.000 -0.000 -0.000 -0.000 -0.000
22 CO(7) + X(1) <=> OCX(25) -0.005 -0.002 -0.007 -0.019 0.010
23 CX(26) + OX(20) <=> OCX(25) + X(1) -0.000 -0.000 -0.000 -0.000 -0.000
24 H2(6) + X(1) <=> H2X(49) -0.000 -0.000 -0.000 -0.000 0.000
25 CO(7) + X(1) <=> COX(50) -0.000 -0.000 -0.000 -0.000 0.000
26 CH2O(9) + 2 X(1) <=> CHOX(53) + HX(19) -0.000 -0.000 -0.000 -0.000 -0.000
27 HCO(15) + X(1) <=> CHOX(53) -0.000 -0.000 -0.000 -0.000 -0.000
28 CH3CHO(16) + 2 X(1) <=> CH3X(21) + CHOX(53) -0.000 -0.000 -0.000 -0.000 0.000
29 CHOX(53) + X(1) <=> HX(19) + OCX(25) 0.000 0.000 0.000 0.000 0.000
30 HOX(22) + OCX(25) <=> CHOX(53) + OX(20) -0.000 -0.000 -0.000 -0.000 0.000
31 CH2X(27) + CHOX(53) <=> CH3X(21) + OCX(25) -0.000 -0.000 -0.000 -0.000 -0.000
32 CHOX(53) + CHX(28) <=> CH2X(27) + OCX(25) -0.000 -0.000 -0.000 -0.000 -0.000
33 CHOX(53) + CX(26) <=> CHX(28) + OCX(25) -0.000 -0.000 -0.000 -0.000 0.000
34 CO2(4) + X(1) <=> CO2X(24) 0.080 -0.058 0.023 0.204 -0.244
35 OCX(25) + OX(20) <=> CO2X(24) + X(1) 0.000 -0.000 0.000 0.001 -0.001
36 CO2X(24) + HX(19) <=> HOX(22) + OCX(25) 0.000 0.000 0.000 0.000 0.000
37 CH4(2) + HOX(22) + X(1) <=> CH3X(21) + H2OX(23) -0.000 -0.000 -0.000 -0.000 -0.000
38 H2O(5) + X(1) <=> H2OX(23) 0.000 -0.000 -0.000 -0.000 -0.000
39 H2OX(23) + OX(20) <=> 2 HOX(22) 0.119 -0.291 -0.172 -0.450 -0.221
40 HOX(22) + HX(19) <=> H2OX(23) + X(1) 0.000 -0.000 -0.000 -0.000 -0.000
Finished sensitivity simulation for a C/O ratio of 0.7
Finished translating for C/O ratio of 0.7
Starting sensitivity simulation for a C/O ratio of 0.9
0 CH4(2) + X(1) <=> CH4X(48) 0.000 0.000 0.000 0.000 0.000
1 O2(3) + 2 X(1) <=> 2 OX(20) 0.483 1.454 1.930 0.958 1.573
2 H2(6) + 2 X(1) <=> 2 HX(19) -0.189 -0.171 -0.360 0.064 -0.238
3 H(12) + X(1) <=> HX(19) 0.000 0.000 0.000 0.000 -0.000
4 HX(19) + OX(20) <=> HOX(22) + X(1) 0.000 0.000 0.000 -0.000 0.000
5 H2O(5) + 2 X(1) <=> HOX(22) + HX(19) 0.000 -0.000 -0.000 -0.000 -0.000
6 OH(17) + X(1) <=> HOX(22) 0.000 0.000 0.000 0.000 0.000
7 CH4(2) + 2 X(1) <=> CH3X(21) + HX(19) -0.000 -0.000 -0.000 -0.000 -0.000
8 CH4(2) + OX(20) + X(1) <=> CH3X(21) + HOX(22) -0.247 -1.184 -1.434 -0.948 -1.234
9 C2H6(8) + 2 X(1) <=> 2 CH3X(21) 0.000 0.000 0.000 0.000 0.000
10 CH3(10) + X(1) <=> CH3X(21) 0.000 0.000 0.000 0.000 0.000
11 CH3OH(14) + 2 X(1) <=> CH3X(21) + HOX(22) 0.000 -0.000 0.000 0.000 -0.000
12 CH2X(27) + HX(19) <=> CH3X(21) + X(1) -0.164 -0.801 -0.966 -0.633 -0.840
13 CH2X(27) + HOX(22) <=> CH3X(21) + OX(20) -0.000 -0.000 -0.000 -0.000 -0.000
14 CHX(28) + HX(19) <=> CH2X(27) + X(1) -0.000 -0.000 -0.000 -0.000 -0.000
15 CHX(28) + HOX(22) <=> CH2X(27) + OX(20) 0.000 0.000 0.000 0.000 0.000
16 2 CH2X(27) <=> CH3X(21) + CHX(28) 0.000 0.000 0.000 0.000 0.000
17 CHX(28) + X(1) <=> CX(26) + HX(19) -0.000 -0.000 -0.000 -0.000 -0.000
18 CX(26) + H2(6) <=> CH2X(27) -0.000 -0.000 -0.000 0.000 -0.000
19 CX(26) + HOX(22) <=> CHX(28) + OX(20) 0.000 0.000 0.000 0.000 0.000
20 CH3X(21) + CX(26) <=> CH2X(27) + CHX(28) -0.000 -0.000 -0.000 -0.000 -0.000
21 CH2X(27) + CX(26) <=> 2 CHX(28) 0.000 0.000 0.000 0.000 0.000
22 CO(7) + X(1) <=> OCX(25) -0.004 -0.004 -0.008 -0.018 0.005
23 CX(26) + OX(20) <=> OCX(25) + X(1) -0.000 -0.000 -0.000 -0.000 -0.000
24 H2(6) + X(1) <=> H2X(49) -0.000 -0.000 -0.000 -0.000 -0.000
25 CO(7) + X(1) <=> COX(50) 0.000 0.000 0.000 0.000 0.000
26 CH2O(9) + 2 X(1) <=> CHOX(53) + HX(19) 0.000 0.000 0.000 0.000 0.000
27 HCO(15) + X(1) <=> CHOX(53) 0.000 -0.000 0.000 0.000 0.000
28 CH3CHO(16) + 2 X(1) <=> CH3X(21) + CHOX(53) 0.000 0.000 0.000 0.000 0.000
29 CHOX(53) + X(1) <=> HX(19) + OCX(25) 0.000 0.000 0.000 0.000 0.000
30 HOX(22) + OCX(25) <=> CHOX(53) + OX(20) 0.000 0.000 0.000 0.000 0.000
31 CH2X(27) + CHOX(53) <=> CH3X(21) + OCX(25) -0.000 -0.000 -0.000 -0.000 -0.000
32 CHOX(53) + CHX(28) <=> CH2X(27) + OCX(25) 0.000 0.000 0.000 0.000 0.000
33 CHOX(53) + CX(26) <=> CHX(28) + OCX(25) 0.000 0.000 0.000 0.000 0.000
34 CO2(4) + X(1) <=> CO2X(24) 0.067 -0.085 -0.018 0.171 -0.244
35 OCX(25) + OX(20) <=> CO2X(24) + X(1) 0.000 -0.000 -0.000 0.001 -0.001
36 CO2X(24) + HX(19) <=> HOX(22) + OCX(25) -0.000 -0.000 -0.000 -0.000 -0.000
37 CH4(2) + HOX(22) + X(1) <=> CH3X(21) + H2OX(23) -0.000 -0.000 -0.000 -0.000 -0.000
38 H2O(5) + X(1) <=> H2OX(23) 0.000 -0.000 -0.000 -0.000 -0.000
39 H2OX(23) + OX(20) <=> 2 HOX(22) 0.105 -0.239 -0.133 -0.389 -0.190
40 HOX(22) + HX(19) <=> H2OX(23) + X(1) 0.000 -0.000 -0.000 -0.000 -0.000
Finished sensitivity simulation for a C/O ratio of 0.9
Finished translating for C/O ratio of 0.9
Starting sensitivity simulation for a C/O ratio of 1.0
0 CH4(2) + X(1) <=> CH4X(48) 0.000 -0.000 -0.000 -0.000 0.000
1 O2(3) + 2 X(1) <=> 2 OX(20) 0.445 1.346 1.785 0.892 1.431
2 H2(6) + 2 X(1) <=> 2 HX(19) -0.176 -0.168 -0.343 0.053 -0.222
3 H(12) + X(1) <=> HX(19) -0.000 -0.000 -0.000 -0.000 -0.000
4 HX(19) + OX(20) <=> HOX(22) + X(1) 0.000 0.000 0.000 -0.000 0.000
5 H2O(5) + 2 X(1) <=> HOX(22) + HX(19) 0.000 -0.000 -0.000 -0.000 -0.000
6 OH(17) + X(1) <=> HOX(22) -0.000 -0.000 -0.000 -0.000 0.000
7 CH4(2) + 2 X(1) <=> CH3X(21) + HX(19) -0.000 -0.000 -0.000 -0.000 -0.000
8 CH4(2) + OX(20) + X(1) <=> CH3X(21) + HOX(22) -0.233 -1.140 -1.375 -0.921 -1.172
9 C2H6(8) + 2 X(1) <=> 2 CH3X(21) 0.000 0.000 0.000 0.000 0.000
10 CH3(10) + X(1) <=> CH3X(21) 0.000 0.000 0.000 0.000 0.000
11 CH3OH(14) + 2 X(1) <=> CH3X(21) + HOX(22) -0.000 -0.000 -0.000 -0.000 -0.000
12 CH2X(27) + HX(19) <=> CH3X(21) + X(1) -0.147 -0.733 -0.882 -0.584 -0.760
13 CH2X(27) + HOX(22) <=> CH3X(21) + OX(20) -0.000 -0.000 -0.000 -0.000 -0.000
14 CHX(28) + HX(19) <=> CH2X(27) + X(1) -0.000 -0.000 -0.000 -0.000 -0.000
15 CHX(28) + HOX(22) <=> CH2X(27) + OX(20) 0.000 0.000 0.000 0.000 0.000
16 2 CH2X(27) <=> CH3X(21) + CHX(28) -0.000 -0.000 -0.000 -0.000 -0.000
17 CHX(28) + X(1) <=> CX(26) + HX(19) -0.000 -0.000 -0.000 -0.000 -0.000
18 CX(26) + H2(6) <=> CH2X(27) -0.000 -0.000 -0.000 0.000 -0.000
19 CX(26) + HOX(22) <=> CHX(28) + OX(20) -0.000 -0.000 -0.000 -0.000 0.000
20 CH3X(21) + CX(26) <=> CH2X(27) + CHX(28) -0.000 -0.000 -0.000 -0.000 -0.000
21 CH2X(27) + CX(26) <=> 2 CHX(28) 0.000 0.000 0.000 0.000 0.000
22 CO(7) + X(1) <=> OCX(25) -0.003 -0.005 -0.008 -0.017 0.002
23 CX(26) + OX(20) <=> OCX(25) + X(1) -0.000 -0.000 -0.000 -0.000 -0.000
24 H2(6) + X(1) <=> H2X(49) -0.000 -0.000 -0.000 -0.000 -0.000
25 CO(7) + X(1) <=> COX(50) -0.000 -0.000 -0.000 -0.000 -0.000
26 CH2O(9) + 2 X(1) <=> CHOX(53) + HX(19) -0.000 -0.000 -0.000 -0.000 -0.000
27 HCO(15) + X(1) <=> CHOX(53) 0.000 0.000 0.000 0.000 0.000
28 CH3CHO(16) + 2 X(1) <=> CH3X(21) + CHOX(53) 0.000 0.000 0.000 0.000 0.000
29 CHOX(53) + X(1) <=> HX(19) + OCX(25) -0.000 -0.000 -0.000 -0.000 -0.000
30 HOX(22) + OCX(25) <=> CHOX(53) + OX(20) -0.000 -0.000 -0.000 -0.000 -0.000
31 CH2X(27) + CHOX(53) <=> CH3X(21) + OCX(25) -0.000 -0.000 -0.000 -0.000 -0.000
32 CHOX(53) + CHX(28) <=> CH2X(27) + OCX(25) -0.000 -0.000 -0.000 -0.000 -0.000
33 CHOX(53) + CX(26) <=> CHX(28) + OCX(25) -0.000 -0.000 -0.000 -0.000 -0.000
34 CO2(4) + X(1) <=> CO2X(24) 0.063 -0.093 -0.031 0.157 -0.244
35 OCX(25) + OX(20) <=> CO2X(24) + X(1) 0.000 -0.000 -0.000 0.000 -0.001
36 CO2X(24) + HX(19) <=> HOX(22) + OCX(25) 0.000 0.000 0.000 0.000 0.000
37 CH4(2) + HOX(22) + X(1) <=> CH3X(21) + H2OX(23) -0.000 -0.000 -0.000 -0.000 -0.000
38 H2O(5) + X(1) <=> H2OX(23) 0.000 -0.000 -0.000 -0.000 -0.000
39 H2OX(23) + OX(20) <=> 2 HOX(22) 0.099 -0.212 -0.113 -0.358 -0.171
40 HOX(22) + HX(19) <=> H2OX(23) + X(1) 0.000 -0.000 -0.000 -0.000 -0.000
Finished sensitivity simulation for a C/O ratio of 1.0
Finished translating for C/O ratio of 1.0
Starting sensitivity simulation for a C/O ratio of 1.3
0 CH4(2) + X(1) <=> CH4X(48) -0.000 -0.000 -0.000 -0.000 -0.000
1 O2(3) + 2 X(1) <=> 2 OX(20) 0.356 1.057 1.409 0.708 1.077
2 H2(6) + 2 X(1) <=> 2 HX(19) -0.143 -0.164 -0.307 0.021 -0.193
3 H(12) + X(1) <=> HX(19) -0.000 -0.000 -0.000 0.000 -0.000
4 HX(19) + OX(20) <=> HOX(22) + X(1) 0.000 0.000 0.000 -0.000 0.000
5 H2O(5) + 2 X(1) <=> HOX(22) + HX(19) 0.000 -0.000 -0.000 -0.000 -0.000
6 OH(17) + X(1) <=> HOX(22) -0.000 -0.000 -0.000 -0.000 -0.000
7 CH4(2) + 2 X(1) <=> CH3X(21) + HX(19) -0.000 -0.000 -0.000 -0.000 -0.000
8 CH4(2) + OX(20) + X(1) <=> CH3X(21) + HOX(22) -0.197 -1.002 -1.201 -0.832 -1.001
9 C2H6(8) + 2 X(1) <=> 2 CH3X(21) 0.000 0.000 0.000 0.000 0.000
10 CH3(10) + X(1) <=> CH3X(21) 0.000 0.000 0.000 0.000 0.000
11 CH3OH(14) + 2 X(1) <=> CH3X(21) + HOX(22) -0.000 -0.000 -0.000 -0.000 -0.000
12 CH2X(27) + HX(19) <=> CH3X(21) + X(1) -0.108 -0.560 -0.669 -0.457 -0.564
13 CH2X(27) + HOX(22) <=> CH3X(21) + OX(20) -0.000 -0.000 -0.000 -0.000 -0.000
14 CHX(28) + HX(19) <=> CH2X(27) + X(1) -0.000 -0.000 -0.000 -0.000 -0.000
15 CHX(28) + HOX(22) <=> CH2X(27) + OX(20) 0.000 0.000 0.000 0.000 0.000
16 2 CH2X(27) <=> CH3X(21) + CHX(28) -0.000 -0.000 -0.000 0.000 -0.000
17 CHX(28) + X(1) <=> CX(26) + HX(19) -0.000 -0.000 -0.000 -0.000 -0.000
18 CX(26) + H2(6) <=> CH2X(27) -0.000 -0.000 -0.000 -0.000 -0.000
19 CX(26) + HOX(22) <=> CHX(28) + OX(20) -0.000 -0.000 -0.000 0.000 -0.000
20 CH3X(21) + CX(26) <=> CH2X(27) + CHX(28) -0.000 -0.000 -0.000 -0.000 -0.000
21 CH2X(27) + CX(26) <=> 2 CHX(28) 0.000 0.000 0.000 0.000 -0.000
22 CO(7) + X(1) <=> OCX(25) -0.002 -0.008 -0.010 -0.018 -0.003
23 CX(26) + OX(20) <=> OCX(25) + X(1) -0.000 -0.000 -0.000 -0.000 -0.000
24 H2(6) + X(1) <=> H2X(49) -0.000 -0.000 -0.000 0.000 -0.000
25 CO(7) + X(1) <=> COX(50) 0.000 0.000 0.000 0.000 -0.000
26 CH2O(9) + 2 X(1) <=> CHOX(53) + HX(19) -0.000 -0.000 -0.000 -0.000 -0.000
27 HCO(15) + X(1) <=> CHOX(53) 0.000 0.000 0.000 0.000 -0.000
28 CH3CHO(16) + 2 X(1) <=> CH3X(21) + CHOX(53) -0.000 -0.000 -0.000 0.000 -0.000
29 CHOX(53) + X(1) <=> HX(19) + OCX(25) -0.000 -0.000 -0.000 -0.000 -0.000
30 HOX(22) + OCX(25) <=> CHOX(53) + OX(20) -0.000 -0.000 -0.000 0.000 -0.000
31 CH2X(27) + CHOX(53) <=> CH3X(21) + OCX(25) -0.000 -0.000 -0.000 -0.000 -0.000
32 CHOX(53) + CHX(28) <=> CH2X(27) + OCX(25) -0.000 -0.000 -0.000 -0.000 -0.000
33 CHOX(53) + CX(26) <=> CHX(28) + OCX(25) -0.000 -0.000 -0.000 0.000 -0.000
34 CO2(4) + X(1) <=> CO2X(24) 0.056 -0.107 -0.051 0.125 -0.238
35 OCX(25) + OX(20) <=> CO2X(24) + X(1) 0.000 -0.000 -0.000 0.000 -0.001
36 CO2X(24) + HX(19) <=> HOX(22) + OCX(25) 0.000 0.000 0.000 0.000 0.000
37 CH4(2) + HOX(22) + X(1) <=> CH3X(21) + H2OX(23) -0.000 -0.000 -0.000 -0.000 -0.000
38 H2O(5) + X(1) <=> H2OX(23) 0.000 -0.000 -0.000 -0.000 -0.000
39 H2OX(23) + OX(20) <=> 2 HOX(22) 0.084 -0.140 -0.056 -0.272 -0.112
40 HOX(22) + HX(19) <=> H2OX(23) + X(1) 0.000 -0.000 -0.000 -0.000 -0.000
Finished sensitivity simulation for a C/O ratio of 1.3
Finished translating for C/O ratio of 1.3
Starting sensitivity simulation for a C/O ratio of 1.8
0 CH4(2) + X(1) <=> CH4X(48) 0.000 0.000 0.000 0.000 0.000
1 O2(3) + 2 X(1) <=> 2 OX(20) 0.262 0.697 0.957 0.472 0.669
2 H2(6) + 2 X(1) <=> 2 HX(19) -0.106 -0.158 -0.264 -0.018 -0.167
3 H(12) + X(1) <=> HX(19) 0.000 0.000 0.000 0.000 0.000
4 HX(19) + OX(20) <=> HOX(22) + X(1) -0.000 -0.000 -0.000 -0.000 -0.000
5 H2O(5) + 2 X(1) <=> HOX(22) + HX(19) 0.000 -0.000 0.000 -0.000 -0.000
6 OH(17) + X(1) <=> HOX(22) 0.000 0.000 0.000 0.000 0.000
7 CH4(2) + 2 X(1) <=> CH3X(21) + HX(19) -0.000 -0.000 -0.000 -0.000 -0.000
8 CH4(2) + OX(20) + X(1) <=> CH3X(21) + HOX(22) -0.157 -0.800 -0.958 -0.692 -0.770
9 C2H6(8) + 2 X(1) <=> 2 CH3X(21) 0.000 0.000 0.000 0.000 0.000
10 CH3(10) + X(1) <=> CH3X(21) 0.000 0.000 0.000 0.000 0.000
11 CH3OH(14) + 2 X(1) <=> CH3X(21) + HOX(22) 0.000 0.000 0.000 0.000 0.000
12 CH2X(27) + HX(19) <=> CH3X(21) + X(1) -0.070 -0.361 -0.431 -0.305 -0.351
13 CH2X(27) + HOX(22) <=> CH3X(21) + OX(20) -0.000 -0.000 -0.000 -0.000 -0.000
14 CHX(28) + HX(19) <=> CH2X(27) + X(1) -0.000 -0.000 -0.000 -0.000 -0.000
15 CHX(28) + HOX(22) <=> CH2X(27) + OX(20) 0.000 0.000 0.000 0.000 0.000
16 2 CH2X(27) <=> CH3X(21) + CHX(28) 0.000 0.000 0.000 0.000 0.000
17 CHX(28) + X(1) <=> CX(26) + HX(19) -0.000 -0.000 -0.000 -0.000 -0.000
18 CX(26) + H2(6) <=> CH2X(27) -0.000 -0.000 -0.000 -0.000 -0.000
19 CX(26) + HOX(22) <=> CHX(28) + OX(20) 0.000 0.000 0.000 0.000 0.000
20 CH3X(21) + CX(26) <=> CH2X(27) + CHX(28) -0.000 -0.000 -0.000 -0.000 -0.000
21 CH2X(27) + CX(26) <=> 2 CHX(28) 0.000 0.000 0.000 0.000 0.000
22 CO(7) + X(1) <=> OCX(25) -0.002 -0.011 -0.013 -0.018 -0.008
23 CX(26) + OX(20) <=> OCX(25) + X(1) -0.000 -0.000 -0.000 -0.000 -0.000
24 H2(6) + X(1) <=> H2X(49) 0.000 0.000 0.000 0.000 0.000
25 CO(7) + X(1) <=> COX(50) 0.000 0.000 0.000 0.000 0.000
26 CH2O(9) + 2 X(1) <=> CHOX(53) + HX(19) 0.000 0.000 0.000 0.000 0.000
27 HCO(15) + X(1) <=> CHOX(53) 0.000 0.000 0.000 -0.000 0.000
28 CH3CHO(16) + 2 X(1) <=> CH3X(21) + CHOX(53) 0.000 0.000 0.000 0.000 0.000
29 CHOX(53) + X(1) <=> HX(19) + OCX(25) 0.000 0.000 0.000 0.000 0.000
30 HOX(22) + OCX(25) <=> CHOX(53) + OX(20) 0.000 0.000 0.000 0.000 0.000
31 CH2X(27) + CHOX(53) <=> CH3X(21) + OCX(25) -0.000 -0.000 -0.000 -0.000 -0.000
32 CHOX(53) + CHX(28) <=> CH2X(27) + OCX(25) 0.000 0.000 0.000 0.000 0.000
33 CHOX(53) + CX(26) <=> CHX(28) + OCX(25) 0.000 0.000 0.000 0.000 0.000
34 CO2(4) + X(1) <=> CO2X(24) 0.052 -0.104 -0.052 0.095 -0.216
35 OCX(25) + OX(20) <=> CO2X(24) + X(1) 0.000 -0.000 -0.000 0.000 -0.000
36 CO2X(24) + HX(19) <=> HOX(22) + OCX(25) 0.000 0.000 0.000 0.000 0.000
37 CH4(2) + HOX(22) + X(1) <=> CH3X(21) + H2OX(23) 0.000 -0.000 -0.000 -0.000 -0.000
38 H2O(5) + X(1) <=> H2OX(23) 0.000 -0.000 0.000 -0.000 -0.000
39 H2OX(23) + OX(20) <=> 2 HOX(22) 0.065 -0.058 0.007 -0.169 -0.042
40 HOX(22) + HX(19) <=> H2OX(23) + X(1) 0.000 -0.000 0.000 -0.000 -0.000
Finished sensitivity simulation for a C/O ratio of 1.8
Finished translating for C/O ratio of 1.8
Starting sensitivity simulation for a C/O ratio of 1.4
0 CH4(2) + X(1) <=> CH4X(48) 0.000 0.000 0.000 0.000 0.000
1 O2(3) + 2 X(1) <=> 2 OX(20) 0.333 0.973 1.302 0.654 0.979
2 H2(6) + 2 X(1) <=> 2 HX(19) -0.134 -0.163 -0.297 0.012 -0.186
3 H(12) + X(1) <=> HX(19) 0.000 -0.000 0.000 0.000 0.000
4 HX(19) + OX(20) <=> HOX(22) + X(1) -0.000 -0.000 -0.000 -0.000 -0.000
5 H2O(5) + 2 X(1) <=> HOX(22) + HX(19) 0.000 -0.000 -0.000 -0.000 -0.000
6 OH(17) + X(1) <=> HOX(22) 0.000 0.000 0.000 0.000 0.000
7 CH4(2) + 2 X(1) <=> CH3X(21) + HX(19) -0.000 -0.000 -0.000 -0.000 -0.000
8 CH4(2) + OX(20) + X(1) <=> CH3X(21) + HOX(22) -0.188 -0.957 -1.147 -0.802 -0.949
9 C2H6(8) + 2 X(1) <=> 2 CH3X(21) 0.000 0.000 0.000 0.000 0.000
10 CH3(10) + X(1) <=> CH3X(21) 0.000 0.000 0.000 0.000 0.000
11 CH3OH(14) + 2 X(1) <=> CH3X(21) + HOX(22) 0.000 0.000 0.000 0.000 0.000
12 CH2X(27) + HX(19) <=> CH3X(21) + X(1) -0.099 -0.512 -0.611 -0.421 -0.512
13 CH2X(27) + HOX(22) <=> CH3X(21) + OX(20) -0.000 -0.000 -0.000 -0.000 -0.000
14 CHX(28) + HX(19) <=> CH2X(27) + X(1) -0.000 -0.000 -0.000 -0.000 -0.000
15 CHX(28) + HOX(22) <=> CH2X(27) + OX(20) 0.000 0.000 0.000 0.000 0.000
16 2 CH2X(27) <=> CH3X(21) + CHX(28) -0.000 -0.000 -0.000 -0.000 -0.000
17 CHX(28) + X(1) <=> CX(26) + HX(19) -0.000 -0.000 -0.000 -0.000 -0.000
18 CX(26) + H2(6) <=> CH2X(27) -0.000 -0.000 -0.000 -0.000 -0.000
19 CX(26) + HOX(22) <=> CHX(28) + OX(20) -0.000 -0.000 -0.000 -0.000 -0.000
20 CH3X(21) + CX(26) <=> CH2X(27) + CHX(28) -0.000 -0.000 -0.000 -0.000 -0.000
21 CH2X(27) + CX(26) <=> 2 CHX(28) 0.000 0.000 0.000 0.000 0.000
22 CO(7) + X(1) <=> OCX(25) -0.002 -0.009 -0.011 -0.018 -0.004
23 CX(26) + OX(20) <=> OCX(25) + X(1) -0.000 -0.000 -0.000 -0.000 -0.000
24 H2(6) + X(1) <=> H2X(49) 0.000 0.000 0.000 0.000 0.000
25 CO(7) + X(1) <=> COX(50) 0.000 0.000 0.000 0.000 0.000
26 CH2O(9) + 2 X(1) <=> CHOX(53) + HX(19) 0.000 0.000 0.000 0.000 0.000
27 HCO(15) + X(1) <=> CHOX(53) 0.000 0.000 0.000 0.000 0.000
28 CH3CHO(16) + 2 X(1) <=> CH3X(21) + CHOX(53) 0.000 0.000 0.000 0.000 0.000
29 CHOX(53) + X(1) <=> HX(19) + OCX(25) 0.000 0.000 0.000 0.000 0.000
30 HOX(22) + OCX(25) <=> CHOX(53) + OX(20) -0.000 -0.000 -0.000 -0.000 -0.000
31 CH2X(27) + CHOX(53) <=> CH3X(21) + OCX(25) -0.000 -0.000 -0.000 -0.000 -0.000
32 CHOX(53) + CHX(28) <=> CH2X(27) + OCX(25) 0.000 0.000 0.000 0.000 0.000
33 CHOX(53) + CX(26) <=> CHX(28) + OCX(25) 0.000 0.000 0.000 0.000 0.000
34 CO2(4) + X(1) <=> CO2X(24) 0.055 -0.108 -0.054 0.117 -0.234
35 OCX(25) + OX(20) <=> CO2X(24) + X(1) 0.000 -0.000 -0.000 0.000 -0.001
36 CO2X(24) + HX(19) <=> HOX(22) + OCX(25) 0.000 -0.000 0.000 0.000 0.000
37 CH4(2) + HOX(22) + X(1) <=> CH3X(21) + H2OX(23) -0.000 -0.000 -0.000 -0.000 -0.000
38 H2O(5) + X(1) <=> H2OX(23) 0.000 -0.000 -0.000 -0.000 -0.000
39 H2OX(23) + OX(20) <=> 2 HOX(22) 0.080 -0.120 -0.040 -0.248 -0.095
40 HOX(22) + HX(19) <=> H2OX(23) + X(1) 0.000 -0.000 -0.000 -0.000 -0.000
Finished sensitivity simulation for a C/O ratio of 1.4
Finished translating for C/O ratio of 1.4
Starting sensitivity simulation for a C/O ratio of 1.2
0 CH4(2) + X(1) <=> CH4X(48) -0.000 -0.000 -0.000 -0.000 -0.000
1 O2(3) + 2 X(1) <=> 2 OX(20) 0.382 1.147 1.525 0.766 1.184
2 H2(6) + 2 X(1) <=> 2 HX(19) -0.152 -0.165 -0.317 0.032 -0.200
3 H(12) + X(1) <=> HX(19) -0.000 -0.000 -0.000 -0.000 -0.000
4 HX(19) + OX(20) <=> HOX(22) + X(1) 0.000 0.000 0.000 -0.000 0.000
5 H2O(5) + 2 X(1) <=> HOX(22) + HX(19) 0.000 -0.000 -0.000 -0.000 -0.000
6 OH(17) + X(1) <=> HOX(22) -0.000 -0.000 -0.000 -0.000 -0.000
7 CH4(2) + 2 X(1) <=> CH3X(21) + HX(19) -0.000 -0.000 -0.000 -0.000 -0.000
8 CH4(2) + OX(20) + X(1) <=> CH3X(21) + HOX(22) -0.208 -1.047 -1.258 -0.863 -1.055
9 C2H6(8) + 2 X(1) <=> 2 CH3X(21) 0.000 0.000 0.000 0.000 0.000
10 CH3(10) + X(1) <=> CH3X(21) 0.000 0.000 0.000 -0.000 0.000
11 CH3OH(14) + 2 X(1) <=> CH3X(21) + HOX(22) -0.000 -0.000 -0.000 -0.000 -0.000
12 CH2X(27) + HX(19) <=> CH3X(21) + X(1) -0.120 -0.613 -0.733 -0.496 -0.623
13 CH2X(27) + HOX(22) <=> CH3X(21) + OX(20) -0.000 -0.000 -0.000 -0.000 -0.000
14 CHX(28) + HX(19) <=> CH2X(27) + X(1) -0.000 -0.000 -0.000 -0.000 -0.000
15 CHX(28) + HOX(22) <=> CH2X(27) + OX(20) -0.000 -0.000 -0.000 -0.000 -0.000
16 2 CH2X(27) <=> CH3X(21) + CHX(28) -0.000 -0.000 -0.000 -0.000 -0.000
17 CHX(28) + X(1) <=> CX(26) + HX(19) -0.000 -0.000 -0.000 -0.000 -0.000
18 CX(26) + H2(6) <=> CH2X(27) -0.000 -0.000 -0.000 0.000 -0.000
19 CX(26) + HOX(22) <=> CHX(28) + OX(20) -0.000 -0.000 -0.000 -0.000 -0.000
20 CH3X(21) + CX(26) <=> CH2X(27) + CHX(28) -0.000 -0.000 -0.000 -0.000 -0.000
21 CH2X(27) + CX(26) <=> 2 CHX(28) -0.000 -0.000 -0.000 -0.000 -0.000
22 CO(7) + X(1) <=> OCX(25) -0.003 -0.007 -0.010 -0.018 -0.001
23 CX(26) + OX(20) <=> OCX(25) + X(1) -0.000 -0.000 -0.000 -0.000 -0.000
24 H2(6) + X(1) <=> H2X(49) -0.000 -0.000 -0.000 -0.000 -0.000
25 CO(7) + X(1) <=> COX(50) -0.000 -0.000 -0.000 -0.000 -0.000
26 CH2O(9) + 2 X(1) <=> CHOX(53) + HX(19) -0.000 -0.000 -0.000 -0.000 -0.000
27 HCO(15) + X(1) <=> CHOX(53) -0.000 -0.000 -0.000 -0.000 -0.000
28 CH3CHO(16) + 2 X(1) <=> CH3X(21) + CHOX(53) -0.000 -0.000 -0.000 -0.000 -0.000
29 CHOX(53) + X(1) <=> HX(19) + OCX(25) -0.000 -0.000 -0.000 -0.000 -0.000
30 HOX(22) + OCX(25) <=> CHOX(53) + OX(20) -0.000 -0.000 -0.000 -0.000 -0.000
31 CH2X(27) + CHOX(53) <=> CH3X(21) + OCX(25) -0.000 -0.000 -0.000 -0.000 -0.000
32 CHOX(53) + CHX(28) <=> CH2X(27) + OCX(25) -0.000 -0.000 -0.000 -0.000 -0.000
33 CHOX(53) + CX(26) <=> CHX(28) + OCX(25) -0.000 -0.000 -0.000 -0.000 -0.000
34 CO2(4) + X(1) <=> CO2X(24) 0.058 -0.104 -0.047 0.134 -0.241
35 OCX(25) + OX(20) <=> CO2X(24) + X(1) 0.000 -0.000 -0.000 0.000 -0.001
36 CO2X(24) + HX(19) <=> HOX(22) + OCX(25) -0.000 -0.000 -0.000 -0.000 -0.000
37 CH4(2) + HOX(22) + X(1) <=> CH3X(21) + H2OX(23) -0.000 -0.000 -0.000 -0.000 -0.000
38 H2O(5) + X(1) <=> H2OX(23) 0.000 -0.000 -0.000 -0.000 -0.000
39 H2OX(23) + OX(20) <=> 2 HOX(22) 0.089 -0.162 -0.073 -0.299 -0.131
40 HOX(22) + HX(19) <=> H2OX(23) + X(1) 0.000 -0.000 -0.000 -0.000 -0.000
Finished sensitivity simulation for a C/O ratio of 1.2
Finished translating for C/O ratio of 1.2
