This mechanism contains 38 gas reactions and 36 surface reactions
Finished simulation at a C/O ratio of 0.8
Finished simulation at a C/O ratio of 1.1
Finished simulation at a C/O ratio of 1.6
Finished simulation at a C/O ratio of 1.4
Finished simulation at a C/O ratio of 1.3
Finished simulation at a C/O ratio of 1.0
Finished simulation at a C/O ratio of 2.0
Finished simulation at a C/O ratio of 2.6
Finished simulation at a C/O ratio of 0.6
Finished simulation at a C/O ratio of 2.2
Finished simulation at a C/O ratio of 2.4
Finished simulation at a C/O ratio of 0.9
Finished simulation at a C/O ratio of 0.7
Finished simulation at a C/O ratio of 1.8
Finished simulation at a C/O ratio of 1.2
Starting sensitivity simulation for a C/O ratio of 2.4
Unable to run sensitivity simulation at a C/O ratio of 2.4
Starting sensitivity simulation for a C/O ratio of 0.6
Unable to run sensitivity simulation at a C/O ratio of 0.6
Starting sensitivity simulation for a C/O ratio of 0.9
Unable to run sensitivity simulation at a C/O ratio of 0.9
Starting sensitivity simulation for a C/O ratio of 1.1
0 CH4(2) + X(1) <=> CH4X(48) 1.266 -11.250
1 O2(3) + 2 X(1) <=> 2 OX(20) -0.643 -2.061
2 H2(6) + 2 X(1) <=> 2 HX(19) 0.636 -17.557
3 H(12) + X(1) <=> HX(19) 0.000 -1.408
4 HX(19) + OX(20) <=> HOX(22) + X(1) 1.266 -7.078
5 H2O(5) + 2 X(1) <=> HOX(22) + HX(19) 0.000 -18.310
6 OH(17) + X(1) <=> HOX(22) 0.637 -18.956
7 CH4(2) + 2 X(1) <=> CH3X(21) + HX(19) 0.637 -17.556
8 CH4(2) + OX(20) + X(1) <=> CH3X(21) + HOX(22) 0.637 -7.760
9 C2H6(8) + 2 X(1) <=> 2 CH3X(21) -0.645 5.025
10 CH3(10) + X(1) <=> CH3X(21) 1.264 -37.674
11 CH3OH(14) + 2 X(1) <=> CH3X(21) + HOX(22) 0.000 2.817
12 H2(6) + X(1) <=> H2X(49) 0.000 -5.634
13 C2H6(8) + X(1) <=> C2H6X(52) -0.645 9.278
14 C2H4(47) + X(1) <=> C2H4X(205) 0.637 -16.157
15 C2H4(18) + X(1) <=> C2H4X(65) 0.637 -18.956
16 CH2X(27) + HX(19) <=> CH3X(21) + X(1) 0.637 -7.760
17 CH2X(27) + HOX(22) <=> CH3X(21) + OX(20) 0.637 -13.358
18 CHX(28) + HX(19) <=> CH2X(27) + X(1) 0.000 2.817
19 CHX(28) + HOX(22) <=> CH2X(27) + OX(20) 1.266 -11.250
20 2 CH2X(27) <=> CH3X(21) + CHX(28) -0.645 -23.326
21 CHX(28) + X(1) <=> CX(26) + HX(19) 0.637 7.634
22 CX(26) + H2(6) <=> CH2X(27) 0.000 -16.901
23 CX(26) + HOX(22) <=> CHX(28) + OX(20) 0.637 -16.157
24 CH3X(21) + CX(26) <=> CH2X(27) + CHX(28) 0.628 -11.969
25 CH2X(27) + CX(26) <=> 2 CHX(28) 0.000 -12.676
26 CO(7) + X(1) <=> OCX(25) -0.645 5.025
27 CX(26) + OX(20) <=> OCX(25) + X(1) 1.266 -12.640
28 CO(7) + X(1) <=> COX(50) 0.000 15.493
29 CH4(2) + HOX(22) + X(1) <=> CH3X(21) + H2OX(23) 0.000 -22.535
30 H2O(5) + X(1) <=> H2OX(23) 0.000 -29.577
31 CO2(4) + X(1) <=> CO2X(24) -0.645 -27.578
32 OCX(25) + OX(20) <=> CO2X(24) + X(1) 1.266 -4.297
33 CO2X(24) + HX(19) <=> HOX(22) + OCX(25) -0.645 -2.063
34 H2OX(23) + OX(20) <=> 2 HOX(22) 0.637 -4.961
35 HOX(22) + HX(19) <=> H2OX(23) + X(1) 0.637 -0.762
Finished sensitivity simulation for a C/O ratio of 1.1
Finished translating for C/O ratio of 1.1
Starting sensitivity simulation for a C/O ratio of 1.6
0 CH4(2) + X(1) <=> CH4X(48) 0.938 61.261
1 O2(3) + 2 X(1) <=> 2 OX(20) -0.699 49.932
2 H2(6) + 2 X(1) <=> 2 HX(19) 0.240 63.217
3 H(12) + X(1) <=> HX(19) 0.938 67.902
4 HX(19) + OX(20) <=> HOX(22) + X(1) 0.242 71.020
5 H2O(5) + 2 X(1) <=> HOX(22) + HX(19) 0.938 70.115
6 OH(17) + X(1) <=> HOX(22) 1.167 71.289
7 CH4(2) + 2 X(1) <=> CH3X(21) + HX(19) 0.475 61.636
8 CH4(2) + OX(20) + X(1) <=> CH3X(21) + HOX(22) 0.242 64.332
9 C2H6(8) + 2 X(1) <=> 2 CH3X(21) 0.938 59.047
10 CH3(10) + X(1) <=> CH3X(21) 0.704 18.455
11 CH3OH(14) + 2 X(1) <=> CH3X(21) + HOX(22) 0.242 67.676
12 H2(6) + X(1) <=> H2X(49) 0.707 61.725
13 C2H6(8) + X(1) <=> C2H6X(52) 0.707 65.608
14 C2H4(47) + X(1) <=> C2H4X(205) 1.167 65.767
15 C2H4(18) + X(1) <=> C2H4X(65) 0.938 66.241
16 CH2X(27) + HX(19) <=> CH3X(21) + X(1) 0.242 64.332
17 CH2X(27) + HOX(22) <=> CH3X(21) + OX(20) 0.707 69.491
18 CHX(28) + HX(19) <=> CH2X(27) + X(1) 0.475 61.635
19 CHX(28) + HOX(22) <=> CH2X(27) + OX(20) 0.475 66.640
20 2 CH2X(27) <=> CH3X(21) + CHX(28) 0.938 69.008
21 CHX(28) + X(1) <=> CX(26) + HX(19) 0.475 62.748
22 CX(26) + H2(6) <=> CH2X(27) 0.475 71.088
23 CX(26) + HOX(22) <=> CHX(28) + OX(20) 1.167 65.767
24 CH3X(21) + CX(26) <=> CH2X(27) + CHX(28) 1.167 62.455
25 CH2X(27) + CX(26) <=> 2 CHX(28) 0.938 61.814
26 CO(7) + X(1) <=> OCX(25) 0.007 65.924
27 CX(26) + OX(20) <=> OCX(25) + X(1) 0.707 61.170
28 CO(7) + X(1) <=> COX(50) 0.242 58.202
29 CH4(2) + HOX(22) + X(1) <=> CH3X(21) + H2OX(23) 1.396 68.601
30 H2O(5) + X(1) <=> H2OX(23) 0.475 62.748
31 CO2(4) + X(1) <=> CO2X(24) 0.707 61.725
32 OCX(25) + OX(20) <=> CO2X(24) + X(1) 0.938 65.134
33 CO2X(24) + HX(19) <=> HOX(22) + OCX(25) 0.707 61.170
34 H2OX(23) + OX(20) <=> 2 HOX(22) 0.007 65.924
35 HOX(22) + HX(19) <=> H2OX(23) + X(1) 0.938 61.814
Finished sensitivity simulation for a C/O ratio of 1.6
Finished translating for C/O ratio of 1.6
Starting sensitivity simulation for a C/O ratio of 0.8
0 CH4(2) + X(1) <=> CH4X(48) 0.000 -4.651
1 O2(3) + 2 X(1) <=> 2 OX(20) 0.834 10.059
2 H2(6) + 2 X(1) <=> 2 HX(19) 0.833 22.742
3 H(12) + X(1) <=> HX(19) 0.833 23.895
4 HX(19) + OX(20) <=> HOX(22) + X(1) 0.833 -0.320
5 H2O(5) + 2 X(1) <=> HOX(22) + HX(19) 0.833 21.589
6 OH(17) + X(1) <=> HOX(22) 0.833 33.697
7 CH4(2) + 2 X(1) <=> CH3X(21) + HX(19) 0.833 9.482
8 CH4(2) + OX(20) + X(1) <=> CH3X(21) + HOX(22) 0.833 11.211
9 C2H6(8) + 2 X(1) <=> 2 CH3X(21) 0.833 17.553
10 CH3(10) + X(1) <=> CH3X(21) 0.832 14.670
11 CH3OH(14) + 2 X(1) <=> CH3X(21) + HOX(22) 0.000 13.953
12 H2(6) + X(1) <=> H2X(49) 0.833 12.941
13 C2H6(8) + X(1) <=> C2H6X(52) 0.833 -2.049
14 C2H4(47) + X(1) <=> C2H4X(205) 0.000 6.977
15 C2H4(18) + X(1) <=> C2H4X(65) 0.000 6.977
16 CH2X(27) + HX(19) <=> CH3X(21) + X(1) 0.833 30.237
17 CH2X(27) + HOX(22) <=> CH3X(21) + OX(20) 0.833 7.175
18 CHX(28) + HX(19) <=> CH2X(27) + X(1) 0.833 16.400
19 CHX(28) + HOX(22) <=> CH2X(27) + OX(20) -0.847 10.293
20 2 CH2X(27) <=> CH3X(21) + CHX(28) 0.000 13.372
21 CHX(28) + X(1) <=> CX(26) + HX(19) 1.653 5.084
22 CX(26) + H2(6) <=> CH2X(27) 0.833 23.319
23 CX(26) + HOX(22) <=> CHX(28) + OX(20) 0.000 6.977
24 CH3X(21) + CX(26) <=> CH2X(27) + CHX(28) -0.847 7.361
25 CH2X(27) + CX(26) <=> 2 CHX(28) -0.000 26.744
26 CO(7) + X(1) <=> OCX(25) 1.653 21.094
27 CX(26) + OX(20) <=> OCX(25) + X(1) 0.833 -8.968
28 CO(7) + X(1) <=> COX(50) 0.000 19.186
29 CH4(2) + HOX(22) + X(1) <=> CH3X(21) + H2OX(23) 0.833 14.094
30 H2O(5) + X(1) <=> H2OX(23) 1.653 35.388
31 CO2(4) + X(1) <=> CO2X(24) 0.833 7.752
32 OCX(25) + OX(20) <=> CO2X(24) + X(1) 0.833 5.446
33 CO2X(24) + HX(19) <=> HOX(22) + OCX(25) 1.653 -1.778
34 H2OX(23) + OX(20) <=> 2 HOX(22) 1.653 4.512
35 HOX(22) + HX(19) <=> H2OX(23) + X(1) -0.000 16.860
Finished sensitivity simulation for a C/O ratio of 0.8
Finished translating for C/O ratio of 0.8
Starting sensitivity simulation for a C/O ratio of 0.7
0 CH4(2) + X(1) <=> CH4X(48) 1.869 16.555
1 O2(3) + 2 X(1) <=> 2 OX(20) 0.001 -3.741
2 H2(6) + 2 X(1) <=> 2 HX(19) 0.943 -9.502
3 H(12) + X(1) <=> HX(19) 2.778 17.989
4 HX(19) + OX(20) <=> HOX(22) + X(1) 0.000 10.544
5 H2O(5) + 2 X(1) <=> HOX(22) + HX(19) 1.869 -11.148
6 OH(17) + X(1) <=> HOX(22) 0.000 -2.721
7 CH4(2) + 2 X(1) <=> CH3X(21) + HX(19) -0.000 -3.061
8 CH4(2) + OX(20) + X(1) <=> CH3X(21) + HOX(22) -0.000 -4.082
9 C2H6(8) + 2 X(1) <=> 2 CH3X(21) 0.943 7.682
10 CH3(10) + X(1) <=> CH3X(21) 0.942 0.942
11 CH3OH(14) + 2 X(1) <=> CH3X(21) + HOX(22) -0.000 10.204
12 H2(6) + X(1) <=> H2X(49) 0.943 -3.100
13 C2H6(8) + X(1) <=> C2H6X(52) -0.000 9.184
14 C2H4(47) + X(1) <=> C2H4X(205) 0.943 -14.218
15 C2H4(18) + X(1) <=> C2H4X(65) 0.943 -14.218
16 CH2X(27) + HX(19) <=> CH3X(21) + X(1) -0.000 14.286
17 CH2X(27) + HOX(22) <=> CH3X(21) + OX(20) -0.962 -13.668
18 CHX(28) + HX(19) <=> CH2X(27) + X(1) 0.943 17.790
19 CHX(28) + HOX(22) <=> CH2X(27) + OX(20) 0.943 6.671
20 2 CH2X(27) <=> CH3X(21) + CHX(28) -0.000 11.565
21 CHX(28) + X(1) <=> CX(26) + HX(19) 0.943 -4.447
22 CX(26) + H2(6) <=> CH2X(27) 0.000 13.265
23 CX(26) + HOX(22) <=> CHX(28) + OX(20) 0.943 -14.218
24 CH3X(21) + CX(26) <=> CH2X(27) + CHX(28) -0.000 29.932
25 CH2X(27) + CX(26) <=> 2 CHX(28) 0.943 6.671
26 CO(7) + X(1) <=> OCX(25) 1.869 -10.481
27 CX(26) + OX(20) <=> OCX(25) + X(1) 0.943 -21.631
28 CO(7) + X(1) <=> COX(50) 1.869 -9.813
29 CH4(2) + HOX(22) + X(1) <=> CH3X(21) + H2OX(23) -0.000 -13.605
30 H2O(5) + X(1) <=> H2OX(23) 0.943 -9.164
31 CO2(4) + X(1) <=> CO2X(24) 0.943 -5.458
32 OCX(25) + OX(20) <=> CO2X(24) + X(1) 0.943 2.291
33 CO2X(24) + HX(19) <=> HOX(22) + OCX(25) 0.943 -9.164
34 H2OX(23) + OX(20) <=> 2 HOX(22) -0.000 -2.721
35 HOX(22) + HX(19) <=> H2OX(23) + X(1) -0.962 -18.132
Finished sensitivity simulation for a C/O ratio of 0.7
Finished translating for C/O ratio of 0.7
Starting sensitivity simulation for a C/O ratio of 1.2
0 CH4(2) + X(1) <=> CH4X(48) 0.594 13.421
1 O2(3) + 2 X(1) <=> 2 OX(20) 0.596 -42.158
2 H2(6) + 2 X(1) <=> 2 HX(19) -0.002 10.751
3 H(12) + X(1) <=> HX(19) 0.594 31.592
4 HX(19) + OX(20) <=> HOX(22) + X(1) 0.594 25.178
5 H2O(5) + 2 X(1) <=> HOX(22) + HX(19) 0.594 10.214
6 OH(17) + X(1) <=> HOX(22) -0.001 11.827
7 CH4(2) + 2 X(1) <=> CH3X(21) + HX(19) 0.594 11.283
8 CH4(2) + OX(20) + X(1) <=> CH3X(21) + HOX(22) 0.594 13.421
9 C2H6(8) + 2 X(1) <=> 2 CH3X(21) -0.604 3.724
10 CH3(10) + X(1) <=> CH3X(21) 0.592 55.106
11 CH3OH(14) + 2 X(1) <=> CH3X(21) + HOX(22) -0.001 16.128
12 H2(6) + X(1) <=> H2X(49) -0.001 13.978
13 C2H6(8) + X(1) <=> C2H6X(52) 1.182 20.308
14 C2H4(47) + X(1) <=> C2H4X(205) 0.594 28.385
15 C2H4(18) + X(1) <=> C2H4X(65) 0.594 28.385
16 CH2X(27) + HX(19) <=> CH3X(21) + X(1) 0.594 34.798
17 CH2X(27) + HOX(22) <=> CH3X(21) + OX(20) -0.001 20.429
18 CHX(28) + HX(19) <=> CH2X(27) + X(1) 0.594 23.041
19 CHX(28) + HOX(22) <=> CH2X(27) + OX(20) 0.594 25.178
20 2 CH2X(27) <=> CH3X(21) + CHX(28) -0.001 30.107
21 CHX(28) + X(1) <=> CX(26) + HX(19) 0.594 21.972
22 CX(26) + H2(6) <=> CH2X(27) 1.182 6.495
23 CX(26) + HOX(22) <=> CHX(28) + OX(20) 0.594 28.385
24 CH3X(21) + CX(26) <=> CH2X(27) + CHX(28) -0.001 13.978
25 CH2X(27) + CX(26) <=> 2 CHX(28) 0.594 21.972
26 CO(7) + X(1) <=> OCX(25) -0.603 16.705
27 CX(26) + OX(20) <=> OCX(25) + X(1) 0.594 20.903
28 CO(7) + X(1) <=> COX(50) 0.594 28.385
29 CH4(2) + HOX(22) + X(1) <=> CH3X(21) + H2OX(23) 0.594 10.214
30 H2O(5) + X(1) <=> H2OX(23) -0.001 10.752
31 CO2(4) + X(1) <=> CO2X(24) 1.182 14.996
32 OCX(25) + OX(20) <=> CO2X(24) + X(1) -0.001 22.580
33 CO2X(24) + HX(19) <=> HOX(22) + OCX(25) -0.001 7.526
34 H2OX(23) + OX(20) <=> 2 HOX(22) 1.182 45.810
35 HOX(22) + HX(19) <=> H2OX(23) + X(1) 1.182 33.059
Finished sensitivity simulation for a C/O ratio of 1.2
Finished translating for C/O ratio of 1.2
Starting sensitivity simulation for a C/O ratio of 2.2
0 CH4(2) + X(1) <=> CH4X(48) -0.550 8.818
1 O2(3) + 2 X(1) <=> 2 OX(20) -0.917 14.127
2 H2(6) + 2 X(1) <=> 2 HX(19) -0.737 -1.363
3 H(12) + X(1) <=> HX(19) -0.366 10.855
4 HX(19) + OX(20) <=> HOX(22) + X(1) 0.000 14.286
5 H2O(5) + 2 X(1) <=> HOX(22) + HX(19) 0.000 7.453
6 OH(17) + X(1) <=> HOX(22) -0.183 -12.006
7 CH4(2) + 2 X(1) <=> CH3X(21) + HX(19) -0.183 1.684
8 CH4(2) + OX(20) + X(1) <=> CH3X(21) + HOX(22) -0.550 8.818
9 C2H6(8) + 2 X(1) <=> 2 CH3X(21) -0.735 18.661
10 CH3(10) + X(1) <=> CH3X(21) 0.540 9.807
11 CH3OH(14) + 2 X(1) <=> CH3X(21) + HOX(22) -0.735 8.650
12 H2(6) + X(1) <=> H2X(49) -0.735 21.164
13 C2H6(8) + X(1) <=> C2H6X(52) 0.000 14.286
14 C2H4(47) + X(1) <=> C2H4X(205) -0.550 -16.788
15 C2H4(18) + X(1) <=> C2H4X(65) -0.183 11.640
16 CH2X(27) + HX(19) <=> CH3X(21) + X(1) -1.107 -0.479
17 CH2X(27) + HOX(22) <=> CH3X(21) + OX(20) -0.921 -1.548
18 CHX(28) + HX(19) <=> CH2X(27) + X(1) -0.366 1.504
19 CHX(28) + HOX(22) <=> CH2X(27) + OX(20) -0.183 11.018
20 2 CH2X(27) <=> CH3X(21) + CHX(28) -0.183 1.684
21 CHX(28) + X(1) <=> CX(26) + HX(19) -0.366 15.219
22 CX(26) + H2(6) <=> CH2X(27) -0.183 -0.805
23 CX(26) + HOX(22) <=> CHX(28) + OX(20) -0.550 -16.788
24 CH3X(21) + CX(26) <=> CH2X(27) + CHX(28) -0.735 -1.361
25 CH2X(27) + CX(26) <=> 2 CHX(28) -0.366 -7.847
26 CO(7) + X(1) <=> OCX(25) 0.000 14.286
27 CX(26) + OX(20) <=> OCX(25) + X(1) -0.183 1.684
28 CO(7) + X(1) <=> COX(50) -0.366 1.504
29 CH4(2) + HOX(22) + X(1) <=> CH3X(21) + H2OX(23) -0.921 14.750
30 H2O(5) + X(1) <=> H2OX(23) -0.921 -1.548
31 CO2(4) + X(1) <=> CO2X(24) 0.182 -2.298
32 OCX(25) + OX(20) <=> CO2X(24) + X(1) -0.366 10.855
33 CO2X(24) + HX(19) <=> HOX(22) + OCX(25) -0.550 -4.922
34 H2OX(23) + OX(20) <=> 2 HOX(22) 0.182 11.962
35 HOX(22) + HX(19) <=> H2OX(23) + X(1) -0.183 4.173
Finished sensitivity simulation for a C/O ratio of 2.2
Finished translating for C/O ratio of 2.2
Starting sensitivity simulation for a C/O ratio of 1.3
0 CH4(2) + X(1) <=> CH4X(48) 0.554 -72.297
1 O2(3) + 2 X(1) <=> 2 OX(20) -2.259 -26.040
2 H2(6) + 2 X(1) <=> 2 HX(19) 0.003 -63.948
3 H(12) + X(1) <=> HX(19) -0.551 -36.797
4 HX(19) + OX(20) <=> HOX(22) + X(1) 1.096 -38.005
5 H2O(5) + 2 X(1) <=> HOX(22) + HX(19) 0.554 -50.325
6 OH(17) + X(1) <=> HOX(22) -0.615 -81.342
7 CH4(2) + 2 X(1) <=> CH3X(21) + HX(19) 0.004 -41.855
8 CH4(2) + OX(20) + X(1) <=> CH3X(21) + HOX(22) -0.560 0.609
9 C2H6(8) + 2 X(1) <=> 2 CH3X(21) 0.004 -52.319
10 CH3(10) + X(1) <=> CH3X(21) 0.002 -93.019
11 CH3OH(14) + 2 X(1) <=> CH3X(21) + HOX(22) -0.552 -54.335
12 H2(6) + X(1) <=> H2X(49) -0.552 -70.704
13 C2H6(8) + X(1) <=> C2H6X(52) 0.005 -67.434
14 C2H4(47) + X(1) <=> C2H4X(205) 0.005 -49.993
15 C2H4(18) + X(1) <=> C2H4X(65) 0.005 -49.993
16 CH2X(27) + HX(19) <=> CH3X(21) + X(1) -0.551 -60.179
17 CH2X(27) + HOX(22) <=> CH3X(21) + OX(20) 0.004 -47.669
18 CHX(28) + HX(19) <=> CH2X(27) + X(1) -0.552 -62.520
19 CHX(28) + HOX(22) <=> CH2X(27) + OX(20) 0.003 -15.112
20 2 CH2X(27) <=> CH3X(21) + CHX(28) -1.113 -52.846
21 CHX(28) + X(1) <=> CX(26) + HX(19) 0.003 -67.437
22 CX(26) + H2(6) <=> CH2X(27) -0.552 -66.027
23 CX(26) + HOX(22) <=> CHX(28) + OX(20) 0.005 -49.993
24 CH3X(21) + CX(26) <=> CH2X(27) + CHX(28) -0.552 -36.797
25 CH2X(27) + CX(26) <=> 2 CHX(28) 0.553 -59.577
26 CO(7) + X(1) <=> OCX(25) 0.553 -46.858
27 CX(26) + OX(20) <=> OCX(25) + X(1) 0.004 -51.157
28 CO(7) + X(1) <=> COX(50) 0.004 -47.669
29 CH4(2) + HOX(22) + X(1) <=> CH3X(21) + H2OX(23) 0.003 -62.785
30 H2O(5) + X(1) <=> H2OX(23) -1.113 -49.318
31 CO2(4) + X(1) <=> CO2X(24) 0.004 -70.923
32 OCX(25) + OX(20) <=> CO2X(24) + X(1) 0.553 -53.796
33 CO2X(24) + HX(19) <=> HOX(22) + OCX(25) -0.551 -40.304
34 H2OX(23) + OX(20) <=> 2 HOX(22) 0.010 -153.462
35 HOX(22) + HX(19) <=> H2OX(23) + X(1) -0.552 -43.813
Finished sensitivity simulation for a C/O ratio of 1.3
Finished translating for C/O ratio of 1.3
Starting sensitivity simulation for a C/O ratio of 1.4
0 CH4(2) + X(1) <=> CH4X(48) -0.262 2.184
1 O2(3) + 2 X(1) <=> 2 OX(20) 0.263 17.291
2 H2(6) + 2 X(1) <=> 2 HX(19) -0.263 -6.376
3 H(12) + X(1) <=> HX(19) -0.000 17.683
4 HX(19) + OX(20) <=> HOX(22) + X(1) -0.000 12.195
5 H2O(5) + 2 X(1) <=> HOX(22) + HX(19) -0.789 2.283
6 OH(17) + X(1) <=> HOX(22) -0.000 22.561
7 CH4(2) + 2 X(1) <=> CH3X(21) + HX(19) 1.034 8.275
8 CH4(2) + OX(20) + X(1) <=> CH3X(21) + HOX(22) -0.262 -0.262
9 C2H6(8) + 2 X(1) <=> 2 CH3X(21) -0.789 13.960
10 CH3(10) + X(1) <=> CH3X(21) 1.287 -3.529
11 CH3OH(14) + 2 X(1) <=> CH3X(21) + HOX(22) -0.000 4.878
12 H2(6) + X(1) <=> H2X(49) -0.262 14.411
13 C2H6(8) + X(1) <=> C2H6X(52) 0.519 5.372
14 C2H4(47) + X(1) <=> C2H4X(205) 0.000 1.829
15 C2H4(18) + X(1) <=> C2H4X(65) 0.000 1.829
16 CH2X(27) + HX(19) <=> CH3X(21) + X(1) -0.525 9.282
17 CH2X(27) + HOX(22) <=> CH3X(21) + OX(20) -0.000 5.488
18 CHX(28) + HX(19) <=> CH2X(27) + X(1) 0.260 10.599
19 CHX(28) + HOX(22) <=> CH2X(27) + OX(20) 0.777 -1.643
20 2 CH2X(27) <=> CH3X(21) + CHX(28) 0.260 5.734
21 CHX(28) + X(1) <=> CX(26) + HX(19) -0.000 6.098
22 CX(26) + H2(6) <=> CH2X(27) 0.519 9.618
23 CX(26) + HOX(22) <=> CHX(28) + OX(20) 0.000 1.829
24 CH3X(21) + CX(26) <=> CH2X(27) + CHX(28) -0.000 -3.049
25 CH2X(27) + CX(26) <=> 2 CHX(28) 1.034 3.447
26 CO(7) + X(1) <=> OCX(25) -0.000 22.561
27 CX(26) + OX(20) <=> OCX(25) + X(1) -0.525 3.153
28 CO(7) + X(1) <=> COX(50) 0.260 5.126
29 CH4(2) + HOX(22) + X(1) <=> CH3X(21) + H2OX(23) 0.777 -1.643
30 H2O(5) + X(1) <=> H2OX(23) -0.262 7.074
31 CO2(4) + X(1) <=> CO2X(24) -0.525 -14.623
32 OCX(25) + OX(20) <=> CO2X(24) + X(1) -0.262 4.018
33 CO2X(24) + HX(19) <=> HOX(22) + OCX(25) -0.797 78.488
34 H2OX(23) + OX(20) <=> 2 HOX(22) 1.289 12.123
35 HOX(22) + HX(19) <=> H2OX(23) + X(1) 0.519 10.225
Finished sensitivity simulation for a C/O ratio of 1.4
Finished translating for C/O ratio of 1.4
Starting sensitivity simulation for a C/O ratio of 2.0
0 CH4(2) + X(1) <=> CH4X(48) 0.000 2.878
1 O2(3) + 2 X(1) <=> 2 OX(20) -0.195 5.572
2 H2(6) + 2 X(1) <=> 2 HX(19) -0.200 -11.734
3 H(12) + X(1) <=> HX(19) 0.197 -0.521
4 HX(19) + OX(20) <=> HOX(22) + X(1) 0.394 9.709
5 H2O(5) + 2 X(1) <=> HOX(22) + HX(19) 0.589 -1.556
6 OH(17) + X(1) <=> HOX(22) -0.397 13.326
7 CH4(2) + 2 X(1) <=> CH3X(21) + HX(19) 0.197 20.301
8 CH4(2) + OX(20) + X(1) <=> CH3X(21) + HOX(22) 0.394 1.827
9 C2H6(8) + 2 X(1) <=> 2 CH3X(21) 0.000 5.755
10 CH3(10) + X(1) <=> CH3X(21) 0.975 -10.424
11 CH3OH(14) + 2 X(1) <=> CH3X(21) + HOX(22) 0.394 -8.205
12 H2(6) + X(1) <=> H2X(49) 0.197 17.429
13 C2H6(8) + X(1) <=> C2H6X(52) 0.197 -11.291
14 C2H4(47) + X(1) <=> C2H4X(205) 0.589 16.323
15 C2H4(18) + X(1) <=> C2H4X(65) 0.589 16.323
16 CH2X(27) + HX(19) <=> CH3X(21) + X(1) 0.784 -5.640
17 CH2X(27) + HOX(22) <=> CH3X(21) + OX(20) 0.394 9.709
18 CHX(28) + HX(19) <=> CH2X(27) + X(1) 0.197 -4.829
19 CHX(28) + HOX(22) <=> CH2X(27) + OX(20) -0.397 2.492
20 2 CH2X(27) <=> CH3X(21) + CHX(28) -0.198 6.290
21 CHX(28) + X(1) <=> CX(26) + HX(19) -0.198 -11.732
22 CX(26) + H2(6) <=> CH2X(27) 0.197 1.633
23 CX(26) + HOX(22) <=> CHX(28) + OX(20) 0.589 16.323
24 CH3X(21) + CX(26) <=> CH2X(27) + CHX(28) 0.197 9.531
25 CH2X(27) + CX(26) <=> 2 CHX(28) 0.394 -1.039
26 CO(7) + X(1) <=> OCX(25) 0.589 -1.556
27 CX(26) + OX(20) <=> OCX(25) + X(1) 0.000 2.878
28 CO(7) + X(1) <=> COX(50) 0.197 -12.727
29 CH4(2) + HOX(22) + X(1) <=> CH3X(21) + H2OX(23) -0.397 2.492
30 H2O(5) + X(1) <=> H2OX(23) 0.394 -4.622
31 CO2(4) + X(1) <=> CO2X(24) 0.589 -1.556
32 OCX(25) + OX(20) <=> CO2X(24) + X(1) -0.596 -4.215
33 CO2X(24) + HX(19) <=> HOX(22) + OCX(25) 0.000 13.669
34 H2OX(23) + OX(20) <=> 2 HOX(22) 1.172 -0.961
35 HOX(22) + HX(19) <=> H2OX(23) + X(1) -0.198 -5.244
Finished sensitivity simulation for a C/O ratio of 2.0
Finished translating for C/O ratio of 2.0
Starting sensitivity simulation for a C/O ratio of 2.6
0 CH4(2) + X(1) <=> CH4X(48) 0.000 4.000
1 O2(3) + 2 X(1) <=> 2 OX(20) 0.329 3.319
2 H2(6) + 2 X(1) <=> 2 HX(19) 0.803 0.803
3 H(12) + X(1) <=> HX(19) 0.485 4.465
4 HX(19) + OX(20) <=> HOX(22) + X(1) 0.485 3.470
5 H2O(5) + 2 X(1) <=> HOX(22) + HX(19) 0.000 4.000
6 OH(17) + X(1) <=> HOX(22) 0.485 13.422
7 CH4(2) + 2 X(1) <=> CH3X(21) + HX(19) -0.163 -13.184
8 CH4(2) + OX(20) + X(1) <=> CH3X(21) + HOX(22) 0.805 0.805
9 C2H6(8) + 2 X(1) <=> 2 CH3X(21) 0.000 7.000
10 CH3(10) + X(1) <=> CH3X(21) 1.277 14.111
11 CH3OH(14) + 2 X(1) <=> CH3X(21) + HOX(22) 0.645 10.581
12 H2(6) + X(1) <=> H2X(49) 0.162 10.146
13 C2H6(8) + X(1) <=> C2H6X(52) -0.326 6.697
14 C2H4(47) + X(1) <=> C2H4X(205) 0.000 -2.000
15 C2H4(18) + X(1) <=> C2H4X(65) 0.162 7.151
16 CH2X(27) + HX(19) <=> CH3X(21) + X(1) 0.485 6.456
17 CH2X(27) + HOX(22) <=> CH3X(21) + OX(20) 0.485 0.485
18 CHX(28) + HX(19) <=> CH2X(27) + X(1) 0.000 4.000
19 CHX(28) + HOX(22) <=> CH2X(27) + OX(20) 0.000 -4.000
20 2 CH2X(27) <=> CH3X(21) + CHX(28) -0.163 -4.169
21 CHX(28) + X(1) <=> CX(26) + HX(19) 0.162 10.146
22 CX(26) + H2(6) <=> CH2X(27) 0.324 1.320
23 CX(26) + HOX(22) <=> CHX(28) + OX(20) 0.000 -2.000
24 CH3X(21) + CX(26) <=> CH2X(27) + CHX(28) 0.485 0.485
25 CH2X(27) + CX(26) <=> 2 CHX(28) 0.000 4.000
26 CO(7) + X(1) <=> OCX(25) 0.324 1.320
27 CX(26) + OX(20) <=> OCX(25) + X(1) 0.000 13.000
28 CO(7) + X(1) <=> COX(50) -0.163 3.844
29 CH4(2) + HOX(22) + X(1) <=> CH3X(21) + H2OX(23) -0.163 0.839
30 H2O(5) + X(1) <=> H2OX(23) 0.485 -8.472
31 CO2(4) + X(1) <=> CO2X(24) 0.645 -2.335
32 OCX(25) + OX(20) <=> CO2X(24) + X(1) 0.324 -1.670
33 CO2X(24) + HX(19) <=> HOX(22) + OCX(25) 0.805 0.805
34 H2OX(23) + OX(20) <=> 2 HOX(22) 1.440 1.440
35 HOX(22) + HX(19) <=> H2OX(23) + X(1) 0.324 1.320
Finished sensitivity simulation for a C/O ratio of 2.6
Finished translating for C/O ratio of 2.6
Starting sensitivity simulation for a C/O ratio of 1.8
0 CH4(2) + X(1) <=> CH4X(48) -0.431 -1.641
1 O2(3) + 2 X(1) <=> 2 OX(20) 0.430 1.030
2 H2(6) + 2 X(1) <=> 2 HX(19) -0.001 -0.001
3 H(12) + X(1) <=> HX(19) -0.000 -7.229
4 HX(19) + OX(20) <=> HOX(22) + X(1) 0.427 -0.772
5 H2O(5) + 2 X(1) <=> HOX(22) + HX(19) 0.640 -15.521
6 OH(17) + X(1) <=> HOX(22) -0.215 -9.874
7 CH4(2) + 2 X(1) <=> CH3X(21) + HX(19) 0.214 -11.808
8 CH4(2) + OX(20) + X(1) <=> CH3X(21) + HOX(22) -0.215 17.292
9 C2H6(8) + 2 X(1) <=> 2 CH3X(21) 0.000 1.205
10 CH3(10) + X(1) <=> CH3X(21) 1.685 2.277
11 CH3OH(14) + 2 X(1) <=> CH3X(21) + HOX(22) -0.648 -4.892
12 H2(6) + X(1) <=> H2X(49) 0.000 0.000
13 C2H6(8) + X(1) <=> C2H6X(52) 0.214 -8.202
14 C2H4(47) + X(1) <=> C2H4X(205) -0.431 -4.061
15 C2H4(18) + X(1) <=> C2H4X(65) 0.296 13.510
16 CH2X(27) + HX(19) <=> CH3X(21) + X(1) -0.215 -4.441
17 CH2X(27) + HOX(22) <=> CH3X(21) + OX(20) 0.427 -0.772
18 CHX(28) + HX(19) <=> CH2X(27) + X(1) 0.640 -2.952
19 CHX(28) + HOX(22) <=> CH2X(27) + OX(20) 0.214 -8.202
20 2 CH2X(27) <=> CH3X(21) + CHX(28) 0.214 -5.196
21 CHX(28) + X(1) <=> CX(26) + HX(19) -0.648 -6.105
22 CX(26) + H2(6) <=> CH2X(27) 0.214 -0.387
23 CX(26) + HOX(22) <=> CHX(28) + OX(20) -0.431 -4.061
24 CH3X(21) + CX(26) <=> CH2X(27) + CHX(28) 0.214 2.018
25 CH2X(27) + CX(26) <=> 2 CHX(28) 0.427 -3.172
26 CO(7) + X(1) <=> OCX(25) 0.427 -15.768
27 CX(26) + OX(20) <=> OCX(25) + X(1) -0.215 2.804
28 CO(7) + X(1) <=> COX(50) -0.648 -4.892
29 CH4(2) + HOX(22) + X(1) <=> CH3X(21) + H2OX(23) 0.214 -16.016
30 H2O(5) + X(1) <=> H2OX(23) 0.000 -9.036
31 CO2(4) + X(1) <=> CO2X(24) -0.648 -6.105
32 OCX(25) + OX(20) <=> CO2X(24) + X(1) 0.214 -13.010
33 CO2X(24) + HX(19) <=> HOX(22) + OCX(25) 0.640 -4.747
34 H2OX(23) + OX(20) <=> 2 HOX(22) 1.688 1.096
35 HOX(22) + HX(19) <=> H2OX(23) + X(1) 0.427 -0.772
Finished sensitivity simulation for a C/O ratio of 1.8
Finished translating for C/O ratio of 1.8
Starting sensitivity simulation for a C/O ratio of 1.0
0 CH4(2) + X(1) <=> CH4X(48) -0.704 5.946
1 O2(3) + 2 X(1) <=> 2 OX(20) -0.703 28.748
2 H2(6) + 2 X(1) <=> 2 HX(19) -0.001 -4.718
3 H(12) + X(1) <=> HX(19) -0.000 18.868
4 HX(19) + OX(20) <=> HOX(22) + X(1) -0.000 12.264
5 H2O(5) + 2 X(1) <=> HOX(22) + HX(19) -0.000 6.604
6 OH(17) + X(1) <=> HOX(22) -0.704 16.396
7 CH4(2) + 2 X(1) <=> CH3X(21) + HX(19) -0.000 18.868
8 CH4(2) + OX(20) + X(1) <=> CH3X(21) + HOX(22) -0.704 22.097
9 C2H6(8) + 2 X(1) <=> 2 CH3X(21) -0.000 23.585
10 CH3(10) + X(1) <=> CH3X(21) 2.053 46.407
11 CH3OH(14) + 2 X(1) <=> CH3X(21) + HOX(22) -0.000 18.868
12 H2(6) + X(1) <=> H2X(49) -0.000 8.491
13 C2H6(8) + X(1) <=> C2H6X(52) -0.000 16.981
14 C2H4(47) + X(1) <=> C2H4X(205) -0.704 20.197
15 C2H4(18) + X(1) <=> C2H4X(65) -0.704 20.197
16 CH2X(27) + HX(19) <=> CH3X(21) + X(1) -0.704 8.796
17 CH2X(27) + HOX(22) <=> CH3X(21) + OX(20) -0.000 2.830
18 CHX(28) + HX(19) <=> CH2X(27) + X(1) -0.704 18.297
19 CHX(28) + HOX(22) <=> CH2X(27) + OX(20) -1.418 21.544
20 2 CH2X(27) <=> CH3X(21) + CHX(28) -0.704 18.297
21 CHX(28) + X(1) <=> CX(26) + HX(19) -0.000 -0.000
22 CX(26) + H2(6) <=> CH2X(27) -0.704 13.546
23 CX(26) + HOX(22) <=> CHX(28) + OX(20) -0.704 20.197
24 CH3X(21) + CX(26) <=> CH2X(27) + CHX(28) -0.704 20.197
25 CH2X(27) + CX(26) <=> 2 CHX(28) -0.704 18.297
26 CO(7) + X(1) <=> OCX(25) 0.694 23.179
27 CX(26) + OX(20) <=> OCX(25) + X(1) -0.704 14.496
28 CO(7) + X(1) <=> COX(50) -0.000 4.717
29 CH4(2) + HOX(22) + X(1) <=> CH3X(21) + H2OX(23) -0.704 16.396
30 H2O(5) + X(1) <=> H2OX(23) -0.000 14.151
31 CO2(4) + X(1) <=> CO2X(24) -0.704 12.596
32 OCX(25) + OX(20) <=> CO2X(24) + X(1) -0.000 14.151
33 CO2X(24) + HX(19) <=> HOX(22) + OCX(25) -0.704 10.696
34 H2OX(23) + OX(20) <=> 2 HOX(22) -0.000 27.358
35 HOX(22) + HX(19) <=> H2OX(23) + X(1) -0.704 14.496
Finished sensitivity simulation for a C/O ratio of 1.0
Finished translating for C/O ratio of 1.0
