This mechanism contains 38 gas reactions and 36 surface reactions
Finished simulation at a C/O ratio of 1.1
Finished simulation at a C/O ratio of 1.2
Finished simulation at a C/O ratio of 1.0
Finished simulation at a C/O ratio of 1.3
Finished simulation at a C/O ratio of 0.8
Finished simulation at a C/O ratio of 0.6
Finished simulation at a C/O ratio of 0.9
Finished simulation at a C/O ratio of 2.0
Finished simulation at a C/O ratio of 0.7
Finished simulation at a C/O ratio of 2.6
Finished simulation at a C/O ratio of 2.4
Finished simulation at a C/O ratio of 1.4
Finished simulation at a C/O ratio of 1.8
Finished simulation at a C/O ratio of 1.6
Finished simulation at a C/O ratio of 2.2
Starting sensitivity simulation for a C/O ratio of 1.2
0 CH4(2) + X(1) <=> CH4X(48) 0.056 -0.000
1 O2(3) + 2 X(1) <=> 2 OX(20) -0.491 0.006
2 H2(6) + 2 X(1) <=> 2 HX(19) 0.019 -0.003
3 H(12) + X(1) <=> HX(19) 0.022 -0.000
4 HX(19) + OX(20) <=> HOX(22) + X(1) 0.037 -0.000
5 H2O(5) + 2 X(1) <=> HOX(22) + HX(19) 0.207 -0.000
6 OH(17) + X(1) <=> HOX(22) 0.029 -0.000
7 CH4(2) + 2 X(1) <=> CH3X(21) + HX(19) 0.090 -0.000
8 CH4(2) + OX(20) + X(1) <=> CH3X(21) + HOX(22) 0.022 -0.000
9 C2H6(8) + 2 X(1) <=> 2 CH3X(21) 0.037 -0.000
10 CH3(10) + X(1) <=> CH3X(21) 0.831 -0.006
11 CH3OH(14) + 2 X(1) <=> CH3X(21) + HOX(22) 0.122 -0.000
12 H2(6) + X(1) <=> H2X(49) 0.137 -0.000
13 C2H6(8) + X(1) <=> C2H6X(52) 0.056 -0.000
14 C2H4(47) + X(1) <=> C2H4X(205) 0.073 -0.000
15 CH4(2) + HOX(22) + X(1) <=> CH3X(21) + H2OX(23) 0.122 -0.000
16 H2O(5) + X(1) <=> H2OX(23) 0.156 -0.000
17 H2OX(23) + OX(20) <=> 2 HOX(22) 0.441 -0.000
18 HOX(22) + HX(19) <=> H2OX(23) + X(1) 0.054 -0.000
19 C2H4(18) + X(1) <=> C2H4X(65) 0.073 -0.000
20 CH2X(27) + HX(19) <=> CH3X(21) + X(1) 0.071 -0.000
21 CH2X(27) + HOX(22) <=> CH3X(21) + OX(20) 0.022 -0.000
22 CHX(28) + HX(19) <=> CH2X(27) + X(1) 0.037 -0.000
23 CHX(28) + HOX(22) <=> CH2X(27) + OX(20) 0.029 -0.000
24 2 CH2X(27) <=> CH3X(21) + CHX(28) 0.122 -0.000
25 CHX(28) + X(1) <=> CX(26) + HX(19) 0.071 -0.000
26 CX(26) + H2(6) <=> CH2X(27) 0.090 -0.000
27 CX(26) + HOX(22) <=> CHX(28) + OX(20) 0.073 -0.000
28 CH3X(21) + CX(26) <=> CH2X(27) + CHX(28) 0.054 -0.000
29 CH2X(27) + CX(26) <=> 2 CHX(28) 0.090 -0.000
30 CO(7) + X(1) <=> OCX(25) 0.093 -0.000
31 CX(26) + OX(20) <=> OCX(25) + X(1) 0.022 -0.000
32 CO(7) + X(1) <=> COX(50) 0.056 -0.000
33 CO2(4) + X(1) <=> CO2X(24) 0.056 -0.000
34 OCX(25) + OX(20) <=> CO2X(24) + X(1) -0.128 -0.000
35 CO2X(24) + HX(19) <=> HOX(22) + OCX(25) 0.022 -0.000
Finished sensitivity simulation for a C/O ratio of 1.2
Finished translating for C/O ratio of 1.2
Starting sensitivity simulation for a C/O ratio of 0.6
0 CH4(2) + X(1) <=> CH4X(48) -0.200 -0.000
1 O2(3) + 2 X(1) <=> 2 OX(20) 0.174 0.002
2 H2(6) + 2 X(1) <=> 2 HX(19) -0.138 -0.001
3 H(12) + X(1) <=> HX(19) -0.161 -0.000
4 HX(19) + OX(20) <=> HOX(22) + X(1) -0.112 -0.000
5 H2O(5) + 2 X(1) <=> HOX(22) + HX(19) -0.159 0.000
6 OH(17) + X(1) <=> HOX(22) -0.172 0.000
7 CH4(2) + 2 X(1) <=> CH3X(21) + HX(19) -0.157 0.000
8 CH4(2) + OX(20) + X(1) <=> CH3X(21) + HOX(22) -0.136 0.000
9 C2H6(8) + 2 X(1) <=> 2 CH3X(21) -0.114 0.000
10 CH3(10) + X(1) <=> CH3X(21) 0.896 -0.003
11 CH3OH(14) + 2 X(1) <=> CH3X(21) + HOX(22) -0.159 0.000
12 H2(6) + X(1) <=> H2X(49) -0.152 0.000
13 C2H6(8) + X(1) <=> C2H6X(52) -0.136 0.000
14 C2H4(47) + X(1) <=> C2H4X(205) -0.197 0.000
15 CH4(2) + HOX(22) + X(1) <=> CH3X(21) + H2OX(23) -0.136 0.000
16 H2O(5) + X(1) <=> H2OX(23) -0.197 0.000
17 H2OX(23) + OX(20) <=> 2 HOX(22) 0.254 -0.000
18 HOX(22) + HX(19) <=> H2OX(23) + X(1) -0.159 0.000
19 C2H4(18) + X(1) <=> C2H4X(65) -0.197 0.000
20 CH2X(27) + HX(19) <=> CH3X(21) + X(1) -0.137 -0.000
21 CH2X(27) + HOX(22) <=> CH3X(21) + OX(20) -0.152 0.000
22 CHX(28) + HX(19) <=> CH2X(27) + X(1) -0.136 0.000
23 CHX(28) + HOX(22) <=> CH2X(27) + OX(20) -0.229 -0.000
24 2 CH2X(27) <=> CH3X(21) + CHX(28) -0.182 -0.001
25 CHX(28) + X(1) <=> CX(26) + HX(19) -0.136 0.000
26 CX(26) + H2(6) <=> CH2X(27) -0.114 0.000
27 CX(26) + HOX(22) <=> CHX(28) + OX(20) -0.197 0.000
28 CH3X(21) + CX(26) <=> CH2X(27) + CHX(28) -0.136 0.000
29 CH2X(27) + CX(26) <=> 2 CHX(28) -0.159 0.000
30 CO(7) + X(1) <=> OCX(25) -0.136 0.000
31 CX(26) + OX(20) <=> OCX(25) + X(1) -0.114 0.000
32 CO(7) + X(1) <=> COX(50) -0.136 0.000
33 CO2(4) + X(1) <=> CO2X(24) -0.152 0.000
34 OCX(25) + OX(20) <=> CO2X(24) + X(1) -0.199 0.000
35 CO2X(24) + HX(19) <=> HOX(22) + OCX(25) -0.136 0.000
Finished sensitivity simulation for a C/O ratio of 0.6
Finished translating for C/O ratio of 0.6
Starting sensitivity simulation for a C/O ratio of 0.9
0 CH4(2) + X(1) <=> CH4X(48) -0.014 0.000
1 O2(3) + 2 X(1) <=> 2 OX(20) -0.482 0.004
2 H2(6) + 2 X(1) <=> 2 HX(19) 0.045 -0.002
3 H(12) + X(1) <=> HX(19) 0.011 -0.000
4 HX(19) + OX(20) <=> HOX(22) + X(1) 0.051 0.000
5 H2O(5) + 2 X(1) <=> HOX(22) + HX(19) 0.047 0.000
6 OH(17) + X(1) <=> HOX(22) 0.047 0.000
7 CH4(2) + 2 X(1) <=> CH3X(21) + HX(19) 0.050 0.000
8 CH4(2) + OX(20) + X(1) <=> CH3X(21) + HOX(22) 0.011 0.000
9 C2H6(8) + 2 X(1) <=> 2 CH3X(21) -0.014 0.000
10 CH3(10) + X(1) <=> CH3X(21) 0.380 -0.004
11 CH3OH(14) + 2 X(1) <=> CH3X(21) + HOX(22) 0.011 0.000
12 H2(6) + X(1) <=> H2X(49) -0.047 0.000
13 C2H6(8) + X(1) <=> C2H6X(52) 0.011 0.000
14 C2H4(47) + X(1) <=> C2H4X(205) 0.047 0.000
15 CH4(2) + HOX(22) + X(1) <=> CH3X(21) + H2OX(23) 0.011 0.000
16 H2O(5) + X(1) <=> H2OX(23) 0.014 0.000
17 H2OX(23) + OX(20) <=> 2 HOX(22) 0.050 -0.000
18 HOX(22) + HX(19) <=> H2OX(23) + X(1) 0.012 0.000
19 C2H4(18) + X(1) <=> C2H4X(65) 0.047 0.000
20 CH2X(27) + HX(19) <=> CH3X(21) + X(1) 0.047 -0.000
21 CH2X(27) + HOX(22) <=> CH3X(21) + OX(20) 0.047 -0.000
22 CHX(28) + HX(19) <=> CH2X(27) + X(1) 0.050 -0.000
23 CHX(28) + HOX(22) <=> CH2X(27) + OX(20) 0.050 0.000
24 2 CH2X(27) <=> CH3X(21) + CHX(28) 0.011 0.000
25 CHX(28) + X(1) <=> CX(26) + HX(19) 0.011 0.000
26 CX(26) + H2(6) <=> CH2X(27) 0.012 0.000
27 CX(26) + HOX(22) <=> CHX(28) + OX(20) 0.047 0.000
28 CH3X(21) + CX(26) <=> CH2X(27) + CHX(28) 0.047 0.000
29 CH2X(27) + CX(26) <=> 2 CHX(28) 0.012 0.000
30 CO(7) + X(1) <=> OCX(25) 0.011 0.000
31 CX(26) + OX(20) <=> OCX(25) + X(1) 0.011 0.000
32 CO(7) + X(1) <=> COX(50) 0.047 0.000
33 CO2(4) + X(1) <=> CO2X(24) 0.012 0.000
34 OCX(25) + OX(20) <=> CO2X(24) + X(1) -0.048 0.000
35 CO2X(24) + HX(19) <=> HOX(22) + OCX(25) 0.012 0.000
Finished sensitivity simulation for a C/O ratio of 0.9
Finished translating for C/O ratio of 0.9
Starting sensitivity simulation for a C/O ratio of 1.3
0 CH4(2) + X(1) <=> CH4X(48) -0.025 0.000
1 O2(3) + 2 X(1) <=> 2 OX(20) -0.275 0.006
2 H2(6) + 2 X(1) <=> 2 HX(19) 0.114 -0.003
3 H(12) + X(1) <=> HX(19) 0.016 -0.000
4 HX(19) + OX(20) <=> HOX(22) + X(1) 0.117 0.000
5 H2O(5) + 2 X(1) <=> HOX(22) + HX(19) -0.025 0.000
6 OH(17) + X(1) <=> HOX(22) 0.117 0.000
7 CH4(2) + 2 X(1) <=> CH3X(21) + HX(19) 0.044 0.000
8 CH4(2) + OX(20) + X(1) <=> CH3X(21) + HOX(22) -0.011 0.000
9 C2H6(8) + 2 X(1) <=> 2 CH3X(21) 0.117 0.000
10 CH3(10) + X(1) <=> CH3X(21) 1.143 -0.007
11 CH3OH(14) + 2 X(1) <=> CH3X(21) + HOX(22) -0.011 0.000
12 H2(6) + X(1) <=> H2X(49) -0.011 0.000
13 C2H6(8) + X(1) <=> C2H6X(52) 0.090 0.000
14 C2H4(47) + X(1) <=> C2H4X(205) -0.023 0.000
15 CH4(2) + HOX(22) + X(1) <=> CH3X(21) + H2OX(23) 0.117 0.000
16 H2O(5) + X(1) <=> H2OX(23) 0.016 0.000
17 H2OX(23) + OX(20) <=> 2 HOX(22) 0.666 -0.000
18 HOX(22) + HX(19) <=> H2OX(23) + X(1) 0.117 0.000
19 C2H4(18) + X(1) <=> C2H4X(65) -0.023 0.000
20 CH2X(27) + HX(19) <=> CH3X(21) + X(1) -0.009 -0.000
21 CH2X(27) + HOX(22) <=> CH3X(21) + OX(20) -0.011 0.000
22 CHX(28) + HX(19) <=> CH2X(27) + X(1) -0.025 0.000
23 CHX(28) + HOX(22) <=> CH2X(27) + OX(20) 0.060 0.000
24 2 CH2X(27) <=> CH3X(21) + CHX(28) 0.117 0.000
25 CHX(28) + X(1) <=> CX(26) + HX(19) 0.090 0.000
26 CX(26) + H2(6) <=> CH2X(27) 0.117 0.000
27 CX(26) + HOX(22) <=> CHX(28) + OX(20) -0.023 0.000
28 CH3X(21) + CX(26) <=> CH2X(27) + CHX(28) 0.032 0.000
29 CH2X(27) + CX(26) <=> 2 CHX(28) -0.023 0.000
30 CO(7) + X(1) <=> OCX(25) -0.025 0.000
31 CX(26) + OX(20) <=> OCX(25) + X(1) 0.044 0.000
32 CO(7) + X(1) <=> COX(50) 0.032 0.000
33 CO2(4) + X(1) <=> CO2X(24) 0.074 0.000
34 OCX(25) + OX(20) <=> CO2X(24) + X(1) 0.019 0.000
35 CO2X(24) + HX(19) <=> HOX(22) + OCX(25) 0.074 0.000
Finished sensitivity simulation for a C/O ratio of 1.3
Finished translating for C/O ratio of 1.3
Starting sensitivity simulation for a C/O ratio of 0.7
0 CH4(2) + X(1) <=> CH4X(48) -0.008 0.000
1 O2(3) + 2 X(1) <=> 2 OX(20) 0.021 0.003
2 H2(6) + 2 X(1) <=> 2 HX(19) -0.027 -0.001
3 H(12) + X(1) <=> HX(19) 0.012 -0.000
4 HX(19) + OX(20) <=> HOX(22) + X(1) -0.025 0.000
5 H2O(5) + 2 X(1) <=> HOX(22) + HX(19) 0.012 0.000
6 OH(17) + X(1) <=> HOX(22) -0.025 0.000
7 CH4(2) + 2 X(1) <=> CH3X(21) + HX(19) -0.008 0.000
8 CH4(2) + OX(20) + X(1) <=> CH3X(21) + HOX(22) -0.006 0.000
9 C2H6(8) + 2 X(1) <=> 2 CH3X(21) -0.061 0.000
10 CH3(10) + X(1) <=> CH3X(21) 1.615 -0.003
11 CH3OH(14) + 2 X(1) <=> CH3X(21) + HOX(22) -0.008 0.000
12 H2(6) + X(1) <=> H2X(49) -0.008 0.000
13 C2H6(8) + X(1) <=> C2H6X(52) -0.027 0.000
14 C2H4(47) + X(1) <=> C2H4X(205) -0.025 0.000
15 CH4(2) + HOX(22) + X(1) <=> CH3X(21) + H2OX(23) -0.025 0.000
16 H2O(5) + X(1) <=> H2OX(23) 0.010 0.000
17 H2OX(23) + OX(20) <=> 2 HOX(22) 0.823 -0.000
18 HOX(22) + HX(19) <=> H2OX(23) + X(1) -0.025 0.000
19 C2H4(18) + X(1) <=> C2H4X(65) -0.025 0.000
20 CH2X(27) + HX(19) <=> CH3X(21) + X(1) -0.026 -0.000
21 CH2X(27) + HOX(22) <=> CH3X(21) + OX(20) -0.027 0.000
22 CHX(28) + HX(19) <=> CH2X(27) + X(1) -0.008 0.000
23 CHX(28) + HOX(22) <=> CH2X(27) + OX(20) -0.008 0.000
24 2 CH2X(27) <=> CH3X(21) + CHX(28) -0.025 0.000
25 CHX(28) + X(1) <=> CX(26) + HX(19) 0.010 0.000
26 CX(26) + H2(6) <=> CH2X(27) -0.025 0.000
27 CX(26) + HOX(22) <=> CHX(28) + OX(20) -0.025 0.000
28 CH3X(21) + CX(26) <=> CH2X(27) + CHX(28) -0.025 0.000
29 CH2X(27) + CX(26) <=> 2 CHX(28) 0.080 0.000
30 CO(7) + X(1) <=> OCX(25) -0.008 0.000
31 CX(26) + OX(20) <=> OCX(25) + X(1) -0.025 0.000
32 CO(7) + X(1) <=> COX(50) -0.027 0.000
33 CO2(4) + X(1) <=> CO2X(24) -0.008 0.000
34 OCX(25) + OX(20) <=> CO2X(24) + X(1) 0.012 0.000
35 CO2X(24) + HX(19) <=> HOX(22) + OCX(25) -0.027 0.000
Finished sensitivity simulation for a C/O ratio of 0.7
Finished translating for C/O ratio of 0.7
Starting sensitivity simulation for a C/O ratio of 0.8
0 CH4(2) + X(1) <=> CH4X(48) -0.040 0.000
1 O2(3) + 2 X(1) <=> 2 OX(20) -0.501 0.004
2 H2(6) + 2 X(1) <=> 2 HX(19) 0.140 -0.002
3 H(12) + X(1) <=> HX(19) -0.030 -0.000
4 HX(19) + OX(20) <=> HOX(22) + X(1) 0.026 0.000
5 H2O(5) + 2 X(1) <=> HOX(22) + HX(19) -0.043 0.000
6 OH(17) + X(1) <=> HOX(22) 0.104 -0.000
7 CH4(2) + 2 X(1) <=> CH3X(21) + HX(19) -0.085 -0.000
8 CH4(2) + OX(20) + X(1) <=> CH3X(21) + HOX(22) 0.003 -0.000
9 C2H6(8) + 2 X(1) <=> 2 CH3X(21) 0.026 -0.000
10 CH3(10) + X(1) <=> CH3X(21) 0.935 -0.003
11 CH3OH(14) + 2 X(1) <=> CH3X(21) + HOX(22) 0.104 0.000
12 H2(6) + X(1) <=> H2X(49) 0.059 0.000
13 C2H6(8) + X(1) <=> C2H6X(52) 0.028 -0.000
14 C2H4(47) + X(1) <=> C2H4X(205) 0.002 -0.000
15 CH4(2) + HOX(22) + X(1) <=> CH3X(21) + H2OX(23) 0.097 0.000
16 H2O(5) + X(1) <=> H2OX(23) 0.021 -0.000
17 H2OX(23) + OX(20) <=> 2 HOX(22) 0.436 -0.000
18 HOX(22) + HX(19) <=> H2OX(23) + X(1) 0.050 0.000
19 C2H4(18) + X(1) <=> C2H4X(65) 0.002 -0.000
20 CH2X(27) + HX(19) <=> CH3X(21) + X(1) -0.040 -0.000
21 CH2X(27) + HOX(22) <=> CH3X(21) + OX(20) 0.029 -0.000
22 CHX(28) + HX(19) <=> CH2X(27) + X(1) 0.026 -0.000
23 CHX(28) + HOX(22) <=> CH2X(27) + OX(20) 0.145 -0.000
24 2 CH2X(27) <=> CH3X(21) + CHX(28) 0.059 -0.000
25 CHX(28) + X(1) <=> CX(26) + HX(19) 0.052 -0.000
26 CX(26) + H2(6) <=> CH2X(27) 0.055 0.000
27 CX(26) + HOX(22) <=> CHX(28) + OX(20) 0.002 -0.000
28 CH3X(21) + CX(26) <=> CH2X(27) + CHX(28) 0.003 -0.000
29 CH2X(27) + CX(26) <=> 2 CHX(28) 0.166 -0.000
30 CO(7) + X(1) <=> OCX(25) -0.088 0.000
31 CX(26) + OX(20) <=> OCX(25) + X(1) 0.104 -0.000
32 CO(7) + X(1) <=> COX(50) -0.062 -0.000
33 CO2(4) + X(1) <=> CO2X(24) -0.017 -0.000
34 OCX(25) + OX(20) <=> CO2X(24) + X(1) -0.019 -0.000
35 CO2X(24) + HX(19) <=> HOX(22) + OCX(25) 0.119 0.000
Finished sensitivity simulation for a C/O ratio of 0.8
Finished translating for C/O ratio of 0.8
Starting sensitivity simulation for a C/O ratio of 1.0
0 CH4(2) + X(1) <=> CH4X(48) -0.094 -0.000
1 O2(3) + 2 X(1) <=> 2 OX(20) -0.552 0.005
2 H2(6) + 2 X(1) <=> 2 HX(19) -0.089 -0.002
3 H(12) + X(1) <=> HX(19) -0.046 -0.000
4 HX(19) + OX(20) <=> HOX(22) + X(1) -0.042 -0.000
5 H2O(5) + 2 X(1) <=> HOX(22) + HX(19) -0.044 -0.000
6 OH(17) + X(1) <=> HOX(22) -0.044 -0.000
7 CH4(2) + 2 X(1) <=> CH3X(21) + HX(19) -0.093 -0.000
8 CH4(2) + OX(20) + X(1) <=> CH3X(21) + HOX(22) -0.044 -0.000
9 C2H6(8) + 2 X(1) <=> 2 CH3X(21) -0.089 -0.000
10 CH3(10) + X(1) <=> CH3X(21) 1.070 -0.004
11 CH3OH(14) + 2 X(1) <=> CH3X(21) + HOX(22) -0.120 -0.000
12 H2(6) + X(1) <=> H2X(49) -0.043 -0.000
13 C2H6(8) + X(1) <=> C2H6X(52) -0.046 -0.000
14 C2H4(47) + X(1) <=> C2H4X(205) -0.116 -0.000
15 CH4(2) + HOX(22) + X(1) <=> CH3X(21) + H2OX(23) -0.042 -0.000
16 H2O(5) + X(1) <=> H2OX(23) -0.094 -0.000
17 H2OX(23) + OX(20) <=> 2 HOX(22) 0.671 -0.000
18 HOX(22) + HX(19) <=> H2OX(23) + X(1) -0.087 -0.000
19 C2H4(18) + X(1) <=> C2H4X(65) -0.116 -0.000
20 CH2X(27) + HX(19) <=> CH3X(21) + X(1) -0.070 -0.000
21 CH2X(27) + HOX(22) <=> CH3X(21) + OX(20) -0.046 -0.000
22 CHX(28) + HX(19) <=> CH2X(27) + X(1) -0.042 -0.000
23 CHX(28) + HOX(22) <=> CH2X(27) + OX(20) -0.042 -0.000
24 2 CH2X(27) <=> CH3X(21) + CHX(28) -0.092 -0.000
25 CHX(28) + X(1) <=> CX(26) + HX(19) -0.046 -0.000
26 CX(26) + H2(6) <=> CH2X(27) -0.042 -0.000
27 CX(26) + HOX(22) <=> CHX(28) + OX(20) -0.116 -0.000
28 CH3X(21) + CX(26) <=> CH2X(27) + CHX(28) -0.016 -0.000
29 CH2X(27) + CX(26) <=> 2 CHX(28) -0.040 -0.000
30 CO(7) + X(1) <=> OCX(25) -0.042 -0.000
31 CX(26) + OX(20) <=> OCX(25) + X(1) -0.092 -0.000
32 CO(7) + X(1) <=> COX(50) -0.089 -0.000
33 CO2(4) + X(1) <=> CO2X(24) -0.080 -0.000
34 OCX(25) + OX(20) <=> CO2X(24) + X(1) -0.042 -0.000
35 CO2X(24) + HX(19) <=> HOX(22) + OCX(25) -0.123 -0.000
Finished sensitivity simulation for a C/O ratio of 1.0
Finished translating for C/O ratio of 1.0
Starting sensitivity simulation for a C/O ratio of 1.6
0 CH4(2) + X(1) <=> CH4X(48) -0.029 0.000
1 O2(3) + 2 X(1) <=> 2 OX(20) -0.477 0.008
2 H2(6) + 2 X(1) <=> 2 HX(19) -0.002 -0.004
3 H(12) + X(1) <=> HX(19) 0.046 -0.000
4 HX(19) + OX(20) <=> HOX(22) + X(1) 0.048 0.000
5 H2O(5) + 2 X(1) <=> HOX(22) + HX(19) -0.019 0.000
6 OH(17) + X(1) <=> HOX(22) 0.010 0.000
7 CH4(2) + 2 X(1) <=> CH3X(21) + HX(19) 0.010 0.000
8 CH4(2) + OX(20) + X(1) <=> CH3X(21) + HOX(22) -0.010 0.000
9 C2H6(8) + 2 X(1) <=> 2 CH3X(21) -0.029 0.000
10 CH3(10) + X(1) <=> CH3X(21) 1.114 -0.008
11 CH3OH(14) + 2 X(1) <=> CH3X(21) + HOX(22) 0.019 0.000
12 H2(6) + X(1) <=> H2X(49) -0.019 0.000
13 C2H6(8) + X(1) <=> C2H6X(52) 0.010 0.000
14 C2H4(47) + X(1) <=> C2H4X(205) 0.027 0.000
15 CH4(2) + HOX(22) + X(1) <=> CH3X(21) + H2OX(23) -0.010 0.000
16 H2O(5) + X(1) <=> H2OX(23) 0.017 0.000
17 H2OX(23) + OX(20) <=> 2 HOX(22) 0.584 -0.000
18 HOX(22) + HX(19) <=> H2OX(23) + X(1) 0.010 0.000
19 C2H4(18) + X(1) <=> C2H4X(65) 0.027 0.000
20 CH2X(27) + HX(19) <=> CH3X(21) + X(1) 0.027 -0.000
21 CH2X(27) + HOX(22) <=> CH3X(21) + OX(20) 0.000 0.000
22 CHX(28) + HX(19) <=> CH2X(27) + X(1) 0.010 0.000
23 CHX(28) + HOX(22) <=> CH2X(27) + OX(20) -0.010 0.000
24 2 CH2X(27) <=> CH3X(21) + CHX(28) 0.027 0.000
25 CHX(28) + X(1) <=> CX(26) + HX(19) 0.000 0.000
26 CX(26) + H2(6) <=> CH2X(27) -0.010 0.000
27 CX(26) + HOX(22) <=> CHX(28) + OX(20) 0.027 0.000
28 CH3X(21) + CX(26) <=> CH2X(27) + CHX(28) 0.000 0.000
29 CH2X(27) + CX(26) <=> 2 CHX(28) 0.000 0.000
30 CO(7) + X(1) <=> OCX(25) 0.027 0.000
31 CX(26) + OX(20) <=> OCX(25) + X(1) -0.010 0.000
32 CO(7) + X(1) <=> COX(50) -0.010 0.000
33 CO2(4) + X(1) <=> CO2X(24) 0.076 0.000
34 OCX(25) + OX(20) <=> CO2X(24) + X(1) 0.039 0.000
35 CO2X(24) + HX(19) <=> HOX(22) + OCX(25) 0.039 0.000
Finished sensitivity simulation for a C/O ratio of 1.6
Finished translating for C/O ratio of 1.6
Starting sensitivity simulation for a C/O ratio of 2.6
0 CH4(2) + X(1) <=> CH4X(48) 0.047 -0.000
1 O2(3) + 2 X(1) <=> 2 OX(20) -0.441 0.021
2 H2(6) + 2 X(1) <=> 2 HX(19) -0.007 -0.008
3 H(12) + X(1) <=> HX(19) 0.008 -0.000
4 HX(19) + OX(20) <=> HOX(22) + X(1) 0.044 0.000
5 H2O(5) + 2 X(1) <=> HOX(22) + HX(19) -0.023 -0.000
6 OH(17) + X(1) <=> HOX(22) -0.106 0.000
7 CH4(2) + 2 X(1) <=> CH3X(21) + HX(19) -0.105 -0.000
8 CH4(2) + OX(20) + X(1) <=> CH3X(21) + HOX(22) 0.008 -0.000
9 C2H6(8) + 2 X(1) <=> 2 CH3X(21) 0.012 0.000
10 CH3(10) + X(1) <=> CH3X(21) 0.906 -0.016
11 CH3OH(14) + 2 X(1) <=> CH3X(21) + HOX(22) -0.136 -0.000
12 H2(6) + X(1) <=> H2X(49) -0.008 0.000
13 C2H6(8) + X(1) <=> C2H6X(52) 0.003 0.000
14 C2H4(47) + X(1) <=> C2H4X(205) -0.132 -0.000
15 CH4(2) + HOX(22) + X(1) <=> CH3X(21) + H2OX(23) -0.001 -0.000
16 H2O(5) + X(1) <=> H2OX(23) -0.152 0.000
17 H2OX(23) + OX(20) <=> 2 HOX(22) 0.431 -0.000
18 HOX(22) + HX(19) <=> H2OX(23) + X(1) -0.001 -0.000
19 C2H4(18) + X(1) <=> C2H4X(65) -0.132 -0.000
20 CH2X(27) + HX(19) <=> CH3X(21) + X(1) -0.033 -0.001
21 CH2X(27) + HOX(22) <=> CH3X(21) + OX(20) -0.023 0.000
22 CHX(28) + HX(19) <=> CH2X(27) + X(1) -0.024 0.000
23 CHX(28) + HOX(22) <=> CH2X(27) + OX(20) -0.083 0.000
24 2 CH2X(27) <=> CH3X(21) + CHX(28) -0.099 0.000
25 CHX(28) + X(1) <=> CX(26) + HX(19) 0.031 0.000
26 CX(26) + H2(6) <=> CH2X(27) -0.038 0.000
27 CX(26) + HOX(22) <=> CHX(28) + OX(20) -0.132 -0.000
28 CH3X(21) + CX(26) <=> CH2X(27) + CHX(28) 0.049 0.000
29 CH2X(27) + CX(26) <=> 2 CHX(28) -0.085 -0.000
30 CO(7) + X(1) <=> OCX(25) 0.028 -0.000
31 CX(26) + OX(20) <=> OCX(25) + X(1) -0.100 0.000
32 CO(7) + X(1) <=> COX(50) -0.005 0.000
33 CO2(4) + X(1) <=> CO2X(24) -0.032 0.000
34 OCX(25) + OX(20) <=> CO2X(24) + X(1) -0.048 0.000
35 CO2X(24) + HX(19) <=> HOX(22) + OCX(25) 0.005 0.003
Finished sensitivity simulation for a C/O ratio of 2.6
Finished translating for C/O ratio of 2.6
Starting sensitivity simulation for a C/O ratio of 1.8
0 CH4(2) + X(1) <=> CH4X(48) 0.198 0.000
1 O2(3) + 2 X(1) <=> 2 OX(20) -0.525 0.010
2 H2(6) + 2 X(1) <=> 2 HX(19) 0.184 -0.005
3 H(12) + X(1) <=> HX(19) -0.048 -0.000
4 HX(19) + OX(20) <=> HOX(22) + X(1) 0.221 0.000
5 H2O(5) + 2 X(1) <=> HOX(22) + HX(19) 0.184 0.000
6 OH(17) + X(1) <=> HOX(22) 0.175 0.000
7 CH4(2) + 2 X(1) <=> CH3X(21) + HX(19) 0.177 0.000
8 CH4(2) + OX(20) + X(1) <=> CH3X(21) + HOX(22) 0.233 0.000
9 C2H6(8) + 2 X(1) <=> 2 CH3X(21) 0.214 0.000
10 CH3(10) + X(1) <=> CH3X(21) 1.298 -0.010
11 CH3OH(14) + 2 X(1) <=> CH3X(21) + HOX(22) 0.169 -0.000
12 H2(6) + X(1) <=> H2X(49) 0.147 0.000
13 C2H6(8) + X(1) <=> C2H6X(52) 0.155 0.000
14 C2H4(47) + X(1) <=> C2H4X(205) 0.182 0.000
15 CH4(2) + HOX(22) + X(1) <=> CH3X(21) + H2OX(23) 0.161 0.000
16 H2O(5) + X(1) <=> H2OX(23) 0.205 0.000
17 H2OX(23) + OX(20) <=> 2 HOX(22) 0.655 -0.000
18 HOX(22) + HX(19) <=> H2OX(23) + X(1) 0.168 0.000
19 C2H4(18) + X(1) <=> C2H4X(65) 0.182 0.000
20 CH2X(27) + HX(19) <=> CH3X(21) + X(1) 0.169 -0.000
21 CH2X(27) + HOX(22) <=> CH3X(21) + OX(20) 0.099 0.000
22 CHX(28) + HX(19) <=> CH2X(27) + X(1) 0.219 0.000
23 CHX(28) + HOX(22) <=> CH2X(27) + OX(20) 0.154 0.000
24 2 CH2X(27) <=> CH3X(21) + CHX(28) 0.221 0.000
25 CHX(28) + X(1) <=> CX(26) + HX(19) 0.148 0.000
26 CX(26) + H2(6) <=> CH2X(27) 0.170 0.000
27 CX(26) + HOX(22) <=> CHX(28) + OX(20) 0.182 0.000
28 CH3X(21) + CX(26) <=> CH2X(27) + CHX(28) 0.184 0.000
29 CH2X(27) + CX(26) <=> 2 CHX(28) 0.175 0.000
30 CO(7) + X(1) <=> OCX(25) 0.175 0.000
31 CX(26) + OX(20) <=> OCX(25) + X(1) 0.155 0.000
32 CO(7) + X(1) <=> COX(50) 0.148 0.000
33 CO2(4) + X(1) <=> CO2X(24) 0.177 0.000
34 OCX(25) + OX(20) <=> CO2X(24) + X(1) 0.147 0.000
35 CO2X(24) + HX(19) <=> HOX(22) + OCX(25) 0.228 0.000
Finished sensitivity simulation for a C/O ratio of 1.8
Finished translating for C/O ratio of 1.8
Starting sensitivity simulation for a C/O ratio of 1.1
0 CH4(2) + X(1) <=> CH4X(48) 0.021 -0.000
1 O2(3) + 2 X(1) <=> 2 OX(20) -0.465 0.005
2 H2(6) + 2 X(1) <=> 2 HX(19) -0.021 -0.002
3 H(12) + X(1) <=> HX(19) 0.018 -0.000
4 HX(19) + OX(20) <=> HOX(22) + X(1) -0.000 -0.000
5 H2O(5) + 2 X(1) <=> HOX(22) + HX(19) 0.018 -0.000
6 OH(17) + X(1) <=> HOX(22) 0.045 0.000
7 CH4(2) + 2 X(1) <=> CH3X(21) + HX(19) 0.003 -0.000
8 CH4(2) + OX(20) + X(1) <=> CH3X(21) + HOX(22) 0.021 -0.000
9 C2H6(8) + 2 X(1) <=> 2 CH3X(21) -0.018 -0.000
10 CH3(10) + X(1) <=> CH3X(21) 0.808 -0.005
11 CH3OH(14) + 2 X(1) <=> CH3X(21) + HOX(22) 0.021 -0.000
12 H2(6) + X(1) <=> H2X(49) -0.000 -0.000
13 C2H6(8) + X(1) <=> C2H6X(52) 0.021 -0.000
14 C2H4(47) + X(1) <=> C2H4X(205) -0.018 -0.000
15 CH4(2) + HOX(22) + X(1) <=> CH3X(21) + H2OX(23) 0.021 -0.000
16 H2O(5) + X(1) <=> H2OX(23) 0.045 -0.000
17 H2OX(23) + OX(20) <=> 2 HOX(22) 0.340 -0.000
18 HOX(22) + HX(19) <=> H2OX(23) + X(1) -0.000 -0.000
19 C2H4(18) + X(1) <=> C2H4X(65) -0.018 -0.000
20 CH2X(27) + HX(19) <=> CH3X(21) + X(1) 0.018 -0.000
21 CH2X(27) + HOX(22) <=> CH3X(21) + OX(20) -0.082 -0.000
22 CHX(28) + HX(19) <=> CH2X(27) + X(1) 0.021 -0.000
23 CHX(28) + HOX(22) <=> CH2X(27) + OX(20) 0.021 -0.000
24 2 CH2X(27) <=> CH3X(21) + CHX(28) -0.000 -0.000
25 CHX(28) + X(1) <=> CX(26) + HX(19) 0.021 -0.000
26 CX(26) + H2(6) <=> CH2X(27) 0.021 -0.000
27 CX(26) + HOX(22) <=> CHX(28) + OX(20) -0.018 -0.000
28 CH3X(21) + CX(26) <=> CH2X(27) + CHX(28) -0.000 -0.000
29 CH2X(27) + CX(26) <=> 2 CHX(28) 0.042 -0.000
30 CO(7) + X(1) <=> OCX(25) 0.045 -0.000
31 CX(26) + OX(20) <=> OCX(25) + X(1) 0.003 -0.000
32 CO(7) + X(1) <=> COX(50) 0.018 -0.000
33 CO2(4) + X(1) <=> CO2X(24) 0.029 -0.000
34 OCX(25) + OX(20) <=> CO2X(24) + X(1) 0.063 -0.000
35 CO2X(24) + HX(19) <=> HOX(22) + OCX(25) 0.042 -0.000
Finished sensitivity simulation for a C/O ratio of 1.1
Finished translating for C/O ratio of 1.1
Starting sensitivity simulation for a C/O ratio of 2.2
0 CH4(2) + X(1) <=> CH4X(48) -0.067 -0.002
1 O2(3) + 2 X(1) <=> 2 OX(20) -0.415 0.011
2 H2(6) + 2 X(1) <=> 2 HX(19) -0.020 -0.008
3 H(12) + X(1) <=> HX(19) -0.098 -0.002
4 HX(19) + OX(20) <=> HOX(22) + X(1) -0.013 -0.002
5 H2O(5) + 2 X(1) <=> HOX(22) + HX(19) -0.019 -0.002
6 OH(17) + X(1) <=> HOX(22) 0.004 -0.002
7 CH4(2) + 2 X(1) <=> CH3X(21) + HX(19) -0.001 -0.002
8 CH4(2) + OX(20) + X(1) <=> CH3X(21) + HOX(22) 0.004 -0.002
9 C2H6(8) + 2 X(1) <=> 2 CH3X(21) 0.004 -0.002
10 CH3(10) + X(1) <=> CH3X(21) 1.023 -0.015
11 CH3OH(14) + 2 X(1) <=> CH3X(21) + HOX(22) -0.013 -0.002
12 H2(6) + X(1) <=> H2X(49) 0.066 -0.002
13 C2H6(8) + X(1) <=> C2H6X(52) 0.004 -0.002
14 C2H4(47) + X(1) <=> C2H4X(205) -0.001 -0.002
15 CH4(2) + HOX(22) + X(1) <=> CH3X(21) + H2OX(23) -0.019 -0.002
16 H2O(5) + X(1) <=> H2OX(23) 0.013 -0.002
17 H2OX(23) + OX(20) <=> 2 HOX(22) 0.570 -0.000
18 HOX(22) + HX(19) <=> H2OX(23) + X(1) 0.028 -0.002
19 C2H4(18) + X(1) <=> C2H4X(65) -0.001 -0.002
20 CH2X(27) + HX(19) <=> CH3X(21) + X(1) -0.056 -0.003
21 CH2X(27) + HOX(22) <=> CH3X(21) + OX(20) 0.098 -0.002
22 CHX(28) + HX(19) <=> CH2X(27) + X(1) -0.026 -0.002
23 CHX(28) + HOX(22) <=> CH2X(27) + OX(20) 0.031 -0.002
24 2 CH2X(27) <=> CH3X(21) + CHX(28) 0.013 -0.002
25 CHX(28) + X(1) <=> CX(26) + HX(19) -0.019 -0.002
26 CX(26) + H2(6) <=> CH2X(27) 0.004 -0.002
27 CX(26) + HOX(22) <=> CHX(28) + OX(20) -0.001 -0.002
28 CH3X(21) + CX(26) <=> CH2X(27) + CHX(28) -0.043 -0.002
29 CH2X(27) + CX(26) <=> 2 CHX(28) -0.034 -0.002
30 CO(7) + X(1) <=> OCX(25) -0.061 -0.002
31 CX(26) + OX(20) <=> OCX(25) + X(1) 0.040 -0.002
32 CO(7) + X(1) <=> COX(50) 0.036 -0.002
33 CO2(4) + X(1) <=> CO2X(24) -0.001 -0.002
34 OCX(25) + OX(20) <=> CO2X(24) + X(1) -0.004 -0.002
35 CO2X(24) + HX(19) <=> HOX(22) + OCX(25) 0.008 -0.002
Finished sensitivity simulation for a C/O ratio of 2.2
Finished translating for C/O ratio of 2.2
Starting sensitivity simulation for a C/O ratio of 2.0
0 CH4(2) + X(1) <=> CH4X(48) 0.015 0.000
1 O2(3) + 2 X(1) <=> 2 OX(20) -0.579 0.011
2 H2(6) + 2 X(1) <=> 2 HX(19) 0.009 -0.005
3 H(12) + X(1) <=> HX(19) -0.010 -0.000
4 HX(19) + OX(20) <=> HOX(22) + X(1) 0.015 0.000
5 H2O(5) + 2 X(1) <=> HOX(22) + HX(19) 0.015 0.000
6 OH(17) + X(1) <=> HOX(22) 0.047 0.000
7 CH4(2) + 2 X(1) <=> CH3X(21) + HX(19) 0.002 0.000
8 CH4(2) + OX(20) + X(1) <=> CH3X(21) + HOX(22) 0.029 0.000
9 C2H6(8) + 2 X(1) <=> 2 CH3X(21) 0.015 0.000
10 CH3(10) + X(1) <=> CH3X(21) 0.540 -0.011
11 CH3OH(14) + 2 X(1) <=> CH3X(21) + HOX(22) -0.024 0.000
12 H2(6) + X(1) <=> H2X(49) 0.015 0.000
13 C2H6(8) + X(1) <=> C2H6X(52) 0.028 0.000
14 C2H4(47) + X(1) <=> C2H4X(205) -0.002 0.000
15 CH4(2) + HOX(22) + X(1) <=> CH3X(21) + H2OX(23) 0.047 0.000
16 H2O(5) + X(1) <=> H2OX(23) -0.008 0.000
17 H2OX(23) + OX(20) <=> 2 HOX(22) 0.185 -0.000
18 HOX(22) + HX(19) <=> H2OX(23) + X(1) 0.058 0.000
19 C2H4(18) + X(1) <=> C2H4X(65) -0.002 0.000
20 CH2X(27) + HX(19) <=> CH3X(21) + X(1) 0.027 -0.000
21 CH2X(27) + HOX(22) <=> CH3X(21) + OX(20) 0.041 -0.000
22 CHX(28) + HX(19) <=> CH2X(27) + X(1) 0.005 0.000
23 CHX(28) + HOX(22) <=> CH2X(27) + OX(20) 0.015 0.000
24 2 CH2X(27) <=> CH3X(21) + CHX(28) 0.005 0.000
25 CHX(28) + X(1) <=> CX(26) + HX(19) -0.010 0.000
26 CX(26) + H2(6) <=> CH2X(27) -0.019 0.000
27 CX(26) + HOX(22) <=> CHX(28) + OX(20) -0.002 0.000
28 CH3X(21) + CX(26) <=> CH2X(27) + CHX(28) 0.010 0.000
29 CH2X(27) + CX(26) <=> 2 CHX(28) 0.029 0.000
30 CO(7) + X(1) <=> OCX(25) 0.005 0.000
31 CX(26) + OX(20) <=> OCX(25) + X(1) 0.015 0.000
32 CO(7) + X(1) <=> COX(50) 0.047 0.000
33 CO2(4) + X(1) <=> CO2X(24) 0.039 0.000
34 OCX(25) + OX(20) <=> CO2X(24) + X(1) 0.018 0.000
35 CO2X(24) + HX(19) <=> HOX(22) + OCX(25) 0.015 0.000
Finished sensitivity simulation for a C/O ratio of 2.0
Finished translating for C/O ratio of 2.0
Starting sensitivity simulation for a C/O ratio of 2.4
0 CH4(2) + X(1) <=> CH4X(48) 0.089 -0.000
1 O2(3) + 2 X(1) <=> 2 OX(20) -0.495 0.014
2 H2(6) + 2 X(1) <=> 2 HX(19) 0.059 -0.007
3 H(12) + X(1) <=> HX(19) 0.539 -0.000
4 HX(19) + OX(20) <=> HOX(22) + X(1) -0.061 -0.000
5 H2O(5) + 2 X(1) <=> HOX(22) + HX(19) -0.035 -0.000
6 OH(17) + X(1) <=> HOX(22) -0.031 -0.000
7 CH4(2) + 2 X(1) <=> CH3X(21) + HX(19) -0.122 -0.000
8 CH4(2) + OX(20) + X(1) <=> CH3X(21) + HOX(22) -0.041 -0.000
9 C2H6(8) + 2 X(1) <=> 2 CH3X(21) -0.444 -0.000
10 CH3(10) + X(1) <=> CH3X(21) 1.041 -0.014
11 CH3OH(14) + 2 X(1) <=> CH3X(21) + HOX(22) 0.007 -0.000
12 H2(6) + X(1) <=> H2X(49) -0.121 -0.000
13 C2H6(8) + X(1) <=> C2H6X(52) -0.095 -0.000
14 C2H4(47) + X(1) <=> C2H4X(205) -0.193 -0.000
15 CH4(2) + HOX(22) + X(1) <=> CH3X(21) + H2OX(23) -0.218 -0.000
16 H2O(5) + X(1) <=> H2OX(23) 0.223 -0.000
17 H2OX(23) + OX(20) <=> 2 HOX(22) 0.406 -0.000
18 HOX(22) + HX(19) <=> H2OX(23) + X(1) 0.095 -0.000
19 C2H4(18) + X(1) <=> C2H4X(65) -0.193 -0.000
20 CH2X(27) + HX(19) <=> CH3X(21) + X(1) -0.792 -0.001
21 CH2X(27) + HOX(22) <=> CH3X(21) + OX(20) -0.041 -0.001
22 CHX(28) + HX(19) <=> CH2X(27) + X(1) 0.052 -0.000
23 CHX(28) + HOX(22) <=> CH2X(27) + OX(20) -0.122 -0.000
24 2 CH2X(27) <=> CH3X(21) + CHX(28) 0.210 -0.000
25 CHX(28) + X(1) <=> CX(26) + HX(19) -0.187 -0.000
26 CX(26) + H2(6) <=> CH2X(27) -0.516 -0.000
27 CX(26) + HOX(22) <=> CHX(28) + OX(20) -0.193 -0.000
28 CH3X(21) + CX(26) <=> CH2X(27) + CHX(28) -0.002 -0.000
29 CH2X(27) + CX(26) <=> 2 CHX(28) -0.247 -0.000
30 CO(7) + X(1) <=> OCX(25) -0.081 -0.000
31 CX(26) + OX(20) <=> OCX(25) + X(1) -0.044 -0.000
32 CO(7) + X(1) <=> COX(50) 0.481 -0.000
33 CO2(4) + X(1) <=> CO2X(24) 0.049 -0.000
34 OCX(25) + OX(20) <=> CO2X(24) + X(1) 0.030 -0.000
35 CO2X(24) + HX(19) <=> HOX(22) + OCX(25) -0.045 -0.000
Finished sensitivity simulation for a C/O ratio of 2.4
Finished translating for C/O ratio of 2.4
Starting sensitivity simulation for a C/O ratio of 1.4
0 CH4(2) + X(1) <=> CH4X(48) -0.240 -0.000
1 O2(3) + 2 X(1) <=> 2 OX(20) -0.598 0.007
2 H2(6) + 2 X(1) <=> 2 HX(19) -0.278 -0.003
3 H(12) + X(1) <=> HX(19) -0.290 -0.000
4 HX(19) + OX(20) <=> HOX(22) + X(1) -0.299 -0.000
5 H2O(5) + 2 X(1) <=> HOX(22) + HX(19) -0.227 -0.000
6 OH(17) + X(1) <=> HOX(22) -0.312 -0.000
7 CH4(2) + 2 X(1) <=> CH3X(21) + HX(19) -0.253 -0.000
8 CH4(2) + OX(20) + X(1) <=> CH3X(21) + HOX(22) -0.242 -0.000
9 C2H6(8) + 2 X(1) <=> 2 CH3X(21) -0.288 -0.000
10 CH3(10) + X(1) <=> CH3X(21) 0.874 -0.007
11 CH3OH(14) + 2 X(1) <=> CH3X(21) + HOX(22) -0.205 -0.000
12 H2(6) + X(1) <=> H2X(49) -0.377 -0.000
13 C2H6(8) + X(1) <=> C2H6X(52) -0.275 -0.000
14 C2H4(47) + X(1) <=> C2H4X(205) -0.225 -0.000
15 CH4(2) + HOX(22) + X(1) <=> CH3X(21) + H2OX(23) -0.251 -0.000
16 H2O(5) + X(1) <=> H2OX(23) -0.253 -0.000
17 H2OX(23) + OX(20) <=> 2 HOX(22) 0.354 -0.000
18 HOX(22) + HX(19) <=> H2OX(23) + X(1) -0.156 -0.000
19 C2H4(18) + X(1) <=> C2H4X(65) -0.225 -0.000
20 CH2X(27) + HX(19) <=> CH3X(21) + X(1) -0.399 -0.000
21 CH2X(27) + HOX(22) <=> CH3X(21) + OX(20) -0.290 -0.000
22 CHX(28) + HX(19) <=> CH2X(27) + X(1) -0.277 -0.000
23 CHX(28) + HOX(22) <=> CH2X(27) + OX(20) -0.364 -0.000
24 2 CH2X(27) <=> CH3X(21) + CHX(28) -0.348 -0.000
25 CHX(28) + X(1) <=> CX(26) + HX(19) -0.338 -0.000
26 CX(26) + H2(6) <=> CH2X(27) -0.262 -0.000
27 CX(26) + HOX(22) <=> CHX(28) + OX(20) -0.225 -0.000
28 CH3X(21) + CX(26) <=> CH2X(27) + CHX(28) -0.156 -0.000
29 CH2X(27) + CX(26) <=> 2 CHX(28) -0.227 -0.000
30 CO(7) + X(1) <=> OCX(25) -0.266 -0.000
31 CX(26) + OX(20) <=> OCX(25) + X(1) -0.277 -0.000
32 CO(7) + X(1) <=> COX(50) -0.253 -0.000
33 CO2(4) + X(1) <=> CO2X(24) -0.240 -0.000
34 OCX(25) + OX(20) <=> CO2X(24) + X(1) -0.192 -0.000
35 CO2X(24) + HX(19) <=> HOX(22) + OCX(25) -0.277 -0.000
Finished sensitivity simulation for a C/O ratio of 1.4
Finished translating for C/O ratio of 1.4
Starting thermo sensitivity simulation for a C/O ratio of 1.0
0 X(1) -0.046 -0.000
1 HX(19) -0.066 -0.000
2 OX(20) -0.044 -0.000
3 CH3X(21) -0.067 -0.000
4 HOX(22) -0.069 -0.000
5 H2OX(23) -0.019 -0.000
6 CO2X(24) -0.044 -0.000
7 OCX(25) -0.043 -0.000
8 CX(26) -0.069 -0.000
9 CH2X(27) -0.044 -0.000
10 CHX(28) -0.044 -0.000
11 CH4X(48) -0.069 -0.000
12 H2X(49) -0.092 -0.000
13 COX(50) -0.043 -0.000
14 C2H6X(52) -0.044 -0.000
15 C2H4X(65) -0.116 -0.000
16 C2H4X(205) -0.116 -0.000
Finished thermo sensitivity simulation for a C/O ratio of 1.0
Starting thermo sensitivity simulation for a C/O ratio of 2.0
0 X(1) 0.049 0.000
1 HX(19) 0.047 0.000
2 OX(20) 0.031 0.000
3 CH3X(21) 0.018 0.000
4 HOX(22) 0.018 0.000
5 H2OX(23) 0.002 0.000
6 CO2X(24) 0.028 0.000
7 OCX(25) 0.028 0.000
8 CX(26) 0.015 0.000
9 CH2X(27) 0.058 0.000
10 CHX(28) 0.010 0.000
11 CH4X(48) 0.018 0.000
12 H2X(49) -0.008 0.000
13 COX(50) 0.029 0.000
14 C2H6X(52) -0.010 0.000
15 C2H4X(65) -0.002 0.000
16 C2H4X(205) -0.002 0.000
Finished thermo sensitivity simulation for a C/O ratio of 2.0
Starting thermo sensitivity simulation for a C/O ratio of 1.2
0 X(1) 0.022 -0.000
1 HX(19) 0.022 -0.000
2 OX(20) 0.039 -0.000
3 CH3X(21) 0.073 -0.000
4 HOX(22) 0.073 0.000
5 H2OX(23) 0.073 -0.000
6 CO2X(24) -0.027 -0.000
7 OCX(25) 0.137 -0.000
8 CX(26) 0.022 -0.000
9 CH2X(27) 0.054 -0.000
10 CHX(28) 0.002 -0.000
11 CH4X(48) 0.122 -0.000
12 H2X(49) 0.071 -0.000
13 COX(50) 0.154 0.000
14 C2H6X(52) 0.022 -0.000
15 C2H4X(65) 0.073 -0.000
16 C2H4X(205) 0.073 -0.000
Finished thermo sensitivity simulation for a C/O ratio of 1.2
Starting thermo sensitivity simulation for a C/O ratio of 2.2
0 X(1) 0.004 -0.002
1 HX(19) -0.043 -0.002
2 OX(20) 0.016 -0.002
3 CH3X(21) 0.004 -0.002
4 HOX(22) -0.001 -0.002
5 H2OX(23) -0.017 -0.002
6 CO2X(24) 0.013 -0.002
7 OCX(25) 0.014 -0.002
8 CX(26) -0.072 -0.002
9 CH2X(27) 0.166 0.001
10 CHX(28) 0.004 -0.002
11 CH4X(48) 0.014 -0.002
12 H2X(49) -0.029 -0.002
13 COX(50) -0.013 -0.002
14 C2H6X(52) 0.004 -0.002
15 C2H4X(65) -0.001 -0.002
16 C2H4X(205) -0.001 -0.002
Finished thermo sensitivity simulation for a C/O ratio of 2.2
Starting thermo sensitivity simulation for a C/O ratio of 1.8
0 X(1) 0.170 0.000
1 HX(19) 0.170 0.000
2 OX(20) 0.147 0.000
3 CH3X(21) 0.272 0.000
4 HOX(22) 0.161 0.000
5 H2OX(23) 0.191 0.000
6 CO2X(24) 0.191 0.000
7 OCX(25) 0.161 0.000
8 CX(26) 0.175 0.000
9 CH2X(27) -0.096 0.003
10 CHX(28) 0.155 0.000
11 CH4X(48) 0.169 -0.000
12 H2X(49) 0.214 0.000
13 COX(50) 0.221 0.000
14 C2H6X(52) 0.138 0.000
15 C2H4X(65) 0.198 0.000
16 C2H4X(205) 0.182 0.000
Finished thermo sensitivity simulation for a C/O ratio of 1.8
Starting thermo sensitivity simulation for a C/O ratio of 1.1
0 X(1) 0.021 -0.000
1 HX(19) 0.042 0.000
2 OX(20) 0.021 -0.000
3 CH3X(21) 0.018 -0.000
4 HOX(22) 0.021 -0.000
5 H2OX(23) 0.005 0.000
6 CO2X(24) 0.021 -0.000
7 OCX(25) -0.018 -0.000
8 CX(26) 0.021 -0.000
9 CH2X(27) 0.003 0.000
10 CHX(28) 0.003 -0.000
11 CH4X(48) 0.018 -0.000
12 H2X(49) 0.018 -0.000
13 COX(50) 0.060 -0.000
14 C2H6X(52) 0.018 -0.000
15 C2H4X(65) -0.018 -0.000
16 C2H4X(205) -0.018 -0.000
Finished thermo sensitivity simulation for a C/O ratio of 1.1
Starting thermo sensitivity simulation for a C/O ratio of 1.3
0 X(1) -0.011 0.000
1 HX(19) 0.044 0.000
2 OX(20) 0.016 0.000
3 CH3X(21) -0.011 0.000
4 HOX(22) -0.011 0.000
5 H2OX(23) 0.032 0.000
6 CO2X(24) -0.055 0.000
7 OCX(25) 0.117 0.000
8 CX(26) -0.011 0.000
9 CH2X(27) 0.044 0.000
10 CHX(28) -0.025 0.000
11 CH4X(48) 0.032 0.000
12 H2X(49) 0.076 0.000
13 COX(50) 0.060 0.000
14 C2H6X(52) -0.055 0.000
15 C2H4X(65) -0.023 0.000
16 C2H4X(205) -0.023 0.000
Finished thermo sensitivity simulation for a C/O ratio of 1.3
Starting thermo sensitivity simulation for a C/O ratio of 2.6
0 X(1) -0.065 0.000
1 HX(19) -0.025 -0.000
2 OX(20) -0.064 0.000
3 CH3X(21) -0.035 0.000
4 HOX(22) -0.002 0.000
5 H2OX(23) -0.136 0.000
6 CO2X(24) -0.032 -0.000
7 OCX(25) -0.112 0.000
8 CX(26) -0.022 0.000
9 CH2X(27) -0.057 0.000
10 CHX(28) -0.028 0.000
11 CH4X(48) -0.219 -0.000
12 H2X(49) -0.135 0.002
13 COX(50) 0.015 0.000
14 C2H6X(52) 0.062 -0.000
15 C2H4X(65) -0.132 -0.000
16 C2H4X(205) -0.132 -0.000
Finished thermo sensitivity simulation for a C/O ratio of 2.6
Starting thermo sensitivity simulation for a C/O ratio of 1.6
0 X(1) 0.017 0.000
1 HX(19) -0.010 0.000
2 OX(20) -0.019 0.000
3 CH3X(21) 0.002 0.000
4 HOX(22) -0.019 0.000
5 H2OX(23) -0.019 0.000
6 CO2X(24) 0.010 0.000
7 OCX(25) 0.066 0.000
8 CX(26) 0.010 0.000
9 CH2X(27) 0.010 0.000
10 CHX(28) 0.027 0.000
11 CH4X(48) -0.029 0.000
12 H2X(49) 0.000 0.000
13 COX(50) 0.027 0.000
14 C2H6X(52) -0.035 0.000
15 C2H4X(65) 0.027 0.000
16 C2H4X(205) 0.027 0.000
Finished thermo sensitivity simulation for a C/O ratio of 1.6
Starting thermo sensitivity simulation for a C/O ratio of 1.4
0 X(1) -0.325 -0.000
1 HX(19) -0.388 -0.000
2 OX(20) -0.190 -0.000
3 CH3X(21) -0.401 -0.000
4 HOX(22) -0.288 -0.000
5 H2OX(23) -0.192 -0.000
6 CO2X(24) -0.225 -0.000
7 OCX(25) -0.290 -0.000
8 CX(26) -0.327 -0.000
9 CH2X(27) -0.312 -0.000
10 CHX(28) -0.374 -0.000
11 CH4X(48) -0.361 -0.000
12 H2X(49) -0.238 -0.000
13 COX(50) -0.299 -0.000
14 C2H6X(52) -0.338 -0.000
15 C2H4X(65) -0.225 -0.000
16 C2H4X(205) -0.225 -0.000
Finished thermo sensitivity simulation for a C/O ratio of 1.4
Starting thermo sensitivity simulation for a C/O ratio of 0.9
0 X(1) 0.016 -0.000
1 HX(19) 0.011 0.000
2 OX(20) 0.016 -0.000
3 CH3X(21) 0.012 0.000
4 HOX(22) 0.012 0.000
5 H2OX(23) 0.006 0.000
6 CO2X(24) 0.050 0.000
7 OCX(25) -0.053 0.000
8 CX(26) 0.011 0.000
9 CH2X(27) -0.019 0.000
10 CHX(28) 0.012 0.000
11 CH4X(48) 0.047 0.000
12 H2X(49) 0.012 0.000
13 COX(50) 0.011 0.000
14 C2H6X(52) 0.047 0.000
15 C2H4X(65) 0.047 0.000
16 C2H4X(205) 0.047 0.000
Finished thermo sensitivity simulation for a C/O ratio of 0.9
Starting thermo sensitivity simulation for a C/O ratio of 0.7
0 X(1) -0.027 0.000
1 HX(19) -0.025 0.000
2 OX(20) -0.008 0.000
3 CH3X(21) -0.008 0.000
4 HOX(22) -0.008 0.000
5 H2OX(23) -0.076 0.000
6 CO2X(24) -0.074 0.000
7 OCX(25) -0.008 0.000
8 CX(26) 0.010 0.000
9 CH2X(27) -0.008 0.000
10 CHX(28) -0.025 0.000
11 CH4X(48) 0.010 0.000
12 H2X(49) -0.025 0.000
13 COX(50) -0.025 0.000
14 C2H6X(52) -0.061 0.000
15 C2H4X(65) -0.025 0.000
16 C2H4X(205) -0.025 0.000
Finished thermo sensitivity simulation for a C/O ratio of 0.7
Starting thermo sensitivity simulation for a C/O ratio of 0.8
0 X(1) 0.007 -0.000
1 HX(19) 0.099 -0.000
2 OX(20) 0.009 -0.000
3 CH3X(21) 0.017 0.000
4 HOX(22) 0.003 0.000
5 H2OX(23) 0.142 -0.000
6 CO2X(24) 0.052 0.000
7 OCX(25) 0.073 0.000
8 CX(26) 0.017 0.000
9 CH2X(27) 0.007 0.000
10 CHX(28) 0.074 0.000
11 CH4X(48) 0.007 -0.000
12 H2X(49) 0.059 0.000
13 COX(50) 0.119 -0.000
14 C2H6X(52) 0.052 0.000
15 C2H4X(65) 0.002 -0.000
16 C2H4X(205) 0.002 -0.000
Finished thermo sensitivity simulation for a C/O ratio of 0.8
Starting thermo sensitivity simulation for a C/O ratio of 2.4
0 X(1) -0.292 -0.000
1 HX(19) 0.088 -0.000
2 OX(20) -0.619 -0.000
3 CH3X(21) 0.804 -0.000
4 HOX(22) 0.171 -0.000
5 H2OX(23) -0.108 -0.000
6 CO2X(24) 0.114 -0.000
7 OCX(25) -0.155 -0.000
8 CX(26) -0.105 -0.000
9 CH2X(27) -0.277 -0.000
10 CHX(28) -0.105 -0.000
11 CH4X(48) 0.090 -0.000
12 H2X(49) -0.028 -0.000
13 COX(50) 0.104 -0.000
14 C2H6X(52) 0.008 -0.000
15 C2H4X(65) -0.193 -0.000
16 C2H4X(205) -0.193 -0.000
Finished thermo sensitivity simulation for a C/O ratio of 2.4
