This mechanism contains 47 gas reactions and 36 surface reactions
Finished simulation at a C/O ratio of 0.9
Finished simulation at a C/O ratio of 1.6
Finished simulation at a C/O ratio of 1.1
Finished simulation at a C/O ratio of 0.6
Finished simulation at a C/O ratio of 1.3
Finished simulation at a C/O ratio of 0.8
Finished simulation at a C/O ratio of 2.2
Finished simulation at a C/O ratio of 1.2
Finished simulation at a C/O ratio of 1.4
Finished simulation at a C/O ratio of 1.8
Finished simulation at a C/O ratio of 0.7
Finished simulation at a C/O ratio of 2.6
Finished simulation at a C/O ratio of 2.0
Finished simulation at a C/O ratio of 2.4
Finished simulation at a C/O ratio of 1.0
Starting sensitivity simulation for a C/O ratio of 0.6
0 CH4(2) + X(1) <=> CH4X(48) -0.009 0.083
1 O2(3) + 2 X(1) <=> 2 OX(20) -0.500 0.075
2 H2(6) + 2 X(1) <=> 2 HX(19) -0.015 0.006
3 H(12) + X(1) <=> HX(19) -0.003 0.059
4 HX(19) + OX(20) <=> HOX(22) + X(1) -0.015 0.125
5 H2O(5) + 2 X(1) <=> HOX(22) + HX(19) -0.009 -0.001
6 OH(17) + X(1) <=> HOX(22) -0.009 -0.004
7 CH4(2) + 2 X(1) <=> CH3X(21) + HX(19) -0.003 0.099
8 CH4(2) + OX(20) + X(1) <=> CH3X(21) + HOX(22) -0.015 -0.023
9 C2H6(8) + 2 X(1) <=> 2 CH3X(21) -0.021 0.022
10 CH3(10) + X(1) <=> CH3X(21) 0.996 0.112
11 CH3OH(14) + 2 X(1) <=> CH3X(21) + HOX(22) -0.015 0.047
12 H2(6) + X(1) <=> H2X(49) -0.009 0.061
13 C2H6(8) + X(1) <=> C2H6X(52) -0.009 0.010
14 CH2X(27) + HX(19) <=> CH3X(21) + X(1) -0.023 -0.058
15 CH2X(27) + HOX(22) <=> CH3X(21) + OX(20) -0.009 -0.044
16 CHX(28) + HX(19) <=> CH2X(27) + X(1) -0.009 0.171
17 CHX(28) + HOX(22) <=> CH2X(27) + OX(20) -0.003 0.067
18 2 CH2X(27) <=> CH3X(21) + CHX(28) -0.015 -0.026
19 CHX(28) + X(1) <=> CX(26) + HX(19) -0.015 0.058
20 CX(26) + H2(6) <=> CH2X(27) -0.009 0.069
21 CX(26) + HOX(22) <=> CHX(28) + OX(20) -0.015 0.095
22 CH3X(21) + CX(26) <=> CH2X(27) + CHX(28) -0.009 -0.057
23 CH2X(27) + CX(26) <=> 2 CHX(28) -0.021 0.011
24 CO(7) + X(1) <=> OCX(25) -0.009 0.069
25 CX(26) + OX(20) <=> OCX(25) + X(1) -0.003 0.169
26 CO(7) + X(1) <=> COX(50) -0.003 0.067
27 CH4(2) + HOX(22) + X(1) <=> CH3X(21) + H2OX(23) -0.009 0.026
28 H2O(5) + X(1) <=> H2OX(23) -0.009 0.039
29 H2OX(23) + OX(20) <=> 2 HOX(22) 0.479 0.027
30 HOX(22) + HX(19) <=> H2OX(23) + X(1) -0.015 0.017
31 C2H4(47) + X(1) <=> C2H4X(205) -0.015 0.095
32 C2H4(18) + X(1) <=> C2H4X(65) -0.015 0.093
33 CO2(4) + X(1) <=> CO2X(24) -0.015 0.020
34 OCX(25) + OX(20) <=> CO2X(24) + X(1) -0.003 0.099
35 CO2X(24) + HX(19) <=> HOX(22) + OCX(25) -0.015 -0.002
Finished sensitivity simulation for a C/O ratio of 0.6
Finished translating for C/O ratio of 0.6
Starting sensitivity simulation for a C/O ratio of 0.9
0 CH4(2) + X(1) <=> CH4X(48) 0.013 0.105
1 O2(3) + 2 X(1) <=> 2 OX(20) -0.482 -0.023
2 H2(6) + 2 X(1) <=> 2 HX(19) 0.004 -0.004
3 H(12) + X(1) <=> HX(19) 0.004 0.036
4 HX(19) + OX(20) <=> HOX(22) + X(1) 0.013 0.073
5 H2O(5) + 2 X(1) <=> HOX(22) + HX(19) 0.009 0.101
6 OH(17) + X(1) <=> HOX(22) 0.009 0.061
7 CH4(2) + 2 X(1) <=> CH3X(21) + HX(19) 0.009 0.141
8 CH4(2) + OX(20) + X(1) <=> CH3X(21) + HOX(22) 0.009 0.093
9 C2H6(8) + 2 X(1) <=> 2 CH3X(21) 0.009 0.121
10 CH3(10) + X(1) <=> CH3X(21) 0.994 0.434
11 CH3OH(14) + 2 X(1) <=> CH3X(21) + HOX(22) 0.004 0.028
12 H2(6) + X(1) <=> H2X(49) 0.004 0.028
13 C2H6(8) + X(1) <=> C2H6X(52) 0.004 0.012
14 CH2X(27) + HX(19) <=> CH3X(21) + X(1) -0.007 0.025
15 CH2X(27) + HOX(22) <=> CH3X(21) + OX(20) -0.000 0.064
16 CHX(28) + HX(19) <=> CH2X(27) + X(1) -0.000 0.124
17 CHX(28) + HOX(22) <=> CH2X(27) + OX(20) 0.000 0.068
18 2 CH2X(27) <=> CH3X(21) + CHX(28) 0.013 0.065
19 CHX(28) + X(1) <=> CX(26) + HX(19) 0.009 0.125
20 CX(26) + H2(6) <=> CH2X(27) 0.013 0.133
21 CX(26) + HOX(22) <=> CHX(28) + OX(20) 0.000 0.084
22 CH3X(21) + CX(26) <=> CH2X(27) + CHX(28) 0.009 0.101
23 CH2X(27) + CX(26) <=> 2 CHX(28) 0.013 0.065
24 CO(7) + X(1) <=> OCX(25) 0.009 0.013
25 CX(26) + OX(20) <=> OCX(25) + X(1) 0.013 0.041
26 CO(7) + X(1) <=> COX(50) 0.004 0.012
27 CH4(2) + HOX(22) + X(1) <=> CH3X(21) + H2OX(23) 0.004 0.040
28 H2O(5) + X(1) <=> H2OX(23) 0.004 0.060
29 H2OX(23) + OX(20) <=> 2 HOX(22) 0.484 0.061
30 HOX(22) + HX(19) <=> H2OX(23) + X(1) 0.013 0.065
31 C2H4(47) + X(1) <=> C2H4X(205) 0.000 0.084
32 C2H4(18) + X(1) <=> C2H4X(65) 0.000 0.084
33 CO2(4) + X(1) <=> CO2X(24) 0.004 0.125
34 OCX(25) + OX(20) <=> CO2X(24) + X(1) 0.013 0.069
35 CO2X(24) + HX(19) <=> HOX(22) + OCX(25) 0.009 0.093
Finished sensitivity simulation for a C/O ratio of 0.9
Finished translating for C/O ratio of 0.9
Starting sensitivity simulation for a C/O ratio of 1.6
0 CH4(2) + X(1) <=> CH4X(48) 0.005 0.025
1 O2(3) + 2 X(1) <=> 2 OX(20) -0.481 -0.404
2 H2(6) + 2 X(1) <=> 2 HX(19) -0.001 0.039
3 H(12) + X(1) <=> HX(19) 0.004 -0.030
4 HX(19) + OX(20) <=> HOX(22) + X(1) 0.001 0.044
5 H2O(5) + 2 X(1) <=> HOX(22) + HX(19) 0.003 -0.068
6 OH(17) + X(1) <=> HOX(22) 0.001 0.083
7 CH4(2) + 2 X(1) <=> CH3X(21) + HX(19) 0.003 0.113
8 CH4(2) + OX(20) + X(1) <=> CH3X(21) + HOX(22) 0.003 -0.020
9 C2H6(8) + 2 X(1) <=> 2 CH3X(21) 0.004 -0.038
10 CH3(10) + X(1) <=> CH3X(21) 0.975 -0.106
11 CH3OH(14) + 2 X(1) <=> CH3X(21) + HOX(22) 0.001 0.072
12 H2(6) + X(1) <=> H2X(49) 0.003 -0.048
13 C2H6(8) + X(1) <=> C2H6X(52) 0.000 -0.031
14 CH2X(27) + HX(19) <=> CH3X(21) + X(1) -0.017 -0.101
15 CH2X(27) + HOX(22) <=> CH3X(21) + OX(20) 0.001 0.058
16 CHX(28) + HX(19) <=> CH2X(27) + X(1) -0.004 -0.063
17 CHX(28) + HOX(22) <=> CH2X(27) + OX(20) 0.005 0.020
18 2 CH2X(27) <=> CH3X(21) + CHX(28) 0.003 -0.023
19 CHX(28) + X(1) <=> CX(26) + HX(19) 0.003 -0.034
20 CX(26) + H2(6) <=> CH2X(27) 0.001 -0.086
21 CX(26) + HOX(22) <=> CHX(28) + OX(20) 0.005 0.028
22 CH3X(21) + CX(26) <=> CH2X(27) + CHX(28) 0.001 -0.103
23 CH2X(27) + CX(26) <=> 2 CHX(28) 0.005 -0.003
24 CO(7) + X(1) <=> OCX(25) 0.004 0.004
25 CX(26) + OX(20) <=> OCX(25) + X(1) 0.000 -0.042
26 CO(7) + X(1) <=> COX(50) 0.004 0.030
27 CH4(2) + HOX(22) + X(1) <=> CH3X(21) + H2OX(23) 0.005 0.017
28 H2O(5) + X(1) <=> H2OX(23) 0.005 -0.060
29 H2OX(23) + OX(20) <=> 2 HOX(22) 0.477 -0.052
30 HOX(22) + HX(19) <=> H2OX(23) + X(1) 0.003 -0.017
31 C2H4(47) + X(1) <=> C2H4X(205) 0.005 0.028
32 C2H4(18) + X(1) <=> C2H4X(65) 0.004 -0.019
33 CO2(4) + X(1) <=> CO2X(24) 0.001 -0.086
34 OCX(25) + OX(20) <=> CO2X(24) + X(1) 0.003 -0.065
35 CO2X(24) + HX(19) <=> HOX(22) + OCX(25) 0.004 -0.058
Finished sensitivity simulation for a C/O ratio of 1.6
Finished translating for C/O ratio of 1.6
Starting sensitivity simulation for a C/O ratio of 1.1
0 CH4(2) + X(1) <=> CH4X(48) 0.007 -0.053
1 O2(3) + 2 X(1) <=> 2 OX(20) -0.481 -0.064
2 H2(6) + 2 X(1) <=> 2 HX(19) 0.003 -0.039
3 H(12) + X(1) <=> HX(19) 0.004 -0.004
4 HX(19) + OX(20) <=> HOX(22) + X(1) 0.004 -0.035
5 H2O(5) + 2 X(1) <=> HOX(22) + HX(19) -0.004 0.007
6 OH(17) + X(1) <=> HOX(22) 0.004 0.014
7 CH4(2) + 2 X(1) <=> CH3X(21) + HX(19) 0.007 -0.017
8 CH4(2) + OX(20) + X(1) <=> CH3X(21) + HOX(22) 0.007 -0.017
9 C2H6(8) + 2 X(1) <=> 2 CH3X(21) 0.004 -0.018
10 CH3(10) + X(1) <=> CH3X(21) 0.982 -0.106
11 CH3OH(14) + 2 X(1) <=> CH3X(21) + HOX(22) -0.000 -0.000
12 H2(6) + X(1) <=> H2X(49) 0.004 0.021
13 C2H6(8) + X(1) <=> C2H6X(52) 0.004 -0.021
14 CH2X(27) + HX(19) <=> CH3X(21) + X(1) -0.005 0.012
15 CH2X(27) + HOX(22) <=> CH3X(21) + OX(20) -0.004 -0.011
16 CHX(28) + HX(19) <=> CH2X(27) + X(1) -0.004 -0.074
17 CHX(28) + HOX(22) <=> CH2X(27) + OX(20) 0.008 -0.042
18 2 CH2X(27) <=> CH3X(21) + CHX(28) 0.004 -0.063
19 CHX(28) + X(1) <=> CX(26) + HX(19) 0.007 0.011
20 CX(26) + H2(6) <=> CH2X(27) 0.004 -0.003
21 CX(26) + HOX(22) <=> CHX(28) + OX(20) 0.004 -0.021
22 CH3X(21) + CX(26) <=> CH2X(27) + CHX(28) 0.004 -0.035
23 CH2X(27) + CX(26) <=> 2 CHX(28) 0.007 0.007
24 CO(7) + X(1) <=> OCX(25) 0.010 -0.015
25 CX(26) + OX(20) <=> OCX(25) + X(1) 0.007 0.011
26 CO(7) + X(1) <=> COX(50) 0.007 -0.032
27 CH4(2) + HOX(22) + X(1) <=> CH3X(21) + H2OX(23) -0.004 -0.025
28 H2O(5) + X(1) <=> H2OX(23) -0.000 -0.021
29 H2OX(23) + OX(20) <=> 2 HOX(22) 0.484 0.242
30 HOX(22) + HX(19) <=> H2OX(23) + X(1) 0.004 0.021
31 C2H4(47) + X(1) <=> C2H4X(205) 0.004 -0.021
32 C2H4(18) + X(1) <=> C2H4X(65) 0.004 -0.014
33 CO2(4) + X(1) <=> CO2X(24) 0.007 0.014
34 OCX(25) + OX(20) <=> CO2X(24) + X(1) 0.007 -0.017
35 CO2X(24) + HX(19) <=> HOX(22) + OCX(25) 0.004 -0.046
Finished sensitivity simulation for a C/O ratio of 1.1
Finished translating for C/O ratio of 1.1
Starting sensitivity simulation for a C/O ratio of 1.3
0 CH4(2) + X(1) <=> CH4X(48) 0.000 0.086
1 O2(3) + 2 X(1) <=> 2 OX(20) -0.483 0.721
2 H2(6) + 2 X(1) <=> 2 HX(19) -0.007 0.053
3 H(12) + X(1) <=> HX(19) 0.000 -0.013
4 HX(19) + OX(20) <=> HOX(22) + X(1) -0.003 0.108
5 H2O(5) + 2 X(1) <=> HOX(22) + HX(19) 0.000 0.038
6 OH(17) + X(1) <=> HOX(22) -0.003 0.045
7 CH4(2) + 2 X(1) <=> CH3X(21) + HX(19) -0.006 0.121
8 CH4(2) + OX(20) + X(1) <=> CH3X(21) + HOX(22) 0.000 0.013
9 C2H6(8) + 2 X(1) <=> 2 CH3X(21) -0.003 0.000
10 CH3(10) + X(1) <=> CH3X(21) 0.973 0.073
11 CH3OH(14) + 2 X(1) <=> CH3X(21) + HOX(22) -0.006 0.000
12 H2(6) + X(1) <=> H2X(49) 0.000 0.035
13 C2H6(8) + X(1) <=> C2H6X(52) 0.003 0.041
14 CH2X(27) + HX(19) <=> CH3X(21) + X(1) -0.017 0.018
15 CH2X(27) + HOX(22) <=> CH3X(21) + OX(20) -0.003 0.057
16 CHX(28) + HX(19) <=> CH2X(27) + X(1) -0.006 0.000
17 CHX(28) + HOX(22) <=> CH2X(27) + OX(20) 0.000 0.061
18 2 CH2X(27) <=> CH3X(21) + CHX(28) 0.003 0.134
19 CHX(28) + X(1) <=> CX(26) + HX(19) 0.000 0.045
20 CX(26) + H2(6) <=> CH2X(27) -0.006 -0.009
21 CX(26) + HOX(22) <=> CHX(28) + OX(20) 0.003 -0.009
22 CH3X(21) + CX(26) <=> CH2X(27) + CHX(28) 0.003 0.035
23 CH2X(27) + CX(26) <=> 2 CHX(28) 0.000 0.045
24 CO(7) + X(1) <=> OCX(25) 0.003 0.041
25 CX(26) + OX(20) <=> OCX(25) + X(1) 0.000 -0.038
26 CO(7) + X(1) <=> COX(50) -0.003 0.051
27 CH4(2) + HOX(22) + X(1) <=> CH3X(21) + H2OX(23) -0.003 0.105
28 H2O(5) + X(1) <=> H2OX(23) -0.006 0.007
29 H2OX(23) + OX(20) <=> 2 HOX(22) 0.490 0.038
30 HOX(22) + HX(19) <=> H2OX(23) + X(1) -0.003 0.102
31 C2H4(47) + X(1) <=> C2H4X(205) 0.003 -0.009
32 C2H4(18) + X(1) <=> C2H4X(65) 0.000 0.045
33 CO2(4) + X(1) <=> CO2X(24) 0.003 0.022
34 OCX(25) + OX(20) <=> CO2X(24) + X(1) -0.006 0.003
35 CO2X(24) + HX(19) <=> HOX(22) + OCX(25) -0.003 0.013
Finished sensitivity simulation for a C/O ratio of 1.3
Finished translating for C/O ratio of 1.3
Starting sensitivity simulation for a C/O ratio of 0.8
0 CH4(2) + X(1) <=> CH4X(48) -0.000 0.044
1 O2(3) + 2 X(1) <=> 2 OX(20) -0.485 -0.117
2 H2(6) + 2 X(1) <=> 2 HX(19) -0.000 0.047
3 H(12) + X(1) <=> HX(19) 0.005 0.009
4 HX(19) + OX(20) <=> HOX(22) + X(1) 0.009 0.057
5 H2O(5) + 2 X(1) <=> HOX(22) + HX(19) 0.005 0.070
6 OH(17) + X(1) <=> HOX(22) 0.005 0.022
7 CH4(2) + 2 X(1) <=> CH3X(21) + HX(19) 0.005 0.079
8 CH4(2) + OX(20) + X(1) <=> CH3X(21) + HOX(22) -0.000 0.052
9 C2H6(8) + 2 X(1) <=> 2 CH3X(21) -0.000 0.044
10 CH3(10) + X(1) <=> CH3X(21) 0.990 -0.011
11 CH3OH(14) + 2 X(1) <=> CH3X(21) + HOX(22) 0.005 0.079
12 H2(6) + X(1) <=> H2X(49) 0.005 -0.008
13 C2H6(8) + X(1) <=> C2H6X(52) -0.000 0.044
14 CH2X(27) + HX(19) <=> CH3X(21) + X(1) -0.005 -0.018
15 CH2X(27) + HOX(22) <=> CH3X(21) + OX(20) -0.000 0.069
16 CHX(28) + HX(19) <=> CH2X(27) + X(1) -0.000 0.065
17 CHX(28) + HOX(22) <=> CH2X(27) + OX(20) 0.005 0.074
18 2 CH2X(27) <=> CH3X(21) + CHX(28) -0.000 0.087
19 CHX(28) + X(1) <=> CX(26) + HX(19) -0.000 0.113
20 CX(26) + H2(6) <=> CH2X(27) -0.000 0.074
21 CX(26) + HOX(22) <=> CHX(28) + OX(20) -0.005 0.096
22 CH3X(21) + CX(26) <=> CH2X(27) + CHX(28) 0.005 -0.008
23 CH2X(27) + CX(26) <=> 2 CHX(28) 0.005 0.074
24 CO(7) + X(1) <=> OCX(25) -0.000 0.035
25 CX(26) + OX(20) <=> OCX(25) + X(1) 0.005 -0.008
26 CO(7) + X(1) <=> COX(50) 0.005 0.074
27 CH4(2) + HOX(22) + X(1) <=> CH3X(21) + H2OX(23) -0.000 0.070
28 H2O(5) + X(1) <=> H2OX(23) 0.005 0.070
29 H2OX(23) + OX(20) <=> 2 HOX(22) 0.495 0.022
30 HOX(22) + HX(19) <=> H2OX(23) + X(1) 0.005 0.044
31 C2H4(47) + X(1) <=> C2H4X(205) -0.005 0.096
32 C2H4(18) + X(1) <=> C2H4X(65) 0.005 0.070
33 CO2(4) + X(1) <=> CO2X(24) -0.000 0.044
34 OCX(25) + OX(20) <=> CO2X(24) + X(1) -0.000 0.022
35 CO2X(24) + HX(19) <=> HOX(22) + OCX(25) -0.000 0.044
Finished sensitivity simulation for a C/O ratio of 0.8
Finished translating for C/O ratio of 0.8
Starting sensitivity simulation for a C/O ratio of 1.0
0 CH4(2) + X(1) <=> CH4X(48) -0.000 -0.075
1 O2(3) + 2 X(1) <=> 2 OX(20) -0.485 0.046
2 H2(6) + 2 X(1) <=> 2 HX(19) -0.001 -0.016
3 H(12) + X(1) <=> HX(19) -0.008 -0.049
4 HX(19) + OX(20) <=> HOX(22) + X(1) 0.012 -0.015
5 H2O(5) + 2 X(1) <=> HOX(22) + HX(19) 0.000 -0.120
6 OH(17) + X(1) <=> HOX(22) 0.004 -0.078
7 CH4(2) + 2 X(1) <=> CH3X(21) + HX(19) -0.000 -0.082
8 CH4(2) + OX(20) + X(1) <=> CH3X(21) + HOX(22) -0.000 -0.060
9 C2H6(8) + 2 X(1) <=> 2 CH3X(21) -0.004 -0.056
10 CH3(10) + X(1) <=> CH3X(21) 0.973 -0.077
11 CH3OH(14) + 2 X(1) <=> CH3X(21) + HOX(22) -0.000 -0.037
12 H2(6) + X(1) <=> H2X(49) -0.004 -0.086
13 C2H6(8) + X(1) <=> C2H6X(52) 0.000 -0.067
14 CH2X(27) + HX(19) <=> CH3X(21) + X(1) -0.012 -0.094
15 CH2X(27) + HOX(22) <=> CH3X(21) + OX(20) 0.004 -0.056
16 CHX(28) + HX(19) <=> CH2X(27) + X(1) 0.004 -0.161
17 CHX(28) + HOX(22) <=> CH2X(27) + OX(20) -0.000 -0.120
18 2 CH2X(27) <=> CH3X(21) + CHX(28) -0.004 -0.116
19 CHX(28) + X(1) <=> CX(26) + HX(19) 0.000 -0.146
20 CX(26) + H2(6) <=> CH2X(27) -0.000 -0.112
21 CX(26) + HOX(22) <=> CHX(28) + OX(20) 0.000 -0.060
22 CH3X(21) + CX(26) <=> CH2X(27) + CHX(28) 0.000 -0.079
23 CH2X(27) + CX(26) <=> 2 CHX(28) 0.000 0.007
24 CO(7) + X(1) <=> OCX(25) -0.004 -0.064
25 CX(26) + OX(20) <=> OCX(25) + X(1) -0.008 -0.056
26 CO(7) + X(1) <=> COX(50) 0.000 -0.045
27 CH4(2) + HOX(22) + X(1) <=> CH3X(21) + H2OX(23) -0.000 -0.060
28 H2O(5) + X(1) <=> H2OX(23) -0.004 0.019
29 H2OX(23) + OX(20) <=> 2 HOX(22) 0.480 -0.124
30 HOX(22) + HX(19) <=> H2OX(23) + X(1) -0.008 -0.049
31 C2H4(47) + X(1) <=> C2H4X(205) 0.000 -0.060
32 C2H4(18) + X(1) <=> C2H4X(65) 0.000 -0.060
33 CO2(4) + X(1) <=> CO2X(24) 0.000 -0.082
34 OCX(25) + OX(20) <=> CO2X(24) + X(1) 0.000 -0.082
35 CO2X(24) + HX(19) <=> HOX(22) + OCX(25) -0.000 -0.060
Finished sensitivity simulation for a C/O ratio of 1.0
Finished translating for C/O ratio of 1.0
Starting sensitivity simulation for a C/O ratio of 1.4
0 CH4(2) + X(1) <=> CH4X(48) -0.001 0.182
1 O2(3) + 2 X(1) <=> 2 OX(20) -0.484 -0.104
2 H2(6) + 2 X(1) <=> 2 HX(19) -0.004 0.106
3 H(12) + X(1) <=> HX(19) -0.003 0.122
4 HX(19) + OX(20) <=> HOX(22) + X(1) -0.002 0.144
5 H2O(5) + 2 X(1) <=> HOX(22) + HX(19) 0.000 0.128
6 OH(17) + X(1) <=> HOX(22) 0.003 0.207
7 CH4(2) + 2 X(1) <=> CH3X(21) + HX(19) 0.002 0.121
8 CH4(2) + OX(20) + X(1) <=> CH3X(21) + HOX(22) 0.002 0.087
9 C2H6(8) + 2 X(1) <=> 2 CH3X(21) -0.007 0.243
10 CH3(10) + X(1) <=> CH3X(21) 0.979 -0.125
11 CH3OH(14) + 2 X(1) <=> CH3X(21) + HOX(22) -0.002 0.205
12 H2(6) + X(1) <=> H2X(49) -0.002 0.119
13 C2H6(8) + X(1) <=> C2H6X(52) 0.002 0.093
14 CH2X(27) + HX(19) <=> CH3X(21) + X(1) -0.013 0.160
15 CH2X(27) + HOX(22) <=> CH3X(21) + OX(20) -0.006 0.116
16 CHX(28) + HX(19) <=> CH2X(27) + X(1) 0.000 0.177
17 CHX(28) + HOX(22) <=> CH2X(27) + OX(20) -0.001 0.133
18 2 CH2X(27) <=> CH3X(21) + CHX(28) -0.001 0.185
19 CHX(28) + X(1) <=> CX(26) + HX(19) 0.002 0.099
20 CX(26) + H2(6) <=> CH2X(27) -0.001 0.090
21 CX(26) + HOX(22) <=> CHX(28) + OX(20) -0.002 0.165
22 CH3X(21) + CX(26) <=> CH2X(27) + CHX(28) 0.002 0.093
23 CH2X(27) + CX(26) <=> 2 CHX(28) 0.002 0.109
24 CO(7) + X(1) <=> OCX(25) -0.004 0.200
25 CX(26) + OX(20) <=> OCX(25) + X(1) 0.000 0.171
26 CO(7) + X(1) <=> COX(50) -0.005 0.189
27 CH4(2) + HOX(22) + X(1) <=> CH3X(21) + H2OX(23) -0.001 0.124
28 H2O(5) + X(1) <=> H2OX(23) 0.000 0.241
29 H2OX(23) + OX(20) <=> 2 HOX(22) 0.480 -0.129
30 HOX(22) + HX(19) <=> H2OX(23) + X(1) 0.000 0.174
31 C2H4(47) + X(1) <=> C2H4X(205) -0.002 0.165
32 C2H4(18) + X(1) <=> C2H4X(65) -0.004 0.063
33 CO2(4) + X(1) <=> CO2X(24) -0.002 0.153
34 OCX(25) + OX(20) <=> CO2X(24) + X(1) -0.001 0.176
35 CO2X(24) + HX(19) <=> HOX(22) + OCX(25) -0.004 0.130
Finished sensitivity simulation for a C/O ratio of 1.4
Finished translating for C/O ratio of 1.4
Starting sensitivity simulation for a C/O ratio of 0.7
0 CH4(2) + X(1) <=> CH4X(48) -0.005 0.048
1 O2(3) + 2 X(1) <=> 2 OX(20) -0.495 0.333
2 H2(6) + 2 X(1) <=> 2 HX(19) -0.016 0.003
3 H(12) + X(1) <=> HX(19) -0.021 0.015
4 HX(19) + OX(20) <=> HOX(22) + X(1) -0.015 -0.003
5 H2O(5) + 2 X(1) <=> HOX(22) + HX(19) -0.015 0.047
6 OH(17) + X(1) <=> HOX(22) -0.010 0.076
7 CH4(2) + 2 X(1) <=> CH3X(21) + HX(19) -0.015 -0.022
8 CH4(2) + OX(20) + X(1) <=> CH3X(21) + HOX(22) -0.015 0.121
9 C2H6(8) + 2 X(1) <=> 2 CH3X(21) -0.010 0.052
10 CH3(10) + X(1) <=> CH3X(21) 0.984 -0.282
11 CH3OH(14) + 2 X(1) <=> CH3X(21) + HOX(22) -0.010 0.050
12 H2(6) + X(1) <=> H2X(49) -0.015 0.064
13 C2H6(8) + X(1) <=> C2H6X(52) -0.015 0.004
14 CH2X(27) + HX(19) <=> CH3X(21) + X(1) -0.025 -0.013
15 CH2X(27) + HOX(22) <=> CH3X(21) + OX(20) -0.010 0.052
16 CHX(28) + HX(19) <=> CH2X(27) + X(1) -0.005 0.036
17 CHX(28) + HOX(22) <=> CH2X(27) + OX(20) -0.021 0.025
18 2 CH2X(27) <=> CH3X(21) + CHX(28) -0.015 0.009
19 CHX(28) + X(1) <=> CX(26) + HX(19) -0.010 0.124
20 CX(26) + H2(6) <=> CH2X(27) -0.010 0.024
21 CX(26) + HOX(22) <=> CHX(28) + OX(20) -0.010 0.050
22 CH3X(21) + CX(26) <=> CH2X(27) + CHX(28) -0.010 0.050
23 CH2X(27) + CX(26) <=> 2 CHX(28) -0.015 -0.003
24 CO(7) + X(1) <=> OCX(25) -0.010 0.007
25 CX(26) + OX(20) <=> OCX(25) + X(1) -0.010 0.004
26 CO(7) + X(1) <=> COX(50) -0.015 -0.020
27 CH4(2) + HOX(22) + X(1) <=> CH3X(21) + H2OX(23) -0.010 -0.034
28 H2O(5) + X(1) <=> H2OX(23) -0.021 0.025
29 H2OX(23) + OX(20) <=> 2 HOX(22) 0.485 -0.037
30 HOX(22) + HX(19) <=> H2OX(23) + X(1) -0.015 0.057
31 C2H4(47) + X(1) <=> C2H4X(205) -0.010 0.050
32 C2H4(18) + X(1) <=> C2H4X(65) -0.015 0.081
33 CO2(4) + X(1) <=> CO2X(24) -0.010 0.002
34 OCX(25) + OX(20) <=> CO2X(24) + X(1) -0.015 0.004
35 CO2X(24) + HX(19) <=> HOX(22) + OCX(25) -0.005 0.096
Finished sensitivity simulation for a C/O ratio of 0.7
Finished translating for C/O ratio of 0.7
Starting sensitivity simulation for a C/O ratio of 1.2
0 CH4(2) + X(1) <=> CH4X(48) -0.000 -0.020
1 O2(3) + 2 X(1) <=> 2 OX(20) -0.482 -0.039
2 H2(6) + 2 X(1) <=> 2 HX(19) -0.004 -0.028
3 H(12) + X(1) <=> HX(19) -0.007 -0.013
4 HX(19) + OX(20) <=> HOX(22) + X(1) -0.007 -0.010
5 H2O(5) + 2 X(1) <=> HOX(22) + HX(19) -0.003 -0.023
6 OH(17) + X(1) <=> HOX(22) -0.007 -0.040
7 CH4(2) + 2 X(1) <=> CH3X(21) + HX(19) -0.003 -0.013
8 CH4(2) + OX(20) + X(1) <=> CH3X(21) + HOX(22) -0.007 -0.000
9 C2H6(8) + 2 X(1) <=> 2 CH3X(21) -0.010 -0.020
10 CH3(10) + X(1) <=> CH3X(21) 0.978 -0.103
11 CH3OH(14) + 2 X(1) <=> CH3X(21) + HOX(22) -0.007 -0.010
12 H2(6) + X(1) <=> H2X(49) -0.007 -0.060
13 C2H6(8) + X(1) <=> C2H6X(52) -0.010 0.023
14 CH2X(27) + HX(19) <=> CH3X(21) + X(1) -0.017 -0.107
15 CH2X(27) + HOX(22) <=> CH3X(21) + OX(20) -0.004 0.013
16 CHX(28) + HX(19) <=> CH2X(27) + X(1) -0.007 -0.020
17 CHX(28) + HOX(22) <=> CH2X(27) + OX(20) -0.007 -0.020
18 2 CH2X(27) <=> CH3X(21) + CHX(28) -0.010 0.003
19 CHX(28) + X(1) <=> CX(26) + HX(19) -0.007 -0.043
20 CX(26) + H2(6) <=> CH2X(27) -0.003 -0.013
21 CX(26) + HOX(22) <=> CHX(28) + OX(20) -0.003 0.010
22 CH3X(21) + CX(26) <=> CH2X(27) + CHX(28) -0.010 0.003
23 CH2X(27) + CX(26) <=> 2 CHX(28) -0.007 -0.010
24 CO(7) + X(1) <=> OCX(25) -0.007 -0.037
25 CX(26) + OX(20) <=> OCX(25) + X(1) -0.003 0.003
26 CO(7) + X(1) <=> COX(50) -0.000 -0.003
27 CH4(2) + HOX(22) + X(1) <=> CH3X(21) + H2OX(23) -0.003 -0.050
28 H2O(5) + X(1) <=> H2OX(23) -0.000 -0.003
29 H2OX(23) + OX(20) <=> 2 HOX(22) 0.476 -0.116
30 HOX(22) + HX(19) <=> H2OX(23) + X(1) -0.007 -0.020
31 C2H4(47) + X(1) <=> C2H4X(205) -0.003 0.010
32 C2H4(18) + X(1) <=> C2H4X(65) -0.003 0.010
33 CO2(4) + X(1) <=> CO2X(24) -0.010 0.007
34 OCX(25) + OX(20) <=> CO2X(24) + X(1) -0.010 0.003
35 CO2X(24) + HX(19) <=> HOX(22) + OCX(25) -0.010 0.007
Finished sensitivity simulation for a C/O ratio of 1.2
Finished translating for C/O ratio of 1.2
Starting sensitivity simulation for a C/O ratio of 1.8
0 CH4(2) + X(1) <=> CH4X(48) -0.006 0.050
1 O2(3) + 2 X(1) <=> 2 OX(20) -0.476 0.059
2 H2(6) + 2 X(1) <=> 2 HX(19) -0.003 0.005
3 H(12) + X(1) <=> HX(19) -0.004 0.010
4 HX(19) + OX(20) <=> HOX(22) + X(1) -0.004 0.002
5 H2O(5) + 2 X(1) <=> HOX(22) + HX(19) -0.002 -0.066
6 OH(17) + X(1) <=> HOX(22) 0.001 0.001
7 CH4(2) + 2 X(1) <=> CH3X(21) + HX(19) -0.001 0.009
8 CH4(2) + OX(20) + X(1) <=> CH3X(21) + HOX(22) -0.006 0.050
9 C2H6(8) + 2 X(1) <=> 2 CH3X(21) -0.002 -0.002
10 CH3(10) + X(1) <=> CH3X(21) 0.979 0.310
11 CH3OH(14) + 2 X(1) <=> CH3X(21) + HOX(22) -0.004 0.026
12 H2(6) + X(1) <=> H2X(49) -0.004 -0.112
13 C2H6(8) + X(1) <=> C2H6X(52) -0.001 -0.059
14 CH2X(27) + HX(19) <=> CH3X(21) + X(1) -0.021 -0.071
15 CH2X(27) + HOX(22) <=> CH3X(21) + OX(20) -0.002 -0.002
16 CHX(28) + HX(19) <=> CH2X(27) + X(1) -0.004 -0.012
17 CHX(28) + HOX(22) <=> CH2X(27) + OX(20) -0.002 0.032
18 2 CH2X(27) <=> CH3X(21) + CHX(28) -0.005 0.027
19 CHX(28) + X(1) <=> CX(26) + HX(19) -0.001 -0.001
20 CX(26) + H2(6) <=> CH2X(27) -0.002 0.053
21 CX(26) + HOX(22) <=> CHX(28) + OX(20) -0.005 0.011
22 CH3X(21) + CX(26) <=> CH2X(27) + CHX(28) -0.005 0.051
23 CH2X(27) + CX(26) <=> 2 CHX(28) -0.002 -0.002
24 CO(7) + X(1) <=> OCX(25) -0.002 0.125
25 CX(26) + OX(20) <=> OCX(25) + X(1) 0.003 -0.024
26 CO(7) + X(1) <=> COX(50) 0.000 0.090
27 CH4(2) + HOX(22) + X(1) <=> CH3X(21) + H2OX(23) -0.000 0.008
28 H2O(5) + X(1) <=> H2OX(23) -0.001 -0.001
29 H2OX(23) + OX(20) <=> 2 HOX(22) 0.479 -0.024
30 HOX(22) + HX(19) <=> H2OX(23) + X(1) -0.004 -0.083
31 C2H4(47) + X(1) <=> C2H4X(205) -0.005 0.011
32 C2H4(18) + X(1) <=> C2H4X(65) -0.004 -0.006
33 CO2(4) + X(1) <=> CO2X(24) -0.001 0.009
34 OCX(25) + OX(20) <=> CO2X(24) + X(1) -0.001 -0.022
35 CO2X(24) + HX(19) <=> HOX(22) + OCX(25) -0.006 0.010
Finished sensitivity simulation for a C/O ratio of 1.8
Finished translating for C/O ratio of 1.8
Starting sensitivity simulation for a C/O ratio of 2.4
0 CH4(2) + X(1) <=> CH4X(48) -0.000 -0.074
1 O2(3) + 2 X(1) <=> 2 OX(20) -0.465 -0.006
2 H2(6) + 2 X(1) <=> 2 HX(19) 0.006 0.001
3 H(12) + X(1) <=> HX(19) -0.000 -0.069
4 HX(19) + OX(20) <=> HOX(22) + X(1) -0.001 -0.056
5 H2O(5) + 2 X(1) <=> HOX(22) + HX(19) 0.003 -0.029
6 OH(17) + X(1) <=> HOX(22) -0.001 -0.042
7 CH4(2) + 2 X(1) <=> CH3X(21) + HX(19) -0.001 -0.042
8 CH4(2) + OX(20) + X(1) <=> CH3X(21) + HOX(22) -0.002 -0.057
9 C2H6(8) + 2 X(1) <=> 2 CH3X(21) -0.001 -0.056
10 CH3(10) + X(1) <=> CH3X(21) 0.973 -0.091
11 CH3OH(14) + 2 X(1) <=> CH3X(21) + HOX(22) 0.002 -0.021
12 H2(6) + X(1) <=> H2X(49) -0.001 -0.056
13 C2H6(8) + X(1) <=> C2H6X(52) 0.001 -0.017
14 CH2X(27) + HX(19) <=> CH3X(21) + X(1) -0.020 -0.053
15 CH2X(27) + HOX(22) <=> CH3X(21) + OX(20) 0.001 -0.027
16 CHX(28) + HX(19) <=> CH2X(27) + X(1) 0.002 -0.044
17 CHX(28) + HOX(22) <=> CH2X(27) + OX(20) -0.000 -0.069
18 2 CH2X(27) <=> CH3X(21) + CHX(28) 0.002 -0.017
19 CHX(28) + X(1) <=> CX(26) + HX(19) 0.001 -0.017
20 CX(26) + H2(6) <=> CH2X(27) -0.001 0.008
21 CX(26) + HOX(22) <=> CHX(28) + OX(20) 0.000 -0.083
22 CH3X(21) + CX(26) <=> CH2X(27) + CHX(28) 0.003 -0.057
23 CH2X(27) + CX(26) <=> 2 CHX(28) 0.003 -0.029
24 CO(7) + X(1) <=> OCX(25) -0.001 -0.042
25 CX(26) + OX(20) <=> OCX(25) + X(1) 0.001 -0.027
26 CO(7) + X(1) <=> COX(50) -0.001 -0.056
27 CH4(2) + HOX(22) + X(1) <=> CH3X(21) + H2OX(23) -0.001 -0.056
28 H2O(5) + X(1) <=> H2OX(23) 0.004 -0.065
29 H2OX(23) + OX(20) <=> 2 HOX(22) 0.477 -0.088
30 HOX(22) + HX(19) <=> H2OX(23) + X(1) -0.000 -0.069
31 C2H4(47) + X(1) <=> C2H4X(205) 0.003 -0.057
32 C2H4(18) + X(1) <=> C2H4X(65) -0.001 -0.056
33 CO2(4) + X(1) <=> CO2X(24) -0.000 -0.069
34 OCX(25) + OX(20) <=> CO2X(24) + X(1) 0.003 -0.057
35 CO2X(24) + HX(19) <=> HOX(22) + OCX(25) -0.001 -0.084
Finished sensitivity simulation for a C/O ratio of 2.4
Finished translating for C/O ratio of 2.4
Starting sensitivity simulation for a C/O ratio of 2.2
0 CH4(2) + X(1) <=> CH4X(48) -0.000 0.045
1 O2(3) + 2 X(1) <=> 2 OX(20) -0.473 0.173
2 H2(6) + 2 X(1) <=> 2 HX(19) -0.003 0.287
3 H(12) + X(1) <=> HX(19) -0.003 0.136
4 HX(19) + OX(20) <=> HOX(22) + X(1) -0.002 0.031
5 H2O(5) + 2 X(1) <=> HOX(22) + HX(19) -0.002 0.163
6 OH(17) + X(1) <=> HOX(22) -0.004 0.238
7 CH4(2) + 2 X(1) <=> CH3X(21) + HX(19) -0.001 0.080
8 CH4(2) + OX(20) + X(1) <=> CH3X(21) + HOX(22) -0.005 0.045
9 C2H6(8) + 2 X(1) <=> 2 CH3X(21) -0.003 -0.006
10 CH3(10) + X(1) <=> CH3X(21) 0.972 0.118
11 CH3OH(14) + 2 X(1) <=> CH3X(21) + HOX(22) -0.006 0.152
12 H2(6) + X(1) <=> H2X(49) -0.002 0.149
13 C2H6(8) + X(1) <=> C2H6X(52) -0.003 0.152
14 CH2X(27) + HX(19) <=> CH3X(21) + X(1) -0.025 0.140
15 CH2X(27) + HOX(22) <=> CH3X(21) + OX(20) -0.005 -0.010
16 CHX(28) + HX(19) <=> CH2X(27) + X(1) -0.002 -0.069
17 CHX(28) + HOX(22) <=> CH2X(27) + OX(20) -0.002 0.110
18 2 CH2X(27) <=> CH3X(21) + CHX(28) -0.003 0.145
19 CHX(28) + X(1) <=> CX(26) + HX(19) 0.001 0.068
20 CX(26) + H2(6) <=> CH2X(27) -0.001 0.059
21 CX(26) + HOX(22) <=> CHX(28) + OX(20) -0.003 0.136
22 CH3X(21) + CX(26) <=> CH2X(27) + CHX(28) -0.003 0.018
23 CH2X(27) + CX(26) <=> 2 CHX(28) -0.004 0.075
24 CO(7) + X(1) <=> OCX(25) -0.004 0.099
25 CX(26) + OX(20) <=> OCX(25) + X(1) -0.003 0.035
26 CO(7) + X(1) <=> COX(50) -0.006 0.099
27 CH4(2) + HOX(22) + X(1) <=> CH3X(21) + H2OX(23) -0.002 0.192
28 H2O(5) + X(1) <=> H2OX(23) -0.002 0.086
29 H2OX(23) + OX(20) <=> 2 HOX(22) 0.474 0.109
30 HOX(22) + HX(19) <=> H2OX(23) + X(1) -0.000 0.211
31 C2H4(47) + X(1) <=> C2H4X(205) -0.003 0.136
32 C2H4(18) + X(1) <=> C2H4X(65) -0.003 0.107
33 CO2(4) + X(1) <=> CO2X(24) -0.002 0.115
34 OCX(25) + OX(20) <=> CO2X(24) + X(1) -0.002 0.019
35 CO2X(24) + HX(19) <=> HOX(22) + OCX(25) -0.000 0.242
Finished sensitivity simulation for a C/O ratio of 2.2
Finished translating for C/O ratio of 2.2
Starting sensitivity simulation for a C/O ratio of 2.6
0 CH4(2) + X(1) <=> CH4X(48) 0.003 0.145
1 O2(3) + 2 X(1) <=> 2 OX(20) -0.461 0.084
2 H2(6) + 2 X(1) <=> 2 HX(19) 0.001 0.010
3 H(12) + X(1) <=> HX(19) 0.002 0.117
4 HX(19) + OX(20) <=> HOX(22) + X(1) 0.001 -0.128
5 H2O(5) + 2 X(1) <=> HOX(22) + HX(19) 0.001 0.077
6 OH(17) + X(1) <=> HOX(22) 0.001 0.037
7 CH4(2) + 2 X(1) <=> CH3X(21) + HX(19) 0.004 0.093
8 CH4(2) + OX(20) + X(1) <=> CH3X(21) + HOX(22) -0.001 0.115
9 C2H6(8) + 2 X(1) <=> 2 CH3X(21) 0.000 0.040
10 CH3(10) + X(1) <=> CH3X(21) 0.973 0.036
11 CH3OH(14) + 2 X(1) <=> CH3X(21) + HOX(22) 0.003 0.034
12 H2(6) + X(1) <=> H2X(49) 0.001 0.143
13 C2H6(8) + X(1) <=> C2H6X(52) 0.005 0.014
14 CH2X(27) + HX(19) <=> CH3X(21) + X(1) -0.023 0.092
15 CH2X(27) + HOX(22) <=> CH3X(21) + OX(20) 0.004 0.035
16 CHX(28) + HX(19) <=> CH2X(27) + X(1) 0.003 -0.046
17 CHX(28) + HOX(22) <=> CH2X(27) + OX(20) 0.003 0.172
18 2 CH2X(27) <=> CH3X(21) + CHX(28) 0.002 0.117
19 CHX(28) + X(1) <=> CX(26) + HX(19) 0.001 0.045
20 CX(26) + H2(6) <=> CH2X(27) 0.001 0.170
21 CX(26) + HOX(22) <=> CHX(28) + OX(20) 0.002 0.144
22 CH3X(21) + CX(26) <=> CH2X(27) + CHX(28) 0.005 0.142
23 CH2X(27) + CX(26) <=> 2 CHX(28) 0.003 0.189
24 CO(7) + X(1) <=> OCX(25) 0.002 0.073
25 CX(26) + OX(20) <=> OCX(25) + X(1) 0.004 0.048
26 CO(7) + X(1) <=> COX(50) 0.002 -0.003
27 CH4(2) + HOX(22) + X(1) <=> CH3X(21) + H2OX(23) 0.003 -0.024
28 H2O(5) + X(1) <=> H2OX(23) 0.001 0.076
29 H2OX(23) + OX(20) <=> 2 HOX(22) 0.477 0.031
30 HOX(22) + HX(19) <=> H2OX(23) + X(1) 0.002 -0.003
31 C2H4(47) + X(1) <=> C2H4X(205) 0.002 0.144
32 C2H4(18) + X(1) <=> C2H4X(65) -0.001 0.061
33 CO2(4) + X(1) <=> CO2X(24) 0.003 -0.037
34 OCX(25) + OX(20) <=> CO2X(24) + X(1) 0.000 0.115
35 CO2X(24) + HX(19) <=> HOX(22) + OCX(25) 0.004 -0.019
Finished sensitivity simulation for a C/O ratio of 2.6
Finished translating for C/O ratio of 2.6
Starting sensitivity simulation for a C/O ratio of 2.0
0 CH4(2) + X(1) <=> CH4X(48) -0.005 0.018
1 O2(3) + 2 X(1) <=> 2 OX(20) -0.468 -0.132
2 H2(6) + 2 X(1) <=> 2 HX(19) -0.006 0.037
3 H(12) + X(1) <=> HX(19) -0.005 -0.042
4 HX(19) + OX(20) <=> HOX(22) + X(1) -0.006 -0.011
5 H2O(5) + 2 X(1) <=> HOX(22) + HX(19) -0.000 -0.078
6 OH(17) + X(1) <=> HOX(22) -0.003 0.067
7 CH4(2) + 2 X(1) <=> CH3X(21) + HX(19) -0.003 0.017
8 CH4(2) + OX(20) + X(1) <=> CH3X(21) + HOX(22) -0.002 0.003
9 C2H6(8) + 2 X(1) <=> 2 CH3X(21) -0.001 0.067
10 CH3(10) + X(1) <=> CH3X(21) 0.974 0.052
11 CH3OH(14) + 2 X(1) <=> CH3X(21) + HOX(22) -0.003 -0.021
12 H2(6) + X(1) <=> H2X(49) -0.002 0.066
13 C2H6(8) + X(1) <=> C2H6X(52) -0.006 0.032
14 CH2X(27) + HX(19) <=> CH3X(21) + X(1) -0.023 -0.036
15 CH2X(27) + HOX(22) <=> CH3X(21) + OX(20) -0.003 -0.061
16 CHX(28) + HX(19) <=> CH2X(27) + X(1) -0.005 -0.040
17 CHX(28) + HOX(22) <=> CH2X(27) + OX(20) -0.006 -0.046
18 2 CH2X(27) <=> CH3X(21) + CHX(28) -0.001 0.029
19 CHX(28) + X(1) <=> CX(26) + HX(19) 0.001 0.079
20 CX(26) + H2(6) <=> CH2X(27) -0.005 -0.010
21 CX(26) + HOX(22) <=> CHX(28) + OX(20) -0.001 -0.019
22 CH3X(21) + CX(26) <=> CH2X(27) + CHX(28) -0.001 -0.034
23 CH2X(27) + CX(26) <=> 2 CHX(28) -0.005 -0.075
24 CO(7) + X(1) <=> OCX(25) -0.001 -0.072
25 CX(26) + OX(20) <=> OCX(25) + X(1) -0.005 0.016
26 CO(7) + X(1) <=> COX(50) -0.002 -0.060
27 CH4(2) + HOX(22) + X(1) <=> CH3X(21) + H2OX(23) -0.002 -0.022
28 H2O(5) + X(1) <=> H2OX(23) -0.003 -0.039
29 H2OX(23) + OX(20) <=> 2 HOX(22) 0.474 -0.264
30 HOX(22) + HX(19) <=> H2OX(23) + X(1) -0.003 -0.008
31 C2H4(47) + X(1) <=> C2H4X(205) -0.001 -0.019
32 C2H4(18) + X(1) <=> C2H4X(65) -0.002 -0.007
33 CO2(4) + X(1) <=> CO2X(24) -0.003 -0.011
34 OCX(25) + OX(20) <=> CO2X(24) + X(1) -0.002 -0.083
35 CO2X(24) + HX(19) <=> HOX(22) + OCX(25) -0.005 0.006
Finished sensitivity simulation for a C/O ratio of 2.0
Finished translating for C/O ratio of 2.0
