This mechanism contains 38 gas reactions and 41 surface reactions
  distance(mm)   X_CH4        X_O2        X_H2       X_CO       X_H2O       X_CO2
Finished simulation at a C/O ratio of 0.9
  distance(mm)   X_CH4        X_O2        X_H2       X_CO       X_H2O       X_CO2
Finished simulation at a C/O ratio of 1.2
  distance(mm)   X_CH4        X_O2        X_H2       X_CO       X_H2O       X_CO2
Finished simulation at a C/O ratio of 1.3
  distance(mm)   X_CH4        X_O2        X_H2       X_CO       X_H2O       X_CO2
Finished simulation at a C/O ratio of 0.7
  distance(mm)   X_CH4        X_O2        X_H2       X_CO       X_H2O       X_CO2
Finished simulation at a C/O ratio of 1.8
  distance(mm)   X_CH4        X_O2        X_H2       X_CO       X_H2O       X_CO2
Finished simulation at a C/O ratio of 2.2
  distance(mm)   X_CH4        X_O2        X_H2       X_CO       X_H2O       X_CO2
Finished simulation at a C/O ratio of 1.1
  distance(mm)   X_CH4        X_O2        X_H2       X_CO       X_H2O       X_CO2
Finished simulation at a C/O ratio of 1.0
  distance(mm)   X_CH4        X_O2        X_H2       X_CO       X_H2O       X_CO2
Finished simulation at a C/O ratio of 2.6
  distance(mm)   X_CH4        X_O2        X_H2       X_CO       X_H2O       X_CO2
Finished simulation at a C/O ratio of 2.0
  distance(mm)   X_CH4        X_O2        X_H2       X_CO       X_H2O       X_CO2
Finished simulation at a C/O ratio of 0.6
  distance(mm)   X_CH4        X_O2        X_H2       X_CO       X_H2O       X_CO2
Finished simulation at a C/O ratio of 2.4
  distance(mm)   X_CH4        X_O2        X_H2       X_CO       X_H2O       X_CO2
Finished simulation at a C/O ratio of 1.4
  distance(mm)   X_CH4        X_O2        X_H2       X_CO       X_H2O       X_CO2
Finished simulation at a C/O ratio of 0.8
  distance(mm)   X_CH4        X_O2        X_H2       X_CO       X_H2O       X_CO2
Finished simulation at a C/O ratio of 1.6
Starting sensitivity simulation for a C/O ratio of 0.9
float division by zero
Starting sensitivity simulation for a C/O ratio of 1.6
float division by zero
Starting sensitivity simulation for a C/O ratio of 2.0
0 CH4(2) + X(1) <=> CH4X(48) 10.738 0.000
1 O2(3) + 2 X(1) <=> 2 OX(20) 9.588 0.751
2 H2(6) + 2 X(1) <=> 2 HX(19) 16.874 -0.001
3 H(12) + X(1) <=> HX(19) 6.338 -0.000
4 HX(19) + OX(20) <=> HOX(22) + X(1) 11.333 -0.000
5 H2O(5) + 2 X(1) <=> HOX(22) + HX(19) 8.276 -0.000
6 OH(17) + X(1) <=> HOX(22) 13.636 0.000
7 CH4(2) + 2 X(1) <=> CH3X(21) + HX(19) 2.920 0.000
8 CH4(2) + OX(20) + X(1) <=> CH3X(21) + HOX(22) 10.738 0.000
9 C2H6(8) + 2 X(1) <=> 2 CH3X(21) 2.920 -0.000
10 CH3(10) + X(1) <=> CH3X(21) 10.467 -0.303
11 CH3OH(14) + 2 X(1) <=> CH3X(21) + HOX(22) 13.636 -0.000
12 CH2X(27) + HX(19) <=> CH3X(21) + X(1) 20.354 -0.606
13 CH2X(27) + HOX(22) <=> CH3X(21) + OX(20) 15.822 -0.001
14 CHX(28) + HX(19) <=> CH2X(27) + X(1) 17.901 -0.000
15 CHX(28) + HOX(22) <=> CH2X(27) + OX(20) 16.352 -0.000
16 2 CH2X(27) <=> CH3X(21) + CHX(28) 2.206 -0.000
17 CHX(28) + X(1) <=> CX(26) + HX(19) 6.338 0.000
18 CX(26) + H2(6) <=> CH2X(27) 5.674 0.000
19 CX(26) + HOX(22) <=> CHX(28) + OX(20) 8.276 0.000
20 CH3X(21) + CX(26) <=> CH2X(27) + CHX(28) 15.823 0.000
21 CH2X(27) + CX(26) <=> 2 CHX(28) 20.359 -0.000
22 CO(7) + X(1) <=> OCX(25) 5.674 0.000
23 CX(26) + OX(20) <=> OCX(25) + X(1) 15.823 0.000
24 H2(6) + X(1) <=> H2X(49) 6.338 0.000
25 CO(7) + X(1) <=> COX(50) 2.920 -0.000
26 CH4(2) + HOX(22) + X(1) <=> CH3X(21) + H2OX(23) 13.636 -0.000
27 H2O(5) + X(1) <=> H2OX(23) 5.673 -0.000
28 H2OX(23) + OX(20) <=> 2 HOX(22) 1.762 -0.454
29 HOX(22) + HX(19) <=> H2OX(23) + X(1) 11.333 0.000
30 CH2O(9) + 2 X(1) <=> CHOX(53) + HX(19) 5.674 0.000
31 HCO(15) + X(1) <=> CHOX(53) 18.405 0.000
32 CH3CHO(16) + 2 X(1) <=> CH3X(21) + CHOX(53) 6.338 0.000
33 CHOX(53) + X(1) <=> HX(19) + OCX(25) 5.674 0.000
34 HOX(22) + OCX(25) <=> CHOX(53) + OX(20) 5.674 0.000
35 CH2X(27) + CHOX(53) <=> CH3X(21) + OCX(25) 2.920 0.000
36 CHOX(53) + CHX(28) <=> CH2X(27) + OCX(25) 11.921 0.000
37 CHOX(53) + CX(26) <=> CHX(28) + OCX(25) 8.276 0.000
38 CO2(4) + X(1) <=> CO2X(24) 10.738 0.000
39 OCX(25) + OX(20) <=> CO2X(24) + X(1) 11.333 0.000
40 CO2X(24) + HX(19) <=> HOX(22) + OCX(25) 16.352 0.000
Finished sensitivity simulation for a C/O ratio of 2.0
Finished translating for C/O ratio of 2.0
Starting sensitivity simulation for a C/O ratio of 0.8
0 CH4(2) + X(1) <=> CH4X(48) -15.063 -0.000
1 O2(3) + 2 X(1) <=> 2 OX(20) -2.443 0.537
2 H2(6) + 2 X(1) <=> 2 HX(19) -23.319 -0.000
3 H(12) + X(1) <=> HX(19) -9.127 -0.000
4 HX(19) + OX(20) <=> HOX(22) + X(1) -6.589 0.000
5 H2O(5) + 2 X(1) <=> HOX(22) + HX(19) -22.222 0.000
6 OH(17) + X(1) <=> HOX(22) -23.318 -0.000
7 CH4(2) + 2 X(1) <=> CH3X(21) + HX(19) -15.063 -0.000
8 CH4(2) + OX(20) + X(1) <=> CH3X(21) + HOX(22) -26.147 -0.000
9 C2H6(8) + 2 X(1) <=> 2 CH3X(21) -34.804 -0.000
10 CH3(10) + X(1) <=> CH3X(21) -59.813 -24.364
11 CH3OH(14) + 2 X(1) <=> CH3X(21) + HOX(22) -15.546 -0.000
12 CH2X(27) + HX(19) <=> CH3X(21) + X(1) -15.562 -0.434
13 CH2X(27) + HOX(22) <=> CH3X(21) + OX(20) -15.064 -0.001
14 CHX(28) + HX(19) <=> CH2X(27) + X(1) -22.222 -0.000
15 CHX(28) + HOX(22) <=> CH2X(27) + OX(20) -6.178 -0.000
16 2 CH2X(27) <=> CH3X(21) + CHX(28) -21.533 -2.529
17 CHX(28) + X(1) <=> CX(26) + HX(19) -4.563 -0.000
18 CX(26) + H2(6) <=> CH2X(27) -32.212 -0.000
19 CX(26) + HOX(22) <=> CHX(28) + OX(20) 0.362 -0.000
20 CH3X(21) + CX(26) <=> CH2X(27) + CHX(28) -23.874 -0.000
21 CH2X(27) + CX(26) <=> 2 CHX(28) -26.728 -0.000
22 CO(7) + X(1) <=> OCX(25) -2.996 -0.000
23 CX(26) + OX(20) <=> OCX(25) + X(1) -19.565 0.000
24 H2(6) + X(1) <=> H2X(49) -9.127 -0.000
25 CO(7) + X(1) <=> COX(50) -15.546 -0.000
26 CH4(2) + HOX(22) + X(1) <=> CH3X(21) + H2OX(23) -25.000 -0.000
27 H2O(5) + X(1) <=> H2OX(23) -8.268 -0.000
28 H2OX(23) + OX(20) <=> 2 HOX(22) -19.435 -0.325
29 HOX(22) + HX(19) <=> H2OX(23) + X(1) -6.178 -0.000
30 CH2O(9) + 2 X(1) <=> CHOX(53) + HX(19) -14.108 0.000
31 HCO(15) + X(1) <=> CHOX(53) -19.565 -0.000
32 CH3CHO(16) + 2 X(1) <=> CH3X(21) + CHOX(53) -15.063 0.000
33 CHOX(53) + X(1) <=> HX(19) + OCX(25) -27.907 -0.000
34 HOX(22) + OCX(25) <=> CHOX(53) + OX(20) -25.000 -0.000
35 CH2X(27) + CHOX(53) <=> CH3X(21) + OCX(25) -19.565 -0.000
36 CHOX(53) + CHX(28) <=> CH2X(27) + OCX(25) 12.141 0.000
37 CHOX(53) + CX(26) <=> CHX(28) + OCX(25) -13.636 -0.000
38 CO2(4) + X(1) <=> CO2X(24) -19.565 -0.000
39 OCX(25) + OX(20) <=> CO2X(24) + X(1) -30.332 0.000
40 CO2X(24) + HX(19) <=> HOX(22) + OCX(25) -23.874 0.000
Finished sensitivity simulation for a C/O ratio of 0.8
Finished translating for C/O ratio of 0.8
Starting sensitivity simulation for a C/O ratio of 1.0
0 CH4(2) + X(1) <=> CH4X(48) 1.796 0.000
1 O2(3) + 2 X(1) <=> 2 OX(20) 7.364 0.586
2 H2(6) + 2 X(1) <=> 2 HX(19) 7.344 -0.000
3 H(12) + X(1) <=> HX(19) 1.796 -0.000
4 HX(19) + OX(20) <=> HOX(22) + X(1) 1.205 0.000
5 H2O(5) + 2 X(1) <=> HOX(22) + HX(19) 0.606 -0.000
6 OH(17) + X(1) <=> HOX(22) 1.796 -0.000
7 CH4(2) + 2 X(1) <=> CH3X(21) + HX(19) 13.228 -0.000
8 CH4(2) + OX(20) + X(1) <=> CH3X(21) + HOX(22) -7.190 -0.000
9 C2H6(8) + 2 X(1) <=> 2 CH3X(21) 5.747 -0.000
10 CH3(10) + X(1) <=> CH3X(21) -1.474 -0.236
11 CH3OH(14) + 2 X(1) <=> CH3X(21) + HOX(22) -5.128 -0.000
12 CH2X(27) + HX(19) <=> CH3X(21) + X(1) 3.640 -0.473
13 CH2X(27) + HOX(22) <=> CH3X(21) + OX(20) -1.865 -0.001
14 CHX(28) + HX(19) <=> CH2X(27) + X(1) 2.959 -0.000
15 CHX(28) + HOX(22) <=> CH2X(27) + OX(20) -1.235 -0.000
16 2 CH2X(27) <=> CH3X(21) + CHX(28) 8.889 0.000
17 CHX(28) + X(1) <=> CX(26) + HX(19) -0.614 -0.000
18 CX(26) + H2(6) <=> CH2X(27) 7.345 -0.000
19 CX(26) + HOX(22) <=> CHX(28) + OX(20) 6.818 0.000
20 CH3X(21) + CX(26) <=> CH2X(27) + CHX(28) -21.481 0.000
21 CH2X(27) + CX(26) <=> 2 CHX(28) -5.806 -0.000
22 CO(7) + X(1) <=> OCX(25) 7.345 -0.000
23 CX(26) + OX(20) <=> OCX(25) + X(1) 3.529 0.000
24 H2(6) + X(1) <=> H2X(49) 3.529 -0.000
25 CO(7) + X(1) <=> COX(50) -5.128 -0.000
26 CH4(2) + HOX(22) + X(1) <=> CH3X(21) + H2OX(23) -7.190 -0.000
27 H2O(5) + X(1) <=> H2OX(23) -1.864 -0.000
28 H2OX(23) + OX(20) <=> 2 HOX(22) 3.754 -0.354
29 HOX(22) + HX(19) <=> H2OX(23) + X(1) 2.959 -0.000
30 CH2O(9) + 2 X(1) <=> CHOX(53) + HX(19) -3.797 -0.000
31 HCO(15) + X(1) <=> CHOX(53) 9.392 -0.000
32 CH3CHO(16) + 2 X(1) <=> CH3X(21) + CHOX(53) -0.613 -0.000
33 CHOX(53) + X(1) <=> HX(19) + OCX(25) 10.870 0.000
34 HOX(22) + OCX(25) <=> CHOX(53) + OX(20) 2.959 -0.000
35 CH2X(27) + CHOX(53) <=> CH3X(21) + OCX(25) 6.818 -0.000
36 CHOX(53) + CHX(28) <=> CH2X(27) + OCX(25) -7.190 0.000
37 CHOX(53) + CX(26) <=> CHX(28) + OCX(25) 1.796 -0.000
38 CO2(4) + X(1) <=> CO2X(24) 2.959 -0.000
39 OCX(25) + OX(20) <=> CO2X(24) + X(1) -19.708 0.000
40 CO2X(24) + HX(19) <=> HOX(22) + OCX(25) -12.329 -0.000
Finished sensitivity simulation for a C/O ratio of 1.0
Finished translating for C/O ratio of 1.0
Starting sensitivity simulation for a C/O ratio of 1.1
0 CH4(2) + X(1) <=> CH4X(48) 8.696 0.000
1 O2(3) + 2 X(1) <=> 2 OX(20) 9.903 0.607
2 H2(6) + 2 X(1) <=> 2 HX(19) 16.556 -0.000
3 H(12) + X(1) <=> HX(19) 20.253 0.000
4 HX(19) + OX(20) <=> HOX(22) + X(1) 13.104 0.000
5 H2O(5) + 2 X(1) <=> HOX(22) + HX(19) 24.551 0.000
6 OH(17) + X(1) <=> HOX(22) 28.814 0.000
7 CH4(2) + 2 X(1) <=> CH3X(21) + HX(19) 1.563 0.000
8 CH4(2) + OX(20) + X(1) <=> CH3X(21) + HOX(22) -14.545 0.000
9 C2H6(8) + 2 X(1) <=> 2 CH3X(21) 33.684 0.000
10 CH3(10) + X(1) <=> CH3X(21) 9.131 -0.245
11 CH3OH(14) + 2 X(1) <=> CH3X(21) + HOX(22) 28.814 0.000
12 CH2X(27) + HX(19) <=> CH3X(21) + X(1) 19.863 -0.490
13 CH2X(27) + HOX(22) <=> CH3X(21) + OX(20) 16.556 -0.001
14 CHX(28) + HX(19) <=> CH2X(27) + X(1) 21.739 0.000
15 CHX(28) + HOX(22) <=> CH2X(27) + OX(20) 32.258 0.000
16 2 CH2X(27) <=> CH3X(21) + CHX(28) 20.253 0.000
17 CHX(28) + X(1) <=> CX(26) + HX(19) 23.171 0.000
18 CX(26) + H2(6) <=> CH2X(27) 20.253 0.000
19 CX(26) + HOX(22) <=> CHX(28) + OX(20) 23.171 0.000
20 CH3X(21) + CX(26) <=> CH2X(27) + CHX(28) 20.253 0.000
21 CH2X(27) + CX(26) <=> 2 CHX(28) 33.684 0.000
22 CO(7) + X(1) <=> OCX(25) 23.171 0.000
23 CX(26) + OX(20) <=> OCX(25) + X(1) -22.330 -0.000
24 H2(6) + X(1) <=> H2X(49) 20.253 0.000
25 CO(7) + X(1) <=> COX(50) 35.714 0.000
26 CH4(2) + HOX(22) + X(1) <=> CH3X(21) + H2OX(23) 16.556 0.000
27 H2O(5) + X(1) <=> H2OX(23) 20.253 -0.000
28 H2OX(23) + OX(20) <=> 2 HOX(22) 15.126 -0.367
29 HOX(22) + HX(19) <=> H2OX(23) + X(1) 13.104 0.000
30 CH2O(9) + 2 X(1) <=> CHOX(53) + HX(19) 18.710 0.000
31 HCO(15) + X(1) <=> CHOX(53) 22.222 0.000
32 CH3CHO(16) + 2 X(1) <=> CH3X(21) + CHOX(53) 5.970 0.000
33 CHOX(53) + X(1) <=> HX(19) + OCX(25) 1.563 0.000
34 HOX(22) + OCX(25) <=> CHOX(53) + OX(20) 5.970 0.000
35 CH2X(27) + CHOX(53) <=> CH3X(21) + OCX(25) 18.182 0.000
36 CHOX(53) + CHX(28) <=> CH2X(27) + OCX(25) 18.182 -0.000
37 CHOX(53) + CX(26) <=> CHX(28) + OCX(25) 28.814 -0.000
38 CO2(4) + X(1) <=> CO2X(24) 26.316 0.000
39 OCX(25) + OX(20) <=> CO2X(24) + X(1) 23.171 0.000
40 CO2X(24) + HX(19) <=> HOX(22) + OCX(25) 18.710 0.000
Finished sensitivity simulation for a C/O ratio of 1.1
Finished translating for C/O ratio of 1.1
Starting sensitivity simulation for a C/O ratio of 1.4
0 CH4(2) + X(1) <=> CH4X(48) 9.579 0.000
1 O2(3) + 2 X(1) <=> 2 OX(20) 11.867 0.664
2 H2(6) + 2 X(1) <=> 2 HX(19) 11.610 -0.000
3 H(12) + X(1) <=> HX(19) 7.812 -0.000
4 HX(19) + OX(20) <=> HOX(22) + X(1) 14.802 0.001
5 H2O(5) + 2 X(1) <=> HOX(22) + HX(19) -0.855 -0.000
6 OH(17) + X(1) <=> HOX(22) 11.941 0.000
7 CH4(2) + 2 X(1) <=> CH3X(21) + HX(19) 12.916 0.001
8 CH4(2) + OX(20) + X(1) <=> CH3X(21) + HOX(22) 11.941 0.001
9 C2H6(8) + 2 X(1) <=> 2 CH3X(21) 11.610 -0.000
10 CH3(10) + X(1) <=> CH3X(21) 0.575 -0.268
11 CH3OH(14) + 2 X(1) <=> CH3X(21) + HOX(22) -8.257 0.000
12 CH2X(27) + HX(19) <=> CH3X(21) + X(1) 11.137 -0.536
13 CH2X(27) + HOX(22) <=> CH3X(21) + OX(20) 1.254 -0.001
14 CHX(28) + HX(19) <=> CH2X(27) + X(1) 2.881 0.000
15 CHX(28) + HOX(22) <=> CH2X(27) + OX(20) 5.600 -0.000
16 2 CH2X(27) <=> CH3X(21) + CHX(28) 11.611 0.000
17 CHX(28) + X(1) <=> CX(26) + HX(19) 18.055 -0.000
18 CX(26) + H2(6) <=> CH2X(27) 1.255 0.000
19 CX(26) + HOX(22) <=> CHX(28) + OX(20) 8.527 0.000
20 CH3X(21) + CX(26) <=> CH2X(27) + CHX(28) -4.424 0.000
21 CH2X(27) + CX(26) <=> 2 CHX(28) 9.924 -0.000
22 CO(7) + X(1) <=> OCX(25) 4.066 0.001
23 CX(26) + OX(20) <=> OCX(25) + X(1) 8.528 0.001
24 H2(6) + X(1) <=> H2X(49) 16.608 0.000
25 CO(7) + X(1) <=> COX(50) -5.357 0.000
26 CH4(2) + HOX(22) + X(1) <=> CH3X(21) + H2OX(23) 6.349 -0.000
27 H2O(5) + X(1) <=> H2OX(23) 22.112 0.000
28 H2OX(23) + OX(20) <=> 2 HOX(22) 5.599 -0.401
29 HOX(22) + HX(19) <=> H2OX(23) + X(1) 18.900 0.000
30 CH2O(9) + 2 X(1) <=> CHOX(53) + HX(19) 11.940 0.000
31 HCO(15) + X(1) <=> CHOX(53) 3.279 0.000
32 CH3CHO(16) + 2 X(1) <=> CH3X(21) + CHOX(53) 3.279 0.000
33 CHOX(53) + X(1) <=> HX(19) + OCX(25) -11.320 0.000
34 HOX(22) + OCX(25) <=> CHOX(53) + OX(20) 5.977 0.001
35 CH2X(27) + CHOX(53) <=> CH3X(21) + OCX(25) 9.579 0.000
36 CHOX(53) + CHX(28) <=> CH2X(27) + OCX(25) 7.452 0.001
37 CHOX(53) + CX(26) <=> CHX(28) + OCX(25) 6.349 0.000
38 CO2(4) + X(1) <=> CO2X(24) 13.236 0.001
39 OCX(25) + OX(20) <=> CO2X(24) + X(1) 0.840 -0.000
40 CO2X(24) + HX(19) <=> HOX(22) + OCX(25) -0.854 0.001
Finished sensitivity simulation for a C/O ratio of 1.4
Finished translating for C/O ratio of 1.4
Starting sensitivity simulation for a C/O ratio of 1.2
0 CH4(2) + X(1) <=> CH4X(48) -63.490 -0.035
1 O2(3) + 2 X(1) <=> 2 OX(20) -99.789 0.562
2 H2(6) + 2 X(1) <=> 2 HX(19) -58.757 -0.039
3 H(12) + X(1) <=> HX(19) -62.282 -0.037
4 HX(19) + OX(20) <=> HOX(22) + X(1) -62.283 -0.038
5 H2O(5) + 2 X(1) <=> HOX(22) + HX(19) -41.342 -0.036
6 OH(17) + X(1) <=> HOX(22) -92.182 -0.040
7 CH4(2) + 2 X(1) <=> CH3X(21) + HX(19) -31.190 -0.040
8 CH4(2) + OX(20) + X(1) <=> CH3X(21) + HOX(22) -67.244 -0.041
9 C2H6(8) + 2 X(1) <=> 2 CH3X(21) -67.240 -0.039
10 CH3(10) + X(1) <=> CH3X(21) -81.419 -0.236
11 CH3OH(14) + 2 X(1) <=> CH3X(21) + HOX(22) -68.524 -0.037
12 CH2X(27) + HX(19) <=> CH3X(21) + X(1) -38.490 -0.548
13 CH2X(27) + HOX(22) <=> CH3X(21) + OX(20) -24.484 -0.042
14 CHX(28) + HX(19) <=> CH2X(27) + X(1) -46.059 -0.041
15 CHX(28) + HOX(22) <=> CH2X(27) + OX(20) -62.285 -0.039
16 2 CH2X(27) <=> CH3X(21) + CHX(28) -102.852 -0.037
17 CHX(28) + X(1) <=> CX(26) + HX(19) -75.268 -0.039
18 CX(26) + H2(6) <=> CH2X(27) -54.279 -0.034
19 CX(26) + HOX(22) <=> CHX(28) + OX(20) -75.268 -0.039
20 CH3X(21) + CX(26) <=> CH2X(27) + CHX(28) -62.280 -0.036
21 CH2X(27) + CX(26) <=> 2 CHX(28) -62.287 -0.040
22 CO(7) + X(1) <=> OCX(25) -46.720 -3.173
23 CX(26) + OX(20) <=> OCX(25) + X(1) -35.238 -0.039
24 H2(6) + X(1) <=> H2X(49) -63.489 -0.035
25 CO(7) + X(1) <=> COX(50) -68.523 -0.036
26 CH4(2) + HOX(22) + X(1) <=> CH3X(21) + H2OX(23) -68.526 -0.039
27 H2O(5) + X(1) <=> H2OX(23) -110.651 -0.035
28 H2OX(23) + OX(20) <=> 2 HOX(22) -67.811 -0.380
29 HOX(22) + HX(19) <=> H2OX(23) + X(1) -135.569 -0.036
30 CH2O(9) + 2 X(1) <=> CHOX(53) + HX(19) -54.287 -0.040
31 HCO(15) + X(1) <=> CHOX(53) -58.756 -0.038
32 CH3CHO(16) + 2 X(1) <=> CH3X(21) + CHOX(53) -44.136 -0.040
33 CHOX(53) + X(1) <=> HX(19) + OCX(25) -51.091 -0.038
34 HOX(22) + OCX(25) <=> CHOX(53) + OX(20) -92.180 -0.039
35 CH2X(27) + CHOX(53) <=> CH3X(21) + OCX(25) -92.177 -0.037
36 CHOX(53) + CHX(28) <=> CH2X(27) + OCX(25) -35.238 -0.039
37 CHOX(53) + CX(26) <=> CHX(28) + OCX(25) -35.238 -0.039
38 CO2(4) + X(1) <=> CO2X(24) -110.655 -0.037
39 OCX(25) + OX(20) <=> CO2X(24) + X(1) -102.856 -0.039
40 CO2X(24) + HX(19) <=> HOX(22) + OCX(25) -51.094 -0.039
Finished sensitivity simulation for a C/O ratio of 1.2
Finished translating for C/O ratio of 1.2
Starting sensitivity simulation for a C/O ratio of 2.4
0 CH4(2) + X(1) <=> CH4X(48) 8.955 -0.000
1 O2(3) + 2 X(1) <=> 2 OX(20) 4.952 0.796
2 H2(6) + 2 X(1) <=> 2 HX(19) 1.080 -0.001
3 H(12) + X(1) <=> HX(19) 4.188 -0.000
4 HX(19) + OX(20) <=> HOX(22) + X(1) 0.543 -0.000
5 H2O(5) + 2 X(1) <=> HOX(22) + HX(19) 7.107 0.000
6 OH(17) + X(1) <=> HOX(22) 6.633 -0.000
7 CH4(2) + 2 X(1) <=> CH3X(21) + HX(19) 14.085 0.000
8 CH4(2) + OX(20) + X(1) <=> CH3X(21) + HOX(22) -1.105 -0.000
9 C2H6(8) + 2 X(1) <=> 2 CH3X(21) -1.105 -0.000
10 CH3(10) + X(1) <=> CH3X(21) 10.879 -0.322
11 CH3OH(14) + 2 X(1) <=> CH3X(21) + HOX(22) 4.188 -0.000
12 CH2X(27) + HX(19) <=> CH3X(21) + X(1) -10.816 -5.366
13 CH2X(27) + HOX(22) <=> CH3X(21) + OX(20) 9.405 -0.001
14 CHX(28) + HX(19) <=> CH2X(27) + X(1) 4.188 -0.000
15 CHX(28) + HOX(22) <=> CH2X(27) + OX(20) -1.105 0.000
16 2 CH2X(27) <=> CH3X(21) + CHX(28) 0.543 0.000
17 CHX(28) + X(1) <=> CX(26) + HX(19) 4.188 -0.000
18 CX(26) + H2(6) <=> CH2X(27) 9.406 0.000
19 CX(26) + HOX(22) <=> CHX(28) + OX(20) 6.633 0.000
20 CH3X(21) + CX(26) <=> CH2X(27) + CHX(28) 0.543 -0.000
21 CH2X(27) + CX(26) <=> 2 CHX(28) 4.188 0.000
22 CO(7) + X(1) <=> OCX(25) 4.188 -0.000
23 CX(26) + OX(20) <=> OCX(25) + X(1) 4.188 0.000
24 H2(6) + X(1) <=> H2X(49) 0.543 0.000
25 CO(7) + X(1) <=> COX(50) -7.647 -0.000
26 CH4(2) + HOX(22) + X(1) <=> CH3X(21) + H2OX(23) 0.543 -0.000
27 H2O(5) + X(1) <=> H2OX(23) 4.188 -0.000
28 H2OX(23) + OX(20) <=> 2 HOX(22) -11.443 -0.481
29 HOX(22) + HX(19) <=> H2OX(23) + X(1) -7.647 0.000
30 CH2O(9) + 2 X(1) <=> CHOX(53) + HX(19) 7.107 0.000
31 HCO(15) + X(1) <=> CHOX(53) 4.188 -0.000
32 CH3CHO(16) + 2 X(1) <=> CH3X(21) + CHOX(53) 0.543 0.000
33 CHOX(53) + X(1) <=> HX(19) + OCX(25) -14.375 0.000
34 HOX(22) + OCX(25) <=> CHOX(53) + OX(20) 6.633 -0.000
35 CH2X(27) + CHOX(53) <=> CH3X(21) + OCX(25) 0.543 0.000
36 CHOX(53) + CHX(28) <=> CH2X(27) + OCX(25) 6.633 -0.000
37 CHOX(53) + CX(26) <=> CHX(28) + OCX(25) -3.977 0.000
38 CO2(4) + X(1) <=> CO2X(24) -14.375 0.000
39 OCX(25) + OX(20) <=> CO2X(24) + X(1) 6.633 0.000
40 CO2X(24) + HX(19) <=> HOX(22) + OCX(25) -1.105 -0.000
Finished sensitivity simulation for a C/O ratio of 2.4
Finished translating for C/O ratio of 2.4
Starting sensitivity simulation for a C/O ratio of 2.2
0 CH4(2) + X(1) <=> CH4X(48) -15.429 -0.000
1 O2(3) + 2 X(1) <=> 2 OX(20) -14.534 0.775
2 H2(6) + 2 X(1) <=> 2 HX(19) -5.209 -0.001
3 H(12) + X(1) <=> HX(19) -38.356 -0.000
4 HX(19) + OX(20) <=> HOX(22) + X(1) -12.849 -0.000
5 H2O(5) + 2 X(1) <=> HOX(22) + HX(19) -26.250 -0.000
6 OH(17) + X(1) <=> HOX(22) -30.323 -0.000
7 CH4(2) + 2 X(1) <=> CH3X(21) + HX(19) -15.429 0.000
8 CH4(2) + OX(20) + X(1) <=> CH3X(21) + HOX(22) -18.824 -0.000
9 C2H6(8) + 2 X(1) <=> 2 CH3X(21) -12.849 -0.000
10 CH3(10) + X(1) <=> CH3X(21) -13.203 -0.313
11 CH3OH(14) + 2 X(1) <=> CH3X(21) + HOX(22) -15.429 0.000
12 CH2X(27) + HX(19) <=> CH3X(21) + X(1) -5.318 -0.625
13 CH2X(27) + HOX(22) <=> CH3X(21) + OX(20) -15.430 -0.001
14 CHX(28) + HX(19) <=> CH2X(27) + X(1) -15.429 -0.000
15 CHX(28) + HOX(22) <=> CH2X(27) + OX(20) -18.824 -0.000
16 2 CH2X(27) <=> CH3X(21) + CHX(28) -34.667 -0.000
17 CHX(28) + X(1) <=> CX(26) + HX(19) -26.250 -0.000
18 CX(26) + H2(6) <=> CH2X(27) -6.878 -0.000
19 CX(26) + HOX(22) <=> CHX(28) + OX(20) -31.169 -0.000
20 CH3X(21) + CX(26) <=> CH2X(27) + CHX(28) -22.424 0.000
21 CH2X(27) + CX(26) <=> 2 CHX(28) -15.429 -0.000
22 CO(7) + X(1) <=> OCX(25) -48.529 -0.000
23 CX(26) + OX(20) <=> OCX(25) + X(1) -35.570 -0.000
24 H2(6) + X(1) <=> H2X(49) -12.849 0.000
25 CO(7) + X(1) <=> COX(50) -4.663 0.000
26 CH4(2) + HOX(22) + X(1) <=> CH3X(21) + H2OX(23) -22.424 -0.000
27 H2O(5) + X(1) <=> H2OX(23) -18.824 -0.000
28 H2OX(23) + OX(20) <=> 2 HOX(22) -15.969 -0.468
29 HOX(22) + HX(19) <=> H2OX(23) + X(1) -30.323 -0.000
30 CH2O(9) + 2 X(1) <=> CHOX(53) + HX(19) -30.323 -0.000
31 HCO(15) + X(1) <=> CHOX(53) -4.663 -0.000
32 CH3CHO(16) + 2 X(1) <=> CH3X(21) + CHOX(53) -18.824 -0.000
33 CHOX(53) + X(1) <=> HX(19) + OCX(25) -26.250 -0.000
34 HOX(22) + OCX(25) <=> CHOX(53) + OX(20) -38.356 -0.000
35 CH2X(27) + CHOX(53) <=> CH3X(21) + OCX(25) -15.429 0.000
36 CHOX(53) + CHX(28) <=> CH2X(27) + OCX(25) -18.824 -0.000
37 CHOX(53) + CX(26) <=> CHX(28) + OCX(25) -12.849 0.000
38 CO2(4) + X(1) <=> CO2X(24) -15.429 -0.000
39 OCX(25) + OX(20) <=> CO2X(24) + X(1) -15.429 0.000
40 CO2X(24) + HX(19) <=> HOX(22) + OCX(25) -4.663 -0.000
Finished sensitivity simulation for a C/O ratio of 2.2
Finished translating for C/O ratio of 2.2
Starting sensitivity simulation for a C/O ratio of 1.8
0 CH4(2) + X(1) <=> CH4X(48) -8.029 -0.000
1 O2(3) + 2 X(1) <=> 2 OX(20) 10.410 0.725
2 H2(6) + 2 X(1) <=> 2 HX(19) 1.333 -0.001
3 H(12) + X(1) <=> HX(19) -10.448 -0.000
4 HX(19) + OX(20) <=> HOX(22) + X(1) -16.535 -0.000
5 H2O(5) + 2 X(1) <=> HOX(22) + HX(19) -21.311 -0.000
6 OH(17) + X(1) <=> HOX(22) -0.680 -0.000
7 CH4(2) + 2 X(1) <=> CH3X(21) + HX(19) 4.516 -0.000
8 CH4(2) + OX(20) + X(1) <=> CH3X(21) + HOX(22) -2.778 -0.000
9 C2H6(8) + 2 X(1) <=> 2 CH3X(21) -4.225 -0.000
10 CH3(10) + X(1) <=> CH3X(21) -3.079 -0.293
11 CH3OH(14) + 2 X(1) <=> CH3X(21) + HOX(22) -6.475 -0.000
12 CH2X(27) + HX(19) <=> CH3X(21) + X(1) 0.090 -0.585
13 CH2X(27) + HOX(22) <=> CH3X(21) + OX(20) -4.966 -0.001
14 CHX(28) + HX(19) <=> CH2X(27) + X(1) -12.977 -0.000
15 CHX(28) + HOX(22) <=> CH2X(27) + OX(20) -0.680 -0.000
16 2 CH2X(27) <=> CH3X(21) + CHX(28) -7.246 -0.000
17 CHX(28) + X(1) <=> CX(26) + HX(19) -10.448 -0.000
18 CX(26) + H2(6) <=> CH2X(27) -1.370 -0.000
19 CX(26) + HOX(22) <=> CHX(28) + OX(20) -7.246 -0.000
20 CH3X(21) + CX(26) <=> CH2X(27) + CHX(28) -16.535 -0.000
21 CH2X(27) + CX(26) <=> 2 CHX(28) 5.128 -0.000
22 CO(7) + X(1) <=> OCX(25) -0.680 -0.000
23 CX(26) + OX(20) <=> OCX(25) + X(1) -8.824 -0.000
24 H2(6) + X(1) <=> H2X(49) -4.965 -0.000
25 CO(7) + X(1) <=> COX(50) -12.121 -0.000
26 CH4(2) + HOX(22) + X(1) <=> CH3X(21) + H2OX(23) -8.029 -0.000
27 H2O(5) + X(1) <=> H2OX(23) -2.778 -0.000
28 H2OX(23) + OX(20) <=> 2 HOX(22) -14.345 -0.438
29 HOX(22) + HX(19) <=> H2OX(23) + X(1) -1.370 -0.000
30 CH2O(9) + 2 X(1) <=> CHOX(53) + HX(19) 2.632 -0.000
31 HCO(15) + X(1) <=> CHOX(53) -2.778 -0.000
32 CH3CHO(16) + 2 X(1) <=> CH3X(21) + CHOX(53) 6.918 -0.000
33 CHOX(53) + X(1) <=> HX(19) + OCX(25) -2.778 -0.000
34 HOX(22) + OCX(25) <=> CHOX(53) + OX(20) -2.778 -0.000
35 CH2X(27) + CHOX(53) <=> CH3X(21) + OCX(25) -12.977 -0.000
36 CHOX(53) + CHX(28) <=> CH2X(27) + OCX(25) -6.475 -0.000
37 CHOX(53) + CX(26) <=> CHX(28) + OCX(25) -2.069 -0.000
38 CO2(4) + X(1) <=> CO2X(24) 4.516 -0.000
39 OCX(25) + OX(20) <=> CO2X(24) + X(1) 4.516 -0.000
40 CO2X(24) + HX(19) <=> HOX(22) + OCX(25) -10.448 -0.000
Finished sensitivity simulation for a C/O ratio of 1.8
Finished translating for C/O ratio of 1.8
Starting sensitivity simulation for a C/O ratio of 0.7
0 CH4(2) + X(1) <=> CH4X(48) -10.762 -0.000
1 O2(3) + 2 X(1) <=> 2 OX(20) -5.017 0.510
2 H2(6) + 2 X(1) <=> 2 HX(19) 9.854 -0.000
3 H(12) + X(1) <=> HX(19) -22.277 -0.000
4 HX(19) + OX(20) <=> HOX(22) + X(1) -6.466 -0.000
5 H2O(5) + 2 X(1) <=> HOX(22) + HX(19) -2.917 -0.000
6 OH(17) + X(1) <=> HOX(22) -16.509 -0.000
7 CH4(2) + 2 X(1) <=> CH3X(21) + HX(19) -5.106 -0.000
8 CH4(2) + OX(20) + X(1) <=> CH3X(21) + HOX(22) -11.765 -0.000
9 C2H6(8) + 2 X(1) <=> 2 CH3X(21) -1.230 -0.000
10 CH3(10) + X(1) <=> CH3X(21) -2.276 -0.206
11 CH3OH(14) + 2 X(1) <=> CH3X(21) + HOX(22) -7.860 -0.000
12 CH2X(27) + HX(19) <=> CH3X(21) + X(1) -93.668 -29.373
13 CH2X(27) + HOX(22) <=> CH3X(21) + OX(20) -9.293 -0.001
14 CHX(28) + HX(19) <=> CH2X(27) + X(1) 2.756 -0.000
15 CHX(28) + HOX(22) <=> CH2X(27) + OX(20) 11.470 -0.000
16 2 CH2X(27) <=> CH3X(21) + CHX(28) -15.962 -0.000
17 CHX(28) + X(1) <=> CX(26) + HX(19) -16.509 -0.000
18 CX(26) + H2(6) <=> CH2X(27) 5.000 -0.000
19 CX(26) + HOX(22) <=> CHX(28) + OX(20) -0.000 -0.000
20 CH3X(21) + CX(26) <=> CH2X(27) + CHX(28) -0.816 -0.000
21 CH2X(27) + CX(26) <=> 2 CHX(28) -3.347 -0.000
22 CO(7) + X(1) <=> OCX(25) 7.491 -0.000
23 CX(26) + OX(20) <=> OCX(25) + X(1) -17.619 -0.000
24 H2(6) + X(1) <=> H2X(49) -6.926 -0.000
25 CO(7) + X(1) <=> COX(50) -3.347 -0.000
26 CH4(2) + HOX(22) + X(1) <=> CH3X(21) + H2OX(23) -33.514 -0.000
27 H2O(5) + X(1) <=> H2OX(23) -11.262 -0.000
28 H2OX(23) + OX(20) <=> 2 HOX(22) 12.141 -0.309
29 HOX(22) + HX(19) <=> H2OX(23) + X(1) -9.292 -0.000
30 CH2O(9) + 2 X(1) <=> CHOX(53) + HX(19) -21.078 -0.000
31 HCO(15) + X(1) <=> CHOX(53) 12.411 -0.000
32 CH3CHO(16) + 2 X(1) <=> CH3X(21) + CHOX(53) -27.979 -0.000
33 CHOX(53) + X(1) <=> HX(19) + OCX(25) -0.816 -0.000
34 HOX(22) + OCX(25) <=> CHOX(53) + OX(20) 7.491 -0.000
35 CH2X(27) + CHOX(53) <=> CH3X(21) + OCX(25) -6.926 -0.000
36 CHOX(53) + CHX(28) <=> CH2X(27) + OCX(25) 4.264 -0.000
37 CHOX(53) + CX(26) <=> CHX(28) + OCX(25) -14.884 -0.000
38 CO2(4) + X(1) <=> CO2X(24) 2.756 -0.000
39 OCX(25) + OX(20) <=> CO2X(24) + X(1) -29.319 -0.000
40 CO2X(24) + HX(19) <=> HOX(22) + OCX(25) -52.469 -0.000
Finished sensitivity simulation for a C/O ratio of 0.7
Finished translating for C/O ratio of 0.7
Starting sensitivity simulation for a C/O ratio of 2.6
0 CH4(2) + X(1) <=> CH4X(48) 1.005 -0.000
1 O2(3) + 2 X(1) <=> 2 OX(20) 9.958 0.816
2 H2(6) + 2 X(1) <=> 2 HX(19) 13.596 -0.001
3 H(12) + X(1) <=> HX(19) -4.787 -0.000
4 HX(19) + OX(20) <=> HOX(22) + X(1) 8.796 -0.000
5 H2O(5) + 2 X(1) <=> HOX(22) + HX(19) 1.005 -0.000
6 OH(17) + X(1) <=> HOX(22) 10.860 0.000
7 CH4(2) + 2 X(1) <=> CH3X(21) + HX(19) 6.190 0.000
8 CH4(2) + OX(20) + X(1) <=> CH3X(21) + HOX(22) 1.005 -0.000
9 C2H6(8) + 2 X(1) <=> 2 CH3X(21) 8.796 -0.000
10 CH3(10) + X(1) <=> CH3X(21) 1.175 -0.330
11 CH3OH(14) + 2 X(1) <=> CH3X(21) + HOX(22) -1.546 -0.000
12 CH2X(27) + HX(19) <=> CH3X(21) + X(1) -1.691 -0.659
13 CH2X(27) + HOX(22) <=> CH3X(21) + OX(20) 3.430 -0.001
14 CHX(28) + HX(19) <=> CH2X(27) + X(1) -11.932 -0.000
15 CHX(28) + HOX(22) <=> CH2X(27) + OX(20) -1.026 0.000
16 2 CH2X(27) <=> CH3X(21) + CHX(28) -4.787 -0.000
17 CHX(28) + X(1) <=> CX(26) + HX(19) -1.546 0.000
18 CX(26) + H2(6) <=> CH2X(27) 9.217 -0.000
19 CX(26) + HOX(22) <=> CHX(28) + OX(20) 3.431 0.000
20 CH3X(21) + CX(26) <=> CH2X(27) + CHX(28) -8.840 0.000
21 CH2X(27) + CX(26) <=> 2 CHX(28) 7.075 -0.000
22 CO(7) + X(1) <=> OCX(25) -1.026 -0.000
23 CX(26) + OX(20) <=> OCX(25) + X(1) 6.635 0.000
24 H2(6) + X(1) <=> H2X(49) -1.546 -0.000
25 CO(7) + X(1) <=> COX(50) 6.190 -0.000
26 CH4(2) + HOX(22) + X(1) <=> CH3X(21) + H2OX(23) -7.650 -0.000
27 H2O(5) + X(1) <=> H2OX(23) 7.075 -0.000
28 H2OX(23) + OX(20) <=> 2 HOX(22) 8.769 -0.493
29 HOX(22) + HX(19) <=> H2OX(23) + X(1) -83.949 -27.924
30 CH2O(9) + 2 X(1) <=> CHOX(53) + HX(19) -7.650 0.000
31 HCO(15) + X(1) <=> CHOX(53) 3.431 0.000
32 CH3CHO(16) + 2 X(1) <=> CH3X(21) + CHOX(53) 8.796 0.000
33 CHOX(53) + X(1) <=> HX(19) + OCX(25) 6.635 0.000
34 HOX(22) + OCX(25) <=> CHOX(53) + OX(20) 7.075 -0.000
35 CH2X(27) + CHOX(53) <=> CH3X(21) + OCX(25) 11.261 0.000
36 CHOX(53) + CHX(28) <=> CH2X(27) + OCX(25) 1.500 -0.000
37 CHOX(53) + CX(26) <=> CHX(28) + OCX(25) -4.787 -0.000
38 CO2(4) + X(1) <=> CO2X(24) 9.217 -0.000
39 OCX(25) + OX(20) <=> CO2X(24) + X(1) -4.233 -0.000
40 CO2X(24) + HX(19) <=> HOX(22) + OCX(25) 3.902 -0.000
Finished sensitivity simulation for a C/O ratio of 2.6
Finished translating for C/O ratio of 2.6
Starting sensitivity simulation for a C/O ratio of 0.6
0 CH4(2) + X(1) <=> CH4X(48) -10.783 0.002
1 O2(3) + 2 X(1) <=> 2 OX(20) -2.234 0.480
2 H2(6) + 2 X(1) <=> 2 HX(19) 10.672 -0.000
3 H(12) + X(1) <=> HX(19) -19.577 -0.000
4 HX(19) + OX(20) <=> HOX(22) + X(1) 6.224 -0.000
5 H2O(5) + 2 X(1) <=> HOX(22) + HX(19) 5.439 -0.000
6 OH(17) + X(1) <=> HOX(22) -20.856 -0.000
7 CH4(2) + 2 X(1) <=> CH3X(21) + HX(19) -10.244 -0.000
8 CH4(2) + OX(20) + X(1) <=> CH3X(21) + HOX(22) -20.856 -0.000
9 C2H6(8) + 2 X(1) <=> 2 CH3X(21) 7.377 -0.000
10 CH3(10) + X(1) <=> CH3X(21) -9.390 -0.194
11 CH3OH(14) + 2 X(1) <=> CH3X(21) + HOX(22) -5.116 -0.000
12 CH2X(27) + HX(19) <=> CH3X(21) + X(1) -5.523 -0.387
13 CH2X(27) + HOX(22) <=> CH3X(21) + OX(20) 0.876 -0.001
14 CHX(28) + HX(19) <=> CH2X(27) + X(1) 2.165 -0.000
15 CHX(28) + HOX(22) <=> CH2X(27) + OX(20) -6.604 -0.000
16 2 CH2X(27) <=> CH3X(21) + CHX(28) 4.237 -0.000
17 CHX(28) + X(1) <=> CX(26) + HX(19) -3.670 -0.000
18 CX(26) + H2(6) <=> CH2X(27) -7.619 -0.000
19 CX(26) + HOX(22) <=> CHX(28) + OX(20) 3.830 -0.000
20 CH3X(21) + CX(26) <=> CH2X(27) + CHX(28) -17.708 -0.000
21 CH2X(27) + CX(26) <=> 2 CHX(28) -7.619 -0.000
22 CO(7) + X(1) <=> OCX(25) 5.042 -0.000
23 CX(26) + OX(20) <=> OCX(25) + X(1) -20.856 -0.000
24 H2(6) + X(1) <=> H2X(49) 7.377 -0.000
25 CO(7) + X(1) <=> COX(50) -7.619 -0.000
26 CH4(2) + HOX(22) + X(1) <=> CH3X(21) + H2OX(23) -13.568 -0.000
27 H2O(5) + X(1) <=> H2OX(23) -10.785 -0.000
28 H2OX(23) + OX(20) <=> 2 HOX(22) 0.589 -0.290
29 HOX(22) + HX(19) <=> H2OX(23) + X(1) -4.630 -0.000
30 CH2O(9) + 2 X(1) <=> CHOX(53) + HX(19) 3.004 -0.000
31 HCO(15) + X(1) <=> CHOX(53) -2.262 -0.000
32 CH3CHO(16) + 2 X(1) <=> CH3X(21) + CHOX(53) -24.176 -0.000
33 CHOX(53) + X(1) <=> HX(19) + OCX(25) 2.165 -0.000
34 HOX(22) + OCX(25) <=> CHOX(53) + OX(20) -15.306 0.000
35 CH2X(27) + CHOX(53) <=> CH3X(21) + OCX(25) -7.619 -0.000
36 CHOX(53) + CHX(28) <=> CH2X(27) + OCX(25) 0.877 -0.000
37 CHOX(53) + CX(26) <=> CHX(28) + OCX(25) -6.604 -0.000
38 CO2(4) + X(1) <=> CO2X(24) 2.165 -0.000
39 OCX(25) + OX(20) <=> CO2X(24) + X(1) 7.377 0.000
40 CO2X(24) + HX(19) <=> HOX(22) + OCX(25) -2.727 -0.000
Finished sensitivity simulation for a C/O ratio of 0.6
Finished translating for C/O ratio of 0.6
Starting sensitivity simulation for a C/O ratio of 1.3
0 CH4(2) + X(1) <=> CH4X(48) 2.065 0.025
1 O2(3) + 2 X(1) <=> 2 OX(20) 35.832 0.740
2 H2(6) + 2 X(1) <=> 2 HX(19) 6.818 0.024
3 H(12) + X(1) <=> HX(19) 15.436 0.020
4 HX(19) + OX(20) <=> HOX(22) + X(1) -1.557 0.029
5 H2O(5) + 2 X(1) <=> HOX(22) + HX(19) 15.064 0.023
6 OH(17) + X(1) <=> HOX(22) 11.542 0.024
7 CH4(2) + 2 X(1) <=> CH3X(21) + HX(19) 15.065 0.025
8 CH4(2) + OX(20) + X(1) <=> CH3X(21) + HOX(22) 24.723 0.022
9 C2H6(8) + 2 X(1) <=> 2 CH3X(21) 15.438 0.023
10 CH3(10) + X(1) <=> CH3X(21) -49.180 -0.230
11 CH3OH(14) + 2 X(1) <=> CH3X(21) + HOX(22) 13.921 0.023
12 CH2X(27) + HX(19) <=> CH3X(21) + X(1) 6.332 -0.498
13 CH2X(27) + HOX(22) <=> CH3X(21) + OX(20) 15.062 0.021
14 CHX(28) + HX(19) <=> CH2X(27) + X(1) 2.562 0.025
15 CHX(28) + HOX(22) <=> CH2X(27) + OX(20) 6.818 0.024
16 2 CH2X(27) <=> CH3X(21) + CHX(28) 4.975 0.026
17 CHX(28) + X(1) <=> CX(26) + HX(19) -3.756 0.027
18 CX(26) + H2(6) <=> CH2X(27) 19.349 0.026
19 CX(26) + HOX(22) <=> CHX(28) + OX(20) -47.649 0.030
20 CH3X(21) + CX(26) <=> CH2X(27) + CHX(28) 1.055 0.024
21 CH2X(27) + CX(26) <=> 2 CHX(28) 13.922 0.024
22 CO(7) + X(1) <=> OCX(25) 6.365 0.025
23 CX(26) + OX(20) <=> OCX(25) + X(1) 23.525 0.025
24 H2(6) + X(1) <=> H2X(49) 15.441 0.026
25 CO(7) + X(1) <=> COX(50) 14.687 0.024
26 CH4(2) + HOX(22) + X(1) <=> CH3X(21) + H2OX(23) 2.563 0.026
27 H2O(5) + X(1) <=> H2OX(23) 24.427 0.024
28 H2OX(23) + OX(20) <=> 2 HOX(22) -8.305 -0.408
29 HOX(22) + HX(19) <=> H2OX(23) + X(1) 23.529 0.030
30 CH2O(9) + 2 X(1) <=> CHOX(53) + HX(19) -16.329 0.030
31 HCO(15) + X(1) <=> CHOX(53) 2.563 0.025
32 CH3CHO(16) + 2 X(1) <=> CH3X(21) + CHOX(53) 21.333 0.028
33 CHOX(53) + X(1) <=> HX(19) + OCX(25) 21.652 0.024
34 HOX(22) + OCX(25) <=> CHOX(53) + OX(20) 13.143 0.024
35 CH2X(27) + CHOX(53) <=> CH3X(21) + OCX(25) 13.146 0.028
36 CHOX(53) + CHX(28) <=> CH2X(27) + OCX(25) 1.561 0.023
37 CHOX(53) + CX(26) <=> CHX(28) + OCX(25) 15.061 0.020
38 CO2(4) + X(1) <=> CO2X(24) 16.173 0.019
39 OCX(25) + OX(20) <=> CO2X(24) + X(1) 12.351 0.025
40 CO2X(24) + HX(19) <=> HOX(22) + OCX(25) 13.917 0.019
Finished sensitivity simulation for a C/O ratio of 1.3
Finished translating for C/O ratio of 1.3
