This mechanism contains 38 gas reactions and 41 surface reactions
Finished simulation at a C/O ratio of 1.1
Finished simulation at a C/O ratio of 2.0
Finished simulation at a C/O ratio of 1.0
Finished simulation at a C/O ratio of 1.3
Finished simulation at a C/O ratio of 0.6
Finished simulation at a C/O ratio of 0.7
Finished simulation at a C/O ratio of 0.8
Finished simulation at a C/O ratio of 0.9
Finished simulation at a C/O ratio of 1.8
Finished simulation at a C/O ratio of 2.2
Finished simulation at a C/O ratio of 2.6
Finished simulation at a C/O ratio of 1.4
Finished simulation at a C/O ratio of 1.6
Finished simulation at a C/O ratio of 1.2
Finished simulation at a C/O ratio of 2.4
Starting thermo sensitivity simulation for a C/O ratio of 0.7
0 X(1) 0.008 0.323 0.331 -0.003 -0.007
1 HX(19) 0.012 0.311 0.323 0.001 -0.007
2 OX(20) 0.009 0.007 0.017 -0.001 -0.007
3 CH3X(21) 0.005 0.249 0.254 -0.000 -0.007
4 HOX(22) 0.011 0.273 0.284 0.000 -0.007
5 H2OX(23) 0.001 0.001 0.002 0.001 -0.007
6 CO2X(24) 0.011 0.230 0.241 -0.000 -0.007
7 OCX(25) 0.005 0.314 0.319 -0.000 -0.007
8 CX(26) 0.011 0.300 0.310 0.000 -0.007
9 CH2X(27) 0.007 0.231 0.238 0.001 -0.007
10 CHX(28) 0.016 0.267 0.283 -0.000 -0.007
11 CH4X(48) 0.011 0.336 0.346 -0.000 -0.007
12 H2X(49) 0.005 0.223 0.228 -0.000 -0.007
13 COX(50) 0.016 0.221 0.237 -0.000 -0.007
14 CHOX(53) 0.016 0.329 0.345 -0.000 -0.007
Finished thermo sensitivity simulation for a C/O ratio of 0.7
Starting thermo sensitivity simulation for a C/O ratio of 1.0
0 X(1) -0.003 -0.062 -0.065 -0.003 0.000
1 HX(19) 0.001 -0.010 -0.008 0.001 0.000
2 OX(20) 0.007 0.093 0.100 -0.001 0.000
3 CH3X(21) 0.004 -0.007 -0.003 0.000 0.000
4 HOX(22) 0.008 0.000 0.008 0.000 0.000
5 H2OX(23) 0.009 0.065 0.074 0.001 0.000
6 CO2X(24) 0.000 -0.093 -0.093 0.000 0.000
7 OCX(25) 0.000 -0.015 -0.014 0.000 0.000
8 CX(26) 0.008 -0.037 -0.029 0.000 0.000
9 CH2X(27) 0.005 -0.006 -0.000 0.002 0.000
10 CHX(28) 0.000 -0.074 -0.074 0.000 0.000
11 CH4X(48) 0.008 -0.070 -0.062 0.000 0.000
12 H2X(49) 0.004 0.034 0.038 0.000 0.000
13 COX(50) 0.004 0.027 0.031 0.000 0.000
14 CHOX(53) 0.004 -0.015 -0.011 0.000 0.000
Finished thermo sensitivity simulation for a C/O ratio of 1.0
Starting thermo sensitivity simulation for a C/O ratio of 2.0
0 X(1) -0.006 -0.059 -0.065 -0.003 -0.000
1 HX(19) 0.002 -0.043 -0.042 0.002 0.000
2 OX(20) -0.004 -0.117 -0.121 -0.001 0.000
3 CH3X(21) -0.002 -0.067 -0.069 0.000 0.000
4 HOX(22) 0.000 -0.174 -0.174 0.000 -0.000
5 H2OX(23) 0.001 -0.084 -0.083 0.001 -0.000
6 CO2X(24) -0.001 -0.053 -0.055 -0.000 0.000
7 OCX(25) 0.001 -0.014 -0.013 0.000 -0.000
8 CX(26) -0.002 -0.174 -0.176 0.000 0.000
9 CH2X(27) 0.003 -0.117 -0.114 0.002 0.000
10 CHX(28) -0.001 -0.111 -0.112 0.000 0.000
11 CH4X(48) -0.002 -0.304 -0.306 0.000 0.000
12 H2X(49) 0.000 -0.035 -0.035 0.000 0.000
13 COX(50) 0.001 -0.106 -0.105 0.000 -0.000
14 CHOX(53) 0.001 -0.029 -0.027 0.000 0.000
Finished thermo sensitivity simulation for a C/O ratio of 2.0
Starting thermo sensitivity simulation for a C/O ratio of 0.6
0 X(1) 0.008 -0.057 -0.049 -0.004 -0.011
1 HX(19) -0.000 -0.048 -0.048 -0.000 -0.011
2 OX(20) 0.009 -0.187 -0.177 -0.003 -0.011
3 CH3X(21) 0.017 -0.142 -0.125 -0.002 -0.011
4 HOX(22) 0.017 -0.230 -0.214 -0.002 -0.011
5 H2OX(23) 0.006 -0.107 -0.101 -0.000 -0.011
6 CO2X(24) 0.005 -0.207 -0.203 -0.001 -0.011
7 OCX(25) 0.017 -0.112 -0.096 -0.002 -0.011
8 CX(26) 0.005 -0.092 -0.087 -0.001 -0.011
9 CH2X(27) 0.006 -0.083 -0.076 0.000 -0.011
10 CHX(28) 0.005 -0.111 -0.106 -0.001 -0.011
11 CH4X(48) 0.011 -0.054 -0.043 -0.001 -0.011
12 H2X(49) 0.004 -0.017 -0.013 -0.002 -0.011
13 COX(50) 0.017 -0.056 -0.039 -0.002 -0.011
14 CHOX(53) -0.001 0.060 0.059 -0.001 -0.011
Finished thermo sensitivity simulation for a C/O ratio of 0.6
Starting thermo sensitivity simulation for a C/O ratio of 1.3
0 X(1) -0.006 -0.117 -0.123 -0.003 -0.000
1 HX(19) -0.005 -0.106 -0.111 0.001 0.000
2 OX(20) -0.001 -0.042 -0.043 -0.001 -0.000
3 CH3X(21) 0.000 -0.013 -0.013 0.000 -0.000
4 HOX(22) -0.006 -0.104 -0.110 0.000 -0.000
5 H2OX(23) -0.008 -0.075 -0.083 0.001 0.000
6 CO2X(24) 0.000 -0.035 -0.035 0.000 -0.000
7 OCX(25) 0.000 -0.092 -0.092 0.000 -0.000
8 CX(26) 0.003 -0.066 -0.063 0.000 -0.000
9 CH2X(27) 0.001 -0.071 -0.070 0.001 -0.000
10 CHX(28) -0.003 -0.054 -0.057 0.000 0.000
11 CH4X(48) -0.003 -0.063 -0.066 0.000 -0.000
12 H2X(49) 0.000 -0.073 -0.073 0.000 -0.000
13 COX(50) 0.000 -0.035 -0.035 0.000 -0.000
14 CHOX(53) -0.006 -0.107 -0.114 0.000 -0.000
Finished thermo sensitivity simulation for a C/O ratio of 1.3
Starting thermo sensitivity simulation for a C/O ratio of 1.6
0 X(1) -0.004 -0.091 -0.095 -0.003 0.000
1 HX(19) 0.000 0.006 0.006 0.001 0.000
2 OX(20) -0.001 0.007 0.006 -0.001 0.000
3 CH3X(21) 0.001 -0.018 -0.017 -0.000 0.000
4 HOX(22) 0.003 -0.020 -0.017 0.000 0.000
5 H2OX(23) 0.002 -0.071 -0.068 0.001 0.000
6 CO2X(24) 0.005 -0.017 -0.012 -0.000 0.000
7 OCX(25) -0.000 0.006 0.006 -0.000 0.000
8 CX(26) -0.001 -0.094 -0.095 -0.000 0.000
9 CH2X(27) 0.001 -0.013 -0.011 0.001 0.000
10 CHX(28) 0.001 -0.072 -0.070 0.000 0.000
11 CH4X(48) 0.004 -0.047 -0.043 0.000 0.000
12 H2X(49) 0.004 0.024 0.028 -0.000 0.000
13 COX(50) -0.000 0.008 0.008 -0.000 0.000
14 CHOX(53) 0.003 -0.023 -0.020 -0.000 0.000
Finished thermo sensitivity simulation for a C/O ratio of 1.6
Starting thermo sensitivity simulation for a C/O ratio of 2.4
0 X(1) -0.004 0.001 -0.003 -0.003 -0.000
1 HX(19) -0.001 0.059 0.058 0.001 -0.000
2 OX(20) 0.001 0.005 0.006 -0.001 -0.000
3 CH3X(21) 0.001 -0.013 -0.012 -0.000 -0.000
4 HOX(22) -0.006 0.044 0.039 0.000 -0.000
5 H2OX(23) 0.000 0.041 0.041 0.001 -0.000
6 CO2X(24) -0.001 -0.010 -0.011 -0.000 -0.000
7 OCX(25) -0.001 0.017 0.016 -0.000 -0.000
8 CX(26) -0.000 -0.009 -0.009 -0.000 -0.000
9 CH2X(27) 0.001 0.006 0.007 0.001 -0.000
10 CHX(28) 0.002 0.052 0.054 -0.000 -0.000
11 CH4X(48) 0.001 0.006 0.006 -0.000 0.000
12 H2X(49) -0.001 0.004 0.003 -0.000 -0.000
13 COX(50) 0.000 0.005 0.005 0.000 -0.000
14 CHOX(53) -0.001 -0.010 -0.011 0.000 -0.000
Finished thermo sensitivity simulation for a C/O ratio of 2.4
Starting thermo sensitivity simulation for a C/O ratio of 0.8
0 X(1) -0.003 -0.068 -0.071 -0.003 -0.000
1 HX(19) -0.003 -0.016 -0.020 0.001 0.000
2 OX(20) -0.006 0.042 0.036 -0.001 -0.000
3 CH3X(21) 0.000 0.013 0.013 0.000 0.000
4 HOX(22) -0.005 0.043 0.038 0.000 0.000
5 H2OX(23) -0.004 0.031 0.027 0.001 0.000
6 CO2X(24) 0.005 0.039 0.044 0.000 0.000
7 OCX(25) -0.005 0.056 0.051 0.000 0.000
8 CX(26) -0.005 -0.031 -0.035 0.000 0.000
9 CH2X(27) 0.006 -0.007 -0.001 0.001 0.000
10 CHX(28) 0.005 -0.008 -0.004 0.000 -0.000
11 CH4X(48) -0.005 0.026 0.021 0.000 0.000
12 H2X(49) 0.000 0.087 0.087 0.000 0.000
13 COX(50) 0.000 0.017 0.017 0.000 0.000
14 CHOX(53) 0.000 -0.026 -0.026 0.000 0.000
Finished thermo sensitivity simulation for a C/O ratio of 0.8
Starting thermo sensitivity simulation for a C/O ratio of 2.2
0 X(1) -0.003 -0.017 -0.020 -0.003 0.000
1 HX(19) 0.001 -0.001 0.000 0.001 0.000
2 OX(20) -0.003 -0.029 -0.032 -0.001 0.000
3 CH3X(21) -0.002 -0.016 -0.018 0.000 0.000
4 HOX(22) 0.000 -0.052 -0.052 0.000 0.000
5 H2OX(23) 0.002 -0.015 -0.012 0.001 0.000
6 CO2X(24) 0.001 -0.001 -0.000 0.000 0.000
7 OCX(25) -0.002 -0.071 -0.073 0.000 0.000
8 CX(26) -0.003 -0.029 -0.032 0.000 0.000
9 CH2X(27) -0.002 -0.028 -0.029 0.001 0.000
10 CHX(28) -0.001 0.011 0.010 0.000 0.000
11 CH4X(48) -0.002 0.034 0.032 0.000 0.000
12 H2X(49) -0.003 -0.001 -0.004 0.000 0.000
13 COX(50) 0.002 -0.053 -0.051 0.000 0.000
14 CHOX(53) 0.000 -0.057 -0.057 0.000 0.000
Finished thermo sensitivity simulation for a C/O ratio of 2.2
Starting thermo sensitivity simulation for a C/O ratio of 1.4
0 X(1) 0.000 -0.048 -0.048 -0.003 -0.000
1 HX(19) 0.003 -0.051 -0.049 0.002 -0.000
2 OX(20) 0.005 -0.040 -0.036 -0.001 -0.000
3 CH3X(21) 0.004 -0.050 -0.045 0.000 -0.000
4 HOX(22) 0.002 -0.077 -0.075 0.000 -0.000
5 H2OX(23) 0.001 -0.068 -0.067 0.001 -0.000
6 CO2X(24) 0.005 -0.047 -0.042 0.000 -0.000
7 OCX(25) 0.003 -0.127 -0.124 0.000 -0.000
8 CX(26) 0.000 -0.088 -0.088 0.000 -0.000
9 CH2X(27) 0.004 -0.014 -0.009 0.002 -0.000
10 CHX(28) 0.007 -0.014 -0.006 0.000 -0.000
11 CH4X(48) 0.003 -0.097 -0.094 0.000 -0.000
12 H2X(49) -0.003 -0.057 -0.060 0.000 -0.000
13 COX(50) 0.003 -0.042 -0.039 0.000 -0.000
14 CHOX(53) 0.003 -0.042 -0.040 -0.000 -0.000
Finished thermo sensitivity simulation for a C/O ratio of 1.4
Starting thermo sensitivity simulation for a C/O ratio of 0.9
0 X(1) -0.003 0.101 0.098 -0.003 -0.000
1 HX(19) 0.001 0.117 0.119 0.001 -0.000
2 OX(20) 0.003 0.063 0.066 -0.001 -0.000
3 CH3X(21) 0.004 0.172 0.176 0.000 -0.000
4 HOX(22) -0.000 0.008 0.008 -0.000 -0.000
5 H2OX(23) 0.014 0.086 0.099 0.001 -0.000
6 CO2X(24) -0.000 0.048 0.048 -0.000 -0.000
7 OCX(25) 0.004 -0.028 -0.023 0.000 -0.000
8 CX(26) 0.008 -0.015 -0.007 -0.000 -0.000
9 CH2X(27) 0.001 0.061 0.063 0.001 -0.000
10 CHX(28) -0.000 0.060 0.060 -0.000 -0.000
11 CH4X(48) 0.004 0.092 0.096 -0.000 -0.000
12 H2X(49) 0.004 0.104 0.108 -0.000 -0.000
13 COX(50) -0.000 0.060 0.060 -0.000 -0.000
14 CHOX(53) 0.008 0.072 0.081 -0.000 -0.000
Finished thermo sensitivity simulation for a C/O ratio of 0.9
Starting thermo sensitivity simulation for a C/O ratio of 1.2
0 X(1) -0.003 -0.013 -0.016 -0.003 -0.000
1 HX(19) -0.002 -0.039 -0.041 0.001 -0.000
2 OX(20) -0.001 0.035 0.034 -0.001 -0.000
3 CH3X(21) -0.003 -0.096 -0.100 0.000 -0.000
4 HOX(22) -0.000 0.090 0.090 -0.000 -0.000
5 H2OX(23) 0.001 -0.261 -0.260 0.001 -0.000
6 CO2X(24) 0.003 -0.252 -0.249 0.000 -0.000
7 OCX(25) 0.000 -0.027 -0.027 0.000 -0.000
8 CX(26) 0.000 -0.232 -0.232 0.000 0.000
9 CH2X(27) 0.001 -0.102 -0.100 0.001 -0.000
10 CHX(28) -0.003 -0.149 -0.153 -0.000 -0.000
11 CH4X(48) 0.003 -0.349 -0.345 -0.000 -0.000
12 H2X(49) -0.003 0.146 0.143 0.000 -0.000
13 COX(50) -0.000 -0.070 -0.070 -0.000 -0.000
14 CHOX(53) -0.000 0.023 0.023 -0.000 -0.000
Finished thermo sensitivity simulation for a C/O ratio of 1.2
Starting thermo sensitivity simulation for a C/O ratio of 2.6
0 X(1) -0.004 0.009 0.006 -0.003 0.001
1 HX(19) -0.002 -0.033 -0.035 0.001 0.001
2 OX(20) -0.004 -0.030 -0.034 -0.001 0.001
3 CH3X(21) -0.003 0.011 0.008 0.000 0.001
4 HOX(22) -0.004 0.010 0.006 0.000 0.001
5 H2OX(23) -0.001 -0.018 -0.019 0.001 0.001
6 CO2X(24) -0.002 0.121 0.120 0.000 0.001
7 OCX(25) 0.001 -0.017 -0.016 -0.000 0.001
8 CX(26) 0.000 0.026 0.026 0.000 0.001
9 CH2X(27) 0.003 0.025 0.028 0.001 0.001
10 CHX(28) -0.002 -0.002 -0.004 0.000 0.001
11 CH4X(48) -0.003 -0.016 -0.019 -0.000 0.001
12 H2X(49) 0.000 0.022 0.022 0.000 0.001
13 COX(50) -0.002 0.011 0.010 -0.000 0.001
14 CHOX(53) 0.002 -0.020 -0.018 0.000 0.001
Finished thermo sensitivity simulation for a C/O ratio of 2.6
Starting thermo sensitivity simulation for a C/O ratio of 1.8
0 X(1) -0.003 -0.021 -0.024 -0.003 -0.000
1 HX(19) 0.001 -0.054 -0.052 0.001 0.000
2 OX(20) 0.001 -0.046 -0.045 -0.001 -0.000
3 CH3X(21) -0.002 -0.016 -0.018 -0.000 -0.000
4 HOX(22) 0.000 -0.037 -0.037 0.000 0.000
5 H2OX(23) -0.003 -0.031 -0.034 0.001 0.000
6 CO2X(24) -0.001 -0.028 -0.029 0.000 -0.000
7 OCX(25) 0.000 -0.024 -0.024 0.000 -0.000
8 CX(26) 0.001 -0.038 -0.037 0.000 0.000
9 CH2X(27) 0.006 -0.010 -0.003 0.001 0.000
10 CHX(28) 0.005 -0.011 -0.006 0.000 -0.000
11 CH4X(48) -0.000 -0.029 -0.029 -0.000 -0.000
12 H2X(49) -0.001 -0.054 -0.055 0.000 -0.000
13 COX(50) -0.001 -0.017 -0.018 0.000 -0.000
14 CHOX(53) 0.000 -0.029 -0.029 0.000 -0.000
Finished thermo sensitivity simulation for a C/O ratio of 1.8
Starting sensitivity simulation for a C/O ratio of 0.7
0 CH4(2) + X(1) <=> CH4X(48) 0.011 0.290 0.301 -0.000 -0.007
1 O2(3) + 2 X(1) <=> 2 OX(20) 0.724 1.208 1.923 1.209 -0.006
2 H2(6) + 2 X(1) <=> 2 HX(19) 0.011 0.297 0.308 -0.000 -0.007
3 H(12) + X(1) <=> HX(19) 0.005 0.266 0.271 -0.000 -0.007
4 HX(19) + OX(20) <=> HOX(22) + X(1) 0.005 0.256 0.261 -0.000 -0.007
5 H2O(5) + 2 X(1) <=> HOX(22) + HX(19) 0.011 0.228 0.239 0.000 -0.007
6 OH(17) + X(1) <=> HOX(22) 0.011 0.242 0.253 -0.000 -0.007
7 CH4(2) + 2 X(1) <=> CH3X(21) + HX(19) 0.005 0.182 0.187 -0.000 -0.007
8 CH4(2) + OX(20) + X(1) <=> CH3X(21) + HOX(22) 0.005 0.204 0.209 -0.000 -0.007
9 C2H6(8) + 2 X(1) <=> 2 CH3X(21) 0.015 -0.097 -0.082 -0.001 -0.007
10 CH3(10) + X(1) <=> CH3X(21) 0.525 -0.345 0.181 -0.478 -0.008
11 CH3OH(14) + 2 X(1) <=> CH3X(21) + HOX(22) 0.005 0.239 0.245 -0.000 -0.007
12 CH2X(27) + HX(19) <=> CH3X(21) + X(1) -0.940 -0.909 -1.858 -0.963 -0.007
13 CH2X(27) + HOX(22) <=> CH3X(21) + OX(20) -0.034 0.183 0.149 -0.039 -0.007
14 CHX(28) + HX(19) <=> CH2X(27) + X(1) 0.005 0.223 0.228 -0.000 -0.007
15 CHX(28) + HOX(22) <=> CH2X(27) + OX(20) 0.005 0.249 0.254 -0.000 -0.007
16 2 CH2X(27) <=> CH3X(21) + CHX(28) 0.016 0.329 0.345 -0.000 -0.007
17 CHX(28) + X(1) <=> CX(26) + HX(19) 0.011 0.226 0.236 -0.000 -0.007
18 CX(26) + H2(6) <=> CH2X(27) 0.011 0.307 0.317 0.000 -0.007
19 CX(26) + HOX(22) <=> CHX(28) + OX(20) 0.011 0.278 0.289 -0.000 -0.007
20 CH3X(21) + CX(26) <=> CH2X(27) + CHX(28) 0.005 0.273 0.278 -0.000 -0.007
21 CH2X(27) + CX(26) <=> 2 CHX(28) 0.011 0.252 0.262 -0.000 -0.007
22 CO(7) + X(1) <=> OCX(25) 0.005 0.189 0.195 -0.000 -0.007
23 CX(26) + OX(20) <=> OCX(25) + X(1) 0.005 0.249 0.254 -0.000 -0.007
24 H2(6) + X(1) <=> H2X(49) 0.011 0.228 0.239 0.000 -0.007
25 CO(7) + X(1) <=> COX(50) 0.005 0.249 0.254 -0.000 -0.007
26 CH4(2) + HOX(22) + X(1) <=> CH3X(21) + H2OX(23) 0.011 0.369 0.380 -0.000 -0.007
27 H2O(5) + X(1) <=> H2OX(23) 0.005 0.153 0.157 -0.001 -0.007
28 H2OX(23) + OX(20) <=> 2 HOX(22) -0.219 -0.549 -0.769 -0.740 -0.007
29 HOX(22) + HX(19) <=> H2OX(23) + X(1) 0.005 0.268 0.273 -0.000 -0.007
30 CH2O(9) + 2 X(1) <=> CHOX(53) + HX(19) 0.005 0.206 0.211 -0.000 -0.007
31 HCO(15) + X(1) <=> CHOX(53) 0.011 0.316 0.327 -0.000 -0.007
32 CH3CHO(16) + 2 X(1) <=> CH3X(21) + CHOX(53) 0.005 0.239 0.245 -0.000 -0.007
33 CHOX(53) + X(1) <=> HX(19) + OCX(25) 0.016 0.279 0.295 -0.000 -0.007
34 HOX(22) + OCX(25) <=> CHOX(53) + OX(20) 0.011 0.242 0.253 -0.000 -0.007
35 CH2X(27) + CHOX(53) <=> CH3X(21) + OCX(25) 0.011 0.319 0.329 -0.000 -0.007
36 CHOX(53) + CHX(28) <=> CH2X(27) + OCX(25) 0.011 0.307 0.317 -0.000 -0.007
37 CHOX(53) + CX(26) <=> CHX(28) + OCX(25) 0.011 0.326 0.337 -0.000 -0.007
38 CO2(4) + X(1) <=> CO2X(24) 0.005 0.266 0.271 -0.000 -0.007
39 OCX(25) + OX(20) <=> CO2X(24) + X(1) 0.011 0.412 0.423 0.000 -0.007
40 CO2X(24) + HX(19) <=> HOX(22) + OCX(25) 0.011 0.293 0.303 -0.000 -0.007
Finished sensitivity simulation for a C/O ratio of 0.7
Finished translating for C/O ratio of 0.7
Starting sensitivity simulation for a C/O ratio of 1.4
0 CH4(2) + X(1) <=> CH4X(48) 0.003 -0.015 -0.012 0.000 -0.000
1 O2(3) + 2 X(1) <=> 2 OX(20) 0.709 1.235 1.935 1.219 0.002
2 H2(6) + 2 X(1) <=> 2 HX(19) 0.000 -0.042 -0.042 0.000 -0.001
3 H(12) + X(1) <=> HX(19) -0.000 -0.097 -0.097 -0.000 -0.000
4 HX(19) + OX(20) <=> HOX(22) + X(1) -0.001 -0.041 -0.042 0.000 -0.000
5 H2O(5) + 2 X(1) <=> HOX(22) + HX(19) -0.001 -0.074 -0.075 0.000 -0.000
6 OH(17) + X(1) <=> HOX(22) -0.001 -0.071 -0.072 0.000 -0.000
7 CH4(2) + 2 X(1) <=> CH3X(21) + HX(19) -0.003 -0.069 -0.072 0.000 -0.000
8 CH4(2) + OX(20) + X(1) <=> CH3X(21) + HOX(22) -0.002 -0.050 -0.052 -0.000 -0.000
9 C2H6(8) + 2 X(1) <=> 2 CH3X(21) 0.006 -0.121 -0.115 -0.001 -0.000
10 CH3(10) + X(1) <=> CH3X(21) 0.515 -1.134 -0.613 -0.476 -0.002
11 CH3OH(14) + 2 X(1) <=> CH3X(21) + HOX(22) 0.001 -0.044 -0.042 0.000 -0.000
12 CH2X(27) + HX(19) <=> CH3X(21) + X(1) -0.972 -1.115 -2.097 -0.977 -0.001
13 CH2X(27) + HOX(22) <=> CH3X(21) + OX(20) -0.024 -0.105 -0.129 -0.027 -0.000
14 CHX(28) + HX(19) <=> CH2X(27) + X(1) -0.001 -0.074 -0.076 -0.000 -0.000
15 CHX(28) + HOX(22) <=> CH2X(27) + OX(20) 0.004 -0.104 -0.100 -0.000 -0.000
16 2 CH2X(27) <=> CH3X(21) + CHX(28) -0.000 -0.051 -0.051 -0.000 -0.000
17 CHX(28) + X(1) <=> CX(26) + HX(19) 0.003 -0.112 -0.109 -0.000 -0.000
18 CX(26) + H2(6) <=> CH2X(27) 0.000 -0.039 -0.039 0.000 -0.001
19 CX(26) + HOX(22) <=> CHX(28) + OX(20) 0.005 -0.041 -0.036 0.000 -0.000
20 CH3X(21) + CX(26) <=> CH2X(27) + CHX(28) 0.002 -0.116 -0.115 0.000 -0.000
21 CH2X(27) + CX(26) <=> 2 CHX(28) -0.000 -0.082 -0.082 -0.000 -0.000
22 CO(7) + X(1) <=> OCX(25) -0.000 -0.048 -0.048 -0.000 -0.000
23 CX(26) + OX(20) <=> OCX(25) + X(1) 0.002 -0.053 -0.051 0.000 -0.000
24 H2(6) + X(1) <=> H2X(49) -0.001 -0.065 -0.066 -0.000 -0.000
25 CO(7) + X(1) <=> COX(50) 0.002 -0.077 -0.075 0.000 -0.000
26 CH4(2) + HOX(22) + X(1) <=> CH3X(21) + H2OX(23) 0.001 -0.068 -0.067 -0.000 -0.000
27 H2O(5) + X(1) <=> H2OX(23) 0.008 -0.058 -0.050 -0.001 -0.000
28 H2OX(23) + OX(20) <=> 2 HOX(22) -0.241 -0.905 -1.149 -0.744 -0.001
29 HOX(22) + HX(19) <=> H2OX(23) + X(1) 0.003 -0.079 -0.076 0.000 -0.000
30 CH2O(9) + 2 X(1) <=> CHOX(53) + HX(19) 0.003 -0.073 -0.069 0.000 -0.000
31 HCO(15) + X(1) <=> CHOX(53) 0.000 -0.060 -0.060 0.000 -0.000
32 CH3CHO(16) + 2 X(1) <=> CH3X(21) + CHOX(53) 0.003 -0.124 -0.121 0.000 -0.000
33 CHOX(53) + X(1) <=> HX(19) + OCX(25) 0.000 -0.042 -0.042 0.000 -0.000
34 HOX(22) + OCX(25) <=> CHOX(53) + OX(20) -0.003 -0.069 -0.072 0.000 -0.000
35 CH2X(27) + CHOX(53) <=> CH3X(21) + OCX(25) -0.003 -0.097 -0.099 0.000 -0.000
36 CHOX(53) + CHX(28) <=> CH2X(27) + OCX(25) 0.002 -0.107 -0.106 0.000 -0.000
37 CHOX(53) + CX(26) <=> CHX(28) + OCX(25) 0.003 -0.015 -0.012 0.000 -0.000
38 CO2(4) + X(1) <=> CO2X(24) 0.000 -0.057 -0.057 0.000 -0.000
39 OCX(25) + OX(20) <=> CO2X(24) + X(1) 0.004 -0.023 -0.018 0.000 -0.000
40 CO2X(24) + HX(19) <=> HOX(22) + OCX(25) 0.004 -0.080 -0.076 0.000 -0.000
Finished sensitivity simulation for a C/O ratio of 1.4
Finished translating for C/O ratio of 1.4
Starting sensitivity simulation for a C/O ratio of 0.9
0 CH4(2) + X(1) <=> CH4X(48) 0.008 0.096 0.105 -0.000 -0.000
1 O2(3) + 2 X(1) <=> 2 OX(20) 0.717 1.422 2.129 1.212 0.001
2 H2(6) + 2 X(1) <=> 2 HX(19) -0.000 0.060 0.060 -0.000 -0.001
3 H(12) + X(1) <=> HX(19) 0.009 0.148 0.157 0.000 -0.000
4 HX(19) + OX(20) <=> HOX(22) + X(1) 0.008 0.060 0.069 -0.000 -0.000
5 H2O(5) + 2 X(1) <=> HOX(22) + HX(19) -0.000 0.036 0.036 -0.000 -0.000
6 OH(17) + X(1) <=> HOX(22) 0.004 0.048 0.052 -0.000 -0.000
7 CH4(2) + 2 X(1) <=> CH3X(21) + HX(19) 0.008 0.140 0.149 -0.000 -0.000
8 CH4(2) + OX(20) + X(1) <=> CH3X(21) + HOX(22) -0.000 0.004 0.004 -0.000 -0.000
9 C2H6(8) + 2 X(1) <=> 2 CH3X(21) 0.012 0.068 0.079 -0.001 -0.000
10 CH3(10) + X(1) <=> CH3X(21) 0.517 -0.643 -0.123 -0.482 -0.002
11 CH3OH(14) + 2 X(1) <=> CH3X(21) + HOX(22) 0.004 0.008 0.012 -0.000 -0.000
12 CH2X(27) + HX(19) <=> CH3X(21) + X(1) -0.955 -0.922 -1.886 -0.969 -0.000
13 CH2X(27) + HOX(22) <=> CH3X(21) + OX(20) -0.030 0.082 0.052 -0.034 -0.000
14 CHX(28) + HX(19) <=> CH2X(27) + X(1) 0.009 0.060 0.069 0.000 0.000
15 CHX(28) + HOX(22) <=> CH2X(27) + OX(20) 0.004 0.128 0.132 -0.000 -0.000
16 2 CH2X(27) <=> CH3X(21) + CHX(28) 0.004 0.040 0.044 -0.000 -0.000
17 CHX(28) + X(1) <=> CX(26) + HX(19) -0.000 0.132 0.132 -0.000 -0.000
18 CX(26) + H2(6) <=> CH2X(27) 0.008 0.048 0.057 -0.000 -0.000
19 CX(26) + HOX(22) <=> CHX(28) + OX(20) 0.004 0.008 0.013 0.000 -0.000
20 CH3X(21) + CX(26) <=> CH2X(27) + CHX(28) 0.008 0.096 0.105 -0.000 -0.000
21 CH2X(27) + CX(26) <=> 2 CHX(28) 0.008 0.048 0.057 -0.000 -0.000
22 CO(7) + X(1) <=> OCX(25) 0.004 0.064 0.068 -0.000 -0.000
23 CX(26) + OX(20) <=> OCX(25) + X(1) -0.004 0.032 0.027 -0.000 -0.000
24 H2(6) + X(1) <=> H2X(49) -0.000 0.076 0.076 -0.000 -0.000
25 CO(7) + X(1) <=> COX(50) -0.004 0.008 0.003 -0.000 -0.000
26 CH4(2) + HOX(22) + X(1) <=> CH3X(21) + H2OX(23) 0.004 0.092 0.096 -0.000 -0.000
27 H2O(5) + X(1) <=> H2OX(23) 0.004 0.103 0.107 -0.001 -0.000
28 H2OX(23) + OX(20) <=> 2 HOX(22) -0.231 -0.551 -0.783 -0.743 -0.000
29 HOX(22) + HX(19) <=> H2OX(23) + X(1) 0.004 0.112 0.116 -0.000 -0.000
30 CH2O(9) + 2 X(1) <=> CHOX(53) + HX(19) 0.008 0.028 0.037 -0.000 -0.000
31 HCO(15) + X(1) <=> CHOX(53) -0.004 0.159 0.155 -0.000 -0.000
32 CH3CHO(16) + 2 X(1) <=> CH3X(21) + CHOX(53) -0.000 0.060 0.060 -0.000 -0.000
33 CHOX(53) + X(1) <=> HX(19) + OCX(25) 0.004 0.104 0.108 -0.000 -0.000
34 HOX(22) + OCX(25) <=> CHOX(53) + OX(20) -0.000 0.196 0.195 -0.000 -0.000
35 CH2X(27) + CHOX(53) <=> CH3X(21) + OCX(25) 0.004 0.028 0.032 0.000 -0.000
36 CHOX(53) + CHX(28) <=> CH2X(27) + OCX(25) -0.000 0.008 0.008 -0.000 -0.000
37 CHOX(53) + CX(26) <=> CHX(28) + OCX(25) -0.000 0.196 0.195 -0.000 -0.000
38 CO2(4) + X(1) <=> CO2X(24) 0.004 0.056 0.060 -0.000 -0.000
39 OCX(25) + OX(20) <=> CO2X(24) + X(1) 0.008 0.084 0.092 -0.000 -0.000
40 CO2X(24) + HX(19) <=> HOX(22) + OCX(25) -0.000 0.036 0.036 -0.000 -0.000
Finished sensitivity simulation for a C/O ratio of 0.9
Finished translating for C/O ratio of 0.9
Starting sensitivity simulation for a C/O ratio of 0.8
0 CH4(2) + X(1) <=> CH4X(48) 0.000 0.017 0.017 0.000 0.000
1 O2(3) + 2 X(1) <=> 2 OX(20) 0.724 1.168 1.883 1.211 0.001
2 H2(6) + 2 X(1) <=> 2 HX(19) -0.005 -0.035 -0.040 0.000 -0.001
3 H(12) + X(1) <=> HX(19) 0.000 0.009 0.009 0.000 -0.000
4 HX(19) + OX(20) <=> HOX(22) + X(1) -0.005 0.087 0.082 0.000 0.000
5 H2O(5) + 2 X(1) <=> HOX(22) + HX(19) -0.005 0.056 0.051 0.000 0.000
6 OH(17) + X(1) <=> HOX(22) 0.000 0.013 0.013 0.000 0.000
7 CH4(2) + 2 X(1) <=> CH3X(21) + HX(19) -0.005 0.082 0.077 0.000 0.000
8 CH4(2) + OX(20) + X(1) <=> CH3X(21) + HOX(22) -0.000 0.035 0.035 -0.000 -0.000
9 C2H6(8) + 2 X(1) <=> 2 CH3X(21) -0.001 0.003 0.002 -0.001 -0.000
10 CH3(10) + X(1) <=> CH3X(21) 0.516 -0.530 -0.012 -0.478 -0.001
11 CH3OH(14) + 2 X(1) <=> CH3X(21) + HOX(22) 0.000 0.013 0.013 0.000 0.000
12 CH2X(27) + HX(19) <=> CH3X(21) + X(1) -0.965 -0.934 -1.908 -0.966 -0.000
13 CH2X(27) + HOX(22) <=> CH3X(21) + OX(20) -0.037 -0.076 -0.112 -0.037 -0.000
14 CHX(28) + HX(19) <=> CH2X(27) + X(1) -0.005 -0.057 -0.062 -0.000 0.000
15 CHX(28) + HOX(22) <=> CH2X(27) + OX(20) -0.005 0.039 0.034 0.000 0.000
16 2 CH2X(27) <=> CH3X(21) + CHX(28) 0.000 0.026 0.026 0.000 0.000
17 CHX(28) + X(1) <=> CX(26) + HX(19) 0.000 0.043 0.043 0.000 0.000
18 CX(26) + H2(6) <=> CH2X(27) 0.000 0.043 0.043 0.000 -0.000
19 CX(26) + HOX(22) <=> CHX(28) + OX(20) 0.005 0.000 0.005 0.000 0.000
20 CH3X(21) + CX(26) <=> CH2X(27) + CHX(28) 0.000 0.013 0.013 0.000 0.000
21 CH2X(27) + CX(26) <=> 2 CHX(28) 0.000 0.065 0.065 0.000 0.000
22 CO(7) + X(1) <=> OCX(25) -0.000 0.017 0.017 -0.000 0.000
23 CX(26) + OX(20) <=> OCX(25) + X(1) -0.009 0.025 0.016 0.000 0.000
24 H2(6) + X(1) <=> H2X(49) 0.000 -0.013 -0.013 0.000 0.000
25 CO(7) + X(1) <=> COX(50) -0.005 0.043 0.038 0.000 0.000
26 CH4(2) + HOX(22) + X(1) <=> CH3X(21) + H2OX(23) -0.005 0.021 0.017 -0.000 0.000
27 H2O(5) + X(1) <=> H2OX(23) -0.001 0.060 0.059 -0.001 -0.000
28 H2OX(23) + OX(20) <=> 2 HOX(22) -0.239 -0.823 -1.064 -0.740 -0.000
29 HOX(22) + HX(19) <=> H2OX(23) + X(1) -0.005 0.078 0.073 0.000 0.000
30 CH2O(9) + 2 X(1) <=> CHOX(53) + HX(19) 0.000 -0.004 -0.004 0.000 0.000
31 HCO(15) + X(1) <=> CHOX(53) -0.005 0.043 0.038 0.000 0.000
32 CH3CHO(16) + 2 X(1) <=> CH3X(21) + CHOX(53) 0.000 0.030 0.030 0.000 0.000
33 CHOX(53) + X(1) <=> HX(19) + OCX(25) 0.000 0.009 0.009 0.000 0.000
34 HOX(22) + OCX(25) <=> CHOX(53) + OX(20) -0.005 0.017 0.012 0.000 0.000
35 CH2X(27) + CHOX(53) <=> CH3X(21) + OCX(25) 0.000 0.043 0.043 0.000 0.000
36 CHOX(53) + CHX(28) <=> CH2X(27) + OCX(25) 0.005 -0.013 -0.008 0.000 0.000
37 CHOX(53) + CX(26) <=> CHX(28) + OCX(25) 0.000 0.013 0.013 0.000 0.000
38 CO2(4) + X(1) <=> CO2X(24) -0.005 0.030 0.025 0.000 0.000
39 OCX(25) + OX(20) <=> CO2X(24) + X(1) -0.005 0.043 0.038 0.000 0.000
40 CO2X(24) + HX(19) <=> HOX(22) + OCX(25) 0.000 0.083 0.083 0.000 0.000
Finished sensitivity simulation for a C/O ratio of 0.8
Finished translating for C/O ratio of 0.8
Starting sensitivity simulation for a C/O ratio of 2.0
0 CH4(2) + X(1) <=> CH4X(48) -0.002 -0.291 -0.294 0.000 -0.000
1 O2(3) + 2 X(1) <=> 2 OX(20) 0.727 1.131 1.849 1.225 0.004
2 H2(6) + 2 X(1) <=> 2 HX(19) -0.002 -0.127 -0.129 0.000 -0.002
3 H(12) + X(1) <=> HX(19) -0.001 -0.278 -0.279 0.000 -0.000
4 HX(19) + OX(20) <=> HOX(22) + X(1) 0.003 0.056 0.059 0.000 -0.000
5 H2O(5) + 2 X(1) <=> HOX(22) + HX(19) -0.001 -0.180 -0.181 0.000 0.000
6 OH(17) + X(1) <=> HOX(22) -0.007 -0.208 -0.215 0.000 0.000
7 CH4(2) + 2 X(1) <=> CH3X(21) + HX(19) -0.001 -0.191 -0.192 0.000 0.000
8 CH4(2) + OX(20) + X(1) <=> CH3X(21) + HOX(22) -0.004 -0.119 -0.124 -0.000 -0.000
9 C2H6(8) + 2 X(1) <=> 2 CH3X(21) -0.005 -0.035 -0.041 -0.002 -0.000
10 CH3(10) + X(1) <=> CH3X(21) 0.506 -0.714 -0.205 -0.483 -0.003
11 CH3OH(14) + 2 X(1) <=> CH3X(21) + HOX(22) -0.003 0.054 0.051 0.000 0.000
12 CH2X(27) + HX(19) <=> CH3X(21) + X(1) -0.983 -1.018 -2.012 -0.983 -0.000
13 CH2X(27) + HOX(22) <=> CH3X(21) + OX(20) -0.024 0.103 0.080 -0.022 -0.000
14 CHX(28) + HX(19) <=> CH2X(27) + X(1) -0.001 -0.123 -0.124 0.000 0.000
15 CHX(28) + HOX(22) <=> CH2X(27) + OX(20) -0.001 0.014 0.013 0.000 0.000
16 2 CH2X(27) <=> CH3X(21) + CHX(28) -0.001 0.069 0.068 0.000 0.000
17 CHX(28) + X(1) <=> CX(26) + HX(19) -0.001 -0.171 -0.172 -0.000 -0.000
18 CX(26) + H2(6) <=> CH2X(27) -0.002 -0.094 -0.097 0.000 -0.000
19 CX(26) + HOX(22) <=> CHX(28) + OX(20) 0.000 -0.085 -0.085 0.000 0.000
20 CH3X(21) + CX(26) <=> CH2X(27) + CHX(28) -0.001 -0.138 -0.139 0.000 -0.000
21 CH2X(27) + CX(26) <=> 2 CHX(28) 0.001 -0.081 -0.080 0.000 0.000
22 CO(7) + X(1) <=> OCX(25) -0.004 -0.171 -0.176 0.000 0.000
23 CX(26) + OX(20) <=> OCX(25) + X(1) -0.002 0.038 0.036 0.000 0.000
24 H2(6) + X(1) <=> H2X(49) 0.002 -0.025 -0.023 0.000 0.000
25 CO(7) + X(1) <=> COX(50) 0.001 -0.188 -0.187 0.000 0.000
26 CH4(2) + HOX(22) + X(1) <=> CH3X(21) + H2OX(23) 0.000 -0.257 -0.257 0.000 0.000
27 H2O(5) + X(1) <=> H2OX(23) 0.001 -0.029 -0.029 -0.001 0.000
28 H2OX(23) + OX(20) <=> 2 HOX(22) -0.244 -0.816 -1.062 -0.744 0.000
29 HOX(22) + HX(19) <=> H2OX(23) + X(1) 0.000 -0.212 -0.212 0.000 0.000
30 CH2O(9) + 2 X(1) <=> CHOX(53) + HX(19) -0.000 -0.042 -0.042 -0.000 -0.000
31 HCO(15) + X(1) <=> CHOX(53) -0.002 -0.109 -0.111 0.000 0.000
32 CH3CHO(16) + 2 X(1) <=> CH3X(21) + CHOX(53) -0.001 0.014 0.013 -0.000 -0.000
33 CHOX(53) + X(1) <=> HX(19) + OCX(25) -0.004 -0.134 -0.138 -0.000 -0.000
34 HOX(22) + OCX(25) <=> CHOX(53) + OX(20) -0.002 -0.164 -0.166 0.000 0.000
35 CH2X(27) + CHOX(53) <=> CH3X(21) + OCX(25) -0.002 -0.077 -0.079 -0.000 0.000
36 CHOX(53) + CHX(28) <=> CH2X(27) + OCX(25) 0.000 -0.015 -0.015 0.000 0.000
37 CHOX(53) + CX(26) <=> CHX(28) + OCX(25) -0.001 -0.066 -0.067 0.000 0.000
38 CO2(4) + X(1) <=> CO2X(24) -0.004 -0.102 -0.106 0.000 0.000
39 OCX(25) + OX(20) <=> CO2X(24) + X(1) -0.002 0.000 -0.002 -0.000 -0.000
40 CO2X(24) + HX(19) <=> HOX(22) + OCX(25) -0.002 0.050 0.048 -0.000 0.000
Finished sensitivity simulation for a C/O ratio of 2.0
Finished translating for C/O ratio of 2.0
Starting sensitivity simulation for a C/O ratio of 1.1
0 CH4(2) + X(1) <=> CH4X(48) 0.000 -0.228 -0.228 0.000 0.000
1 O2(3) + 2 X(1) <=> 2 OX(20) 0.696 1.003 1.692 1.216 0.002
2 H2(6) + 2 X(1) <=> 2 HX(19) -0.007 -0.060 -0.067 0.000 -0.001
3 H(12) + X(1) <=> HX(19) -0.003 -0.372 -0.376 0.000 -0.000
4 HX(19) + OX(20) <=> HOX(22) + X(1) -0.003 -0.067 -0.070 0.000 0.000
5 H2O(5) + 2 X(1) <=> HOX(22) + HX(19) 0.000 -0.358 -0.358 0.000 0.000
6 OH(17) + X(1) <=> HOX(22) -0.004 -0.032 -0.035 0.000 0.000
7 CH4(2) + 2 X(1) <=> CH3X(21) + HX(19) -0.004 -0.077 -0.081 0.000 0.000
8 CH4(2) + OX(20) + X(1) <=> CH3X(21) + HOX(22) 0.004 -0.333 -0.330 0.000 0.000
9 C2H6(8) + 2 X(1) <=> 2 CH3X(21) -0.001 -0.461 -0.463 -0.001 -0.000
10 CH3(10) + X(1) <=> CH3X(21) 0.496 -0.818 -0.318 -0.481 -0.002
11 CH3OH(14) + 2 X(1) <=> CH3X(21) + HOX(22) -0.003 -0.077 -0.081 0.000 0.000
12 CH2X(27) + HX(19) <=> CH3X(21) + X(1) -0.979 -0.780 -1.766 -0.972 -0.000
13 CH2X(27) + HOX(22) <=> CH3X(21) + OX(20) -0.031 -0.273 -0.304 -0.031 0.000
14 CHX(28) + HX(19) <=> CH2X(27) + X(1) 0.000 0.088 0.088 0.000 0.000
15 CHX(28) + HOX(22) <=> CH2X(27) + OX(20) -0.007 -0.358 -0.365 0.000 0.000
16 2 CH2X(27) <=> CH3X(21) + CHX(28) 0.000 -0.274 -0.274 0.000 0.000
17 CHX(28) + X(1) <=> CX(26) + HX(19) -0.003 -0.140 -0.144 0.000 0.000
18 CX(26) + H2(6) <=> CH2X(27) -0.003 -0.232 -0.235 0.000 -0.000
19 CX(26) + HOX(22) <=> CHX(28) + OX(20) -0.004 -0.267 -0.270 0.000 0.000
20 CH3X(21) + CX(26) <=> CH2X(27) + CHX(28) -0.003 -0.060 -0.063 0.000 0.000
21 CH2X(27) + CX(26) <=> 2 CHX(28) 0.000 -0.404 -0.404 0.000 0.000
22 CO(7) + X(1) <=> OCX(25) 0.000 -0.277 -0.277 0.000 0.000
23 CX(26) + OX(20) <=> OCX(25) + X(1) 0.000 -0.172 -0.172 0.000 0.000
24 H2(6) + X(1) <=> H2X(49) 0.000 -0.060 -0.060 0.000 0.000
25 CO(7) + X(1) <=> COX(50) -0.003 -0.091 -0.095 0.000 0.000
26 CH4(2) + HOX(22) + X(1) <=> CH3X(21) + H2OX(23) -0.007 -0.109 -0.116 0.000 0.000
27 H2O(5) + X(1) <=> H2OX(23) -0.004 -0.194 -0.198 -0.001 0.000
28 H2OX(23) + OX(20) <=> 2 HOX(22) -0.250 -1.116 -1.368 -0.742 0.000
29 HOX(22) + HX(19) <=> H2OX(23) + X(1) -0.004 0.046 0.042 0.000 0.000
30 CH2O(9) + 2 X(1) <=> CHOX(53) + HX(19) 0.000 -0.060 -0.059 0.000 0.000
31 HCO(15) + X(1) <=> CHOX(53) -0.007 -0.014 -0.021 0.000 0.000
32 CH3CHO(16) + 2 X(1) <=> CH3X(21) + CHOX(53) 0.000 -0.014 -0.014 0.000 0.000
33 CHOX(53) + X(1) <=> HX(19) + OCX(25) 0.000 -0.158 -0.158 0.000 0.000
34 HOX(22) + OCX(25) <=> CHOX(53) + OX(20) -0.004 -0.112 -0.116 0.000 0.000
35 CH2X(27) + CHOX(53) <=> CH3X(21) + OCX(25) 0.000 -0.074 -0.074 0.000 0.000
36 CHOX(53) + CHX(28) <=> CH2X(27) + OCX(25) -0.003 -0.077 -0.081 0.000 0.000
37 CHOX(53) + CX(26) <=> CHX(28) + OCX(25) 0.000 -0.003 -0.003 0.000 0.000
38 CO2(4) + X(1) <=> CO2X(24) -0.003 -0.225 -0.228 0.000 0.000
39 OCX(25) + OX(20) <=> CO2X(24) + X(1) 0.000 0.049 0.049 0.000 0.000
40 CO2X(24) + HX(19) <=> HOX(22) + OCX(25) -0.007 0.095 0.088 0.000 0.000
Finished sensitivity simulation for a C/O ratio of 1.1
Finished translating for C/O ratio of 1.1
Starting sensitivity simulation for a C/O ratio of 0.6
0 CH4(2) + X(1) <=> CH4X(48) 0.005 -0.122 -0.117 -0.001 -0.011
1 O2(3) + 2 X(1) <=> 2 OX(20) 0.723 0.899 1.616 1.208 -0.009
2 H2(6) + 2 X(1) <=> 2 HX(19) -0.001 -0.063 -0.065 -0.001 -0.011
3 H(12) + X(1) <=> HX(19) 0.011 -0.167 -0.156 -0.002 -0.011
4 HX(19) + OX(20) <=> HOX(22) + X(1) 0.017 -0.048 -0.031 -0.002 -0.011
5 H2O(5) + 2 X(1) <=> HOX(22) + HX(19) 0.011 -0.016 -0.005 -0.001 -0.011
6 OH(17) + X(1) <=> HOX(22) 0.005 -0.114 -0.109 -0.002 -0.011
7 CH4(2) + 2 X(1) <=> CH3X(21) + HX(19) 0.005 -0.226 -0.221 -0.001 -0.011
8 CH4(2) + OX(20) + X(1) <=> CH3X(21) + HOX(22) 0.011 0.247 0.258 -0.001 -0.011
9 C2H6(8) + 2 X(1) <=> 2 CH3X(21) 0.004 -0.071 -0.067 -0.002 -0.011
10 CH3(10) + X(1) <=> CH3X(21) 0.524 -0.831 -0.303 -0.482 -0.012
11 CH3OH(14) + 2 X(1) <=> CH3X(21) + HOX(22) 0.005 -0.081 -0.077 -0.001 -0.011
12 CH2X(27) + HX(19) <=> CH3X(21) + X(1) -0.947 -1.012 -1.969 -0.961 -0.011
13 CH2X(27) + HOX(22) <=> CH3X(21) + OX(20) -0.032 -0.147 -0.179 -0.044 -0.011
14 CHX(28) + HX(19) <=> CH2X(27) + X(1) 0.011 -0.153 -0.142 -0.001 -0.011
15 CHX(28) + HOX(22) <=> CH2X(27) + OX(20) -0.001 -0.031 -0.033 -0.001 -0.011
16 2 CH2X(27) <=> CH3X(21) + CHX(28) 0.011 -0.027 -0.016 -0.001 -0.011
17 CHX(28) + X(1) <=> CX(26) + HX(19) -0.001 -0.318 -0.320 -0.001 -0.011
18 CX(26) + H2(6) <=> CH2X(27) 0.011 -0.032 -0.022 -0.002 -0.011
19 CX(26) + HOX(22) <=> CHX(28) + OX(20) 0.005 -0.304 -0.300 -0.001 -0.011
20 CH3X(21) + CX(26) <=> CH2X(27) + CHX(28) 0.017 -0.026 -0.009 -0.001 -0.011
21 CH2X(27) + CX(26) <=> 2 CHX(28) -0.001 -0.098 -0.099 -0.001 -0.011
22 CO(7) + X(1) <=> OCX(25) 0.005 -0.087 -0.082 -0.002 -0.011
23 CX(26) + OX(20) <=> OCX(25) + X(1) 0.005 -0.079 -0.074 -0.001 -0.011
24 H2(6) + X(1) <=> H2X(49) 0.011 -0.099 -0.089 -0.001 -0.011
25 CO(7) + X(1) <=> COX(50) 0.011 -0.013 -0.003 -0.001 -0.011
26 CH4(2) + HOX(22) + X(1) <=> CH3X(21) + H2OX(23) 0.004 -0.014 -0.010 -0.002 -0.011
27 H2O(5) + X(1) <=> H2OX(23) 0.016 -0.167 -0.151 -0.002 -0.011
28 H2OX(23) + OX(20) <=> 2 HOX(22) -0.238 -0.747 -0.987 -0.739 -0.011
29 HOX(22) + HX(19) <=> H2OX(23) + X(1) 0.011 -0.032 -0.021 -0.001 -0.011
30 CH2O(9) + 2 X(1) <=> CHOX(53) + HX(19) 0.005 0.109 0.114 -0.001 -0.011
31 HCO(15) + X(1) <=> CHOX(53) 0.017 0.092 0.109 -0.002 -0.011
32 CH3CHO(16) + 2 X(1) <=> CH3X(21) + CHOX(53) 0.004 -0.033 -0.029 -0.002 -0.011
33 CHOX(53) + X(1) <=> HX(19) + OCX(25) -0.001 -0.069 -0.070 -0.001 -0.011
34 HOX(22) + OCX(25) <=> CHOX(53) + OX(20) -0.001 -0.069 -0.070 -0.001 -0.011
35 CH2X(27) + CHOX(53) <=> CH3X(21) + OCX(25) 0.011 -0.151 -0.140 -0.002 -0.011
36 CHOX(53) + CHX(28) <=> CH2X(27) + OCX(25) 0.005 0.021 0.025 -0.001 -0.011
37 CHOX(53) + CX(26) <=> CHX(28) + OCX(25) 0.012 -0.106 -0.094 0.000 -0.010
38 CO2(4) + X(1) <=> CO2X(24) 0.011 -0.086 -0.075 -0.001 -0.011
39 OCX(25) + OX(20) <=> CO2X(24) + X(1) -0.001 -0.031 -0.032 -0.001 -0.011
40 CO2X(24) + HX(19) <=> HOX(22) + OCX(25) 0.005 0.007 0.012 -0.001 -0.011
Finished sensitivity simulation for a C/O ratio of 0.6
Finished translating for C/O ratio of 0.6
Starting sensitivity simulation for a C/O ratio of 1.8
0 CH4(2) + X(1) <=> CH4X(48) 0.001 -0.038 -0.037 0.000 0.000
1 O2(3) + 2 X(1) <=> 2 OX(20) 0.721 1.027 1.740 1.223 0.003
2 H2(6) + 2 X(1) <=> 2 HX(19) 0.002 -0.032 -0.029 0.000 -0.002
3 H(12) + X(1) <=> HX(19) 0.004 -0.012 -0.009 -0.000 -0.000
4 HX(19) + OX(20) <=> HOX(22) + X(1) 0.001 -0.044 -0.042 0.000 -0.000
5 H2O(5) + 2 X(1) <=> HOX(22) + HX(19) -0.001 -0.012 -0.013 0.000 -0.000
6 OH(17) + X(1) <=> HOX(22) -0.002 -0.050 -0.052 -0.000 -0.000
7 CH4(2) + 2 X(1) <=> CH3X(21) + HX(19) 0.000 -0.058 -0.058 0.000 -0.000
8 CH4(2) + OX(20) + X(1) <=> CH3X(21) + HOX(22) -0.000 -0.018 -0.019 -0.000 -0.000
9 C2H6(8) + 2 X(1) <=> 2 CH3X(21) 0.006 -0.057 -0.050 -0.002 -0.000
10 CH3(10) + X(1) <=> CH3X(21) 0.508 -0.537 -0.027 -0.483 -0.003
11 CH3OH(14) + 2 X(1) <=> CH3X(21) + HOX(22) 0.002 -0.045 -0.043 0.000 -0.000
12 CH2X(27) + HX(19) <=> CH3X(21) + X(1) -0.976 -1.010 -1.996 -0.981 -0.000
13 CH2X(27) + HOX(22) <=> CH3X(21) + OX(20) -0.023 -0.052 -0.075 -0.023 -0.000
14 CHX(28) + HX(19) <=> CH2X(27) + X(1) -0.000 -0.018 -0.018 -0.000 0.000
15 CHX(28) + HOX(22) <=> CH2X(27) + OX(20) 0.000 -0.029 -0.029 0.000 0.000
16 2 CH2X(27) <=> CH3X(21) + CHX(28) 0.000 -0.040 -0.040 0.000 -0.000
17 CHX(28) + X(1) <=> CX(26) + HX(19) 0.001 -0.038 -0.037 0.000 -0.000
18 CX(26) + H2(6) <=> CH2X(27) 0.001 -0.028 -0.027 -0.000 -0.000
19 CX(26) + HOX(22) <=> CHX(28) + OX(20) 0.000 -0.008 -0.008 0.000 -0.000
20 CH3X(21) + CX(26) <=> CH2X(27) + CHX(28) 0.004 -0.023 -0.019 -0.000 -0.000
21 CH2X(27) + CX(26) <=> 2 CHX(28) 0.000 -0.055 -0.055 0.000 -0.000
22 CO(7) + X(1) <=> OCX(25) -0.005 0.008 0.004 -0.000 -0.000
23 CX(26) + OX(20) <=> OCX(25) + X(1) -0.001 -0.012 -0.013 0.000 -0.000
24 H2(6) + X(1) <=> H2X(49) 0.000 -0.029 -0.029 0.000 -0.000
25 CO(7) + X(1) <=> COX(50) -0.002 -0.023 -0.026 0.000 -0.000
26 CH4(2) + HOX(22) + X(1) <=> CH3X(21) + H2OX(23) 0.001 -0.117 -0.116 -0.000 -0.000
27 H2O(5) + X(1) <=> H2OX(23) 0.001 -0.039 -0.038 -0.001 -0.000
28 H2OX(23) + OX(20) <=> 2 HOX(22) -0.246 -0.835 -1.083 -0.745 -0.000
29 HOX(22) + HX(19) <=> H2OX(23) + X(1) 0.000 -0.037 -0.037 0.000 -0.000
30 CH2O(9) + 2 X(1) <=> CHOX(53) + HX(19) 0.000 -0.040 -0.040 0.000 -0.000
31 HCO(15) + X(1) <=> CHOX(53) 0.002 -0.003 -0.000 0.000 -0.000
32 CH3CHO(16) + 2 X(1) <=> CH3X(21) + CHOX(53) 0.000 -0.018 -0.018 0.000 -0.000
33 CHOX(53) + X(1) <=> HX(19) + OCX(25) -0.001 -0.020 -0.021 -0.000 -0.000
34 HOX(22) + OCX(25) <=> CHOX(53) + OX(20) 0.001 -0.028 -0.027 0.000 0.000
35 CH2X(27) + CHOX(53) <=> CH3X(21) + OCX(25) 0.001 -0.041 -0.040 0.000 -0.000
36 CHOX(53) + CHX(28) <=> CH2X(27) + OCX(25) 0.001 0.020 0.021 0.000 0.000
37 CHOX(53) + CX(26) <=> CHX(28) + OCX(25) -0.002 -0.050 -0.052 0.000 -0.000
38 CO2(4) + X(1) <=> CO2X(24) -0.000 -0.000 -0.000 -0.000 -0.000
39 OCX(25) + OX(20) <=> CO2X(24) + X(1) -0.004 -0.019 -0.023 0.000 -0.000
40 CO2X(24) + HX(19) <=> HOX(22) + OCX(25) -0.002 -0.016 -0.018 0.000 -0.000
Finished sensitivity simulation for a C/O ratio of 1.8
Finished translating for C/O ratio of 1.8
Starting sensitivity simulation for a C/O ratio of 2.4
0 CH4(2) + X(1) <=> CH4X(48) -0.001 0.031 0.030 0.000 -0.000
1 O2(3) + 2 X(1) <=> 2 OX(20) 0.731 1.188 1.910 1.226 0.005
2 H2(6) + 2 X(1) <=> 2 HX(19) -0.000 0.005 0.005 -0.000 -0.002
3 H(12) + X(1) <=> HX(19) -0.002 0.044 0.042 -0.000 -0.000
4 HX(19) + OX(20) <=> HOX(22) + X(1) -0.001 -0.024 -0.025 -0.000 -0.000
5 H2O(5) + 2 X(1) <=> HOX(22) + HX(19) 0.001 0.006 0.006 -0.000 0.000
6 OH(17) + X(1) <=> HOX(22) -0.001 0.040 0.039 -0.000 -0.000
7 CH4(2) + 2 X(1) <=> CH3X(21) + HX(19) 0.002 0.020 0.022 -0.000 -0.000
8 CH4(2) + OX(20) + X(1) <=> CH3X(21) + HOX(22) -0.000 0.032 0.032 -0.000 0.000
9 C2H6(8) + 2 X(1) <=> 2 CH3X(21) -0.001 0.003 0.002 -0.002 -0.000
10 CH3(10) + X(1) <=> CH3X(21) 0.505 -0.538 -0.030 -0.484 -0.005
11 CH3OH(14) + 2 X(1) <=> CH3X(21) + HOX(22) -0.003 0.043 0.040 -0.000 -0.000
12 CH2X(27) + HX(19) <=> CH3X(21) + X(1) -0.979 -0.998 -1.987 -0.985 -0.000
13 CH2X(27) + HOX(22) <=> CH3X(21) + OX(20) -0.018 0.013 -0.005 -0.019 -0.000
14 CHX(28) + HX(19) <=> CH2X(27) + X(1) -0.001 0.004 0.003 -0.000 0.000
15 CHX(28) + HOX(22) <=> CH2X(27) + OX(20) -0.001 0.017 0.016 -0.000 0.000
16 2 CH2X(27) <=> CH3X(21) + CHX(28) 0.001 0.006 0.006 -0.000 -0.000
17 CHX(28) + X(1) <=> CX(26) + HX(19) -0.001 0.045 0.044 -0.000 -0.000
18 CX(26) + H2(6) <=> CH2X(27) -0.002 -0.011 -0.013 -0.000 -0.000
19 CX(26) + HOX(22) <=> CHX(28) + OX(20) -0.004 0.019 0.015 -0.000 -0.000
20 CH3X(21) + CX(26) <=> CH2X(27) + CHX(28) -0.001 0.017 0.016 -0.000 -0.000
21 CH2X(27) + CX(26) <=> 2 CHX(28) -0.003 0.029 0.026 -0.000 -0.000
22 CO(7) + X(1) <=> OCX(25) -0.000 0.018 0.018 -0.000 -0.000
23 CX(26) + OX(20) <=> OCX(25) + X(1) -0.000 0.005 0.005 -0.000 -0.000
24 H2(6) + X(1) <=> H2X(49) -0.002 0.016 0.014 -0.000 -0.000
25 CO(7) + X(1) <=> COX(50) 0.001 0.006 0.006 -0.000 -0.000
26 CH4(2) + HOX(22) + X(1) <=> CH3X(21) + H2OX(23) 0.003 0.053 0.056 -0.000 -0.000
27 H2O(5) + X(1) <=> H2OX(23) -0.004 0.028 0.025 -0.001 -0.000
28 H2OX(23) + OX(20) <=> 2 HOX(22) -0.246 -0.721 -0.969 -0.746 -0.000
29 HOX(22) + HX(19) <=> H2OX(23) + X(1) -0.004 0.019 0.015 0.000 -0.000
30 CH2O(9) + 2 X(1) <=> CHOX(53) + HX(19) -0.003 -0.035 -0.038 -0.000 -0.000
31 HCO(15) + X(1) <=> CHOX(53) -0.001 0.004 0.003 0.000 -0.000
32 CH3CHO(16) + 2 X(1) <=> CH3X(21) + CHOX(53) -0.003 0.029 0.026 -0.000 -0.000
33 CHOX(53) + X(1) <=> HX(19) + OCX(25) -0.001 -0.010 -0.011 -0.000 -0.000
34 HOX(22) + OCX(25) <=> CHOX(53) + OX(20) -0.001 0.004 0.003 0.000 -0.000
35 CH2X(27) + CHOX(53) <=> CH3X(21) + OCX(25) -0.000 0.005 0.005 -0.000 -0.000
36 CHOX(53) + CHX(28) <=> CH2X(27) + OCX(25) 0.001 0.042 0.043 -0.000 -0.000
37 CHOX(53) + CX(26) <=> CHX(28) + OCX(25) -0.001 0.004 0.003 -0.000 -0.000
38 CO2(4) + X(1) <=> CO2X(24) 0.001 0.056 0.057 -0.000 -0.000
39 OCX(25) + OX(20) <=> CO2X(24) + X(1) -0.000 0.005 0.005 -0.000 -0.000
40 CO2X(24) + HX(19) <=> HOX(22) + OCX(25) -0.000 0.005 0.005 -0.000 -0.000
Finished sensitivity simulation for a C/O ratio of 2.4
Finished translating for C/O ratio of 2.4
Starting sensitivity simulation for a C/O ratio of 2.2
0 CH4(2) + X(1) <=> CH4X(48) -0.003 -0.029 -0.032 0.000 0.000
1 O2(3) + 2 X(1) <=> 2 OX(20) 0.729 1.182 1.902 1.225 0.004
2 H2(6) + 2 X(1) <=> 2 HX(19) -0.002 -0.028 -0.030 0.000 -0.002
3 H(12) + X(1) <=> HX(19) 0.000 -0.040 -0.040 0.000 -0.000
4 HX(19) + OX(20) <=> HOX(22) + X(1) -0.002 -0.016 -0.018 0.000 0.000
5 H2O(5) + 2 X(1) <=> HOX(22) + HX(19) -0.001 0.011 0.010 0.000 0.000
6 OH(17) + X(1) <=> HOX(22) -0.003 -0.058 -0.061 0.000 0.000
7 CH4(2) + 2 X(1) <=> CH3X(21) + HX(19) -0.002 -0.057 -0.059 0.000 0.000
8 CH4(2) + OX(20) + X(1) <=> CH3X(21) + HOX(22) -0.003 -0.029 -0.032 -0.000 0.000
9 C2H6(8) + 2 X(1) <=> 2 CH3X(21) 0.005 -0.066 -0.061 -0.002 -0.000
10 CH3(10) + X(1) <=> CH3X(21) 0.512 -0.588 -0.073 -0.484 -0.004
11 CH3OH(14) + 2 X(1) <=> CH3X(21) + HOX(22) 0.000 -0.002 -0.002 0.000 0.000
12 CH2X(27) + HX(19) <=> CH3X(21) + X(1) -0.978 -1.022 -2.010 -0.984 -0.000
13 CH2X(27) + HOX(22) <=> CH3X(21) + OX(20) -0.020 -0.061 -0.081 -0.020 0.000
14 CHX(28) + HX(19) <=> CH2X(27) + X(1) -0.003 -0.053 -0.056 0.000 0.000
15 CHX(28) + HOX(22) <=> CH2X(27) + OX(20) -0.001 0.011 0.010 0.000 0.000
16 2 CH2X(27) <=> CH3X(21) + CHX(28) -0.001 -0.056 -0.057 0.000 0.000
17 CHX(28) + X(1) <=> CX(26) + HX(19) -0.001 0.011 0.010 0.000 0.000
18 CX(26) + H2(6) <=> CH2X(27) -0.003 -0.053 -0.056 0.000 -0.000
19 CX(26) + HOX(22) <=> CHX(28) + OX(20) 0.001 -0.070 -0.069 0.000 0.000
20 CH3X(21) + CX(26) <=> CH2X(27) + CHX(28) 0.001 -0.032 -0.031 0.000 0.000
21 CH2X(27) + CX(26) <=> 2 CHX(28) -0.002 -0.028 -0.030 0.000 0.000
22 CO(7) + X(1) <=> OCX(25) 0.000 -0.069 -0.069 0.000 0.000
23 CX(26) + OX(20) <=> OCX(25) + X(1) -0.002 -0.016 -0.018 0.000 0.000
24 H2(6) + X(1) <=> H2X(49) -0.001 -0.051 -0.052 0.000 0.000
25 CO(7) + X(1) <=> COX(50) 0.000 -0.064 -0.064 0.000 0.000
26 CH4(2) + HOX(22) + X(1) <=> CH3X(21) + H2OX(23) -0.001 -0.042 -0.043 -0.000 0.000
27 H2O(5) + X(1) <=> H2OX(23) -0.004 -0.030 -0.034 -0.001 0.000
28 H2OX(23) + OX(20) <=> 2 HOX(22) -0.236 -0.739 -0.976 -0.745 -0.000
29 HOX(22) + HX(19) <=> H2OX(23) + X(1) -0.002 -0.028 -0.030 0.000 0.000
30 CH2O(9) + 2 X(1) <=> CHOX(53) + HX(19) 0.001 -0.030 -0.029 0.000 0.000
31 HCO(15) + X(1) <=> CHOX(53) -0.001 -0.051 -0.052 0.000 0.000
32 CH3CHO(16) + 2 X(1) <=> CH3X(21) + CHOX(53) -0.001 -0.041 -0.042 0.000 0.000
33 CHOX(53) + X(1) <=> HX(19) + OCX(25) -0.002 -0.028 -0.030 0.000 0.000
34 HOX(22) + OCX(25) <=> CHOX(53) + OX(20) 0.000 -0.040 -0.040 0.000 0.000
35 CH2X(27) + CHOX(53) <=> CH3X(21) + OCX(25) -0.001 -0.027 -0.028 0.000 0.000
36 CHOX(53) + CHX(28) <=> CH2X(27) + OCX(25) -0.003 -0.058 -0.061 0.000 0.000
37 CHOX(53) + CX(26) <=> CHX(28) + OCX(25) -0.001 -0.032 -0.033 0.000 0.000
38 CO2(4) + X(1) <=> CO2X(24) -0.001 -0.015 -0.016 0.000 0.000
39 OCX(25) + OX(20) <=> CO2X(24) + X(1) 0.002 -0.091 -0.089 0.000 0.000
40 CO2X(24) + HX(19) <=> HOX(22) + OCX(25) -0.002 -0.066 -0.068 0.000 0.000
Finished sensitivity simulation for a C/O ratio of 2.2
Finished translating for C/O ratio of 2.2
Starting sensitivity simulation for a C/O ratio of 1.0
0 CH4(2) + X(1) <=> CH4X(48) 0.008 0.012 0.019 0.000 0.000
1 O2(3) + 2 X(1) <=> 2 OX(20) 0.725 1.110 1.827 1.216 0.002
2 H2(6) + 2 X(1) <=> 2 HX(19) 0.004 -0.030 -0.026 0.000 -0.001
3 H(12) + X(1) <=> HX(19) 0.012 -0.033 -0.021 0.000 -0.000
4 HX(19) + OX(20) <=> HOX(22) + X(1) 0.008 -0.037 -0.029 0.000 0.000
5 H2O(5) + 2 X(1) <=> HOX(22) + HX(19) 0.000 -0.007 -0.007 0.000 0.000
6 OH(17) + X(1) <=> HOX(22) 0.000 -0.003 -0.003 0.000 0.000
7 CH4(2) + 2 X(1) <=> CH3X(21) + HX(19) 0.000 0.079 0.079 0.000 0.000
8 CH4(2) + OX(20) + X(1) <=> CH3X(21) + HOX(22) 0.004 0.064 0.068 0.000 0.000
9 C2H6(8) + 2 X(1) <=> 2 CH3X(21) 0.003 0.018 0.021 -0.001 0.000
10 CH3(10) + X(1) <=> CH3X(21) 0.510 -0.469 0.044 -0.479 -0.001
11 CH3OH(14) + 2 X(1) <=> CH3X(21) + HOX(22) 0.004 0.008 0.012 0.000 0.000
12 CH2X(27) + HX(19) <=> CH3X(21) + X(1) -0.965 -0.935 -1.910 -0.970 -0.000
13 CH2X(27) + HOX(22) <=> CH3X(21) + OX(20) -0.032 -0.010 -0.042 -0.032 0.000
14 CHX(28) + HX(19) <=> CH2X(27) + X(1) 0.000 0.011 0.012 0.000 0.000
15 CHX(28) + HOX(22) <=> CH2X(27) + OX(20) 0.008 -0.048 -0.040 0.000 0.000
16 2 CH2X(27) <=> CH3X(21) + CHX(28) 0.012 -0.033 -0.021 0.000 0.000
17 CHX(28) + X(1) <=> CX(26) + HX(19) 0.000 -0.007 -0.007 0.000 0.000
18 CX(26) + H2(6) <=> CH2X(27) 0.008 -0.044 -0.036 0.000 -0.000
19 CX(26) + HOX(22) <=> CHX(28) + OX(20) 0.004 0.041 0.046 0.000 0.000
20 CH3X(21) + CX(26) <=> CH2X(27) + CHX(28) 0.004 -0.003 0.001 0.000 0.000
21 CH2X(27) + CX(26) <=> 2 CHX(28) 0.000 -0.059 -0.059 0.000 0.000
22 CO(7) + X(1) <=> OCX(25) 0.008 0.027 0.035 0.000 0.000
23 CX(26) + OX(20) <=> OCX(25) + X(1) 0.000 -0.018 -0.018 0.000 0.000
24 H2(6) + X(1) <=> H2X(49) 0.004 0.008 0.012 0.000 0.000
25 CO(7) + X(1) <=> COX(50) 0.000 0.056 0.056 0.000 0.000
26 CH4(2) + HOX(22) + X(1) <=> CH3X(21) + H2OX(23) 0.004 0.034 0.038 0.000 0.000
27 H2O(5) + X(1) <=> H2OX(23) 0.003 0.015 0.018 -0.000 0.000
28 H2OX(23) + OX(20) <=> 2 HOX(22) -0.234 -0.768 -1.004 -0.741 0.000
29 HOX(22) + HX(19) <=> H2OX(23) + X(1) 0.004 -0.018 -0.014 0.000 0.000
30 CH2O(9) + 2 X(1) <=> CHOX(53) + HX(19) 0.000 0.026 0.027 0.000 0.000
31 HCO(15) + X(1) <=> CHOX(53) 0.000 -0.011 -0.011 0.000 0.000
32 CH3CHO(16) + 2 X(1) <=> CH3X(21) + CHOX(53) 0.008 0.045 0.053 0.000 0.000
33 CHOX(53) + X(1) <=> HX(19) + OCX(25) 0.008 0.019 0.027 0.000 0.000
34 HOX(22) + OCX(25) <=> CHOX(53) + OX(20) 0.004 -0.026 -0.022 0.000 0.000
35 CH2X(27) + CHOX(53) <=> CH3X(21) + OCX(25) 0.000 0.026 0.026 0.000 0.000
36 CHOX(53) + CHX(28) <=> CH2X(27) + OCX(25) 0.000 -0.060 -0.059 0.000 0.000
37 CHOX(53) + CX(26) <=> CHX(28) + OCX(25) 0.004 -0.037 -0.033 0.000 0.000
38 CO2(4) + X(1) <=> CO2X(24) 0.008 0.012 0.019 0.000 0.000
39 OCX(25) + OX(20) <=> CO2X(24) + X(1) 0.000 0.023 0.023 0.000 0.000
40 CO2X(24) + HX(19) <=> HOX(22) + OCX(25) 0.008 0.027 0.035 0.000 0.000
Finished sensitivity simulation for a C/O ratio of 1.0
Finished translating for C/O ratio of 1.0
Starting sensitivity simulation for a C/O ratio of 1.3
0 CH4(2) + X(1) <=> CH4X(48) 0.000 -0.063 -0.063 0.000 -0.000
1 O2(3) + 2 X(1) <=> 2 OX(20) 0.708 1.201 1.900 1.219 0.002
2 H2(6) + 2 X(1) <=> 2 HX(19) -0.006 0.003 -0.003 0.000 -0.001
3 H(12) + X(1) <=> HX(19) -0.009 -0.117 -0.126 0.000 -0.000
4 HX(19) + OX(20) <=> HOX(22) + X(1) 0.000 -0.161 -0.161 0.000 -0.000
5 H2O(5) + 2 X(1) <=> HOX(22) + HX(19) -0.003 -0.038 -0.041 0.000 -0.000
6 OH(17) + X(1) <=> HOX(22) 0.000 -0.044 -0.044 0.000 -0.000
7 CH4(2) + 2 X(1) <=> CH3X(21) + HX(19) -0.003 -0.038 -0.041 0.000 -0.000
8 CH4(2) + OX(20) + X(1) <=> CH3X(21) + HOX(22) -0.003 -0.066 -0.070 -0.000 -0.000
9 C2H6(8) + 2 X(1) <=> 2 CH3X(21) -0.001 -0.201 -0.202 -0.001 -0.000
10 CH3(10) + X(1) <=> CH3X(21) 0.501 -0.497 0.006 -0.482 -0.002
11 CH3OH(14) + 2 X(1) <=> CH3X(21) + HOX(22) -0.003 -0.047 -0.051 0.000 -0.000
12 CH2X(27) + HX(19) <=> CH3X(21) + X(1) -0.981 -1.013 -2.004 -0.975 -0.000
13 CH2X(27) + HOX(22) <=> CH3X(21) + OX(20) -0.031 -0.139 -0.170 -0.028 -0.000
14 CHX(28) + HX(19) <=> CH2X(27) + X(1) -0.003 -0.073 -0.076 0.000 0.000
15 CHX(28) + HOX(22) <=> CH2X(27) + OX(20) -0.003 -0.066 -0.069 0.000 -0.000
16 2 CH2X(27) <=> CH3X(21) + CHX(28) 0.000 -0.073 -0.073 0.000 -0.000
17 CHX(28) + X(1) <=> CX(26) + HX(19) -0.006 -0.104 -0.111 0.000 -0.000
18 CX(26) + H2(6) <=> CH2X(27) -0.003 -0.013 -0.016 0.000 -0.000
19 CX(26) + HOX(22) <=> CHX(28) + OX(20) -0.003 -0.076 -0.079 0.000 -0.000
20 CH3X(21) + CX(26) <=> CH2X(27) + CHX(28) -0.003 -0.051 -0.054 0.000 -0.000
21 CH2X(27) + CX(26) <=> 2 CHX(28) -0.006 0.003 -0.003 0.000 -0.000
22 CO(7) + X(1) <=> OCX(25) -0.003 -0.028 -0.032 0.000 -0.000
23 CX(26) + OX(20) <=> OCX(25) + X(1) 0.000 -0.013 -0.013 0.000 -0.000
24 H2(6) + X(1) <=> H2X(49) -0.003 -0.082 -0.085 0.000 -0.000
25 CO(7) + X(1) <=> COX(50) -0.003 -0.047 -0.051 0.000 -0.000
26 CH4(2) + HOX(22) + X(1) <=> CH3X(21) + H2OX(23) -0.003 -0.003 -0.006 -0.000 -0.000
27 H2O(5) + X(1) <=> H2OX(23) -0.001 -0.042 -0.042 -0.001 -0.000
28 H2OX(23) + OX(20) <=> 2 HOX(22) -0.252 -0.848 -1.103 -0.743 -0.000
29 HOX(22) + HX(19) <=> H2OX(23) + X(1) -0.003 0.003 0.000 0.000 -0.000
30 CH2O(9) + 2 X(1) <=> CHOX(53) + HX(19) 0.000 -0.108 -0.108 0.000 -0.000
31 HCO(15) + X(1) <=> CHOX(53) -0.003 -0.082 -0.085 0.000 -0.000
32 CH3CHO(16) + 2 X(1) <=> CH3X(21) + CHOX(53) -0.006 -0.111 -0.117 0.000 0.000
33 CHOX(53) + X(1) <=> HX(19) + OCX(25) -0.003 -0.051 -0.054 0.000 -0.000
34 HOX(22) + OCX(25) <=> CHOX(53) + OX(20) 0.000 -0.073 -0.073 0.000 -0.000
35 CH2X(27) + CHOX(53) <=> CH3X(21) + OCX(25) -0.003 -0.013 -0.016 0.000 -0.000
36 CHOX(53) + CHX(28) <=> CH2X(27) + OCX(25) 0.000 -0.051 -0.051 0.000 -0.000
37 CHOX(53) + CX(26) <=> CHX(28) + OCX(25) 0.000 -0.104 -0.104 0.000 -0.000
38 CO2(4) + X(1) <=> CO2X(24) 0.000 -0.108 -0.108 0.000 -0.000
39 OCX(25) + OX(20) <=> CO2X(24) + X(1) -0.003 -0.019 -0.022 0.000 -0.000
40 CO2X(24) + HX(19) <=> HOX(22) + OCX(25) -0.003 0.019 0.016 0.000 -0.000
Finished sensitivity simulation for a C/O ratio of 1.3
Finished translating for C/O ratio of 1.3
Starting sensitivity simulation for a C/O ratio of 1.6
0 CH4(2) + X(1) <=> CH4X(48) -0.000 -0.101 -0.101 -0.000 0.000
1 O2(3) + 2 X(1) <=> 2 OX(20) 0.726 1.347 2.063 1.221 0.003
2 H2(6) + 2 X(1) <=> 2 HX(19) 0.004 -0.033 -0.029 -0.000 -0.001
3 H(12) + X(1) <=> HX(19) 0.003 -0.059 -0.057 -0.000 -0.000
4 HX(19) + OX(20) <=> HOX(22) + X(1) 0.005 0.022 0.027 0.000 0.000
5 H2O(5) + 2 X(1) <=> HOX(22) + HX(19) 0.001 -0.021 -0.020 -0.000 0.000
6 OH(17) + X(1) <=> HOX(22) 0.001 -0.032 -0.031 -0.000 0.000
7 CH4(2) + 2 X(1) <=> CH3X(21) + HX(19) 0.005 -0.054 -0.049 -0.000 0.000
8 CH4(2) + OX(20) + X(1) <=> CH3X(21) + HOX(22) 0.004 0.015 0.019 -0.000 0.000
9 C2H6(8) + 2 X(1) <=> 2 CH3X(21) 0.002 -0.006 -0.004 -0.002 0.000
10 CH3(10) + X(1) <=> CH3X(21) 0.510 -0.586 -0.074 -0.483 -0.003
11 CH3OH(14) + 2 X(1) <=> CH3X(21) + HOX(22) 0.004 0.001 0.005 -0.000 0.000
12 CH2X(27) + HX(19) <=> CH3X(21) + X(1) -0.973 -1.050 -2.033 -0.979 -0.000
13 CH2X(27) + HOX(22) <=> CH3X(21) + OX(20) -0.023 -0.004 -0.027 -0.025 0.000
14 CHX(28) + HX(19) <=> CH2X(27) + X(1) 0.003 -0.082 -0.079 -0.000 0.000
15 CHX(28) + HOX(22) <=> CH2X(27) + OX(20) 0.003 0.003 0.005 -0.000 0.000
16 2 CH2X(27) <=> CH3X(21) + CHX(28) 0.001 -0.044 -0.042 0.000 0.000
17 CHX(28) + X(1) <=> CX(26) + HX(19) 0.003 -0.056 -0.054 -0.000 0.000
18 CX(26) + H2(6) <=> CH2X(27) 0.003 -0.073 -0.070 0.000 -0.000
19 CX(26) + HOX(22) <=> CHX(28) + OX(20) -0.000 -0.045 -0.045 -0.000 0.000
20 CH3X(21) + CX(26) <=> CH2X(27) + CHX(28) 0.001 -0.032 -0.031 -0.000 0.000
21 CH2X(27) + CX(26) <=> 2 CHX(28) -0.000 -0.028 -0.028 -0.000 0.000
22 CO(7) + X(1) <=> OCX(25) 0.004 -0.058 -0.054 -0.000 0.000
23 CX(26) + OX(20) <=> OCX(25) + X(1) 0.003 -0.034 -0.031 -0.000 0.000
24 H2(6) + X(1) <=> H2X(49) -0.000 -0.090 -0.090 -0.000 0.000
25 CO(7) + X(1) <=> COX(50) 0.004 -0.077 -0.073 0.000 0.000
26 CH4(2) + HOX(22) + X(1) <=> CH3X(21) + H2OX(23) 0.003 -0.076 -0.073 -0.000 0.000
27 H2O(5) + X(1) <=> H2OX(23) -0.001 -0.026 -0.027 -0.001 0.000
28 H2OX(23) + OX(20) <=> 2 HOX(22) -0.253 -0.326 -0.579 -0.745 -0.000
29 HOX(22) + HX(19) <=> H2OX(23) + X(1) 0.001 -0.055 -0.053 0.000 0.000
30 CH2O(9) + 2 X(1) <=> CHOX(53) + HX(19) 0.001 -0.016 -0.014 -0.000 0.000
31 HCO(15) + X(1) <=> CHOX(53) 0.006 0.032 0.038 -0.000 0.000
32 CH3CHO(16) + 2 X(1) <=> CH3X(21) + CHOX(53) 0.001 -0.010 -0.009 -0.000 0.000
33 CHOX(53) + X(1) <=> HX(19) + OCX(25) -0.000 -0.076 -0.076 -0.000 0.000
34 HOX(22) + OCX(25) <=> CHOX(53) + OX(20) 0.004 -0.094 -0.090 0.000 0.000
35 CH2X(27) + CHOX(53) <=> CH3X(21) + OCX(25) -0.001 0.004 0.003 -0.000 0.000
36 CHOX(53) + CHX(28) <=> CH2X(27) + OCX(25) 0.003 -0.090 -0.087 -0.000 0.000
37 CHOX(53) + CX(26) <=> CHX(28) + OCX(25) 0.003 -0.023 -0.020 -0.000 0.000
38 CO2(4) + X(1) <=> CO2X(24) 0.004 -0.083 -0.079 -0.000 0.000
39 OCX(25) + OX(20) <=> CO2X(24) + X(1) 0.005 0.008 0.013 -0.000 0.000
40 CO2X(24) + HX(19) <=> HOX(22) + OCX(25) 0.003 0.031 0.033 0.000 0.000
Finished sensitivity simulation for a C/O ratio of 1.6
Finished translating for C/O ratio of 1.6
Starting sensitivity simulation for a C/O ratio of 1.2
0 CH4(2) + X(1) <=> CH4X(48) -0.003 -0.216 -0.219 0.000 -0.000
1 O2(3) + 2 X(1) <=> 2 OX(20) 0.720 0.994 1.707 1.217 0.002
2 H2(6) + 2 X(1) <=> 2 HX(19) 0.003 -0.455 -0.452 -0.000 -0.001
3 H(12) + X(1) <=> HX(19) -0.000 -0.143 -0.143 -0.000 -0.000
4 HX(19) + OX(20) <=> HOX(22) + X(1) -0.003 0.219 0.216 -0.000 -0.000
5 H2O(5) + 2 X(1) <=> HOX(22) + HX(19) -0.003 -0.130 -0.133 0.000 -0.000
6 OH(17) + X(1) <=> HOX(22) -0.003 -0.030 -0.033 -0.000 -0.000
7 CH4(2) + 2 X(1) <=> CH3X(21) + HX(19) 0.003 -0.063 -0.060 0.000 -0.000
8 CH4(2) + OX(20) + X(1) <=> CH3X(21) + HOX(22) -0.003 -0.020 -0.023 -0.000 -0.000
9 C2H6(8) + 2 X(1) <=> 2 CH3X(21) 0.002 -0.101 -0.099 -0.001 -0.000
10 CH3(10) + X(1) <=> CH3X(21) 0.506 -0.495 0.014 -0.481 -0.002
11 CH3OH(14) + 2 X(1) <=> CH3X(21) + HOX(22) 0.003 -0.455 -0.452 0.000 -0.000
12 CH2X(27) + HX(19) <=> CH3X(21) + X(1) -0.977 -1.154 -2.142 -0.974 -0.000
13 CH2X(27) + HOX(22) <=> CH3X(21) + OX(20) -0.023 -0.062 -0.085 -0.029 -0.000
14 CHX(28) + HX(19) <=> CH2X(27) + X(1) -0.003 -0.100 -0.103 0.000 0.000
15 CHX(28) + HOX(22) <=> CH2X(27) + OX(20) 0.000 -0.159 -0.159 0.000 0.000
16 2 CH2X(27) <=> CH3X(21) + CHX(28) -0.003 -0.077 -0.080 -0.000 -0.000
17 CHX(28) + X(1) <=> CX(26) + HX(19) 0.007 -0.189 -0.183 -0.000 -0.000
18 CX(26) + H2(6) <=> CH2X(27) -0.003 0.113 0.110 -0.000 -0.000
19 CX(26) + HOX(22) <=> CHX(28) + OX(20) -0.003 -0.143 -0.146 -0.000 -0.000
20 CH3X(21) + CX(26) <=> CH2X(27) + CHX(28) -0.003 0.113 0.109 -0.000 -0.000
21 CH2X(27) + CX(26) <=> 2 CHX(28) 0.000 -0.050 -0.050 0.000 -0.000
22 CO(7) + X(1) <=> OCX(25) -0.000 -0.076 -0.077 -0.000 -0.000
23 CX(26) + OX(20) <=> OCX(25) + X(1) -0.003 0.023 0.020 -0.000 -0.000
24 H2(6) + X(1) <=> H2X(49) -0.000 -0.219 -0.219 -0.000 -0.000
25 CO(7) + X(1) <=> COX(50) 0.003 -0.100 -0.096 0.000 -0.000
26 CH4(2) + HOX(22) + X(1) <=> CH3X(21) + H2OX(23) -0.000 0.050 0.050 -0.000 -0.000
27 H2O(5) + X(1) <=> H2OX(23) -0.001 -0.110 -0.111 -0.001 -0.000
28 H2OX(23) + OX(20) <=> 2 HOX(22) -0.244 -0.747 -0.993 -0.742 0.000
29 HOX(22) + HX(19) <=> H2OX(23) + X(1) -0.003 -0.246 -0.249 -0.000 -0.000
30 CH2O(9) + 2 X(1) <=> CHOX(53) + HX(19) 0.000 -0.046 -0.046 0.000 -0.000
31 HCO(15) + X(1) <=> CHOX(53) 0.003 0.120 0.123 -0.000 -0.000
32 CH3CHO(16) + 2 X(1) <=> CH3X(21) + CHOX(53) 0.000 -0.053 -0.053 0.000 -0.000
33 CHOX(53) + X(1) <=> HX(19) + OCX(25) -0.003 0.096 0.093 -0.000 -0.000
34 HOX(22) + OCX(25) <=> CHOX(53) + OX(20) -0.000 -0.140 -0.140 -0.000 -0.000
35 CH2X(27) + CHOX(53) <=> CH3X(21) + OCX(25) 0.003 -0.206 -0.203 -0.000 -0.000
36 CHOX(53) + CHX(28) <=> CH2X(27) + OCX(25) -0.000 0.043 0.043 -0.000 -0.000
37 CHOX(53) + CX(26) <=> CHX(28) + OCX(25) 0.003 0.083 0.086 -0.000 -0.000
38 CO2(4) + X(1) <=> CO2X(24) 0.007 0.106 0.113 -0.000 -0.000
39 OCX(25) + OX(20) <=> CO2X(24) + X(1) -0.003 -0.103 -0.106 -0.000 -0.000
40 CO2X(24) + HX(19) <=> HOX(22) + OCX(25) -0.003 -0.013 -0.017 0.000 -0.000
Finished sensitivity simulation for a C/O ratio of 1.2
Finished translating for C/O ratio of 1.2
