This mechanism contains 47 gas reactions and 36 surface reactions
Finished simulation at a C/O ratio of 1.4
Finished simulation at a C/O ratio of 1.1
Finished simulation at a C/O ratio of 1.0
Finished simulation at a C/O ratio of 1.2
Finished simulation at a C/O ratio of 0.8
Finished simulation at a C/O ratio of 1.6
Finished simulation at a C/O ratio of 1.3
Finished simulation at a C/O ratio of 2.4
Finished simulation at a C/O ratio of 2.2
Finished simulation at a C/O ratio of 2.0
Finished simulation at a C/O ratio of 2.6
Finished simulation at a C/O ratio of 0.9
Finished simulation at a C/O ratio of 0.7
Finished simulation at a C/O ratio of 1.8
Finished simulation at a C/O ratio of 0.6
Starting sensitivity simulation for a C/O ratio of 2.4
Unable to run sensitivity simulation at a C/O ratio of 2.4
Starting sensitivity simulation for a C/O ratio of 1.6
Unable to run sensitivity simulation at a C/O ratio of 1.6
Starting sensitivity simulation for a C/O ratio of 1.4
Unable to run sensitivity simulation at a C/O ratio of 1.4
Starting sensitivity simulation for a C/O ratio of 1.2
Unable to run sensitivity simulation at a C/O ratio of 1.2
Starting sensitivity simulation for a C/O ratio of 2.6
Unable to run sensitivity simulation at a C/O ratio of 2.6
Starting sensitivity simulation for a C/O ratio of 0.9
Unable to run sensitivity simulation at a C/O ratio of 0.9
Starting sensitivity simulation for a C/O ratio of 0.8
Unable to run sensitivity simulation at a C/O ratio of 0.8
Starting sensitivity simulation for a C/O ratio of 1.1
Unable to run sensitivity simulation at a C/O ratio of 1.1
Starting sensitivity simulation for a C/O ratio of 1.3
Unable to run sensitivity simulation at a C/O ratio of 1.3
Starting sensitivity simulation for a C/O ratio of 0.6
Unable to run sensitivity simulation at a C/O ratio of 0.6
Starting sensitivity simulation for a C/O ratio of 0.7
0 CH4(2) + X(1) <=> CH4X(48) 0.935 -10.482
1 O2(3) + 2 X(1) <=> 2 OX(20) 0.001 0.001
2 H2(6) + 2 X(1) <=> 2 HX(19) -0.953 -24.971
3 H(12) + X(1) <=> HX(19) 0.935 -27.054
4 HX(19) + OX(20) <=> HOX(22) + X(1) 0.935 -2.012
5 H2O(5) + 2 X(1) <=> HOX(22) + HX(19) -0.000 -22.677
6 OH(17) + X(1) <=> HOX(22) 0.000 10.781
7 CH4(2) + 2 X(1) <=> CH3X(21) + HX(19) 0.000 -23.048
8 CH4(2) + OX(20) + X(1) <=> CH3X(21) + HOX(22) 0.935 -13.428
9 C2H6(8) + 2 X(1) <=> 2 CH3X(21) -0.952 -20.092
10 CH3(10) + X(1) <=> CH3X(21) 0.934 -11.588
11 CH3OH(14) + 2 X(1) <=> CH3X(21) + HOX(22) -0.000 -9.294
12 H2(6) + X(1) <=> H2X(49) 0.935 -8.272
13 C2H6(8) + X(1) <=> C2H6X(52) 1.852 -9.094
14 CH2X(27) + HX(19) <=> CH3X(21) + X(1) -0.952 -4.705
15 CH2X(27) + HOX(22) <=> CH3X(21) + OX(20) -0.952 -34.728
16 CHX(28) + HX(19) <=> CH2X(27) + X(1) -0.952 -17.090
17 CHX(28) + HOX(22) <=> CH2X(27) + OX(20) -0.952 -2.078
18 2 CH2X(27) <=> CH3X(21) + CHX(28) 0.000 -21.190
19 CHX(28) + X(1) <=> CX(26) + HX(19) -0.000 -13.383
20 CX(26) + H2(6) <=> CH2X(27) -0.952 -14.463
21 CX(26) + HOX(22) <=> CHX(28) + OX(20) 0.935 -34.788
22 CH3X(21) + CX(26) <=> CH2X(27) + CHX(28) 0.935 -11.955
23 CH2X(27) + CX(26) <=> 2 CHX(28) -1.923 -25.036
24 CO(7) + X(1) <=> OCX(25) -0.952 -18.966
25 CX(26) + OX(20) <=> OCX(25) + X(1) -0.952 -26.847
26 CO(7) + X(1) <=> COX(50) -0.952 -16.339
27 C2H4(47) + X(1) <=> C2H4X(205) 0.935 -34.788
28 C2H4(18) + X(1) <=> C2H4X(65) 0.935 -34.788
29 CH4(2) + HOX(22) + X(1) <=> CH3X(21) + H2OX(23) 0.935 -20.794
30 H2O(5) + X(1) <=> H2OX(23) -0.952 -14.463
31 H2OX(23) + OX(20) <=> 2 HOX(22) 0.935 -28.159
32 HOX(22) + HX(19) <=> H2OX(23) + X(1) -0.952 -18.966
33 CO2(4) + X(1) <=> CO2X(24) -0.952 -25.721
34 OCX(25) + OX(20) <=> CO2X(24) + X(1) 0.000 -22.677
35 CO2X(24) + HX(19) <=> HOX(22) + OCX(25) -0.952 -4.705
Finished sensitivity simulation for a C/O ratio of 0.7
Finished translating for C/O ratio of 0.7
Starting sensitivity simulation for a C/O ratio of 2.2
0 CH4(2) + X(1) <=> CH4X(48) 0.546 2.322
1 O2(3) + 2 X(1) <=> 2 OX(20) -0.920 21.907
2 H2(6) + 2 X(1) <=> 2 HX(19) 0.544 3.504
3 H(12) + X(1) <=> HX(19) -0.368 3.814
4 HX(19) + OX(20) <=> HOX(22) + X(1) 0.183 6.124
5 H2O(5) + 2 X(1) <=> HOX(22) + HX(19) 0.183 6.124
6 OH(17) + X(1) <=> HOX(22) -0.553 3.637
7 CH4(2) + 2 X(1) <=> CH3X(21) + HX(19) -0.000 3.571
8 CH4(2) + OX(20) + X(1) <=> CH3X(21) + HOX(22) -0.553 3.039
9 C2H6(8) + 2 X(1) <=> 2 CH3X(21) 0.183 9.689
10 CH3(10) + X(1) <=> CH3X(21) 0.542 4.094
11 CH3OH(14) + 2 X(1) <=> CH3X(21) + HOX(22) -0.000 5.952
12 H2(6) + X(1) <=> H2X(49) -0.184 18.899
13 C2H6(8) + X(1) <=> C2H6X(52) -0.184 -0.184
14 CH2X(27) + HX(19) <=> CH3X(21) + X(1) -0.553 3.039
15 CH2X(27) + HOX(22) <=> CH3X(21) + OX(20) 0.183 9.689
16 CHX(28) + HX(19) <=> CH2X(27) + X(1) -0.184 -3.165
17 CHX(28) + HOX(22) <=> CH2X(27) + OX(20) -0.000 12.500
18 2 CH2X(27) <=> CH3X(21) + CHX(28) -0.553 9.024
19 CHX(28) + X(1) <=> CX(26) + HX(19) 0.183 6.124
20 CX(26) + H2(6) <=> CH2X(27) -0.553 16.206
21 CX(26) + HOX(22) <=> CHX(28) + OX(20) -0.184 -0.184
22 CH3X(21) + CX(26) <=> CH2X(27) + CHX(28) -0.553 3.039
23 CH2X(27) + CX(26) <=> 2 CHX(28) -0.368 3.217
24 CO(7) + X(1) <=> OCX(25) -0.368 3.217
25 CX(26) + OX(20) <=> OCX(25) + X(1) -0.184 3.394
26 CO(7) + X(1) <=> COX(50) -0.184 3.394
27 C2H4(47) + X(1) <=> C2H4X(205) -0.184 -0.184
28 C2H4(18) + X(1) <=> C2H4X(65) -0.184 -0.184
29 CH4(2) + HOX(22) + X(1) <=> CH3X(21) + H2OX(23) 0.365 18.157
30 H2O(5) + X(1) <=> H2OX(23) -0.368 3.217
31 H2OX(23) + OX(20) <=> 2 HOX(22) 0.365 -2.007
32 HOX(22) + HX(19) <=> H2OX(23) + X(1) -0.368 16.360
33 CO2(4) + X(1) <=> CO2X(24) -0.553 3.039
34 OCX(25) + OX(20) <=> CO2X(24) + X(1) -0.184 3.394
35 CO2X(24) + HX(19) <=> HOX(22) + OCX(25) -0.000 5.952
Finished sensitivity simulation for a C/O ratio of 2.2
Finished translating for C/O ratio of 2.2
Starting sensitivity simulation for a C/O ratio of 1.8
Unable to run sensitivity simulation at a C/O ratio of 1.8
Starting sensitivity simulation for a C/O ratio of 2.0
0 CH4(2) + X(1) <=> CH4X(48) 0.980 7.716
1 O2(3) + 2 X(1) <=> 2 OX(20) 0.789 17.662
2 H2(6) + 2 X(1) <=> 2 HX(19) 0.393 -2.318
3 H(12) + X(1) <=> HX(19) 0.980 7.716
4 HX(19) + OX(20) <=> HOX(22) + X(1) 0.394 14.624
5 H2O(5) + 2 X(1) <=> HOX(22) + HX(19) 0.394 -2.316
6 OH(17) + X(1) <=> HOX(22) -0.198 18.205
7 CH4(2) + 2 X(1) <=> CH3X(21) + HX(19) 0.591 23.583
8 CH4(2) + OX(20) + X(1) <=> CH3X(21) + HOX(22) 0.591 14.792
9 C2H6(8) + 2 X(1) <=> 2 CH3X(21) 0.394 11.236
10 CH3(10) + X(1) <=> CH3X(21) 2.318 5.640
11 CH3OH(14) + 2 X(1) <=> CH3X(21) + HOX(22) 0.591 4.648
12 H2(6) + X(1) <=> H2X(49) 0.198 -2.518
13 C2H6(8) + X(1) <=> C2H6X(52) 0.394 14.624
14 CH2X(27) + HX(19) <=> CH3X(21) + X(1) 0.591 5.324
15 CH2X(27) + HOX(22) <=> CH3X(21) + OX(20) 0.786 4.160
16 CHX(28) + HX(19) <=> CH2X(27) + X(1) -0.000 18.367
17 CHX(28) + HOX(22) <=> CH2X(27) + OX(20) 0.394 -6.381
18 2 CH2X(27) <=> CH3X(21) + CHX(28) 0.980 7.716
19 CHX(28) + X(1) <=> CX(26) + HX(19) 0.980 7.716
20 CX(26) + H2(6) <=> CH2X(27) 0.394 2.427
21 CX(26) + HOX(22) <=> CHX(28) + OX(20) -0.198 11.389
22 CH3X(21) + CX(26) <=> CH2X(27) + CHX(28) 0.591 4.648
23 CH2X(27) + CX(26) <=> 2 CHX(28) 0.394 1.072
24 CO(7) + X(1) <=> OCX(25) 0.198 -1.839
25 CX(26) + OX(20) <=> OCX(25) + X(1) 0.980 7.716
26 CO(7) + X(1) <=> COX(50) 0.394 20.722
27 C2H4(47) + X(1) <=> C2H4X(205) -0.198 11.389
28 C2H4(18) + X(1) <=> C2H4X(65) 0.198 2.234
29 CH4(2) + HOX(22) + X(1) <=> CH3X(21) + H2OX(23) 0.394 -2.316
30 H2O(5) + X(1) <=> H2OX(23) -0.000 -5.442
31 H2OX(23) + OX(20) <=> 2 HOX(22) 0.394 -4.349
32 HOX(22) + HX(19) <=> H2OX(23) + X(1) -0.198 14.116
33 CO2(4) + X(1) <=> CO2X(24) 0.198 11.060
34 OCX(25) + OX(20) <=> CO2X(24) + X(1) -0.398 9.164
35 CO2X(24) + HX(19) <=> HOX(22) + OCX(25) 0.198 -1.839
Finished sensitivity simulation for a C/O ratio of 2.0
Finished translating for C/O ratio of 2.0
Starting sensitivity simulation for a C/O ratio of 1.0
0 CH4(2) + X(1) <=> CH4X(48) 0.000 21.429
1 O2(3) + 2 X(1) <=> 2 OX(20) 1.390 11.075
2 H2(6) + 2 X(1) <=> 2 HX(19) 0.699 21.978
3 H(12) + X(1) <=> HX(19) -0.000 23.214
4 HX(19) + OX(20) <=> HOX(22) + X(1) 0.000 19.643
5 H2O(5) + 2 X(1) <=> HOX(22) + HX(19) -0.709 32.561
6 OH(17) + X(1) <=> HOX(22) -0.000 24.107
7 CH4(2) + 2 X(1) <=> CH3X(21) + HX(19) 0.699 16.658
8 CH4(2) + OX(20) + X(1) <=> CH3X(21) + HOX(22) -0.709 32.561
9 C2H6(8) + 2 X(1) <=> 2 CH3X(21) 0.000 25.000
10 CH3(10) + X(1) <=> CH3X(21) 2.068 21.304
11 CH3OH(14) + 2 X(1) <=> CH3X(21) + HOX(22) -0.709 32.561
12 H2(6) + X(1) <=> H2X(49) 0.000 26.786
13 C2H6(8) + X(1) <=> C2H6X(52) 0.000 33.036
14 CH2X(27) + HX(19) <=> CH3X(21) + X(1) 0.699 23.751
15 CH2X(27) + HOX(22) <=> CH3X(21) + OX(20) 0.699 13.112
16 CHX(28) + HX(19) <=> CH2X(27) + X(1) 0.699 25.524
17 CHX(28) + HOX(22) <=> CH2X(27) + OX(20) 0.699 17.545
18 2 CH2X(27) <=> CH3X(21) + CHX(28) 0.699 23.751
19 CHX(28) + X(1) <=> CX(26) + HX(19) 0.699 16.658
20 CX(26) + H2(6) <=> CH2X(27) 0.000 18.750
21 CX(26) + HOX(22) <=> CHX(28) + OX(20) 0.699 29.958
22 CH3X(21) + CX(26) <=> CH2X(27) + CHX(28) 0.699 29.071
23 CH2X(27) + CX(26) <=> 2 CHX(28) 0.699 23.751
24 CO(7) + X(1) <=> OCX(25) 0.699 -42.745
25 CX(26) + OX(20) <=> OCX(25) + X(1) 0.000 17.857
26 CO(7) + X(1) <=> COX(50) 0.000 28.571
27 C2H4(47) + X(1) <=> C2H4X(205) 0.699 29.958
28 C2H4(18) + X(1) <=> C2H4X(65) 0.699 29.958
29 CH4(2) + HOX(22) + X(1) <=> CH3X(21) + H2OX(23) 0.000 22.321
30 H2O(5) + X(1) <=> H2OX(23) -0.000 26.786
31 H2OX(23) + OX(20) <=> 2 HOX(22) -0.000 23.214
32 HOX(22) + HX(19) <=> H2OX(23) + X(1) 0.000 23.214
33 CO2(4) + X(1) <=> CO2X(24) 0.000 21.429
34 OCX(25) + OX(20) <=> CO2X(24) + X(1) -0.000 24.107
35 CO2X(24) + HX(19) <=> HOX(22) + OCX(25) -0.709 32.561
Finished sensitivity simulation for a C/O ratio of 1.0
Finished translating for C/O ratio of 1.0
