This mechanism contains 38 gas reactions and 35 surface reactions
Finished simulation at a C/O ratio of 0.7
Finished simulation at a C/O ratio of 2.6
Finished simulation at a C/O ratio of 0.8
Finished simulation at a C/O ratio of 0.9
Finished simulation at a C/O ratio of 1.3
Finished simulation at a C/O ratio of 2.0
Finished simulation at a C/O ratio of 2.2
Finished simulation at a C/O ratio of 2.4
Finished simulation at a C/O ratio of 1.1
Finished simulation at a C/O ratio of 1.4
Finished simulation at a C/O ratio of 1.0
Finished simulation at a C/O ratio of 1.2
Finished simulation at a C/O ratio of 0.6
Finished simulation at a C/O ratio of 1.8
Finished simulation at a C/O ratio of 1.6
Starting sensitivity simulation for a C/O ratio of 2.6
0 CH4(2) + X(1) <=> CH4X(48) -0.000 -0.000
1 O2(3) + 2 X(1) <=> 2 OX(20) 0.594 1.090
2 H2(6) + 2 X(1) <=> 2 HX(19) -0.000 0.004
3 H(12) + X(1) <=> HX(19) -0.000 0.000
4 HX(19) + OX(20) <=> HOX(22) + X(1) -0.000 -0.000
5 H2O(5) + 2 X(1) <=> HOX(22) + HX(19) -0.000 0.000
6 OH(17) + X(1) <=> HOX(22) 0.000 0.000
7 CH4(2) + 2 X(1) <=> CH3X(21) + HX(19) -0.000 -0.000
8 CH4(2) + OX(20) + X(1) <=> CH3X(21) + HOX(22) -0.000 -0.001
9 C2H6(8) + 2 X(1) <=> 2 CH3X(21) 0.001 -0.004
10 CH3(10) + X(1) <=> CH3X(21) 0.595 -0.395
11 CH3OH(14) + 2 X(1) <=> CH3X(21) + HOX(22) -0.000 0.001
12 CH2X(27) + HX(19) <=> CH3X(21) + X(1) -0.799 -0.799
13 CH2X(27) + HOX(22) <=> CH3X(21) + OX(20) -0.201 -0.201
14 CHX(28) + HX(19) <=> CH2X(27) + X(1) -0.000 0.000
15 CHX(28) + HOX(22) <=> CH2X(27) + OX(20) -0.000 0.000
16 2 CH2X(27) <=> CH3X(21) + CHX(28) -0.000 -0.000
17 CHX(28) + X(1) <=> CX(26) + HX(19) -0.000 0.000
18 CX(26) + H2(6) <=> CH2X(27) -0.000 -0.000
19 CX(26) + HOX(22) <=> CHX(28) + OX(20) -0.000 -0.000
20 CH3X(21) + CX(26) <=> CH2X(27) + CHX(28) -0.000 -0.000
21 CH2X(27) + CX(26) <=> 2 CHX(28) -0.000 0.000
22 CO(7) + X(1) <=> OCX(25) -0.000 -0.000
23 CX(26) + OX(20) <=> OCX(25) + X(1) -0.000 0.000
24 H2(6) + X(1) <=> H2X(49) -0.000 -0.000
25 CO(7) + X(1) <=> COX(50) -0.000 -0.000
26 CH4(2) + HOX(22) + X(1) <=> CH3X(21) + H2OX(23) -0.000 0.000
27 H2O(5) + X(1) <=> H2OX(23) -0.000 -0.000
28 H2OX(23) + OX(20) <=> 2 HOX(22) -0.198 -0.700
29 HOX(22) + HX(19) <=> H2OX(23) + X(1) -0.000 0.000
30 C2H4(47) + X(1) <=> C2H4X(210) -0.000 -0.000
31 C2H4(18) + X(1) <=> C2H4X(65) -0.000 0.001
32 CO2(4) + X(1) <=> CO2X(24) -0.000 0.000
33 OCX(25) + OX(20) <=> CO2X(24) + X(1) -0.000 0.000
34 CO2X(24) + HX(19) <=> HOX(22) + OCX(25) -0.000 -0.000
Finished sensitivity simulation for a C/O ratio of 2.6
Finished translating for C/O ratio of 2.6
Starting sensitivity simulation for a C/O ratio of 1.3
0 CH4(2) + X(1) <=> CH4X(48) 0.000 -0.001
1 O2(3) + 2 X(1) <=> 2 OX(20) 0.537 1.032
2 H2(6) + 2 X(1) <=> 2 HX(19) -0.000 0.000
3 H(12) + X(1) <=> HX(19) -0.000 -0.000
4 HX(19) + OX(20) <=> HOX(22) + X(1) 0.000 0.000
5 H2O(5) + 2 X(1) <=> HOX(22) + HX(19) 0.000 -0.001
6 OH(17) + X(1) <=> HOX(22) -0.000 -0.000
7 CH4(2) + 2 X(1) <=> CH3X(21) + HX(19) 0.000 0.000
8 CH4(2) + OX(20) + X(1) <=> CH3X(21) + HOX(22) -0.000 -0.000
9 C2H6(8) + 2 X(1) <=> 2 CH3X(21) 0.001 -0.002
10 CH3(10) + X(1) <=> CH3X(21) 0.633 -0.359
11 CH3OH(14) + 2 X(1) <=> CH3X(21) + HOX(22) -0.000 0.000
12 CH2X(27) + HX(19) <=> CH3X(21) + X(1) -0.723 -0.722
13 CH2X(27) + HOX(22) <=> CH3X(21) + OX(20) -0.277 -0.277
14 CHX(28) + HX(19) <=> CH2X(27) + X(1) 0.000 -0.000
15 CHX(28) + HOX(22) <=> CH2X(27) + OX(20) 0.000 -0.001
16 2 CH2X(27) <=> CH3X(21) + CHX(28) 0.000 -0.001
17 CHX(28) + X(1) <=> CX(26) + HX(19) -0.000 -0.000
18 CX(26) + H2(6) <=> CH2X(27) 0.000 -0.000
19 CX(26) + HOX(22) <=> CHX(28) + OX(20) -0.000 -0.000
20 CH3X(21) + CX(26) <=> CH2X(27) + CHX(28) -0.000 0.000
21 CH2X(27) + CX(26) <=> 2 CHX(28) 0.000 0.000
22 CO(7) + X(1) <=> OCX(25) 0.000 0.001
23 CX(26) + OX(20) <=> OCX(25) + X(1) -0.000 0.000
24 H2(6) + X(1) <=> H2X(49) 0.000 -0.000
25 CO(7) + X(1) <=> COX(50) -0.000 0.000
26 CH4(2) + HOX(22) + X(1) <=> CH3X(21) + H2OX(23) -0.000 -0.000
27 H2O(5) + X(1) <=> H2OX(23) -0.000 -0.002
28 H2OX(23) + OX(20) <=> 2 HOX(22) -0.180 -0.679
29 HOX(22) + HX(19) <=> H2OX(23) + X(1) -0.000 0.001
30 C2H4(47) + X(1) <=> C2H4X(210) 0.000 -0.000
31 C2H4(18) + X(1) <=> C2H4X(65) 0.000 -0.000
32 CO2(4) + X(1) <=> CO2X(24) 0.000 0.000
33 OCX(25) + OX(20) <=> CO2X(24) + X(1) 0.000 -0.000
34 CO2X(24) + HX(19) <=> HOX(22) + OCX(25) -0.000 -0.000
Finished sensitivity simulation for a C/O ratio of 1.3
Finished translating for C/O ratio of 1.3
Starting sensitivity simulation for a C/O ratio of 2.2
0 CH4(2) + X(1) <=> CH4X(48) 0.000 -0.005
1 O2(3) + 2 X(1) <=> 2 OX(20) 0.581 1.076
2 H2(6) + 2 X(1) <=> 2 HX(19) 0.000 -0.002
3 H(12) + X(1) <=> HX(19) 0.000 -0.000
4 HX(19) + OX(20) <=> HOX(22) + X(1) 0.000 0.002
5 H2O(5) + 2 X(1) <=> HOX(22) + HX(19) 0.000 0.003
6 OH(17) + X(1) <=> HOX(22) 0.000 0.000
7 CH4(2) + 2 X(1) <=> CH3X(21) + HX(19) 0.000 0.001
8 CH4(2) + OX(20) + X(1) <=> CH3X(21) + HOX(22) -0.000 0.000
9 C2H6(8) + 2 X(1) <=> 2 CH3X(21) 0.001 -0.003
10 CH3(10) + X(1) <=> CH3X(21) 0.603 -0.386
11 CH3OH(14) + 2 X(1) <=> CH3X(21) + HOX(22) 0.000 -0.000
12 CH2X(27) + HX(19) <=> CH3X(21) + X(1) -0.782 -0.782
13 CH2X(27) + HOX(22) <=> CH3X(21) + OX(20) -0.218 -0.218
14 CHX(28) + HX(19) <=> CH2X(27) + X(1) -0.000 -0.000
15 CHX(28) + HOX(22) <=> CH2X(27) + OX(20) -0.000 0.000
16 2 CH2X(27) <=> CH3X(21) + CHX(28) 0.000 0.001
17 CHX(28) + X(1) <=> CX(26) + HX(19) 0.000 -0.000
18 CX(26) + H2(6) <=> CH2X(27) 0.000 0.000
19 CX(26) + HOX(22) <=> CHX(28) + OX(20) 0.000 0.000
20 CH3X(21) + CX(26) <=> CH2X(27) + CHX(28) 0.000 0.001
21 CH2X(27) + CX(26) <=> 2 CHX(28) 0.000 -0.002
22 CO(7) + X(1) <=> OCX(25) 0.000 0.000
23 CX(26) + OX(20) <=> OCX(25) + X(1) 0.000 0.001
24 H2(6) + X(1) <=> H2X(49) 0.000 0.002
25 CO(7) + X(1) <=> COX(50) 0.000 0.004
26 CH4(2) + HOX(22) + X(1) <=> CH3X(21) + H2OX(23) -0.000 -0.000
27 H2O(5) + X(1) <=> H2OX(23) -0.000 -0.000
28 H2OX(23) + OX(20) <=> 2 HOX(22) -0.194 -0.695
29 HOX(22) + HX(19) <=> H2OX(23) + X(1) 0.000 -0.003
30 C2H4(47) + X(1) <=> C2H4X(210) 0.000 0.000
31 C2H4(18) + X(1) <=> C2H4X(65) 0.000 0.000
32 CO2(4) + X(1) <=> CO2X(24) 0.000 -0.001
33 OCX(25) + OX(20) <=> CO2X(24) + X(1) 0.000 0.001
34 CO2X(24) + HX(19) <=> HOX(22) + OCX(25) -0.000 0.001
Finished sensitivity simulation for a C/O ratio of 2.2
Finished translating for C/O ratio of 2.2
Starting sensitivity simulation for a C/O ratio of 1.1
0 CH4(2) + X(1) <=> CH4X(48) 0.000 0.000
1 O2(3) + 2 X(1) <=> 2 OX(20) 0.522 1.017
2 H2(6) + 2 X(1) <=> 2 HX(19) -0.000 -0.000
3 H(12) + X(1) <=> HX(19) 0.000 -0.000
4 HX(19) + OX(20) <=> HOX(22) + X(1) -0.000 -0.000
5 H2O(5) + 2 X(1) <=> HOX(22) + HX(19) 0.000 0.000
6 OH(17) + X(1) <=> HOX(22) 0.000 0.000
7 CH4(2) + 2 X(1) <=> CH3X(21) + HX(19) 0.000 -0.001
8 CH4(2) + OX(20) + X(1) <=> CH3X(21) + HOX(22) -0.000 -0.002
9 C2H6(8) + 2 X(1) <=> 2 CH3X(21) 0.001 -0.002
10 CH3(10) + X(1) <=> CH3X(21) 0.643 -0.349
11 CH3OH(14) + 2 X(1) <=> CH3X(21) + HOX(22) -0.000 -0.000
12 CH2X(27) + HX(19) <=> CH3X(21) + X(1) -0.703 -0.703
13 CH2X(27) + HOX(22) <=> CH3X(21) + OX(20) -0.297 -0.297
14 CHX(28) + HX(19) <=> CH2X(27) + X(1) -0.000 -0.001
15 CHX(28) + HOX(22) <=> CH2X(27) + OX(20) -0.000 0.000
16 2 CH2X(27) <=> CH3X(21) + CHX(28) -0.000 -0.000
17 CHX(28) + X(1) <=> CX(26) + HX(19) 0.000 0.001
18 CX(26) + H2(6) <=> CH2X(27) 0.000 0.001
19 CX(26) + HOX(22) <=> CHX(28) + OX(20) 0.000 0.001
20 CH3X(21) + CX(26) <=> CH2X(27) + CHX(28) -0.000 -0.000
21 CH2X(27) + CX(26) <=> 2 CHX(28) -0.000 0.001
22 CO(7) + X(1) <=> OCX(25) 0.000 -0.000
23 CX(26) + OX(20) <=> OCX(25) + X(1) 0.000 -0.000
24 H2(6) + X(1) <=> H2X(49) 0.000 0.001
25 CO(7) + X(1) <=> COX(50) -0.000 0.001
26 CH4(2) + HOX(22) + X(1) <=> CH3X(21) + H2OX(23) 0.000 0.000
27 H2O(5) + X(1) <=> H2OX(23) -0.000 -0.000
28 H2OX(23) + OX(20) <=> 2 HOX(22) -0.175 -0.674
29 HOX(22) + HX(19) <=> H2OX(23) + X(1) -0.000 -0.000
30 C2H4(47) + X(1) <=> C2H4X(210) 0.000 -0.000
31 C2H4(18) + X(1) <=> C2H4X(65) 0.000 0.000
32 CO2(4) + X(1) <=> CO2X(24) 0.000 -0.001
33 OCX(25) + OX(20) <=> CO2X(24) + X(1) 0.000 -0.000
34 CO2X(24) + HX(19) <=> HOX(22) + OCX(25) 0.000 0.000
Finished sensitivity simulation for a C/O ratio of 1.1
Finished translating for C/O ratio of 1.1
Starting sensitivity simulation for a C/O ratio of 1.4
0 CH4(2) + X(1) <=> CH4X(48) -0.000 -0.000
1 O2(3) + 2 X(1) <=> 2 OX(20) 0.544 1.038
2 H2(6) + 2 X(1) <=> 2 HX(19) -0.000 -0.000
3 H(12) + X(1) <=> HX(19) -0.000 0.000
4 HX(19) + OX(20) <=> HOX(22) + X(1) -0.000 -0.000
5 H2O(5) + 2 X(1) <=> HOX(22) + HX(19) -0.000 -0.000
6 OH(17) + X(1) <=> HOX(22) 0.000 -0.000
7 CH4(2) + 2 X(1) <=> CH3X(21) + HX(19) 0.000 0.000
8 CH4(2) + OX(20) + X(1) <=> CH3X(21) + HOX(22) -0.000 -0.001
9 C2H6(8) + 2 X(1) <=> 2 CH3X(21) 0.001 -0.003
10 CH3(10) + X(1) <=> CH3X(21) 0.628 -0.363
11 CH3OH(14) + 2 X(1) <=> CH3X(21) + HOX(22) 0.000 -0.000
12 CH2X(27) + HX(19) <=> CH3X(21) + X(1) -0.731 -0.732
13 CH2X(27) + HOX(22) <=> CH3X(21) + OX(20) -0.269 -0.268
14 CHX(28) + HX(19) <=> CH2X(27) + X(1) -0.000 -0.000
15 CHX(28) + HOX(22) <=> CH2X(27) + OX(20) 0.000 -0.000
16 2 CH2X(27) <=> CH3X(21) + CHX(28) -0.000 -0.000
17 CHX(28) + X(1) <=> CX(26) + HX(19) 0.000 -0.001
18 CX(26) + H2(6) <=> CH2X(27) 0.000 -0.000
19 CX(26) + HOX(22) <=> CHX(28) + OX(20) 0.000 0.001
20 CH3X(21) + CX(26) <=> CH2X(27) + CHX(28) -0.000 -0.000
21 CH2X(27) + CX(26) <=> 2 CHX(28) -0.000 -0.001
22 CO(7) + X(1) <=> OCX(25) -0.000 0.001
23 CX(26) + OX(20) <=> OCX(25) + X(1) -0.000 -0.000
24 H2(6) + X(1) <=> H2X(49) -0.000 0.000
25 CO(7) + X(1) <=> COX(50) -0.000 -0.000
26 CH4(2) + HOX(22) + X(1) <=> CH3X(21) + H2OX(23) -0.000 0.000
27 H2O(5) + X(1) <=> H2OX(23) -0.000 -0.000
28 H2OX(23) + OX(20) <=> 2 HOX(22) -0.182 -0.681
29 HOX(22) + HX(19) <=> H2OX(23) + X(1) 0.000 -0.001
30 C2H4(47) + X(1) <=> C2H4X(210) -0.000 -0.001
31 C2H4(18) + X(1) <=> C2H4X(65) -0.000 -0.000
32 CO2(4) + X(1) <=> CO2X(24) -0.000 -0.000
33 OCX(25) + OX(20) <=> CO2X(24) + X(1) -0.000 -0.001
34 CO2X(24) + HX(19) <=> HOX(22) + OCX(25) -0.000 -0.000
Finished sensitivity simulation for a C/O ratio of 1.4
Finished translating for C/O ratio of 1.4
Starting sensitivity simulation for a C/O ratio of 0.9
0 CH4(2) + X(1) <=> CH4X(48) 0.000 0.002
1 O2(3) + 2 X(1) <=> 2 OX(20) 0.504 1.000
2 H2(6) + 2 X(1) <=> 2 HX(19) 0.000 0.002
3 H(12) + X(1) <=> HX(19) 0.000 0.001
4 HX(19) + OX(20) <=> HOX(22) + X(1) 0.000 0.001
5 H2O(5) + 2 X(1) <=> HOX(22) + HX(19) 0.000 0.001
6 OH(17) + X(1) <=> HOX(22) 0.000 0.001
7 CH4(2) + 2 X(1) <=> CH3X(21) + HX(19) 0.000 0.001
8 CH4(2) + OX(20) + X(1) <=> CH3X(21) + HOX(22) -0.000 -0.000
9 C2H6(8) + 2 X(1) <=> 2 CH3X(21) 0.000 0.001
10 CH3(10) + X(1) <=> CH3X(21) 0.655 -0.337
11 CH3OH(14) + 2 X(1) <=> CH3X(21) + HOX(22) 0.000 0.002
12 CH2X(27) + HX(19) <=> CH3X(21) + X(1) -0.678 -0.678
13 CH2X(27) + HOX(22) <=> CH3X(21) + OX(20) -0.322 -0.321
14 CHX(28) + HX(19) <=> CH2X(27) + X(1) -0.000 0.003
15 CHX(28) + HOX(22) <=> CH2X(27) + OX(20) 0.000 0.001
16 2 CH2X(27) <=> CH3X(21) + CHX(28) 0.000 -0.001
17 CHX(28) + X(1) <=> CX(26) + HX(19) 0.000 0.001
18 CX(26) + H2(6) <=> CH2X(27) 0.000 0.001
19 CX(26) + HOX(22) <=> CHX(28) + OX(20) 0.000 0.002
20 CH3X(21) + CX(26) <=> CH2X(27) + CHX(28) 0.000 0.002
21 CH2X(27) + CX(26) <=> 2 CHX(28) 0.000 0.002
22 CO(7) + X(1) <=> OCX(25) 0.000 0.002
23 CX(26) + OX(20) <=> OCX(25) + X(1) 0.000 0.000
24 H2(6) + X(1) <=> H2X(49) 0.000 0.000
25 CO(7) + X(1) <=> COX(50) 0.000 0.002
26 CH4(2) + HOX(22) + X(1) <=> CH3X(21) + H2OX(23) 0.000 0.001
27 H2O(5) + X(1) <=> H2OX(23) -0.000 0.001
28 H2OX(23) + OX(20) <=> 2 HOX(22) -0.168 -0.667
29 HOX(22) + HX(19) <=> H2OX(23) + X(1) 0.000 0.002
30 C2H4(47) + X(1) <=> C2H4X(210) 0.000 0.002
31 C2H4(18) + X(1) <=> C2H4X(65) 0.000 0.000
32 CO2(4) + X(1) <=> CO2X(24) 0.000 0.001
33 OCX(25) + OX(20) <=> CO2X(24) + X(1) 0.000 0.003
34 CO2X(24) + HX(19) <=> HOX(22) + OCX(25) 0.000 0.002
Finished sensitivity simulation for a C/O ratio of 0.9
Finished translating for C/O ratio of 0.9
Starting sensitivity simulation for a C/O ratio of 1.0
0 CH4(2) + X(1) <=> CH4X(48) 0.000 -0.000
1 O2(3) + 2 X(1) <=> 2 OX(20) 0.514 1.010
2 H2(6) + 2 X(1) <=> 2 HX(19) 0.000 0.001
3 H(12) + X(1) <=> HX(19) 0.000 -0.000
4 HX(19) + OX(20) <=> HOX(22) + X(1) 0.000 -0.001
5 H2O(5) + 2 X(1) <=> HOX(22) + HX(19) 0.000 -0.001
6 OH(17) + X(1) <=> HOX(22) 0.000 0.000
7 CH4(2) + 2 X(1) <=> CH3X(21) + HX(19) 0.000 0.000
8 CH4(2) + OX(20) + X(1) <=> CH3X(21) + HOX(22) -0.000 -0.000
9 C2H6(8) + 2 X(1) <=> 2 CH3X(21) 0.000 -0.001
10 CH3(10) + X(1) <=> CH3X(21) 0.649 -0.342
11 CH3OH(14) + 2 X(1) <=> CH3X(21) + HOX(22) 0.000 -0.000
12 CH2X(27) + HX(19) <=> CH3X(21) + X(1) -0.691 -0.691
13 CH2X(27) + HOX(22) <=> CH3X(21) + OX(20) -0.309 -0.308
14 CHX(28) + HX(19) <=> CH2X(27) + X(1) 0.000 0.001
15 CHX(28) + HOX(22) <=> CH2X(27) + OX(20) 0.000 0.000
16 2 CH2X(27) <=> CH3X(21) + CHX(28) 0.000 0.001
17 CHX(28) + X(1) <=> CX(26) + HX(19) 0.000 0.000
18 CX(26) + H2(6) <=> CH2X(27) 0.000 -0.000
19 CX(26) + HOX(22) <=> CHX(28) + OX(20) 0.000 0.000
20 CH3X(21) + CX(26) <=> CH2X(27) + CHX(28) 0.000 0.001
21 CH2X(27) + CX(26) <=> 2 CHX(28) 0.000 -0.000
22 CO(7) + X(1) <=> OCX(25) 0.000 -0.000
23 CX(26) + OX(20) <=> OCX(25) + X(1) 0.000 0.000
24 H2(6) + X(1) <=> H2X(49) 0.000 0.000
25 CO(7) + X(1) <=> COX(50) 0.000 -0.001
26 CH4(2) + HOX(22) + X(1) <=> CH3X(21) + H2OX(23) 0.000 0.000
27 H2O(5) + X(1) <=> H2OX(23) -0.000 -0.001
28 H2OX(23) + OX(20) <=> 2 HOX(22) -0.172 -0.670
29 HOX(22) + HX(19) <=> H2OX(23) + X(1) 0.000 0.000
30 C2H4(47) + X(1) <=> C2H4X(210) 0.000 -0.000
31 C2H4(18) + X(1) <=> C2H4X(65) 0.000 0.000
32 CO2(4) + X(1) <=> CO2X(24) 0.000 0.001
33 OCX(25) + OX(20) <=> CO2X(24) + X(1) 0.000 -0.001
34 CO2X(24) + HX(19) <=> HOX(22) + OCX(25) 0.000 -0.000
Finished sensitivity simulation for a C/O ratio of 1.0
Finished translating for C/O ratio of 1.0
Starting sensitivity simulation for a C/O ratio of 0.8
0 CH4(2) + X(1) <=> CH4X(48) 0.000 -0.001
1 O2(3) + 2 X(1) <=> 2 OX(20) 0.493 0.988
2 H2(6) + 2 X(1) <=> 2 HX(19) 0.000 -0.001
3 H(12) + X(1) <=> HX(19) 0.000 -0.000
4 HX(19) + OX(20) <=> HOX(22) + X(1) 0.000 0.000
5 H2O(5) + 2 X(1) <=> HOX(22) + HX(19) 0.000 -0.000
6 OH(17) + X(1) <=> HOX(22) 0.000 -0.001
7 CH4(2) + 2 X(1) <=> CH3X(21) + HX(19) 0.000 -0.001
8 CH4(2) + OX(20) + X(1) <=> CH3X(21) + HOX(22) -0.000 -0.002
9 C2H6(8) + 2 X(1) <=> 2 CH3X(21) 0.000 -0.001
10 CH3(10) + X(1) <=> CH3X(21) 0.662 -0.328
11 CH3OH(14) + 2 X(1) <=> CH3X(21) + HOX(22) 0.000 0.000
12 CH2X(27) + HX(19) <=> CH3X(21) + X(1) -0.663 -0.665
13 CH2X(27) + HOX(22) <=> CH3X(21) + OX(20) -0.336 -0.337
14 CHX(28) + HX(19) <=> CH2X(27) + X(1) 0.000 0.000
15 CHX(28) + HOX(22) <=> CH2X(27) + OX(20) 0.000 -0.000
16 2 CH2X(27) <=> CH3X(21) + CHX(28) 0.000 -0.000
17 CHX(28) + X(1) <=> CX(26) + HX(19) 0.000 0.000
18 CX(26) + H2(6) <=> CH2X(27) 0.000 -0.001
19 CX(26) + HOX(22) <=> CHX(28) + OX(20) 0.000 -0.000
20 CH3X(21) + CX(26) <=> CH2X(27) + CHX(28) 0.000 -0.001
21 CH2X(27) + CX(26) <=> 2 CHX(28) 0.000 -0.000
22 CO(7) + X(1) <=> OCX(25) 0.000 0.000
23 CX(26) + OX(20) <=> OCX(25) + X(1) 0.000 -0.000
24 H2(6) + X(1) <=> H2X(49) 0.000 0.000
25 CO(7) + X(1) <=> COX(50) 0.000 -0.000
26 CH4(2) + HOX(22) + X(1) <=> CH3X(21) + H2OX(23) 0.000 -0.000
27 H2O(5) + X(1) <=> H2OX(23) -0.000 -0.001
28 H2OX(23) + OX(20) <=> 2 HOX(22) -0.165 -0.665
29 HOX(22) + HX(19) <=> H2OX(23) + X(1) 0.000 -0.000
30 C2H4(47) + X(1) <=> C2H4X(210) 0.000 -0.000
31 C2H4(18) + X(1) <=> C2H4X(65) 0.000 -0.001
32 CO2(4) + X(1) <=> CO2X(24) -0.000 -0.001
33 OCX(25) + OX(20) <=> CO2X(24) + X(1) 0.000 -0.000
34 CO2X(24) + HX(19) <=> HOX(22) + OCX(25) 0.000 -0.000
Finished sensitivity simulation for a C/O ratio of 0.8
Finished translating for C/O ratio of 0.8
Starting sensitivity simulation for a C/O ratio of 2.0
0 CH4(2) + X(1) <=> CH4X(48) 0.000 -0.001
1 O2(3) + 2 X(1) <=> 2 OX(20) 0.573 1.069
2 H2(6) + 2 X(1) <=> 2 HX(19) 0.000 -0.001
3 H(12) + X(1) <=> HX(19) 0.000 -0.001
4 HX(19) + OX(20) <=> HOX(22) + X(1) 0.000 -0.001
5 H2O(5) + 2 X(1) <=> HOX(22) + HX(19) 0.000 -0.001
6 OH(17) + X(1) <=> HOX(22) 0.000 -0.001
7 CH4(2) + 2 X(1) <=> CH3X(21) + HX(19) 0.000 -0.000
8 CH4(2) + OX(20) + X(1) <=> CH3X(21) + HOX(22) -0.000 -0.001
9 C2H6(8) + 2 X(1) <=> 2 CH3X(21) 0.001 -0.004
10 CH3(10) + X(1) <=> CH3X(21) 0.608 -0.382
11 CH3OH(14) + 2 X(1) <=> CH3X(21) + HOX(22) 0.000 -0.001
12 CH2X(27) + HX(19) <=> CH3X(21) + X(1) -0.772 -0.772
13 CH2X(27) + HOX(22) <=> CH3X(21) + OX(20) -0.228 -0.229
14 CHX(28) + HX(19) <=> CH2X(27) + X(1) -0.000 -0.001
15 CHX(28) + HOX(22) <=> CH2X(27) + OX(20) 0.000 -0.001
16 2 CH2X(27) <=> CH3X(21) + CHX(28) 0.000 -0.001
17 CHX(28) + X(1) <=> CX(26) + HX(19) 0.000 -0.001
18 CX(26) + H2(6) <=> CH2X(27) 0.000 -0.001
19 CX(26) + HOX(22) <=> CHX(28) + OX(20) -0.000 -0.001
20 CH3X(21) + CX(26) <=> CH2X(27) + CHX(28) 0.000 0.000
21 CH2X(27) + CX(26) <=> 2 CHX(28) 0.000 -0.000
22 CO(7) + X(1) <=> OCX(25) 0.000 0.000
23 CX(26) + OX(20) <=> OCX(25) + X(1) 0.000 -0.002
24 H2(6) + X(1) <=> H2X(49) 0.000 -0.000
25 CO(7) + X(1) <=> COX(50) 0.000 -0.001
26 CH4(2) + HOX(22) + X(1) <=> CH3X(21) + H2OX(23) 0.000 -0.000
27 H2O(5) + X(1) <=> H2OX(23) -0.000 -0.001
28 H2OX(23) + OX(20) <=> 2 HOX(22) -0.192 -0.693
29 HOX(22) + HX(19) <=> H2OX(23) + X(1) 0.000 -0.001
30 C2H4(47) + X(1) <=> C2H4X(210) 0.000 -0.002
31 C2H4(18) + X(1) <=> C2H4X(65) -0.000 -0.001
32 CO2(4) + X(1) <=> CO2X(24) 0.000 -0.001
33 OCX(25) + OX(20) <=> CO2X(24) + X(1) -0.000 -0.001
34 CO2X(24) + HX(19) <=> HOX(22) + OCX(25) 0.000 -0.000
Finished sensitivity simulation for a C/O ratio of 2.0
Finished translating for C/O ratio of 2.0
Starting sensitivity simulation for a C/O ratio of 1.6
0 CH4(2) + X(1) <=> CH4X(48) 0.000 -0.001
1 O2(3) + 2 X(1) <=> 2 OX(20) 0.555 1.050
2 H2(6) + 2 X(1) <=> 2 HX(19) 0.000 0.000
3 H(12) + X(1) <=> HX(19) 0.000 -0.000
4 HX(19) + OX(20) <=> HOX(22) + X(1) 0.000 -0.000
5 H2O(5) + 2 X(1) <=> HOX(22) + HX(19) 0.000 -0.000
6 OH(17) + X(1) <=> HOX(22) 0.000 0.000
7 CH4(2) + 2 X(1) <=> CH3X(21) + HX(19) 0.000 0.001
8 CH4(2) + OX(20) + X(1) <=> CH3X(21) + HOX(22) -0.000 -0.001
9 C2H6(8) + 2 X(1) <=> 2 CH3X(21) 0.001 -0.003
10 CH3(10) + X(1) <=> CH3X(21) 0.621 -0.370
11 CH3OH(14) + 2 X(1) <=> CH3X(21) + HOX(22) 0.000 0.000
12 CH2X(27) + HX(19) <=> CH3X(21) + X(1) -0.747 -0.747
13 CH2X(27) + HOX(22) <=> CH3X(21) + OX(20) -0.253 -0.253
14 CHX(28) + HX(19) <=> CH2X(27) + X(1) 0.000 0.007
15 CHX(28) + HOX(22) <=> CH2X(27) + OX(20) 0.000 -0.000
16 2 CH2X(27) <=> CH3X(21) + CHX(28) 0.000 -0.000
17 CHX(28) + X(1) <=> CX(26) + HX(19) 0.000 -0.000
18 CX(26) + H2(6) <=> CH2X(27) 0.000 0.003
19 CX(26) + HOX(22) <=> CHX(28) + OX(20) 0.000 0.001
20 CH3X(21) + CX(26) <=> CH2X(27) + CHX(28) 0.000 -0.000
21 CH2X(27) + CX(26) <=> 2 CHX(28) 0.000 -0.000
22 CO(7) + X(1) <=> OCX(25) 0.000 0.000
23 CX(26) + OX(20) <=> OCX(25) + X(1) 0.000 -0.003
24 H2(6) + X(1) <=> H2X(49) 0.000 0.000
25 CO(7) + X(1) <=> COX(50) 0.000 0.000
26 CH4(2) + HOX(22) + X(1) <=> CH3X(21) + H2OX(23) -0.000 0.001
27 H2O(5) + X(1) <=> H2OX(23) -0.000 -0.001
28 H2OX(23) + OX(20) <=> 2 HOX(22) -0.185 -0.685
29 HOX(22) + HX(19) <=> H2OX(23) + X(1) 0.000 0.000
30 C2H4(47) + X(1) <=> C2H4X(210) 0.000 -0.001
31 C2H4(18) + X(1) <=> C2H4X(65) 0.000 -0.000
32 CO2(4) + X(1) <=> CO2X(24) 0.000 -0.000
33 OCX(25) + OX(20) <=> CO2X(24) + X(1) 0.000 0.001
34 CO2X(24) + HX(19) <=> HOX(22) + OCX(25) 0.000 0.000
Finished sensitivity simulation for a C/O ratio of 1.6
Finished translating for C/O ratio of 1.6
Starting sensitivity simulation for a C/O ratio of 1.8
0 CH4(2) + X(1) <=> CH4X(48) 0.000 -0.001
1 O2(3) + 2 X(1) <=> 2 OX(20) 0.565 1.060
2 H2(6) + 2 X(1) <=> 2 HX(19) 0.000 0.000
3 H(12) + X(1) <=> HX(19) 0.000 -0.001
4 HX(19) + OX(20) <=> HOX(22) + X(1) -0.000 -0.000
5 H2O(5) + 2 X(1) <=> HOX(22) + HX(19) 0.000 0.000
6 OH(17) + X(1) <=> HOX(22) -0.000 0.000
7 CH4(2) + 2 X(1) <=> CH3X(21) + HX(19) 0.000 0.001
8 CH4(2) + OX(20) + X(1) <=> CH3X(21) + HOX(22) -0.000 -0.000
9 C2H6(8) + 2 X(1) <=> 2 CH3X(21) 0.001 -0.002
10 CH3(10) + X(1) <=> CH3X(21) 0.614 -0.376
11 CH3OH(14) + 2 X(1) <=> CH3X(21) + HOX(22) -0.000 0.001
12 CH2X(27) + HX(19) <=> CH3X(21) + X(1) -0.760 -0.760
13 CH2X(27) + HOX(22) <=> CH3X(21) + OX(20) -0.240 -0.240
14 CHX(28) + HX(19) <=> CH2X(27) + X(1) -0.000 0.000
15 CHX(28) + HOX(22) <=> CH2X(27) + OX(20) 0.000 0.000
16 2 CH2X(27) <=> CH3X(21) + CHX(28) -0.000 -0.000
17 CHX(28) + X(1) <=> CX(26) + HX(19) 0.000 0.001
18 CX(26) + H2(6) <=> CH2X(27) -0.000 -0.000
19 CX(26) + HOX(22) <=> CHX(28) + OX(20) 0.000 -0.001
20 CH3X(21) + CX(26) <=> CH2X(27) + CHX(28) -0.000 0.000
21 CH2X(27) + CX(26) <=> 2 CHX(28) -0.000 0.000
22 CO(7) + X(1) <=> OCX(25) -0.000 -0.001
23 CX(26) + OX(20) <=> OCX(25) + X(1) 0.000 0.000
24 H2(6) + X(1) <=> H2X(49) 0.000 -0.000
25 CO(7) + X(1) <=> COX(50) -0.000 0.001
26 CH4(2) + HOX(22) + X(1) <=> CH3X(21) + H2OX(23) 0.000 -0.000
27 H2O(5) + X(1) <=> H2OX(23) -0.000 -0.000
28 H2OX(23) + OX(20) <=> 2 HOX(22) -0.189 -0.689
29 HOX(22) + HX(19) <=> H2OX(23) + X(1) -0.000 -0.000
30 C2H4(47) + X(1) <=> C2H4X(210) 0.000 -0.000
31 C2H4(18) + X(1) <=> C2H4X(65) -0.000 -0.000
32 CO2(4) + X(1) <=> CO2X(24) 0.000 0.000
33 OCX(25) + OX(20) <=> CO2X(24) + X(1) -0.000 -0.000
34 CO2X(24) + HX(19) <=> HOX(22) + OCX(25) -0.000 -0.000
Finished sensitivity simulation for a C/O ratio of 1.8
Finished translating for C/O ratio of 1.8
Starting sensitivity simulation for a C/O ratio of 1.2
0 CH4(2) + X(1) <=> CH4X(48) 0.000 0.001
1 O2(3) + 2 X(1) <=> 2 OX(20) 0.530 1.025
2 H2(6) + 2 X(1) <=> 2 HX(19) 0.000 -0.000
3 H(12) + X(1) <=> HX(19) 0.000 0.000
4 HX(19) + OX(20) <=> HOX(22) + X(1) 0.000 -0.000
5 H2O(5) + 2 X(1) <=> HOX(22) + HX(19) 0.000 -0.001
6 OH(17) + X(1) <=> HOX(22) 0.000 -0.001
7 CH4(2) + 2 X(1) <=> CH3X(21) + HX(19) 0.000 -0.000
8 CH4(2) + OX(20) + X(1) <=> CH3X(21) + HOX(22) -0.000 -0.001
9 C2H6(8) + 2 X(1) <=> 2 CH3X(21) 0.001 -0.002
10 CH3(10) + X(1) <=> CH3X(21) 0.637 -0.354
11 CH3OH(14) + 2 X(1) <=> CH3X(21) + HOX(22) -0.000 -0.000
12 CH2X(27) + HX(19) <=> CH3X(21) + X(1) -0.713 -0.714
13 CH2X(27) + HOX(22) <=> CH3X(21) + OX(20) -0.287 -0.287
14 CHX(28) + HX(19) <=> CH2X(27) + X(1) 0.000 -0.000
15 CHX(28) + HOX(22) <=> CH2X(27) + OX(20) 0.000 -0.001
16 2 CH2X(27) <=> CH3X(21) + CHX(28) 0.000 0.000
17 CHX(28) + X(1) <=> CX(26) + HX(19) 0.000 -0.000
18 CX(26) + H2(6) <=> CH2X(27) 0.000 0.000
19 CX(26) + HOX(22) <=> CHX(28) + OX(20) 0.000 -0.000
20 CH3X(21) + CX(26) <=> CH2X(27) + CHX(28) -0.000 -0.000
21 CH2X(27) + CX(26) <=> 2 CHX(28) 0.000 0.000
22 CO(7) + X(1) <=> OCX(25) 0.000 0.000
23 CX(26) + OX(20) <=> OCX(25) + X(1) 0.000 0.001
24 H2(6) + X(1) <=> H2X(49) 0.000 -0.001
25 CO(7) + X(1) <=> COX(50) 0.000 -0.000
26 CH4(2) + HOX(22) + X(1) <=> CH3X(21) + H2OX(23) -0.000 0.000
27 H2O(5) + X(1) <=> H2OX(23) -0.000 -0.001
28 H2OX(23) + OX(20) <=> 2 HOX(22) -0.177 -0.678
29 HOX(22) + HX(19) <=> H2OX(23) + X(1) 0.000 -0.000
30 C2H4(47) + X(1) <=> C2H4X(210) 0.000 -0.001
31 C2H4(18) + X(1) <=> C2H4X(65) 0.000 -0.000
32 CO2(4) + X(1) <=> CO2X(24) -0.000 -0.000
33 OCX(25) + OX(20) <=> CO2X(24) + X(1) 0.000 -0.000
34 CO2X(24) + HX(19) <=> HOX(22) + OCX(25) 0.000 -0.000
Finished sensitivity simulation for a C/O ratio of 1.2
Finished translating for C/O ratio of 1.2
Starting sensitivity simulation for a C/O ratio of 0.6
0 CH4(2) + X(1) <=> CH4X(48) -0.000 -0.000
1 O2(3) + 2 X(1) <=> 2 OX(20) 0.466 0.961
2 H2(6) + 2 X(1) <=> 2 HX(19) 0.000 0.000
3 H(12) + X(1) <=> HX(19) 0.000 -0.000
4 HX(19) + OX(20) <=> HOX(22) + X(1) -0.000 -0.001
5 H2O(5) + 2 X(1) <=> HOX(22) + HX(19) -0.000 -0.000
6 OH(17) + X(1) <=> HOX(22) -0.000 -0.001
7 CH4(2) + 2 X(1) <=> CH3X(21) + HX(19) -0.000 -0.001
8 CH4(2) + OX(20) + X(1) <=> CH3X(21) + HOX(22) -0.000 -0.003
9 C2H6(8) + 2 X(1) <=> 2 CH3X(21) 0.000 -0.002
10 CH3(10) + X(1) <=> CH3X(21) 0.680 -0.313
11 CH3OH(14) + 2 X(1) <=> CH3X(21) + HOX(22) 0.000 -0.000
12 CH2X(27) + HX(19) <=> CH3X(21) + X(1) -0.627 -0.627
13 CH2X(27) + HOX(22) <=> CH3X(21) + OX(20) -0.373 -0.374
14 CHX(28) + HX(19) <=> CH2X(27) + X(1) 0.000 -0.000
15 CHX(28) + HOX(22) <=> CH2X(27) + OX(20) 0.000 -0.000
16 2 CH2X(27) <=> CH3X(21) + CHX(28) -0.000 -0.000
17 CHX(28) + X(1) <=> CX(26) + HX(19) -0.000 -0.000
18 CX(26) + H2(6) <=> CH2X(27) 0.000 -0.000
19 CX(26) + HOX(22) <=> CHX(28) + OX(20) -0.000 -0.001
20 CH3X(21) + CX(26) <=> CH2X(27) + CHX(28) 0.000 -0.001
21 CH2X(27) + CX(26) <=> 2 CHX(28) 0.000 0.001
22 CO(7) + X(1) <=> OCX(25) 0.000 -0.001
23 CX(26) + OX(20) <=> OCX(25) + X(1) -0.000 -0.002
24 H2(6) + X(1) <=> H2X(49) -0.000 0.001
25 CO(7) + X(1) <=> COX(50) -0.000 -0.001
26 CH4(2) + HOX(22) + X(1) <=> CH3X(21) + H2OX(23) 0.000 -0.000
27 H2O(5) + X(1) <=> H2OX(23) -0.000 -0.000
28 H2OX(23) + OX(20) <=> 2 HOX(22) -0.156 -0.654
29 HOX(22) + HX(19) <=> H2OX(23) + X(1) -0.000 -0.000
30 C2H4(47) + X(1) <=> C2H4X(210) -0.000 0.001
31 C2H4(18) + X(1) <=> C2H4X(65) -0.000 -0.001
32 CO2(4) + X(1) <=> CO2X(24) -0.000 -0.000
33 OCX(25) + OX(20) <=> CO2X(24) + X(1) -0.000 -0.000
34 CO2X(24) + HX(19) <=> HOX(22) + OCX(25) -0.000 -0.000
Finished sensitivity simulation for a C/O ratio of 0.6
Finished translating for C/O ratio of 0.6
Starting sensitivity simulation for a C/O ratio of 0.7
0 CH4(2) + X(1) <=> CH4X(48) 0.000 -0.001
1 O2(3) + 2 X(1) <=> 2 OX(20) 0.480 0.973
2 H2(6) + 2 X(1) <=> 2 HX(19) 0.000 -0.001
3 H(12) + X(1) <=> HX(19) -0.000 -0.001
4 HX(19) + OX(20) <=> HOX(22) + X(1) -0.000 0.000
5 H2O(5) + 2 X(1) <=> HOX(22) + HX(19) -0.000 -0.001
6 OH(17) + X(1) <=> HOX(22) -0.000 -0.000
7 CH4(2) + 2 X(1) <=> CH3X(21) + HX(19) -0.000 -0.001
8 CH4(2) + OX(20) + X(1) <=> CH3X(21) + HOX(22) -0.000 -0.002
9 C2H6(8) + 2 X(1) <=> 2 CH3X(21) 0.000 -0.002
10 CH3(10) + X(1) <=> CH3X(21) 0.671 -0.322
11 CH3OH(14) + 2 X(1) <=> CH3X(21) + HOX(22) 0.000 -0.001
12 CH2X(27) + HX(19) <=> CH3X(21) + X(1) -0.646 -0.648
13 CH2X(27) + HOX(22) <=> CH3X(21) + OX(20) -0.353 -0.354
14 CHX(28) + HX(19) <=> CH2X(27) + X(1) -0.000 -0.001
15 CHX(28) + HOX(22) <=> CH2X(27) + OX(20) -0.000 -0.000
16 2 CH2X(27) <=> CH3X(21) + CHX(28) -0.000 -0.001
17 CHX(28) + X(1) <=> CX(26) + HX(19) -0.000 0.000
18 CX(26) + H2(6) <=> CH2X(27) -0.000 -0.000
19 CX(26) + HOX(22) <=> CHX(28) + OX(20) 0.000 -0.001
20 CH3X(21) + CX(26) <=> CH2X(27) + CHX(28) -0.000 -0.002
21 CH2X(27) + CX(26) <=> 2 CHX(28) -0.000 -0.001
22 CO(7) + X(1) <=> OCX(25) -0.000 -0.001
23 CX(26) + OX(20) <=> OCX(25) + X(1) 0.000 -0.001
24 H2(6) + X(1) <=> H2X(49) -0.000 -0.000
25 CO(7) + X(1) <=> COX(50) -0.000 -0.001
26 CH4(2) + HOX(22) + X(1) <=> CH3X(21) + H2OX(23) 0.000 -0.001
27 H2O(5) + X(1) <=> H2OX(23) -0.000 -0.002
28 H2OX(23) + OX(20) <=> 2 HOX(22) -0.161 -0.661
29 HOX(22) + HX(19) <=> H2OX(23) + X(1) 0.000 -0.000
30 C2H4(47) + X(1) <=> C2H4X(210) -0.000 -0.000
31 C2H4(18) + X(1) <=> C2H4X(65) -0.000 -0.002
32 CO2(4) + X(1) <=> CO2X(24) 0.000 -0.001
33 OCX(25) + OX(20) <=> CO2X(24) + X(1) -0.000 -0.001
34 CO2X(24) + HX(19) <=> HOX(22) + OCX(25) -0.000 0.000
Finished sensitivity simulation for a C/O ratio of 0.7
Finished translating for C/O ratio of 0.7
Starting sensitivity simulation for a C/O ratio of 2.4
0 CH4(2) + X(1) <=> CH4X(48) 0.000 -0.000
1 O2(3) + 2 X(1) <=> 2 OX(20) 0.588 1.082
2 H2(6) + 2 X(1) <=> 2 HX(19) -0.000 0.000
3 H(12) + X(1) <=> HX(19) -0.000 -0.000
4 HX(19) + OX(20) <=> HOX(22) + X(1) -0.000 -0.000
5 H2O(5) + 2 X(1) <=> HOX(22) + HX(19) -0.000 -0.000
6 OH(17) + X(1) <=> HOX(22) -0.000 0.000
7 CH4(2) + 2 X(1) <=> CH3X(21) + HX(19) 0.000 0.000
8 CH4(2) + OX(20) + X(1) <=> CH3X(21) + HOX(22) -0.000 -0.001
9 C2H6(8) + 2 X(1) <=> 2 CH3X(21) 0.001 -0.004
10 CH3(10) + X(1) <=> CH3X(21) 0.599 -0.391
11 CH3OH(14) + 2 X(1) <=> CH3X(21) + HOX(22) -0.000 -0.001
12 CH2X(27) + HX(19) <=> CH3X(21) + X(1) -0.791 -0.791
13 CH2X(27) + HOX(22) <=> CH3X(21) + OX(20) -0.209 -0.209
14 CHX(28) + HX(19) <=> CH2X(27) + X(1) -0.000 -0.000
15 CHX(28) + HOX(22) <=> CH2X(27) + OX(20) -0.000 -0.000
16 2 CH2X(27) <=> CH3X(21) + CHX(28) -0.000 0.000
17 CHX(28) + X(1) <=> CX(26) + HX(19) -0.000 -0.001
18 CX(26) + H2(6) <=> CH2X(27) -0.000 -0.000
19 CX(26) + HOX(22) <=> CHX(28) + OX(20) 0.000 0.000
20 CH3X(21) + CX(26) <=> CH2X(27) + CHX(28) -0.000 -0.000
21 CH2X(27) + CX(26) <=> 2 CHX(28) 0.000 -0.000
22 CO(7) + X(1) <=> OCX(25) -0.000 -0.001
23 CX(26) + OX(20) <=> OCX(25) + X(1) -0.000 0.000
24 H2(6) + X(1) <=> H2X(49) -0.000 -0.000
25 CO(7) + X(1) <=> COX(50) -0.000 -0.001
26 CH4(2) + HOX(22) + X(1) <=> CH3X(21) + H2OX(23) -0.000 -0.000
27 H2O(5) + X(1) <=> H2OX(23) -0.000 -0.001
28 H2OX(23) + OX(20) <=> 2 HOX(22) -0.196 -0.698
29 HOX(22) + HX(19) <=> H2OX(23) + X(1) 0.000 0.000
30 C2H4(47) + X(1) <=> C2H4X(210) 0.000 -0.000
31 C2H4(18) + X(1) <=> C2H4X(65) -0.000 -0.000
32 CO2(4) + X(1) <=> CO2X(24) -0.000 -0.000
33 OCX(25) + OX(20) <=> CO2X(24) + X(1) -0.000 -0.000
34 CO2X(24) + HX(19) <=> HOX(22) + OCX(25) 0.000 -0.002
Finished sensitivity simulation for a C/O ratio of 2.4
Finished translating for C/O ratio of 2.4
