This mechanism contains 38 gas reactions and 30 surface reactions
Finished simulation at a C/O ratio of 0.9
Finished simulation at a C/O ratio of 2.2
Finished simulation at a C/O ratio of 0.7
Finished simulation at a C/O ratio of 1.6
Finished simulation at a C/O ratio of 2.0
Finished simulation at a C/O ratio of 1.8
Finished simulation at a C/O ratio of 0.6
Finished simulation at a C/O ratio of 2.4
Finished simulation at a C/O ratio of 2.6
Finished simulation at a C/O ratio of 1.4
Finished simulation at a C/O ratio of 1.0
Finished simulation at a C/O ratio of 0.8
Finished simulation at a C/O ratio of 1.2
Finished simulation at a C/O ratio of 1.1
Finished simulation at a C/O ratio of 1.3
Starting sensitivity simulation for a C/O ratio of 0.7
0 CH4(2) + X(1) <=> CH4X(48) 0.000 0.000
1 O2(3) + 2 X(1) <=> 2 OX(20) 0.752 1.185
2 H2(6) + 2 X(1) <=> 2 HX(19) 0.000 0.000
3 H(12) + X(1) <=> HX(19) 0.000 0.000
4 HX(19) + OX(20) <=> HOX(22) + X(1) 0.000 0.000
5 H2O(5) + 2 X(1) <=> HOX(22) + HX(19) 0.000 0.000
6 OH(17) + X(1) <=> HOX(22) 0.000 0.000
7 CH4(2) + 2 X(1) <=> CH3X(21) + HX(19) 0.000 0.000
8 CH4(2) + OX(20) + X(1) <=> CH3X(21) + HOX(22) -0.223 -0.353
9 C2H6(8) + 2 X(1) <=> 2 CH3X(21) -0.000 -0.000
10 CH3(10) + X(1) <=> CH3X(21) -1.508 -2.396
11 CH3OH(14) + 2 X(1) <=> CH3X(21) + HOX(22) -0.000 -0.000
12 CH4(2) + HOX(22) + X(1) <=> CH3X(21) + H2OX(23) -0.000 -0.000
13 H2O(5) + X(1) <=> H2OX(23) -0.001 -0.001
14 H2OX(23) + OX(20) <=> 2 HOX(22) -0.752 -1.192
15 HOX(22) + HX(19) <=> H2OX(23) + X(1) 0.000 0.000
16 H2(6) + X(1) <=> H2X(49) 0.000 0.000
17 C2H6(8) + X(1) <=> C2H6X(52) 0.000 0.000
18 CH3OH(14) + X(1) <=> CH4OX(60) 0.000 0.000
19 C2H4(47) + X(1) <=> C2H4X(205) 0.000 0.000
20 C2H4(18) + X(1) <=> C2H4X(65) 0.000 0.000
21 CO2(4) + X(1) <=> CO2X(24) 0.000 0.000
22 CO(7) + X(1) <=> OCX(25) -0.000 -0.000
23 CX(26) + OX(20) <=> OCX(25) + X(1) 0.000 0.000
24 OCX(25) + OX(20) <=> CO2X(24) + X(1) 0.000 0.000
25 CO2X(24) + HX(19) <=> HOX(22) + OCX(25) 0.000 0.000
26 CH2X(27) + HX(19) <=> CH3X(21) + X(1) -0.003 -0.003
27 CHX(28) + HX(19) <=> CH2X(27) + X(1) 0.000 0.000
28 CHX(28) + X(1) <=> CX(26) + HX(19) 0.000 0.000
29 CX(26) + H2(6) <=> CH2X(27) 0.000 0.000
Finished sensitivity simulation for a C/O ratio of 0.7
Finished translating for C/O ratio of 0.7
Starting sensitivity simulation for a C/O ratio of 1.3
0 CH4(2) + X(1) <=> CH4X(48) 0.000 0.000
1 O2(3) + 2 X(1) <=> 2 OX(20) 0.727 1.193
2 H2(6) + 2 X(1) <=> 2 HX(19) 0.000 0.000
3 H(12) + X(1) <=> HX(19) 0.000 0.000
4 HX(19) + OX(20) <=> HOX(22) + X(1) -0.000 -0.000
5 H2O(5) + 2 X(1) <=> HOX(22) + HX(19) -0.000 -0.000
6 OH(17) + X(1) <=> HOX(22) -0.000 -0.000
7 CH4(2) + 2 X(1) <=> CH3X(21) + HX(19) -0.000 -0.000
8 CH4(2) + OX(20) + X(1) <=> CH3X(21) + HOX(22) -0.162 -0.266
9 C2H6(8) + 2 X(1) <=> 2 CH3X(21) -0.000 -0.000
10 CH3(10) + X(1) <=> CH3X(21) -1.428 -2.362
11 CH3OH(14) + 2 X(1) <=> CH3X(21) + HOX(22) -0.000 -0.000
12 CH4(2) + HOX(22) + X(1) <=> CH3X(21) + H2OX(23) -0.000 -0.000
13 H2O(5) + X(1) <=> H2OX(23) -0.001 -0.001
14 H2OX(23) + OX(20) <=> 2 HOX(22) -0.712 -1.174
15 HOX(22) + HX(19) <=> H2OX(23) + X(1) -0.000 -0.000
16 H2(6) + X(1) <=> H2X(49) -0.000 -0.000
17 C2H6(8) + X(1) <=> C2H6X(52) -0.000 -0.000
18 CH3OH(14) + X(1) <=> CH4OX(60) -0.000 -0.000
19 C2H4(47) + X(1) <=> C2H4X(205) -0.000 -0.000
20 C2H4(18) + X(1) <=> C2H4X(65) -0.000 -0.000
21 CO2(4) + X(1) <=> CO2X(24) -0.000 -0.000
22 CO(7) + X(1) <=> OCX(25) -0.000 -0.000
23 CX(26) + OX(20) <=> OCX(25) + X(1) -0.000 -0.000
24 OCX(25) + OX(20) <=> CO2X(24) + X(1) -0.000 -0.000
25 CO2X(24) + HX(19) <=> HOX(22) + OCX(25) 0.000 0.000
26 CH2X(27) + HX(19) <=> CH3X(21) + X(1) -0.001 -0.001
27 CHX(28) + HX(19) <=> CH2X(27) + X(1) -0.000 -0.000
28 CHX(28) + X(1) <=> CX(26) + HX(19) -0.000 -0.000
29 CX(26) + H2(6) <=> CH2X(27) 0.000 0.000
Finished sensitivity simulation for a C/O ratio of 1.3
Finished translating for C/O ratio of 1.3
Starting sensitivity simulation for a C/O ratio of 0.6
0 CH4(2) + X(1) <=> CH4X(48) -0.000 -0.000
1 O2(3) + 2 X(1) <=> 2 OX(20) 0.749 1.172
2 H2(6) + 2 X(1) <=> 2 HX(19) -0.000 -0.000
3 H(12) + X(1) <=> HX(19) 0.000 -0.000
4 HX(19) + OX(20) <=> HOX(22) + X(1) 0.000 0.000
5 H2O(5) + 2 X(1) <=> HOX(22) + HX(19) 0.000 0.000
6 OH(17) + X(1) <=> HOX(22) -0.000 -0.000
7 CH4(2) + 2 X(1) <=> CH3X(21) + HX(19) -0.000 -0.000
8 CH4(2) + OX(20) + X(1) <=> CH3X(21) + HOX(22) -0.240 -0.377
9 C2H6(8) + 2 X(1) <=> 2 CH3X(21) -0.000 -0.000
10 CH3(10) + X(1) <=> CH3X(21) -1.513 -2.388
11 CH3OH(14) + 2 X(1) <=> CH3X(21) + HOX(22) -0.000 -0.000
12 CH4(2) + HOX(22) + X(1) <=> CH3X(21) + H2OX(23) -0.000 -0.000
13 H2O(5) + X(1) <=> H2OX(23) -0.001 -0.001
14 H2OX(23) + OX(20) <=> 2 HOX(22) -0.756 -1.188
15 HOX(22) + HX(19) <=> H2OX(23) + X(1) -0.000 -0.000
16 H2(6) + X(1) <=> H2X(49) 0.000 0.000
17 C2H6(8) + X(1) <=> C2H6X(52) -0.000 -0.000
18 CH3OH(14) + X(1) <=> CH4OX(60) -0.000 -0.000
19 C2H4(47) + X(1) <=> C2H4X(205) -0.000 -0.000
20 C2H4(18) + X(1) <=> C2H4X(65) -0.000 -0.000
21 CO2(4) + X(1) <=> CO2X(24) -0.000 -0.000
22 CO(7) + X(1) <=> OCX(25) -0.000 -0.000
23 CX(26) + OX(20) <=> OCX(25) + X(1) -0.000 -0.000
24 OCX(25) + OX(20) <=> CO2X(24) + X(1) -0.000 -0.000
25 CO2X(24) + HX(19) <=> HOX(22) + OCX(25) 0.000 0.000
26 CH2X(27) + HX(19) <=> CH3X(21) + X(1) -0.004 -0.004
27 CHX(28) + HX(19) <=> CH2X(27) + X(1) -0.000 -0.000
28 CHX(28) + X(1) <=> CX(26) + HX(19) -0.000 -0.000
29 CX(26) + H2(6) <=> CH2X(27) 0.000 0.000
Finished sensitivity simulation for a C/O ratio of 0.6
Finished translating for C/O ratio of 0.6
Starting sensitivity simulation for a C/O ratio of 1.1
0 CH4(2) + X(1) <=> CH4X(48) -0.000 -0.000
1 O2(3) + 2 X(1) <=> 2 OX(20) 0.740 1.198
2 H2(6) + 2 X(1) <=> 2 HX(19) -0.000 -0.000
3 H(12) + X(1) <=> HX(19) -0.000 -0.000
4 HX(19) + OX(20) <=> HOX(22) + X(1) -0.000 -0.000
5 H2O(5) + 2 X(1) <=> HOX(22) + HX(19) -0.000 -0.000
6 OH(17) + X(1) <=> HOX(22) -0.000 -0.000
7 CH4(2) + 2 X(1) <=> CH3X(21) + HX(19) -0.000 -0.000
8 CH4(2) + OX(20) + X(1) <=> CH3X(21) + HOX(22) -0.177 -0.288
9 C2H6(8) + 2 X(1) <=> 2 CH3X(21) -0.000 -0.000
10 CH3(10) + X(1) <=> CH3X(21) -1.459 -2.380
11 CH3OH(14) + 2 X(1) <=> CH3X(21) + HOX(22) -0.000 -0.000
12 CH4(2) + HOX(22) + X(1) <=> CH3X(21) + H2OX(23) -0.000 -0.000
13 H2O(5) + X(1) <=> H2OX(23) -0.001 -0.001
14 H2OX(23) + OX(20) <=> 2 HOX(22) -0.727 -1.183
15 HOX(22) + HX(19) <=> H2OX(23) + X(1) -0.000 -0.000
16 H2(6) + X(1) <=> H2X(49) -0.000 -0.000
17 C2H6(8) + X(1) <=> C2H6X(52) -0.000 -0.000
18 CH3OH(14) + X(1) <=> CH4OX(60) -0.000 -0.000
19 C2H4(47) + X(1) <=> C2H4X(205) -0.000 -0.000
20 C2H4(18) + X(1) <=> C2H4X(65) -0.000 -0.000
21 CO2(4) + X(1) <=> CO2X(24) -0.000 -0.000
22 CO(7) + X(1) <=> OCX(25) -0.000 -0.000
23 CX(26) + OX(20) <=> OCX(25) + X(1) -0.000 -0.000
24 OCX(25) + OX(20) <=> CO2X(24) + X(1) -0.000 -0.000
25 CO2X(24) + HX(19) <=> HOX(22) + OCX(25) -0.000 -0.000
26 CH2X(27) + HX(19) <=> CH3X(21) + X(1) -0.002 -0.002
27 CHX(28) + HX(19) <=> CH2X(27) + X(1) -0.000 -0.000
28 CHX(28) + X(1) <=> CX(26) + HX(19) -0.000 -0.000
29 CX(26) + H2(6) <=> CH2X(27) -0.000 -0.000
Finished sensitivity simulation for a C/O ratio of 1.1
Finished translating for C/O ratio of 1.1
Starting sensitivity simulation for a C/O ratio of 1.4
0 CH4(2) + X(1) <=> CH4X(48) 0.000 0.000
1 O2(3) + 2 X(1) <=> 2 OX(20) 0.721 1.190
2 H2(6) + 2 X(1) <=> 2 HX(19) 0.000 0.000
3 H(12) + X(1) <=> HX(19) 0.000 0.000
4 HX(19) + OX(20) <=> HOX(22) + X(1) -0.000 -0.000
5 H2O(5) + 2 X(1) <=> HOX(22) + HX(19) -0.000 -0.000
6 OH(17) + X(1) <=> HOX(22) 0.000 0.000
7 CH4(2) + 2 X(1) <=> CH3X(21) + HX(19) -0.000 -0.000
8 CH4(2) + OX(20) + X(1) <=> CH3X(21) + HOX(22) -0.155 -0.257
9 C2H6(8) + 2 X(1) <=> 2 CH3X(21) -0.000 -0.000
10 CH3(10) + X(1) <=> CH3X(21) -1.412 -2.352
11 CH3OH(14) + 2 X(1) <=> CH3X(21) + HOX(22) -0.000 -0.000
12 CH4(2) + HOX(22) + X(1) <=> CH3X(21) + H2OX(23) -0.000 -0.000
13 H2O(5) + X(1) <=> H2OX(23) -0.001 -0.001
14 H2OX(23) + OX(20) <=> 2 HOX(22) -0.704 -1.169
15 HOX(22) + HX(19) <=> H2OX(23) + X(1) -0.000 -0.000
16 H2(6) + X(1) <=> H2X(49) 0.000 0.000
17 C2H6(8) + X(1) <=> C2H6X(52) 0.000 0.000
18 CH3OH(14) + X(1) <=> CH4OX(60) -0.000 -0.000
19 C2H4(47) + X(1) <=> C2H4X(205) 0.000 0.000
20 C2H4(18) + X(1) <=> C2H4X(65) 0.000 0.000
21 CO2(4) + X(1) <=> CO2X(24) 0.000 0.000
22 CO(7) + X(1) <=> OCX(25) -0.000 -0.000
23 CX(26) + OX(20) <=> OCX(25) + X(1) -0.000 -0.000
24 OCX(25) + OX(20) <=> CO2X(24) + X(1) 0.000 0.000
25 CO2X(24) + HX(19) <=> HOX(22) + OCX(25) 0.000 0.000
26 CH2X(27) + HX(19) <=> CH3X(21) + X(1) -0.001 -0.001
27 CHX(28) + HX(19) <=> CH2X(27) + X(1) -0.000 -0.000
28 CHX(28) + X(1) <=> CX(26) + HX(19) -0.000 -0.000
29 CX(26) + H2(6) <=> CH2X(27) 0.000 0.000
Finished sensitivity simulation for a C/O ratio of 1.4
Finished translating for C/O ratio of 1.4
Starting sensitivity simulation for a C/O ratio of 1.0
0 CH4(2) + X(1) <=> CH4X(48) -0.000 -0.000
1 O2(3) + 2 X(1) <=> 2 OX(20) 0.745 1.198
2 H2(6) + 2 X(1) <=> 2 HX(19) -0.000 -0.000
3 H(12) + X(1) <=> HX(19) 0.000 0.000
4 HX(19) + OX(20) <=> HOX(22) + X(1) 0.000 0.000
5 H2O(5) + 2 X(1) <=> HOX(22) + HX(19) 0.000 0.000
6 OH(17) + X(1) <=> HOX(22) -0.000 -0.000
7 CH4(2) + 2 X(1) <=> CH3X(21) + HX(19) 0.000 0.000
8 CH4(2) + OX(20) + X(1) <=> CH3X(21) + HOX(22) -0.186 -0.301
9 C2H6(8) + 2 X(1) <=> 2 CH3X(21) -0.000 -0.000
10 CH3(10) + X(1) <=> CH3X(21) -1.473 -2.388
11 CH3OH(14) + 2 X(1) <=> CH3X(21) + HOX(22) -0.000 -0.000
12 CH4(2) + HOX(22) + X(1) <=> CH3X(21) + H2OX(23) -0.000 -0.000
13 H2O(5) + X(1) <=> H2OX(23) -0.001 -0.001
14 H2OX(23) + OX(20) <=> 2 HOX(22) -0.735 -1.187
15 HOX(22) + HX(19) <=> H2OX(23) + X(1) 0.000 0.000
16 H2(6) + X(1) <=> H2X(49) 0.000 0.000
17 C2H6(8) + X(1) <=> C2H6X(52) -0.000 -0.000
18 CH3OH(14) + X(1) <=> CH4OX(60) 0.000 0.000
19 C2H4(47) + X(1) <=> C2H4X(205) 0.000 0.000
20 C2H4(18) + X(1) <=> C2H4X(65) 0.000 0.000
21 CO2(4) + X(1) <=> CO2X(24) 0.000 0.000
22 CO(7) + X(1) <=> OCX(25) -0.000 -0.000
23 CX(26) + OX(20) <=> OCX(25) + X(1) -0.000 -0.000
24 OCX(25) + OX(20) <=> CO2X(24) + X(1) -0.000 -0.000
25 CO2X(24) + HX(19) <=> HOX(22) + OCX(25) 0.000 0.000
26 CH2X(27) + HX(19) <=> CH3X(21) + X(1) -0.002 -0.002
27 CHX(28) + HX(19) <=> CH2X(27) + X(1) -0.000 -0.000
28 CHX(28) + X(1) <=> CX(26) + HX(19) 0.000 0.000
29 CX(26) + H2(6) <=> CH2X(27) 0.000 0.000
Finished sensitivity simulation for a C/O ratio of 1.0
Finished translating for C/O ratio of 1.0
Starting sensitivity simulation for a C/O ratio of 1.2
0 CH4(2) + X(1) <=> CH4X(48) -0.000 -0.000
1 O2(3) + 2 X(1) <=> 2 OX(20) 0.734 1.196
2 H2(6) + 2 X(1) <=> 2 HX(19) -0.000 -0.000
3 H(12) + X(1) <=> HX(19) -0.000 -0.000
4 HX(19) + OX(20) <=> HOX(22) + X(1) -0.000 -0.000
5 H2O(5) + 2 X(1) <=> HOX(22) + HX(19) -0.000 -0.000
6 OH(17) + X(1) <=> HOX(22) -0.000 -0.000
7 CH4(2) + 2 X(1) <=> CH3X(21) + HX(19) -0.000 -0.000
8 CH4(2) + OX(20) + X(1) <=> CH3X(21) + HOX(22) -0.169 -0.276
9 C2H6(8) + 2 X(1) <=> 2 CH3X(21) -0.000 -0.000
10 CH3(10) + X(1) <=> CH3X(21) -1.444 -2.371
11 CH3OH(14) + 2 X(1) <=> CH3X(21) + HOX(22) -0.000 -0.000
12 CH4(2) + HOX(22) + X(1) <=> CH3X(21) + H2OX(23) -0.000 -0.000
13 H2O(5) + X(1) <=> H2OX(23) -0.001 -0.001
14 H2OX(23) + OX(20) <=> 2 HOX(22) -0.720 -1.179
15 HOX(22) + HX(19) <=> H2OX(23) + X(1) -0.000 -0.000
16 H2(6) + X(1) <=> H2X(49) -0.000 -0.000
17 C2H6(8) + X(1) <=> C2H6X(52) -0.000 -0.000
18 CH3OH(14) + X(1) <=> CH4OX(60) -0.000 -0.000
19 C2H4(47) + X(1) <=> C2H4X(205) -0.000 -0.000
20 C2H4(18) + X(1) <=> C2H4X(65) -0.000 -0.000
21 CO2(4) + X(1) <=> CO2X(24) -0.000 -0.000
22 CO(7) + X(1) <=> OCX(25) -0.000 -0.000
23 CX(26) + OX(20) <=> OCX(25) + X(1) -0.000 -0.000
24 OCX(25) + OX(20) <=> CO2X(24) + X(1) -0.000 -0.000
25 CO2X(24) + HX(19) <=> HOX(22) + OCX(25) 0.000 0.000
26 CH2X(27) + HX(19) <=> CH3X(21) + X(1) -0.001 -0.001
27 CHX(28) + HX(19) <=> CH2X(27) + X(1) -0.000 -0.000
28 CHX(28) + X(1) <=> CX(26) + HX(19) -0.000 -0.000
29 CX(26) + H2(6) <=> CH2X(27) -0.000 -0.000
Finished sensitivity simulation for a C/O ratio of 1.2
Finished translating for C/O ratio of 1.2
Starting sensitivity simulation for a C/O ratio of 1.8
0 CH4(2) + X(1) <=> CH4X(48) -0.000 -0.000
1 O2(3) + 2 X(1) <=> 2 OX(20) 0.691 1.174
2 H2(6) + 2 X(1) <=> 2 HX(19) -0.000 -0.000
3 H(12) + X(1) <=> HX(19) -0.000 -0.000
4 HX(19) + OX(20) <=> HOX(22) + X(1) -0.000 -0.000
5 H2O(5) + 2 X(1) <=> HOX(22) + HX(19) -0.000 -0.000
6 OH(17) + X(1) <=> HOX(22) -0.000 -0.000
7 CH4(2) + 2 X(1) <=> CH3X(21) + HX(19) -0.000 -0.000
8 CH4(2) + OX(20) + X(1) <=> CH3X(21) + HOX(22) -0.134 -0.228
9 C2H6(8) + 2 X(1) <=> 2 CH3X(21) -0.000 -0.000
10 CH3(10) + X(1) <=> CH3X(21) -1.350 -2.311
11 CH3OH(14) + 2 X(1) <=> CH3X(21) + HOX(22) -0.000 -0.000
12 CH4(2) + HOX(22) + X(1) <=> CH3X(21) + H2OX(23) -0.000 -0.000
13 H2O(5) + X(1) <=> H2OX(23) -0.001 -0.001
14 H2OX(23) + OX(20) <=> 2 HOX(22) -0.673 -1.149
15 HOX(22) + HX(19) <=> H2OX(23) + X(1) -0.000 -0.000
16 H2(6) + X(1) <=> H2X(49) -0.000 -0.000
17 C2H6(8) + X(1) <=> C2H6X(52) -0.000 -0.000
18 CH3OH(14) + X(1) <=> CH4OX(60) -0.000 -0.000
19 C2H4(47) + X(1) <=> C2H4X(205) -0.000 -0.000
20 C2H4(18) + X(1) <=> C2H4X(65) -0.000 -0.000
21 CO2(4) + X(1) <=> CO2X(24) -0.000 -0.000
22 CO(7) + X(1) <=> OCX(25) -0.000 -0.000
23 CX(26) + OX(20) <=> OCX(25) + X(1) -0.000 -0.000
24 OCX(25) + OX(20) <=> CO2X(24) + X(1) -0.000 -0.000
25 CO2X(24) + HX(19) <=> HOX(22) + OCX(25) 0.000 0.000
26 CH2X(27) + HX(19) <=> CH3X(21) + X(1) -0.001 -0.001
27 CHX(28) + HX(19) <=> CH2X(27) + X(1) -0.000 -0.000
28 CHX(28) + X(1) <=> CX(26) + HX(19) -0.000 -0.000
29 CX(26) + H2(6) <=> CH2X(27) -0.000 -0.000
Finished sensitivity simulation for a C/O ratio of 1.8
Finished translating for C/O ratio of 1.8
Starting sensitivity simulation for a C/O ratio of 0.8
0 CH4(2) + X(1) <=> CH4X(48) -0.000 -0.000
1 O2(3) + 2 X(1) <=> 2 OX(20) 0.752 1.193
2 H2(6) + 2 X(1) <=> 2 HX(19) 0.000 0.000
3 H(12) + X(1) <=> HX(19) 0.000 0.000
4 HX(19) + OX(20) <=> HOX(22) + X(1) -0.000 -0.000
5 H2O(5) + 2 X(1) <=> HOX(22) + HX(19) -0.000 -0.000
6 OH(17) + X(1) <=> HOX(22) -0.000 -0.000
7 CH4(2) + 2 X(1) <=> CH3X(21) + HX(19) -0.000 -0.000
8 CH4(2) + OX(20) + X(1) <=> CH3X(21) + HOX(22) -0.209 -0.333
9 C2H6(8) + 2 X(1) <=> 2 CH3X(21) -0.000 -0.000
10 CH3(10) + X(1) <=> CH3X(21) -1.499 -2.396
11 CH3OH(14) + 2 X(1) <=> CH3X(21) + HOX(22) -0.000 -0.000
12 CH4(2) + HOX(22) + X(1) <=> CH3X(21) + H2OX(23) -0.000 -0.000
13 H2O(5) + X(1) <=> H2OX(23) -0.001 -0.001
14 H2OX(23) + OX(20) <=> 2 HOX(22) -0.748 -1.192
15 HOX(22) + HX(19) <=> H2OX(23) + X(1) -0.000 -0.000
16 H2(6) + X(1) <=> H2X(49) -0.000 -0.000
17 C2H6(8) + X(1) <=> C2H6X(52) -0.000 -0.000
18 CH3OH(14) + X(1) <=> CH4OX(60) -0.000 -0.000
19 C2H4(47) + X(1) <=> C2H4X(205) -0.000 -0.000
20 C2H4(18) + X(1) <=> C2H4X(65) 0.000 0.000
21 CO2(4) + X(1) <=> CO2X(24) -0.000 -0.000
22 CO(7) + X(1) <=> OCX(25) -0.000 -0.000
23 CX(26) + OX(20) <=> OCX(25) + X(1) 0.000 0.000
24 OCX(25) + OX(20) <=> CO2X(24) + X(1) -0.000 -0.000
25 CO2X(24) + HX(19) <=> HOX(22) + OCX(25) 0.000 0.000
26 CH2X(27) + HX(19) <=> CH3X(21) + X(1) -0.003 -0.003
27 CHX(28) + HX(19) <=> CH2X(27) + X(1) -0.000 -0.000
28 CHX(28) + X(1) <=> CX(26) + HX(19) 0.000 0.000
29 CX(26) + H2(6) <=> CH2X(27) 0.000 0.000
Finished sensitivity simulation for a C/O ratio of 0.8
Finished translating for C/O ratio of 0.8
Starting sensitivity simulation for a C/O ratio of 2.6
0 CH4(2) + X(1) <=> CH4X(48) 0.000 0.000
1 O2(3) + 2 X(1) <=> 2 OX(20) 0.634 1.138
2 H2(6) + 2 X(1) <=> 2 HX(19) -0.000 -0.000
3 H(12) + X(1) <=> HX(19) 0.000 0.000
4 HX(19) + OX(20) <=> HOX(22) + X(1) -0.000 -0.000
5 H2O(5) + 2 X(1) <=> HOX(22) + HX(19) -0.000 -0.000
6 OH(17) + X(1) <=> HOX(22) -0.000 -0.000
7 CH4(2) + 2 X(1) <=> CH3X(21) + HX(19) -0.000 -0.000
8 CH4(2) + OX(20) + X(1) <=> CH3X(21) + HOX(22) -0.106 -0.191
9 C2H6(8) + 2 X(1) <=> 2 CH3X(21) -0.000 -0.000
10 CH3(10) + X(1) <=> CH3X(21) -1.233 -2.233
11 CH3OH(14) + 2 X(1) <=> CH3X(21) + HOX(22) -0.000 -0.000
12 CH4(2) + HOX(22) + X(1) <=> CH3X(21) + H2OX(23) -0.000 -0.000
13 H2O(5) + X(1) <=> H2OX(23) -0.001 -0.001
14 H2OX(23) + OX(20) <=> 2 HOX(22) -0.615 -1.111
15 HOX(22) + HX(19) <=> H2OX(23) + X(1) 0.000 0.000
16 H2(6) + X(1) <=> H2X(49) 0.000 0.000
17 C2H6(8) + X(1) <=> C2H6X(52) -0.000 -0.000
18 CH3OH(14) + X(1) <=> CH4OX(60) 0.000 0.000
19 C2H4(47) + X(1) <=> C2H4X(205) -0.000 -0.000
20 C2H4(18) + X(1) <=> C2H4X(65) -0.000 -0.000
21 CO2(4) + X(1) <=> CO2X(24) 0.000 0.000
22 CO(7) + X(1) <=> OCX(25) -0.000 -0.000
23 CX(26) + OX(20) <=> OCX(25) + X(1) -0.000 -0.000
24 OCX(25) + OX(20) <=> CO2X(24) + X(1) -0.000 -0.000
25 CO2X(24) + HX(19) <=> HOX(22) + OCX(25) 0.000 0.000
26 CH2X(27) + HX(19) <=> CH3X(21) + X(1) -0.000 -0.000
27 CHX(28) + HX(19) <=> CH2X(27) + X(1) -0.000 -0.000
28 CHX(28) + X(1) <=> CX(26) + HX(19) -0.000 -0.000
29 CX(26) + H2(6) <=> CH2X(27) -0.000 -0.000
Finished sensitivity simulation for a C/O ratio of 2.6
Finished translating for C/O ratio of 2.6
Starting sensitivity simulation for a C/O ratio of 2.4
0 CH4(2) + X(1) <=> CH4X(48) 0.000 0.000
1 O2(3) + 2 X(1) <=> 2 OX(20) 0.648 1.147
2 H2(6) + 2 X(1) <=> 2 HX(19) 0.000 0.000
3 H(12) + X(1) <=> HX(19) 0.000 0.000
4 HX(19) + OX(20) <=> HOX(22) + X(1) 0.000 0.000
5 H2O(5) + 2 X(1) <=> HOX(22) + HX(19) 0.000 0.000
6 OH(17) + X(1) <=> HOX(22) 0.000 0.000
7 CH4(2) + 2 X(1) <=> CH3X(21) + HX(19) 0.000 0.000
8 CH4(2) + OX(20) + X(1) <=> CH3X(21) + HOX(22) -0.112 -0.199
9 C2H6(8) + 2 X(1) <=> 2 CH3X(21) -0.000 -0.000
10 CH3(10) + X(1) <=> CH3X(21) -1.261 -2.252
11 CH3OH(14) + 2 X(1) <=> CH3X(21) + HOX(22) -0.000 -0.000
12 CH4(2) + HOX(22) + X(1) <=> CH3X(21) + H2OX(23) -0.000 -0.000
13 H2O(5) + X(1) <=> H2OX(23) -0.001 -0.001
14 H2OX(23) + OX(20) <=> 2 HOX(22) -0.629 -1.120
15 HOX(22) + HX(19) <=> H2OX(23) + X(1) 0.000 0.000
16 H2(6) + X(1) <=> H2X(49) 0.000 0.000
17 C2H6(8) + X(1) <=> C2H6X(52) 0.000 0.000
18 CH3OH(14) + X(1) <=> CH4OX(60) 0.000 0.000
19 C2H4(47) + X(1) <=> C2H4X(205) 0.000 0.000
20 C2H4(18) + X(1) <=> C2H4X(65) 0.000 0.000
21 CO2(4) + X(1) <=> CO2X(24) 0.000 0.000
22 CO(7) + X(1) <=> OCX(25) -0.000 -0.000
23 CX(26) + OX(20) <=> OCX(25) + X(1) 0.000 0.000
24 OCX(25) + OX(20) <=> CO2X(24) + X(1) 0.000 0.000
25 CO2X(24) + HX(19) <=> HOX(22) + OCX(25) 0.000 0.000
26 CH2X(27) + HX(19) <=> CH3X(21) + X(1) -0.001 -0.001
27 CHX(28) + HX(19) <=> CH2X(27) + X(1) 0.000 0.000
28 CHX(28) + X(1) <=> CX(26) + HX(19) 0.000 0.000
29 CX(26) + H2(6) <=> CH2X(27) 0.000 0.000
Finished sensitivity simulation for a C/O ratio of 2.4
Finished translating for C/O ratio of 2.4
Starting sensitivity simulation for a C/O ratio of 2.2
0 CH4(2) + X(1) <=> CH4X(48) 0.000 0.000
1 O2(3) + 2 X(1) <=> 2 OX(20) 0.662 1.156
2 H2(6) + 2 X(1) <=> 2 HX(19) 0.000 0.000
3 H(12) + X(1) <=> HX(19) 0.000 0.000
4 HX(19) + OX(20) <=> HOX(22) + X(1) 0.000 0.000
5 H2O(5) + 2 X(1) <=> HOX(22) + HX(19) 0.000 0.000
6 OH(17) + X(1) <=> HOX(22) 0.000 0.000
7 CH4(2) + 2 X(1) <=> CH3X(21) + HX(19) 0.000 0.000
8 CH4(2) + OX(20) + X(1) <=> CH3X(21) + HOX(22) -0.118 -0.207
9 C2H6(8) + 2 X(1) <=> 2 CH3X(21) -0.000 -0.000
10 CH3(10) + X(1) <=> CH3X(21) -1.290 -2.271
11 CH3OH(14) + 2 X(1) <=> CH3X(21) + HOX(22) -0.000 -0.000
12 CH4(2) + HOX(22) + X(1) <=> CH3X(21) + H2OX(23) -0.000 -0.000
13 H2O(5) + X(1) <=> H2OX(23) -0.001 -0.001
14 H2OX(23) + OX(20) <=> 2 HOX(22) -0.643 -1.129
15 HOX(22) + HX(19) <=> H2OX(23) + X(1) 0.000 0.000
16 H2(6) + X(1) <=> H2X(49) 0.000 0.000
17 C2H6(8) + X(1) <=> C2H6X(52) 0.000 0.000
18 CH3OH(14) + X(1) <=> CH4OX(60) 0.000 0.000
19 C2H4(47) + X(1) <=> C2H4X(205) 0.000 0.000
20 C2H4(18) + X(1) <=> C2H4X(65) 0.000 0.000
21 CO2(4) + X(1) <=> CO2X(24) 0.000 0.000
22 CO(7) + X(1) <=> OCX(25) 0.000 0.000
23 CX(26) + OX(20) <=> OCX(25) + X(1) 0.000 0.000
24 OCX(25) + OX(20) <=> CO2X(24) + X(1) 0.000 0.000
25 CO2X(24) + HX(19) <=> HOX(22) + OCX(25) 0.000 0.000
26 CH2X(27) + HX(19) <=> CH3X(21) + X(1) -0.001 -0.001
27 CHX(28) + HX(19) <=> CH2X(27) + X(1) 0.000 0.000
28 CHX(28) + X(1) <=> CX(26) + HX(19) 0.000 0.000
29 CX(26) + H2(6) <=> CH2X(27) 0.000 0.000
Finished sensitivity simulation for a C/O ratio of 2.2
Finished translating for C/O ratio of 2.2
Starting sensitivity simulation for a C/O ratio of 1.6
0 CH4(2) + X(1) <=> CH4X(48) -0.000 -0.000
1 O2(3) + 2 X(1) <=> 2 OX(20) 0.706 1.183
2 H2(6) + 2 X(1) <=> 2 HX(19) -0.000 -0.000
3 H(12) + X(1) <=> HX(19) -0.000 -0.000
4 HX(19) + OX(20) <=> HOX(22) + X(1) -0.000 -0.000
5 H2O(5) + 2 X(1) <=> HOX(22) + HX(19) -0.000 -0.000
6 OH(17) + X(1) <=> HOX(22) -0.000 -0.000
7 CH4(2) + 2 X(1) <=> CH3X(21) + HX(19) -0.000 -0.000
8 CH4(2) + OX(20) + X(1) <=> CH3X(21) + HOX(22) -0.144 -0.241
9 C2H6(8) + 2 X(1) <=> 2 CH3X(21) -0.000 -0.000
10 CH3(10) + X(1) <=> CH3X(21) -1.381 -2.332
11 CH3OH(14) + 2 X(1) <=> CH3X(21) + HOX(22) -0.000 -0.000
12 CH4(2) + HOX(22) + X(1) <=> CH3X(21) + H2OX(23) -0.000 -0.000
13 H2O(5) + X(1) <=> H2OX(23) -0.001 -0.001
14 H2OX(23) + OX(20) <=> 2 HOX(22) -0.689 -1.159
15 HOX(22) + HX(19) <=> H2OX(23) + X(1) -0.000 -0.000
16 H2(6) + X(1) <=> H2X(49) -0.000 -0.000
17 C2H6(8) + X(1) <=> C2H6X(52) -0.000 -0.000
18 CH3OH(14) + X(1) <=> CH4OX(60) -0.000 -0.000
19 C2H4(47) + X(1) <=> C2H4X(205) -0.000 -0.000
20 C2H4(18) + X(1) <=> C2H4X(65) -0.000 -0.000
21 CO2(4) + X(1) <=> CO2X(24) -0.000 -0.000
22 CO(7) + X(1) <=> OCX(25) -0.000 -0.000
23 CX(26) + OX(20) <=> OCX(25) + X(1) -0.000 -0.000
24 OCX(25) + OX(20) <=> CO2X(24) + X(1) -0.000 -0.000
25 CO2X(24) + HX(19) <=> HOX(22) + OCX(25) -0.000 -0.000
26 CH2X(27) + HX(19) <=> CH3X(21) + X(1) -0.001 -0.001
27 CHX(28) + HX(19) <=> CH2X(27) + X(1) -0.000 -0.000
28 CHX(28) + X(1) <=> CX(26) + HX(19) -0.000 -0.000
29 CX(26) + H2(6) <=> CH2X(27) -0.000 -0.000
Finished sensitivity simulation for a C/O ratio of 1.6
Finished translating for C/O ratio of 1.6
Starting sensitivity simulation for a C/O ratio of 2.0
0 CH4(2) + X(1) <=> CH4X(48) -0.000 -0.000
1 O2(3) + 2 X(1) <=> 2 OX(20) 0.677 1.165
2 H2(6) + 2 X(1) <=> 2 HX(19) -0.000 -0.000
3 H(12) + X(1) <=> HX(19) -0.000 -0.000
4 HX(19) + OX(20) <=> HOX(22) + X(1) -0.000 -0.000
5 H2O(5) + 2 X(1) <=> HOX(22) + HX(19) -0.000 -0.000
6 OH(17) + X(1) <=> HOX(22) -0.000 -0.000
7 CH4(2) + 2 X(1) <=> CH3X(21) + HX(19) -0.000 -0.000
8 CH4(2) + OX(20) + X(1) <=> CH3X(21) + HOX(22) -0.126 -0.217
9 C2H6(8) + 2 X(1) <=> 2 CH3X(21) -0.000 -0.000
10 CH3(10) + X(1) <=> CH3X(21) -1.319 -2.291
11 CH3OH(14) + 2 X(1) <=> CH3X(21) + HOX(22) -0.000 -0.000
12 CH4(2) + HOX(22) + X(1) <=> CH3X(21) + H2OX(23) -0.000 -0.000
13 H2O(5) + X(1) <=> H2OX(23) -0.001 -0.001
14 H2OX(23) + OX(20) <=> 2 HOX(22) -0.658 -1.139
15 HOX(22) + HX(19) <=> H2OX(23) + X(1) -0.000 -0.000
16 H2(6) + X(1) <=> H2X(49) -0.000 -0.000
17 C2H6(8) + X(1) <=> C2H6X(52) -0.000 -0.000
18 CH3OH(14) + X(1) <=> CH4OX(60) -0.000 -0.000
19 C2H4(47) + X(1) <=> C2H4X(205) -0.000 0.000
20 C2H4(18) + X(1) <=> C2H4X(65) -0.000 -0.000
21 CO2(4) + X(1) <=> CO2X(24) -0.000 -0.000
22 CO(7) + X(1) <=> OCX(25) -0.000 -0.000
23 CX(26) + OX(20) <=> OCX(25) + X(1) -0.000 -0.000
24 OCX(25) + OX(20) <=> CO2X(24) + X(1) -0.000 -0.000
25 CO2X(24) + HX(19) <=> HOX(22) + OCX(25) 0.000 0.000
26 CH2X(27) + HX(19) <=> CH3X(21) + X(1) -0.001 -0.001
27 CHX(28) + HX(19) <=> CH2X(27) + X(1) -0.000 0.000
28 CHX(28) + X(1) <=> CX(26) + HX(19) -0.000 -0.000
29 CX(26) + H2(6) <=> CH2X(27) -0.000 -0.000
Finished sensitivity simulation for a C/O ratio of 2.0
Finished translating for C/O ratio of 2.0
Starting sensitivity simulation for a C/O ratio of 0.9
0 CH4(2) + X(1) <=> CH4X(48) 0.000 0.000
1 O2(3) + 2 X(1) <=> 2 OX(20) 0.750 1.197
2 H2(6) + 2 X(1) <=> 2 HX(19) 0.000 0.000
3 H(12) + X(1) <=> HX(19) 0.000 0.000
4 HX(19) + OX(20) <=> HOX(22) + X(1) 0.000 0.000
5 H2O(5) + 2 X(1) <=> HOX(22) + HX(19) 0.000 0.000
6 OH(17) + X(1) <=> HOX(22) 0.000 0.000
7 CH4(2) + 2 X(1) <=> CH3X(21) + HX(19) 0.000 0.000
8 CH4(2) + OX(20) + X(1) <=> CH3X(21) + HOX(22) -0.197 -0.315
9 C2H6(8) + 2 X(1) <=> 2 CH3X(21) -0.000 -0.000
10 CH3(10) + X(1) <=> CH3X(21) -1.487 -2.393
11 CH3OH(14) + 2 X(1) <=> CH3X(21) + HOX(22) -0.000 -0.000
12 CH4(2) + HOX(22) + X(1) <=> CH3X(21) + H2OX(23) -0.000 -0.000
13 H2O(5) + X(1) <=> H2OX(23) -0.001 -0.001
14 H2OX(23) + OX(20) <=> 2 HOX(22) -0.741 -1.190
15 HOX(22) + HX(19) <=> H2OX(23) + X(1) 0.000 0.000
16 H2(6) + X(1) <=> H2X(49) 0.000 0.000
17 C2H6(8) + X(1) <=> C2H6X(52) 0.000 0.000
18 CH3OH(14) + X(1) <=> CH4OX(60) 0.000 0.000
19 C2H4(47) + X(1) <=> C2H4X(205) 0.000 0.000
20 C2H4(18) + X(1) <=> C2H4X(65) 0.000 0.000
21 CO2(4) + X(1) <=> CO2X(24) 0.000 0.000
22 CO(7) + X(1) <=> OCX(25) -0.000 -0.000
23 CX(26) + OX(20) <=> OCX(25) + X(1) -0.000 -0.000
24 OCX(25) + OX(20) <=> CO2X(24) + X(1) 0.000 0.000
25 CO2X(24) + HX(19) <=> HOX(22) + OCX(25) 0.000 0.000
26 CH2X(27) + HX(19) <=> CH3X(21) + X(1) -0.002 -0.002
27 CHX(28) + HX(19) <=> CH2X(27) + X(1) 0.000 0.000
28 CHX(28) + X(1) <=> CX(26) + HX(19) 0.000 0.000
29 CX(26) + H2(6) <=> CH2X(27) 0.000 0.000
Finished sensitivity simulation for a C/O ratio of 0.9
Finished translating for C/O ratio of 0.9
