This mechanism contains 64 gas reactions and 38 surface reactions
Finished simulation at a C/O ratio of 2.2
Finished simulation at a C/O ratio of 2.4
Finished simulation at a C/O ratio of 2.0
Finished simulation at a C/O ratio of 2.6
Finished simulation at a C/O ratio of 1.4
Finished simulation at a C/O ratio of 0.8
Finished simulation at a C/O ratio of 1.6
Finished simulation at a C/O ratio of 0.7
Finished simulation at a C/O ratio of 1.1
Finished simulation at a C/O ratio of 1.2
Finished simulation at a C/O ratio of 1.8
Finished simulation at a C/O ratio of 1.0
Finished simulation at a C/O ratio of 0.9
Finished simulation at a C/O ratio of 0.6
Finished simulation at a C/O ratio of 1.3
Starting sensitivity simulation for a C/O ratio of 1.6
0 CH4(2) + X(1) <=> CH4X(48) 0.197 0.219
1 O2(3) + 2 X(1) <=> 2 OX(20) 0.187 0.208
2 H2(6) + 2 X(1) <=> 2 HX(19) 0.267 0.296
3 H(12) + X(1) <=> HX(19) 0.006 0.007
4 HX(19) + OX(20) <=> HOX(22) + X(1) 0.001 0.001
5 H2O(5) + 2 X(1) <=> HOX(22) + HX(19) 0.193 0.214
6 OH(17) + X(1) <=> HOX(22) 0.062 0.070
7 CH4(2) + 2 X(1) <=> CH3X(21) + HX(19) 0.113 0.126
8 CH4(2) + OX(20) + X(1) <=> CH3X(21) + HOX(22) -4.917 -5.606
9 C2H6(8) + 2 X(1) <=> 2 CH3X(21) 0.822 0.776
10 CH3(10) + X(1) <=> CH3X(21) 0.187 0.208
11 CH3OH(14) + 2 X(1) <=> CH3X(21) + HOX(22) 0.259 0.268
12 CH4(2) + HOX(22) + X(1) <=> CH3X(21) + H2OX(23) 0.133 0.148
13 H2O(5) + X(1) <=> H2OX(23) 0.197 0.219
14 H2OX(23) + OX(20) <=> 2 HOX(22) 0.075 0.109
15 HOX(22) + HX(19) <=> H2OX(23) + X(1) 0.267 0.296
16 CH2X(27) + HX(19) <=> CH3X(21) + X(1) -1.331 -1.249
17 CH2X(27) + HOX(22) <=> CH3X(21) + OX(20) -0.422 -0.386
18 CHX(28) + HX(19) <=> CH2X(27) + X(1) -0.000 0.000
19 CHX(28) + HOX(22) <=> CH2X(27) + OX(20) 0.197 0.219
20 2 CH2X(27) <=> CH3X(21) + CHX(28) 0.000 0.000
21 CHX(28) + X(1) <=> CX(26) + HX(19) 0.000 0.000
22 CX(26) + H2(6) <=> CH2X(27) 0.197 0.219
23 CX(26) + HOX(22) <=> CHX(28) + OX(20) 0.197 0.219
24 CH3X(21) + CX(26) <=> CH2X(27) + CHX(28) 0.197 0.219
25 CH2X(27) + CX(26) <=> 2 CHX(28) 0.197 0.219
26 CO(7) + X(1) <=> OCX(25) 0.197 0.218
27 CX(26) + OX(20) <=> OCX(25) + X(1) 0.001 0.001
28 H2(6) + X(1) <=> H2X(49) 0.000 0.000
29 CO2(4) + X(1) <=> CO2X(24) 0.197 0.219
30 OCX(25) + OX(20) <=> CO2X(24) + X(1) 0.000 0.000
31 CO2X(24) + HX(19) <=> HOX(22) + OCX(25) 0.615 0.637
32 CO(7) + X(1) <=> COX(50) 0.805 0.892
33 CH3OH(14) + X(1) <=> CH4OX(60) 0.197 0.219
34 C2H6(8) + X(1) <=> C2H6X(52) 0.197 0.219
35 C2H4(47) + X(1) <=> C2H4X(210) 0.197 0.219
36 C2H4(18) + X(1) <=> C2H4X(65) 0.197 0.219
37 CH2O(9) + X(1) <=> CH2OX(54) 0.000 0.000
Finished sensitivity simulation for a C/O ratio of 1.6
Finished translating for C/O ratio of 1.6
Starting sensitivity simulation for a C/O ratio of 2.6
0 CH4(2) + X(1) <=> CH4X(48) -0.381 -0.420
1 O2(3) + 2 X(1) <=> 2 OX(20) -0.049 -0.054
2 H2(6) + 2 X(1) <=> 2 HX(19) -0.031 -0.034
3 H(12) + X(1) <=> HX(19) -0.377 -0.415
4 HX(19) + OX(20) <=> HOX(22) + X(1) -0.380 -0.418
5 H2O(5) + 2 X(1) <=> HOX(22) + HX(19) -0.388 -0.426
6 OH(17) + X(1) <=> HOX(22) -0.473 -0.519
7 CH4(2) + 2 X(1) <=> CH3X(21) + HX(19) -0.119 -0.130
8 CH4(2) + OX(20) + X(1) <=> CH3X(21) + HOX(22) -5.258 -5.944
9 C2H6(8) + 2 X(1) <=> 2 CH3X(21) 0.582 0.497
10 CH3(10) + X(1) <=> CH3X(21) -0.039 -0.042
11 CH3OH(14) + 2 X(1) <=> CH3X(21) + HOX(22) 0.069 0.057
12 CH4(2) + HOX(22) + X(1) <=> CH3X(21) + H2OX(23) -0.462 -0.508
13 H2O(5) + X(1) <=> H2OX(23) -0.381 -0.420
14 H2OX(23) + OX(20) <=> 2 HOX(22) -0.588 -0.621
15 HOX(22) + HX(19) <=> H2OX(23) + X(1) -0.000 -0.000
16 CH2X(27) + HX(19) <=> CH3X(21) + X(1) -1.406 -1.303
17 CH2X(27) + HOX(22) <=> CH3X(21) + OX(20) -0.605 -0.589
18 CHX(28) + HX(19) <=> CH2X(27) + X(1) -0.381 -0.420
19 CHX(28) + HOX(22) <=> CH2X(27) + OX(20) -0.381 -0.420
20 2 CH2X(27) <=> CH3X(21) + CHX(28) -0.381 -0.420
21 CHX(28) + X(1) <=> CX(26) + HX(19) -0.381 -0.420
22 CX(26) + H2(6) <=> CH2X(27) -0.381 -0.420
23 CX(26) + HOX(22) <=> CHX(28) + OX(20) -0.000 -0.000
24 CH3X(21) + CX(26) <=> CH2X(27) + CHX(28) -0.383 -0.421
25 CH2X(27) + CX(26) <=> 2 CHX(28) -0.381 -0.420
26 CO(7) + X(1) <=> OCX(25) -0.382 -0.420
27 CX(26) + OX(20) <=> OCX(25) + X(1) -0.380 -0.418
28 H2(6) + X(1) <=> H2X(49) 0.529 0.582
29 CO2(4) + X(1) <=> CO2X(24) -0.000 -0.000
30 OCX(25) + OX(20) <=> CO2X(24) + X(1) -0.381 -0.420
31 CO2X(24) + HX(19) <=> HOX(22) + OCX(25) 0.482 0.482
32 CO(7) + X(1) <=> COX(50) -0.381 -0.420
33 CH3OH(14) + X(1) <=> CH4OX(60) -0.381 -0.420
34 C2H6(8) + X(1) <=> C2H6X(52) -0.381 -0.420
35 C2H4(47) + X(1) <=> C2H4X(210) -0.381 -0.420
36 C2H4(18) + X(1) <=> C2H4X(65) -0.381 -0.420
37 CH2O(9) + X(1) <=> CH2OX(54) -0.381 -0.420
Finished sensitivity simulation for a C/O ratio of 2.6
Finished translating for C/O ratio of 2.6
Starting sensitivity simulation for a C/O ratio of 1.8
0 CH4(2) + X(1) <=> CH4X(48) -0.000 -0.000
1 O2(3) + 2 X(1) <=> 2 OX(20) 0.179 0.198
2 H2(6) + 2 X(1) <=> 2 HX(19) 0.190 0.210
3 H(12) + X(1) <=> HX(19) 0.195 0.216
4 HX(19) + OX(20) <=> HOX(22) + X(1) 0.191 0.211
5 H2O(5) + 2 X(1) <=> HOX(22) + HX(19) -0.005 -0.005
6 OH(17) + X(1) <=> HOX(22) -0.130 -0.142
7 CH4(2) + 2 X(1) <=> CH3X(21) + HX(19) -0.090 -0.099
8 CH4(2) + OX(20) + X(1) <=> CH3X(21) + HOX(22) -5.244 -5.963
9 C2H6(8) + 2 X(1) <=> 2 CH3X(21) 0.704 0.643
10 CH3(10) + X(1) <=> CH3X(21) 0.180 0.200
11 CH3OH(14) + 2 X(1) <=> CH3X(21) + HOX(22) 0.253 0.260
12 CH4(2) + HOX(22) + X(1) <=> CH3X(21) + H2OX(23) 0.123 0.136
13 H2O(5) + X(1) <=> H2OX(23) 0.244 0.270
14 H2OX(23) + OX(20) <=> 2 HOX(22) 0.063 0.096
15 HOX(22) + HX(19) <=> H2OX(23) + X(1) 0.190 0.210
16 CH2X(27) + HX(19) <=> CH3X(21) + X(1) -1.196 -1.094
17 CH2X(27) + HOX(22) <=> CH3X(21) + OX(20) 0.186 0.286
18 CHX(28) + HX(19) <=> CH2X(27) + X(1) 0.190 0.210
19 CHX(28) + HOX(22) <=> CH2X(27) + OX(20) 0.190 0.210
20 2 CH2X(27) <=> CH3X(21) + CHX(28) 0.000 0.000
21 CHX(28) + X(1) <=> CX(26) + HX(19) 0.190 0.210
22 CX(26) + H2(6) <=> CH2X(27) -0.000 -0.000
23 CX(26) + HOX(22) <=> CHX(28) + OX(20) 0.190 0.210
24 CH3X(21) + CX(26) <=> CH2X(27) + CHX(28) -0.001 -0.001
25 CH2X(27) + CX(26) <=> 2 CHX(28) -0.000 -0.000
26 CO(7) + X(1) <=> OCX(25) 0.189 0.210
27 CX(26) + OX(20) <=> OCX(25) + X(1) 0.190 0.210
28 H2(6) + X(1) <=> H2X(49) 0.256 0.284
29 CO2(4) + X(1) <=> CO2X(24) 0.190 0.210
30 OCX(25) + OX(20) <=> CO2X(24) + X(1) 0.190 0.210
31 CO2X(24) + HX(19) <=> HOX(22) + OCX(25) 0.418 0.418
32 CO(7) + X(1) <=> COX(50) 0.190 0.210
33 CH3OH(14) + X(1) <=> CH4OX(60) 0.190 0.210
34 C2H6(8) + X(1) <=> C2H6X(52) 0.244 0.270
35 C2H4(47) + X(1) <=> C2H4X(210) 0.000 0.000
36 C2H4(18) + X(1) <=> C2H4X(65) -0.000 -0.000
37 CH2O(9) + X(1) <=> CH2OX(54) 0.256 0.284
Finished sensitivity simulation for a C/O ratio of 1.8
Finished translating for C/O ratio of 1.8
Starting sensitivity simulation for a C/O ratio of 1.0
0 CH4(2) + X(1) <=> CH4X(48) -0.628 -0.699
1 O2(3) + 2 X(1) <=> 2 OX(20) -0.609 -0.677
2 H2(6) + 2 X(1) <=> 2 HX(19) 0.000 0.000
3 H(12) + X(1) <=> HX(19) -0.622 -0.692
4 HX(19) + OX(20) <=> HOX(22) + X(1) -0.628 -0.698
5 H2O(5) + 2 X(1) <=> HOX(22) + HX(19) -0.607 -0.675
6 OH(17) + X(1) <=> HOX(22) -0.751 -0.833
7 CH4(2) + 2 X(1) <=> CH3X(21) + HX(19) -0.622 -0.691
8 CH4(2) + OX(20) + X(1) <=> CH3X(21) + HOX(22) -5.567 -6.346
9 C2H6(8) + 2 X(1) <=> 2 CH3X(21) 0.648 0.578
10 CH3(10) + X(1) <=> CH3X(21) -0.611 -0.679
11 CH3OH(14) + 2 X(1) <=> CH3X(21) + HOX(22) 0.107 0.098
12 CH4(2) + HOX(22) + X(1) <=> CH3X(21) + H2OX(23) -0.605 -0.673
13 H2O(5) + X(1) <=> H2OX(23) -0.556 -0.619
14 H2OX(23) + OX(20) <=> 2 HOX(22) -0.767 -0.824
15 HOX(22) + HX(19) <=> H2OX(23) + X(1) -0.628 -0.699
16 CH2X(27) + HX(19) <=> CH3X(21) + X(1) -0.858 -0.727
17 CH2X(27) + HOX(22) <=> CH3X(21) + OX(20) -0.630 -0.607
18 CHX(28) + HX(19) <=> CH2X(27) + X(1) -0.628 -0.699
19 CHX(28) + HOX(22) <=> CH2X(27) + OX(20) -0.603 -0.670
20 2 CH2X(27) <=> CH3X(21) + CHX(28) -0.556 -0.619
21 CHX(28) + X(1) <=> CX(26) + HX(19) -0.556 -0.619
22 CX(26) + H2(6) <=> CH2X(27) -0.603 -0.670
23 CX(26) + HOX(22) <=> CHX(28) + OX(20) -0.603 -0.670
24 CH3X(21) + CX(26) <=> CH2X(27) + CHX(28) -0.556 -0.619
25 CH2X(27) + CX(26) <=> 2 CHX(28) -0.603 -0.670
26 CO(7) + X(1) <=> OCX(25) -0.603 -0.671
27 CX(26) + OX(20) <=> OCX(25) + X(1) 0.000 0.000
28 H2(6) + X(1) <=> H2X(49) -0.603 -0.670
29 CO2(4) + X(1) <=> CO2X(24) -0.603 -0.670
30 OCX(25) + OX(20) <=> CO2X(24) + X(1) -0.603 -0.670
31 CO2X(24) + HX(19) <=> HOX(22) + OCX(25) -0.110 -0.178
32 CO(7) + X(1) <=> COX(50) -0.628 -0.699
33 CH3OH(14) + X(1) <=> CH4OX(60) -0.556 -0.619
34 C2H6(8) + X(1) <=> C2H6X(52) -0.556 -0.619
35 C2H4(47) + X(1) <=> C2H4X(210) -0.628 -0.699
36 C2H4(18) + X(1) <=> C2H4X(65) -0.603 -0.670
37 CH2O(9) + X(1) <=> CH2OX(54) -0.000 -0.000
Finished sensitivity simulation for a C/O ratio of 1.0
Finished translating for C/O ratio of 1.0
Starting sensitivity simulation for a C/O ratio of 1.3
0 CH4(2) + X(1) <=> CH4X(48) -0.000 -0.000
1 O2(3) + 2 X(1) <=> 2 OX(20) -0.065 -0.072
2 H2(6) + 2 X(1) <=> 2 HX(19) 0.007 0.008
3 H(12) + X(1) <=> HX(19) 0.625 0.694
4 HX(19) + OX(20) <=> HOX(22) + X(1) -0.012 -0.014
5 H2O(5) + 2 X(1) <=> HOX(22) + HX(19) 0.002 0.003
6 OH(17) + X(1) <=> HOX(22) -0.192 -0.211
7 CH4(2) + 2 X(1) <=> CH3X(21) + HX(19) -0.053 -0.058
8 CH4(2) + OX(20) + X(1) <=> CH3X(21) + HOX(22) -5.404 -6.159
9 C2H6(8) + 2 X(1) <=> 2 CH3X(21) 0.687 0.626
10 CH3(10) + X(1) <=> CH3X(21) -0.004 -0.003
11 CH3OH(14) + 2 X(1) <=> CH3X(21) + HOX(22) 0.660 0.713
12 CH4(2) + HOX(22) + X(1) <=> CH3X(21) + H2OX(23) -0.120 -0.133
13 H2O(5) + X(1) <=> H2OX(23) -0.013 -0.014
14 H2OX(23) + OX(20) <=> 2 HOX(22) -0.137 -0.125
15 HOX(22) + HX(19) <=> H2OX(23) + X(1) -0.000 -0.000
16 CH2X(27) + HX(19) <=> CH3X(21) + X(1) -0.875 -0.747
17 CH2X(27) + HOX(22) <=> CH3X(21) + OX(20) 0.012 0.099
18 CHX(28) + HX(19) <=> CH2X(27) + X(1) -0.000 -0.000
19 CHX(28) + HOX(22) <=> CH2X(27) + OX(20) -0.054 -0.060
20 2 CH2X(27) <=> CH3X(21) + CHX(28) 0.054 0.060
21 CHX(28) + X(1) <=> CX(26) + HX(19) 0.000 0.000
22 CX(26) + H2(6) <=> CH2X(27) 0.007 0.008
23 CX(26) + HOX(22) <=> CHX(28) + OX(20) 0.007 0.008
24 CH3X(21) + CX(26) <=> CH2X(27) + CHX(28) 0.007 0.007
25 CH2X(27) + CX(26) <=> 2 CHX(28) 0.007 0.008
26 CO(7) + X(1) <=> OCX(25) -0.054 -0.060
27 CX(26) + OX(20) <=> OCX(25) + X(1) 0.054 0.060
28 H2(6) + X(1) <=> H2X(49) -0.000 -0.000
29 CO2(4) + X(1) <=> CO2X(24) -0.054 -0.060
30 OCX(25) + OX(20) <=> CO2X(24) + X(1) 0.000 0.000
31 CO2X(24) + HX(19) <=> HOX(22) + OCX(25) 0.379 0.373
32 CO(7) + X(1) <=> COX(50) 0.054 0.060
33 CH3OH(14) + X(1) <=> CH4OX(60) 0.007 0.008
34 C2H6(8) + X(1) <=> C2H6X(52) 0.000 0.000
35 C2H4(47) + X(1) <=> C2H4X(210) -0.013 -0.014
36 C2H4(18) + X(1) <=> C2H4X(65) 0.007 0.008
37 CH2O(9) + X(1) <=> CH2OX(54) 0.000 0.000
Finished sensitivity simulation for a C/O ratio of 1.3
Finished translating for C/O ratio of 1.3
Starting sensitivity simulation for a C/O ratio of 0.7
0 CH4(2) + X(1) <=> CH4X(48) 0.000 0.000
1 O2(3) + 2 X(1) <=> 2 OX(20) -0.261 -0.291
2 H2(6) + 2 X(1) <=> 2 HX(19) 0.000 0.000
3 H(12) + X(1) <=> HX(19) 0.004 0.005
4 HX(19) + OX(20) <=> HOX(22) + X(1) 0.001 0.001
5 H2O(5) + 2 X(1) <=> HOX(22) + HX(19) -0.004 -0.004
6 OH(17) + X(1) <=> HOX(22) -0.075 -0.080
7 CH4(2) + 2 X(1) <=> CH3X(21) + HX(19) -0.044 -0.049
8 CH4(2) + OX(20) + X(1) <=> CH3X(21) + HOX(22) -5.037 -5.779
9 C2H6(8) + 2 X(1) <=> 2 CH3X(21) 0.582 0.493
10 CH3(10) + X(1) <=> CH3X(21) -0.258 -0.288
11 CH3OH(14) + 2 X(1) <=> CH3X(21) + HOX(22) -0.112 -0.148
12 CH4(2) + HOX(22) + X(1) <=> CH3X(21) + H2OX(23) -0.034 -0.038
13 H2O(5) + X(1) <=> H2OX(23) -0.000 -0.000
14 H2OX(23) + OX(20) <=> 2 HOX(22) -0.242 -0.233
15 HOX(22) + HX(19) <=> H2OX(23) + X(1) -0.000 -0.000
16 CH2X(27) + HX(19) <=> CH3X(21) + X(1) -1.403 -1.328
17 CH2X(27) + HOX(22) <=> CH3X(21) + OX(20) -0.622 -0.586
18 CHX(28) + HX(19) <=> CH2X(27) + X(1) -0.255 -0.285
19 CHX(28) + HOX(22) <=> CH2X(27) + OX(20) -0.255 -0.285
20 2 CH2X(27) <=> CH3X(21) + CHX(28) 0.000 0.000
21 CHX(28) + X(1) <=> CX(26) + HX(19) 0.000 0.000
22 CX(26) + H2(6) <=> CH2X(27) 0.000 0.000
23 CX(26) + HOX(22) <=> CHX(28) + OX(20) 0.000 0.000
24 CH3X(21) + CX(26) <=> CH2X(27) + CHX(28) -0.256 -0.286
25 CH2X(27) + CX(26) <=> 2 CHX(28) 0.000 0.000
26 CO(7) + X(1) <=> OCX(25) -0.001 -0.001
27 CX(26) + OX(20) <=> OCX(25) + X(1) 0.000 0.000
28 H2(6) + X(1) <=> H2X(49) 0.000 0.000
29 CO2(4) + X(1) <=> CO2X(24) 0.084 0.094
30 OCX(25) + OX(20) <=> CO2X(24) + X(1) 0.000 0.000
31 CO2X(24) + HX(19) <=> HOX(22) + OCX(25) 0.641 0.641
32 CO(7) + X(1) <=> COX(50) 0.000 0.000
33 CH3OH(14) + X(1) <=> CH4OX(60) 0.000 0.000
34 C2H6(8) + X(1) <=> C2H6X(52) 0.000 0.000
35 C2H4(47) + X(1) <=> C2H4X(210) -0.255 -0.285
36 C2H4(18) + X(1) <=> C2H4X(65) 0.000 0.000
37 CH2O(9) + X(1) <=> CH2OX(54) 0.000 0.000
Finished sensitivity simulation for a C/O ratio of 0.7
Finished translating for C/O ratio of 0.7
Starting sensitivity simulation for a C/O ratio of 1.4
0 CH4(2) + X(1) <=> CH4X(48) 0.000 0.000
1 O2(3) + 2 X(1) <=> 2 OX(20) -0.312 -0.346
2 H2(6) + 2 X(1) <=> 2 HX(19) 0.070 0.077
3 H(12) + X(1) <=> HX(19) 0.006 0.007
4 HX(19) + OX(20) <=> HOX(22) + X(1) 0.001 0.001
5 H2O(5) + 2 X(1) <=> HOX(22) + HX(19) -0.005 -0.004
6 OH(17) + X(1) <=> HOX(22) -0.139 -0.152
7 CH4(2) + 2 X(1) <=> CH3X(21) + HX(19) -0.384 -0.425
8 CH4(2) + OX(20) + X(1) <=> CH3X(21) + HOX(22) -5.657 -6.440
9 C2H6(8) + 2 X(1) <=> 2 CH3X(21) 0.434 0.345
10 CH3(10) + X(1) <=> CH3X(21) -0.011 -0.011
11 CH3OH(14) + 2 X(1) <=> CH3X(21) + HOX(22) 0.061 0.047
12 CH4(2) + HOX(22) + X(1) <=> CH3X(21) + H2OX(23) -0.061 -0.067
13 H2O(5) + X(1) <=> H2OX(23) -0.000 -0.000
14 H2OX(23) + OX(20) <=> 2 HOX(22) -0.463 -0.488
15 HOX(22) + HX(19) <=> H2OX(23) + X(1) -0.299 -0.332
16 CH2X(27) + HX(19) <=> CH3X(21) + X(1) -1.481 -1.420
17 CH2X(27) + HOX(22) <=> CH3X(21) + OX(20) -0.555 -0.532
18 CHX(28) + HX(19) <=> CH2X(27) + X(1) -0.299 -0.332
19 CHX(28) + HOX(22) <=> CH2X(27) + OX(20) 0.114 0.127
20 2 CH2X(27) <=> CH3X(21) + CHX(28) -0.299 -0.332
21 CHX(28) + X(1) <=> CX(26) + HX(19) 0.000 0.000
22 CX(26) + H2(6) <=> CH2X(27) 0.000 0.000
23 CX(26) + HOX(22) <=> CHX(28) + OX(20) 0.000 0.000
24 CH3X(21) + CX(26) <=> CH2X(27) + CHX(28) 0.726 0.806
25 CH2X(27) + CX(26) <=> 2 CHX(28) 0.000 0.000
26 CO(7) + X(1) <=> OCX(25) -0.000 -0.000
27 CX(26) + OX(20) <=> OCX(25) + X(1) 0.000 0.000
28 H2(6) + X(1) <=> H2X(49) 0.114 0.127
29 CO2(4) + X(1) <=> CO2X(24) 0.000 0.000
30 OCX(25) + OX(20) <=> CO2X(24) + X(1) 0.000 0.000
31 CO2X(24) + HX(19) <=> HOX(22) + OCX(25) 0.427 0.427
32 CO(7) + X(1) <=> COX(50) 0.000 0.000
33 CH3OH(14) + X(1) <=> CH4OX(60) 0.000 0.000
34 C2H6(8) + X(1) <=> C2H6X(52) 0.000 0.000
35 C2H4(47) + X(1) <=> C2H4X(210) 0.612 0.680
36 C2H4(18) + X(1) <=> C2H4X(65) 0.000 0.000
37 CH2O(9) + X(1) <=> CH2OX(54) 0.000 0.000
Finished sensitivity simulation for a C/O ratio of 1.4
Finished translating for C/O ratio of 1.4
Starting sensitivity simulation for a C/O ratio of 2.4
0 CH4(2) + X(1) <=> CH4X(48) -0.044 -0.049
1 O2(3) + 2 X(1) <=> 2 OX(20) -0.058 -0.064
2 H2(6) + 2 X(1) <=> 2 HX(19) -0.044 -0.048
3 H(12) + X(1) <=> HX(19) -0.440 -0.485
4 HX(19) + OX(20) <=> HOX(22) + X(1) -0.443 -0.488
5 H2O(5) + 2 X(1) <=> HOX(22) + HX(19) -0.450 -0.496
6 OH(17) + X(1) <=> HOX(22) -0.145 -0.158
7 CH4(2) + 2 X(1) <=> CH3X(21) + HX(19) -0.130 -0.143
8 CH4(2) + OX(20) + X(1) <=> CH3X(21) + HOX(22) -5.461 -6.176
9 C2H6(8) + 2 X(1) <=> 2 CH3X(21) 0.547 0.461
10 CH3(10) + X(1) <=> CH3X(21) -0.005 -0.005
11 CH3OH(14) + 2 X(1) <=> CH3X(21) + HOX(22) -0.312 -0.363
12 CH4(2) + HOX(22) + X(1) <=> CH3X(21) + H2OX(23) -0.115 -0.126
13 H2O(5) + X(1) <=> H2OX(23) -0.044 -0.049
14 H2OX(23) + OX(20) <=> 2 HOX(22) -0.203 -0.197
15 HOX(22) + HX(19) <=> H2OX(23) + X(1) -0.044 -0.049
16 CH2X(27) + HX(19) <=> CH3X(21) + X(1) -1.394 -1.295
17 CH2X(27) + HOX(22) <=> CH3X(21) + OX(20) -0.581 -0.563
18 CHX(28) + HX(19) <=> CH2X(27) + X(1) -0.444 -0.489
19 CHX(28) + HOX(22) <=> CH2X(27) + OX(20) -0.444 -0.489
20 2 CH2X(27) <=> CH3X(21) + CHX(28) -0.044 -0.049
21 CHX(28) + X(1) <=> CX(26) + HX(19) -0.044 -0.049
22 CX(26) + H2(6) <=> CH2X(27) 0.000 0.000
23 CX(26) + HOX(22) <=> CHX(28) + OX(20) -0.444 -0.489
24 CH3X(21) + CX(26) <=> CH2X(27) + CHX(28) -0.446 -0.491
25 CH2X(27) + CX(26) <=> 2 CHX(28) 0.000 0.000
26 CO(7) + X(1) <=> OCX(25) -0.444 -0.490
27 CX(26) + OX(20) <=> OCX(25) + X(1) -0.443 -0.488
28 H2(6) + X(1) <=> H2X(49) -0.444 -0.489
29 CO2(4) + X(1) <=> CO2X(24) -0.444 -0.489
30 OCX(25) + OX(20) <=> CO2X(24) + X(1) -0.444 -0.489
31 CO2X(24) + HX(19) <=> HOX(22) + OCX(25) 0.462 0.463
32 CO(7) + X(1) <=> COX(50) -0.444 -0.489
33 CH3OH(14) + X(1) <=> CH4OX(60) -0.444 -0.489
34 C2H6(8) + X(1) <=> C2H6X(52) 0.000 0.000
35 C2H4(47) + X(1) <=> C2H4X(210) -0.444 -0.489
36 C2H4(18) + X(1) <=> C2H4X(65) -0.044 -0.049
37 CH2O(9) + X(1) <=> CH2OX(54) -0.444 -0.489
Finished sensitivity simulation for a C/O ratio of 2.4
Finished translating for C/O ratio of 2.4
Starting sensitivity simulation for a C/O ratio of 1.1
0 CH4(2) + X(1) <=> CH4X(48) -0.056 -0.062
1 O2(3) + 2 X(1) <=> 2 OX(20) -0.063 -0.070
2 H2(6) + 2 X(1) <=> 2 HX(19) -0.056 -0.062
3 H(12) + X(1) <=> HX(19) -0.050 -0.055
4 HX(19) + OX(20) <=> HOX(22) + X(1) -0.055 -0.061
5 H2O(5) + 2 X(1) <=> HOX(22) + HX(19) -0.060 -0.066
6 OH(17) + X(1) <=> HOX(22) -0.184 -0.203
7 CH4(2) + 2 X(1) <=> CH3X(21) + HX(19) -0.071 -0.078
8 CH4(2) + OX(20) + X(1) <=> CH3X(21) + HOX(22) -5.780 -6.583
9 C2H6(8) + 2 X(1) <=> 2 CH3X(21) 0.645 0.577
10 CH3(10) + X(1) <=> CH3X(21) -0.065 -0.072
11 CH3OH(14) + 2 X(1) <=> CH3X(21) + HOX(22) -0.408 -0.474
12 CH4(2) + HOX(22) + X(1) <=> CH3X(21) + H2OX(23) -0.053 -0.058
13 H2O(5) + X(1) <=> H2OX(23) -0.000 -0.000
14 H2OX(23) + OX(20) <=> 2 HOX(22) -0.205 -0.200
15 HOX(22) + HX(19) <=> H2OX(23) + X(1) -0.056 -0.062
16 CH2X(27) + HX(19) <=> CH3X(21) + X(1) -1.532 -1.477
17 CH2X(27) + HOX(22) <=> CH3X(21) + OX(20) -0.687 -0.673
18 CHX(28) + HX(19) <=> CH2X(27) + X(1) -0.056 -0.062
19 CHX(28) + HOX(22) <=> CH2X(27) + OX(20) 0.000 0.000
20 2 CH2X(27) <=> CH3X(21) + CHX(28) 0.000 0.000
21 CHX(28) + X(1) <=> CX(26) + HX(19) 0.000 0.000
22 CX(26) + H2(6) <=> CH2X(27) -0.056 -0.062
23 CX(26) + HOX(22) <=> CHX(28) + OX(20) 0.000 0.000
24 CH3X(21) + CX(26) <=> CH2X(27) + CHX(28) -0.056 -0.062
25 CH2X(27) + CX(26) <=> 2 CHX(28) -0.544 -0.604
26 CO(7) + X(1) <=> OCX(25) -0.056 -0.063
27 CX(26) + OX(20) <=> OCX(25) + X(1) -0.056 -0.062
28 H2(6) + X(1) <=> H2X(49) 0.000 0.000
29 CO2(4) + X(1) <=> CO2X(24) 0.000 0.000
30 OCX(25) + OX(20) <=> CO2X(24) + X(1) -0.056 -0.062
31 CO2X(24) + HX(19) <=> HOX(22) + OCX(25) 0.415 0.409
32 CO(7) + X(1) <=> COX(50) 0.000 0.000
33 CH3OH(14) + X(1) <=> CH4OX(60) -0.544 -0.604
34 C2H6(8) + X(1) <=> C2H6X(52) -0.544 -0.604
35 C2H4(47) + X(1) <=> C2H4X(210) -0.544 -0.604
36 C2H4(18) + X(1) <=> C2H4X(65) 0.000 0.000
37 CH2O(9) + X(1) <=> CH2OX(54) -0.056 -0.062
Finished sensitivity simulation for a C/O ratio of 1.1
Finished translating for C/O ratio of 1.1
Starting sensitivity simulation for a C/O ratio of 2.0
0 CH4(2) + X(1) <=> CH4X(48) 0.000 0.000
1 O2(3) + 2 X(1) <=> 2 OX(20) -0.012 -0.014
2 H2(6) + 2 X(1) <=> 2 HX(19) 0.000 0.000
3 H(12) + X(1) <=> HX(19) 0.005 0.006
4 HX(19) + OX(20) <=> HOX(22) + X(1) 0.001 0.001
5 H2O(5) + 2 X(1) <=> HOX(22) + HX(19) -0.005 -0.005
6 OH(17) + X(1) <=> HOX(22) -0.121 -0.132
7 CH4(2) + 2 X(1) <=> CH3X(21) + HX(19) -0.306 -0.337
8 CH4(2) + OX(20) + X(1) <=> CH3X(21) + HOX(22) -4.937 -5.611
9 C2H6(8) + 2 X(1) <=> 2 CH3X(21) 0.481 0.394
10 CH3(10) + X(1) <=> CH3X(21) -0.008 -0.008
11 CH3OH(14) + 2 X(1) <=> CH3X(21) + HOX(22) 0.065 0.052
12 CH4(2) + HOX(22) + X(1) <=> CH3X(21) + H2OX(23) -0.293 -0.323
13 H2O(5) + X(1) <=> H2OX(23) -0.000 -0.000
14 H2OX(23) + OX(20) <=> 2 HOX(22) -0.386 -0.401
15 HOX(22) + HX(19) <=> H2OX(23) + X(1) -0.000 -0.000
16 CH2X(27) + HX(19) <=> CH3X(21) + X(1) -1.543 -1.472
17 CH2X(27) + HOX(22) <=> CH3X(21) + OX(20) -0.600 -0.584
18 CHX(28) + HX(19) <=> CH2X(27) + X(1) -0.000 -0.000
19 CHX(28) + HOX(22) <=> CH2X(27) + OX(20) -0.214 -0.237
20 2 CH2X(27) <=> CH3X(21) + CHX(28) 0.061 0.067
21 CHX(28) + X(1) <=> CX(26) + HX(19) 0.000 0.000
22 CX(26) + H2(6) <=> CH2X(27) 0.000 0.000
23 CX(26) + HOX(22) <=> CHX(28) + OX(20) -0.214 -0.237
24 CH3X(21) + CX(26) <=> CH2X(27) + CHX(28) 0.593 0.655
25 CH2X(27) + CX(26) <=> 2 CHX(28) 0.000 0.000
26 CO(7) + X(1) <=> OCX(25) -0.215 -0.237
27 CX(26) + OX(20) <=> OCX(25) + X(1) 0.000 0.000
28 H2(6) + X(1) <=> H2X(49) -0.214 -0.237
29 CO2(4) + X(1) <=> CO2X(24) -0.214 -0.237
30 OCX(25) + OX(20) <=> CO2X(24) + X(1) 0.000 0.000
31 CO2X(24) + HX(19) <=> HOX(22) + OCX(25) 0.214 0.191
32 CO(7) + X(1) <=> COX(50) 0.000 0.000
33 CH3OH(14) + X(1) <=> CH4OX(60) 0.000 0.000
34 C2H6(8) + X(1) <=> C2H6X(52) 0.000 0.000
35 C2H4(47) + X(1) <=> C2H4X(210) 0.000 0.000
36 C2H4(18) + X(1) <=> C2H4X(65) 0.000 0.000
37 CH2O(9) + X(1) <=> CH2OX(54) 0.000 0.000
Finished sensitivity simulation for a C/O ratio of 2.0
Finished translating for C/O ratio of 2.0
Starting sensitivity simulation for a C/O ratio of 1.2
0 CH4(2) + X(1) <=> CH4X(48) 0.610 0.678
1 O2(3) + 2 X(1) <=> 2 OX(20) -0.007 -0.008
2 H2(6) + 2 X(1) <=> 2 HX(19) -0.182 -0.202
3 H(12) + X(1) <=> HX(19) -0.175 -0.195
4 HX(19) + OX(20) <=> HOX(22) + X(1) 0.001 0.001
5 H2O(5) + 2 X(1) <=> HOX(22) + HX(19) -0.004 -0.004
6 OH(17) + X(1) <=> HOX(22) -0.317 -0.350
7 CH4(2) + 2 X(1) <=> CH3X(21) + HX(19) -0.075 -0.083
8 CH4(2) + OX(20) + X(1) <=> CH3X(21) + HOX(22) -5.127 -5.850
9 C2H6(8) + 2 X(1) <=> 2 CH3X(21) 0.704 0.644
10 CH3(10) + X(1) <=> CH3X(21) -0.192 -0.212
11 CH3OH(14) + 2 X(1) <=> CH3X(21) + HOX(22) 0.123 0.116
12 CH4(2) + HOX(22) + X(1) <=> CH3X(21) + H2OX(23) -0.246 -0.273
13 H2O(5) + X(1) <=> H2OX(23) -0.182 -0.202
14 H2OX(23) + OX(20) <=> 2 HOX(22) -0.137 -0.125
15 HOX(22) + HX(19) <=> H2OX(23) + X(1) -0.000 -0.000
16 CH2X(27) + HX(19) <=> CH3X(21) + X(1) -1.416 -1.349
17 CH2X(27) + HOX(22) <=> CH3X(21) + OX(20) -0.629 -0.611
18 CHX(28) + HX(19) <=> CH2X(27) + X(1) -0.182 -0.202
19 CHX(28) + HOX(22) <=> CH2X(27) + OX(20) 0.000 0.000
20 2 CH2X(27) <=> CH3X(21) + CHX(28) 0.063 0.069
21 CHX(28) + X(1) <=> CX(26) + HX(19) -0.000 -0.000
22 CX(26) + H2(6) <=> CH2X(27) -0.140 -0.156
23 CX(26) + HOX(22) <=> CHX(28) + OX(20) 0.152 0.169
24 CH3X(21) + CX(26) <=> CH2X(27) + CHX(28) -0.000 -0.000
25 CH2X(27) + CX(26) <=> 2 CHX(28) 0.063 0.069
26 CO(7) + X(1) <=> OCX(25) -0.000 -0.000
27 CX(26) + OX(20) <=> OCX(25) + X(1) 0.063 0.070
28 H2(6) + X(1) <=> H2X(49) -0.182 -0.202
29 CO2(4) + X(1) <=> CO2X(24) 0.063 0.069
30 OCX(25) + OX(20) <=> CO2X(24) + X(1) -0.182 -0.202
31 CO2X(24) + HX(19) <=> HOX(22) + OCX(25) 0.512 0.520
32 CO(7) + X(1) <=> COX(50) -0.000 -0.000
33 CH3OH(14) + X(1) <=> CH4OX(60) -0.000 -0.000
34 C2H6(8) + X(1) <=> C2H6X(52) -0.182 -0.202
35 C2H4(47) + X(1) <=> C2H4X(210) -0.000 -0.000
36 C2H4(18) + X(1) <=> C2H4X(65) -0.182 -0.202
37 CH2O(9) + X(1) <=> CH2OX(54) 0.063 0.069
Finished sensitivity simulation for a C/O ratio of 1.2
Finished translating for C/O ratio of 1.2
Starting sensitivity simulation for a C/O ratio of 0.8
0 CH4(2) + X(1) <=> CH4X(48) 0.000 0.000
1 O2(3) + 2 X(1) <=> 2 OX(20) 0.011 0.012
2 H2(6) + 2 X(1) <=> 2 HX(19) -0.192 -0.214
3 H(12) + X(1) <=> HX(19) 0.005 0.006
4 HX(19) + OX(20) <=> HOX(22) + X(1) 0.016 0.018
5 H2O(5) + 2 X(1) <=> HOX(22) + HX(19) -0.197 -0.219
6 OH(17) + X(1) <=> HOX(22) -0.078 -0.084
7 CH4(2) + 2 X(1) <=> CH3X(21) + HX(19) -0.038 -0.041
8 CH4(2) + OX(20) + X(1) <=> CH3X(21) + HOX(22) -5.264 -6.019
9 C2H6(8) + 2 X(1) <=> 2 CH3X(21) 0.667 0.592
10 CH3(10) + X(1) <=> CH3X(21) -0.005 -0.005
11 CH3OH(14) + 2 X(1) <=> CH3X(21) + HOX(22) 0.076 0.063
12 CH4(2) + HOX(22) + X(1) <=> CH3X(21) + H2OX(23) -0.040 -0.044
13 H2O(5) + X(1) <=> H2OX(23) 0.015 0.017
14 H2OX(23) + OX(20) <=> 2 HOX(22) -0.211 -0.201
15 HOX(22) + HX(19) <=> H2OX(23) + X(1) 0.015 0.017
16 CH2X(27) + HX(19) <=> CH3X(21) + X(1) -1.428 -1.358
17 CH2X(27) + HOX(22) <=> CH3X(21) + OX(20) -0.610 -0.577
18 CHX(28) + HX(19) <=> CH2X(27) + X(1) 0.015 0.017
19 CHX(28) + HOX(22) <=> CH2X(27) + OX(20) 0.015 0.017
20 2 CH2X(27) <=> CH3X(21) + CHX(28) -0.193 -0.215
21 CHX(28) + X(1) <=> CX(26) + HX(19) 0.015 0.017
22 CX(26) + H2(6) <=> CH2X(27) -0.193 -0.215
23 CX(26) + HOX(22) <=> CHX(28) + OX(20) -0.193 -0.215
24 CH3X(21) + CX(26) <=> CH2X(27) + CHX(28) 0.015 0.017
25 CH2X(27) + CX(26) <=> 2 CHX(28) 0.015 0.017
26 CO(7) + X(1) <=> OCX(25) -0.193 -0.215
27 CX(26) + OX(20) <=> OCX(25) + X(1) 0.000 0.000
28 H2(6) + X(1) <=> H2X(49) 0.015 0.017
29 CO2(4) + X(1) <=> CO2X(24) 0.015 0.017
30 OCX(25) + OX(20) <=> CO2X(24) + X(1) -0.193 -0.215
31 CO2X(24) + HX(19) <=> HOX(22) + OCX(25) 0.582 0.582
32 CO(7) + X(1) <=> COX(50) -0.193 -0.215
33 CH3OH(14) + X(1) <=> CH4OX(60) 0.000 0.000
34 C2H6(8) + X(1) <=> C2H6X(52) -0.193 -0.215
35 C2H4(47) + X(1) <=> C2H4X(210) 0.000 0.000
36 C2H4(18) + X(1) <=> C2H4X(65) -0.193 -0.215
37 CH2O(9) + X(1) <=> CH2OX(54) -0.193 -0.215
Finished sensitivity simulation for a C/O ratio of 0.8
Finished translating for C/O ratio of 0.8
Starting sensitivity simulation for a C/O ratio of 2.2
0 CH4(2) + X(1) <=> CH4X(48) 0.053 0.058
1 O2(3) + 2 X(1) <=> 2 OX(20) 0.040 0.044
2 H2(6) + 2 X(1) <=> 2 HX(19) 0.053 0.059
3 H(12) + X(1) <=> HX(19) -0.012 -0.014
4 HX(19) + OX(20) <=> HOX(22) + X(1) 0.054 0.060
5 H2O(5) + 2 X(1) <=> HOX(22) + HX(19) -0.006 -0.006
6 OH(17) + X(1) <=> HOX(22) -0.111 -0.121
7 CH4(2) + 2 X(1) <=> CH3X(21) + HX(19) -0.087 -0.096
8 CH4(2) + OX(20) + X(1) <=> CH3X(21) + HOX(22) -5.106 -5.790
9 C2H6(8) + 2 X(1) <=> 2 CH3X(21) 1.179 1.162
10 CH3(10) + X(1) <=> CH3X(21) -0.007 -0.007
11 CH3OH(14) + 2 X(1) <=> CH3X(21) + HOX(22) 0.119 0.112
12 CH4(2) + HOX(22) + X(1) <=> CH3X(21) + H2OX(23) -0.017 -0.018
13 H2O(5) + X(1) <=> H2OX(23) -0.000 -0.000
14 H2OX(23) + OX(20) <=> 2 HOX(22) -0.146 -0.135
15 HOX(22) + HX(19) <=> H2OX(23) + X(1) -0.000 -0.000
16 CH2X(27) + HX(19) <=> CH3X(21) + X(1) -0.826 -0.675
17 CH2X(27) + HOX(22) <=> CH3X(21) + OX(20) -0.392 -0.355
18 CHX(28) + HX(19) <=> CH2X(27) + X(1) -0.000 -0.000
19 CHX(28) + HOX(22) <=> CH2X(27) + OX(20) 0.000 0.000
20 2 CH2X(27) <=> CH3X(21) + CHX(28) 0.053 0.058
21 CHX(28) + X(1) <=> CX(26) + HX(19) 0.000 0.000
22 CX(26) + H2(6) <=> CH2X(27) 0.000 0.000
23 CX(26) + HOX(22) <=> CHX(28) + OX(20) 0.053 0.058
24 CH3X(21) + CX(26) <=> CH2X(27) + CHX(28) 0.052 0.058
25 CH2X(27) + CX(26) <=> 2 CHX(28) 0.000 0.000
26 CO(7) + X(1) <=> OCX(25) 0.053 0.058
27 CX(26) + OX(20) <=> OCX(25) + X(1) 0.000 0.000
28 H2(6) + X(1) <=> H2X(49) -0.017 -0.019
29 CO2(4) + X(1) <=> CO2X(24) 0.053 0.058
30 OCX(25) + OX(20) <=> CO2X(24) + X(1) 0.000 0.000
31 CO2X(24) + HX(19) <=> HOX(22) + OCX(25) 1.026 1.086
32 CO(7) + X(1) <=> COX(50) 0.000 0.000
33 CH3OH(14) + X(1) <=> CH4OX(60) 0.053 0.058
34 C2H6(8) + X(1) <=> C2H6X(52) 0.000 0.000
35 C2H4(47) + X(1) <=> C2H4X(210) -0.017 -0.019
36 C2H4(18) + X(1) <=> C2H4X(65) 0.053 0.058
37 CH2O(9) + X(1) <=> CH2OX(54) 0.000 0.000
Finished sensitivity simulation for a C/O ratio of 2.2
Finished translating for C/O ratio of 2.2
Starting sensitivity simulation for a C/O ratio of 0.6
0 CH4(2) + X(1) <=> CH4X(48) 0.380 0.426
1 O2(3) + 2 X(1) <=> 2 OX(20) -0.005 -0.005
2 H2(6) + 2 X(1) <=> 2 HX(19) 0.366 0.411
3 H(12) + X(1) <=> HX(19) 0.382 0.428
4 HX(19) + OX(20) <=> HOX(22) + X(1) 0.381 0.427
5 H2O(5) + 2 X(1) <=> HOX(22) + HX(19) 0.376 0.423
6 OH(17) + X(1) <=> HOX(22) 0.351 0.397
7 CH4(2) + 2 X(1) <=> CH3X(21) + HX(19) -0.038 -0.042
8 CH4(2) + OX(20) + X(1) <=> CH3X(21) + HOX(22) -4.696 -5.417
9 C2H6(8) + 2 X(1) <=> 2 CH3X(21) 1.025 0.984
10 CH3(10) + X(1) <=> CH3X(21) 0.364 0.409
11 CH3OH(14) + 2 X(1) <=> CH3X(21) + HOX(22) 0.428 0.456
12 CH4(2) + HOX(22) + X(1) <=> CH3X(21) + H2OX(23) 0.370 0.416
13 H2O(5) + X(1) <=> H2OX(23) 0.380 0.426
14 H2OX(23) + OX(20) <=> 2 HOX(22) 0.095 0.148
15 HOX(22) + HX(19) <=> H2OX(23) + X(1) 0.366 0.411
16 CH2X(27) + HX(19) <=> CH3X(21) + X(1) -1.391 -1.312
17 CH2X(27) + HOX(22) <=> CH3X(21) + OX(20) -0.618 -0.576
18 CHX(28) + HX(19) <=> CH2X(27) + X(1) 0.380 0.426
19 CHX(28) + HOX(22) <=> CH2X(27) + OX(20) 0.380 0.426
20 2 CH2X(27) <=> CH3X(21) + CHX(28) 0.380 0.426
21 CHX(28) + X(1) <=> CX(26) + HX(19) 0.366 0.411
22 CX(26) + H2(6) <=> CH2X(27) 0.380 0.426
23 CX(26) + HOX(22) <=> CHX(28) + OX(20) 0.366 0.411
24 CH3X(21) + CX(26) <=> CH2X(27) + CHX(28) 0.380 0.426
25 CH2X(27) + CX(26) <=> 2 CHX(28) 0.380 0.426
26 CO(7) + X(1) <=> OCX(25) 0.379 0.426
27 CX(26) + OX(20) <=> OCX(25) + X(1) 0.366 0.411
28 H2(6) + X(1) <=> H2X(49) 0.380 0.426
29 CO2(4) + X(1) <=> CO2X(24) 0.380 0.426
30 OCX(25) + OX(20) <=> CO2X(24) + X(1) 0.366 0.411
31 CO2X(24) + HX(19) <=> HOX(22) + OCX(25) 1.115 1.165
32 CO(7) + X(1) <=> COX(50) 0.000 0.000
33 CH3OH(14) + X(1) <=> CH4OX(60) 0.380 0.426
34 C2H6(8) + X(1) <=> C2H6X(52) 0.366 0.411
35 C2H4(47) + X(1) <=> C2H4X(210) 0.366 0.411
36 C2H4(18) + X(1) <=> C2H4X(65) 0.380 0.426
37 CH2O(9) + X(1) <=> CH2OX(54) 0.380 0.426
Finished sensitivity simulation for a C/O ratio of 0.6
Finished translating for C/O ratio of 0.6
Starting sensitivity simulation for a C/O ratio of 0.9
0 CH4(2) + X(1) <=> CH4X(48) -1.153 -1.284
1 O2(3) + 2 X(1) <=> 2 OX(20) -1.158 -1.290
2 H2(6) + 2 X(1) <=> 2 HX(19) -1.153 -1.284
3 H(12) + X(1) <=> HX(19) -1.147 -1.278
4 HX(19) + OX(20) <=> HOX(22) + X(1) -1.186 -1.321
5 H2O(5) + 2 X(1) <=> HOX(22) + HX(19) -1.352 -1.505
6 OH(17) + X(1) <=> HOX(22) -1.458 -1.621
7 CH4(2) + 2 X(1) <=> CH3X(21) + HX(19) -1.411 -1.571
8 CH4(2) + OX(20) + X(1) <=> CH3X(21) + HOX(22) -6.116 -6.966
9 C2H6(8) + 2 X(1) <=> 2 CH3X(21) -0.546 -0.755
10 CH3(10) + X(1) <=> CH3X(21) -1.193 -1.328
11 CH3OH(14) + 2 X(1) <=> CH3X(21) + HOX(22) -1.092 -1.238
12 CH4(2) + HOX(22) + X(1) <=> CH3X(21) + H2OX(23) -1.198 -1.334
13 H2O(5) + X(1) <=> H2OX(23) -1.186 -1.321
14 H2OX(23) + OX(20) <=> 2 HOX(22) -1.373 -1.498
15 HOX(22) + HX(19) <=> H2OX(23) + X(1) -1.186 -1.321
16 CH2X(27) + HX(19) <=> CH3X(21) + X(1) -2.618 -2.684
17 CH2X(27) + HOX(22) <=> CH3X(21) + OX(20) -1.788 -1.893
18 CHX(28) + HX(19) <=> CH2X(27) + X(1) -1.153 -1.284
19 CHX(28) + HOX(22) <=> CH2X(27) + OX(20) -1.153 -1.284
20 2 CH2X(27) <=> CH3X(21) + CHX(28) -1.153 -1.284
21 CHX(28) + X(1) <=> CX(26) + HX(19) -1.153 -1.284
22 CX(26) + H2(6) <=> CH2X(27) -1.186 -1.321
23 CX(26) + HOX(22) <=> CHX(28) + OX(20) -1.153 -1.284
24 CH3X(21) + CX(26) <=> CH2X(27) + CHX(28) -1.153 -1.284
25 CH2X(27) + CX(26) <=> 2 CHX(28) -1.186 -1.321
26 CO(7) + X(1) <=> OCX(25) -1.348 -1.501
27 CX(26) + OX(20) <=> OCX(25) + X(1) -1.347 -1.500
28 H2(6) + X(1) <=> H2X(49) -1.347 -1.501
29 CO2(4) + X(1) <=> CO2X(24) -1.153 -1.284
30 OCX(25) + OX(20) <=> CO2X(24) + X(1) -1.186 -1.321
31 CO2X(24) + HX(19) <=> HOX(22) + OCX(25) -0.810 -0.962
32 CO(7) + X(1) <=> COX(50) -1.186 -1.321
33 CH3OH(14) + X(1) <=> CH4OX(60) -1.186 -1.321
34 C2H6(8) + X(1) <=> C2H6X(52) -1.186 -1.321
35 C2H4(47) + X(1) <=> C2H4X(210) -1.186 -1.321
36 C2H4(18) + X(1) <=> C2H4X(65) -1.153 -1.284
37 CH2O(9) + X(1) <=> CH2OX(54) -1.186 -1.321
Finished sensitivity simulation for a C/O ratio of 0.9
Finished translating for C/O ratio of 0.9
