This mechanism contains 38 gas reactions and 41 surface reactions
Finished simulation at a C/O ratio of 0.8
Finished simulation at a C/O ratio of 0.7
Finished simulation at a C/O ratio of 1.0
Finished simulation at a C/O ratio of 1.6
Finished simulation at a C/O ratio of 0.9
Finished simulation at a C/O ratio of 1.3
Finished simulation at a C/O ratio of 1.4
Finished simulation at a C/O ratio of 1.8
Finished simulation at a C/O ratio of 1.2
Finished simulation at a C/O ratio of 1.1
Finished simulation at a C/O ratio of 0.6
Finished simulation at a C/O ratio of 2.4
Finished simulation at a C/O ratio of 2.0
Finished simulation at a C/O ratio of 2.6
Finished simulation at a C/O ratio of 2.2
Starting sensitivity simulation for a C/O ratio of 0.8
0 CH4(2) + X(1) <=> CH4X(48) -0.000 -0.000
1 O2(3) + 2 X(1) <=> 2 OX(20) 0.114 0.129
2 H2(6) + 2 X(1) <=> 2 HX(19) 0.000 -0.000
3 H(12) + X(1) <=> HX(19) -0.001 -0.001
4 HX(19) + OX(20) <=> HOX(22) + X(1) -0.000 0.000
5 H2O(5) + 2 X(1) <=> HOX(22) + HX(19) 0.001 0.001
6 OH(17) + X(1) <=> HOX(22) 0.000 0.000
7 CH4(2) + 2 X(1) <=> CH3X(21) + HX(19) -0.001 -0.001
8 CH4(2) + OX(20) + X(1) <=> CH3X(21) + HOX(22) -0.177 -0.237
9 C2H6(8) + 2 X(1) <=> 2 CH3X(21) -0.001 -0.000
10 CH3(10) + X(1) <=> CH3X(21) -0.167 -0.146
11 CH3OH(14) + 2 X(1) <=> CH3X(21) + HOX(22) -0.000 -0.000
12 CH2X(27) + HX(19) <=> CH3X(21) + X(1) -0.000 0.000
13 CH2X(27) + HOX(22) <=> CH3X(21) + OX(20) 0.000 -0.000
14 CHX(28) + HX(19) <=> CH2X(27) + X(1) 0.000 0.000
15 CHX(28) + HOX(22) <=> CH2X(27) + OX(20) -0.000 0.000
16 2 CH2X(27) <=> CH3X(21) + CHX(28) -0.000 0.000
17 CHX(28) + X(1) <=> CX(26) + HX(19) -0.000 -0.000
18 CX(26) + H2(6) <=> CH2X(27) -0.000 -0.000
19 CX(26) + HOX(22) <=> CHX(28) + OX(20) -0.000 0.000
20 CH3X(21) + CX(26) <=> CH2X(27) + CHX(28) -0.000 0.000
21 CH2X(27) + CX(26) <=> 2 CHX(28) -0.000 0.000
22 CO(7) + X(1) <=> OCX(25) -0.000 -0.000
23 CX(26) + OX(20) <=> OCX(25) + X(1) -0.000 -0.000
24 CH4(2) + HOX(22) + X(1) <=> CH3X(21) + H2OX(23) -0.000 -0.000
25 H2O(5) + X(1) <=> H2OX(23) -0.000 0.000
26 H2OX(23) + OX(20) <=> 2 HOX(22) 0.000 0.000
27 HOX(22) + HX(19) <=> H2OX(23) + X(1) 0.000 0.000
28 H2(6) + X(1) <=> H2X(49) -0.000 0.000
29 CO2(4) + X(1) <=> CO2X(24) 0.001 0.001
30 OCX(25) + OX(20) <=> CO2X(24) + X(1) 0.001 0.002
31 CO2X(24) + HX(19) <=> HOX(22) + OCX(25) -0.000 0.000
32 CO(7) + X(1) <=> COX(50) 0.000 -0.000
33 CH2O(9) + 2 X(1) <=> CHOX(53) + HX(19) 0.004 0.005
34 HCO(15) + X(1) <=> CHOX(53) -0.000 0.000
35 CH3CHO(16) + 2 X(1) <=> CH3X(21) + CHOX(53) -0.000 -0.000
36 CHOX(53) + X(1) <=> HX(19) + OCX(25) -0.000 0.000
37 CHOX(53) + OX(20) <=> HOX(22) + OCX(25) -0.000 0.000
38 CH2X(27) + CHOX(53) <=> CH3X(21) + OCX(25) 0.004 0.005
39 CHOX(53) + CHX(28) <=> CH2X(27) + OCX(25) -0.000 0.000
40 CHOX(53) + CX(26) <=> CHX(28) + OCX(25) -0.000 0.000
Finished sensitivity simulation for a C/O ratio of 0.8
Finished translating for C/O ratio of 0.8
Starting sensitivity simulation for a C/O ratio of 1.0
0 CH4(2) + X(1) <=> CH4X(48) 0.000 -0.000
1 O2(3) + 2 X(1) <=> 2 OX(20) 0.061 0.057
2 H2(6) + 2 X(1) <=> 2 HX(19) -0.000 -0.000
3 H(12) + X(1) <=> HX(19) -0.003 -0.005
4 HX(19) + OX(20) <=> HOX(22) + X(1) 0.000 -0.000
5 H2O(5) + 2 X(1) <=> HOX(22) + HX(19) 0.000 -0.000
6 OH(17) + X(1) <=> HOX(22) 0.000 0.000
7 CH4(2) + 2 X(1) <=> CH3X(21) + HX(19) -0.002 -0.002
8 CH4(2) + OX(20) + X(1) <=> CH3X(21) + HOX(22) -0.085 -0.114
9 C2H6(8) + 2 X(1) <=> 2 CH3X(21) -0.001 -0.000
10 CH3(10) + X(1) <=> CH3X(21) -0.133 -0.086
11 CH3OH(14) + 2 X(1) <=> CH3X(21) + HOX(22) -0.000 -0.000
12 CH2X(27) + HX(19) <=> CH3X(21) + X(1) -0.000 -0.000
13 CH2X(27) + HOX(22) <=> CH3X(21) + OX(20) 0.000 -0.000
14 CHX(28) + HX(19) <=> CH2X(27) + X(1) 0.000 -0.000
15 CHX(28) + HOX(22) <=> CH2X(27) + OX(20) 0.000 -0.000
16 2 CH2X(27) <=> CH3X(21) + CHX(28) 0.000 -0.000
17 CHX(28) + X(1) <=> CX(26) + HX(19) 0.000 -0.000
18 CX(26) + H2(6) <=> CH2X(27) -0.000 -0.000
19 CX(26) + HOX(22) <=> CHX(28) + OX(20) 0.000 -0.000
20 CH3X(21) + CX(26) <=> CH2X(27) + CHX(28) 0.000 -0.000
21 CH2X(27) + CX(26) <=> 2 CHX(28) 0.000 -0.000
22 CO(7) + X(1) <=> OCX(25) -0.000 0.000
23 CX(26) + OX(20) <=> OCX(25) + X(1) -0.000 -0.000
24 CH4(2) + HOX(22) + X(1) <=> CH3X(21) + H2OX(23) -0.000 -0.000
25 H2O(5) + X(1) <=> H2OX(23) 0.000 -0.000
26 H2OX(23) + OX(20) <=> 2 HOX(22) 0.000 0.000
27 HOX(22) + HX(19) <=> H2OX(23) + X(1) 0.000 0.000
28 H2(6) + X(1) <=> H2X(49) 0.000 -0.000
29 CO2(4) + X(1) <=> CO2X(24) 0.001 0.001
30 OCX(25) + OX(20) <=> CO2X(24) + X(1) 0.002 0.003
31 CO2X(24) + HX(19) <=> HOX(22) + OCX(25) 0.000 0.000
32 CO(7) + X(1) <=> COX(50) 0.000 -0.000
33 CH2O(9) + 2 X(1) <=> CHOX(53) + HX(19) 0.000 -0.000
34 HCO(15) + X(1) <=> CHOX(53) -0.000 -0.000
35 CH3CHO(16) + 2 X(1) <=> CH3X(21) + CHOX(53) 0.000 -0.000
36 CHOX(53) + X(1) <=> HX(19) + OCX(25) 0.000 -0.000
37 CHOX(53) + OX(20) <=> HOX(22) + OCX(25) 0.000 -0.000
38 CH2X(27) + CHOX(53) <=> CH3X(21) + OCX(25) 0.000 -0.000
39 CHOX(53) + CHX(28) <=> CH2X(27) + OCX(25) 0.000 -0.000
40 CHOX(53) + CX(26) <=> CHX(28) + OCX(25) 0.000 -0.000
Finished sensitivity simulation for a C/O ratio of 1.0
Finished translating for C/O ratio of 1.0
Starting sensitivity simulation for a C/O ratio of 0.9
0 CH4(2) + X(1) <=> CH4X(48) 0.000 0.000
1 O2(3) + 2 X(1) <=> 2 OX(20) 0.078 0.080
2 H2(6) + 2 X(1) <=> 2 HX(19) 0.000 0.000
3 H(12) + X(1) <=> HX(19) -0.002 -0.003
4 HX(19) + OX(20) <=> HOX(22) + X(1) 0.000 0.000
5 H2O(5) + 2 X(1) <=> HOX(22) + HX(19) 0.001 0.000
6 OH(17) + X(1) <=> HOX(22) 0.000 0.000
7 CH4(2) + 2 X(1) <=> CH3X(21) + HX(19) -0.001 -0.001
8 CH4(2) + OX(20) + X(1) <=> CH3X(21) + HOX(22) -0.114 -0.156
9 C2H6(8) + 2 X(1) <=> 2 CH3X(21) -0.000 -0.000
10 CH3(10) + X(1) <=> CH3X(21) -0.146 -0.107
11 CH3OH(14) + 2 X(1) <=> CH3X(21) + HOX(22) 0.000 0.000
12 CH2X(27) + HX(19) <=> CH3X(21) + X(1) 0.000 0.000
13 CH2X(27) + HOX(22) <=> CH3X(21) + OX(20) 0.000 0.000
14 CHX(28) + HX(19) <=> CH2X(27) + X(1) 0.000 0.000
15 CHX(28) + HOX(22) <=> CH2X(27) + OX(20) 0.000 0.000
16 2 CH2X(27) <=> CH3X(21) + CHX(28) 0.000 0.000
17 CHX(28) + X(1) <=> CX(26) + HX(19) 0.000 0.000
18 CX(26) + H2(6) <=> CH2X(27) 0.000 0.000
19 CX(26) + HOX(22) <=> CHX(28) + OX(20) -0.000 0.000
20 CH3X(21) + CX(26) <=> CH2X(27) + CHX(28) 0.000 0.000
21 CH2X(27) + CX(26) <=> 2 CHX(28) 0.000 -0.000
22 CO(7) + X(1) <=> OCX(25) 0.000 0.000
23 CX(26) + OX(20) <=> OCX(25) + X(1) 0.000 0.000
24 CH4(2) + HOX(22) + X(1) <=> CH3X(21) + H2OX(23) 0.000 0.000
25 H2O(5) + X(1) <=> H2OX(23) 0.000 0.000
26 H2OX(23) + OX(20) <=> 2 HOX(22) 0.000 0.000
27 HOX(22) + HX(19) <=> H2OX(23) + X(1) 0.000 0.000
28 H2(6) + X(1) <=> H2X(49) 0.000 0.000
29 CO2(4) + X(1) <=> CO2X(24) 0.001 0.002
30 OCX(25) + OX(20) <=> CO2X(24) + X(1) 0.002 0.003
31 CO2X(24) + HX(19) <=> HOX(22) + OCX(25) 0.000 0.000
32 CO(7) + X(1) <=> COX(50) 0.000 0.000
33 CH2O(9) + 2 X(1) <=> CHOX(53) + HX(19) 0.000 -0.000
34 HCO(15) + X(1) <=> CHOX(53) 0.000 0.000
35 CH3CHO(16) + 2 X(1) <=> CH3X(21) + CHOX(53) 0.000 0.000
36 CHOX(53) + X(1) <=> HX(19) + OCX(25) 0.000 0.000
37 CHOX(53) + OX(20) <=> HOX(22) + OCX(25) 0.000 0.000
38 CH2X(27) + CHOX(53) <=> CH3X(21) + OCX(25) 0.000 -0.000
39 CHOX(53) + CHX(28) <=> CH2X(27) + OCX(25) -0.000 0.000
40 CHOX(53) + CX(26) <=> CHX(28) + OCX(25) -0.000 0.000
Finished sensitivity simulation for a C/O ratio of 0.9
Finished translating for C/O ratio of 0.9
Starting sensitivity simulation for a C/O ratio of 1.4
0 CH4(2) + X(1) <=> CH4X(48) -0.000 0.000
1 O2(3) + 2 X(1) <=> 2 OX(20) 0.035 0.027
2 H2(6) + 2 X(1) <=> 2 HX(19) -0.000 -0.000
3 H(12) + X(1) <=> HX(19) -0.007 -0.009
4 HX(19) + OX(20) <=> HOX(22) + X(1) -0.000 -0.000
5 H2O(5) + 2 X(1) <=> HOX(22) + HX(19) 0.000 -0.001
6 OH(17) + X(1) <=> HOX(22) 0.000 -0.000
7 CH4(2) + 2 X(1) <=> CH3X(21) + HX(19) -0.005 -0.005
8 CH4(2) + OX(20) + X(1) <=> CH3X(21) + HOX(22) -0.051 -0.061
9 C2H6(8) + 2 X(1) <=> 2 CH3X(21) -0.001 -0.000
10 CH3(10) + X(1) <=> CH3X(21) -0.099 -0.056
11 CH3OH(14) + 2 X(1) <=> CH3X(21) + HOX(22) 0.000 0.000
12 CH2X(27) + HX(19) <=> CH3X(21) + X(1) -0.000 -0.000
13 CH2X(27) + HOX(22) <=> CH3X(21) + OX(20) 0.000 0.000
14 CHX(28) + HX(19) <=> CH2X(27) + X(1) 0.000 0.000
15 CHX(28) + HOX(22) <=> CH2X(27) + OX(20) 0.000 0.000
16 2 CH2X(27) <=> CH3X(21) + CHX(28) -0.000 0.000
17 CHX(28) + X(1) <=> CX(26) + HX(19) 0.000 0.000
18 CX(26) + H2(6) <=> CH2X(27) -0.000 -0.000
19 CX(26) + HOX(22) <=> CHX(28) + OX(20) -0.000 -0.000
20 CH3X(21) + CX(26) <=> CH2X(27) + CHX(28) -0.000 0.000
21 CH2X(27) + CX(26) <=> 2 CHX(28) -0.000 0.000
22 CO(7) + X(1) <=> OCX(25) -0.000 0.000
23 CX(26) + OX(20) <=> OCX(25) + X(1) 0.000 0.000
24 CH4(2) + HOX(22) + X(1) <=> CH3X(21) + H2OX(23) -0.000 -0.000
25 H2O(5) + X(1) <=> H2OX(23) 0.000 0.000
26 H2OX(23) + OX(20) <=> 2 HOX(22) 0.000 0.000
27 HOX(22) + HX(19) <=> H2OX(23) + X(1) 0.000 -0.000
28 H2(6) + X(1) <=> H2X(49) -0.000 0.000
29 CO2(4) + X(1) <=> CO2X(24) 0.001 0.002
30 OCX(25) + OX(20) <=> CO2X(24) + X(1) 0.003 0.005
31 CO2X(24) + HX(19) <=> HOX(22) + OCX(25) 0.000 0.000
32 CO(7) + X(1) <=> COX(50) -0.000 0.000
33 CH2O(9) + 2 X(1) <=> CHOX(53) + HX(19) -0.000 0.000
34 HCO(15) + X(1) <=> CHOX(53) 0.000 0.000
35 CH3CHO(16) + 2 X(1) <=> CH3X(21) + CHOX(53) 0.000 -0.000
36 CHOX(53) + X(1) <=> HX(19) + OCX(25) 0.000 0.000
37 CHOX(53) + OX(20) <=> HOX(22) + OCX(25) -0.000 0.000
38 CH2X(27) + CHOX(53) <=> CH3X(21) + OCX(25) -0.000 -0.000
39 CHOX(53) + CHX(28) <=> CH2X(27) + OCX(25) 0.000 0.000
40 CHOX(53) + CX(26) <=> CHX(28) + OCX(25) -0.000 0.000
Finished sensitivity simulation for a C/O ratio of 1.4
Finished translating for C/O ratio of 1.4
Starting sensitivity simulation for a C/O ratio of 1.3
0 CH4(2) + X(1) <=> CH4X(48) 0.000 -0.000
1 O2(3) + 2 X(1) <=> 2 OX(20) 0.039 0.031
2 H2(6) + 2 X(1) <=> 2 HX(19) -0.000 -0.000
3 H(12) + X(1) <=> HX(19) -0.006 -0.008
4 HX(19) + OX(20) <=> HOX(22) + X(1) 0.000 -0.002
5 H2O(5) + 2 X(1) <=> HOX(22) + HX(19) 0.000 -0.001
6 OH(17) + X(1) <=> HOX(22) 0.000 -0.002
7 CH4(2) + 2 X(1) <=> CH3X(21) + HX(19) -0.004 -0.004
8 CH4(2) + OX(20) + X(1) <=> CH3X(21) + HOX(22) -0.054 -0.067
9 C2H6(8) + 2 X(1) <=> 2 CH3X(21) -0.001 -0.002
10 CH3(10) + X(1) <=> CH3X(21) -0.107 -0.061
11 CH3OH(14) + 2 X(1) <=> CH3X(21) + HOX(22) -0.000 -0.000
12 CH2X(27) + HX(19) <=> CH3X(21) + X(1) -0.000 -0.000
13 CH2X(27) + HOX(22) <=> CH3X(21) + OX(20) 0.000 -0.000
14 CHX(28) + HX(19) <=> CH2X(27) + X(1) 0.000 -0.000
15 CHX(28) + HOX(22) <=> CH2X(27) + OX(20) 0.000 -0.002
16 2 CH2X(27) <=> CH3X(21) + CHX(28) 0.000 -0.000
17 CHX(28) + X(1) <=> CX(26) + HX(19) 0.000 -0.002
18 CX(26) + H2(6) <=> CH2X(27) -0.000 -0.000
19 CX(26) + HOX(22) <=> CHX(28) + OX(20) 0.000 -0.000
20 CH3X(21) + CX(26) <=> CH2X(27) + CHX(28) 0.000 -0.000
21 CH2X(27) + CX(26) <=> 2 CHX(28) 0.000 -0.002
22 CO(7) + X(1) <=> OCX(25) -0.000 0.000
23 CX(26) + OX(20) <=> OCX(25) + X(1) -0.000 -0.000
24 CH4(2) + HOX(22) + X(1) <=> CH3X(21) + H2OX(23) -0.000 -0.000
25 H2O(5) + X(1) <=> H2OX(23) 0.000 -0.002
26 H2OX(23) + OX(20) <=> 2 HOX(22) 0.000 0.000
27 HOX(22) + HX(19) <=> H2OX(23) + X(1) 0.000 -0.000
28 H2(6) + X(1) <=> H2X(49) 0.000 -0.000
29 CO2(4) + X(1) <=> CO2X(24) 0.001 0.001
30 OCX(25) + OX(20) <=> CO2X(24) + X(1) 0.003 0.004
31 CO2X(24) + HX(19) <=> HOX(22) + OCX(25) 0.000 0.000
32 CO(7) + X(1) <=> COX(50) 0.000 -0.000
33 CH2O(9) + 2 X(1) <=> CHOX(53) + HX(19) 0.000 -0.000
34 HCO(15) + X(1) <=> CHOX(53) -0.000 -0.000
35 CH3CHO(16) + 2 X(1) <=> CH3X(21) + CHOX(53) 0.000 -0.000
36 CHOX(53) + X(1) <=> HX(19) + OCX(25) 0.000 -0.000
37 CHOX(53) + OX(20) <=> HOX(22) + OCX(25) 0.000 -0.000
38 CH2X(27) + CHOX(53) <=> CH3X(21) + OCX(25) 0.000 -0.000
39 CHOX(53) + CHX(28) <=> CH2X(27) + OCX(25) 0.000 -0.000
40 CHOX(53) + CX(26) <=> CHX(28) + OCX(25) 0.000 -0.000
Finished sensitivity simulation for a C/O ratio of 1.3
Finished translating for C/O ratio of 1.3
Starting sensitivity simulation for a C/O ratio of 1.1
0 CH4(2) + X(1) <=> CH4X(48) -0.000 0.000
1 O2(3) + 2 X(1) <=> 2 OX(20) 0.052 0.044
2 H2(6) + 2 X(1) <=> 2 HX(19) -0.000 -0.000
3 H(12) + X(1) <=> HX(19) -0.004 -0.006
4 HX(19) + OX(20) <=> HOX(22) + X(1) -0.000 -0.000
5 H2O(5) + 2 X(1) <=> HOX(22) + HX(19) 0.000 -0.000
6 OH(17) + X(1) <=> HOX(22) 0.000 0.000
7 CH4(2) + 2 X(1) <=> CH3X(21) + HX(19) -0.002 -0.003
8 CH4(2) + OX(20) + X(1) <=> CH3X(21) + HOX(22) -0.069 -0.091
9 C2H6(8) + 2 X(1) <=> 2 CH3X(21) -0.001 -0.000
10 CH3(10) + X(1) <=> CH3X(21) -0.124 -0.074
11 CH3OH(14) + 2 X(1) <=> CH3X(21) + HOX(22) -0.000 -0.000
12 CH2X(27) + HX(19) <=> CH3X(21) + X(1) -0.000 -0.000
13 CH2X(27) + HOX(22) <=> CH3X(21) + OX(20) -0.000 0.000
14 CHX(28) + HX(19) <=> CH2X(27) + X(1) 0.000 0.000
15 CHX(28) + HOX(22) <=> CH2X(27) + OX(20) 0.000 0.000
16 2 CH2X(27) <=> CH3X(21) + CHX(28) -0.000 0.000
17 CHX(28) + X(1) <=> CX(26) + HX(19) -0.000 0.000
18 CX(26) + H2(6) <=> CH2X(27) -0.000 0.000
19 CX(26) + HOX(22) <=> CHX(28) + OX(20) -0.000 0.000
20 CH3X(21) + CX(26) <=> CH2X(27) + CHX(28) -0.000 0.000
21 CH2X(27) + CX(26) <=> 2 CHX(28) -0.000 0.000
22 CO(7) + X(1) <=> OCX(25) -0.000 0.000
23 CX(26) + OX(20) <=> OCX(25) + X(1) -0.000 -0.000
24 CH4(2) + HOX(22) + X(1) <=> CH3X(21) + H2OX(23) -0.000 -0.000
25 H2O(5) + X(1) <=> H2OX(23) 0.000 0.000
26 H2OX(23) + OX(20) <=> 2 HOX(22) 0.000 0.000
27 HOX(22) + HX(19) <=> H2OX(23) + X(1) 0.000 0.000
28 H2(6) + X(1) <=> H2X(49) -0.000 0.000
29 CO2(4) + X(1) <=> CO2X(24) 0.001 0.001
30 OCX(25) + OX(20) <=> CO2X(24) + X(1) 0.002 0.004
31 CO2X(24) + HX(19) <=> HOX(22) + OCX(25) 0.000 0.000
32 CO(7) + X(1) <=> COX(50) -0.000 0.000
33 CH2O(9) + 2 X(1) <=> CHOX(53) + HX(19) -0.000 0.000
34 HCO(15) + X(1) <=> CHOX(53) -0.000 -0.000
35 CH3CHO(16) + 2 X(1) <=> CH3X(21) + CHOX(53) -0.000 0.000
36 CHOX(53) + X(1) <=> HX(19) + OCX(25) -0.000 0.000
37 CHOX(53) + OX(20) <=> HOX(22) + OCX(25) -0.000 0.000
38 CH2X(27) + CHOX(53) <=> CH3X(21) + OCX(25) -0.000 0.000
39 CHOX(53) + CHX(28) <=> CH2X(27) + OCX(25) -0.000 0.000
40 CHOX(53) + CX(26) <=> CHX(28) + OCX(25) -0.000 -0.000
Finished sensitivity simulation for a C/O ratio of 1.1
Finished translating for C/O ratio of 1.1
Starting sensitivity simulation for a C/O ratio of 1.2
0 CH4(2) + X(1) <=> CH4X(48) 0.000 -0.000
1 O2(3) + 2 X(1) <=> 2 OX(20) 0.045 0.036
2 H2(6) + 2 X(1) <=> 2 HX(19) -0.000 -0.000
3 H(12) + X(1) <=> HX(19) -0.005 -0.007
4 HX(19) + OX(20) <=> HOX(22) + X(1) -0.000 -0.000
5 H2O(5) + 2 X(1) <=> HOX(22) + HX(19) 0.000 -0.000
6 OH(17) + X(1) <=> HOX(22) 0.000 0.000
7 CH4(2) + 2 X(1) <=> CH3X(21) + HX(19) -0.003 -0.004
8 CH4(2) + OX(20) + X(1) <=> CH3X(21) + HOX(22) -0.060 -0.077
9 C2H6(8) + 2 X(1) <=> 2 CH3X(21) -0.001 -0.001
10 CH3(10) + X(1) <=> CH3X(21) -0.116 -0.066
11 CH3OH(14) + 2 X(1) <=> CH3X(21) + HOX(22) -0.000 -0.000
12 CH2X(27) + HX(19) <=> CH3X(21) + X(1) -0.000 -0.000
13 CH2X(27) + HOX(22) <=> CH3X(21) + OX(20) 0.000 -0.000
14 CHX(28) + HX(19) <=> CH2X(27) + X(1) 0.000 -0.000
15 CHX(28) + HOX(22) <=> CH2X(27) + OX(20) 0.000 -0.000
16 2 CH2X(27) <=> CH3X(21) + CHX(28) 0.000 -0.000
17 CHX(28) + X(1) <=> CX(26) + HX(19) 0.000 -0.000
18 CX(26) + H2(6) <=> CH2X(27) -0.000 -0.000
19 CX(26) + HOX(22) <=> CHX(28) + OX(20) -0.000 -0.000
20 CH3X(21) + CX(26) <=> CH2X(27) + CHX(28) 0.000 -0.000
21 CH2X(27) + CX(26) <=> 2 CHX(28) 0.000 -0.000
22 CO(7) + X(1) <=> OCX(25) -0.000 0.000
23 CX(26) + OX(20) <=> OCX(25) + X(1) -0.000 -0.000
24 CH4(2) + HOX(22) + X(1) <=> CH3X(21) + H2OX(23) -0.000 -0.000
25 H2O(5) + X(1) <=> H2OX(23) 0.000 -0.000
26 H2OX(23) + OX(20) <=> 2 HOX(22) 0.000 0.000
27 HOX(22) + HX(19) <=> H2OX(23) + X(1) 0.000 -0.000
28 H2(6) + X(1) <=> H2X(49) 0.000 -0.000
29 CO2(4) + X(1) <=> CO2X(24) 0.001 0.001
30 OCX(25) + OX(20) <=> CO2X(24) + X(1) 0.003 0.004
31 CO2X(24) + HX(19) <=> HOX(22) + OCX(25) 0.000 0.000
32 CO(7) + X(1) <=> COX(50) 0.000 -0.000
33 CH2O(9) + 2 X(1) <=> CHOX(53) + HX(19) 0.000 -0.000
34 HCO(15) + X(1) <=> CHOX(53) -0.000 -0.000
35 CH3CHO(16) + 2 X(1) <=> CH3X(21) + CHOX(53) 0.000 -0.000
36 CHOX(53) + X(1) <=> HX(19) + OCX(25) 0.000 -0.000
37 CHOX(53) + OX(20) <=> HOX(22) + OCX(25) 0.000 -0.000
38 CH2X(27) + CHOX(53) <=> CH3X(21) + OCX(25) 0.000 -0.000
39 CHOX(53) + CHX(28) <=> CH2X(27) + OCX(25) 0.000 -0.000
40 CHOX(53) + CX(26) <=> CHX(28) + OCX(25) 0.000 -0.000
Finished sensitivity simulation for a C/O ratio of 1.2
Finished translating for C/O ratio of 1.2
Starting sensitivity simulation for a C/O ratio of 1.6
0 CH4(2) + X(1) <=> CH4X(48) -0.000 -0.001
1 O2(3) + 2 X(1) <=> 2 OX(20) 0.027 0.021
2 H2(6) + 2 X(1) <=> 2 HX(19) -0.000 -0.001
3 H(12) + X(1) <=> HX(19) -0.008 -0.012
4 HX(19) + OX(20) <=> HOX(22) + X(1) -0.000 -0.001
5 H2O(5) + 2 X(1) <=> HOX(22) + HX(19) 0.000 -0.001
6 OH(17) + X(1) <=> HOX(22) -0.000 -0.001
7 CH4(2) + 2 X(1) <=> CH3X(21) + HX(19) -0.007 -0.008
8 CH4(2) + OX(20) + X(1) <=> CH3X(21) + HOX(22) -0.047 -0.055
9 C2H6(8) + 2 X(1) <=> 2 CH3X(21) -0.001 -0.001
10 CH3(10) + X(1) <=> CH3X(21) -0.081 -0.047
11 CH3OH(14) + 2 X(1) <=> CH3X(21) + HOX(22) -0.000 -0.001
12 CH2X(27) + HX(19) <=> CH3X(21) + X(1) -0.000 -0.001
13 CH2X(27) + HOX(22) <=> CH3X(21) + OX(20) -0.000 0.000
14 CHX(28) + HX(19) <=> CH2X(27) + X(1) -0.000 -0.001
15 CHX(28) + HOX(22) <=> CH2X(27) + OX(20) -0.000 -0.001
16 2 CH2X(27) <=> CH3X(21) + CHX(28) -0.000 0.000
17 CHX(28) + X(1) <=> CX(26) + HX(19) -0.000 -0.001
18 CX(26) + H2(6) <=> CH2X(27) -0.000 0.000
19 CX(26) + HOX(22) <=> CHX(28) + OX(20) -0.000 0.000
20 CH3X(21) + CX(26) <=> CH2X(27) + CHX(28) -0.000 -0.001
21 CH2X(27) + CX(26) <=> 2 CHX(28) -0.000 -0.001
22 CO(7) + X(1) <=> OCX(25) -0.000 -0.001
23 CX(26) + OX(20) <=> OCX(25) + X(1) -0.000 -0.001
24 CH4(2) + HOX(22) + X(1) <=> CH3X(21) + H2OX(23) -0.000 -0.001
25 H2O(5) + X(1) <=> H2OX(23) -0.000 -0.001
26 H2OX(23) + OX(20) <=> 2 HOX(22) 0.000 -0.001
27 HOX(22) + HX(19) <=> H2OX(23) + X(1) -0.000 -0.001
28 H2(6) + X(1) <=> H2X(49) -0.000 0.000
29 CO2(4) + X(1) <=> CO2X(24) 0.001 0.000
30 OCX(25) + OX(20) <=> CO2X(24) + X(1) 0.003 0.005
31 CO2X(24) + HX(19) <=> HOX(22) + OCX(25) -0.000 -0.001
32 CO(7) + X(1) <=> COX(50) -0.000 -0.001
33 CH2O(9) + 2 X(1) <=> CHOX(53) + HX(19) -0.000 -0.001
34 HCO(15) + X(1) <=> CHOX(53) -0.000 -0.001
35 CH3CHO(16) + 2 X(1) <=> CH3X(21) + CHOX(53) -0.000 0.000
36 CHOX(53) + X(1) <=> HX(19) + OCX(25) -0.000 0.000
37 CHOX(53) + OX(20) <=> HOX(22) + OCX(25) -0.000 0.000
38 CH2X(27) + CHOX(53) <=> CH3X(21) + OCX(25) -0.000 0.000
39 CHOX(53) + CHX(28) <=> CH2X(27) + OCX(25) -0.000 -0.001
40 CHOX(53) + CX(26) <=> CHX(28) + OCX(25) -0.000 -0.001
Finished sensitivity simulation for a C/O ratio of 1.6
Finished translating for C/O ratio of 1.6
Starting sensitivity simulation for a C/O ratio of 1.8
0 CH4(2) + X(1) <=> CH4X(48) -0.000 0.000
1 O2(3) + 2 X(1) <=> 2 OX(20) 0.020 0.017
2 H2(6) + 2 X(1) <=> 2 HX(19) -0.000 -0.000
3 H(12) + X(1) <=> HX(19) -0.010 -0.013
4 HX(19) + OX(20) <=> HOX(22) + X(1) -0.000 -0.000
5 H2O(5) + 2 X(1) <=> HOX(22) + HX(19) -0.000 -0.001
6 OH(17) + X(1) <=> HOX(22) -0.000 -0.000
7 CH4(2) + 2 X(1) <=> CH3X(21) + HX(19) -0.009 -0.011
8 CH4(2) + OX(20) + X(1) <=> CH3X(21) + HOX(22) -0.046 -0.053
9 C2H6(8) + 2 X(1) <=> 2 CH3X(21) -0.001 -0.001
10 CH3(10) + X(1) <=> CH3X(21) -0.062 -0.037
11 CH3OH(14) + 2 X(1) <=> CH3X(21) + HOX(22) -0.000 0.000
12 CH2X(27) + HX(19) <=> CH3X(21) + X(1) -0.000 -0.000
13 CH2X(27) + HOX(22) <=> CH3X(21) + OX(20) 0.000 0.000
14 CHX(28) + HX(19) <=> CH2X(27) + X(1) 0.000 0.000
15 CHX(28) + HOX(22) <=> CH2X(27) + OX(20) -0.000 0.000
16 2 CH2X(27) <=> CH3X(21) + CHX(28) 0.000 0.000
17 CHX(28) + X(1) <=> CX(26) + HX(19) -0.000 -0.000
18 CX(26) + H2(6) <=> CH2X(27) -0.000 0.000
19 CX(26) + HOX(22) <=> CHX(28) + OX(20) -0.000 0.000
20 CH3X(21) + CX(26) <=> CH2X(27) + CHX(28) -0.000 -0.000
21 CH2X(27) + CX(26) <=> 2 CHX(28) 0.000 -0.000
22 CO(7) + X(1) <=> OCX(25) -0.000 0.000
23 CX(26) + OX(20) <=> OCX(25) + X(1) -0.000 -0.000
24 CH4(2) + HOX(22) + X(1) <=> CH3X(21) + H2OX(23) -0.000 -0.000
25 H2O(5) + X(1) <=> H2OX(23) 0.000 0.000
26 H2OX(23) + OX(20) <=> 2 HOX(22) 0.000 0.000
27 HOX(22) + HX(19) <=> H2OX(23) + X(1) 0.000 -0.000
28 H2(6) + X(1) <=> H2X(49) -0.000 0.000
29 CO2(4) + X(1) <=> CO2X(24) 0.001 0.002
30 OCX(25) + OX(20) <=> CO2X(24) + X(1) 0.003 0.005
31 CO2X(24) + HX(19) <=> HOX(22) + OCX(25) 0.000 0.000
32 CO(7) + X(1) <=> COX(50) -0.000 -0.000
33 CH2O(9) + 2 X(1) <=> CHOX(53) + HX(19) 0.000 0.000
34 HCO(15) + X(1) <=> CHOX(53) -0.000 -0.000
35 CH3CHO(16) + 2 X(1) <=> CH3X(21) + CHOX(53) -0.000 0.000
36 CHOX(53) + X(1) <=> HX(19) + OCX(25) -0.000 -0.000
37 CHOX(53) + OX(20) <=> HOX(22) + OCX(25) -0.000 -0.000
38 CH2X(27) + CHOX(53) <=> CH3X(21) + OCX(25) -0.000 0.000
39 CHOX(53) + CHX(28) <=> CH2X(27) + OCX(25) -0.000 -0.000
40 CHOX(53) + CX(26) <=> CHX(28) + OCX(25) -0.000 0.000
Finished sensitivity simulation for a C/O ratio of 1.8
Finished translating for C/O ratio of 1.8
Starting sensitivity simulation for a C/O ratio of 2.0
0 CH4(2) + X(1) <=> CH4X(48) -0.000 -0.000
1 O2(3) + 2 X(1) <=> 2 OX(20) 0.014 0.014
2 H2(6) + 2 X(1) <=> 2 HX(19) -0.000 -0.000
3 H(12) + X(1) <=> HX(19) -0.011 -0.014
4 HX(19) + OX(20) <=> HOX(22) + X(1) -0.000 -0.000
5 H2O(5) + 2 X(1) <=> HOX(22) + HX(19) -0.001 -0.001
6 OH(17) + X(1) <=> HOX(22) -0.000 -0.000
7 CH4(2) + 2 X(1) <=> CH3X(21) + HX(19) -0.013 -0.015
8 CH4(2) + OX(20) + X(1) <=> CH3X(21) + HOX(22) -0.047 -0.054
9 C2H6(8) + 2 X(1) <=> 2 CH3X(21) -0.001 -0.000
10 CH3(10) + X(1) <=> CH3X(21) -0.042 -0.026
11 CH3OH(14) + 2 X(1) <=> CH3X(21) + HOX(22) 0.000 0.000
12 CH2X(27) + HX(19) <=> CH3X(21) + X(1) -0.000 -0.000
13 CH2X(27) + HOX(22) <=> CH3X(21) + OX(20) -0.002 -0.007
14 CHX(28) + HX(19) <=> CH2X(27) + X(1) -0.000 -0.000
15 CHX(28) + HOX(22) <=> CH2X(27) + OX(20) -0.000 0.000
16 2 CH2X(27) <=> CH3X(21) + CHX(28) -0.000 -0.000
17 CHX(28) + X(1) <=> CX(26) + HX(19) -0.000 -0.000
18 CX(26) + H2(6) <=> CH2X(27) -0.002 -0.007
19 CX(26) + HOX(22) <=> CHX(28) + OX(20) -0.000 0.000
20 CH3X(21) + CX(26) <=> CH2X(27) + CHX(28) -0.000 0.000
21 CH2X(27) + CX(26) <=> 2 CHX(28) -0.000 0.000
22 CO(7) + X(1) <=> OCX(25) -0.000 0.000
23 CX(26) + OX(20) <=> OCX(25) + X(1) -0.000 -0.000
24 CH4(2) + HOX(22) + X(1) <=> CH3X(21) + H2OX(23) -0.000 -0.000
25 H2O(5) + X(1) <=> H2OX(23) 0.000 0.000
26 H2OX(23) + OX(20) <=> 2 HOX(22) 0.000 0.000
27 HOX(22) + HX(19) <=> H2OX(23) + X(1) -0.000 -0.000
28 H2(6) + X(1) <=> H2X(49) 0.000 0.000
29 CO2(4) + X(1) <=> CO2X(24) 0.001 0.001
30 OCX(25) + OX(20) <=> CO2X(24) + X(1) 0.003 0.005
31 CO2X(24) + HX(19) <=> HOX(22) + OCX(25) 0.000 0.000
32 CO(7) + X(1) <=> COX(50) -0.000 0.000
33 CH2O(9) + 2 X(1) <=> CHOX(53) + HX(19) -0.000 0.000
34 HCO(15) + X(1) <=> CHOX(53) -0.000 -0.000
35 CH3CHO(16) + 2 X(1) <=> CH3X(21) + CHOX(53) -0.000 0.000
36 CHOX(53) + X(1) <=> HX(19) + OCX(25) -0.000 0.000
37 CHOX(53) + OX(20) <=> HOX(22) + OCX(25) -0.000 0.000
38 CH2X(27) + CHOX(53) <=> CH3X(21) + OCX(25) -0.000 -0.000
39 CHOX(53) + CHX(28) <=> CH2X(27) + OCX(25) -0.000 -0.000
40 CHOX(53) + CX(26) <=> CHX(28) + OCX(25) -0.000 0.000
Finished sensitivity simulation for a C/O ratio of 2.0
Finished translating for C/O ratio of 2.0
Starting sensitivity simulation for a C/O ratio of 0.6
0 CH4(2) + X(1) <=> CH4X(48) -0.000 -0.000
1 O2(3) + 2 X(1) <=> 2 OX(20) 4.462 5.272
2 H2(6) + 2 X(1) <=> 2 HX(19) 0.000 0.000
3 H(12) + X(1) <=> HX(19) -0.000 -0.000
4 HX(19) + OX(20) <=> HOX(22) + X(1) 0.000 0.000
5 H2O(5) + 2 X(1) <=> HOX(22) + HX(19) 0.001 0.001
6 OH(17) + X(1) <=> HOX(22) 0.000 0.000
7 CH4(2) + 2 X(1) <=> CH3X(21) + HX(19) -0.001 -0.001
8 CH4(2) + OX(20) + X(1) <=> CH3X(21) + HOX(22) -6.490 -7.465
9 C2H6(8) + 2 X(1) <=> 2 CH3X(21) -0.001 -0.001
10 CH3(10) + X(1) <=> CH3X(21) -0.326 -0.314
11 CH3OH(14) + 2 X(1) <=> CH3X(21) + HOX(22) -0.000 -0.000
12 CH2X(27) + HX(19) <=> CH3X(21) + X(1) -0.000 -0.000
13 CH2X(27) + HOX(22) <=> CH3X(21) + OX(20) -0.000 -0.000
14 CHX(28) + HX(19) <=> CH2X(27) + X(1) -0.000 -0.000
15 CHX(28) + HOX(22) <=> CH2X(27) + OX(20) -0.000 -0.000
16 2 CH2X(27) <=> CH3X(21) + CHX(28) -0.000 -0.000
17 CHX(28) + X(1) <=> CX(26) + HX(19) -0.000 -0.000
18 CX(26) + H2(6) <=> CH2X(27) 0.000 0.000
19 CX(26) + HOX(22) <=> CHX(28) + OX(20) -0.000 -0.000
20 CH3X(21) + CX(26) <=> CH2X(27) + CHX(28) -0.000 -0.000
21 CH2X(27) + CX(26) <=> 2 CHX(28) -0.000 -0.000
22 CO(7) + X(1) <=> OCX(25) -0.000 -0.000
23 CX(26) + OX(20) <=> OCX(25) + X(1) -0.000 -0.000
24 CH4(2) + HOX(22) + X(1) <=> CH3X(21) + H2OX(23) -0.001 -0.002
25 H2O(5) + X(1) <=> H2OX(23) 0.000 0.000
26 H2OX(23) + OX(20) <=> 2 HOX(22) 0.001 0.001
27 HOX(22) + HX(19) <=> H2OX(23) + X(1) 0.000 0.000
28 H2(6) + X(1) <=> H2X(49) -0.000 -0.000
29 CO2(4) + X(1) <=> CO2X(24) 0.000 0.000
30 OCX(25) + OX(20) <=> CO2X(24) + X(1) -0.014 -0.017
31 CO2X(24) + HX(19) <=> HOX(22) + OCX(25) -0.000 -0.000
32 CO(7) + X(1) <=> COX(50) -0.000 -0.000
33 CH2O(9) + 2 X(1) <=> CHOX(53) + HX(19) -0.000 -0.000
34 HCO(15) + X(1) <=> CHOX(53) -0.000 -0.000
35 CH3CHO(16) + 2 X(1) <=> CH3X(21) + CHOX(53) -0.000 -0.000
36 CHOX(53) + X(1) <=> HX(19) + OCX(25) -0.000 -0.000
37 CHOX(53) + OX(20) <=> HOX(22) + OCX(25) -0.000 -0.000
38 CH2X(27) + CHOX(53) <=> CH3X(21) + OCX(25) -0.000 -0.000
39 CHOX(53) + CHX(28) <=> CH2X(27) + OCX(25) -0.000 -0.000
40 CHOX(53) + CX(26) <=> CHX(28) + OCX(25) -0.000 -0.000
Finished sensitivity simulation for a C/O ratio of 0.6
Finished translating for C/O ratio of 0.6
Starting sensitivity simulation for a C/O ratio of 2.2
0 CH4(2) + X(1) <=> CH4X(48) -0.000 -0.000
1 O2(3) + 2 X(1) <=> 2 OX(20) 0.011 0.012
2 H2(6) + 2 X(1) <=> 2 HX(19) -0.000 -0.000
3 H(12) + X(1) <=> HX(19) -0.013 -0.016
4 HX(19) + OX(20) <=> HOX(22) + X(1) -0.000 -0.000
5 H2O(5) + 2 X(1) <=> HOX(22) + HX(19) -0.001 -0.002
6 OH(17) + X(1) <=> HOX(22) -0.000 -0.000
7 CH4(2) + 2 X(1) <=> CH3X(21) + HX(19) -0.018 -0.020
8 CH4(2) + OX(20) + X(1) <=> CH3X(21) + HOX(22) -0.052 -0.059
9 C2H6(8) + 2 X(1) <=> 2 CH3X(21) -0.000 -0.000
10 CH3(10) + X(1) <=> CH3X(21) -0.023 -0.015
11 CH3OH(14) + 2 X(1) <=> CH3X(21) + HOX(22) 0.000 0.000
12 CH2X(27) + HX(19) <=> CH3X(21) + X(1) -0.000 -0.000
13 CH2X(27) + HOX(22) <=> CH3X(21) + OX(20) -0.000 -0.000
14 CHX(28) + HX(19) <=> CH2X(27) + X(1) -0.000 -0.000
15 CHX(28) + HOX(22) <=> CH2X(27) + OX(20) -0.000 -0.000
16 2 CH2X(27) <=> CH3X(21) + CHX(28) -0.000 -0.000
17 CHX(28) + X(1) <=> CX(26) + HX(19) -0.000 -0.000
18 CX(26) + H2(6) <=> CH2X(27) -0.000 0.000
19 CX(26) + HOX(22) <=> CHX(28) + OX(20) -0.000 -0.000
20 CH3X(21) + CX(26) <=> CH2X(27) + CHX(28) -0.000 -0.000
21 CH2X(27) + CX(26) <=> 2 CHX(28) -0.000 -0.000
22 CO(7) + X(1) <=> OCX(25) 0.000 0.000
23 CX(26) + OX(20) <=> OCX(25) + X(1) -0.000 -0.000
24 CH4(2) + HOX(22) + X(1) <=> CH3X(21) + H2OX(23) -0.001 -0.001
25 H2O(5) + X(1) <=> H2OX(23) 0.000 0.000
26 H2OX(23) + OX(20) <=> 2 HOX(22) 0.000 0.000
27 HOX(22) + HX(19) <=> H2OX(23) + X(1) -0.000 -0.000
28 H2(6) + X(1) <=> H2X(49) -0.000 -0.000
29 CO2(4) + X(1) <=> CO2X(24) 0.001 0.001
30 OCX(25) + OX(20) <=> CO2X(24) + X(1) 0.003 0.005
31 CO2X(24) + HX(19) <=> HOX(22) + OCX(25) 0.000 0.000
32 CO(7) + X(1) <=> COX(50) -0.000 -0.000
33 CH2O(9) + 2 X(1) <=> CHOX(53) + HX(19) -0.000 -0.000
34 HCO(15) + X(1) <=> CHOX(53) -0.000 -0.000
35 CH3CHO(16) + 2 X(1) <=> CH3X(21) + CHOX(53) -0.000 -0.000
36 CHOX(53) + X(1) <=> HX(19) + OCX(25) -0.000 -0.000
37 CHOX(53) + OX(20) <=> HOX(22) + OCX(25) -0.000 -0.000
38 CH2X(27) + CHOX(53) <=> CH3X(21) + OCX(25) -0.000 -0.000
39 CHOX(53) + CHX(28) <=> CH2X(27) + OCX(25) -0.000 -0.000
40 CHOX(53) + CX(26) <=> CHX(28) + OCX(25) -0.000 -0.000
Finished sensitivity simulation for a C/O ratio of 2.2
Finished translating for C/O ratio of 2.2
Starting sensitivity simulation for a C/O ratio of 2.6
0 CH4(2) + X(1) <=> CH4X(48) -0.025 -0.029
1 O2(3) + 2 X(1) <=> 2 OX(20) 0.008 0.009
2 H2(6) + 2 X(1) <=> 2 HX(19) -0.000 -0.000
3 H(12) + X(1) <=> HX(19) -0.030 -0.034
4 HX(19) + OX(20) <=> HOX(22) + X(1) -0.024 -0.027
5 H2O(5) + 2 X(1) <=> HOX(22) + HX(19) -0.002 -0.004
6 OH(17) + X(1) <=> HOX(22) -0.024 -0.027
7 CH4(2) + 2 X(1) <=> CH3X(21) + HX(19) -0.014 -0.016
8 CH4(2) + OX(20) + X(1) <=> CH3X(21) + HOX(22) -0.054 -0.060
9 C2H6(8) + 2 X(1) <=> 2 CH3X(21) -0.026 -0.029
10 CH3(10) + X(1) <=> CH3X(21) -0.030 -0.031
11 CH3OH(14) + 2 X(1) <=> CH3X(21) + HOX(22) -0.024 -0.027
12 CH2X(27) + HX(19) <=> CH3X(21) + X(1) -0.024 -0.027
13 CH2X(27) + HOX(22) <=> CH3X(21) + OX(20) -0.001 -0.002
14 CHX(28) + HX(19) <=> CH2X(27) + X(1) -0.024 -0.027
15 CHX(28) + HOX(22) <=> CH2X(27) + OX(20) -0.024 -0.027
16 2 CH2X(27) <=> CH3X(21) + CHX(28) -0.024 -0.027
17 CHX(28) + X(1) <=> CX(26) + HX(19) -0.024 -0.027
18 CX(26) + H2(6) <=> CH2X(27) -0.024 -0.027
19 CX(26) + HOX(22) <=> CHX(28) + OX(20) -0.025 -0.029
20 CH3X(21) + CX(26) <=> CH2X(27) + CHX(28) -0.024 -0.027
21 CH2X(27) + CX(26) <=> 2 CHX(28) -0.024 -0.027
22 CO(7) + X(1) <=> OCX(25) -0.024 -0.027
23 CX(26) + OX(20) <=> OCX(25) + X(1) -0.024 -0.027
24 CH4(2) + HOX(22) + X(1) <=> CH3X(21) + H2OX(23) -0.024 -0.027
25 H2O(5) + X(1) <=> H2OX(23) -0.024 -0.027
26 H2OX(23) + OX(20) <=> 2 HOX(22) -0.024 -0.027
27 HOX(22) + HX(19) <=> H2OX(23) + X(1) -0.001 -0.002
28 H2(6) + X(1) <=> H2X(49) -0.024 -0.027
29 CO2(4) + X(1) <=> CO2X(24) -0.023 -0.026
30 OCX(25) + OX(20) <=> CO2X(24) + X(1) -0.029 -0.037
31 CO2X(24) + HX(19) <=> HOX(22) + OCX(25) -0.001 -0.002
32 CO(7) + X(1) <=> COX(50) -0.025 -0.029
33 CH2O(9) + 2 X(1) <=> CHOX(53) + HX(19) -0.025 -0.029
34 HCO(15) + X(1) <=> CHOX(53) -0.024 -0.027
35 CH3CHO(16) + 2 X(1) <=> CH3X(21) + CHOX(53) -0.024 -0.027
36 CHOX(53) + X(1) <=> HX(19) + OCX(25) -0.024 -0.027
37 CHOX(53) + OX(20) <=> HOX(22) + OCX(25) -0.001 -0.002
38 CH2X(27) + CHOX(53) <=> CH3X(21) + OCX(25) -0.024 -0.027
39 CHOX(53) + CHX(28) <=> CH2X(27) + OCX(25) -0.024 -0.027
40 CHOX(53) + CX(26) <=> CHX(28) + OCX(25) -0.025 -0.029
Finished sensitivity simulation for a C/O ratio of 2.6
Finished translating for C/O ratio of 2.6
Starting sensitivity simulation for a C/O ratio of 2.4
0 CH4(2) + X(1) <=> CH4X(48) -0.004 -0.011
1 O2(3) + 2 X(1) <=> 2 OX(20) 0.001 0.000
2 H2(6) + 2 X(1) <=> 2 HX(19) -0.016 -0.018
3 H(12) + X(1) <=> HX(19) -0.021 -0.025
4 HX(19) + OX(20) <=> HOX(22) + X(1) -0.004 -0.011
5 H2O(5) + 2 X(1) <=> HOX(22) + HX(19) -0.020 -0.029
6 OH(17) + X(1) <=> HOX(22) 0.000 -0.000
7 CH4(2) + 2 X(1) <=> CH3X(21) + HX(19) -0.024 -0.027
8 CH4(2) + OX(20) + X(1) <=> CH3X(21) + HOX(22) -0.078 -0.088
9 C2H6(8) + 2 X(1) <=> 2 CH3X(21) -0.005 -0.011
10 CH3(10) + X(1) <=> CH3X(21) -0.015 -0.017
11 CH3OH(14) + 2 X(1) <=> CH3X(21) + HOX(22) 0.019 0.022
12 CH2X(27) + HX(19) <=> CH3X(21) + X(1) -0.004 -0.011
13 CH2X(27) + HOX(22) <=> CH3X(21) + OX(20) 0.015 0.011
14 CHX(28) + HX(19) <=> CH2X(27) + X(1) -0.004 -0.011
15 CHX(28) + HOX(22) <=> CH2X(27) + OX(20) -0.016 -0.018
16 2 CH2X(27) <=> CH3X(21) + CHX(28) -0.004 -0.011
17 CHX(28) + X(1) <=> CX(26) + HX(19) -0.004 -0.011
18 CX(26) + H2(6) <=> CH2X(27) -0.004 -0.011
19 CX(26) + HOX(22) <=> CHX(28) + OX(20) -0.000 -0.000
20 CH3X(21) + CX(26) <=> CH2X(27) + CHX(28) -0.004 -0.011
21 CH2X(27) + CX(26) <=> 2 CHX(28) -0.000 -0.000
22 CO(7) + X(1) <=> OCX(25) -0.016 -0.018
23 CX(26) + OX(20) <=> OCX(25) + X(1) -0.000 -0.000
24 CH4(2) + HOX(22) + X(1) <=> CH3X(21) + H2OX(23) 0.019 0.021
25 H2O(5) + X(1) <=> H2OX(23) 0.019 0.022
26 H2OX(23) + OX(20) <=> 2 HOX(22) -0.004 -0.011
27 HOX(22) + HX(19) <=> H2OX(23) + X(1) -0.016 -0.018
28 H2(6) + X(1) <=> H2X(49) -0.004 -0.011
29 CO2(4) + X(1) <=> CO2X(24) -0.004 -0.010
30 OCX(25) + OX(20) <=> CO2X(24) + X(1) -0.013 -0.014
31 CO2X(24) + HX(19) <=> HOX(22) + OCX(25) 0.000 0.000
32 CO(7) + X(1) <=> COX(50) -0.004 -0.011
33 CH2O(9) + 2 X(1) <=> CHOX(53) + HX(19) -0.004 -0.011
34 HCO(15) + X(1) <=> CHOX(53) 0.034 0.033
35 CH3CHO(16) + 2 X(1) <=> CH3X(21) + CHOX(53) -0.004 -0.011
36 CHOX(53) + X(1) <=> HX(19) + OCX(25) -0.000 -0.000
37 CHOX(53) + OX(20) <=> HOX(22) + OCX(25) -0.004 -0.011
38 CH2X(27) + CHOX(53) <=> CH3X(21) + OCX(25) -0.000 -0.000
39 CHOX(53) + CHX(28) <=> CH2X(27) + OCX(25) -0.004 -0.011
40 CHOX(53) + CX(26) <=> CHX(28) + OCX(25) -0.000 -0.000
Finished sensitivity simulation for a C/O ratio of 2.4
Finished translating for C/O ratio of 2.4
Starting sensitivity simulation for a C/O ratio of 0.7
0 CH4(2) + X(1) <=> CH4X(48) 0.002 0.002
1 O2(3) + 2 X(1) <=> 2 OX(20) 0.226 0.236
2 H2(6) + 2 X(1) <=> 2 HX(19) 0.000 0.000
3 H(12) + X(1) <=> HX(19) -0.000 -0.000
4 HX(19) + OX(20) <=> HOX(22) + X(1) 0.000 0.000
5 H2O(5) + 2 X(1) <=> HOX(22) + HX(19) 0.001 0.001
6 OH(17) + X(1) <=> HOX(22) 0.000 0.000
7 CH4(2) + 2 X(1) <=> CH3X(21) + HX(19) -0.001 -0.001
8 CH4(2) + OX(20) + X(1) <=> CH3X(21) + HOX(22) -0.370 -0.403
9 C2H6(8) + 2 X(1) <=> 2 CH3X(21) -0.001 -0.001
10 CH3(10) + X(1) <=> CH3X(21) -0.213 -0.208
11 CH3OH(14) + 2 X(1) <=> CH3X(21) + HOX(22) -0.000 -0.000
12 CH2X(27) + HX(19) <=> CH3X(21) + X(1) -0.000 -0.000
13 CH2X(27) + HOX(22) <=> CH3X(21) + OX(20) 0.002 0.002
14 CHX(28) + HX(19) <=> CH2X(27) + X(1) 0.000 0.000
15 CHX(28) + HOX(22) <=> CH2X(27) + OX(20) 0.002 0.002
16 2 CH2X(27) <=> CH3X(21) + CHX(28) 0.002 0.002
17 CHX(28) + X(1) <=> CX(26) + HX(19) 0.002 0.002
18 CX(26) + H2(6) <=> CH2X(27) -0.000 -0.000
19 CX(26) + HOX(22) <=> CHX(28) + OX(20) -0.000 0.000
20 CH3X(21) + CX(26) <=> CH2X(27) + CHX(28) -0.000 0.000
21 CH2X(27) + CX(26) <=> 2 CHX(28) 0.000 0.000
22 CO(7) + X(1) <=> OCX(25) -0.000 -0.000
23 CX(26) + OX(20) <=> OCX(25) + X(1) -0.000 -0.000
24 CH4(2) + HOX(22) + X(1) <=> CH3X(21) + H2OX(23) -0.000 -0.000
25 H2O(5) + X(1) <=> H2OX(23) 0.000 0.000
26 H2OX(23) + OX(20) <=> 2 HOX(22) 0.000 0.000
27 HOX(22) + HX(19) <=> H2OX(23) + X(1) 0.000 0.000
28 H2(6) + X(1) <=> H2X(49) -0.000 0.000
29 CO2(4) + X(1) <=> CO2X(24) 0.001 0.001
30 OCX(25) + OX(20) <=> CO2X(24) + X(1) 0.001 0.000
31 CO2X(24) + HX(19) <=> HOX(22) + OCX(25) 0.000 0.000
32 CO(7) + X(1) <=> COX(50) 0.002 0.002
33 CH2O(9) + 2 X(1) <=> CHOX(53) + HX(19) -0.000 0.000
34 HCO(15) + X(1) <=> CHOX(53) 0.002 0.002
35 CH3CHO(16) + 2 X(1) <=> CH3X(21) + CHOX(53) -0.000 0.000
36 CHOX(53) + X(1) <=> HX(19) + OCX(25) -0.000 0.000
37 CHOX(53) + OX(20) <=> HOX(22) + OCX(25) -0.000 0.000
38 CH2X(27) + CHOX(53) <=> CH3X(21) + OCX(25) -0.000 0.000
39 CHOX(53) + CHX(28) <=> CH2X(27) + OCX(25) -0.000 0.000
40 CHOX(53) + CX(26) <=> CHX(28) + OCX(25) 0.002 0.002
Finished sensitivity simulation for a C/O ratio of 0.7
Finished translating for C/O ratio of 0.7
