This mechanism contains 38 gas reactions and 24 surface reactions
Finished simulation at a C/O ratio of 1.0
Finished simulation at a C/O ratio of 1.2
Finished simulation at a C/O ratio of 1.6
Finished simulation at a C/O ratio of 0.8
Finished simulation at a C/O ratio of 0.9
Finished simulation at a C/O ratio of 2.0
Finished simulation at a C/O ratio of 2.2
Finished simulation at a C/O ratio of 1.8
Finished simulation at a C/O ratio of 1.3
Finished simulation at a C/O ratio of 2.6
Finished simulation at a C/O ratio of 0.7
Finished simulation at a C/O ratio of 1.1
Finished simulation at a C/O ratio of 2.4
Finished simulation at a C/O ratio of 0.6
Finished simulation at a C/O ratio of 1.4
Starting thermo sensitivity simulation for a C/O ratio of 0.8
0 X(1) 0.003 0.002 0.006 -0.005 0.002
1 HX(19) -0.002 -0.001 -0.003 0.001 -0.001
2 OX(20) -0.002 -0.001 -0.003 0.004 -0.001
3 CH3X(21) -0.000 -0.000 -0.000 0.000 -0.000
4 HOX(22) -0.000 -0.000 -0.001 0.001 -0.000
5 H2OX(23) 0.000 0.000 0.000 0.000 0.000
6 CO2X(24) 0.000 -0.000 -0.000 -0.001 -0.000
7 OCX(25) 0.000 -0.000 -0.000 0.000 0.000
8 CX(26) -0.000 -0.000 -0.000 0.001 -0.000
9 CH2X(27) -0.000 -0.000 -0.000 0.000 -0.000
10 CHX(28) -0.000 -0.000 -0.000 0.000 -0.000
11 CH4X(48) 0.000 0.000 0.000 -0.000 0.000
12 H2X(49) -0.000 -0.000 -0.000 0.000 0.000
13 C2H6X(52) 0.000 -0.000 -0.000 0.000 0.000
Finished thermo sensitivity simulation for a C/O ratio of 0.8
Starting thermo sensitivity simulation for a C/O ratio of 2.6
0 X(1) 0.003 0.002 0.005 -0.004 0.002
1 HX(19) -0.002 -0.001 -0.003 0.000 -0.001
2 OX(20) -0.001 -0.001 -0.003 0.003 -0.001
3 CH3X(21) 0.000 0.000 0.000 -0.000 0.000
4 HOX(22) -0.000 -0.000 -0.001 0.001 -0.000
5 H2OX(23) 0.000 0.000 0.000 0.000 0.000
6 CO2X(24) -0.000 -0.000 -0.000 -0.001 -0.000
7 OCX(25) 0.000 -0.000 0.000 0.000 0.000
8 CX(26) 0.000 -0.000 0.000 0.001 0.000
9 CH2X(27) 0.000 0.000 0.000 -0.000 0.000
10 CHX(28) 0.000 0.000 0.000 0.000 0.000
11 CH4X(48) 0.000 0.000 0.001 -0.001 0.000
12 H2X(49) 0.000 0.000 0.000 -0.000 0.000
13 C2H6X(52) 0.000 0.000 0.000 -0.000 0.000
Finished thermo sensitivity simulation for a C/O ratio of 2.6
Starting thermo sensitivity simulation for a C/O ratio of 2.4
0 X(1) 0.003 0.002 0.005 -0.004 0.002
1 HX(19) -0.002 -0.001 -0.003 0.000 -0.001
2 OX(20) -0.001 -0.001 -0.003 0.003 -0.001
3 CH3X(21) 0.000 0.000 0.000 0.000 -0.000
4 HOX(22) -0.000 -0.000 -0.001 0.001 -0.000
5 H2OX(23) 0.000 0.000 0.000 0.000 0.000
6 CO2X(24) -0.000 0.000 0.000 -0.001 -0.000
7 OCX(25) 0.000 -0.000 0.000 -0.000 0.000
8 CX(26) 0.000 0.000 0.000 0.001 0.000
9 CH2X(27) 0.000 0.000 0.000 -0.000 0.000
10 CHX(28) 0.000 0.000 0.000 0.000 0.000
11 CH4X(48) 0.000 0.000 0.001 -0.001 0.000
12 H2X(49) 0.000 -0.000 -0.000 -0.000 0.000
13 C2H6X(52) 0.000 0.000 0.000 -0.000 0.000
Finished thermo sensitivity simulation for a C/O ratio of 2.4
Starting thermo sensitivity simulation for a C/O ratio of 2.2
0 X(1) 0.003 0.002 0.005 -0.004 0.002
1 HX(19) -0.002 -0.001 -0.003 0.000 -0.001
2 OX(20) -0.001 -0.001 -0.003 0.003 -0.001
3 CH3X(21) -0.000 -0.000 -0.000 0.000 -0.000
4 HOX(22) -0.000 -0.000 -0.001 0.001 -0.000
5 H2OX(23) 0.000 0.000 0.000 0.000 0.000
6 CO2X(24) -0.000 -0.000 -0.000 -0.001 -0.000
7 OCX(25) -0.000 0.000 0.000 0.000 -0.000
8 CX(26) -0.000 -0.000 -0.000 0.001 -0.000
9 CH2X(27) -0.000 0.000 0.000 0.000 -0.000
10 CHX(28) -0.000 -0.000 -0.000 0.000 -0.000
11 CH4X(48) 0.000 0.000 0.001 -0.001 0.000
12 H2X(49) -0.000 -0.000 -0.000 0.000 -0.000
13 C2H6X(52) -0.000 -0.000 -0.000 0.000 -0.000
Finished thermo sensitivity simulation for a C/O ratio of 2.2
Starting thermo sensitivity simulation for a C/O ratio of 1.3
0 X(1) 0.003 0.002 0.005 -0.005 0.002
1 HX(19) -0.002 -0.001 -0.003 0.000 -0.001
2 OX(20) -0.002 -0.001 -0.003 0.003 -0.001
3 CH3X(21) 0.000 -0.000 -0.000 -0.000 0.000
4 HOX(22) -0.000 -0.000 -0.001 0.001 -0.000
5 H2OX(23) 0.000 0.000 0.000 0.000 0.000
6 CO2X(24) 0.000 -0.000 -0.000 -0.001 0.000
7 OCX(25) 0.000 -0.000 -0.000 -0.000 0.000
8 CX(26) 0.000 -0.000 -0.000 0.001 0.000
9 CH2X(27) 0.000 -0.000 -0.000 -0.000 0.000
10 CHX(28) 0.000 -0.000 -0.000 -0.000 0.000
11 CH4X(48) 0.000 0.000 0.000 -0.000 0.000
12 H2X(49) 0.000 -0.000 -0.000 -0.000 0.000
13 C2H6X(52) 0.000 -0.000 -0.000 0.000 0.000
Finished thermo sensitivity simulation for a C/O ratio of 1.3
Starting thermo sensitivity simulation for a C/O ratio of 1.1
0 X(1) 0.003 0.002 0.006 -0.005 0.002
1 HX(19) -0.002 -0.001 -0.003 0.000 -0.001
2 OX(20) -0.002 -0.001 -0.003 0.003 -0.001
3 CH3X(21) 0.000 0.000 0.000 0.000 0.000
4 HOX(22) -0.000 -0.000 -0.001 0.001 -0.000
5 H2OX(23) 0.000 0.000 0.000 0.000 0.000
6 CO2X(24) 0.000 0.000 0.000 -0.001 0.000
7 OCX(25) 0.000 0.000 0.000 -0.000 0.000
8 CX(26) 0.000 0.000 0.000 0.001 0.000
9 CH2X(27) 0.000 0.000 0.000 -0.000 0.000
10 CHX(28) 0.000 0.000 0.000 -0.000 0.000
11 CH4X(48) 0.000 0.000 0.000 -0.000 0.000
12 H2X(49) 0.000 0.000 0.000 -0.000 0.000
13 C2H6X(52) 0.000 0.000 0.000 -0.000 0.000
Finished thermo sensitivity simulation for a C/O ratio of 1.1
Starting thermo sensitivity simulation for a C/O ratio of 0.6
0 X(1) 0.004 0.003 0.006 -0.005 0.002
1 HX(19) -0.002 -0.001 -0.003 0.001 -0.001
2 OX(20) -0.002 -0.001 -0.003 0.004 -0.001
3 CH3X(21) 0.000 0.000 0.000 0.000 -0.000
4 HOX(22) -0.000 -0.000 -0.001 0.001 -0.000
5 H2OX(23) 0.000 0.000 0.000 0.000 0.000
6 CO2X(24) 0.000 0.000 0.000 -0.001 -0.000
7 OCX(25) 0.000 0.000 0.000 -0.000 -0.000
8 CX(26) 0.000 0.000 0.000 0.001 -0.000
9 CH2X(27) 0.000 0.000 0.000 -0.000 -0.000
10 CHX(28) 0.000 0.000 0.000 0.000 0.000
11 CH4X(48) 0.000 0.000 0.000 -0.000 0.000
12 H2X(49) 0.000 0.000 0.000 -0.000 -0.000
13 C2H6X(52) 0.000 0.000 0.000 0.000 -0.000
Finished thermo sensitivity simulation for a C/O ratio of 0.6
Starting thermo sensitivity simulation for a C/O ratio of 1.0
0 X(1) 0.003 0.002 0.006 -0.005 0.002
1 HX(19) -0.002 -0.001 -0.003 0.000 -0.001
2 OX(20) -0.002 -0.001 -0.003 0.003 -0.001
3 CH3X(21) -0.000 0.000 0.000 -0.000 0.000
4 HOX(22) -0.000 -0.000 -0.001 0.001 -0.000
5 H2OX(23) 0.000 0.000 0.000 0.000 0.000
6 CO2X(24) -0.000 0.000 0.000 -0.001 0.000
7 OCX(25) -0.000 0.000 0.000 0.000 -0.000
8 CX(26) -0.000 0.000 0.000 0.001 -0.000
9 CH2X(27) -0.000 0.000 0.000 0.000 -0.000
10 CHX(28) -0.000 0.000 0.000 -0.000 -0.000
11 CH4X(48) 0.000 0.000 0.000 -0.000 0.000
12 H2X(49) -0.000 0.000 0.000 0.000 -0.000
13 C2H6X(52) -0.000 0.000 0.000 0.000 -0.000
Finished thermo sensitivity simulation for a C/O ratio of 1.0
Starting thermo sensitivity simulation for a C/O ratio of 1.2
0 X(1) 0.003 0.002 0.006 -0.005 0.002
1 HX(19) -0.002 -0.001 -0.003 0.000 -0.001
2 OX(20) -0.002 -0.001 -0.003 0.003 -0.001
3 CH3X(21) 0.000 0.000 0.000 -0.000 0.000
4 HOX(22) -0.000 -0.000 -0.001 0.001 -0.000
5 H2OX(23) 0.000 0.000 0.000 0.000 0.000
6 CO2X(24) -0.000 -0.000 -0.000 -0.001 0.000
7 OCX(25) -0.000 0.000 0.000 -0.000 -0.000
8 CX(26) 0.000 -0.000 -0.000 0.001 0.000
9 CH2X(27) -0.000 -0.000 -0.000 -0.000 -0.000
10 CHX(28) 0.000 0.000 0.000 -0.000 0.000
11 CH4X(48) 0.000 0.000 0.000 -0.000 0.000
12 H2X(49) 0.000 -0.000 0.000 -0.000 0.000
13 C2H6X(52) 0.000 0.000 0.000 -0.000 0.000
Finished thermo sensitivity simulation for a C/O ratio of 1.2
Starting thermo sensitivity simulation for a C/O ratio of 2.0
0 X(1) 0.003 0.002 0.005 -0.004 0.002
1 HX(19) -0.002 -0.001 -0.003 -0.000 -0.001
2 OX(20) -0.001 -0.001 -0.003 0.003 -0.001
3 CH3X(21) 0.000 0.000 0.000 -0.000 0.000
4 HOX(22) -0.000 -0.000 -0.001 0.001 -0.000
5 H2OX(23) 0.000 0.000 0.000 0.000 0.000
6 CO2X(24) -0.000 0.000 0.000 -0.001 -0.000
7 OCX(25) -0.000 0.000 0.000 -0.000 0.000
8 CX(26) -0.000 0.000 0.000 0.001 0.000
9 CH2X(27) 0.000 0.000 0.000 -0.000 0.000
10 CHX(28) 0.000 0.000 0.000 -0.000 0.000
11 CH4X(48) 0.000 0.000 0.001 -0.001 0.000
12 H2X(49) -0.000 0.000 0.000 0.000 0.000
13 C2H6X(52) -0.000 -0.000 -0.000 -0.000 0.000
Finished thermo sensitivity simulation for a C/O ratio of 2.0
Starting thermo sensitivity simulation for a C/O ratio of 1.4
0 X(1) 0.003 0.002 0.005 -0.005 0.002
1 HX(19) -0.002 -0.001 -0.003 0.000 -0.001
2 OX(20) -0.002 -0.001 -0.003 0.003 -0.001
3 CH3X(21) 0.000 -0.000 -0.000 -0.000 -0.000
4 HOX(22) -0.000 -0.000 -0.001 0.001 -0.000
5 H2OX(23) 0.000 0.000 0.000 0.000 0.000
6 CO2X(24) 0.000 -0.000 -0.000 -0.001 0.000
7 OCX(25) 0.000 -0.000 -0.000 -0.000 0.000
8 CX(26) 0.000 -0.000 -0.000 0.001 0.000
9 CH2X(27) 0.000 -0.000 -0.000 -0.000 0.000
10 CHX(28) 0.000 -0.000 -0.000 -0.000 0.000
11 CH4X(48) 0.000 0.000 0.000 -0.000 0.000
12 H2X(49) 0.000 -0.000 -0.000 -0.000 0.000
13 C2H6X(52) 0.000 -0.000 -0.000 -0.000 0.000
Finished thermo sensitivity simulation for a C/O ratio of 1.4
Starting thermo sensitivity simulation for a C/O ratio of 1.8
0 X(1) 0.003 0.002 0.005 -0.004 0.002
1 HX(19) -0.002 -0.001 -0.003 0.000 -0.001
2 OX(20) -0.001 -0.001 -0.003 0.003 -0.001
3 CH3X(21) 0.000 -0.000 -0.000 -0.000 0.000
4 HOX(22) -0.000 -0.000 -0.001 0.001 -0.000
5 H2OX(23) 0.000 0.000 0.000 0.000 0.000
6 CO2X(24) 0.000 -0.000 -0.000 -0.001 0.000
7 OCX(25) 0.000 -0.000 -0.000 -0.000 0.000
8 CX(26) 0.000 -0.000 -0.000 0.001 0.000
9 CH2X(27) 0.000 -0.000 -0.000 -0.000 0.000
10 CHX(28) 0.000 -0.000 -0.000 0.000 0.000
11 CH4X(48) 0.000 0.000 0.001 -0.001 0.000
12 H2X(49) 0.000 -0.000 -0.000 -0.000 0.000
13 C2H6X(52) 0.000 -0.000 -0.000 -0.000 0.000
Finished thermo sensitivity simulation for a C/O ratio of 1.8
Starting sensitivity simulation for a C/O ratio of 0.8
0 CH4(2) + X(1) <=> CH4X(48) -0.000 -0.000 -0.000 -0.000 -0.000
1 O2(3) + 2 X(1) <=> 2 OX(20) -0.000 -0.000 -0.000 -0.000 -0.000
2 H2(6) + 2 X(1) <=> 2 HX(19) 0.001 0.001 0.002 -0.000 0.001
3 H(12) + X(1) <=> HX(19) -0.000 -0.000 -0.000 0.000 -0.000
4 CH4(2) + 2 X(1) <=> CH3X(21) + HX(19) 0.003 -0.002 0.001 -0.001 -0.002
5 C2H6(8) + 2 X(1) <=> 2 CH3X(21) -0.000 -0.000 -0.000 0.000 -0.000
6 CH3(10) + X(1) <=> CH3X(21) 0.026 -0.043 -0.017 0.101 -0.044
7 H2(6) + X(1) <=> H2X(49) -0.000 0.000 0.000 0.000 -0.000
8 C2H6(8) + X(1) <=> C2H6X(52) -0.000 -0.000 -0.000 0.000 -0.000
9 CH4(2) + OX(20) + X(1) <=> CH3X(21) + HOX(22) 0.001 0.001 0.002 -0.001 0.001
10 CH4(2) + HOX(22) + X(1) <=> CH3X(21) + H2OX(23) 0.309 0.216 0.524 -0.787 0.212
11 H2O(5) + X(1) <=> H2OX(23) 0.000 -0.000 -0.000 0.000 0.000
12 CO2(4) + X(1) <=> CO2X(24) 0.000 -0.000 -0.000 0.000 0.000
13 CO(7) + X(1) <=> OCX(25) 0.000 -0.000 -0.000 -0.000 0.000
14 CX(26) + OX(20) <=> OCX(25) + X(1) -0.000 -0.000 -0.000 -1.000 -0.000
15 OCX(25) + OX(20) <=> CO2X(24) + X(1) 0.000 -0.000 -0.000 0.000 0.000
16 CO2X(24) + HX(19) <=> HOX(22) + OCX(25) -0.000 -0.000 -0.000 0.990 -0.000
17 CH2X(27) + HX(19) <=> CH3X(21) + X(1) -0.000 -0.000 -0.000 0.000 -0.000
18 CHX(28) + HX(19) <=> CH2X(27) + X(1) 0.000 -0.000 -0.000 -0.000 -0.000
19 CHX(28) + X(1) <=> CX(26) + HX(19) -0.000 -0.000 -0.000 0.000 -0.000
20 HX(19) + OX(20) <=> HOX(22) + X(1) 1.266 0.890 2.145 -1.402 0.874
21 H2OX(23) + OX(20) <=> 2 HOX(22) -0.154 -0.108 -0.262 -0.107 -0.106
22 CX(26) + H2(6) <=> CH2X(27) 0.000 -0.000 0.000 0.000 0.000
23 HOX(22) + HX(19) <=> H2OX(23) + X(1) 0.000 0.000 0.000 -0.000 0.000
Finished sensitivity simulation for a C/O ratio of 0.8
Finished translating for C/O ratio of 0.8
Starting sensitivity simulation for a C/O ratio of 0.7
0 CH4(2) + X(1) <=> CH4X(48) 0.000 0.000 0.000 0.000 -0.000
1 O2(3) + 2 X(1) <=> 2 OX(20) -0.000 -0.000 -0.000 -0.000 -0.000
2 H2(6) + 2 X(1) <=> 2 HX(19) 0.001 0.001 0.002 -0.000 0.001
3 H(12) + X(1) <=> HX(19) -0.000 -0.000 -0.000 0.000 -0.000
4 CH4(2) + 2 X(1) <=> CH3X(21) + HX(19) 0.003 -0.002 0.000 -0.000 -0.002
5 C2H6(8) + 2 X(1) <=> 2 CH3X(21) -0.000 -0.000 -0.000 0.000 -0.000
6 CH3(10) + X(1) <=> CH3X(21) 0.027 -0.045 -0.018 0.106 -0.046
7 H2(6) + X(1) <=> H2X(49) 0.000 -0.000 -0.000 -0.000 0.000
8 C2H6(8) + X(1) <=> C2H6X(52) 0.000 0.000 0.000 -0.000 0.000
9 CH4(2) + OX(20) + X(1) <=> CH3X(21) + HOX(22) 0.001 0.001 0.002 -0.001 0.001
10 CH4(2) + HOX(22) + X(1) <=> CH3X(21) + H2OX(23) 0.306 0.213 0.519 -0.758 0.210
11 H2O(5) + X(1) <=> H2OX(23) -0.000 -0.000 -0.000 0.000 -0.000
12 CO2(4) + X(1) <=> CO2X(24) -0.000 -0.000 -0.000 0.000 -0.000
13 CO(7) + X(1) <=> OCX(25) -0.000 -0.000 -0.000 -0.000 -0.000
14 CX(26) + OX(20) <=> OCX(25) + X(1) -0.000 -0.000 -0.000 -1.000 -0.000
15 OCX(25) + OX(20) <=> CO2X(24) + X(1) -0.000 0.000 0.000 0.000 -0.000
16 CO2X(24) + HX(19) <=> HOX(22) + OCX(25) -0.000 0.000 0.000 0.990 0.000
17 CH2X(27) + HX(19) <=> CH3X(21) + X(1) -0.000 -0.000 -0.000 0.000 -0.000
18 CHX(28) + HX(19) <=> CH2X(27) + X(1) -0.000 -0.000 -0.000 0.000 -0.000
19 CHX(28) + X(1) <=> CX(26) + HX(19) -0.000 -0.000 -0.000 0.000 -0.000
20 HX(19) + OX(20) <=> HOX(22) + X(1) 1.282 0.898 2.169 -1.434 0.885
21 H2OX(23) + OX(20) <=> 2 HOX(22) -0.153 -0.106 -0.259 -0.122 -0.105
22 CX(26) + H2(6) <=> CH2X(27) 0.000 -0.000 -0.000 0.000 0.000
23 HOX(22) + HX(19) <=> H2OX(23) + X(1) 0.000 0.000 0.000 -0.000 0.000
Finished sensitivity simulation for a C/O ratio of 0.7
Finished translating for C/O ratio of 0.7
Starting sensitivity simulation for a C/O ratio of 2.6
0 CH4(2) + X(1) <=> CH4X(48) 0.000 -0.000 0.000 -0.000 0.000
1 O2(3) + 2 X(1) <=> 2 OX(20) 0.000 -0.000 -0.000 -0.000 0.000
2 H2(6) + 2 X(1) <=> 2 HX(19) 0.001 0.001 0.002 0.000 0.001
3 H(12) + X(1) <=> HX(19) 0.000 -0.000 -0.000 -0.000 0.000
4 CH4(2) + 2 X(1) <=> CH3X(21) + HX(19) 0.002 0.000 0.003 -0.003 0.000
5 C2H6(8) + 2 X(1) <=> 2 CH3X(21) -0.000 -0.001 -0.001 0.001 -0.000
6 CH3(10) + X(1) <=> CH3X(21) 0.020 -0.021 -0.002 0.053 -0.022
7 H2(6) + X(1) <=> H2X(49) 0.000 0.000 0.000 -0.000 0.000
8 C2H6(8) + X(1) <=> C2H6X(52) 0.000 0.000 0.000 0.000 0.000
9 CH4(2) + OX(20) + X(1) <=> CH3X(21) + HOX(22) 0.002 0.001 0.003 -0.002 0.001
10 CH4(2) + HOX(22) + X(1) <=> CH3X(21) + H2OX(23) 0.251 0.183 0.433 -0.947 0.171
11 H2O(5) + X(1) <=> H2OX(23) 0.000 0.000 0.000 -0.000 0.000
12 CO2(4) + X(1) <=> CO2X(24) 0.000 0.000 0.000 -0.000 0.000
13 CO(7) + X(1) <=> OCX(25) 0.000 0.000 0.000 -0.000 0.000
14 CX(26) + OX(20) <=> OCX(25) + X(1) 0.000 0.000 0.000 -1.000 0.000
15 OCX(25) + OX(20) <=> CO2X(24) + X(1) 0.000 0.000 0.000 -0.000 0.000
16 CO2X(24) + HX(19) <=> HOX(22) + OCX(25) 0.000 0.000 0.000 0.990 0.000
17 CH2X(27) + HX(19) <=> CH3X(21) + X(1) 0.000 -0.000 -0.000 -0.000 0.000
18 CHX(28) + HX(19) <=> CH2X(27) + X(1) 0.000 0.000 0.000 -0.000 0.000
19 CHX(28) + X(1) <=> CX(26) + HX(19) 0.000 0.000 0.000 -0.000 0.000
20 HX(19) + OX(20) <=> HOX(22) + X(1) 1.127 0.826 1.944 -1.094 0.774
21 H2OX(23) + OX(20) <=> 2 HOX(22) -0.126 -0.092 -0.217 -0.028 -0.086
22 CX(26) + H2(6) <=> CH2X(27) 0.000 0.000 0.000 -0.000 0.000
23 HOX(22) + HX(19) <=> H2OX(23) + X(1) 0.000 0.000 0.000 -0.000 0.000
Finished sensitivity simulation for a C/O ratio of 2.6
Finished translating for C/O ratio of 2.6
Starting sensitivity simulation for a C/O ratio of 2.0
0 CH4(2) + X(1) <=> CH4X(48) 0.000 0.000 0.000 0.000 0.000
1 O2(3) + 2 X(1) <=> 2 OX(20) -0.000 0.000 0.000 0.000 -0.000
2 H2(6) + 2 X(1) <=> 2 HX(19) 0.001 0.001 0.002 0.000 0.001
3 H(12) + X(1) <=> HX(19) 0.000 0.000 0.000 0.000 0.000
4 CH4(2) + 2 X(1) <=> CH3X(21) + HX(19) 0.002 0.000 0.003 -0.002 0.000
5 C2H6(8) + 2 X(1) <=> 2 CH3X(21) -0.000 -0.001 -0.001 0.001 -0.000
6 CH3(10) + X(1) <=> CH3X(21) 0.021 -0.026 -0.005 0.064 -0.027
7 H2(6) + X(1) <=> H2X(49) -0.000 0.000 0.000 0.000 -0.000
8 C2H6(8) + X(1) <=> C2H6X(52) 0.000 0.000 0.000 -0.000 0.000
9 CH4(2) + OX(20) + X(1) <=> CH3X(21) + HOX(22) 0.002 0.001 0.003 -0.002 0.001
10 CH4(2) + HOX(22) + X(1) <=> CH3X(21) + H2OX(23) 0.275 0.198 0.472 -0.927 0.188
11 H2O(5) + X(1) <=> H2OX(23) 0.000 0.000 0.000 -0.000 0.000
12 CO2(4) + X(1) <=> CO2X(24) 0.000 0.000 0.000 -0.000 0.000
13 CO(7) + X(1) <=> OCX(25) 0.000 0.000 0.000 -0.000 0.000
14 CX(26) + OX(20) <=> OCX(25) + X(1) 0.000 0.000 0.000 -1.000 0.000
15 OCX(25) + OX(20) <=> CO2X(24) + X(1) -0.000 0.000 0.000 -0.000 0.000
16 CO2X(24) + HX(19) <=> HOX(22) + OCX(25) -0.000 0.000 0.000 0.990 0.000
17 CH2X(27) + HX(19) <=> CH3X(21) + X(1) 0.000 -0.000 -0.000 -0.000 0.000
18 CHX(28) + HX(19) <=> CH2X(27) + X(1) -0.000 -0.000 -0.000 0.000 -0.000
19 CHX(28) + X(1) <=> CX(26) + HX(19) 0.000 0.000 0.000 -0.000 0.000
20 HX(19) + OX(20) <=> HOX(22) + X(1) 1.158 0.838 1.987 -1.167 0.797
21 H2OX(23) + OX(20) <=> 2 HOX(22) -0.138 -0.099 -0.237 -0.038 -0.094
22 CX(26) + H2(6) <=> CH2X(27) 0.000 0.000 0.000 -0.000 0.000
23 HOX(22) + HX(19) <=> H2OX(23) + X(1) 0.000 0.000 0.000 -0.000 0.000
Finished sensitivity simulation for a C/O ratio of 2.0
Finished translating for C/O ratio of 2.0
Starting sensitivity simulation for a C/O ratio of 0.6
0 CH4(2) + X(1) <=> CH4X(48) 0.000 0.000 0.000 0.000 -0.000
1 O2(3) + 2 X(1) <=> 2 OX(20) 0.000 0.000 0.000 0.000 0.000
2 H2(6) + 2 X(1) <=> 2 HX(19) 0.001 0.001 0.002 -0.000 0.001
3 H(12) + X(1) <=> HX(19) 0.000 -0.000 -0.000 0.000 -0.000
4 CH4(2) + 2 X(1) <=> CH3X(21) + HX(19) 0.003 -0.003 -0.000 0.000 -0.003
5 C2H6(8) + 2 X(1) <=> 2 CH3X(21) -0.000 -0.000 -0.000 0.000 -0.000
6 CH3(10) + X(1) <=> CH3X(21) 0.028 -0.048 -0.019 0.110 -0.048
7 H2(6) + X(1) <=> H2X(49) 0.000 0.000 0.000 -0.000 -0.000
8 C2H6(8) + X(1) <=> C2H6X(52) 0.000 0.000 0.000 -0.000 -0.000
9 CH4(2) + OX(20) + X(1) <=> CH3X(21) + HOX(22) 0.001 0.001 0.002 -0.001 0.001
10 CH4(2) + HOX(22) + X(1) <=> CH3X(21) + H2OX(23) 0.300 0.209 0.508 -0.722 0.206
11 H2O(5) + X(1) <=> H2OX(23) 0.000 0.000 0.000 0.000 -0.000
12 CO2(4) + X(1) <=> CO2X(24) 0.000 0.000 0.000 -0.000 -0.000
13 CO(7) + X(1) <=> OCX(25) 0.000 0.000 0.000 -0.000 -0.000
14 CX(26) + OX(20) <=> OCX(25) + X(1) 0.000 0.000 0.000 -1.000 -0.000
15 OCX(25) + OX(20) <=> CO2X(24) + X(1) 0.000 0.000 0.000 0.000 -0.000
16 CO2X(24) + HX(19) <=> HOX(22) + OCX(25) 0.000 0.000 0.000 0.990 -0.000
17 CH2X(27) + HX(19) <=> CH3X(21) + X(1) 0.000 0.000 0.000 0.000 -0.000
18 CHX(28) + HX(19) <=> CH2X(27) + X(1) 0.000 0.000 0.000 0.000 -0.000
19 CHX(28) + X(1) <=> CX(26) + HX(19) 0.000 0.000 0.000 -0.000 0.000
20 HX(19) + OX(20) <=> HOX(22) + X(1) 1.300 0.908 2.196 -1.469 0.897
21 H2OX(23) + OX(20) <=> 2 HOX(22) -0.150 -0.104 -0.254 -0.140 -0.103
22 CX(26) + H2(6) <=> CH2X(27) 0.000 0.000 0.000 0.000 -0.000
23 HOX(22) + HX(19) <=> H2OX(23) + X(1) 0.000 0.000 0.000 -0.000 0.000
Finished sensitivity simulation for a C/O ratio of 0.6
Finished translating for C/O ratio of 0.6
Starting sensitivity simulation for a C/O ratio of 2.2
0 CH4(2) + X(1) <=> CH4X(48) 0.000 0.000 0.000 -0.000 0.000
1 O2(3) + 2 X(1) <=> 2 OX(20) -0.000 -0.000 -0.000 0.000 -0.000
2 H2(6) + 2 X(1) <=> 2 HX(19) 0.001 0.001 0.002 0.000 0.001
3 H(12) + X(1) <=> HX(19) -0.000 -0.000 -0.000 0.000 -0.000
4 CH4(2) + 2 X(1) <=> CH3X(21) + HX(19) 0.002 0.000 0.003 -0.002 0.000
5 C2H6(8) + 2 X(1) <=> 2 CH3X(21) -0.000 -0.001 -0.001 0.001 -0.000
6 CH3(10) + X(1) <=> CH3X(21) 0.021 -0.025 -0.004 0.060 -0.025
7 H2(6) + X(1) <=> H2X(49) -0.000 -0.000 -0.000 0.000 -0.000
8 C2H6(8) + X(1) <=> C2H6X(52) -0.000 -0.000 -0.000 0.000 -0.000
9 CH4(2) + OX(20) + X(1) <=> CH3X(21) + HOX(22) 0.002 0.001 0.003 -0.002 0.001
10 CH4(2) + HOX(22) + X(1) <=> CH3X(21) + H2OX(23) 0.267 0.193 0.459 -0.935 0.182
11 H2O(5) + X(1) <=> H2OX(23) -0.000 -0.000 -0.000 0.000 -0.000
12 CO2(4) + X(1) <=> CO2X(24) -0.000 -0.000 -0.000 0.000 -0.000
13 CO(7) + X(1) <=> OCX(25) -0.000 -0.000 -0.000 -0.000 -0.000
14 CX(26) + OX(20) <=> OCX(25) + X(1) -0.000 -0.000 -0.000 -1.000 -0.000
15 OCX(25) + OX(20) <=> CO2X(24) + X(1) -0.000 -0.000 -0.000 0.000 -0.000
16 CO2X(24) + HX(19) <=> HOX(22) + OCX(25) -0.000 0.000 0.000 0.990 -0.000
17 CH2X(27) + HX(19) <=> CH3X(21) + X(1) -0.000 -0.000 -0.000 0.000 -0.000
18 CHX(28) + HX(19) <=> CH2X(27) + X(1) -0.000 -0.000 -0.000 0.000 -0.000
19 CHX(28) + X(1) <=> CX(26) + HX(19) -0.000 -0.000 -0.000 0.000 -0.000
20 HX(19) + OX(20) <=> HOX(22) + X(1) 1.147 0.834 1.971 -1.140 0.789
21 H2OX(23) + OX(20) <=> 2 HOX(22) -0.133 -0.096 -0.230 -0.033 -0.091
22 CX(26) + H2(6) <=> CH2X(27) -0.000 -0.000 -0.000 0.000 -0.000
23 HOX(22) + HX(19) <=> H2OX(23) + X(1) 0.000 0.000 0.000 -0.000 0.000
Finished sensitivity simulation for a C/O ratio of 2.2
Finished translating for C/O ratio of 2.2
Starting sensitivity simulation for a C/O ratio of 1.0
0 CH4(2) + X(1) <=> CH4X(48) 0.000 0.000 0.000 -0.000 0.000
1 O2(3) + 2 X(1) <=> 2 OX(20) -0.000 -0.000 -0.000 0.000 -0.000
2 H2(6) + 2 X(1) <=> 2 HX(19) 0.001 0.001 0.002 -0.000 0.001
3 H(12) + X(1) <=> HX(19) -0.000 0.000 -0.000 0.000 -0.000
4 CH4(2) + 2 X(1) <=> CH3X(21) + HX(19) 0.003 -0.001 0.001 -0.001 -0.001
5 C2H6(8) + 2 X(1) <=> 2 CH3X(21) -0.000 -0.000 -0.000 0.001 -0.000
6 CH3(10) + X(1) <=> CH3X(21) 0.025 -0.040 -0.015 0.093 -0.040
7 H2(6) + X(1) <=> H2X(49) 0.000 -0.000 -0.000 0.000 -0.000
8 C2H6(8) + X(1) <=> C2H6X(52) -0.000 0.000 0.000 0.000 -0.000
9 CH4(2) + OX(20) + X(1) <=> CH3X(21) + HOX(22) 0.001 0.001 0.002 -0.001 0.001
10 CH4(2) + HOX(22) + X(1) <=> CH3X(21) + H2OX(23) 0.309 0.217 0.526 -0.832 0.212
11 H2O(5) + X(1) <=> H2OX(23) -0.000 0.000 0.000 0.000 -0.000
12 CO2(4) + X(1) <=> CO2X(24) -0.000 0.000 0.000 0.000 -0.000
13 CO(7) + X(1) <=> OCX(25) 0.000 0.000 0.000 -0.000 0.000
14 CX(26) + OX(20) <=> OCX(25) + X(1) -0.000 0.000 0.000 -1.000 -0.000
15 OCX(25) + OX(20) <=> CO2X(24) + X(1) -0.000 0.000 0.000 0.000 -0.000
16 CO2X(24) + HX(19) <=> HOX(22) + OCX(25) 0.000 0.000 0.000 0.990 0.000
17 CH2X(27) + HX(19) <=> CH3X(21) + X(1) 0.000 -0.000 -0.000 -0.000 0.000
18 CHX(28) + HX(19) <=> CH2X(27) + X(1) 0.000 -0.000 -0.000 -0.000 0.000
19 CHX(28) + X(1) <=> CX(26) + HX(19) -0.000 0.000 0.000 0.000 -0.000
20 HX(19) + OX(20) <=> HOX(22) + X(1) 1.240 0.876 2.106 -1.348 0.856
21 H2OX(23) + OX(20) <=> 2 HOX(22) -0.154 -0.108 -0.263 -0.085 -0.106
22 CX(26) + H2(6) <=> CH2X(27) -0.000 -0.000 -0.000 0.000 -0.000
23 HOX(22) + HX(19) <=> H2OX(23) + X(1) 0.000 0.000 0.000 -0.000 0.000
Finished sensitivity simulation for a C/O ratio of 1.0
Finished translating for C/O ratio of 1.0
Starting sensitivity simulation for a C/O ratio of 1.1
0 CH4(2) + X(1) <=> CH4X(48) 0.000 0.000 0.000 -0.000 0.000
1 O2(3) + 2 X(1) <=> 2 OX(20) 0.000 0.000 0.000 -0.000 0.000
2 H2(6) + 2 X(1) <=> 2 HX(19) 0.001 0.001 0.002 -0.000 0.001
3 H(12) + X(1) <=> HX(19) 0.000 0.000 0.000 -0.000 0.000
4 CH4(2) + 2 X(1) <=> CH3X(21) + HX(19) 0.003 -0.001 0.002 -0.002 -0.001
5 C2H6(8) + 2 X(1) <=> 2 CH3X(21) -0.000 -0.000 -0.001 0.001 -0.000
6 CH3(10) + X(1) <=> CH3X(21) 0.025 -0.038 -0.013 0.090 -0.038
7 H2(6) + X(1) <=> H2X(49) 0.000 0.000 0.000 0.000 0.000
8 C2H6(8) + X(1) <=> C2H6X(52) 0.000 0.000 0.000 0.000 0.000
9 CH4(2) + OX(20) + X(1) <=> CH3X(21) + HOX(22) 0.002 0.001 0.003 -0.001 0.001
10 CH4(2) + HOX(22) + X(1) <=> CH3X(21) + H2OX(23) 0.308 0.217 0.523 -0.849 0.211
11 H2O(5) + X(1) <=> H2OX(23) 0.000 0.000 0.000 -0.000 0.000
12 CO2(4) + X(1) <=> CO2X(24) 0.000 0.000 0.000 0.000 0.000
13 CO(7) + X(1) <=> OCX(25) 0.000 0.000 0.000 -0.000 0.000
14 CX(26) + OX(20) <=> OCX(25) + X(1) 0.000 0.000 0.000 -1.000 0.000
15 OCX(25) + OX(20) <=> CO2X(24) + X(1) 0.000 0.000 0.000 -0.000 0.000
16 CO2X(24) + HX(19) <=> HOX(22) + OCX(25) 0.000 0.000 0.000 0.990 0.000
17 CH2X(27) + HX(19) <=> CH3X(21) + X(1) 0.000 0.000 0.000 -0.000 0.000
18 CHX(28) + HX(19) <=> CH2X(27) + X(1) 0.000 0.000 0.000 -0.000 0.000
19 CHX(28) + X(1) <=> CX(26) + HX(19) 0.000 0.000 0.000 0.000 0.000
20 HX(19) + OX(20) <=> HOX(22) + X(1) 1.229 0.871 2.089 -1.324 0.848
21 H2OX(23) + OX(20) <=> 2 HOX(22) -0.154 -0.108 -0.262 -0.077 -0.105
22 CX(26) + H2(6) <=> CH2X(27) 0.000 0.000 0.000 -0.000 0.000
23 HOX(22) + HX(19) <=> H2OX(23) + X(1) 0.000 0.000 0.000 -0.000 0.000
Finished sensitivity simulation for a C/O ratio of 1.1
Finished translating for C/O ratio of 1.1
Starting sensitivity simulation for a C/O ratio of 1.8
0 CH4(2) + X(1) <=> CH4X(48) 0.000 -0.000 -0.000 -0.000 0.000
1 O2(3) + 2 X(1) <=> 2 OX(20) 0.000 -0.000 -0.000 -0.000 0.000
2 H2(6) + 2 X(1) <=> 2 HX(19) 0.001 0.001 0.002 -0.000 0.001
3 H(12) + X(1) <=> HX(19) 0.000 -0.000 -0.000 -0.000 0.000
4 CH4(2) + 2 X(1) <=> CH3X(21) + HX(19) 0.002 0.000 0.002 -0.002 -0.000
5 C2H6(8) + 2 X(1) <=> 2 CH3X(21) -0.000 -0.000 -0.001 0.001 -0.000
6 CH3(10) + X(1) <=> CH3X(21) 0.022 -0.028 -0.006 0.069 -0.029
7 H2(6) + X(1) <=> H2X(49) 0.000 -0.000 -0.000 -0.000 0.000
8 C2H6(8) + X(1) <=> C2H6X(52) 0.000 -0.000 -0.000 -0.000 0.000
9 CH4(2) + OX(20) + X(1) <=> CH3X(21) + HOX(22) 0.002 0.001 0.003 -0.002 0.001
10 CH4(2) + HOX(22) + X(1) <=> CH3X(21) + H2OX(23) 0.283 0.203 0.485 -0.917 0.194
11 H2O(5) + X(1) <=> H2OX(23) 0.000 -0.000 -0.000 -0.000 0.000
12 CO2(4) + X(1) <=> CO2X(24) 0.000 -0.000 -0.000 -0.000 0.000
13 CO(7) + X(1) <=> OCX(25) 0.000 -0.000 -0.000 -0.000 0.000
14 CX(26) + OX(20) <=> OCX(25) + X(1) 0.000 -0.000 -0.000 -1.000 0.000
15 OCX(25) + OX(20) <=> CO2X(24) + X(1) 0.000 -0.000 -0.000 -0.000 0.000
16 CO2X(24) + HX(19) <=> HOX(22) + OCX(25) 0.000 -0.000 -0.000 0.990 0.000
17 CH2X(27) + HX(19) <=> CH3X(21) + X(1) 0.000 -0.000 -0.000 -0.000 0.000
18 CHX(28) + HX(19) <=> CH2X(27) + X(1) 0.000 -0.000 -0.000 -0.000 0.000
19 CHX(28) + X(1) <=> CX(26) + HX(19) 0.000 -0.000 -0.000 -0.000 0.000
20 HX(19) + OX(20) <=> HOX(22) + X(1) 1.171 0.843 2.004 -1.195 0.806
21 H2OX(23) + OX(20) <=> 2 HOX(22) -0.142 -0.101 -0.243 -0.043 -0.097
22 CX(26) + H2(6) <=> CH2X(27) 0.000 -0.000 -0.000 -0.000 0.000
23 HOX(22) + HX(19) <=> H2OX(23) + X(1) 0.000 0.000 0.000 -0.000 0.000
Finished sensitivity simulation for a C/O ratio of 1.8
Finished translating for C/O ratio of 1.8
Starting sensitivity simulation for a C/O ratio of 1.2
0 CH4(2) + X(1) <=> CH4X(48) -0.000 0.000 0.000 -0.000 -0.000
1 O2(3) + 2 X(1) <=> 2 OX(20) -0.000 0.000 -0.000 -0.000 -0.000
2 H2(6) + 2 X(1) <=> 2 HX(19) 0.001 0.001 0.002 -0.000 0.001
3 H(12) + X(1) <=> HX(19) -0.000 0.000 0.000 -0.000 -0.000
4 CH4(2) + 2 X(1) <=> CH3X(21) + HX(19) 0.003 -0.001 0.002 -0.002 -0.001
5 C2H6(8) + 2 X(1) <=> 2 CH3X(21) -0.000 -0.000 -0.001 0.001 -0.000
6 CH3(10) + X(1) <=> CH3X(21) 0.024 -0.036 -0.012 0.086 -0.037
7 H2(6) + X(1) <=> H2X(49) -0.000 -0.000 -0.000 -0.000 -0.000
8 C2H6(8) + X(1) <=> C2H6X(52) 0.000 -0.000 -0.000 -0.000 0.000
9 CH4(2) + OX(20) + X(1) <=> CH3X(21) + HOX(22) 0.002 0.001 0.003 -0.001 0.001
10 CH4(2) + HOX(22) + X(1) <=> CH3X(21) + H2OX(23) 0.305 0.215 0.520 -0.863 0.209
11 H2O(5) + X(1) <=> H2OX(23) -0.000 -0.000 -0.000 -0.000 -0.000
12 CO2(4) + X(1) <=> CO2X(24) 0.000 0.000 0.000 -0.000 -0.000
13 CO(7) + X(1) <=> OCX(25) 0.000 0.000 0.000 -0.000 0.000
14 CX(26) + OX(20) <=> OCX(25) + X(1) 0.000 -0.000 -0.000 -1.000 0.000
15 OCX(25) + OX(20) <=> CO2X(24) + X(1) 0.000 -0.000 -0.000 -0.000 0.000
16 CO2X(24) + HX(19) <=> HOX(22) + OCX(25) 0.000 0.000 0.000 0.990 0.000
17 CH2X(27) + HX(19) <=> CH3X(21) + X(1) 0.000 -0.000 -0.000 -0.000 0.000
18 CHX(28) + HX(19) <=> CH2X(27) + X(1) 0.000 -0.000 -0.000 -0.000 0.000
19 CHX(28) + X(1) <=> CX(26) + HX(19) -0.000 -0.000 -0.000 -0.000 -0.000
20 HX(19) + OX(20) <=> HOX(22) + X(1) 1.219 0.865 2.074 -1.302 0.841
21 H2OX(23) + OX(20) <=> 2 HOX(22) -0.152 -0.108 -0.260 -0.070 -0.104
22 CX(26) + H2(6) <=> CH2X(27) -0.000 0.000 0.000 -0.000 0.000
23 HOX(22) + HX(19) <=> H2OX(23) + X(1) 0.000 0.000 0.000 -0.000 0.000
Finished sensitivity simulation for a C/O ratio of 1.2
Finished translating for C/O ratio of 1.2
Starting sensitivity simulation for a C/O ratio of 2.4
0 CH4(2) + X(1) <=> CH4X(48) 0.000 0.000 0.000 0.000 0.000
1 O2(3) + 2 X(1) <=> 2 OX(20) 0.000 -0.000 -0.000 -0.000 0.000
2 H2(6) + 2 X(1) <=> 2 HX(19) 0.001 0.001 0.002 0.000 0.001
3 H(12) + X(1) <=> HX(19) 0.000 0.000 0.000 -0.000 0.000
4 CH4(2) + 2 X(1) <=> CH3X(21) + HX(19) 0.002 0.000 0.003 -0.003 0.000
5 C2H6(8) + 2 X(1) <=> 2 CH3X(21) -0.000 -0.001 -0.001 0.001 -0.000
6 CH3(10) + X(1) <=> CH3X(21) 0.020 -0.023 -0.003 0.056 -0.024
7 H2(6) + X(1) <=> H2X(49) -0.000 0.000 0.000 0.000 -0.000
8 C2H6(8) + X(1) <=> C2H6X(52) 0.000 -0.000 -0.000 0.000 0.000
9 CH4(2) + OX(20) + X(1) <=> CH3X(21) + HOX(22) 0.002 0.001 0.003 -0.002 0.001
10 CH4(2) + HOX(22) + X(1) <=> CH3X(21) + H2OX(23) 0.259 0.188 0.446 -0.942 0.177
11 H2O(5) + X(1) <=> H2OX(23) 0.000 0.000 0.000 0.000 -0.000
12 CO2(4) + X(1) <=> CO2X(24) 0.000 0.000 0.000 -0.000 0.000
13 CO(7) + X(1) <=> OCX(25) 0.000 -0.000 -0.000 -0.000 0.000
14 CX(26) + OX(20) <=> OCX(25) + X(1) 0.000 0.000 0.000 -1.000 -0.000
15 OCX(25) + OX(20) <=> CO2X(24) + X(1) -0.000 0.000 0.000 0.000 -0.000
16 CO2X(24) + HX(19) <=> HOX(22) + OCX(25) 0.000 0.000 0.000 0.990 0.000
17 CH2X(27) + HX(19) <=> CH3X(21) + X(1) -0.000 -0.000 -0.000 -0.000 -0.000
18 CHX(28) + HX(19) <=> CH2X(27) + X(1) 0.000 0.000 0.000 -0.000 0.000
19 CHX(28) + X(1) <=> CX(26) + HX(19) 0.000 -0.000 -0.000 -0.000 0.000
20 HX(19) + OX(20) <=> HOX(22) + X(1) 1.136 0.830 1.957 -1.116 0.781
21 H2OX(23) + OX(20) <=> 2 HOX(22) -0.130 -0.094 -0.224 -0.030 -0.088
22 CX(26) + H2(6) <=> CH2X(27) 0.000 0.000 0.000 -0.000 0.000
23 HOX(22) + HX(19) <=> H2OX(23) + X(1) 0.000 0.000 0.000 -0.000 0.000
Finished sensitivity simulation for a C/O ratio of 2.4
Finished translating for C/O ratio of 2.4
Starting sensitivity simulation for a C/O ratio of 1.3
0 CH4(2) + X(1) <=> CH4X(48) 0.000 -0.000 -0.000 0.000 0.000
1 O2(3) + 2 X(1) <=> 2 OX(20) 0.000 -0.000 -0.000 0.000 0.000
2 H2(6) + 2 X(1) <=> 2 HX(19) 0.001 0.001 0.002 -0.000 0.001
3 H(12) + X(1) <=> HX(19) 0.000 -0.000 -0.000 -0.000 0.000
4 CH4(2) + 2 X(1) <=> CH3X(21) + HX(19) 0.003 -0.001 0.002 -0.002 -0.001
5 C2H6(8) + 2 X(1) <=> 2 CH3X(21) -0.000 -0.000 -0.001 0.001 -0.000
6 CH3(10) + X(1) <=> CH3X(21) 0.024 -0.035 -0.011 0.083 -0.035
7 H2(6) + X(1) <=> H2X(49) -0.000 -0.000 -0.000 0.000 -0.000
8 C2H6(8) + X(1) <=> C2H6X(52) 0.000 -0.000 -0.000 0.000 0.000
9 CH4(2) + OX(20) + X(1) <=> CH3X(21) + HOX(22) 0.002 0.001 0.003 -0.002 0.001
10 CH4(2) + HOX(22) + X(1) <=> CH3X(21) + H2OX(23) 0.302 0.214 0.515 -0.876 0.207
11 H2O(5) + X(1) <=> H2OX(23) 0.000 -0.000 -0.000 -0.000 0.000
12 CO2(4) + X(1) <=> CO2X(24) 0.000 -0.000 -0.000 -0.000 0.000
13 CO(7) + X(1) <=> OCX(25) 0.000 -0.000 -0.000 -0.000 0.000
14 CX(26) + OX(20) <=> OCX(25) + X(1) -0.000 -0.000 -0.000 -1.000 -0.000
15 OCX(25) + OX(20) <=> CO2X(24) + X(1) 0.000 -0.000 -0.000 -0.000 0.000
16 CO2X(24) + HX(19) <=> HOX(22) + OCX(25) 0.000 -0.000 -0.000 0.990 0.000
17 CH2X(27) + HX(19) <=> CH3X(21) + X(1) 0.000 -0.000 -0.000 0.000 0.000
18 CHX(28) + HX(19) <=> CH2X(27) + X(1) 0.000 -0.000 -0.000 -0.000 0.000
19 CHX(28) + X(1) <=> CX(26) + HX(19) 0.000 -0.000 -0.000 -0.000 0.000
20 HX(19) + OX(20) <=> HOX(22) + X(1) 1.209 0.861 2.060 -1.281 0.834
21 H2OX(23) + OX(20) <=> 2 HOX(22) -0.151 -0.107 -0.258 -0.063 -0.103
22 CX(26) + H2(6) <=> CH2X(27) 0.000 0.000 0.000 0.000 0.000
23 HOX(22) + HX(19) <=> H2OX(23) + X(1) 0.000 0.000 0.000 -0.000 0.000
Finished sensitivity simulation for a C/O ratio of 1.3
Finished translating for C/O ratio of 1.3
Starting sensitivity simulation for a C/O ratio of 1.6
0 CH4(2) + X(1) <=> CH4X(48) -0.000 0.000 0.000 -0.000 -0.000
1 O2(3) + 2 X(1) <=> 2 OX(20) -0.000 0.000 0.000 -0.000 -0.000
2 H2(6) + 2 X(1) <=> 2 HX(19) 0.001 0.001 0.002 -0.000 0.001
3 H(12) + X(1) <=> HX(19) -0.000 -0.000 -0.000 -0.000 -0.000
4 CH4(2) + 2 X(1) <=> CH3X(21) + HX(19) 0.003 -0.000 0.002 -0.002 -0.000
5 C2H6(8) + 2 X(1) <=> 2 CH3X(21) -0.000 -0.000 -0.001 0.001 -0.000
6 CH3(10) + X(1) <=> CH3X(21) 0.023 -0.031 -0.008 0.074 -0.031
7 H2(6) + X(1) <=> H2X(49) -0.000 0.000 0.000 -0.000 -0.000
8 C2H6(8) + X(1) <=> C2H6X(52) -0.000 -0.000 -0.000 -0.000 -0.000
9 CH4(2) + OX(20) + X(1) <=> CH3X(21) + HOX(22) 0.002 0.001 0.003 -0.002 0.001
10 CH4(2) + HOX(22) + X(1) <=> CH3X(21) + H2OX(23) 0.291 0.208 0.498 -0.904 0.199
11 H2O(5) + X(1) <=> H2OX(23) -0.000 -0.000 -0.000 -0.000 -0.000
12 CO2(4) + X(1) <=> CO2X(24) -0.000 -0.000 -0.000 0.000 -0.000
13 CO(7) + X(1) <=> OCX(25) -0.000 0.000 0.000 -0.000 -0.000
14 CX(26) + OX(20) <=> OCX(25) + X(1) -0.000 0.000 0.000 -1.000 -0.000
15 OCX(25) + OX(20) <=> CO2X(24) + X(1) -0.000 -0.000 -0.000 -0.000 -0.000
16 CO2X(24) + HX(19) <=> HOX(22) + OCX(25) -0.000 0.000 0.000 0.990 -0.000
17 CH2X(27) + HX(19) <=> CH3X(21) + X(1) -0.000 0.000 0.000 -0.000 -0.000
18 CHX(28) + HX(19) <=> CH2X(27) + X(1) -0.000 0.000 0.000 0.000 -0.000
19 CHX(28) + X(1) <=> CX(26) + HX(19) -0.000 0.000 0.000 0.000 -0.000
20 HX(19) + OX(20) <=> HOX(22) + X(1) 1.185 0.850 2.024 -1.227 0.816
21 H2OX(23) + OX(20) <=> 2 HOX(22) -0.146 -0.104 -0.249 -0.049 -0.100
22 CX(26) + H2(6) <=> CH2X(27) -0.000 0.000 0.000 -0.000 -0.000
23 HOX(22) + HX(19) <=> H2OX(23) + X(1) 0.000 0.000 0.000 -0.000 0.000
Finished sensitivity simulation for a C/O ratio of 1.6
Finished translating for C/O ratio of 1.6
Starting sensitivity simulation for a C/O ratio of 1.4
0 CH4(2) + X(1) <=> CH4X(48) 0.000 -0.000 -0.000 -0.000 0.000
1 O2(3) + 2 X(1) <=> 2 OX(20) 0.000 -0.000 -0.000 -0.000 0.000
2 H2(6) + 2 X(1) <=> 2 HX(19) 0.001 0.001 0.002 -0.000 0.001
3 H(12) + X(1) <=> HX(19) -0.000 -0.000 -0.000 -0.000 0.000
4 CH4(2) + 2 X(1) <=> CH3X(21) + HX(19) 0.003 -0.000 0.002 -0.002 -0.000
5 C2H6(8) + 2 X(1) <=> 2 CH3X(21) -0.000 -0.000 -0.001 0.001 -0.000
6 CH3(10) + X(1) <=> CH3X(21) 0.023 -0.033 -0.010 0.080 -0.034
7 H2(6) + X(1) <=> H2X(49) 0.000 -0.000 -0.000 -0.000 0.000
8 C2H6(8) + X(1) <=> C2H6X(52) 0.000 -0.000 -0.000 -0.000 -0.000
9 CH4(2) + OX(20) + X(1) <=> CH3X(21) + HOX(22) 0.002 0.001 0.003 -0.002 0.001
10 CH4(2) + HOX(22) + X(1) <=> CH3X(21) + H2OX(23) 0.299 0.212 0.510 -0.886 0.205
11 H2O(5) + X(1) <=> H2OX(23) -0.000 -0.000 -0.000 -0.000 0.000
12 CO2(4) + X(1) <=> CO2X(24) 0.000 -0.000 -0.000 -0.000 0.000
13 CO(7) + X(1) <=> OCX(25) 0.000 -0.000 -0.000 -0.000 0.000
14 CX(26) + OX(20) <=> OCX(25) + X(1) -0.000 -0.000 -0.000 -1.000 -0.000
15 OCX(25) + OX(20) <=> CO2X(24) + X(1) 0.000 -0.000 -0.000 0.000 0.000
16 CO2X(24) + HX(19) <=> HOX(22) + OCX(25) 0.000 -0.000 -0.000 0.990 0.000
17 CH2X(27) + HX(19) <=> CH3X(21) + X(1) -0.000 -0.000 -0.000 -0.000 -0.000
18 CHX(28) + HX(19) <=> CH2X(27) + X(1) -0.000 -0.000 -0.000 -0.000 -0.000
19 CHX(28) + X(1) <=> CX(26) + HX(19) 0.000 -0.000 -0.000 -0.000 0.000
20 HX(19) + OX(20) <=> HOX(22) + X(1) 1.200 0.857 2.047 -1.262 0.828
21 H2OX(23) + OX(20) <=> 2 HOX(22) -0.149 -0.106 -0.255 -0.058 -0.102
22 CX(26) + H2(6) <=> CH2X(27) 0.000 -0.000 -0.000 -0.000 0.000
23 HOX(22) + HX(19) <=> H2OX(23) + X(1) 0.000 0.000 0.000 -0.000 0.000
Finished sensitivity simulation for a C/O ratio of 1.4
Finished translating for C/O ratio of 1.4
Starting sensitivity simulation for a C/O ratio of 0.9
0 CH4(2) + X(1) <=> CH4X(48) 0.000 -0.000 -0.000 -0.000 0.000
1 O2(3) + 2 X(1) <=> 2 OX(20) 0.000 -0.000 -0.000 -0.000 0.000
2 H2(6) + 2 X(1) <=> 2 HX(19) 0.001 0.001 0.002 -0.000 0.001
3 H(12) + X(1) <=> HX(19) 0.000 0.000 0.000 -0.000 0.000
4 CH4(2) + 2 X(1) <=> CH3X(21) + HX(19) 0.003 -0.001 0.001 -0.001 -0.001
5 C2H6(8) + 2 X(1) <=> 2 CH3X(21) -0.000 -0.000 -0.000 0.000 -0.000
6 CH3(10) + X(1) <=> CH3X(21) 0.026 -0.041 -0.016 0.097 -0.042
7 H2(6) + X(1) <=> H2X(49) 0.000 -0.000 -0.000 -0.000 0.000
8 C2H6(8) + X(1) <=> C2H6X(52) 0.000 0.000 0.000 -0.000 0.000
9 CH4(2) + OX(20) + X(1) <=> CH3X(21) + HOX(22) 0.001 0.001 0.002 -0.001 0.001
10 CH4(2) + HOX(22) + X(1) <=> CH3X(21) + H2OX(23) 0.310 0.217 0.526 -0.812 0.212
11 H2O(5) + X(1) <=> H2OX(23) 0.000 0.000 0.000 0.000 0.000
12 CO2(4) + X(1) <=> CO2X(24) 0.000 0.000 0.000 -0.000 0.000
13 CO(7) + X(1) <=> OCX(25) 0.000 0.000 0.000 -0.000 0.000
14 CX(26) + OX(20) <=> OCX(25) + X(1) 0.000 -0.000 -0.000 -1.000 0.000
15 OCX(25) + OX(20) <=> CO2X(24) + X(1) 0.000 0.000 0.000 -0.000 0.000
16 CO2X(24) + HX(19) <=> HOX(22) + OCX(25) 0.000 0.000 0.000 0.990 0.000
17 CH2X(27) + HX(19) <=> CH3X(21) + X(1) -0.000 -0.000 -0.000 -0.000 -0.000
18 CHX(28) + HX(19) <=> CH2X(27) + X(1) 0.000 0.000 0.000 -0.000 0.000
19 CHX(28) + X(1) <=> CX(26) + HX(19) 0.000 -0.000 -0.000 -0.000 0.000
20 HX(19) + OX(20) <=> HOX(22) + X(1) 1.253 0.883 2.124 -1.374 0.865
21 H2OX(23) + OX(20) <=> 2 HOX(22) -0.155 -0.108 -0.263 -0.095 -0.106
22 CX(26) + H2(6) <=> CH2X(27) 0.000 0.000 0.000 0.000 -0.000
23 HOX(22) + HX(19) <=> H2OX(23) + X(1) 0.000 0.000 0.000 -0.000 0.000
Finished sensitivity simulation for a C/O ratio of 0.9
Finished translating for C/O ratio of 0.9
