This mechanism contains 38 gas reactions and 42 surface reactions
Finished simulation at a C/O ratio of 0.7
Finished simulation at a C/O ratio of 0.6
Finished simulation at a C/O ratio of 0.8
Finished simulation at a C/O ratio of 1.2
Finished simulation at a C/O ratio of 0.9
Finished simulation at a C/O ratio of 1.6
Finished simulation at a C/O ratio of 2.0
Finished simulation at a C/O ratio of 1.0
Finished simulation at a C/O ratio of 1.8
Finished simulation at a C/O ratio of 2.6
Finished simulation at a C/O ratio of 2.4
Finished simulation at a C/O ratio of 1.3
Finished simulation at a C/O ratio of 1.4
Finished simulation at a C/O ratio of 2.2
Finished simulation at a C/O ratio of 1.1
Starting thermo sensitivity simulation for a C/O ratio of 0.7
0 X(1) -0.001 -0.001 -0.002 -0.002 -0.001
1 HX(19) -0.000 -0.000 -0.000 -0.000 0.000
2 OX(20) -0.001 -0.001 -0.002 -0.001 -0.001
3 CH3X(21) 0.000 -0.000 -0.000 -0.000 0.000
4 HOX(22) 0.001 0.001 0.002 0.001 0.001
5 H2OX(23) 0.000 0.000 0.000 0.000 0.000
6 CO2X(24) -0.000 -0.000 -0.000 -0.000 0.000
7 OCX(25) -0.000 -0.000 -0.000 -0.000 0.000
8 CX(26) 0.000 -0.000 -0.000 -0.000 0.000
9 CH2X(27) 0.001 0.001 0.002 0.002 0.001
10 CHX(28) 0.000 0.000 0.000 -0.000 0.000
11 CH4X(48) 0.000 -0.000 -0.000 -0.000 0.000
12 H2X(49) 0.000 -0.000 -0.000 -0.000 0.000
13 COX(50) 0.000 -0.000 -0.000 0.000 0.000
14 CHOX(53) 0.000 0.000 0.000 -0.000 0.000
15 C2H4X(210) 0.000 -0.000 -0.000 -0.000 0.000
Finished thermo sensitivity simulation for a C/O ratio of 0.7
Starting thermo sensitivity simulation for a C/O ratio of 1.2
0 X(1) -0.001 -0.001 -0.002 -0.001 -0.001
1 HX(19) -0.000 -0.000 -0.001 -0.000 0.000
2 OX(20) -0.000 -0.001 -0.001 -0.001 -0.001
3 CH3X(21) 0.000 -0.000 -0.000 -0.000 0.000
4 HOX(22) 0.001 0.001 0.002 0.001 0.001
5 H2OX(23) 0.000 0.000 0.000 0.000 0.000
6 CO2X(24) -0.000 -0.000 -0.001 -0.000 0.000
7 OCX(25) -0.000 -0.000 -0.000 -0.000 0.000
8 CX(26) 0.000 0.000 0.000 0.000 -0.000
9 CH2X(27) 0.001 0.001 0.002 0.001 0.001
10 CHX(28) 0.000 0.000 0.000 0.000 -0.000
11 CH4X(48) 0.000 -0.000 -0.000 -0.000 -0.000
12 H2X(49) 0.000 0.000 0.000 0.000 0.000
13 COX(50) 0.000 0.000 0.000 0.000 0.000
14 CHOX(53) 0.000 0.000 0.000 0.000 -0.000
15 C2H4X(210) -0.000 -0.000 -0.000 0.000 0.000
Finished thermo sensitivity simulation for a C/O ratio of 1.2
Starting thermo sensitivity simulation for a C/O ratio of 1.6
0 X(1) -0.000 -0.001 -0.001 -0.001 -0.001
1 HX(19) -0.000 -0.000 -0.001 -0.000 0.000
2 OX(20) -0.000 -0.001 -0.001 -0.001 -0.001
3 CH3X(21) 0.000 -0.000 -0.000 -0.000 0.000
4 HOX(22) 0.001 0.001 0.002 0.001 0.001
5 H2OX(23) 0.000 0.000 0.001 0.000 0.000
6 CO2X(24) -0.001 -0.001 -0.001 -0.001 0.000
7 OCX(25) -0.000 -0.000 -0.000 -0.000 0.000
8 CX(26) -0.000 0.000 0.000 -0.000 0.000
9 CH2X(27) 0.001 0.001 0.002 0.001 0.001
10 CHX(28) -0.000 -0.000 -0.000 -0.000 0.000
11 CH4X(48) 0.000 -0.000 -0.000 -0.000 0.000
12 H2X(49) -0.000 -0.000 -0.000 -0.000 0.000
13 COX(50) 0.000 0.000 0.000 -0.000 0.000
14 CHOX(53) 0.000 -0.000 -0.000 -0.000 0.000
15 C2H4X(210) -0.000 -0.000 -0.000 -0.000 0.000
Finished thermo sensitivity simulation for a C/O ratio of 1.6
Starting thermo sensitivity simulation for a C/O ratio of 1.8
0 X(1) -0.000 -0.001 -0.001 -0.001 -0.002
1 HX(19) -0.001 -0.000 -0.001 -0.000 0.000
2 OX(20) -0.000 -0.001 -0.001 -0.001 -0.001
3 CH3X(21) 0.000 -0.000 0.000 -0.000 -0.000
4 HOX(22) 0.001 0.001 0.002 0.001 0.001
5 H2OX(23) 0.000 0.000 0.001 0.000 0.000
6 CO2X(24) -0.001 -0.001 -0.001 -0.001 0.000
7 OCX(25) -0.000 -0.000 -0.000 -0.000 -0.000
8 CX(26) -0.000 0.000 0.000 -0.000 -0.000
9 CH2X(27) 0.001 0.001 0.002 0.001 0.001
10 CHX(28) -0.000 0.000 0.000 -0.000 -0.000
11 CH4X(48) 0.000 -0.000 -0.000 -0.000 -0.000
12 H2X(49) -0.000 0.000 -0.000 0.000 -0.000
13 COX(50) -0.000 0.000 -0.000 0.000 -0.000
14 CHOX(53) -0.000 0.000 0.000 -0.000 -0.000
15 C2H4X(210) -0.000 0.000 -0.000 -0.000 -0.000
Finished thermo sensitivity simulation for a C/O ratio of 1.8
Starting thermo sensitivity simulation for a C/O ratio of 2.2
0 X(1) -0.000 -0.001 -0.001 -0.001 -0.002
1 HX(19) -0.001 -0.000 -0.001 -0.000 0.001
2 OX(20) -0.000 -0.001 -0.001 -0.001 -0.001
3 CH3X(21) 0.000 -0.000 0.000 -0.000 0.000
4 HOX(22) 0.001 0.001 0.002 0.001 0.001
5 H2OX(23) 0.000 0.000 0.001 0.000 0.000
6 CO2X(24) -0.001 -0.001 -0.002 -0.001 0.000
7 OCX(25) -0.000 -0.000 -0.000 -0.000 0.000
8 CX(26) 0.000 0.000 0.000 0.000 0.000
9 CH2X(27) 0.001 0.001 0.002 0.001 0.001
10 CHX(28) 0.000 0.000 0.000 0.000 0.000
11 CH4X(48) 0.000 -0.000 -0.000 -0.000 -0.000
12 H2X(49) 0.000 0.000 0.000 0.000 0.000
13 COX(50) 0.000 0.000 0.000 0.000 0.000
14 CHOX(53) 0.000 0.000 0.000 0.000 0.000
15 C2H4X(210) 0.000 0.000 0.000 0.000 0.000
Finished thermo sensitivity simulation for a C/O ratio of 2.2
Starting thermo sensitivity simulation for a C/O ratio of 0.9
0 X(1) -0.001 -0.001 -0.002 -0.001 -0.001
1 HX(19) -0.000 -0.000 -0.000 -0.000 0.000
2 OX(20) -0.000 -0.001 -0.001 -0.001 -0.001
3 CH3X(21) 0.000 -0.000 -0.000 -0.000 0.000
4 HOX(22) 0.001 0.001 0.002 0.001 0.001
5 H2OX(23) 0.000 0.000 0.000 0.000 0.000
6 CO2X(24) -0.000 -0.000 -0.001 -0.000 0.000
7 OCX(25) -0.000 -0.000 -0.000 -0.000 0.000
8 CX(26) -0.000 0.000 0.000 0.000 0.000
9 CH2X(27) 0.001 0.001 0.002 0.002 0.001
10 CHX(28) -0.000 0.000 0.000 0.000 0.000
11 CH4X(48) 0.000 -0.000 -0.000 -0.000 0.000
12 H2X(49) -0.000 0.000 0.000 -0.000 0.000
13 COX(50) -0.000 0.000 0.000 0.000 0.000
14 CHOX(53) -0.000 -0.000 -0.000 0.000 0.000
15 C2H4X(210) -0.000 0.000 0.000 0.000 0.000
Finished thermo sensitivity simulation for a C/O ratio of 0.9
Starting thermo sensitivity simulation for a C/O ratio of 2.4
0 X(1) -0.000 -0.001 -0.001 -0.001 -0.002
1 HX(19) -0.001 -0.001 -0.001 -0.000 0.001
2 OX(20) -0.000 -0.001 -0.001 -0.001 -0.001
3 CH3X(21) 0.000 -0.000 0.000 -0.000 -0.000
4 HOX(22) 0.001 0.001 0.002 0.001 0.001
5 H2OX(23) 0.000 0.000 0.001 0.000 0.000
6 CO2X(24) -0.001 -0.001 -0.002 -0.001 0.000
7 OCX(25) -0.000 -0.000 -0.000 -0.000 -0.000
8 CX(26) -0.000 -0.000 -0.000 0.000 -0.000
9 CH2X(27) 0.001 0.001 0.002 0.001 0.001
10 CHX(28) -0.000 -0.000 -0.000 0.000 -0.000
11 CH4X(48) 0.000 -0.000 -0.000 -0.000 -0.000
12 H2X(49) -0.000 0.000 0.000 0.000 -0.000
13 COX(50) -0.000 0.000 -0.000 0.000 -0.000
14 CHOX(53) -0.000 0.000 -0.000 0.000 -0.000
15 C2H4X(210) -0.000 0.000 -0.000 0.000 -0.000
Finished thermo sensitivity simulation for a C/O ratio of 2.4
Starting thermo sensitivity simulation for a C/O ratio of 2.6
0 X(1) -0.000 -0.001 -0.001 -0.001 -0.002
1 HX(19) -0.001 -0.001 -0.001 -0.000 0.001
2 OX(20) 0.000 -0.001 -0.001 -0.001 -0.002
3 CH3X(21) 0.000 -0.000 0.000 -0.000 -0.000
4 HOX(22) 0.001 0.001 0.002 0.001 0.001
5 H2OX(23) 0.000 0.000 0.001 0.000 0.000
6 CO2X(24) -0.001 -0.001 -0.002 -0.001 0.000
7 OCX(25) -0.000 -0.000 -0.000 -0.000 -0.000
8 CX(26) 0.000 -0.000 -0.000 0.000 -0.000
9 CH2X(27) 0.001 0.001 0.002 0.002 0.002
10 CHX(28) -0.000 -0.000 -0.000 0.000 -0.000
11 CH4X(48) 0.000 -0.000 -0.000 -0.000 -0.000
12 H2X(49) -0.000 -0.000 -0.000 0.000 -0.000
13 COX(50) -0.000 -0.000 -0.000 0.000 -0.000
14 CHOX(53) -0.000 -0.000 -0.000 0.000 -0.000
15 C2H4X(210) -0.000 -0.000 -0.000 0.000 -0.000
Finished thermo sensitivity simulation for a C/O ratio of 2.6
Starting thermo sensitivity simulation for a C/O ratio of 0.6
0 X(1) -0.001 -0.001 -0.002 -0.002 -0.001
1 HX(19) -0.000 -0.000 -0.000 -0.000 0.000
2 OX(20) -0.001 -0.001 -0.002 -0.001 -0.001
3 CH3X(21) 0.000 -0.000 -0.000 -0.000 0.000
4 HOX(22) 0.001 0.001 0.002 0.001 0.001
5 H2OX(23) 0.000 0.000 0.000 0.000 0.000
6 CO2X(24) -0.000 -0.000 -0.000 -0.000 0.000
7 OCX(25) -0.000 -0.000 -0.000 -0.000 -0.000
8 CX(26) -0.000 0.000 0.000 0.000 0.000
9 CH2X(27) 0.001 0.001 0.002 0.002 0.001
10 CHX(28) 0.000 0.000 0.000 0.000 -0.000
11 CH4X(48) 0.000 -0.000 -0.000 -0.000 -0.000
12 H2X(49) -0.000 -0.000 -0.000 0.000 0.000
13 COX(50) -0.000 0.000 0.000 0.000 -0.000
14 CHOX(53) 0.000 0.000 0.000 -0.000 -0.000
15 C2H4X(210) -0.000 0.000 0.000 0.000 -0.000
Finished thermo sensitivity simulation for a C/O ratio of 0.6
Starting thermo sensitivity simulation for a C/O ratio of 1.1
0 X(1) -0.001 -0.001 -0.002 -0.001 -0.001
1 HX(19) -0.000 -0.000 -0.000 -0.000 0.000
2 OX(20) -0.000 -0.001 -0.001 -0.001 -0.001
3 CH3X(21) 0.000 -0.000 -0.000 -0.000 -0.000
4 HOX(22) 0.001 0.001 0.002 0.001 0.001
5 H2OX(23) 0.000 0.000 0.000 0.000 0.000
6 CO2X(24) -0.000 -0.000 -0.001 -0.000 0.000
7 OCX(25) -0.000 -0.000 -0.000 -0.000 -0.000
8 CX(26) 0.000 0.000 0.000 -0.000 -0.000
9 CH2X(27) 0.001 0.001 0.002 0.002 0.001
10 CHX(28) 0.000 -0.000 -0.000 -0.000 -0.000
11 CH4X(48) 0.000 -0.000 -0.000 -0.000 -0.000
12 H2X(49) 0.000 -0.000 0.000 -0.000 -0.000
13 COX(50) 0.000 -0.000 0.000 -0.000 -0.000
14 CHOX(53) 0.000 -0.000 0.000 -0.000 -0.000
15 C2H4X(210) 0.000 0.000 0.000 -0.000 -0.000
Finished thermo sensitivity simulation for a C/O ratio of 1.1
Starting thermo sensitivity simulation for a C/O ratio of 1.0
0 X(1) -0.001 -0.001 -0.002 -0.001 -0.001
1 HX(19) -0.000 -0.000 -0.000 -0.000 0.000
2 OX(20) -0.000 -0.001 -0.001 -0.001 -0.001
3 CH3X(21) 0.000 -0.000 -0.000 -0.000 -0.000
4 HOX(22) 0.001 0.001 0.002 0.001 0.001
5 H2OX(23) 0.000 0.000 0.000 0.000 0.000
6 CO2X(24) -0.000 -0.000 -0.001 -0.000 0.000
7 OCX(25) -0.000 -0.000 -0.000 -0.000 -0.000
8 CX(26) -0.000 -0.000 -0.000 -0.000 -0.000
9 CH2X(27) 0.001 0.001 0.002 0.002 0.001
10 CHX(28) -0.000 -0.000 -0.000 -0.000 -0.000
11 CH4X(48) 0.000 -0.000 -0.000 -0.000 -0.000
12 H2X(49) -0.000 -0.000 -0.000 0.000 -0.000
13 COX(50) -0.000 0.000 -0.000 -0.000 -0.000
14 CHOX(53) -0.000 -0.000 -0.000 -0.000 -0.000
15 C2H4X(210) -0.000 -0.000 -0.000 -0.000 -0.000
Finished thermo sensitivity simulation for a C/O ratio of 1.0
Starting thermo sensitivity simulation for a C/O ratio of 2.0
0 X(1) -0.000 -0.001 -0.001 -0.001 -0.002
1 HX(19) -0.001 -0.000 -0.001 -0.000 0.000
2 OX(20) -0.000 -0.001 -0.001 -0.001 -0.001
3 CH3X(21) 0.000 -0.000 0.000 -0.000 -0.000
4 HOX(22) 0.001 0.001 0.002 0.001 0.001
5 H2OX(23) 0.000 0.000 0.001 0.000 0.000
6 CO2X(24) -0.001 -0.001 -0.002 -0.001 0.000
7 OCX(25) -0.000 -0.000 -0.000 -0.000 -0.000
8 CX(26) 0.000 0.000 0.000 0.000 -0.000
9 CH2X(27) 0.001 0.001 0.002 0.001 0.001
10 CHX(28) 0.000 0.000 0.000 0.000 -0.000
11 CH4X(48) 0.000 -0.000 -0.000 -0.000 -0.000
12 H2X(49) 0.000 0.000 0.000 0.000 -0.000
13 COX(50) -0.000 0.000 0.000 0.000 -0.000
14 CHOX(53) 0.000 0.000 0.000 0.000 -0.000
15 C2H4X(210) 0.000 0.000 0.000 0.000 -0.000
Finished thermo sensitivity simulation for a C/O ratio of 2.0
Starting thermo sensitivity simulation for a C/O ratio of 1.3
0 X(1) -0.000 -0.001 -0.002 -0.001 -0.001
1 HX(19) -0.000 -0.000 -0.001 -0.000 0.000
2 OX(20) -0.000 -0.001 -0.001 -0.001 -0.001
3 CH3X(21) 0.000 -0.000 -0.000 -0.000 -0.000
4 HOX(22) 0.001 0.001 0.002 0.001 0.001
5 H2OX(23) 0.000 0.000 0.000 0.000 0.000
6 CO2X(24) -0.001 -0.000 -0.001 -0.000 0.000
7 OCX(25) -0.000 -0.000 -0.000 -0.000 -0.000
8 CX(26) 0.000 0.000 0.000 -0.000 -0.000
9 CH2X(27) 0.001 0.001 0.002 0.001 0.001
10 CHX(28) -0.000 -0.000 -0.000 -0.000 -0.000
11 CH4X(48) 0.000 -0.000 -0.000 -0.000 -0.000
12 H2X(49) -0.000 0.000 0.000 -0.000 -0.000
13 COX(50) 0.000 -0.000 0.000 -0.000 -0.000
14 CHOX(53) 0.000 0.000 0.000 -0.000 -0.000
15 C2H4X(210) 0.000 0.000 0.000 -0.000 -0.000
Finished thermo sensitivity simulation for a C/O ratio of 1.3
Starting thermo sensitivity simulation for a C/O ratio of 1.4
0 X(1) -0.000 -0.001 -0.001 -0.001 -0.001
1 HX(19) -0.000 -0.000 -0.001 -0.000 0.000
2 OX(20) -0.000 -0.001 -0.001 -0.001 -0.001
3 CH3X(21) 0.000 -0.000 -0.000 -0.000 0.000
4 HOX(22) 0.001 0.001 0.002 0.001 0.001
5 H2OX(23) 0.000 0.000 0.001 0.000 0.000
6 CO2X(24) -0.001 -0.001 -0.001 -0.001 0.000
7 OCX(25) -0.000 -0.000 -0.000 -0.000 0.000
8 CX(26) -0.000 -0.000 -0.000 0.000 0.000
9 CH2X(27) 0.001 0.001 0.002 0.001 0.001
10 CHX(28) -0.000 0.000 -0.000 0.000 -0.000
11 CH4X(48) 0.000 -0.000 -0.000 -0.000 -0.000
12 H2X(49) -0.000 0.000 0.000 0.000 -0.000
13 COX(50) -0.000 -0.000 -0.000 0.000 0.000
14 CHOX(53) -0.000 -0.000 -0.000 0.000 0.000
15 C2H4X(210) -0.000 -0.000 -0.000 0.000 -0.000
Finished thermo sensitivity simulation for a C/O ratio of 1.4
Starting thermo sensitivity simulation for a C/O ratio of 0.8
0 X(1) -0.001 -0.001 -0.002 -0.001 -0.001
1 HX(19) -0.000 -0.000 -0.000 -0.000 0.000
2 OX(20) -0.000 -0.001 -0.002 -0.001 -0.001
3 CH3X(21) 0.000 -0.000 -0.000 -0.000 -0.000
4 HOX(22) 0.001 0.001 0.002 0.001 0.001
5 H2OX(23) 0.000 0.000 0.000 0.000 0.000
6 CO2X(24) -0.000 -0.000 -0.001 -0.000 0.000
7 OCX(25) -0.000 -0.000 -0.000 -0.000 0.000
8 CX(26) 0.000 -0.000 -0.000 -0.000 0.000
9 CH2X(27) 0.001 0.001 0.002 0.002 0.001
10 CHX(28) 0.000 -0.000 0.000 -0.000 -0.000
11 CH4X(48) 0.000 -0.000 -0.000 -0.000 0.000
12 H2X(49) 0.000 -0.000 -0.000 -0.000 -0.000
13 COX(50) 0.000 -0.000 0.000 -0.000 0.000
14 CHOX(53) 0.000 -0.000 0.000 -0.000 0.000
15 C2H4X(210) 0.000 0.000 0.000 0.000 -0.000
Finished thermo sensitivity simulation for a C/O ratio of 0.8
Starting sensitivity simulation for a C/O ratio of 0.6
0 CH4(2) + X(1) <=> CH4X(48) -0.000 0.000 0.000 0.000 -0.000
1 O2(3) + 2 X(1) <=> 2 OX(20) -0.385 0.501 0.118 0.437 1.552
2 H2(6) + 2 X(1) <=> 2 HX(19) -0.000 -0.000 -0.000 0.000 0.000
3 H(12) + X(1) <=> HX(19) 0.000 -0.000 0.000 0.000 0.000
4 HX(19) + OX(20) <=> HOX(22) + X(1) 0.000 0.000 0.000 0.000 0.000
5 H2O(5) + 2 X(1) <=> HOX(22) + HX(19) -0.000 -0.000 -0.000 -0.000 0.000
6 OH(17) + X(1) <=> HOX(22) 0.000 -0.000 0.000 -0.000 -0.000
7 CH4(2) + 2 X(1) <=> CH3X(21) + HX(19) 0.000 -0.000 -0.000 -0.000 -0.000
8 CH4(2) + OX(20) + X(1) <=> CH3X(21) + HOX(22) 0.654 -0.962 -0.302 -0.826 -2.914
9 C2H6(8) + 2 X(1) <=> 2 CH3X(21) 0.272 0.410 0.682 0.497 0.562
10 CH3(10) + X(1) <=> CH3X(21) 0.001 0.001 0.002 0.001 -0.962
11 CH3OH(14) + 2 X(1) <=> CH3X(21) + HOX(22) 0.030 0.013 0.042 0.018 0.059
12 CH4(2) + HOX(22) + X(1) <=> CH3X(21) + H2OX(23) 0.000 -0.000 -0.000 -0.000 -0.000
13 H2O(5) + X(1) <=> H2OX(23) -0.000 -0.000 -0.000 -0.000 -0.000
14 H2OX(23) + OX(20) <=> 2 HOX(22) -0.057 -0.100 -0.157 -0.097 -0.116
15 HOX(22) + HX(19) <=> H2OX(23) + X(1) -0.000 0.000 0.000 0.000 -0.000
16 CH2X(27) + HX(19) <=> CH3X(21) + X(1) -0.051 -0.088 -0.140 -0.105 -0.042
17 CH2X(27) + HOX(22) <=> CH3X(21) + OX(20) -0.476 -0.821 -1.301 -0.976 -0.390
18 CHX(28) + HX(19) <=> CH2X(27) + X(1) -0.000 -0.000 -0.000 -0.000 0.000
19 CHX(28) + HOX(22) <=> CH2X(27) + OX(20) 0.000 0.000 0.000 0.000 0.000
20 2 CH2X(27) <=> CH3X(21) + CHX(28) 0.000 0.000 0.000 0.000 0.000
21 CHX(28) + X(1) <=> CX(26) + HX(19) -0.000 0.000 0.000 0.000 -0.000
22 CX(26) + H2(6) <=> CH2X(27) -0.000 0.000 0.000 0.000 -0.000
23 CX(26) + HOX(22) <=> CHX(28) + OX(20) -0.000 0.000 0.000 0.000 -0.000
24 CH3X(21) + CX(26) <=> CH2X(27) + CHX(28) -0.000 -0.000 -0.000 -0.000 0.000
25 CH2X(27) + CX(26) <=> 2 CHX(28) -0.000 0.000 0.000 0.000 0.000
26 CO(7) + X(1) <=> OCX(25) -0.015 -0.013 -0.029 -0.013 0.004
27 CX(26) + OX(20) <=> OCX(25) + X(1) 0.000 0.000 0.000 0.000 0.000
28 H2(6) + X(1) <=> H2X(49) 0.000 -0.000 -0.000 0.000 0.000
29 CO(7) + X(1) <=> COX(50) -0.000 -0.000 -0.000 0.000 -0.000
30 C2H4(47) + X(1) <=> C2H4X(210) 0.000 0.000 0.000 -0.000 0.000
31 CH2O(9) + 2 X(1) <=> CHOX(53) + HX(19) -0.000 0.000 0.000 0.000 -0.000
32 HCO(15) + X(1) <=> CHOX(53) -0.000 0.000 0.000 0.000 -0.000
33 CH3CHO(16) + 2 X(1) <=> CH3X(21) + CHOX(53) -0.000 -0.000 -0.000 0.000 -0.000
34 CHOX(53) + X(1) <=> HX(19) + OCX(25) -0.000 0.000 0.000 0.000 -0.000
35 CHOX(53) + OX(20) <=> HOX(22) + OCX(25) 0.000 0.000 0.000 0.000 0.000
36 CH2X(27) + CHOX(53) <=> CH3X(21) + OCX(25) 0.000 0.000 0.000 0.000 -0.000
37 CHOX(53) + CHX(28) <=> CH2X(27) + OCX(25) -0.000 0.000 0.000 0.000 0.000
38 CHOX(53) + CX(26) <=> CHX(28) + OCX(25) 0.000 0.000 0.000 -0.000 -0.000
39 CO2(4) + X(1) <=> CO2X(24) -0.000 -0.000 -0.000 0.000 -0.000
40 OCX(25) + OX(20) <=> CO2X(24) + X(1) 0.000 0.000 0.000 0.000 -0.000
41 CO2X(24) + HX(19) <=> HOX(22) + OCX(25) 0.135 0.120 0.254 0.119 -0.034
Finished sensitivity simulation for a C/O ratio of 0.6
Finished translating for C/O ratio of 0.6
Starting sensitivity simulation for a C/O ratio of 0.7
0 CH4(2) + X(1) <=> CH4X(48) 0.000 -0.000 -0.000 -0.000 0.000
1 O2(3) + 2 X(1) <=> 2 OX(20) -0.422 0.479 0.059 0.422 1.594
2 H2(6) + 2 X(1) <=> 2 HX(19) 0.000 -0.000 -0.000 -0.000 0.000
3 H(12) + X(1) <=> HX(19) 0.000 0.000 0.000 -0.000 0.000
4 HX(19) + OX(20) <=> HOX(22) + X(1) 0.000 0.000 0.000 0.000 0.000
5 H2O(5) + 2 X(1) <=> HOX(22) + HX(19) -0.000 -0.000 -0.000 -0.000 0.000
6 OH(17) + X(1) <=> HOX(22) 0.000 -0.000 0.000 -0.000 -0.000
7 CH4(2) + 2 X(1) <=> CH3X(21) + HX(19) 0.000 -0.000 -0.000 -0.000 0.000
8 CH4(2) + OX(20) + X(1) <=> CH3X(21) + HOX(22) 0.705 -0.935 -0.224 -0.810 -2.986
9 C2H6(8) + 2 X(1) <=> 2 CH3X(21) 0.280 0.415 0.693 0.497 0.576
10 CH3(10) + X(1) <=> CH3X(21) 0.001 0.001 0.002 0.001 -0.957
11 CH3OH(14) + 2 X(1) <=> CH3X(21) + HOX(22) 0.031 0.012 0.043 0.017 0.054
12 CH4(2) + HOX(22) + X(1) <=> CH3X(21) + H2OX(23) 0.000 -0.000 -0.000 -0.000 -0.000
13 H2O(5) + X(1) <=> H2OX(23) -0.000 -0.000 -0.000 -0.000 -0.000
14 H2OX(23) + OX(20) <=> 2 HOX(22) -0.070 -0.112 -0.182 -0.109 -0.113
15 HOX(22) + HX(19) <=> H2OX(23) + X(1) 0.000 -0.000 -0.000 0.000 0.000
16 CH2X(27) + HX(19) <=> CH3X(21) + X(1) -0.059 -0.099 -0.158 -0.116 -0.050
17 CH2X(27) + HOX(22) <=> CH3X(21) + OX(20) -0.481 -0.817 -1.302 -0.960 -0.415
18 CHX(28) + HX(19) <=> CH2X(27) + X(1) -0.000 -0.000 -0.000 -0.000 0.000
19 CHX(28) + HOX(22) <=> CH2X(27) + OX(20) 0.000 0.000 0.000 0.000 0.000
20 2 CH2X(27) <=> CH3X(21) + CHX(28) 0.000 -0.000 0.000 -0.000 0.000
21 CHX(28) + X(1) <=> CX(26) + HX(19) 0.000 -0.000 -0.000 -0.000 0.000
22 CX(26) + H2(6) <=> CH2X(27) 0.000 0.000 0.000 -0.000 0.000
23 CX(26) + HOX(22) <=> CHX(28) + OX(20) 0.000 -0.000 -0.000 0.000 0.000
24 CH3X(21) + CX(26) <=> CH2X(27) + CHX(28) -0.000 -0.000 -0.000 -0.000 0.000
25 CH2X(27) + CX(26) <=> 2 CHX(28) 0.000 -0.000 -0.000 0.000 0.000
26 CO(7) + X(1) <=> OCX(25) -0.016 -0.015 -0.031 -0.014 0.004
27 CX(26) + OX(20) <=> OCX(25) + X(1) 0.000 0.000 0.000 0.000 0.000
28 H2(6) + X(1) <=> H2X(49) 0.000 -0.000 -0.000 0.000 0.000
29 CO(7) + X(1) <=> COX(50) 0.000 -0.000 -0.000 -0.000 0.000
30 C2H4(47) + X(1) <=> C2H4X(210) 0.000 -0.000 -0.000 -0.000 0.000
31 CH2O(9) + 2 X(1) <=> CHOX(53) + HX(19) 0.000 -0.000 -0.000 -0.000 0.000
32 HCO(15) + X(1) <=> CHOX(53) 0.000 -0.000 -0.000 -0.000 0.000
33 CH3CHO(16) + 2 X(1) <=> CH3X(21) + CHOX(53) 0.000 0.000 0.000 -0.000 0.000
34 CHOX(53) + X(1) <=> HX(19) + OCX(25) 0.000 0.000 0.000 -0.000 0.000
35 CHOX(53) + OX(20) <=> HOX(22) + OCX(25) 0.000 -0.000 -0.000 -0.000 0.000
36 CH2X(27) + CHOX(53) <=> CH3X(21) + OCX(25) 0.000 0.000 0.000 -0.000 0.000
37 CHOX(53) + CHX(28) <=> CH2X(27) + OCX(25) 0.000 -0.000 -0.000 0.000 0.000
38 CHOX(53) + CX(26) <=> CHX(28) + OCX(25) 0.000 0.000 0.000 -0.000 0.000
39 CO2(4) + X(1) <=> CO2X(24) 0.000 0.000 0.000 -0.000 0.000
40 OCX(25) + OX(20) <=> CO2X(24) + X(1) 0.000 0.000 0.000 0.000 0.000
41 CO2X(24) + HX(19) <=> HOX(22) + OCX(25) 0.164 0.146 0.310 0.145 -0.040
Finished sensitivity simulation for a C/O ratio of 0.7
Finished translating for C/O ratio of 0.7
Starting sensitivity simulation for a C/O ratio of 0.8
0 CH4(2) + X(1) <=> CH4X(48) 0.000 -0.000 0.000 -0.000 -0.000
1 O2(3) + 2 X(1) <=> 2 OX(20) -0.459 0.456 -0.001 0.405 1.639
2 H2(6) + 2 X(1) <=> 2 HX(19) 0.000 0.000 0.000 -0.000 0.000
3 H(12) + X(1) <=> HX(19) 0.000 -0.000 0.000 -0.000 0.000
4 HX(19) + OX(20) <=> HOX(22) + X(1) 0.000 0.000 0.000 0.000 -0.000
5 H2O(5) + 2 X(1) <=> HOX(22) + HX(19) -0.000 -0.000 -0.000 -0.000 0.000
6 OH(17) + X(1) <=> HOX(22) 0.000 -0.000 0.000 -0.000 -0.000
7 CH4(2) + 2 X(1) <=> CH3X(21) + HX(19) 0.000 -0.000 -0.000 -0.000 0.000
8 CH4(2) + OX(20) + X(1) <=> CH3X(21) + HOX(22) 0.754 -0.909 -0.148 -0.794 -3.064
9 C2H6(8) + 2 X(1) <=> 2 CH3X(21) 0.285 0.418 0.701 0.496 0.589
10 CH3(10) + X(1) <=> CH3X(21) 0.001 0.001 0.002 0.001 -0.951
11 CH3OH(14) + 2 X(1) <=> CH3X(21) + HOX(22) 0.031 0.012 0.043 0.015 0.049
12 CH4(2) + HOX(22) + X(1) <=> CH3X(21) + H2OX(23) 0.000 -0.000 -0.000 -0.000 -0.000
13 H2O(5) + X(1) <=> H2OX(23) -0.000 -0.000 -0.000 -0.000 -0.000
14 H2OX(23) + OX(20) <=> 2 HOX(22) -0.083 -0.124 -0.207 -0.121 -0.110
15 HOX(22) + HX(19) <=> H2OX(23) + X(1) 0.000 -0.000 0.000 -0.000 0.000
16 CH2X(27) + HX(19) <=> CH3X(21) + X(1) -0.065 -0.109 -0.175 -0.127 -0.059
17 CH2X(27) + HOX(22) <=> CH3X(21) + OX(20) -0.482 -0.810 -1.296 -0.945 -0.437
18 CHX(28) + HX(19) <=> CH2X(27) + X(1) -0.000 -0.000 -0.000 -0.000 0.000
19 CHX(28) + HOX(22) <=> CH2X(27) + OX(20) 0.000 0.000 0.000 0.000 0.000
20 2 CH2X(27) <=> CH3X(21) + CHX(28) 0.000 -0.000 -0.000 -0.000 0.000
21 CHX(28) + X(1) <=> CX(26) + HX(19) 0.000 -0.000 0.000 -0.000 -0.000
22 CX(26) + H2(6) <=> CH2X(27) 0.000 -0.000 -0.000 -0.000 -0.000
23 CX(26) + HOX(22) <=> CHX(28) + OX(20) 0.000 -0.000 0.000 -0.000 0.000
24 CH3X(21) + CX(26) <=> CH2X(27) + CHX(28) -0.000 -0.000 -0.000 -0.000 0.000
25 CH2X(27) + CX(26) <=> 2 CHX(28) 0.000 0.000 0.000 -0.000 0.000
26 CO(7) + X(1) <=> OCX(25) -0.017 -0.015 -0.033 -0.015 0.004
27 CX(26) + OX(20) <=> OCX(25) + X(1) 0.000 0.000 0.000 0.000 0.000
28 H2(6) + X(1) <=> H2X(49) 0.000 -0.000 0.000 -0.000 -0.000
29 CO(7) + X(1) <=> COX(50) 0.000 -0.000 -0.000 -0.000 0.000
30 C2H4(47) + X(1) <=> C2H4X(210) 0.000 0.000 0.000 -0.000 0.000
31 CH2O(9) + 2 X(1) <=> CHOX(53) + HX(19) 0.000 0.000 0.000 -0.000 0.000
32 HCO(15) + X(1) <=> CHOX(53) 0.000 0.000 0.000 -0.000 0.000
33 CH3CHO(16) + 2 X(1) <=> CH3X(21) + CHOX(53) 0.000 -0.000 0.000 -0.000 0.000
34 CHOX(53) + X(1) <=> HX(19) + OCX(25) 0.000 -0.000 0.000 -0.000 0.000
35 CHOX(53) + OX(20) <=> HOX(22) + OCX(25) 0.000 -0.000 -0.000 -0.000 -0.000
36 CH2X(27) + CHOX(53) <=> CH3X(21) + OCX(25) 0.000 -0.000 0.000 -0.000 0.000
37 CHOX(53) + CHX(28) <=> CH2X(27) + OCX(25) 0.000 -0.000 0.000 -0.000 0.000
38 CHOX(53) + CX(26) <=> CHX(28) + OCX(25) 0.000 -0.000 -0.000 -0.000 -0.000
39 CO2(4) + X(1) <=> CO2X(24) 0.000 -0.000 0.000 -0.000 0.000
40 OCX(25) + OX(20) <=> CO2X(24) + X(1) 0.000 0.000 0.000 0.000 0.000
41 CO2X(24) + HX(19) <=> HOX(22) + OCX(25) 0.193 0.174 0.368 0.173 -0.046
Finished sensitivity simulation for a C/O ratio of 0.8
Finished translating for C/O ratio of 0.8
Starting sensitivity simulation for a C/O ratio of 1.1
0 CH4(2) + X(1) <=> CH4X(48) 0.000 0.000 0.000 -0.000 -0.000
1 O2(3) + 2 X(1) <=> 2 OX(20) -0.571 0.385 -0.183 0.348 1.786
2 H2(6) + 2 X(1) <=> 2 HX(19) 0.000 0.000 0.000 0.000 0.000
3 H(12) + X(1) <=> HX(19) 0.000 0.000 0.000 -0.000 0.000
4 HX(19) + OX(20) <=> HOX(22) + X(1) 0.000 0.000 0.000 0.000 -0.000
5 H2O(5) + 2 X(1) <=> HOX(22) + HX(19) -0.000 -0.000 -0.000 -0.000 -0.000
6 OH(17) + X(1) <=> HOX(22) 0.000 -0.000 0.000 -0.000 -0.000
7 CH4(2) + 2 X(1) <=> CH3X(21) + HX(19) 0.000 -0.000 0.000 -0.000 -0.000
8 CH4(2) + OX(20) + X(1) <=> CH3X(21) + HOX(22) 0.892 -0.832 0.068 -0.740 -3.323
9 C2H6(8) + 2 X(1) <=> 2 CH3X(21) 0.293 0.422 0.714 0.491 0.623
10 CH3(10) + X(1) <=> CH3X(21) 0.001 0.001 0.001 0.000 -0.931
11 CH3OH(14) + 2 X(1) <=> CH3X(21) + HOX(22) 0.034 0.011 0.045 0.013 0.037
12 CH4(2) + HOX(22) + X(1) <=> CH3X(21) + H2OX(23) 0.000 -0.000 -0.000 -0.000 -0.000
13 H2O(5) + X(1) <=> H2OX(23) -0.000 -0.000 -0.000 -0.000 -0.000
14 H2OX(23) + OX(20) <=> 2 HOX(22) -0.125 -0.164 -0.290 -0.160 -0.103
15 HOX(22) + HX(19) <=> H2OX(23) + X(1) 0.000 -0.000 0.000 -0.000 -0.000
16 CH2X(27) + HX(19) <=> CH3X(21) + X(1) -0.084 -0.138 -0.222 -0.158 -0.087
17 CH2X(27) + HOX(22) <=> CH3X(21) + OX(20) -0.472 -0.783 -1.258 -0.898 -0.498
18 CHX(28) + HX(19) <=> CH2X(27) + X(1) -0.000 -0.000 -0.000 -0.000 -0.000
19 CHX(28) + HOX(22) <=> CH2X(27) + OX(20) 0.000 0.000 0.000 0.000 -0.000
20 2 CH2X(27) <=> CH3X(21) + CHX(28) 0.000 -0.000 0.000 -0.000 -0.000
21 CHX(28) + X(1) <=> CX(26) + HX(19) 0.000 -0.000 0.000 -0.000 -0.000
22 CX(26) + H2(6) <=> CH2X(27) 0.000 0.000 0.000 0.000 -0.000
23 CX(26) + HOX(22) <=> CHX(28) + OX(20) 0.000 -0.000 0.000 -0.000 -0.000
24 CH3X(21) + CX(26) <=> CH2X(27) + CHX(28) -0.000 -0.000 -0.000 -0.000 -0.000
25 CH2X(27) + CX(26) <=> 2 CHX(28) 0.000 -0.000 0.000 -0.000 -0.000
26 CO(7) + X(1) <=> OCX(25) -0.019 -0.017 -0.036 -0.017 0.005
27 CX(26) + OX(20) <=> OCX(25) + X(1) 0.000 0.000 0.000 0.000 -0.000
28 H2(6) + X(1) <=> H2X(49) 0.000 -0.000 0.000 -0.000 -0.000
29 CO(7) + X(1) <=> COX(50) 0.000 -0.000 0.000 -0.000 -0.000
30 C2H4(47) + X(1) <=> C2H4X(210) 0.000 -0.000 0.000 -0.000 -0.000
31 CH2O(9) + 2 X(1) <=> CHOX(53) + HX(19) 0.000 -0.000 0.000 -0.000 -0.000
32 HCO(15) + X(1) <=> CHOX(53) 0.000 -0.000 0.000 -0.000 -0.000
33 CH3CHO(16) + 2 X(1) <=> CH3X(21) + CHOX(53) 0.000 -0.000 0.000 -0.000 -0.000
34 CHOX(53) + X(1) <=> HX(19) + OCX(25) 0.000 -0.000 -0.000 -0.000 -0.000
35 CHOX(53) + OX(20) <=> HOX(22) + OCX(25) 0.000 -0.000 0.000 -0.000 -0.000
36 CH2X(27) + CHOX(53) <=> CH3X(21) + OCX(25) 0.000 -0.000 -0.000 0.000 -0.000
37 CHOX(53) + CHX(28) <=> CH2X(27) + OCX(25) 0.000 -0.000 0.000 -0.000 -0.000
38 CHOX(53) + CX(26) <=> CHX(28) + OCX(25) 0.000 -0.000 -0.000 -0.000 -0.000
39 CO2(4) + X(1) <=> CO2X(24) 0.000 0.000 0.000 -0.000 -0.000
40 OCX(25) + OX(20) <=> CO2X(24) + X(1) 0.000 0.000 0.000 0.000 -0.000
41 CO2X(24) + HX(19) <=> HOX(22) + OCX(25) 0.287 0.264 0.551 0.261 -0.065
Finished sensitivity simulation for a C/O ratio of 1.1
Finished translating for C/O ratio of 1.1
Starting sensitivity simulation for a C/O ratio of 1.6
0 CH4(2) + X(1) <=> CH4X(48) -0.000 -0.000 -0.000 -0.000 0.000
1 O2(3) + 2 X(1) <=> 2 OX(20) -0.745 0.273 -0.470 0.251 2.065
2 H2(6) + 2 X(1) <=> 2 HX(19) 0.000 0.000 0.000 -0.000 0.000
3 H(12) + X(1) <=> HX(19) 0.000 0.000 0.000 -0.000 0.000
4 HX(19) + OX(20) <=> HOX(22) + X(1) 0.000 0.000 0.000 0.000 0.000
5 H2O(5) + 2 X(1) <=> HOX(22) + HX(19) -0.000 -0.000 -0.000 -0.000 0.000
6 OH(17) + X(1) <=> HOX(22) 0.000 -0.000 0.000 -0.000 -0.000
7 CH4(2) + 2 X(1) <=> CH3X(21) + HX(19) 0.000 -0.000 0.000 -0.000 0.000
8 CH4(2) + OX(20) + X(1) <=> CH3X(21) + HOX(22) 1.091 -0.727 0.372 -0.661 -3.819
9 C2H6(8) + 2 X(1) <=> 2 CH3X(21) 0.295 0.424 0.717 0.486 0.677
10 CH3(10) + X(1) <=> CH3X(21) 0.000 0.001 0.001 0.000 -0.892
11 CH3OH(14) + 2 X(1) <=> CH3X(21) + HOX(22) 0.036 0.010 0.047 0.009 0.019
12 CH4(2) + HOX(22) + X(1) <=> CH3X(21) + H2OX(23) 0.000 -0.000 -0.000 -0.000 -0.000
13 H2O(5) + X(1) <=> H2OX(23) -0.000 -0.000 -0.000 -0.000 -0.000
14 H2OX(23) + OX(20) <=> 2 HOX(22) -0.196 -0.233 -0.430 -0.228 -0.095
15 HOX(22) + HX(19) <=> H2OX(23) + X(1) -0.000 -0.000 -0.000 -0.000 0.000
16 CH2X(27) + HX(19) <=> CH3X(21) + X(1) -0.110 -0.182 -0.292 -0.205 -0.145
17 CH2X(27) + HOX(22) <=> CH3X(21) + OX(20) -0.438 -0.734 -1.175 -0.830 -0.596
18 CHX(28) + HX(19) <=> CH2X(27) + X(1) -0.000 -0.000 -0.000 -0.000 0.000
19 CHX(28) + HOX(22) <=> CH2X(27) + OX(20) 0.000 0.000 0.000 0.000 0.000
20 2 CH2X(27) <=> CH3X(21) + CHX(28) -0.000 -0.000 -0.000 -0.000 0.000
21 CHX(28) + X(1) <=> CX(26) + HX(19) 0.000 0.000 0.000 -0.000 0.000
22 CX(26) + H2(6) <=> CH2X(27) 0.000 -0.000 0.000 -0.000 0.000
23 CX(26) + HOX(22) <=> CHX(28) + OX(20) -0.000 -0.000 -0.000 -0.000 0.000
24 CH3X(21) + CX(26) <=> CH2X(27) + CHX(28) -0.000 -0.000 -0.000 -0.000 0.000
25 CH2X(27) + CX(26) <=> 2 CHX(28) -0.000 -0.000 -0.000 -0.000 0.000
26 CO(7) + X(1) <=> OCX(25) -0.019 -0.017 -0.036 -0.017 0.005
27 CX(26) + OX(20) <=> OCX(25) + X(1) 0.000 0.000 0.000 0.000 0.000
28 H2(6) + X(1) <=> H2X(49) -0.000 -0.000 -0.000 -0.000 0.000
29 CO(7) + X(1) <=> COX(50) -0.000 -0.000 -0.000 -0.000 0.000
30 C2H4(47) + X(1) <=> C2H4X(210) -0.000 -0.000 -0.000 -0.000 0.000
31 CH2O(9) + 2 X(1) <=> CHOX(53) + HX(19) -0.000 -0.000 -0.000 -0.000 0.000
32 HCO(15) + X(1) <=> CHOX(53) -0.000 -0.000 -0.000 -0.000 0.000
33 CH3CHO(16) + 2 X(1) <=> CH3X(21) + CHOX(53) 0.000 0.000 0.000 -0.000 0.000
34 CHOX(53) + X(1) <=> HX(19) + OCX(25) -0.000 -0.000 -0.000 -0.000 0.000
35 CHOX(53) + OX(20) <=> HOX(22) + OCX(25) 0.000 0.000 0.000 -0.000 0.000
36 CH2X(27) + CHOX(53) <=> CH3X(21) + OCX(25) 0.000 -0.000 -0.000 -0.000 0.000
37 CHOX(53) + CHX(28) <=> CH2X(27) + OCX(25) -0.000 -0.000 -0.000 -0.000 0.000
38 CHOX(53) + CX(26) <=> CHX(28) + OCX(25) 0.000 0.000 0.000 -0.000 0.000
39 CO2(4) + X(1) <=> CO2X(24) 0.000 0.000 0.000 -0.000 0.000
40 OCX(25) + OX(20) <=> CO2X(24) + X(1) 0.000 0.000 0.000 0.000 0.000
41 CO2X(24) + HX(19) <=> HOX(22) + OCX(25) 0.445 0.417 0.860 0.412 -0.094
Finished sensitivity simulation for a C/O ratio of 1.6
Finished translating for C/O ratio of 1.6
Starting sensitivity simulation for a C/O ratio of 1.4
0 CH4(2) + X(1) <=> CH4X(48) 0.000 -0.000 -0.000 0.000 0.000
1 O2(3) + 2 X(1) <=> 2 OX(20) -0.679 0.315 -0.361 0.288 1.949
2 H2(6) + 2 X(1) <=> 2 HX(19) 0.000 0.000 0.000 0.000 0.000
3 H(12) + X(1) <=> HX(19) 0.000 0.000 0.000 0.000 0.000
4 HX(19) + OX(20) <=> HOX(22) + X(1) 0.000 0.000 0.000 0.000 -0.000
5 H2O(5) + 2 X(1) <=> HOX(22) + HX(19) -0.000 -0.000 -0.000 -0.000 0.000
6 OH(17) + X(1) <=> HOX(22) 0.000 -0.000 0.000 -0.000 -0.000
7 CH4(2) + 2 X(1) <=> CH3X(21) + HX(19) 0.000 -0.000 0.000 -0.000 -0.000
8 CH4(2) + OX(20) + X(1) <=> CH3X(21) + HOX(22) 1.017 -0.763 0.262 -0.688 -3.612
9 C2H6(8) + 2 X(1) <=> 2 CH3X(21) 0.295 0.423 0.717 0.487 0.655
10 CH3(10) + X(1) <=> CH3X(21) 0.001 0.001 0.001 0.000 -0.909
11 CH3OH(14) + 2 X(1) <=> CH3X(21) + HOX(22) 0.035 0.011 0.046 0.010 0.026
12 CH4(2) + HOX(22) + X(1) <=> CH3X(21) + H2OX(23) 0.000 -0.000 -0.000 -0.000 -0.000
13 H2O(5) + X(1) <=> H2OX(23) -0.000 -0.000 -0.000 -0.000 -0.000
14 H2OX(23) + OX(20) <=> 2 HOX(22) -0.168 -0.206 -0.375 -0.201 -0.098
15 HOX(22) + HX(19) <=> H2OX(23) + X(1) -0.000 0.000 -0.000 0.000 0.000
16 CH2X(27) + HX(19) <=> CH3X(21) + X(1) -0.100 -0.165 -0.265 -0.187 -0.120
17 CH2X(27) + HOX(22) <=> CH3X(21) + OX(20) -0.452 -0.753 -1.209 -0.855 -0.556
18 CHX(28) + HX(19) <=> CH2X(27) + X(1) -0.000 -0.000 -0.000 -0.000 0.000
19 CHX(28) + HOX(22) <=> CH2X(27) + OX(20) 0.000 0.000 0.000 0.000 0.000
20 2 CH2X(27) <=> CH3X(21) + CHX(28) -0.000 -0.000 -0.000 0.000 0.000
21 CHX(28) + X(1) <=> CX(26) + HX(19) 0.000 0.000 0.000 0.000 -0.000
22 CX(26) + H2(6) <=> CH2X(27) -0.000 -0.000 -0.000 0.000 0.000
23 CX(26) + HOX(22) <=> CHX(28) + OX(20) -0.000 0.000 0.000 0.000 0.000
24 CH3X(21) + CX(26) <=> CH2X(27) + CHX(28) -0.000 -0.000 -0.000 -0.000 -0.000
25 CH2X(27) + CX(26) <=> 2 CHX(28) -0.000 0.000 0.000 0.000 0.000
26 CO(7) + X(1) <=> OCX(25) -0.019 -0.018 -0.037 -0.017 0.005
27 CX(26) + OX(20) <=> OCX(25) + X(1) 0.000 0.000 0.000 0.000 0.000
28 H2(6) + X(1) <=> H2X(49) -0.000 0.000 -0.000 0.000 0.000
29 CO(7) + X(1) <=> COX(50) -0.000 0.000 0.000 0.000 0.000
30 C2H4(47) + X(1) <=> C2H4X(210) -0.000 0.000 0.000 0.000 0.000
31 CH2O(9) + 2 X(1) <=> CHOX(53) + HX(19) -0.000 0.000 0.000 0.000 0.000
32 HCO(15) + X(1) <=> CHOX(53) -0.000 -0.000 -0.000 0.000 0.000
33 CH3CHO(16) + 2 X(1) <=> CH3X(21) + CHOX(53) 0.000 -0.000 -0.000 0.000 0.000
34 CHOX(53) + X(1) <=> HX(19) + OCX(25) -0.000 0.000 0.000 0.000 0.000
35 CHOX(53) + OX(20) <=> HOX(22) + OCX(25) 0.000 0.000 0.000 0.000 0.000
36 CH2X(27) + CHOX(53) <=> CH3X(21) + OCX(25) -0.000 -0.000 -0.000 0.000 -0.000
37 CHOX(53) + CHX(28) <=> CH2X(27) + OCX(25) -0.000 0.000 -0.000 0.000 0.000
38 CHOX(53) + CX(26) <=> CHX(28) + OCX(25) -0.000 0.000 0.000 0.000 -0.000
39 CO2(4) + X(1) <=> CO2X(24) -0.000 0.000 0.000 0.000 0.000
40 OCX(25) + OX(20) <=> CO2X(24) + X(1) 0.000 0.000 0.000 0.000 -0.000
41 CO2X(24) + HX(19) <=> HOX(22) + OCX(25) 0.383 0.356 0.738 0.352 -0.082
Finished sensitivity simulation for a C/O ratio of 1.4
Finished translating for C/O ratio of 1.4
Starting sensitivity simulation for a C/O ratio of 1.3
0 CH4(2) + X(1) <=> CH4X(48) 0.000 0.000 0.000 -0.000 -0.000
1 O2(3) + 2 X(1) <=> 2 OX(20) -0.643 0.338 -0.303 0.307 1.893
2 H2(6) + 2 X(1) <=> 2 HX(19) 0.000 0.000 0.000 -0.000 0.000
3 H(12) + X(1) <=> HX(19) 0.000 0.000 0.000 -0.000 0.000
4 HX(19) + OX(20) <=> HOX(22) + X(1) 0.000 0.000 0.000 0.000 -0.000
5 H2O(5) + 2 X(1) <=> HOX(22) + HX(19) -0.000 -0.000 -0.000 -0.000 -0.000
6 OH(17) + X(1) <=> HOX(22) 0.000 -0.000 0.000 -0.000 -0.000
7 CH4(2) + 2 X(1) <=> CH3X(21) + HX(19) 0.000 -0.000 0.000 -0.000 -0.000
8 CH4(2) + OX(20) + X(1) <=> CH3X(21) + HOX(22) 0.977 -0.785 0.200 -0.704 -3.513
9 C2H6(8) + 2 X(1) <=> 2 CH3X(21) 0.294 0.423 0.716 0.488 0.644
10 CH3(10) + X(1) <=> CH3X(21) 0.001 0.001 0.001 0.000 -0.917
11 CH3OH(14) + 2 X(1) <=> CH3X(21) + HOX(22) 0.035 0.011 0.046 0.011 0.030
12 CH4(2) + HOX(22) + X(1) <=> CH3X(21) + H2OX(23) 0.000 -0.000 -0.000 -0.000 -0.000
13 H2O(5) + X(1) <=> H2OX(23) -0.000 -0.000 -0.000 -0.000 -0.000
14 H2OX(23) + OX(20) <=> 2 HOX(22) -0.154 -0.192 -0.346 -0.188 -0.099
15 HOX(22) + HX(19) <=> H2OX(23) + X(1) 0.000 0.000 0.000 -0.000 -0.000
16 CH2X(27) + HX(19) <=> CH3X(21) + X(1) -0.095 -0.156 -0.251 -0.177 -0.108
17 CH2X(27) + HOX(22) <=> CH3X(21) + OX(20) -0.459 -0.763 -1.226 -0.868 -0.537
18 CHX(28) + HX(19) <=> CH2X(27) + X(1) -0.000 -0.000 -0.000 -0.000 -0.000
19 CHX(28) + HOX(22) <=> CH2X(27) + OX(20) 0.000 0.000 0.000 0.000 -0.000
20 2 CH2X(27) <=> CH3X(21) + CHX(28) -0.000 0.000 0.000 -0.000 -0.000
21 CHX(28) + X(1) <=> CX(26) + HX(19) 0.000 0.000 0.000 -0.000 -0.000
22 CX(26) + H2(6) <=> CH2X(27) 0.000 -0.000 -0.000 -0.000 -0.000
23 CX(26) + HOX(22) <=> CHX(28) + OX(20) -0.000 -0.000 -0.000 -0.000 -0.000
24 CH3X(21) + CX(26) <=> CH2X(27) + CHX(28) -0.000 -0.000 -0.000 -0.000 -0.000
25 CH2X(27) + CX(26) <=> 2 CHX(28) -0.000 0.000 0.000 0.000 -0.000
26 CO(7) + X(1) <=> OCX(25) -0.019 -0.018 -0.037 -0.017 0.005
27 CX(26) + OX(20) <=> OCX(25) + X(1) 0.000 0.000 0.000 0.000 -0.000
28 H2(6) + X(1) <=> H2X(49) 0.000 0.000 0.000 -0.000 -0.000
29 CO(7) + X(1) <=> COX(50) 0.000 -0.000 -0.000 -0.000 -0.000
30 C2H4(47) + X(1) <=> C2H4X(210) -0.000 0.000 0.000 -0.000 -0.000
31 CH2O(9) + 2 X(1) <=> CHOX(53) + HX(19) 0.000 0.000 0.000 -0.000 -0.000
32 HCO(15) + X(1) <=> CHOX(53) -0.000 -0.000 -0.000 -0.000 -0.000
33 CH3CHO(16) + 2 X(1) <=> CH3X(21) + CHOX(53) 0.000 0.000 0.000 -0.000 -0.000
34 CHOX(53) + X(1) <=> HX(19) + OCX(25) 0.000 -0.000 -0.000 -0.000 -0.000
35 CHOX(53) + OX(20) <=> HOX(22) + OCX(25) 0.000 0.000 0.000 -0.000 -0.000
36 CH2X(27) + CHOX(53) <=> CH3X(21) + OCX(25) 0.000 -0.000 0.000 -0.000 -0.000
37 CHOX(53) + CHX(28) <=> CH2X(27) + OCX(25) -0.000 0.000 0.000 0.000 -0.000
38 CHOX(53) + CX(26) <=> CHX(28) + OCX(25) -0.000 -0.000 -0.000 -0.000 -0.000
39 CO2(4) + X(1) <=> CO2X(24) 0.000 -0.000 -0.000 -0.000 -0.000
40 OCX(25) + OX(20) <=> CO2X(24) + X(1) 0.000 0.000 0.000 0.000 -0.000
41 CO2X(24) + HX(19) <=> HOX(22) + OCX(25) 0.351 0.326 0.676 0.322 -0.077
Finished sensitivity simulation for a C/O ratio of 1.3
Finished translating for C/O ratio of 1.3
Starting sensitivity simulation for a C/O ratio of 1.8
0 CH4(2) + X(1) <=> CH4X(48) -0.000 0.000 -0.000 0.000 -0.000
1 O2(3) + 2 X(1) <=> 2 OX(20) -0.805 0.238 -0.565 0.221 2.187
2 H2(6) + 2 X(1) <=> 2 HX(19) 0.000 0.000 0.000 0.000 0.000
3 H(12) + X(1) <=> HX(19) 0.000 0.000 0.000 0.000 0.000
4 HX(19) + OX(20) <=> HOX(22) + X(1) 0.000 0.000 0.000 0.000 -0.000
5 H2O(5) + 2 X(1) <=> HOX(22) + HX(19) -0.000 -0.000 -0.000 -0.000 -0.000
6 OH(17) + X(1) <=> HOX(22) 0.000 -0.000 0.000 -0.000 -0.000
7 CH4(2) + 2 X(1) <=> CH3X(21) + HX(19) 0.000 -0.000 0.000 -0.000 -0.000
8 CH4(2) + OX(20) + X(1) <=> CH3X(21) + HOX(22) 1.154 -0.702 0.460 -0.643 -4.037
9 C2H6(8) + 2 X(1) <=> 2 CH3X(21) 0.295 0.426 0.719 0.485 0.700
10 CH3(10) + X(1) <=> CH3X(21) 0.000 0.001 0.001 0.000 -0.875
11 CH3OH(14) + 2 X(1) <=> CH3X(21) + HOX(22) 0.037 0.010 0.047 0.008 0.013
12 CH4(2) + HOX(22) + X(1) <=> CH3X(21) + H2OX(23) 0.000 -0.000 -0.000 -0.000 -0.000
13 H2O(5) + X(1) <=> H2OX(23) -0.000 -0.000 -0.000 -0.000 -0.000
14 H2OX(23) + OX(20) <=> 2 HOX(22) -0.222 -0.259 -0.482 -0.254 -0.094
15 HOX(22) + HX(19) <=> H2OX(23) + X(1) -0.000 0.000 -0.000 0.000 -0.000
16 CH2X(27) + HX(19) <=> CH3X(21) + X(1) -0.120 -0.199 -0.319 -0.224 -0.173
17 CH2X(27) + HOX(22) <=> CH3X(21) + OX(20) -0.424 -0.718 -1.145 -0.808 -0.637
18 CHX(28) + HX(19) <=> CH2X(27) + X(1) -0.000 -0.000 -0.000 -0.000 -0.000
19 CHX(28) + HOX(22) <=> CH2X(27) + OX(20) 0.000 0.000 0.000 0.000 -0.000
20 2 CH2X(27) <=> CH3X(21) + CHX(28) -0.000 0.000 0.000 -0.000 -0.000
21 CHX(28) + X(1) <=> CX(26) + HX(19) -0.000 0.000 0.000 -0.000 -0.000
22 CX(26) + H2(6) <=> CH2X(27) -0.000 0.000 0.000 0.000 -0.000
23 CX(26) + HOX(22) <=> CHX(28) + OX(20) -0.000 0.000 -0.000 -0.000 -0.000
24 CH3X(21) + CX(26) <=> CH2X(27) + CHX(28) -0.000 -0.000 -0.000 -0.000 -0.000
25 CH2X(27) + CX(26) <=> 2 CHX(28) -0.000 0.000 0.000 -0.000 -0.000
26 CO(7) + X(1) <=> OCX(25) -0.018 -0.017 -0.035 -0.016 0.005
27 CX(26) + OX(20) <=> OCX(25) + X(1) 0.000 0.000 0.000 0.000 0.000
28 H2(6) + X(1) <=> H2X(49) -0.000 0.000 0.000 -0.000 -0.000
29 CO(7) + X(1) <=> COX(50) -0.000 0.000 -0.000 -0.000 -0.000
30 C2H4(47) + X(1) <=> C2H4X(210) -0.000 0.000 0.000 0.000 -0.000
31 CH2O(9) + 2 X(1) <=> CHOX(53) + HX(19) -0.000 0.000 -0.000 0.000 -0.000
32 HCO(15) + X(1) <=> CHOX(53) -0.000 0.000 0.000 -0.000 -0.000
33 CH3CHO(16) + 2 X(1) <=> CH3X(21) + CHOX(53) -0.000 0.000 0.000 0.000 -0.000
34 CHOX(53) + X(1) <=> HX(19) + OCX(25) -0.000 0.000 0.000 -0.000 -0.000
35 CHOX(53) + OX(20) <=> HOX(22) + OCX(25) -0.000 0.000 0.000 0.000 -0.000
36 CH2X(27) + CHOX(53) <=> CH3X(21) + OCX(25) -0.000 0.000 -0.000 0.000 -0.000
37 CHOX(53) + CHX(28) <=> CH2X(27) + OCX(25) -0.000 0.000 -0.000 -0.000 -0.000
38 CHOX(53) + CX(26) <=> CHX(28) + OCX(25) -0.000 0.000 0.000 0.000 -0.000
39 CO2(4) + X(1) <=> CO2X(24) -0.000 0.000 -0.000 -0.000 -0.000
40 OCX(25) + OX(20) <=> CO2X(24) + X(1) 0.000 0.000 0.000 0.000 -0.000
41 CO2X(24) + HX(19) <=> HOX(22) + OCX(25) 0.504 0.474 0.975 0.468 -0.104
Finished sensitivity simulation for a C/O ratio of 1.8
Finished translating for C/O ratio of 1.8
Starting sensitivity simulation for a C/O ratio of 2.0
0 CH4(2) + X(1) <=> CH4X(48) 0.000 0.000 0.000 0.000 -0.000
1 O2(3) + 2 X(1) <=> 2 OX(20) -0.856 0.211 -0.643 0.199 2.314
2 H2(6) + 2 X(1) <=> 2 HX(19) 0.000 0.000 0.000 0.000 0.000
3 H(12) + X(1) <=> HX(19) 0.000 0.000 0.000 0.000 0.000
4 HX(19) + OX(20) <=> HOX(22) + X(1) 0.000 0.000 0.000 0.000 -0.000
5 H2O(5) + 2 X(1) <=> HOX(22) + HX(19) -0.000 -0.000 -0.000 -0.000 -0.000
6 OH(17) + X(1) <=> HOX(22) 0.000 -0.000 0.000 -0.000 -0.000
7 CH4(2) + 2 X(1) <=> CH3X(21) + HX(19) 0.000 -0.000 0.000 -0.000 -0.000
8 CH4(2) + OX(20) + X(1) <=> CH3X(21) + HOX(22) 1.204 -0.689 0.523 -0.637 -4.266
9 C2H6(8) + 2 X(1) <=> 2 CH3X(21) 0.295 0.428 0.722 0.487 0.724
10 CH3(10) + X(1) <=> CH3X(21) 0.000 0.001 0.001 0.000 -0.855
11 CH3OH(14) + 2 X(1) <=> CH3X(21) + HOX(22) 0.038 0.009 0.047 0.007 0.006
12 CH4(2) + HOX(22) + X(1) <=> CH3X(21) + H2OX(23) 0.000 -0.000 -0.000 -0.000 -0.000
13 H2O(5) + X(1) <=> H2OX(23) -0.000 -0.000 -0.001 -0.000 -0.000
14 H2OX(23) + OX(20) <=> 2 HOX(22) -0.246 -0.284 -0.531 -0.278 -0.093
15 HOX(22) + HX(19) <=> H2OX(23) + X(1) 0.000 0.000 0.000 0.000 -0.000
16 CH2X(27) + HX(19) <=> CH3X(21) + X(1) -0.130 -0.217 -0.347 -0.243 -0.203
17 CH2X(27) + HOX(22) <=> CH3X(21) + OX(20) -0.412 -0.704 -1.119 -0.790 -0.679
18 CHX(28) + HX(19) <=> CH2X(27) + X(1) -0.000 -0.000 -0.000 -0.000 -0.000
19 CHX(28) + HOX(22) <=> CH2X(27) + OX(20) 0.000 0.000 0.000 0.000 -0.000
20 2 CH2X(27) <=> CH3X(21) + CHX(28) 0.000 0.000 0.000 0.000 -0.000
21 CHX(28) + X(1) <=> CX(26) + HX(19) -0.000 0.000 0.000 0.000 -0.000
22 CX(26) + H2(6) <=> CH2X(27) -0.000 0.000 0.000 0.000 -0.000
23 CX(26) + HOX(22) <=> CHX(28) + OX(20) 0.000 0.000 0.000 0.000 -0.000
24 CH3X(21) + CX(26) <=> CH2X(27) + CHX(28) -0.000 -0.000 -0.000 -0.000 -0.000
25 CH2X(27) + CX(26) <=> 2 CHX(28) -0.000 0.000 -0.000 0.000 -0.000
26 CO(7) + X(1) <=> OCX(25) -0.017 -0.016 -0.033 -0.016 0.004
27 CX(26) + OX(20) <=> OCX(25) + X(1) 0.000 0.000 0.000 0.000 -0.000
28 H2(6) + X(1) <=> H2X(49) 0.000 -0.000 0.000 0.000 -0.000
29 CO(7) + X(1) <=> COX(50) 0.000 0.000 0.000 0.000 -0.000
30 C2H4(47) + X(1) <=> C2H4X(210) 0.000 -0.000 0.000 0.000 -0.000
31 CH2O(9) + 2 X(1) <=> CHOX(53) + HX(19) 0.000 0.000 0.000 0.000 -0.000
32 HCO(15) + X(1) <=> CHOX(53) 0.000 0.000 0.000 0.000 -0.000
33 CH3CHO(16) + 2 X(1) <=> CH3X(21) + CHOX(53) 0.000 -0.000 -0.000 0.000 -0.000
34 CHOX(53) + X(1) <=> HX(19) + OCX(25) 0.000 -0.000 -0.000 0.000 -0.000
35 CHOX(53) + OX(20) <=> HOX(22) + OCX(25) 0.000 0.000 0.000 0.000 -0.000
36 CH2X(27) + CHOX(53) <=> CH3X(21) + OCX(25) 0.000 -0.000 0.000 0.000 -0.000
37 CHOX(53) + CHX(28) <=> CH2X(27) + OCX(25) 0.000 0.000 0.000 0.000 -0.000
38 CHOX(53) + CX(26) <=> CHX(28) + OCX(25) 0.000 0.000 0.000 0.000 -0.000
39 CO2(4) + X(1) <=> CO2X(24) 0.000 0.000 0.000 0.000 -0.000
40 OCX(25) + OX(20) <=> CO2X(24) + X(1) 0.000 0.000 0.000 0.000 -0.000
41 CO2X(24) + HX(19) <=> HOX(22) + OCX(25) 0.558 0.527 1.081 0.521 -0.114
Finished sensitivity simulation for a C/O ratio of 2.0
Finished translating for C/O ratio of 2.0
Starting sensitivity simulation for a C/O ratio of 2.6
0 CH4(2) + X(1) <=> CH4X(48) 0.000 -0.000 -0.000 0.000 -0.000
1 O2(3) + 2 X(1) <=> 2 OX(20) -0.943 0.203 -0.738 0.202 2.731
2 H2(6) + 2 X(1) <=> 2 HX(19) 0.000 0.000 0.000 0.000 0.000
3 H(12) + X(1) <=> HX(19) 0.000 0.000 0.000 0.000 0.000
4 HX(19) + OX(20) <=> HOX(22) + X(1) 0.000 0.000 0.000 0.000 -0.000
5 H2O(5) + 2 X(1) <=> HOX(22) + HX(19) -0.000 -0.000 -0.000 -0.000 -0.000
6 OH(17) + X(1) <=> HOX(22) 0.000 -0.000 0.000 -0.000 -0.000
7 CH4(2) + 2 X(1) <=> CH3X(21) + HX(19) 0.000 -0.000 0.000 -0.000 -0.000
8 CH4(2) + OX(20) + X(1) <=> CH3X(21) + HOX(22) 1.264 -0.756 0.517 -0.721 -5.022
9 C2H6(8) + 2 X(1) <=> 2 CH3X(21) 0.303 0.448 0.749 0.505 0.804
10 CH3(10) + X(1) <=> CH3X(21) 0.000 0.000 0.001 0.000 -0.787
11 CH3OH(14) + 2 X(1) <=> CH3X(21) + HOX(22) 0.038 0.006 0.043 0.001 -0.017
12 CH4(2) + HOX(22) + X(1) <=> CH3X(21) + H2OX(23) 0.000 -0.000 -0.000 -0.000 -0.000
13 H2O(5) + X(1) <=> H2OX(23) -0.000 -0.000 -0.001 -0.000 -0.000
14 H2OX(23) + OX(20) <=> 2 HOX(22) -0.303 -0.342 -0.646 -0.335 -0.096
15 HOX(22) + HX(19) <=> H2OX(23) + X(1) -0.000 -0.000 -0.000 0.000 -0.000
16 CH2X(27) + HX(19) <=> CH3X(21) + X(1) -0.163 -0.278 -0.442 -0.309 -0.315
17 CH2X(27) + HOX(22) <=> CH3X(21) + OX(20) -0.389 -0.684 -1.076 -0.762 -0.813
18 CHX(28) + HX(19) <=> CH2X(27) + X(1) -0.000 -0.000 -0.000 -0.000 -0.000
19 CHX(28) + HOX(22) <=> CH2X(27) + OX(20) 0.000 0.000 0.000 0.000 -0.000
20 2 CH2X(27) <=> CH3X(21) + CHX(28) -0.000 -0.000 -0.000 0.000 -0.000
21 CHX(28) + X(1) <=> CX(26) + HX(19) -0.000 -0.000 -0.000 0.000 -0.000
22 CX(26) + H2(6) <=> CH2X(27) -0.000 0.000 -0.000 0.000 -0.000
23 CX(26) + HOX(22) <=> CHX(28) + OX(20) -0.000 -0.000 -0.000 0.000 -0.000
24 CH3X(21) + CX(26) <=> CH2X(27) + CHX(28) -0.000 -0.000 -0.000 -0.000 -0.000
25 CH2X(27) + CX(26) <=> 2 CHX(28) -0.000 -0.000 -0.000 -0.000 -0.000
26 CO(7) + X(1) <=> OCX(25) -0.014 -0.013 -0.027 -0.013 0.004
27 CX(26) + OX(20) <=> OCX(25) + X(1) 0.000 0.000 0.000 0.000 0.000
28 H2(6) + X(1) <=> H2X(49) -0.000 -0.000 -0.000 0.000 -0.000
29 CO(7) + X(1) <=> COX(50) 0.000 -0.000 -0.000 0.000 -0.000
30 C2H4(47) + X(1) <=> C2H4X(210) -0.000 -0.000 -0.000 0.000 -0.000
31 CH2O(9) + 2 X(1) <=> CHOX(53) + HX(19) -0.000 -0.000 -0.000 0.000 -0.000
32 HCO(15) + X(1) <=> CHOX(53) 0.000 0.000 0.000 0.000 -0.000
33 CH3CHO(16) + 2 X(1) <=> CH3X(21) + CHOX(53) 0.000 0.000 0.000 0.000 -0.000
34 CHOX(53) + X(1) <=> HX(19) + OCX(25) -0.000 -0.000 -0.000 0.000 -0.000
35 CHOX(53) + OX(20) <=> HOX(22) + OCX(25) -0.000 -0.000 -0.000 0.000 -0.000
36 CH2X(27) + CHOX(53) <=> CH3X(21) + OCX(25) -0.000 -0.000 -0.000 0.000 0.000
37 CHOX(53) + CHX(28) <=> CH2X(27) + OCX(25) -0.000 -0.000 -0.000 0.000 -0.000
38 CHOX(53) + CX(26) <=> CHX(28) + OCX(25) 0.000 -0.000 -0.000 0.000 -0.000
39 CO2(4) + X(1) <=> CO2X(24) 0.000 -0.000 -0.000 0.000 -0.000
40 OCX(25) + OX(20) <=> CO2X(24) + X(1) 0.000 0.000 0.000 0.000 -0.000
41 CO2X(24) + HX(19) <=> HOX(22) + OCX(25) 0.686 0.652 1.333 0.645 -0.139
Finished sensitivity simulation for a C/O ratio of 2.6
Finished translating for C/O ratio of 2.6
Starting sensitivity simulation for a C/O ratio of 2.2
0 CH4(2) + X(1) <=> CH4X(48) 0.000 0.000 0.000 0.000 0.000
1 O2(3) + 2 X(1) <=> 2 OX(20) -0.897 0.196 -0.699 0.187 2.447
2 H2(6) + 2 X(1) <=> 2 HX(19) 0.000 0.000 0.000 0.000 0.000
3 H(12) + X(1) <=> HX(19) 0.000 0.000 0.000 0.000 0.000
4 HX(19) + OX(20) <=> HOX(22) + X(1) 0.000 0.000 0.000 0.000 0.000
5 H2O(5) + 2 X(1) <=> HOX(22) + HX(19) -0.000 -0.000 -0.000 -0.000 0.000
6 OH(17) + X(1) <=> HOX(22) 0.000 -0.000 0.000 -0.000 -0.000
7 CH4(2) + 2 X(1) <=> CH3X(21) + HX(19) 0.000 -0.000 0.000 -0.000 0.000
8 CH4(2) + OX(20) + X(1) <=> CH3X(21) + HOX(22) 1.240 -0.693 0.556 -0.647 -4.506
9 C2H6(8) + 2 X(1) <=> 2 CH3X(21) 0.296 0.433 0.728 0.491 0.750
10 CH3(10) + X(1) <=> CH3X(21) 0.000 0.001 0.001 0.000 -0.834
11 CH3OH(14) + 2 X(1) <=> CH3X(21) + HOX(22) 0.038 0.008 0.046 0.005 -0.002
12 CH4(2) + HOX(22) + X(1) <=> CH3X(21) + H2OX(23) 0.000 -0.000 -0.000 -0.000 -0.000
13 H2O(5) + X(1) <=> H2OX(23) -0.000 -0.000 -0.001 -0.000 -0.000
14 H2OX(23) + OX(20) <=> 2 HOX(22) -0.268 -0.306 -0.574 -0.299 -0.093
15 HOX(22) + HX(19) <=> H2OX(23) + X(1) 0.000 0.000 0.000 0.000 0.000
16 CH2X(27) + HX(19) <=> CH3X(21) + X(1) -0.140 -0.236 -0.376 -0.264 -0.237
17 CH2X(27) + HOX(22) <=> CH3X(21) + OX(20) -0.402 -0.694 -1.099 -0.777 -0.722
18 CHX(28) + HX(19) <=> CH2X(27) + X(1) -0.000 -0.000 -0.000 -0.000 0.000
19 CHX(28) + HOX(22) <=> CH2X(27) + OX(20) 0.000 0.000 0.000 0.000 0.000
20 2 CH2X(27) <=> CH3X(21) + CHX(28) 0.000 0.000 0.000 0.000 0.000
21 CHX(28) + X(1) <=> CX(26) + HX(19) 0.000 0.000 0.000 0.000 0.000
22 CX(26) + H2(6) <=> CH2X(27) 0.000 0.000 0.000 0.000 0.000
23 CX(26) + HOX(22) <=> CHX(28) + OX(20) 0.000 0.000 0.000 0.000 0.000
24 CH3X(21) + CX(26) <=> CH2X(27) + CHX(28) -0.000 -0.000 -0.000 -0.000 -0.000
25 CH2X(27) + CX(26) <=> 2 CHX(28) 0.000 0.000 0.000 0.000 0.000
26 CO(7) + X(1) <=> OCX(25) -0.016 -0.015 -0.031 -0.015 0.004
27 CX(26) + OX(20) <=> OCX(25) + X(1) 0.000 0.000 0.000 0.000 0.000
28 H2(6) + X(1) <=> H2X(49) 0.000 0.000 0.000 0.000 0.000
29 CO(7) + X(1) <=> COX(50) 0.000 0.000 0.000 0.000 0.000
30 C2H4(47) + X(1) <=> C2H4X(210) -0.000 0.000 0.000 0.000 0.000
31 CH2O(9) + 2 X(1) <=> CHOX(53) + HX(19) 0.000 0.000 0.000 0.000 0.000
32 HCO(15) + X(1) <=> CHOX(53) 0.000 0.000 0.000 0.000 0.000
33 CH3CHO(16) + 2 X(1) <=> CH3X(21) + CHOX(53) 0.000 0.000 0.000 0.000 0.000
34 CHOX(53) + X(1) <=> HX(19) + OCX(25) 0.000 0.000 0.000 0.000 0.000
35 CHOX(53) + OX(20) <=> HOX(22) + OCX(25) 0.000 0.000 0.000 0.000 0.000
36 CH2X(27) + CHOX(53) <=> CH3X(21) + OCX(25) 0.000 0.000 0.000 0.000 0.000
37 CHOX(53) + CHX(28) <=> CH2X(27) + OCX(25) 0.000 0.000 0.000 0.000 0.000
38 CHOX(53) + CX(26) <=> CHX(28) + OCX(25) 0.000 0.000 0.000 0.000 0.000
39 CO2(4) + X(1) <=> CO2X(24) -0.000 0.000 0.000 0.000 0.000
40 OCX(25) + OX(20) <=> CO2X(24) + X(1) 0.000 0.000 0.000 0.000 0.000
41 CO2X(24) + HX(19) <=> HOX(22) + OCX(25) 0.606 0.574 1.177 0.568 -0.123
Finished sensitivity simulation for a C/O ratio of 2.2
Finished translating for C/O ratio of 2.2
Starting sensitivity simulation for a C/O ratio of 2.4
0 CH4(2) + X(1) <=> CH4X(48) -0.000 0.000 -0.000 0.000 -0.000
1 O2(3) + 2 X(1) <=> 2 OX(20) -0.926 0.193 -0.732 0.188 2.586
2 H2(6) + 2 X(1) <=> 2 HX(19) 0.000 0.000 0.000 0.000 0.000
3 H(12) + X(1) <=> HX(19) 0.000 0.000 0.000 0.000 0.000
4 HX(19) + OX(20) <=> HOX(22) + X(1) 0.000 0.000 0.000 0.000 -0.000
5 H2O(5) + 2 X(1) <=> HOX(22) + HX(19) -0.000 -0.000 -0.000 -0.000 -0.000
6 OH(17) + X(1) <=> HOX(22) 0.000 -0.000 0.000 -0.000 -0.000
7 CH4(2) + 2 X(1) <=> CH3X(21) + HX(19) 0.000 -0.000 0.000 -0.000 -0.000
8 CH4(2) + OX(20) + X(1) <=> CH3X(21) + HOX(22) 1.261 -0.715 0.555 -0.675 -4.758
9 C2H6(8) + 2 X(1) <=> 2 CH3X(21) 0.299 0.439 0.737 0.497 0.776
10 CH3(10) + X(1) <=> CH3X(21) 0.000 0.001 0.001 0.000 -0.812
11 CH3OH(14) + 2 X(1) <=> CH3X(21) + HOX(22) 0.038 0.007 0.045 0.003 -0.009
12 CH4(2) + HOX(22) + X(1) <=> CH3X(21) + H2OX(23) 0.000 -0.000 -0.000 -0.000 -0.000
13 H2O(5) + X(1) <=> H2OX(23) -0.000 -0.000 -0.001 -0.000 -0.000
14 H2OX(23) + OX(20) <=> 2 HOX(22) -0.287 -0.325 -0.613 -0.319 -0.094
15 HOX(22) + HX(19) <=> H2OX(23) + X(1) -0.000 0.000 -0.000 0.000 -0.000
16 CH2X(27) + HX(19) <=> CH3X(21) + X(1) -0.151 -0.256 -0.408 -0.285 -0.274
17 CH2X(27) + HOX(22) <=> CH3X(21) + OX(20) -0.394 -0.687 -1.084 -0.767 -0.767
18 CHX(28) + HX(19) <=> CH2X(27) + X(1) -0.000 -0.000 -0.000 -0.000 -0.000
19 CHX(28) + HOX(22) <=> CH2X(27) + OX(20) 0.000 0.000 0.000 0.000 -0.000
20 2 CH2X(27) <=> CH3X(21) + CHX(28) -0.000 0.000 0.000 0.000 -0.000
21 CHX(28) + X(1) <=> CX(26) + HX(19) -0.000 -0.000 -0.000 0.000 -0.000
22 CX(26) + H2(6) <=> CH2X(27) -0.000 -0.000 -0.000 -0.000 -0.000
23 CX(26) + HOX(22) <=> CHX(28) + OX(20) -0.000 0.000 -0.000 0.000 -0.000
24 CH3X(21) + CX(26) <=> CH2X(27) + CHX(28) -0.000 -0.000 -0.000 -0.000 -0.000
25 CH2X(27) + CX(26) <=> 2 CHX(28) -0.000 0.000 -0.000 0.000 -0.000
26 CO(7) + X(1) <=> OCX(25) -0.015 -0.014 -0.029 -0.014 0.004
27 CX(26) + OX(20) <=> OCX(25) + X(1) 0.000 0.000 0.000 0.000 0.000
28 H2(6) + X(1) <=> H2X(49) -0.000 0.000 -0.000 0.000 -0.000
29 CO(7) + X(1) <=> COX(50) -0.000 -0.000 -0.000 -0.000 -0.000
30 C2H4(47) + X(1) <=> C2H4X(210) -0.000 0.000 -0.000 0.000 -0.000
31 CH2O(9) + 2 X(1) <=> CHOX(53) + HX(19) -0.000 0.000 -0.000 0.000 -0.000
32 HCO(15) + X(1) <=> CHOX(53) -0.000 0.000 -0.000 0.000 -0.000
33 CH3CHO(16) + 2 X(1) <=> CH3X(21) + CHOX(53) -0.000 -0.000 -0.000 0.000 -0.000
34 CHOX(53) + X(1) <=> HX(19) + OCX(25) -0.000 0.000 -0.000 0.000 -0.000
35 CHOX(53) + OX(20) <=> HOX(22) + OCX(25) -0.000 -0.000 -0.000 0.000 -0.000
36 CH2X(27) + CHOX(53) <=> CH3X(21) + OCX(25) -0.000 0.000 -0.000 0.000 -0.000
37 CHOX(53) + CHX(28) <=> CH2X(27) + OCX(25) 0.000 0.000 0.000 0.000 -0.000
38 CHOX(53) + CX(26) <=> CHX(28) + OCX(25) -0.000 -0.000 -0.000 0.000 -0.000
39 CO2(4) + X(1) <=> CO2X(24) -0.000 -0.000 -0.000 0.000 -0.000
40 OCX(25) + OX(20) <=> CO2X(24) + X(1) 0.000 0.000 0.000 0.000 -0.000
41 CO2X(24) + HX(19) <=> HOX(22) + OCX(25) 0.649 0.616 1.261 0.610 -0.131
Finished sensitivity simulation for a C/O ratio of 2.4
Finished translating for C/O ratio of 2.4
Starting sensitivity simulation for a C/O ratio of 1.2
0 CH4(2) + X(1) <=> CH4X(48) 0.000 -0.000 0.000 0.000 -0.000
1 O2(3) + 2 X(1) <=> 2 OX(20) -0.607 0.361 -0.244 0.327 1.839
2 H2(6) + 2 X(1) <=> 2 HX(19) 0.000 0.000 0.000 0.000 0.000
3 H(12) + X(1) <=> HX(19) 0.000 0.000 0.000 0.000 0.000
4 HX(19) + OX(20) <=> HOX(22) + X(1) 0.000 0.000 0.000 0.000 0.000
5 H2O(5) + 2 X(1) <=> HOX(22) + HX(19) -0.000 -0.000 -0.000 -0.000 -0.000
6 OH(17) + X(1) <=> HOX(22) 0.000 -0.000 0.000 -0.000 -0.000
7 CH4(2) + 2 X(1) <=> CH3X(21) + HX(19) 0.000 -0.000 0.000 -0.000 -0.000
8 CH4(2) + OX(20) + X(1) <=> CH3X(21) + HOX(22) 0.935 -0.808 0.135 -0.722 -3.417
9 C2H6(8) + 2 X(1) <=> 2 CH3X(21) 0.294 0.423 0.715 0.490 0.634
10 CH3(10) + X(1) <=> CH3X(21) 0.001 0.001 0.001 0.000 -0.924
11 CH3OH(14) + 2 X(1) <=> CH3X(21) + HOX(22) 0.034 0.011 0.045 0.012 0.033
12 CH4(2) + HOX(22) + X(1) <=> CH3X(21) + H2OX(23) 0.000 -0.000 -0.000 -0.000 -0.000
13 H2O(5) + X(1) <=> H2OX(23) -0.000 -0.000 -0.000 -0.000 -0.000
14 H2OX(23) + OX(20) <=> 2 HOX(22) -0.140 -0.178 -0.318 -0.174 -0.101
15 HOX(22) + HX(19) <=> H2OX(23) + X(1) 0.000 -0.000 0.000 0.000 0.000
16 CH2X(27) + HX(19) <=> CH3X(21) + X(1) -0.089 -0.147 -0.237 -0.168 -0.097
17 CH2X(27) + HOX(22) <=> CH3X(21) + OX(20) -0.466 -0.773 -1.242 -0.883 -0.517
18 CHX(28) + HX(19) <=> CH2X(27) + X(1) -0.000 -0.000 -0.000 -0.000 0.000
19 CHX(28) + HOX(22) <=> CH2X(27) + OX(20) 0.000 0.000 0.000 0.000 0.000
20 2 CH2X(27) <=> CH3X(21) + CHX(28) -0.000 0.000 -0.000 0.000 0.000
21 CHX(28) + X(1) <=> CX(26) + HX(19) 0.000 0.000 0.000 0.000 0.000
22 CX(26) + H2(6) <=> CH2X(27) -0.000 0.000 0.000 0.000 -0.000
23 CX(26) + HOX(22) <=> CHX(28) + OX(20) 0.000 0.000 0.000 0.000 -0.000
24 CH3X(21) + CX(26) <=> CH2X(27) + CHX(28) -0.000 -0.000 -0.000 -0.000 -0.000
25 CH2X(27) + CX(26) <=> 2 CHX(28) -0.000 -0.000 -0.000 0.000 0.000
26 CO(7) + X(1) <=> OCX(25) -0.019 -0.017 -0.036 -0.017 0.005
27 CX(26) + OX(20) <=> OCX(25) + X(1) 0.000 0.000 0.000 0.000 0.000
28 H2(6) + X(1) <=> H2X(49) 0.000 0.000 0.000 0.000 0.000
29 CO(7) + X(1) <=> COX(50) 0.000 -0.000 0.000 0.000 -0.000
30 C2H4(47) + X(1) <=> C2H4X(210) 0.000 0.000 0.000 0.000 0.000
31 CH2O(9) + 2 X(1) <=> CHOX(53) + HX(19) 0.000 -0.000 0.000 0.000 -0.000
32 HCO(15) + X(1) <=> CHOX(53) 0.000 -0.000 -0.000 0.000 0.000
33 CH3CHO(16) + 2 X(1) <=> CH3X(21) + CHOX(53) 0.000 0.000 0.000 0.000 -0.000
34 CHOX(53) + X(1) <=> HX(19) + OCX(25) 0.000 -0.000 -0.000 0.000 -0.000
35 CHOX(53) + OX(20) <=> HOX(22) + OCX(25) 0.000 0.000 0.000 0.000 -0.000
36 CH2X(27) + CHOX(53) <=> CH3X(21) + OCX(25) 0.000 -0.000 -0.000 0.000 0.000
37 CHOX(53) + CHX(28) <=> CH2X(27) + OCX(25) 0.000 0.000 0.000 0.000 0.000
38 CHOX(53) + CX(26) <=> CHX(28) + OCX(25) 0.000 0.000 0.000 0.000 -0.000
39 CO2(4) + X(1) <=> CO2X(24) 0.000 0.000 0.000 0.000 0.000
40 OCX(25) + OX(20) <=> CO2X(24) + X(1) 0.000 0.000 0.000 0.000 -0.000
41 CO2X(24) + HX(19) <=> HOX(22) + OCX(25) 0.319 0.295 0.613 0.292 -0.071
Finished sensitivity simulation for a C/O ratio of 1.2
Finished translating for C/O ratio of 1.2
Starting sensitivity simulation for a C/O ratio of 1.0
0 CH4(2) + X(1) <=> CH4X(48) -0.000 -0.000 -0.000 -0.000 -0.000
1 O2(3) + 2 X(1) <=> 2 OX(20) -0.534 0.409 -0.122 0.367 1.735
2 H2(6) + 2 X(1) <=> 2 HX(19) 0.000 0.000 0.000 0.000 0.000
3 H(12) + X(1) <=> HX(19) 0.000 0.000 0.000 -0.000 0.000
4 HX(19) + OX(20) <=> HOX(22) + X(1) 0.000 0.000 0.000 0.000 -0.000
5 H2O(5) + 2 X(1) <=> HOX(22) + HX(19) -0.000 -0.000 -0.000 -0.000 -0.000
6 OH(17) + X(1) <=> HOX(22) 0.000 -0.000 0.000 -0.000 -0.000
7 CH4(2) + 2 X(1) <=> CH3X(21) + HX(19) 0.000 -0.000 -0.000 -0.000 -0.000
8 CH4(2) + OX(20) + X(1) <=> CH3X(21) + HOX(22) 0.847 -0.857 -0.002 -0.758 -3.233
9 C2H6(8) + 2 X(1) <=> 2 CH3X(21) 0.291 0.421 0.711 0.493 0.612
10 CH3(10) + X(1) <=> CH3X(21) 0.001 0.001 0.002 0.001 -0.938
11 CH3OH(14) + 2 X(1) <=> CH3X(21) + HOX(22) 0.033 0.011 0.044 0.013 0.041
12 CH4(2) + HOX(22) + X(1) <=> CH3X(21) + H2OX(23) 0.000 -0.000 -0.000 -0.000 -0.000
13 H2O(5) + X(1) <=> H2OX(23) -0.000 -0.000 -0.000 -0.000 -0.000
14 H2OX(23) + OX(20) <=> 2 HOX(22) -0.111 -0.150 -0.262 -0.147 -0.105
15 HOX(22) + HX(19) <=> H2OX(23) + X(1) -0.000 -0.000 -0.000 -0.000 -0.000
16 CH2X(27) + HX(19) <=> CH3X(21) + X(1) -0.078 -0.129 -0.207 -0.148 -0.077
17 CH2X(27) + HOX(22) <=> CH3X(21) + OX(20) -0.477 -0.793 -1.273 -0.913 -0.478
18 CHX(28) + HX(19) <=> CH2X(27) + X(1) -0.000 -0.000 -0.000 -0.000 -0.000
19 CHX(28) + HOX(22) <=> CH2X(27) + OX(20) 0.000 0.000 0.000 0.000 -0.000
20 2 CH2X(27) <=> CH3X(21) + CHX(28) -0.000 -0.000 -0.000 -0.000 -0.000
21 CHX(28) + X(1) <=> CX(26) + HX(19) -0.000 0.000 -0.000 -0.000 -0.000
22 CX(26) + H2(6) <=> CH2X(27) -0.000 -0.000 -0.000 -0.000 -0.000
23 CX(26) + HOX(22) <=> CHX(28) + OX(20) -0.000 -0.000 -0.000 -0.000 -0.000
24 CH3X(21) + CX(26) <=> CH2X(27) + CHX(28) -0.000 -0.000 -0.000 -0.000 -0.000
25 CH2X(27) + CX(26) <=> 2 CHX(28) -0.000 -0.000 -0.000 -0.000 -0.000
26 CO(7) + X(1) <=> OCX(25) -0.018 -0.017 -0.035 -0.017 0.005
27 CX(26) + OX(20) <=> OCX(25) + X(1) 0.000 0.000 0.000 0.000 -0.000
28 H2(6) + X(1) <=> H2X(49) -0.000 -0.000 -0.000 -0.000 -0.000
29 CO(7) + X(1) <=> COX(50) -0.000 -0.000 -0.000 -0.000 -0.000
30 C2H4(47) + X(1) <=> C2H4X(210) -0.000 -0.000 -0.000 -0.000 -0.000
31 CH2O(9) + 2 X(1) <=> CHOX(53) + HX(19) -0.000 -0.000 -0.000 0.000 -0.000
32 HCO(15) + X(1) <=> CHOX(53) -0.000 -0.000 -0.000 -0.000 -0.000
33 CH3CHO(16) + 2 X(1) <=> CH3X(21) + CHOX(53) -0.000 -0.000 -0.000 -0.000 -0.000
34 CHOX(53) + X(1) <=> HX(19) + OCX(25) -0.000 0.000 0.000 0.000 -0.000
35 CHOX(53) + OX(20) <=> HOX(22) + OCX(25) -0.000 0.000 -0.000 -0.000 -0.000
36 CH2X(27) + CHOX(53) <=> CH3X(21) + OCX(25) -0.000 -0.000 -0.000 -0.000 -0.000
37 CHOX(53) + CHX(28) <=> CH2X(27) + OCX(25) -0.000 -0.000 -0.000 -0.000 -0.000
38 CHOX(53) + CX(26) <=> CHX(28) + OCX(25) -0.000 -0.000 -0.000 -0.000 -0.000
39 CO2(4) + X(1) <=> CO2X(24) -0.000 -0.000 -0.000 -0.000 -0.000
40 OCX(25) + OX(20) <=> CO2X(24) + X(1) 0.000 0.000 0.000 0.000 -0.000
41 CO2X(24) + HX(19) <=> HOX(22) + OCX(25) 0.256 0.234 0.488 0.231 -0.058
Finished sensitivity simulation for a C/O ratio of 1.0
Finished translating for C/O ratio of 1.0
