This mechanism contains 38 gas reactions and 41 surface reactions
Finished simulation at a C/O ratio of 1.6
Finished simulation at a C/O ratio of 1.1
Finished simulation at a C/O ratio of 0.7
Finished simulation at a C/O ratio of 0.9
Finished simulation at a C/O ratio of 2.0
Finished simulation at a C/O ratio of 1.0
Finished simulation at a C/O ratio of 1.4
Finished simulation at a C/O ratio of 2.4
Finished simulation at a C/O ratio of 2.2
Finished simulation at a C/O ratio of 2.6
Finished simulation at a C/O ratio of 0.6
Finished simulation at a C/O ratio of 0.8
Finished simulation at a C/O ratio of 1.2
Finished simulation at a C/O ratio of 1.8
Finished simulation at a C/O ratio of 1.3
Starting thermo sensitivity simulation for a C/O ratio of 0.9
0 X(1) -0.002 -0.004 -0.006 -0.005 -0.004
1 HX(19) 0.001 0.002 0.003 0.002 0.002
2 OX(20) -0.000 -0.001 -0.001 -0.001 -0.001
3 CH3X(21) -0.000 -0.000 -0.000 -0.000 0.000
4 HOX(22) 0.000 0.000 0.000 0.000 0.000
5 H2OX(23) -0.000 0.001 0.001 0.001 0.001
6 CO2X(24) -0.000 -0.000 -0.000 -0.000 0.000
7 OCX(25) -0.000 -0.000 -0.000 -0.000 0.000
8 CX(26) -0.000 0.000 0.000 -0.000 0.001
9 CH2X(27) 0.001 0.002 0.003 0.002 0.003
10 CHX(28) -0.000 -0.000 -0.000 -0.000 -0.000
11 CH4X(48) -0.000 -0.000 -0.000 -0.000 0.000
12 H2X(49) -0.000 -0.000 -0.000 -0.000 0.000
13 COX(50) -0.000 0.000 0.000 -0.000 0.000
14 CHOX(53) -0.000 0.000 0.000 -0.000 0.000
Finished thermo sensitivity simulation for a C/O ratio of 0.9
Starting thermo sensitivity simulation for a C/O ratio of 1.6
0 X(1) -0.002 -0.004 -0.006 -0.005 -0.006
1 HX(19) 0.001 0.002 0.003 0.002 0.002
2 OX(20) -0.000 -0.001 -0.001 -0.001 0.010
3 CH3X(21) 0.000 -0.000 -0.000 0.000 0.000
4 HOX(22) 0.000 0.000 0.000 0.000 0.001
5 H2OX(23) -0.000 0.001 0.001 0.001 0.013
6 CO2X(24) 0.000 -0.000 -0.000 0.000 0.001
7 OCX(25) -0.000 -0.000 -0.000 -0.000 -0.000
8 CX(26) -0.000 -0.000 -0.000 -0.000 0.002
9 CH2X(27) 0.001 0.002 0.003 0.002 0.004
10 CHX(28) 0.000 -0.000 -0.000 0.000 0.001
11 CH4X(48) -0.000 0.000 0.000 -0.000 -0.000
12 H2X(49) 0.000 0.000 0.000 0.000 0.001
13 COX(50) -0.000 -0.000 -0.000 0.000 0.001
14 CHOX(53) -0.000 0.000 0.000 -0.000 0.001
Finished thermo sensitivity simulation for a C/O ratio of 1.6
Starting thermo sensitivity simulation for a C/O ratio of 1.4
0 X(1) -0.002 -0.004 -0.006 -0.005 -0.006
1 HX(19) 0.001 0.002 0.003 0.002 0.003
2 OX(20) -0.000 -0.001 -0.001 -0.001 -0.001
3 CH3X(21) 0.000 0.000 0.000 0.000 -0.000
4 HOX(22) 0.000 0.000 0.000 0.000 0.000
5 H2OX(23) -0.000 0.001 0.001 0.001 0.001
6 CO2X(24) -0.000 -0.000 -0.000 0.000 -0.000
7 OCX(25) -0.000 0.000 0.000 -0.000 -0.000
8 CX(26) 0.000 -0.000 -0.000 -0.000 0.000
9 CH2X(27) 0.001 0.002 0.003 0.002 0.003
10 CHX(28) 0.000 0.000 0.000 0.000 -0.001
11 CH4X(48) 0.000 -0.000 -0.000 0.000 -0.000
12 H2X(49) -0.000 0.000 0.000 -0.000 -0.000
13 COX(50) -0.000 -0.000 -0.000 -0.000 0.000
14 CHOX(53) 0.000 -0.000 -0.000 -0.000 -0.000
Finished thermo sensitivity simulation for a C/O ratio of 1.4
Starting thermo sensitivity simulation for a C/O ratio of 1.0
0 X(1) -0.002 -0.004 -0.006 -0.005 -0.005
1 HX(19) 0.001 0.002 0.003 0.002 0.002
2 OX(20) -0.000 -0.001 -0.001 -0.001 -0.001
3 CH3X(21) -0.000 0.000 -0.000 -0.000 0.000
4 HOX(22) 0.000 0.000 0.000 0.000 0.000
5 H2OX(23) -0.000 0.001 0.001 0.001 0.001
6 CO2X(24) -0.000 -0.000 -0.000 -0.000 0.000
7 OCX(25) -0.000 -0.000 -0.000 -0.000 0.000
8 CX(26) -0.000 -0.000 -0.000 -0.000 0.001
9 CH2X(27) 0.001 0.002 0.003 0.002 0.003
10 CHX(28) 0.000 0.000 0.000 -0.000 -0.000
11 CH4X(48) 0.000 -0.000 -0.000 -0.000 0.000
12 H2X(49) -0.000 -0.000 -0.000 -0.000 0.000
13 COX(50) -0.000 -0.000 -0.000 -0.000 0.000
14 CHOX(53) -0.000 -0.000 -0.000 -0.000 0.000
Finished thermo sensitivity simulation for a C/O ratio of 1.0
Starting thermo sensitivity simulation for a C/O ratio of 1.1
0 X(1) -0.002 -0.004 -0.006 -0.005 -0.004
1 HX(19) 0.001 0.002 0.003 0.002 0.003
2 OX(20) -0.000 -0.001 -0.001 -0.001 -0.001
3 CH3X(21) 0.000 -0.000 -0.000 -0.000 0.000
4 HOX(22) 0.000 0.000 0.000 0.000 0.000
5 H2OX(23) -0.000 0.001 0.001 0.001 0.001
6 CO2X(24) 0.000 -0.000 -0.000 -0.000 0.000
7 OCX(25) -0.000 0.000 0.000 -0.000 0.000
8 CX(26) 0.000 -0.000 0.000 0.000 0.000
9 CH2X(27) 0.001 0.002 0.003 0.002 0.003
10 CHX(28) -0.000 -0.000 -0.000 -0.000 -0.000
11 CH4X(48) 0.000 0.000 0.000 0.000 0.000
12 H2X(49) -0.000 -0.000 -0.000 -0.000 0.000
13 COX(50) 0.000 -0.000 -0.000 -0.000 0.000
14 CHOX(53) 0.000 -0.000 -0.000 -0.000 0.000
Finished thermo sensitivity simulation for a C/O ratio of 1.1
Starting thermo sensitivity simulation for a C/O ratio of 0.7
0 X(1) -0.002 -0.004 -0.006 -0.005 -0.003
1 HX(19) 0.001 0.002 0.003 0.002 0.001
2 OX(20) -0.000 -0.001 -0.001 -0.001 -0.001
3 CH3X(21) -0.000 -0.000 -0.000 0.000 -0.000
4 HOX(22) 0.000 0.000 0.000 0.000 0.000
5 H2OX(23) -0.000 0.001 0.001 0.001 0.001
6 CO2X(24) -0.000 0.000 0.000 -0.000 -0.000
7 OCX(25) -0.000 -0.000 -0.000 0.000 -0.000
8 CX(26) -0.000 0.000 0.000 0.000 0.001
9 CH2X(27) 0.001 0.002 0.003 0.002 0.002
10 CHX(28) -0.000 -0.000 -0.000 0.000 -0.001
11 CH4X(48) -0.000 0.000 0.000 -0.000 -0.000
12 H2X(49) -0.000 -0.000 -0.000 0.000 -0.000
13 COX(50) -0.000 -0.000 -0.000 0.000 -0.000
14 CHOX(53) -0.000 -0.000 -0.000 -0.000 -0.000
Finished thermo sensitivity simulation for a C/O ratio of 0.7
Starting thermo sensitivity simulation for a C/O ratio of 0.6
0 X(1) -0.002 -0.004 -0.006 -0.005 -0.003
1 HX(19) 0.001 0.002 0.003 0.002 0.001
2 OX(20) -0.000 -0.001 -0.001 -0.001 -0.001
3 CH3X(21) -0.000 -0.000 -0.000 -0.000 0.000
4 HOX(22) 0.000 0.000 0.000 0.000 0.000
5 H2OX(23) -0.000 0.001 0.001 0.001 0.001
6 CO2X(24) -0.000 -0.000 -0.000 -0.000 -0.000
7 OCX(25) -0.000 0.000 0.000 -0.000 -0.000
8 CX(26) 0.000 -0.000 -0.000 -0.000 0.001
9 CH2X(27) 0.001 0.002 0.003 0.002 0.002
10 CHX(28) -0.000 -0.000 -0.000 -0.000 -0.001
11 CH4X(48) -0.000 -0.000 -0.000 -0.000 -0.000
12 H2X(49) -0.000 -0.000 -0.000 -0.000 -0.000
13 COX(50) -0.000 -0.000 -0.000 -0.000 -0.000
14 CHOX(53) -0.000 -0.000 -0.000 -0.000 -0.000
Finished thermo sensitivity simulation for a C/O ratio of 0.6
Starting thermo sensitivity simulation for a C/O ratio of 1.8
0 X(1) -0.002 -0.004 -0.006 -0.005 -0.006
1 HX(19) 0.001 0.002 0.003 0.002 0.004
2 OX(20) -0.000 -0.001 -0.001 -0.001 -0.000
3 CH3X(21) 0.000 0.000 0.000 0.000 0.000
4 HOX(22) 0.000 0.000 0.000 0.000 0.000
5 H2OX(23) -0.000 0.001 0.001 0.001 0.002
6 CO2X(24) 0.000 0.000 0.000 0.000 -0.000
7 OCX(25) -0.000 0.000 0.000 0.000 0.000
8 CX(26) 0.000 0.000 0.000 0.000 0.000
9 CH2X(27) 0.001 0.002 0.003 0.002 0.004
10 CHX(28) 0.000 0.000 0.000 0.000 -0.005
11 CH4X(48) 0.000 0.000 0.000 0.000 0.000
12 H2X(49) 0.000 0.000 0.000 0.000 0.000
13 COX(50) 0.000 0.000 0.000 0.000 0.001
14 CHOX(53) 0.000 0.000 0.000 0.000 0.000
Finished thermo sensitivity simulation for a C/O ratio of 1.8
Starting thermo sensitivity simulation for a C/O ratio of 1.2
0 X(1) -0.002 -0.004 -0.006 -0.005 -0.005
1 HX(19) 0.001 0.002 0.003 0.002 0.002
2 OX(20) -0.000 -0.001 -0.001 -0.001 -0.001
3 CH3X(21) -0.000 -0.000 -0.000 -0.000 -0.000
4 HOX(22) 0.000 0.000 0.000 0.000 0.000
5 H2OX(23) -0.000 0.001 0.001 0.001 0.001
6 CO2X(24) -0.000 -0.000 -0.000 -0.000 -0.000
7 OCX(25) -0.000 -0.000 -0.000 -0.000 -0.000
8 CX(26) -0.000 -0.000 -0.000 -0.000 0.000
9 CH2X(27) 0.001 0.002 0.003 0.002 0.003
10 CHX(28) -0.000 -0.000 -0.000 -0.000 -0.000
11 CH4X(48) -0.000 -0.000 -0.000 -0.000 -0.000
12 H2X(49) -0.000 -0.000 -0.000 -0.000 -0.000
13 COX(50) -0.000 -0.000 -0.000 -0.000 -0.000
14 CHOX(53) -0.000 -0.000 -0.000 -0.000 -0.000
Finished thermo sensitivity simulation for a C/O ratio of 1.2
Starting thermo sensitivity simulation for a C/O ratio of 1.3
0 X(1) -0.002 -0.004 -0.006 -0.005 -0.006
1 HX(19) 0.001 0.002 0.003 0.002 0.003
2 OX(20) -0.000 -0.001 -0.001 -0.001 -0.001
3 CH3X(21) 0.000 -0.000 -0.000 0.000 -0.000
4 HOX(22) 0.000 0.000 0.000 0.000 0.000
5 H2OX(23) -0.000 0.001 0.001 0.001 0.001
6 CO2X(24) 0.000 -0.000 -0.000 0.000 0.000
7 OCX(25) -0.000 -0.000 -0.000 -0.000 0.000
8 CX(26) -0.000 -0.000 -0.000 -0.000 0.000
9 CH2X(27) 0.001 0.002 0.003 0.002 0.003
10 CHX(28) -0.000 -0.000 -0.000 -0.000 -0.000
11 CH4X(48) 0.000 -0.000 -0.000 0.000 0.000
12 H2X(49) -0.000 -0.000 -0.000 -0.000 0.000
13 COX(50) 0.000 -0.000 -0.000 0.000 0.000
14 CHOX(53) 0.000 -0.000 -0.000 0.000 0.000
Finished thermo sensitivity simulation for a C/O ratio of 1.3
Starting thermo sensitivity simulation for a C/O ratio of 2.4
0 X(1) -0.002 -0.004 -0.006 -0.005 -0.007
1 HX(19) 0.001 0.002 0.003 0.002 0.004
2 OX(20) -0.000 -0.001 -0.001 -0.001 -0.001
3 CH3X(21) 0.000 0.000 0.000 0.000 -0.000
4 HOX(22) 0.000 0.000 0.000 0.000 -0.000
5 H2OX(23) -0.000 0.001 0.001 0.001 0.001
6 CO2X(24) -0.000 -0.000 -0.000 -0.000 -0.000
7 OCX(25) -0.000 0.000 0.000 -0.000 -0.000
8 CX(26) -0.000 0.000 0.000 0.000 -0.000
9 CH2X(27) 0.001 0.002 0.003 0.002 0.003
10 CHX(28) 0.000 0.000 0.000 0.000 -0.000
11 CH4X(48) 0.000 0.000 0.000 0.000 -0.000
12 H2X(49) 0.000 0.000 0.000 0.000 -0.000
13 COX(50) 0.000 -0.000 -0.000 0.000 -0.000
14 CHOX(53) 0.000 0.000 0.000 0.000 0.000
Finished thermo sensitivity simulation for a C/O ratio of 2.4
Starting thermo sensitivity simulation for a C/O ratio of 2.0
0 X(1) -0.002 -0.004 -0.006 -0.005 -0.007
1 HX(19) 0.001 0.002 0.003 0.002 0.002
2 OX(20) -0.000 -0.001 -0.001 -0.001 -0.002
3 CH3X(21) -0.000 0.000 0.000 0.000 -0.001
4 HOX(22) 0.000 0.000 0.000 0.000 -0.001
5 H2OX(23) -0.000 0.001 0.001 0.001 0.002
6 CO2X(24) -0.000 0.000 0.000 0.000 -0.001
7 OCX(25) -0.000 0.000 0.000 0.000 -0.000
8 CX(26) 0.000 0.000 0.000 0.000 -0.000
9 CH2X(27) 0.001 0.002 0.003 0.002 0.002
10 CHX(28) -0.000 0.000 0.000 0.000 -0.001
11 CH4X(48) -0.000 0.000 0.000 0.000 -0.002
12 H2X(49) -0.000 0.000 0.000 0.000 -0.001
13 COX(50) -0.000 0.000 0.000 0.000 -0.001
14 CHOX(53) 0.000 0.000 0.000 0.000 -0.001
Finished thermo sensitivity simulation for a C/O ratio of 2.0
Starting thermo sensitivity simulation for a C/O ratio of 2.6
0 X(1) -0.002 -0.004 -0.006 -0.005 -0.007
1 HX(19) 0.001 0.002 0.003 0.002 0.004
2 OX(20) -0.000 -0.001 -0.001 -0.001 -0.001
3 CH3X(21) -0.000 -0.000 -0.000 -0.000 0.000
4 HOX(22) 0.000 0.000 0.000 0.000 0.000
5 H2OX(23) -0.000 0.001 0.001 0.001 0.001
6 CO2X(24) -0.000 -0.000 -0.000 -0.000 0.000
7 OCX(25) -0.000 -0.000 -0.000 -0.000 0.000
8 CX(26) -0.000 -0.000 -0.000 -0.000 0.000
9 CH2X(27) 0.001 0.002 0.003 0.002 0.004
10 CHX(28) -0.000 -0.000 -0.000 -0.000 0.000
11 CH4X(48) -0.000 -0.000 -0.000 -0.000 0.000
12 H2X(49) -0.000 -0.000 -0.000 -0.000 0.000
13 COX(50) -0.000 -0.000 -0.000 -0.000 0.000
14 CHOX(53) -0.000 -0.000 -0.000 -0.000 0.000
Finished thermo sensitivity simulation for a C/O ratio of 2.6
Starting sensitivity simulation for a C/O ratio of 1.3
0 CH4(2) + X(1) <=> CH4X(48) -0.000 -0.000 -0.000 -0.000 0.000
1 O2(3) + 2 X(1) <=> 2 OX(20) 0.325 1.646 1.965 1.798 3.267
2 H2(6) + 2 X(1) <=> 2 HX(19) -0.000 -0.000 -0.000 -0.000 -0.764
3 H(12) + X(1) <=> HX(19) 0.000 0.000 0.000 0.000 -0.000
4 HX(19) + OX(20) <=> HOX(22) + X(1) 0.000 -0.000 -0.000 -0.000 0.000
5 H2O(5) + 2 X(1) <=> HOX(22) + HX(19) 0.000 -0.000 -0.000 -0.000 0.000
6 OH(17) + X(1) <=> HOX(22) -0.000 -0.000 -0.000 -0.000 0.000
7 CH4(2) + 2 X(1) <=> CH3X(21) + HX(19) 0.000 -0.000 -0.000 0.000 0.000
8 CH4(2) + OX(20) + X(1) <=> CH3X(21) + HOX(22) 0.000 -0.013 -0.013 -0.013 -0.022
9 C2H6(8) + 2 X(1) <=> 2 CH3X(21) 0.334 -0.296 0.038 -0.133 -0.611
10 CH3(10) + X(1) <=> CH3X(21) 0.003 0.000 0.003 -0.001 -0.043
11 CH3OH(14) + 2 X(1) <=> CH3X(21) + HOX(22) 0.000 -0.000 -0.000 -0.000 0.000
12 CH2X(27) + HX(19) <=> CH3X(21) + X(1) -0.656 -1.359 -2.023 -1.679 -2.044
13 CH2X(27) + HOX(22) <=> CH3X(21) + OX(20) -0.009 -0.019 -0.028 -0.023 -0.028
14 CHX(28) + HX(19) <=> CH2X(27) + X(1) 0.000 -0.000 -0.000 0.000 0.191
15 CHX(28) + HOX(22) <=> CH2X(27) + OX(20) 0.000 -0.000 -0.000 0.000 0.002
16 2 CH2X(27) <=> CH3X(21) + CHX(28) 0.000 0.000 0.000 0.000 -0.000
17 CHX(28) + X(1) <=> CX(26) + HX(19) -0.000 -0.000 -0.000 -0.000 0.000
18 CX(26) + H2(6) <=> CH2X(27) -0.000 -0.000 -0.000 -0.000 -0.195
19 CX(26) + HOX(22) <=> CHX(28) + OX(20) 0.000 -0.000 -0.000 0.000 0.000
20 CH3X(21) + CX(26) <=> CH2X(27) + CHX(28) -0.000 -0.000 -0.000 -0.000 0.000
21 CH2X(27) + CX(26) <=> 2 CHX(28) -0.000 -0.000 -0.000 0.000 0.000
22 CO(7) + X(1) <=> OCX(25) -0.000 -0.000 -0.000 -0.000 0.000
23 CX(26) + OX(20) <=> OCX(25) + X(1) 0.000 -0.000 -0.000 0.000 0.000
24 H2(6) + X(1) <=> H2X(49) -0.000 -0.000 -0.000 -0.000 0.000
25 CO(7) + X(1) <=> COX(50) 0.000 -0.000 -0.000 0.000 0.000
26 CH4(2) + HOX(22) + X(1) <=> CH3X(21) + H2OX(23) -0.000 -0.000 -0.000 -0.000 -0.000
27 H2O(5) + X(1) <=> H2OX(23) 0.000 -0.001 -0.001 -0.001 -0.001
28 H2OX(23) + OX(20) <=> 2 HOX(22) 0.003 -0.983 -0.980 -0.980 -0.893
29 HOX(22) + HX(19) <=> H2OX(23) + X(1) 0.000 0.000 0.000 0.000 0.000
30 CH2O(9) + 2 X(1) <=> CHOX(53) + HX(19) 0.000 -0.000 -0.000 0.000 0.000
31 HCO(15) + X(1) <=> CHOX(53) -0.000 -0.000 -0.000 -0.000 0.000
32 CH3CHO(16) + 2 X(1) <=> CH3X(21) + CHOX(53) -0.000 -0.000 -0.000 -0.000 0.000
33 CHOX(53) + X(1) <=> HX(19) + OCX(25) 0.000 -0.000 -0.000 0.000 0.000
34 HOX(22) + OCX(25) <=> CHOX(53) + OX(20) -0.000 -0.000 -0.000 -0.000 0.000
35 CH2X(27) + CHOX(53) <=> CH3X(21) + OCX(25) 0.000 -0.000 -0.000 0.000 0.000
36 CHOX(53) + CHX(28) <=> CH2X(27) + OCX(25) 0.000 -0.000 -0.000 0.000 -0.000
37 CHOX(53) + CX(26) <=> CHX(28) + OCX(25) -0.000 -0.000 -0.000 -0.000 0.000
38 CO2(4) + X(1) <=> CO2X(24) -0.000 -0.000 -0.000 -0.000 0.000
39 OCX(25) + OX(20) <=> CO2X(24) + X(1) 0.000 0.000 0.000 0.000 -0.000
40 CO2X(24) + HX(19) <=> HOX(22) + OCX(25) -0.000 -0.000 -0.000 -0.000 0.000
Finished sensitivity simulation for a C/O ratio of 1.3
Finished translating for C/O ratio of 1.3
Starting sensitivity simulation for a C/O ratio of 1.8
0 CH4(2) + X(1) <=> CH4X(48) 0.000 0.000 0.000 0.000 0.001
1 O2(3) + 2 X(1) <=> 2 OX(20) 0.315 1.669 1.978 1.816 3.755
2 H2(6) + 2 X(1) <=> 2 HX(19) 0.000 0.000 0.000 0.000 -0.891
3 H(12) + X(1) <=> HX(19) 0.000 0.000 0.000 0.000 -0.000
4 HX(19) + OX(20) <=> HOX(22) + X(1) 0.000 0.000 0.000 0.000 0.001
5 H2O(5) + 2 X(1) <=> HOX(22) + HX(19) 0.000 -0.000 -0.000 0.000 0.000
6 OH(17) + X(1) <=> HOX(22) 0.000 0.000 0.000 0.000 0.001
7 CH4(2) + 2 X(1) <=> CH3X(21) + HX(19) 0.000 0.000 0.000 0.000 0.000
8 CH4(2) + OX(20) + X(1) <=> CH3X(21) + HOX(22) 0.000 -0.013 -0.013 -0.013 -0.024
9 C2H6(8) + 2 X(1) <=> 2 CH3X(21) 0.321 -0.281 0.041 -0.125 -0.667
10 CH3(10) + X(1) <=> CH3X(21) 0.002 0.000 0.002 -0.001 -0.033
11 CH3OH(14) + 2 X(1) <=> CH3X(21) + HOX(22) 0.000 -0.000 -0.000 -0.000 0.000
12 CH2X(27) + HX(19) <=> CH3X(21) + X(1) -0.633 -1.401 -2.043 -1.710 -2.318
13 CH2X(27) + HOX(22) <=> CH3X(21) + OX(20) -0.006 -0.013 -0.019 -0.016 -0.021
14 CHX(28) + HX(19) <=> CH2X(27) + X(1) 0.000 0.000 0.000 0.000 0.078
15 CHX(28) + HOX(22) <=> CH2X(27) + OX(20) 0.000 -0.000 -0.000 0.000 0.001
16 2 CH2X(27) <=> CH3X(21) + CHX(28) 0.000 0.000 0.000 0.000 0.000
17 CHX(28) + X(1) <=> CX(26) + HX(19) 0.000 0.000 0.000 0.000 0.001
18 CX(26) + H2(6) <=> CH2X(27) 0.000 0.000 0.000 0.000 -0.078
19 CX(26) + HOX(22) <=> CHX(28) + OX(20) 0.000 0.000 0.000 0.000 0.000
20 CH3X(21) + CX(26) <=> CH2X(27) + CHX(28) 0.000 0.000 0.000 0.000 0.001
21 CH2X(27) + CX(26) <=> 2 CHX(28) 0.000 0.000 0.000 0.000 0.000
22 CO(7) + X(1) <=> OCX(25) -0.000 -0.000 -0.000 -0.000 0.001
23 CX(26) + OX(20) <=> OCX(25) + X(1) 0.000 0.000 0.000 0.000 0.001
24 H2(6) + X(1) <=> H2X(49) 0.000 0.000 0.000 0.000 0.001
25 CO(7) + X(1) <=> COX(50) 0.000 0.000 0.000 0.000 0.000
26 CH4(2) + HOX(22) + X(1) <=> CH3X(21) + H2OX(23) 0.000 -0.000 -0.000 -0.000 0.001
27 H2O(5) + X(1) <=> H2OX(23) 0.000 -0.001 -0.001 -0.001 -0.001
28 H2OX(23) + OX(20) <=> 2 HOX(22) 0.002 -0.985 -0.983 -0.983 -0.949
29 HOX(22) + HX(19) <=> H2OX(23) + X(1) 0.000 0.000 0.000 0.000 0.000
30 CH2O(9) + 2 X(1) <=> CHOX(53) + HX(19) 0.000 0.000 0.000 0.000 0.001
31 HCO(15) + X(1) <=> CHOX(53) 0.000 0.000 0.000 0.000 0.001
32 CH3CHO(16) + 2 X(1) <=> CH3X(21) + CHOX(53) 0.000 0.000 0.000 0.000 0.001
33 CHOX(53) + X(1) <=> HX(19) + OCX(25) 0.000 0.000 0.000 0.000 0.000
34 HOX(22) + OCX(25) <=> CHOX(53) + OX(20) 0.000 0.000 0.000 0.000 0.001
35 CH2X(27) + CHOX(53) <=> CH3X(21) + OCX(25) 0.000 0.000 0.000 0.000 0.001
36 CHOX(53) + CHX(28) <=> CH2X(27) + OCX(25) 0.000 -0.000 -0.000 0.000 0.000
37 CHOX(53) + CX(26) <=> CHX(28) + OCX(25) 0.000 0.000 0.000 0.000 0.000
38 CO2(4) + X(1) <=> CO2X(24) 0.000 -0.000 -0.000 0.000 0.000
39 OCX(25) + OX(20) <=> CO2X(24) + X(1) 0.000 0.000 0.000 0.000 0.001
40 CO2X(24) + HX(19) <=> HOX(22) + OCX(25) 0.000 0.000 0.000 0.000 0.000
Finished sensitivity simulation for a C/O ratio of 1.8
Finished translating for C/O ratio of 1.8
Starting sensitivity simulation for a C/O ratio of 1.6
0 CH4(2) + X(1) <=> CH4X(48) 0.000 0.000 0.000 0.000 0.000
1 O2(3) + 2 X(1) <=> 2 OX(20) 0.319 1.660 1.974 1.809 3.607
2 H2(6) + 2 X(1) <=> 2 HX(19) 0.000 -0.000 -0.000 0.000 -0.854
3 H(12) + X(1) <=> HX(19) 0.000 -0.000 -0.000 0.000 0.001
4 HX(19) + OX(20) <=> HOX(22) + X(1) -0.000 -0.000 -0.000 -0.000 0.001
5 H2O(5) + 2 X(1) <=> HOX(22) + HX(19) 0.000 -0.000 -0.000 -0.000 0.001
6 OH(17) + X(1) <=> HOX(22) -0.000 -0.000 -0.000 0.000 0.001
7 CH4(2) + 2 X(1) <=> CH3X(21) + HX(19) 0.000 0.000 0.000 0.000 0.001
8 CH4(2) + OX(20) + X(1) <=> CH3X(21) + HOX(22) 0.000 -0.013 -0.013 -0.013 -0.023
9 C2H6(8) + 2 X(1) <=> 2 CH3X(21) 0.326 -0.287 0.040 -0.128 -0.645
10 CH3(10) + X(1) <=> CH3X(21) 0.002 0.000 0.003 -0.001 -0.031
11 CH3OH(14) + 2 X(1) <=> CH3X(21) + HOX(22) 0.000 -0.000 -0.000 -0.000 -0.001
12 CH2X(27) + HX(19) <=> CH3X(21) + X(1) -0.642 -1.385 -2.037 -1.699 -2.226
13 CH2X(27) + HOX(22) <=> CH3X(21) + OX(20) -0.007 -0.015 -0.022 -0.018 -0.023
14 CHX(28) + HX(19) <=> CH2X(27) + X(1) 0.000 -0.000 -0.000 0.000 0.111
15 CHX(28) + HOX(22) <=> CH2X(27) + OX(20) 0.000 0.000 0.000 0.000 0.002
16 2 CH2X(27) <=> CH3X(21) + CHX(28) 0.000 -0.000 -0.000 0.000 0.000
17 CHX(28) + X(1) <=> CX(26) + HX(19) 0.000 -0.000 -0.000 -0.000 0.012
18 CX(26) + H2(6) <=> CH2X(27) 0.000 -0.000 -0.000 -0.000 -0.111
19 CX(26) + HOX(22) <=> CHX(28) + OX(20) 0.000 -0.000 -0.000 -0.000 0.002
20 CH3X(21) + CX(26) <=> CH2X(27) + CHX(28) 0.000 -0.000 -0.000 0.000 0.002
21 CH2X(27) + CX(26) <=> 2 CHX(28) 0.000 -0.000 -0.000 0.000 0.001
22 CO(7) + X(1) <=> OCX(25) -0.000 -0.000 -0.000 -0.000 0.002
23 CX(26) + OX(20) <=> OCX(25) + X(1) 0.000 0.000 0.000 0.000 0.001
24 H2(6) + X(1) <=> H2X(49) 0.000 -0.000 -0.000 -0.000 0.001
25 CO(7) + X(1) <=> COX(50) 0.000 -0.000 -0.000 0.000 0.001
26 CH4(2) + HOX(22) + X(1) <=> CH3X(21) + H2OX(23) 0.000 -0.000 -0.000 -0.000 -0.001
27 H2O(5) + X(1) <=> H2OX(23) 0.000 -0.001 -0.001 -0.001 0.001
28 H2OX(23) + OX(20) <=> 2 HOX(22) 0.002 -0.984 -0.982 -0.982 -0.930
29 HOX(22) + HX(19) <=> H2OX(23) + X(1) 0.000 -0.000 -0.000 0.000 0.001
30 CH2O(9) + 2 X(1) <=> CHOX(53) + HX(19) 0.000 -0.000 -0.000 0.000 0.002
31 HCO(15) + X(1) <=> CHOX(53) 0.000 0.000 0.000 0.000 -0.000
32 CH3CHO(16) + 2 X(1) <=> CH3X(21) + CHOX(53) 0.000 0.000 0.000 0.000 0.001
33 CHOX(53) + X(1) <=> HX(19) + OCX(25) -0.000 -0.000 -0.000 -0.000 0.002
34 HOX(22) + OCX(25) <=> CHOX(53) + OX(20) 0.000 0.000 0.000 0.000 0.000
35 CH2X(27) + CHOX(53) <=> CH3X(21) + OCX(25) 0.000 0.000 0.000 0.000 0.003
36 CHOX(53) + CHX(28) <=> CH2X(27) + OCX(25) 0.000 -0.000 -0.000 0.000 0.001
37 CHOX(53) + CX(26) <=> CHX(28) + OCX(25) 0.000 0.000 0.000 0.000 0.002
38 CO2(4) + X(1) <=> CO2X(24) 0.000 0.000 0.000 0.000 0.000
39 OCX(25) + OX(20) <=> CO2X(24) + X(1) 0.000 0.000 0.000 0.000 0.000
40 CO2X(24) + HX(19) <=> HOX(22) + OCX(25) 0.000 -0.000 -0.000 0.000 0.002
Finished sensitivity simulation for a C/O ratio of 1.6
Finished translating for C/O ratio of 1.6
Starting sensitivity simulation for a C/O ratio of 2.0
0 CH4(2) + X(1) <=> CH4X(48) -0.000 -0.000 -0.000 0.000 -0.002
1 O2(3) + 2 X(1) <=> 2 OX(20) 0.310 1.677 1.982 1.822 3.855
2 H2(6) + 2 X(1) <=> 2 HX(19) 0.000 -0.000 -0.000 0.000 -0.917
3 H(12) + X(1) <=> HX(19) 0.000 0.000 0.000 0.000 -0.001
4 HX(19) + OX(20) <=> HOX(22) + X(1) -0.000 0.000 0.000 0.000 -0.001
5 H2O(5) + 2 X(1) <=> HOX(22) + HX(19) 0.000 -0.000 -0.000 -0.000 -0.001
6 OH(17) + X(1) <=> HOX(22) -0.000 0.000 0.000 0.000 -0.001
7 CH4(2) + 2 X(1) <=> CH3X(21) + HX(19) -0.000 -0.000 -0.000 0.000 -0.001
8 CH4(2) + OX(20) + X(1) <=> CH3X(21) + HOX(22) 0.000 -0.013 -0.013 -0.013 -0.026
9 C2H6(8) + 2 X(1) <=> 2 CH3X(21) 0.315 -0.275 0.042 -0.122 -0.670
10 CH3(10) + X(1) <=> CH3X(21) 0.002 0.000 0.002 -0.000 -0.015
11 CH3OH(14) + 2 X(1) <=> CH3X(21) + HOX(22) 0.000 -0.000 -0.000 -0.000 -0.000
12 CH2X(27) + HX(19) <=> CH3X(21) + X(1) -0.624 -1.416 -2.049 -1.720 -2.392
13 CH2X(27) + HOX(22) <=> CH3X(21) + OX(20) -0.005 -0.012 -0.017 -0.015 -0.021
14 CHX(28) + HX(19) <=> CH2X(27) + X(1) -0.000 -0.000 -0.000 0.000 0.055
15 CHX(28) + HOX(22) <=> CH2X(27) + OX(20) -0.000 0.000 0.000 0.000 -0.001
16 2 CH2X(27) <=> CH3X(21) + CHX(28) -0.000 0.000 0.000 0.000 -0.002
17 CHX(28) + X(1) <=> CX(26) + HX(19) -0.000 0.000 -0.000 0.000 -0.002
18 CX(26) + H2(6) <=> CH2X(27) 0.000 0.000 0.000 0.000 -0.058
19 CX(26) + HOX(22) <=> CHX(28) + OX(20) -0.000 0.000 0.000 0.000 -0.002
20 CH3X(21) + CX(26) <=> CH2X(27) + CHX(28) -0.000 0.000 0.000 0.000 -0.001
21 CH2X(27) + CX(26) <=> 2 CHX(28) -0.000 0.000 0.000 0.000 -0.002
22 CO(7) + X(1) <=> OCX(25) -0.000 -0.000 -0.000 -0.000 0.000
23 CX(26) + OX(20) <=> OCX(25) + X(1) 0.000 0.000 0.000 0.000 -0.001
24 H2(6) + X(1) <=> H2X(49) 0.000 0.000 0.000 0.000 -0.001
25 CO(7) + X(1) <=> COX(50) 0.000 0.000 0.000 0.000 -0.001
26 CH4(2) + HOX(22) + X(1) <=> CH3X(21) + H2OX(23) 0.000 -0.000 -0.000 -0.000 -0.001
27 H2O(5) + X(1) <=> H2OX(23) 0.000 -0.001 -0.001 -0.001 -0.001
28 H2OX(23) + OX(20) <=> 2 HOX(22) 0.002 -0.986 -0.984 -0.984 -0.953
29 HOX(22) + HX(19) <=> H2OX(23) + X(1) 0.000 0.000 0.000 0.000 -0.001
30 CH2O(9) + 2 X(1) <=> CHOX(53) + HX(19) -0.000 0.000 0.000 0.000 -0.001
31 HCO(15) + X(1) <=> CHOX(53) -0.000 -0.000 -0.000 0.000 -0.001
32 CH3CHO(16) + 2 X(1) <=> CH3X(21) + CHOX(53) -0.000 0.000 0.000 0.000 -0.002
33 CHOX(53) + X(1) <=> HX(19) + OCX(25) -0.000 0.000 0.000 0.000 -0.000
34 HOX(22) + OCX(25) <=> CHOX(53) + OX(20) 0.000 0.000 0.000 0.000 -0.002
35 CH2X(27) + CHOX(53) <=> CH3X(21) + OCX(25) 0.000 0.000 0.000 0.000 -0.001
36 CHOX(53) + CHX(28) <=> CH2X(27) + OCX(25) 0.000 0.000 0.000 0.000 -0.001
37 CHOX(53) + CX(26) <=> CHX(28) + OCX(25) -0.000 0.000 0.000 0.000 -0.001
38 CO2(4) + X(1) <=> CO2X(24) 0.000 0.000 0.000 0.000 -0.001
39 OCX(25) + OX(20) <=> CO2X(24) + X(1) 0.000 0.000 0.000 0.000 -0.000
40 CO2X(24) + HX(19) <=> HOX(22) + OCX(25) 0.000 0.000 0.000 0.000 -0.001
Finished sensitivity simulation for a C/O ratio of 2.0
Finished translating for C/O ratio of 2.0
Starting sensitivity simulation for a C/O ratio of 1.1
0 CH4(2) + X(1) <=> CH4X(48) 0.000 0.000 0.000 0.000 0.000
1 O2(3) + 2 X(1) <=> 2 OX(20) 0.328 1.634 1.957 1.788 2.905
2 H2(6) + 2 X(1) <=> 2 HX(19) 0.000 0.000 0.000 0.000 -0.666
3 H(12) + X(1) <=> HX(19) -0.000 -0.000 -0.000 -0.000 -0.000
4 HX(19) + OX(20) <=> HOX(22) + X(1) -0.000 -0.000 -0.000 -0.000 0.000
5 H2O(5) + 2 X(1) <=> HOX(22) + HX(19) 0.000 -0.000 -0.000 -0.000 0.000
6 OH(17) + X(1) <=> HOX(22) -0.000 -0.000 -0.000 -0.000 0.000
7 CH4(2) + 2 X(1) <=> CH3X(21) + HX(19) -0.000 0.000 0.000 -0.000 0.000
8 CH4(2) + OX(20) + X(1) <=> CH3X(21) + HOX(22) 0.000 -0.013 -0.013 -0.013 -0.020
9 C2H6(8) + 2 X(1) <=> 2 CH3X(21) 0.339 -0.303 0.037 -0.137 -0.547
10 CH3(10) + X(1) <=> CH3X(21) 0.003 0.000 0.004 -0.001 -0.045
11 CH3OH(14) + 2 X(1) <=> CH3X(21) + HOX(22) 0.000 0.000 0.000 -0.000 0.000
12 CH2X(27) + HX(19) <=> CH3X(21) + X(1) -0.664 -1.338 -2.011 -1.663 -1.875
13 CH2X(27) + HOX(22) <=> CH3X(21) + OX(20) -0.011 -0.022 -0.033 -0.027 -0.031
14 CHX(28) + HX(19) <=> CH2X(27) + X(1) 0.000 -0.000 -0.000 0.000 0.283
15 CHX(28) + HOX(22) <=> CH2X(27) + OX(20) -0.000 -0.000 -0.000 -0.000 0.003
16 2 CH2X(27) <=> CH3X(21) + CHX(28) 0.000 -0.000 -0.000 -0.000 0.000
17 CHX(28) + X(1) <=> CX(26) + HX(19) -0.000 0.000 0.000 -0.000 0.000
18 CX(26) + H2(6) <=> CH2X(27) -0.000 -0.000 -0.000 -0.000 -0.289
19 CX(26) + HOX(22) <=> CHX(28) + OX(20) -0.000 0.000 0.000 -0.000 -0.000
20 CH3X(21) + CX(26) <=> CH2X(27) + CHX(28) -0.000 -0.000 -0.000 -0.000 0.000
21 CH2X(27) + CX(26) <=> 2 CHX(28) 0.000 -0.000 -0.000 -0.000 0.000
22 CO(7) + X(1) <=> OCX(25) -0.000 -0.000 -0.000 -0.000 0.000
23 CX(26) + OX(20) <=> OCX(25) + X(1) 0.000 -0.000 -0.000 -0.000 0.000
24 H2(6) + X(1) <=> H2X(49) 0.000 -0.000 -0.000 0.000 0.000
25 CO(7) + X(1) <=> COX(50) -0.000 -0.000 -0.000 -0.000 0.000
26 CH4(2) + HOX(22) + X(1) <=> CH3X(21) + H2OX(23) 0.000 -0.000 -0.000 -0.000 0.000
27 H2O(5) + X(1) <=> H2OX(23) 0.000 -0.001 -0.001 -0.001 -0.001
28 H2OX(23) + OX(20) <=> 2 HOX(22) 0.004 -0.981 -0.977 -0.978 -0.847
29 HOX(22) + HX(19) <=> H2OX(23) + X(1) -0.000 -0.000 -0.000 -0.000 0.000
30 CH2O(9) + 2 X(1) <=> CHOX(53) + HX(19) -0.000 0.000 0.000 -0.000 0.000
31 HCO(15) + X(1) <=> CHOX(53) 0.000 -0.000 -0.000 0.000 0.000
32 CH3CHO(16) + 2 X(1) <=> CH3X(21) + CHOX(53) -0.000 -0.000 -0.000 -0.000 0.000
33 CHOX(53) + X(1) <=> HX(19) + OCX(25) -0.000 -0.000 -0.000 -0.000 0.000
34 HOX(22) + OCX(25) <=> CHOX(53) + OX(20) -0.000 -0.000 -0.000 -0.000 0.000
35 CH2X(27) + CHOX(53) <=> CH3X(21) + OCX(25) 0.000 -0.000 -0.000 0.000 0.000
36 CHOX(53) + CHX(28) <=> CH2X(27) + OCX(25) 0.000 -0.000 -0.000 -0.000 0.000
37 CHOX(53) + CX(26) <=> CHX(28) + OCX(25) -0.000 -0.000 -0.000 -0.000 -0.000
38 CO2(4) + X(1) <=> CO2X(24) -0.000 -0.000 -0.000 -0.000 0.000
39 OCX(25) + OX(20) <=> CO2X(24) + X(1) 0.000 0.000 0.000 0.000 0.000
40 CO2X(24) + HX(19) <=> HOX(22) + OCX(25) 0.000 0.000 0.000 0.000 0.000
Finished sensitivity simulation for a C/O ratio of 1.1
Finished translating for C/O ratio of 1.1
Starting sensitivity simulation for a C/O ratio of 1.4
0 CH4(2) + X(1) <=> CH4X(48) 0.000 0.000 0.000 0.000 -0.000
1 O2(3) + 2 X(1) <=> 2 OX(20) 0.323 1.651 1.968 1.802 3.403
2 H2(6) + 2 X(1) <=> 2 HX(19) 0.000 -0.000 -0.000 0.000 -0.801
3 H(12) + X(1) <=> HX(19) 0.000 0.000 0.000 0.000 -0.000
4 HX(19) + OX(20) <=> HOX(22) + X(1) 0.000 0.000 0.000 0.000 0.000
5 H2O(5) + 2 X(1) <=> HOX(22) + HX(19) 0.000 -0.000 -0.000 -0.000 -0.000
6 OH(17) + X(1) <=> HOX(22) -0.000 0.000 0.000 -0.000 -0.000
7 CH4(2) + 2 X(1) <=> CH3X(21) + HX(19) -0.000 0.000 0.000 0.000 -0.000
8 CH4(2) + OX(20) + X(1) <=> CH3X(21) + HOX(22) 0.000 -0.013 -0.013 -0.013 -0.023
9 C2H6(8) + 2 X(1) <=> 2 CH3X(21) 0.331 -0.293 0.039 -0.132 -0.632
10 CH3(10) + X(1) <=> CH3X(21) 0.003 0.000 0.003 -0.001 -0.041
11 CH3OH(14) + 2 X(1) <=> CH3X(21) + HOX(22) 0.000 -0.000 -0.000 -0.000 -0.000
12 CH2X(27) + HX(19) <=> CH3X(21) + X(1) -0.651 -1.368 -2.028 -1.686 -2.113
13 CH2X(27) + HOX(22) <=> CH3X(21) + OX(20) -0.008 -0.017 -0.026 -0.021 -0.027
14 CHX(28) + HX(19) <=> CH2X(27) + X(1) -0.000 0.000 0.000 -0.000 0.158
15 CHX(28) + HOX(22) <=> CH2X(27) + OX(20) 0.000 0.000 0.000 0.000 0.001
16 2 CH2X(27) <=> CH3X(21) + CHX(28) 0.000 -0.000 -0.000 0.000 0.000
17 CHX(28) + X(1) <=> CX(26) + HX(19) -0.000 -0.000 -0.000 -0.000 -0.000
18 CX(26) + H2(6) <=> CH2X(27) -0.000 0.000 0.000 -0.000 -0.161
19 CX(26) + HOX(22) <=> CHX(28) + OX(20) -0.000 -0.000 -0.000 0.000 -0.000
20 CH3X(21) + CX(26) <=> CH2X(27) + CHX(28) 0.000 0.000 0.000 0.000 -0.000
21 CH2X(27) + CX(26) <=> 2 CHX(28) -0.000 -0.000 -0.000 0.000 -0.000
22 CO(7) + X(1) <=> OCX(25) -0.000 -0.000 -0.000 -0.000 0.000
23 CX(26) + OX(20) <=> OCX(25) + X(1) 0.000 0.000 0.000 0.000 0.000
24 H2(6) + X(1) <=> H2X(49) 0.000 0.000 0.000 0.000 -0.000
25 CO(7) + X(1) <=> COX(50) 0.000 -0.000 -0.000 -0.000 -0.000
26 CH4(2) + HOX(22) + X(1) <=> CH3X(21) + H2OX(23) 0.000 -0.000 -0.000 -0.000 -0.000
27 H2O(5) + X(1) <=> H2OX(23) 0.000 -0.001 -0.001 -0.001 -0.001
28 H2OX(23) + OX(20) <=> 2 HOX(22) 0.003 -0.983 -0.981 -0.981 -0.910
29 HOX(22) + HX(19) <=> H2OX(23) + X(1) -0.000 -0.000 -0.000 -0.000 -0.000
30 CH2O(9) + 2 X(1) <=> CHOX(53) + HX(19) -0.000 -0.000 -0.000 -0.000 0.000
31 HCO(15) + X(1) <=> CHOX(53) -0.000 -0.000 -0.000 -0.000 -0.000
32 CH3CHO(16) + 2 X(1) <=> CH3X(21) + CHOX(53) -0.000 -0.000 -0.000 -0.000 0.000
33 CHOX(53) + X(1) <=> HX(19) + OCX(25) 0.000 0.000 0.000 0.000 -0.000
34 HOX(22) + OCX(25) <=> CHOX(53) + OX(20) 0.000 0.000 0.000 0.000 -0.000
35 CH2X(27) + CHOX(53) <=> CH3X(21) + OCX(25) 0.000 0.000 0.000 0.000 -0.000
36 CHOX(53) + CHX(28) <=> CH2X(27) + OCX(25) 0.000 -0.000 -0.000 0.000 -0.000
37 CHOX(53) + CX(26) <=> CHX(28) + OCX(25) -0.000 -0.000 -0.000 0.000 -0.000
38 CO2(4) + X(1) <=> CO2X(24) 0.000 0.000 0.000 0.000 0.000
39 OCX(25) + OX(20) <=> CO2X(24) + X(1) 0.000 0.000 0.000 0.000 -0.000
40 CO2X(24) + HX(19) <=> HOX(22) + OCX(25) -0.000 -0.000 -0.000 -0.000 -0.000
Finished sensitivity simulation for a C/O ratio of 1.4
Finished translating for C/O ratio of 1.4
Starting sensitivity simulation for a C/O ratio of 0.9
0 CH4(2) + X(1) <=> CH4X(48) -0.000 -0.000 -0.000 -0.000 0.000
1 O2(3) + 2 X(1) <=> 2 OX(20) 0.330 1.620 1.945 1.776 2.392
2 H2(6) + 2 X(1) <=> 2 HX(19) -0.000 -0.000 -0.000 -0.000 -0.525
3 H(12) + X(1) <=> HX(19) -0.000 0.000 0.000 -0.000 0.000
4 HX(19) + OX(20) <=> HOX(22) + X(1) -0.000 0.000 0.000 -0.000 0.000
5 H2O(5) + 2 X(1) <=> HOX(22) + HX(19) -0.000 -0.000 -0.000 -0.000 0.000
6 OH(17) + X(1) <=> HOX(22) -0.000 -0.000 -0.000 -0.000 0.000
7 CH4(2) + 2 X(1) <=> CH3X(21) + HX(19) -0.000 -0.000 -0.000 -0.000 0.000
8 CH4(2) + OX(20) + X(1) <=> CH3X(21) + HOX(22) 0.000 -0.013 -0.013 -0.013 -0.018
9 C2H6(8) + 2 X(1) <=> 2 CH3X(21) 0.345 -0.310 0.036 -0.140 -0.440
10 CH3(10) + X(1) <=> CH3X(21) 0.004 0.000 0.004 -0.001 -0.045
11 CH3OH(14) + 2 X(1) <=> CH3X(21) + HOX(22) 0.000 -0.000 -0.000 -0.000 0.000
12 CH2X(27) + HX(19) <=> CH3X(21) + X(1) -0.671 -1.315 -1.995 -1.644 -1.660
13 CH2X(27) + HOX(22) <=> CH3X(21) + OX(20) -0.014 -0.027 -0.041 -0.034 -0.034
14 CHX(28) + HX(19) <=> CH2X(27) + X(1) -0.000 -0.000 -0.000 -0.000 0.419
15 CHX(28) + HOX(22) <=> CH2X(27) + OX(20) -0.000 -0.000 -0.000 -0.000 0.005
16 2 CH2X(27) <=> CH3X(21) + CHX(28) -0.000 -0.000 -0.000 -0.000 0.000
17 CHX(28) + X(1) <=> CX(26) + HX(19) -0.000 -0.000 -0.000 -0.000 0.000
18 CX(26) + H2(6) <=> CH2X(27) -0.000 0.000 0.000 -0.000 -0.428
19 CX(26) + HOX(22) <=> CHX(28) + OX(20) -0.000 -0.000 -0.000 -0.000 0.000
20 CH3X(21) + CX(26) <=> CH2X(27) + CHX(28) -0.000 -0.000 -0.000 -0.000 0.000
21 CH2X(27) + CX(26) <=> 2 CHX(28) -0.000 0.000 0.000 -0.000 0.000
22 CO(7) + X(1) <=> OCX(25) -0.000 -0.000 -0.000 -0.000 0.000
23 CX(26) + OX(20) <=> OCX(25) + X(1) -0.000 0.000 0.000 -0.000 0.000
24 H2(6) + X(1) <=> H2X(49) -0.000 -0.000 -0.000 -0.000 0.000
25 CO(7) + X(1) <=> COX(50) -0.000 -0.000 -0.000 -0.000 0.000
26 CH4(2) + HOX(22) + X(1) <=> CH3X(21) + H2OX(23) 0.000 -0.000 -0.000 -0.000 0.000
27 H2O(5) + X(1) <=> H2OX(23) 0.000 -0.001 -0.001 -0.001 -0.000
28 H2OX(23) + OX(20) <=> 2 HOX(22) 0.005 -0.979 -0.974 -0.975 -0.777
29 HOX(22) + HX(19) <=> H2OX(23) + X(1) -0.000 0.000 0.000 -0.000 0.000
30 CH2O(9) + 2 X(1) <=> CHOX(53) + HX(19) -0.000 -0.000 -0.000 -0.000 0.000
31 HCO(15) + X(1) <=> CHOX(53) -0.000 -0.000 -0.000 -0.000 0.000
32 CH3CHO(16) + 2 X(1) <=> CH3X(21) + CHOX(53) -0.000 0.000 0.000 -0.000 0.000
33 CHOX(53) + X(1) <=> HX(19) + OCX(25) -0.000 -0.000 -0.000 -0.000 0.000
34 HOX(22) + OCX(25) <=> CHOX(53) + OX(20) -0.000 -0.000 -0.000 -0.000 0.000
35 CH2X(27) + CHOX(53) <=> CH3X(21) + OCX(25) -0.000 -0.000 -0.000 -0.000 0.000
36 CHOX(53) + CHX(28) <=> CH2X(27) + OCX(25) -0.000 -0.000 -0.000 -0.000 0.000
37 CHOX(53) + CX(26) <=> CHX(28) + OCX(25) -0.000 -0.000 -0.000 -0.000 0.000
38 CO2(4) + X(1) <=> CO2X(24) -0.000 -0.000 -0.000 -0.000 0.000
39 OCX(25) + OX(20) <=> CO2X(24) + X(1) 0.000 0.000 0.000 0.000 0.000
40 CO2X(24) + HX(19) <=> HOX(22) + OCX(25) -0.000 -0.000 -0.000 -0.000 0.000
Finished sensitivity simulation for a C/O ratio of 0.9
Finished translating for C/O ratio of 0.9
Starting sensitivity simulation for a C/O ratio of 0.8
0 CH4(2) + X(1) <=> CH4X(48) -0.000 0.000 0.000 -0.000 -0.000
1 O2(3) + 2 X(1) <=> 2 OX(20) 0.331 1.612 1.938 1.768 2.078
2 H2(6) + 2 X(1) <=> 2 HX(19) -0.000 0.000 0.000 0.000 -0.438
3 H(12) + X(1) <=> HX(19) -0.000 0.000 0.000 0.000 -0.000
4 HX(19) + OX(20) <=> HOX(22) + X(1) -0.000 0.000 0.000 -0.000 -0.000
5 H2O(5) + 2 X(1) <=> HOX(22) + HX(19) -0.000 0.000 0.000 -0.000 -0.000
6 OH(17) + X(1) <=> HOX(22) -0.000 0.000 0.000 0.000 -0.000
7 CH4(2) + 2 X(1) <=> CH3X(21) + HX(19) -0.000 0.000 0.000 0.000 -0.000
8 CH4(2) + OX(20) + X(1) <=> CH3X(21) + HOX(22) 0.000 -0.013 -0.013 -0.013 -0.016
9 C2H6(8) + 2 X(1) <=> 2 CH3X(21) 0.348 -0.313 0.036 -0.141 -0.369
10 CH3(10) + X(1) <=> CH3X(21) 0.005 0.000 0.005 -0.001 -0.044
11 CH3OH(14) + 2 X(1) <=> CH3X(21) + HOX(22) 0.000 0.000 0.000 -0.000 -0.000
12 CH2X(27) + HX(19) <=> CH3X(21) + X(1) -0.674 -1.301 -1.984 -1.633 -1.538
13 CH2X(27) + HOX(22) <=> CH3X(21) + OX(20) -0.016 -0.030 -0.046 -0.038 -0.036
14 CHX(28) + HX(19) <=> CH2X(27) + X(1) -0.000 0.000 0.000 -0.000 0.504
15 CHX(28) + HOX(22) <=> CH2X(27) + OX(20) 0.000 0.000 0.000 0.000 0.007
16 2 CH2X(27) <=> CH3X(21) + CHX(28) -0.000 0.000 0.000 -0.000 -0.000
17 CHX(28) + X(1) <=> CX(26) + HX(19) -0.000 0.000 0.000 0.000 -0.000
18 CX(26) + H2(6) <=> CH2X(27) -0.000 0.000 0.000 0.000 -0.516
19 CX(26) + HOX(22) <=> CHX(28) + OX(20) -0.000 0.000 0.000 -0.000 -0.000
20 CH3X(21) + CX(26) <=> CH2X(27) + CHX(28) -0.000 0.000 0.000 -0.000 -0.000
21 CH2X(27) + CX(26) <=> 2 CHX(28) 0.000 0.000 0.000 0.000 -0.000
22 CO(7) + X(1) <=> OCX(25) -0.000 -0.000 -0.000 -0.000 -0.000
23 CX(26) + OX(20) <=> OCX(25) + X(1) -0.000 0.000 0.000 0.000 -0.000
24 H2(6) + X(1) <=> H2X(49) -0.000 0.000 0.000 0.000 -0.000
25 CO(7) + X(1) <=> COX(50) 0.000 0.000 0.000 0.000 -0.000
26 CH4(2) + HOX(22) + X(1) <=> CH3X(21) + H2OX(23) 0.000 -0.000 -0.000 -0.000 -0.000
27 H2O(5) + X(1) <=> H2OX(23) 0.000 -0.001 -0.001 -0.001 -0.001
28 H2OX(23) + OX(20) <=> 2 HOX(22) 0.005 -0.977 -0.971 -0.973 -0.732
29 HOX(22) + HX(19) <=> H2OX(23) + X(1) 0.000 0.000 0.000 0.000 -0.000
30 CH2O(9) + 2 X(1) <=> CHOX(53) + HX(19) -0.000 0.000 0.000 0.000 -0.000
31 HCO(15) + X(1) <=> CHOX(53) 0.000 0.000 0.000 0.000 -0.000
32 CH3CHO(16) + 2 X(1) <=> CH3X(21) + CHOX(53) -0.000 0.000 0.000 -0.000 -0.000
33 CHOX(53) + X(1) <=> HX(19) + OCX(25) -0.000 0.000 0.000 0.000 -0.000
34 HOX(22) + OCX(25) <=> CHOX(53) + OX(20) -0.000 0.000 0.000 0.000 -0.000
35 CH2X(27) + CHOX(53) <=> CH3X(21) + OCX(25) -0.000 0.000 0.000 -0.000 -0.000
36 CHOX(53) + CHX(28) <=> CH2X(27) + OCX(25) -0.000 0.000 0.000 0.000 -0.000
37 CHOX(53) + CX(26) <=> CHX(28) + OCX(25) -0.000 0.000 0.000 -0.000 -0.000
38 CO2(4) + X(1) <=> CO2X(24) -0.000 0.000 0.000 -0.000 -0.000
39 OCX(25) + OX(20) <=> CO2X(24) + X(1) 0.000 0.000 0.000 0.000 -0.000
40 CO2X(24) + HX(19) <=> HOX(22) + OCX(25) -0.000 0.000 0.000 0.000 -0.000
Finished sensitivity simulation for a C/O ratio of 0.8
Finished translating for C/O ratio of 0.8
Starting sensitivity simulation for a C/O ratio of 2.2
0 CH4(2) + X(1) <=> CH4X(48) -0.000 -0.000 -0.000 -0.000 -0.000
1 O2(3) + 2 X(1) <=> 2 OX(20) 0.306 1.684 1.985 1.827 3.924
2 H2(6) + 2 X(1) <=> 2 HX(19) -0.000 -0.000 -0.000 -0.000 -0.934
3 H(12) + X(1) <=> HX(19) -0.000 -0.000 -0.000 -0.000 -0.002
4 HX(19) + OX(20) <=> HOX(22) + X(1) -0.000 -0.000 -0.000 -0.000 -0.000
5 H2O(5) + 2 X(1) <=> HOX(22) + HX(19) -0.000 -0.000 -0.000 -0.000 0.000
6 OH(17) + X(1) <=> HOX(22) -0.000 -0.000 -0.000 -0.000 -0.000
7 CH4(2) + 2 X(1) <=> CH3X(21) + HX(19) -0.000 -0.000 -0.000 -0.000 0.000
8 CH4(2) + OX(20) + X(1) <=> CH3X(21) + HOX(22) 0.000 -0.013 -0.013 -0.013 -0.027
9 C2H6(8) + 2 X(1) <=> 2 CH3X(21) 0.310 -0.269 0.042 -0.119 -0.681
10 CH3(10) + X(1) <=> CH3X(21) 0.002 0.000 0.002 -0.000 -0.003
11 CH3OH(14) + 2 X(1) <=> CH3X(21) + HOX(22) 0.000 -0.000 -0.000 -0.000 0.000
12 CH2X(27) + HX(19) <=> CH3X(21) + X(1) -0.615 -1.430 -2.054 -1.729 -2.456
13 CH2X(27) + HOX(22) <=> CH3X(21) + OX(20) -0.005 -0.011 -0.016 -0.013 -0.019
14 CHX(28) + HX(19) <=> CH2X(27) + X(1) -0.000 -0.000 -0.000 -0.000 0.041
15 CHX(28) + HOX(22) <=> CH2X(27) + OX(20) -0.000 -0.000 -0.000 -0.000 -0.001
16 2 CH2X(27) <=> CH3X(21) + CHX(28) -0.000 -0.000 -0.000 -0.000 -0.002
17 CHX(28) + X(1) <=> CX(26) + HX(19) -0.000 -0.000 -0.000 -0.000 -0.001
18 CX(26) + H2(6) <=> CH2X(27) -0.000 -0.000 -0.000 -0.000 -0.051
19 CX(26) + HOX(22) <=> CHX(28) + OX(20) -0.000 -0.000 -0.000 -0.000 -0.000
20 CH3X(21) + CX(26) <=> CH2X(27) + CHX(28) -0.000 -0.000 -0.000 -0.000 -0.002
21 CH2X(27) + CX(26) <=> 2 CHX(28) -0.000 -0.000 -0.000 -0.000 -0.000
22 CO(7) + X(1) <=> OCX(25) -0.000 -0.000 -0.000 -0.000 0.001
23 CX(26) + OX(20) <=> OCX(25) + X(1) -0.000 -0.000 -0.000 -0.000 -0.001
24 H2(6) + X(1) <=> H2X(49) -0.000 -0.000 -0.000 -0.000 -0.001
25 CO(7) + X(1) <=> COX(50) -0.000 -0.000 -0.000 -0.000 -0.000
26 CH4(2) + HOX(22) + X(1) <=> CH3X(21) + H2OX(23) -0.000 -0.000 -0.000 -0.000 -0.000
27 H2O(5) + X(1) <=> H2OX(23) 0.000 -0.001 -0.001 -0.001 -0.003
28 H2OX(23) + OX(20) <=> 2 HOX(22) 0.001 -0.986 -0.985 -0.985 -0.965
29 HOX(22) + HX(19) <=> H2OX(23) + X(1) -0.000 -0.000 -0.000 -0.000 -0.001
30 CH2O(9) + 2 X(1) <=> CHOX(53) + HX(19) -0.000 -0.000 -0.000 -0.000 -0.002
31 HCO(15) + X(1) <=> CHOX(53) -0.000 -0.000 -0.000 -0.000 0.000
32 CH3CHO(16) + 2 X(1) <=> CH3X(21) + CHOX(53) -0.000 -0.000 -0.000 -0.000 -0.001
33 CHOX(53) + X(1) <=> HX(19) + OCX(25) -0.000 -0.000 -0.000 -0.000 -0.001
34 HOX(22) + OCX(25) <=> CHOX(53) + OX(20) -0.000 -0.000 -0.000 -0.000 -0.001
35 CH2X(27) + CHOX(53) <=> CH3X(21) + OCX(25) -0.000 -0.000 -0.000 -0.000 -0.000
36 CHOX(53) + CHX(28) <=> CH2X(27) + OCX(25) -0.000 -0.000 -0.000 -0.000 0.001
37 CHOX(53) + CX(26) <=> CHX(28) + OCX(25) -0.000 -0.000 -0.000 -0.000 -0.001
38 CO2(4) + X(1) <=> CO2X(24) -0.000 -0.000 -0.000 -0.000 -0.001
39 OCX(25) + OX(20) <=> CO2X(24) + X(1) 0.000 0.000 0.000 0.000 -0.000
40 CO2X(24) + HX(19) <=> HOX(22) + OCX(25) -0.000 -0.000 -0.000 -0.000 0.002
Finished sensitivity simulation for a C/O ratio of 2.2
Finished translating for C/O ratio of 2.2
Starting sensitivity simulation for a C/O ratio of 0.7
0 CH4(2) + X(1) <=> CH4X(48) -0.000 -0.000 -0.000 0.000 -0.000
1 O2(3) + 2 X(1) <=> 2 OX(20) 0.331 1.603 1.929 1.759 1.740
2 H2(6) + 2 X(1) <=> 2 HX(19) -0.000 -0.000 -0.000 -0.000 -0.344
3 H(12) + X(1) <=> HX(19) -0.000 -0.000 -0.000 0.000 -0.000
4 HX(19) + OX(20) <=> HOX(22) + X(1) -0.000 -0.000 -0.000 0.000 0.000
5 H2O(5) + 2 X(1) <=> HOX(22) + HX(19) -0.000 -0.000 -0.000 0.000 -0.000
6 OH(17) + X(1) <=> HOX(22) -0.000 -0.000 -0.000 0.000 -0.000
7 CH4(2) + 2 X(1) <=> CH3X(21) + HX(19) 0.000 0.000 0.000 0.000 -0.000
8 CH4(2) + OX(20) + X(1) <=> CH3X(21) + HOX(22) 0.000 -0.013 -0.013 -0.013 -0.014
9 C2H6(8) + 2 X(1) <=> 2 CH3X(21) 0.350 -0.316 0.035 -0.142 -0.288
10 CH3(10) + X(1) <=> CH3X(21) 0.005 -0.000 0.005 -0.001 -0.040
11 CH3OH(14) + 2 X(1) <=> CH3X(21) + HOX(22) 0.000 -0.000 -0.000 -0.000 -0.000
12 CH2X(27) + HX(19) <=> CH3X(21) + X(1) -0.676 -1.287 -1.971 -1.620 -1.410
13 CH2X(27) + HOX(22) <=> CH3X(21) + OX(20) -0.018 -0.034 -0.053 -0.043 -0.038
14 CHX(28) + HX(19) <=> CH2X(27) + X(1) -0.000 -0.000 -0.000 0.000 0.597
15 CHX(28) + HOX(22) <=> CH2X(27) + OX(20) -0.000 -0.000 -0.000 -0.000 0.009
16 2 CH2X(27) <=> CH3X(21) + CHX(28) -0.000 -0.000 -0.000 -0.000 -0.000
17 CHX(28) + X(1) <=> CX(26) + HX(19) -0.000 -0.000 -0.000 -0.000 -0.000
18 CX(26) + H2(6) <=> CH2X(27) 0.000 -0.000 -0.000 0.000 -0.612
19 CX(26) + HOX(22) <=> CHX(28) + OX(20) -0.000 -0.000 -0.000 0.000 -0.000
20 CH3X(21) + CX(26) <=> CH2X(27) + CHX(28) -0.000 -0.000 -0.000 0.000 -0.000
21 CH2X(27) + CX(26) <=> 2 CHX(28) -0.000 -0.000 -0.000 0.000 -0.000
22 CO(7) + X(1) <=> OCX(25) -0.000 -0.000 -0.000 -0.000 0.000
23 CX(26) + OX(20) <=> OCX(25) + X(1) -0.000 -0.000 -0.000 0.000 -0.000
24 H2(6) + X(1) <=> H2X(49) -0.000 -0.000 -0.000 -0.000 -0.000
25 CO(7) + X(1) <=> COX(50) -0.000 0.000 0.000 0.000 -0.000
26 CH4(2) + HOX(22) + X(1) <=> CH3X(21) + H2OX(23) 0.000 -0.000 -0.000 -0.000 -0.000
27 H2O(5) + X(1) <=> H2OX(23) 0.000 -0.001 -0.001 -0.001 -0.001
28 H2OX(23) + OX(20) <=> 2 HOX(22) 0.006 -0.975 -0.969 -0.970 -0.683
29 HOX(22) + HX(19) <=> H2OX(23) + X(1) -0.000 -0.000 -0.000 0.000 -0.000
30 CH2O(9) + 2 X(1) <=> CHOX(53) + HX(19) -0.000 -0.000 -0.000 0.000 -0.000
31 HCO(15) + X(1) <=> CHOX(53) -0.000 -0.000 -0.000 0.000 -0.000
32 CH3CHO(16) + 2 X(1) <=> CH3X(21) + CHOX(53) -0.000 -0.000 -0.000 -0.000 -0.000
33 CHOX(53) + X(1) <=> HX(19) + OCX(25) -0.000 -0.000 -0.000 0.000 -0.000
34 HOX(22) + OCX(25) <=> CHOX(53) + OX(20) -0.000 -0.000 -0.000 0.000 -0.000
35 CH2X(27) + CHOX(53) <=> CH3X(21) + OCX(25) -0.000 -0.000 -0.000 -0.000 -0.000
36 CHOX(53) + CHX(28) <=> CH2X(27) + OCX(25) 0.000 -0.000 -0.000 0.000 -0.000
37 CHOX(53) + CX(26) <=> CHX(28) + OCX(25) -0.000 -0.000 -0.000 -0.000 -0.000
38 CO2(4) + X(1) <=> CO2X(24) -0.000 -0.000 -0.000 -0.000 -0.000
39 OCX(25) + OX(20) <=> CO2X(24) + X(1) 0.000 0.000 0.000 0.000 -0.000
40 CO2X(24) + HX(19) <=> HOX(22) + OCX(25) 0.000 -0.000 -0.000 -0.000 -0.000
Finished sensitivity simulation for a C/O ratio of 0.7
Finished translating for C/O ratio of 0.7
Starting sensitivity simulation for a C/O ratio of 1.0
0 CH4(2) + X(1) <=> CH4X(48) -0.000 -0.000 -0.000 -0.000 0.000
1 O2(3) + 2 X(1) <=> 2 OX(20) 0.329 1.628 1.952 1.782 2.668
2 H2(6) + 2 X(1) <=> 2 HX(19) -0.000 -0.000 -0.000 -0.000 -0.601
3 H(12) + X(1) <=> HX(19) -0.000 -0.000 -0.000 -0.000 -0.000
4 HX(19) + OX(20) <=> HOX(22) + X(1) -0.000 -0.000 -0.000 -0.000 0.000
5 H2O(5) + 2 X(1) <=> HOX(22) + HX(19) -0.000 -0.000 -0.000 -0.000 0.000
6 OH(17) + X(1) <=> HOX(22) -0.000 -0.000 -0.000 -0.000 0.000
7 CH4(2) + 2 X(1) <=> CH3X(21) + HX(19) -0.000 -0.000 -0.000 -0.000 0.000
8 CH4(2) + OX(20) + X(1) <=> CH3X(21) + HOX(22) 0.000 -0.013 -0.013 -0.013 -0.019
9 C2H6(8) + 2 X(1) <=> 2 CH3X(21) 0.342 -0.306 0.037 -0.138 -0.499
10 CH3(10) + X(1) <=> CH3X(21) 0.004 0.000 0.004 -0.001 -0.046
11 CH3OH(14) + 2 X(1) <=> CH3X(21) + HOX(22) 0.000 -0.000 -0.000 -0.000 -0.000
12 CH2X(27) + HX(19) <=> CH3X(21) + X(1) -0.668 -1.327 -2.004 -1.654 -1.774
13 CH2X(27) + HOX(22) <=> CH3X(21) + OX(20) -0.012 -0.024 -0.037 -0.030 -0.032
14 CHX(28) + HX(19) <=> CH2X(27) + X(1) -0.000 -0.000 -0.000 -0.000 0.345
15 CHX(28) + HOX(22) <=> CH2X(27) + OX(20) -0.000 -0.000 -0.000 -0.000 0.004
16 2 CH2X(27) <=> CH3X(21) + CHX(28) -0.000 -0.000 -0.000 -0.000 0.000
17 CHX(28) + X(1) <=> CX(26) + HX(19) -0.000 -0.000 -0.000 -0.000 0.000
18 CX(26) + H2(6) <=> CH2X(27) -0.000 -0.000 -0.000 -0.000 -0.352
19 CX(26) + HOX(22) <=> CHX(28) + OX(20) -0.000 -0.000 -0.000 -0.000 0.000
20 CH3X(21) + CX(26) <=> CH2X(27) + CHX(28) -0.000 -0.000 -0.000 -0.000 0.000
21 CH2X(27) + CX(26) <=> 2 CHX(28) -0.000 -0.000 -0.000 -0.000 0.000
22 CO(7) + X(1) <=> OCX(25) -0.000 -0.000 -0.000 -0.000 -0.000
23 CX(26) + OX(20) <=> OCX(25) + X(1) -0.000 -0.000 -0.000 -0.000 0.000
24 H2(6) + X(1) <=> H2X(49) -0.000 -0.000 -0.000 -0.000 0.000
25 CO(7) + X(1) <=> COX(50) -0.000 -0.000 -0.000 -0.000 0.000
26 CH4(2) + HOX(22) + X(1) <=> CH3X(21) + H2OX(23) -0.000 -0.000 -0.000 -0.000 0.000
27 H2O(5) + X(1) <=> H2OX(23) 0.000 -0.001 -0.001 -0.001 -0.001
28 H2OX(23) + OX(20) <=> 2 HOX(22) 0.004 -0.980 -0.976 -0.977 -0.815
29 HOX(22) + HX(19) <=> H2OX(23) + X(1) -0.000 -0.000 -0.000 -0.000 0.000
30 CH2O(9) + 2 X(1) <=> CHOX(53) + HX(19) -0.000 -0.000 -0.000 -0.000 0.000
31 HCO(15) + X(1) <=> CHOX(53) -0.000 -0.000 -0.000 -0.000 0.000
32 CH3CHO(16) + 2 X(1) <=> CH3X(21) + CHOX(53) -0.000 -0.000 -0.000 -0.000 0.000
33 CHOX(53) + X(1) <=> HX(19) + OCX(25) -0.000 -0.000 -0.000 -0.000 0.000
34 HOX(22) + OCX(25) <=> CHOX(53) + OX(20) -0.000 -0.000 -0.000 -0.000 0.000
35 CH2X(27) + CHOX(53) <=> CH3X(21) + OCX(25) -0.000 -0.000 -0.000 -0.000 0.000
36 CHOX(53) + CHX(28) <=> CH2X(27) + OCX(25) -0.000 -0.000 -0.000 -0.000 0.000
37 CHOX(53) + CX(26) <=> CHX(28) + OCX(25) -0.000 -0.000 -0.000 -0.000 0.000
38 CO2(4) + X(1) <=> CO2X(24) -0.000 -0.000 -0.000 -0.000 0.000
39 OCX(25) + OX(20) <=> CO2X(24) + X(1) 0.000 0.000 0.000 0.000 -0.000
40 CO2X(24) + HX(19) <=> HOX(22) + OCX(25) -0.000 -0.000 -0.000 -0.000 0.000
Finished sensitivity simulation for a C/O ratio of 1.0
Finished translating for C/O ratio of 1.0
Starting sensitivity simulation for a C/O ratio of 0.6
0 CH4(2) + X(1) <=> CH4X(48) -0.000 -0.000 -0.000 -0.000 -0.000
1 O2(3) + 2 X(1) <=> 2 OX(20) 0.330 1.592 1.917 1.748 1.398
2 H2(6) + 2 X(1) <=> 2 HX(19) -0.000 0.000 0.000 -0.000 -0.249
3 H(12) + X(1) <=> HX(19) 0.000 -0.000 -0.000 -0.000 -0.000
4 HX(19) + OX(20) <=> HOX(22) + X(1) -0.000 -0.000 -0.000 -0.000 -0.000
5 H2O(5) + 2 X(1) <=> HOX(22) + HX(19) -0.000 -0.000 -0.000 -0.000 -0.000
6 OH(17) + X(1) <=> HOX(22) -0.000 -0.000 -0.000 -0.000 -0.000
7 CH4(2) + 2 X(1) <=> CH3X(21) + HX(19) -0.000 -0.000 -0.000 -0.000 -0.000
8 CH4(2) + OX(20) + X(1) <=> CH3X(21) + HOX(22) 0.000 -0.013 -0.013 -0.013 -0.012
9 C2H6(8) + 2 X(1) <=> 2 CH3X(21) 0.353 -0.319 0.035 -0.143 -0.204
10 CH3(10) + X(1) <=> CH3X(21) 0.006 -0.000 0.006 -0.002 -0.034
11 CH3OH(14) + 2 X(1) <=> CH3X(21) + HOX(22) 0.000 -0.000 -0.000 -0.000 -0.000
12 CH2X(27) + HX(19) <=> CH3X(21) + X(1) -0.677 -1.270 -1.955 -1.604 -1.287
13 CH2X(27) + HOX(22) <=> CH3X(21) + OX(20) -0.021 -0.040 -0.061 -0.050 -0.041
14 CHX(28) + HX(19) <=> CH2X(27) + X(1) -0.000 -0.000 -0.000 -0.000 0.692
15 CHX(28) + HOX(22) <=> CH2X(27) + OX(20) -0.000 -0.000 -0.000 -0.000 0.012
16 2 CH2X(27) <=> CH3X(21) + CHX(28) -0.000 -0.000 -0.000 -0.000 -0.000
17 CHX(28) + X(1) <=> CX(26) + HX(19) -0.000 -0.000 -0.000 -0.000 0.000
18 CX(26) + H2(6) <=> CH2X(27) -0.000 -0.000 -0.000 -0.000 -0.712
19 CX(26) + HOX(22) <=> CHX(28) + OX(20) -0.000 -0.000 -0.000 -0.000 -0.000
20 CH3X(21) + CX(26) <=> CH2X(27) + CHX(28) -0.000 -0.000 -0.000 0.000 0.000
21 CH2X(27) + CX(26) <=> 2 CHX(28) -0.000 -0.000 -0.000 -0.000 0.000
22 CO(7) + X(1) <=> OCX(25) -0.000 -0.000 -0.000 -0.000 -0.000
23 CX(26) + OX(20) <=> OCX(25) + X(1) -0.000 -0.000 -0.000 -0.000 -0.000
24 H2(6) + X(1) <=> H2X(49) -0.000 -0.000 -0.000 -0.000 -0.000
25 CO(7) + X(1) <=> COX(50) -0.000 -0.000 -0.000 -0.000 -0.000
26 CH4(2) + HOX(22) + X(1) <=> CH3X(21) + H2OX(23) -0.000 -0.000 -0.000 -0.000 -0.000
27 H2O(5) + X(1) <=> H2OX(23) 0.000 -0.001 -0.001 -0.001 -0.001
28 H2OX(23) + OX(20) <=> 2 HOX(22) 0.007 -0.972 -0.965 -0.966 -0.631
29 HOX(22) + HX(19) <=> H2OX(23) + X(1) -0.000 -0.000 -0.000 -0.000 -0.000
30 CH2O(9) + 2 X(1) <=> CHOX(53) + HX(19) -0.000 -0.000 -0.000 -0.000 -0.000
31 HCO(15) + X(1) <=> CHOX(53) -0.000 -0.000 -0.000 -0.000 -0.000
32 CH3CHO(16) + 2 X(1) <=> CH3X(21) + CHOX(53) -0.000 -0.000 -0.000 -0.000 0.000
33 CHOX(53) + X(1) <=> HX(19) + OCX(25) -0.000 -0.000 -0.000 -0.000 -0.000
34 HOX(22) + OCX(25) <=> CHOX(53) + OX(20) -0.000 -0.000 -0.000 -0.000 0.000
35 CH2X(27) + CHOX(53) <=> CH3X(21) + OCX(25) -0.000 -0.000 -0.000 -0.000 -0.000
36 CHOX(53) + CHX(28) <=> CH2X(27) + OCX(25) -0.000 -0.000 -0.000 -0.000 -0.000
37 CHOX(53) + CX(26) <=> CHX(28) + OCX(25) -0.000 -0.000 -0.000 -0.000 -0.000
38 CO2(4) + X(1) <=> CO2X(24) -0.000 0.000 0.000 -0.000 -0.000
39 OCX(25) + OX(20) <=> CO2X(24) + X(1) 0.000 0.000 0.000 0.000 -0.000
40 CO2X(24) + HX(19) <=> HOX(22) + OCX(25) -0.000 -0.000 -0.000 -0.000 -0.000
Finished sensitivity simulation for a C/O ratio of 0.6
Finished translating for C/O ratio of 0.6
Starting sensitivity simulation for a C/O ratio of 1.2
0 CH4(2) + X(1) <=> CH4X(48) -0.000 -0.000 -0.000 -0.000 -0.000
1 O2(3) + 2 X(1) <=> 2 OX(20) 0.326 1.640 1.961 1.793 3.103
2 H2(6) + 2 X(1) <=> 2 HX(19) -0.000 -0.000 -0.000 -0.000 -0.720
3 H(12) + X(1) <=> HX(19) -0.000 -0.000 -0.000 -0.000 -0.000
4 HX(19) + OX(20) <=> HOX(22) + X(1) -0.000 -0.000 -0.000 -0.000 0.000
5 H2O(5) + 2 X(1) <=> HOX(22) + HX(19) -0.000 -0.000 -0.000 -0.000 -0.000
6 OH(17) + X(1) <=> HOX(22) -0.000 -0.000 -0.000 -0.000 -0.000
7 CH4(2) + 2 X(1) <=> CH3X(21) + HX(19) -0.000 -0.000 -0.000 -0.000 -0.000
8 CH4(2) + OX(20) + X(1) <=> CH3X(21) + HOX(22) 0.000 -0.013 -0.013 -0.013 -0.022
9 C2H6(8) + 2 X(1) <=> 2 CH3X(21) 0.337 -0.300 0.038 -0.135 -0.584
10 CH3(10) + X(1) <=> CH3X(21) 0.003 0.000 0.003 -0.001 -0.044
11 CH3OH(14) + 2 X(1) <=> CH3X(21) + HOX(22) 0.000 -0.000 -0.000 -0.000 -0.000
12 CH2X(27) + HX(19) <=> CH3X(21) + X(1) -0.660 -1.349 -2.018 -1.672 -1.965
13 CH2X(27) + HOX(22) <=> CH3X(21) + OX(20) -0.010 -0.020 -0.030 -0.025 -0.029
14 CHX(28) + HX(19) <=> CH2X(27) + X(1) -0.000 -0.000 -0.000 -0.000 0.232
15 CHX(28) + HOX(22) <=> CH2X(27) + OX(20) -0.000 -0.000 -0.000 -0.000 0.002
16 2 CH2X(27) <=> CH3X(21) + CHX(28) -0.000 -0.000 -0.000 -0.000 -0.000
17 CHX(28) + X(1) <=> CX(26) + HX(19) -0.000 -0.000 -0.000 -0.000 -0.000
18 CX(26) + H2(6) <=> CH2X(27) -0.000 -0.000 -0.000 -0.000 -0.237
19 CX(26) + HOX(22) <=> CHX(28) + OX(20) -0.000 -0.000 -0.000 -0.000 -0.000
20 CH3X(21) + CX(26) <=> CH2X(27) + CHX(28) -0.000 -0.000 -0.000 -0.000 -0.000
21 CH2X(27) + CX(26) <=> 2 CHX(28) -0.000 -0.000 -0.000 -0.000 -0.000
22 CO(7) + X(1) <=> OCX(25) -0.000 -0.000 -0.000 -0.000 0.000
23 CX(26) + OX(20) <=> OCX(25) + X(1) -0.000 -0.000 -0.000 -0.000 -0.000
24 H2(6) + X(1) <=> H2X(49) -0.000 -0.000 -0.000 -0.000 -0.000
25 CO(7) + X(1) <=> COX(50) -0.000 0.000 0.000 -0.000 -0.000
26 CH4(2) + HOX(22) + X(1) <=> CH3X(21) + H2OX(23) 0.000 -0.000 -0.000 -0.000 -0.000
27 H2O(5) + X(1) <=> H2OX(23) 0.000 -0.001 -0.001 -0.001 -0.001
28 H2OX(23) + OX(20) <=> 2 HOX(22) 0.003 -0.982 -0.979 -0.979 -0.872
29 HOX(22) + HX(19) <=> H2OX(23) + X(1) -0.000 -0.000 -0.000 -0.000 -0.000
30 CH2O(9) + 2 X(1) <=> CHOX(53) + HX(19) -0.000 -0.000 -0.000 -0.000 -0.000
31 HCO(15) + X(1) <=> CHOX(53) -0.000 -0.000 -0.000 -0.000 -0.000
32 CH3CHO(16) + 2 X(1) <=> CH3X(21) + CHOX(53) -0.000 -0.000 -0.000 -0.000 -0.000
33 CHOX(53) + X(1) <=> HX(19) + OCX(25) -0.000 -0.000 -0.000 -0.000 -0.000
34 HOX(22) + OCX(25) <=> CHOX(53) + OX(20) -0.000 0.000 0.000 -0.000 -0.000
35 CH2X(27) + CHOX(53) <=> CH3X(21) + OCX(25) -0.000 -0.000 -0.000 -0.000 -0.000
36 CHOX(53) + CHX(28) <=> CH2X(27) + OCX(25) -0.000 -0.000 -0.000 -0.000 -0.000
37 CHOX(53) + CX(26) <=> CHX(28) + OCX(25) -0.000 -0.000 -0.000 -0.000 -0.000
38 CO2(4) + X(1) <=> CO2X(24) -0.000 -0.000 -0.000 -0.000 -0.000
39 OCX(25) + OX(20) <=> CO2X(24) + X(1) 0.000 0.000 0.000 0.000 -0.000
40 CO2X(24) + HX(19) <=> HOX(22) + OCX(25) -0.000 -0.000 -0.000 -0.000 -0.000
Finished sensitivity simulation for a C/O ratio of 1.2
Finished translating for C/O ratio of 1.2
Starting sensitivity simulation for a C/O ratio of 2.4
0 CH4(2) + X(1) <=> CH4X(48) 0.000 0.000 0.000 -0.000 -0.000
1 O2(3) + 2 X(1) <=> 2 OX(20) 0.302 1.691 1.987 1.832 3.995
2 H2(6) + 2 X(1) <=> 2 HX(19) 0.000 0.000 0.000 0.000 -0.947
3 H(12) + X(1) <=> HX(19) 0.000 -0.000 -0.000 0.000 -0.000
4 HX(19) + OX(20) <=> HOX(22) + X(1) 0.000 0.000 0.000 0.000 -0.000
5 H2O(5) + 2 X(1) <=> HOX(22) + HX(19) 0.000 -0.000 -0.000 -0.000 -0.000
6 OH(17) + X(1) <=> HOX(22) 0.000 0.000 0.000 0.000 -0.000
7 CH4(2) + 2 X(1) <=> CH3X(21) + HX(19) -0.000 -0.000 -0.000 -0.000 -0.000
8 CH4(2) + OX(20) + X(1) <=> CH3X(21) + HOX(22) 0.000 -0.013 -0.013 -0.013 -0.026
9 C2H6(8) + 2 X(1) <=> 2 CH3X(21) 0.306 -0.263 0.043 -0.116 -0.658
10 CH3(10) + X(1) <=> CH3X(21) 0.002 0.000 0.002 -0.000 -0.023
11 CH3OH(14) + 2 X(1) <=> CH3X(21) + HOX(22) 0.000 -0.000 -0.000 -0.000 -0.000
12 CH2X(27) + HX(19) <=> CH3X(21) + X(1) -0.606 -1.443 -2.058 -1.738 -2.507
13 CH2X(27) + HOX(22) <=> CH3X(21) + OX(20) -0.004 -0.010 -0.014 -0.012 -0.017
14 CHX(28) + HX(19) <=> CH2X(27) + X(1) 0.000 -0.000 -0.000 0.000 0.031
15 CHX(28) + HOX(22) <=> CH2X(27) + OX(20) 0.000 0.000 0.000 0.000 0.000
16 2 CH2X(27) <=> CH3X(21) + CHX(28) 0.000 0.000 0.000 0.000 -0.000
17 CHX(28) + X(1) <=> CX(26) + HX(19) 0.000 -0.000 -0.000 0.000 -0.000
18 CX(26) + H2(6) <=> CH2X(27) 0.000 -0.000 -0.000 0.000 -0.032
19 CX(26) + HOX(22) <=> CHX(28) + OX(20) 0.000 0.000 0.000 0.000 -0.000
20 CH3X(21) + CX(26) <=> CH2X(27) + CHX(28) 0.000 0.000 0.000 0.000 -0.000
21 CH2X(27) + CX(26) <=> 2 CHX(28) 0.000 -0.000 -0.000 0.000 -0.000
22 CO(7) + X(1) <=> OCX(25) -0.000 -0.000 -0.000 -0.000 -0.000
23 CX(26) + OX(20) <=> OCX(25) + X(1) 0.000 0.000 0.000 0.000 -0.000
24 H2(6) + X(1) <=> H2X(49) 0.000 0.000 0.000 0.000 -0.000
25 CO(7) + X(1) <=> COX(50) 0.000 0.000 0.000 0.000 -0.000
26 CH4(2) + HOX(22) + X(1) <=> CH3X(21) + H2OX(23) 0.000 -0.000 -0.000 -0.000 -0.000
27 H2O(5) + X(1) <=> H2OX(23) 0.000 -0.001 -0.001 -0.001 -0.001
28 H2OX(23) + OX(20) <=> 2 HOX(22) 0.001 -0.987 -0.986 -0.986 -0.971
29 HOX(22) + HX(19) <=> H2OX(23) + X(1) 0.000 0.000 0.000 0.000 -0.000
30 CH2O(9) + 2 X(1) <=> CHOX(53) + HX(19) 0.000 0.000 0.000 -0.000 -0.000
31 HCO(15) + X(1) <=> CHOX(53) 0.000 -0.000 -0.000 -0.000 -0.000
32 CH3CHO(16) + 2 X(1) <=> CH3X(21) + CHOX(53) 0.000 0.000 0.000 0.000 -0.000
33 CHOX(53) + X(1) <=> HX(19) + OCX(25) -0.000 0.000 0.000 -0.000 0.000
34 HOX(22) + OCX(25) <=> CHOX(53) + OX(20) 0.000 -0.000 -0.000 -0.000 -0.000
35 CH2X(27) + CHOX(53) <=> CH3X(21) + OCX(25) 0.000 0.000 0.000 0.000 0.000
36 CHOX(53) + CHX(28) <=> CH2X(27) + OCX(25) 0.000 0.000 0.000 0.000 -0.000
37 CHOX(53) + CX(26) <=> CHX(28) + OCX(25) -0.000 0.000 0.000 0.000 -0.000
38 CO2(4) + X(1) <=> CO2X(24) 0.000 -0.000 0.000 0.000 0.000
39 OCX(25) + OX(20) <=> CO2X(24) + X(1) 0.000 0.000 0.000 0.000 -0.000
40 CO2X(24) + HX(19) <=> HOX(22) + OCX(25) 0.000 0.000 0.000 0.000 -0.000
Finished sensitivity simulation for a C/O ratio of 2.4
Finished translating for C/O ratio of 2.4
