This mechanism contains 38 gas reactions and 41 surface reactions
Finished simulation at a C/O ratio of 0.8
Finished simulation at a C/O ratio of 0.7
Finished simulation at a C/O ratio of 0.9
Finished simulation at a C/O ratio of 1.0
Finished simulation at a C/O ratio of 1.4
Finished simulation at a C/O ratio of 1.3
Finished simulation at a C/O ratio of 1.1
Finished simulation at a C/O ratio of 1.6
Finished simulation at a C/O ratio of 2.2
Finished simulation at a C/O ratio of 2.0
Finished simulation at a C/O ratio of 1.2
Finished simulation at a C/O ratio of 1.8
Finished simulation at a C/O ratio of 2.6
Finished simulation at a C/O ratio of 0.6
Finished simulation at a C/O ratio of 2.4
Starting sensitivity simulation for a C/O ratio of 0.8
0 CH4(2) + X(1) <=> CH4X(48) -0.000 0.000
1 O2(3) + 2 X(1) <=> 2 OX(20) 0.115 0.132
2 H2(6) + 2 X(1) <=> 2 HX(19) 0.000 0.000
3 H(12) + X(1) <=> HX(19) -0.001 -0.001
4 HX(19) + OX(20) <=> HOX(22) + X(1) 0.000 0.000
5 H2O(5) + 2 X(1) <=> HOX(22) + HX(19) 0.001 0.001
6 OH(17) + X(1) <=> HOX(22) 0.000 0.000
7 CH4(2) + 2 X(1) <=> CH3X(21) + HX(19) -0.001 -0.001
8 CH4(2) + OX(20) + X(1) <=> CH3X(21) + HOX(22) -0.186 -0.246
9 C2H6(8) + 2 X(1) <=> 2 CH3X(21) -0.001 -0.000
10 CH3(10) + X(1) <=> CH3X(21) -0.162 -0.144
11 CH3OH(14) + 2 X(1) <=> CH3X(21) + HOX(22) -0.000 -0.000
12 CH2X(27) + HX(19) <=> CH3X(21) + X(1) -0.000 -0.000
13 CH2X(27) + HOX(22) <=> CH3X(21) + OX(20) -0.000 0.000
14 CHX(28) + HX(19) <=> CH2X(27) + X(1) 0.000 0.000
15 CHX(28) + HOX(22) <=> CH2X(27) + OX(20) 0.000 0.000
16 2 CH2X(27) <=> CH3X(21) + CHX(28) -0.000 0.000
17 CHX(28) + X(1) <=> CX(26) + HX(19) -0.000 0.000
18 CX(26) + H2(6) <=> CH2X(27) -0.000 0.000
19 CX(26) + HOX(22) <=> CHX(28) + OX(20) -0.000 0.000
20 CH3X(21) + CX(26) <=> CH2X(27) + CHX(28) -0.000 0.000
21 CH2X(27) + CX(26) <=> 2 CHX(28) -0.000 0.000
22 CO(7) + X(1) <=> OCX(25) 0.000 0.000
23 CX(26) + OX(20) <=> OCX(25) + X(1) -0.000 -0.000
24 CH4(2) + HOX(22) + X(1) <=> CH3X(21) + H2OX(23) -0.000 -0.000
25 H2O(5) + X(1) <=> H2OX(23) 0.000 0.000
26 H2OX(23) + OX(20) <=> 2 HOX(22) 0.000 0.000
27 HOX(22) + HX(19) <=> H2OX(23) + X(1) 0.000 0.000
28 H2(6) + X(1) <=> H2X(49) -0.000 0.000
29 CO(7) + X(1) <=> COX(50) -0.000 0.000
30 CH2O(9) + 2 X(1) <=> CHOX(53) + HX(19) -0.000 0.000
31 HCO(15) + X(1) <=> CHOX(53) -0.000 0.000
32 CH3CHO(16) + 2 X(1) <=> CH3X(21) + CHOX(53) -0.000 0.000
33 CHOX(53) + X(1) <=> HX(19) + OCX(25) -0.000 0.000
34 CHOX(53) + OX(20) <=> HOX(22) + OCX(25) -0.000 0.000
35 CH2X(27) + CHOX(53) <=> CH3X(21) + OCX(25) -0.000 0.000
36 CHOX(53) + CHX(28) <=> CH2X(27) + OCX(25) -0.000 0.000
37 CHOX(53) + CX(26) <=> CHX(28) + OCX(25) -0.000 0.000
38 CO2(4) + X(1) <=> CO2X(24) 0.000 0.000
39 OCX(25) + OX(20) <=> CO2X(24) + X(1) 0.002 0.001
40 CO2X(24) + HX(19) <=> HOX(22) + OCX(25) 0.000 0.000
Finished sensitivity simulation for a C/O ratio of 0.8
Finished translating for C/O ratio of 0.8
Starting sensitivity simulation for a C/O ratio of 0.7
0 CH4(2) + X(1) <=> CH4X(48) -0.000 -0.000
1 O2(3) + 2 X(1) <=> 2 OX(20) 0.234 0.243
2 H2(6) + 2 X(1) <=> 2 HX(19) 0.000 0.000
3 H(12) + X(1) <=> HX(19) -0.000 -0.000
4 HX(19) + OX(20) <=> HOX(22) + X(1) 0.000 0.000
5 H2O(5) + 2 X(1) <=> HOX(22) + HX(19) 0.001 0.001
6 OH(17) + X(1) <=> HOX(22) 0.000 0.000
7 CH4(2) + 2 X(1) <=> CH3X(21) + HX(19) -0.001 -0.001
8 CH4(2) + OX(20) + X(1) <=> CH3X(21) + HOX(22) -0.394 -0.424
9 C2H6(8) + 2 X(1) <=> 2 CH3X(21) -0.001 -0.001
10 CH3(10) + X(1) <=> CH3X(21) -0.206 -0.202
11 CH3OH(14) + 2 X(1) <=> CH3X(21) + HOX(22) -0.000 -0.000
12 CH2X(27) + HX(19) <=> CH3X(21) + X(1) -0.000 -0.000
13 CH2X(27) + HOX(22) <=> CH3X(21) + OX(20) -0.000 -0.000
14 CHX(28) + HX(19) <=> CH2X(27) + X(1) 0.000 0.000
15 CHX(28) + HOX(22) <=> CH2X(27) + OX(20) 0.000 0.000
16 2 CH2X(27) <=> CH3X(21) + CHX(28) -0.000 -0.000
17 CHX(28) + X(1) <=> CX(26) + HX(19) -0.000 -0.000
18 CX(26) + H2(6) <=> CH2X(27) -0.000 -0.000
19 CX(26) + HOX(22) <=> CHX(28) + OX(20) -0.000 -0.000
20 CH3X(21) + CX(26) <=> CH2X(27) + CHX(28) -0.000 -0.000
21 CH2X(27) + CX(26) <=> 2 CHX(28) 0.000 -0.000
22 CO(7) + X(1) <=> OCX(25) -0.000 -0.000
23 CX(26) + OX(20) <=> OCX(25) + X(1) -0.000 -0.000
24 CH4(2) + HOX(22) + X(1) <=> CH3X(21) + H2OX(23) -0.000 -0.000
25 H2O(5) + X(1) <=> H2OX(23) 0.000 0.000
26 H2OX(23) + OX(20) <=> 2 HOX(22) 0.001 0.001
27 HOX(22) + HX(19) <=> H2OX(23) + X(1) 0.000 0.000
28 H2(6) + X(1) <=> H2X(49) -0.000 -0.000
29 CO(7) + X(1) <=> COX(50) -0.000 -0.000
30 CH2O(9) + 2 X(1) <=> CHOX(53) + HX(19) -0.000 -0.000
31 HCO(15) + X(1) <=> CHOX(53) -0.000 0.000
32 CH3CHO(16) + 2 X(1) <=> CH3X(21) + CHOX(53) -0.000 0.000
33 CHOX(53) + X(1) <=> HX(19) + OCX(25) -0.000 -0.000
34 CHOX(53) + OX(20) <=> HOX(22) + OCX(25) -0.000 -0.000
35 CH2X(27) + CHOX(53) <=> CH3X(21) + OCX(25) 0.000 0.000
36 CHOX(53) + CHX(28) <=> CH2X(27) + OCX(25) -0.000 -0.000
37 CHOX(53) + CX(26) <=> CHX(28) + OCX(25) -0.000 -0.000
38 CO2(4) + X(1) <=> CO2X(24) 0.000 0.000
39 OCX(25) + OX(20) <=> CO2X(24) + X(1) 0.002 0.002
40 CO2X(24) + HX(19) <=> HOX(22) + OCX(25) 0.000 0.000
Finished sensitivity simulation for a C/O ratio of 0.7
Finished translating for C/O ratio of 0.7
Starting sensitivity simulation for a C/O ratio of 0.9
0 CH4(2) + X(1) <=> CH4X(48) 0.002 -0.005
1 O2(3) + 2 X(1) <=> 2 OX(20) 0.080 0.086
2 H2(6) + 2 X(1) <=> 2 HX(19) 0.004 0.005
3 H(12) + X(1) <=> HX(19) -0.002 -0.003
4 HX(19) + OX(20) <=> HOX(22) + X(1) 0.004 0.005
5 H2O(5) + 2 X(1) <=> HOX(22) + HX(19) 0.005 0.006
6 OH(17) + X(1) <=> HOX(22) 0.004 0.005
7 CH4(2) + 2 X(1) <=> CH3X(21) + HX(19) 0.003 0.005
8 CH4(2) + OX(20) + X(1) <=> CH3X(21) + HOX(22) -0.120 -0.162
9 C2H6(8) + 2 X(1) <=> 2 CH3X(21) 0.002 -0.005
10 CH3(10) + X(1) <=> CH3X(21) -0.113 -0.074
11 CH3OH(14) + 2 X(1) <=> CH3X(21) + HOX(22) 0.004 0.005
12 CH2X(27) + HX(19) <=> CH3X(21) + X(1) -0.000 -0.000
13 CH2X(27) + HOX(22) <=> CH3X(21) + OX(20) -0.000 -0.000
14 CHX(28) + HX(19) <=> CH2X(27) + X(1) 0.001 -0.006
15 CHX(28) + HOX(22) <=> CH2X(27) + OX(20) 0.004 0.006
16 2 CH2X(27) <=> CH3X(21) + CHX(28) 0.002 -0.005
17 CHX(28) + X(1) <=> CX(26) + HX(19) 0.000 -0.000
18 CX(26) + H2(6) <=> CH2X(27) -0.000 -0.000
19 CX(26) + HOX(22) <=> CHX(28) + OX(20) -0.000 -0.000
20 CH3X(21) + CX(26) <=> CH2X(27) + CHX(28) 0.016 0.022
21 CH2X(27) + CX(26) <=> 2 CHX(28) -0.000 0.000
22 CO(7) + X(1) <=> OCX(25) 0.000 -0.000
23 CX(26) + OX(20) <=> OCX(25) + X(1) 0.000 -0.000
24 CH4(2) + HOX(22) + X(1) <=> CH3X(21) + H2OX(23) 0.004 0.005
25 H2O(5) + X(1) <=> H2OX(23) 0.000 0.000
26 H2OX(23) + OX(20) <=> 2 HOX(22) 0.004 0.005
27 HOX(22) + HX(19) <=> H2OX(23) + X(1) 0.001 -0.007
28 H2(6) + X(1) <=> H2X(49) 0.004 0.005
29 CO(7) + X(1) <=> COX(50) 0.004 0.006
30 CH2O(9) + 2 X(1) <=> CHOX(53) + HX(19) 0.004 0.005
31 HCO(15) + X(1) <=> CHOX(53) 0.004 0.005
32 CH3CHO(16) + 2 X(1) <=> CH3X(21) + CHOX(53) 0.000 0.000
33 CHOX(53) + X(1) <=> HX(19) + OCX(25) 0.004 0.005
34 CHOX(53) + OX(20) <=> HOX(22) + OCX(25) 0.000 -0.000
35 CH2X(27) + CHOX(53) <=> CH3X(21) + OCX(25) 0.000 -0.000
36 CHOX(53) + CHX(28) <=> CH2X(27) + OCX(25) 0.001 -0.006
37 CHOX(53) + CX(26) <=> CHX(28) + OCX(25) 0.004 0.006
38 CO2(4) + X(1) <=> CO2X(24) 0.002 -0.005
39 OCX(25) + OX(20) <=> CO2X(24) + X(1) 0.002 0.000
40 CO2X(24) + HX(19) <=> HOX(22) + OCX(25) 0.004 0.006
Finished sensitivity simulation for a C/O ratio of 0.9
Finished translating for C/O ratio of 0.9
Starting sensitivity simulation for a C/O ratio of 1.0
0 CH4(2) + X(1) <=> CH4X(48) -0.001 -0.001
1 O2(3) + 2 X(1) <=> 2 OX(20) 0.060 0.058
2 H2(6) + 2 X(1) <=> 2 HX(19) -0.001 -0.001
3 H(12) + X(1) <=> HX(19) -0.003 -0.004
4 HX(19) + OX(20) <=> HOX(22) + X(1) 0.000 -0.000
5 H2O(5) + 2 X(1) <=> HOX(22) + HX(19) 0.000 -0.001
6 OH(17) + X(1) <=> HOX(22) 0.000 0.000
7 CH4(2) + 2 X(1) <=> CH3X(21) + HX(19) -0.002 -0.003
8 CH4(2) + OX(20) + X(1) <=> CH3X(21) + HOX(22) -0.086 -0.114
9 C2H6(8) + 2 X(1) <=> 2 CH3X(21) -0.001 -0.000
10 CH3(10) + X(1) <=> CH3X(21) -0.126 -0.083
11 CH3OH(14) + 2 X(1) <=> CH3X(21) + HOX(22) -0.000 -0.000
12 CH2X(27) + HX(19) <=> CH3X(21) + X(1) -0.000 -0.000
13 CH2X(27) + HOX(22) <=> CH3X(21) + OX(20) 0.008 0.001
14 CHX(28) + HX(19) <=> CH2X(27) + X(1) 0.000 -0.000
15 CHX(28) + HOX(22) <=> CH2X(27) + OX(20) 0.000 -0.000
16 2 CH2X(27) <=> CH3X(21) + CHX(28) 0.000 -0.000
17 CHX(28) + X(1) <=> CX(26) + HX(19) 0.007 -0.011
18 CX(26) + H2(6) <=> CH2X(27) -0.000 -0.000
19 CX(26) + HOX(22) <=> CHX(28) + OX(20) 0.000 -0.000
20 CH3X(21) + CX(26) <=> CH2X(27) + CHX(28) 0.000 -0.000
21 CH2X(27) + CX(26) <=> 2 CHX(28) 0.000 -0.000
22 CO(7) + X(1) <=> OCX(25) 0.001 -0.009
23 CX(26) + OX(20) <=> OCX(25) + X(1) -0.000 -0.000
24 CH4(2) + HOX(22) + X(1) <=> CH3X(21) + H2OX(23) -0.000 -0.000
25 H2O(5) + X(1) <=> H2OX(23) -0.001 -0.001
26 H2OX(23) + OX(20) <=> 2 HOX(22) 0.000 0.000
27 HOX(22) + HX(19) <=> H2OX(23) + X(1) 0.000 0.000
28 H2(6) + X(1) <=> H2X(49) -0.001 -0.001
29 CO(7) + X(1) <=> COX(50) 0.000 -0.000
30 CH2O(9) + 2 X(1) <=> CHOX(53) + HX(19) 0.008 -0.001
31 HCO(15) + X(1) <=> CHOX(53) -0.000 -0.000
32 CH3CHO(16) + 2 X(1) <=> CH3X(21) + CHOX(53) 0.010 0.013
33 CHOX(53) + X(1) <=> HX(19) + OCX(25) -0.001 -0.001
34 CHOX(53) + OX(20) <=> HOX(22) + OCX(25) 0.000 -0.000
35 CH2X(27) + CHOX(53) <=> CH3X(21) + OCX(25) 0.000 -0.000
36 CHOX(53) + CHX(28) <=> CH2X(27) + OCX(25) 0.000 -0.000
37 CHOX(53) + CX(26) <=> CHX(28) + OCX(25) 0.000 -0.000
38 CO2(4) + X(1) <=> CO2X(24) 0.007 -0.011
39 OCX(25) + OX(20) <=> CO2X(24) + X(1) 0.003 0.001
40 CO2X(24) + HX(19) <=> HOX(22) + OCX(25) 0.009 -0.001
Finished sensitivity simulation for a C/O ratio of 1.0
Finished translating for C/O ratio of 1.0
Starting sensitivity simulation for a C/O ratio of 1.4
0 CH4(2) + X(1) <=> CH4X(48) 0.008 0.011
1 O2(3) + 2 X(1) <=> 2 OX(20) 0.042 0.038
2 H2(6) + 2 X(1) <=> 2 HX(19) 0.008 0.011
3 H(12) + X(1) <=> HX(19) -0.007 -0.010
4 HX(19) + OX(20) <=> HOX(22) + X(1) 0.018 0.023
5 H2O(5) + 2 X(1) <=> HOX(22) + HX(19) 0.009 0.011
6 OH(17) + X(1) <=> HOX(22) 0.008 0.011
7 CH4(2) + 2 X(1) <=> CH3X(21) + HX(19) 0.004 0.005
8 CH4(2) + OX(20) + X(1) <=> CH3X(21) + HOX(22) -0.034 -0.038
9 C2H6(8) + 2 X(1) <=> 2 CH3X(21) -0.001 -0.001
10 CH3(10) + X(1) <=> CH3X(21) -0.091 -0.051
11 CH3OH(14) + 2 X(1) <=> CH3X(21) + HOX(22) 0.008 0.011
12 CH2X(27) + HX(19) <=> CH3X(21) + X(1) 0.008 0.011
13 CH2X(27) + HOX(22) <=> CH3X(21) + OX(20) 0.008 0.011
14 CHX(28) + HX(19) <=> CH2X(27) + X(1) 0.000 0.000
15 CHX(28) + HOX(22) <=> CH2X(27) + OX(20) 0.000 0.000
16 2 CH2X(27) <=> CH3X(21) + CHX(28) 0.000 0.000
17 CHX(28) + X(1) <=> CX(26) + HX(19) 0.000 -0.002
18 CX(26) + H2(6) <=> CH2X(27) -0.000 0.000
19 CX(26) + HOX(22) <=> CHX(28) + OX(20) 0.008 0.011
20 CH3X(21) + CX(26) <=> CH2X(27) + CHX(28) 0.008 0.011
21 CH2X(27) + CX(26) <=> 2 CHX(28) 0.008 0.011
22 CO(7) + X(1) <=> OCX(25) 0.008 0.011
23 CX(26) + OX(20) <=> OCX(25) + X(1) 0.008 0.011
24 CH4(2) + HOX(22) + X(1) <=> CH3X(21) + H2OX(23) 0.000 -0.002
25 H2O(5) + X(1) <=> H2OX(23) 0.008 0.011
26 H2OX(23) + OX(20) <=> 2 HOX(22) 0.000 0.000
27 HOX(22) + HX(19) <=> H2OX(23) + X(1) 0.000 0.000
28 H2(6) + X(1) <=> H2X(49) 0.008 0.011
29 CO(7) + X(1) <=> COX(50) 0.008 0.011
30 CH2O(9) + 2 X(1) <=> CHOX(53) + HX(19) 0.008 0.011
31 HCO(15) + X(1) <=> CHOX(53) 0.008 0.011
32 CH3CHO(16) + 2 X(1) <=> CH3X(21) + CHOX(53) 0.008 0.011
33 CHOX(53) + X(1) <=> HX(19) + OCX(25) 0.008 0.011
34 CHOX(53) + OX(20) <=> HOX(22) + OCX(25) 0.008 0.011
35 CH2X(27) + CHOX(53) <=> CH3X(21) + OCX(25) 0.008 0.011
36 CHOX(53) + CHX(28) <=> CH2X(27) + OCX(25) 0.008 0.011
37 CHOX(53) + CX(26) <=> CHX(28) + OCX(25) 0.000 -0.000
38 CO2(4) + X(1) <=> CO2X(24) 0.008 0.011
39 OCX(25) + OX(20) <=> CO2X(24) + X(1) 0.010 0.006
40 CO2X(24) + HX(19) <=> HOX(22) + OCX(25) 0.008 0.011
Finished sensitivity simulation for a C/O ratio of 1.4
Finished translating for C/O ratio of 1.4
Starting sensitivity simulation for a C/O ratio of 1.3
0 CH4(2) + X(1) <=> CH4X(48) 0.005 0.006
1 O2(3) + 2 X(1) <=> 2 OX(20) 0.038 0.031
2 H2(6) + 2 X(1) <=> 2 HX(19) -0.000 -0.000
3 H(12) + X(1) <=> HX(19) 0.008 0.010
4 HX(19) + OX(20) <=> HOX(22) + X(1) 0.000 -0.000
5 H2O(5) + 2 X(1) <=> HOX(22) + HX(19) 0.005 0.006
6 OH(17) + X(1) <=> HOX(22) 0.005 0.006
7 CH4(2) + 2 X(1) <=> CH3X(21) + HX(19) -0.004 -0.005
8 CH4(2) + OX(20) + X(1) <=> CH3X(21) + HOX(22) -0.046 -0.054
9 C2H6(8) + 2 X(1) <=> 2 CH3X(21) 0.004 0.006
10 CH3(10) + X(1) <=> CH3X(21) -0.102 -0.059
11 CH3OH(14) + 2 X(1) <=> CH3X(21) + HOX(22) 0.005 0.006
12 CH2X(27) + HX(19) <=> CH3X(21) + X(1) -0.000 -0.000
13 CH2X(27) + HOX(22) <=> CH3X(21) + OX(20) 0.000 -0.000
14 CHX(28) + HX(19) <=> CH2X(27) + X(1) 0.000 -0.000
15 CHX(28) + HOX(22) <=> CH2X(27) + OX(20) 0.000 0.000
16 2 CH2X(27) <=> CH3X(21) + CHX(28) 0.005 0.006
17 CHX(28) + X(1) <=> CX(26) + HX(19) 0.005 0.006
18 CX(26) + H2(6) <=> CH2X(27) 0.005 0.006
19 CX(26) + HOX(22) <=> CHX(28) + OX(20) -0.000 0.000
20 CH3X(21) + CX(26) <=> CH2X(27) + CHX(28) -0.000 0.000
21 CH2X(27) + CX(26) <=> 2 CHX(28) 0.000 -0.000
22 CO(7) + X(1) <=> OCX(25) -0.000 0.000
23 CX(26) + OX(20) <=> OCX(25) + X(1) -0.000 -0.000
24 CH4(2) + HOX(22) + X(1) <=> CH3X(21) + H2OX(23) 0.003 -0.018
25 H2O(5) + X(1) <=> H2OX(23) 0.005 0.006
26 H2OX(23) + OX(20) <=> 2 HOX(22) 0.000 0.000
27 HOX(22) + HX(19) <=> H2OX(23) + X(1) 0.000 0.000
28 H2(6) + X(1) <=> H2X(49) -0.000 -0.000
29 CO(7) + X(1) <=> COX(50) 0.000 -0.000
30 CH2O(9) + 2 X(1) <=> CHOX(53) + HX(19) 0.005 0.006
31 HCO(15) + X(1) <=> CHOX(53) -0.000 -0.000
32 CH3CHO(16) + 2 X(1) <=> CH3X(21) + CHOX(53) 0.002 -0.012
33 CHOX(53) + X(1) <=> HX(19) + OCX(25) 0.005 0.006
34 CHOX(53) + OX(20) <=> HOX(22) + OCX(25) -0.000 -0.000
35 CH2X(27) + CHOX(53) <=> CH3X(21) + OCX(25) 0.000 -0.000
36 CHOX(53) + CHX(28) <=> CH2X(27) + OCX(25) -0.000 -0.000
37 CHOX(53) + CX(26) <=> CHX(28) + OCX(25) 0.000 -0.000
38 CO2(4) + X(1) <=> CO2X(24) 0.000 0.000
39 OCX(25) + OX(20) <=> CO2X(24) + X(1) 0.002 -0.000
40 CO2X(24) + HX(19) <=> HOX(22) + OCX(25) 0.005 0.006
Finished sensitivity simulation for a C/O ratio of 1.3
Finished translating for C/O ratio of 1.3
Starting sensitivity simulation for a C/O ratio of 1.1
0 CH4(2) + X(1) <=> CH4X(48) -0.010 -0.013
1 O2(3) + 2 X(1) <=> 2 OX(20) 0.042 0.034
2 H2(6) + 2 X(1) <=> 2 HX(19) -0.010 -0.013
3 H(12) + X(1) <=> HX(19) -0.022 -0.030
4 HX(19) + OX(20) <=> HOX(22) + X(1) -0.011 -0.030
5 H2O(5) + 2 X(1) <=> HOX(22) + HX(19) -0.017 -0.024
6 OH(17) + X(1) <=> HOX(22) -0.009 -0.013
7 CH4(2) + 2 X(1) <=> CH3X(21) + HX(19) -0.020 -0.040
8 CH4(2) + OX(20) + X(1) <=> CH3X(21) + HOX(22) -0.082 -0.120
9 C2H6(8) + 2 X(1) <=> 2 CH3X(21) -0.019 -0.025
10 CH3(10) + X(1) <=> CH3X(21) -0.132 -0.106
11 CH3OH(14) + 2 X(1) <=> CH3X(21) + HOX(22) -0.010 -0.013
12 CH2X(27) + HX(19) <=> CH3X(21) + X(1) -0.010 -0.013
13 CH2X(27) + HOX(22) <=> CH3X(21) + OX(20) -0.017 -0.024
14 CHX(28) + HX(19) <=> CH2X(27) + X(1) 0.000 -0.000
15 CHX(28) + HOX(22) <=> CH2X(27) + OX(20) -0.010 -0.013
16 2 CH2X(27) <=> CH3X(21) + CHX(28) -0.010 -0.013
17 CHX(28) + X(1) <=> CX(26) + HX(19) -0.000 0.000
18 CX(26) + H2(6) <=> CH2X(27) -0.010 -0.013
19 CX(26) + HOX(22) <=> CHX(28) + OX(20) -0.010 -0.014
20 CH3X(21) + CX(26) <=> CH2X(27) + CHX(28) -0.010 -0.013
21 CH2X(27) + CX(26) <=> 2 CHX(28) -0.002 -0.017
22 CO(7) + X(1) <=> OCX(25) -0.010 -0.013
23 CX(26) + OX(20) <=> OCX(25) + X(1) -0.010 -0.013
24 CH4(2) + HOX(22) + X(1) <=> CH3X(21) + H2OX(23) -0.010 -0.013
25 H2O(5) + X(1) <=> H2OX(23) -0.018 -0.024
26 H2OX(23) + OX(20) <=> 2 HOX(22) -0.010 -0.022
27 HOX(22) + HX(19) <=> H2OX(23) + X(1) -0.010 -0.013
28 H2(6) + X(1) <=> H2X(49) -0.010 -0.013
29 CO(7) + X(1) <=> COX(50) -0.018 -0.024
30 CH2O(9) + 2 X(1) <=> CHOX(53) + HX(19) -0.000 0.000
31 HCO(15) + X(1) <=> CHOX(53) -0.018 -0.024
32 CH3CHO(16) + 2 X(1) <=> CH3X(21) + CHOX(53) -0.010 -0.013
33 CHOX(53) + X(1) <=> HX(19) + OCX(25) -0.017 -0.038
34 CHOX(53) + OX(20) <=> HOX(22) + OCX(25) -0.010 -0.013
35 CH2X(27) + CHOX(53) <=> CH3X(21) + OCX(25) 0.000 0.000
36 CHOX(53) + CHX(28) <=> CH2X(27) + OCX(25) -0.010 -0.013
37 CHOX(53) + CX(26) <=> CHX(28) + OCX(25) -0.010 -0.013
38 CO2(4) + X(1) <=> CO2X(24) -0.009 -0.013
39 OCX(25) + OX(20) <=> CO2X(24) + X(1) -0.015 -0.024
40 CO2X(24) + HX(19) <=> HOX(22) + OCX(25) -0.018 -0.024
Finished sensitivity simulation for a C/O ratio of 1.1
Finished translating for C/O ratio of 1.1
Starting sensitivity simulation for a C/O ratio of 1.6
0 CH4(2) + X(1) <=> CH4X(48) -0.006 -0.008
1 O2(3) + 2 X(1) <=> 2 OX(20) 0.030 0.029
2 H2(6) + 2 X(1) <=> 2 HX(19) -0.007 -0.008
3 H(12) + X(1) <=> HX(19) -0.021 -0.025
4 HX(19) + OX(20) <=> HOX(22) + X(1) -0.013 -0.013
5 H2O(5) + 2 X(1) <=> HOX(22) + HX(19) -0.012 -0.014
6 OH(17) + X(1) <=> HOX(22) -0.013 -0.013
7 CH4(2) + 2 X(1) <=> CH3X(21) + HX(19) -0.007 -0.008
8 CH4(2) + OX(20) + X(1) <=> CH3X(21) + HOX(22) -0.044 -0.046
9 C2H6(8) + 2 X(1) <=> 2 CH3X(21) -0.010 -0.009
10 CH3(10) + X(1) <=> CH3X(21) -0.088 -0.058
11 CH3OH(14) + 2 X(1) <=> CH3X(21) + HOX(22) -0.000 0.000
12 CH2X(27) + HX(19) <=> CH3X(21) + X(1) -0.013 -0.013
13 CH2X(27) + HOX(22) <=> CH3X(21) + OX(20) -0.013 -0.013
14 CHX(28) + HX(19) <=> CH2X(27) + X(1) -0.010 -0.024
15 CHX(28) + HOX(22) <=> CH2X(27) + OX(20) -0.010 -0.024
16 2 CH2X(27) <=> CH3X(21) + CHX(28) -0.009 -0.009
17 CHX(28) + X(1) <=> CX(26) + HX(19) 0.001 0.004
18 CX(26) + H2(6) <=> CH2X(27) -0.009 -0.009
19 CX(26) + HOX(22) <=> CHX(28) + OX(20) -0.006 -0.008
20 CH3X(21) + CX(26) <=> CH2X(27) + CHX(28) -0.006 -0.008
21 CH2X(27) + CX(26) <=> 2 CHX(28) -0.013 -0.013
22 CO(7) + X(1) <=> OCX(25) 0.001 0.004
23 CX(26) + OX(20) <=> OCX(25) + X(1) -0.009 -0.009
24 CH4(2) + HOX(22) + X(1) <=> CH3X(21) + H2OX(23) -0.009 -0.009
25 H2O(5) + X(1) <=> H2OX(23) -0.013 -0.013
26 H2OX(23) + OX(20) <=> 2 HOX(22) 0.000 0.000
27 HOX(22) + HX(19) <=> H2OX(23) + X(1) -0.002 -0.010
28 H2(6) + X(1) <=> H2X(49) -0.009 -0.009
29 CO(7) + X(1) <=> COX(50) 0.001 0.004
30 CH2O(9) + 2 X(1) <=> CHOX(53) + HX(19) -0.010 -0.024
31 HCO(15) + X(1) <=> CHOX(53) -0.013 -0.013
32 CH3CHO(16) + 2 X(1) <=> CH3X(21) + CHOX(53) -0.013 -0.013
33 CHOX(53) + X(1) <=> HX(19) + OCX(25) -0.000 0.000
34 CHOX(53) + OX(20) <=> HOX(22) + OCX(25) -0.009 -0.009
35 CH2X(27) + CHOX(53) <=> CH3X(21) + OCX(25) 0.001 0.004
36 CHOX(53) + CHX(28) <=> CH2X(27) + OCX(25) -0.013 -0.013
37 CHOX(53) + CX(26) <=> CHX(28) + OCX(25) -0.013 -0.013
38 CO2(4) + X(1) <=> CO2X(24) -0.003 -0.016
39 OCX(25) + OX(20) <=> CO2X(24) + X(1) -0.007 -0.009
40 CO2X(24) + HX(19) <=> HOX(22) + OCX(25) 0.000 0.000
Finished sensitivity simulation for a C/O ratio of 1.6
Finished translating for C/O ratio of 1.6
Starting sensitivity simulation for a C/O ratio of 1.2
0 CH4(2) + X(1) <=> CH4X(48) 0.006 0.012
1 O2(3) + 2 X(1) <=> 2 OX(20) 0.055 0.055
2 H2(6) + 2 X(1) <=> 2 HX(19) 0.006 0.012
3 H(12) + X(1) <=> HX(19) -0.005 -0.007
4 HX(19) + OX(20) <=> HOX(22) + X(1) 0.000 0.004
5 H2O(5) + 2 X(1) <=> HOX(22) + HX(19) 0.001 0.000
6 OH(17) + X(1) <=> HOX(22) 0.000 0.000
7 CH4(2) + 2 X(1) <=> CH3X(21) + HX(19) -0.003 0.000
8 CH4(2) + OX(20) + X(1) <=> CH3X(21) + HOX(22) -0.063 -0.075
9 C2H6(8) + 2 X(1) <=> 2 CH3X(21) -0.001 0.004
10 CH3(10) + X(1) <=> CH3X(21) -0.100 -0.061
11 CH3OH(14) + 2 X(1) <=> CH3X(21) + HOX(22) -0.000 -0.000
12 CH2X(27) + HX(19) <=> CH3X(21) + X(1) -0.000 -0.000
13 CH2X(27) + HOX(22) <=> CH3X(21) + OX(20) 0.005 0.007
14 CHX(28) + HX(19) <=> CH2X(27) + X(1) 0.006 0.012
15 CHX(28) + HOX(22) <=> CH2X(27) + OX(20) 0.000 0.004
16 2 CH2X(27) <=> CH3X(21) + CHX(28) 0.000 -0.000
17 CHX(28) + X(1) <=> CX(26) + HX(19) 0.006 0.012
18 CX(26) + H2(6) <=> CH2X(27) -0.000 -0.000
19 CX(26) + HOX(22) <=> CHX(28) + OX(20) 0.005 0.007
20 CH3X(21) + CX(26) <=> CH2X(27) + CHX(28) 0.000 -0.000
21 CH2X(27) + CX(26) <=> 2 CHX(28) 0.000 -0.000
22 CO(7) + X(1) <=> OCX(25) 0.000 0.004
23 CX(26) + OX(20) <=> OCX(25) + X(1) 0.005 0.007
24 CH4(2) + HOX(22) + X(1) <=> CH3X(21) + H2OX(23) 0.005 0.007
25 H2O(5) + X(1) <=> H2OX(23) 0.006 0.012
26 H2OX(23) + OX(20) <=> 2 HOX(22) 0.007 0.012
27 HOX(22) + HX(19) <=> H2OX(23) + X(1) 0.000 0.004
28 H2(6) + X(1) <=> H2X(49) 0.000 -0.000
29 CO(7) + X(1) <=> COX(50) 0.000 -0.000
30 CH2O(9) + 2 X(1) <=> CHOX(53) + HX(19) 0.006 0.012
31 HCO(15) + X(1) <=> CHOX(53) 0.015 0.020
32 CH3CHO(16) + 2 X(1) <=> CH3X(21) + CHOX(53) 0.000 -0.000
33 CHOX(53) + X(1) <=> HX(19) + OCX(25) 0.005 0.007
34 CHOX(53) + OX(20) <=> HOX(22) + OCX(25) 0.000 -0.000
35 CH2X(27) + CHOX(53) <=> CH3X(21) + OCX(25) 0.015 0.024
36 CHOX(53) + CHX(28) <=> CH2X(27) + OCX(25) -0.000 -0.000
37 CHOX(53) + CX(26) <=> CHX(28) + OCX(25) 0.000 0.004
38 CO2(4) + X(1) <=> CO2X(24) 0.000 0.000
39 OCX(25) + OX(20) <=> CO2X(24) + X(1) 0.003 0.003
40 CO2X(24) + HX(19) <=> HOX(22) + OCX(25) 0.000 0.004
Finished sensitivity simulation for a C/O ratio of 1.2
Finished translating for C/O ratio of 1.2
Starting sensitivity simulation for a C/O ratio of 2.0
0 CH4(2) + X(1) <=> CH4X(48) 0.000 0.000
1 O2(3) + 2 X(1) <=> 2 OX(20) 0.013 0.013
2 H2(6) + 2 X(1) <=> 2 HX(19) -0.000 -0.000
3 H(12) + X(1) <=> HX(19) -0.012 -0.025
4 HX(19) + OX(20) <=> HOX(22) + X(1) -0.000 -0.000
5 H2O(5) + 2 X(1) <=> HOX(22) + HX(19) -0.000 -0.001
6 OH(17) + X(1) <=> HOX(22) -0.000 -0.000
7 CH4(2) + 2 X(1) <=> CH3X(21) + HX(19) -0.013 -0.025
8 CH4(2) + OX(20) + X(1) <=> CH3X(21) + HOX(22) -0.047 -0.051
9 C2H6(8) + 2 X(1) <=> 2 CH3X(21) -0.000 -0.010
10 CH3(10) + X(1) <=> CH3X(21) -0.037 -0.024
11 CH3OH(14) + 2 X(1) <=> CH3X(21) + HOX(22) 0.000 0.000
12 CH2X(27) + HX(19) <=> CH3X(21) + X(1) -0.000 -0.000
13 CH2X(27) + HOX(22) <=> CH3X(21) + OX(20) -0.000 0.000
14 CHX(28) + HX(19) <=> CH2X(27) + X(1) 0.000 -0.010
15 CHX(28) + HOX(22) <=> CH2X(27) + OX(20) 0.000 0.000
16 2 CH2X(27) <=> CH3X(21) + CHX(28) 0.000 -0.010
17 CHX(28) + X(1) <=> CX(26) + HX(19) 0.000 -0.010
18 CX(26) + H2(6) <=> CH2X(27) 0.000 0.000
19 CX(26) + HOX(22) <=> CHX(28) + OX(20) 0.000 0.000
20 CH3X(21) + CX(26) <=> CH2X(27) + CHX(28) 0.000 -0.010
21 CH2X(27) + CX(26) <=> 2 CHX(28) 0.000 0.000
22 CO(7) + X(1) <=> OCX(25) 0.001 -0.009
23 CX(26) + OX(20) <=> OCX(25) + X(1) -0.000 -0.000
24 CH4(2) + HOX(22) + X(1) <=> CH3X(21) + H2OX(23) -0.000 -0.000
25 H2O(5) + X(1) <=> H2OX(23) 0.000 0.000
26 H2OX(23) + OX(20) <=> 2 HOX(22) 0.001 -0.009
27 HOX(22) + HX(19) <=> H2OX(23) + X(1) -0.000 -0.000
28 H2(6) + X(1) <=> H2X(49) 0.000 -0.010
29 CO(7) + X(1) <=> COX(50) -0.000 -0.000
30 CH2O(9) + 2 X(1) <=> CHOX(53) + HX(19) 0.000 -0.010
31 HCO(15) + X(1) <=> CHOX(53) 0.000 -0.010
32 CH3CHO(16) + 2 X(1) <=> CH3X(21) + CHOX(53) 0.000 -0.010
33 CHOX(53) + X(1) <=> HX(19) + OCX(25) 0.000 -0.010
34 CHOX(53) + OX(20) <=> HOX(22) + OCX(25) 0.000 -0.010
35 CH2X(27) + CHOX(53) <=> CH3X(21) + OCX(25) 0.000 0.000
36 CHOX(53) + CHX(28) <=> CH2X(27) + OCX(25) 0.000 -0.010
37 CHOX(53) + CX(26) <=> CHX(28) + OCX(25) -0.000 -0.000
38 CO2(4) + X(1) <=> CO2X(24) 0.000 -0.010
39 OCX(25) + OX(20) <=> CO2X(24) + X(1) 0.001 -0.010
40 CO2X(24) + HX(19) <=> HOX(22) + OCX(25) 0.000 0.000
Finished sensitivity simulation for a C/O ratio of 2.0
Finished translating for C/O ratio of 2.0
Starting sensitivity simulation for a C/O ratio of 1.8
0 CH4(2) + X(1) <=> CH4X(48) 0.002 0.001
1 O2(3) + 2 X(1) <=> 2 OX(20) 0.011 0.009
2 H2(6) + 2 X(1) <=> 2 HX(19) 0.003 0.005
3 H(12) + X(1) <=> HX(19) -0.009 -0.015
4 HX(19) + OX(20) <=> HOX(22) + X(1) -0.007 -0.007
5 H2O(5) + 2 X(1) <=> HOX(22) + HX(19) -0.007 -0.007
6 OH(17) + X(1) <=> HOX(22) 0.000 -0.000
7 CH4(2) + 2 X(1) <=> CH3X(21) + HX(19) -0.006 -0.006
8 CH4(2) + OX(20) + X(1) <=> CH3X(21) + HOX(22) -0.047 -0.052
9 C2H6(8) + 2 X(1) <=> 2 CH3X(21) -0.002 -0.005
10 CH3(10) + X(1) <=> CH3X(21) -0.063 -0.041
11 CH3OH(14) + 2 X(1) <=> CH3X(21) + HOX(22) -0.007 -0.007
12 CH2X(27) + HX(19) <=> CH3X(21) + X(1) -0.008 -0.011
13 CH2X(27) + HOX(22) <=> CH3X(21) + OX(20) -0.001 -0.005
14 CHX(28) + HX(19) <=> CH2X(27) + X(1) -0.007 -0.007
15 CHX(28) + HOX(22) <=> CH2X(27) + OX(20) -0.008 -0.011
16 2 CH2X(27) <=> CH3X(21) + CHX(28) -0.007 -0.007
17 CHX(28) + X(1) <=> CX(26) + HX(19) 0.002 0.001
18 CX(26) + H2(6) <=> CH2X(27) -0.008 -0.011
19 CX(26) + HOX(22) <=> CHX(28) + OX(20) 0.001 -0.002
20 CH3X(21) + CX(26) <=> CH2X(27) + CHX(28) -0.001 -0.005
21 CH2X(27) + CX(26) <=> 2 CHX(28) -0.008 -0.011
22 CO(7) + X(1) <=> OCX(25) 0.003 0.006
23 CX(26) + OX(20) <=> OCX(25) + X(1) -0.007 -0.007
24 CH4(2) + HOX(22) + X(1) <=> CH3X(21) + H2OX(23) -0.008 -0.012
25 H2O(5) + X(1) <=> H2OX(23) 0.000 0.000
26 H2OX(23) + OX(20) <=> 2 HOX(22) -0.007 -0.011
27 HOX(22) + HX(19) <=> H2OX(23) + X(1) 0.002 0.001
28 H2(6) + X(1) <=> H2X(49) -0.007 -0.007
29 CO(7) + X(1) <=> COX(50) -0.007 -0.007
30 CH2O(9) + 2 X(1) <=> CHOX(53) + HX(19) 0.002 0.001
31 HCO(15) + X(1) <=> CHOX(53) -0.001 -0.005
32 CH3CHO(16) + 2 X(1) <=> CH3X(21) + CHOX(53) 0.002 0.001
33 CHOX(53) + X(1) <=> HX(19) + OCX(25) 0.003 0.006
34 CHOX(53) + OX(20) <=> HOX(22) + OCX(25) -0.008 -0.011
35 CH2X(27) + CHOX(53) <=> CH3X(21) + OCX(25) 0.003 0.006
36 CHOX(53) + CHX(28) <=> CH2X(27) + OCX(25) -0.001 -0.005
37 CHOX(53) + CX(26) <=> CHX(28) + OCX(25) 0.002 0.001
38 CO2(4) + X(1) <=> CO2X(24) -0.008 -0.011
39 OCX(25) + OX(20) <=> CO2X(24) + X(1) 0.005 0.005
40 CO2X(24) + HX(19) <=> HOX(22) + OCX(25) 0.003 0.006
Finished sensitivity simulation for a C/O ratio of 1.8
Finished translating for C/O ratio of 1.8
Starting sensitivity simulation for a C/O ratio of 2.2
0 CH4(2) + X(1) <=> CH4X(48) -0.000 -0.000
1 O2(3) + 2 X(1) <=> 2 OX(20) -0.003 -0.003
2 H2(6) + 2 X(1) <=> 2 HX(19) -0.014 -0.015
3 H(12) + X(1) <=> HX(19) -0.027 -0.031
4 HX(19) + OX(20) <=> HOX(22) + X(1) -0.013 -0.014
5 H2O(5) + 2 X(1) <=> HOX(22) + HX(19) -0.014 -0.016
6 OH(17) + X(1) <=> HOX(22) -0.014 -0.015
7 CH4(2) + 2 X(1) <=> CH3X(21) + HX(19) -0.018 -0.021
8 CH4(2) + OX(20) + X(1) <=> CH3X(21) + HOX(22) -0.064 -0.069
9 C2H6(8) + 2 X(1) <=> 2 CH3X(21) -0.014 -0.015
10 CH3(10) + X(1) <=> CH3X(21) -0.034 -0.028
11 CH3OH(14) + 2 X(1) <=> CH3X(21) + HOX(22) -0.013 -0.014
12 CH2X(27) + HX(19) <=> CH3X(21) + X(1) -0.013 -0.014
13 CH2X(27) + HOX(22) <=> CH3X(21) + OX(20) -0.013 -0.014
14 CHX(28) + HX(19) <=> CH2X(27) + X(1) -0.013 -0.014
15 CHX(28) + HOX(22) <=> CH2X(27) + OX(20) -0.013 -0.014
16 2 CH2X(27) <=> CH3X(21) + CHX(28) 0.000 -0.000
17 CHX(28) + X(1) <=> CX(26) + HX(19) -0.013 -0.014
18 CX(26) + H2(6) <=> CH2X(27) -0.013 -0.014
19 CX(26) + HOX(22) <=> CHX(28) + OX(20) -0.013 -0.014
20 CH3X(21) + CX(26) <=> CH2X(27) + CHX(28) -0.013 -0.014
21 CH2X(27) + CX(26) <=> 2 CHX(28) -0.013 -0.014
22 CO(7) + X(1) <=> OCX(25) -0.013 -0.014
23 CX(26) + OX(20) <=> OCX(25) + X(1) -0.013 -0.014
24 CH4(2) + HOX(22) + X(1) <=> CH3X(21) + H2OX(23) -0.000 -0.000
25 H2O(5) + X(1) <=> H2OX(23) -0.013 -0.014
26 H2OX(23) + OX(20) <=> 2 HOX(22) -0.013 -0.014
27 HOX(22) + HX(19) <=> H2OX(23) + X(1) -0.013 -0.014
28 H2(6) + X(1) <=> H2X(49) -0.013 -0.014
29 CO(7) + X(1) <=> COX(50) 0.000 0.000
30 CH2O(9) + 2 X(1) <=> CHOX(53) + HX(19) -0.013 -0.014
31 HCO(15) + X(1) <=> CHOX(53) -0.013 -0.014
32 CH3CHO(16) + 2 X(1) <=> CH3X(21) + CHOX(53) -0.013 -0.014
33 CHOX(53) + X(1) <=> HX(19) + OCX(25) -0.013 -0.014
34 CHOX(53) + OX(20) <=> HOX(22) + OCX(25) -0.000 -0.000
35 CH2X(27) + CHOX(53) <=> CH3X(21) + OCX(25) -0.013 -0.014
36 CHOX(53) + CHX(28) <=> CH2X(27) + OCX(25) -0.013 -0.014
37 CHOX(53) + CX(26) <=> CHX(28) + OCX(25) -0.013 -0.014
38 CO2(4) + X(1) <=> CO2X(24) -0.013 -0.015
39 OCX(25) + OX(20) <=> CO2X(24) + X(1) -0.016 -0.018
40 CO2X(24) + HX(19) <=> HOX(22) + OCX(25) -0.013 -0.014
Finished sensitivity simulation for a C/O ratio of 2.2
Finished translating for C/O ratio of 2.2
Starting sensitivity simulation for a C/O ratio of 2.6
0 CH4(2) + X(1) <=> CH4X(48) -0.003 -0.012
1 O2(3) + 2 X(1) <=> 2 OX(20) 0.006 0.007
2 H2(6) + 2 X(1) <=> 2 HX(19) 0.003 -0.001
3 H(12) + X(1) <=> HX(19) -0.011 -0.018
4 HX(19) + OX(20) <=> HOX(22) + X(1) -0.000 -0.000
5 H2O(5) + 2 X(1) <=> HOX(22) + HX(19) 0.001 -0.003
6 OH(17) + X(1) <=> HOX(22) 0.019 0.018
7 CH4(2) + 2 X(1) <=> CH3X(21) + HX(19) -0.040 -0.046
8 CH4(2) + OX(20) + X(1) <=> CH3X(21) + HOX(22) -0.063 -0.071
9 C2H6(8) + 2 X(1) <=> 2 CH3X(21) 0.003 -0.001
10 CH3(10) + X(1) <=> CH3X(21) 0.016 0.016
11 CH3OH(14) + 2 X(1) <=> CH3X(21) + HOX(22) 0.004 -0.000
12 CH2X(27) + HX(19) <=> CH3X(21) + X(1) 0.020 0.018
13 CH2X(27) + HOX(22) <=> CH3X(21) + OX(20) 0.020 0.018
14 CHX(28) + HX(19) <=> CH2X(27) + X(1) 0.004 -0.000
15 CHX(28) + HOX(22) <=> CH2X(27) + OX(20) 0.020 0.018
16 2 CH2X(27) <=> CH3X(21) + CHX(28) 0.020 0.018
17 CHX(28) + X(1) <=> CX(26) + HX(19) 0.000 0.000
18 CX(26) + H2(6) <=> CH2X(27) 0.004 -0.000
19 CX(26) + HOX(22) <=> CHX(28) + OX(20) 0.000 0.000
20 CH3X(21) + CX(26) <=> CH2X(27) + CHX(28) 0.000 0.000
21 CH2X(27) + CX(26) <=> 2 CHX(28) 0.004 -0.000
22 CO(7) + X(1) <=> OCX(25) 0.020 0.018
23 CX(26) + OX(20) <=> OCX(25) + X(1) 0.024 0.028
24 CH4(2) + HOX(22) + X(1) <=> CH3X(21) + H2OX(23) -0.005 -0.006
25 H2O(5) + X(1) <=> H2OX(23) -0.009 -0.020
26 H2OX(23) + OX(20) <=> 2 HOX(22) 0.020 0.018
27 HOX(22) + HX(19) <=> H2OX(23) + X(1) 0.004 -0.000
28 H2(6) + X(1) <=> H2X(49) 0.004 -0.000
29 CO(7) + X(1) <=> COX(50) 0.020 0.018
30 CH2O(9) + 2 X(1) <=> CHOX(53) + HX(19) 0.020 0.018
31 HCO(15) + X(1) <=> CHOX(53) 0.048 0.055
32 CH3CHO(16) + 2 X(1) <=> CH3X(21) + CHOX(53) 0.004 -0.000
33 CHOX(53) + X(1) <=> HX(19) + OCX(25) 0.020 0.018
34 CHOX(53) + OX(20) <=> HOX(22) + OCX(25) 0.020 0.018
35 CH2X(27) + CHOX(53) <=> CH3X(21) + OCX(25) 0.004 -0.000
36 CHOX(53) + CHX(28) <=> CH2X(27) + OCX(25) 0.000 -0.000
37 CHOX(53) + CX(26) <=> CHX(28) + OCX(25) 0.004 -0.000
38 CO2(4) + X(1) <=> CO2X(24) 0.019 0.018
39 OCX(25) + OX(20) <=> CO2X(24) + X(1) -0.003 -0.005
40 CO2X(24) + HX(19) <=> HOX(22) + OCX(25) 0.020 0.018
Finished sensitivity simulation for a C/O ratio of 2.6
Finished translating for C/O ratio of 2.6
Starting sensitivity simulation for a C/O ratio of 2.4
0 CH4(2) + X(1) <=> CH4X(48) 0.027 0.028
1 O2(3) + 2 X(1) <=> 2 OX(20) 0.010 0.011
2 H2(6) + 2 X(1) <=> 2 HX(19) -0.000 -0.000
3 H(12) + X(1) <=> HX(19) -0.016 -0.019
4 HX(19) + OX(20) <=> HOX(22) + X(1) 0.009 0.010
5 H2O(5) + 2 X(1) <=> HOX(22) + HX(19) -0.002 -0.002
6 OH(17) + X(1) <=> HOX(22) 0.009 0.010
7 CH4(2) + 2 X(1) <=> CH3X(21) + HX(19) -0.026 -0.030
8 CH4(2) + OX(20) + X(1) <=> CH3X(21) + HOX(22) -0.059 -0.064
9 C2H6(8) + 2 X(1) <=> 2 CH3X(21) 0.027 0.028
10 CH3(10) + X(1) <=> CH3X(21) 0.001 0.006
11 CH3OH(14) + 2 X(1) <=> CH3X(21) + HOX(22) 0.014 0.013
12 CH2X(27) + HX(19) <=> CH3X(21) + X(1) 0.009 0.010
13 CH2X(27) + HOX(22) <=> CH3X(21) + OX(20) 0.009 0.010
14 CHX(28) + HX(19) <=> CH2X(27) + X(1) 0.027 0.028
15 CHX(28) + HOX(22) <=> CH2X(27) + OX(20) 0.009 0.010
16 2 CH2X(27) <=> CH3X(21) + CHX(28) 0.009 0.010
17 CHX(28) + X(1) <=> CX(26) + HX(19) -0.000 -0.000
18 CX(26) + H2(6) <=> CH2X(27) 0.014 0.013
19 CX(26) + HOX(22) <=> CHX(28) + OX(20) 0.027 0.028
20 CH3X(21) + CX(26) <=> CH2X(27) + CHX(28) 0.014 0.013
21 CH2X(27) + CX(26) <=> 2 CHX(28) 0.009 0.010
22 CO(7) + X(1) <=> OCX(25) 0.014 0.013
23 CX(26) + OX(20) <=> OCX(25) + X(1) 0.029 0.033
24 CH4(2) + HOX(22) + X(1) <=> CH3X(21) + H2OX(23) -0.001 -0.001
25 H2O(5) + X(1) <=> H2OX(23) 0.009 0.010
26 H2OX(23) + OX(20) <=> 2 HOX(22) 0.009 0.011
27 HOX(22) + HX(19) <=> H2OX(23) + X(1) 0.009 0.010
28 H2(6) + X(1) <=> H2X(49) 0.009 0.010
29 CO(7) + X(1) <=> COX(50) 0.029 0.033
30 CH2O(9) + 2 X(1) <=> CHOX(53) + HX(19) 0.000 -0.000
31 HCO(15) + X(1) <=> CHOX(53) 0.027 0.028
32 CH3CHO(16) + 2 X(1) <=> CH3X(21) + CHOX(53) 0.027 0.028
33 CHOX(53) + X(1) <=> HX(19) + OCX(25) 0.009 0.010
34 CHOX(53) + OX(20) <=> HOX(22) + OCX(25) 0.027 0.028
35 CH2X(27) + CHOX(53) <=> CH3X(21) + OCX(25) 0.009 0.010
36 CHOX(53) + CHX(28) <=> CH2X(27) + OCX(25) -0.000 -0.000
37 CHOX(53) + CX(26) <=> CHX(28) + OCX(25) 0.027 0.028
38 CO2(4) + X(1) <=> CO2X(24) 0.014 0.013
39 OCX(25) + OX(20) <=> CO2X(24) + X(1) 0.009 0.009
40 CO2X(24) + HX(19) <=> HOX(22) + OCX(25) 0.009 0.011
Finished sensitivity simulation for a C/O ratio of 2.4
Finished translating for C/O ratio of 2.4
Starting sensitivity simulation for a C/O ratio of 0.6
0 CH4(2) + X(1) <=> CH4X(48) -0.000 -0.000
1 O2(3) + 2 X(1) <=> 2 OX(20) 5.573 6.939
2 H2(6) + 2 X(1) <=> 2 HX(19) 0.000 0.000
3 H(12) + X(1) <=> HX(19) -0.000 -0.000
4 HX(19) + OX(20) <=> HOX(22) + X(1) 0.000 0.000
5 H2O(5) + 2 X(1) <=> HOX(22) + HX(19) 0.001 0.001
6 OH(17) + X(1) <=> HOX(22) 0.000 0.000
7 CH4(2) + 2 X(1) <=> CH3X(21) + HX(19) -0.001 -0.001
8 CH4(2) + OX(20) + X(1) <=> CH3X(21) + HOX(22) -7.861 -9.280
9 C2H6(8) + 2 X(1) <=> 2 CH3X(21) -0.001 -0.001
10 CH3(10) + X(1) <=> CH3X(21) -0.304 -0.290
11 CH3OH(14) + 2 X(1) <=> CH3X(21) + HOX(22) -0.000 -0.000
12 CH2X(27) + HX(19) <=> CH3X(21) + X(1) -0.000 -0.000
13 CH2X(27) + HOX(22) <=> CH3X(21) + OX(20) -0.000 -0.000
14 CHX(28) + HX(19) <=> CH2X(27) + X(1) -0.000 -0.000
15 CHX(28) + HOX(22) <=> CH2X(27) + OX(20) -0.000 -0.000
16 2 CH2X(27) <=> CH3X(21) + CHX(28) -0.000 -0.000
17 CHX(28) + X(1) <=> CX(26) + HX(19) -0.000 -0.000
18 CX(26) + H2(6) <=> CH2X(27) 0.000 0.000
19 CX(26) + HOX(22) <=> CHX(28) + OX(20) 0.386 0.471
20 CH3X(21) + CX(26) <=> CH2X(27) + CHX(28) -0.000 -0.000
21 CH2X(27) + CX(26) <=> 2 CHX(28) -0.000 -0.000
22 CO(7) + X(1) <=> OCX(25) 0.001 0.002
23 CX(26) + OX(20) <=> OCX(25) + X(1) -0.000 -0.000
24 CH4(2) + HOX(22) + X(1) <=> CH3X(21) + H2OX(23) -0.002 -0.002
25 H2O(5) + X(1) <=> H2OX(23) 0.000 0.000
26 H2OX(23) + OX(20) <=> 2 HOX(22) 0.001 0.001
27 HOX(22) + HX(19) <=> H2OX(23) + X(1) 0.000 0.000
28 H2(6) + X(1) <=> H2X(49) -0.000 -0.000
29 CO(7) + X(1) <=> COX(50) -0.000 -0.000
30 CH2O(9) + 2 X(1) <=> CHOX(53) + HX(19) -0.000 -0.000
31 HCO(15) + X(1) <=> CHOX(53) -0.000 -0.000
32 CH3CHO(16) + 2 X(1) <=> CH3X(21) + CHOX(53) -0.000 -0.000
33 CHOX(53) + X(1) <=> HX(19) + OCX(25) -0.000 -0.000
34 CHOX(53) + OX(20) <=> HOX(22) + OCX(25) -0.000 -0.000
35 CH2X(27) + CHOX(53) <=> CH3X(21) + OCX(25) -0.000 -0.000
36 CHOX(53) + CHX(28) <=> CH2X(27) + OCX(25) -0.000 -0.000
37 CHOX(53) + CX(26) <=> CHX(28) + OCX(25) -0.000 -0.000
38 CO2(4) + X(1) <=> CO2X(24) 0.000 0.000
39 OCX(25) + OX(20) <=> CO2X(24) + X(1) -0.043 -0.054
40 CO2X(24) + HX(19) <=> HOX(22) + OCX(25) -0.000 -0.000
Finished sensitivity simulation for a C/O ratio of 0.6
Finished translating for C/O ratio of 0.6
