This mechanism contains 47 gas reactions and 45 surface reactions
Finished simulation at a C/O ratio of 2.6
Finished simulation at a C/O ratio of 0.6
Finished simulation at a C/O ratio of 2.4
Finished simulation at a C/O ratio of 2.2
Finished simulation at a C/O ratio of 0.8
Finished simulation at a C/O ratio of 2.0
Finished simulation at a C/O ratio of 1.8
Finished simulation at a C/O ratio of 1.3
Finished simulation at a C/O ratio of 1.6
Finished simulation at a C/O ratio of 0.9
Finished simulation at a C/O ratio of 1.4
Finished simulation at a C/O ratio of 1.2
Finished simulation at a C/O ratio of 0.7
Finished simulation at a C/O ratio of 1.0
Finished simulation at a C/O ratio of 1.1
Starting sensitivity simulation for a C/O ratio of 2.6
0 CH4(2) + X(1) <=> CH4X(48) -0.167 -0.282
1 O2(3) + 2 X(1) <=> 2 OX(20) -0.048 -0.081
2 H2(6) + 2 X(1) <=> 2 HX(19) 0.323 0.546
3 H(12) + X(1) <=> HX(19) 0.003 0.004
4 HX(19) + OX(20) <=> HOX(22) + X(1) -0.179 -0.305
5 H2O(5) + 2 X(1) <=> HOX(22) + HX(19) 0.078 0.144
6 OH(17) + X(1) <=> HOX(22) -1.192 -1.984
7 CH4(2) + 2 X(1) <=> CH3X(21) + HX(19) -0.523 -0.879
8 CH4(2) + OX(20) + X(1) <=> CH3X(21) + HOX(22) -5.540 -9.662
9 C2H6(8) + 2 X(1) <=> 2 CH3X(21) -0.030 -0.062
10 CH3(10) + X(1) <=> CH3X(21) -0.141 -0.218
11 CH3OH(14) + 2 X(1) <=> CH3X(21) + HOX(22) 0.017 0.013
12 CH4(2) + HOX(22) + X(1) <=> CH3X(21) + H2OX(23) -0.177 -0.295
13 H2O(5) + X(1) <=> H2OX(23) 0.000 0.000
14 H2OX(23) + OX(20) <=> 2 HOX(22) 0.269 0.505
15 HOX(22) + HX(19) <=> H2OX(23) + X(1) 0.000 0.000
16 CH2X(27) + HX(19) <=> CH3X(21) + X(1) -0.322 -0.519
17 CH2X(27) + HOX(22) <=> CH3X(21) + OX(20) 0.019 0.044
18 CHX(28) + HX(19) <=> CH2X(27) + X(1) 0.000 0.000
19 CHX(28) + HOX(22) <=> CH2X(27) + OX(20) -0.167 -0.282
20 2 CH2X(27) <=> CH3X(21) + CHX(28) 0.000 0.000
21 CHX(28) + X(1) <=> CX(26) + HX(19) 0.000 0.000
22 CX(26) + H2(6) <=> CH2X(27) 0.000 0.000
23 CX(26) + HOX(22) <=> CHX(28) + OX(20) 0.000 0.000
24 CH3X(21) + CX(26) <=> CH2X(27) + CHX(28) -0.000 -0.000
25 CH2X(27) + CX(26) <=> 2 CHX(28) 0.323 0.546
26 CO(7) + X(1) <=> OCX(25) -0.167 -0.282
27 CX(26) + OX(20) <=> OCX(25) + X(1) -0.000 -0.000
28 H2(6) + X(1) <=> H2X(49) -0.000 -0.000
29 CO2(4) + X(1) <=> CO2X(24) 0.000 0.000
30 OCX(25) + OX(20) <=> CO2X(24) + X(1) 0.000 -0.000
31 CO2X(24) + HX(19) <=> HOX(22) + OCX(25) -0.129 -0.386
32 CO(7) + X(1) <=> COX(50) 0.000 0.000
33 CH3OH(14) + X(1) <=> CH4OX(60) 0.000 0.000
34 C2H6(8) + X(1) <=> C2H6X(52) -0.167 -0.282
35 C2H4(47) + X(1) <=> C2H4X(210) 0.000 0.000
36 C2H4(18) + X(1) <=> C2H4X(65) 0.323 0.546
37 CH2O(9) + 2 X(1) <=> CHOX(53) + HX(19) -0.167 -0.282
38 HCO(15) + X(1) <=> CHOX(53) -0.000 -0.000
39 CH3CHO(16) + 2 X(1) <=> CH3X(21) + CHOX(53) -0.167 -0.282
40 CHOX(53) + X(1) <=> HX(19) + OCX(25) -0.000 -0.000
41 CHOX(53) + OX(20) <=> HOX(22) + OCX(25) -0.000 -0.000
42 CH2X(27) + CHOX(53) <=> CH3X(21) + OCX(25) 0.000 0.000
43 CHOX(53) + CHX(28) <=> CH2X(27) + OCX(25) -0.000 -0.000
44 CHOX(53) + CX(26) <=> CHX(28) + OCX(25) -0.167 -0.282
Finished sensitivity simulation for a C/O ratio of 2.6
Finished translating for C/O ratio of 2.6
Starting sensitivity simulation for a C/O ratio of 0.6
0 CH4(2) + X(1) <=> CH4X(48) 0.544 0.813
1 O2(3) + 2 X(1) <=> 2 OX(20) 0.535 0.799
2 H2(6) + 2 X(1) <=> 2 HX(19) 0.000 -0.000
3 H(12) + X(1) <=> HX(19) 0.547 0.817
4 HX(19) + OX(20) <=> HOX(22) + X(1) 0.541 0.807
5 H2O(5) + 2 X(1) <=> HOX(22) + HX(19) 0.024 0.040
6 OH(17) + X(1) <=> HOX(22) -0.519 -0.720
7 CH4(2) + 2 X(1) <=> CH3X(21) + HX(19) 0.430 0.648
8 CH4(2) + OX(20) + X(1) <=> CH3X(21) + HOX(22) -6.702 -10.253
9 C2H6(8) + 2 X(1) <=> 2 CH3X(21) 0.095 0.131
10 CH3(10) + X(1) <=> CH3X(21) 0.438 0.674
11 CH3OH(14) + 2 X(1) <=> CH3X(21) + HOX(22) 0.064 0.079
12 CH4(2) + HOX(22) + X(1) <=> CH3X(21) + H2OX(23) 0.525 0.786
13 H2O(5) + X(1) <=> H2OX(23) 0.615 0.918
14 H2OX(23) + OX(20) <=> 2 HOX(22) 0.366 0.603
15 HOX(22) + HX(19) <=> H2OX(23) + X(1) 0.000 0.000
16 CH2X(27) + HX(19) <=> CH3X(21) + X(1) 0.520 0.802
17 CH2X(27) + HOX(22) <=> CH3X(21) + OX(20) 0.612 0.928
18 CHX(28) + HX(19) <=> CH2X(27) + X(1) 0.544 0.813
19 CHX(28) + HOX(22) <=> CH2X(27) + OX(20) 0.544 0.813
20 2 CH2X(27) <=> CH3X(21) + CHX(28) 0.615 0.918
21 CHX(28) + X(1) <=> CX(26) + HX(19) 0.544 0.813
22 CX(26) + H2(6) <=> CH2X(27) 0.615 0.918
23 CX(26) + HOX(22) <=> CHX(28) + OX(20) 0.544 0.813
24 CH3X(21) + CX(26) <=> CH2X(27) + CHX(28) 0.544 0.813
25 CH2X(27) + CX(26) <=> 2 CHX(28) 0.615 0.918
26 CO(7) + X(1) <=> OCX(25) 0.544 0.813
27 CX(26) + OX(20) <=> OCX(25) + X(1) 0.000 0.000
28 H2(6) + X(1) <=> H2X(49) -0.000 0.000
29 CO2(4) + X(1) <=> CO2X(24) 0.000 0.000
30 OCX(25) + OX(20) <=> CO2X(24) + X(1) 0.544 0.813
31 CO2X(24) + HX(19) <=> HOX(22) + OCX(25) 0.746 0.928
32 CO(7) + X(1) <=> COX(50) -0.000 -0.000
33 CH3OH(14) + X(1) <=> CH4OX(60) 0.615 0.918
34 C2H6(8) + X(1) <=> C2H6X(52) 0.000 0.000
35 C2H4(47) + X(1) <=> C2H4X(210) 0.000 0.000
36 C2H4(18) + X(1) <=> C2H4X(65) 0.544 0.813
37 CH2O(9) + 2 X(1) <=> CHOX(53) + HX(19) 0.544 0.813
38 HCO(15) + X(1) <=> CHOX(53) 0.544 0.813
39 CH3CHO(16) + 2 X(1) <=> CH3X(21) + CHOX(53) 0.544 0.813
40 CHOX(53) + X(1) <=> HX(19) + OCX(25) 0.544 0.813
41 CHOX(53) + OX(20) <=> HOX(22) + OCX(25) 0.544 0.813
42 CH2X(27) + CHOX(53) <=> CH3X(21) + OCX(25) 0.615 0.918
43 CHOX(53) + CHX(28) <=> CH2X(27) + OCX(25) -0.000 -0.000
44 CHOX(53) + CX(26) <=> CHX(28) + OCX(25) -0.000 -0.000
Finished sensitivity simulation for a C/O ratio of 0.6
Finished translating for C/O ratio of 0.6
Starting sensitivity simulation for a C/O ratio of 2.2
0 CH4(2) + X(1) <=> CH4X(48) 0.580 1.321
1 O2(3) + 2 X(1) <=> 2 OX(20) -0.367 -0.847
2 H2(6) + 2 X(1) <=> 2 HX(19) -0.001 -0.002
3 H(12) + X(1) <=> HX(19) -0.318 -0.731
4 HX(19) + OX(20) <=> HOX(22) + X(1) -0.015 -0.038
5 H2O(5) + 2 X(1) <=> HOX(22) + HX(19) -0.223 -0.496
6 OH(17) + X(1) <=> HOX(22) -1.391 -3.197
7 CH4(2) + 2 X(1) <=> CH3X(21) + HX(19) -0.621 -1.426
8 CH4(2) + OX(20) + X(1) <=> CH3X(21) + HOX(22) -4.883 -11.839
9 C2H6(8) + 2 X(1) <=> 2 CH3X(21) -0.262 -0.607
10 CH3(10) + X(1) <=> CH3X(21) -0.217 -0.454
11 CH3OH(14) + 2 X(1) <=> CH3X(21) + HOX(22) 0.013 0.019
12 CH4(2) + HOX(22) + X(1) <=> CH3X(21) + H2OX(23) -0.137 -0.311
13 H2O(5) + X(1) <=> H2OX(23) 0.000 0.000
14 H2OX(23) + OX(20) <=> 2 HOX(22) 0.493 1.175
15 HOX(22) + HX(19) <=> H2OX(23) + X(1) 0.792 1.799
16 CH2X(27) + HX(19) <=> CH3X(21) + X(1) -0.453 -1.026
17 CH2X(27) + HOX(22) <=> CH3X(21) + OX(20) 0.026 0.066
18 CHX(28) + HX(19) <=> CH2X(27) + X(1) -0.321 -0.739
19 CHX(28) + HOX(22) <=> CH2X(27) + OX(20) -0.000 -0.000
20 2 CH2X(27) <=> CH3X(21) + CHX(28) -0.000 -0.001
21 CHX(28) + X(1) <=> CX(26) + HX(19) -0.321 -0.739
22 CX(26) + H2(6) <=> CH2X(27) 0.000 0.000
23 CX(26) + HOX(22) <=> CHX(28) + OX(20) -0.000 -0.000
24 CH3X(21) + CX(26) <=> CH2X(27) + CHX(28) 0.580 1.321
25 CH2X(27) + CX(26) <=> 2 CHX(28) -0.000 -0.001
26 CO(7) + X(1) <=> OCX(25) 0.000 0.000
27 CX(26) + OX(20) <=> OCX(25) + X(1) 0.000 0.000
28 H2(6) + X(1) <=> H2X(49) 0.580 1.321
29 CO2(4) + X(1) <=> CO2X(24) 0.580 1.321
30 OCX(25) + OX(20) <=> CO2X(24) + X(1) -0.321 -0.739
31 CO2X(24) + HX(19) <=> HOX(22) + OCX(25) -0.067 -0.337
32 CO(7) + X(1) <=> COX(50) -0.321 -0.739
33 CH3OH(14) + X(1) <=> CH4OX(60) 0.000 0.000
34 C2H6(8) + X(1) <=> C2H6X(52) 0.000 0.000
35 C2H4(47) + X(1) <=> C2H4X(210) -0.321 -0.739
36 C2H4(18) + X(1) <=> C2H4X(65) 0.000 0.000
37 CH2O(9) + 2 X(1) <=> CHOX(53) + HX(19) -0.000 -0.000
38 HCO(15) + X(1) <=> CHOX(53) -0.000 -0.001
39 CH3CHO(16) + 2 X(1) <=> CH3X(21) + CHOX(53) -0.000 -0.000
40 CHOX(53) + X(1) <=> HX(19) + OCX(25) -0.321 -0.739
41 CHOX(53) + OX(20) <=> HOX(22) + OCX(25) -0.321 -0.739
42 CH2X(27) + CHOX(53) <=> CH3X(21) + OCX(25) -0.000 -0.000
43 CHOX(53) + CHX(28) <=> CH2X(27) + OCX(25) -0.321 -0.739
44 CHOX(53) + CX(26) <=> CHX(28) + OCX(25) 0.000 0.000
Finished sensitivity simulation for a C/O ratio of 2.2
Finished translating for C/O ratio of 2.2
Starting sensitivity simulation for a C/O ratio of 1.8
0 CH4(2) + X(1) <=> CH4X(48) 0.909 1.783
1 O2(3) + 2 X(1) <=> 2 OX(20) 0.014 -0.044
2 H2(6) + 2 X(1) <=> 2 HX(19) -0.560 -1.069
3 H(12) + X(1) <=> HX(19) 0.000 0.000
4 HX(19) + OX(20) <=> HOX(22) + X(1) 0.004 0.003
5 H2O(5) + 2 X(1) <=> HOX(22) + HX(19) 0.045 0.088
6 OH(17) + X(1) <=> HOX(22) -0.961 -1.806
7 CH4(2) + 2 X(1) <=> CH3X(21) + HX(19) -0.484 -0.921
8 CH4(2) + OX(20) + X(1) <=> CH3X(21) + HOX(22) -5.853 -10.870
9 C2H6(8) + 2 X(1) <=> 2 CH3X(21) -0.178 -0.336
10 CH3(10) + X(1) <=> CH3X(21) -0.978 -1.793
11 CH3OH(14) + 2 X(1) <=> CH3X(21) + HOX(22) -0.001 -0.003
12 CH4(2) + HOX(22) + X(1) <=> CH3X(21) + H2OX(23) 0.001 0.002
13 H2O(5) + X(1) <=> H2OX(23) -0.000 -0.000
14 H2OX(23) + OX(20) <=> 2 HOX(22) 0.894 1.771
15 HOX(22) + HX(19) <=> H2OX(23) + X(1) -0.420 -0.802
16 CH2X(27) + HX(19) <=> CH3X(21) + X(1) -0.003 0.001
17 CH2X(27) + HOX(22) <=> CH3X(21) + OX(20) -0.546 -1.043
18 CHX(28) + HX(19) <=> CH2X(27) + X(1) -0.000 -0.000
19 CHX(28) + HOX(22) <=> CH2X(27) + OX(20) 0.000 -0.000
20 2 CH2X(27) <=> CH3X(21) + CHX(28) -0.122 -0.230
21 CHX(28) + X(1) <=> CX(26) + HX(19) -0.420 -0.803
22 CX(26) + H2(6) <=> CH2X(27) -0.000 -0.000
23 CX(26) + HOX(22) <=> CHX(28) + OX(20) 0.000 0.000
24 CH3X(21) + CX(26) <=> CH2X(27) + CHX(28) -0.000 -0.001
25 CH2X(27) + CX(26) <=> 2 CHX(28) 0.912 1.786
26 CO(7) + X(1) <=> OCX(25) -0.000 -0.000
27 CX(26) + OX(20) <=> OCX(25) + X(1) -0.561 -1.069
28 H2(6) + X(1) <=> H2X(49) -0.000 -0.000
29 CO2(4) + X(1) <=> CO2X(24) -0.000 -0.000
30 OCX(25) + OX(20) <=> CO2X(24) + X(1) 0.000 0.000
31 CO2X(24) + HX(19) <=> HOX(22) + OCX(25) -0.366 -0.768
32 CO(7) + X(1) <=> COX(50) -0.559 -1.068
33 CH3OH(14) + X(1) <=> CH4OX(60) 0.489 0.959
34 C2H6(8) + X(1) <=> C2H6X(52) -0.000 -0.000
35 C2H4(47) + X(1) <=> C2H4X(210) -0.000 -0.000
36 C2H4(18) + X(1) <=> C2H4X(65) -0.000 -0.000
37 CH2O(9) + 2 X(1) <=> CHOX(53) + HX(19) -0.000 -0.000
38 HCO(15) + X(1) <=> CHOX(53) 0.489 0.959
39 CH3CHO(16) + 2 X(1) <=> CH3X(21) + CHOX(53) -0.559 -1.068
40 CHOX(53) + X(1) <=> HX(19) + OCX(25) -0.122 -0.230
41 CHOX(53) + OX(20) <=> HOX(22) + OCX(25) -0.559 -1.068
42 CH2X(27) + CHOX(53) <=> CH3X(21) + OCX(25) -0.000 -0.000
43 CHOX(53) + CHX(28) <=> CH2X(27) + OCX(25) -0.559 -1.068
44 CHOX(53) + CX(26) <=> CHX(28) + OCX(25) -0.000 -0.000
Finished sensitivity simulation for a C/O ratio of 1.8
Finished translating for C/O ratio of 1.8
Starting sensitivity simulation for a C/O ratio of 0.7
0 CH4(2) + X(1) <=> CH4X(48) 0.000 0.000
1 O2(3) + 2 X(1) <=> 2 OX(20) -0.322 -0.583
2 H2(6) + 2 X(1) <=> 2 HX(19) -0.000 -0.000
3 H(12) + X(1) <=> HX(19) 0.005 0.008
4 HX(19) + OX(20) <=> HOX(22) + X(1) -0.008 -0.016
5 H2O(5) + 2 X(1) <=> HOX(22) + HX(19) 0.057 0.110
6 OH(17) + X(1) <=> HOX(22) -1.459 -2.614
7 CH4(2) + 2 X(1) <=> CH3X(21) + HX(19) -0.247 -0.443
8 CH4(2) + OX(20) + X(1) <=> CH3X(21) + HOX(22) -8.195 -15.734
9 C2H6(8) + 2 X(1) <=> 2 CH3X(21) -0.012 -0.028
10 CH3(10) + X(1) <=> CH3X(21) -0.213 -0.354
11 CH3OH(14) + 2 X(1) <=> CH3X(21) + HOX(22) 0.018 0.021
12 CH4(2) + HOX(22) + X(1) <=> CH3X(21) + H2OX(23) -0.119 -0.212
13 H2O(5) + X(1) <=> H2OX(23) 0.000 0.000
14 H2OX(23) + OX(20) <=> 2 HOX(22) 0.644 1.213
15 HOX(22) + HX(19) <=> H2OX(23) + X(1) 0.000 0.000
16 CH2X(27) + HX(19) <=> CH3X(21) + X(1) -0.020 -0.018
17 CH2X(27) + HOX(22) <=> CH3X(21) + OX(20) -0.414 -0.743
18 CHX(28) + HX(19) <=> CH2X(27) + X(1) 0.000 0.000
19 CHX(28) + HOX(22) <=> CH2X(27) + OX(20) -0.000 -0.000
20 2 CH2X(27) <=> CH3X(21) + CHX(28) 0.000 0.000
21 CHX(28) + X(1) <=> CX(26) + HX(19) -0.000 -0.000
22 CX(26) + H2(6) <=> CH2X(27) 0.137 0.248
23 CX(26) + HOX(22) <=> CHX(28) + OX(20) 0.000 0.000
24 CH3X(21) + CX(26) <=> CH2X(27) + CHX(28) -0.000 -0.000
25 CH2X(27) + CX(26) <=> 2 CHX(28) 0.137 0.248
26 CO(7) + X(1) <=> OCX(25) 0.000 0.000
27 CX(26) + OX(20) <=> OCX(25) + X(1) 0.000 -0.000
28 H2(6) + X(1) <=> H2X(49) -0.304 -0.551
29 CO2(4) + X(1) <=> CO2X(24) -0.304 -0.551
30 OCX(25) + OX(20) <=> CO2X(24) + X(1) -0.304 -0.551
31 CO2X(24) + HX(19) <=> HOX(22) + OCX(25) -0.048 -0.267
32 CO(7) + X(1) <=> COX(50) -0.000 -0.000
33 CH3OH(14) + X(1) <=> CH4OX(60) -0.000 -0.000
34 C2H6(8) + X(1) <=> C2H6X(52) -0.000 -0.000
35 C2H4(47) + X(1) <=> C2H4X(210) -0.000 -0.000
36 C2H4(18) + X(1) <=> C2H4X(65) -0.000 -0.000
37 CH2O(9) + 2 X(1) <=> CHOX(53) + HX(19) 0.000 0.000
38 HCO(15) + X(1) <=> CHOX(53) 0.137 0.248
39 CH3CHO(16) + 2 X(1) <=> CH3X(21) + CHOX(53) -0.304 -0.551
40 CHOX(53) + X(1) <=> HX(19) + OCX(25) 0.231 0.417
41 CHOX(53) + OX(20) <=> HOX(22) + OCX(25) 0.927 1.667
42 CH2X(27) + CHOX(53) <=> CH3X(21) + OCX(25) -0.304 -0.551
43 CHOX(53) + CHX(28) <=> CH2X(27) + OCX(25) 0.000 0.000
44 CHOX(53) + CX(26) <=> CHX(28) + OCX(25) 0.000 0.000
Finished sensitivity simulation for a C/O ratio of 0.7
Finished translating for C/O ratio of 0.7
Starting sensitivity simulation for a C/O ratio of 2.0
0 CH4(2) + X(1) <=> CH4X(48) 0.000 0.000
1 O2(3) + 2 X(1) <=> 2 OX(20) 1.118 3.053
2 H2(6) + 2 X(1) <=> 2 HX(19) -0.000 -0.002
3 H(12) + X(1) <=> HX(19) 0.004 0.012
4 HX(19) + OX(20) <=> HOX(22) + X(1) -0.018 -0.054
5 H2O(5) + 2 X(1) <=> HOX(22) + HX(19) 0.110 0.325
6 OH(17) + X(1) <=> HOX(22) -1.133 -3.145
7 CH4(2) + 2 X(1) <=> CH3X(21) + HX(19) -0.282 -0.779
8 CH4(2) + OX(20) + X(1) <=> CH3X(21) + HOX(22) -5.088 -14.635
9 C2H6(8) + 2 X(1) <=> 2 CH3X(21) -0.042 -0.118
10 CH3(10) + X(1) <=> CH3X(21) -0.271 -0.681
11 CH3OH(14) + 2 X(1) <=> CH3X(21) + HOX(22) -0.470 -1.319
12 CH4(2) + HOX(22) + X(1) <=> CH3X(21) + H2OX(23) -0.144 -0.395
13 H2O(5) + X(1) <=> H2OX(23) 0.000 0.000
14 H2OX(23) + OX(20) <=> 2 HOX(22) 0.529 1.510
15 HOX(22) + HX(19) <=> H2OX(23) + X(1) -0.567 -1.583
16 CH2X(27) + HX(19) <=> CH3X(21) + X(1) -0.142 -0.379
17 CH2X(27) + HOX(22) <=> CH3X(21) + OX(20) 0.505 1.398
18 CHX(28) + HX(19) <=> CH2X(27) + X(1) 0.000 0.000
19 CHX(28) + HOX(22) <=> CH2X(27) + OX(20) -0.000 -0.000
20 2 CH2X(27) <=> CH3X(21) + CHX(28) 0.000 0.000
21 CHX(28) + X(1) <=> CX(26) + HX(19) 0.000 0.000
22 CX(26) + H2(6) <=> CH2X(27) 0.000 0.000
23 CX(26) + HOX(22) <=> CHX(28) + OX(20) 0.000 0.000
24 CH3X(21) + CX(26) <=> CH2X(27) + CHX(28) -0.000 -0.000
25 CH2X(27) + CX(26) <=> 2 CHX(28) 0.000 0.000
26 CO(7) + X(1) <=> OCX(25) 0.000 0.001
27 CX(26) + OX(20) <=> OCX(25) + X(1) -0.567 -1.584
28 H2(6) + X(1) <=> H2X(49) 0.000 0.000
29 CO2(4) + X(1) <=> CO2X(24) 0.000 0.000
30 OCX(25) + OX(20) <=> CO2X(24) + X(1) -0.000 -0.000
31 CO2X(24) + HX(19) <=> HOX(22) + OCX(25) -0.119 -0.522
32 CO(7) + X(1) <=> COX(50) 0.000 0.000
33 CH3OH(14) + X(1) <=> CH4OX(60) -0.567 -1.584
34 C2H6(8) + X(1) <=> C2H6X(52) 0.000 0.000
35 C2H4(47) + X(1) <=> C2H4X(210) 0.000 0.000
36 C2H4(18) + X(1) <=> C2H4X(65) 0.486 1.340
37 CH2O(9) + 2 X(1) <=> CHOX(53) + HX(19) 0.000 0.000
38 HCO(15) + X(1) <=> CHOX(53) 0.000 0.000
39 CH3CHO(16) + 2 X(1) <=> CH3X(21) + CHOX(53) 0.000 0.000
40 CHOX(53) + X(1) <=> HX(19) + OCX(25) 0.000 0.000
41 CHOX(53) + OX(20) <=> HOX(22) + OCX(25) 0.000 0.000
42 CH2X(27) + CHOX(53) <=> CH3X(21) + OCX(25) 0.000 0.000
43 CHOX(53) + CHX(28) <=> CH2X(27) + OCX(25) 0.000 0.000
44 CHOX(53) + CX(26) <=> CHX(28) + OCX(25) 0.000 0.000
Finished sensitivity simulation for a C/O ratio of 2.0
Finished translating for C/O ratio of 2.0
Starting sensitivity simulation for a C/O ratio of 1.0
0 CH4(2) + X(1) <=> CH4X(48) -1.926 -3.749
1 O2(3) + 2 X(1) <=> 2 OX(20) -1.850 -3.727
2 H2(6) + 2 X(1) <=> 2 HX(19) -1.929 -3.750
3 H(12) + X(1) <=> HX(19) -3.148 -6.166
4 HX(19) + OX(20) <=> HOX(22) + X(1) -3.154 -6.183
5 H2O(5) + 2 X(1) <=> HOX(22) + HX(19) -1.507 -2.935
6 OH(17) + X(1) <=> HOX(22) -4.789 -9.489
7 CH4(2) + 2 X(1) <=> CH3X(21) + HX(19) -1.930 -3.754
8 CH4(2) + OX(20) + X(1) <=> CH3X(21) + HOX(22) -11.646 -24.721
9 C2H6(8) + 2 X(1) <=> 2 CH3X(21) -1.838 -3.578
10 CH3(10) + X(1) <=> CH3X(21) -1.092 -1.977
11 CH3OH(14) + 2 X(1) <=> CH3X(21) + HOX(22) -1.751 -3.406
12 CH4(2) + HOX(22) + X(1) <=> CH3X(21) + H2OX(23) -1.929 -3.754
13 H2O(5) + X(1) <=> H2OX(23) -3.162 -6.193
14 H2OX(23) + OX(20) <=> 2 HOX(22) 0.142 0.286
15 HOX(22) + HX(19) <=> H2OX(23) + X(1) -1.768 -3.438
16 CH2X(27) + HX(19) <=> CH3X(21) + X(1) -1.775 -3.442
17 CH2X(27) + HOX(22) <=> CH3X(21) + OX(20) -1.710 -3.324
18 CHX(28) + HX(19) <=> CH2X(27) + X(1) -1.768 -3.439
19 CHX(28) + HOX(22) <=> CH2X(27) + OX(20) -1.767 -3.440
20 2 CH2X(27) <=> CH3X(21) + CHX(28) -0.000 -0.000
21 CHX(28) + X(1) <=> CX(26) + HX(19) -1.768 -3.439
22 CX(26) + H2(6) <=> CH2X(27) -1.768 -3.439
23 CX(26) + HOX(22) <=> CHX(28) + OX(20) -0.000 -0.000
24 CH3X(21) + CX(26) <=> CH2X(27) + CHX(28) -1.928 -3.751
25 CH2X(27) + CX(26) <=> 2 CHX(28) -1.768 -3.439
26 CO(7) + X(1) <=> OCX(25) -1.767 -3.437
27 CX(26) + OX(20) <=> OCX(25) + X(1) -1.782 -3.450
28 H2(6) + X(1) <=> H2X(49) -1.768 -3.439
29 CO2(4) + X(1) <=> CO2X(24) -1.926 -3.749
30 OCX(25) + OX(20) <=> CO2X(24) + X(1) -1.768 -3.439
31 CO2X(24) + HX(19) <=> HOX(22) + OCX(25) -3.680 -7.274
32 CO(7) + X(1) <=> COX(50) -1.768 -3.439
33 CH3OH(14) + X(1) <=> CH4OX(60) -1.768 -3.439
34 C2H6(8) + X(1) <=> C2H6X(52) -1.768 -3.439
35 C2H4(47) + X(1) <=> C2H4X(210) -1.768 -3.439
36 C2H4(18) + X(1) <=> C2H4X(65) -1.768 -3.439
37 CH2O(9) + 2 X(1) <=> CHOX(53) + HX(19) -1.926 -3.749
38 HCO(15) + X(1) <=> CHOX(53) -1.768 -3.439
39 CH3CHO(16) + 2 X(1) <=> CH3X(21) + CHOX(53) -1.926 -3.749
40 CHOX(53) + X(1) <=> HX(19) + OCX(25) -0.000 -0.000
41 CHOX(53) + OX(20) <=> HOX(22) + OCX(25) -1.768 -3.439
42 CH2X(27) + CHOX(53) <=> CH3X(21) + OCX(25) -1.926 -3.749
43 CHOX(53) + CHX(28) <=> CH2X(27) + OCX(25) -1.768 -3.439
44 CHOX(53) + CX(26) <=> CHX(28) + OCX(25) -1.768 -3.439
Finished sensitivity simulation for a C/O ratio of 1.0
Finished translating for C/O ratio of 1.0
Starting sensitivity simulation for a C/O ratio of 1.2
0 CH4(2) + X(1) <=> CH4X(48) 0.150 0.418
1 O2(3) + 2 X(1) <=> 2 OX(20) -0.201 -0.650
2 H2(6) + 2 X(1) <=> 2 HX(19) -0.172 -0.478
3 H(12) + X(1) <=> HX(19) -0.168 -0.475
4 HX(19) + OX(20) <=> HOX(22) + X(1) -0.165 -0.476
5 H2O(5) + 2 X(1) <=> HOX(22) + HX(19) -0.147 -0.454
6 OH(17) + X(1) <=> HOX(22) -0.465 -1.385
7 CH4(2) + 2 X(1) <=> CH3X(21) + HX(19) -0.342 -0.981
8 CH4(2) + OX(20) + X(1) <=> CH3X(21) + HOX(22) -1.621 -5.284
9 C2H6(8) + 2 X(1) <=> 2 CH3X(21) -0.222 -0.634
10 CH3(10) + X(1) <=> CH3X(21) -0.204 -0.418
11 CH3OH(14) + 2 X(1) <=> CH3X(21) + HOX(22) -0.168 -0.477
12 CH4(2) + HOX(22) + X(1) <=> CH3X(21) + H2OX(23) -0.168 -0.476
13 H2O(5) + X(1) <=> H2OX(23) -0.168 -0.475
14 H2OX(23) + OX(20) <=> 2 HOX(22) 0.145 0.420
15 HOX(22) + HX(19) <=> H2OX(23) + X(1) 0.000 0.000
16 CH2X(27) + HX(19) <=> CH3X(21) + X(1) -0.310 -0.878
17 CH2X(27) + HOX(22) <=> CH3X(21) + OX(20) -0.168 -0.474
18 CHX(28) + HX(19) <=> CH2X(27) + X(1) -0.168 -0.475
19 CHX(28) + HOX(22) <=> CH2X(27) + OX(20) 0.155 0.421
20 2 CH2X(27) <=> CH3X(21) + CHX(28) 0.150 0.418
21 CHX(28) + X(1) <=> CX(26) + HX(19) -0.000 -0.000
22 CX(26) + H2(6) <=> CH2X(27) 0.150 0.418
23 CX(26) + HOX(22) <=> CHX(28) + OX(20) 0.150 0.418
24 CH3X(21) + CX(26) <=> CH2X(27) + CHX(28) 0.149 0.417
25 CH2X(27) + CX(26) <=> 2 CHX(28) 0.150 0.418
26 CO(7) + X(1) <=> OCX(25) -0.168 -0.475
27 CX(26) + OX(20) <=> OCX(25) + X(1) 0.100 0.380
28 H2(6) + X(1) <=> H2X(49) -0.229 -0.651
29 CO2(4) + X(1) <=> CO2X(24) -0.250 -0.713
30 OCX(25) + OX(20) <=> CO2X(24) + X(1) -0.000 -0.000
31 CO2X(24) + HX(19) <=> HOX(22) + OCX(25) -0.283 -0.888
32 CO(7) + X(1) <=> COX(50) -0.000 -0.000
33 CH3OH(14) + X(1) <=> CH4OX(60) 0.150 0.418
34 C2H6(8) + X(1) <=> C2H6X(52) 0.150 0.418
35 C2H4(47) + X(1) <=> C2H4X(210) 0.014 0.039
36 C2H4(18) + X(1) <=> C2H4X(65) -0.000 -0.000
37 CH2O(9) + 2 X(1) <=> CHOX(53) + HX(19) -0.250 -0.713
38 HCO(15) + X(1) <=> CHOX(53) -0.000 -0.000
39 CH3CHO(16) + 2 X(1) <=> CH3X(21) + CHOX(53) -0.250 -0.713
40 CHOX(53) + X(1) <=> HX(19) + OCX(25) -0.000 -0.000
41 CHOX(53) + OX(20) <=> HOX(22) + OCX(25) 0.150 0.418
42 CH2X(27) + CHOX(53) <=> CH3X(21) + OCX(25) -0.000 -0.000
43 CHOX(53) + CHX(28) <=> CH2X(27) + OCX(25) -0.168 -0.476
44 CHOX(53) + CX(26) <=> CHX(28) + OCX(25) -0.000 -0.000
Finished sensitivity simulation for a C/O ratio of 1.2
Finished translating for C/O ratio of 1.2
Starting sensitivity simulation for a C/O ratio of 2.4
0 CH4(2) + X(1) <=> CH4X(48) 0.390 0.750
1 O2(3) + 2 X(1) <=> 2 OX(20) -0.051 -0.099
2 H2(6) + 2 X(1) <=> 2 HX(19) -0.000 -0.000
3 H(12) + X(1) <=> HX(19) 0.393 0.756
4 HX(19) + OX(20) <=> HOX(22) + X(1) 0.376 0.720
5 H2O(5) + 2 X(1) <=> HOX(22) + HX(19) 0.091 0.189
6 OH(17) + X(1) <=> HOX(22) -0.480 -0.885
7 CH4(2) + 2 X(1) <=> CH3X(21) + HX(19) -0.334 -0.638
8 CH4(2) + OX(20) + X(1) <=> CH3X(21) + HOX(22) -4.728 -9.474
9 C2H6(8) + 2 X(1) <=> 2 CH3X(21) 0.355 0.676
10 CH3(10) + X(1) <=> CH3X(21) -0.181 -0.319
11 CH3OH(14) + 2 X(1) <=> CH3X(21) + HOX(22) 0.406 0.767
12 CH4(2) + HOX(22) + X(1) <=> CH3X(21) + H2OX(23) 0.224 0.435
13 H2O(5) + X(1) <=> H2OX(23) 0.000 0.000
14 H2OX(23) + OX(20) <=> 2 HOX(22) 0.874 1.724
15 HOX(22) + HX(19) <=> H2OX(23) + X(1) 0.390 0.750
16 CH2X(27) + HX(19) <=> CH3X(21) + X(1) -0.146 -0.261
17 CH2X(27) + HOX(22) <=> CH3X(21) + OX(20) -0.062 -0.111
18 CHX(28) + HX(19) <=> CH2X(27) + X(1) 0.000 0.000
19 CHX(28) + HOX(22) <=> CH2X(27) + OX(20) 0.390 0.750
20 2 CH2X(27) <=> CH3X(21) + CHX(28) 0.390 0.750
21 CHX(28) + X(1) <=> CX(26) + HX(19) 0.033 0.063
22 CX(26) + H2(6) <=> CH2X(27) 0.390 0.750
23 CX(26) + HOX(22) <=> CHX(28) + OX(20) -0.000 -0.000
24 CH3X(21) + CX(26) <=> CH2X(27) + CHX(28) -0.000 -0.000
25 CH2X(27) + CX(26) <=> 2 CHX(28) 0.390 0.750
26 CO(7) + X(1) <=> OCX(25) 0.033 0.064
27 CX(26) + OX(20) <=> OCX(25) + X(1) 0.000 0.000
28 H2(6) + X(1) <=> H2X(49) 0.390 0.750
29 CO2(4) + X(1) <=> CO2X(24) -0.000 -0.000
30 OCX(25) + OX(20) <=> CO2X(24) + X(1) -0.000 -0.000
31 CO2X(24) + HX(19) <=> HOX(22) + OCX(25) 0.360 0.523
32 CO(7) + X(1) <=> COX(50) 0.390 0.750
33 CH3OH(14) + X(1) <=> CH4OX(60) -0.000 -0.000
34 C2H6(8) + X(1) <=> C2H6X(52) 0.390 0.750
35 C2H4(47) + X(1) <=> C2H4X(210) -0.000 -0.000
36 C2H4(18) + X(1) <=> C2H4X(65) 0.033 0.063
37 CH2O(9) + 2 X(1) <=> CHOX(53) + HX(19) 0.390 0.750
38 HCO(15) + X(1) <=> CHOX(53) 0.390 0.750
39 CH3CHO(16) + 2 X(1) <=> CH3X(21) + CHOX(53) 0.390 0.750
40 CHOX(53) + X(1) <=> HX(19) + OCX(25) 0.390 0.750
41 CHOX(53) + OX(20) <=> HOX(22) + OCX(25) 0.033 0.063
42 CH2X(27) + CHOX(53) <=> CH3X(21) + OCX(25) 0.390 0.750
43 CHOX(53) + CHX(28) <=> CH2X(27) + OCX(25) 0.417 0.801
44 CHOX(53) + CX(26) <=> CHX(28) + OCX(25) -0.000 -0.000
Finished sensitivity simulation for a C/O ratio of 2.4
Finished translating for C/O ratio of 2.4
Starting sensitivity simulation for a C/O ratio of 0.9
0 CH4(2) + X(1) <=> CH4X(48) 0.000 0.000
1 O2(3) + 2 X(1) <=> 2 OX(20) -0.577 -2.171
2 H2(6) + 2 X(1) <=> 2 HX(19) -0.001 -0.006
3 H(12) + X(1) <=> HX(19) 0.887 3.217
4 HX(19) + OX(20) <=> HOX(22) + X(1) -0.018 -0.075
5 H2O(5) + 2 X(1) <=> HOX(22) + HX(19) -0.426 -1.565
6 OH(17) + X(1) <=> HOX(22) -1.827 -7.056
7 CH4(2) + 2 X(1) <=> CH3X(21) + HX(19) -0.854 -3.219
8 CH4(2) + OX(20) + X(1) <=> CH3X(21) + HOX(22) -10.708 -45.398
9 C2H6(8) + 2 X(1) <=> 2 CH3X(21) -0.035 -0.131
10 CH3(10) + X(1) <=> CH3X(21) -0.445 -1.518
11 CH3OH(14) + 2 X(1) <=> CH3X(21) + HOX(22) -0.480 -1.804
12 CH4(2) + HOX(22) + X(1) <=> CH3X(21) + H2OX(23) -0.118 -0.434
13 H2O(5) + X(1) <=> H2OX(23) 0.000 0.000
14 H2OX(23) + OX(20) <=> 2 HOX(22) 0.864 3.211
15 HOX(22) + HX(19) <=> H2OX(23) + X(1) 0.887 3.216
16 CH2X(27) + HX(19) <=> CH3X(21) + X(1) -0.007 -0.006
17 CH2X(27) + HOX(22) <=> CH3X(21) + OX(20) 0.887 3.220
18 CHX(28) + HX(19) <=> CH2X(27) + X(1) 0.000 0.000
19 CHX(28) + HOX(22) <=> CH2X(27) + OX(20) -0.000 -0.000
20 2 CH2X(27) <=> CH3X(21) + CHX(28) 0.000 0.000
21 CHX(28) + X(1) <=> CX(26) + HX(19) 0.000 0.000
22 CX(26) + H2(6) <=> CH2X(27) 0.000 0.000
23 CX(26) + HOX(22) <=> CHX(28) + OX(20) 0.000 0.000
24 CH3X(21) + CX(26) <=> CH2X(27) + CHX(28) 0.999 3.613
25 CH2X(27) + CX(26) <=> 2 CHX(28) -0.115 -0.427
26 CO(7) + X(1) <=> OCX(25) -0.116 -0.427
27 CX(26) + OX(20) <=> OCX(25) + X(1) 0.000 0.000
28 H2(6) + X(1) <=> H2X(49) 0.887 3.216
29 CO2(4) + X(1) <=> CO2X(24) -0.549 -2.059
30 OCX(25) + OX(20) <=> CO2X(24) + X(1) -0.000 -0.000
31 CO2X(24) + HX(19) <=> HOX(22) + OCX(25) -0.024 -0.324
32 CO(7) + X(1) <=> COX(50) 0.000 0.000
33 CH3OH(14) + X(1) <=> CH4OX(60) -0.115 -0.427
34 C2H6(8) + X(1) <=> C2H6X(52) 0.000 0.000
35 C2H4(47) + X(1) <=> C2H4X(210) 0.000 0.000
36 C2H4(18) + X(1) <=> C2H4X(65) 0.000 0.000
37 CH2O(9) + 2 X(1) <=> CHOX(53) + HX(19) 0.000 0.000
38 HCO(15) + X(1) <=> CHOX(53) 0.000 0.000
39 CH3CHO(16) + 2 X(1) <=> CH3X(21) + CHOX(53) 0.000 0.000
40 CHOX(53) + X(1) <=> HX(19) + OCX(25) 0.887 3.216
41 CHOX(53) + OX(20) <=> HOX(22) + OCX(25) 0.000 0.000
42 CH2X(27) + CHOX(53) <=> CH3X(21) + OCX(25) 0.000 0.000
43 CHOX(53) + CHX(28) <=> CH2X(27) + OCX(25) 0.000 0.000
44 CHOX(53) + CX(26) <=> CHX(28) + OCX(25) 0.887 3.216
Finished sensitivity simulation for a C/O ratio of 0.9
Finished translating for C/O ratio of 0.9
Starting sensitivity simulation for a C/O ratio of 1.6
0 CH4(2) + X(1) <=> CH4X(48) 0.114 0.229
1 O2(3) + 2 X(1) <=> 2 OX(20) 0.568 1.055
2 H2(6) + 2 X(1) <=> 2 HX(19) 0.112 0.228
3 H(12) + X(1) <=> HX(19) 0.115 0.230
4 HX(19) + OX(20) <=> HOX(22) + X(1) 0.116 0.229
5 H2O(5) + 2 X(1) <=> HOX(22) + HX(19) 0.087 0.161
6 OH(17) + X(1) <=> HOX(22) -0.711 -1.446
7 CH4(2) + 2 X(1) <=> CH3X(21) + HX(19) 0.321 0.644
8 CH4(2) + OX(20) + X(1) <=> CH3X(21) + HOX(22) -2.551 -5.485
9 C2H6(8) + 2 X(1) <=> 2 CH3X(21) 0.473 0.942
10 CH3(10) + X(1) <=> CH3X(21) -0.222 -0.369
11 CH3OH(14) + 2 X(1) <=> CH3X(21) + HOX(22) 0.114 0.227
12 CH4(2) + HOX(22) + X(1) <=> CH3X(21) + H2OX(23) -0.062 -0.125
13 H2O(5) + X(1) <=> H2OX(23) 0.114 0.229
14 H2OX(23) + OX(20) <=> 2 HOX(22) 0.415 0.840
15 HOX(22) + HX(19) <=> H2OX(23) + X(1) 0.601 1.193
16 CH2X(27) + HX(19) <=> CH3X(21) + X(1) -0.090 -0.177
17 CH2X(27) + HOX(22) <=> CH3X(21) + OX(20) 0.040 0.081
18 CHX(28) + HX(19) <=> CH2X(27) + X(1) 0.029 0.057
19 CHX(28) + HOX(22) <=> CH2X(27) + OX(20) 0.116 0.231
20 2 CH2X(27) <=> CH3X(21) + CHX(28) 0.114 0.229
21 CHX(28) + X(1) <=> CX(26) + HX(19) 0.114 0.229
22 CX(26) + H2(6) <=> CH2X(27) 0.115 0.229
23 CX(26) + HOX(22) <=> CHX(28) + OX(20) 0.114 0.229
24 CH3X(21) + CX(26) <=> CH2X(27) + CHX(28) 0.114 0.228
25 CH2X(27) + CX(26) <=> 2 CHX(28) 0.021 0.042
26 CO(7) + X(1) <=> OCX(25) 0.114 0.229
27 CX(26) + OX(20) <=> OCX(25) + X(1) 0.089 0.209
28 H2(6) + X(1) <=> H2X(49) 0.500 0.995
29 CO2(4) + X(1) <=> CO2X(24) 0.000 -0.000
30 OCX(25) + OX(20) <=> CO2X(24) + X(1) 0.115 0.229
31 CO2X(24) + HX(19) <=> HOX(22) + OCX(25) 0.168 0.279
32 CO(7) + X(1) <=> COX(50) 0.114 0.229
33 CH3OH(14) + X(1) <=> CH4OX(60) 0.021 0.042
34 C2H6(8) + X(1) <=> C2H6X(52) 0.115 0.229
35 C2H4(47) + X(1) <=> C2H4X(210) 0.021 0.042
36 C2H4(18) + X(1) <=> C2H4X(65) -0.000 -0.000
37 CH2O(9) + 2 X(1) <=> CHOX(53) + HX(19) 0.029 0.057
38 HCO(15) + X(1) <=> CHOX(53) 0.114 0.229
39 CH3CHO(16) + 2 X(1) <=> CH3X(21) + CHOX(53) 0.114 0.229
40 CHOX(53) + X(1) <=> HX(19) + OCX(25) 0.114 0.229
41 CHOX(53) + OX(20) <=> HOX(22) + OCX(25) 0.114 0.229
42 CH2X(27) + CHOX(53) <=> CH3X(21) + OCX(25) 0.029 0.057
43 CHOX(53) + CHX(28) <=> CH2X(27) + OCX(25) 0.029 0.057
44 CHOX(53) + CX(26) <=> CHX(28) + OCX(25) 0.114 0.229
Finished sensitivity simulation for a C/O ratio of 1.6
Finished translating for C/O ratio of 1.6
Starting sensitivity simulation for a C/O ratio of 1.4
0 CH4(2) + X(1) <=> CH4X(48) 0.006 0.017
1 O2(3) + 2 X(1) <=> 2 OX(20) -0.030 -0.150
2 H2(6) + 2 X(1) <=> 2 HX(19) -0.026 -0.063
3 H(12) + X(1) <=> HX(19) 0.143 0.379
4 HX(19) + OX(20) <=> HOX(22) + X(1) -0.026 -0.076
5 H2O(5) + 2 X(1) <=> HOX(22) + HX(19) 0.162 0.395
6 OH(17) + X(1) <=> HOX(22) -0.340 -0.947
7 CH4(2) + 2 X(1) <=> CH3X(21) + HX(19) -0.084 -0.224
8 CH4(2) + OX(20) + X(1) <=> CH3X(21) + HOX(22) -1.327 -4.008
9 C2H6(8) + 2 X(1) <=> 2 CH3X(21) 0.250 0.656
10 CH3(10) + X(1) <=> CH3X(21) -0.158 -0.298
11 CH3OH(14) + 2 X(1) <=> CH3X(21) + HOX(22) 0.143 0.378
12 CH4(2) + HOX(22) + X(1) <=> CH3X(21) + H2OX(23) -0.044 -0.115
13 H2O(5) + X(1) <=> H2OX(23) 0.143 0.378
14 H2OX(23) + OX(20) <=> 2 HOX(22) 0.211 0.573
15 HOX(22) + HX(19) <=> H2OX(23) + X(1) 0.000 0.000
16 CH2X(27) + HX(19) <=> CH3X(21) + X(1) 0.139 0.376
17 CH2X(27) + HOX(22) <=> CH3X(21) + OX(20) -0.044 -0.117
18 CHX(28) + HX(19) <=> CH2X(27) + X(1) 0.143 0.379
19 CHX(28) + HOX(22) <=> CH2X(27) + OX(20) 0.147 0.381
20 2 CH2X(27) <=> CH3X(21) + CHX(28) 0.270 0.707
21 CHX(28) + X(1) <=> CX(26) + HX(19) 0.143 0.379
22 CX(26) + H2(6) <=> CH2X(27) 0.143 0.379
23 CX(26) + HOX(22) <=> CHX(28) + OX(20) 0.000 0.000
24 CH3X(21) + CX(26) <=> CH2X(27) + CHX(28) 0.005 0.016
25 CH2X(27) + CX(26) <=> 2 CHX(28) 0.143 0.378
26 CO(7) + X(1) <=> OCX(25) 0.143 0.378
27 CX(26) + OX(20) <=> OCX(25) + X(1) -0.067 -0.093
28 H2(6) + X(1) <=> H2X(49) 0.006 0.017
29 CO2(4) + X(1) <=> CO2X(24) 0.143 0.379
30 OCX(25) + OX(20) <=> CO2X(24) + X(1) -0.022 -0.060
31 CO2X(24) + HX(19) <=> HOX(22) + OCX(25) -0.063 -0.246
32 CO(7) + X(1) <=> COX(50) 0.006 0.017
33 CH3OH(14) + X(1) <=> CH4OX(60) 0.143 0.379
34 C2H6(8) + X(1) <=> C2H6X(52) -0.022 -0.060
35 C2H4(47) + X(1) <=> C2H4X(210) -0.022 -0.060
36 C2H4(18) + X(1) <=> C2H4X(65) 0.263 0.690
37 CH2O(9) + 2 X(1) <=> CHOX(53) + HX(19) 0.000 0.000
38 HCO(15) + X(1) <=> CHOX(53) 0.143 0.379
39 CH3CHO(16) + 2 X(1) <=> CH3X(21) + CHOX(53) 0.000 0.000
40 CHOX(53) + X(1) <=> HX(19) + OCX(25) 0.143 0.379
41 CHOX(53) + OX(20) <=> HOX(22) + OCX(25) 0.143 0.379
42 CH2X(27) + CHOX(53) <=> CH3X(21) + OCX(25) 0.143 0.379
43 CHOX(53) + CHX(28) <=> CH2X(27) + OCX(25) 0.000 0.000
44 CHOX(53) + CX(26) <=> CHX(28) + OCX(25) 0.000 0.000
Finished sensitivity simulation for a C/O ratio of 1.4
Finished translating for C/O ratio of 1.4
Starting sensitivity simulation for a C/O ratio of 1.1
0 CH4(2) + X(1) <=> CH4X(48) 0.472 1.124
1 O2(3) + 2 X(1) <=> 2 OX(20) 0.427 0.921
2 H2(6) + 2 X(1) <=> 2 HX(19) -0.124 -0.293
3 H(12) + X(1) <=> HX(19) -0.185 -0.449
4 HX(19) + OX(20) <=> HOX(22) + X(1) -0.235 -0.581
5 H2O(5) + 2 X(1) <=> HOX(22) + HX(19) -0.100 -0.268
6 OH(17) + X(1) <=> HOX(22) -0.877 -2.226
7 CH4(2) + 2 X(1) <=> CH3X(21) + HX(19) -0.354 -0.867
8 CH4(2) + OX(20) + X(1) <=> CH3X(21) + HOX(22) -2.900 -8.035
9 C2H6(8) + 2 X(1) <=> 2 CH3X(21) -0.173 -0.422
10 CH3(10) + X(1) <=> CH3X(21) -0.230 -0.409
11 CH3OH(14) + 2 X(1) <=> CH3X(21) + HOX(22) 0.471 1.122
12 CH4(2) + HOX(22) + X(1) <=> CH3X(21) + H2OX(23) 0.470 1.122
13 H2O(5) + X(1) <=> H2OX(23) 0.000 0.000
14 H2OX(23) + OX(20) <=> 2 HOX(22) 1.126 2.643
15 HOX(22) + HX(19) <=> H2OX(23) + X(1) -0.120 -0.290
16 CH2X(27) + HX(19) <=> CH3X(21) + X(1) 0.465 1.119
17 CH2X(27) + HOX(22) <=> CH3X(21) + OX(20) -0.276 -0.673
18 CHX(28) + HX(19) <=> CH2X(27) + X(1) 0.472 1.124
19 CHX(28) + HOX(22) <=> CH2X(27) + OX(20) 0.004 0.002
20 2 CH2X(27) <=> CH3X(21) + CHX(28) -0.225 -0.549
21 CHX(28) + X(1) <=> CX(26) + HX(19) 0.000 0.000
22 CX(26) + H2(6) <=> CH2X(27) -0.225 -0.549
23 CX(26) + HOX(22) <=> CHX(28) + OX(20) 0.000 -0.000
24 CH3X(21) + CX(26) <=> CH2X(27) + CHX(28) 0.470 1.123
25 CH2X(27) + CX(26) <=> 2 CHX(28) -0.225 -0.549
26 CO(7) + X(1) <=> OCX(25) 0.000 0.001
27 CX(26) + OX(20) <=> OCX(25) + X(1) -0.235 -0.496
28 H2(6) + X(1) <=> H2X(49) 0.472 1.124
29 CO2(4) + X(1) <=> CO2X(24) 0.000 -0.000
30 OCX(25) + OX(20) <=> CO2X(24) + X(1) -0.000 -0.000
31 CO2X(24) + HX(19) <=> HOX(22) + OCX(25) 0.307 0.680
32 CO(7) + X(1) <=> COX(50) 0.000 -0.000
33 CH3OH(14) + X(1) <=> CH4OX(60) -0.120 -0.291
34 C2H6(8) + X(1) <=> C2H6X(52) -0.000 -0.000
35 C2H4(47) + X(1) <=> C2H4X(210) 0.000 0.000
36 C2H4(18) + X(1) <=> C2H4X(65) 0.472 1.124
37 CH2O(9) + 2 X(1) <=> CHOX(53) + HX(19) 0.000 -0.000
38 HCO(15) + X(1) <=> CHOX(53) -0.000 -0.000
39 CH3CHO(16) + 2 X(1) <=> CH3X(21) + CHOX(53) -0.000 -0.000
40 CHOX(53) + X(1) <=> HX(19) + OCX(25) 0.472 1.124
41 CHOX(53) + OX(20) <=> HOX(22) + OCX(25) -0.000 -0.000
42 CH2X(27) + CHOX(53) <=> CH3X(21) + OCX(25) -0.225 -0.549
43 CHOX(53) + CHX(28) <=> CH2X(27) + OCX(25) -0.000 -0.000
44 CHOX(53) + CX(26) <=> CHX(28) + OCX(25) 0.000 -0.000
Finished sensitivity simulation for a C/O ratio of 1.1
Finished translating for C/O ratio of 1.1
Starting sensitivity simulation for a C/O ratio of 1.3
0 CH4(2) + X(1) <=> CH4X(48) 0.214 0.621
1 O2(3) + 2 X(1) <=> 2 OX(20) 0.036 0.036
2 H2(6) + 2 X(1) <=> 2 HX(19) 0.070 0.212
3 H(12) + X(1) <=> HX(19) 0.002 0.005
4 HX(19) + OX(20) <=> HOX(22) + X(1) 0.217 0.621
5 H2O(5) + 2 X(1) <=> HOX(22) + HX(19) 0.131 0.341
6 OH(17) + X(1) <=> HOX(22) -0.243 -0.763
7 CH4(2) + 2 X(1) <=> CH3X(21) + HX(19) -0.076 -0.223
8 CH4(2) + OX(20) + X(1) <=> CH3X(21) + HOX(22) -1.151 -3.912
9 C2H6(8) + 2 X(1) <=> 2 CH3X(21) 0.063 0.183
10 CH3(10) + X(1) <=> CH3X(21) 0.404 1.293
11 CH3OH(14) + 2 X(1) <=> CH3X(21) + HOX(22) 0.214 0.620
12 CH4(2) + HOX(22) + X(1) <=> CH3X(21) + H2OX(23) 0.034 0.100
13 H2O(5) + X(1) <=> H2OX(23) 0.214 0.621
14 H2OX(23) + OX(20) <=> 2 HOX(22) 0.207 0.620
15 HOX(22) + HX(19) <=> H2OX(23) + X(1) 0.074 0.216
16 CH2X(27) + HX(19) <=> CH3X(21) + X(1) -0.032 -0.084
17 CH2X(27) + HOX(22) <=> CH3X(21) + OX(20) 0.215 0.622
18 CHX(28) + HX(19) <=> CH2X(27) + X(1) 0.074 0.216
19 CHX(28) + HOX(22) <=> CH2X(27) + OX(20) 0.219 0.624
20 2 CH2X(27) <=> CH3X(21) + CHX(28) 0.074 0.216
21 CHX(28) + X(1) <=> CX(26) + HX(19) 0.000 0.000
22 CX(26) + H2(6) <=> CH2X(27) 0.214 0.621
23 CX(26) + HOX(22) <=> CHX(28) + OX(20) 0.214 0.620
24 CH3X(21) + CX(26) <=> CH2X(27) + CHX(28) 0.213 0.620
25 CH2X(27) + CX(26) <=> 2 CHX(28) 0.000 0.000
26 CO(7) + X(1) <=> OCX(25) 0.074 0.216
27 CX(26) + OX(20) <=> OCX(25) + X(1) 0.023 0.178
28 H2(6) + X(1) <=> H2X(49) 0.074 0.216
29 CO2(4) + X(1) <=> CO2X(24) 0.214 0.621
30 OCX(25) + OX(20) <=> CO2X(24) + X(1) 0.074 0.216
31 CO2X(24) + HX(19) <=> HOX(22) + OCX(25) 0.013 -0.044
32 CO(7) + X(1) <=> COX(50) 0.074 0.216
33 CH3OH(14) + X(1) <=> CH4OX(60) 0.214 0.620
34 C2H6(8) + X(1) <=> C2H6X(52) 0.214 0.621
35 C2H4(47) + X(1) <=> C2H4X(210) 0.074 0.216
36 C2H4(18) + X(1) <=> C2H4X(65) 0.214 0.621
37 CH2O(9) + 2 X(1) <=> CHOX(53) + HX(19) 0.000 0.000
38 HCO(15) + X(1) <=> CHOX(53) 0.000 0.000
39 CH3CHO(16) + 2 X(1) <=> CH3X(21) + CHOX(53) 0.000 0.000
40 CHOX(53) + X(1) <=> HX(19) + OCX(25) 0.074 0.216
41 CHOX(53) + OX(20) <=> HOX(22) + OCX(25) 0.214 0.621
42 CH2X(27) + CHOX(53) <=> CH3X(21) + OCX(25) 0.000 0.000
43 CHOX(53) + CHX(28) <=> CH2X(27) + OCX(25) 0.326 0.936
44 CHOX(53) + CX(26) <=> CHX(28) + OCX(25) 0.000 0.000
Finished sensitivity simulation for a C/O ratio of 1.3
Finished translating for C/O ratio of 1.3
Starting sensitivity simulation for a C/O ratio of 0.8
0 CH4(2) + X(1) <=> CH4X(48) -0.000 -0.000
1 O2(3) + 2 X(1) <=> 2 OX(20) -0.016 -0.039
2 H2(6) + 2 X(1) <=> 2 HX(19) 0.698 1.722
3 H(12) + X(1) <=> HX(19) 0.867 2.135
4 HX(19) + OX(20) <=> HOX(22) + X(1) -0.012 -0.031
5 H2O(5) + 2 X(1) <=> HOX(22) + HX(19) 0.079 0.208
6 OH(17) + X(1) <=> HOX(22) -1.474 -3.712
7 CH4(2) + 2 X(1) <=> CH3X(21) + HX(19) -0.242 -0.601
8 CH4(2) + OX(20) + X(1) <=> CH3X(21) + HOX(22) -6.864 -18.997
9 C2H6(8) + 2 X(1) <=> 2 CH3X(21) 1.539 3.747
10 CH3(10) + X(1) <=> CH3X(21) -0.337 -0.780
11 CH3OH(14) + 2 X(1) <=> CH3X(21) + HOX(22) 0.023 0.047
12 CH4(2) + HOX(22) + X(1) <=> CH3X(21) + H2OX(23) -0.117 -0.290
13 H2O(5) + X(1) <=> H2OX(23) -0.041 -0.101
14 H2OX(23) + OX(20) <=> 2 HOX(22) 0.681 1.746
15 HOX(22) + HX(19) <=> H2OX(23) + X(1) 0.000 0.000
16 CH2X(27) + HX(19) <=> CH3X(21) + X(1) -0.011 -0.011
17 CH2X(27) + HOX(22) <=> CH3X(21) + OX(20) 0.711 1.762
18 CHX(28) + HX(19) <=> CH2X(27) + X(1) 0.000 0.000
19 CHX(28) + HOX(22) <=> CH2X(27) + OX(20) -0.000 -0.000
20 2 CH2X(27) <=> CH3X(21) + CHX(28) -0.000 -0.000
21 CHX(28) + X(1) <=> CX(26) + HX(19) -0.041 -0.101
22 CX(26) + H2(6) <=> CH2X(27) -0.000 -0.000
23 CX(26) + HOX(22) <=> CHX(28) + OX(20) -0.000 -0.000
24 CH3X(21) + CX(26) <=> CH2X(27) + CHX(28) -0.000 -0.000
25 CH2X(27) + CX(26) <=> 2 CHX(28) -0.000 -0.000
26 CO(7) + X(1) <=> OCX(25) 0.000 0.001
27 CX(26) + OX(20) <=> OCX(25) + X(1) 0.000 0.000
28 H2(6) + X(1) <=> H2X(49) -0.000 -0.000
29 CO2(4) + X(1) <=> CO2X(24) -0.000 -0.000
30 OCX(25) + OX(20) <=> CO2X(24) + X(1) -0.000 -0.000
31 CO2X(24) + HX(19) <=> HOX(22) + OCX(25) -0.138 -0.553
32 CO(7) + X(1) <=> COX(50) -0.000 -0.000
33 CH3OH(14) + X(1) <=> CH4OX(60) -0.000 -0.000
34 C2H6(8) + X(1) <=> C2H6X(52) -0.000 -0.000
35 C2H4(47) + X(1) <=> C2H4X(210) -0.000 -0.000
36 C2H4(18) + X(1) <=> C2H4X(65) -0.000 -0.000
37 CH2O(9) + 2 X(1) <=> CHOX(53) + HX(19) -0.000 -0.000
38 HCO(15) + X(1) <=> CHOX(53) 0.698 1.723
39 CH3CHO(16) + 2 X(1) <=> CH3X(21) + CHOX(53) 0.698 1.723
40 CHOX(53) + X(1) <=> HX(19) + OCX(25) -0.000 -0.000
41 CHOX(53) + OX(20) <=> HOX(22) + OCX(25) -0.000 -0.000
42 CH2X(27) + CHOX(53) <=> CH3X(21) + OCX(25) -0.000 -0.000
43 CHOX(53) + CHX(28) <=> CH2X(27) + OCX(25) -0.000 -0.000
44 CHOX(53) + CX(26) <=> CHX(28) + OCX(25) -0.000 -0.000
Finished sensitivity simulation for a C/O ratio of 0.8
Finished translating for C/O ratio of 0.8
Starting thermo sensitivity simulation for a C/O ratio of 2.6
0 X(1) -0.002 -0.004
1 HX(19) 0.663 1.117
2 OX(20) 0.003 0.005
3 CH3X(21) 0.000 0.000
4 HOX(22) -0.166 -0.282
5 H2OX(23) -0.167 -0.283
6 CO2X(24) -0.000 0.000
7 OCX(25) -0.167 -0.282
8 CX(26) 1.322 2.219
9 CH2X(27) -0.000 -0.000
10 CHX(28) 0.000 0.000
11 CH4X(48) -0.001 -0.001
12 H2X(49) -0.000 -0.000
13 COX(50) -0.000 -0.000
14 C2H6X(52) 0.000 0.000
15 CHOX(53) -0.000 -0.000
16 CH4OX(60) 0.000 0.000
17 C2H4X(65) 0.000 0.000
18 C2H4X(210) -0.000 -0.000
Finished thermo sensitivity simulation for a C/O ratio of 2.6
Starting thermo sensitivity simulation for a C/O ratio of 2.2
0 X(1) -0.001 -0.003
1 HX(19) -0.321 -0.739
2 OX(20) 0.580 1.321
3 CH3X(21) 0.000 0.000
4 HOX(22) 0.000 0.000
5 H2OX(23) -0.322 -0.740
6 CO2X(24) 0.000 0.000
7 OCX(25) -0.000 -0.001
8 CX(26) -0.321 -0.739
9 CH2X(27) 0.580 1.321
10 CHX(28) -0.000 -0.000
11 CH4X(48) -0.000 -0.001
12 H2X(49) -0.000 -0.000
13 COX(50) -0.321 -0.739
14 C2H6X(52) -0.321 -0.739
15 CHOX(53) -0.321 -0.739
16 CH4OX(60) -0.000 -0.001
17 C2H4X(65) -0.321 -0.739
18 C2H4X(210) 0.000 0.000
Finished thermo sensitivity simulation for a C/O ratio of 2.2
Starting thermo sensitivity simulation for a C/O ratio of 1.0
0 X(1) -1.926 -3.749
1 HX(19) -1.768 -3.438
2 OX(20) -3.159 -6.187
3 CH3X(21) -1.768 -3.439
4 HOX(22) -1.768 -3.439
5 H2OX(23) -3.188 -6.245
6 CO2X(24) -1.926 -3.748
7 OCX(25) -1.926 -3.749
8 CX(26) -3.168 -6.206
9 CH2X(27) -3.162 -6.194
10 CHX(28) -3.147 -6.164
11 CH4X(48) -1.769 -3.441
12 H2X(49) -1.768 -3.439
13 COX(50) -1.768 -3.439
14 C2H6X(52) -1.768 -3.439
15 CHOX(53) -3.162 -6.193
16 CH4OX(60) -1.768 -3.439
17 C2H4X(65) -1.768 -3.439
18 C2H4X(210) -1.768 -3.439
Finished thermo sensitivity simulation for a C/O ratio of 1.0
Starting thermo sensitivity simulation for a C/O ratio of 1.4
0 X(1) 0.143 0.379
1 HX(19) 0.006 0.017
2 OX(20) 0.143 0.379
3 CH3X(21) 0.143 0.378
4 HOX(22) 0.143 0.379
5 H2OX(23) 0.006 0.016
6 CO2X(24) 0.143 0.379
7 OCX(25) -0.022 -0.060
8 CX(26) 0.143 0.379
9 CH2X(27) -0.022 -0.060
10 CHX(28) 0.143 0.379
11 CH4X(48) 0.143 0.379
12 H2X(49) 0.143 0.379
13 COX(50) 0.143 0.379
14 C2H6X(52) 0.143 0.379
15 CHOX(53) -0.022 -0.060
16 CH4OX(60) 0.000 0.000
17 C2H4X(65) -0.022 -0.060
18 C2H4X(210) 0.006 0.017
Finished thermo sensitivity simulation for a C/O ratio of 1.4
Starting thermo sensitivity simulation for a C/O ratio of 1.8
0 X(1) 0.489 0.960
1 HX(19) -0.558 -1.067
2 OX(20) 0.909 1.783
3 CH3X(21) -0.559 -1.068
4 HOX(22) -0.122 -0.229
5 H2OX(23) -0.559 -1.069
6 CO2X(24) -0.000 -0.000
7 OCX(25) -0.559 -1.068
8 CX(26) -0.559 -1.068
9 CH2X(27) 0.912 1.786
10 CHX(28) -0.559 -1.068
11 CH4X(48) -0.560 -1.069
12 H2X(49) -0.000 -0.000
13 COX(50) 0.002 0.003
14 C2H6X(52) -0.000 -0.000
15 CHOX(53) -0.559 -1.068
16 CH4OX(60) -0.122 -0.230
17 C2H4X(65) -0.000 -0.000
18 C2H4X(210) 0.002 0.003
Finished thermo sensitivity simulation for a C/O ratio of 1.8
Starting thermo sensitivity simulation for a C/O ratio of 2.4
0 X(1) 0.388 0.746
1 HX(19) 0.416 0.801
2 OX(20) 0.004 0.008
3 CH3X(21) 0.390 0.750
4 HOX(22) 0.000 0.000
5 H2OX(23) 0.390 0.749
6 CO2X(24) 0.000 0.000
7 OCX(25) -0.000 -0.000
8 CX(26) 0.390 0.750
9 CH2X(27) 0.033 0.063
10 CHX(28) 0.033 0.063
11 CH4X(48) -0.001 -0.002
12 H2X(49) -0.000 -0.000
13 COX(50) 0.390 0.750
14 C2H6X(52) -0.000 -0.000
15 CHOX(53) -0.000 -0.000
16 CH4OX(60) 0.390 0.750
17 C2H4X(65) -0.000 -0.000
18 C2H4X(210) -0.000 -0.000
Finished thermo sensitivity simulation for a C/O ratio of 2.4
Starting thermo sensitivity simulation for a C/O ratio of 1.6
0 X(1) 0.027 0.054
1 HX(19) 0.114 0.229
2 OX(20) 0.003 0.006
3 CH3X(21) 0.021 0.042
4 HOX(22) 0.021 0.042
5 H2OX(23) 0.115 0.229
6 CO2X(24) 0.115 0.229
7 OCX(25) 0.114 0.229
8 CX(26) 0.114 0.229
9 CH2X(27) 0.114 0.229
10 CHX(28) 0.114 0.229
11 CH4X(48) 0.499 0.994
12 H2X(49) -0.000 -0.000
13 COX(50) 0.500 0.995
14 C2H6X(52) 0.114 0.229
15 CHOX(53) 0.114 0.229
16 CH4OX(60) 0.114 0.229
17 C2H4X(65) 0.114 0.229
18 C2H4X(210) 0.114 0.229
Finished thermo sensitivity simulation for a C/O ratio of 1.6
Starting thermo sensitivity simulation for a C/O ratio of 2.0
0 X(1) -0.002 -0.006
1 HX(19) -0.567 -1.583
2 OX(20) 0.003 0.008
3 CH3X(21) 0.000 0.000
4 HOX(22) 0.000 0.000
5 H2OX(23) -0.568 -1.585
6 CO2X(24) -0.567 -1.583
7 OCX(25) 0.000 0.000
8 CX(26) 0.000 0.000
9 CH2X(27) -0.567 -1.583
10 CHX(28) 0.000 0.000
11 CH4X(48) -0.000 -0.001
12 H2X(49) 0.000 0.000
13 COX(50) 0.000 0.000
14 C2H6X(52) 0.000 0.000
15 CHOX(53) 0.000 0.000
16 CH4OX(60) 0.000 0.000
17 C2H4X(65) 0.170 0.472
18 C2H4X(210) 0.000 0.000
Finished thermo sensitivity simulation for a C/O ratio of 2.0
Starting thermo sensitivity simulation for a C/O ratio of 0.8
0 X(1) -0.046 -0.116
1 HX(19) 0.000 0.000
2 OX(20) 0.004 0.009
3 CH3X(21) -0.000 -0.000
4 HOX(22) 0.000 0.000
5 H2OX(23) 0.861 2.120
6 CO2X(24) 0.000 0.000
7 OCX(25) -0.000 -0.000
8 CX(26) -0.000 -0.000
9 CH2X(27) -0.000 -0.000
10 CHX(28) 0.698 1.723
11 CH4X(48) -0.041 -0.103
12 H2X(49) -0.000 -0.000
13 COX(50) -0.000 -0.000
14 C2H6X(52) -0.041 -0.101
15 CHOX(53) -0.000 -0.000
16 CH4OX(60) -0.000 -0.000
17 C2H4X(65) -0.000 -0.000
18 C2H4X(210) 0.862 2.121
Finished thermo sensitivity simulation for a C/O ratio of 0.8
Starting thermo sensitivity simulation for a C/O ratio of 1.3
0 X(1) -0.001 -0.004
1 HX(19) 0.215 0.621
2 OX(20) 0.214 0.620
3 CH3X(21) 0.000 0.000
4 HOX(22) 0.214 0.621
5 H2OX(23) 0.073 0.215
6 CO2X(24) 0.000 0.000
7 OCX(25) 0.214 0.621
8 CX(26) 0.214 0.621
9 CH2X(27) 0.214 0.621
10 CHX(28) 0.074 0.216
11 CH4X(48) -0.000 -0.001
12 H2X(49) 0.214 0.620
13 COX(50) 0.074 0.216
14 C2H6X(52) 0.214 0.621
15 CHOX(53) 0.074 0.216
16 CH4OX(60) 0.074 0.216
17 C2H4X(65) 0.074 0.216
18 C2H4X(210) 0.000 0.000
Finished thermo sensitivity simulation for a C/O ratio of 1.3
