This mechanism contains 38 gas reactions and 29 surface reactions
Finished simulation at a C/O ratio of 2.0
Finished simulation at a C/O ratio of 1.4
Finished simulation at a C/O ratio of 2.2
Finished simulation at a C/O ratio of 0.9
Finished simulation at a C/O ratio of 1.0
Finished simulation at a C/O ratio of 0.7
Finished simulation at a C/O ratio of 1.3
Finished simulation at a C/O ratio of 2.4
Finished simulation at a C/O ratio of 1.2
Finished simulation at a C/O ratio of 1.6
Finished simulation at a C/O ratio of 1.1
Finished simulation at a C/O ratio of 2.6
Finished simulation at a C/O ratio of 1.8
Finished simulation at a C/O ratio of 0.6
Finished simulation at a C/O ratio of 0.8
Starting sensitivity simulation for a C/O ratio of 0.7
0 CH4(2) + X(1) <=> CH4X(48) 72.596 26.922
1 O2(3) + 2 X(1) <=> 2 OX(20) 97.306 -29.419
2 H2(6) + 2 X(1) <=> 2 HX(19) 30.568 -15.719
3 H(12) + X(1) <=> HX(19) -255.161 -18.387
4 HX(19) + OX(20) <=> HOX(22) + X(1) -167.976 10.675
5 H2O(5) + 2 X(1) <=> HOX(22) + HX(19) -119.065 26.978
6 OH(17) + X(1) <=> HOX(22) -83.507 38.831
7 CH4(2) + 2 X(1) <=> CH3X(21) + HX(19) 98.074 7.495
8 CH4(2) + OX(20) + X(1) <=> CH3X(21) + HOX(22) 97.703 -10.334
9 C2H6(8) + 2 X(1) <=> 2 CH3X(21) 58.001 16.001
10 CH3(10) + X(1) <=> CH3X(21) 97.457 -22.142
11 CH3OH(14) + 2 X(1) <=> CH3X(21) + HOX(22) -317.925 -39.308
12 H2(6) + X(1) <=> H2X(49) 56.603 13.205
13 C2H6(8) + X(1) <=> C2H6X(52) 98.728 38.906
14 C2H4(47) + X(1) <=> C2H4X(205) -77.614 40.795
15 C2H4(18) + X(1) <=> C2H4X(65) -77.614 40.795
16 CH4(2) + HOX(22) + X(1) <=> CH3X(21) + H2OX(23) -75.449 41.517
17 H2O(5) + X(1) <=> H2OX(23) 98.524 29.086
18 CO2(4) + X(1) <=> CO2X(24) -65.927 -10.618
19 CO(7) + X(1) <=> OCX(25) 78.275 42.066
20 CX(26) + OX(20) <=> OCX(25) + X(1) -93.367 35.544
21 OCX(25) + OX(20) <=> CO2X(24) + X(1) 71.622 24.326
22 CO2X(24) + HX(19) <=> HOX(22) + OCX(25) 98.222 14.605
23 CH2X(27) + HX(19) <=> CH3X(21) + X(1) -178.251 7.250
24 CHX(28) + HX(19) <=> CH2X(27) + X(1) -108.963 30.346
25 CHX(28) + X(1) <=> CX(26) + HX(19) 8.121 38.747
26 H2OX(23) + OX(20) <=> 2 HOX(22) 53.189 6.377
27 CX(26) + H2(6) <=> CH2X(27) 63.361 2.296
28 HOX(22) + HX(19) <=> H2OX(23) + X(1) 97.200 -34.523
Finished sensitivity simulation for a C/O ratio of 0.7
Finished translating for C/O ratio of 0.7
Starting sensitivity simulation for a C/O ratio of 1.0
0 CH4(2) + X(1) <=> CH4X(48) 8.618 8.618
1 O2(3) + 2 X(1) <=> 2 OX(20) -20.754 -20.754
2 H2(6) + 2 X(1) <=> 2 HX(19) -6.334 -6.334
3 H(12) + X(1) <=> HX(19) -47.756 -47.756
4 HX(19) + OX(20) <=> HOX(22) + X(1) -0.519 -0.519
5 H2O(5) + 2 X(1) <=> HOX(22) + HX(19) -52.684 -52.684
6 OH(17) + X(1) <=> HOX(22) -32.483 -32.483
7 CH4(2) + 2 X(1) <=> CH3X(21) + HX(19) 14.391 14.391
8 CH4(2) + OX(20) + X(1) <=> CH3X(21) + HOX(22) 20.244 20.244
9 C2H6(8) + 2 X(1) <=> 2 CH3X(21) 13.710 13.710
10 CH3(10) + X(1) <=> CH3X(21) 16.667 16.667
11 CH3OH(14) + 2 X(1) <=> CH3X(21) + HOX(22) -14.781 -14.781
12 H2(6) + X(1) <=> H2X(49) 18.678 18.678
13 C2H6(8) + X(1) <=> C2H6X(52) -55.832 -55.832
14 C2H4(47) + X(1) <=> C2H4X(205) -38.741 -38.741
15 C2H4(18) + X(1) <=> C2H4X(65) -38.741 -38.741
16 CH4(2) + HOX(22) + X(1) <=> CH3X(21) + H2OX(23) 18.491 18.491
17 H2O(5) + X(1) <=> H2OX(23) -15.265 -15.265
18 CO2(4) + X(1) <=> CO2X(24) 3.798 3.798
19 CO(7) + X(1) <=> OCX(25) 13.129 13.129
20 CX(26) + OX(20) <=> OCX(25) + X(1) -2.223 -2.223
21 OCX(25) + OX(20) <=> CO2X(24) + X(1) -51.897 -51.897
22 CO2X(24) + HX(19) <=> HOX(22) + OCX(25) 25.679 25.679
23 CH2X(27) + HX(19) <=> CH3X(21) + X(1) 5.059 5.059
24 CHX(28) + HX(19) <=> CH2X(27) + X(1) 8.932 8.932
25 CHX(28) + X(1) <=> CX(26) + HX(19) -43.330 -43.330
26 H2OX(23) + OX(20) <=> 2 HOX(22) 25.232 25.232
27 CX(26) + H2(6) <=> CH2X(27) -0.495 -0.495
28 HOX(22) + HX(19) <=> H2OX(23) + X(1) 18.295 18.295
Finished sensitivity simulation for a C/O ratio of 1.0
Finished translating for C/O ratio of 1.0
Starting sensitivity simulation for a C/O ratio of 0.8
float division by zero
Starting sensitivity simulation for a C/O ratio of 1.1
0 CH4(2) + X(1) <=> CH4X(48) -44.894 -44.894
1 O2(3) + 2 X(1) <=> 2 OX(20) -9.823 -9.823
2 H2(6) + 2 X(1) <=> 2 HX(19) -61.922 -61.922
3 H(12) + X(1) <=> HX(19) 0.829 0.829
4 HX(19) + OX(20) <=> HOX(22) + X(1) -26.091 -26.091
5 H2O(5) + 2 X(1) <=> HOX(22) + HX(19) -18.915 -18.915
6 OH(17) + X(1) <=> HOX(22) -125.160 -125.160
7 CH4(2) + 2 X(1) <=> CH3X(21) + HX(19) -45.945 -45.945
8 CH4(2) + OX(20) + X(1) <=> CH3X(21) + HOX(22) -74.611 -74.611
9 C2H6(8) + 2 X(1) <=> 2 CH3X(21) -33.018 -33.018
10 CH3(10) + X(1) <=> CH3X(21) -8.868 -8.868
11 CH3OH(14) + 2 X(1) <=> CH3X(21) + HOX(22) -104.309 -104.309
12 H2(6) + X(1) <=> H2X(49) -26.846 -26.846
13 C2H6(8) + X(1) <=> C2H6X(52) -79.083 -79.083
14 C2H4(47) + X(1) <=> C2H4X(205) 5.592 5.592
15 C2H4(18) + X(1) <=> C2H4X(65) 5.592 5.592
16 CH4(2) + HOX(22) + X(1) <=> CH3X(21) + H2OX(23) -26.619 -26.619
17 H2O(5) + X(1) <=> H2OX(23) -14.996 -14.996
18 CO2(4) + X(1) <=> CO2X(24) -73.396 -73.396
19 CO(7) + X(1) <=> OCX(25) -53.356 -53.356
20 CX(26) + OX(20) <=> OCX(25) + X(1) -22.586 -22.586
21 OCX(25) + OX(20) <=> CO2X(24) + X(1) -138.725 -138.725
22 CO2X(24) + HX(19) <=> HOX(22) + OCX(25) -2.407 -2.407
23 CH2X(27) + HX(19) <=> CH3X(21) + X(1) -42.704 -42.704
24 CHX(28) + HX(19) <=> CH2X(27) + X(1) -38.356 -38.356
25 CHX(28) + X(1) <=> CX(26) + HX(19) -41.285 -41.285
26 H2OX(23) + OX(20) <=> 2 HOX(22) -40.135 -40.135
27 CX(26) + H2(6) <=> CH2X(27) -36.435 -36.435
28 HOX(22) + HX(19) <=> H2OX(23) + X(1) -37.496 -37.496
Finished sensitivity simulation for a C/O ratio of 1.1
Finished translating for C/O ratio of 1.1
Starting sensitivity simulation for a C/O ratio of 1.3
0 CH4(2) + X(1) <=> CH4X(48) -1.580 -1.580
1 O2(3) + 2 X(1) <=> 2 OX(20) 2.014 2.014
2 H2(6) + 2 X(1) <=> 2 HX(19) -82.569 -82.569
3 H(12) + X(1) <=> HX(19) 3.276 3.276
4 HX(19) + OX(20) <=> HOX(22) + X(1) -65.436 -65.436
5 H2O(5) + 2 X(1) <=> HOX(22) + HX(19) -43.200 -43.200
6 OH(17) + X(1) <=> HOX(22) -15.400 -15.400
7 CH4(2) + 2 X(1) <=> CH3X(21) + HX(19) -33.956 -33.956
8 CH4(2) + OX(20) + X(1) <=> CH3X(21) + HOX(22) 1.256 1.256
9 C2H6(8) + 2 X(1) <=> 2 CH3X(21) -15.426 -15.426
10 CH3(10) + X(1) <=> CH3X(21) -19.945 -19.945
11 CH3OH(14) + 2 X(1) <=> CH3X(21) + HOX(22) -5.622 -5.622
12 H2(6) + X(1) <=> H2X(49) -9.301 -9.301
13 C2H6(8) + X(1) <=> C2H6X(52) -61.746 -61.746
14 C2H4(47) + X(1) <=> C2H4X(205) 4.079 4.079
15 C2H4(18) + X(1) <=> C2H4X(65) 4.079 4.079
16 CH4(2) + HOX(22) + X(1) <=> CH3X(21) + H2OX(23) -24.438 -24.438
17 H2O(5) + X(1) <=> H2OX(23) -24.901 -24.901
18 CO2(4) + X(1) <=> CO2X(24) -4.105 -4.105
19 CO(7) + X(1) <=> OCX(25) -18.576 -18.576
20 CX(26) + OX(20) <=> OCX(25) + X(1) -88.675 -88.675
21 OCX(25) + OX(20) <=> CO2X(24) + X(1) -89.591 -89.591
22 CO2X(24) + HX(19) <=> HOX(22) + OCX(25) -33.094 -33.094
23 CH2X(27) + HX(19) <=> CH3X(21) + X(1) -25.703 -25.703
24 CHX(28) + HX(19) <=> CH2X(27) + X(1) -77.008 -77.008
25 CHX(28) + X(1) <=> CX(26) + HX(19) -71.504 -71.504
26 H2OX(23) + OX(20) <=> 2 HOX(22) -77.526 -77.526
27 CX(26) + H2(6) <=> CH2X(27) -37.053 -37.053
28 HOX(22) + HX(19) <=> H2OX(23) + X(1) -735.556 -27.552
Finished sensitivity simulation for a C/O ratio of 1.3
Finished translating for C/O ratio of 1.3
Starting sensitivity simulation for a C/O ratio of 2.6
0 CH4(2) + X(1) <=> CH4X(48) 33.751 0.626
1 O2(3) + 2 X(1) <=> 2 OX(20) 34.214 1.321
2 H2(6) + 2 X(1) <=> 2 HX(19) 54.013 31.019
3 H(12) + X(1) <=> HX(19) 45.467 18.200
4 HX(19) + OX(20) <=> HOX(22) + X(1) 52.978 29.468
5 H2O(5) + 2 X(1) <=> HOX(22) + HX(19) 27.811 -8.284
6 OH(17) + X(1) <=> HOX(22) 44.774 17.160
7 CH4(2) + 2 X(1) <=> CH3X(21) + HX(19) 48.258 22.387
8 CH4(2) + OX(20) + X(1) <=> CH3X(21) + HOX(22) 49.811 24.717
9 C2H6(8) + 2 X(1) <=> 2 CH3X(21) 37.708 6.562
10 CH3(10) + X(1) <=> CH3X(21) 17.851 17.851
11 CH3OH(14) + 2 X(1) <=> CH3X(21) + HOX(22) 52.877 29.315
12 H2(6) + X(1) <=> H2X(49) 31.326 -3.010
13 C2H6(8) + X(1) <=> C2H6X(52) 96.795 -15.474
14 C2H4(47) + X(1) <=> C2H4X(205) 92.722 -162.215
15 C2H4(18) + X(1) <=> C2H4X(65) 92.722 -162.215
16 CH4(2) + HOX(22) + X(1) <=> CH3X(21) + H2OX(23) 46.386 19.579
17 H2O(5) + X(1) <=> H2OX(23) 50.658 25.987
18 CO2(4) + X(1) <=> CO2X(24) 53.179 29.769
19 CO(7) + X(1) <=> OCX(25) 43.669 15.504
20 CX(26) + OX(20) <=> OCX(25) + X(1) 47.495 21.243
21 OCX(25) + OX(20) <=> CO2X(24) + X(1) 51.553 27.330
22 CO2X(24) + HX(19) <=> HOX(22) + OCX(25) 47.784 21.676
23 CH2X(27) + HX(19) <=> CH3X(21) + X(1) 31.011 -3.484
24 CHX(28) + HX(19) <=> CH2X(27) + X(1) 40.533 10.799
25 CHX(28) + X(1) <=> CX(26) + HX(19) 69.981 -5.068
26 H2OX(23) + OX(20) <=> 2 HOX(22) 93.559 19.490
27 CX(26) + H2(6) <=> CH2X(27) 53.492 30.239
28 HOX(22) + HX(19) <=> H2OX(23) + X(1) 45.316 17.973
Finished sensitivity simulation for a C/O ratio of 2.6
Finished translating for C/O ratio of 2.6
Starting sensitivity simulation for a C/O ratio of 2.4
0 CH4(2) + X(1) <=> CH4X(48) 63.447 8.616
1 O2(3) + 2 X(1) <=> 2 OX(20) 38.426 -23.148
2 H2(6) + 2 X(1) <=> 2 HX(19) 34.788 -30.424
3 H(12) + X(1) <=> HX(19) 47.615 -4.769
4 HX(19) + OX(20) <=> HOX(22) + X(1) 72.733 18.199
5 H2O(5) + 2 X(1) <=> HOX(22) + HX(19) 61.916 4.790
6 OH(17) + X(1) <=> HOX(22) 49.127 -1.746
7 CH4(2) + 2 X(1) <=> CH3X(21) + HX(19) 57.097 14.193
8 CH4(2) + OX(20) + X(1) <=> CH3X(21) + HOX(22) 56.191 12.382
9 C2H6(8) + 2 X(1) <=> 2 CH3X(21) 57.563 15.126
10 CH3(10) + X(1) <=> CH3X(21) 90.667 2.003
11 CH3OH(14) + 2 X(1) <=> CH3X(21) + HOX(22) 10.786 -78.429
12 H2(6) + X(1) <=> H2X(49) 52.909 5.819
13 C2H6(8) + X(1) <=> C2H6X(52) 48.269 -3.463
14 C2H4(47) + X(1) <=> C2H4X(205) 63.108 7.769
15 C2H4(18) + X(1) <=> C2H4X(65) 63.108 7.769
16 CH4(2) + HOX(22) + X(1) <=> CH3X(21) + H2OX(23) 92.961 -153.605
17 H2O(5) + X(1) <=> H2OX(23) 76.922 7.688
18 CO2(4) + X(1) <=> CO2X(24) 59.163 18.325
19 CO(7) + X(1) <=> OCX(25) 50.945 1.890
20 CX(26) + OX(20) <=> OCX(25) + X(1) 88.946 17.096
21 OCX(25) + OX(20) <=> CO2X(24) + X(1) 55.128 10.255
22 CO2X(24) + HX(19) <=> HOX(22) + OCX(25) 60.185 20.370
23 CH2X(27) + HX(19) <=> CH3X(21) + X(1) 65.096 12.741
24 CHX(28) + HX(19) <=> CH2X(27) + X(1) 59.883 19.765
25 CHX(28) + X(1) <=> CX(26) + HX(19) 44.588 -10.823
26 H2OX(23) + OX(20) <=> 2 HOX(22) 45.547 -8.907
27 CX(26) + H2(6) <=> CH2X(27) 50.002 0.003
28 HOX(22) + HX(19) <=> H2OX(23) + X(1) 65.338 13.345
Finished sensitivity simulation for a C/O ratio of 2.4
Finished translating for C/O ratio of 2.4
Starting sensitivity simulation for a C/O ratio of 2.2
0 CH4(2) + X(1) <=> CH4X(48) 3.220 3.220
1 O2(3) + 2 X(1) <=> 2 OX(20) -4.760 -4.760
2 H2(6) + 2 X(1) <=> 2 HX(19) -7.155 -7.155
3 H(12) + X(1) <=> HX(19) -168.971 -34.486
4 HX(19) + OX(20) <=> HOX(22) + X(1) -28.435 -28.435
5 H2O(5) + 2 X(1) <=> HOX(22) + HX(19) -21.719 -21.719
6 OH(17) + X(1) <=> HOX(22) 1.601 1.601
7 CH4(2) + 2 X(1) <=> CH3X(21) + HX(19) -14.299 -14.299
8 CH4(2) + OX(20) + X(1) <=> CH3X(21) + HOX(22) 10.427 10.427
9 C2H6(8) + 2 X(1) <=> 2 CH3X(21) -13.546 -13.546
10 CH3(10) + X(1) <=> CH3X(21) -31.305 -31.305
11 CH3OH(14) + 2 X(1) <=> CH3X(21) + HOX(22) -13.049 -69.573
12 H2(6) + X(1) <=> H2X(49) -11.530 -11.530
13 C2H6(8) + X(1) <=> C2H6X(52) 4.314 4.314
14 C2H4(47) + X(1) <=> C2H4X(205) -28.054 -28.054
15 C2H4(18) + X(1) <=> C2H4X(65) -28.054 -28.054
16 CH4(2) + HOX(22) + X(1) <=> CH3X(21) + H2OX(23) 33.652 0.478
17 H2O(5) + X(1) <=> H2OX(23) -21.315 -21.315
18 CO2(4) + X(1) <=> CO2X(24) -0.296 -0.296
19 CO(7) + X(1) <=> OCX(25) -11.481 -11.481
20 CX(26) + OX(20) <=> OCX(25) + X(1) -1.268 -1.268
21 OCX(25) + OX(20) <=> CO2X(24) + X(1) -4.030 -4.030
22 CO2X(24) + HX(19) <=> HOX(22) + OCX(25) 10.564 10.564
23 CH2X(27) + HX(19) <=> CH3X(21) + X(1) -10.393 -10.393
24 CHX(28) + HX(19) <=> CH2X(27) + X(1) -161.905 -30.953
25 CHX(28) + X(1) <=> CX(26) + HX(19) 97.152 -2.607
26 H2OX(23) + OX(20) <=> 2 HOX(22) -20.623 -20.623
27 CX(26) + H2(6) <=> CH2X(27) -24.756 -24.756
28 HOX(22) + HX(19) <=> H2OX(23) + X(1) -1.098 -1.098
Finished sensitivity simulation for a C/O ratio of 2.2
Finished translating for C/O ratio of 2.2
Starting sensitivity simulation for a C/O ratio of 1.8
0 CH4(2) + X(1) <=> CH4X(48) 8.111 8.111
1 O2(3) + 2 X(1) <=> 2 OX(20) -11.821 -11.821
2 H2(6) + 2 X(1) <=> 2 HX(19) 8.117 8.117
3 H(12) + X(1) <=> HX(19) -9313.086 -161.266
4 HX(19) + OX(20) <=> HOX(22) + X(1) -13.957 -13.957
5 H2O(5) + 2 X(1) <=> HOX(22) + HX(19) -18.965 -18.965
6 OH(17) + X(1) <=> HOX(22) 13.172 13.172
7 CH4(2) + 2 X(1) <=> CH3X(21) + HX(19) 0.624 0.624
8 CH4(2) + OX(20) + X(1) <=> CH3X(21) + HOX(22) 8.042 8.042
9 C2H6(8) + 2 X(1) <=> 2 CH3X(21) -2715.725 -17.228
10 CH3(10) + X(1) <=> CH3X(21) -19.464 -19.464
11 CH3OH(14) + 2 X(1) <=> CH3X(21) + HOX(22) 3.724 3.724
12 H2(6) + X(1) <=> H2X(49) -19.816 -19.816
13 C2H6(8) + X(1) <=> C2H6X(52) -52.235 -52.235
14 C2H4(47) + X(1) <=> C2H4X(205) 15.482 15.482
15 C2H4(18) + X(1) <=> C2H4X(65) 15.482 15.482
16 CH4(2) + HOX(22) + X(1) <=> CH3X(21) + H2OX(23) -37.672 -37.672
17 H2O(5) + X(1) <=> H2OX(23) -52.425 -52.425
18 CO2(4) + X(1) <=> CO2X(24) -2.040 -2.040
19 CO(7) + X(1) <=> OCX(25) -1422.264 -26.754
20 CX(26) + OX(20) <=> OCX(25) + X(1) -45.339 -45.339
21 OCX(25) + OX(20) <=> CO2X(24) + X(1) -0.255 -0.255
22 CO2X(24) + HX(19) <=> HOX(22) + OCX(25) -19.018 -19.018
23 CH2X(27) + HX(19) <=> CH3X(21) + X(1) -34.425 -34.425
24 CHX(28) + HX(19) <=> CH2X(27) + X(1) -5.876 -5.876
25 CHX(28) + X(1) <=> CX(26) + HX(19) -42.204 -42.204
26 H2OX(23) + OX(20) <=> 2 HOX(22) 7.242 7.242
27 CX(26) + H2(6) <=> CH2X(27) -12.802 -12.802
28 HOX(22) + HX(19) <=> H2OX(23) + X(1) 13.120 13.120
Finished sensitivity simulation for a C/O ratio of 1.8
Finished translating for C/O ratio of 1.8
Starting sensitivity simulation for a C/O ratio of 2.0
0 CH4(2) + X(1) <=> CH4X(48) -330.451 13.910
1 O2(3) + 2 X(1) <=> 2 OX(20) -213.301 37.340
2 H2(6) + 2 X(1) <=> 2 HX(19) -194.786 41.043
3 H(12) + X(1) <=> HX(19) -216.535 36.693
4 HX(19) + OX(20) <=> HOX(22) + X(1) -307.682 18.464
5 H2O(5) + 2 X(1) <=> HOX(22) + HX(19) -227.707 34.459
6 OH(17) + X(1) <=> HOX(22) -418.010 -3.602
7 CH4(2) + 2 X(1) <=> CH3X(21) + HX(19) -363.768 7.246
8 CH4(2) + OX(20) + X(1) <=> CH3X(21) + HOX(22) 33.028 19.634
9 C2H6(8) + 2 X(1) <=> 2 CH3X(21) -422.379 -4.476
10 CH3(10) + X(1) <=> CH3X(21) -217.674 36.465
11 CH3OH(14) + 2 X(1) <=> CH3X(21) + HOX(22) -234.647 33.071
12 H2(6) + X(1) <=> H2X(49) -230.074 33.985
13 C2H6(8) + X(1) <=> C2H6X(52) -320.244 15.951
14 C2H4(47) + X(1) <=> C2H4X(205) -393.500 1.300
15 C2H4(18) + X(1) <=> C2H4X(65) -393.500 1.300
16 CH4(2) + HOX(22) + X(1) <=> CH3X(21) + H2OX(23) -227.460 34.508
17 H2O(5) + X(1) <=> H2OX(23) -405.121 -1.024
18 CO2(4) + X(1) <=> CO2X(24) -304.478 19.104
19 CO(7) + X(1) <=> OCX(25) -335.750 12.850
20 CX(26) + OX(20) <=> OCX(25) + X(1) -286.538 22.692
21 OCX(25) + OX(20) <=> CO2X(24) + X(1) -233.812 33.238
22 CO2X(24) + HX(19) <=> HOX(22) + OCX(25) 95.062 28.837
23 CH2X(27) + HX(19) <=> CH3X(21) + X(1) -211.210 37.758
24 CHX(28) + HX(19) <=> CH2X(27) + X(1) -402.231 -0.446
25 CHX(28) + X(1) <=> CX(26) + HX(19) -226.136 34.773
26 H2OX(23) + OX(20) <=> 2 HOX(22) -359.937 8.013
27 CX(26) + H2(6) <=> CH2X(27) -80.124 27.950
28 HOX(22) + HX(19) <=> H2OX(23) + X(1) -404.164 -0.833
Finished sensitivity simulation for a C/O ratio of 2.0
Finished translating for C/O ratio of 2.0
Starting sensitivity simulation for a C/O ratio of 0.6
0 CH4(2) + X(1) <=> CH4X(48) -13248.331 7.377
1 O2(3) + 2 X(1) <=> 2 OX(20) -2892.425 -3.821
2 H2(6) + 2 X(1) <=> 2 HX(19) -915.124 43.649
3 H(12) + X(1) <=> HX(19) -495.571 33.878
4 HX(19) + OX(20) <=> HOX(22) + X(1) -936.646 -15.091
5 H2O(5) + 2 X(1) <=> HOX(22) + HX(19) -884.705 45.338
6 OH(17) + X(1) <=> HOX(22) -2017.195 -32.219
7 CH4(2) + 2 X(1) <=> CH3X(21) + HX(19) -464.121 37.370
8 CH4(2) + OX(20) + X(1) <=> CH3X(21) + HOX(22) -436.248 40.465
9 C2H6(8) + 2 X(1) <=> 2 CH3X(21) 33.692 33.692
10 CH3(10) + X(1) <=> CH3X(21) -426.994 41.492
11 CH3OH(14) + 2 X(1) <=> CH3X(21) + HOX(22) -531.911 29.844
12 H2(6) + X(1) <=> H2X(49) -12515.984 12.459
13 C2H6(8) + X(1) <=> C2H6X(52) 13.803 13.803
14 C2H4(47) + X(1) <=> C2H4X(205) -14836.777 -3.645
15 C2H4(18) + X(1) <=> C2H4X(65) -14836.777 -3.645
16 CH4(2) + HOX(22) + X(1) <=> CH3X(21) + H2OX(23) -15064.623 -5.226
17 H2O(5) + X(1) <=> H2OX(23) -415.097 42.813
18 CO2(4) + X(1) <=> CO2X(24) -10018.187 29.791
19 CO(7) + X(1) <=> OCX(25) -722.422 8.693
20 CX(26) + OX(20) <=> OCX(25) + X(1) -22300.365 -55.434
21 OCX(25) + OX(20) <=> CO2X(24) + X(1) -688.004 12.514
22 CO2X(24) + HX(19) <=> HOX(22) + OCX(25) -732.984 7.520
23 CH2X(27) + HX(19) <=> CH3X(21) + X(1) -603.375 21.910
24 CHX(28) + HX(19) <=> CH2X(27) + X(1) -1288.497 13.288
25 CHX(28) + X(1) <=> CX(26) + HX(19) -1234.032 16.690
26 H2OX(23) + OX(20) <=> 2 HOX(22) -1232.296 16.798
27 CX(26) + H2(6) <=> CH2X(27) -734.499 7.352
28 HOX(22) + HX(19) <=> H2OX(23) + X(1) -9173.132 35.655
Finished sensitivity simulation for a C/O ratio of 0.6
Finished translating for C/O ratio of 0.6
Starting sensitivity simulation for a C/O ratio of 1.6
0 CH4(2) + X(1) <=> CH4X(48) -14.587 -14.587
1 O2(3) + 2 X(1) <=> 2 OX(20) -37.139 -37.139
2 H2(6) + 2 X(1) <=> 2 HX(19) -6.965 -6.965
3 H(12) + X(1) <=> HX(19) -65.812 -65.812
4 HX(19) + OX(20) <=> HOX(22) + X(1) -40.539 -40.539
5 H2O(5) + 2 X(1) <=> HOX(22) + HX(19) -42.702 -42.702
6 OH(17) + X(1) <=> HOX(22) -18.057 -18.057
7 CH4(2) + 2 X(1) <=> CH3X(21) + HX(19) 4.825 4.825
8 CH4(2) + OX(20) + X(1) <=> CH3X(21) + HOX(22) -25.463 -25.463
9 C2H6(8) + 2 X(1) <=> 2 CH3X(21) -3.030 -3.030
10 CH3(10) + X(1) <=> CH3X(21) -39.594 -39.594
11 CH3OH(14) + 2 X(1) <=> CH3X(21) + HOX(22) -55.540 -55.540
12 H2(6) + X(1) <=> H2X(49) -40.497 -40.497
13 C2H6(8) + X(1) <=> C2H6X(52) -52.486 -52.486
14 C2H4(47) + X(1) <=> C2H4X(205) -26.309 -26.309
15 C2H4(18) + X(1) <=> C2H4X(65) -26.309 -26.309
16 CH4(2) + HOX(22) + X(1) <=> CH3X(21) + H2OX(23) -12.854 -12.854
17 H2O(5) + X(1) <=> H2OX(23) -22.183 -22.183
18 CO2(4) + X(1) <=> CO2X(24) -67.694 -67.694
19 CO(7) + X(1) <=> OCX(25) -10.057 -10.057
20 CX(26) + OX(20) <=> OCX(25) + X(1) 3.229 3.229
21 OCX(25) + OX(20) <=> CO2X(24) + X(1) -8.434 -8.434
22 CO2X(24) + HX(19) <=> HOX(22) + OCX(25) -26.036 -26.036
23 CH2X(27) + HX(19) <=> CH3X(21) + X(1) 7.120 7.120
24 CHX(28) + HX(19) <=> CH2X(27) + X(1) -10.700 -10.700
25 CHX(28) + X(1) <=> CX(26) + HX(19) -67.006 -67.006
26 H2OX(23) + OX(20) <=> 2 HOX(22) -11.300 -11.300
27 CX(26) + H2(6) <=> CH2X(27) -42.285 -42.285
28 HOX(22) + HX(19) <=> H2OX(23) + X(1) -1.560 -1.560
Finished sensitivity simulation for a C/O ratio of 1.6
Finished translating for C/O ratio of 1.6
Starting sensitivity simulation for a C/O ratio of 1.2
0 CH4(2) + X(1) <=> CH4X(48) 12.304 12.304
1 O2(3) + 2 X(1) <=> 2 OX(20) -909.408 15.950
2 H2(6) + 2 X(1) <=> 2 HX(19) 21.418 21.418
3 H(12) + X(1) <=> HX(19) -1175.066 11.525
4 HX(19) + OX(20) <=> HOX(22) + X(1) -754.206 40.728
5 H2O(5) + 2 X(1) <=> HOX(22) + HX(19) 22.881 22.881
6 OH(17) + X(1) <=> HOX(22) 25.686 25.686
7 CH4(2) + 2 X(1) <=> CH3X(21) + HX(19) -630.541 39.170
8 CH4(2) + OX(20) + X(1) <=> CH3X(21) + HOX(22) 13.038 13.038
9 C2H6(8) + 2 X(1) <=> 2 CH3X(21) 2.831 2.831
10 CH3(10) + X(1) <=> CH3X(21) -946.781 27.365
11 CH3OH(14) + 2 X(1) <=> CH3X(21) + HOX(22) 30.445 30.445
12 H2(6) + X(1) <=> H2X(49) -715.452 43.417
13 C2H6(8) + X(1) <=> C2H6X(52) -632.505 39.007
14 C2H4(47) + X(1) <=> C2H4X(205) -741.787 41.589
15 C2H4(18) + X(1) <=> C2H4X(65) -741.787 41.589
16 CH4(2) + HOX(22) + X(1) <=> CH3X(21) + H2OX(23) -944.478 27.525
17 H2O(5) + X(1) <=> H2OX(23) -1237.192 7.214
18 CO2(4) + X(1) <=> CO2X(24) 33.072 33.072
19 CO(7) + X(1) <=> OCX(25) 43.285 43.285
20 CX(26) + OX(20) <=> OCX(25) + X(1) -1204.878 -8.653
21 OCX(25) + OX(20) <=> CO2X(24) + X(1) -779.406 38.979
22 CO2X(24) + HX(19) <=> HOX(22) + OCX(25) -1460.688 -8.294
23 CH2X(27) + HX(19) <=> CH3X(21) + X(1) -2078.702 -81.413
24 CHX(28) + HX(19) <=> CH2X(27) + X(1) 23.569 23.569
25 CHX(28) + X(1) <=> CX(26) + HX(19) 33.755 33.755
26 H2OX(23) + OX(20) <=> 2 HOX(22) -665.489 36.260
27 CX(26) + H2(6) <=> CH2X(27) -19.115 -19.115
28 HOX(22) + HX(19) <=> H2OX(23) + X(1) 13.168 13.168
Finished sensitivity simulation for a C/O ratio of 1.2
Finished translating for C/O ratio of 1.2
Starting sensitivity simulation for a C/O ratio of 0.9
0 CH4(2) + X(1) <=> CH4X(48) 96.411 13.802
1 O2(3) + 2 X(1) <=> 2 OX(20) 97.563 41.473
2 H2(6) + 2 X(1) <=> 2 HX(19) 79.779 39.337
3 H(12) + X(1) <=> HX(19) 96.905 25.659
4 HX(19) + OX(20) <=> HOX(22) + X(1) 95.387 -10.813
5 H2O(5) + 2 X(1) <=> HOX(22) + HX(19) 96.729 21.443
6 OH(17) + X(1) <=> HOX(22) 95.913 1.842
7 CH4(2) + 2 X(1) <=> CH3X(21) + HX(19) 96.953 26.814
8 CH4(2) + OX(20) + X(1) <=> CH3X(21) + HOX(22) 97.294 35.002
9 C2H6(8) + 2 X(1) <=> 2 CH3X(21) 97.532 40.720
10 CH3(10) + X(1) <=> CH3X(21) 97.019 28.398
11 CH3OH(14) + 2 X(1) <=> CH3X(21) + HOX(22) 96.369 12.780
12 H2(6) + X(1) <=> H2X(49) 96.434 14.339
13 C2H6(8) + X(1) <=> C2H6X(52) 96.723 21.294
14 C2H4(47) + X(1) <=> C2H4X(205) 95.187 -15.615
15 C2H4(18) + X(1) <=> C2H4X(65) 95.187 -15.615
16 CH4(2) + HOX(22) + X(1) <=> CH3X(21) + H2OX(23) 97.235 33.580
17 H2O(5) + X(1) <=> H2OX(23) 95.867 0.717
18 CO2(4) + X(1) <=> CO2X(24) 97.508 40.136
19 CO(7) + X(1) <=> OCX(25) 97.376 36.984
20 CX(26) + OX(20) <=> OCX(25) + X(1) 96.574 17.716
21 OCX(25) + OX(20) <=> CO2X(24) + X(1) 96.778 22.619
22 CO2X(24) + HX(19) <=> HOX(22) + OCX(25) 96.765 22.303
23 CH2X(27) + HX(19) <=> CH3X(21) + X(1) 96.393 13.359
24 CHX(28) + HX(19) <=> CH2X(27) + X(1) 97.595 42.239
25 CHX(28) + X(1) <=> CX(26) + HX(19) 95.687 -3.591
26 H2OX(23) + OX(20) <=> 2 HOX(22) 96.687 20.423
27 CX(26) + H2(6) <=> CH2X(27) 96.766 22.332
28 HOX(22) + HX(19) <=> H2OX(23) + X(1) 96.649 19.502
Finished sensitivity simulation for a C/O ratio of 0.9
Finished translating for C/O ratio of 0.9
Starting sensitivity simulation for a C/O ratio of 1.4
0 CH4(2) + X(1) <=> CH4X(48) 91.723 25.450
1 O2(3) + 2 X(1) <=> 2 OX(20) 94.188 47.652
2 H2(6) + 2 X(1) <=> 2 HX(19) 93.781 43.981
3 H(12) + X(1) <=> HX(19) 94.080 46.674
4 HX(19) + OX(20) <=> HOX(22) + X(1) 92.131 29.122
5 H2O(5) + 2 X(1) <=> HOX(22) + HX(19) 89.932 9.316
6 OH(17) + X(1) <=> HOX(22) 93.589 42.255
7 CH4(2) + 2 X(1) <=> CH3X(21) + HX(19) 92.200 29.744
8 CH4(2) + OX(20) + X(1) <=> CH3X(21) + HOX(22) 94.334 48.967
9 C2H6(8) + 2 X(1) <=> 2 CH3X(21) 92.882 35.886
10 CH3(10) + X(1) <=> CH3X(21) 89.643 6.715
11 CH3OH(14) + 2 X(1) <=> CH3X(21) + HOX(22) 92.762 34.802
12 H2(6) + X(1) <=> H2X(49) 93.664 42.934
13 C2H6(8) + X(1) <=> C2H6X(52) 91.301 21.648
14 C2H4(47) + X(1) <=> C2H4X(205) 94.262 48.316
15 C2H4(18) + X(1) <=> C2H4X(65) 94.262 48.316
16 CH4(2) + HOX(22) + X(1) <=> CH3X(21) + H2OX(23) 91.061 19.485
17 H2O(5) + X(1) <=> H2OX(23) 92.958 36.572
18 CO2(4) + X(1) <=> CO2X(24) 89.593 6.266
19 CO(7) + X(1) <=> OCX(25) 93.017 37.106
20 CX(26) + OX(20) <=> OCX(25) + X(1) 94.482 50.298
21 OCX(25) + OX(20) <=> CO2X(24) + X(1) 87.681 -10.962
22 CO2X(24) + HX(19) <=> HOX(22) + OCX(25) 88.878 -0.175
23 CH2X(27) + HX(19) <=> CH3X(21) + X(1) 92.613 33.468
24 CHX(28) + HX(19) <=> CH2X(27) + X(1) 93.371 40.288
25 CHX(28) + X(1) <=> CX(26) + HX(19) 92.792 35.076
26 H2OX(23) + OX(20) <=> 2 HOX(22) 91.729 25.503
27 CX(26) + H2(6) <=> CH2X(27) 94.445 49.961
28 HOX(22) + HX(19) <=> H2OX(23) + X(1) 91.950 27.492
Finished sensitivity simulation for a C/O ratio of 1.4
Finished translating for C/O ratio of 1.4
