This mechanism contains 47 gas reactions and 36 surface reactions
Finished simulation at a C/O ratio of 1.2
Finished simulation at a C/O ratio of 1.4
Finished simulation at a C/O ratio of 1.8
Finished simulation at a C/O ratio of 2.0
Finished simulation at a C/O ratio of 2.6
Finished simulation at a C/O ratio of 0.9
Finished simulation at a C/O ratio of 1.3
Finished simulation at a C/O ratio of 0.6
Finished simulation at a C/O ratio of 0.7
Finished simulation at a C/O ratio of 1.1
Finished simulation at a C/O ratio of 1.6
Finished simulation at a C/O ratio of 2.2
Finished simulation at a C/O ratio of 0.8
Finished simulation at a C/O ratio of 1.0
Finished simulation at a C/O ratio of 2.4
Starting sensitivity simulation for a C/O ratio of 2.4
Unable to run sensitivity simulation at a C/O ratio of 2.4
Starting sensitivity simulation for a C/O ratio of 2.2
Unable to run sensitivity simulation at a C/O ratio of 2.2
Starting sensitivity simulation for a C/O ratio of 1.8
Unable to run sensitivity simulation at a C/O ratio of 1.8
Starting sensitivity simulation for a C/O ratio of 0.8
Unable to run sensitivity simulation at a C/O ratio of 0.8
Starting sensitivity simulation for a C/O ratio of 2.6
0 CH4(2) + X(1) <=> CH4X(48) 46.425 100.000
1 O2(3) + 2 X(1) <=> 2 OX(20) 59.401 100.000
2 H2(6) + 2 X(1) <=> 2 HX(19) 66.678 100.000
3 H(12) + X(1) <=> HX(19) 66.647 100.000
4 HX(19) + OX(20) <=> HOX(22) + X(1) 66.433 100.000
5 H2O(5) + 2 X(1) <=> HOX(22) + HX(19) 66.679 100.000
6 OH(17) + X(1) <=> HOX(22) 66.680 100.000
7 CH4(2) + 2 X(1) <=> CH3X(21) + HX(19) 60.015 100.000
8 CH4(2) + OX(20) + X(1) <=> CH3X(21) + HOX(22) 50.019 100.000
9 C2H6(8) + 2 X(1) <=> 2 CH3X(21) 66.677 100.000
10 CH3(10) + X(1) <=> CH3X(21) -99.936 57.475
11 CH3OH(14) + 2 X(1) <=> CH3X(21) + HOX(22) 66.634 100.000
12 H2(6) + X(1) <=> H2X(49) 58.949 100.000
13 CH2X(27) + HX(19) <=> CH3X(21) + X(1) 42.381 100.000
14 CH2X(27) + HOX(22) <=> CH3X(21) + OX(20) 66.476 100.000
15 CHX(28) + HX(19) <=> CH2X(27) + X(1) 66.679 100.000
16 CHX(28) + HOX(22) <=> CH2X(27) + OX(20) 66.206 100.000
17 2 CH2X(27) <=> CH3X(21) + CHX(28) 60.015 100.000
18 CHX(28) + X(1) <=> CX(26) + HX(19) 59.585 100.000
19 CX(26) + H2(6) <=> CH2X(27) 49.065 100.000
20 CX(26) + HOX(22) <=> CHX(28) + OX(20) 59.756 100.000
21 CH3X(21) + CX(26) <=> CH2X(27) + CHX(28) 66.620 100.000
22 CH2X(27) + CX(26) <=> 2 CHX(28) 66.651 100.000
23 CO(7) + X(1) <=> OCX(25) 66.676 100.000
24 CX(26) + OX(20) <=> OCX(25) + X(1) 60.007 100.000
25 C2H6(8) + X(1) <=> C2H6X(52) 50.019 89.369
26 CO(7) + X(1) <=> COX(50) 0.037 78.739
27 C2H4(47) + X(1) <=> C2H4X(205) 58.785 100.000
28 C2H4(18) + X(1) <=> C2H4X(65) 60.015 100.000
29 CH4(2) + HOX(22) + X(1) <=> CH3X(21) + H2OX(23) 59.452 100.000
30 H2O(5) + X(1) <=> H2OX(23) 47.446 100.000
31 CO2(4) + X(1) <=> CO2X(24) 66.672 100.000
32 OCX(25) + OX(20) <=> CO2X(24) + X(1) 66.679 100.000
33 CO2X(24) + HX(19) <=> HOX(22) + OCX(25) 66.679 100.000
34 H2OX(23) + OX(20) <=> 2 HOX(22) 59.796 100.000
35 HOX(22) + HX(19) <=> H2OX(23) + X(1) 94.717 100.000
Finished sensitivity simulation for a C/O ratio of 2.6
Finished translating for C/O ratio of 2.6
Starting sensitivity simulation for a C/O ratio of 1.1
Unable to run sensitivity simulation at a C/O ratio of 1.1
Starting sensitivity simulation for a C/O ratio of 0.7
0 CH4(2) + X(1) <=> CH4X(48) -390677249942769.438 100.000
1 O2(3) + 2 X(1) <=> 2 OX(20) -390096219778716.250 -1950481098894926.000
2 H2(6) + 2 X(1) <=> 2 HX(19) -389849797366137.375 -1949248986832031.250
3 H(12) + X(1) <=> HX(19) -194753263835945.562 100.000
4 HX(19) + OX(20) <=> HOX(22) + X(1) -INF NAN
5 H2O(5) + 2 X(1) <=> HOX(22) + HX(19) -INF -INF
6 OH(17) + X(1) <=> HOX(22) -389476337641268.875 -584214506462236.375
7 CH4(2) + 2 X(1) <=> CH3X(21) + HX(19) -389559429175913.375 -779118858352304.250
8 CH4(2) + OX(20) + X(1) <=> CH3X(21) + HOX(22) -389936017211018.125 100.000
9 C2H6(8) + 2 X(1) <=> 2 CH3X(21) -389653738604028.688 100.000
10 CH3(10) + X(1) <=> CH3X(21) -130102518831388.078 100.000
11 CH3OH(14) + 2 X(1) <=> CH3X(21) + HOX(22) -394525954393004.625 -1972629771966378.750
12 H2(6) + X(1) <=> H2X(49) -389899584298370.125 -1949497921493195.000
13 CH2X(27) + HX(19) <=> CH3X(21) + X(1) -389475645789238.812 100.000
14 CH2X(27) + HOX(22) <=> CH3X(21) + OX(20) -389484010734879.188 100.000
15 CHX(28) + HX(19) <=> CH2X(27) + X(1) -389678648575102.812 100.000
16 CHX(28) + HOX(22) <=> CH2X(27) + OX(20) -391042812862908.562 -1759692657884291.000
17 2 CH2X(27) <=> CH3X(21) + CHX(28) -389475645871210.125 100.000
18 CHX(28) + X(1) <=> CX(26) + HX(19) -391680260741029.750 -1762561173335837.750
19 CX(26) + H2(6) <=> CH2X(27) -INF -INF
20 CX(26) + HOX(22) <=> CHX(28) + OX(20) -389478378932304.188 100.000
21 CH3X(21) + CX(26) <=> CH2X(27) + CHX(28) -389873537270786.375 100.000
22 CH2X(27) + CX(26) <=> 2 CHX(28) -389475645795699.625 100.000
23 CO(7) + X(1) <=> OCX(25) -389475645758277.812 100.000
24 CX(26) + OX(20) <=> OCX(25) + X(1) -389501946905209.438 -584252920358147.125
25 C2H6(8) + X(1) <=> C2H6X(52) -389776146375136.000 100.000
26 CO(7) + X(1) <=> COX(50) -389984451234622.562 100.000
27 C2H4(47) + X(1) <=> C2H4X(205) -389478378932304.188 100.000
28 C2H4(18) + X(1) <=> C2H4X(65) -389674397382988.375 100.000
29 CH4(2) + HOX(22) + X(1) <=> CH3X(21) + H2OX(23) -390351068678416.312 -1951755343393427.000
30 H2O(5) + X(1) <=> H2OX(23) -389919252892796.750 -1949596264465328.500
31 CO2(4) + X(1) <=> CO2X(24) -389743527632776.688 100.000
32 OCX(25) + OX(20) <=> CO2X(24) + X(1) -389496378920386.375 100.000
33 CO2X(24) + HX(19) <=> HOX(22) + OCX(25) -130441057022215.344 100.000
34 H2OX(23) + OX(20) <=> 2 HOX(22) -391040830934209.125 -586561246401647.875
35 HOX(22) + HX(19) <=> H2OX(23) + X(1) -194838864115350.250 100.000
Finished sensitivity simulation for a C/O ratio of 0.7
Finished translating for C/O ratio of 0.7
Starting sensitivity simulation for a C/O ratio of 2.0
0 CH4(2) + X(1) <=> CH4X(48) 0.005 50.003
1 O2(3) + 2 X(1) <=> 2 OX(20) 0.013 50.006
2 H2(6) + 2 X(1) <=> 2 HX(19) -0.115 49.943
3 H(12) + X(1) <=> HX(19) -0.158 49.921
4 HX(19) + OX(20) <=> HOX(22) + X(1) 0.024 50.012
5 H2O(5) + 2 X(1) <=> HOX(22) + HX(19) -0.159 49.920
6 OH(17) + X(1) <=> HOX(22) 0.024 50.012
7 CH4(2) + 2 X(1) <=> CH3X(21) + HX(19) 0.024 50.012
8 CH4(2) + OX(20) + X(1) <=> CH3X(21) + HOX(22) 0.024 50.012
9 C2H6(8) + 2 X(1) <=> 2 CH3X(21) -0.543 49.729
10 CH3(10) + X(1) <=> CH3X(21) 0.020 50.010
11 CH3OH(14) + 2 X(1) <=> CH3X(21) + HOX(22) 0.024 50.012
12 H2(6) + X(1) <=> H2X(49) -0.293 49.854
13 CH2X(27) + HX(19) <=> CH3X(21) + X(1) 0.000 50.000
14 CH2X(27) + HOX(22) <=> CH3X(21) + OX(20) -0.138 49.931
15 CHX(28) + HX(19) <=> CH2X(27) + X(1) 0.023 50.012
16 CHX(28) + HOX(22) <=> CH2X(27) + OX(20) 46.744 100.000
17 2 CH2X(27) <=> CH3X(21) + CHX(28) -0.131 49.935
18 CHX(28) + X(1) <=> CX(26) + HX(19) -1.200 49.400
19 CX(26) + H2(6) <=> CH2X(27) -0.088 49.956
20 CX(26) + HOX(22) <=> CHX(28) + OX(20) -0.022 49.989
21 CH3X(21) + CX(26) <=> CH2X(27) + CHX(28) -0.027 49.987
22 CH2X(27) + CX(26) <=> 2 CHX(28) -0.062 49.969
23 CO(7) + X(1) <=> OCX(25) 39.622 69.811
24 CX(26) + OX(20) <=> OCX(25) + X(1) -0.245 49.877
25 C2H6(8) + X(1) <=> C2H6X(52) 0.024 50.012
26 CO(7) + X(1) <=> COX(50) -0.149 49.926
27 C2H4(47) + X(1) <=> C2H4X(205) -0.022 49.989
28 C2H4(18) + X(1) <=> C2H4X(65) -0.022 49.989
29 CH4(2) + HOX(22) + X(1) <=> CH3X(21) + H2OX(23) 0.014 50.007
30 H2O(5) + X(1) <=> H2OX(23) 57.137 57.137
31 CO2(4) + X(1) <=> CO2X(24) -0.010 49.995
32 OCX(25) + OX(20) <=> CO2X(24) + X(1) -0.243 49.878
33 CO2X(24) + HX(19) <=> HOX(22) + OCX(25) 0.024 50.012
34 H2OX(23) + OX(20) <=> 2 HOX(22) 32.668 32.668
35 HOX(22) + HX(19) <=> H2OX(23) + X(1) -0.279 49.861
Finished sensitivity simulation for a C/O ratio of 2.0
Finished translating for C/O ratio of 2.0
Starting sensitivity simulation for a C/O ratio of 1.6
0 CH4(2) + X(1) <=> CH4X(48) 23.965 100.000
1 O2(3) + 2 X(1) <=> 2 OX(20) -196.843 100.000
2 H2(6) + 2 X(1) <=> 2 HX(19) -197.297 100.000
3 H(12) + X(1) <=> HX(19) -196.759 18.025
4 HX(19) + OX(20) <=> HOX(22) + X(1) -196.610 100.000
5 H2O(5) + 2 X(1) <=> HOX(22) + HX(19) -197.134 100.000
6 OH(17) + X(1) <=> HOX(22) -196.669 100.000
7 CH4(2) + 2 X(1) <=> CH3X(21) + HX(19) -196.878 100.000
8 CH4(2) + OX(20) + X(1) <=> CH3X(21) + HOX(22) 12.652 100.000
9 C2H6(8) + 2 X(1) <=> 2 CH3X(21) -217.607 100.000
10 CH3(10) + X(1) <=> CH3X(21) 25.788 100.000
11 CH3OH(14) + 2 X(1) <=> CH3X(21) + HOX(22) -196.780 100.000
12 H2(6) + X(1) <=> H2X(49) -196.610 100.000
13 CH2X(27) + HX(19) <=> CH3X(21) + X(1) -196.610 100.000
14 CH2X(27) + HOX(22) <=> CH3X(21) + OX(20) -196.944 100.000
15 CHX(28) + HX(19) <=> CH2X(27) + X(1) -196.639 100.000
16 CHX(28) + HOX(22) <=> CH2X(27) + OX(20) -202.925 100.000
17 2 CH2X(27) <=> CH3X(21) + CHX(28) -214.913 100.000
18 CHX(28) + X(1) <=> CX(26) + HX(19) -206.701 100.000
19 CX(26) + H2(6) <=> CH2X(27) -196.610 100.000
20 CX(26) + HOX(22) <=> CHX(28) + OX(20) -INF NAN
21 CH3X(21) + CX(26) <=> CH2X(27) + CHX(28) -196.757 100.000
22 CH2X(27) + CX(26) <=> 2 CHX(28) -196.856 100.000
23 CO(7) + X(1) <=> OCX(25) -204.955 100.000
24 CX(26) + OX(20) <=> OCX(25) + X(1) -196.610 100.000
25 C2H6(8) + X(1) <=> C2H6X(52) 15.137 41.395
26 CO(7) + X(1) <=> COX(50) -196.610 100.000
27 C2H4(47) + X(1) <=> C2H4X(205) -INF NAN
28 C2H4(18) + X(1) <=> C2H4X(65) 0.736 -695.184
29 CH4(2) + HOX(22) + X(1) <=> CH3X(21) + H2OX(23) -196.627 100.000
30 H2O(5) + X(1) <=> H2OX(23) -196.640 100.000
31 CO2(4) + X(1) <=> CO2X(24) -197.098 100.000
32 OCX(25) + OX(20) <=> CO2X(24) + X(1) -196.750 100.000
33 CO2X(24) + HX(19) <=> HOX(22) + OCX(25) 396.943 100.000
34 H2OX(23) + OX(20) <=> 2 HOX(22) -196.610 100.000
35 HOX(22) + HX(19) <=> H2OX(23) + X(1) -196.698 100.000
Finished sensitivity simulation for a C/O ratio of 1.6
Finished translating for C/O ratio of 1.6
Starting sensitivity simulation for a C/O ratio of 1.3
0 CH4(2) + X(1) <=> CH4X(48) -INF -INF
1 O2(3) + 2 X(1) <=> 2 OX(20) -INF -INF
2 H2(6) + 2 X(1) <=> 2 HX(19) -INF -INF
3 H(12) + X(1) <=> HX(19) -INF -INF
4 HX(19) + OX(20) <=> HOX(22) + X(1) -121230221084563.766 -381099144502432.000
5 H2O(5) + 2 X(1) <=> HOX(22) + HX(19) -605779470707144.000 -190432745216540.156
6 OH(17) + X(1) <=> HOX(22) -INF -INF
7 CH4(2) + 2 X(1) <=> CH3X(21) + HX(19) -INF -INF
8 CH4(2) + OX(20) + X(1) <=> CH3X(21) + HOX(22) -611330568258812.625 -192177787425539.875
9 C2H6(8) + 2 X(1) <=> 2 CH3X(21) -INF -INF
10 CH3(10) + X(1) <=> CH3X(21) -415413484214979.688 100.000
11 CH3OH(14) + 2 X(1) <=> CH3X(21) + HOX(22) -607225288593931.875 -190887252314548.750
12 H2(6) + X(1) <=> H2X(49) -INF -INF
13 CH2X(27) + HX(19) <=> CH3X(21) + X(1) -614219513629304.875 -193085955866839.844
14 CH2X(27) + HOX(22) <=> CH3X(21) + OX(20) -INF -INF
15 CHX(28) + HX(19) <=> CH2X(27) + X(1) -607355291502542.375 -190928120009757.938
16 CHX(28) + HOX(22) <=> CH2X(27) + OX(20) -609657897745629.750 -191651966969299.469
17 2 CH2X(27) <=> CH3X(21) + CHX(28) -INF -INF
18 CHX(28) + X(1) <=> CX(26) + HX(19) -605779470530891.250 -190432745161133.375
19 CX(26) + H2(6) <=> CH2X(27) -INF -INF
20 CX(26) + HOX(22) <=> CHX(28) + OX(20) -607190405977052.625 -190876286620242.719
21 CH3X(21) + CX(26) <=> CH2X(27) + CHX(28) -INF -INF
22 CH2X(27) + CX(26) <=> 2 CHX(28) -INF -INF
23 CO(7) + X(1) <=> OCX(25) -INF -INF
24 CX(26) + OX(20) <=> OCX(25) + X(1) -605889637634424.375 -190467377275579.062
25 C2H6(8) + X(1) <=> C2H6X(52) -605779470535754.875 -190432745162662.312
26 CO(7) + X(1) <=> COX(50) -INF -INF
27 C2H4(47) + X(1) <=> C2H4X(205) -607190405977052.625 -190876286620242.719
28 C2H4(18) + X(1) <=> C2H4X(65) -607190405977052.625 -190876286620242.719
29 CH4(2) + HOX(22) + X(1) <=> CH3X(21) + H2OX(23) -INF -INF
30 H2O(5) + X(1) <=> H2OX(23) -INF -INF
31 CO2(4) + X(1) <=> CO2X(24) -INF -INF
32 OCX(25) + OX(20) <=> CO2X(24) + X(1) -INF -INF
33 CO2X(24) + HX(19) <=> HOX(22) + OCX(25) -INF -INF
34 H2OX(23) + OX(20) <=> 2 HOX(22) -605987449229826.875 -190498125314308.031
35 HOX(22) + HX(19) <=> H2OX(23) + X(1) -605807575051166.625 -190441580093989.062
Finished sensitivity simulation for a C/O ratio of 1.3
Finished translating for C/O ratio of 1.3
Starting sensitivity simulation for a C/O ratio of 1.4
Unable to run sensitivity simulation at a C/O ratio of 1.4
Starting sensitivity simulation for a C/O ratio of 1.0
0 CH4(2) + X(1) <=> CH4X(48) NAN NAN
1 O2(3) + 2 X(1) <=> 2 OX(20) NAN NAN
2 H2(6) + 2 X(1) <=> 2 HX(19) NAN NAN
3 H(12) + X(1) <=> HX(19) NAN NAN
4 HX(19) + OX(20) <=> HOX(22) + X(1) NAN NAN
5 H2O(5) + 2 X(1) <=> HOX(22) + HX(19) NAN NAN
6 OH(17) + X(1) <=> HOX(22) NAN NAN
7 CH4(2) + 2 X(1) <=> CH3X(21) + HX(19) NAN NAN
8 CH4(2) + OX(20) + X(1) <=> CH3X(21) + HOX(22) NAN NAN
9 C2H6(8) + 2 X(1) <=> 2 CH3X(21) NAN NAN
10 CH3(10) + X(1) <=> CH3X(21) NAN NAN
11 CH3OH(14) + 2 X(1) <=> CH3X(21) + HOX(22) NAN NAN
12 H2(6) + X(1) <=> H2X(49) NAN NAN
13 CH2X(27) + HX(19) <=> CH3X(21) + X(1) NAN NAN
14 CH2X(27) + HOX(22) <=> CH3X(21) + OX(20) NAN NAN
15 CHX(28) + HX(19) <=> CH2X(27) + X(1) NAN NAN
16 CHX(28) + HOX(22) <=> CH2X(27) + OX(20) NAN NAN
17 2 CH2X(27) <=> CH3X(21) + CHX(28) NAN NAN
18 CHX(28) + X(1) <=> CX(26) + HX(19) NAN NAN
19 CX(26) + H2(6) <=> CH2X(27) NAN NAN
20 CX(26) + HOX(22) <=> CHX(28) + OX(20) NAN NAN
21 CH3X(21) + CX(26) <=> CH2X(27) + CHX(28) NAN NAN
22 CH2X(27) + CX(26) <=> 2 CHX(28) NAN NAN
23 CO(7) + X(1) <=> OCX(25) NAN NAN
24 CX(26) + OX(20) <=> OCX(25) + X(1) NAN NAN
25 C2H6(8) + X(1) <=> C2H6X(52) NAN NAN
26 CO(7) + X(1) <=> COX(50) NAN NAN
27 C2H4(47) + X(1) <=> C2H4X(205) NAN NAN
28 C2H4(18) + X(1) <=> C2H4X(65) NAN NAN
29 CH4(2) + HOX(22) + X(1) <=> CH3X(21) + H2OX(23) NAN NAN
30 H2O(5) + X(1) <=> H2OX(23) NAN NAN
31 CO2(4) + X(1) <=> CO2X(24) NAN NAN
32 OCX(25) + OX(20) <=> CO2X(24) + X(1) NAN NAN
33 CO2X(24) + HX(19) <=> HOX(22) + OCX(25) NAN NAN
34 H2OX(23) + OX(20) <=> 2 HOX(22) NAN NAN
35 HOX(22) + HX(19) <=> H2OX(23) + X(1) NAN NAN
Finished sensitivity simulation for a C/O ratio of 1.0
Finished translating for C/O ratio of 1.0
Starting sensitivity simulation for a C/O ratio of 0.9
Unable to run sensitivity simulation at a C/O ratio of 0.9
Starting sensitivity simulation for a C/O ratio of 0.6
Unable to run sensitivity simulation at a C/O ratio of 0.6
Starting sensitivity simulation for a C/O ratio of 1.2
Unable to run sensitivity simulation at a C/O ratio of 1.2
