This mechanism contains 38 gas reactions and 41 surface reactions
Finished simulation at a C/O ratio of 0.8
Finished simulation at a C/O ratio of 0.7
Finished simulation at a C/O ratio of 1.0
Finished simulation at a C/O ratio of 1.8
Finished simulation at a C/O ratio of 1.6
Finished simulation at a C/O ratio of 0.6
Finished simulation at a C/O ratio of 1.4
Finished simulation at a C/O ratio of 0.9
Finished simulation at a C/O ratio of 2.6
Finished simulation at a C/O ratio of 1.3
Finished simulation at a C/O ratio of 1.1
Finished simulation at a C/O ratio of 2.0
Finished simulation at a C/O ratio of 1.2
Finished simulation at a C/O ratio of 2.2
Finished simulation at a C/O ratio of 2.4
Starting thermo sensitivity simulation for a C/O ratio of 0.7
0 X(1) -0.002 -0.002 -0.004 -0.002 0.000
1 HX(19) 0.001 0.001 0.001 0.001 0.000
2 OX(20) -0.000 -0.002 -0.002 -0.002 -0.002
3 CH3X(21) -0.000 0.000 0.000 -0.000 0.000
4 HOX(22) 0.001 0.001 0.001 0.001 0.000
5 H2OX(23) -0.000 0.001 0.001 0.001 0.002
6 CO2X(24) -0.000 0.000 0.000 0.000 0.000
7 OCX(25) -0.000 0.000 0.000 0.000 0.000
8 CX(26) -0.000 0.000 0.000 0.000 0.000
9 CH2X(27) 0.001 0.001 0.003 0.002 0.000
10 CHX(28) -0.000 -0.000 -0.000 0.000 0.000
11 CH4X(48) -0.000 0.000 0.000 -0.000 0.000
12 H2X(49) -0.000 0.000 -0.000 0.000 0.000
13 COX(50) -0.000 0.000 0.000 0.000 0.000
14 CHOX(53) -0.000 0.000 0.000 -0.000 0.000
Finished thermo sensitivity simulation for a C/O ratio of 0.7
Starting thermo sensitivity simulation for a C/O ratio of 0.8
0 X(1) -0.002 -0.002 -0.004 -0.002 -0.000
1 HX(19) 0.001 0.001 0.002 0.001 0.000
2 OX(20) -0.000 -0.002 -0.002 -0.002 -0.002
3 CH3X(21) -0.000 -0.000 -0.000 -0.000 0.000
4 HOX(22) 0.001 0.001 0.001 0.001 0.000
5 H2OX(23) -0.000 0.001 0.001 0.001 0.002
6 CO2X(24) -0.000 -0.000 -0.000 -0.000 0.000
7 OCX(25) -0.000 -0.000 -0.000 -0.000 0.000
8 CX(26) 0.000 0.000 0.000 -0.000 0.000
9 CH2X(27) 0.001 0.001 0.003 0.002 0.000
10 CHX(28) -0.000 -0.000 -0.000 -0.000 0.000
11 CH4X(48) -0.000 -0.000 -0.000 -0.000 -0.000
12 H2X(49) 0.000 0.000 0.000 -0.000 -0.000
13 COX(50) -0.000 -0.000 -0.000 -0.000 0.000
14 CHOX(53) -0.000 0.000 0.000 -0.000 0.000
Finished thermo sensitivity simulation for a C/O ratio of 0.8
Starting thermo sensitivity simulation for a C/O ratio of 1.6
0 X(1) -0.002 -0.003 -0.005 -0.003 -0.000
1 HX(19) 0.001 0.001 0.002 0.001 0.000
2 OX(20) -0.000 -0.002 -0.002 -0.002 -0.002
3 CH3X(21) -0.000 0.000 0.000 -0.000 0.000
4 HOX(22) 0.000 0.000 0.001 0.000 0.000
5 H2OX(23) -0.000 0.001 0.001 0.001 0.002
6 CO2X(24) -0.000 0.000 -0.000 -0.000 0.000
7 OCX(25) 0.000 -0.000 -0.000 -0.000 0.000
8 CX(26) 0.000 0.000 0.000 0.000 0.000
9 CH2X(27) 0.001 0.001 0.003 0.002 0.000
10 CHX(28) 0.000 0.000 0.000 0.000 -0.000
11 CH4X(48) -0.000 -0.000 -0.000 -0.000 0.000
12 H2X(49) -0.000 0.000 0.000 0.000 0.000
13 COX(50) -0.000 0.000 0.000 0.000 0.000
14 CHOX(53) 0.000 0.000 0.000 0.000 -0.000
Finished thermo sensitivity simulation for a C/O ratio of 1.6
Starting thermo sensitivity simulation for a C/O ratio of 0.6
0 X(1) -0.002 -0.002 -0.004 -0.002 -0.005
1 HX(19) 0.001 0.001 0.001 0.001 -0.005
2 OX(20) -0.000 -0.002 -0.002 -0.002 -0.007
3 CH3X(21) -0.000 -0.000 -0.000 0.000 -0.004
4 HOX(22) 0.001 0.001 0.001 0.001 -0.005
5 H2OX(23) -0.000 0.001 0.001 0.001 -0.003
6 CO2X(24) -0.000 -0.000 -0.000 0.000 -0.005
7 OCX(25) -0.000 -0.000 -0.000 0.000 -0.005
8 CX(26) -0.000 -0.000 -0.000 0.000 -0.005
9 CH2X(27) 0.001 0.001 0.003 0.002 -0.005
10 CHX(28) -0.000 0.000 0.000 0.000 -0.005
11 CH4X(48) -0.000 -0.000 -0.000 -0.000 -0.005
12 H2X(49) -0.000 -0.000 -0.000 0.000 -0.005
13 COX(50) -0.000 -0.000 -0.000 0.000 -0.004
14 CHOX(53) -0.000 0.000 0.000 0.000 -0.005
Finished thermo sensitivity simulation for a C/O ratio of 0.6
Starting thermo sensitivity simulation for a C/O ratio of 1.0
0 X(1) -0.002 -0.002 -0.005 -0.002 -0.000
1 HX(19) 0.001 0.001 0.002 0.001 0.000
2 OX(20) -0.000 -0.002 -0.002 -0.002 -0.002
3 CH3X(21) 0.000 0.000 0.000 -0.000 0.000
4 HOX(22) 0.001 0.001 0.001 0.001 0.000
5 H2OX(23) -0.000 0.001 0.001 0.001 0.002
6 CO2X(24) -0.000 0.000 0.000 -0.000 -0.000
7 OCX(25) -0.000 0.000 0.000 -0.000 -0.000
8 CX(26) 0.000 0.000 0.000 0.000 0.000
9 CH2X(27) 0.001 0.001 0.003 0.002 0.000
10 CHX(28) 0.000 0.000 0.000 0.000 0.000
11 CH4X(48) 0.000 0.000 0.000 -0.000 0.000
12 H2X(49) 0.000 0.000 0.000 0.000 0.000
13 COX(50) 0.000 0.000 0.000 0.000 0.000
14 CHOX(53) 0.000 0.000 0.000 0.000 0.000
Finished thermo sensitivity simulation for a C/O ratio of 1.0
Starting thermo sensitivity simulation for a C/O ratio of 1.3
0 X(1) -0.002 -0.002 -0.005 -0.003 -0.000
1 HX(19) 0.001 0.001 0.002 0.001 0.000
2 OX(20) -0.000 -0.002 -0.002 -0.002 -0.002
3 CH3X(21) 0.000 0.000 0.000 -0.000 0.000
4 HOX(22) 0.000 0.001 0.001 0.001 0.000
5 H2OX(23) -0.000 0.001 0.001 0.001 0.002
6 CO2X(24) -0.000 0.000 0.000 -0.000 0.000
7 OCX(25) 0.000 0.000 0.000 -0.000 -0.000
8 CX(26) 0.000 0.000 0.000 -0.000 -0.000
9 CH2X(27) 0.001 0.001 0.003 0.002 0.000
10 CHX(28) 0.000 0.000 0.000 -0.000 0.000
11 CH4X(48) -0.000 0.000 0.000 -0.000 -0.000
12 H2X(49) 0.000 0.000 0.000 -0.000 0.000
13 COX(50) 0.000 0.000 0.000 -0.000 0.000
14 CHOX(53) 0.000 0.000 0.000 -0.000 -0.000
Finished thermo sensitivity simulation for a C/O ratio of 1.3
Starting thermo sensitivity simulation for a C/O ratio of 1.8
0 X(1) -0.002 -0.003 -0.005 -0.003 -0.000
1 HX(19) 0.001 0.001 0.002 0.001 0.000
2 OX(20) -0.000 -0.002 -0.002 -0.002 -0.002
3 CH3X(21) -0.000 0.000 0.000 -0.000 0.000
4 HOX(22) 0.000 0.000 0.001 0.000 0.000
5 H2OX(23) -0.000 0.001 0.001 0.001 0.002
6 CO2X(24) -0.000 -0.000 -0.000 -0.000 -0.000
7 OCX(25) -0.000 -0.000 -0.000 -0.000 0.000
8 CX(26) 0.000 0.000 0.000 0.000 0.000
9 CH2X(27) 0.001 0.001 0.003 0.002 0.000
10 CHX(28) 0.000 0.000 0.000 0.000 -0.000
11 CH4X(48) -0.000 -0.000 -0.000 -0.000 0.000
12 H2X(49) -0.000 0.000 0.000 0.000 0.000
13 COX(50) -0.000 0.000 0.000 0.000 0.000
14 CHOX(53) -0.000 0.000 0.000 0.000 0.000
Finished thermo sensitivity simulation for a C/O ratio of 1.8
Starting thermo sensitivity simulation for a C/O ratio of 1.4
0 X(1) -0.002 -0.002 -0.005 -0.003 -0.000
1 HX(19) 0.001 0.001 0.002 0.001 0.000
2 OX(20) -0.000 -0.002 -0.002 -0.002 -0.002
3 CH3X(21) 0.000 0.000 0.000 -0.000 0.000
4 HOX(22) 0.000 0.000 0.001 0.000 0.000
5 H2OX(23) -0.000 0.001 0.001 0.001 0.002
6 CO2X(24) -0.000 -0.000 -0.000 -0.000 0.000
7 OCX(25) -0.000 -0.000 -0.000 -0.000 0.000
8 CX(26) -0.000 -0.000 -0.000 -0.000 0.000
9 CH2X(27) 0.001 0.001 0.003 0.002 0.000
10 CHX(28) -0.000 -0.000 -0.000 0.000 -0.008
11 CH4X(48) 0.000 -0.000 -0.000 -0.000 0.000
12 H2X(49) 0.000 -0.000 -0.000 0.000 0.000
13 COX(50) -0.000 -0.000 -0.000 0.000 0.000
14 CHOX(53) -0.000 -0.000 -0.000 0.000 0.000
Finished thermo sensitivity simulation for a C/O ratio of 1.4
Starting thermo sensitivity simulation for a C/O ratio of 1.1
0 X(1) -0.002 -0.002 -0.005 -0.002 0.002
1 HX(19) 0.001 0.001 0.002 0.001 0.002
2 OX(20) -0.000 -0.002 -0.002 -0.002 -0.000
3 CH3X(21) 0.000 0.000 0.000 -0.000 0.002
4 HOX(22) 0.001 0.001 0.001 0.001 0.002
5 H2OX(23) -0.000 0.001 0.001 0.001 0.004
6 CO2X(24) -0.000 0.000 -0.000 -0.000 0.002
7 OCX(25) 0.000 -0.000 -0.000 -0.000 0.002
8 CX(26) 0.000 0.000 0.000 0.000 0.002
9 CH2X(27) 0.001 0.001 0.003 0.002 0.002
10 CHX(28) 0.000 -0.000 0.000 -0.000 0.002
11 CH4X(48) 0.000 -0.000 -0.000 -0.000 0.002
12 H2X(49) 0.000 0.000 0.000 -0.000 0.002
13 COX(50) 0.000 0.000 0.000 0.000 0.002
14 CHOX(53) 0.000 -0.000 -0.000 0.000 0.002
Finished thermo sensitivity simulation for a C/O ratio of 1.1
Starting thermo sensitivity simulation for a C/O ratio of 2.4
0 X(1) -0.002 -0.003 -0.005 -0.003 -0.001
1 HX(19) 0.001 0.001 0.002 0.001 -0.001
2 OX(20) -0.000 -0.002 -0.002 -0.002 -0.003
3 CH3X(21) -0.000 -0.000 -0.000 -0.000 -0.001
4 HOX(22) 0.000 0.000 0.001 0.000 -0.001
5 H2OX(23) -0.000 0.001 0.001 0.001 0.001
6 CO2X(24) -0.000 -0.000 -0.000 -0.000 -0.001
7 OCX(25) -0.000 -0.000 -0.000 -0.000 -0.001
8 CX(26) -0.000 -0.000 -0.000 0.000 -0.001
9 CH2X(27) 0.001 0.001 0.003 0.002 -0.001
10 CHX(28) -0.000 -0.000 -0.000 0.000 -0.001
11 CH4X(48) -0.000 -0.000 -0.000 -0.000 -0.001
12 H2X(49) -0.000 -0.000 -0.000 0.000 -0.001
13 COX(50) -0.000 -0.000 -0.000 0.000 -0.001
14 CHOX(53) -0.000 -0.000 -0.000 0.000 -0.001
Finished thermo sensitivity simulation for a C/O ratio of 2.4
Starting thermo sensitivity simulation for a C/O ratio of 1.2
0 X(1) -0.002 -0.002 -0.005 -0.002 -0.002
1 HX(19) 0.001 0.001 0.002 0.001 -0.002
2 OX(20) -0.000 -0.002 -0.002 -0.002 -0.004
3 CH3X(21) -0.000 -0.000 -0.000 -0.000 -0.002
4 HOX(22) 0.000 0.001 0.001 0.001 -0.002
5 H2OX(23) -0.000 0.001 0.001 0.001 0.000
6 CO2X(24) -0.000 -0.000 -0.000 -0.000 -0.002
7 OCX(25) -0.000 -0.000 -0.000 -0.000 -0.002
8 CX(26) -0.000 -0.000 -0.000 -0.000 -0.002
9 CH2X(27) 0.001 0.001 0.003 0.002 -0.002
10 CHX(28) -0.000 -0.000 -0.000 -0.000 -0.002
11 CH4X(48) -0.000 -0.000 -0.000 -0.000 -0.002
12 H2X(49) -0.000 -0.000 -0.000 -0.000 -0.002
13 COX(50) -0.000 -0.000 -0.000 -0.000 -0.002
14 CHOX(53) -0.000 -0.000 -0.000 -0.000 -0.002
Finished thermo sensitivity simulation for a C/O ratio of 1.2
Starting thermo sensitivity simulation for a C/O ratio of 2.6
0 X(1) -0.003 -0.003 -0.005 -0.003 -0.000
1 HX(19) 0.001 0.001 0.002 0.001 0.000
2 OX(20) -0.000 -0.001 -0.002 -0.002 -0.002
3 CH3X(21) -0.000 -0.000 -0.000 -0.000 -0.000
4 HOX(22) 0.000 0.000 0.001 0.000 -0.000
5 H2OX(23) -0.000 0.001 0.001 0.001 0.002
6 CO2X(24) -0.000 -0.000 -0.000 -0.000 -0.000
7 OCX(25) -0.000 -0.000 -0.000 -0.000 -0.000
8 CX(26) -0.000 0.000 0.000 -0.000 -0.000
9 CH2X(27) 0.001 0.001 0.003 0.002 0.000
10 CHX(28) -0.000 -0.000 -0.000 -0.000 -0.000
11 CH4X(48) -0.000 -0.000 -0.000 -0.000 -0.000
12 H2X(49) 0.000 -0.000 -0.000 -0.000 -0.000
13 COX(50) 0.000 -0.000 -0.000 -0.000 -0.000
14 CHOX(53) -0.000 -0.000 -0.000 -0.000 -0.000
Finished thermo sensitivity simulation for a C/O ratio of 2.6
Starting thermo sensitivity simulation for a C/O ratio of 2.2
0 X(1) -0.002 -0.003 -0.005 -0.003 -0.001
1 HX(19) 0.001 0.001 0.002 0.001 -0.000
2 OX(20) -0.000 -0.002 -0.002 -0.002 -0.002
3 CH3X(21) -0.000 -0.000 -0.000 -0.000 -0.000
4 HOX(22) 0.000 0.000 0.001 0.000 -0.000
5 H2OX(23) -0.000 0.001 0.001 0.001 0.002
6 CO2X(24) -0.000 -0.000 -0.000 -0.000 -0.000
7 OCX(25) -0.000 0.000 0.000 -0.000 -0.000
8 CX(26) -0.000 -0.000 -0.000 0.000 -0.000
9 CH2X(27) 0.001 0.001 0.003 0.002 -0.000
10 CHX(28) -0.000 0.000 0.000 0.000 -0.000
11 CH4X(48) -0.000 -0.000 -0.000 -0.000 -0.000
12 H2X(49) -0.000 -0.000 -0.000 0.000 -0.000
13 COX(50) -0.000 0.000 0.000 0.000 -0.000
14 CHOX(53) -0.000 0.000 0.000 0.000 -0.000
Finished thermo sensitivity simulation for a C/O ratio of 2.2
Starting thermo sensitivity simulation for a C/O ratio of 0.9
0 X(1) -0.002 -0.002 -0.004 -0.002 -0.000
1 HX(19) 0.001 0.001 0.002 0.001 0.000
2 OX(20) -0.000 -0.002 -0.002 -0.002 -0.002
3 CH3X(21) -0.000 -0.000 -0.000 -0.000 0.000
4 HOX(22) 0.001 0.001 0.001 0.001 0.000
5 H2OX(23) -0.000 0.001 0.001 0.001 0.002
6 CO2X(24) -0.000 -0.000 -0.000 -0.000 -0.000
7 OCX(25) 0.000 -0.000 -0.000 -0.000 -0.000
8 CX(26) 0.000 -0.000 -0.000 -0.000 -0.000
9 CH2X(27) 0.001 0.001 0.003 0.002 0.000
10 CHX(28) -0.000 0.000 -0.000 -0.000 -0.000
11 CH4X(48) -0.000 -0.000 -0.000 -0.000 -0.000
12 H2X(49) 0.000 -0.000 -0.000 -0.000 -0.000
13 COX(50) -0.000 -0.000 -0.000 -0.000 -0.000
14 CHOX(53) -0.000 -0.000 -0.000 0.000 -0.000
Finished thermo sensitivity simulation for a C/O ratio of 0.9
Starting thermo sensitivity simulation for a C/O ratio of 2.0
0 X(1) -0.002 -0.003 -0.005 -0.003 -0.000
1 HX(19) 0.001 0.001 0.002 0.001 0.000
2 OX(20) -0.000 -0.002 -0.002 -0.002 -0.002
3 CH3X(21) -0.000 -0.000 -0.000 -0.000 0.000
4 HOX(22) 0.000 0.000 0.001 0.000 0.000
5 H2OX(23) -0.000 0.001 0.001 0.001 0.002
6 CO2X(24) -0.000 -0.000 -0.000 -0.000 0.000
7 OCX(25) -0.000 -0.000 -0.000 -0.000 0.000
8 CX(26) 0.000 -0.000 -0.000 0.000 0.000
9 CH2X(27) 0.001 0.001 0.003 0.002 0.000
10 CHX(28) 0.000 -0.000 -0.000 0.000 0.000
11 CH4X(48) -0.000 -0.000 -0.000 -0.000 -0.000
12 H2X(49) -0.000 -0.000 -0.000 0.000 0.000
13 COX(50) 0.000 -0.000 -0.000 0.000 0.000
14 CHOX(53) 0.000 0.000 0.000 0.000 0.000
Finished thermo sensitivity simulation for a C/O ratio of 2.0
Starting sensitivity simulation for a C/O ratio of 0.8
0 CH4(2) + X(1) <=> CH4X(48) 0.000 -0.000 -0.000 -0.000 0.000
1 O2(3) + 2 X(1) <=> 2 OX(20) 0.054 1.041 1.095 1.038 1.484
2 H2(6) + 2 X(1) <=> 2 HX(19) -0.000 -0.000 -0.000 -0.000 -0.000
3 H(12) + X(1) <=> HX(19) -0.000 0.000 0.000 -0.000 0.000
4 HX(19) + OX(20) <=> HOX(22) + X(1) 0.000 -0.000 -0.000 0.000 0.000
5 H2O(5) + 2 X(1) <=> HOX(22) + HX(19) 0.000 -0.000 -0.000 -0.000 -0.000
6 OH(17) + X(1) <=> HOX(22) -0.000 0.000 0.000 -0.000 0.000
7 CH4(2) + 2 X(1) <=> CH3X(21) + HX(19) -0.000 -0.000 -0.000 -0.000 -0.000
8 CH4(2) + OX(20) + X(1) <=> CH3X(21) + HOX(22) 0.031 -0.114 -0.083 -0.112 -0.220
9 C2H6(8) + 2 X(1) <=> 2 CH3X(21) 0.653 -0.197 0.458 -0.161 -0.839
10 CH3(10) + X(1) <=> CH3X(21) 0.018 0.006 0.025 -0.003 -0.994
11 CH3OH(14) + 2 X(1) <=> CH3X(21) + HOX(22) 0.005 -0.010 -0.005 -0.010 -0.014
12 CH2X(27) + HX(19) <=> CH3X(21) + X(1) -0.526 -0.564 -1.093 -0.586 -0.034
13 CH2X(27) + HOX(22) <=> CH3X(21) + OX(20) -0.432 -0.464 -0.898 -0.482 -0.028
14 CHX(28) + HX(19) <=> CH2X(27) + X(1) -0.000 0.000 0.000 -0.000 0.000
15 CHX(28) + HOX(22) <=> CH2X(27) + OX(20) -0.000 0.000 0.000 -0.000 0.000
16 2 CH2X(27) <=> CH3X(21) + CHX(28) 0.000 0.000 0.000 -0.000 -0.000
17 CHX(28) + X(1) <=> CX(26) + HX(19) -0.000 0.000 0.000 -0.000 -0.000
18 CX(26) + H2(6) <=> CH2X(27) -0.000 -0.000 -0.000 -0.000 -0.000
19 CX(26) + HOX(22) <=> CHX(28) + OX(20) 0.000 0.000 0.000 -0.000 -0.000
20 CH3X(21) + CX(26) <=> CH2X(27) + CHX(28) -0.000 -0.000 -0.000 -0.000 -0.000
21 CH2X(27) + CX(26) <=> 2 CHX(28) 0.000 -0.000 -0.000 -0.000 0.000
22 CO(7) + X(1) <=> OCX(25) -0.000 -0.000 -0.000 -0.000 0.000
23 CX(26) + OX(20) <=> OCX(25) + X(1) 0.000 0.000 0.000 0.000 0.000
24 H2(6) + X(1) <=> H2X(49) 0.000 -0.000 -0.000 -0.000 -0.000
25 CH4(2) + HOX(22) + X(1) <=> CH3X(21) + H2OX(23) 0.000 -0.000 -0.000 -0.000 -0.000
26 H2O(5) + X(1) <=> H2OX(23) 0.000 -0.001 -0.000 -0.001 -0.001
27 H2OX(23) + OX(20) <=> 2 HOX(22) 0.187 -0.707 -0.518 -0.694 -1.368
28 HOX(22) + HX(19) <=> H2OX(23) + X(1) -0.000 0.000 0.000 -0.000 0.000
29 CO(7) + X(1) <=> COX(50) 0.000 0.000 0.000 -0.000 -0.000
30 CH2O(9) + 2 X(1) <=> CHOX(53) + HX(19) 0.000 0.000 0.000 -0.000 0.000
31 HCO(15) + X(1) <=> CHOX(53) -0.000 -0.000 -0.000 -0.000 -0.000
32 CH3CHO(16) + 2 X(1) <=> CH3X(21) + CHOX(53) 0.000 0.000 0.000 0.000 0.000
33 CHOX(53) + X(1) <=> HX(19) + OCX(25) -0.000 0.000 0.000 -0.000 -0.000
34 CHOX(53) + OX(20) <=> HOX(22) + OCX(25) -0.000 -0.000 -0.000 -0.000 0.000
35 CH2X(27) + CHOX(53) <=> CH3X(21) + OCX(25) 0.000 -0.000 -0.000 -0.000 0.000
36 CHOX(53) + CHX(28) <=> CH2X(27) + OCX(25) -0.000 0.000 0.000 -0.000 0.000
37 CHOX(53) + CX(26) <=> CHX(28) + OCX(25) 0.000 -0.000 -0.000 -0.000 0.000
38 CO2(4) + X(1) <=> CO2X(24) -0.000 -0.000 -0.000 -0.000 0.000
39 OCX(25) + OX(20) <=> CO2X(24) + X(1) 0.000 0.000 0.000 0.000 0.000
40 CO2X(24) + HX(19) <=> HOX(22) + OCX(25) 0.000 0.000 0.000 0.000 -0.000
Finished sensitivity simulation for a C/O ratio of 0.8
Finished translating for C/O ratio of 0.8
Starting sensitivity simulation for a C/O ratio of 0.7
0 CH4(2) + X(1) <=> CH4X(48) -0.000 0.000 0.000 0.000 0.000
1 O2(3) + 2 X(1) <=> 2 OX(20) 0.025 1.009 1.034 1.005 1.483
2 H2(6) + 2 X(1) <=> 2 HX(19) -0.000 0.000 0.000 0.000 0.000
3 H(12) + X(1) <=> HX(19) -0.000 0.000 0.000 0.000 0.000
4 HX(19) + OX(20) <=> HOX(22) + X(1) -0.000 0.000 0.000 0.000 0.000
5 H2O(5) + 2 X(1) <=> HOX(22) + HX(19) 0.000 -0.000 -0.000 -0.000 0.000
6 OH(17) + X(1) <=> HOX(22) -0.000 0.000 0.000 0.000 0.000
7 CH4(2) + 2 X(1) <=> CH3X(21) + HX(19) -0.000 0.000 0.000 -0.000 0.000
8 CH4(2) + OX(20) + X(1) <=> CH3X(21) + HOX(22) 0.032 -0.112 -0.079 -0.109 -0.219
9 C2H6(8) + 2 X(1) <=> 2 CH3X(21) 0.662 -0.184 0.479 -0.145 -0.836
10 CH3(10) + X(1) <=> CH3X(21) 0.021 0.007 0.028 -0.003 -0.995
11 CH3OH(14) + 2 X(1) <=> CH3X(21) + HOX(22) 0.005 -0.010 -0.005 -0.010 -0.014
12 CH2X(27) + HX(19) <=> CH3X(21) + X(1) -0.493 -0.530 -1.025 -0.552 -0.033
13 CH2X(27) + HOX(22) <=> CH3X(21) + OX(20) -0.461 -0.496 -0.959 -0.516 -0.031
14 CHX(28) + HX(19) <=> CH2X(27) + X(1) -0.000 0.000 0.000 0.000 0.000
15 CHX(28) + HOX(22) <=> CH2X(27) + OX(20) -0.000 0.000 0.000 0.000 0.000
16 2 CH2X(27) <=> CH3X(21) + CHX(28) -0.000 -0.000 -0.000 0.000 0.000
17 CHX(28) + X(1) <=> CX(26) + HX(19) -0.000 0.000 0.000 0.000 0.000
18 CX(26) + H2(6) <=> CH2X(27) -0.000 0.000 0.000 0.000 0.000
19 CX(26) + HOX(22) <=> CHX(28) + OX(20) -0.000 -0.000 -0.000 0.000 0.000
20 CH3X(21) + CX(26) <=> CH2X(27) + CHX(28) -0.000 -0.000 -0.000 -0.000 0.000
21 CH2X(27) + CX(26) <=> 2 CHX(28) -0.000 0.000 0.000 0.000 0.000
22 CO(7) + X(1) <=> OCX(25) -0.000 -0.000 -0.000 -0.000 0.000
23 CX(26) + OX(20) <=> OCX(25) + X(1) 0.000 0.000 0.000 0.000 0.000
24 H2(6) + X(1) <=> H2X(49) -0.000 0.000 0.000 0.000 0.000
25 CH4(2) + HOX(22) + X(1) <=> CH3X(21) + H2OX(23) 0.000 -0.000 -0.000 -0.000 0.000
26 H2O(5) + X(1) <=> H2OX(23) 0.000 -0.001 -0.000 -0.001 -0.001
27 H2OX(23) + OX(20) <=> 2 HOX(22) 0.199 -0.692 -0.492 -0.679 -1.367
28 HOX(22) + HX(19) <=> H2OX(23) + X(1) -0.000 0.000 0.000 0.000 0.000
29 CO(7) + X(1) <=> COX(50) -0.000 0.000 0.000 -0.000 0.000
30 CH2O(9) + 2 X(1) <=> CHOX(53) + HX(19) -0.000 0.000 0.000 0.000 0.000
31 HCO(15) + X(1) <=> CHOX(53) -0.000 0.000 0.000 -0.000 0.000
32 CH3CHO(16) + 2 X(1) <=> CH3X(21) + CHOX(53) -0.000 0.000 0.000 0.000 0.000
33 CHOX(53) + X(1) <=> HX(19) + OCX(25) -0.000 0.000 0.000 0.000 0.000
34 CHOX(53) + OX(20) <=> HOX(22) + OCX(25) -0.000 0.000 0.000 0.000 0.000
35 CH2X(27) + CHOX(53) <=> CH3X(21) + OCX(25) -0.000 0.000 0.000 -0.000 0.000
36 CHOX(53) + CHX(28) <=> CH2X(27) + OCX(25) -0.000 0.000 -0.000 0.000 0.000
37 CHOX(53) + CX(26) <=> CHX(28) + OCX(25) -0.000 0.000 0.000 -0.000 0.000
38 CO2(4) + X(1) <=> CO2X(24) -0.000 0.000 0.000 0.000 0.000
39 OCX(25) + OX(20) <=> CO2X(24) + X(1) 0.000 0.000 0.000 0.000 0.000
40 CO2X(24) + HX(19) <=> HOX(22) + OCX(25) 0.000 0.000 0.000 0.000 0.000
Finished sensitivity simulation for a C/O ratio of 0.7
Finished translating for C/O ratio of 0.7
Starting sensitivity simulation for a C/O ratio of 1.1
0 CH4(2) + X(1) <=> CH4X(48) 0.000 0.000 0.000 -0.000 0.002
1 O2(3) + 2 X(1) <=> 2 OX(20) 0.125 1.117 1.240 1.117 1.487
2 H2(6) + 2 X(1) <=> 2 HX(19) 0.000 0.000 0.000 -0.000 0.002
3 H(12) + X(1) <=> HX(19) 0.000 -0.000 -0.000 -0.000 0.002
4 HX(19) + OX(20) <=> HOX(22) + X(1) 0.000 0.000 0.000 0.000 0.002
5 H2O(5) + 2 X(1) <=> HOX(22) + HX(19) 0.000 -0.000 -0.000 -0.000 0.002
6 OH(17) + X(1) <=> HOX(22) 0.000 -0.000 -0.000 -0.000 0.002
7 CH4(2) + 2 X(1) <=> CH3X(21) + HX(19) 0.000 -0.000 -0.000 -0.000 0.002
8 CH4(2) + OX(20) + X(1) <=> CH3X(21) + HOX(22) 0.026 -0.119 -0.093 -0.118 -0.217
9 C2H6(8) + 2 X(1) <=> 2 CH3X(21) 0.631 -0.227 0.405 -0.196 -0.842
10 CH3(10) + X(1) <=> CH3X(21) 0.014 0.005 0.019 -0.002 -0.993
11 CH3OH(14) + 2 X(1) <=> CH3X(21) + HOX(22) 0.004 -0.011 -0.007 -0.011 -0.012
12 CH2X(27) + HX(19) <=> CH3X(21) + X(1) -0.603 -0.645 -1.252 -0.667 -0.034
13 CH2X(27) + HOX(22) <=> CH3X(21) + OX(20) -0.364 -0.389 -0.754 -0.402 -0.020
14 CHX(28) + HX(19) <=> CH2X(27) + X(1) 0.000 0.000 0.000 -0.000 0.002
15 CHX(28) + HOX(22) <=> CH2X(27) + OX(20) 0.000 0.000 0.000 -0.000 0.002
16 2 CH2X(27) <=> CH3X(21) + CHX(28) 0.000 0.000 0.000 0.000 0.002
17 CHX(28) + X(1) <=> CX(26) + HX(19) 0.000 0.000 0.000 -0.000 0.002
18 CX(26) + H2(6) <=> CH2X(27) 0.000 0.000 0.000 -0.000 0.002
19 CX(26) + HOX(22) <=> CHX(28) + OX(20) 0.000 0.000 0.000 -0.000 0.002
20 CH3X(21) + CX(26) <=> CH2X(27) + CHX(28) -0.000 -0.000 -0.000 -0.000 0.002
21 CH2X(27) + CX(26) <=> 2 CHX(28) 0.000 -0.000 0.000 -0.000 0.003
22 CO(7) + X(1) <=> OCX(25) -0.000 -0.000 -0.000 -0.000 0.003
23 CX(26) + OX(20) <=> OCX(25) + X(1) 0.000 0.000 0.000 0.000 0.002
24 H2(6) + X(1) <=> H2X(49) 0.000 -0.000 -0.000 -0.000 0.002
25 CH4(2) + HOX(22) + X(1) <=> CH3X(21) + H2OX(23) 0.000 -0.000 -0.000 -0.000 0.002
26 H2O(5) + X(1) <=> H2OX(23) 0.000 -0.001 -0.001 -0.001 0.001
27 H2OX(23) + OX(20) <=> 2 HOX(22) 0.158 -0.740 -0.581 -0.730 -1.370
28 HOX(22) + HX(19) <=> H2OX(23) + X(1) 0.000 0.000 0.000 -0.000 0.002
29 CO(7) + X(1) <=> COX(50) 0.000 0.000 0.000 0.000 0.002
30 CH2O(9) + 2 X(1) <=> CHOX(53) + HX(19) 0.000 0.000 0.000 -0.000 0.002
31 HCO(15) + X(1) <=> CHOX(53) 0.000 -0.000 -0.000 -0.000 0.002
32 CH3CHO(16) + 2 X(1) <=> CH3X(21) + CHOX(53) 0.000 0.000 0.000 -0.000 0.003
33 CHOX(53) + X(1) <=> HX(19) + OCX(25) 0.000 0.000 0.000 -0.000 0.002
34 CHOX(53) + OX(20) <=> HOX(22) + OCX(25) 0.000 -0.000 0.000 -0.000 0.002
35 CH2X(27) + CHOX(53) <=> CH3X(21) + OCX(25) 0.000 0.000 0.000 -0.000 0.002
36 CHOX(53) + CHX(28) <=> CH2X(27) + OCX(25) 0.000 0.000 0.000 -0.000 0.002
37 CHOX(53) + CX(26) <=> CHX(28) + OCX(25) 0.000 -0.000 -0.000 -0.000 0.002
38 CO2(4) + X(1) <=> CO2X(24) 0.000 -0.000 0.000 -0.000 0.002
39 OCX(25) + OX(20) <=> CO2X(24) + X(1) 0.000 0.000 0.000 0.000 0.002
40 CO2X(24) + HX(19) <=> HOX(22) + OCX(25) 0.000 0.000 0.000 0.000 0.002
Finished sensitivity simulation for a C/O ratio of 1.1
Finished translating for C/O ratio of 1.1
Starting sensitivity simulation for a C/O ratio of 2.0
0 CH4(2) + X(1) <=> CH4X(48) -0.000 0.000 0.000 0.000 0.000
1 O2(3) + 2 X(1) <=> 2 OX(20) 0.246 1.246 1.489 1.251 1.491
2 H2(6) + 2 X(1) <=> 2 HX(19) -0.000 0.000 0.000 0.000 -0.000
3 H(12) + X(1) <=> HX(19) 0.000 -0.000 -0.000 0.000 0.000
4 HX(19) + OX(20) <=> HOX(22) + X(1) -0.000 -0.000 -0.000 0.000 -0.000
5 H2O(5) + 2 X(1) <=> HOX(22) + HX(19) 0.000 -0.000 -0.000 -0.000 -0.000
6 OH(17) + X(1) <=> HOX(22) -0.000 -0.000 -0.000 -0.000 0.000
7 CH4(2) + 2 X(1) <=> CH3X(21) + HX(19) -0.000 -0.000 -0.000 -0.000 0.000
8 CH4(2) + OX(20) + X(1) <=> CH3X(21) + HOX(22) 0.017 -0.128 -0.111 -0.128 -0.220
9 C2H6(8) + 2 X(1) <=> 2 CH3X(21) 0.588 -0.279 0.311 -0.254 -0.848
10 CH3(10) + X(1) <=> CH3X(21) 0.008 0.003 0.011 -0.002 -0.991
11 CH3OH(14) + 2 X(1) <=> CH3X(21) + HOX(22) 0.003 -0.012 -0.009 -0.013 -0.015
12 CH2X(27) + HX(19) <=> CH3X(21) + X(1) -0.733 -0.783 -1.521 -0.806 -0.042
13 CH2X(27) + HOX(22) <=> CH3X(21) + OX(20) -0.245 -0.262 -0.507 -0.269 -0.014
14 CHX(28) + HX(19) <=> CH2X(27) + X(1) -0.000 -0.000 -0.000 -0.000 0.000
15 CHX(28) + HOX(22) <=> CH2X(27) + OX(20) -0.000 -0.000 -0.000 -0.000 0.000
16 2 CH2X(27) <=> CH3X(21) + CHX(28) 0.000 -0.000 0.000 0.000 0.000
17 CHX(28) + X(1) <=> CX(26) + HX(19) 0.000 -0.000 -0.000 0.000 0.000
18 CX(26) + H2(6) <=> CH2X(27) 0.000 -0.000 -0.000 0.000 -0.000
19 CX(26) + HOX(22) <=> CHX(28) + OX(20) 0.000 -0.000 -0.000 0.000 0.000
20 CH3X(21) + CX(26) <=> CH2X(27) + CHX(28) -0.000 -0.000 -0.000 -0.000 0.000
21 CH2X(27) + CX(26) <=> 2 CHX(28) 0.000 -0.000 -0.000 0.000 0.000
22 CO(7) + X(1) <=> OCX(25) -0.000 -0.000 -0.000 -0.000 0.000
23 CX(26) + OX(20) <=> OCX(25) + X(1) 0.000 0.000 0.000 0.000 -0.000
24 H2(6) + X(1) <=> H2X(49) -0.000 -0.000 -0.000 0.000 0.000
25 CH4(2) + HOX(22) + X(1) <=> CH3X(21) + H2OX(23) 0.000 -0.000 -0.000 -0.000 -0.000
26 H2O(5) + X(1) <=> H2OX(23) 0.000 -0.001 -0.001 -0.001 -0.001
27 H2OX(23) + OX(20) <=> 2 HOX(22) 0.107 -0.797 -0.690 -0.791 -1.372
28 HOX(22) + HX(19) <=> H2OX(23) + X(1) -0.000 -0.000 -0.000 0.000 0.000
29 CO(7) + X(1) <=> COX(50) 0.000 -0.000 -0.000 0.000 -0.000
30 CH2O(9) + 2 X(1) <=> CHOX(53) + HX(19) 0.000 -0.000 -0.000 0.000 0.000
31 HCO(15) + X(1) <=> CHOX(53) -0.000 -0.000 -0.000 0.000 0.000
32 CH3CHO(16) + 2 X(1) <=> CH3X(21) + CHOX(53) -0.000 -0.000 -0.000 0.000 0.000
33 CHOX(53) + X(1) <=> HX(19) + OCX(25) -0.000 -0.000 -0.000 0.000 0.000
34 CHOX(53) + OX(20) <=> HOX(22) + OCX(25) -0.000 -0.000 -0.000 0.000 0.000
35 CH2X(27) + CHOX(53) <=> CH3X(21) + OCX(25) 0.000 -0.000 -0.000 0.000 0.000
36 CHOX(53) + CHX(28) <=> CH2X(27) + OCX(25) 0.000 -0.000 -0.000 0.000 0.000
37 CHOX(53) + CX(26) <=> CHX(28) + OCX(25) -0.000 -0.000 -0.000 0.000 0.000
38 CO2(4) + X(1) <=> CO2X(24) 0.000 0.000 0.000 0.000 0.000
39 OCX(25) + OX(20) <=> CO2X(24) + X(1) 0.000 0.000 0.000 0.000 0.000
40 CO2X(24) + HX(19) <=> HOX(22) + OCX(25) 0.000 0.000 0.000 0.000 0.000
Finished sensitivity simulation for a C/O ratio of 2.0
Finished translating for C/O ratio of 2.0
Starting sensitivity simulation for a C/O ratio of 1.3
0 CH4(2) + X(1) <=> CH4X(48) 0.000 0.000 0.000 -0.000 0.000
1 O2(3) + 2 X(1) <=> 2 OX(20) 0.161 1.155 1.314 1.157 1.488
2 H2(6) + 2 X(1) <=> 2 HX(19) 0.000 0.000 0.000 -0.000 -0.000
3 H(12) + X(1) <=> HX(19) 0.000 0.000 0.000 -0.000 0.000
4 HX(19) + OX(20) <=> HOX(22) + X(1) 0.000 0.000 0.000 0.000 0.000
5 H2O(5) + 2 X(1) <=> HOX(22) + HX(19) 0.000 -0.000 -0.000 -0.000 -0.000
6 OH(17) + X(1) <=> HOX(22) 0.000 0.000 0.000 -0.000 0.000
7 CH4(2) + 2 X(1) <=> CH3X(21) + HX(19) 0.000 0.000 0.000 -0.000 0.000
8 CH4(2) + OX(20) + X(1) <=> CH3X(21) + HOX(22) 0.023 -0.122 -0.099 -0.121 -0.220
9 C2H6(8) + 2 X(1) <=> 2 CH3X(21) 0.619 -0.243 0.378 -0.214 -0.845
10 CH3(10) + X(1) <=> CH3X(21) 0.012 0.004 0.016 -0.002 -0.993
11 CH3OH(14) + 2 X(1) <=> CH3X(21) + HOX(22) 0.004 -0.011 -0.008 -0.012 -0.015
12 CH2X(27) + HX(19) <=> CH3X(21) + X(1) -0.642 -0.686 -1.332 -0.708 -0.038
13 CH2X(27) + HOX(22) <=> CH3X(21) + OX(20) -0.329 -0.351 -0.681 -0.363 -0.019
14 CHX(28) + HX(19) <=> CH2X(27) + X(1) -0.000 0.000 -0.000 -0.000 0.000
15 CHX(28) + HOX(22) <=> CH2X(27) + OX(20) 0.000 0.000 0.000 -0.000 0.000
16 2 CH2X(27) <=> CH3X(21) + CHX(28) 0.000 0.000 0.000 -0.000 -0.000
17 CHX(28) + X(1) <=> CX(26) + HX(19) 0.000 0.000 0.000 -0.000 0.000
18 CX(26) + H2(6) <=> CH2X(27) -0.000 -0.000 -0.000 -0.000 -0.000
19 CX(26) + HOX(22) <=> CHX(28) + OX(20) 0.000 0.000 0.000 -0.000 0.000
20 CH3X(21) + CX(26) <=> CH2X(27) + CHX(28) -0.000 -0.000 -0.000 -0.000 0.000
21 CH2X(27) + CX(26) <=> 2 CHX(28) -0.000 0.000 0.000 -0.000 -0.000
22 CO(7) + X(1) <=> OCX(25) -0.000 -0.000 -0.000 -0.000 0.000
23 CX(26) + OX(20) <=> OCX(25) + X(1) 0.000 0.000 0.000 0.000 -0.000
24 H2(6) + X(1) <=> H2X(49) 0.000 0.000 0.000 -0.000 0.000
25 CH4(2) + HOX(22) + X(1) <=> CH3X(21) + H2OX(23) 0.000 -0.000 -0.000 -0.000 -0.000
26 H2O(5) + X(1) <=> H2OX(23) 0.000 -0.001 -0.001 -0.001 -0.001
27 H2OX(23) + OX(20) <=> 2 HOX(22) 0.143 -0.757 -0.613 -0.749 -1.371
28 HOX(22) + HX(19) <=> H2OX(23) + X(1) 0.000 -0.000 0.000 -0.000 0.000
29 CO(7) + X(1) <=> COX(50) -0.000 0.000 0.000 -0.000 0.000
30 CH2O(9) + 2 X(1) <=> CHOX(53) + HX(19) -0.000 -0.000 -0.000 -0.000 0.000
31 HCO(15) + X(1) <=> CHOX(53) -0.000 0.000 0.000 -0.000 0.000
32 CH3CHO(16) + 2 X(1) <=> CH3X(21) + CHOX(53) -0.000 0.000 0.000 -0.000 -0.000
33 CHOX(53) + X(1) <=> HX(19) + OCX(25) 0.000 0.000 0.000 -0.000 -0.000
34 CHOX(53) + OX(20) <=> HOX(22) + OCX(25) 0.000 0.000 0.000 -0.000 0.000
35 CH2X(27) + CHOX(53) <=> CH3X(21) + OCX(25) 0.000 0.000 0.000 -0.000 -0.000
36 CHOX(53) + CHX(28) <=> CH2X(27) + OCX(25) 0.000 0.000 0.000 -0.000 -0.000
37 CHOX(53) + CX(26) <=> CHX(28) + OCX(25) 0.000 0.000 0.000 -0.000 0.000
38 CO2(4) + X(1) <=> CO2X(24) -0.000 0.000 0.000 -0.000 0.000
39 OCX(25) + OX(20) <=> CO2X(24) + X(1) 0.000 0.000 0.000 0.000 -0.000
40 CO2X(24) + HX(19) <=> HOX(22) + OCX(25) 0.000 0.000 0.000 0.000 -0.000
Finished sensitivity simulation for a C/O ratio of 1.3
Finished translating for C/O ratio of 1.3
Starting sensitivity simulation for a C/O ratio of 1.2
0 CH4(2) + X(1) <=> CH4X(48) -0.000 -0.000 -0.000 -0.000 -0.002
1 O2(3) + 2 X(1) <=> 2 OX(20) 0.144 1.137 1.279 1.138 1.486
2 H2(6) + 2 X(1) <=> 2 HX(19) -0.000 -0.000 -0.000 -0.000 -0.002
3 H(12) + X(1) <=> HX(19) -0.000 -0.000 -0.000 -0.000 -0.002
4 HX(19) + OX(20) <=> HOX(22) + X(1) -0.000 -0.000 -0.000 0.000 -0.002
5 H2O(5) + 2 X(1) <=> HOX(22) + HX(19) 0.000 -0.000 -0.000 -0.000 -0.002
6 OH(17) + X(1) <=> HOX(22) -0.000 -0.000 -0.000 -0.000 -0.002
7 CH4(2) + 2 X(1) <=> CH3X(21) + HX(19) -0.000 -0.000 -0.000 -0.000 -0.002
8 CH4(2) + OX(20) + X(1) <=> CH3X(21) + HOX(22) 0.025 -0.121 -0.096 -0.119 -0.222
9 C2H6(8) + 2 X(1) <=> 2 CH3X(21) 0.625 -0.235 0.391 -0.205 -0.846
10 CH3(10) + X(1) <=> CH3X(21) 0.013 0.005 0.017 -0.002 -0.995
11 CH3OH(14) + 2 X(1) <=> CH3X(21) + HOX(22) 0.004 -0.011 -0.007 -0.011 -0.016
12 CH2X(27) + HX(19) <=> CH3X(21) + X(1) -0.623 -0.666 -1.294 -0.689 -0.039
13 CH2X(27) + HOX(22) <=> CH3X(21) + OX(20) -0.345 -0.369 -0.716 -0.381 -0.022
14 CHX(28) + HX(19) <=> CH2X(27) + X(1) -0.000 -0.000 -0.000 -0.000 -0.002
15 CHX(28) + HOX(22) <=> CH2X(27) + OX(20) -0.000 -0.000 -0.000 -0.000 -0.002
16 2 CH2X(27) <=> CH3X(21) + CHX(28) -0.000 -0.000 -0.000 -0.000 -0.002
17 CHX(28) + X(1) <=> CX(26) + HX(19) -0.000 -0.000 -0.000 -0.000 -0.002
18 CX(26) + H2(6) <=> CH2X(27) -0.000 -0.000 -0.000 -0.000 -0.002
19 CX(26) + HOX(22) <=> CHX(28) + OX(20) -0.000 -0.000 -0.000 -0.000 -0.002
20 CH3X(21) + CX(26) <=> CH2X(27) + CHX(28) -0.000 -0.000 -0.000 -0.000 -0.002
21 CH2X(27) + CX(26) <=> 2 CHX(28) -0.000 -0.000 -0.000 -0.000 -0.002
22 CO(7) + X(1) <=> OCX(25) -0.000 -0.000 -0.000 -0.000 -0.002
23 CX(26) + OX(20) <=> OCX(25) + X(1) 0.000 0.000 0.000 0.000 -0.002
24 H2(6) + X(1) <=> H2X(49) -0.000 0.000 0.000 -0.000 -0.002
25 CH4(2) + HOX(22) + X(1) <=> CH3X(21) + H2OX(23) 0.000 -0.000 -0.000 -0.000 -0.002
26 H2O(5) + X(1) <=> H2OX(23) 0.000 -0.001 -0.001 -0.001 -0.003
27 H2OX(23) + OX(20) <=> 2 HOX(22) 0.150 -0.749 -0.597 -0.740 -1.373
28 HOX(22) + HX(19) <=> H2OX(23) + X(1) -0.000 -0.000 -0.000 -0.000 -0.002
29 CO(7) + X(1) <=> COX(50) -0.000 -0.000 -0.000 -0.000 -0.002
30 CH2O(9) + 2 X(1) <=> CHOX(53) + HX(19) -0.000 -0.000 -0.000 -0.000 -0.002
31 HCO(15) + X(1) <=> CHOX(53) -0.000 -0.000 -0.000 -0.000 -0.002
32 CH3CHO(16) + 2 X(1) <=> CH3X(21) + CHOX(53) -0.000 -0.000 -0.000 -0.000 -0.002
33 CHOX(53) + X(1) <=> HX(19) + OCX(25) -0.000 -0.000 -0.000 -0.000 -0.002
34 CHOX(53) + OX(20) <=> HOX(22) + OCX(25) -0.000 -0.000 -0.000 -0.000 -0.002
35 CH2X(27) + CHOX(53) <=> CH3X(21) + OCX(25) -0.000 -0.000 -0.000 -0.000 -0.002
36 CHOX(53) + CHX(28) <=> CH2X(27) + OCX(25) -0.000 -0.000 -0.000 -0.000 -0.002
37 CHOX(53) + CX(26) <=> CHX(28) + OCX(25) -0.000 -0.000 -0.000 -0.000 -0.002
38 CO2(4) + X(1) <=> CO2X(24) -0.000 -0.000 -0.000 -0.000 -0.002
39 OCX(25) + OX(20) <=> CO2X(24) + X(1) 0.000 0.000 0.000 0.000 -0.002
40 CO2X(24) + HX(19) <=> HOX(22) + OCX(25) 0.000 0.000 0.000 0.000 -0.002
Finished sensitivity simulation for a C/O ratio of 1.2
Finished translating for C/O ratio of 1.2
Starting sensitivity simulation for a C/O ratio of 1.4
0 CH4(2) + X(1) <=> CH4X(48) 0.000 -0.000 -0.000 -0.000 0.000
1 O2(3) + 2 X(1) <=> 2 OX(20) 0.176 1.171 1.346 1.174 1.489
2 H2(6) + 2 X(1) <=> 2 HX(19) -0.000 -0.000 -0.000 0.000 -0.000
3 H(12) + X(1) <=> HX(19) -0.000 -0.000 -0.000 -0.000 0.000
4 HX(19) + OX(20) <=> HOX(22) + X(1) -0.000 -0.000 -0.000 0.000 0.000
5 H2O(5) + 2 X(1) <=> HOX(22) + HX(19) 0.000 -0.000 -0.000 -0.000 -0.000
6 OH(17) + X(1) <=> HOX(22) 0.000 -0.000 -0.000 -0.000 0.000
7 CH4(2) + 2 X(1) <=> CH3X(21) + HX(19) -0.000 -0.000 -0.000 -0.000 -0.003
8 CH4(2) + OX(20) + X(1) <=> CH3X(21) + HOX(22) 0.022 -0.123 -0.101 -0.122 -0.220
9 C2H6(8) + 2 X(1) <=> 2 CH3X(21) 0.613 -0.249 0.366 -0.221 -0.846
10 CH3(10) + X(1) <=> CH3X(21) 0.011 0.004 0.015 -0.002 -0.993
11 CH3OH(14) + 2 X(1) <=> CH3X(21) + HOX(22) 0.004 -0.011 -0.008 -0.012 -0.015
12 CH2X(27) + HX(19) <=> CH3X(21) + X(1) -0.658 -0.703 -1.366 -0.726 -0.038
13 CH2X(27) + HOX(22) <=> CH3X(21) + OX(20) -0.314 -0.335 -0.649 -0.345 -0.018
14 CHX(28) + HX(19) <=> CH2X(27) + X(1) -0.000 -0.000 -0.000 -0.000 0.000
15 CHX(28) + HOX(22) <=> CH2X(27) + OX(20) -0.000 -0.000 -0.000 -0.000 0.000
16 2 CH2X(27) <=> CH3X(21) + CHX(28) -0.000 -0.000 -0.000 -0.000 0.000
17 CHX(28) + X(1) <=> CX(26) + HX(19) -0.000 -0.000 -0.000 -0.000 0.000
18 CX(26) + H2(6) <=> CH2X(27) -0.000 -0.000 -0.000 0.000 -0.000
19 CX(26) + HOX(22) <=> CHX(28) + OX(20) -0.000 -0.000 -0.000 -0.000 0.000
20 CH3X(21) + CX(26) <=> CH2X(27) + CHX(28) -0.000 -0.000 -0.000 -0.000 0.000
21 CH2X(27) + CX(26) <=> 2 CHX(28) -0.000 -0.000 -0.000 0.000 0.000
22 CO(7) + X(1) <=> OCX(25) -0.000 -0.000 -0.000 -0.000 0.000
23 CX(26) + OX(20) <=> OCX(25) + X(1) 0.000 0.000 0.000 0.000 0.000
24 H2(6) + X(1) <=> H2X(49) 0.000 -0.000 -0.000 -0.000 0.000
25 CH4(2) + HOX(22) + X(1) <=> CH3X(21) + H2OX(23) 0.000 -0.000 -0.000 -0.000 -0.000
26 H2O(5) + X(1) <=> H2OX(23) 0.000 -0.001 -0.001 -0.001 -0.001
27 H2OX(23) + OX(20) <=> 2 HOX(22) 0.137 -0.765 -0.627 -0.756 -1.372
28 HOX(22) + HX(19) <=> H2OX(23) + X(1) -0.000 -0.000 -0.000 0.000 0.000
29 CO(7) + X(1) <=> COX(50) -0.000 -0.000 -0.000 -0.000 0.000
30 CH2O(9) + 2 X(1) <=> CHOX(53) + HX(19) 0.000 -0.000 -0.000 -0.000 0.000
31 HCO(15) + X(1) <=> CHOX(53) -0.000 -0.000 -0.000 -0.000 0.000
32 CH3CHO(16) + 2 X(1) <=> CH3X(21) + CHOX(53) -0.000 -0.000 -0.000 -0.000 0.000
33 CHOX(53) + X(1) <=> HX(19) + OCX(25) -0.000 -0.000 -0.000 -0.000 0.000
34 CHOX(53) + OX(20) <=> HOX(22) + OCX(25) -0.000 -0.000 -0.000 0.000 0.000
35 CH2X(27) + CHOX(53) <=> CH3X(21) + OCX(25) -0.000 -0.000 -0.000 -0.000 0.000
36 CHOX(53) + CHX(28) <=> CH2X(27) + OCX(25) -0.000 -0.000 -0.000 0.000 0.000
37 CHOX(53) + CX(26) <=> CHX(28) + OCX(25) -0.000 -0.000 -0.000 -0.000 0.000
38 CO2(4) + X(1) <=> CO2X(24) -0.000 -0.000 -0.000 0.000 0.000
39 OCX(25) + OX(20) <=> CO2X(24) + X(1) 0.000 0.000 0.000 0.000 0.000
40 CO2X(24) + HX(19) <=> HOX(22) + OCX(25) 0.000 0.000 0.000 0.000 0.000
Finished sensitivity simulation for a C/O ratio of 1.4
Finished translating for C/O ratio of 1.4
Starting sensitivity simulation for a C/O ratio of 1.6
0 CH4(2) + X(1) <=> CH4X(48) 0.000 0.000 0.000 0.000 -0.000
1 O2(3) + 2 X(1) <=> 2 OX(20) 0.203 1.200 1.401 1.204 1.490
2 H2(6) + 2 X(1) <=> 2 HX(19) 0.000 -0.000 -0.000 0.000 -0.000
3 H(12) + X(1) <=> HX(19) -0.000 0.000 0.000 0.000 0.000
4 HX(19) + OX(20) <=> HOX(22) + X(1) -0.000 0.000 0.000 0.000 0.000
5 H2O(5) + 2 X(1) <=> HOX(22) + HX(19) 0.000 -0.000 -0.000 -0.000 -0.000
6 OH(17) + X(1) <=> HOX(22) -0.000 0.000 0.000 -0.000 0.000
7 CH4(2) + 2 X(1) <=> CH3X(21) + HX(19) 0.000 0.000 0.000 -0.000 0.000
8 CH4(2) + OX(20) + X(1) <=> CH3X(21) + HOX(22) 0.020 -0.125 -0.105 -0.124 -0.220
9 C2H6(8) + 2 X(1) <=> 2 CH3X(21) 0.604 -0.261 0.345 -0.234 -0.847
10 CH3(10) + X(1) <=> CH3X(21) 0.010 0.004 0.014 -0.002 -0.992
11 CH3OH(14) + 2 X(1) <=> CH3X(21) + HOX(22) 0.003 -0.012 -0.008 -0.012 -0.015
12 CH2X(27) + HX(19) <=> CH3X(21) + X(1) -0.688 -0.734 -1.426 -0.757 -0.040
13 CH2X(27) + HOX(22) <=> CH3X(21) + OX(20) -0.287 -0.306 -0.594 -0.316 -0.017
14 CHX(28) + HX(19) <=> CH2X(27) + X(1) -0.000 -0.000 -0.000 -0.000 0.000
15 CHX(28) + HOX(22) <=> CH2X(27) + OX(20) -0.000 0.000 0.000 -0.000 0.000
16 2 CH2X(27) <=> CH3X(21) + CHX(28) 0.000 0.000 0.000 0.000 0.000
17 CHX(28) + X(1) <=> CX(26) + HX(19) 0.000 0.000 0.000 0.000 -0.000
18 CX(26) + H2(6) <=> CH2X(27) 0.000 0.000 0.000 0.000 -0.000
19 CX(26) + HOX(22) <=> CHX(28) + OX(20) 0.000 0.000 0.000 0.000 -0.000
20 CH3X(21) + CX(26) <=> CH2X(27) + CHX(28) -0.000 -0.000 -0.000 -0.000 0.000
21 CH2X(27) + CX(26) <=> 2 CHX(28) 0.000 0.000 0.000 0.000 0.000
22 CO(7) + X(1) <=> OCX(25) -0.000 -0.000 -0.000 -0.000 0.000
23 CX(26) + OX(20) <=> OCX(25) + X(1) 0.000 0.000 0.000 0.000 0.000
24 H2(6) + X(1) <=> H2X(49) -0.000 0.000 0.000 0.000 -0.000
25 CH4(2) + HOX(22) + X(1) <=> CH3X(21) + H2OX(23) 0.000 -0.000 -0.000 -0.000 -0.000
26 H2O(5) + X(1) <=> H2OX(23) 0.000 -0.001 -0.001 -0.001 -0.001
27 H2OX(23) + OX(20) <=> 2 HOX(22) 0.125 -0.777 -0.651 -0.770 -1.372
28 HOX(22) + HX(19) <=> H2OX(23) + X(1) 0.000 -0.000 -0.000 0.000 0.000
29 CO(7) + X(1) <=> COX(50) 0.000 0.000 0.000 0.000 0.000
30 CH2O(9) + 2 X(1) <=> CHOX(53) + HX(19) 0.000 0.000 0.000 0.000 0.000
31 HCO(15) + X(1) <=> CHOX(53) 0.000 0.000 0.000 0.000 0.000
32 CH3CHO(16) + 2 X(1) <=> CH3X(21) + CHOX(53) 0.000 0.000 0.000 0.000 0.000
33 CHOX(53) + X(1) <=> HX(19) + OCX(25) 0.000 0.000 0.000 0.000 0.000
34 CHOX(53) + OX(20) <=> HOX(22) + OCX(25) 0.000 0.000 0.000 0.000 0.000
35 CH2X(27) + CHOX(53) <=> CH3X(21) + OCX(25) 0.000 0.000 0.000 0.000 0.000
36 CHOX(53) + CHX(28) <=> CH2X(27) + OCX(25) 0.000 0.000 0.000 0.000 0.000
37 CHOX(53) + CX(26) <=> CHX(28) + OCX(25) 0.000 0.000 0.000 0.000 -0.000
38 CO2(4) + X(1) <=> CO2X(24) 0.000 0.000 0.000 0.000 0.000
39 OCX(25) + OX(20) <=> CO2X(24) + X(1) 0.000 0.000 0.000 0.000 0.000
40 CO2X(24) + HX(19) <=> HOX(22) + OCX(25) 0.000 0.000 0.000 0.000 -0.000
Finished sensitivity simulation for a C/O ratio of 1.6
Finished translating for C/O ratio of 1.6
Starting sensitivity simulation for a C/O ratio of 2.6
0 CH4(2) + X(1) <=> CH4X(48) -0.000 -0.000 -0.000 -0.000 -0.000
1 O2(3) + 2 X(1) <=> 2 OX(20) 0.291 1.294 1.581 1.301 1.492
2 H2(6) + 2 X(1) <=> 2 HX(19) -0.000 0.000 0.000 -0.000 -0.000
3 H(12) + X(1) <=> HX(19) 0.000 -0.000 -0.000 -0.000 -0.000
4 HX(19) + OX(20) <=> HOX(22) + X(1) -0.000 -0.000 -0.000 0.000 -0.000
5 H2O(5) + 2 X(1) <=> HOX(22) + HX(19) 0.000 -0.000 -0.000 -0.000 -0.000
6 OH(17) + X(1) <=> HOX(22) 0.000 -0.000 -0.000 -0.000 -0.000
7 CH4(2) + 2 X(1) <=> CH3X(21) + HX(19) -0.000 -0.000 -0.000 -0.000 -0.000
8 CH4(2) + OX(20) + X(1) <=> CH3X(21) + HOX(22) 0.014 -0.132 -0.118 -0.131 -0.220
9 C2H6(8) + 2 X(1) <=> 2 CH3X(21) 0.571 -0.297 0.275 -0.275 -0.850
10 CH3(10) + X(1) <=> CH3X(21) 0.007 0.003 0.009 -0.002 -0.988
11 CH3OH(14) + 2 X(1) <=> CH3X(21) + HOX(22) 0.002 -0.013 -0.010 -0.013 -0.015
12 CH2X(27) + HX(19) <=> CH3X(21) + X(1) -0.780 -0.835 -1.621 -0.859 -0.045
13 CH2X(27) + HOX(22) <=> CH3X(21) + OX(20) -0.201 -0.215 -0.416 -0.221 -0.012
14 CHX(28) + HX(19) <=> CH2X(27) + X(1) -0.000 -0.000 -0.000 -0.000 -0.000
15 CHX(28) + HOX(22) <=> CH2X(27) + OX(20) -0.000 -0.000 -0.000 -0.000 -0.000
16 2 CH2X(27) <=> CH3X(21) + CHX(28) 0.000 -0.000 -0.000 -0.000 -0.000
17 CHX(28) + X(1) <=> CX(26) + HX(19) -0.000 -0.000 -0.000 -0.000 -0.000
18 CX(26) + H2(6) <=> CH2X(27) 0.000 -0.000 -0.000 -0.000 -0.000
19 CX(26) + HOX(22) <=> CHX(28) + OX(20) 0.000 -0.000 -0.000 -0.000 -0.000
20 CH3X(21) + CX(26) <=> CH2X(27) + CHX(28) -0.000 -0.000 -0.000 -0.000 -0.000
21 CH2X(27) + CX(26) <=> 2 CHX(28) -0.000 -0.000 -0.000 -0.000 -0.000
22 CO(7) + X(1) <=> OCX(25) -0.000 -0.000 -0.000 -0.000 -0.000
23 CX(26) + OX(20) <=> OCX(25) + X(1) 0.000 0.000 0.000 0.000 -0.000
24 H2(6) + X(1) <=> H2X(49) -0.000 -0.000 -0.000 -0.000 -0.000
25 CH4(2) + HOX(22) + X(1) <=> CH3X(21) + H2OX(23) 0.000 -0.000 -0.000 -0.000 -0.000
26 H2O(5) + X(1) <=> H2OX(23) 0.000 -0.001 -0.001 -0.001 -0.001
27 H2OX(23) + OX(20) <=> 2 HOX(22) 0.087 -0.819 -0.731 -0.813 -1.372
28 HOX(22) + HX(19) <=> H2OX(23) + X(1) -0.000 -0.000 -0.000 -0.000 -0.000
29 CO(7) + X(1) <=> COX(50) 0.000 -0.000 -0.000 -0.000 -0.000
30 CH2O(9) + 2 X(1) <=> CHOX(53) + HX(19) 0.000 -0.000 -0.000 -0.000 -0.000
31 HCO(15) + X(1) <=> CHOX(53) 0.000 -0.000 -0.000 -0.000 -0.000
32 CH3CHO(16) + 2 X(1) <=> CH3X(21) + CHOX(53) 0.000 -0.000 -0.000 -0.000 -0.000
33 CHOX(53) + X(1) <=> HX(19) + OCX(25) 0.000 -0.000 -0.000 -0.000 -0.000
34 CHOX(53) + OX(20) <=> HOX(22) + OCX(25) 0.000 -0.000 -0.000 -0.000 -0.000
35 CH2X(27) + CHOX(53) <=> CH3X(21) + OCX(25) 0.000 -0.000 -0.000 -0.000 -0.000
36 CHOX(53) + CHX(28) <=> CH2X(27) + OCX(25) 0.000 -0.000 -0.000 -0.000 -0.000
37 CHOX(53) + CX(26) <=> CHX(28) + OCX(25) 0.000 -0.000 -0.000 -0.000 -0.000
38 CO2(4) + X(1) <=> CO2X(24) -0.000 -0.000 -0.000 -0.000 -0.000
39 OCX(25) + OX(20) <=> CO2X(24) + X(1) 0.000 0.000 0.000 0.000 -0.000
40 CO2X(24) + HX(19) <=> HOX(22) + OCX(25) 0.000 0.000 0.000 0.000 -0.000
Finished sensitivity simulation for a C/O ratio of 2.6
Finished translating for C/O ratio of 2.6
Starting sensitivity simulation for a C/O ratio of 1.8
0 CH4(2) + X(1) <=> CH4X(48) -0.000 0.000 0.000 0.000 0.000
1 O2(3) + 2 X(1) <=> 2 OX(20) 0.226 1.225 1.448 1.229 1.491
2 H2(6) + 2 X(1) <=> 2 HX(19) -0.000 0.000 0.000 0.000 -0.000
3 H(12) + X(1) <=> HX(19) 0.000 0.000 0.000 0.000 0.000
4 HX(19) + OX(20) <=> HOX(22) + X(1) -0.000 0.000 0.000 0.000 0.000
5 H2O(5) + 2 X(1) <=> HOX(22) + HX(19) 0.000 -0.000 -0.000 -0.000 -0.000
6 OH(17) + X(1) <=> HOX(22) -0.000 0.000 0.000 -0.000 0.000
7 CH4(2) + 2 X(1) <=> CH3X(21) + HX(19) -0.000 0.000 0.000 -0.000 0.000
8 CH4(2) + OX(20) + X(1) <=> CH3X(21) + HOX(22) 0.019 -0.127 -0.108 -0.126 -0.220
9 C2H6(8) + 2 X(1) <=> 2 CH3X(21) 0.595 -0.270 0.326 -0.245 -0.848
10 CH3(10) + X(1) <=> CH3X(21) 0.009 0.004 0.012 -0.002 -0.991
11 CH3OH(14) + 2 X(1) <=> CH3X(21) + HOX(22) 0.003 -0.012 -0.009 -0.012 -0.015
12 CH2X(27) + HX(19) <=> CH3X(21) + X(1) -0.712 -0.760 -1.477 -0.783 -0.041
13 CH2X(27) + HOX(22) <=> CH3X(21) + OX(20) -0.264 -0.282 -0.547 -0.291 -0.015
14 CHX(28) + HX(19) <=> CH2X(27) + X(1) -0.000 0.000 -0.000 -0.000 0.000
15 CHX(28) + HOX(22) <=> CH2X(27) + OX(20) -0.000 0.000 0.000 -0.000 0.000
16 2 CH2X(27) <=> CH3X(21) + CHX(28) 0.000 0.000 0.000 0.000 0.000
17 CHX(28) + X(1) <=> CX(26) + HX(19) 0.000 0.000 0.000 -0.000 0.000
18 CX(26) + H2(6) <=> CH2X(27) -0.000 0.000 0.000 0.000 -0.000
19 CX(26) + HOX(22) <=> CHX(28) + OX(20) -0.000 0.000 0.000 0.000 0.000
20 CH3X(21) + CX(26) <=> CH2X(27) + CHX(28) -0.000 -0.000 -0.000 -0.000 0.000
21 CH2X(27) + CX(26) <=> 2 CHX(28) -0.000 0.000 -0.000 0.000 0.000
22 CO(7) + X(1) <=> OCX(25) -0.000 -0.000 -0.000 -0.000 0.000
23 CX(26) + OX(20) <=> OCX(25) + X(1) 0.000 0.000 0.000 0.000 0.000
24 H2(6) + X(1) <=> H2X(49) -0.000 0.000 0.000 0.000 0.000
25 CH4(2) + HOX(22) + X(1) <=> CH3X(21) + H2OX(23) 0.000 -0.000 -0.000 -0.000 -0.000
26 H2O(5) + X(1) <=> H2OX(23) 0.000 -0.001 -0.001 -0.001 -0.001
27 H2OX(23) + OX(20) <=> 2 HOX(22) 0.115 -0.788 -0.672 -0.781 -1.372
28 HOX(22) + HX(19) <=> H2OX(23) + X(1) 0.000 0.000 0.000 0.000 0.000
29 CO(7) + X(1) <=> COX(50) 0.000 0.000 0.000 0.000 0.000
30 CH2O(9) + 2 X(1) <=> CHOX(53) + HX(19) -0.000 0.000 0.000 0.000 0.000
31 HCO(15) + X(1) <=> CHOX(53) -0.000 -0.000 -0.000 0.000 -0.000
32 CH3CHO(16) + 2 X(1) <=> CH3X(21) + CHOX(53) -0.000 -0.000 -0.000 0.000 0.000
33 CHOX(53) + X(1) <=> HX(19) + OCX(25) 0.000 0.000 0.000 -0.000 0.000
34 CHOX(53) + OX(20) <=> HOX(22) + OCX(25) 0.000 0.000 0.000 0.000 0.000
35 CH2X(27) + CHOX(53) <=> CH3X(21) + OCX(25) 0.000 0.000 0.000 0.000 -0.000
36 CHOX(53) + CHX(28) <=> CH2X(27) + OCX(25) 0.000 0.000 0.000 -0.000 0.000
37 CHOX(53) + CX(26) <=> CHX(28) + OCX(25) 0.000 0.000 0.000 0.000 0.000
38 CO2(4) + X(1) <=> CO2X(24) -0.000 0.000 0.000 0.000 0.000
39 OCX(25) + OX(20) <=> CO2X(24) + X(1) 0.000 0.000 0.000 0.000 -0.000
40 CO2X(24) + HX(19) <=> HOX(22) + OCX(25) 0.000 0.000 0.000 0.000 -0.000
Finished sensitivity simulation for a C/O ratio of 1.8
Finished translating for C/O ratio of 1.8
Starting sensitivity simulation for a C/O ratio of 1.0
0 CH4(2) + X(1) <=> CH4X(48) 0.000 0.000 0.000 0.000 0.000
1 O2(3) + 2 X(1) <=> 2 OX(20) 0.104 1.094 1.197 1.094 1.486
2 H2(6) + 2 X(1) <=> 2 HX(19) 0.000 0.000 0.000 0.000 -0.000
3 H(12) + X(1) <=> HX(19) 0.000 0.000 0.000 0.000 0.000
4 HX(19) + OX(20) <=> HOX(22) + X(1) 0.000 0.000 0.000 0.000 0.000
5 H2O(5) + 2 X(1) <=> HOX(22) + HX(19) 0.000 -0.000 -0.000 -0.000 0.000
6 OH(17) + X(1) <=> HOX(22) 0.000 0.000 0.000 -0.000 -0.000
7 CH4(2) + 2 X(1) <=> CH3X(21) + HX(19) 0.000 0.000 0.000 -0.000 0.000
8 CH4(2) + OX(20) + X(1) <=> CH3X(21) + HOX(22) 0.027 -0.118 -0.090 -0.116 -0.220
9 C2H6(8) + 2 X(1) <=> 2 CH3X(21) 0.638 -0.218 0.421 -0.186 -0.842
10 CH3(10) + X(1) <=> CH3X(21) 0.015 0.005 0.020 -0.003 -0.994
11 CH3OH(14) + 2 X(1) <=> CH3X(21) + HOX(22) 0.004 -0.011 -0.006 -0.011 -0.015
12 CH2X(27) + HX(19) <=> CH3X(21) + X(1) -0.580 -0.621 -1.205 -0.643 -0.036
13 CH2X(27) + HOX(22) <=> CH3X(21) + OX(20) -0.384 -0.411 -0.797 -0.426 -0.024
14 CHX(28) + HX(19) <=> CH2X(27) + X(1) -0.000 0.000 0.000 -0.000 0.000
15 CHX(28) + HOX(22) <=> CH2X(27) + OX(20) 0.000 0.000 0.000 -0.000 0.000
16 2 CH2X(27) <=> CH3X(21) + CHX(28) 0.000 0.000 0.000 0.000 0.000
17 CHX(28) + X(1) <=> CX(26) + HX(19) 0.000 0.000 0.000 0.000 0.000
18 CX(26) + H2(6) <=> CH2X(27) 0.000 0.000 0.000 0.000 0.000
19 CX(26) + HOX(22) <=> CHX(28) + OX(20) 0.000 0.000 0.000 0.000 0.000
20 CH3X(21) + CX(26) <=> CH2X(27) + CHX(28) -0.000 0.000 0.000 -0.000 0.000
21 CH2X(27) + CX(26) <=> 2 CHX(28) 0.000 0.000 0.000 0.000 0.000
22 CO(7) + X(1) <=> OCX(25) -0.000 -0.000 -0.000 -0.000 0.000
23 CX(26) + OX(20) <=> OCX(25) + X(1) 0.000 0.000 0.000 0.000 0.000
24 H2(6) + X(1) <=> H2X(49) 0.000 0.000 0.000 0.000 0.000
25 CH4(2) + HOX(22) + X(1) <=> CH3X(21) + H2OX(23) 0.000 -0.000 -0.000 -0.000 -0.000
26 H2O(5) + X(1) <=> H2OX(23) 0.000 -0.001 -0.001 -0.001 -0.001
27 H2OX(23) + OX(20) <=> 2 HOX(22) 0.167 -0.730 -0.562 -0.720 -1.370
28 HOX(22) + HX(19) <=> H2OX(23) + X(1) 0.000 0.000 0.000 0.000 0.000
29 CO(7) + X(1) <=> COX(50) 0.000 0.000 0.000 0.000 0.000
30 CH2O(9) + 2 X(1) <=> CHOX(53) + HX(19) 0.000 0.000 0.000 0.000 0.000
31 HCO(15) + X(1) <=> CHOX(53) 0.000 0.000 0.000 0.000 0.000
32 CH3CHO(16) + 2 X(1) <=> CH3X(21) + CHOX(53) 0.000 0.000 0.000 0.000 0.000
33 CHOX(53) + X(1) <=> HX(19) + OCX(25) 0.000 0.000 0.000 0.000 0.000
34 CHOX(53) + OX(20) <=> HOX(22) + OCX(25) 0.000 0.000 0.000 0.000 0.000
35 CH2X(27) + CHOX(53) <=> CH3X(21) + OCX(25) 0.000 0.000 0.000 0.000 0.000
36 CHOX(53) + CHX(28) <=> CH2X(27) + OCX(25) 0.000 0.000 0.000 0.000 0.000
37 CHOX(53) + CX(26) <=> CHX(28) + OCX(25) 0.000 0.000 0.000 0.000 0.000
38 CO2(4) + X(1) <=> CO2X(24) -0.000 0.000 0.000 0.000 0.000
39 OCX(25) + OX(20) <=> CO2X(24) + X(1) 0.000 0.000 0.000 0.000 0.000
40 CO2X(24) + HX(19) <=> HOX(22) + OCX(25) 0.000 0.000 0.000 0.000 0.000
Finished sensitivity simulation for a C/O ratio of 1.0
Finished translating for C/O ratio of 1.0
Starting sensitivity simulation for a C/O ratio of 2.4
0 CH4(2) + X(1) <=> CH4X(48) -0.000 -0.000 -0.000 0.000 -0.001
1 O2(3) + 2 X(1) <=> 2 OX(20) 0.278 1.280 1.554 1.286 1.491
2 H2(6) + 2 X(1) <=> 2 HX(19) -0.000 -0.000 -0.000 0.000 -0.001
3 H(12) + X(1) <=> HX(19) -0.000 -0.000 -0.000 0.000 -0.001
4 HX(19) + OX(20) <=> HOX(22) + X(1) -0.000 0.000 -0.000 0.000 -0.001
5 H2O(5) + 2 X(1) <=> HOX(22) + HX(19) 0.000 -0.000 -0.000 -0.000 -0.001
6 OH(17) + X(1) <=> HOX(22) -0.000 -0.000 -0.000 0.000 -0.001
7 CH4(2) + 2 X(1) <=> CH3X(21) + HX(19) -0.000 -0.000 -0.000 -0.000 -0.001
8 CH4(2) + OX(20) + X(1) <=> CH3X(21) + HOX(22) 0.015 -0.131 -0.116 -0.130 -0.221
9 C2H6(8) + 2 X(1) <=> 2 CH3X(21) 0.576 -0.292 0.286 -0.269 -0.850
10 CH3(10) + X(1) <=> CH3X(21) 0.007 0.003 0.010 -0.002 -0.990
11 CH3OH(14) + 2 X(1) <=> CH3X(21) + HOX(22) 0.003 -0.012 -0.010 -0.013 -0.016
12 CH2X(27) + HX(19) <=> CH3X(21) + X(1) -0.767 -0.819 -1.592 -0.843 -0.045
13 CH2X(27) + HOX(22) <=> CH3X(21) + OX(20) -0.214 -0.228 -0.443 -0.235 -0.013
14 CHX(28) + HX(19) <=> CH2X(27) + X(1) -0.000 -0.000 -0.000 -0.000 -0.001
15 CHX(28) + HOX(22) <=> CH2X(27) + OX(20) -0.000 -0.000 -0.000 -0.000 -0.001
16 2 CH2X(27) <=> CH3X(21) + CHX(28) -0.000 -0.000 -0.000 0.000 -0.001
17 CHX(28) + X(1) <=> CX(26) + HX(19) -0.000 -0.000 -0.000 0.000 -0.001
18 CX(26) + H2(6) <=> CH2X(27) -0.000 -0.000 -0.000 0.000 -0.001
19 CX(26) + HOX(22) <=> CHX(28) + OX(20) -0.000 -0.000 -0.000 0.000 -0.001
20 CH3X(21) + CX(26) <=> CH2X(27) + CHX(28) -0.000 -0.000 -0.000 -0.000 -0.001
21 CH2X(27) + CX(26) <=> 2 CHX(28) -0.000 0.000 -0.000 0.000 -0.001
22 CO(7) + X(1) <=> OCX(25) -0.000 -0.000 -0.000 -0.000 -0.001
23 CX(26) + OX(20) <=> OCX(25) + X(1) 0.000 0.000 0.000 0.000 -0.001
24 H2(6) + X(1) <=> H2X(49) -0.000 -0.000 -0.000 0.000 -0.001
25 CH4(2) + HOX(22) + X(1) <=> CH3X(21) + H2OX(23) 0.000 -0.000 -0.000 -0.000 -0.001
26 H2O(5) + X(1) <=> H2OX(23) 0.000 -0.001 -0.001 -0.001 -0.002
27 H2OX(23) + OX(20) <=> 2 HOX(22) 0.093 -0.812 -0.719 -0.807 -1.373
28 HOX(22) + HX(19) <=> H2OX(23) + X(1) -0.000 -0.000 -0.000 0.000 -0.001
29 CO(7) + X(1) <=> COX(50) -0.000 -0.000 -0.000 0.000 -0.001
30 CH2O(9) + 2 X(1) <=> CHOX(53) + HX(19) -0.000 -0.000 -0.000 0.000 -0.001
31 HCO(15) + X(1) <=> CHOX(53) -0.000 -0.000 -0.000 0.000 -0.001
32 CH3CHO(16) + 2 X(1) <=> CH3X(21) + CHOX(53) -0.000 -0.000 -0.000 0.000 -0.001
33 CHOX(53) + X(1) <=> HX(19) + OCX(25) -0.000 -0.000 -0.000 0.000 -0.001
34 CHOX(53) + OX(20) <=> HOX(22) + OCX(25) -0.000 -0.000 -0.000 -0.000 -0.001
35 CH2X(27) + CHOX(53) <=> CH3X(21) + OCX(25) -0.000 -0.000 -0.000 0.000 -0.001
36 CHOX(53) + CHX(28) <=> CH2X(27) + OCX(25) -0.000 -0.000 -0.000 0.000 -0.001
37 CHOX(53) + CX(26) <=> CHX(28) + OCX(25) -0.000 -0.000 -0.000 0.000 -0.001
38 CO2(4) + X(1) <=> CO2X(24) -0.000 0.000 0.000 0.000 -0.001
39 OCX(25) + OX(20) <=> CO2X(24) + X(1) 0.000 0.000 0.000 0.000 -0.001
40 CO2X(24) + HX(19) <=> HOX(22) + OCX(25) 0.000 0.000 0.000 0.000 -0.001
Finished sensitivity simulation for a C/O ratio of 2.4
Finished translating for C/O ratio of 2.4
Starting sensitivity simulation for a C/O ratio of 0.9
0 CH4(2) + X(1) <=> CH4X(48) -0.000 -0.000 -0.000 0.000 -0.000
1 O2(3) + 2 X(1) <=> 2 OX(20) 0.081 1.069 1.149 1.068 1.485
2 H2(6) + 2 X(1) <=> 2 HX(19) -0.000 -0.000 -0.000 -0.000 -0.000
3 H(12) + X(1) <=> HX(19) 0.000 -0.000 -0.000 -0.000 -0.000
4 HX(19) + OX(20) <=> HOX(22) + X(1) 0.000 0.000 0.000 0.000 -0.000
5 H2O(5) + 2 X(1) <=> HOX(22) + HX(19) 0.000 -0.000 -0.000 -0.000 -0.000
6 OH(17) + X(1) <=> HOX(22) 0.000 -0.000 -0.000 -0.000 -0.000
7 CH4(2) + 2 X(1) <=> CH3X(21) + HX(19) -0.000 0.000 0.000 -0.000 -0.000
8 CH4(2) + OX(20) + X(1) <=> CH3X(21) + HOX(22) 0.029 -0.116 -0.087 -0.114 -0.220
9 C2H6(8) + 2 X(1) <=> 2 CH3X(21) 0.645 -0.208 0.439 -0.174 -0.840
10 CH3(10) + X(1) <=> CH3X(21) 0.016 0.006 0.022 -0.003 -0.995
11 CH3OH(14) + 2 X(1) <=> CH3X(21) + HOX(22) 0.005 -0.011 -0.006 -0.011 -0.014
12 CH2X(27) + HX(19) <=> CH3X(21) + X(1) -0.554 -0.594 -1.152 -0.616 -0.035
13 CH2X(27) + HOX(22) <=> CH3X(21) + OX(20) -0.407 -0.436 -0.845 -0.452 -0.026
14 CHX(28) + HX(19) <=> CH2X(27) + X(1) -0.000 -0.000 -0.000 -0.000 0.000
15 CHX(28) + HOX(22) <=> CH2X(27) + OX(20) -0.000 -0.000 -0.000 -0.000 -0.000
16 2 CH2X(27) <=> CH3X(21) + CHX(28) -0.000 -0.000 -0.000 -0.000 -0.000
17 CHX(28) + X(1) <=> CX(26) + HX(19) -0.000 -0.000 -0.000 -0.000 -0.000
18 CX(26) + H2(6) <=> CH2X(27) -0.000 -0.000 -0.000 0.000 -0.000
19 CX(26) + HOX(22) <=> CHX(28) + OX(20) -0.000 0.000 0.000 0.000 -0.000
20 CH3X(21) + CX(26) <=> CH2X(27) + CHX(28) -0.000 -0.000 -0.000 -0.000 -0.000
21 CH2X(27) + CX(26) <=> 2 CHX(28) 0.000 -0.000 -0.000 -0.000 0.000
22 CO(7) + X(1) <=> OCX(25) -0.000 -0.000 -0.000 -0.000 -0.000
23 CX(26) + OX(20) <=> OCX(25) + X(1) 0.000 0.000 0.000 0.000 -0.000
24 H2(6) + X(1) <=> H2X(49) 0.000 -0.000 -0.000 0.000 -0.000
25 CH4(2) + HOX(22) + X(1) <=> CH3X(21) + H2OX(23) 0.000 -0.000 -0.000 -0.000 -0.000
26 H2O(5) + X(1) <=> H2OX(23) 0.000 -0.001 -0.000 -0.001 -0.002
27 H2OX(23) + OX(20) <=> 2 HOX(22) 0.177 -0.719 -0.541 -0.708 -1.369
28 HOX(22) + HX(19) <=> H2OX(23) + X(1) -0.000 0.000 0.000 0.000 -0.000
29 CO(7) + X(1) <=> COX(50) -0.000 -0.000 -0.000 0.000 -0.000
30 CH2O(9) + 2 X(1) <=> CHOX(53) + HX(19) -0.000 -0.000 -0.000 -0.000 -0.000
31 HCO(15) + X(1) <=> CHOX(53) -0.000 -0.000 -0.000 -0.000 -0.000
32 CH3CHO(16) + 2 X(1) <=> CH3X(21) + CHOX(53) -0.000 -0.000 -0.000 -0.000 -0.000
33 CHOX(53) + X(1) <=> HX(19) + OCX(25) 0.000 -0.000 -0.000 0.000 -0.000
34 CHOX(53) + OX(20) <=> HOX(22) + OCX(25) -0.000 -0.000 -0.000 -0.000 -0.000
35 CH2X(27) + CHOX(53) <=> CH3X(21) + OCX(25) -0.000 -0.000 -0.000 -0.000 -0.000
36 CHOX(53) + CHX(28) <=> CH2X(27) + OCX(25) -0.000 -0.000 -0.000 -0.000 -0.000
37 CHOX(53) + CX(26) <=> CHX(28) + OCX(25) -0.000 -0.000 -0.000 0.000 0.000
38 CO2(4) + X(1) <=> CO2X(24) -0.000 0.000 0.000 -0.000 -0.000
39 OCX(25) + OX(20) <=> CO2X(24) + X(1) 0.000 0.000 0.000 0.000 -0.000
40 CO2X(24) + HX(19) <=> HOX(22) + OCX(25) 0.000 0.000 0.000 0.000 -0.000
Finished sensitivity simulation for a C/O ratio of 0.9
Finished translating for C/O ratio of 0.9
Starting sensitivity simulation for a C/O ratio of 2.2
0 CH4(2) + X(1) <=> CH4X(48) -0.000 0.000 0.000 0.000 -0.000
1 O2(3) + 2 X(1) <=> 2 OX(20) 0.263 1.264 1.524 1.270 1.491
2 H2(6) + 2 X(1) <=> 2 HX(19) -0.000 -0.000 -0.000 0.000 -0.001
3 H(12) + X(1) <=> HX(19) -0.000 0.000 0.000 0.000 -0.000
4 HX(19) + OX(20) <=> HOX(22) + X(1) -0.000 0.000 0.000 0.000 -0.000
5 H2O(5) + 2 X(1) <=> HOX(22) + HX(19) 0.000 -0.000 -0.000 -0.000 -0.000
6 OH(17) + X(1) <=> HOX(22) -0.000 0.000 0.000 -0.000 -0.000
7 CH4(2) + 2 X(1) <=> CH3X(21) + HX(19) -0.000 0.000 0.000 -0.000 -0.000
8 CH4(2) + OX(20) + X(1) <=> CH3X(21) + HOX(22) 0.016 -0.130 -0.114 -0.129 -0.221
9 C2H6(8) + 2 X(1) <=> 2 CH3X(21) 0.582 -0.286 0.297 -0.262 -0.849
10 CH3(10) + X(1) <=> CH3X(21) 0.008 0.003 0.011 -0.002 -0.990
11 CH3OH(14) + 2 X(1) <=> CH3X(21) + HOX(22) 0.003 -0.012 -0.010 -0.013 -0.015
12 CH2X(27) + HX(19) <=> CH3X(21) + X(1) -0.751 -0.802 -1.559 -0.826 -0.043
13 CH2X(27) + HOX(22) <=> CH3X(21) + OX(20) -0.228 -0.244 -0.473 -0.251 -0.013
14 CHX(28) + HX(19) <=> CH2X(27) + X(1) -0.000 -0.000 -0.000 -0.000 -0.000
15 CHX(28) + HOX(22) <=> CH2X(27) + OX(20) -0.000 0.000 0.000 -0.000 -0.000
16 2 CH2X(27) <=> CH3X(21) + CHX(28) -0.000 -0.000 -0.000 0.000 -0.000
17 CHX(28) + X(1) <=> CX(26) + HX(19) -0.000 0.000 0.000 0.000 -0.000
18 CX(26) + H2(6) <=> CH2X(27) -0.000 0.000 0.000 0.000 -0.000
19 CX(26) + HOX(22) <=> CHX(28) + OX(20) -0.000 0.000 0.000 0.000 -0.000
20 CH3X(21) + CX(26) <=> CH2X(27) + CHX(28) -0.000 -0.000 -0.000 -0.000 -0.000
21 CH2X(27) + CX(26) <=> 2 CHX(28) -0.000 0.000 0.000 0.000 -0.000
22 CO(7) + X(1) <=> OCX(25) -0.000 -0.000 -0.000 -0.000 -0.000
23 CX(26) + OX(20) <=> OCX(25) + X(1) 0.000 0.000 0.000 0.000 -0.000
24 H2(6) + X(1) <=> H2X(49) -0.000 0.000 0.000 0.000 -0.000
25 CH4(2) + HOX(22) + X(1) <=> CH3X(21) + H2OX(23) 0.000 -0.000 -0.000 -0.000 -0.000
26 H2O(5) + X(1) <=> H2OX(23) 0.000 -0.001 -0.001 -0.001 -0.002
27 H2OX(23) + OX(20) <=> 2 HOX(22) 0.099 -0.805 -0.705 -0.800 -1.373
28 HOX(22) + HX(19) <=> H2OX(23) + X(1) -0.000 -0.000 -0.000 0.000 -0.000
29 CO(7) + X(1) <=> COX(50) -0.000 0.000 0.000 -0.000 -0.000
30 CH2O(9) + 2 X(1) <=> CHOX(53) + HX(19) -0.000 0.000 -0.000 0.000 -0.000
31 HCO(15) + X(1) <=> CHOX(53) -0.000 0.000 0.000 0.000 -0.000
32 CH3CHO(16) + 2 X(1) <=> CH3X(21) + CHOX(53) -0.000 -0.000 -0.000 0.000 -0.000
33 CHOX(53) + X(1) <=> HX(19) + OCX(25) -0.000 -0.000 -0.000 0.000 -0.000
34 CHOX(53) + OX(20) <=> HOX(22) + OCX(25) -0.000 -0.000 -0.000 -0.000 -0.000
35 CH2X(27) + CHOX(53) <=> CH3X(21) + OCX(25) -0.000 0.000 0.000 0.000 -0.000
36 CHOX(53) + CHX(28) <=> CH2X(27) + OCX(25) -0.000 0.000 0.000 0.000 -0.000
37 CHOX(53) + CX(26) <=> CHX(28) + OCX(25) -0.000 0.000 0.000 0.000 -0.000
38 CO2(4) + X(1) <=> CO2X(24) -0.000 -0.000 -0.000 0.000 -0.000
39 OCX(25) + OX(20) <=> CO2X(24) + X(1) 0.000 0.000 0.000 0.000 -0.000
40 CO2X(24) + HX(19) <=> HOX(22) + OCX(25) 0.000 0.000 0.000 0.000 -0.000
Finished sensitivity simulation for a C/O ratio of 2.2
Finished translating for C/O ratio of 2.2
