This mechanism contains 38 gas reactions and 41 surface reactions
Finished simulation at a C/O ratio of 1.0
Finished simulation at a C/O ratio of 0.6
Finished simulation at a C/O ratio of 1.3
Finished simulation at a C/O ratio of 1.2
Finished simulation at a C/O ratio of 1.1
Finished simulation at a C/O ratio of 1.6
Finished simulation at a C/O ratio of 2.0
Finished simulation at a C/O ratio of 2.2
Finished simulation at a C/O ratio of 2.4
Finished simulation at a C/O ratio of 1.8
Finished simulation at a C/O ratio of 0.9
Finished simulation at a C/O ratio of 1.4
Finished simulation at a C/O ratio of 0.7
Finished simulation at a C/O ratio of 2.6
Finished simulation at a C/O ratio of 0.8
Starting sensitivity simulation for a C/O ratio of 0.7
0 CH4(2) + X(1) <=> CH4X(48) -0.000 0.000
1 O2(3) + 2 X(1) <=> 2 OX(20) 0.458 3.023
2 H2(6) + 2 X(1) <=> 2 HX(19) -0.155 -0.393
3 H(12) + X(1) <=> HX(19) 0.000 -0.000
4 HX(19) + OX(20) <=> HOX(22) + X(1) -0.000 0.000
5 H2O(5) + 2 X(1) <=> HOX(22) + HX(19) -0.000 -0.000
6 OH(17) + X(1) <=> HOX(22) -0.000 0.000
7 CH4(2) + 2 X(1) <=> CH3X(21) + HX(19) -0.000 -0.000
8 CH4(2) + OX(20) + X(1) <=> CH3X(21) + HOX(22) -0.002 -0.021
9 C2H6(8) + 2 X(1) <=> 2 CH3X(21) -0.000 -0.000
10 CH3(10) + X(1) <=> CH3X(21) 0.000 -0.000
11 CH3OH(14) + 2 X(1) <=> CH3X(21) + HOX(22) -0.000 -0.000
12 CH2X(27) + HX(19) <=> CH3X(21) + X(1) -0.300 -2.719
13 CH2X(27) + HOX(22) <=> CH3X(21) + OX(20) -0.000 -0.000
14 CHX(28) + HX(19) <=> CH2X(27) + X(1) -0.000 -0.000
15 CHX(28) + HOX(22) <=> CH2X(27) + OX(20) -0.000 -0.000
16 2 CH2X(27) <=> CH3X(21) + CHX(28) -0.000 -0.000
17 CHX(28) + X(1) <=> CX(26) + HX(19) 0.000 -0.000
18 CX(26) + H2(6) <=> CH2X(27) -0.000 -0.001
19 CX(26) + HOX(22) <=> CHX(28) + OX(20) -0.000 -0.000
20 CH3X(21) + CX(26) <=> CH2X(27) + CHX(28) -0.000 -0.000
21 CH2X(27) + CX(26) <=> 2 CHX(28) -0.000 -0.000
22 CO(7) + X(1) <=> OCX(25) -0.001 -0.010
23 CX(26) + OX(20) <=> OCX(25) + X(1) -0.000 -0.000
24 H2(6) + X(1) <=> H2X(49) -0.000 -0.000
25 CO(7) + X(1) <=> COX(50) -0.000 -0.000
26 CH2O(9) + 2 X(1) <=> CHOX(53) + HX(19) -0.000 -0.000
27 HCO(15) + X(1) <=> CHOX(53) 0.000 -0.000
28 CH3CHO(16) + 2 X(1) <=> CH3X(21) + CHOX(53) -0.000 -0.000
29 CHOX(53) + X(1) <=> HX(19) + OCX(25) 0.000 -0.000
30 HOX(22) + OCX(25) <=> CHOX(53) + OX(20) -0.000 0.000
31 CH2X(27) + CHOX(53) <=> CH3X(21) + OCX(25) 0.000 -0.000
32 CHOX(53) + CHX(28) <=> CH2X(27) + OCX(25) -0.000 -0.000
33 CHOX(53) + CX(26) <=> CHX(28) + OCX(25) -0.000 -0.000
34 CO2(4) + X(1) <=> CO2X(24) 0.000 -0.000
35 OCX(25) + OX(20) <=> CO2X(24) + X(1) -0.000 -0.000
36 CO2X(24) + HX(19) <=> HOX(22) + OCX(25) -0.000 -0.000
37 CH4(2) + HOX(22) + X(1) <=> CH3X(21) + H2OX(23) 0.000 -0.000
38 H2O(5) + X(1) <=> H2OX(23) 0.000 -0.001
39 H2OX(23) + OX(20) <=> 2 HOX(22) 0.002 -0.976
40 HOX(22) + HX(19) <=> H2OX(23) + X(1) -0.000 -0.000
Finished sensitivity simulation for a C/O ratio of 0.7
Finished translating for C/O ratio of 0.7
Starting sensitivity simulation for a C/O ratio of 0.6
0 CH4(2) + X(1) <=> CH4X(48) 0.000 -0.000
1 O2(3) + 2 X(1) <=> 2 OX(20) 0.502 2.827
2 H2(6) + 2 X(1) <=> 2 HX(19) -0.169 -0.313
3 H(12) + X(1) <=> HX(19) 0.000 0.000
4 HX(19) + OX(20) <=> HOX(22) + X(1) 0.000 0.000
5 H2O(5) + 2 X(1) <=> HOX(22) + HX(19) 0.000 -0.000
6 OH(17) + X(1) <=> HOX(22) 0.000 0.000
7 CH4(2) + 2 X(1) <=> CH3X(21) + HX(19) 0.000 0.000
8 CH4(2) + OX(20) + X(1) <=> CH3X(21) + HOX(22) -0.002 -0.018
9 C2H6(8) + 2 X(1) <=> 2 CH3X(21) 0.000 0.000
10 CH3(10) + X(1) <=> CH3X(21) 0.000 0.000
11 CH3OH(14) + 2 X(1) <=> CH3X(21) + HOX(22) 0.000 0.000
12 CH2X(27) + HX(19) <=> CH3X(21) + X(1) -0.331 -2.589
13 CH2X(27) + HOX(22) <=> CH3X(21) + OX(20) -0.000 -0.000
14 CHX(28) + HX(19) <=> CH2X(27) + X(1) -0.000 -0.000
15 CHX(28) + HOX(22) <=> CH2X(27) + OX(20) 0.000 0.000
16 2 CH2X(27) <=> CH3X(21) + CHX(28) 0.000 0.000
17 CHX(28) + X(1) <=> CX(26) + HX(19) 0.000 0.000
18 CX(26) + H2(6) <=> CH2X(27) -0.000 -0.001
19 CX(26) + HOX(22) <=> CHX(28) + OX(20) 0.000 -0.000
20 CH3X(21) + CX(26) <=> CH2X(27) + CHX(28) -0.000 -0.000
21 CH2X(27) + CX(26) <=> 2 CHX(28) 0.000 0.000
22 CO(7) + X(1) <=> OCX(25) -0.001 -0.005
23 CX(26) + OX(20) <=> OCX(25) + X(1) 0.000 0.000
24 H2(6) + X(1) <=> H2X(49) 0.000 0.000
25 CO(7) + X(1) <=> COX(50) 0.000 0.000
26 CH2O(9) + 2 X(1) <=> CHOX(53) + HX(19) 0.000 0.000
27 HCO(15) + X(1) <=> CHOX(53) 0.000 0.000
28 CH3CHO(16) + 2 X(1) <=> CH3X(21) + CHOX(53) 0.000 0.000
29 CHOX(53) + X(1) <=> HX(19) + OCX(25) 0.000 0.000
30 HOX(22) + OCX(25) <=> CHOX(53) + OX(20) 0.000 0.000
31 CH2X(27) + CHOX(53) <=> CH3X(21) + OCX(25) 0.000 0.000
32 CHOX(53) + CHX(28) <=> CH2X(27) + OCX(25) 0.000 0.000
33 CHOX(53) + CX(26) <=> CHX(28) + OCX(25) 0.000 0.000
34 CO2(4) + X(1) <=> CO2X(24) 0.000 -0.000
35 OCX(25) + OX(20) <=> CO2X(24) + X(1) 0.000 0.000
36 CO2X(24) + HX(19) <=> HOX(22) + OCX(25) 0.000 0.000
37 CH4(2) + HOX(22) + X(1) <=> CH3X(21) + H2OX(23) 0.000 -0.000
38 H2O(5) + X(1) <=> H2OX(23) 0.000 -0.001
39 H2OX(23) + OX(20) <=> 2 HOX(22) 0.002 -0.983
40 HOX(22) + HX(19) <=> H2OX(23) + X(1) 0.000 -0.000
Finished sensitivity simulation for a C/O ratio of 0.6
Finished translating for C/O ratio of 0.6
Starting sensitivity simulation for a C/O ratio of 1.0
0 CH4(2) + X(1) <=> CH4X(48) 0.000 0.000
1 O2(3) + 2 X(1) <=> 2 OX(20) 0.349 4.115
2 H2(6) + 2 X(1) <=> 2 HX(19) -0.124 -0.886
3 H(12) + X(1) <=> HX(19) -0.000 0.000
4 HX(19) + OX(20) <=> HOX(22) + X(1) 0.000 0.000
5 H2O(5) + 2 X(1) <=> HOX(22) + HX(19) -0.000 -0.000
6 OH(17) + X(1) <=> HOX(22) 0.000 0.000
7 CH4(2) + 2 X(1) <=> CH3X(21) + HX(19) 0.000 0.000
8 CH4(2) + OX(20) + X(1) <=> CH3X(21) + HOX(22) -0.002 -0.035
9 C2H6(8) + 2 X(1) <=> 2 CH3X(21) 0.000 0.000
10 CH3(10) + X(1) <=> CH3X(21) 0.000 0.000
11 CH3OH(14) + 2 X(1) <=> CH3X(21) + HOX(22) 0.000 0.000
12 CH2X(27) + HX(19) <=> CH3X(21) + X(1) -0.222 -3.415
13 CH2X(27) + HOX(22) <=> CH3X(21) + OX(20) -0.000 -0.000
14 CHX(28) + HX(19) <=> CH2X(27) + X(1) -0.000 -0.000
15 CHX(28) + HOX(22) <=> CH2X(27) + OX(20) -0.000 0.000
16 2 CH2X(27) <=> CH3X(21) + CHX(28) 0.000 0.000
17 CHX(28) + X(1) <=> CX(26) + HX(19) 0.000 0.000
18 CX(26) + H2(6) <=> CH2X(27) -0.001 -0.004
19 CX(26) + HOX(22) <=> CHX(28) + OX(20) 0.000 0.000
20 CH3X(21) + CX(26) <=> CH2X(27) + CHX(28) -0.000 -0.000
21 CH2X(27) + CX(26) <=> 2 CHX(28) 0.000 0.000
22 CO(7) + X(1) <=> OCX(25) -0.003 -0.047
23 CX(26) + OX(20) <=> OCX(25) + X(1) -0.000 -0.000
24 H2(6) + X(1) <=> H2X(49) 0.000 0.000
25 CO(7) + X(1) <=> COX(50) 0.000 0.000
26 CH2O(9) + 2 X(1) <=> CHOX(53) + HX(19) 0.000 0.000
27 HCO(15) + X(1) <=> CHOX(53) -0.000 0.000
28 CH3CHO(16) + 2 X(1) <=> CH3X(21) + CHOX(53) -0.000 0.000
29 CHOX(53) + X(1) <=> HX(19) + OCX(25) 0.000 0.000
30 HOX(22) + OCX(25) <=> CHOX(53) + OX(20) 0.000 0.000
31 CH2X(27) + CHOX(53) <=> CH3X(21) + OCX(25) 0.000 0.000
32 CHOX(53) + CHX(28) <=> CH2X(27) + OCX(25) 0.000 0.000
33 CHOX(53) + CX(26) <=> CHX(28) + OCX(25) 0.000 0.000
34 CO2(4) + X(1) <=> CO2X(24) 0.000 -0.000
35 OCX(25) + OX(20) <=> CO2X(24) + X(1) 0.000 0.000
36 CO2X(24) + HX(19) <=> HOX(22) + OCX(25) -0.000 0.000
37 CH4(2) + HOX(22) + X(1) <=> CH3X(21) + H2OX(23) 0.000 -0.000
38 H2O(5) + X(1) <=> H2OX(23) 0.000 -0.001
39 H2OX(23) + OX(20) <=> 2 HOX(22) 0.005 -0.917
40 HOX(22) + HX(19) <=> H2OX(23) + X(1) 0.000 -0.000
Finished sensitivity simulation for a C/O ratio of 1.0
Finished translating for C/O ratio of 1.0
Starting sensitivity simulation for a C/O ratio of 1.4
0 CH4(2) + X(1) <=> CH4X(48) -0.000 0.000
1 O2(3) + 2 X(1) <=> 2 OX(20) 0.169 6.114
2 H2(6) + 2 X(1) <=> 2 HX(19) -0.073 -2.362
3 H(12) + X(1) <=> HX(19) -0.000 0.000
4 HX(19) + OX(20) <=> HOX(22) + X(1) -0.000 0.000
5 H2O(5) + 2 X(1) <=> HOX(22) + HX(19) 0.000 -0.000
6 OH(17) + X(1) <=> HOX(22) -0.000 0.000
7 CH4(2) + 2 X(1) <=> CH3X(21) + HX(19) -0.000 0.000
8 CH4(2) + OX(20) + X(1) <=> CH3X(21) + HOX(22) -0.002 -0.078
9 C2H6(8) + 2 X(1) <=> 2 CH3X(21) 0.000 -0.000
10 CH3(10) + X(1) <=> CH3X(21) 0.000 0.000
11 CH3OH(14) + 2 X(1) <=> CH3X(21) + HOX(22) -0.000 0.000
12 CH2X(27) + HX(19) <=> CH3X(21) + X(1) -0.088 -4.034
13 CH2X(27) + HOX(22) <=> CH3X(21) + OX(20) -0.000 -0.000
14 CHX(28) + HX(19) <=> CH2X(27) + X(1) -0.000 -0.000
15 CHX(28) + HOX(22) <=> CH2X(27) + OX(20) -0.000 0.000
16 2 CH2X(27) <=> CH3X(21) + CHX(28) -0.000 0.000
17 CHX(28) + X(1) <=> CX(26) + HX(19) -0.000 -0.000
18 CX(26) + H2(6) <=> CH2X(27) -0.001 -0.024
19 CX(26) + HOX(22) <=> CHX(28) + OX(20) -0.000 -0.000
20 CH3X(21) + CX(26) <=> CH2X(27) + CHX(28) -0.000 -0.001
21 CH2X(27) + CX(26) <=> 2 CHX(28) -0.000 0.000
22 CO(7) + X(1) <=> OCX(25) -0.006 -0.293
23 CX(26) + OX(20) <=> OCX(25) + X(1) -0.000 -0.000
24 H2(6) + X(1) <=> H2X(49) -0.000 0.000
25 CO(7) + X(1) <=> COX(50) -0.000 0.000
26 CH2O(9) + 2 X(1) <=> CHOX(53) + HX(19) -0.000 0.000
27 HCO(15) + X(1) <=> CHOX(53) -0.000 0.000
28 CH3CHO(16) + 2 X(1) <=> CH3X(21) + CHOX(53) -0.000 0.000
29 CHOX(53) + X(1) <=> HX(19) + OCX(25) -0.000 0.000
30 HOX(22) + OCX(25) <=> CHOX(53) + OX(20) -0.000 0.000
31 CH2X(27) + CHOX(53) <=> CH3X(21) + OCX(25) 0.000 0.000
32 CHOX(53) + CHX(28) <=> CH2X(27) + OCX(25) -0.000 0.000
33 CHOX(53) + CX(26) <=> CHX(28) + OCX(25) -0.000 0.000
34 CO2(4) + X(1) <=> CO2X(24) 0.000 -0.000
35 OCX(25) + OX(20) <=> CO2X(24) + X(1) -0.000 0.000
36 CO2X(24) + HX(19) <=> HOX(22) + OCX(25) -0.000 0.000
37 CH4(2) + HOX(22) + X(1) <=> CH3X(21) + H2OX(23) 0.000 -0.000
38 H2O(5) + X(1) <=> H2OX(23) 0.000 -0.000
39 H2OX(23) + OX(20) <=> 2 HOX(22) 0.011 -0.495
40 HOX(22) + HX(19) <=> H2OX(23) + X(1) 0.000 -0.000
Finished sensitivity simulation for a C/O ratio of 1.4
Finished translating for C/O ratio of 1.4
Starting sensitivity simulation for a C/O ratio of 0.9
0 CH4(2) + X(1) <=> CH4X(48) -0.000 -0.000
1 O2(3) + 2 X(1) <=> 2 OX(20) 0.383 3.648
2 H2(6) + 2 X(1) <=> 2 HX(19) -0.133 -0.666
3 H(12) + X(1) <=> HX(19) 0.000 0.000
4 HX(19) + OX(20) <=> HOX(22) + X(1) -0.000 0.000
5 H2O(5) + 2 X(1) <=> HOX(22) + HX(19) 0.000 -0.000
6 OH(17) + X(1) <=> HOX(22) -0.000 0.000
7 CH4(2) + 2 X(1) <=> CH3X(21) + HX(19) -0.000 0.000
8 CH4(2) + OX(20) + X(1) <=> CH3X(21) + HOX(22) -0.002 -0.029
9 C2H6(8) + 2 X(1) <=> 2 CH3X(21) 0.000 0.000
10 CH3(10) + X(1) <=> CH3X(21) 0.000 0.000
11 CH3OH(14) + 2 X(1) <=> CH3X(21) + HOX(22) -0.000 -0.000
12 CH2X(27) + HX(19) <=> CH3X(21) + X(1) -0.247 -3.125
13 CH2X(27) + HOX(22) <=> CH3X(21) + OX(20) -0.000 -0.000
14 CHX(28) + HX(19) <=> CH2X(27) + X(1) -0.000 -0.000
15 CHX(28) + HOX(22) <=> CH2X(27) + OX(20) -0.000 0.000
16 2 CH2X(27) <=> CH3X(21) + CHX(28) -0.000 -0.000
17 CHX(28) + X(1) <=> CX(26) + HX(19) -0.000 -0.000
18 CX(26) + H2(6) <=> CH2X(27) -0.000 -0.002
19 CX(26) + HOX(22) <=> CHX(28) + OX(20) -0.000 -0.000
20 CH3X(21) + CX(26) <=> CH2X(27) + CHX(28) -0.000 -0.000
21 CH2X(27) + CX(26) <=> 2 CHX(28) -0.000 0.000
22 CO(7) + X(1) <=> OCX(25) -0.002 -0.028
23 CX(26) + OX(20) <=> OCX(25) + X(1) -0.000 -0.000
24 H2(6) + X(1) <=> H2X(49) -0.000 -0.000
25 CO(7) + X(1) <=> COX(50) -0.000 -0.000
26 CH2O(9) + 2 X(1) <=> CHOX(53) + HX(19) -0.000 0.000
27 HCO(15) + X(1) <=> CHOX(53) -0.000 -0.000
28 CH3CHO(16) + 2 X(1) <=> CH3X(21) + CHOX(53) 0.000 -0.000
29 CHOX(53) + X(1) <=> HX(19) + OCX(25) -0.000 -0.000
30 HOX(22) + OCX(25) <=> CHOX(53) + OX(20) -0.000 -0.000
31 CH2X(27) + CHOX(53) <=> CH3X(21) + OCX(25) -0.000 0.000
32 CHOX(53) + CHX(28) <=> CH2X(27) + OCX(25) -0.000 0.000
33 CHOX(53) + CX(26) <=> CHX(28) + OCX(25) -0.000 -0.000
34 CO2(4) + X(1) <=> CO2X(24) 0.000 -0.000
35 OCX(25) + OX(20) <=> CO2X(24) + X(1) -0.000 -0.000
36 CO2X(24) + HX(19) <=> HOX(22) + OCX(25) -0.000 -0.000
37 CH4(2) + HOX(22) + X(1) <=> CH3X(21) + H2OX(23) 0.000 -0.000
38 H2O(5) + X(1) <=> H2OX(23) 0.000 -0.001
39 H2OX(23) + OX(20) <=> 2 HOX(22) 0.004 -0.947
40 HOX(22) + HX(19) <=> H2OX(23) + X(1) -0.000 -0.000
Finished sensitivity simulation for a C/O ratio of 0.9
Finished translating for C/O ratio of 0.9
Starting sensitivity simulation for a C/O ratio of 1.2
0 CH4(2) + X(1) <=> CH4X(48) 0.000 -0.000
1 O2(3) + 2 X(1) <=> 2 OX(20) 0.273 5.367
2 H2(6) + 2 X(1) <=> 2 HX(19) -0.104 -1.581
3 H(12) + X(1) <=> HX(19) 0.000 -0.000
4 HX(19) + OX(20) <=> HOX(22) + X(1) -0.000 -0.000
5 H2O(5) + 2 X(1) <=> HOX(22) + HX(19) 0.000 -0.000
6 OH(17) + X(1) <=> HOX(22) 0.000 -0.000
7 CH4(2) + 2 X(1) <=> CH3X(21) + HX(19) -0.000 0.000
8 CH4(2) + OX(20) + X(1) <=> CH3X(21) + HOX(22) -0.002 -0.056
9 C2H6(8) + 2 X(1) <=> 2 CH3X(21) 0.000 -0.000
10 CH3(10) + X(1) <=> CH3X(21) 0.000 0.000
11 CH3OH(14) + 2 X(1) <=> CH3X(21) + HOX(22) -0.000 -0.000
12 CH2X(27) + HX(19) <=> CH3X(21) + X(1) -0.163 -4.090
13 CH2X(27) + HOX(22) <=> CH3X(21) + OX(20) -0.000 -0.000
14 CHX(28) + HX(19) <=> CH2X(27) + X(1) -0.000 -0.000
15 CHX(28) + HOX(22) <=> CH2X(27) + OX(20) 0.000 -0.000
16 2 CH2X(27) <=> CH3X(21) + CHX(28) -0.000 -0.000
17 CHX(28) + X(1) <=> CX(26) + HX(19) 0.000 -0.000
18 CX(26) + H2(6) <=> CH2X(27) -0.001 -0.010
19 CX(26) + HOX(22) <=> CHX(28) + OX(20) -0.000 -0.000
20 CH3X(21) + CX(26) <=> CH2X(27) + CHX(28) -0.000 -0.000
21 CH2X(27) + CX(26) <=> 2 CHX(28) 0.000 0.000
22 CO(7) + X(1) <=> OCX(25) -0.005 -0.130
23 CX(26) + OX(20) <=> OCX(25) + X(1) -0.000 -0.000
24 H2(6) + X(1) <=> H2X(49) -0.000 -0.000
25 CO(7) + X(1) <=> COX(50) 0.000 -0.000
26 CH2O(9) + 2 X(1) <=> CHOX(53) + HX(19) -0.000 -0.000
27 HCO(15) + X(1) <=> CHOX(53) 0.000 -0.000
28 CH3CHO(16) + 2 X(1) <=> CH3X(21) + CHOX(53) -0.000 0.000
29 CHOX(53) + X(1) <=> HX(19) + OCX(25) 0.000 -0.000
30 HOX(22) + OCX(25) <=> CHOX(53) + OX(20) 0.000 -0.000
31 CH2X(27) + CHOX(53) <=> CH3X(21) + OCX(25) -0.000 0.000
32 CHOX(53) + CHX(28) <=> CH2X(27) + OCX(25) 0.000 -0.000
33 CHOX(53) + CX(26) <=> CHX(28) + OCX(25) -0.000 0.000
34 CO2(4) + X(1) <=> CO2X(24) 0.000 -0.000
35 OCX(25) + OX(20) <=> CO2X(24) + X(1) 0.000 -0.000
36 CO2X(24) + HX(19) <=> HOX(22) + OCX(25) 0.000 -0.000
37 CH4(2) + HOX(22) + X(1) <=> CH3X(21) + H2OX(23) 0.000 -0.000
38 H2O(5) + X(1) <=> H2OX(23) 0.000 -0.001
39 H2OX(23) + OX(20) <=> 2 HOX(22) 0.009 -0.784
40 HOX(22) + HX(19) <=> H2OX(23) + X(1) 0.000 -0.000
Finished sensitivity simulation for a C/O ratio of 1.2
Finished translating for C/O ratio of 1.2
Starting sensitivity simulation for a C/O ratio of 1.6
0 CH4(2) + X(1) <=> CH4X(48) 0.000 0.000
1 O2(3) + 2 X(1) <=> 2 OX(20) 0.082 5.200
2 H2(6) + 2 X(1) <=> 2 HX(19) -0.042 -2.477
3 H(12) + X(1) <=> HX(19) 0.000 0.000
4 HX(19) + OX(20) <=> HOX(22) + X(1) -0.000 -0.000
5 H2O(5) + 2 X(1) <=> HOX(22) + HX(19) 0.000 -0.000
6 OH(17) + X(1) <=> HOX(22) 0.000 0.000
7 CH4(2) + 2 X(1) <=> CH3X(21) + HX(19) 0.000 0.000
8 CH4(2) + OX(20) + X(1) <=> CH3X(21) + HOX(22) -0.001 -0.078
9 C2H6(8) + 2 X(1) <=> 2 CH3X(21) 0.000 -0.000
10 CH3(10) + X(1) <=> CH3X(21) 0.000 0.000
11 CH3OH(14) + 2 X(1) <=> CH3X(21) + HOX(22) 0.000 0.000
12 CH2X(27) + HX(19) <=> CH3X(21) + X(1) -0.035 -2.876
13 CH2X(27) + HOX(22) <=> CH3X(21) + OX(20) -0.000 -0.000
14 CHX(28) + HX(19) <=> CH2X(27) + X(1) -0.000 -0.000
15 CHX(28) + HOX(22) <=> CH2X(27) + OX(20) 0.000 0.000
16 2 CH2X(27) <=> CH3X(21) + CHX(28) 0.000 0.000
17 CHX(28) + X(1) <=> CX(26) + HX(19) -0.000 -0.000
18 CX(26) + H2(6) <=> CH2X(27) -0.001 -0.038
19 CX(26) + HOX(22) <=> CHX(28) + OX(20) 0.000 0.000
20 CH3X(21) + CX(26) <=> CH2X(27) + CHX(28) -0.000 -0.001
21 CH2X(27) + CX(26) <=> 2 CHX(28) -0.000 0.000
22 CO(7) + X(1) <=> OCX(25) -0.005 -0.399
23 CX(26) + OX(20) <=> OCX(25) + X(1) -0.000 -0.000
24 H2(6) + X(1) <=> H2X(49) 0.000 0.000
25 CO(7) + X(1) <=> COX(50) 0.000 0.000
26 CH2O(9) + 2 X(1) <=> CHOX(53) + HX(19) 0.000 0.000
27 HCO(15) + X(1) <=> CHOX(53) 0.000 0.000
28 CH3CHO(16) + 2 X(1) <=> CH3X(21) + CHOX(53) 0.000 0.000
29 CHOX(53) + X(1) <=> HX(19) + OCX(25) 0.000 -0.000
30 HOX(22) + OCX(25) <=> CHOX(53) + OX(20) 0.000 0.000
31 CH2X(27) + CHOX(53) <=> CH3X(21) + OCX(25) -0.000 -0.000
32 CHOX(53) + CHX(28) <=> CH2X(27) + OCX(25) 0.000 -0.000
33 CHOX(53) + CX(26) <=> CHX(28) + OCX(25) 0.000 0.000
34 CO2(4) + X(1) <=> CO2X(24) 0.000 -0.000
35 OCX(25) + OX(20) <=> CO2X(24) + X(1) 0.000 0.000
36 CO2X(24) + HX(19) <=> HOX(22) + OCX(25) 0.000 0.000
37 CH4(2) + HOX(22) + X(1) <=> CH3X(21) + H2OX(23) 0.000 -0.000
38 H2O(5) + X(1) <=> H2OX(23) 0.000 -0.000
39 H2OX(23) + OX(20) <=> 2 HOX(22) 0.009 -0.237
40 HOX(22) + HX(19) <=> H2OX(23) + X(1) 0.000 -0.000
Finished sensitivity simulation for a C/O ratio of 1.6
Finished translating for C/O ratio of 1.6
Starting sensitivity simulation for a C/O ratio of 2.4
0 CH4(2) + X(1) <=> CH4X(48) -0.000 0.000
1 O2(3) + 2 X(1) <=> 2 OX(20) 0.013 2.605
2 H2(6) + 2 X(1) <=> 2 HX(19) -0.010 -1.909
3 H(12) + X(1) <=> HX(19) 0.000 -0.000
4 HX(19) + OX(20) <=> HOX(22) + X(1) 0.000 -0.000
5 H2O(5) + 2 X(1) <=> HOX(22) + HX(19) 0.000 -0.000
6 OH(17) + X(1) <=> HOX(22) 0.000 -0.000
7 CH4(2) + 2 X(1) <=> CH3X(21) + HX(19) -0.000 -0.000
8 CH4(2) + OX(20) + X(1) <=> CH3X(21) + HOX(22) -0.000 -0.048
9 C2H6(8) + 2 X(1) <=> 2 CH3X(21) 0.000 -0.000
10 CH3(10) + X(1) <=> CH3X(21) 0.000 0.000
11 CH3OH(14) + 2 X(1) <=> CH3X(21) + HOX(22) 0.000 -0.000
12 CH2X(27) + HX(19) <=> CH3X(21) + X(1) -0.003 -0.849
13 CH2X(27) + HOX(22) <=> CH3X(21) + OX(20) -0.000 -0.000
14 CHX(28) + HX(19) <=> CH2X(27) + X(1) -0.000 -0.000
15 CHX(28) + HOX(22) <=> CH2X(27) + OX(20) -0.000 -0.000
16 2 CH2X(27) <=> CH3X(21) + CHX(28) 0.000 -0.000
17 CHX(28) + X(1) <=> CX(26) + HX(19) 0.000 -0.000
18 CX(26) + H2(6) <=> CH2X(27) -0.000 -0.071
19 CX(26) + HOX(22) <=> CHX(28) + OX(20) 0.000 0.000
20 CH3X(21) + CX(26) <=> CH2X(27) + CHX(28) -0.000 -0.001
21 CH2X(27) + CX(26) <=> 2 CHX(28) 0.000 -0.000
22 CO(7) + X(1) <=> OCX(25) -0.001 -0.342
23 CX(26) + OX(20) <=> OCX(25) + X(1) -0.000 -0.000
24 H2(6) + X(1) <=> H2X(49) 0.000 -0.000
25 CO(7) + X(1) <=> COX(50) 0.000 -0.000
26 CH2O(9) + 2 X(1) <=> CHOX(53) + HX(19) 0.000 -0.000
27 HCO(15) + X(1) <=> CHOX(53) 0.000 -0.000
28 CH3CHO(16) + 2 X(1) <=> CH3X(21) + CHOX(53) 0.000 -0.000
29 CHOX(53) + X(1) <=> HX(19) + OCX(25) 0.000 -0.000
30 HOX(22) + OCX(25) <=> CHOX(53) + OX(20) 0.000 -0.000
31 CH2X(27) + CHOX(53) <=> CH3X(21) + OCX(25) -0.000 -0.000
32 CHOX(53) + CHX(28) <=> CH2X(27) + OCX(25) 0.000 -0.000
33 CHOX(53) + CX(26) <=> CHX(28) + OCX(25) 0.000 -0.000
34 CO2(4) + X(1) <=> CO2X(24) 0.000 -0.000
35 OCX(25) + OX(20) <=> CO2X(24) + X(1) 0.000 -0.000
36 CO2X(24) + HX(19) <=> HOX(22) + OCX(25) 0.000 -0.000
37 CH4(2) + HOX(22) + X(1) <=> CH3X(21) + H2OX(23) 0.000 -0.000
38 H2O(5) + X(1) <=> H2OX(23) 0.000 -0.000
39 H2OX(23) + OX(20) <=> 2 HOX(22) 0.003 -0.035
40 HOX(22) + HX(19) <=> H2OX(23) + X(1) 0.000 -0.000
Finished sensitivity simulation for a C/O ratio of 2.4
Finished translating for C/O ratio of 2.4
Starting sensitivity simulation for a C/O ratio of 2.0
0 CH4(2) + X(1) <=> CH4X(48) -0.000 0.000
1 O2(3) + 2 X(1) <=> 2 OX(20) 0.026 3.375
2 H2(6) + 2 X(1) <=> 2 HX(19) -0.017 -2.118
3 H(12) + X(1) <=> HX(19) -0.000 0.000
4 HX(19) + OX(20) <=> HOX(22) + X(1) -0.000 -0.000
5 H2O(5) + 2 X(1) <=> HOX(22) + HX(19) 0.000 -0.000
6 OH(17) + X(1) <=> HOX(22) 0.000 0.000
7 CH4(2) + 2 X(1) <=> CH3X(21) + HX(19) 0.000 0.000
8 CH4(2) + OX(20) + X(1) <=> CH3X(21) + HOX(22) -0.000 -0.059
9 C2H6(8) + 2 X(1) <=> 2 CH3X(21) 0.000 0.000
10 CH3(10) + X(1) <=> CH3X(21) 0.000 0.000
11 CH3OH(14) + 2 X(1) <=> CH3X(21) + HOX(22) -0.000 -0.000
12 CH2X(27) + HX(19) <=> CH3X(21) + X(1) -0.008 -1.392
13 CH2X(27) + HOX(22) <=> CH3X(21) + OX(20) -0.000 -0.000
14 CHX(28) + HX(19) <=> CH2X(27) + X(1) -0.000 -0.000
15 CHX(28) + HOX(22) <=> CH2X(27) + OX(20) -0.000 0.000
16 2 CH2X(27) <=> CH3X(21) + CHX(28) -0.000 -0.000
17 CHX(28) + X(1) <=> CX(26) + HX(19) 0.000 -0.000
18 CX(26) + H2(6) <=> CH2X(27) -0.000 -0.056
19 CX(26) + HOX(22) <=> CHX(28) + OX(20) 0.000 0.000
20 CH3X(21) + CX(26) <=> CH2X(27) + CHX(28) -0.000 -0.001
21 CH2X(27) + CX(26) <=> 2 CHX(28) -0.000 0.000
22 CO(7) + X(1) <=> OCX(25) -0.002 -0.389
23 CX(26) + OX(20) <=> OCX(25) + X(1) -0.000 -0.000
24 H2(6) + X(1) <=> H2X(49) 0.000 0.000
25 CO(7) + X(1) <=> COX(50) -0.000 0.000
26 CH2O(9) + 2 X(1) <=> CHOX(53) + HX(19) -0.000 0.000
27 HCO(15) + X(1) <=> CHOX(53) -0.000 0.000
28 CH3CHO(16) + 2 X(1) <=> CH3X(21) + CHOX(53) -0.000 0.000
29 CHOX(53) + X(1) <=> HX(19) + OCX(25) -0.000 0.000
30 HOX(22) + OCX(25) <=> CHOX(53) + OX(20) -0.000 0.000
31 CH2X(27) + CHOX(53) <=> CH3X(21) + OCX(25) 0.000 0.000
32 CHOX(53) + CHX(28) <=> CH2X(27) + OCX(25) -0.000 -0.000
33 CHOX(53) + CX(26) <=> CHX(28) + OCX(25) -0.000 0.000
34 CO2(4) + X(1) <=> CO2X(24) 0.000 -0.000
35 OCX(25) + OX(20) <=> CO2X(24) + X(1) 0.000 0.000
36 CO2X(24) + HX(19) <=> HOX(22) + OCX(25) -0.000 0.000
37 CH4(2) + HOX(22) + X(1) <=> CH3X(21) + H2OX(23) 0.000 -0.000
38 H2O(5) + X(1) <=> H2OX(23) 0.000 -0.000
39 H2OX(23) + OX(20) <=> 2 HOX(22) 0.005 -0.073
40 HOX(22) + HX(19) <=> H2OX(23) + X(1) 0.000 -0.000
Finished sensitivity simulation for a C/O ratio of 2.0
Finished translating for C/O ratio of 2.0
Starting sensitivity simulation for a C/O ratio of 2.2
0 CH4(2) + X(1) <=> CH4X(48) -0.000 0.000
1 O2(3) + 2 X(1) <=> 2 OX(20) 0.017 2.914
2 H2(6) + 2 X(1) <=> 2 HX(19) -0.012 -1.997
3 H(12) + X(1) <=> HX(19) 0.000 -0.000
4 HX(19) + OX(20) <=> HOX(22) + X(1) 0.000 -0.000
5 H2O(5) + 2 X(1) <=> HOX(22) + HX(19) 0.000 -0.000
6 OH(17) + X(1) <=> HOX(22) 0.000 0.000
7 CH4(2) + 2 X(1) <=> CH3X(21) + HX(19) 0.000 -0.000
8 CH4(2) + OX(20) + X(1) <=> CH3X(21) + HOX(22) -0.000 -0.053
9 C2H6(8) + 2 X(1) <=> 2 CH3X(21) 0.000 0.000
10 CH3(10) + X(1) <=> CH3X(21) 0.000 0.000
11 CH3OH(14) + 2 X(1) <=> CH3X(21) + HOX(22) 0.000 0.000
12 CH2X(27) + HX(19) <=> CH3X(21) + X(1) -0.005 -1.063
13 CH2X(27) + HOX(22) <=> CH3X(21) + OX(20) 0.000 -0.000
14 CHX(28) + HX(19) <=> CH2X(27) + X(1) -0.000 -0.000
15 CHX(28) + HOX(22) <=> CH2X(27) + OX(20) -0.000 0.000
16 2 CH2X(27) <=> CH3X(21) + CHX(28) 0.000 -0.000
17 CHX(28) + X(1) <=> CX(26) + HX(19) -0.000 -0.000
18 CX(26) + H2(6) <=> CH2X(27) -0.000 -0.064
19 CX(26) + HOX(22) <=> CHX(28) + OX(20) -0.000 0.000
20 CH3X(21) + CX(26) <=> CH2X(27) + CHX(28) -0.000 -0.001
21 CH2X(27) + CX(26) <=> 2 CHX(28) 0.000 -0.000
22 CO(7) + X(1) <=> OCX(25) -0.002 -0.365
23 CX(26) + OX(20) <=> OCX(25) + X(1) -0.000 -0.000
24 H2(6) + X(1) <=> H2X(49) -0.000 -0.000
25 CO(7) + X(1) <=> COX(50) 0.000 0.000
26 CH2O(9) + 2 X(1) <=> CHOX(53) + HX(19) -0.000 -0.000
27 HCO(15) + X(1) <=> CHOX(53) 0.000 0.000
28 CH3CHO(16) + 2 X(1) <=> CH3X(21) + CHOX(53) 0.000 0.000
29 CHOX(53) + X(1) <=> HX(19) + OCX(25) -0.000 0.000
30 HOX(22) + OCX(25) <=> CHOX(53) + OX(20) -0.000 0.000
31 CH2X(27) + CHOX(53) <=> CH3X(21) + OCX(25) 0.000 0.000
32 CHOX(53) + CHX(28) <=> CH2X(27) + OCX(25) 0.000 -0.000
33 CHOX(53) + CX(26) <=> CHX(28) + OCX(25) 0.000 0.000
34 CO2(4) + X(1) <=> CO2X(24) 0.000 -0.000
35 OCX(25) + OX(20) <=> CO2X(24) + X(1) 0.000 -0.000
36 CO2X(24) + HX(19) <=> HOX(22) + OCX(25) -0.000 0.000
37 CH4(2) + HOX(22) + X(1) <=> CH3X(21) + H2OX(23) 0.000 -0.000
38 H2O(5) + X(1) <=> H2OX(23) 0.000 -0.000
39 H2OX(23) + OX(20) <=> 2 HOX(22) 0.004 -0.049
40 HOX(22) + HX(19) <=> H2OX(23) + X(1) 0.000 -0.000
Finished sensitivity simulation for a C/O ratio of 2.2
Finished translating for C/O ratio of 2.2
Starting sensitivity simulation for a C/O ratio of 1.1
0 CH4(2) + X(1) <=> CH4X(48) -0.000 0.000
1 O2(3) + 2 X(1) <=> 2 OX(20) 0.314 4.702
2 H2(6) + 2 X(1) <=> 2 HX(19) -0.115 -1.188
3 H(12) + X(1) <=> HX(19) 0.000 0.000
4 HX(19) + OX(20) <=> HOX(22) + X(1) 0.000 0.000
5 H2O(5) + 2 X(1) <=> HOX(22) + HX(19) 0.000 -0.000
6 OH(17) + X(1) <=> HOX(22) 0.000 -0.000
7 CH4(2) + 2 X(1) <=> CH3X(21) + HX(19) -0.000 0.000
8 CH4(2) + OX(20) + X(1) <=> CH3X(21) + HOX(22) -0.002 -0.044
9 C2H6(8) + 2 X(1) <=> 2 CH3X(21) 0.000 0.000
10 CH3(10) + X(1) <=> CH3X(21) 0.000 0.000
11 CH3OH(14) + 2 X(1) <=> CH3X(21) + HOX(22) -0.000 0.000
12 CH2X(27) + HX(19) <=> CH3X(21) + X(1) -0.194 -3.758
13 CH2X(27) + HOX(22) <=> CH3X(21) + OX(20) -0.000 -0.000
14 CHX(28) + HX(19) <=> CH2X(27) + X(1) -0.000 -0.000
15 CHX(28) + HOX(22) <=> CH2X(27) + OX(20) -0.000 0.000
16 2 CH2X(27) <=> CH3X(21) + CHX(28) 0.000 0.000
17 CHX(28) + X(1) <=> CX(26) + HX(19) 0.000 0.000
18 CX(26) + H2(6) <=> CH2X(27) -0.001 -0.006
19 CX(26) + HOX(22) <=> CHX(28) + OX(20) -0.000 0.000
20 CH3X(21) + CX(26) <=> CH2X(27) + CHX(28) -0.000 -0.000
21 CH2X(27) + CX(26) <=> 2 CHX(28) 0.000 0.000
22 CO(7) + X(1) <=> OCX(25) -0.004 -0.079
23 CX(26) + OX(20) <=> OCX(25) + X(1) -0.000 -0.000
24 H2(6) + X(1) <=> H2X(49) -0.000 -0.000
25 CO(7) + X(1) <=> COX(50) 0.000 0.000
26 CH2O(9) + 2 X(1) <=> CHOX(53) + HX(19) -0.000 0.000
27 HCO(15) + X(1) <=> CHOX(53) -0.000 0.000
28 CH3CHO(16) + 2 X(1) <=> CH3X(21) + CHOX(53) -0.000 0.000
29 CHOX(53) + X(1) <=> HX(19) + OCX(25) 0.000 -0.000
30 HOX(22) + OCX(25) <=> CHOX(53) + OX(20) -0.000 0.000
31 CH2X(27) + CHOX(53) <=> CH3X(21) + OCX(25) -0.000 0.000
32 CHOX(53) + CHX(28) <=> CH2X(27) + OCX(25) 0.000 0.000
33 CHOX(53) + CX(26) <=> CHX(28) + OCX(25) 0.000 0.000
34 CO2(4) + X(1) <=> CO2X(24) 0.000 -0.000
35 OCX(25) + OX(20) <=> CO2X(24) + X(1) 0.000 0.000
36 CO2X(24) + HX(19) <=> HOX(22) + OCX(25) 0.000 0.000
37 CH4(2) + HOX(22) + X(1) <=> CH3X(21) + H2OX(23) 0.000 -0.000
38 H2O(5) + X(1) <=> H2OX(23) 0.000 -0.001
39 H2OX(23) + OX(20) <=> 2 HOX(22) 0.007 -0.868
40 HOX(22) + HX(19) <=> H2OX(23) + X(1) 0.000 -0.000
Finished sensitivity simulation for a C/O ratio of 1.1
Finished translating for C/O ratio of 1.1
Starting sensitivity simulation for a C/O ratio of 1.8
0 CH4(2) + X(1) <=> CH4X(48) -0.000 -0.000
1 O2(3) + 2 X(1) <=> 2 OX(20) 0.042 4.097
2 H2(6) + 2 X(1) <=> 2 HX(19) -0.025 -2.288
3 H(12) + X(1) <=> HX(19) -0.000 -0.000
4 HX(19) + OX(20) <=> HOX(22) + X(1) -0.000 -0.000
5 H2O(5) + 2 X(1) <=> HOX(22) + HX(19) 0.000 -0.000
6 OH(17) + X(1) <=> HOX(22) -0.000 -0.000
7 CH4(2) + 2 X(1) <=> CH3X(21) + HX(19) -0.000 -0.000
8 CH4(2) + OX(20) + X(1) <=> CH3X(21) + HOX(22) -0.001 -0.068
9 C2H6(8) + 2 X(1) <=> 2 CH3X(21) 0.000 -0.000
10 CH3(10) + X(1) <=> CH3X(21) 0.000 -0.000
11 CH3OH(14) + 2 X(1) <=> CH3X(21) + HOX(22) -0.000 -0.000
12 CH2X(27) + HX(19) <=> CH3X(21) + X(1) -0.015 -1.939
13 CH2X(27) + HOX(22) <=> CH3X(21) + OX(20) -0.000 -0.000
14 CHX(28) + HX(19) <=> CH2X(27) + X(1) -0.000 -0.000
15 CHX(28) + HOX(22) <=> CH2X(27) + OX(20) -0.000 -0.000
16 2 CH2X(27) <=> CH3X(21) + CHX(28) -0.000 0.000
17 CHX(28) + X(1) <=> CX(26) + HX(19) -0.000 -0.000
18 CX(26) + H2(6) <=> CH2X(27) -0.001 -0.048
19 CX(26) + HOX(22) <=> CHX(28) + OX(20) -0.000 -0.000
20 CH3X(21) + CX(26) <=> CH2X(27) + CHX(28) -0.000 -0.001
21 CH2X(27) + CX(26) <=> 2 CHX(28) -0.000 0.000
22 CO(7) + X(1) <=> OCX(25) -0.003 -0.409
23 CX(26) + OX(20) <=> OCX(25) + X(1) -0.000 -0.000
24 H2(6) + X(1) <=> H2X(49) -0.000 -0.000
25 CO(7) + X(1) <=> COX(50) -0.000 -0.000
26 CH2O(9) + 2 X(1) <=> CHOX(53) + HX(19) -0.000 -0.000
27 HCO(15) + X(1) <=> CHOX(53) -0.000 -0.000
28 CH3CHO(16) + 2 X(1) <=> CH3X(21) + CHOX(53) -0.000 -0.000
29 CHOX(53) + X(1) <=> HX(19) + OCX(25) -0.000 -0.000
30 HOX(22) + OCX(25) <=> CHOX(53) + OX(20) -0.000 -0.000
31 CH2X(27) + CHOX(53) <=> CH3X(21) + OCX(25) -0.000 -0.000
32 CHOX(53) + CHX(28) <=> CH2X(27) + OCX(25) -0.000 -0.000
33 CHOX(53) + CX(26) <=> CHX(28) + OCX(25) -0.000 -0.000
34 CO2(4) + X(1) <=> CO2X(24) 0.000 -0.000
35 OCX(25) + OX(20) <=> CO2X(24) + X(1) -0.000 -0.000
36 CO2X(24) + HX(19) <=> HOX(22) + OCX(25) -0.000 -0.000
37 CH4(2) + HOX(22) + X(1) <=> CH3X(21) + H2OX(23) 0.000 -0.000
38 H2O(5) + X(1) <=> H2OX(23) 0.000 -0.000
39 H2OX(23) + OX(20) <=> 2 HOX(22) 0.007 -0.122
40 HOX(22) + HX(19) <=> H2OX(23) + X(1) 0.000 -0.000
Finished sensitivity simulation for a C/O ratio of 1.8
Finished translating for C/O ratio of 1.8
Starting sensitivity simulation for a C/O ratio of 2.6
0 CH4(2) + X(1) <=> CH4X(48) 0.000 0.000
1 O2(3) + 2 X(1) <=> 2 OX(20) 0.010 2.386
2 H2(6) + 2 X(1) <=> 2 HX(19) -0.008 -1.844
3 H(12) + X(1) <=> HX(19) 0.000 -0.000
4 HX(19) + OX(20) <=> HOX(22) + X(1) -0.000 -0.000
5 H2O(5) + 2 X(1) <=> HOX(22) + HX(19) 0.000 -0.000
6 OH(17) + X(1) <=> HOX(22) -0.000 0.000
7 CH4(2) + 2 X(1) <=> CH3X(21) + HX(19) 0.000 -0.000
8 CH4(2) + OX(20) + X(1) <=> CH3X(21) + HOX(22) -0.000 -0.045
9 C2H6(8) + 2 X(1) <=> 2 CH3X(21) 0.000 0.000
10 CH3(10) + X(1) <=> CH3X(21) 0.000 0.000
11 CH3OH(14) + 2 X(1) <=> CH3X(21) + HOX(22) 0.000 -0.000
12 CH2X(27) + HX(19) <=> CH3X(21) + X(1) -0.002 -0.700
13 CH2X(27) + HOX(22) <=> CH3X(21) + OX(20) 0.000 -0.000
14 CHX(28) + HX(19) <=> CH2X(27) + X(1) -0.000 -0.000
15 CHX(28) + HOX(22) <=> CH2X(27) + OX(20) 0.000 0.000
16 2 CH2X(27) <=> CH3X(21) + CHX(28) -0.000 -0.000
17 CHX(28) + X(1) <=> CX(26) + HX(19) -0.000 -0.000
18 CX(26) + H2(6) <=> CH2X(27) -0.000 -0.078
19 CX(26) + HOX(22) <=> CHX(28) + OX(20) -0.000 -0.000
20 CH3X(21) + CX(26) <=> CH2X(27) + CHX(28) -0.000 -0.001
21 CH2X(27) + CX(26) <=> 2 CHX(28) 0.000 -0.000
22 CO(7) + X(1) <=> OCX(25) -0.001 -0.321
23 CX(26) + OX(20) <=> OCX(25) + X(1) 0.000 -0.000
24 H2(6) + X(1) <=> H2X(49) -0.000 0.000
25 CO(7) + X(1) <=> COX(50) 0.000 0.000
26 CH2O(9) + 2 X(1) <=> CHOX(53) + HX(19) 0.000 0.000
27 HCO(15) + X(1) <=> CHOX(53) -0.000 -0.000
28 CH3CHO(16) + 2 X(1) <=> CH3X(21) + CHOX(53) -0.000 -0.000
29 CHOX(53) + X(1) <=> HX(19) + OCX(25) -0.000 -0.000
30 HOX(22) + OCX(25) <=> CHOX(53) + OX(20) -0.000 -0.000
31 CH2X(27) + CHOX(53) <=> CH3X(21) + OCX(25) 0.000 -0.000
32 CHOX(53) + CHX(28) <=> CH2X(27) + OCX(25) 0.000 -0.000
33 CHOX(53) + CX(26) <=> CHX(28) + OCX(25) 0.000 -0.000
34 CO2(4) + X(1) <=> CO2X(24) 0.000 -0.000
35 OCX(25) + OX(20) <=> CO2X(24) + X(1) 0.000 0.000
36 CO2X(24) + HX(19) <=> HOX(22) + OCX(25) 0.000 -0.000
37 CH4(2) + HOX(22) + X(1) <=> CH3X(21) + H2OX(23) 0.000 -0.000
38 H2O(5) + X(1) <=> H2OX(23) 0.000 -0.000
39 H2OX(23) + OX(20) <=> 2 HOX(22) 0.003 -0.027
40 HOX(22) + HX(19) <=> H2OX(23) + X(1) 0.000 -0.000
Finished sensitivity simulation for a C/O ratio of 2.6
Finished translating for C/O ratio of 2.6
Starting sensitivity simulation for a C/O ratio of 0.8
0 CH4(2) + X(1) <=> CH4X(48) 0.000 -0.000
1 O2(3) + 2 X(1) <=> 2 OX(20) 0.419 3.291
2 H2(6) + 2 X(1) <=> 2 HX(19) -0.143 -0.507
3 H(12) + X(1) <=> HX(19) 0.000 -0.000
4 HX(19) + OX(20) <=> HOX(22) + X(1) 0.000 -0.000
5 H2O(5) + 2 X(1) <=> HOX(22) + HX(19) 0.000 -0.000
6 OH(17) + X(1) <=> HOX(22) 0.000 0.000
7 CH4(2) + 2 X(1) <=> CH3X(21) + HX(19) 0.000 0.000
8 CH4(2) + OX(20) + X(1) <=> CH3X(21) + HOX(22) -0.002 -0.024
9 C2H6(8) + 2 X(1) <=> 2 CH3X(21) 0.000 -0.000
10 CH3(10) + X(1) <=> CH3X(21) 0.000 0.000
11 CH3OH(14) + 2 X(1) <=> CH3X(21) + HOX(22) 0.000 -0.000
12 CH2X(27) + HX(19) <=> CH3X(21) + X(1) -0.273 -2.895
13 CH2X(27) + HOX(22) <=> CH3X(21) + OX(20) -0.000 -0.000
14 CHX(28) + HX(19) <=> CH2X(27) + X(1) -0.000 -0.000
15 CHX(28) + HOX(22) <=> CH2X(27) + OX(20) 0.000 -0.000
16 2 CH2X(27) <=> CH3X(21) + CHX(28) 0.000 -0.000
17 CHX(28) + X(1) <=> CX(26) + HX(19) -0.000 -0.000
18 CX(26) + H2(6) <=> CH2X(27) -0.000 -0.001
19 CX(26) + HOX(22) <=> CHX(28) + OX(20) -0.000 0.000
20 CH3X(21) + CX(26) <=> CH2X(27) + CHX(28) -0.000 -0.000
21 CH2X(27) + CX(26) <=> 2 CHX(28) 0.000 -0.000
22 CO(7) + X(1) <=> OCX(25) -0.001 -0.017
23 CX(26) + OX(20) <=> OCX(25) + X(1) -0.000 -0.000
24 H2(6) + X(1) <=> H2X(49) 0.000 -0.000
25 CO(7) + X(1) <=> COX(50) 0.000 0.000
26 CH2O(9) + 2 X(1) <=> CHOX(53) + HX(19) 0.000 -0.000
27 HCO(15) + X(1) <=> CHOX(53) 0.000 -0.000
28 CH3CHO(16) + 2 X(1) <=> CH3X(21) + CHOX(53) 0.000 -0.000
29 CHOX(53) + X(1) <=> HX(19) + OCX(25) 0.000 -0.000
30 HOX(22) + OCX(25) <=> CHOX(53) + OX(20) 0.000 -0.000
31 CH2X(27) + CHOX(53) <=> CH3X(21) + OCX(25) 0.000 -0.000
32 CHOX(53) + CHX(28) <=> CH2X(27) + OCX(25) 0.000 0.000
33 CHOX(53) + CX(26) <=> CHX(28) + OCX(25) 0.000 -0.000
34 CO2(4) + X(1) <=> CO2X(24) 0.000 -0.000
35 OCX(25) + OX(20) <=> CO2X(24) + X(1) 0.000 -0.000
36 CO2X(24) + HX(19) <=> HOX(22) + OCX(25) 0.000 -0.000
37 CH4(2) + HOX(22) + X(1) <=> CH3X(21) + H2OX(23) 0.000 -0.000
38 H2O(5) + X(1) <=> H2OX(23) 0.000 -0.001
39 H2OX(23) + OX(20) <=> 2 HOX(22) 0.003 -0.965
40 HOX(22) + HX(19) <=> H2OX(23) + X(1) -0.000 -0.000
Finished sensitivity simulation for a C/O ratio of 0.8
Finished translating for C/O ratio of 0.8
Starting sensitivity simulation for a C/O ratio of 1.3
0 CH4(2) + X(1) <=> CH4X(48) 0.000 -0.000
1 O2(3) + 2 X(1) <=> 2 OX(20) 0.224 5.936
2 H2(6) + 2 X(1) <=> 2 HX(19) -0.091 -2.018
3 H(12) + X(1) <=> HX(19) -0.000 -0.000
4 HX(19) + OX(20) <=> HOX(22) + X(1) -0.000 -0.000
5 H2O(5) + 2 X(1) <=> HOX(22) + HX(19) 0.000 -0.000
6 OH(17) + X(1) <=> HOX(22) 0.000 -0.000
7 CH4(2) + 2 X(1) <=> CH3X(21) + HX(19) 0.000 -0.000
8 CH4(2) + OX(20) + X(1) <=> CH3X(21) + HOX(22) -0.002 -0.069
9 C2H6(8) + 2 X(1) <=> 2 CH3X(21) 0.000 -0.000
10 CH3(10) + X(1) <=> CH3X(21) 0.000 0.000
11 CH3OH(14) + 2 X(1) <=> CH3X(21) + HOX(22) 0.000 -0.000
12 CH2X(27) + HX(19) <=> CH3X(21) + X(1) -0.126 -4.246
13 CH2X(27) + HOX(22) <=> CH3X(21) + OX(20) -0.000 -0.000
14 CHX(28) + HX(19) <=> CH2X(27) + X(1) -0.000 -0.000
15 CHX(28) + HOX(22) <=> CH2X(27) + OX(20) -0.000 -0.000
16 2 CH2X(27) <=> CH3X(21) + CHX(28) -0.000 -0.000
17 CHX(28) + X(1) <=> CX(26) + HX(19) -0.000 -0.000
18 CX(26) + H2(6) <=> CH2X(27) -0.001 -0.016
19 CX(26) + HOX(22) <=> CHX(28) + OX(20) 0.000 -0.000
20 CH3X(21) + CX(26) <=> CH2X(27) + CHX(28) -0.000 -0.000
21 CH2X(27) + CX(26) <=> 2 CHX(28) -0.000 0.000
22 CO(7) + X(1) <=> OCX(25) -0.006 -0.206
23 CX(26) + OX(20) <=> OCX(25) + X(1) -0.000 -0.000
24 H2(6) + X(1) <=> H2X(49) -0.000 -0.000
25 CO(7) + X(1) <=> COX(50) -0.000 -0.000
26 CH2O(9) + 2 X(1) <=> CHOX(53) + HX(19) 0.000 -0.000
27 HCO(15) + X(1) <=> CHOX(53) 0.000 -0.000
28 CH3CHO(16) + 2 X(1) <=> CH3X(21) + CHOX(53) -0.000 -0.000
29 CHOX(53) + X(1) <=> HX(19) + OCX(25) 0.000 -0.000
30 HOX(22) + OCX(25) <=> CHOX(53) + OX(20) -0.000 -0.000
31 CH2X(27) + CHOX(53) <=> CH3X(21) + OCX(25) 0.000 -0.000
32 CHOX(53) + CHX(28) <=> CH2X(27) + OCX(25) -0.000 -0.000
33 CHOX(53) + CX(26) <=> CHX(28) + OCX(25) -0.000 -0.000
34 CO2(4) + X(1) <=> CO2X(24) 0.000 -0.000
35 OCX(25) + OX(20) <=> CO2X(24) + X(1) -0.000 -0.000
36 CO2X(24) + HX(19) <=> HOX(22) + OCX(25) -0.000 -0.000
37 CH4(2) + HOX(22) + X(1) <=> CH3X(21) + H2OX(23) 0.000 -0.000
38 H2O(5) + X(1) <=> H2OX(23) 0.000 -0.001
39 H2OX(23) + OX(20) <=> 2 HOX(22) 0.010 -0.656
40 HOX(22) + HX(19) <=> H2OX(23) + X(1) 0.000 -0.000
Finished sensitivity simulation for a C/O ratio of 1.3
Finished translating for C/O ratio of 1.3
