This mechanism contains 47 gas reactions and 36 surface reactions
Finished simulation at a C/O ratio of 1.1
Finished simulation at a C/O ratio of 2.6
Finished simulation at a C/O ratio of 2.2
Finished simulation at a C/O ratio of 1.2
Finished simulation at a C/O ratio of 1.4
Finished simulation at a C/O ratio of 1.6
Finished simulation at a C/O ratio of 0.8
Finished simulation at a C/O ratio of 2.4
Finished simulation at a C/O ratio of 1.0
Finished simulation at a C/O ratio of 0.9
Finished simulation at a C/O ratio of 1.3
Finished simulation at a C/O ratio of 0.6
Finished simulation at a C/O ratio of 1.8
Finished simulation at a C/O ratio of 2.0
Finished simulation at a C/O ratio of 0.7
Starting thermo sensitivity simulation for a C/O ratio of 2.4
0 X(1) -0.002 -0.003 -0.005 -0.003 0.006
1 HX(19) 0.001 0.000 0.002 0.001 0.001
2 OX(20) -0.000 -0.003 -0.003 -0.001 0.006
3 CH3X(21) 0.000 -0.001 -0.001 0.000 0.003
4 HOX(22) 0.000 0.000 0.001 0.000 -0.002
5 H2OX(23) 0.000 0.001 0.001 0.001 0.005
6 CO2X(24) 0.000 -0.001 -0.001 0.000 0.006
7 OCX(25) 0.000 -0.001 -0.001 -0.000 0.006
8 CX(26) -0.000 -0.001 -0.001 0.000 -0.002
9 CH2X(27) 0.001 0.000 0.002 0.001 -0.003
10 CHX(28) 0.000 -0.001 -0.001 -0.000 0.000
11 CH4X(48) 0.000 -0.000 -0.000 -0.000 0.004
12 H2X(49) 0.000 -0.001 -0.001 0.000 0.004
13 COX(50) -0.000 -0.001 -0.001 -0.000 -0.000
14 C2H6X(52) 0.000 -0.000 -0.000 0.000 0.001
15 C2H4X(65) 0.000 -0.000 -0.000 -0.000 0.009
16 C2H4X(205) 0.000 -0.002 -0.002 -0.000 0.003
Finished thermo sensitivity simulation for a C/O ratio of 2.4
Starting thermo sensitivity simulation for a C/O ratio of 0.8
0 X(1) -0.002 -0.001 -0.004 -0.002 -0.000
1 HX(19) 0.001 0.002 0.003 0.001 -0.000
2 OX(20) -0.001 -0.001 -0.002 -0.001 -0.000
3 CH3X(21) -0.000 0.001 0.001 -0.000 -0.000
4 HOX(22) 0.000 0.000 0.001 0.000 -0.000
5 H2OX(23) 0.000 0.001 0.001 0.001 -0.000
6 CO2X(24) -0.000 -0.000 -0.000 -0.000 -0.000
7 OCX(25) -0.000 0.001 0.001 -0.000 -0.000
8 CX(26) -0.000 0.001 0.001 -0.000 -0.000
9 CH2X(27) 0.001 0.002 0.004 0.001 -0.000
10 CHX(28) -0.000 -0.001 -0.001 -0.000 -0.000
11 CH4X(48) -0.000 0.000 0.000 -0.000 -0.000
12 H2X(49) -0.000 -0.001 -0.001 0.000 -0.000
13 COX(50) -0.000 -0.001 -0.001 -0.000 -0.000
14 C2H6X(52) -0.000 0.000 0.000 -0.000 -0.000
15 C2H4X(65) -0.000 0.001 0.001 -0.000 -0.000
16 C2H4X(205) -0.000 -0.000 -0.000 -0.000 -0.000
Finished thermo sensitivity simulation for a C/O ratio of 0.8
Starting thermo sensitivity simulation for a C/O ratio of 2.2
0 X(1) -0.003 -0.003 -0.006 -0.003 -0.043
1 HX(19) 0.000 0.000 0.001 0.001 -0.047
2 OX(20) -0.001 -0.002 -0.004 -0.001 -0.044
3 CH3X(21) -0.001 -0.001 -0.002 -0.000 -0.038
4 HOX(22) -0.000 -0.001 -0.001 0.000 -0.036
5 H2OX(23) -0.001 -0.000 -0.001 0.001 -0.052
6 CO2X(24) -0.000 -0.000 -0.001 -0.000 -0.032
7 OCX(25) -0.001 -0.000 -0.001 0.000 -0.038
8 CX(26) -0.001 -0.001 -0.002 0.000 -0.044
9 CH2X(27) 0.001 0.000 0.001 0.001 -0.033
10 CHX(28) -0.001 -0.000 -0.001 0.000 -0.043
11 CH4X(48) -0.001 -0.001 -0.001 -0.000 -0.036
12 H2X(49) -0.001 -0.002 -0.002 0.000 -0.048
13 COX(50) -0.001 -0.001 -0.002 -0.000 -0.045
14 C2H6X(52) -0.001 -0.001 -0.001 -0.000 -0.043
15 C2H4X(65) -0.001 0.001 0.000 -0.000 -0.040
16 C2H4X(205) -0.001 -0.001 -0.002 0.000 -0.037
Finished thermo sensitivity simulation for a C/O ratio of 2.2
Starting thermo sensitivity simulation for a C/O ratio of 0.7
0 X(1) -0.002 -0.003 -0.005 -0.002 0.000
1 HX(19) 0.001 0.001 0.002 0.001 0.000
2 OX(20) -0.001 -0.001 -0.001 -0.001 -0.003
3 CH3X(21) 0.000 -0.001 -0.001 0.000 0.000
4 HOX(22) 0.001 -0.000 0.000 0.001 0.000
5 H2OX(23) 0.000 0.001 0.002 0.001 0.000
6 CO2X(24) 0.000 -0.001 -0.001 0.000 0.000
7 OCX(25) 0.000 0.000 0.001 0.000 0.000
8 CX(26) 0.000 0.000 0.001 0.000 0.000
9 CH2X(27) 0.001 0.002 0.004 0.001 -0.000
10 CHX(28) 0.000 0.000 0.000 0.000 0.000
11 CH4X(48) 0.000 -0.001 -0.000 0.000 0.000
12 H2X(49) 0.000 0.001 0.001 0.000 0.000
13 COX(50) -0.000 -0.000 -0.000 0.000 0.000
14 C2H6X(52) 0.000 0.001 0.001 0.000 -0.000
15 C2H4X(65) 0.000 -0.001 -0.001 -0.000 0.000
16 C2H4X(205) 0.000 0.001 0.001 0.000 0.000
Finished thermo sensitivity simulation for a C/O ratio of 0.7
Starting thermo sensitivity simulation for a C/O ratio of 0.9
0 X(1) -0.002 -0.001 -0.004 -0.002 0.000
1 HX(19) 0.001 0.002 0.003 0.001 0.000
2 OX(20) -0.001 -0.000 -0.001 -0.001 -0.000
3 CH3X(21) -0.000 0.001 0.001 -0.000 0.000
4 HOX(22) 0.000 0.000 0.001 0.000 0.000
5 H2OX(23) 0.000 0.001 0.002 0.001 -0.000
6 CO2X(24) -0.000 0.000 0.000 -0.000 0.000
7 OCX(25) -0.000 0.000 0.000 -0.000 0.000
8 CX(26) -0.000 -0.000 -0.000 -0.000 0.000
9 CH2X(27) 0.001 0.000 0.002 0.001 0.000
10 CHX(28) -0.000 0.001 0.000 -0.000 0.000
11 CH4X(48) 0.000 0.001 0.001 -0.000 0.000
12 H2X(49) 0.000 0.001 0.001 -0.000 0.000
13 COX(50) 0.000 0.001 0.001 -0.000 0.000
14 C2H6X(52) -0.000 0.001 0.001 -0.000 0.000
15 C2H4X(65) -0.000 0.001 0.001 -0.000 0.000
16 C2H4X(205) -0.000 -0.000 -0.000 -0.000 -0.000
Finished thermo sensitivity simulation for a C/O ratio of 0.9
Starting thermo sensitivity simulation for a C/O ratio of 1.8
0 X(1) 0.017 0.016 0.033 -0.003 1.175
1 HX(19) 0.064 0.064 0.128 0.001 3.743
2 OX(20) 0.056 0.054 0.111 -0.001 3.380
3 CH3X(21) 0.080 0.079 0.159 -0.000 4.751
4 HOX(22) 0.020 0.018 0.038 0.000 1.161
5 H2OX(23) 0.020 0.019 0.039 0.001 1.175
6 CO2X(24) 0.020 0.019 0.038 -0.000 1.165
7 OCX(25) 0.020 0.019 0.039 -0.000 1.175
8 CX(26) 0.089 0.087 0.176 -0.000 5.295
9 CH2X(27) 0.064 0.062 0.126 0.001 3.694
10 CHX(28) 0.091 0.090 0.181 -0.000 5.414
11 CH4X(48) 0.021 0.020 0.041 -0.000 1.266
12 H2X(49) 0.020 0.019 0.039 -0.000 1.202
13 COX(50) 0.063 0.063 0.126 -0.000 3.758
14 C2H6X(52) 0.021 0.021 0.042 -0.000 1.249
15 C2H4X(65) 0.084 0.084 0.168 -0.000 5.011
16 C2H4X(205) 0.020 0.019 0.039 -0.000 1.183
Finished thermo sensitivity simulation for a C/O ratio of 1.8
Starting thermo sensitivity simulation for a C/O ratio of 1.4
0 X(1) -0.002 -0.002 -0.004 -0.002 -0.000
1 HX(19) 0.001 0.002 0.003 0.001 0.000
2 OX(20) -0.001 -0.001 -0.001 -0.001 -0.000
3 CH3X(21) 0.000 -0.000 -0.000 0.000 -0.000
4 HOX(22) 0.000 0.000 0.001 0.000 -0.000
5 H2OX(23) 0.000 0.002 0.002 0.001 -0.000
6 CO2X(24) -0.000 0.000 0.000 -0.000 -0.000
7 OCX(25) 0.000 -0.000 -0.000 0.000 0.000
8 CX(26) 0.000 0.000 0.000 0.000 -0.000
9 CH2X(27) 0.001 0.002 0.003 0.001 -0.000
10 CHX(28) -0.000 -0.000 -0.000 -0.000 -0.000
11 CH4X(48) 0.000 0.000 0.000 -0.000 -0.000
12 H2X(49) 0.000 0.000 0.000 0.000 -0.000
13 COX(50) 0.000 -0.000 -0.000 -0.000 -0.000
14 C2H6X(52) 0.000 0.000 0.000 0.000 0.001
15 C2H4X(65) 0.000 0.000 0.000 -0.000 0.004
16 C2H4X(205) 0.000 -0.000 -0.000 0.000 -0.000
Finished thermo sensitivity simulation for a C/O ratio of 1.4
Starting thermo sensitivity simulation for a C/O ratio of 2.6
0 X(1) -0.002 -0.002 -0.005 -0.003 0.011
1 HX(19) 0.001 0.001 0.003 0.001 0.012
2 OX(20) -0.000 -0.001 -0.001 -0.001 0.021
3 CH3X(21) 0.000 -0.000 -0.000 -0.000 0.010
4 HOX(22) 0.000 0.000 0.001 0.000 0.015
5 H2OX(23) 0.001 0.001 0.002 0.001 0.022
6 CO2X(24) 0.000 -0.000 -0.000 0.000 0.008
7 OCX(25) 0.000 -0.000 -0.000 0.000 0.014
8 CX(26) 0.000 -0.000 -0.000 -0.000 0.007
9 CH2X(27) 0.001 0.001 0.003 0.001 0.002
10 CHX(28) 0.000 -0.000 -0.000 -0.000 0.008
11 CH4X(48) 0.000 -0.001 -0.001 -0.000 0.002
12 H2X(49) 0.000 -0.000 -0.000 0.000 0.013
13 COX(50) 0.000 -0.001 -0.001 -0.000 0.006
14 C2H6X(52) 0.000 -0.001 -0.001 -0.000 0.010
15 C2H4X(65) 0.000 0.000 0.000 0.000 0.004
16 C2H4X(205) -0.000 -0.000 -0.000 -0.000 -0.006
Finished thermo sensitivity simulation for a C/O ratio of 2.6
Starting thermo sensitivity simulation for a C/O ratio of 2.0
0 X(1) -0.002 -0.003 -0.005 -0.003 0.004
1 HX(19) 0.001 0.000 0.001 0.001 -0.036
2 OX(20) -0.000 -0.002 -0.002 -0.001 0.009
3 CH3X(21) 0.000 -0.002 -0.001 0.000 -0.000
4 HOX(22) 0.000 -0.000 -0.000 0.000 0.001
5 H2OX(23) 0.000 -0.000 0.000 0.001 0.000
6 CO2X(24) -0.000 -0.000 -0.001 -0.000 -0.016
7 OCX(25) 0.000 0.000 0.001 -0.000 0.021
8 CX(26) 0.000 -0.001 -0.001 -0.000 0.003
9 CH2X(27) 0.001 0.000 0.001 0.001 -0.050
10 CHX(28) 0.000 0.001 0.001 -0.000 0.006
11 CH4X(48) -0.000 -0.001 -0.001 -0.000 -0.004
12 H2X(49) 0.000 -0.000 -0.000 -0.000 0.006
13 COX(50) 0.000 -0.000 0.000 -0.000 0.015
14 C2H6X(52) 0.000 -0.001 -0.001 -0.000 0.009
15 C2H4X(65) -0.000 0.000 0.000 -0.000 -0.003
16 C2H4X(205) -0.000 -0.000 -0.001 -0.000 -0.009
Finished thermo sensitivity simulation for a C/O ratio of 2.0
Starting thermo sensitivity simulation for a C/O ratio of 0.6
0 X(1) -0.002 -0.002 -0.004 -0.002 -0.000
1 HX(19) 0.001 0.001 0.002 0.001 -0.000
2 OX(20) -0.001 -0.001 -0.001 -0.001 0.000
3 CH3X(21) -0.000 0.001 0.001 0.000 0.000
4 HOX(22) 0.000 0.003 0.003 0.001 0.000
5 H2OX(23) 0.000 0.001 0.001 0.001 -0.000
6 CO2X(24) -0.000 0.000 0.000 -0.000 -0.000
7 OCX(25) -0.000 0.001 0.001 -0.000 0.000
8 CX(26) 0.000 0.001 0.001 0.000 -0.000
9 CH2X(27) 0.001 0.002 0.003 0.001 -0.000
10 CHX(28) 0.000 0.001 0.002 0.000 0.011
11 CH4X(48) -0.000 0.001 0.001 0.000 0.000
12 H2X(49) -0.000 0.001 0.001 0.000 0.000
13 COX(50) -0.000 0.001 0.001 -0.000 0.000
14 C2H6X(52) -0.000 0.002 0.001 0.000 0.000
15 C2H4X(65) -0.000 0.001 0.001 -0.000 0.000
16 C2H4X(205) -0.000 0.002 0.002 0.000 -0.000
Finished thermo sensitivity simulation for a C/O ratio of 0.6
Starting thermo sensitivity simulation for a C/O ratio of 1.6
0 X(1) -0.002 -0.002 -0.005 -0.002 0.000
1 HX(19) 0.001 -0.002 -0.001 0.001 0.000
2 OX(20) -0.001 -0.002 -0.002 -0.001 0.002
3 CH3X(21) -0.000 -0.000 -0.000 0.000 -0.000
4 HOX(22) 0.000 -0.000 -0.000 0.000 -0.001
5 H2OX(23) 0.000 -0.000 -0.000 0.001 -0.000
6 CO2X(24) -0.000 -0.001 -0.001 0.000 -0.000
7 OCX(25) -0.000 0.000 0.000 -0.000 0.002
8 CX(26) -0.000 -0.001 -0.001 0.000 -0.001
9 CH2X(27) 0.001 0.001 0.002 0.001 -0.008
10 CHX(28) -0.000 -0.001 -0.001 -0.000 -0.005
11 CH4X(48) -0.000 0.001 0.001 0.000 -0.000
12 H2X(49) -0.000 -0.000 -0.000 -0.000 -0.003
13 COX(50) -0.000 0.000 0.000 0.000 0.000
14 C2H6X(52) -0.000 0.000 0.000 -0.000 -0.005
15 C2H4X(65) -0.000 0.001 0.001 -0.000 -0.008
16 C2H4X(205) -0.000 -0.000 -0.001 -0.000 -0.004
Finished thermo sensitivity simulation for a C/O ratio of 1.6
Starting thermo sensitivity simulation for a C/O ratio of 1.3
0 X(1) -0.002 -0.005 -0.008 -0.002 -0.000
1 HX(19) 0.001 0.001 0.002 0.001 -0.000
2 OX(20) -0.001 -0.003 -0.004 -0.001 -0.000
3 CH3X(21) 0.000 -0.000 -0.000 -0.000 -0.000
4 HOX(22) 0.000 -0.001 -0.001 0.000 -0.000
5 H2OX(23) 0.000 -0.001 -0.000 0.001 -0.000
6 CO2X(24) 0.000 -0.000 -0.000 0.000 -0.000
7 OCX(25) 0.000 -0.000 -0.000 0.000 -0.000
8 CX(26) -0.000 -0.001 -0.001 -0.000 -0.000
9 CH2X(27) 0.001 0.001 0.002 0.001 -0.000
10 CHX(28) -0.000 -0.000 -0.001 -0.000 -0.000
11 CH4X(48) -0.000 0.000 0.000 -0.000 -0.000
12 H2X(49) -0.000 -0.001 -0.001 -0.000 -0.000
13 COX(50) -0.000 0.000 0.000 -0.000 -0.000
14 C2H6X(52) -0.000 -0.001 -0.001 -0.000 -0.000
15 C2H4X(65) -0.000 -0.000 -0.001 0.000 -0.000
16 C2H4X(205) 0.000 0.000 0.000 -0.000 -0.000
Finished thermo sensitivity simulation for a C/O ratio of 1.3
Starting sensitivity simulation for a C/O ratio of 1.0
0 CH4(2) + X(1) <=> CH4X(48) 0.000 -0.001 -0.001 -0.000 0.000
1 O2(3) + 2 X(1) <=> 2 OX(20) 0.490 0.983 1.468 1.008 0.000
2 H2(6) + 2 X(1) <=> 2 HX(19) -0.000 -0.000 -0.000 -0.000 -0.001
3 H(12) + X(1) <=> HX(19) -0.000 -0.000 -0.000 -0.000 -0.001
4 HX(19) + OX(20) <=> HOX(22) + X(1) 0.000 0.000 0.000 -0.000 0.000
5 H2O(5) + 2 X(1) <=> HOX(22) + HX(19) -0.000 0.000 0.000 -0.000 -0.001
6 OH(17) + X(1) <=> HOX(22) -0.000 -0.001 -0.001 -0.000 -0.001
7 CH4(2) + 2 X(1) <=> CH3X(21) + HX(19) 0.000 0.000 0.000 -0.000 0.000
8 CH4(2) + OX(20) + X(1) <=> CH3X(21) + HOX(22) -0.000 -0.001 -0.001 -0.001 -0.000
9 C2H6(8) + 2 X(1) <=> 2 CH3X(21) -0.000 -0.001 -0.001 -0.000 -0.001
10 CH3(10) + X(1) <=> CH3X(21) 0.657 -0.336 0.323 -0.344 -0.002
11 CH3OH(14) + 2 X(1) <=> CH3X(21) + HOX(22) -0.000 -0.000 -0.000 -0.000 -0.001
12 H2(6) + X(1) <=> H2X(49) -0.000 0.000 0.000 -0.000 -0.001
13 CH4(2) + HOX(22) + X(1) <=> CH3X(21) + H2OX(23) -0.000 0.001 0.001 -0.000 -0.001
14 H2O(5) + X(1) <=> H2OX(23) -0.000 -0.001 -0.001 -0.001 -0.000
15 H2OX(23) + OX(20) <=> 2 HOX(22) -0.156 -0.655 -0.812 -0.671 -0.003
16 HOX(22) + HX(19) <=> H2OX(23) + X(1) -0.000 0.000 0.000 -0.000 -0.001
17 CH2X(27) + HX(19) <=> CH3X(21) + X(1) -0.675 -0.675 -1.354 -0.691 0.000
18 CH2X(27) + HOX(22) <=> CH3X(21) + OX(20) -0.302 -0.301 -0.604 -0.309 0.000
19 CHX(28) + HX(19) <=> CH2X(27) + X(1) -0.000 0.000 0.000 -0.000 -0.000
20 CHX(28) + HOX(22) <=> CH2X(27) + OX(20) -0.000 0.000 0.000 -0.000 0.000
21 2 CH2X(27) <=> CH3X(21) + CHX(28) -0.000 -0.000 -0.000 -0.000 0.000
22 CHX(28) + X(1) <=> CX(26) + HX(19) -0.000 -0.000 -0.000 -0.000 0.000
23 CX(26) + H2(6) <=> CH2X(27) 0.000 -0.000 -0.000 -0.000 0.000
24 CX(26) + HOX(22) <=> CHX(28) + OX(20) 0.000 0.001 0.001 -0.000 0.000
25 CH3X(21) + CX(26) <=> CH2X(27) + CHX(28) -0.000 0.001 0.001 -0.000 -0.001
26 CH2X(27) + CX(26) <=> 2 CHX(28) -0.000 0.000 0.000 -0.000 -0.000
27 CO(7) + X(1) <=> OCX(25) -0.000 0.000 0.000 -0.000 -0.001
28 CX(26) + OX(20) <=> OCX(25) + X(1) 0.000 -0.000 -0.000 0.000 0.000
29 C2H6(8) + X(1) <=> C2H6X(52) -0.000 0.000 0.000 -0.000 -0.001
30 CO(7) + X(1) <=> COX(50) -0.000 0.000 0.000 -0.000 -0.001
31 C2H4(47) + X(1) <=> C2H4X(205) 0.000 0.001 0.001 -0.000 0.000
32 C2H4(18) + X(1) <=> C2H4X(65) 0.000 0.000 0.000 0.000 0.000
33 CO2(4) + X(1) <=> CO2X(24) 0.000 -0.000 -0.000 -0.000 0.000
34 OCX(25) + OX(20) <=> CO2X(24) + X(1) -0.000 -0.001 -0.001 -0.000 -0.001
35 CO2X(24) + HX(19) <=> HOX(22) + OCX(25) -0.000 -0.000 -0.000 -0.000 -0.001
Finished sensitivity simulation for a C/O ratio of 1.0
Finished translating for C/O ratio of 1.0
Starting sensitivity simulation for a C/O ratio of 0.8
0 CH4(2) + X(1) <=> CH4X(48) -0.000 0.000 0.000 -0.000 -0.000
1 O2(3) + 2 X(1) <=> 2 OX(20) 0.467 0.961 1.424 0.987 0.001
2 H2(6) + 2 X(1) <=> 2 HX(19) -0.000 0.002 0.002 -0.000 -0.001
3 H(12) + X(1) <=> HX(19) -0.000 -0.001 -0.001 -0.000 -0.000
4 HX(19) + OX(20) <=> HOX(22) + X(1) -0.000 0.000 0.000 -0.000 -0.000
5 H2O(5) + 2 X(1) <=> HOX(22) + HX(19) -0.000 -0.000 -0.000 -0.000 -0.000
6 OH(17) + X(1) <=> HOX(22) -0.000 0.000 0.000 0.000 -0.000
7 CH4(2) + 2 X(1) <=> CH3X(21) + HX(19) -0.000 -0.000 -0.000 -0.000 -0.000
8 CH4(2) + OX(20) + X(1) <=> CH3X(21) + HOX(22) -0.000 -0.000 -0.001 -0.001 -0.000
9 C2H6(8) + 2 X(1) <=> 2 CH3X(21) 0.000 0.000 0.000 -0.000 -0.000
10 CH3(10) + X(1) <=> CH3X(21) 0.671 -0.322 0.352 -0.330 0.002
11 CH3OH(14) + 2 X(1) <=> CH3X(21) + HOX(22) 0.000 0.000 0.000 -0.000 -0.000
12 H2(6) + X(1) <=> H2X(49) -0.000 -0.000 -0.000 -0.000 -0.000
13 CH4(2) + HOX(22) + X(1) <=> CH3X(21) + H2OX(23) -0.000 0.001 0.001 -0.000 -0.000
14 H2O(5) + X(1) <=> H2OX(23) -0.000 -0.001 -0.001 -0.001 -0.000
15 H2OX(23) + OX(20) <=> 2 HOX(22) -0.147 -0.645 -0.793 -0.664 0.000
16 HOX(22) + HX(19) <=> H2OX(23) + X(1) -0.000 -0.000 -0.000 -0.000 -0.000
17 CH2X(27) + HX(19) <=> CH3X(21) + X(1) -0.646 -0.645 -1.295 -0.663 -0.000
18 CH2X(27) + HOX(22) <=> CH3X(21) + OX(20) -0.328 -0.328 -0.657 -0.337 -0.000
19 CHX(28) + HX(19) <=> CH2X(27) + X(1) -0.000 0.000 0.000 -0.000 -0.000
20 CHX(28) + HOX(22) <=> CH2X(27) + OX(20) -0.000 0.001 0.001 -0.000 -0.000
21 2 CH2X(27) <=> CH3X(21) + CHX(28) -0.000 0.001 0.001 -0.000 -0.000
22 CHX(28) + X(1) <=> CX(26) + HX(19) -0.000 0.001 0.001 -0.000 -0.000
23 CX(26) + H2(6) <=> CH2X(27) -0.000 -0.001 -0.001 -0.000 -0.000
24 CX(26) + HOX(22) <=> CHX(28) + OX(20) -0.000 -0.001 -0.001 -0.000 -0.000
25 CH3X(21) + CX(26) <=> CH2X(27) + CHX(28) -0.000 -0.001 -0.001 -0.000 -0.000
26 CH2X(27) + CX(26) <=> 2 CHX(28) -0.000 0.001 0.001 -0.000 -0.000
27 CO(7) + X(1) <=> OCX(25) -0.000 0.000 0.000 -0.000 -0.000
28 CX(26) + OX(20) <=> OCX(25) + X(1) -0.000 -0.000 -0.000 -0.000 -0.000
29 C2H6(8) + X(1) <=> C2H6X(52) -0.000 0.001 0.001 -0.000 -0.000
30 CO(7) + X(1) <=> COX(50) -0.000 0.001 0.001 -0.000 -0.000
31 C2H4(47) + X(1) <=> C2H4X(205) -0.000 0.000 0.000 -0.000 -0.000
32 C2H4(18) + X(1) <=> C2H4X(65) -0.000 -0.000 -0.000 -0.000 -0.000
33 CO2(4) + X(1) <=> CO2X(24) -0.000 -0.002 -0.002 -0.000 -0.000
34 OCX(25) + OX(20) <=> CO2X(24) + X(1) -0.000 -0.000 -0.000 -0.000 -0.000
35 CO2X(24) + HX(19) <=> HOX(22) + OCX(25) -0.000 0.001 0.001 -0.000 -0.000
Finished sensitivity simulation for a C/O ratio of 0.8
Finished translating for C/O ratio of 0.8
Starting sensitivity simulation for a C/O ratio of 1.8
0 CH4(2) + X(1) <=> CH4X(48) 0.064 0.063 0.127 -0.000 3.802
1 O2(3) + 2 X(1) <=> 2 OX(20) 0.601 1.093 1.688 1.059 3.179
2 H2(6) + 2 X(1) <=> 2 HX(19) 0.060 0.059 0.119 -0.000 3.557
3 H(12) + X(1) <=> HX(19) 0.063 0.062 0.125 -0.000 3.733
4 HX(19) + OX(20) <=> HOX(22) + X(1) 0.024 0.023 0.048 -0.000 1.442
5 H2O(5) + 2 X(1) <=> HOX(22) + HX(19) 0.021 0.020 0.041 -0.000 1.249
6 OH(17) + X(1) <=> HOX(22) 0.089 0.088 0.176 -0.000 5.262
7 CH4(2) + 2 X(1) <=> CH3X(21) + HX(19) 0.091 0.090 0.181 -0.000 5.426
8 CH4(2) + OX(20) + X(1) <=> CH3X(21) + HOX(22) 0.062 0.061 0.123 -0.001 3.688
9 C2H6(8) + 2 X(1) <=> 2 CH3X(21) 0.084 0.084 0.168 -0.000 5.020
10 CH3(10) + X(1) <=> CH3X(21) 0.641 -0.353 0.290 -0.379 1.185
11 CH3OH(14) + 2 X(1) <=> CH3X(21) + HOX(22) 0.071 0.071 0.142 -0.000 4.238
12 H2(6) + X(1) <=> H2X(49) 0.081 0.080 0.161 -0.000 4.816
13 CH4(2) + HOX(22) + X(1) <=> CH3X(21) + H2OX(23) 0.055 0.054 0.109 -0.000 3.259
14 H2O(5) + X(1) <=> H2OX(23) 0.023 0.021 0.045 -0.001 1.389
15 H2OX(23) + OX(20) <=> 2 HOX(22) -0.157 -0.657 -0.815 -0.688 1.213
16 HOX(22) + HX(19) <=> H2OX(23) + X(1) 0.020 0.019 0.039 -0.000 1.186
17 CH2X(27) + HX(19) <=> CH3X(21) + X(1) -0.685 -0.687 -1.377 -0.760 3.672
18 CH2X(27) + HOX(22) <=> CH3X(21) + OX(20) -0.177 -0.178 -0.355 -0.240 3.499
19 CHX(28) + HX(19) <=> CH2X(27) + X(1) 0.059 0.058 0.118 -0.000 3.534
20 CHX(28) + HOX(22) <=> CH2X(27) + OX(20) 0.058 0.057 0.115 -0.000 3.430
21 2 CH2X(27) <=> CH3X(21) + CHX(28) 0.020 0.019 0.039 -0.000 1.208
22 CHX(28) + X(1) <=> CX(26) + HX(19) 0.020 0.020 0.040 -0.000 1.204
23 CX(26) + H2(6) <=> CH2X(27) 0.060 0.060 0.120 -0.000 3.595
24 CX(26) + HOX(22) <=> CHX(28) + OX(20) 0.021 0.020 0.041 -0.000 1.226
25 CH3X(21) + CX(26) <=> CH2X(27) + CHX(28) 0.063 0.062 0.125 -0.000 3.752
26 CH2X(27) + CX(26) <=> 2 CHX(28) 0.090 0.089 0.179 -0.000 5.323
27 CO(7) + X(1) <=> OCX(25) 0.087 0.085 0.172 -0.000 5.163
28 CX(26) + OX(20) <=> OCX(25) + X(1) 0.060 0.059 0.119 -0.000 3.563
29 C2H6(8) + X(1) <=> C2H6X(52) 0.020 0.018 0.038 -0.000 1.184
30 CO(7) + X(1) <=> COX(50) 0.020 0.018 0.038 -0.000 1.165
31 C2H4(47) + X(1) <=> C2H4X(205) 0.080 0.079 0.158 -0.000 4.727
32 C2H4(18) + X(1) <=> C2H4X(65) 0.061 0.061 0.122 -0.000 3.646
33 CO2(4) + X(1) <=> CO2X(24) 0.056 0.055 0.112 -0.000 3.346
34 OCX(25) + OX(20) <=> CO2X(24) + X(1) 0.020 0.019 0.039 -0.000 1.187
35 CO2X(24) + HX(19) <=> HOX(22) + OCX(25) 0.059 0.058 0.117 -0.000 3.510
Finished sensitivity simulation for a C/O ratio of 1.8
Finished translating for C/O ratio of 1.8
Starting sensitivity simulation for a C/O ratio of 1.1
0 CH4(2) + X(1) <=> CH4X(48) 0.000 0.001 0.001 0.000 0.006
1 O2(3) + 2 X(1) <=> 2 OX(20) 0.500 0.995 1.489 1.016 0.007
2 H2(6) + 2 X(1) <=> 2 HX(19) 0.000 0.001 0.001 0.000 0.005
3 H(12) + X(1) <=> HX(19) 0.000 0.000 0.001 0.000 0.006
4 HX(19) + OX(20) <=> HOX(22) + X(1) 0.000 0.001 0.001 0.000 0.013
5 H2O(5) + 2 X(1) <=> HOX(22) + HX(19) 0.000 0.001 0.001 0.000 0.006
6 OH(17) + X(1) <=> HOX(22) 0.000 0.001 0.001 0.000 0.006
7 CH4(2) + 2 X(1) <=> CH3X(21) + HX(19) 0.000 0.002 0.002 0.000 0.006
8 CH4(2) + OX(20) + X(1) <=> CH3X(21) + HOX(22) -0.000 0.000 0.000 -0.001 0.005
9 C2H6(8) + 2 X(1) <=> 2 CH3X(21) 0.000 0.001 0.001 0.000 0.006
10 CH3(10) + X(1) <=> CH3X(21) 0.651 -0.342 0.311 -0.350 0.005
11 CH3OH(14) + 2 X(1) <=> CH3X(21) + HOX(22) 0.000 0.001 0.001 -0.000 0.006
12 H2(6) + X(1) <=> H2X(49) 0.000 0.000 0.001 0.000 0.006
13 CH4(2) + HOX(22) + X(1) <=> CH3X(21) + H2OX(23) 0.000 0.001 0.001 -0.000 0.006
14 H2O(5) + X(1) <=> H2OX(23) 0.000 0.001 0.001 -0.001 0.006
15 H2OX(23) + OX(20) <=> 2 HOX(22) -0.159 -0.658 -0.819 -0.674 0.006
16 HOX(22) + HX(19) <=> H2OX(23) + X(1) 0.000 0.001 0.001 0.000 0.006
17 CH2X(27) + HX(19) <=> CH3X(21) + X(1) -0.687 -0.685 -1.376 -0.703 0.006
18 CH2X(27) + HOX(22) <=> CH3X(21) + OX(20) -0.290 -0.289 -0.581 -0.297 0.006
19 CHX(28) + HX(19) <=> CH2X(27) + X(1) 0.000 0.001 0.001 -0.000 0.006
20 CHX(28) + HOX(22) <=> CH2X(27) + OX(20) 0.000 0.001 0.001 0.000 0.005
21 2 CH2X(27) <=> CH3X(21) + CHX(28) 0.000 0.001 0.001 0.000 0.006
22 CHX(28) + X(1) <=> CX(26) + HX(19) 0.000 0.002 0.002 0.000 0.006
23 CX(26) + H2(6) <=> CH2X(27) 0.000 0.001 0.001 0.000 0.006
24 CX(26) + HOX(22) <=> CHX(28) + OX(20) 0.000 0.001 0.001 0.000 0.006
25 CH3X(21) + CX(26) <=> CH2X(27) + CHX(28) 0.000 0.002 0.002 0.000 0.006
26 CH2X(27) + CX(26) <=> 2 CHX(28) 0.000 0.001 0.001 0.000 0.006
27 CO(7) + X(1) <=> OCX(25) 0.000 0.000 0.001 0.000 0.005
28 CX(26) + OX(20) <=> OCX(25) + X(1) 0.000 0.000 0.001 0.000 0.005
29 C2H6(8) + X(1) <=> C2H6X(52) 0.000 0.001 0.002 0.000 0.006
30 CO(7) + X(1) <=> COX(50) 0.000 0.001 0.001 0.000 0.006
31 C2H4(47) + X(1) <=> C2H4X(205) 0.000 0.002 0.002 0.000 0.006
32 C2H4(18) + X(1) <=> C2H4X(65) 0.000 0.002 0.002 0.000 0.006
33 CO2(4) + X(1) <=> CO2X(24) 0.000 0.001 0.001 0.000 0.006
34 OCX(25) + OX(20) <=> CO2X(24) + X(1) 0.000 0.001 0.001 0.000 0.006
35 CO2X(24) + HX(19) <=> HOX(22) + OCX(25) 0.000 0.001 0.001 0.000 0.006
Finished sensitivity simulation for a C/O ratio of 1.1
Finished translating for C/O ratio of 1.1
Starting sensitivity simulation for a C/O ratio of 2.6
0 CH4(2) + X(1) <=> CH4X(48) 0.000 -0.000 0.000 -0.000 0.013
1 O2(3) + 2 X(1) <=> 2 OX(20) 0.580 1.073 1.646 1.088 -0.021
2 H2(6) + 2 X(1) <=> 2 HX(19) 0.000 -0.001 -0.000 -0.000 0.013
3 H(12) + X(1) <=> HX(19) 0.000 -0.000 -0.000 -0.000 0.004
4 HX(19) + OX(20) <=> HOX(22) + X(1) 0.000 -0.000 -0.000 -0.000 0.005
5 H2O(5) + 2 X(1) <=> HOX(22) + HX(19) -0.000 -0.001 -0.001 0.000 -0.001
6 OH(17) + X(1) <=> HOX(22) 0.000 -0.000 0.000 -0.000 0.016
7 CH4(2) + 2 X(1) <=> CH3X(21) + HX(19) 0.000 -0.000 -0.000 -0.000 0.002
8 CH4(2) + OX(20) + X(1) <=> CH3X(21) + HOX(22) 0.000 -0.001 -0.001 -0.001 0.017
9 C2H6(8) + 2 X(1) <=> 2 CH3X(21) 0.000 -0.000 0.000 -0.000 0.014
10 CH3(10) + X(1) <=> CH3X(21) 0.601 -0.392 0.211 -0.398 0.029
11 CH3OH(14) + 2 X(1) <=> CH3X(21) + HOX(22) 0.000 -0.001 -0.001 -0.000 0.006
12 H2(6) + X(1) <=> H2X(49) 0.000 0.000 0.000 -0.000 0.008
13 CH4(2) + HOX(22) + X(1) <=> CH3X(21) + H2OX(23) 0.000 -0.001 -0.001 -0.000 0.004
14 H2O(5) + X(1) <=> H2OX(23) -0.000 -0.001 -0.001 -0.001 0.007
15 H2OX(23) + OX(20) <=> 2 HOX(22) -0.189 -0.688 -0.879 -0.698 0.061
16 HOX(22) + HX(19) <=> H2OX(23) + X(1) 0.000 -0.000 -0.000 -0.000 0.010
17 CH2X(27) + HX(19) <=> CH3X(21) + X(1) -0.789 -0.788 -1.583 -0.799 0.005
18 CH2X(27) + HOX(22) <=> CH3X(21) + OX(20) -0.198 -0.199 -0.398 -0.201 0.003
19 CHX(28) + HX(19) <=> CH2X(27) + X(1) 0.000 0.000 0.000 -0.000 0.006
20 CHX(28) + HOX(22) <=> CH2X(27) + OX(20) 0.000 0.000 0.000 -0.000 0.015
21 2 CH2X(27) <=> CH3X(21) + CHX(28) 0.000 -0.001 -0.001 -0.000 0.005
22 CHX(28) + X(1) <=> CX(26) + HX(19) 0.000 -0.000 -0.000 -0.000 0.002
23 CX(26) + H2(6) <=> CH2X(27) 0.000 -0.000 -0.000 0.000 0.016
24 CX(26) + HOX(22) <=> CHX(28) + OX(20) 0.000 -0.001 -0.001 0.000 0.007
25 CH3X(21) + CX(26) <=> CH2X(27) + CHX(28) 0.000 -0.000 -0.000 0.000 0.012
26 CH2X(27) + CX(26) <=> 2 CHX(28) 0.000 -0.000 -0.000 0.000 0.011
27 CO(7) + X(1) <=> OCX(25) 0.000 -0.000 -0.000 0.000 0.011
28 CX(26) + OX(20) <=> OCX(25) + X(1) 0.000 -0.001 -0.001 0.000 -0.001
29 C2H6(8) + X(1) <=> C2H6X(52) 0.000 -0.000 -0.000 -0.000 0.014
30 CO(7) + X(1) <=> COX(50) 0.000 -0.000 -0.000 -0.000 0.009
31 C2H4(47) + X(1) <=> C2H4X(205) 0.000 -0.000 -0.000 0.000 0.008
32 C2H4(18) + X(1) <=> C2H4X(65) 0.000 -0.000 -0.000 -0.000 0.008
33 CO2(4) + X(1) <=> CO2X(24) 0.000 -0.000 -0.000 -0.000 0.012
34 OCX(25) + OX(20) <=> CO2X(24) + X(1) -0.004 -0.005 -0.009 -0.000 -0.325
35 CO2X(24) + HX(19) <=> HOX(22) + OCX(25) -0.000 -0.001 -0.001 0.000 -0.004
Finished sensitivity simulation for a C/O ratio of 2.6
Finished translating for C/O ratio of 2.6
Starting sensitivity simulation for a C/O ratio of 2.4
0 CH4(2) + X(1) <=> CH4X(48) -0.000 0.000 0.000 0.000 -0.001
1 O2(3) + 2 X(1) <=> 2 OX(20) 0.573 1.065 1.633 1.081 0.022
2 H2(6) + 2 X(1) <=> 2 HX(19) 0.000 -0.001 -0.001 -0.000 0.004
3 H(12) + X(1) <=> HX(19) 0.000 -0.001 -0.001 -0.000 0.000
4 HX(19) + OX(20) <=> HOX(22) + X(1) 0.000 -0.000 -0.000 0.000 0.000
5 H2O(5) + 2 X(1) <=> HOX(22) + HX(19) -0.000 -0.001 -0.001 0.000 -0.002
6 OH(17) + X(1) <=> HOX(22) 0.000 -0.001 -0.001 -0.000 0.005
7 CH4(2) + 2 X(1) <=> CH3X(21) + HX(19) -0.000 -0.000 -0.000 -0.000 -0.008
8 CH4(2) + OX(20) + X(1) <=> CH3X(21) + HOX(22) -0.000 -0.002 -0.002 -0.001 0.007
9 C2H6(8) + 2 X(1) <=> 2 CH3X(21) 0.000 -0.000 0.000 0.000 -0.001
10 CH3(10) + X(1) <=> CH3X(21) 0.605 -0.390 0.217 -0.394 -0.004
11 CH3OH(14) + 2 X(1) <=> CH3X(21) + HOX(22) 0.000 -0.001 -0.001 -0.000 0.004
12 H2(6) + X(1) <=> H2X(49) -0.000 -0.001 -0.001 -0.000 -0.000
13 CH4(2) + HOX(22) + X(1) <=> CH3X(21) + H2OX(23) 0.000 -0.001 -0.001 -0.000 0.004
14 H2O(5) + X(1) <=> H2OX(23) -0.000 -0.003 -0.003 -0.001 0.008
15 H2OX(23) + OX(20) <=> 2 HOX(22) -0.187 -0.687 -0.876 -0.696 -0.002
16 HOX(22) + HX(19) <=> H2OX(23) + X(1) -0.000 -0.000 -0.000 -0.000 -0.002
17 CH2X(27) + HX(19) <=> CH3X(21) + X(1) -0.780 -0.781 -1.567 -0.791 0.006
18 CH2X(27) + HOX(22) <=> CH3X(21) + OX(20) -0.206 -0.207 -0.414 -0.209 0.003
19 CHX(28) + HX(19) <=> CH2X(27) + X(1) -0.000 -0.000 -0.000 -0.000 -0.003
20 CHX(28) + HOX(22) <=> CH2X(27) + OX(20) 0.000 -0.001 -0.001 0.000 0.004
21 2 CH2X(27) <=> CH3X(21) + CHX(28) 0.000 -0.000 -0.000 0.000 0.004
22 CHX(28) + X(1) <=> CX(26) + HX(19) 0.000 -0.000 -0.000 -0.000 0.002
23 CX(26) + H2(6) <=> CH2X(27) 0.000 -0.001 -0.001 0.000 0.003
24 CX(26) + HOX(22) <=> CHX(28) + OX(20) 0.000 -0.000 -0.000 0.000 0.002
25 CH3X(21) + CX(26) <=> CH2X(27) + CHX(28) 0.000 -0.001 -0.001 0.000 0.002
26 CH2X(27) + CX(26) <=> 2 CHX(28) 0.000 -0.001 -0.001 -0.000 0.004
27 CO(7) + X(1) <=> OCX(25) 0.000 -0.001 -0.001 0.000 -0.000
28 CX(26) + OX(20) <=> OCX(25) + X(1) 0.000 -0.000 -0.000 0.000 0.001
29 C2H6(8) + X(1) <=> C2H6X(52) 0.000 -0.000 0.000 0.000 0.005
30 CO(7) + X(1) <=> COX(50) -0.000 -0.000 -0.000 -0.000 -0.000
31 C2H4(47) + X(1) <=> C2H4X(205) 0.000 -0.001 -0.001 -0.000 0.008
32 C2H4(18) + X(1) <=> C2H4X(65) -0.000 -0.001 -0.001 0.000 -0.003
33 CO2(4) + X(1) <=> CO2X(24) 0.000 -0.001 -0.000 -0.000 0.008
34 OCX(25) + OX(20) <=> CO2X(24) + X(1) 0.000 -0.001 -0.001 0.000 0.002
35 CO2X(24) + HX(19) <=> HOX(22) + OCX(25) 0.000 -0.000 -0.000 -0.000 0.007
Finished sensitivity simulation for a C/O ratio of 2.4
Finished translating for C/O ratio of 2.4
Starting sensitivity simulation for a C/O ratio of 1.6
0 CH4(2) + X(1) <=> CH4X(48) -0.000 -0.000 -0.000 -0.000 -0.001
1 O2(3) + 2 X(1) <=> 2 OX(20) 0.536 1.029 1.560 1.049 0.004
2 H2(6) + 2 X(1) <=> 2 HX(19) -0.000 -0.000 -0.000 0.000 -0.001
3 H(12) + X(1) <=> HX(19) -0.000 -0.000 -0.000 0.000 -0.001
4 HX(19) + OX(20) <=> HOX(22) + X(1) -0.000 0.001 0.001 -0.000 -0.006
5 H2O(5) + 2 X(1) <=> HOX(22) + HX(19) -0.000 -0.000 -0.000 -0.000 -0.000
6 OH(17) + X(1) <=> HOX(22) -0.000 0.000 0.000 -0.000 0.001
7 CH4(2) + 2 X(1) <=> CH3X(21) + HX(19) -0.000 0.000 0.000 -0.000 -0.001
8 CH4(2) + OX(20) + X(1) <=> CH3X(21) + HOX(22) -0.000 -0.001 -0.001 -0.001 0.000
9 C2H6(8) + 2 X(1) <=> 2 CH3X(21) -0.000 -0.001 -0.001 0.000 -0.000
10 CH3(10) + X(1) <=> CH3X(21) 0.628 -0.364 0.266 -0.372 -0.010
11 CH3OH(14) + 2 X(1) <=> CH3X(21) + HOX(22) -0.000 -0.000 -0.001 -0.000 -0.008
12 H2(6) + X(1) <=> H2X(49) -0.000 0.001 0.000 0.000 -0.000
13 CH4(2) + HOX(22) + X(1) <=> CH3X(21) + H2OX(23) -0.000 -0.000 -0.000 -0.000 -0.001
14 H2O(5) + X(1) <=> H2OX(23) -0.000 -0.002 -0.002 -0.001 -0.000
15 H2OX(23) + OX(20) <=> 2 HOX(22) -0.174 -0.672 -0.847 -0.685 -0.008
16 HOX(22) + HX(19) <=> H2OX(23) + X(1) -0.000 -0.001 -0.001 -0.000 -0.000
17 CH2X(27) + HX(19) <=> CH3X(21) + X(1) -0.733 -0.735 -1.473 -0.747 -0.008
18 CH2X(27) + HOX(22) <=> CH3X(21) + OX(20) -0.249 -0.249 -0.499 -0.253 -0.001
19 CHX(28) + HX(19) <=> CH2X(27) + X(1) -0.000 -0.001 -0.001 -0.000 -0.001
20 CHX(28) + HOX(22) <=> CH2X(27) + OX(20) -0.000 -0.001 -0.001 -0.000 0.000
21 2 CH2X(27) <=> CH3X(21) + CHX(28) -0.000 0.001 0.001 -0.000 -0.000
22 CHX(28) + X(1) <=> CX(26) + HX(19) -0.000 0.000 0.000 -0.000 -0.006
23 CX(26) + H2(6) <=> CH2X(27) -0.000 -0.000 -0.000 -0.000 -0.000
24 CX(26) + HOX(22) <=> CHX(28) + OX(20) 0.000 -0.000 -0.000 -0.000 0.005
25 CH3X(21) + CX(26) <=> CH2X(27) + CHX(28) -0.000 -0.002 -0.002 -0.000 -0.008
26 CH2X(27) + CX(26) <=> 2 CHX(28) -0.000 -0.001 -0.001 -0.000 0.002
27 CO(7) + X(1) <=> OCX(25) -0.000 0.001 0.001 0.000 -0.000
28 CX(26) + OX(20) <=> OCX(25) + X(1) -0.000 -0.000 -0.000 -0.000 -0.005
29 C2H6(8) + X(1) <=> C2H6X(52) -0.000 -0.000 -0.001 -0.000 -0.008
30 CO(7) + X(1) <=> COX(50) -0.000 0.000 0.000 -0.000 0.002
31 C2H4(47) + X(1) <=> C2H4X(205) -0.000 0.000 0.000 -0.000 0.001
32 C2H4(18) + X(1) <=> C2H4X(65) -0.000 -0.000 -0.000 0.000 -0.000
33 CO2(4) + X(1) <=> CO2X(24) -0.000 -0.001 -0.001 -0.000 -0.001
34 OCX(25) + OX(20) <=> CO2X(24) + X(1) -0.000 -0.001 -0.001 -0.000 -0.008
35 CO2X(24) + HX(19) <=> HOX(22) + OCX(25) 0.000 0.000 0.000 0.000 0.000
Finished sensitivity simulation for a C/O ratio of 1.6
Finished translating for C/O ratio of 1.6
Starting sensitivity simulation for a C/O ratio of 0.7
0 CH4(2) + X(1) <=> CH4X(48) 0.000 0.000 0.000 0.000 0.000
1 O2(3) + 2 X(1) <=> 2 OX(20) 0.453 0.947 1.396 0.975 0.001
2 H2(6) + 2 X(1) <=> 2 HX(19) -0.000 -0.000 -0.000 0.000 -0.006
3 H(12) + X(1) <=> HX(19) -0.000 0.000 -0.000 -0.000 -0.004
4 HX(19) + OX(20) <=> HOX(22) + X(1) 0.000 0.000 0.000 0.000 0.000
5 H2O(5) + 2 X(1) <=> HOX(22) + HX(19) 0.000 -0.000 -0.000 0.000 0.000
6 OH(17) + X(1) <=> HOX(22) 0.000 -0.000 -0.000 0.000 0.000
7 CH4(2) + 2 X(1) <=> CH3X(21) + HX(19) 0.000 -0.000 -0.000 0.000 0.000
8 CH4(2) + OX(20) + X(1) <=> CH3X(21) + HOX(22) -0.000 -0.001 -0.001 -0.001 0.000
9 C2H6(8) + 2 X(1) <=> 2 CH3X(21) 0.000 0.001 0.001 -0.000 0.000
10 CH3(10) + X(1) <=> CH3X(21) 0.680 -0.314 0.368 -0.322 -0.007
11 CH3OH(14) + 2 X(1) <=> CH3X(21) + HOX(22) 0.000 0.001 0.001 -0.000 0.000
12 H2(6) + X(1) <=> H2X(49) 0.000 0.001 0.001 0.000 -0.001
13 CH4(2) + HOX(22) + X(1) <=> CH3X(21) + H2OX(23) 0.000 0.000 0.000 -0.000 0.000
14 H2O(5) + X(1) <=> H2OX(23) -0.000 -0.001 -0.001 -0.001 0.000
15 H2OX(23) + OX(20) <=> 2 HOX(22) -0.142 -0.639 -0.782 -0.660 0.001
16 HOX(22) + HX(19) <=> H2OX(23) + X(1) 0.000 0.001 0.001 0.000 0.000
17 CH2X(27) + HX(19) <=> CH3X(21) + X(1) -0.628 -0.628 -1.260 -0.646 -0.000
18 CH2X(27) + HOX(22) <=> CH3X(21) + OX(20) -0.343 -0.343 -0.688 -0.354 0.000
19 CHX(28) + HX(19) <=> CH2X(27) + X(1) 0.000 -0.001 -0.001 0.000 0.000
20 CHX(28) + HOX(22) <=> CH2X(27) + OX(20) 0.000 -0.000 -0.000 0.000 -0.002
21 2 CH2X(27) <=> CH3X(21) + CHX(28) 0.000 0.001 0.001 0.000 0.000
22 CHX(28) + X(1) <=> CX(26) + HX(19) 0.000 -0.000 -0.000 0.000 0.000
23 CX(26) + H2(6) <=> CH2X(27) 0.000 0.001 0.001 0.000 0.000
24 CX(26) + HOX(22) <=> CHX(28) + OX(20) 0.000 -0.000 -0.000 0.000 -0.001
25 CH3X(21) + CX(26) <=> CH2X(27) + CHX(28) -0.000 0.000 0.000 0.000 -0.006
26 CH2X(27) + CX(26) <=> 2 CHX(28) 0.000 0.000 0.000 0.000 -0.000
27 CO(7) + X(1) <=> OCX(25) 0.000 0.000 0.000 0.000 0.001
28 CX(26) + OX(20) <=> OCX(25) + X(1) 0.000 -0.000 -0.000 0.000 0.000
29 C2H6(8) + X(1) <=> C2H6X(52) 0.000 -0.001 -0.001 0.000 -0.000
30 CO(7) + X(1) <=> COX(50) 0.000 0.000 0.000 0.000 0.000
31 C2H4(47) + X(1) <=> C2H4X(205) 0.000 -0.000 -0.000 0.000 0.000
32 C2H4(18) + X(1) <=> C2H4X(65) 0.000 0.001 0.001 0.000 0.000
33 CO2(4) + X(1) <=> CO2X(24) 0.000 -0.000 -0.000 0.000 -0.000
34 OCX(25) + OX(20) <=> CO2X(24) + X(1) 0.000 -0.001 -0.001 0.000 -0.000
35 CO2X(24) + HX(19) <=> HOX(22) + OCX(25) 0.000 -0.001 -0.001 0.000 0.000
Finished sensitivity simulation for a C/O ratio of 0.7
Finished translating for C/O ratio of 0.7
Starting sensitivity simulation for a C/O ratio of 1.4
0 CH4(2) + X(1) <=> CH4X(48) 0.000 -0.001 -0.001 0.000 0.000
1 O2(3) + 2 X(1) <=> 2 OX(20) 0.523 1.017 1.535 1.037 0.002
2 H2(6) + 2 X(1) <=> 2 HX(19) -0.000 0.000 0.000 -0.000 -0.001
3 H(12) + X(1) <=> HX(19) 0.000 -0.001 -0.001 -0.000 -0.000
4 HX(19) + OX(20) <=> HOX(22) + X(1) 0.000 -0.000 -0.000 0.000 -0.000
5 H2O(5) + 2 X(1) <=> HOX(22) + HX(19) 0.000 -0.001 -0.001 -0.000 0.000
6 OH(17) + X(1) <=> HOX(22) 0.000 0.000 0.000 0.000 -0.000
7 CH4(2) + 2 X(1) <=> CH3X(21) + HX(19) 0.000 -0.000 -0.000 -0.000 -0.000
8 CH4(2) + OX(20) + X(1) <=> CH3X(21) + HOX(22) -0.000 -0.001 -0.001 -0.001 -0.000
9 C2H6(8) + 2 X(1) <=> 2 CH3X(21) 0.000 -0.000 -0.000 -0.000 -0.000
10 CH3(10) + X(1) <=> CH3X(21) 0.636 -0.357 0.281 -0.364 -0.003
11 CH3OH(14) + 2 X(1) <=> CH3X(21) + HOX(22) 0.000 -0.000 0.000 -0.000 0.003
12 H2(6) + X(1) <=> H2X(49) 0.000 -0.000 -0.000 -0.000 -0.000
13 CH4(2) + HOX(22) + X(1) <=> CH3X(21) + H2OX(23) 0.000 -0.001 -0.000 -0.000 -0.000
14 H2O(5) + X(1) <=> H2OX(23) -0.000 -0.000 -0.001 -0.001 -0.000
15 H2OX(23) + OX(20) <=> 2 HOX(22) -0.169 -0.668 -0.837 -0.681 0.000
16 HOX(22) + HX(19) <=> H2OX(23) + X(1) 0.000 -0.001 -0.001 0.000 0.000
17 CH2X(27) + HX(19) <=> CH3X(21) + X(1) -0.717 -0.717 -1.439 -0.731 0.000
18 CH2X(27) + HOX(22) <=> CH3X(21) + OX(20) -0.263 -0.263 -0.527 -0.269 0.000
19 CHX(28) + HX(19) <=> CH2X(27) + X(1) 0.000 -0.000 -0.000 -0.000 0.007
20 CHX(28) + HOX(22) <=> CH2X(27) + OX(20) 0.000 -0.000 -0.000 -0.000 -0.000
21 2 CH2X(27) <=> CH3X(21) + CHX(28) -0.000 0.000 0.000 -0.000 -0.000
22 CHX(28) + X(1) <=> CX(26) + HX(19) 0.000 0.000 0.000 -0.000 0.001
23 CX(26) + H2(6) <=> CH2X(27) 0.000 -0.000 -0.000 0.000 0.000
24 CX(26) + HOX(22) <=> CHX(28) + OX(20) 0.000 0.001 0.001 0.000 -0.000
25 CH3X(21) + CX(26) <=> CH2X(27) + CHX(28) 0.000 -0.000 -0.000 -0.000 0.000
26 CH2X(27) + CX(26) <=> 2 CHX(28) 0.000 0.001 0.001 -0.000 -0.000
27 CO(7) + X(1) <=> OCX(25) 0.000 0.000 0.000 0.000 -0.000
28 CX(26) + OX(20) <=> OCX(25) + X(1) 0.000 0.000 0.000 -0.000 -0.000
29 C2H6(8) + X(1) <=> C2H6X(52) 0.000 0.000 0.001 0.000 0.000
30 CO(7) + X(1) <=> COX(50) 0.000 -0.000 -0.000 0.000 -0.000
31 C2H4(47) + X(1) <=> C2H4X(205) -0.000 -0.000 -0.000 -0.000 -0.000
32 C2H4(18) + X(1) <=> C2H4X(65) 0.000 -0.000 -0.000 0.000 -0.000
33 CO2(4) + X(1) <=> CO2X(24) -0.000 0.000 0.000 -0.000 -0.000
34 OCX(25) + OX(20) <=> CO2X(24) + X(1) 0.000 0.000 0.000 -0.000 -0.000
35 CO2X(24) + HX(19) <=> HOX(22) + OCX(25) 0.000 0.000 0.000 -0.000 -0.000
Finished sensitivity simulation for a C/O ratio of 1.4
Finished translating for C/O ratio of 1.4
Starting sensitivity simulation for a C/O ratio of 0.6
0 CH4(2) + X(1) <=> CH4X(48) -0.000 0.001 0.001 0.000 0.000
1 O2(3) + 2 X(1) <=> 2 OX(20) 0.437 0.931 1.363 0.960 0.001
2 H2(6) + 2 X(1) <=> 2 HX(19) 0.000 0.001 0.001 0.000 0.005
3 H(12) + X(1) <=> HX(19) 0.000 0.001 0.001 0.000 0.000
4 HX(19) + OX(20) <=> HOX(22) + X(1) -0.000 0.001 0.001 0.000 -0.000
5 H2O(5) + 2 X(1) <=> HOX(22) + HX(19) -0.000 0.001 0.001 0.000 -0.000
6 OH(17) + X(1) <=> HOX(22) -0.000 0.001 0.001 0.000 0.000
7 CH4(2) + 2 X(1) <=> CH3X(21) + HX(19) 0.000 -0.000 -0.000 0.000 -0.000
8 CH4(2) + OX(20) + X(1) <=> CH3X(21) + HOX(22) -0.000 -0.000 -0.000 -0.001 0.007
9 C2H6(8) + 2 X(1) <=> 2 CH3X(21) -0.000 0.000 0.000 -0.000 0.000
10 CH3(10) + X(1) <=> CH3X(21) 0.690 -0.301 0.391 -0.312 -0.001
11 CH3OH(14) + 2 X(1) <=> CH3X(21) + HOX(22) -0.000 0.000 -0.000 -0.000 -0.000
12 H2(6) + X(1) <=> H2X(49) -0.000 0.001 0.001 0.000 0.000
13 CH4(2) + HOX(22) + X(1) <=> CH3X(21) + H2OX(23) 0.000 0.000 0.000 -0.000 0.006
14 H2O(5) + X(1) <=> H2OX(23) -0.000 0.000 -0.000 -0.001 -0.000
15 H2OX(23) + OX(20) <=> 2 HOX(22) -0.136 -0.635 -0.772 -0.655 0.000
16 HOX(22) + HX(19) <=> H2OX(23) + X(1) -0.000 0.000 0.000 0.000 0.000
17 CH2X(27) + HX(19) <=> CH3X(21) + X(1) -0.608 -0.606 -1.217 -0.627 -0.000
18 CH2X(27) + HOX(22) <=> CH3X(21) + OX(20) -0.362 -0.361 -0.724 -0.373 -0.000
19 CHX(28) + HX(19) <=> CH2X(27) + X(1) 0.000 0.000 0.000 0.000 -0.000
20 CHX(28) + HOX(22) <=> CH2X(27) + OX(20) -0.000 0.001 0.001 0.000 -0.000
21 2 CH2X(27) <=> CH3X(21) + CHX(28) -0.000 0.000 0.000 -0.000 0.000
22 CHX(28) + X(1) <=> CX(26) + HX(19) -0.000 0.001 0.001 0.000 0.000
23 CX(26) + H2(6) <=> CH2X(27) -0.000 0.001 0.001 0.000 -0.000
24 CX(26) + HOX(22) <=> CHX(28) + OX(20) -0.000 0.001 0.001 0.000 -0.000
25 CH3X(21) + CX(26) <=> CH2X(27) + CHX(28) -0.000 0.001 0.001 0.000 0.000
26 CH2X(27) + CX(26) <=> 2 CHX(28) -0.000 -0.001 -0.001 0.000 -0.000
27 CO(7) + X(1) <=> OCX(25) -0.000 -0.000 -0.000 -0.000 0.000
28 CX(26) + OX(20) <=> OCX(25) + X(1) 0.000 0.001 0.001 0.000 -0.000
29 C2H6(8) + X(1) <=> C2H6X(52) 0.000 0.000 0.000 0.000 -0.000
30 CO(7) + X(1) <=> COX(50) -0.000 0.001 0.001 -0.000 -0.000
31 C2H4(47) + X(1) <=> C2H4X(205) -0.000 0.001 0.001 0.000 -0.000
32 C2H4(18) + X(1) <=> C2H4X(65) -0.000 0.001 0.001 0.000 0.000
33 CO2(4) + X(1) <=> CO2X(24) 0.000 0.000 0.000 0.000 0.000
34 OCX(25) + OX(20) <=> CO2X(24) + X(1) -0.000 0.001 0.001 0.000 0.000
35 CO2X(24) + HX(19) <=> HOX(22) + OCX(25) -0.000 0.001 0.001 -0.000 0.000
Finished sensitivity simulation for a C/O ratio of 0.6
Finished translating for C/O ratio of 0.6
Starting sensitivity simulation for a C/O ratio of 1.3
0 CH4(2) + X(1) <=> CH4X(48) -0.000 -0.000 -0.000 -0.000 -0.000
1 O2(3) + 2 X(1) <=> 2 OX(20) 0.516 1.010 1.521 1.031 0.002
2 H2(6) + 2 X(1) <=> 2 HX(19) -0.000 -0.001 -0.001 -0.000 -0.001
3 H(12) + X(1) <=> HX(19) -0.000 -0.000 -0.000 -0.000 -0.000
4 HX(19) + OX(20) <=> HOX(22) + X(1) 0.000 0.001 0.001 0.000 -0.000
5 H2O(5) + 2 X(1) <=> HOX(22) + HX(19) -0.000 -0.000 -0.000 0.000 -0.000
6 OH(17) + X(1) <=> HOX(22) -0.000 -0.000 -0.000 0.000 -0.000
7 CH4(2) + 2 X(1) <=> CH3X(21) + HX(19) -0.000 0.000 0.000 -0.000 -0.000
8 CH4(2) + OX(20) + X(1) <=> CH3X(21) + HOX(22) -0.000 -0.001 -0.001 -0.001 0.004
9 C2H6(8) + 2 X(1) <=> 2 CH3X(21) -0.000 -0.000 -0.000 -0.000 -0.000
10 CH3(10) + X(1) <=> CH3X(21) 0.641 -0.353 0.290 -0.360 -0.002
11 CH3OH(14) + 2 X(1) <=> CH3X(21) + HOX(22) 0.000 -0.001 -0.001 -0.000 -0.000
12 H2(6) + X(1) <=> H2X(49) -0.000 -0.000 -0.000 -0.000 -0.000
13 CH4(2) + HOX(22) + X(1) <=> CH3X(21) + H2OX(23) -0.000 -0.000 -0.000 -0.000 -0.000
14 H2O(5) + X(1) <=> H2OX(23) -0.000 0.001 0.000 -0.001 -0.000
15 H2OX(23) + OX(20) <=> 2 HOX(22) -0.166 -0.665 -0.832 -0.679 0.000
16 HOX(22) + HX(19) <=> H2OX(23) + X(1) -0.000 0.000 0.000 -0.000 -0.000
17 CH2X(27) + HX(19) <=> CH3X(21) + X(1) -0.708 -0.707 -1.420 -0.723 -0.000
18 CH2X(27) + HOX(22) <=> CH3X(21) + OX(20) -0.272 -0.272 -0.544 -0.277 -0.000
19 CHX(28) + HX(19) <=> CH2X(27) + X(1) -0.000 -0.000 -0.000 -0.000 -0.000
20 CHX(28) + HOX(22) <=> CH2X(27) + OX(20) -0.000 -0.000 -0.000 -0.000 -0.000
21 2 CH2X(27) <=> CH3X(21) + CHX(28) -0.000 0.000 0.000 -0.000 -0.000
22 CHX(28) + X(1) <=> CX(26) + HX(19) -0.000 -0.000 -0.000 -0.000 -0.000
23 CX(26) + H2(6) <=> CH2X(27) -0.000 -0.001 -0.001 0.000 -0.000
24 CX(26) + HOX(22) <=> CHX(28) + OX(20) -0.000 -0.000 -0.000 0.000 -0.000
25 CH3X(21) + CX(26) <=> CH2X(27) + CHX(28) 0.000 -0.000 -0.000 0.000 -0.000
26 CH2X(27) + CX(26) <=> 2 CHX(28) -0.000 0.001 0.001 0.000 -0.000
27 CO(7) + X(1) <=> OCX(25) -0.000 -0.000 -0.000 0.000 -0.000
28 CX(26) + OX(20) <=> OCX(25) + X(1) 0.000 -0.001 -0.001 0.000 -0.000
29 C2H6(8) + X(1) <=> C2H6X(52) -0.000 -0.000 -0.000 0.000 -0.000
30 CO(7) + X(1) <=> COX(50) -0.000 -0.001 -0.001 -0.000 -0.000
31 C2H4(47) + X(1) <=> C2H4X(205) -0.000 -0.000 -0.000 -0.000 -0.000
32 C2H4(18) + X(1) <=> C2H4X(65) 0.000 -0.001 -0.001 0.000 -0.000
33 CO2(4) + X(1) <=> CO2X(24) -0.000 -0.000 -0.000 -0.000 -0.000
34 OCX(25) + OX(20) <=> CO2X(24) + X(1) -0.000 -0.000 -0.000 0.000 -0.000
35 CO2X(24) + HX(19) <=> HOX(22) + OCX(25) -0.000 -0.000 -0.000 -0.000 -0.000
Finished sensitivity simulation for a C/O ratio of 1.3
Finished translating for C/O ratio of 1.3
Starting sensitivity simulation for a C/O ratio of 2.0
0 CH4(2) + X(1) <=> CH4X(48) -0.000 -0.000 -0.000 -0.000 -0.001
1 O2(3) + 2 X(1) <=> 2 OX(20) 0.557 1.050 1.602 1.067 0.008
2 H2(6) + 2 X(1) <=> 2 HX(19) -0.000 0.000 0.000 -0.000 -0.008
3 H(12) + X(1) <=> HX(19) 0.000 -0.000 -0.000 -0.000 0.001
4 HX(19) + OX(20) <=> HOX(22) + X(1) -0.000 -0.001 -0.001 -0.000 -0.007
5 H2O(5) + 2 X(1) <=> HOX(22) + HX(19) 0.000 -0.001 -0.001 -0.000 0.016
6 OH(17) + X(1) <=> HOX(22) -0.000 -0.000 -0.001 -0.000 -0.014
7 CH4(2) + 2 X(1) <=> CH3X(21) + HX(19) -0.000 -0.001 -0.001 -0.000 -0.010
8 CH4(2) + OX(20) + X(1) <=> CH3X(21) + HOX(22) -0.000 -0.000 -0.001 -0.001 0.005
9 C2H6(8) + 2 X(1) <=> 2 CH3X(21) 0.000 0.000 0.000 -0.000 0.020
10 CH3(10) + X(1) <=> CH3X(21) 0.616 -0.378 0.240 -0.384 0.034
11 CH3OH(14) + 2 X(1) <=> CH3X(21) + HOX(22) 0.000 -0.000 0.000 -0.000 0.012
12 H2(6) + X(1) <=> H2X(49) 0.000 -0.001 -0.001 -0.000 0.015
13 CH4(2) + HOX(22) + X(1) <=> CH3X(21) + H2OX(23) 0.000 0.000 0.000 -0.000 0.014
14 H2O(5) + X(1) <=> H2OX(23) -0.000 -0.001 -0.001 -0.001 0.004
15 H2OX(23) + OX(20) <=> 2 HOX(22) -0.181 -0.681 -0.863 -0.691 0.023
16 HOX(22) + HX(19) <=> H2OX(23) + X(1) 0.000 -0.000 -0.000 -0.000 0.002
17 CH2X(27) + HX(19) <=> CH3X(21) + X(1) -0.759 -0.760 -1.525 -0.771 -0.003
18 CH2X(27) + HOX(22) <=> CH3X(21) + OX(20) -0.225 -0.226 -0.452 -0.229 -0.011
19 CHX(28) + HX(19) <=> CH2X(27) + X(1) -0.000 0.000 -0.000 -0.000 -0.016
20 CHX(28) + HOX(22) <=> CH2X(27) + OX(20) -0.000 -0.001 -0.001 -0.000 -0.023
21 2 CH2X(27) <=> CH3X(21) + CHX(28) -0.000 -0.001 -0.001 -0.000 -0.004
22 CHX(28) + X(1) <=> CX(26) + HX(19) -0.000 -0.000 -0.000 -0.000 -0.001
23 CX(26) + H2(6) <=> CH2X(27) -0.000 -0.000 -0.000 -0.000 -0.001
24 CX(26) + HOX(22) <=> CHX(28) + OX(20) -0.000 -0.001 -0.001 -0.000 -0.006
25 CH3X(21) + CX(26) <=> CH2X(27) + CHX(28) -0.000 -0.001 -0.001 -0.000 -0.020
26 CH2X(27) + CX(26) <=> 2 CHX(28) -0.000 -0.001 -0.001 -0.000 -0.019
27 CO(7) + X(1) <=> OCX(25) -0.000 -0.001 -0.001 -0.000 -0.027
28 CX(26) + OX(20) <=> OCX(25) + X(1) -0.000 -0.000 -0.001 -0.000 -0.010
29 C2H6(8) + X(1) <=> C2H6X(52) 0.000 -0.001 -0.001 -0.000 0.002
30 CO(7) + X(1) <=> COX(50) 0.000 -0.001 -0.001 -0.000 0.005
31 C2H4(47) + X(1) <=> C2H4X(205) -0.000 -0.001 -0.001 -0.000 -0.013
32 C2H4(18) + X(1) <=> C2H4X(65) 0.000 -0.000 -0.000 0.000 0.002
33 CO2(4) + X(1) <=> CO2X(24) 0.000 0.000 0.001 0.000 0.011
34 OCX(25) + OX(20) <=> CO2X(24) + X(1) -0.000 -0.000 -0.001 -0.000 -0.010
35 CO2X(24) + HX(19) <=> HOX(22) + OCX(25) 0.000 -0.000 -0.000 -0.000 0.006
Finished sensitivity simulation for a C/O ratio of 2.0
Finished translating for C/O ratio of 2.0
Starting sensitivity simulation for a C/O ratio of 1.2
0 CH4(2) + X(1) <=> CH4X(48) 0.000 0.000 0.000 -0.000 0.002
1 O2(3) + 2 X(1) <=> 2 OX(20) 0.508 1.002 1.505 1.024 0.006
2 H2(6) + 2 X(1) <=> 2 HX(19) 0.000 0.000 0.000 0.000 0.003
3 H(12) + X(1) <=> HX(19) 0.000 -0.000 -0.000 -0.000 0.003
4 HX(19) + OX(20) <=> HOX(22) + X(1) 0.000 0.001 0.001 -0.000 0.001
5 H2O(5) + 2 X(1) <=> HOX(22) + HX(19) 0.000 0.000 0.000 -0.000 0.000
6 OH(17) + X(1) <=> HOX(22) 0.000 -0.000 -0.000 0.000 0.003
7 CH4(2) + 2 X(1) <=> CH3X(21) + HX(19) 0.000 0.000 0.001 -0.000 0.001
8 CH4(2) + OX(20) + X(1) <=> CH3X(21) + HOX(22) -0.000 -0.001 -0.001 -0.001 0.005
9 C2H6(8) + 2 X(1) <=> 2 CH3X(21) 0.000 0.000 0.000 -0.000 0.003
10 CH3(10) + X(1) <=> CH3X(21) 0.646 -0.347 0.301 -0.355 0.002
11 CH3OH(14) + 2 X(1) <=> CH3X(21) + HOX(22) 0.000 -0.000 -0.000 -0.000 0.002
12 H2(6) + X(1) <=> H2X(49) 0.000 -0.000 0.000 -0.000 0.002
13 CH4(2) + HOX(22) + X(1) <=> CH3X(21) + H2OX(23) 0.000 0.000 0.000 -0.000 0.002
14 H2O(5) + X(1) <=> H2OX(23) -0.000 -0.000 -0.000 -0.001 0.003
15 H2OX(23) + OX(20) <=> 2 HOX(22) -0.163 -0.662 -0.826 -0.676 -0.004
16 HOX(22) + HX(19) <=> H2OX(23) + X(1) 0.000 0.001 0.001 -0.000 0.001
17 CH2X(27) + HX(19) <=> CH3X(21) + X(1) -0.698 -0.698 -1.400 -0.713 0.001
18 CH2X(27) + HOX(22) <=> CH3X(21) + OX(20) -0.281 -0.281 -0.562 -0.287 0.005
19 CHX(28) + HX(19) <=> CH2X(27) + X(1) 0.000 0.000 0.000 -0.000 0.004
20 CHX(28) + HOX(22) <=> CH2X(27) + OX(20) 0.000 0.000 0.000 -0.000 0.002
21 2 CH2X(27) <=> CH3X(21) + CHX(28) 0.000 0.000 0.000 -0.000 0.003
22 CHX(28) + X(1) <=> CX(26) + HX(19) 0.000 0.000 0.000 -0.000 0.005
23 CX(26) + H2(6) <=> CH2X(27) 0.000 0.000 0.000 -0.000 0.004
24 CX(26) + HOX(22) <=> CHX(28) + OX(20) 0.000 0.000 0.001 -0.000 0.004
25 CH3X(21) + CX(26) <=> CH2X(27) + CHX(28) 0.000 0.001 0.001 0.000 0.003
26 CH2X(27) + CX(26) <=> 2 CHX(28) 0.000 0.001 0.001 0.000 0.005
27 CO(7) + X(1) <=> OCX(25) -0.000 0.000 -0.000 -0.000 -0.005
28 CX(26) + OX(20) <=> OCX(25) + X(1) 0.000 -0.000 -0.000 0.000 -0.001
29 C2H6(8) + X(1) <=> C2H6X(52) 0.000 -0.000 -0.000 -0.000 0.002
30 CO(7) + X(1) <=> COX(50) 0.000 0.000 0.001 0.000 0.004
31 C2H4(47) + X(1) <=> C2H4X(205) 0.000 0.000 0.000 0.000 0.002
32 C2H4(18) + X(1) <=> C2H4X(65) 0.000 0.000 0.001 -0.000 0.004
33 CO2(4) + X(1) <=> CO2X(24) 0.000 0.000 0.000 -0.000 0.005
34 OCX(25) + OX(20) <=> CO2X(24) + X(1) 0.000 0.000 0.000 -0.000 0.007
35 CO2X(24) + HX(19) <=> HOX(22) + OCX(25) 0.000 0.000 0.000 0.000 0.004
Finished sensitivity simulation for a C/O ratio of 1.2
Finished translating for C/O ratio of 1.2
Starting sensitivity simulation for a C/O ratio of 2.2
0 CH4(2) + X(1) <=> CH4X(48) -0.001 -0.001 -0.002 -0.000 -0.047
1 O2(3) + 2 X(1) <=> 2 OX(20) 0.565 1.059 1.618 1.075 -0.031
2 H2(6) + 2 X(1) <=> 2 HX(19) -0.001 -0.001 -0.002 -0.000 -0.045
3 H(12) + X(1) <=> HX(19) -0.001 -0.002 -0.002 -0.000 -0.037
4 HX(19) + OX(20) <=> HOX(22) + X(1) -0.001 -0.001 -0.002 0.000 -0.050
5 H2O(5) + 2 X(1) <=> HOX(22) + HX(19) -0.000 -0.001 -0.001 0.000 -0.033
6 OH(17) + X(1) <=> HOX(22) -0.000 -0.000 -0.001 -0.000 -0.032
7 CH4(2) + 2 X(1) <=> CH3X(21) + HX(19) -0.001 -0.001 -0.002 -0.000 -0.044
8 CH4(2) + OX(20) + X(1) <=> CH3X(21) + HOX(22) -0.001 -0.002 -0.003 -0.001 -0.036
9 C2H6(8) + 2 X(1) <=> 2 CH3X(21) -0.001 -0.001 -0.001 -0.000 -0.047
10 CH3(10) + X(1) <=> CH3X(21) 0.606 -0.387 0.221 -0.389 -0.255
11 CH3OH(14) + 2 X(1) <=> CH3X(21) + HOX(22) -0.001 -0.002 -0.002 -0.000 -0.044
12 H2(6) + X(1) <=> H2X(49) -0.001 -0.001 -0.001 -0.000 -0.048
13 CH4(2) + HOX(22) + X(1) <=> CH3X(21) + H2OX(23) -0.001 -0.001 -0.001 -0.000 -0.045
14 H2O(5) + X(1) <=> H2OX(23) -0.001 -0.002 -0.002 -0.001 -0.029
15 H2OX(23) + OX(20) <=> 2 HOX(22) -0.187 -0.686 -0.875 -0.694 -0.202
16 HOX(22) + HX(19) <=> H2OX(23) + X(1) -0.000 -0.002 -0.002 0.000 -0.031
17 CH2X(27) + HX(19) <=> CH3X(21) + X(1) -0.771 -0.771 -1.548 -0.782 -0.045
18 CH2X(27) + HOX(22) <=> CH3X(21) + OX(20) -0.216 -0.217 -0.434 -0.218 -0.049
19 CHX(28) + HX(19) <=> CH2X(27) + X(1) -0.001 -0.001 -0.002 -0.000 -0.041
20 CHX(28) + HOX(22) <=> CH2X(27) + OX(20) -0.001 -0.001 -0.002 -0.000 -0.043
21 2 CH2X(27) <=> CH3X(21) + CHX(28) -0.001 -0.001 -0.002 -0.000 -0.039
22 CHX(28) + X(1) <=> CX(26) + HX(19) -0.001 -0.002 -0.002 0.000 -0.053
23 CX(26) + H2(6) <=> CH2X(27) -0.001 -0.001 -0.002 -0.000 -0.052
24 CX(26) + HOX(22) <=> CHX(28) + OX(20) -0.001 -0.002 -0.002 -0.000 -0.038
25 CH3X(21) + CX(26) <=> CH2X(27) + CHX(28) -0.001 -0.001 -0.002 -0.000 -0.047
26 CH2X(27) + CX(26) <=> 2 CHX(28) -0.001 -0.001 -0.001 0.000 -0.044
27 CO(7) + X(1) <=> OCX(25) -0.000 -0.000 -0.001 0.000 -0.030
28 CX(26) + OX(20) <=> OCX(25) + X(1) -0.001 -0.001 -0.001 0.000 -0.040
29 C2H6(8) + X(1) <=> C2H6X(52) -0.001 0.000 -0.001 -0.000 -0.042
30 CO(7) + X(1) <=> COX(50) -0.001 -0.001 -0.002 0.000 -0.055
31 C2H4(47) + X(1) <=> C2H4X(205) -0.000 -0.001 -0.001 -0.000 -0.026
32 C2H4(18) + X(1) <=> C2H4X(65) -0.001 -0.001 -0.002 -0.000 -0.040
33 CO2(4) + X(1) <=> CO2X(24) -0.000 -0.001 -0.002 -0.000 -0.033
34 OCX(25) + OX(20) <=> CO2X(24) + X(1) -0.001 -0.001 -0.002 -0.000 -0.048
35 CO2X(24) + HX(19) <=> HOX(22) + OCX(25) -0.001 -0.001 -0.002 -0.000 -0.044
Finished sensitivity simulation for a C/O ratio of 2.2
Finished translating for C/O ratio of 2.2
Starting sensitivity simulation for a C/O ratio of 0.9
0 CH4(2) + X(1) <=> CH4X(48) -0.000 0.001 0.001 -0.000 0.000
1 O2(3) + 2 X(1) <=> 2 OX(20) 0.479 0.973 1.448 0.998 0.001
2 H2(6) + 2 X(1) <=> 2 HX(19) -0.000 0.002 0.002 -0.000 -0.001
3 H(12) + X(1) <=> HX(19) -0.000 0.000 0.000 0.000 -0.000
4 HX(19) + OX(20) <=> HOX(22) + X(1) -0.000 -0.000 -0.000 -0.000 0.000
5 H2O(5) + 2 X(1) <=> HOX(22) + HX(19) -0.000 0.002 0.002 -0.000 0.000
6 OH(17) + X(1) <=> HOX(22) -0.000 0.005 0.005 -0.000 0.000
7 CH4(2) + 2 X(1) <=> CH3X(21) + HX(19) 0.000 0.001 0.001 -0.000 0.000
8 CH4(2) + OX(20) + X(1) <=> CH3X(21) + HOX(22) -0.000 -0.001 -0.001 -0.001 0.000
9 C2H6(8) + 2 X(1) <=> 2 CH3X(21) 0.000 0.002 0.002 -0.000 0.000
10 CH3(10) + X(1) <=> CH3X(21) 0.664 -0.329 0.337 -0.338 -0.002
11 CH3OH(14) + 2 X(1) <=> CH3X(21) + HOX(22) 0.000 0.001 0.001 -0.000 0.000
12 H2(6) + X(1) <=> H2X(49) -0.000 -0.001 -0.001 -0.000 0.000
13 CH4(2) + HOX(22) + X(1) <=> CH3X(21) + H2OX(23) -0.000 0.000 0.000 -0.000 0.000
14 H2O(5) + X(1) <=> H2OX(23) -0.000 0.001 0.001 -0.001 0.000
15 H2OX(23) + OX(20) <=> 2 HOX(22) -0.152 -0.652 -0.805 -0.668 -0.001
16 HOX(22) + HX(19) <=> H2OX(23) + X(1) -0.000 0.000 0.000 -0.000 0.000
17 CH2X(27) + HX(19) <=> CH3X(21) + X(1) -0.661 -0.661 -1.326 -0.678 0.000
18 CH2X(27) + HOX(22) <=> CH3X(21) + OX(20) -0.314 -0.312 -0.626 -0.322 0.000
19 CHX(28) + HX(19) <=> CH2X(27) + X(1) -0.000 0.002 0.002 -0.000 0.000
20 CHX(28) + HOX(22) <=> CH2X(27) + OX(20) -0.000 0.002 0.002 -0.000 -0.000
21 2 CH2X(27) <=> CH3X(21) + CHX(28) -0.000 0.001 0.001 -0.000 0.000
22 CHX(28) + X(1) <=> CX(26) + HX(19) -0.000 -0.000 -0.000 -0.000 0.000
23 CX(26) + H2(6) <=> CH2X(27) -0.000 -0.001 -0.001 -0.000 0.000
24 CX(26) + HOX(22) <=> CHX(28) + OX(20) -0.000 -0.000 -0.000 -0.000 -0.000
25 CH3X(21) + CX(26) <=> CH2X(27) + CHX(28) -0.000 0.000 0.000 -0.000 0.000
26 CH2X(27) + CX(26) <=> 2 CHX(28) 0.000 0.001 0.001 -0.000 0.000
27 CO(7) + X(1) <=> OCX(25) -0.000 0.001 0.001 -0.000 -0.000
28 CX(26) + OX(20) <=> OCX(25) + X(1) -0.000 0.001 0.001 -0.000 0.000
29 C2H6(8) + X(1) <=> C2H6X(52) -0.000 -0.000 -0.000 0.000 0.000
30 CO(7) + X(1) <=> COX(50) -0.000 0.002 0.002 -0.000 0.000
31 C2H4(47) + X(1) <=> C2H4X(205) 0.000 0.001 0.001 -0.000 -0.000
32 C2H4(18) + X(1) <=> C2H4X(65) 0.000 0.000 0.000 -0.000 -0.001
33 CO2(4) + X(1) <=> CO2X(24) -0.000 -0.000 -0.000 -0.000 0.000
34 OCX(25) + OX(20) <=> CO2X(24) + X(1) -0.000 0.000 0.000 -0.000 0.000
35 CO2X(24) + HX(19) <=> HOX(22) + OCX(25) -0.000 0.003 0.003 -0.000 0.000
Finished sensitivity simulation for a C/O ratio of 0.9
Finished translating for C/O ratio of 0.9
