This mechanism contains 38 gas reactions and 41 surface reactions
Finished simulation at a C/O ratio of 0.7
Finished simulation at a C/O ratio of 0.9
Finished simulation at a C/O ratio of 0.6
Finished simulation at a C/O ratio of 1.0
Finished simulation at a C/O ratio of 2.6
Finished simulation at a C/O ratio of 0.8
Finished simulation at a C/O ratio of 1.1
Finished simulation at a C/O ratio of 2.0
Finished simulation at a C/O ratio of 1.8
Finished simulation at a C/O ratio of 1.3
Finished simulation at a C/O ratio of 2.4
Finished simulation at a C/O ratio of 1.4
Finished simulation at a C/O ratio of 1.6
Finished simulation at a C/O ratio of 2.2
Finished simulation at a C/O ratio of 1.2
Starting thermo sensitivity simulation for a C/O ratio of 0.6
0 X(1) -0.007 -0.185 -0.192 -0.004 -0.007
1 HX(19) 0.002 -0.139 -0.137 0.002 -0.007
2 OX(20) 0.002 -0.090 -0.089 -0.001 -0.007
3 CH3X(21) -0.003 -0.159 -0.162 -0.000 -0.007
4 HOX(22) -0.006 -0.145 -0.151 -0.000 -0.007
5 H2OX(23) -0.005 -0.136 -0.141 0.001 -0.007
6 CO2X(24) -0.003 -0.144 -0.146 0.000 -0.007
7 OCX(25) -0.000 -0.127 -0.127 -0.000 -0.007
8 CX(26) -0.000 -0.183 -0.183 -0.000 -0.006
9 CH2X(27) -0.001 -0.147 -0.147 0.002 -0.006
10 CHX(28) -0.000 -0.141 -0.141 -0.000 -0.007
11 CH4X(48) -0.003 -0.182 -0.185 0.000 -0.007
12 H2X(49) 0.003 -0.145 -0.143 -0.000 -0.007
13 COX(50) 0.003 -0.267 -0.264 -0.000 -0.007
14 CHOX(53) -0.000 -0.233 -0.233 -0.000 -0.007
Finished thermo sensitivity simulation for a C/O ratio of 0.6
Starting thermo sensitivity simulation for a C/O ratio of 1.0
0 X(1) -0.009 -0.017 -0.025 -0.004 -0.001
1 HX(19) 0.001 -0.003 -0.003 0.002 0.000
2 OX(20) -0.003 -0.030 -0.033 -0.001 -0.000
3 CH3X(21) -0.000 -0.004 -0.004 -0.000 -0.000
4 HOX(22) -0.004 -0.018 -0.022 -0.000 -0.000
5 H2OX(23) 0.001 -0.012 -0.010 0.001 0.000
6 CO2X(24) -0.000 -0.007 -0.007 -0.000 -0.000
7 OCX(25) -0.003 0.005 0.002 -0.000 -0.000
8 CX(26) -0.003 -0.016 -0.019 0.000 0.001
9 CH2X(27) 0.002 0.001 0.003 0.002 0.001
10 CHX(28) -0.003 -0.012 -0.015 -0.000 -0.001
11 CH4X(48) -0.003 -0.019 -0.022 -0.000 -0.000
12 H2X(49) -0.003 -0.028 -0.031 0.000 0.000
13 COX(50) -0.004 -0.037 -0.041 -0.000 -0.000
14 CHOX(53) -0.001 -0.028 -0.029 -0.000 -0.000
Finished thermo sensitivity simulation for a C/O ratio of 1.0
Starting thermo sensitivity simulation for a C/O ratio of 0.7
0 X(1) -0.004 -0.025 -0.029 -0.004 0.003
1 HX(19) -0.005 -0.017 -0.022 0.002 0.004
2 OX(20) 0.001 -0.028 -0.027 -0.001 0.004
3 CH3X(21) -0.002 -0.021 -0.024 -0.000 0.004
4 HOX(22) -0.002 -0.021 -0.024 0.000 0.004
5 H2OX(23) -0.001 -0.023 -0.024 0.001 0.004
6 CO2X(24) 0.000 -0.026 -0.026 0.000 0.004
7 OCX(25) -0.002 -0.020 -0.023 0.000 0.004
8 CX(26) -0.002 -0.021 -0.024 0.000 0.004
9 CH2X(27) -0.000 -0.025 -0.026 0.002 0.004
10 CHX(28) -0.005 -0.062 -0.067 0.000 0.003
11 CH4X(48) -0.002 -0.021 -0.024 0.000 0.004
12 H2X(49) -0.002 -0.021 -0.024 0.000 0.004
13 COX(50) -0.005 -0.064 -0.069 0.000 0.004
14 CHOX(53) -0.002 -0.020 -0.023 0.000 0.004
Finished thermo sensitivity simulation for a C/O ratio of 0.7
Starting thermo sensitivity simulation for a C/O ratio of 0.9
0 X(1) -0.004 0.095 0.091 -0.004 -0.001
1 HX(19) 0.001 0.073 0.073 0.002 0.000
2 OX(20) -0.003 0.081 0.078 -0.001 -0.000
3 CH3X(21) 0.000 0.041 0.041 0.000 0.000
4 HOX(22) -0.003 0.174 0.170 0.000 0.000
5 H2OX(23) -0.004 0.085 0.081 0.001 0.000
6 CO2X(24) -0.003 0.063 0.059 0.000 0.000
7 OCX(25) -0.005 0.116 0.111 0.000 0.000
8 CX(26) -0.003 0.093 0.089 0.000 0.001
9 CH2X(27) 0.001 0.137 0.138 0.002 0.001
10 CHX(28) -0.002 0.111 0.109 0.000 -0.000
11 CH4X(48) 0.000 0.141 0.141 0.000 0.000
12 H2X(49) -0.005 0.217 0.212 0.000 0.000
13 COX(50) -0.002 0.111 0.109 0.000 0.000
14 CHOX(53) -0.003 0.136 0.133 0.000 0.000
Finished thermo sensitivity simulation for a C/O ratio of 0.9
Starting thermo sensitivity simulation for a C/O ratio of 1.1
0 X(1) -0.007 0.005 -0.002 -0.004 -0.001
1 HX(19) 0.002 0.018 0.021 0.002 0.000
2 OX(20) 0.000 -0.005 -0.005 -0.001 -0.000
3 CH3X(21) -0.001 0.009 0.008 0.000 0.000
4 HOX(22) -0.002 0.008 0.005 0.000 0.000
5 H2OX(23) -0.001 0.016 0.015 0.001 0.000
6 CO2X(24) -0.002 -0.007 -0.009 0.000 0.000
7 OCX(25) 0.001 -0.008 -0.006 0.000 0.000
8 CX(26) -0.002 0.008 0.005 0.000 0.001
9 CH2X(27) -0.003 0.006 0.004 0.002 0.001
10 CHX(28) -0.001 0.007 0.006 0.000 -0.000
11 CH4X(48) -0.001 0.006 0.004 0.000 0.000
12 H2X(49) -0.001 0.010 0.009 0.000 0.000
13 COX(50) 0.001 0.022 0.023 0.000 0.000
14 CHOX(53) -0.002 0.016 0.013 0.000 0.000
Finished thermo sensitivity simulation for a C/O ratio of 1.1
Starting thermo sensitivity simulation for a C/O ratio of 2.6
0 X(1) -0.001 -0.004 -0.005 -0.005 0.000
1 HX(19) 0.001 0.008 0.009 0.002 0.002
2 OX(20) 0.001 0.003 0.004 -0.001 0.001
3 CH3X(21) 0.001 -0.001 -0.000 0.000 0.001
4 HOX(22) 0.000 -0.003 -0.002 -0.000 0.001
5 H2OX(23) 0.002 0.004 0.005 0.001 0.002
6 CO2X(24) 0.001 0.001 0.001 -0.000 0.001
7 OCX(25) 0.001 0.001 0.002 0.000 0.001
8 CX(26) 0.001 0.002 0.002 -0.000 0.002
9 CH2X(27) 0.002 0.002 0.004 0.002 0.002
10 CHX(28) 0.001 -0.003 -0.002 0.000 0.001
11 CH4X(48) 0.001 0.001 0.002 0.000 0.001
12 H2X(49) 0.001 0.001 0.001 -0.000 0.001
13 COX(50) -0.000 -0.003 -0.003 -0.000 0.001
14 CHOX(53) 0.000 0.005 0.005 -0.000 0.001
Finished thermo sensitivity simulation for a C/O ratio of 2.6
Starting thermo sensitivity simulation for a C/O ratio of 2.0
0 X(1) -0.004 -0.006 -0.010 -0.005 -0.001
1 HX(19) -0.001 0.013 0.012 0.002 0.000
2 OX(20) -0.001 0.006 0.005 -0.001 -0.000
3 CH3X(21) -0.000 0.002 0.002 -0.000 -0.000
4 HOX(22) -0.001 0.011 0.010 -0.000 -0.000
5 H2OX(23) -0.002 0.008 0.006 0.001 0.000
6 CO2X(24) -0.001 0.011 0.010 -0.000 -0.000
7 OCX(25) -0.001 0.004 0.002 -0.000 0.000
8 CX(26) -0.001 -0.005 -0.006 0.000 0.001
9 CH2X(27) -0.001 0.016 0.014 0.002 0.001
10 CHX(28) -0.002 0.001 -0.001 -0.000 -0.001
11 CH4X(48) 0.000 -0.013 -0.013 0.000 0.000
12 H2X(49) -0.002 0.006 0.005 0.000 0.000
13 COX(50) -0.001 0.008 0.007 0.000 0.000
14 CHOX(53) -0.001 -0.007 -0.008 -0.000 -0.000
Finished thermo sensitivity simulation for a C/O ratio of 2.0
Starting thermo sensitivity simulation for a C/O ratio of 1.3
0 X(1) -0.005 0.115 0.111 -0.005 -0.002
1 HX(19) -0.001 0.126 0.126 0.002 -0.001
2 OX(20) 0.001 0.154 0.155 -0.001 -0.002
3 CH3X(21) 0.001 0.155 0.156 -0.000 -0.001
4 HOX(22) 0.001 0.135 0.136 0.000 -0.001
5 H2OX(23) -0.001 0.135 0.134 0.001 -0.001
6 CO2X(24) -0.000 0.164 0.164 -0.000 -0.001
7 OCX(25) -0.001 0.115 0.114 -0.000 -0.001
8 CX(26) -0.001 0.147 0.146 0.000 -0.001
9 CH2X(27) 0.000 0.160 0.160 0.002 -0.001
10 CHX(28) -0.001 0.108 0.107 -0.000 -0.002
11 CH4X(48) -0.001 0.145 0.144 -0.000 -0.001
12 H2X(49) 0.003 0.157 0.160 -0.000 -0.001
13 COX(50) 0.000 0.183 0.184 0.000 -0.001
14 CHOX(53) 0.003 0.161 0.164 -0.000 -0.001
Finished thermo sensitivity simulation for a C/O ratio of 1.3
Starting thermo sensitivity simulation for a C/O ratio of 1.4
0 X(1) -0.004 -0.030 -0.033 -0.004 -0.003
1 HX(19) 0.003 0.006 0.009 0.002 -0.002
2 OX(20) -0.000 -0.034 -0.034 -0.001 -0.003
3 CH3X(21) 0.000 -0.011 -0.011 0.000 -0.003
4 HOX(22) 0.000 -0.024 -0.024 0.000 -0.003
5 H2OX(23) 0.001 -0.004 -0.003 0.001 -0.002
6 CO2X(24) -0.001 -0.021 -0.022 0.000 -0.003
7 OCX(25) -0.000 -0.018 -0.018 -0.000 -0.003
8 CX(26) 0.000 -0.027 -0.027 0.000 -0.002
9 CH2X(27) 0.002 -0.004 -0.002 0.002 -0.002
10 CHX(28) -0.000 -0.018 -0.018 0.000 -0.003
11 CH4X(48) -0.001 -0.012 -0.013 -0.000 -0.003
12 H2X(49) -0.000 -0.020 -0.021 -0.000 -0.003
13 COX(50) 0.000 -0.018 -0.018 0.000 -0.003
14 CHOX(53) -0.001 -0.025 -0.026 0.000 -0.003
Finished thermo sensitivity simulation for a C/O ratio of 1.4
Starting thermo sensitivity simulation for a C/O ratio of 1.6
0 X(1) -0.003 -0.009 -0.011 -0.005 -0.001
1 HX(19) -0.001 0.009 0.009 0.002 0.000
2 OX(20) -0.002 0.013 0.011 -0.001 -0.000
3 CH3X(21) -0.001 0.008 0.007 0.000 0.000
4 HOX(22) 0.000 0.004 0.004 0.000 0.002
5 H2OX(23) -0.003 0.015 0.012 0.001 0.000
6 CO2X(24) -0.001 -0.008 -0.009 -0.000 -0.000
7 OCX(25) -0.002 0.010 0.008 -0.000 -0.000
8 CX(26) -0.001 0.016 0.015 -0.000 0.001
9 CH2X(27) 0.000 0.013 0.013 0.002 0.001
10 CHX(28) -0.002 0.024 0.023 -0.000 -0.001
11 CH4X(48) -0.001 0.030 0.030 -0.000 -0.000
12 H2X(49) 0.000 0.031 0.031 0.000 0.000
13 COX(50) -0.000 0.010 0.010 -0.000 -0.000
14 CHOX(53) -0.001 0.028 0.027 -0.000 -0.000
Finished thermo sensitivity simulation for a C/O ratio of 1.6
Starting thermo sensitivity simulation for a C/O ratio of 2.2
0 X(1) -0.002 0.013 0.011 -0.005 -0.001
1 HX(19) 0.000 0.018 0.018 0.002 0.000
2 OX(20) -0.000 0.001 0.001 -0.001 -0.000
3 CH3X(21) -0.000 0.012 0.012 -0.000 -0.000
4 HOX(22) 0.000 0.017 0.018 -0.000 -0.000
5 H2OX(23) -0.000 0.019 0.019 0.001 0.000
6 CO2X(24) -0.001 0.010 0.009 -0.000 -0.000
7 OCX(25) -0.001 0.002 0.002 -0.000 -0.000
8 CX(26) 0.000 0.012 0.012 -0.000 0.001
9 CH2X(27) 0.001 0.002 0.003 0.002 0.001
10 CHX(28) -0.000 0.014 0.014 -0.000 -0.001
11 CH4X(48) -0.000 0.025 0.025 -0.000 0.000
12 H2X(49) 0.000 -0.008 -0.008 -0.000 -0.000
13 COX(50) 0.000 0.012 0.012 -0.000 -0.000
14 CHOX(53) 0.000 0.021 0.021 0.000 0.000
Finished thermo sensitivity simulation for a C/O ratio of 2.2
Starting thermo sensitivity simulation for a C/O ratio of 1.8
0 X(1) -0.002 -0.027 -0.029 -0.005 -0.001
1 HX(19) 0.001 -0.035 -0.034 0.003 0.000
2 OX(20) -0.001 0.023 0.023 -0.001 -0.000
3 CH3X(21) 0.000 0.015 0.015 0.000 0.000
4 HOX(22) -0.000 0.045 0.045 -0.000 -0.000
5 H2OX(23) 0.001 0.026 0.027 0.001 0.000
6 CO2X(24) 0.001 0.013 0.013 0.000 0.000
7 OCX(25) 0.001 0.001 0.001 0.000 0.000
8 CX(26) 0.000 -0.029 -0.029 0.000 0.001
9 CH2X(27) -0.000 0.015 0.015 0.002 0.001
10 CHX(28) -0.000 0.006 0.006 0.000 -0.001
11 CH4X(48) 0.001 0.004 0.005 0.000 0.000
12 H2X(49) 0.000 0.036 0.036 0.000 0.000
13 COX(50) 0.001 0.014 0.015 0.000 0.000
14 CHOX(53) 0.001 -0.002 -0.001 0.000 0.000
Finished thermo sensitivity simulation for a C/O ratio of 1.8
Starting thermo sensitivity simulation for a C/O ratio of 1.2
0 X(1) -0.004 -0.032 -0.036 -0.004 -0.001
1 HX(19) -0.004 -0.002 -0.005 0.002 0.000
2 OX(20) -0.004 0.005 0.002 -0.001 -0.000
3 CH3X(21) -0.002 -0.018 -0.020 -0.000 0.000
4 HOX(22) -0.000 -0.024 -0.024 -0.000 -0.000
5 H2OX(23) -0.006 -0.022 -0.027 0.001 0.000
6 CO2X(24) -0.000 -0.029 -0.029 -0.000 0.000
7 OCX(25) -0.001 -0.017 -0.018 0.000 0.000
8 CX(26) -0.000 -0.019 -0.019 -0.000 0.001
9 CH2X(27) -0.002 -0.008 -0.011 0.002 0.001
10 CHX(28) 0.001 -0.018 -0.017 -0.000 -0.001
11 CH4X(48) 0.001 -0.019 -0.018 -0.000 0.000
12 H2X(49) 0.001 -0.015 -0.014 -0.000 0.000
13 COX(50) -0.000 -0.025 -0.025 -0.000 0.000
14 CHOX(53) -0.000 -0.007 -0.007 -0.000 0.000
Finished thermo sensitivity simulation for a C/O ratio of 1.2
Starting thermo sensitivity simulation for a C/O ratio of 0.8
0 X(1) -0.000 -0.027 -0.027 -0.004 -0.001
1 HX(19) 0.004 -0.006 -0.002 0.002 0.000
2 OX(20) -0.001 -0.022 -0.024 -0.001 -0.000
3 CH3X(21) 0.004 0.011 0.015 -0.000 -0.000
4 HOX(22) 0.002 0.004 0.006 0.000 0.000
5 H2OX(23) 0.001 -0.025 -0.024 0.001 0.000
6 CO2X(24) 0.002 0.011 0.013 -0.000 -0.000
7 OCX(25) -0.000 -0.016 -0.016 -0.000 -0.000
8 CX(26) 0.006 -0.001 0.005 -0.000 0.001
9 CH2X(27) 0.006 -0.013 -0.007 0.002 0.001
10 CHX(28) -0.000 -0.012 -0.012 -0.000 -0.001
11 CH4X(48) 0.002 -0.005 -0.003 -0.000 -0.000
12 H2X(49) 0.002 0.025 0.027 -0.000 -0.000
13 COX(50) 0.004 0.002 0.006 -0.000 -0.000
14 CHOX(53) 0.004 -0.021 -0.017 -0.000 -0.000
Finished thermo sensitivity simulation for a C/O ratio of 0.8
Starting thermo sensitivity simulation for a C/O ratio of 2.4
0 X(1) -0.001 0.002 0.000 -0.005 -0.001
1 HX(19) 0.001 0.006 0.007 0.002 0.000
2 OX(20) 0.000 -0.009 -0.008 -0.001 -0.000
3 CH3X(21) -0.001 -0.006 -0.007 -0.000 0.000
4 HOX(22) -0.000 -0.002 -0.002 -0.000 0.000
5 H2OX(23) 0.000 0.004 0.004 0.001 0.000
6 CO2X(24) 0.000 0.006 0.006 0.000 0.000
7 OCX(25) -0.000 0.002 0.002 -0.000 0.000
8 CX(26) 0.000 0.005 0.005 0.000 0.001
9 CH2X(27) 0.001 0.001 0.003 0.002 0.001
10 CHX(28) -0.000 0.001 0.000 -0.000 -0.001
11 CH4X(48) 0.000 0.000 0.000 0.000 0.000
12 H2X(49) -0.001 0.000 -0.000 -0.000 0.000
13 COX(50) -0.000 0.005 0.004 -0.000 0.000
14 CHOX(53) -0.001 0.005 0.004 -0.000 0.000
Finished thermo sensitivity simulation for a C/O ratio of 2.4
Starting sensitivity simulation for a C/O ratio of 1.0
0 CH4(2) + X(1) <=> CH4X(48) -0.001 -0.028 -0.029 -0.000 -0.000
1 O2(3) + 2 X(1) <=> 2 OX(20) 0.605 1.627 2.222 1.659 0.221
2 H2(6) + 2 X(1) <=> 2 HX(19) -0.001 -0.003 -0.004 -0.000 -0.008
3 H(12) + X(1) <=> HX(19) -0.000 -0.007 -0.007 -0.000 -0.000
4 HX(19) + OX(20) <=> HOX(22) + X(1) -0.003 -0.021 -0.024 -0.000 -0.000
5 H2O(5) + 2 X(1) <=> HOX(22) + HX(19) -0.005 -0.014 -0.018 -0.000 -0.000
6 OH(17) + X(1) <=> HOX(22) -0.001 -0.028 -0.029 -0.000 -0.000
7 CH4(2) + 2 X(1) <=> CH3X(21) + HX(19) -0.003 -0.017 -0.020 0.000 0.000
8 CH4(2) + OX(20) + X(1) <=> CH3X(21) + HOX(22) -0.002 -0.020 -0.021 -0.000 -0.000
9 C2H6(8) + 2 X(1) <=> 2 CH3X(21) 0.151 -0.214 -0.062 -0.099 0.002
10 CH3(10) + X(1) <=> CH3X(21) 0.320 -0.060 0.260 -0.123 0.003
11 CH3OH(14) + 2 X(1) <=> CH3X(21) + HOX(22) -0.003 -0.007 -0.010 0.000 0.000
12 CH2X(27) + HX(19) <=> CH3X(21) + X(1) -0.915 -1.354 -2.282 -1.516 -0.396
13 CH2X(27) + HOX(22) <=> CH3X(21) + OX(20) -0.014 -0.026 -0.040 -0.023 -0.006
14 CHX(28) + HX(19) <=> CH2X(27) + X(1) -0.003 -0.034 -0.037 -0.000 0.357
15 CHX(28) + HOX(22) <=> CH2X(27) + OX(20) -0.001 -0.020 -0.021 -0.000 0.003
16 2 CH2X(27) <=> CH3X(21) + CHX(28) -0.003 -0.020 -0.023 -0.000 -0.000
17 CHX(28) + X(1) <=> CX(26) + HX(19) -0.000 -0.007 -0.007 -0.000 -0.000
18 CX(26) + H2(6) <=> CH2X(27) -0.002 -0.018 -0.020 -0.000 -0.363
19 CX(26) + HOX(22) <=> CHX(28) + OX(20) -0.001 -0.013 -0.015 0.000 -0.000
20 CH3X(21) + CX(26) <=> CH2X(27) + CHX(28) -0.006 -0.025 -0.031 -0.000 -0.000
21 CH2X(27) + CX(26) <=> 2 CHX(28) -0.001 -0.020 -0.021 0.000 0.000
22 CO(7) + X(1) <=> OCX(25) -0.002 -0.013 -0.015 -0.000 0.000
23 CX(26) + OX(20) <=> OCX(25) + X(1) -0.003 -0.000 -0.003 -0.000 -0.000
24 H2(6) + X(1) <=> H2X(49) -0.003 -0.017 -0.020 -0.000 -0.000
25 CO(7) + X(1) <=> COX(50) -0.003 -0.012 -0.015 -0.000 -0.000
26 CH4(2) + HOX(22) + X(1) <=> CH3X(21) + H2OX(23) -0.000 -0.011 -0.011 -0.000 -0.000
27 H2O(5) + X(1) <=> H2OX(23) -0.002 -0.011 -0.014 -0.001 -0.000
28 H2OX(23) + OX(20) <=> 2 HOX(22) -0.155 -1.031 -1.187 -0.926 -0.189
29 HOX(22) + HX(19) <=> H2OX(23) + X(1) -0.001 -0.008 -0.009 -0.000 -0.000
30 CH2O(9) + 2 X(1) <=> CHOX(53) + HX(19) -0.001 -0.013 -0.015 0.000 0.000
31 HCO(15) + X(1) <=> CHOX(53) -0.001 -0.000 -0.002 -0.000 -0.000
32 CH3CHO(16) + 2 X(1) <=> CH3X(21) + CHOX(53) -0.003 -0.004 -0.007 0.000 0.000
33 CHOX(53) + X(1) <=> HX(19) + OCX(25) -0.004 -0.028 -0.032 -0.000 -0.000
34 HOX(22) + OCX(25) <=> CHOX(53) + OX(20) -0.003 -0.021 -0.024 -0.000 -0.000
35 CH2X(27) + CHOX(53) <=> CH3X(21) + OCX(25) -0.003 -0.000 -0.003 0.000 0.000
36 CHOX(53) + CHX(28) <=> CH2X(27) + OCX(25) -0.000 -0.004 -0.004 -0.000 -0.000
37 CHOX(53) + CX(26) <=> CHX(28) + OCX(25) -0.001 -0.017 -0.019 0.000 0.000
38 CO2(4) + X(1) <=> CO2X(24) -0.001 -0.014 -0.016 0.000 0.000
39 OCX(25) + OX(20) <=> CO2X(24) + X(1) -0.004 -0.029 -0.033 0.000 -0.000
40 CO2X(24) + HX(19) <=> HOX(22) + OCX(25) -0.002 -0.013 -0.015 -0.000 -0.000
Finished sensitivity simulation for a C/O ratio of 1.0
Finished translating for C/O ratio of 1.0
Starting sensitivity simulation for a C/O ratio of 0.9
0 CH4(2) + X(1) <=> CH4X(48) -0.005 0.037 0.032 0.000 0.000
1 O2(3) + 2 X(1) <=> 2 OX(20) 0.613 1.733 2.336 1.645 0.212
2 H2(6) + 2 X(1) <=> 2 HX(19) -0.005 0.069 0.064 0.000 -0.006
3 H(12) + X(1) <=> HX(19) -0.007 0.127 0.120 0.000 -0.000
4 HX(19) + OX(20) <=> HOX(22) + X(1) -0.002 0.102 0.100 0.000 0.000
5 H2O(5) + 2 X(1) <=> HOX(22) + HX(19) -0.002 0.100 0.099 0.000 0.000
6 OH(17) + X(1) <=> HOX(22) -0.003 0.108 0.104 0.000 0.000
7 CH4(2) + 2 X(1) <=> CH3X(21) + HX(19) -0.005 0.125 0.121 0.000 0.000
8 CH4(2) + OX(20) + X(1) <=> CH3X(21) + HOX(22) -0.002 0.168 0.166 0.000 0.000
9 C2H6(8) + 2 X(1) <=> 2 CH3X(21) 0.137 -0.183 -0.045 -0.097 0.003
10 CH3(10) + X(1) <=> CH3X(21) 0.331 0.001 0.333 -0.132 0.004
11 CH3OH(14) + 2 X(1) <=> CH3X(21) + HOX(22) -0.002 0.093 0.091 0.000 0.000
12 CH2X(27) + HX(19) <=> CH3X(21) + X(1) -0.928 -1.284 -2.224 -1.497 -0.388
13 CH2X(27) + HOX(22) <=> CH3X(21) + OX(20) -0.020 0.084 0.064 -0.025 -0.006
14 CHX(28) + HX(19) <=> CH2X(27) + X(1) -0.003 0.100 0.097 0.000 0.353
15 CHX(28) + HOX(22) <=> CH2X(27) + OX(20) -0.003 0.159 0.155 0.000 0.003
16 2 CH2X(27) <=> CH3X(21) + CHX(28) -0.003 0.096 0.092 0.000 0.000
17 CHX(28) + X(1) <=> CX(26) + HX(19) -0.002 0.109 0.108 0.000 0.000
18 CX(26) + H2(6) <=> CH2X(27) -0.002 0.144 0.142 0.000 -0.360
19 CX(26) + HOX(22) <=> CHX(28) + OX(20) -0.003 0.039 0.035 0.000 0.000
20 CH3X(21) + CX(26) <=> CH2X(27) + CHX(28) -0.003 0.093 0.089 0.000 0.000
21 CH2X(27) + CX(26) <=> 2 CHX(28) 0.000 0.089 0.089 0.000 0.000
22 CO(7) + X(1) <=> OCX(25) -0.005 0.094 0.089 0.000 0.000
23 CX(26) + OX(20) <=> OCX(25) + X(1) -0.003 0.108 0.104 0.000 0.000
24 H2(6) + X(1) <=> H2X(49) -0.002 0.078 0.076 0.000 0.000
25 CO(7) + X(1) <=> COX(50) -0.003 0.141 0.137 0.000 0.000
26 CH4(2) + HOX(22) + X(1) <=> CH3X(21) + H2OX(23) -0.002 0.141 0.139 0.000 0.000
27 H2O(5) + X(1) <=> H2OX(23) -0.004 0.116 0.112 -0.001 -0.000
28 H2OX(23) + OX(20) <=> 2 HOX(22) -0.167 -0.873 -1.041 -0.921 -0.186
29 HOX(22) + HX(19) <=> H2OX(23) + X(1) -0.003 0.186 0.182 0.000 0.000
30 CH2O(9) + 2 X(1) <=> CHOX(53) + HX(19) -0.003 0.118 0.115 0.000 0.000
31 HCO(15) + X(1) <=> CHOX(53) -0.005 0.109 0.104 0.000 0.000
32 CH3CHO(16) + 2 X(1) <=> CH3X(21) + CHOX(53) -0.002 0.163 0.162 0.000 0.000
33 CHOX(53) + X(1) <=> HX(19) + OCX(25) -0.003 0.099 0.095 0.000 0.000
34 HOX(22) + OCX(25) <=> CHOX(53) + OX(20) -0.003 0.183 0.179 0.000 0.000
35 CH2X(27) + CHOX(53) <=> CH3X(21) + OCX(25) -0.002 0.081 0.079 0.000 0.000
36 CHOX(53) + CHX(28) <=> CH2X(27) + OCX(25) -0.002 0.129 0.127 0.000 0.000
37 CHOX(53) + CX(26) <=> CHX(28) + OCX(25) -0.003 0.102 0.098 0.000 0.000
38 CO2(4) + X(1) <=> CO2X(24) -0.005 0.055 0.050 0.000 0.000
39 OCX(25) + OX(20) <=> CO2X(24) + X(1) -0.002 0.123 0.121 0.000 0.000
40 CO2X(24) + HX(19) <=> HOX(22) + OCX(25) -0.002 0.034 0.033 0.000 0.000
Finished sensitivity simulation for a C/O ratio of 0.9
Finished translating for C/O ratio of 0.9
Starting sensitivity simulation for a C/O ratio of 0.7
0 CH4(2) + X(1) <=> CH4X(48) -0.002 -0.020 -0.023 0.000 0.004
1 O2(3) + 2 X(1) <=> 2 OX(20) 0.636 1.460 2.086 1.610 0.197
2 H2(6) + 2 X(1) <=> 2 HX(19) -0.002 -0.020 -0.023 0.000 0.001
3 H(12) + X(1) <=> HX(19) -0.002 -0.021 -0.024 0.000 0.004
4 HX(19) + OX(20) <=> HOX(22) + X(1) -0.002 -0.020 -0.023 -0.000 0.004
5 H2O(5) + 2 X(1) <=> HOX(22) + HX(19) -0.002 -0.020 -0.023 0.000 0.004
6 OH(17) + X(1) <=> HOX(22) -0.005 -0.004 -0.009 0.000 0.004
7 CH4(2) + 2 X(1) <=> CH3X(21) + HX(19) -0.002 -0.020 -0.023 -0.000 0.004
8 CH4(2) + OX(20) + X(1) <=> CH3X(21) + HOX(22) -0.007 -0.035 -0.042 -0.000 0.004
9 C2H6(8) + 2 X(1) <=> 2 CH3X(21) 0.118 -0.370 -0.252 -0.091 0.007
10 CH3(10) + X(1) <=> CH3X(21) 0.363 -0.263 0.101 -0.154 0.010
11 CH3OH(14) + 2 X(1) <=> CH3X(21) + HOX(22) -0.005 -0.051 -0.056 0.000 0.004
12 CH2X(27) + HX(19) <=> CH3X(21) + X(1) -0.950 -1.444 -2.408 -1.454 -0.369
13 CH2X(27) + HOX(22) <=> CH3X(21) + OX(20) -0.023 -0.073 -0.096 -0.031 -0.004
14 CHX(28) + HX(19) <=> CH2X(27) + X(1) -0.002 -0.021 -0.024 -0.000 0.349
15 CHX(28) + HOX(22) <=> CH2X(27) + OX(20) 0.000 -0.026 -0.026 0.000 0.008
16 2 CH2X(27) <=> CH3X(21) + CHX(28) -0.002 -0.021 -0.024 0.000 0.004
17 CHX(28) + X(1) <=> CX(26) + HX(19) -0.002 -0.020 -0.023 0.000 0.004
18 CX(26) + H2(6) <=> CH2X(27) -0.005 -0.054 -0.059 0.000 -0.349
19 CX(26) + HOX(22) <=> CHX(28) + OX(20) 0.000 -0.026 -0.026 0.000 0.004
20 CH3X(21) + CX(26) <=> CH2X(27) + CHX(28) -0.002 -0.020 -0.023 0.000 0.004
21 CH2X(27) + CX(26) <=> 2 CHX(28) -0.005 -0.037 -0.042 0.000 0.004
22 CO(7) + X(1) <=> OCX(25) -0.005 -0.088 -0.092 -0.000 0.004
23 CX(26) + OX(20) <=> OCX(25) + X(1) -0.002 -0.020 -0.023 0.000 0.004
24 H2(6) + X(1) <=> H2X(49) -0.000 -0.026 -0.026 -0.000 0.004
25 CO(7) + X(1) <=> COX(50) -0.005 -0.052 -0.057 0.000 0.004
26 CH4(2) + HOX(22) + X(1) <=> CH3X(21) + H2OX(23) -0.000 -0.026 -0.026 -0.000 0.004
27 H2O(5) + X(1) <=> H2OX(23) -0.006 -0.045 -0.051 -0.001 0.004
28 H2OX(23) + OX(20) <=> 2 HOX(22) -0.182 -1.040 -1.223 -0.907 -0.176
29 HOX(22) + HX(19) <=> H2OX(23) + X(1) -0.005 -0.028 -0.033 0.000 0.004
30 CH2O(9) + 2 X(1) <=> CHOX(53) + HX(19) -0.002 -0.020 -0.023 0.000 0.004
31 HCO(15) + X(1) <=> CHOX(53) 0.000 -0.026 -0.026 0.000 0.004
32 CH3CHO(16) + 2 X(1) <=> CH3X(21) + CHOX(53) -0.007 -0.062 -0.069 0.000 0.004
33 CHOX(53) + X(1) <=> HX(19) + OCX(25) -0.005 -0.050 -0.055 0.000 0.004
34 HOX(22) + OCX(25) <=> CHOX(53) + OX(20) 0.000 -0.026 -0.026 0.000 0.004
35 CH2X(27) + CHOX(53) <=> CH3X(21) + OCX(25) -0.005 -0.028 -0.033 0.000 0.004
36 CHOX(53) + CHX(28) <=> CH2X(27) + OCX(25) -0.007 -0.040 -0.047 -0.000 0.004
37 CHOX(53) + CX(26) <=> CHX(28) + OCX(25) -0.002 -0.024 -0.027 0.000 0.004
38 CO2(4) + X(1) <=> CO2X(24) -0.002 -0.021 -0.024 0.000 0.004
39 OCX(25) + OX(20) <=> CO2X(24) + X(1) -0.005 -0.044 -0.049 0.000 0.004
40 CO2X(24) + HX(19) <=> HOX(22) + OCX(25) -0.002 -0.028 -0.030 0.000 0.004
Finished sensitivity simulation for a C/O ratio of 0.7
Finished translating for C/O ratio of 0.7
Starting sensitivity simulation for a C/O ratio of 0.6
0 CH4(2) + X(1) <=> CH4X(48) -0.003 -0.144 -0.146 0.000 -0.007
1 O2(3) + 2 X(1) <=> 2 OX(20) 0.660 1.451 2.102 1.588 0.185
2 H2(6) + 2 X(1) <=> 2 HX(19) -0.003 -0.095 -0.098 -0.000 -0.009
3 H(12) + X(1) <=> HX(19) -0.003 -0.132 -0.135 -0.000 -0.007
4 HX(19) + OX(20) <=> HOX(22) + X(1) -0.006 -0.147 -0.152 -0.000 -0.007
5 H2O(5) + 2 X(1) <=> HOX(22) + HX(19) -0.000 -0.141 -0.141 -0.000 -0.007
6 OH(17) + X(1) <=> HOX(22) -0.003 -0.156 -0.160 -0.000 -0.007
7 CH4(2) + 2 X(1) <=> CH3X(21) + HX(19) -0.000 -0.141 -0.141 -0.000 -0.007
8 CH4(2) + OX(20) + X(1) <=> CH3X(21) + HOX(22) -0.003 -0.154 -0.157 -0.000 -0.007
9 C2H6(8) + 2 X(1) <=> 2 CH3X(21) 0.112 -0.239 -0.127 -0.086 -0.003
10 CH3(10) + X(1) <=> CH3X(21) 0.388 -0.351 0.039 -0.168 0.000
11 CH3OH(14) + 2 X(1) <=> CH3X(21) + HOX(22) -0.003 -0.140 -0.143 -0.000 -0.007
12 CH2X(27) + HX(19) <=> CH3X(21) + X(1) -0.959 -1.448 -2.421 -1.428 -0.373
13 CH2X(27) + HOX(22) <=> CH3X(21) + OX(20) -0.020 -0.078 -0.098 -0.034 -0.016
14 CHX(28) + HX(19) <=> CH2X(27) + X(1) -0.006 -0.150 -0.156 0.000 0.334
15 CHX(28) + HOX(22) <=> CH2X(27) + OX(20) -0.003 -0.163 -0.166 -0.000 -0.002
16 2 CH2X(27) <=> CH3X(21) + CHX(28) -0.006 -0.146 -0.152 0.000 -0.007
17 CHX(28) + X(1) <=> CX(26) + HX(19) -0.000 -0.136 -0.136 -0.000 -0.007
18 CX(26) + H2(6) <=> CH2X(27) 0.006 -0.151 -0.145 -0.000 -0.356
19 CX(26) + HOX(22) <=> CHX(28) + OX(20) 0.000 -0.123 -0.123 0.000 -0.007
20 CH3X(21) + CX(26) <=> CH2X(27) + CHX(28) -0.003 -0.168 -0.171 -0.000 -0.007
21 CH2X(27) + CX(26) <=> 2 CHX(28) -0.000 -0.128 -0.128 -0.000 -0.007
22 CO(7) + X(1) <=> OCX(25) -0.000 -0.178 -0.178 -0.000 -0.007
23 CX(26) + OX(20) <=> OCX(25) + X(1) -0.006 -0.145 -0.151 -0.000 -0.007
24 H2(6) + X(1) <=> H2X(49) 0.000 -0.128 -0.128 0.000 -0.007
25 CO(7) + X(1) <=> COX(50) -0.006 -0.116 -0.122 -0.000 -0.007
26 CH4(2) + HOX(22) + X(1) <=> CH3X(21) + H2OX(23) -0.000 -0.127 -0.127 -0.000 -0.007
27 H2O(5) + X(1) <=> H2OX(23) -0.004 -0.127 -0.131 -0.001 -0.007
28 H2OX(23) + OX(20) <=> 2 HOX(22) -0.184 -1.117 -1.303 -0.898 -0.184
29 HOX(22) + HX(19) <=> H2OX(23) + X(1) -0.000 -0.123 -0.123 -0.000 -0.007
30 CH2O(9) + 2 X(1) <=> CHOX(53) + HX(19) -0.003 -0.151 -0.154 -0.000 -0.007
31 HCO(15) + X(1) <=> CHOX(53) -0.003 -0.250 -0.253 -0.000 -0.007
32 CH3CHO(16) + 2 X(1) <=> CH3X(21) + CHOX(53) -0.006 -0.150 -0.156 -0.000 -0.007
33 CHOX(53) + X(1) <=> HX(19) + OCX(25) -0.000 -0.203 -0.203 -0.000 -0.007
34 HOX(22) + OCX(25) <=> CHOX(53) + OX(20) -0.003 -0.134 -0.137 -0.000 -0.007
35 CH2X(27) + CHOX(53) <=> CH3X(21) + OCX(25) -0.003 -0.161 -0.164 -0.000 -0.007
36 CHOX(53) + CHX(28) <=> CH2X(27) + OCX(25) 0.003 -0.145 -0.142 -0.000 -0.007
37 CHOX(53) + CX(26) <=> CHX(28) + OCX(25) -0.006 -0.198 -0.204 -0.000 -0.007
38 CO2(4) + X(1) <=> CO2X(24) 0.003 -0.124 -0.121 -0.000 -0.007
39 OCX(25) + OX(20) <=> CO2X(24) + X(1) 0.003 -0.135 -0.132 0.000 -0.007
40 CO2X(24) + HX(19) <=> HOX(22) + OCX(25) -0.006 -0.145 -0.151 -0.000 -0.007
Finished sensitivity simulation for a C/O ratio of 0.6
Finished translating for C/O ratio of 0.6
Starting sensitivity simulation for a C/O ratio of 1.3
0 CH4(2) + X(1) <=> CH4X(48) 0.002 0.135 0.137 -0.000 -0.001
1 O2(3) + 2 X(1) <=> 2 OX(20) 0.576 1.766 2.332 1.693 0.254
2 H2(6) + 2 X(1) <=> 2 HX(19) 0.001 0.155 0.156 0.000 -0.017
3 H(12) + X(1) <=> HX(19) -0.000 0.125 0.125 -0.000 -0.002
4 HX(19) + OX(20) <=> HOX(22) + X(1) -0.000 0.154 0.154 -0.000 -0.001
5 H2O(5) + 2 X(1) <=> HOX(22) + HX(19) 0.001 0.189 0.190 -0.000 -0.001
6 OH(17) + X(1) <=> HOX(22) 0.001 0.186 0.187 -0.000 -0.001
7 CH4(2) + 2 X(1) <=> CH3X(21) + HX(19) 0.002 0.153 0.155 0.000 -0.001
8 CH4(2) + OX(20) + X(1) <=> CH3X(21) + HOX(22) 0.001 0.163 0.163 -0.000 -0.001
9 C2H6(8) + 2 X(1) <=> 2 CH3X(21) 0.167 -0.157 0.011 -0.103 -0.003
10 CH3(10) + X(1) <=> CH3X(21) 0.283 -0.005 0.277 -0.102 -0.003
11 CH3OH(14) + 2 X(1) <=> CH3X(21) + HOX(22) -0.000 0.158 0.158 -0.000 -0.001
12 CH2X(27) + HX(19) <=> CH3X(21) + X(1) -0.883 -1.233 -2.126 -1.559 -0.424
13 CH2X(27) + HOX(22) <=> CH3X(21) + OX(20) -0.010 0.091 0.080 -0.018 -0.006
14 CHX(28) + HX(19) <=> CH2X(27) + X(1) 0.001 0.176 0.177 0.000 0.364
15 CHX(28) + HOX(22) <=> CH2X(27) + OX(20) 0.002 0.160 0.162 0.000 0.001
16 2 CH2X(27) <=> CH3X(21) + CHX(28) 0.002 0.156 0.158 -0.000 -0.001
17 CHX(28) + X(1) <=> CX(26) + HX(19) -0.000 0.169 0.169 -0.000 -0.001
18 CX(26) + H2(6) <=> CH2X(27) -0.000 0.164 0.163 -0.000 -0.373
19 CX(26) + HOX(22) <=> CHX(28) + OX(20) 0.001 0.158 0.159 -0.000 -0.001
20 CH3X(21) + CX(26) <=> CH2X(27) + CHX(28) 0.002 0.136 0.138 0.000 -0.001
21 CH2X(27) + CX(26) <=> 2 CHX(28) 0.001 0.142 0.143 -0.000 -0.001
22 CO(7) + X(1) <=> OCX(25) 0.001 0.174 0.174 -0.000 -0.001
23 CX(26) + OX(20) <=> OCX(25) + X(1) -0.000 0.114 0.114 -0.000 -0.001
24 H2(6) + X(1) <=> H2X(49) 0.002 0.165 0.167 -0.000 -0.001
25 CO(7) + X(1) <=> COX(50) -0.001 0.188 0.187 0.000 -0.001
26 CH4(2) + HOX(22) + X(1) <=> CH3X(21) + H2OX(23) -0.000 0.123 0.123 -0.000 -0.001
27 H2O(5) + X(1) <=> H2OX(23) 0.003 0.148 0.151 -0.001 -0.002
28 H2OX(23) + OX(20) <=> 2 HOX(22) -0.135 -0.770 -0.906 -0.939 -0.199
29 HOX(22) + HX(19) <=> H2OX(23) + X(1) 0.001 0.159 0.160 -0.000 -0.001
30 CH2O(9) + 2 X(1) <=> CHOX(53) + HX(19) 0.001 0.121 0.122 -0.000 -0.001
31 HCO(15) + X(1) <=> CHOX(53) 0.002 0.177 0.179 -0.000 -0.001
32 CH3CHO(16) + 2 X(1) <=> CH3X(21) + CHOX(53) -0.000 0.107 0.107 -0.000 -0.001
33 CHOX(53) + X(1) <=> HX(19) + OCX(25) 0.001 0.174 0.175 -0.000 -0.001
34 HOX(22) + OCX(25) <=> CHOX(53) + OX(20) -0.000 0.151 0.151 -0.000 -0.001
35 CH2X(27) + CHOX(53) <=> CH3X(21) + OCX(25) 0.002 0.146 0.147 -0.000 -0.001
36 CHOX(53) + CHX(28) <=> CH2X(27) + OCX(25) 0.001 0.185 0.186 0.000 -0.001
37 CHOX(53) + CX(26) <=> CHX(28) + OCX(25) 0.001 0.134 0.135 -0.000 -0.001
38 CO2(4) + X(1) <=> CO2X(24) 0.001 0.116 0.117 0.000 -0.001
39 OCX(25) + OX(20) <=> CO2X(24) + X(1) 0.000 0.140 0.140 0.000 -0.001
40 CO2X(24) + HX(19) <=> HOX(22) + OCX(25) 0.003 0.136 0.139 -0.000 -0.001
Finished sensitivity simulation for a C/O ratio of 1.3
Finished translating for C/O ratio of 1.3
Starting sensitivity simulation for a C/O ratio of 2.6
0 CH4(2) + X(1) <=> CH4X(48) 0.000 -0.001 -0.001 0.000 0.001
1 O2(3) + 2 X(1) <=> 2 OX(20) 0.478 1.730 2.200 1.773 0.649
2 H2(6) + 2 X(1) <=> 2 HX(19) 0.001 0.006 0.007 0.000 -0.114
3 H(12) + X(1) <=> HX(19) 0.001 0.001 0.002 0.000 0.001
4 HX(19) + OX(20) <=> HOX(22) + X(1) 0.001 -0.001 -0.000 -0.000 0.001
5 H2O(5) + 2 X(1) <=> HOX(22) + HX(19) 0.000 -0.001 -0.001 -0.000 0.001
6 OH(17) + X(1) <=> HOX(22) 0.000 -0.001 -0.001 0.000 0.001
7 CH4(2) + 2 X(1) <=> CH3X(21) + HX(19) 0.001 0.001 0.002 0.000 0.001
8 CH4(2) + OX(20) + X(1) <=> CH3X(21) + HOX(22) 0.001 0.003 0.004 -0.000 0.001
9 C2H6(8) + 2 X(1) <=> 2 CH3X(21) 0.203 -0.250 -0.046 -0.102 -0.054
10 CH3(10) + X(1) <=> CH3X(21) 0.190 -0.005 0.185 -0.057 -0.031
11 CH3OH(14) + 2 X(1) <=> CH3X(21) + HOX(22) 0.000 0.006 0.006 0.000 0.001
12 CH2X(27) + HX(19) <=> CH3X(21) + X(1) -0.772 -1.509 -2.292 -1.671 -0.657
13 CH2X(27) + HOX(22) <=> CH3X(21) + OX(20) -0.003 -0.003 -0.006 -0.010 -0.002
14 CHX(28) + HX(19) <=> CH2X(27) + X(1) 0.000 -0.001 -0.001 0.000 0.366
15 CHX(28) + HOX(22) <=> CH2X(27) + OX(20) 0.001 0.001 0.001 0.000 0.003
16 2 CH2X(27) <=> CH3X(21) + CHX(28) 0.001 0.001 0.002 0.000 0.001
17 CHX(28) + X(1) <=> CX(26) + HX(19) 0.000 0.003 0.003 0.000 0.001
18 CX(26) + H2(6) <=> CH2X(27) 0.000 0.001 0.001 -0.000 -0.367
19 CX(26) + HOX(22) <=> CHX(28) + OX(20) 0.001 0.003 0.004 0.000 0.001
20 CH3X(21) + CX(26) <=> CH2X(27) + CHX(28) 0.001 0.003 0.004 0.000 0.001
21 CH2X(27) + CX(26) <=> 2 CHX(28) 0.001 0.001 0.002 -0.000 0.001
22 CO(7) + X(1) <=> OCX(25) 0.001 0.003 0.004 -0.000 0.001
23 CX(26) + OX(20) <=> OCX(25) + X(1) 0.001 0.001 0.002 0.000 0.001
24 H2(6) + X(1) <=> H2X(49) 0.001 0.003 0.004 0.000 0.001
25 CO(7) + X(1) <=> COX(50) 0.000 -0.001 -0.001 0.000 0.001
26 CH4(2) + HOX(22) + X(1) <=> CH3X(21) + H2OX(23) 0.000 -0.001 -0.000 -0.000 0.001
27 H2O(5) + X(1) <=> H2OX(23) 0.001 -0.001 0.000 -0.001 0.001
28 H2OX(23) + OX(20) <=> 2 HOX(22) -0.091 -1.029 -1.121 -0.966 -0.284
29 HOX(22) + HX(19) <=> H2OX(23) + X(1) 0.001 0.003 0.004 -0.000 0.001
30 CH2O(9) + 2 X(1) <=> CHOX(53) + HX(19) 0.000 -0.001 -0.001 0.000 0.001
31 HCO(15) + X(1) <=> CHOX(53) 0.000 -0.001 -0.001 -0.000 0.001
32 CH3CHO(16) + 2 X(1) <=> CH3X(21) + CHOX(53) 0.001 -0.001 -0.000 0.000 0.001
33 CHOX(53) + X(1) <=> HX(19) + OCX(25) 0.001 0.005 0.006 0.000 0.001
34 HOX(22) + OCX(25) <=> CHOX(53) + OX(20) 0.001 0.001 0.002 -0.000 0.001
35 CH2X(27) + CHOX(53) <=> CH3X(21) + OCX(25) 0.001 0.001 0.001 0.000 0.001
36 CHOX(53) + CHX(28) <=> CH2X(27) + OCX(25) 0.001 -0.003 -0.002 -0.000 0.001
37 CHOX(53) + CX(26) <=> CHX(28) + OCX(25) 0.001 0.001 0.002 -0.000 0.001
38 CO2(4) + X(1) <=> CO2X(24) 0.001 0.001 0.002 0.000 0.001
39 OCX(25) + OX(20) <=> CO2X(24) + X(1) 0.001 0.001 0.003 0.000 0.001
40 CO2X(24) + HX(19) <=> HOX(22) + OCX(25) 0.001 0.003 0.004 0.000 0.001
Finished sensitivity simulation for a C/O ratio of 2.6
Finished translating for C/O ratio of 2.6
Starting sensitivity simulation for a C/O ratio of 1.2
0 CH4(2) + X(1) <=> CH4X(48) -0.000 0.001 0.001 -0.000 0.000
1 O2(3) + 2 X(1) <=> 2 OX(20) 0.583 1.300 1.875 1.680 0.241
2 H2(6) + 2 X(1) <=> 2 HX(19) 0.001 -0.024 -0.023 -0.000 -0.013
3 H(12) + X(1) <=> HX(19) 0.001 -0.019 -0.018 -0.000 -0.000
4 HX(19) + OX(20) <=> HOX(22) + X(1) -0.002 -0.011 -0.014 -0.000 0.000
5 H2O(5) + 2 X(1) <=> HOX(22) + HX(19) -0.001 -0.022 -0.023 -0.000 0.000
6 OH(17) + X(1) <=> HOX(22) -0.000 -0.001 -0.001 -0.000 0.000
7 CH4(2) + 2 X(1) <=> CH3X(21) + HX(19) -0.000 0.009 0.009 -0.000 0.000
8 CH4(2) + OX(20) + X(1) <=> CH3X(21) + HOX(22) 0.001 -0.011 -0.010 -0.000 -0.000
9 C2H6(8) + 2 X(1) <=> 2 CH3X(21) 0.158 -0.183 -0.025 -0.102 0.000
10 CH3(10) + X(1) <=> CH3X(21) 0.293 -0.106 0.188 -0.107 0.000
11 CH3OH(14) + 2 X(1) <=> CH3X(21) + HOX(22) -0.000 0.004 0.004 -0.000 -0.000
12 CH2X(27) + HX(19) <=> CH3X(21) + X(1) -0.897 -1.386 -2.296 -1.545 -0.413
13 CH2X(27) + HOX(22) <=> CH3X(21) + OX(20) -0.013 -0.030 -0.043 -0.020 -0.005
14 CHX(28) + HX(19) <=> CH2X(27) + X(1) 0.001 -0.026 -0.025 -0.000 0.363
15 CHX(28) + HOX(22) <=> CH2X(27) + OX(20) 0.001 -0.019 -0.018 -0.000 0.003
16 2 CH2X(27) <=> CH3X(21) + CHX(28) 0.000 -0.034 -0.033 0.000 0.000
17 CHX(28) + X(1) <=> CX(26) + HX(19) 0.001 0.005 0.006 -0.000 0.000
18 CX(26) + H2(6) <=> CH2X(27) -0.001 -0.006 -0.008 -0.000 -0.369
19 CX(26) + HOX(22) <=> CHX(28) + OX(20) -0.002 -0.020 -0.022 -0.000 -0.000
20 CH3X(21) + CX(26) <=> CH2X(27) + CHX(28) -0.000 -0.014 -0.014 -0.000 0.000
21 CH2X(27) + CX(26) <=> 2 CHX(28) -0.001 -0.001 -0.002 -0.000 0.000
22 CO(7) + X(1) <=> OCX(25) 0.001 0.007 0.008 -0.000 0.000
23 CX(26) + OX(20) <=> OCX(25) + X(1) -0.001 -0.018 -0.020 -0.000 0.000
24 H2(6) + X(1) <=> H2X(49) -0.001 -0.008 -0.010 -0.000 0.000
25 CO(7) + X(1) <=> COX(50) -0.000 0.004 0.004 -0.000 0.000
26 CH4(2) + HOX(22) + X(1) <=> CH3X(21) + H2OX(23) -0.001 -0.014 -0.015 -0.000 -0.000
27 H2O(5) + X(1) <=> H2OX(23) -0.001 -0.016 -0.017 -0.001 -0.000
28 H2OX(23) + OX(20) <=> 2 HOX(22) -0.143 -0.940 -1.084 -0.935 -0.195
29 HOX(22) + HX(19) <=> H2OX(23) + X(1) -0.000 -0.020 -0.020 -0.000 0.000
30 CH2O(9) + 2 X(1) <=> CHOX(53) + HX(19) -0.000 -0.010 -0.010 -0.000 -0.000
31 HCO(15) + X(1) <=> CHOX(53) -0.000 0.006 0.006 -0.000 -0.000
32 CH3CHO(16) + 2 X(1) <=> CH3X(21) + CHOX(53) -0.001 -0.016 -0.017 0.000 0.000
33 CHOX(53) + X(1) <=> HX(19) + OCX(25) -0.000 0.011 0.011 -0.000 0.000
34 HOX(22) + OCX(25) <=> CHOX(53) + OX(20) -0.000 -0.012 -0.012 -0.000 0.000
35 CH2X(27) + CHOX(53) <=> CH3X(21) + OCX(25) 0.000 -0.012 -0.012 0.000 0.000
36 CHOX(53) + CHX(28) <=> CH2X(27) + OCX(25) -0.001 0.005 0.004 -0.000 0.000
37 CHOX(53) + CX(26) <=> CHX(28) + OCX(25) -0.000 -0.016 -0.016 -0.000 0.000
38 CO2(4) + X(1) <=> CO2X(24) -0.000 -0.014 -0.014 -0.000 -0.000
39 OCX(25) + OX(20) <=> CO2X(24) + X(1) 0.001 -0.018 -0.017 0.000 0.000
40 CO2X(24) + HX(19) <=> HOX(22) + OCX(25) -0.000 -0.005 -0.005 -0.000 0.000
Finished sensitivity simulation for a C/O ratio of 1.2
Finished translating for C/O ratio of 1.2
Starting sensitivity simulation for a C/O ratio of 2.4
0 CH4(2) + X(1) <=> CH4X(48) -0.000 -0.002 -0.002 -0.000 0.000
1 O2(3) + 2 X(1) <=> 2 OX(20) 0.490 1.730 2.211 1.764 0.554
2 H2(6) + 2 X(1) <=> 2 HX(19) 0.000 0.000 0.000 -0.000 -0.092
3 H(12) + X(1) <=> HX(19) -0.001 0.002 0.002 0.000 -0.000
4 HX(19) + OX(20) <=> HOX(22) + X(1) -0.001 0.000 -0.000 -0.000 0.000
5 H2O(5) + 2 X(1) <=> HOX(22) + HX(19) -0.000 0.000 -0.000 -0.000 0.000
6 OH(17) + X(1) <=> HOX(22) -0.001 0.000 -0.001 -0.000 -0.000
7 CH4(2) + 2 X(1) <=> CH3X(21) + HX(19) -0.001 -0.002 -0.003 -0.000 0.000
8 CH4(2) + OX(20) + X(1) <=> CH3X(21) + HOX(22) 0.000 0.000 0.000 -0.000 -0.000
9 C2H6(8) + 2 X(1) <=> 2 CH3X(21) 0.201 -0.248 -0.047 -0.103 -0.042
10 CH3(10) + X(1) <=> CH3X(21) 0.199 -0.001 0.198 -0.061 -0.025
11 CH3OH(14) + 2 X(1) <=> CH3X(21) + HOX(22) 0.000 -0.002 -0.002 -0.000 0.000
12 CH2X(27) + HX(19) <=> CH3X(21) + X(1) -0.785 -1.486 -2.284 -1.658 -0.604
13 CH2X(27) + HOX(22) <=> CH3X(21) + OX(20) -0.004 -0.004 -0.008 -0.010 -0.004
14 CHX(28) + HX(19) <=> CH2X(27) + X(1) -0.001 -0.007 -0.008 -0.000 0.369
15 CHX(28) + HOX(22) <=> CH2X(27) + OX(20) -0.000 -0.002 -0.002 -0.000 0.001
16 2 CH2X(27) <=> CH3X(21) + CHX(28) -0.000 0.000 -0.000 -0.000 0.000
17 CHX(28) + X(1) <=> CX(26) + HX(19) -0.001 0.002 0.002 -0.000 0.000
18 CX(26) + H2(6) <=> CH2X(27) -0.000 -0.002 -0.002 0.000 -0.374
19 CX(26) + HOX(22) <=> CHX(28) + OX(20) -0.000 -0.002 -0.002 -0.000 0.000
20 CH3X(21) + CX(26) <=> CH2X(27) + CHX(28) -0.000 0.005 0.004 -0.000 0.000
21 CH2X(27) + CX(26) <=> 2 CHX(28) -0.001 0.002 0.002 0.000 0.000
22 CO(7) + X(1) <=> OCX(25) -0.000 0.002 0.002 -0.000 0.000
23 CX(26) + OX(20) <=> OCX(25) + X(1) 0.000 -0.004 -0.004 0.000 0.000
24 H2(6) + X(1) <=> H2X(49) 0.001 0.001 0.001 -0.000 0.000
25 CO(7) + X(1) <=> COX(50) 0.001 0.001 0.001 0.000 0.000
26 CH4(2) + HOX(22) + X(1) <=> CH3X(21) + H2OX(23) -0.000 -0.004 -0.004 -0.000 -0.000
27 H2O(5) + X(1) <=> H2OX(23) 0.002 -0.002 -0.001 -0.001 -0.000
28 H2OX(23) + OX(20) <=> 2 HOX(22) -0.096 -0.988 -1.085 -0.963 -0.265
29 HOX(22) + HX(19) <=> H2OX(23) + X(1) -0.001 0.002 0.002 0.000 0.000
30 CH2O(9) + 2 X(1) <=> CHOX(53) + HX(19) -0.000 -0.002 -0.002 -0.000 -0.000
31 HCO(15) + X(1) <=> CHOX(53) -0.001 0.000 -0.000 -0.000 0.000
32 CH3CHO(16) + 2 X(1) <=> CH3X(21) + CHOX(53) 0.000 -0.004 -0.004 -0.000 -0.000
33 CHOX(53) + X(1) <=> HX(19) + OCX(25) 0.001 0.001 0.001 0.000 0.000
34 HOX(22) + OCX(25) <=> CHOX(53) + OX(20) -0.000 -0.000 -0.000 -0.000 0.000
35 CH2X(27) + CHOX(53) <=> CH3X(21) + OCX(25) -0.000 -0.002 -0.002 -0.000 -0.000
36 CHOX(53) + CHX(28) <=> CH2X(27) + OCX(25) 0.000 -0.006 -0.006 0.000 0.000
37 CHOX(53) + CX(26) <=> CHX(28) + OCX(25) 0.000 -0.004 -0.004 0.000 0.000
38 CO2(4) + X(1) <=> CO2X(24) -0.001 0.003 0.002 -0.000 0.000
39 OCX(25) + OX(20) <=> CO2X(24) + X(1) -0.001 0.002 0.002 0.000 -0.000
40 CO2X(24) + HX(19) <=> HOX(22) + OCX(25) -0.000 -0.002 -0.002 -0.000 0.000
Finished sensitivity simulation for a C/O ratio of 2.4
Finished translating for C/O ratio of 2.4
Starting sensitivity simulation for a C/O ratio of 1.4
0 CH4(2) + X(1) <=> CH4X(48) 0.000 -0.026 -0.025 0.000 -0.003
1 O2(3) + 2 X(1) <=> 2 OX(20) 0.571 1.642 2.204 1.702 0.268
2 H2(6) + 2 X(1) <=> 2 HX(19) -0.001 -0.018 -0.019 0.000 -0.022
3 H(12) + X(1) <=> HX(19) -0.000 0.001 0.001 -0.000 -0.003
4 HX(19) + OX(20) <=> HOX(22) + X(1) 0.000 -0.019 -0.019 0.000 -0.003
5 H2O(5) + 2 X(1) <=> HOX(22) + HX(19) 0.000 0.000 0.001 0.000 -0.003
6 OH(17) + X(1) <=> HOX(22) 0.000 -0.021 -0.020 -0.000 -0.003
7 CH4(2) + 2 X(1) <=> CH3X(21) + HX(19) -0.002 -0.017 -0.018 0.000 -0.003
8 CH4(2) + OX(20) + X(1) <=> CH3X(21) + HOX(22) -0.001 -0.032 -0.032 -0.000 -0.003
9 C2H6(8) + 2 X(1) <=> 2 CH3X(21) 0.173 -0.271 -0.097 -0.104 -0.006
10 CH3(10) + X(1) <=> CH3X(21) 0.274 -0.005 0.270 -0.096 -0.005
11 CH3OH(14) + 2 X(1) <=> CH3X(21) + HOX(22) -0.000 -0.032 -0.032 0.000 -0.003
12 CH2X(27) + HX(19) <=> CH3X(21) + X(1) -0.874 -1.468 -2.355 -1.571 -0.435
13 CH2X(27) + HOX(22) <=> CH3X(21) + OX(20) -0.010 -0.042 -0.052 -0.017 -0.007
14 CHX(28) + HX(19) <=> CH2X(27) + X(1) -0.001 -0.033 -0.034 -0.000 0.367
15 CHX(28) + HOX(22) <=> CH2X(27) + OX(20) -0.001 -0.017 -0.018 0.000 -0.000
16 2 CH2X(27) <=> CH3X(21) + CHX(28) -0.001 0.004 0.003 -0.000 -0.003
17 CHX(28) + X(1) <=> CX(26) + HX(19) -0.001 -0.028 -0.029 0.000 -0.003
18 CX(26) + H2(6) <=> CH2X(27) -0.000 0.004 0.003 0.000 -0.376
19 CX(26) + HOX(22) <=> CHX(28) + OX(20) -0.001 -0.016 -0.017 -0.000 -0.003
20 CH3X(21) + CX(26) <=> CH2X(27) + CHX(28) -0.001 -0.019 -0.020 0.000 -0.003
21 CH2X(27) + CX(26) <=> 2 CHX(28) -0.000 -0.020 -0.020 -0.000 -0.003
22 CO(7) + X(1) <=> OCX(25) -0.002 -0.024 -0.026 -0.000 -0.003
23 CX(26) + OX(20) <=> OCX(25) + X(1) -0.001 -0.017 -0.018 -0.000 -0.003
24 H2(6) + X(1) <=> H2X(49) -0.001 -0.029 -0.030 -0.000 -0.003
25 CO(7) + X(1) <=> COX(50) -0.000 -0.006 -0.007 0.000 -0.003
26 CH4(2) + HOX(22) + X(1) <=> CH3X(21) + H2OX(23) -0.001 -0.032 -0.032 -0.000 -0.003
27 H2O(5) + X(1) <=> H2OX(23) -0.003 -0.028 -0.031 -0.001 -0.003
28 H2OX(23) + OX(20) <=> 2 HOX(22) -0.132 -1.060 -1.193 -0.942 -0.205
29 HOX(22) + HX(19) <=> H2OX(23) + X(1) 0.000 -0.023 -0.022 0.000 -0.003
30 CH2O(9) + 2 X(1) <=> CHOX(53) + HX(19) 0.000 -0.023 -0.023 0.000 -0.003
31 HCO(15) + X(1) <=> CHOX(53) -0.001 -0.016 -0.017 0.000 -0.003
32 CH3CHO(16) + 2 X(1) <=> CH3X(21) + CHOX(53) 0.001 -0.004 -0.003 0.000 -0.003
33 CHOX(53) + X(1) <=> HX(19) + OCX(25) -0.001 -0.006 -0.007 0.000 -0.003
34 HOX(22) + OCX(25) <=> CHOX(53) + OX(20) -0.000 -0.008 -0.008 -0.000 -0.003
35 CH2X(27) + CHOX(53) <=> CH3X(21) + OCX(25) -0.001 -0.017 -0.018 0.000 -0.003
36 CHOX(53) + CHX(28) <=> CH2X(27) + OCX(25) 0.000 0.014 0.014 0.000 -0.003
37 CHOX(53) + CX(26) <=> CHX(28) + OCX(25) -0.000 -0.011 -0.011 -0.000 -0.003
38 CO2(4) + X(1) <=> CO2X(24) 0.000 -0.037 -0.037 0.000 -0.003
39 OCX(25) + OX(20) <=> CO2X(24) + X(1) -0.000 -0.022 -0.022 0.000 -0.003
40 CO2X(24) + HX(19) <=> HOX(22) + OCX(25) 0.000 -0.021 -0.020 0.000 -0.003
Finished sensitivity simulation for a C/O ratio of 1.4
Finished translating for C/O ratio of 1.4
Starting sensitivity simulation for a C/O ratio of 2.0
0 CH4(2) + X(1) <=> CH4X(48) -0.000 -0.005 -0.005 -0.000 -0.000
1 O2(3) + 2 X(1) <=> 2 OX(20) 0.517 1.693 2.202 1.744 0.407
2 H2(6) + 2 X(1) <=> 2 HX(19) -0.001 -0.002 -0.002 -0.000 -0.054
3 H(12) + X(1) <=> HX(19) -0.002 0.001 -0.001 0.000 -0.000
4 HX(19) + OX(20) <=> HOX(22) + X(1) -0.001 -0.001 -0.002 -0.000 -0.000
5 H2O(5) + 2 X(1) <=> HOX(22) + HX(19) -0.002 0.008 0.007 0.000 0.000
6 OH(17) + X(1) <=> HOX(22) -0.001 0.004 0.003 -0.000 -0.000
7 CH4(2) + 2 X(1) <=> CH3X(21) + HX(19) -0.000 0.009 0.008 0.000 0.000
8 CH4(2) + OX(20) + X(1) <=> CH3X(21) + HOX(22) -0.001 -0.003 -0.005 -0.000 -0.000
9 C2H6(8) + 2 X(1) <=> 2 CH3X(21) 0.192 -0.237 -0.045 -0.104 -0.022
10 CH3(10) + X(1) <=> CH3X(21) 0.223 -0.011 0.212 -0.072 -0.015
11 CH3OH(14) + 2 X(1) <=> CH3X(21) + HOX(22) -0.000 0.007 0.006 0.000 0.000
12 CH2X(27) + HX(19) <=> CH3X(21) + X(1) -0.820 -1.419 -2.251 -1.629 -0.518
13 CH2X(27) + HOX(22) <=> CH3X(21) + OX(20) -0.007 -0.007 -0.014 -0.012 -0.004
14 CHX(28) + HX(19) <=> CH2X(27) + X(1) -0.001 -0.001 -0.002 -0.000 0.373
15 CHX(28) + HOX(22) <=> CH2X(27) + OX(20) -0.001 -0.002 -0.002 0.000 0.002
16 2 CH2X(27) <=> CH3X(21) + CHX(28) -0.001 0.011 0.010 -0.000 -0.000
17 CHX(28) + X(1) <=> CX(26) + HX(19) -0.001 0.004 0.003 0.000 0.000
18 CX(26) + H2(6) <=> CH2X(27) -0.001 -0.004 -0.004 -0.000 -0.379
19 CX(26) + HOX(22) <=> CHX(28) + OX(20) -0.001 0.002 0.001 0.000 0.000
20 CH3X(21) + CX(26) <=> CH2X(27) + CHX(28) -0.001 -0.001 -0.002 -0.000 -0.000
21 CH2X(27) + CX(26) <=> 2 CHX(28) 0.000 -0.003 -0.002 -0.000 -0.000
22 CO(7) + X(1) <=> OCX(25) -0.000 0.007 0.007 -0.000 0.000
23 CX(26) + OX(20) <=> OCX(25) + X(1) -0.001 0.001 0.000 -0.000 -0.000
24 H2(6) + X(1) <=> H2X(49) -0.000 0.001 0.001 -0.000 -0.000
25 CO(7) + X(1) <=> COX(50) 0.000 -0.003 -0.002 -0.000 -0.000
26 CH4(2) + HOX(22) + X(1) <=> CH3X(21) + H2OX(23) 0.000 0.007 0.007 -0.000 -0.000
27 H2O(5) + X(1) <=> H2OX(23) -0.000 0.003 0.003 -0.001 -0.000
28 H2OX(23) + OX(20) <=> 2 HOX(22) -0.110 -1.006 -1.117 -0.957 -0.234
29 HOX(22) + HX(19) <=> H2OX(23) + X(1) -0.001 0.006 0.005 0.000 0.000
30 CH2O(9) + 2 X(1) <=> CHOX(53) + HX(19) -0.000 -0.011 -0.011 -0.000 -0.000
31 HCO(15) + X(1) <=> CHOX(53) -0.001 0.008 0.006 0.000 0.000
32 CH3CHO(16) + 2 X(1) <=> CH3X(21) + CHOX(53) -0.001 -0.001 -0.002 0.000 0.000
33 CHOX(53) + X(1) <=> HX(19) + OCX(25) -0.001 -0.006 -0.007 -0.000 -0.000
34 HOX(22) + OCX(25) <=> CHOX(53) + OX(20) -0.001 0.005 0.005 0.000 0.000
35 CH2X(27) + CHOX(53) <=> CH3X(21) + OCX(25) -0.000 -0.003 -0.003 0.000 0.000
36 CHOX(53) + CHX(28) <=> CH2X(27) + OCX(25) 0.000 -0.020 -0.020 0.000 0.000
37 CHOX(53) + CX(26) <=> CHX(28) + OCX(25) -0.000 -0.003 -0.004 -0.000 -0.000
38 CO2(4) + X(1) <=> CO2X(24) -0.001 -0.009 -0.011 0.000 0.000
39 OCX(25) + OX(20) <=> CO2X(24) + X(1) -0.001 0.011 0.010 0.000 -0.000
40 CO2X(24) + HX(19) <=> HOX(22) + OCX(25) -0.001 0.004 0.003 -0.000 0.000
Finished sensitivity simulation for a C/O ratio of 2.0
Finished translating for C/O ratio of 2.0
Starting sensitivity simulation for a C/O ratio of 1.6
0 CH4(2) + X(1) <=> CH4X(48) -0.001 0.007 0.006 -0.000 -0.000
1 O2(3) + 2 X(1) <=> 2 OX(20) 0.547 1.659 2.197 1.718 0.306
2 H2(6) + 2 X(1) <=> 2 HX(19) -0.000 0.006 0.005 0.000 -0.028
3 H(12) + X(1) <=> HX(19) 0.000 -0.021 -0.020 -0.000 -0.000
4 HX(19) + OX(20) <=> HOX(22) + X(1) -0.001 0.003 0.003 0.000 0.000
5 H2O(5) + 2 X(1) <=> HOX(22) + HX(19) 0.000 0.031 0.031 -0.000 -0.000
6 OH(17) + X(1) <=> HOX(22) -0.000 0.008 0.007 -0.000 -0.000
7 CH4(2) + 2 X(1) <=> CH3X(21) + HX(19) -0.001 -0.000 -0.001 -0.000 -0.000
8 CH4(2) + OX(20) + X(1) <=> CH3X(21) + HOX(22) -0.001 0.008 0.007 -0.000 -0.000
9 C2H6(8) + 2 X(1) <=> 2 CH3X(21) 0.180 -0.272 -0.091 -0.105 -0.008
10 CH3(10) + X(1) <=> CH3X(21) 0.253 -0.045 0.208 -0.087 -0.007
11 CH3OH(14) + 2 X(1) <=> CH3X(21) + HOX(22) -0.001 0.009 0.009 -0.000 -0.000
12 CH2X(27) + HX(19) <=> CH3X(21) + X(1) -0.855 -1.412 -2.279 -1.593 -0.456
13 CH2X(27) + HOX(22) <=> CH3X(21) + OX(20) -0.008 -0.019 -0.027 -0.015 -0.004
14 CHX(28) + HX(19) <=> CH2X(27) + X(1) -0.001 0.013 0.012 -0.000 0.371
15 CHX(28) + HOX(22) <=> CH2X(27) + OX(20) -0.000 -0.004 -0.004 -0.000 0.002
16 2 CH2X(27) <=> CH3X(21) + CHX(28) -0.001 0.015 0.014 -0.000 -0.000
17 CHX(28) + X(1) <=> CX(26) + HX(19) -0.000 0.003 0.003 0.000 0.000
18 CX(26) + H2(6) <=> CH2X(27) 0.000 -0.011 -0.011 -0.000 -0.377
19 CX(26) + HOX(22) <=> CHX(28) + OX(20) 0.000 -0.002 -0.002 0.000 0.000
20 CH3X(21) + CX(26) <=> CH2X(27) + CHX(28) -0.000 0.006 0.006 -0.000 -0.000
21 CH2X(27) + CX(26) <=> 2 CHX(28) -0.000 0.029 0.028 0.000 0.000
22 CO(7) + X(1) <=> OCX(25) 0.000 -0.019 -0.018 -0.000 0.000
23 CX(26) + OX(20) <=> OCX(25) + X(1) 0.000 -0.003 -0.003 -0.000 -0.000
24 H2(6) + X(1) <=> H2X(49) 0.000 0.026 0.027 0.000 0.000
25 CO(7) + X(1) <=> COX(50) -0.001 -0.026 -0.027 0.000 0.000
26 CH4(2) + HOX(22) + X(1) <=> CH3X(21) + H2OX(23) -0.001 0.039 0.038 -0.000 -0.000
27 H2O(5) + X(1) <=> H2OX(23) -0.001 0.028 0.027 -0.001 -0.000
28 H2OX(23) + OX(20) <=> 2 HOX(22) -0.124 -0.946 -1.071 -0.948 -0.212
29 HOX(22) + HX(19) <=> H2OX(23) + X(1) 0.000 0.014 0.014 -0.000 -0.000
30 CH2O(9) + 2 X(1) <=> CHOX(53) + HX(19) 0.000 0.018 0.018 0.000 0.000
31 HCO(15) + X(1) <=> CHOX(53) 0.001 -0.003 -0.002 -0.000 -0.000
32 CH3CHO(16) + 2 X(1) <=> CH3X(21) + CHOX(53) -0.001 -0.007 -0.008 -0.000 -0.000
33 CHOX(53) + X(1) <=> HX(19) + OCX(25) -0.000 0.019 0.019 0.000 0.000
34 HOX(22) + OCX(25) <=> CHOX(53) + OX(20) -0.001 0.023 0.022 0.000 0.000
35 CH2X(27) + CHOX(53) <=> CH3X(21) + OCX(25) -0.001 0.038 0.037 -0.000 -0.000
36 CHOX(53) + CHX(28) <=> CH2X(27) + OCX(25) -0.000 0.003 0.003 -0.000 -0.000
37 CHOX(53) + CX(26) <=> CHX(28) + OCX(25) -0.000 0.002 0.001 -0.000 -0.000
38 CO2(4) + X(1) <=> CO2X(24) 0.000 0.004 0.004 -0.000 -0.000
39 OCX(25) + OX(20) <=> CO2X(24) + X(1) -0.000 0.024 0.024 0.000 -0.000
40 CO2X(24) + HX(19) <=> HOX(22) + OCX(25) -0.000 -0.007 -0.008 -0.000 -0.000
Finished sensitivity simulation for a C/O ratio of 1.6
Finished translating for C/O ratio of 1.6
Starting sensitivity simulation for a C/O ratio of 1.8
0 CH4(2) + X(1) <=> CH4X(48) 0.001 -0.026 -0.025 -0.000 -0.000
1 O2(3) + 2 X(1) <=> 2 OX(20) 0.532 1.697 2.220 1.731 0.351
2 H2(6) + 2 X(1) <=> 2 HX(19) 0.001 -0.009 -0.008 0.000 -0.040
3 H(12) + X(1) <=> HX(19) 0.001 -0.004 -0.003 0.000 -0.000
4 HX(19) + OX(20) <=> HOX(22) + X(1) 0.001 -0.006 -0.006 0.000 0.000
5 H2O(5) + 2 X(1) <=> HOX(22) + HX(19) 0.001 0.008 0.010 0.000 0.000
6 OH(17) + X(1) <=> HOX(22) 0.001 -0.002 -0.001 0.000 0.000
7 CH4(2) + 2 X(1) <=> CH3X(21) + HX(19) -0.000 -0.014 -0.014 0.000 0.000
8 CH4(2) + OX(20) + X(1) <=> CH3X(21) + HOX(22) -0.000 0.005 0.005 -0.000 0.000
9 C2H6(8) + 2 X(1) <=> 2 CH3X(21) 0.186 -0.298 -0.111 -0.106 -0.014
10 CH3(10) + X(1) <=> CH3X(21) 0.238 0.002 0.240 -0.080 -0.011
11 CH3OH(14) + 2 X(1) <=> CH3X(21) + HOX(22) 0.000 -0.026 -0.026 0.000 0.000
12 CH2X(27) + HX(19) <=> CH3X(21) + X(1) -0.834 -1.447 -2.293 -1.614 -0.485
13 CH2X(27) + HOX(22) <=> CH3X(21) + OX(20) -0.008 0.005 -0.003 -0.014 -0.004
14 CHX(28) + HX(19) <=> CH2X(27) + X(1) 0.000 -0.008 -0.008 0.000 0.373
15 CHX(28) + HOX(22) <=> CH2X(27) + OX(20) 0.000 -0.007 -0.007 0.000 0.002
16 2 CH2X(27) <=> CH3X(21) + CHX(28) -0.001 -0.022 -0.023 0.000 0.000
17 CHX(28) + X(1) <=> CX(26) + HX(19) 0.000 0.022 0.022 0.000 0.000
18 CX(26) + H2(6) <=> CH2X(27) 0.000 0.018 0.019 0.000 -0.378
19 CX(26) + HOX(22) <=> CHX(28) + OX(20) 0.001 0.011 0.012 0.000 0.000
20 CH3X(21) + CX(26) <=> CH2X(27) + CHX(28) 0.001 0.011 0.012 0.000 0.000
21 CH2X(27) + CX(26) <=> 2 CHX(28) 0.001 0.011 0.012 0.000 0.000
22 CO(7) + X(1) <=> OCX(25) 0.001 0.008 0.009 -0.000 0.000
23 CX(26) + OX(20) <=> OCX(25) + X(1) 0.001 0.023 0.023 0.000 0.000
24 H2(6) + X(1) <=> H2X(49) 0.000 0.009 0.009 0.000 0.000
25 CO(7) + X(1) <=> COX(50) -0.000 0.005 0.005 0.000 0.000
26 CH4(2) + HOX(22) + X(1) <=> CH3X(21) + H2OX(23) 0.000 0.018 0.018 0.000 0.000
27 H2O(5) + X(1) <=> H2OX(23) -0.001 0.016 0.016 -0.001 -0.000
28 H2OX(23) + OX(20) <=> 2 HOX(22) -0.117 -0.984 -1.102 -0.954 -0.223
29 HOX(22) + HX(19) <=> H2OX(23) + X(1) 0.001 -0.007 -0.006 0.000 0.000
30 CH2O(9) + 2 X(1) <=> CHOX(53) + HX(19) 0.001 -0.009 -0.008 0.000 0.000
31 HCO(15) + X(1) <=> CHOX(53) 0.001 0.022 0.023 0.000 0.000
32 CH3CHO(16) + 2 X(1) <=> CH3X(21) + CHOX(53) 0.000 0.012 0.012 0.000 -0.000
33 CHOX(53) + X(1) <=> HX(19) + OCX(25) 0.001 0.021 0.022 0.000 0.000
34 HOX(22) + OCX(25) <=> CHOX(53) + OX(20) 0.001 -0.015 -0.015 0.000 0.000
35 CH2X(27) + CHOX(53) <=> CH3X(21) + OCX(25) 0.002 0.007 0.009 0.000 0.000
36 CHOX(53) + CHX(28) <=> CH2X(27) + OCX(25) 0.000 -0.002 -0.002 0.000 0.000
37 CHOX(53) + CX(26) <=> CHX(28) + OCX(25) 0.000 0.004 0.005 0.000 0.000
38 CO2(4) + X(1) <=> CO2X(24) 0.001 0.011 0.012 0.000 0.000
39 OCX(25) + OX(20) <=> CO2X(24) + X(1) -0.001 0.020 0.020 -0.001 -0.000
40 CO2X(24) + HX(19) <=> HOX(22) + OCX(25) 0.001 0.009 0.010 0.000 0.000
Finished sensitivity simulation for a C/O ratio of 1.8
Finished translating for C/O ratio of 1.8
Starting sensitivity simulation for a C/O ratio of 2.2
0 CH4(2) + X(1) <=> CH4X(48) -0.000 0.013 0.013 -0.000 -0.000
1 O2(3) + 2 X(1) <=> 2 OX(20) 0.503 1.731 2.225 1.754 0.474
2 H2(6) + 2 X(1) <=> 2 HX(19) 0.000 0.014 0.014 -0.000 -0.072
3 H(12) + X(1) <=> HX(19) -0.001 0.004 0.004 0.000 -0.000
4 HX(19) + OX(20) <=> HOX(22) + X(1) -0.001 0.002 0.001 -0.000 -0.000
5 H2O(5) + 2 X(1) <=> HOX(22) + HX(19) 0.000 0.021 0.021 -0.000 -0.000
6 OH(17) + X(1) <=> HOX(22) -0.000 0.014 0.014 -0.000 -0.000
7 CH4(2) + 2 X(1) <=> CH3X(21) + HX(19) -0.001 0.008 0.007 -0.000 -0.000
8 CH4(2) + OX(20) + X(1) <=> CH3X(21) + HOX(22) -0.000 0.007 0.007 -0.000 -0.000
9 C2H6(8) + 2 X(1) <=> 2 CH3X(21) 0.196 -0.250 -0.054 -0.104 -0.031
10 CH3(10) + X(1) <=> CH3X(21) 0.211 -0.040 0.171 -0.066 -0.020
11 CH3OH(14) + 2 X(1) <=> CH3X(21) + HOX(22) 0.000 0.026 0.026 -0.000 -0.000
12 CH2X(27) + HX(19) <=> CH3X(21) + X(1) -0.802 -1.450 -2.264 -1.645 -0.558
13 CH2X(27) + HOX(22) <=> CH3X(21) + OX(20) -0.006 -0.004 -0.011 -0.011 -0.004
14 CHX(28) + HX(19) <=> CH2X(27) + X(1) 0.001 0.021 0.021 -0.000 0.372
15 CHX(28) + HOX(22) <=> CH2X(27) + OX(20) 0.000 0.013 0.013 -0.000 0.001
16 2 CH2X(27) <=> CH3X(21) + CHX(28) 0.000 0.014 0.015 -0.000 -0.000
17 CHX(28) + X(1) <=> CX(26) + HX(19) -0.001 0.013 0.012 -0.000 -0.000
18 CX(26) + H2(6) <=> CH2X(27) -0.001 -0.004 -0.005 -0.000 -0.377
19 CX(26) + HOX(22) <=> CHX(28) + OX(20) 0.000 0.029 0.029 -0.000 -0.000
20 CH3X(21) + CX(26) <=> CH2X(27) + CHX(28) -0.001 0.005 0.004 -0.000 -0.000
21 CH2X(27) + CX(26) <=> 2 CHX(28) 0.000 0.019 0.019 -0.000 -0.000
22 CO(7) + X(1) <=> OCX(25) -0.000 -0.108 -0.108 -0.000 -0.018
23 CX(26) + OX(20) <=> OCX(25) + X(1) -0.000 0.009 0.009 -0.000 -0.000
24 H2(6) + X(1) <=> H2X(49) -0.000 0.017 0.017 -0.000 0.000
25 CO(7) + X(1) <=> COX(50) -0.000 0.012 0.012 -0.000 -0.000
26 CH4(2) + HOX(22) + X(1) <=> CH3X(21) + H2OX(23) -0.001 0.002 0.001 -0.000 -0.000
27 H2O(5) + X(1) <=> H2OX(23) -0.001 0.009 0.008 -0.001 -0.000
28 H2OX(23) + OX(20) <=> 2 HOX(22) -0.103 -0.989 -1.093 -0.960 -0.248
29 HOX(22) + HX(19) <=> H2OX(23) + X(1) 0.000 0.019 0.020 -0.000 -0.000
30 CH2O(9) + 2 X(1) <=> CHOX(53) + HX(19) 0.000 0.005 0.005 -0.000 -0.000
31 HCO(15) + X(1) <=> CHOX(53) -0.000 0.007 0.007 -0.000 -0.000
32 CH3CHO(16) + 2 X(1) <=> CH3X(21) + CHOX(53) -0.001 0.006 0.004 -0.000 -0.000
33 CHOX(53) + X(1) <=> HX(19) + OCX(25) -0.000 0.009 0.009 -0.000 0.000
34 HOX(22) + OCX(25) <=> CHOX(53) + OX(20) 0.001 0.010 0.010 -0.000 -0.000
35 CH2X(27) + CHOX(53) <=> CH3X(21) + OCX(25) 0.000 0.015 0.015 -0.000 -0.000
36 CHOX(53) + CHX(28) <=> CH2X(27) + OCX(25) -0.000 0.012 0.012 -0.000 -0.000
37 CHOX(53) + CX(26) <=> CHX(28) + OCX(25) 0.000 -0.001 -0.001 -0.000 -0.000
38 CO2(4) + X(1) <=> CO2X(24) 0.001 0.004 0.005 0.000 0.000
39 OCX(25) + OX(20) <=> CO2X(24) + X(1) -0.000 -0.005 -0.005 -0.000 -0.000
40 CO2X(24) + HX(19) <=> HOX(22) + OCX(25) 0.000 0.010 0.010 -0.000 -0.000
Finished sensitivity simulation for a C/O ratio of 2.2
Finished translating for C/O ratio of 2.2
Starting sensitivity simulation for a C/O ratio of 0.8
0 CH4(2) + X(1) <=> CH4X(48) 0.006 -0.001 0.005 -0.000 -0.000
1 O2(3) + 2 X(1) <=> 2 OX(20) 0.633 1.558 2.182 1.629 0.205
2 H2(6) + 2 X(1) <=> 2 HX(19) 0.002 -0.024 -0.022 -0.000 -0.004
3 H(12) + X(1) <=> HX(19) 0.006 0.002 0.009 -0.000 -0.000
4 HX(19) + OX(20) <=> HOX(22) + X(1) 0.004 -0.003 0.001 -0.000 -0.000
5 H2O(5) + 2 X(1) <=> HOX(22) + HX(19) 0.004 -0.019 -0.015 -0.000 -0.000
6 OH(17) + X(1) <=> HOX(22) 0.004 -0.007 -0.003 -0.000 -0.000
7 CH4(2) + 2 X(1) <=> CH3X(21) + HX(19) 0.004 -0.010 -0.006 -0.000 -0.000
8 CH4(2) + OX(20) + X(1) <=> CH3X(21) + HOX(22) 0.002 -0.014 -0.012 -0.000 -0.000
9 C2H6(8) + 2 X(1) <=> 2 CH3X(21) 0.132 -0.235 -0.103 -0.094 0.003
10 CH3(10) + X(1) <=> CH3X(21) 0.351 -0.170 0.182 -0.142 0.005
11 CH3OH(14) + 2 X(1) <=> CH3X(21) + HOX(22) 0.006 0.002 0.009 -0.000 -0.000
12 CH2X(27) + HX(19) <=> CH3X(21) + X(1) -0.931 -1.420 -2.365 -1.477 -0.381
13 CH2X(27) + HOX(22) <=> CH3X(21) + OX(20) -0.014 -0.052 -0.066 -0.028 -0.007
14 CHX(28) + HX(19) <=> CH2X(27) + X(1) -0.000 -0.016 -0.016 -0.000 0.349
15 CHX(28) + HOX(22) <=> CH2X(27) + OX(20) -0.000 -0.012 -0.012 -0.000 0.004
16 2 CH2X(27) <=> CH3X(21) + CHX(28) 0.002 0.014 0.016 -0.000 -0.000
17 CHX(28) + X(1) <=> CX(26) + HX(19) 0.004 -0.015 -0.011 -0.000 -0.000
18 CX(26) + H2(6) <=> CH2X(27) -0.000 0.011 0.011 -0.000 -0.356
19 CX(26) + HOX(22) <=> CHX(28) + OX(20) 0.004 -0.024 -0.020 -0.000 -0.000
20 CH3X(21) + CX(26) <=> CH2X(27) + CHX(28) 0.002 -0.019 -0.017 -0.000 -0.000
21 CH2X(27) + CX(26) <=> 2 CHX(28) 0.002 -0.009 -0.007 -0.000 -0.000
22 CO(7) + X(1) <=> OCX(25) 0.006 -0.033 -0.027 -0.000 0.000
23 CX(26) + OX(20) <=> OCX(25) + X(1) 0.004 -0.022 -0.018 -0.000 -0.000
24 H2(6) + X(1) <=> H2X(49) 0.004 -0.001 0.003 -0.000 -0.000
25 CO(7) + X(1) <=> COX(50) 0.006 -0.027 -0.021 -0.000 -0.000
26 CH4(2) + HOX(22) + X(1) <=> CH3X(21) + H2OX(23) 0.002 -0.021 -0.019 -0.000 -0.000
27 H2O(5) + X(1) <=> H2OX(23) -0.001 0.004 0.004 -0.001 -0.000
28 H2OX(23) + OX(20) <=> 2 HOX(22) -0.166 -0.982 -1.149 -0.914 -0.183
29 HOX(22) + HX(19) <=> H2OX(23) + X(1) 0.004 -0.014 -0.010 -0.000 -0.000
30 CH2O(9) + 2 X(1) <=> CHOX(53) + HX(19) -0.000 -0.025 -0.025 -0.000 -0.000
31 HCO(15) + X(1) <=> CHOX(53) 0.002 -0.024 -0.022 -0.000 -0.000
32 CH3CHO(16) + 2 X(1) <=> CH3X(21) + CHOX(53) 0.006 0.010 0.016 -0.000 -0.000
33 CHOX(53) + X(1) <=> HX(19) + OCX(25) 0.004 -0.056 -0.052 -0.000 -0.000
34 HOX(22) + OCX(25) <=> CHOX(53) + OX(20) 0.004 0.002 0.006 -0.000 -0.000
35 CH2X(27) + CHOX(53) <=> CH3X(21) + OCX(25) 0.004 -0.003 0.001 -0.000 -0.000
36 CHOX(53) + CHX(28) <=> CH2X(27) + OCX(25) 0.002 -0.014 -0.012 -0.000 -0.000
37 CHOX(53) + CX(26) <=> CHX(28) + OCX(25) 0.004 0.011 0.015 -0.000 -0.000
38 CO2(4) + X(1) <=> CO2X(24) 0.002 -0.030 -0.028 -0.000 -0.000
39 OCX(25) + OX(20) <=> CO2X(24) + X(1) 0.004 0.001 0.005 0.000 -0.000
40 CO2X(24) + HX(19) <=> HOX(22) + OCX(25) 0.004 -0.001 0.003 -0.000 -0.000
Finished sensitivity simulation for a C/O ratio of 0.8
Finished translating for C/O ratio of 0.8
Starting sensitivity simulation for a C/O ratio of 1.1
0 CH4(2) + X(1) <=> CH4X(48) -0.002 0.009 0.007 0.000 0.000
1 O2(3) + 2 X(1) <=> 2 OX(20) 0.591 1.589 2.170 1.671 0.231
2 H2(6) + 2 X(1) <=> 2 HX(19) -0.001 0.022 0.021 0.000 -0.010
3 H(12) + X(1) <=> HX(19) -0.004 0.011 0.007 0.000 -0.000
4 HX(19) + OX(20) <=> HOX(22) + X(1) -0.002 0.016 0.013 0.000 0.000
5 H2O(5) + 2 X(1) <=> HOX(22) + HX(19) 0.000 0.018 0.019 0.000 0.000
6 OH(17) + X(1) <=> HOX(22) 0.000 0.034 0.035 0.000 0.000
7 CH4(2) + 2 X(1) <=> CH3X(21) + HX(19) -0.002 0.025 0.022 0.000 0.000
8 CH4(2) + OX(20) + X(1) <=> CH3X(21) + HOX(22) -0.004 0.005 0.001 -0.000 0.000
9 C2H6(8) + 2 X(1) <=> 2 CH3X(21) 0.153 -0.196 -0.043 -0.101 0.001
10 CH3(10) + X(1) <=> CH3X(21) 0.302 -0.081 0.221 -0.115 0.001
11 CH3OH(14) + 2 X(1) <=> CH3X(21) + HOX(22) -0.003 0.008 0.005 0.000 0.000
12 CH2X(27) + HX(19) <=> CH3X(21) + X(1) -0.908 -1.423 -2.344 -1.532 -0.405
13 CH2X(27) + HOX(22) <=> CH3X(21) + OX(20) -0.016 -0.014 -0.030 -0.021 -0.006
14 CHX(28) + HX(19) <=> CH2X(27) + X(1) -0.001 0.006 0.005 0.000 0.360
15 CHX(28) + HOX(22) <=> CH2X(27) + OX(20) -0.002 0.006 0.003 0.000 0.003
16 2 CH2X(27) <=> CH3X(21) + CHX(28) 0.000 0.007 0.007 0.000 0.000
17 CHX(28) + X(1) <=> CX(26) + HX(19) -0.001 0.017 0.016 0.000 0.000
18 CX(26) + H2(6) <=> CH2X(27) -0.004 0.007 0.003 0.000 -0.366
19 CX(26) + HOX(22) <=> CHX(28) + OX(20) 0.001 0.022 0.023 0.000 0.000
20 CH3X(21) + CX(26) <=> CH2X(27) + CHX(28) -0.002 0.016 0.013 0.000 0.000
21 CH2X(27) + CX(26) <=> 2 CHX(28) -0.005 0.004 -0.001 0.000 0.000
22 CO(7) + X(1) <=> OCX(25) -0.000 0.011 0.011 -0.000 0.000
23 CX(26) + OX(20) <=> OCX(25) + X(1) 0.000 0.012 0.012 0.000 0.000
24 H2(6) + X(1) <=> H2X(49) -0.001 0.027 0.026 0.000 0.000
25 CO(7) + X(1) <=> COX(50) -0.002 0.012 0.010 0.000 0.000
26 CH4(2) + HOX(22) + X(1) <=> CH3X(21) + H2OX(23) -0.002 0.010 0.008 0.000 0.000
27 H2O(5) + X(1) <=> H2OX(23) -0.002 0.020 0.018 -0.001 -0.000
28 H2OX(23) + OX(20) <=> 2 HOX(22) -0.153 -0.774 -0.929 -0.931 -0.192
29 HOX(22) + HX(19) <=> H2OX(23) + X(1) -0.002 0.009 0.007 0.000 0.000
30 CH2O(9) + 2 X(1) <=> CHOX(53) + HX(19) -0.002 0.012 0.010 0.000 0.000
31 HCO(15) + X(1) <=> CHOX(53) -0.002 0.040 0.038 0.000 0.000
32 CH3CHO(16) + 2 X(1) <=> CH3X(21) + CHOX(53) -0.002 0.016 0.013 0.000 0.000
33 CHOX(53) + X(1) <=> HX(19) + OCX(25) -0.002 0.018 0.016 0.000 0.000
34 HOX(22) + OCX(25) <=> CHOX(53) + OX(20) 0.000 0.029 0.029 0.000 0.000
35 CH2X(27) + CHOX(53) <=> CH3X(21) + OCX(25) -0.004 0.001 -0.003 0.000 0.000
36 CHOX(53) + CHX(28) <=> CH2X(27) + OCX(25) -0.001 -0.002 -0.003 0.000 0.000
37 CHOX(53) + CX(26) <=> CHX(28) + OCX(25) -0.001 0.021 0.019 0.000 0.000
38 CO2(4) + X(1) <=> CO2X(24) -0.002 0.004 0.002 0.000 0.000
39 OCX(25) + OX(20) <=> CO2X(24) + X(1) -0.001 0.008 0.007 0.000 0.000
40 CO2X(24) + HX(19) <=> HOX(22) + OCX(25) -0.001 0.017 0.016 0.000 0.000
Finished sensitivity simulation for a C/O ratio of 1.1
Finished translating for C/O ratio of 1.1
