This mechanism contains 38 gas reactions and 24 surface reactions
Finished simulation at a C/O ratio of 0.6
Finished simulation at a C/O ratio of 2.4
Finished simulation at a C/O ratio of 2.6
Finished simulation at a C/O ratio of 2.2
Finished simulation at a C/O ratio of 2.0
Finished simulation at a C/O ratio of 0.7
Finished simulation at a C/O ratio of 1.3
Finished simulation at a C/O ratio of 0.8
Finished simulation at a C/O ratio of 1.6
Finished simulation at a C/O ratio of 1.1
Finished simulation at a C/O ratio of 1.8
Finished simulation at a C/O ratio of 1.4
Finished simulation at a C/O ratio of 1.0
Finished simulation at a C/O ratio of 1.2
Finished simulation at a C/O ratio of 0.9
Starting thermo sensitivity simulation for a C/O ratio of 0.6
0 X(1) 0.004 0.003 0.006 0.127 0.002
1 HX(19) -0.002 -0.001 -0.003 0.062 -0.001
2 OX(20) -0.002 -0.001 -0.003 -0.014 -0.001
3 CH3X(21) 0.000 0.000 0.000 0.102 0.000
4 HOX(22) -0.000 -0.000 -0.001 0.075 -0.000
5 H2OX(23) 0.000 0.000 0.000 0.034 0.000
6 CO2X(24) 0.000 0.000 0.000 0.145 0.000
7 OCX(25) 0.000 0.000 0.000 0.063 0.000
8 CX(26) 0.000 0.000 0.000 0.036 0.000
9 CH2X(27) 0.000 0.000 0.000 -0.000 0.000
10 CHX(28) 0.000 0.000 0.000 0.027 0.000
11 CH4X(48) 0.000 0.000 0.000 0.027 0.000
12 H2X(49) 0.000 0.000 0.000 0.067 0.000
13 C2H6X(52) 0.000 0.000 0.000 -0.043 0.000
Finished thermo sensitivity simulation for a C/O ratio of 0.6
Starting thermo sensitivity simulation for a C/O ratio of 2.2
0 X(1) 0.003 0.002 0.005 0.229 0.002
1 HX(19) -0.002 -0.001 -0.003 -1.322 -0.001
2 OX(20) -0.001 -0.001 -0.003 0.004 -0.001
3 CH3X(21) -0.000 -0.000 -0.000 -0.000 -0.000
4 HOX(22) -0.000 -0.000 -0.001 -0.039 -0.000
5 H2OX(23) 0.000 0.000 0.000 -0.000 0.000
6 CO2X(24) -0.000 -0.000 -0.000 -0.000 -0.000
7 OCX(25) -0.000 0.000 0.000 -0.001 -0.000
8 CX(26) -0.000 -0.000 -0.000 0.002 -0.000
9 CH2X(27) -0.000 -0.000 -0.000 -0.000 -0.000
10 CHX(28) -0.000 -0.000 -0.000 0.001 -0.000
11 CH4X(48) 0.000 0.000 0.001 -0.006 0.000
12 H2X(49) 0.000 -0.000 -0.000 -0.001 -0.000
13 C2H6X(52) -0.000 -0.000 -0.000 -0.001 -0.000
Finished thermo sensitivity simulation for a C/O ratio of 2.2
Starting thermo sensitivity simulation for a C/O ratio of 2.4
0 X(1) 0.003 0.002 0.005 -0.005 0.002
1 HX(19) -0.002 -0.001 -0.003 0.006 -0.001
2 OX(20) -0.001 -0.001 -0.003 0.354 -0.001
3 CH3X(21) 0.000 0.000 0.000 -3.189 0.000
4 HOX(22) -0.000 -0.000 -0.001 0.008 -0.000
5 H2OX(23) 0.000 0.000 0.000 0.004 0.000
6 CO2X(24) 0.000 0.000 0.000 1.133 0.000
7 OCX(25) 0.000 0.000 0.000 -0.004 0.000
8 CX(26) 0.000 0.000 0.000 0.005 0.000
9 CH2X(27) 0.000 -0.000 -0.000 0.016 0.000
10 CHX(28) 0.000 -0.000 -0.000 0.004 0.000
11 CH4X(48) 0.000 0.000 0.001 0.002 0.000
12 H2X(49) 0.000 0.000 0.000 -3.120 0.000
13 C2H6X(52) 0.000 -0.000 -0.000 -0.001 0.000
Finished thermo sensitivity simulation for a C/O ratio of 2.4
Starting thermo sensitivity simulation for a C/O ratio of 0.8
0 X(1) 0.003 0.002 0.006 0.033 0.002
1 HX(19) -0.002 -0.001 -0.003 0.037 -0.001
2 OX(20) -0.002 -0.001 -0.003 0.068 -0.001
3 CH3X(21) -0.000 0.000 0.000 0.045 -0.000
4 HOX(22) -0.000 -0.000 -0.001 0.073 -0.000
5 H2OX(23) 0.000 0.000 0.000 0.057 0.000
6 CO2X(24) -0.000 -0.000 -0.000 0.071 -0.000
7 OCX(25) -0.000 -0.000 -0.000 0.024 -0.000
8 CX(26) -0.000 -0.000 -0.000 0.047 -0.000
9 CH2X(27) -0.000 -0.000 -0.000 0.042 -0.000
10 CHX(28) -0.000 -0.000 -0.000 0.047 -0.000
11 CH4X(48) 0.000 0.000 0.000 0.044 0.000
12 H2X(49) -0.000 -0.000 -0.000 0.031 -0.000
13 C2H6X(52) -0.000 0.000 -0.000 0.065 -0.000
Finished thermo sensitivity simulation for a C/O ratio of 0.8
Starting thermo sensitivity simulation for a C/O ratio of 2.0
0 X(1) 0.003 0.002 0.005 -0.005 0.002
1 HX(19) -0.002 -0.001 -0.003 0.001 -0.001
2 OX(20) -0.001 -0.001 -0.003 0.003 -0.001
3 CH3X(21) -0.000 -0.000 -0.000 0.001 -0.000
4 HOX(22) -0.000 -0.000 -0.001 0.000 -0.000
5 H2OX(23) 0.000 0.000 0.000 -0.001 0.000
6 CO2X(24) -0.000 0.000 0.000 -0.001 -0.000
7 OCX(25) -0.000 0.000 -0.000 -0.001 -0.000
8 CX(26) -0.000 -0.000 -0.000 0.001 -0.000
9 CH2X(27) -0.000 -0.000 -0.000 0.000 -0.000
10 CHX(28) -0.000 0.000 0.000 0.002 -0.000
11 CH4X(48) 0.000 0.000 0.001 0.127 0.000
12 H2X(49) -0.000 -0.000 -0.000 0.000 -0.000
13 C2H6X(52) -0.000 0.000 0.000 -0.134 -0.000
Finished thermo sensitivity simulation for a C/O ratio of 2.0
Starting thermo sensitivity simulation for a C/O ratio of 2.6
0 X(1) 0.003 0.002 0.005 -0.602 0.002
1 HX(19) -0.002 -0.001 -0.003 -0.600 -0.001
2 OX(20) -0.001 -0.001 -0.003 -0.596 -0.001
3 CH3X(21) 0.000 0.000 0.000 -0.599 0.000
4 HOX(22) -0.000 -0.000 -0.001 -0.598 -0.000
5 H2OX(23) 0.000 0.000 0.000 -0.600 0.000
6 CO2X(24) 0.000 0.000 0.000 -0.601 0.000
7 OCX(25) 0.000 0.000 0.000 -0.598 0.000
8 CX(26) 0.000 0.000 0.000 -0.598 0.000
9 CH2X(27) 0.000 0.000 0.000 -0.600 0.000
10 CHX(28) 0.000 0.000 0.000 -0.596 0.000
11 CH4X(48) 0.000 0.000 0.001 -0.600 0.000
12 H2X(49) 0.000 0.000 0.000 -0.601 0.000
13 C2H6X(52) 0.000 0.000 0.000 -0.599 0.000
Finished thermo sensitivity simulation for a C/O ratio of 2.6
Starting thermo sensitivity simulation for a C/O ratio of 1.8
0 X(1) 0.003 0.002 0.005 -0.003 0.002
1 HX(19) -0.002 -0.001 -0.003 0.001 -0.001
2 OX(20) -0.001 -0.001 -0.003 0.005 -0.001
3 CH3X(21) -0.000 0.000 0.000 0.002 0.000
4 HOX(22) -0.000 -0.000 -0.001 0.053 -0.000
5 H2OX(23) 0.000 0.000 0.000 0.002 0.000
6 CO2X(24) 0.000 -0.000 -0.000 -0.000 0.000
7 OCX(25) -0.000 -0.000 -0.000 1.638 0.000
8 CX(26) -0.000 0.000 0.000 0.006 -0.000
9 CH2X(27) -0.000 0.000 0.000 7.500 0.000
10 CHX(28) -0.000 -0.000 -0.000 -0.000 0.000
11 CH4X(48) 0.000 0.000 0.001 0.000 0.000
12 H2X(49) -0.000 0.000 0.000 0.000 -0.000
13 C2H6X(52) 0.000 0.000 0.000 -0.001 0.000
Finished thermo sensitivity simulation for a C/O ratio of 1.8
Starting thermo sensitivity simulation for a C/O ratio of 1.3
0 X(1) 0.003 0.002 0.005 -0.680 0.002
1 HX(19) -0.002 -0.001 -0.003 0.783 -0.001
2 OX(20) -0.002 -0.001 -0.003 0.017 -0.001
3 CH3X(21) 0.000 0.000 0.000 0.039 0.000
4 HOX(22) -0.000 -0.000 -0.001 0.016 -0.000
5 H2OX(23) 0.000 0.000 0.000 -0.005 0.000
6 CO2X(24) 0.000 0.000 0.000 -0.021 0.000
7 OCX(25) 0.000 -0.000 0.000 0.023 0.000
8 CX(26) 0.000 0.000 0.000 0.031 0.000
9 CH2X(27) 0.000 0.000 0.000 -0.244 0.000
10 CHX(28) 0.000 -0.000 0.000 0.047 0.000
11 CH4X(48) 0.000 0.000 0.000 -0.295 0.000
12 H2X(49) 0.000 -0.000 -0.000 -0.004 0.000
13 C2H6X(52) 0.000 0.000 0.000 -0.010 0.000
Finished thermo sensitivity simulation for a C/O ratio of 1.3
Starting thermo sensitivity simulation for a C/O ratio of 1.6
0 X(1) 0.003 0.002 0.005 -0.560 0.002
1 HX(19) -0.002 -0.001 -0.003 -0.254 -0.001
2 OX(20) -0.002 -0.001 -0.003 -0.348 -0.001
3 CH3X(21) -0.000 0.000 0.000 -0.472 -0.000
4 HOX(22) -0.000 -0.000 -0.001 0.535 -0.000
5 H2OX(23) 0.000 0.000 0.001 0.401 0.000
6 CO2X(24) 0.000 0.000 0.000 -0.411 -0.000
7 OCX(25) -0.000 0.000 0.000 -0.106 -0.000
8 CX(26) -0.000 0.000 0.000 -0.054 -0.000
9 CH2X(27) -0.000 -0.000 -0.000 -0.738 -0.000
10 CHX(28) -0.000 -0.000 -0.000 -0.394 -0.000
11 CH4X(48) 0.000 0.000 0.001 -0.339 0.000
12 H2X(49) -0.000 0.000 0.000 -0.529 -0.000
13 C2H6X(52) -0.000 0.000 0.000 -0.499 -0.000
Finished thermo sensitivity simulation for a C/O ratio of 1.6
Starting thermo sensitivity simulation for a C/O ratio of 1.4
0 X(1) 0.003 0.002 0.005 -0.249 0.002
1 HX(19) -0.002 -0.001 -0.003 -0.233 -0.001
2 OX(20) -0.002 -0.001 -0.003 -0.243 -0.001
3 CH3X(21) 0.000 0.000 0.000 -0.234 0.000
4 HOX(22) -0.000 -0.000 -0.001 -0.236 -0.000
5 H2OX(23) 0.000 0.000 0.000 -0.242 0.000
6 CO2X(24) 0.000 0.000 0.000 -0.244 0.000
7 OCX(25) 0.000 0.000 0.000 -0.243 0.000
8 CX(26) 0.000 0.000 0.000 -0.244 0.000
9 CH2X(27) 0.000 0.000 0.000 -0.232 0.000
10 CHX(28) 0.000 0.000 0.000 -0.240 0.000
11 CH4X(48) 0.000 0.000 0.000 -0.240 0.000
12 H2X(49) 0.000 0.000 0.000 -0.237 0.000
13 C2H6X(52) 0.000 0.000 0.000 -0.241 0.000
Finished thermo sensitivity simulation for a C/O ratio of 1.4
Starting sensitivity simulation for a C/O ratio of 0.6
0 CH4(2) + X(1) <=> CH4X(48) 0.000 0.000 0.000 0.029 0.000
1 O2(3) + 2 X(1) <=> 2 OX(20) 0.000 0.000 0.000 0.034 0.000
2 H2(6) + 2 X(1) <=> 2 HX(19) 0.001 0.001 0.002 0.081 0.001
3 H(12) + X(1) <=> HX(19) 0.000 0.000 0.000 0.033 0.000
4 CH4(2) + 2 X(1) <=> CH3X(21) + HX(19) 0.003 -0.003 -0.000 0.180 -0.003
5 C2H6(8) + 2 X(1) <=> 2 CH3X(21) 0.000 0.000 0.000 -0.030 0.000
6 CH3(10) + X(1) <=> CH3X(21) 0.028 -0.048 -0.019 0.099 -0.048
7 H2(6) + X(1) <=> H2X(49) 0.000 0.000 0.000 0.165 0.000
8 C2H6(8) + X(1) <=> C2H6X(52) 0.000 0.000 0.000 0.139 0.000
9 CH4(2) + OX(20) + X(1) <=> CH3X(21) + HOX(22) 0.001 0.001 0.002 0.061 0.001
10 CH4(2) + HOX(22) + X(1) <=> CH3X(21) + H2OX(23) 0.300 0.209 0.509 -2.737 0.206
11 H2O(5) + X(1) <=> H2OX(23) 0.000 0.000 0.000 0.095 0.000
12 CO2(4) + X(1) <=> CO2X(24) 0.000 0.000 0.000 -0.014 0.000
13 CO(7) + X(1) <=> OCX(25) 0.000 0.000 0.000 -0.120 0.000
14 CX(26) + OX(20) <=> OCX(25) + X(1) 0.000 0.000 0.000 -1.000 0.000
15 OCX(25) + OX(20) <=> CO2X(24) + X(1) 0.000 0.000 0.000 0.017 0.000
16 CO2X(24) + HX(19) <=> HOX(22) + OCX(25) 0.000 0.000 0.000 1.077 0.000
17 CH2X(27) + HX(19) <=> CH3X(21) + X(1) 0.000 0.000 0.000 -0.049 0.000
18 CHX(28) + HX(19) <=> CH2X(27) + X(1) 0.000 0.000 0.000 0.039 0.000
19 CHX(28) + X(1) <=> CX(26) + HX(19) 0.000 0.000 0.000 0.224 0.000
20 HX(19) + OX(20) <=> HOX(22) + X(1) 1.300 0.908 2.196 -1.477 0.897
21 H2OX(23) + OX(20) <=> 2 HOX(22) -0.150 -0.104 -0.254 -0.065 -0.103
22 CX(26) + H2(6) <=> CH2X(27) 0.000 0.000 0.000 0.037 0.000
23 HOX(22) + HX(19) <=> H2OX(23) + X(1) 0.000 0.000 0.000 0.104 0.000
Finished sensitivity simulation for a C/O ratio of 0.6
Finished translating for C/O ratio of 0.6
Starting sensitivity simulation for a C/O ratio of 0.7
0 CH4(2) + X(1) <=> CH4X(48) -0.000 -0.000 -0.000 0.006 -0.000
1 O2(3) + 2 X(1) <=> 2 OX(20) -0.000 -0.000 -0.000 0.005 0.000
2 H2(6) + 2 X(1) <=> 2 HX(19) 0.001 0.001 0.002 0.034 0.001
3 H(12) + X(1) <=> HX(19) 0.000 -0.000 -0.000 0.034 0.000
4 CH4(2) + 2 X(1) <=> CH3X(21) + HX(19) 0.003 -0.002 0.000 0.047 -0.002
5 C2H6(8) + 2 X(1) <=> 2 CH3X(21) -0.000 0.000 -0.000 0.010 -0.000
6 CH3(10) + X(1) <=> CH3X(21) 0.027 -0.045 -0.018 0.190 -0.046
7 H2(6) + X(1) <=> H2X(49) 0.000 0.000 0.000 0.069 0.000
8 C2H6(8) + X(1) <=> C2H6X(52) -0.000 -0.000 -0.000 0.046 -0.000
9 CH4(2) + OX(20) + X(1) <=> CH3X(21) + HOX(22) 0.001 0.001 0.002 0.044 0.001
10 CH4(2) + HOX(22) + X(1) <=> CH3X(21) + H2OX(23) 0.306 0.213 0.519 -0.705 0.210
11 H2O(5) + X(1) <=> H2OX(23) -0.000 0.000 0.000 0.036 0.000
12 CO2(4) + X(1) <=> CO2X(24) -0.000 -0.000 -0.000 0.025 0.000
13 CO(7) + X(1) <=> OCX(25) -0.000 -0.000 -0.000 -0.004 -0.000
14 CX(26) + OX(20) <=> OCX(25) + X(1) -0.000 -0.000 -0.000 -0.908 0.000
15 OCX(25) + OX(20) <=> CO2X(24) + X(1) -0.000 0.000 0.000 0.027 -0.000
16 CO2X(24) + HX(19) <=> HOX(22) + OCX(25) -0.000 -0.000 -0.000 0.999 -0.000
17 CH2X(27) + HX(19) <=> CH3X(21) + X(1) -0.000 -0.000 -0.000 0.031 -0.000
18 CHX(28) + HX(19) <=> CH2X(27) + X(1) -0.000 -0.000 -0.000 0.009 -0.000
19 CHX(28) + X(1) <=> CX(26) + HX(19) -0.000 0.000 0.000 0.008 -0.000
20 HX(19) + OX(20) <=> HOX(22) + X(1) 1.282 0.898 2.169 -1.381 0.885
21 H2OX(23) + OX(20) <=> 2 HOX(22) -0.153 -0.106 -0.259 -0.088 -0.105
22 CX(26) + H2(6) <=> CH2X(27) -0.000 0.000 -0.000 0.010 -0.000
23 HOX(22) + HX(19) <=> H2OX(23) + X(1) 0.000 0.000 0.000 0.033 0.000
Finished sensitivity simulation for a C/O ratio of 0.7
Finished translating for C/O ratio of 0.7
Starting sensitivity simulation for a C/O ratio of 1.3
0 CH4(2) + X(1) <=> CH4X(48) 0.000 0.000 0.000 -0.064 0.000
1 O2(3) + 2 X(1) <=> 2 OX(20) 0.000 -0.000 0.000 0.044 0.000
2 H2(6) + 2 X(1) <=> 2 HX(19) 0.001 0.001 0.002 -0.027 0.001
3 H(12) + X(1) <=> HX(19) 0.000 -0.000 0.000 -0.001 0.000
4 CH4(2) + 2 X(1) <=> CH3X(21) + HX(19) 0.003 -0.001 0.002 0.075 -0.001
5 C2H6(8) + 2 X(1) <=> 2 CH3X(21) 0.000 0.000 0.000 -0.005 0.000
6 CH3(10) + X(1) <=> CH3X(21) 0.024 -0.035 -0.011 0.082 -0.035
7 H2(6) + X(1) <=> H2X(49) 0.000 0.000 0.000 0.011 0.000
8 C2H6(8) + X(1) <=> C2H6X(52) 0.000 0.000 0.000 -0.035 0.000
9 CH4(2) + OX(20) + X(1) <=> CH3X(21) + HOX(22) 0.002 0.001 0.003 0.012 0.001
10 CH4(2) + HOX(22) + X(1) <=> CH3X(21) + H2OX(23) 0.302 0.214 0.515 -0.890 0.207
11 H2O(5) + X(1) <=> H2OX(23) 0.000 0.000 0.000 0.048 0.000
12 CO2(4) + X(1) <=> CO2X(24) 0.000 0.000 0.000 0.055 0.000
13 CO(7) + X(1) <=> OCX(25) 0.000 0.000 0.000 -0.016 0.000
14 CX(26) + OX(20) <=> OCX(25) + X(1) 0.000 0.000 0.000 -0.996 0.000
15 OCX(25) + OX(20) <=> CO2X(24) + X(1) 0.000 0.000 0.000 0.018 0.000
16 CO2X(24) + HX(19) <=> HOX(22) + OCX(25) 0.000 -0.000 0.000 0.961 0.000
17 CH2X(27) + HX(19) <=> CH3X(21) + X(1) 0.000 0.000 0.000 0.044 0.000
18 CHX(28) + HX(19) <=> CH2X(27) + X(1) 0.000 -0.000 0.000 0.014 0.000
19 CHX(28) + X(1) <=> CX(26) + HX(19) 0.000 -0.000 0.000 0.012 0.000
20 HX(19) + OX(20) <=> HOX(22) + X(1) 1.209 0.861 2.060 -1.220 0.834
21 H2OX(23) + OX(20) <=> 2 HOX(22) -0.151 -0.107 -0.258 -0.068 -0.103
22 CX(26) + H2(6) <=> CH2X(27) 0.000 0.000 0.000 0.034 0.000
23 HOX(22) + HX(19) <=> H2OX(23) + X(1) 0.000 0.000 0.000 0.021 0.000
Finished sensitivity simulation for a C/O ratio of 1.3
Finished translating for C/O ratio of 1.3
Starting sensitivity simulation for a C/O ratio of 1.2
0 CH4(2) + X(1) <=> CH4X(48) 0.000 0.000 0.000 -0.031 0.000
1 O2(3) + 2 X(1) <=> 2 OX(20) 0.000 -0.000 0.000 -0.011 0.000
2 H2(6) + 2 X(1) <=> 2 HX(19) 0.001 0.001 0.002 -0.015 0.001
3 H(12) + X(1) <=> HX(19) 0.000 0.000 0.000 -0.014 0.000
4 CH4(2) + 2 X(1) <=> CH3X(21) + HX(19) 0.003 -0.001 0.002 -0.077 -0.001
5 C2H6(8) + 2 X(1) <=> 2 CH3X(21) 0.000 -0.000 0.000 -0.061 0.000
6 CH3(10) + X(1) <=> CH3X(21) 0.024 -0.036 -0.012 0.067 -0.037
7 H2(6) + X(1) <=> H2X(49) 0.000 0.000 0.000 -0.010 0.000
8 C2H6(8) + X(1) <=> C2H6X(52) 0.000 0.000 0.000 -0.064 0.000
9 CH4(2) + OX(20) + X(1) <=> CH3X(21) + HOX(22) 0.002 0.001 0.003 -0.004 0.001
10 CH4(2) + HOX(22) + X(1) <=> CH3X(21) + H2OX(23) 0.305 0.215 0.520 -0.950 0.209
11 H2O(5) + X(1) <=> H2OX(23) 0.000 0.000 0.000 0.021 0.000
12 CO2(4) + X(1) <=> CO2X(24) 0.000 0.000 0.000 -0.048 0.000
13 CO(7) + X(1) <=> OCX(25) 0.000 0.000 0.000 -0.016 0.000
14 CX(26) + OX(20) <=> OCX(25) + X(1) 0.000 -0.000 0.000 -0.993 0.000
15 OCX(25) + OX(20) <=> CO2X(24) + X(1) 0.000 0.000 0.000 0.034 0.000
16 CO2X(24) + HX(19) <=> HOX(22) + OCX(25) 0.000 0.000 0.000 0.979 0.000
17 CH2X(27) + HX(19) <=> CH3X(21) + X(1) 0.000 0.000 0.000 0.008 0.000
18 CHX(28) + HX(19) <=> CH2X(27) + X(1) 0.000 0.000 0.000 -0.052 0.000
19 CHX(28) + X(1) <=> CX(26) + HX(19) 0.000 0.000 0.000 0.019 0.000
20 HX(19) + OX(20) <=> HOX(22) + X(1) 1.219 0.866 2.074 -1.383 0.841
21 H2OX(23) + OX(20) <=> 2 HOX(22) -0.152 -0.108 -0.260 -0.084 -0.104
22 CX(26) + H2(6) <=> CH2X(27) 0.000 0.000 0.000 0.015 0.000
23 HOX(22) + HX(19) <=> H2OX(23) + X(1) 0.000 0.000 0.000 -0.048 0.000
Finished sensitivity simulation for a C/O ratio of 1.2
Finished translating for C/O ratio of 1.2
Starting sensitivity simulation for a C/O ratio of 1.8
0 CH4(2) + X(1) <=> CH4X(48) 0.000 -0.000 -0.000 0.002 0.000
1 O2(3) + 2 X(1) <=> 2 OX(20) -0.000 -0.000 -0.000 0.001 0.000
2 H2(6) + 2 X(1) <=> 2 HX(19) 0.001 0.001 0.002 0.027 0.001
3 H(12) + X(1) <=> HX(19) 0.000 -0.000 -0.000 0.000 0.000
4 CH4(2) + 2 X(1) <=> CH3X(21) + HX(19) 0.002 0.000 0.002 -0.002 -0.000
5 C2H6(8) + 2 X(1) <=> 2 CH3X(21) -0.000 -0.000 -0.000 0.001 -0.000
6 CH3(10) + X(1) <=> CH3X(21) 0.022 -0.029 -0.007 0.070 -0.029
7 H2(6) + X(1) <=> H2X(49) -0.000 -0.000 -0.000 0.002 -0.000
8 C2H6(8) + X(1) <=> C2H6X(52) 0.000 0.000 0.000 0.153 0.000
9 CH4(2) + OX(20) + X(1) <=> CH3X(21) + HOX(22) 0.002 0.001 0.003 0.001 0.001
10 CH4(2) + HOX(22) + X(1) <=> CH3X(21) + H2OX(23) 0.283 0.203 0.485 -0.917 0.194
11 H2O(5) + X(1) <=> H2OX(23) 0.000 0.000 0.000 -0.001 0.000
12 CO2(4) + X(1) <=> CO2X(24) -0.000 -0.000 -0.000 0.001 0.000
13 CO(7) + X(1) <=> OCX(25) 0.000 -0.000 -0.000 0.001 0.000
14 CX(26) + OX(20) <=> OCX(25) + X(1) 0.000 -0.000 -0.000 -1.001 0.000
15 OCX(25) + OX(20) <=> CO2X(24) + X(1) 0.000 0.000 0.000 0.000 0.000
16 CO2X(24) + HX(19) <=> HOX(22) + OCX(25) 0.000 0.000 0.000 0.990 0.000
17 CH2X(27) + HX(19) <=> CH3X(21) + X(1) -0.000 0.000 0.000 0.651 -0.000
18 CHX(28) + HX(19) <=> CH2X(27) + X(1) 0.000 0.000 0.000 0.001 0.000
19 CHX(28) + X(1) <=> CX(26) + HX(19) -0.000 0.000 0.000 -0.001 0.000
20 HX(19) + OX(20) <=> HOX(22) + X(1) 1.171 0.844 2.005 -1.192 0.806
21 H2OX(23) + OX(20) <=> 2 HOX(22) -0.142 -0.101 -0.243 -0.041 -0.097
22 CX(26) + H2(6) <=> CH2X(27) 0.000 -0.000 -0.000 -0.001 0.000
23 HOX(22) + HX(19) <=> H2OX(23) + X(1) 0.000 0.000 0.000 -0.001 0.000
Finished sensitivity simulation for a C/O ratio of 1.8
Finished translating for C/O ratio of 1.8
Starting sensitivity simulation for a C/O ratio of 2.2
0 CH4(2) + X(1) <=> CH4X(48) -0.000 -0.000 -0.000 -0.002 -0.000
1 O2(3) + 2 X(1) <=> 2 OX(20) -0.000 -0.000 -0.000 -0.001 -0.000
2 H2(6) + 2 X(1) <=> 2 HX(19) 0.001 0.001 0.002 -0.000 0.001
3 H(12) + X(1) <=> HX(19) -0.000 0.000 0.000 -0.001 -0.000
4 CH4(2) + 2 X(1) <=> CH3X(21) + HX(19) 0.002 0.000 0.003 -0.003 0.000
5 C2H6(8) + 2 X(1) <=> 2 CH3X(21) -0.000 -0.000 -0.000 -0.001 -0.000
6 CH3(10) + X(1) <=> CH3X(21) 0.021 -0.025 -0.004 0.061 -0.025
7 H2(6) + X(1) <=> H2X(49) -0.000 -0.000 -0.000 -0.000 -0.000
8 C2H6(8) + X(1) <=> C2H6X(52) -0.000 0.000 0.000 0.001 -0.000
9 CH4(2) + OX(20) + X(1) <=> CH3X(21) + HOX(22) 0.002 0.001 0.003 -0.002 0.001
10 CH4(2) + HOX(22) + X(1) <=> CH3X(21) + H2OX(23) 0.267 0.193 0.459 -0.936 0.182
11 H2O(5) + X(1) <=> H2OX(23) -0.000 -0.000 -0.000 0.021 -0.000
12 CO2(4) + X(1) <=> CO2X(24) -0.000 -0.000 -0.000 0.001 -0.000
13 CO(7) + X(1) <=> OCX(25) -0.000 -0.000 -0.000 0.001 -0.000
14 CX(26) + OX(20) <=> OCX(25) + X(1) -0.000 -0.000 -0.000 -1.002 -0.000
15 OCX(25) + OX(20) <=> CO2X(24) + X(1) -0.000 -0.000 -0.000 -0.000 -0.000
16 CO2X(24) + HX(19) <=> HOX(22) + OCX(25) -0.000 -0.000 -0.000 0.989 -0.000
17 CH2X(27) + HX(19) <=> CH3X(21) + X(1) -0.000 -0.000 -0.000 -0.002 -0.000
18 CHX(28) + HX(19) <=> CH2X(27) + X(1) -0.000 -0.000 -0.000 -0.000 -0.000
19 CHX(28) + X(1) <=> CX(26) + HX(19) -0.000 -0.000 -0.000 0.000 -0.000
20 HX(19) + OX(20) <=> HOX(22) + X(1) 1.147 0.834 1.971 -1.140 0.789
21 H2OX(23) + OX(20) <=> 2 HOX(22) -0.133 -0.096 -0.230 -0.034 -0.091
22 CX(26) + H2(6) <=> CH2X(27) -0.000 0.000 0.000 -0.000 -0.000
23 HOX(22) + HX(19) <=> H2OX(23) + X(1) 0.000 0.000 0.000 3.791 0.000
Finished sensitivity simulation for a C/O ratio of 2.2
Finished translating for C/O ratio of 2.2
Starting sensitivity simulation for a C/O ratio of 1.1
0 CH4(2) + X(1) <=> CH4X(48) -0.000 0.000 0.000 0.050 0.000
1 O2(3) + 2 X(1) <=> 2 OX(20) 0.000 0.000 0.000 -0.041 0.000
2 H2(6) + 2 X(1) <=> 2 HX(19) 0.001 0.001 0.002 -3.805 0.001
3 H(12) + X(1) <=> HX(19) 0.000 -0.000 -0.000 -0.031 0.000
4 CH4(2) + 2 X(1) <=> CH3X(21) + HX(19) 0.003 -0.001 0.002 -0.442 -0.001
5 C2H6(8) + 2 X(1) <=> 2 CH3X(21) -0.000 -0.000 -0.000 0.007 -0.000
6 CH3(10) + X(1) <=> CH3X(21) 0.025 -0.038 -0.013 0.151 -0.038
7 H2(6) + X(1) <=> H2X(49) 0.000 -0.000 -0.000 0.071 0.000
8 C2H6(8) + X(1) <=> C2H6X(52) 0.000 0.000 0.000 -0.006 0.000
9 CH4(2) + OX(20) + X(1) <=> CH3X(21) + HOX(22) 0.002 0.001 0.003 0.020 0.001
10 CH4(2) + HOX(22) + X(1) <=> CH3X(21) + H2OX(23) 0.308 0.217 0.523 -0.961 0.211
11 H2O(5) + X(1) <=> H2OX(23) 0.000 -0.000 -0.000 -0.000 0.000
12 CO2(4) + X(1) <=> CO2X(24) 0.000 -0.000 -0.000 0.001 0.000
13 CO(7) + X(1) <=> OCX(25) 0.000 -0.000 -0.000 -0.028 0.000
14 CX(26) + OX(20) <=> OCX(25) + X(1) 0.000 -0.000 -0.000 -0.944 0.000
15 OCX(25) + OX(20) <=> CO2X(24) + X(1) 0.000 -0.000 -0.000 -0.065 0.000
16 CO2X(24) + HX(19) <=> HOX(22) + OCX(25) 0.000 -0.000 -0.000 0.978 0.000
17 CH2X(27) + HX(19) <=> CH3X(21) + X(1) 0.000 -0.000 -0.000 0.010 0.000
18 CHX(28) + HX(19) <=> CH2X(27) + X(1) -0.000 -0.000 -0.000 -0.076 0.000
19 CHX(28) + X(1) <=> CX(26) + HX(19) -0.000 -0.000 -0.000 0.047 0.000
20 HX(19) + OX(20) <=> HOX(22) + X(1) 1.229 0.871 2.089 -1.327 0.848
21 H2OX(23) + OX(20) <=> 2 HOX(22) -0.154 -0.108 -0.262 -0.021 -0.105
22 CX(26) + H2(6) <=> CH2X(27) 0.000 -0.000 -0.000 -0.006 0.000
23 HOX(22) + HX(19) <=> H2OX(23) + X(1) 0.000 0.000 0.000 -0.033 0.000
Finished sensitivity simulation for a C/O ratio of 1.1
Finished translating for C/O ratio of 1.1
Starting sensitivity simulation for a C/O ratio of 0.9
0 CH4(2) + X(1) <=> CH4X(48) -0.000 0.000 0.000 -0.000 -0.000
1 O2(3) + 2 X(1) <=> 2 OX(20) -0.000 0.000 0.000 -0.000 -0.000
2 H2(6) + 2 X(1) <=> 2 HX(19) 0.001 0.001 0.002 -0.005 0.001
3 H(12) + X(1) <=> HX(19) -0.000 0.000 0.000 0.000 -0.000
4 CH4(2) + 2 X(1) <=> CH3X(21) + HX(19) 0.003 -0.001 0.001 -0.001 -0.001
5 C2H6(8) + 2 X(1) <=> 2 CH3X(21) -0.000 0.000 -0.000 -0.000 -0.000
6 CH3(10) + X(1) <=> CH3X(21) 0.026 -0.042 -0.016 0.097 -0.042
7 H2(6) + X(1) <=> H2X(49) -0.000 0.000 0.000 0.000 -0.000
8 C2H6(8) + X(1) <=> C2H6X(52) -0.000 0.000 0.000 -0.000 -0.000
9 CH4(2) + OX(20) + X(1) <=> CH3X(21) + HOX(22) 0.001 0.001 0.002 -0.001 0.001
10 CH4(2) + HOX(22) + X(1) <=> CH3X(21) + H2OX(23) 0.310 0.217 0.526 -0.812 0.213
11 H2O(5) + X(1) <=> H2OX(23) -0.000 0.000 0.000 -0.000 -0.000
12 CO2(4) + X(1) <=> CO2X(24) -0.000 0.000 0.000 -0.000 -0.000
13 CO(7) + X(1) <=> OCX(25) -0.000 0.000 0.000 -0.000 -0.000
14 CX(26) + OX(20) <=> OCX(25) + X(1) -0.000 0.000 0.000 -1.000 -0.000
15 OCX(25) + OX(20) <=> CO2X(24) + X(1) -0.000 0.000 0.000 0.000 -0.000
16 CO2X(24) + HX(19) <=> HOX(22) + OCX(25) -0.000 0.000 0.000 0.990 -0.000
17 CH2X(27) + HX(19) <=> CH3X(21) + X(1) -0.000 0.000 0.000 -0.001 -0.000
18 CHX(28) + HX(19) <=> CH2X(27) + X(1) -0.000 0.000 0.000 0.000 -0.000
19 CHX(28) + X(1) <=> CX(26) + HX(19) -0.000 0.000 0.000 0.000 -0.000
20 HX(19) + OX(20) <=> HOX(22) + X(1) 1.253 0.883 2.124 -1.371 0.865
21 H2OX(23) + OX(20) <=> 2 HOX(22) -0.155 -0.108 -0.263 -0.095 -0.106
22 CX(26) + H2(6) <=> CH2X(27) -0.000 0.000 0.000 -0.000 -0.000
23 HOX(22) + HX(19) <=> H2OX(23) + X(1) 0.000 0.000 0.000 -0.000 0.000
Finished sensitivity simulation for a C/O ratio of 0.9
Finished translating for C/O ratio of 0.9
Starting sensitivity simulation for a C/O ratio of 0.8
0 CH4(2) + X(1) <=> CH4X(48) -0.000 -0.000 -0.000 0.041 -0.000
1 O2(3) + 2 X(1) <=> 2 OX(20) -0.000 0.000 0.000 0.050 -0.000
2 H2(6) + 2 X(1) <=> 2 HX(19) 0.001 0.001 0.002 0.112 0.001
3 H(12) + X(1) <=> HX(19) -0.000 -0.000 -0.000 0.054 -0.000
4 CH4(2) + 2 X(1) <=> CH3X(21) + HX(19) 0.003 -0.002 0.001 0.083 -0.002
5 C2H6(8) + 2 X(1) <=> 2 CH3X(21) -0.000 -0.000 -0.000 0.083 -0.000
6 CH3(10) + X(1) <=> CH3X(21) 0.026 -0.043 -0.017 0.164 -0.044
7 H2(6) + X(1) <=> H2X(49) -0.000 0.000 0.000 -0.156 -0.000
8 C2H6(8) + X(1) <=> C2H6X(52) -0.000 0.000 -0.000 0.031 -0.000
9 CH4(2) + OX(20) + X(1) <=> CH3X(21) + HOX(22) 0.001 0.001 0.002 0.024 0.001
10 CH4(2) + HOX(22) + X(1) <=> CH3X(21) + H2OX(23) 0.309 0.216 0.524 -0.718 0.212
11 H2O(5) + X(1) <=> H2OX(23) -0.000 -0.000 -0.000 0.033 -0.000
12 CO2(4) + X(1) <=> CO2X(24) -0.000 -0.000 -0.000 0.048 -0.000
13 CO(7) + X(1) <=> OCX(25) -0.000 -0.000 -0.000 0.009 -0.000
14 CX(26) + OX(20) <=> OCX(25) + X(1) -0.000 0.000 0.000 -0.931 -0.000
15 OCX(25) + OX(20) <=> CO2X(24) + X(1) -0.000 -0.000 -0.000 0.050 -0.000
16 CO2X(24) + HX(19) <=> HOX(22) + OCX(25) -0.000 0.000 -0.000 1.081 -0.000
17 CH2X(27) + HX(19) <=> CH3X(21) + X(1) -0.000 -0.000 -0.000 0.014 -0.000
18 CHX(28) + HX(19) <=> CH2X(27) + X(1) -0.000 -0.000 -0.000 -0.040 -0.000
19 CHX(28) + X(1) <=> CX(26) + HX(19) -0.000 0.000 -0.000 0.036 -0.000
20 HX(19) + OX(20) <=> HOX(22) + X(1) 1.266 0.890 2.145 -1.374 0.874
21 H2OX(23) + OX(20) <=> 2 HOX(22) -0.154 -0.108 -0.262 -0.056 -0.106
22 CX(26) + H2(6) <=> CH2X(27) -0.000 -0.000 -0.000 0.022 -0.000
23 HOX(22) + HX(19) <=> H2OX(23) + X(1) 0.000 0.000 0.000 0.096 0.000
Finished sensitivity simulation for a C/O ratio of 0.8
Finished translating for C/O ratio of 0.8
Starting sensitivity simulation for a C/O ratio of 1.4
0 CH4(2) + X(1) <=> CH4X(48) 0.000 0.000 0.000 -0.235 0.000
1 O2(3) + 2 X(1) <=> 2 OX(20) 0.000 0.000 0.000 -0.221 0.000
2 H2(6) + 2 X(1) <=> 2 HX(19) 0.001 0.001 0.002 -0.235 0.001
3 H(12) + X(1) <=> HX(19) 0.000 0.000 0.000 -0.221 0.000
4 CH4(2) + 2 X(1) <=> CH3X(21) + HX(19) 0.003 -0.000 0.002 -0.238 -0.000
5 C2H6(8) + 2 X(1) <=> 2 CH3X(21) -0.000 0.000 0.000 -0.241 -0.000
6 CH3(10) + X(1) <=> CH3X(21) 0.023 -0.033 -0.010 -0.157 -0.034
7 H2(6) + X(1) <=> H2X(49) 0.000 0.000 0.000 -0.240 0.000
8 C2H6(8) + X(1) <=> C2H6X(52) 0.000 0.000 0.000 -0.239 0.000
9 CH4(2) + OX(20) + X(1) <=> CH3X(21) + HOX(22) 0.002 0.001 0.003 -0.235 0.001
10 CH4(2) + HOX(22) + X(1) <=> CH3X(21) + H2OX(23) 0.299 0.212 0.510 -1.122 0.205
11 H2O(5) + X(1) <=> H2OX(23) 0.000 0.000 0.000 -0.245 0.000
12 CO2(4) + X(1) <=> CO2X(24) 0.000 0.000 0.000 -0.260 0.000
13 CO(7) + X(1) <=> OCX(25) 0.000 0.000 0.000 -0.231 0.000
14 CX(26) + OX(20) <=> OCX(25) + X(1) 0.000 0.000 0.000 -1.243 0.000
15 OCX(25) + OX(20) <=> CO2X(24) + X(1) 0.000 0.000 0.000 -0.254 0.000
16 CO2X(24) + HX(19) <=> HOX(22) + OCX(25) 0.000 0.000 0.000 0.752 0.000
17 CH2X(27) + HX(19) <=> CH3X(21) + X(1) 0.000 0.000 0.000 -0.236 0.000
18 CHX(28) + HX(19) <=> CH2X(27) + X(1) 0.000 0.000 0.000 -0.237 0.000
19 CHX(28) + X(1) <=> CX(26) + HX(19) 0.000 0.000 0.000 -0.236 0.000
20 HX(19) + OX(20) <=> HOX(22) + X(1) 1.201 0.857 2.047 -1.502 0.828
21 H2OX(23) + OX(20) <=> 2 HOX(22) -0.149 -0.106 -0.255 -0.296 -0.102
22 CX(26) + H2(6) <=> CH2X(27) 0.000 0.000 0.000 -0.235 0.000
23 HOX(22) + HX(19) <=> H2OX(23) + X(1) 0.000 0.000 0.000 -0.239 0.000
Finished sensitivity simulation for a C/O ratio of 1.4
Finished translating for C/O ratio of 1.4
Starting sensitivity simulation for a C/O ratio of 2.6
0 CH4(2) + X(1) <=> CH4X(48) 0.000 0.000 0.000 -1.318 0.000
1 O2(3) + 2 X(1) <=> 2 OX(20) 0.000 0.000 0.000 -0.599 0.000
2 H2(6) + 2 X(1) <=> 2 HX(19) 0.001 0.001 0.002 -0.600 0.001
3 H(12) + X(1) <=> HX(19) 0.000 0.000 0.000 -0.599 0.000
4 CH4(2) + 2 X(1) <=> CH3X(21) + HX(19) 0.002 0.000 0.003 -0.848 0.000
5 C2H6(8) + 2 X(1) <=> 2 CH3X(21) -0.000 0.000 0.000 -0.600 -0.000
6 CH3(10) + X(1) <=> CH3X(21) 0.020 -0.022 -0.002 -0.546 -0.022
7 H2(6) + X(1) <=> H2X(49) 0.000 0.000 0.000 -0.600 0.000
8 C2H6(8) + X(1) <=> C2H6X(52) 0.000 0.000 0.000 -0.600 0.000
9 CH4(2) + OX(20) + X(1) <=> CH3X(21) + HOX(22) 0.002 0.001 0.003 -0.601 0.001
10 CH4(2) + HOX(22) + X(1) <=> CH3X(21) + H2OX(23) 0.251 0.183 0.433 -1.553 0.171
11 H2O(5) + X(1) <=> H2OX(23) 0.000 0.000 0.000 -0.600 0.000
12 CO2(4) + X(1) <=> CO2X(24) 0.000 0.000 0.000 -0.600 0.000
13 CO(7) + X(1) <=> OCX(25) 0.000 0.000 0.000 -0.600 0.000
14 CX(26) + OX(20) <=> OCX(25) + X(1) 0.000 0.000 0.000 -1.605 0.000
15 OCX(25) + OX(20) <=> CO2X(24) + X(1) 0.000 0.000 0.000 -0.601 0.000
16 CO2X(24) + HX(19) <=> HOX(22) + OCX(25) 0.000 -0.000 0.000 0.395 0.000
17 CH2X(27) + HX(19) <=> CH3X(21) + X(1) 0.000 0.000 0.000 -0.600 0.000
18 CHX(28) + HX(19) <=> CH2X(27) + X(1) 0.000 0.000 0.000 -0.600 0.000
19 CHX(28) + X(1) <=> CX(26) + HX(19) 0.000 0.000 0.000 -0.857 0.000
20 HX(19) + OX(20) <=> HOX(22) + X(1) 1.127 0.827 1.944 -1.703 0.774
21 H2OX(23) + OX(20) <=> 2 HOX(22) -0.126 -0.092 -0.217 -0.628 -0.086
22 CX(26) + H2(6) <=> CH2X(27) 0.000 0.000 0.000 -0.600 0.000
23 HOX(22) + HX(19) <=> H2OX(23) + X(1) 0.000 0.000 0.000 -0.600 0.000
Finished sensitivity simulation for a C/O ratio of 2.6
Finished translating for C/O ratio of 2.6
Starting sensitivity simulation for a C/O ratio of 2.4
0 CH4(2) + X(1) <=> CH4X(48) 0.000 0.000 0.000 0.069 0.000
1 O2(3) + 2 X(1) <=> 2 OX(20) 0.000 0.000 0.000 0.002 0.000
2 H2(6) + 2 X(1) <=> 2 HX(19) 0.001 0.001 0.002 0.433 0.001
3 H(12) + X(1) <=> HX(19) 0.000 -0.000 -0.000 0.000 0.000
4 CH4(2) + 2 X(1) <=> CH3X(21) + HX(19) 0.002 0.000 0.003 -0.422 0.000
5 C2H6(8) + 2 X(1) <=> 2 CH3X(21) -0.000 -0.000 -0.000 0.004 -0.000
6 CH3(10) + X(1) <=> CH3X(21) 0.020 -0.023 -0.003 0.062 -0.024
7 H2(6) + X(1) <=> H2X(49) 0.000 -0.000 -0.000 -0.262 0.000
8 C2H6(8) + X(1) <=> C2H6X(52) 0.000 0.000 0.000 -0.162 0.000
9 CH4(2) + OX(20) + X(1) <=> CH3X(21) + HOX(22) 0.002 0.001 0.003 0.801 0.001
10 CH4(2) + HOX(22) + X(1) <=> CH3X(21) + H2OX(23) 0.259 0.188 0.446 -0.670 0.177
11 H2O(5) + X(1) <=> H2OX(23) 0.000 -0.000 -0.000 1.332 0.000
12 CO2(4) + X(1) <=> CO2X(24) 0.000 -0.000 -0.000 2.837 0.000
13 CO(7) + X(1) <=> OCX(25) 0.000 -0.000 -0.000 0.005 0.000
14 CX(26) + OX(20) <=> OCX(25) + X(1) 0.000 -0.000 -0.000 -0.997 0.000
15 OCX(25) + OX(20) <=> CO2X(24) + X(1) 0.000 0.000 0.000 -0.309 0.000
16 CO2X(24) + HX(19) <=> HOX(22) + OCX(25) 0.000 -0.000 -0.000 0.992 0.000
17 CH2X(27) + HX(19) <=> CH3X(21) + X(1) 0.000 -0.000 -0.000 -0.002 0.000
18 CHX(28) + HX(19) <=> CH2X(27) + X(1) 0.000 -0.000 -0.000 0.005 0.000
19 CHX(28) + X(1) <=> CX(26) + HX(19) 0.000 -0.000 -0.000 0.002 0.000
20 HX(19) + OX(20) <=> HOX(22) + X(1) 1.137 0.830 1.957 -1.124 0.781
21 H2OX(23) + OX(20) <=> 2 HOX(22) -0.130 -0.094 -0.224 -0.022 -0.088
22 CX(26) + H2(6) <=> CH2X(27) 0.000 0.000 0.000 0.005 0.000
23 HOX(22) + HX(19) <=> H2OX(23) + X(1) 0.000 0.000 0.000 0.001 0.000
Finished sensitivity simulation for a C/O ratio of 2.4
Finished translating for C/O ratio of 2.4
Starting sensitivity simulation for a C/O ratio of 2.0
0 CH4(2) + X(1) <=> CH4X(48) -0.000 0.000 0.000 -0.050 -0.000
1 O2(3) + 2 X(1) <=> 2 OX(20) -0.000 0.000 0.000 0.000 -0.000
2 H2(6) + 2 X(1) <=> 2 HX(19) 0.001 0.001 0.002 0.121 0.001
3 H(12) + X(1) <=> HX(19) -0.000 0.000 0.000 -0.000 -0.000
4 CH4(2) + 2 X(1) <=> CH3X(21) + HX(19) 0.002 0.000 0.003 0.091 0.000
5 C2H6(8) + 2 X(1) <=> 2 CH3X(21) -0.000 -0.000 -0.000 -0.106 -0.000
6 CH3(10) + X(1) <=> CH3X(21) 0.021 -0.026 -0.005 0.066 -0.027
7 H2(6) + X(1) <=> H2X(49) -0.000 0.000 0.000 0.001 -0.000
8 C2H6(8) + X(1) <=> C2H6X(52) -0.000 0.000 0.000 -0.000 -0.000
9 CH4(2) + OX(20) + X(1) <=> CH3X(21) + HOX(22) 0.002 0.001 0.003 -0.003 0.001
10 CH4(2) + HOX(22) + X(1) <=> CH3X(21) + H2OX(23) 0.275 0.198 0.472 -0.927 0.188
11 H2O(5) + X(1) <=> H2OX(23) -0.000 -0.000 -0.000 0.001 -0.000
12 CO2(4) + X(1) <=> CO2X(24) -0.000 0.000 0.000 -0.001 -0.000
13 CO(7) + X(1) <=> OCX(25) -0.000 -0.000 -0.000 0.000 -0.000
14 CX(26) + OX(20) <=> OCX(25) + X(1) -0.000 0.000 0.000 -1.001 -0.000
15 OCX(25) + OX(20) <=> CO2X(24) + X(1) -0.000 -0.000 -0.000 -0.015 -0.000
16 CO2X(24) + HX(19) <=> HOX(22) + OCX(25) -0.000 0.000 -0.000 0.989 -0.000
17 CH2X(27) + HX(19) <=> CH3X(21) + X(1) -0.000 0.000 0.000 0.003 -0.000
18 CHX(28) + HX(19) <=> CH2X(27) + X(1) -0.000 0.000 0.000 -0.002 -0.000
19 CHX(28) + X(1) <=> CX(26) + HX(19) -0.000 0.000 0.000 -0.000 -0.000
20 HX(19) + OX(20) <=> HOX(22) + X(1) 1.158 0.838 1.987 -1.166 0.797
21 H2OX(23) + OX(20) <=> 2 HOX(22) -0.138 -0.099 -0.237 -0.090 -0.094
22 CX(26) + H2(6) <=> CH2X(27) -0.000 0.000 0.000 0.064 -0.000
23 HOX(22) + HX(19) <=> H2OX(23) + X(1) 0.000 0.000 0.000 0.030 0.000
Finished sensitivity simulation for a C/O ratio of 2.0
Finished translating for C/O ratio of 2.0
