This mechanism contains 139 gas reactions and 33 surface reactions
Finished simulation at a C/O ratio of 1.8
Finished simulation at a C/O ratio of 1.1
Finished simulation at a C/O ratio of 2.4
Finished simulation at a C/O ratio of 1.6
Finished simulation at a C/O ratio of 2.0
Finished simulation at a C/O ratio of 1.0
Finished simulation at a C/O ratio of 1.4
Finished simulation at a C/O ratio of 2.6
Finished simulation at a C/O ratio of 0.9
Finished simulation at a C/O ratio of 0.8
Finished simulation at a C/O ratio of 2.2
Finished simulation at a C/O ratio of 0.6
Finished simulation at a C/O ratio of 0.7
Finished simulation at a C/O ratio of 1.3
Finished simulation at a C/O ratio of 1.2
Starting thermo sensitivity simulation for a C/O ratio of 0.7
0 X(1) -0.001 -0.001 -0.002 -0.000 -0.001
1 HX(19) 0.000 0.000 0.000 -0.000 0.000
2 OX(20) 0.000 0.001 0.001 0.000 0.001
3 CH3X(21) -0.000 -0.000 -0.000 -0.000 -0.000
4 HOX(22) 0.000 0.000 0.000 0.000 0.000
5 H2OX(23) 0.000 0.001 0.001 0.000 0.001
6 CO2X(24) 0.000 0.000 0.000 -0.000 0.000
7 OCX(25) 0.000 -0.000 -0.000 0.000 -0.000
8 CX(26) 0.000 0.000 0.000 0.000 0.000
9 CH2X(27) 0.000 0.000 0.000 0.000 0.000
10 CHX(28) -0.000 -0.000 -0.000 -0.000 -0.000
11 CH4X(48) -0.000 -0.000 -0.000 -0.000 -0.000
12 H2X(49) -0.000 -0.000 -0.000 0.000 -0.000
13 COX(50) 0.000 0.000 0.000 0.000 0.000
14 C2H6X(52) -0.000 -0.000 -0.000 -0.000 -0.000
15 CH2OX(54) -0.000 -0.000 -0.000 -0.000 -0.000
16 CH4OX(60) 0.000 0.000 0.000 0.000 0.000
17 C2H4X(65) 0.000 0.000 0.000 0.000 0.000
18 C2H4X(205) 0.000 0.000 0.000 0.000 0.000
19 C2H2X(333) 0.000 0.000 0.000 0.000 0.000
Finished thermo sensitivity simulation for a C/O ratio of 0.7
Starting thermo sensitivity simulation for a C/O ratio of 0.6
0 X(1) -0.001 -0.001 -0.002 -0.000 -0.001
1 HX(19) -0.000 -0.000 -0.000 -0.000 -0.000
2 OX(20) 0.000 0.001 0.001 0.000 0.001
3 CH3X(21) -0.000 -0.000 -0.000 -0.000 -0.000
4 HOX(22) 0.000 0.000 0.000 0.000 0.000
5 H2OX(23) 0.000 0.001 0.001 0.000 0.001
6 CO2X(24) -0.000 -0.000 -0.000 -0.000 -0.000
7 OCX(25) -0.000 -0.000 -0.000 -0.000 -0.000
8 CX(26) -0.000 -0.000 -0.000 -0.000 -0.000
9 CH2X(27) -0.000 -0.000 -0.000 0.000 -0.000
10 CHX(28) -0.000 -0.000 -0.000 -0.000 -0.000
11 CH4X(48) -0.000 -0.000 -0.000 -0.000 -0.000
12 H2X(49) -0.000 -0.000 -0.000 -0.000 -0.000
13 COX(50) -0.000 -0.000 -0.000 -0.000 -0.000
14 C2H6X(52) -0.000 -0.000 -0.000 -0.000 -0.000
15 CH2OX(54) -0.000 -0.000 -0.000 -0.000 -0.000
16 CH4OX(60) -0.000 -0.000 -0.000 -0.000 -0.000
17 C2H4X(65) 0.000 0.000 0.000 -0.000 0.000
18 C2H4X(205) -0.000 -0.000 -0.000 -0.000 -0.000
19 C2H2X(333) -0.000 -0.000 -0.000 -0.000 -0.000
Finished thermo sensitivity simulation for a C/O ratio of 0.6
Starting thermo sensitivity simulation for a C/O ratio of 1.3
0 X(1) -0.001 -0.001 -0.002 -0.000 -0.001
1 HX(19) -0.000 -0.000 -0.000 -0.000 -0.000
2 OX(20) 0.000 0.001 0.001 0.000 0.001
3 CH3X(21) -0.000 -0.000 -0.000 -0.000 -0.000
4 HOX(22) 0.000 0.000 0.000 0.000 0.000
5 H2OX(23) 0.001 0.001 0.001 0.000 0.001
6 CO2X(24) -0.000 -0.000 -0.000 -0.000 -0.000
7 OCX(25) -0.000 -0.000 -0.000 -0.000 -0.000
8 CX(26) -0.000 -0.000 -0.000 -0.000 -0.000
9 CH2X(27) -0.000 -0.000 -0.000 0.000 -0.000
10 CHX(28) -0.000 -0.000 -0.000 -0.000 -0.000
11 CH4X(48) -0.000 -0.000 -0.000 -0.000 -0.000
12 H2X(49) -0.000 -0.000 -0.000 -0.000 -0.000
13 COX(50) -0.000 -0.000 -0.000 -0.000 -0.000
14 C2H6X(52) -0.000 -0.000 -0.000 -0.000 -0.000
15 CH2OX(54) -0.000 -0.000 -0.000 -0.000 -0.000
16 CH4OX(60) -0.000 -0.000 -0.000 -0.000 -0.000
17 C2H4X(65) -0.000 -0.000 -0.000 -0.000 -0.000
18 C2H4X(205) -0.000 -0.000 -0.000 -0.000 -0.000
19 C2H2X(333) -0.000 -0.000 -0.000 -0.000 -0.000
Finished thermo sensitivity simulation for a C/O ratio of 1.3
Starting thermo sensitivity simulation for a C/O ratio of 1.4
0 X(1) -0.001 -0.002 -0.002 -0.000 -0.002
1 HX(19) -0.000 -0.000 -0.000 -0.000 -0.000
2 OX(20) 0.000 0.001 0.001 0.000 0.001
3 CH3X(21) -0.000 -0.000 -0.000 -0.000 -0.000
4 HOX(22) 0.000 0.000 0.000 0.000 0.000
5 H2OX(23) 0.001 0.001 0.001 0.000 0.001
6 CO2X(24) -0.000 -0.000 -0.000 -0.000 -0.000
7 OCX(25) -0.000 -0.000 -0.000 -0.000 -0.000
8 CX(26) -0.000 -0.000 -0.000 -0.000 -0.000
9 CH2X(27) -0.000 -0.000 -0.000 0.000 -0.000
10 CHX(28) -0.000 -0.000 -0.000 -0.000 -0.000
11 CH4X(48) -0.000 -0.000 -0.000 -0.000 -0.000
12 H2X(49) -0.000 -0.000 -0.000 -0.000 -0.000
13 COX(50) -0.000 -0.000 -0.000 -0.000 -0.000
14 C2H6X(52) -0.000 -0.000 -0.000 -0.000 -0.000
15 CH2OX(54) -0.000 -0.000 -0.000 -0.000 -0.000
16 CH4OX(60) -0.000 -0.000 -0.000 -0.000 -0.000
17 C2H4X(65) -0.000 -0.000 -0.000 -0.000 -0.000
18 C2H4X(205) -0.000 -0.000 -0.000 -0.000 -0.000
19 C2H2X(333) -0.000 -0.000 -0.000 -0.000 -0.000
Finished thermo sensitivity simulation for a C/O ratio of 1.4
Starting thermo sensitivity simulation for a C/O ratio of 0.8
0 X(1) -0.001 -0.001 -0.002 -0.000 -0.001
1 HX(19) 0.000 0.000 0.000 -0.000 0.000
2 OX(20) 0.000 0.001 0.001 0.000 0.001
3 CH3X(21) 0.000 0.000 0.000 0.000 0.000
4 HOX(22) 0.000 0.000 0.000 0.000 0.000
5 H2OX(23) 0.000 0.001 0.001 0.000 0.001
6 CO2X(24) 0.000 0.000 0.000 -0.000 0.000
7 OCX(25) 0.000 0.000 0.000 0.000 0.000
8 CX(26) 0.000 0.000 0.000 0.000 0.000
9 CH2X(27) 0.000 0.000 0.000 0.000 0.000
10 CHX(28) 0.000 0.000 0.000 0.000 0.000
11 CH4X(48) -0.000 -0.000 -0.000 -0.000 -0.000
12 H2X(49) 0.000 0.000 0.000 0.000 0.000
13 COX(50) 0.000 0.000 0.000 0.000 0.000
14 C2H6X(52) 0.000 0.000 0.000 -0.000 0.000
15 CH2OX(54) 0.000 0.000 0.000 0.000 0.000
16 CH4OX(60) 0.000 0.000 0.000 0.000 0.000
17 C2H4X(65) 0.000 0.000 0.000 0.000 0.000
18 C2H4X(205) 0.000 0.000 0.000 0.000 0.000
19 C2H2X(333) 0.000 0.000 0.000 0.000 0.000
Finished thermo sensitivity simulation for a C/O ratio of 0.8
Starting thermo sensitivity simulation for a C/O ratio of 0.9
0 X(1) -0.001 -0.001 -0.002 -0.000 -0.001
1 HX(19) -0.000 -0.000 -0.000 -0.000 -0.000
2 OX(20) 0.000 0.001 0.001 0.000 0.001
3 CH3X(21) -0.000 -0.000 -0.000 -0.000 -0.000
4 HOX(22) -0.000 -0.000 -0.000 -0.000 -0.000
5 H2OX(23) 0.000 0.001 0.001 0.000 0.001
6 CO2X(24) -0.000 -0.000 -0.000 -0.000 -0.000
7 OCX(25) -0.000 -0.000 -0.000 -0.000 -0.000
8 CX(26) -0.000 -0.000 -0.000 -0.000 -0.000
9 CH2X(27) -0.000 -0.000 -0.000 0.000 -0.000
10 CHX(28) -0.000 -0.000 -0.000 -0.000 -0.000
11 CH4X(48) -0.000 -0.000 -0.000 -0.000 -0.000
12 H2X(49) -0.000 -0.000 -0.000 -0.000 -0.000
13 COX(50) -0.000 -0.000 -0.000 -0.000 -0.000
14 C2H6X(52) -0.000 -0.000 -0.000 -0.000 -0.000
15 CH2OX(54) -0.000 -0.000 -0.000 -0.000 -0.000
16 CH4OX(60) -0.000 -0.000 -0.000 -0.000 -0.000
17 C2H4X(65) -0.000 -0.000 -0.000 -0.000 -0.000
18 C2H4X(205) -0.000 -0.000 -0.000 -0.000 -0.000
19 C2H2X(333) -0.000 -0.000 -0.000 -0.000 -0.000
Finished thermo sensitivity simulation for a C/O ratio of 0.9
Starting thermo sensitivity simulation for a C/O ratio of 1.6
0 X(1) -0.001 -0.002 -0.002 -0.000 -0.002
1 HX(19) 0.000 0.000 0.000 -0.000 0.000
2 OX(20) 0.001 0.001 0.001 0.000 0.001
3 CH3X(21) 0.000 0.000 0.000 0.000 0.000
4 HOX(22) 0.000 0.000 0.000 0.000 0.000
5 H2OX(23) 0.001 0.001 0.001 0.000 0.001
6 CO2X(24) 0.000 0.000 0.000 -0.000 0.000
7 OCX(25) -0.000 -0.000 -0.000 -0.000 -0.000
8 CX(26) 0.000 -0.000 0.000 0.000 -0.000
9 CH2X(27) 0.000 0.000 0.000 0.000 0.000
10 CHX(28) 0.000 0.000 0.000 0.000 0.000
11 CH4X(48) -0.000 -0.000 -0.000 -0.000 -0.000
12 H2X(49) 0.000 0.000 0.000 0.000 0.000
13 COX(50) 0.000 0.000 0.000 0.000 0.000
14 C2H6X(52) 0.000 0.000 0.000 0.000 0.000
15 CH2OX(54) 0.000 0.000 0.000 0.000 0.000
16 CH4OX(60) 0.000 0.000 0.000 0.000 0.000
17 C2H4X(65) -0.000 -0.000 -0.000 -0.000 -0.000
18 C2H4X(205) 0.000 0.000 0.000 0.000 0.000
19 C2H2X(333) 0.000 -0.000 -0.000 0.000 -0.000
Finished thermo sensitivity simulation for a C/O ratio of 1.6
Starting thermo sensitivity simulation for a C/O ratio of 2.6
0 X(1) -0.001 -0.002 -0.002 -0.000 -0.002
1 HX(19) 0.000 0.000 0.000 -0.000 0.000
2 OX(20) 0.001 0.001 0.002 0.000 0.001
3 CH3X(21) 0.000 0.000 0.000 0.000 0.000
4 HOX(22) 0.000 0.000 0.000 0.000 0.000
5 H2OX(23) 0.000 0.001 0.001 0.000 0.001
6 CO2X(24) 0.000 0.000 0.000 -0.000 0.000
7 OCX(25) 0.000 0.000 0.000 0.000 0.000
8 CX(26) 0.000 0.000 0.000 0.000 0.000
9 CH2X(27) 0.000 0.000 0.000 0.000 0.000
10 CHX(28) 0.000 0.000 0.000 0.000 0.000
11 CH4X(48) -0.000 -0.000 -0.001 -0.000 -0.000
12 H2X(49) -0.000 -0.000 -0.000 -0.000 -0.000
13 COX(50) 0.000 0.000 0.000 0.000 0.000
14 C2H6X(52) -0.000 -0.000 -0.000 -0.000 -0.000
15 CH2OX(54) -0.000 0.000 0.000 0.000 0.000
16 CH4OX(60) 0.000 0.000 0.000 0.000 0.000
17 C2H4X(65) -0.000 0.000 0.000 0.000 0.000
18 C2H4X(205) -0.000 0.000 -0.000 -0.000 0.000
19 C2H2X(333) -0.000 -0.000 -0.000 -0.000 -0.000
Finished thermo sensitivity simulation for a C/O ratio of 2.6
Starting thermo sensitivity simulation for a C/O ratio of 1.0
0 X(1) -0.001 -0.001 -0.002 -0.000 -0.001
1 HX(19) -0.000 -0.000 -0.000 -0.000 -0.000
2 OX(20) 0.000 0.001 0.001 0.000 0.001
3 CH3X(21) -0.000 -0.000 -0.000 -0.000 -0.000
4 HOX(22) 0.000 0.000 0.000 0.000 0.000
5 H2OX(23) 0.001 0.001 0.001 0.000 0.001
6 CO2X(24) 0.000 0.000 0.000 -0.000 0.000
7 OCX(25) -0.000 -0.000 -0.000 -0.000 -0.000
8 CX(26) -0.000 -0.000 -0.000 -0.000 -0.000
9 CH2X(27) -0.000 -0.000 -0.000 0.000 -0.000
10 CHX(28) -0.000 -0.000 -0.000 -0.000 -0.000
11 CH4X(48) -0.000 -0.000 -0.000 -0.000 -0.000
12 H2X(49) -0.000 -0.000 -0.000 -0.000 -0.000
13 COX(50) -0.000 -0.000 -0.000 -0.000 -0.000
14 C2H6X(52) -0.000 -0.000 -0.000 -0.000 -0.000
15 CH2OX(54) -0.000 -0.000 -0.000 -0.000 -0.000
16 CH4OX(60) -0.000 -0.000 -0.000 -0.000 -0.000
17 C2H4X(65) -0.000 -0.000 -0.000 -0.000 -0.000
18 C2H4X(205) -0.000 -0.000 -0.000 -0.000 -0.000
19 C2H2X(333) -0.000 -0.000 -0.000 -0.000 -0.000
Finished thermo sensitivity simulation for a C/O ratio of 1.0
Starting thermo sensitivity simulation for a C/O ratio of 1.8
0 X(1) -0.001 -0.002 -0.002 -0.000 -0.002
1 HX(19) 0.000 0.000 0.000 -0.000 0.000
2 OX(20) 0.001 0.001 0.001 0.000 0.001
3 CH3X(21) -0.000 -0.000 -0.000 -0.000 -0.000
4 HOX(22) 0.000 0.000 0.000 0.000 0.000
5 H2OX(23) 0.001 0.001 0.001 0.000 0.001
6 CO2X(24) -0.000 -0.000 -0.000 -0.000 -0.000
7 OCX(25) -0.000 -0.000 -0.000 -0.000 -0.000
8 CX(26) -0.000 -0.000 -0.000 -0.000 -0.000
9 CH2X(27) -0.000 -0.000 -0.000 0.000 -0.000
10 CHX(28) -0.000 -0.000 -0.000 -0.000 -0.000
11 CH4X(48) -0.000 -0.000 -0.001 -0.000 -0.000
12 H2X(49) 0.000 0.000 0.000 0.000 0.000
13 COX(50) -0.000 -0.000 -0.000 -0.000 -0.000
14 C2H6X(52) -0.000 -0.000 -0.000 -0.000 -0.000
15 CH2OX(54) 0.000 0.000 0.000 0.000 0.000
16 CH4OX(60) 0.000 -0.000 0.000 0.000 -0.000
17 C2H4X(65) 0.000 0.000 0.000 0.000 0.000
18 C2H4X(205) 0.000 0.000 0.000 0.000 0.000
19 C2H2X(333) -0.000 -0.000 -0.000 -0.000 -0.000
Finished thermo sensitivity simulation for a C/O ratio of 1.8
Starting thermo sensitivity simulation for a C/O ratio of 2.0
0 X(1) -0.001 -0.002 -0.002 -0.000 -0.002
1 HX(19) -0.000 -0.000 -0.000 -0.000 -0.000
2 OX(20) 0.001 0.001 0.001 0.000 0.001
3 CH3X(21) -0.000 -0.000 -0.000 -0.000 -0.000
4 HOX(22) 0.000 0.000 0.000 0.000 0.000
5 H2OX(23) 0.001 0.001 0.001 0.000 0.001
6 CO2X(24) -0.000 -0.000 -0.000 -0.000 -0.000
7 OCX(25) -0.000 -0.000 -0.000 -0.000 -0.000
8 CX(26) -0.000 -0.000 -0.000 -0.000 -0.000
9 CH2X(27) -0.000 -0.000 -0.000 0.000 -0.000
10 CHX(28) -0.000 -0.000 -0.000 -0.000 -0.000
11 CH4X(48) -0.000 -0.000 -0.001 -0.000 -0.000
12 H2X(49) -0.000 -0.000 -0.000 -0.000 -0.000
13 COX(50) -0.000 -0.000 -0.000 -0.000 -0.000
14 C2H6X(52) -0.000 -0.000 -0.000 -0.000 -0.000
15 CH2OX(54) -0.000 -0.000 -0.000 -0.000 -0.000
16 CH4OX(60) -0.000 -0.000 -0.000 -0.000 -0.000
17 C2H4X(65) -0.000 -0.000 -0.000 -0.000 -0.000
18 C2H4X(205) -0.000 -0.000 -0.000 -0.000 -0.000
19 C2H2X(333) -0.000 -0.000 -0.000 -0.000 -0.000
Finished thermo sensitivity simulation for a C/O ratio of 2.0
Starting thermo sensitivity simulation for a C/O ratio of 1.1
0 X(1) -0.001 -0.001 -0.002 -0.000 -0.001
1 HX(19) 0.000 0.000 0.000 0.000 0.000
2 OX(20) 0.000 0.001 0.001 0.000 0.001
3 CH3X(21) 0.000 0.000 0.000 0.000 0.000
4 HOX(22) 0.000 0.000 0.000 0.000 0.000
5 H2OX(23) 0.001 0.001 0.001 0.000 0.001
6 CO2X(24) 0.000 0.000 0.000 -0.000 0.000
7 OCX(25) 0.000 0.000 0.000 0.000 0.000
8 CX(26) 0.000 0.000 0.000 0.000 0.000
9 CH2X(27) 0.000 0.000 0.000 0.000 0.000
10 CHX(28) 0.000 0.000 0.000 0.000 0.000
11 CH4X(48) -0.000 -0.000 -0.000 -0.000 -0.000
12 H2X(49) 0.000 0.000 0.000 0.000 0.000
13 COX(50) 0.000 0.000 0.000 0.000 0.000
14 C2H6X(52) 0.000 0.000 0.000 0.000 0.000
15 CH2OX(54) 0.000 0.000 0.000 0.000 0.000
16 CH4OX(60) 0.000 0.000 0.000 0.000 0.000
17 C2H4X(65) 0.000 0.000 0.000 0.000 0.000
18 C2H4X(205) 0.000 0.000 0.000 0.000 0.000
19 C2H2X(333) 0.000 0.000 0.000 0.000 0.000
Finished thermo sensitivity simulation for a C/O ratio of 1.1
Starting thermo sensitivity simulation for a C/O ratio of 2.4
0 X(1) -0.001 -0.002 -0.002 -0.000 -0.002
1 HX(19) 0.000 0.000 0.000 -0.000 0.000
2 OX(20) 0.001 0.001 0.001 0.000 0.001
3 CH3X(21) 0.000 0.000 0.000 0.000 0.000
4 HOX(22) 0.000 0.000 0.000 0.000 0.000
5 H2OX(23) 0.001 0.001 0.001 0.000 0.001
6 CO2X(24) 0.000 0.000 0.000 -0.000 0.000
7 OCX(25) 0.000 0.000 0.000 0.000 0.000
8 CX(26) 0.000 0.000 0.000 0.000 0.000
9 CH2X(27) 0.000 0.000 0.000 0.000 0.000
10 CHX(28) 0.000 0.000 0.000 0.000 0.000
11 CH4X(48) -0.000 -0.000 -0.001 -0.000 -0.000
12 H2X(49) 0.000 0.000 0.000 0.000 0.000
13 COX(50) 0.000 0.000 0.000 0.000 0.000
14 C2H6X(52) 0.000 0.000 0.000 -0.000 0.000
15 CH2OX(54) 0.000 0.000 0.000 0.000 0.000
16 CH4OX(60) 0.000 0.000 0.000 0.000 0.000
17 C2H4X(65) 0.000 0.000 0.000 0.000 0.000
18 C2H4X(205) 0.000 0.000 0.000 0.000 0.000
19 C2H2X(333) 0.000 0.000 0.000 0.000 0.000
Finished thermo sensitivity simulation for a C/O ratio of 2.4
Starting thermo sensitivity simulation for a C/O ratio of 1.2
0 X(1) -0.001 -0.001 -0.002 -0.000 -0.001
1 HX(19) -0.000 -0.000 -0.000 -0.000 -0.000
2 OX(20) 0.000 0.001 0.001 0.000 0.001
3 CH3X(21) -0.000 -0.000 -0.000 -0.000 -0.000
4 HOX(22) 0.000 0.000 0.000 0.000 0.000
5 H2OX(23) 0.001 0.001 0.001 0.000 0.001
6 CO2X(24) -0.000 -0.000 -0.000 -0.000 -0.000
7 OCX(25) -0.000 -0.000 -0.000 -0.000 -0.000
8 CX(26) 0.000 0.000 0.000 0.000 0.000
9 CH2X(27) 0.000 0.000 0.000 0.000 0.000
10 CHX(28) -0.000 -0.000 -0.000 -0.000 -0.000
11 CH4X(48) -0.000 -0.000 -0.000 -0.000 -0.000
12 H2X(49) -0.000 -0.000 -0.000 -0.000 -0.000
13 COX(50) 0.000 0.000 0.000 0.000 0.000
14 C2H6X(52) -0.000 -0.000 -0.000 -0.000 -0.000
15 CH2OX(54) -0.000 -0.000 -0.000 -0.000 -0.000
16 CH4OX(60) -0.000 -0.000 -0.000 -0.000 -0.000
17 C2H4X(65) -0.000 -0.000 -0.000 -0.000 -0.000
18 C2H4X(205) -0.000 0.000 -0.000 -0.000 0.000
19 C2H2X(333) -0.000 -0.000 -0.000 -0.000 -0.000
Finished thermo sensitivity simulation for a C/O ratio of 1.2
Starting thermo sensitivity simulation for a C/O ratio of 2.2
0 X(1) -0.001 -0.002 -0.002 -0.000 -0.002
1 HX(19) 0.000 0.000 0.000 -0.000 0.000
2 OX(20) 0.001 0.001 0.001 0.000 0.001
3 CH3X(21) 0.000 0.000 0.000 0.000 0.000
4 HOX(22) 0.000 0.000 0.000 0.000 0.000
5 H2OX(23) 0.001 0.001 0.001 0.000 0.001
6 CO2X(24) 0.000 0.000 0.000 -0.000 0.000
7 OCX(25) 0.000 0.000 0.000 0.000 0.000
8 CX(26) 0.000 0.000 0.000 0.000 0.000
9 CH2X(27) 0.000 0.000 0.000 0.000 0.000
10 CHX(28) 0.000 0.000 0.000 0.000 0.000
11 CH4X(48) -0.000 -0.000 -0.001 -0.000 -0.000
12 H2X(49) 0.000 0.000 0.000 0.000 0.000
13 COX(50) 0.000 0.000 0.000 0.000 0.000
14 C2H6X(52) 0.000 0.000 0.000 0.000 0.000
15 CH2OX(54) 0.000 0.000 0.000 0.000 0.000
16 CH4OX(60) 0.000 0.000 0.000 0.000 0.000
17 C2H4X(65) 0.000 0.000 0.000 0.000 0.000
18 C2H4X(205) 0.000 0.000 0.000 0.000 0.000
19 C2H2X(333) 0.000 0.000 0.000 0.000 0.000
Finished thermo sensitivity simulation for a C/O ratio of 2.2
Starting sensitivity simulation for a C/O ratio of 0.6
0 CH4(2) + X(1) <=> CH4X(48) -0.000 -0.000 -0.000 -0.000 -0.000
1 O2(3) + 2 X(1) <=> 2 OX(20) -0.000 -0.000 -0.000 -0.000 -0.000
2 H2(6) + 2 X(1) <=> 2 HX(19) 0.000 0.000 0.000 -0.000 0.000
3 H(12) + X(1) <=> HX(19) 0.000 0.000 0.000 0.000 0.000
4 HX(19) + OX(20) <=> HOX(22) + X(1) -0.000 -0.000 -0.000 -0.000 -0.000
5 H2O(5) + 2 X(1) <=> HOX(22) + HX(19) -0.000 -0.000 -0.000 -0.000 -0.000
6 OH(17) + X(1) <=> HOX(22) 0.000 0.000 0.000 0.001 0.000
7 CH4(2) + 2 X(1) <=> CH3X(21) + HX(19) -0.000 -0.000 -0.000 -0.000 -0.000
8 CH4(2) + OX(20) + X(1) <=> CH3X(21) + HOX(22) -0.318 -0.564 -0.884 -0.154 -0.562
9 C2H6(8) + 2 X(1) <=> 2 CH3X(21) -0.004 -0.007 -0.011 0.007 -0.007
10 CH3(10) + X(1) <=> CH3X(21) -0.394 -0.698 -1.094 -0.177 -0.696
11 CH3OH(14) + 2 X(1) <=> CH3X(21) + HOX(22) -0.005 -0.010 -0.016 -0.005 -0.011
12 CH4(2) + HOX(22) + X(1) <=> CH3X(21) + H2OX(23) -0.001 -0.002 -0.002 -0.000 -0.002
13 H2O(5) + X(1) <=> H2OX(23) -0.000 -0.000 -0.000 -0.000 -0.000
14 H2OX(23) + OX(20) <=> 2 HOX(22) -0.307 -0.543 -0.852 -0.130 -0.542
15 HOX(22) + HX(19) <=> H2OX(23) + X(1) -0.000 -0.000 -0.000 -0.000 -0.000
16 H2(6) + X(1) <=> H2X(49) -0.000 -0.000 -0.000 -0.000 -0.000
17 C2H6(8) + X(1) <=> C2H6X(52) -0.000 -0.000 -0.000 -0.000 -0.000
18 CH3OH(14) + X(1) <=> CH4OX(60) -0.000 -0.000 -0.000 -0.000 -0.000
19 C2H4(47) + X(1) <=> C2H4X(205) -0.000 -0.000 -0.000 -0.000 -0.000
20 C2H4(18) + X(1) <=> C2H4X(65) -0.000 0.000 0.000 -0.000 0.000
21 CO(7) + X(1) <=> OCX(25) -0.000 0.000 -0.000 0.001 -0.000
22 CH2O(9) + X(1) <=> CH2OX(54) -0.000 -0.000 -0.000 -0.000 -0.000
23 CO(7) + X(1) <=> COX(50) -0.000 -0.000 -0.000 -0.000 -0.000
24 C2H2(308) + X(1) <=> C2H2X(333) -0.000 -0.000 -0.000 -0.000 -0.000
25 CO2(4) + X(1) <=> CO2X(24) -0.000 -0.000 -0.000 -0.000 -0.000
26 CX(26) + OX(20) <=> OCX(25) + X(1) -0.000 -0.000 -0.000 -0.000 -0.000
27 OCX(25) + OX(20) <=> CO2X(24) + X(1) -0.000 -0.000 -0.000 -0.000 -0.000
28 CO2X(24) + HX(19) <=> HOX(22) + OCX(25) 0.000 0.000 0.000 0.001 -0.000
29 CH2X(27) + HX(19) <=> CH3X(21) + X(1) -0.000 -0.000 -0.000 -0.001 -0.000
30 CHX(28) + HX(19) <=> CH2X(27) + X(1) -0.000 -0.000 -0.000 -0.000 -0.000
31 CHX(28) + X(1) <=> CX(26) + HX(19) -0.000 -0.000 -0.000 -0.000 -0.000
32 CX(26) + H2(6) <=> CH2X(27) -0.000 -0.000 -0.000 -0.000 -0.000
Finished sensitivity simulation for a C/O ratio of 0.6
Finished translating for C/O ratio of 0.6
Starting sensitivity simulation for a C/O ratio of 0.9
0 CH4(2) + X(1) <=> CH4X(48) -0.000 -0.000 -0.000 -0.000 -0.000
1 O2(3) + 2 X(1) <=> 2 OX(20) -0.000 -0.000 -0.000 -0.000 -0.000
2 H2(6) + 2 X(1) <=> 2 HX(19) 0.000 0.000 0.000 -0.000 0.000
3 H(12) + X(1) <=> HX(19) 0.000 0.000 0.000 0.000 0.000
4 HX(19) + OX(20) <=> HOX(22) + X(1) -0.000 -0.000 -0.000 -0.000 -0.000
5 H2O(5) + 2 X(1) <=> HOX(22) + HX(19) -0.000 -0.000 -0.000 -0.000 -0.000
6 OH(17) + X(1) <=> HOX(22) 0.000 0.000 0.000 0.001 0.000
7 CH4(2) + 2 X(1) <=> CH3X(21) + HX(19) -0.000 -0.000 -0.000 -0.000 -0.000
8 CH4(2) + OX(20) + X(1) <=> CH3X(21) + HOX(22) -0.345 -0.603 -0.951 -0.156 -0.602
9 C2H6(8) + 2 X(1) <=> 2 CH3X(21) -0.005 -0.008 -0.013 0.007 -0.008
10 CH3(10) + X(1) <=> CH3X(21) -0.450 -0.786 -1.240 -0.183 -0.785
11 CH3OH(14) + 2 X(1) <=> CH3X(21) + HOX(22) -0.006 -0.012 -0.018 -0.010 -0.012
12 CH4(2) + HOX(22) + X(1) <=> CH3X(21) + H2OX(23) -0.001 -0.002 -0.003 -0.001 -0.002
13 H2O(5) + X(1) <=> H2OX(23) -0.000 -0.000 -0.000 -0.000 -0.000
14 H2OX(23) + OX(20) <=> 2 HOX(22) -0.349 -0.609 -0.960 -0.131 -0.608
15 HOX(22) + HX(19) <=> H2OX(23) + X(1) -0.000 -0.000 -0.000 -0.000 -0.000
16 H2(6) + X(1) <=> H2X(49) -0.000 -0.000 -0.000 -0.000 -0.000
17 C2H6(8) + X(1) <=> C2H6X(52) -0.000 -0.000 -0.000 -0.000 -0.000
18 CH3OH(14) + X(1) <=> CH4OX(60) -0.000 -0.000 -0.000 -0.000 -0.000
19 C2H4(47) + X(1) <=> C2H4X(205) -0.000 -0.000 -0.000 -0.000 -0.000
20 C2H4(18) + X(1) <=> C2H4X(65) -0.000 -0.000 -0.000 -0.000 -0.000
21 CO(7) + X(1) <=> OCX(25) -0.000 -0.000 -0.000 0.001 -0.000
22 CH2O(9) + X(1) <=> CH2OX(54) -0.000 -0.000 -0.000 -0.000 -0.000
23 CO(7) + X(1) <=> COX(50) -0.000 -0.000 -0.000 -0.000 -0.000
24 C2H2(308) + X(1) <=> C2H2X(333) -0.000 -0.000 -0.000 -0.000 -0.000
25 CO2(4) + X(1) <=> CO2X(24) -0.000 -0.000 -0.000 -0.000 -0.000
26 CX(26) + OX(20) <=> OCX(25) + X(1) -0.000 -0.000 -0.000 -0.000 -0.000
27 OCX(25) + OX(20) <=> CO2X(24) + X(1) -0.000 -0.000 -0.000 -0.000 -0.000
28 CO2X(24) + HX(19) <=> HOX(22) + OCX(25) -0.000 -0.000 -0.000 0.003 -0.000
29 CH2X(27) + HX(19) <=> CH3X(21) + X(1) -0.000 -0.000 -0.000 -0.003 -0.000
30 CHX(28) + HX(19) <=> CH2X(27) + X(1) -0.000 -0.000 -0.000 -0.000 -0.000
31 CHX(28) + X(1) <=> CX(26) + HX(19) -0.000 -0.000 -0.000 -0.000 -0.000
32 CX(26) + H2(6) <=> CH2X(27) -0.000 -0.000 -0.000 -0.000 -0.000
Finished sensitivity simulation for a C/O ratio of 0.9
Finished translating for C/O ratio of 0.9
Starting sensitivity simulation for a C/O ratio of 1.3
0 CH4(2) + X(1) <=> CH4X(48) -0.000 -0.000 -0.000 -0.000 -0.000
1 O2(3) + 2 X(1) <=> 2 OX(20) -0.000 -0.000 -0.000 -0.000 -0.000
2 H2(6) + 2 X(1) <=> 2 HX(19) 0.000 0.000 0.000 -0.000 0.000
3 H(12) + X(1) <=> HX(19) 0.000 0.000 0.000 0.000 0.000
4 HX(19) + OX(20) <=> HOX(22) + X(1) -0.000 -0.000 -0.000 -0.000 -0.000
5 H2O(5) + 2 X(1) <=> HOX(22) + HX(19) -0.000 -0.000 -0.000 -0.000 -0.000
6 OH(17) + X(1) <=> HOX(22) 0.000 0.000 0.000 0.000 0.000
7 CH4(2) + 2 X(1) <=> CH3X(21) + HX(19) -0.000 -0.000 -0.000 -0.000 -0.000
8 CH4(2) + OX(20) + X(1) <=> CH3X(21) + HOX(22) -0.353 -0.620 -0.975 -0.173 -0.619
9 C2H6(8) + 2 X(1) <=> 2 CH3X(21) -0.005 -0.009 -0.014 0.006 -0.009
10 CH3(10) + X(1) <=> CH3X(21) -0.476 -0.836 -1.316 -0.208 -0.835
11 CH3OH(14) + 2 X(1) <=> CH3X(21) + HOX(22) -0.007 -0.012 -0.019 -0.016 -0.013
12 CH4(2) + HOX(22) + X(1) <=> CH3X(21) + H2OX(23) -0.002 -0.003 -0.004 -0.001 -0.003
13 H2O(5) + X(1) <=> H2OX(23) -0.000 -0.000 -0.000 -0.000 -0.000
14 H2OX(23) + OX(20) <=> 2 HOX(22) -0.369 -0.647 -1.019 -0.151 -0.646
15 HOX(22) + HX(19) <=> H2OX(23) + X(1) -0.000 -0.000 -0.000 -0.000 -0.000
16 H2(6) + X(1) <=> H2X(49) -0.000 -0.000 -0.000 -0.000 -0.000
17 C2H6(8) + X(1) <=> C2H6X(52) -0.000 -0.000 -0.000 -0.000 -0.000
18 CH3OH(14) + X(1) <=> CH4OX(60) -0.000 -0.000 -0.000 -0.000 -0.000
19 C2H4(47) + X(1) <=> C2H4X(205) -0.000 -0.000 -0.000 -0.000 -0.000
20 C2H4(18) + X(1) <=> C2H4X(65) -0.000 -0.000 -0.000 -0.000 -0.000
21 CO(7) + X(1) <=> OCX(25) -0.000 -0.000 -0.000 0.002 -0.000
22 CH2O(9) + X(1) <=> CH2OX(54) -0.000 -0.000 -0.000 -0.000 -0.000
23 CO(7) + X(1) <=> COX(50) -0.000 -0.000 -0.000 -0.000 -0.000
24 C2H2(308) + X(1) <=> C2H2X(333) -0.000 -0.000 -0.000 -0.000 -0.000
25 CO2(4) + X(1) <=> CO2X(24) -0.000 -0.000 -0.000 -0.000 -0.000
26 CX(26) + OX(20) <=> OCX(25) + X(1) -0.000 -0.000 -0.000 -0.000 -0.000
27 OCX(25) + OX(20) <=> CO2X(24) + X(1) -0.000 -0.000 -0.000 -0.000 -0.000
28 CO2X(24) + HX(19) <=> HOX(22) + OCX(25) 0.000 0.000 0.000 0.005 -0.000
29 CH2X(27) + HX(19) <=> CH3X(21) + X(1) -0.000 -0.000 -0.000 -0.005 -0.000
30 CHX(28) + HX(19) <=> CH2X(27) + X(1) -0.000 -0.000 -0.000 -0.000 -0.000
31 CHX(28) + X(1) <=> CX(26) + HX(19) -0.000 -0.000 -0.000 -0.000 -0.000
32 CX(26) + H2(6) <=> CH2X(27) -0.000 -0.000 -0.000 -0.000 -0.000
Finished sensitivity simulation for a C/O ratio of 1.3
Finished translating for C/O ratio of 1.3
Starting sensitivity simulation for a C/O ratio of 1.6
0 CH4(2) + X(1) <=> CH4X(48) -0.000 -0.000 -0.000 -0.000 -0.000
1 O2(3) + 2 X(1) <=> 2 OX(20) -0.000 -0.000 -0.000 -0.000 -0.000
2 H2(6) + 2 X(1) <=> 2 HX(19) 0.000 0.000 0.000 0.000 0.000
3 H(12) + X(1) <=> HX(19) 0.000 0.000 0.000 0.000 0.000
4 HX(19) + OX(20) <=> HOX(22) + X(1) 0.000 -0.000 -0.000 -0.000 -0.000
5 H2O(5) + 2 X(1) <=> HOX(22) + HX(19) -0.000 -0.000 -0.000 -0.000 -0.000
6 OH(17) + X(1) <=> HOX(22) 0.000 0.000 0.000 0.000 0.000
7 CH4(2) + 2 X(1) <=> CH3X(21) + HX(19) -0.000 -0.000 -0.000 -0.000 -0.000
8 CH4(2) + OX(20) + X(1) <=> CH3X(21) + HOX(22) -0.349 -0.619 -0.970 -0.184 -0.618
9 C2H6(8) + 2 X(1) <=> 2 CH3X(21) -0.005 -0.009 -0.015 0.006 -0.009
10 CH3(10) + X(1) <=> CH3X(21) -0.477 -0.847 -1.328 -0.224 -0.846
11 CH3OH(14) + 2 X(1) <=> CH3X(21) + HOX(22) -0.006 -0.012 -0.019 -0.020 -0.013
12 CH4(2) + HOX(22) + X(1) <=> CH3X(21) + H2OX(23) -0.002 -0.003 -0.005 -0.001 -0.003
13 H2O(5) + X(1) <=> H2OX(23) -0.000 -0.000 -0.000 -0.000 -0.000
14 H2OX(23) + OX(20) <=> 2 HOX(22) -0.371 -0.658 -1.031 -0.164 -0.657
15 HOX(22) + HX(19) <=> H2OX(23) + X(1) 0.000 0.000 0.000 0.000 0.000
16 H2(6) + X(1) <=> H2X(49) 0.000 0.000 0.000 0.000 0.000
17 C2H6(8) + X(1) <=> C2H6X(52) -0.000 -0.000 -0.000 -0.000 -0.000
18 CH3OH(14) + X(1) <=> CH4OX(60) -0.000 -0.000 -0.000 -0.000 -0.000
19 C2H4(47) + X(1) <=> C2H4X(205) 0.000 0.000 0.000 0.000 0.000
20 C2H4(18) + X(1) <=> C2H4X(65) 0.000 0.000 0.000 0.000 0.000
21 CO(7) + X(1) <=> OCX(25) 0.000 0.000 0.000 0.002 -0.000
22 CH2O(9) + X(1) <=> CH2OX(54) 0.000 0.000 0.000 0.000 0.000
23 CO(7) + X(1) <=> COX(50) 0.000 0.000 0.000 0.000 0.000
24 C2H2(308) + X(1) <=> C2H2X(333) 0.000 0.000 0.000 0.000 0.000
25 CO2(4) + X(1) <=> CO2X(24) 0.000 0.000 0.000 0.000 0.000
26 CX(26) + OX(20) <=> OCX(25) + X(1) 0.000 0.000 0.000 0.000 0.000
27 OCX(25) + OX(20) <=> CO2X(24) + X(1) 0.000 0.000 0.000 0.000 0.000
28 CO2X(24) + HX(19) <=> HOX(22) + OCX(25) 0.000 0.000 0.000 0.007 0.000
29 CH2X(27) + HX(19) <=> CH3X(21) + X(1) -0.000 -0.000 -0.000 -0.007 -0.000
30 CHX(28) + HX(19) <=> CH2X(27) + X(1) 0.000 0.000 0.000 -0.000 0.000
31 CHX(28) + X(1) <=> CX(26) + HX(19) 0.000 0.000 0.000 0.000 0.000
32 CX(26) + H2(6) <=> CH2X(27) 0.000 0.000 0.000 0.000 0.000
Finished sensitivity simulation for a C/O ratio of 1.6
Finished translating for C/O ratio of 1.6
Starting sensitivity simulation for a C/O ratio of 0.7
0 CH4(2) + X(1) <=> CH4X(48) 0.000 0.000 0.000 0.000 0.000
1 O2(3) + 2 X(1) <=> 2 OX(20) -0.000 -0.000 -0.000 -0.000 -0.000
2 H2(6) + 2 X(1) <=> 2 HX(19) 0.000 0.000 0.000 0.000 0.000
3 H(12) + X(1) <=> HX(19) 0.000 0.000 0.000 0.000 0.000
4 HX(19) + OX(20) <=> HOX(22) + X(1) 0.000 0.000 0.000 0.000 0.000
5 H2O(5) + 2 X(1) <=> HOX(22) + HX(19) -0.000 -0.000 -0.000 -0.000 -0.000
6 OH(17) + X(1) <=> HOX(22) 0.000 0.000 0.000 0.001 0.000
7 CH4(2) + 2 X(1) <=> CH3X(21) + HX(19) -0.000 -0.000 -0.000 -0.000 -0.000
8 CH4(2) + OX(20) + X(1) <=> CH3X(21) + HOX(22) -0.330 -0.581 -0.913 -0.152 -0.579
9 C2H6(8) + 2 X(1) <=> 2 CH3X(21) -0.004 -0.008 -0.012 0.007 -0.008
10 CH3(10) + X(1) <=> CH3X(21) -0.418 -0.734 -1.155 -0.176 -0.732
11 CH3OH(14) + 2 X(1) <=> CH3X(21) + HOX(22) -0.006 -0.011 -0.017 -0.007 -0.011
12 CH4(2) + HOX(22) + X(1) <=> CH3X(21) + H2OX(23) -0.001 -0.002 -0.003 -0.000 -0.002
13 H2O(5) + X(1) <=> H2OX(23) -0.000 -0.000 -0.000 -0.000 -0.000
14 H2OX(23) + OX(20) <=> 2 HOX(22) -0.325 -0.570 -0.897 -0.127 -0.569
15 HOX(22) + HX(19) <=> H2OX(23) + X(1) 0.000 0.000 0.000 0.000 0.000
16 H2(6) + X(1) <=> H2X(49) 0.000 0.000 0.000 0.000 0.000
17 C2H6(8) + X(1) <=> C2H6X(52) -0.000 -0.000 -0.000 -0.000 -0.000
18 CH3OH(14) + X(1) <=> CH4OX(60) -0.000 -0.000 -0.000 0.000 -0.000
19 C2H4(47) + X(1) <=> C2H4X(205) 0.000 0.000 0.000 0.000 0.000
20 C2H4(18) + X(1) <=> C2H4X(65) -0.000 -0.000 -0.000 -0.000 -0.000
21 CO(7) + X(1) <=> OCX(25) 0.000 0.000 0.000 0.001 0.000
22 CH2O(9) + X(1) <=> CH2OX(54) -0.000 -0.000 -0.000 -0.000 -0.000
23 CO(7) + X(1) <=> COX(50) 0.000 -0.000 0.000 0.000 -0.000
24 C2H2(308) + X(1) <=> C2H2X(333) -0.000 -0.000 -0.000 -0.000 -0.000
25 CO2(4) + X(1) <=> CO2X(24) -0.000 -0.000 -0.000 -0.000 -0.000
26 CX(26) + OX(20) <=> OCX(25) + X(1) -0.000 -0.000 -0.000 -0.000 -0.000
27 OCX(25) + OX(20) <=> CO2X(24) + X(1) 0.000 0.000 0.000 0.000 0.000
28 CO2X(24) + HX(19) <=> HOX(22) + OCX(25) 0.000 0.000 0.000 0.002 0.000
29 CH2X(27) + HX(19) <=> CH3X(21) + X(1) -0.000 -0.000 -0.000 -0.002 -0.000
30 CHX(28) + HX(19) <=> CH2X(27) + X(1) -0.000 -0.000 -0.000 -0.000 -0.000
31 CHX(28) + X(1) <=> CX(26) + HX(19) 0.000 0.000 0.000 0.000 0.000
32 CX(26) + H2(6) <=> CH2X(27) -0.000 -0.000 -0.000 0.000 -0.000
Finished sensitivity simulation for a C/O ratio of 0.7
Finished translating for C/O ratio of 0.7
Starting sensitivity simulation for a C/O ratio of 0.8
0 CH4(2) + X(1) <=> CH4X(48) 0.000 0.000 0.000 0.000 0.000
1 O2(3) + 2 X(1) <=> 2 OX(20) -0.000 -0.000 -0.000 -0.000 -0.000
2 H2(6) + 2 X(1) <=> 2 HX(19) 0.000 0.000 0.000 -0.000 0.000
3 H(12) + X(1) <=> HX(19) 0.000 0.000 0.000 0.000 0.000
4 HX(19) + OX(20) <=> HOX(22) + X(1) 0.000 0.000 0.000 -0.000 0.000
5 H2O(5) + 2 X(1) <=> HOX(22) + HX(19) -0.000 -0.000 -0.000 -0.000 -0.000
6 OH(17) + X(1) <=> HOX(22) 0.000 0.000 0.000 0.001 0.000
7 CH4(2) + 2 X(1) <=> CH3X(21) + HX(19) -0.000 -0.000 -0.000 -0.000 -0.000
8 CH4(2) + OX(20) + X(1) <=> CH3X(21) + HOX(22) -0.339 -0.594 -0.935 -0.153 -0.592
9 C2H6(8) + 2 X(1) <=> 2 CH3X(21) -0.005 -0.008 -0.013 0.007 -0.008
10 CH3(10) + X(1) <=> CH3X(21) -0.436 -0.764 -1.203 -0.178 -0.762
11 CH3OH(14) + 2 X(1) <=> CH3X(21) + HOX(22) -0.006 -0.011 -0.017 -0.009 -0.012
12 CH4(2) + HOX(22) + X(1) <=> CH3X(21) + H2OX(23) -0.001 -0.002 -0.003 -0.000 -0.002
13 H2O(5) + X(1) <=> H2OX(23) -0.000 -0.000 -0.000 -0.000 -0.000
14 H2OX(23) + OX(20) <=> 2 HOX(22) -0.338 -0.592 -0.932 -0.128 -0.591
15 HOX(22) + HX(19) <=> H2OX(23) + X(1) 0.000 0.000 0.000 0.000 0.000
16 H2(6) + X(1) <=> H2X(49) 0.000 0.000 0.000 0.000 0.000
17 C2H6(8) + X(1) <=> C2H6X(52) 0.000 0.000 0.000 0.000 0.000
18 CH3OH(14) + X(1) <=> CH4OX(60) 0.000 0.000 0.000 0.000 0.000
19 C2H4(47) + X(1) <=> C2H4X(205) 0.000 0.000 0.000 0.000 0.000
20 C2H4(18) + X(1) <=> C2H4X(65) 0.000 0.000 0.000 0.000 0.000
21 CO(7) + X(1) <=> OCX(25) 0.000 0.000 0.000 0.001 0.000
22 CH2O(9) + X(1) <=> CH2OX(54) 0.000 0.000 0.000 0.000 0.000
23 CO(7) + X(1) <=> COX(50) 0.000 0.000 0.000 0.000 0.000
24 C2H2(308) + X(1) <=> C2H2X(333) 0.000 0.000 0.000 0.000 0.000
25 CO2(4) + X(1) <=> CO2X(24) 0.000 0.000 0.000 0.000 0.000
26 CX(26) + OX(20) <=> OCX(25) + X(1) 0.000 0.000 0.000 0.000 0.000
27 OCX(25) + OX(20) <=> CO2X(24) + X(1) 0.000 0.000 0.000 0.000 0.000
28 CO2X(24) + HX(19) <=> HOX(22) + OCX(25) 0.000 0.000 0.000 0.002 -0.000
29 CH2X(27) + HX(19) <=> CH3X(21) + X(1) -0.000 -0.000 -0.000 -0.002 -0.000
30 CHX(28) + HX(19) <=> CH2X(27) + X(1) 0.000 0.000 0.000 0.000 0.000
31 CHX(28) + X(1) <=> CX(26) + HX(19) 0.000 0.000 0.000 0.000 0.000
32 CX(26) + H2(6) <=> CH2X(27) 0.000 0.000 0.000 0.000 0.000
Finished sensitivity simulation for a C/O ratio of 0.8
Finished translating for C/O ratio of 0.8
Starting sensitivity simulation for a C/O ratio of 2.4
0 CH4(2) + X(1) <=> CH4X(48) 0.000 0.000 0.000 0.000 0.000
1 O2(3) + 2 X(1) <=> 2 OX(20) -0.000 -0.000 -0.000 -0.000 -0.000
2 H2(6) + 2 X(1) <=> 2 HX(19) 0.000 0.000 0.000 0.000 0.000
3 H(12) + X(1) <=> HX(19) 0.000 0.000 0.000 0.000 0.000
4 HX(19) + OX(20) <=> HOX(22) + X(1) 0.000 0.000 0.000 -0.000 0.000
5 H2O(5) + 2 X(1) <=> HOX(22) + HX(19) -0.000 -0.000 -0.000 -0.000 -0.000
6 OH(17) + X(1) <=> HOX(22) 0.000 0.000 0.000 0.000 0.000
7 CH4(2) + 2 X(1) <=> CH3X(21) + HX(19) -0.000 -0.000 -0.000 -0.000 -0.000
8 CH4(2) + OX(20) + X(1) <=> CH3X(21) + HOX(22) -0.325 -0.597 -0.924 -0.200 -0.597
9 C2H6(8) + 2 X(1) <=> 2 CH3X(21) -0.005 -0.009 -0.015 0.006 -0.009
10 CH3(10) + X(1) <=> CH3X(21) -0.454 -0.835 -1.293 -0.245 -0.834
11 CH3OH(14) + 2 X(1) <=> CH3X(21) + HOX(22) -0.006 -0.011 -0.017 -0.029 -0.012
12 CH4(2) + HOX(22) + X(1) <=> CH3X(21) + H2OX(23) -0.002 -0.004 -0.006 -0.001 -0.004
13 H2O(5) + X(1) <=> H2OX(23) -0.000 -0.000 -0.000 -0.000 -0.000
14 H2OX(23) + OX(20) <=> 2 HOX(22) -0.358 -0.658 -1.018 -0.188 -0.657
15 HOX(22) + HX(19) <=> H2OX(23) + X(1) 0.000 0.000 0.000 0.000 0.000
16 H2(6) + X(1) <=> H2X(49) 0.000 0.000 0.000 0.000 0.000
17 C2H6(8) + X(1) <=> C2H6X(52) 0.000 0.000 0.000 0.000 0.000
18 CH3OH(14) + X(1) <=> CH4OX(60) 0.000 0.000 0.000 0.000 0.000
19 C2H4(47) + X(1) <=> C2H4X(205) 0.000 0.000 0.000 0.000 0.000
20 C2H4(18) + X(1) <=> C2H4X(65) 0.000 0.000 0.000 0.000 0.000
21 CO(7) + X(1) <=> OCX(25) 0.000 0.000 0.000 0.002 0.000
22 CH2O(9) + X(1) <=> CH2OX(54) 0.000 0.000 0.000 0.000 0.000
23 CO(7) + X(1) <=> COX(50) 0.000 0.000 0.000 0.000 0.000
24 C2H2(308) + X(1) <=> C2H2X(333) 0.000 0.000 0.000 0.000 0.000
25 CO2(4) + X(1) <=> CO2X(24) 0.000 0.000 0.000 0.000 0.000
26 CX(26) + OX(20) <=> OCX(25) + X(1) 0.000 0.000 0.000 0.000 0.000
27 OCX(25) + OX(20) <=> CO2X(24) + X(1) 0.000 0.000 0.000 0.000 0.000
28 CO2X(24) + HX(19) <=> HOX(22) + OCX(25) 0.000 0.000 0.000 0.014 0.000
29 CH2X(27) + HX(19) <=> CH3X(21) + X(1) -0.000 -0.000 -0.000 -0.014 -0.000
30 CHX(28) + HX(19) <=> CH2X(27) + X(1) 0.000 0.000 0.000 -0.000 0.000
31 CHX(28) + X(1) <=> CX(26) + HX(19) 0.000 0.000 0.000 0.000 0.000
32 CX(26) + H2(6) <=> CH2X(27) 0.000 0.000 0.000 0.000 0.000
Finished sensitivity simulation for a C/O ratio of 2.4
Finished translating for C/O ratio of 2.4
Starting sensitivity simulation for a C/O ratio of 2.2
0 CH4(2) + X(1) <=> CH4X(48) 0.000 0.000 0.000 0.000 0.000
1 O2(3) + 2 X(1) <=> 2 OX(20) -0.000 -0.000 -0.000 -0.000 -0.000
2 H2(6) + 2 X(1) <=> 2 HX(19) 0.000 0.000 0.000 0.000 0.000
3 H(12) + X(1) <=> HX(19) 0.000 0.000 0.000 0.000 0.000
4 HX(19) + OX(20) <=> HOX(22) + X(1) 0.000 0.000 0.000 0.000 0.000
5 H2O(5) + 2 X(1) <=> HOX(22) + HX(19) 0.000 -0.000 -0.000 -0.000 -0.000
6 OH(17) + X(1) <=> HOX(22) 0.000 0.000 0.000 0.000 0.000
7 CH4(2) + 2 X(1) <=> CH3X(21) + HX(19) -0.000 -0.000 -0.000 -0.000 -0.000
8 CH4(2) + OX(20) + X(1) <=> CH3X(21) + HOX(22) -0.331 -0.604 -0.937 -0.197 -0.603
9 C2H6(8) + 2 X(1) <=> 2 CH3X(21) -0.005 -0.009 -0.015 0.006 -0.009
10 CH3(10) + X(1) <=> CH3X(21) -0.462 -0.841 -1.306 -0.242 -0.840
11 CH3OH(14) + 2 X(1) <=> CH3X(21) + HOX(22) -0.006 -0.012 -0.018 -0.027 -0.012
12 CH4(2) + HOX(22) + X(1) <=> CH3X(21) + H2OX(23) -0.002 -0.003 -0.005 -0.001 -0.003
13 H2O(5) + X(1) <=> H2OX(23) -0.000 -0.000 -0.000 -0.000 -0.000
14 H2OX(23) + OX(20) <=> 2 HOX(22) -0.362 -0.660 -1.024 -0.184 -0.659
15 HOX(22) + HX(19) <=> H2OX(23) + X(1) 0.000 0.000 0.000 0.000 0.000
16 H2(6) + X(1) <=> H2X(49) 0.000 0.000 0.000 0.000 0.000
17 C2H6(8) + X(1) <=> C2H6X(52) 0.000 0.000 0.000 0.000 0.000
18 CH3OH(14) + X(1) <=> CH4OX(60) 0.000 0.000 0.000 0.000 0.000
19 C2H4(47) + X(1) <=> C2H4X(205) 0.000 0.000 0.000 0.000 0.000
20 C2H4(18) + X(1) <=> C2H4X(65) 0.000 0.000 0.000 0.000 0.000
21 CO(7) + X(1) <=> OCX(25) 0.000 0.000 0.000 0.002 0.000
22 CH2O(9) + X(1) <=> CH2OX(54) 0.000 0.000 0.000 0.000 0.000
23 CO(7) + X(1) <=> COX(50) 0.000 0.000 0.000 0.000 0.000
24 C2H2(308) + X(1) <=> C2H2X(333) 0.000 0.000 0.000 0.000 0.000
25 CO2(4) + X(1) <=> CO2X(24) 0.000 0.000 0.000 0.000 0.000
26 CX(26) + OX(20) <=> OCX(25) + X(1) 0.000 0.000 0.000 0.000 0.000
27 OCX(25) + OX(20) <=> CO2X(24) + X(1) 0.000 0.000 0.000 0.000 0.000
28 CO2X(24) + HX(19) <=> HOX(22) + OCX(25) 0.000 0.000 0.000 0.012 0.000
29 CH2X(27) + HX(19) <=> CH3X(21) + X(1) -0.000 -0.000 -0.000 -0.012 -0.000
30 CHX(28) + HX(19) <=> CH2X(27) + X(1) 0.000 0.000 0.000 0.000 0.000
31 CHX(28) + X(1) <=> CX(26) + HX(19) 0.000 0.000 0.000 0.000 0.000
32 CX(26) + H2(6) <=> CH2X(27) 0.000 0.000 0.000 0.000 0.000
Finished sensitivity simulation for a C/O ratio of 2.2
Finished translating for C/O ratio of 2.2
Starting sensitivity simulation for a C/O ratio of 1.1
0 CH4(2) + X(1) <=> CH4X(48) 0.000 0.000 0.000 0.000 0.000
1 O2(3) + 2 X(1) <=> 2 OX(20) -0.000 -0.000 -0.000 -0.000 -0.000
2 H2(6) + 2 X(1) <=> 2 HX(19) 0.000 0.000 0.000 0.000 0.000
3 H(12) + X(1) <=> HX(19) 0.000 0.000 0.000 0.000 0.000
4 HX(19) + OX(20) <=> HOX(22) + X(1) 0.000 0.000 0.000 0.000 0.000
5 H2O(5) + 2 X(1) <=> HOX(22) + HX(19) 0.000 -0.000 0.000 -0.000 -0.000
6 OH(17) + X(1) <=> HOX(22) 0.000 0.000 0.000 0.000 0.000
7 CH4(2) + 2 X(1) <=> CH3X(21) + HX(19) -0.000 -0.000 -0.000 -0.000 -0.000
8 CH4(2) + OX(20) + X(1) <=> CH3X(21) + HOX(22) -0.352 -0.615 -0.969 -0.165 -0.614
9 C2H6(8) + 2 X(1) <=> 2 CH3X(21) -0.005 -0.009 -0.014 0.007 -0.009
10 CH3(10) + X(1) <=> CH3X(21) -0.468 -0.818 -1.290 -0.196 -0.817
11 CH3OH(14) + 2 X(1) <=> CH3X(21) + HOX(22) -0.007 -0.012 -0.019 -0.013 -0.013
12 CH4(2) + HOX(22) + X(1) <=> CH3X(21) + H2OX(23) -0.001 -0.002 -0.004 -0.001 -0.002
13 H2O(5) + X(1) <=> H2OX(23) -0.000 -0.000 -0.000 -0.000 -0.000
14 H2OX(23) + OX(20) <=> 2 HOX(22) -0.362 -0.633 -0.998 -0.141 -0.632
15 HOX(22) + HX(19) <=> H2OX(23) + X(1) 0.000 0.000 0.000 0.000 0.000
16 H2(6) + X(1) <=> H2X(49) 0.000 0.000 0.000 0.000 0.000
17 C2H6(8) + X(1) <=> C2H6X(52) 0.000 0.000 0.000 0.000 0.000
18 CH3OH(14) + X(1) <=> CH4OX(60) 0.000 0.000 0.000 0.000 0.000
19 C2H4(47) + X(1) <=> C2H4X(205) 0.000 0.000 0.000 0.000 0.000
20 C2H4(18) + X(1) <=> C2H4X(65) 0.000 0.000 0.000 0.000 0.000
21 CO(7) + X(1) <=> OCX(25) 0.000 0.000 0.000 0.001 0.000
22 CH2O(9) + X(1) <=> CH2OX(54) 0.000 0.000 0.000 0.000 0.000
23 CO(7) + X(1) <=> COX(50) 0.000 0.000 0.000 0.000 0.000
24 C2H2(308) + X(1) <=> C2H2X(333) 0.000 0.000 0.000 0.000 0.000
25 CO2(4) + X(1) <=> CO2X(24) 0.000 0.000 0.000 0.000 0.000
26 CX(26) + OX(20) <=> OCX(25) + X(1) 0.000 0.000 0.000 0.000 0.000
27 OCX(25) + OX(20) <=> CO2X(24) + X(1) 0.000 0.000 0.000 0.000 0.000
28 CO2X(24) + HX(19) <=> HOX(22) + OCX(25) 0.000 0.000 0.000 0.004 0.000
29 CH2X(27) + HX(19) <=> CH3X(21) + X(1) -0.000 -0.000 -0.000 -0.004 -0.000
30 CHX(28) + HX(19) <=> CH2X(27) + X(1) 0.000 0.000 0.000 0.000 0.000
31 CHX(28) + X(1) <=> CX(26) + HX(19) 0.000 0.000 0.000 0.000 0.000
32 CX(26) + H2(6) <=> CH2X(27) 0.000 0.000 0.000 0.000 0.000
Finished sensitivity simulation for a C/O ratio of 1.1
Finished translating for C/O ratio of 1.1
Starting sensitivity simulation for a C/O ratio of 1.8
0 CH4(2) + X(1) <=> CH4X(48) 0.000 0.000 0.000 0.000 0.000
1 O2(3) + 2 X(1) <=> 2 OX(20) -0.000 -0.000 -0.000 -0.000 -0.000
2 H2(6) + 2 X(1) <=> 2 HX(19) 0.000 0.000 0.000 0.000 0.000
3 H(12) + X(1) <=> HX(19) 0.000 0.000 0.000 0.000 0.000
4 HX(19) + OX(20) <=> HOX(22) + X(1) -0.000 -0.000 -0.000 -0.000 -0.000
5 H2O(5) + 2 X(1) <=> HOX(22) + HX(19) -0.000 -0.000 -0.000 -0.000 -0.000
6 OH(17) + X(1) <=> HOX(22) 0.000 0.000 0.000 0.000 0.000
7 CH4(2) + 2 X(1) <=> CH3X(21) + HX(19) -0.000 -0.000 -0.000 -0.000 -0.000
8 CH4(2) + OX(20) + X(1) <=> CH3X(21) + HOX(22) -0.344 -0.615 -0.961 -0.190 -0.614
9 C2H6(8) + 2 X(1) <=> 2 CH3X(21) -0.005 -0.009 -0.015 0.006 -0.009
10 CH3(10) + X(1) <=> CH3X(21) -0.474 -0.848 -1.325 -0.231 -0.847
11 CH3OH(14) + 2 X(1) <=> CH3X(21) + HOX(22) -0.006 -0.012 -0.018 -0.023 -0.013
12 CH4(2) + HOX(22) + X(1) <=> CH3X(21) + H2OX(23) -0.002 -0.003 -0.005 -0.001 -0.003
13 H2O(5) + X(1) <=> H2OX(23) -0.000 -0.000 -0.000 -0.000 -0.000
14 H2OX(23) + OX(20) <=> 2 HOX(22) -0.369 -0.661 -1.032 -0.172 -0.660
15 HOX(22) + HX(19) <=> H2OX(23) + X(1) 0.000 0.000 0.000 0.000 0.000
16 H2(6) + X(1) <=> H2X(49) 0.000 0.000 0.000 0.000 0.000
17 C2H6(8) + X(1) <=> C2H6X(52) -0.000 -0.000 -0.000 -0.000 -0.000
18 CH3OH(14) + X(1) <=> CH4OX(60) -0.000 -0.000 -0.000 -0.000 -0.000
19 C2H4(47) + X(1) <=> C2H4X(205) -0.000 -0.000 -0.000 -0.000 -0.000
20 C2H4(18) + X(1) <=> C2H4X(65) -0.000 -0.000 -0.000 -0.000 -0.000
21 CO(7) + X(1) <=> OCX(25) 0.000 0.000 0.000 0.002 0.000
22 CH2O(9) + X(1) <=> CH2OX(54) -0.000 -0.000 -0.000 -0.000 -0.000
23 CO(7) + X(1) <=> COX(50) -0.000 -0.000 -0.000 -0.000 -0.000
24 C2H2(308) + X(1) <=> C2H2X(333) 0.000 0.000 0.000 0.000 0.000
25 CO2(4) + X(1) <=> CO2X(24) 0.000 0.000 0.000 0.000 0.000
26 CX(26) + OX(20) <=> OCX(25) + X(1) 0.000 0.000 0.000 0.000 0.000
27 OCX(25) + OX(20) <=> CO2X(24) + X(1) 0.000 0.000 0.000 0.000 0.000
28 CO2X(24) + HX(19) <=> HOX(22) + OCX(25) 0.000 0.000 0.000 0.009 0.000
29 CH2X(27) + HX(19) <=> CH3X(21) + X(1) -0.000 -0.000 -0.000 -0.009 -0.000
30 CHX(28) + HX(19) <=> CH2X(27) + X(1) -0.000 -0.000 -0.000 -0.000 -0.000
31 CHX(28) + X(1) <=> CX(26) + HX(19) 0.000 0.000 0.000 0.000 0.000
32 CX(26) + H2(6) <=> CH2X(27) 0.000 0.000 0.000 0.000 0.000
Finished sensitivity simulation for a C/O ratio of 1.8
Finished translating for C/O ratio of 1.8
Starting sensitivity simulation for a C/O ratio of 1.2
0 CH4(2) + X(1) <=> CH4X(48) 0.000 0.000 0.000 0.000 0.000
1 O2(3) + 2 X(1) <=> 2 OX(20) -0.000 -0.000 -0.000 -0.000 -0.000
2 H2(6) + 2 X(1) <=> 2 HX(19) 0.000 0.000 0.000 0.000 0.000
3 H(12) + X(1) <=> HX(19) 0.000 0.000 0.000 0.000 0.000
4 HX(19) + OX(20) <=> HOX(22) + X(1) -0.000 -0.000 -0.000 -0.000 -0.000
5 H2O(5) + 2 X(1) <=> HOX(22) + HX(19) -0.000 -0.000 -0.000 -0.000 -0.000
6 OH(17) + X(1) <=> HOX(22) 0.000 0.000 0.000 0.000 0.000
7 CH4(2) + 2 X(1) <=> CH3X(21) + HX(19) -0.000 -0.000 -0.000 -0.000 -0.000
8 CH4(2) + OX(20) + X(1) <=> CH3X(21) + HOX(22) -0.353 -0.618 -0.973 -0.169 -0.617
9 C2H6(8) + 2 X(1) <=> 2 CH3X(21) -0.005 -0.009 -0.014 0.007 -0.009
10 CH3(10) + X(1) <=> CH3X(21) -0.473 -0.828 -1.305 -0.202 -0.827
11 CH3OH(14) + 2 X(1) <=> CH3X(21) + HOX(22) -0.007 -0.012 -0.019 -0.015 -0.013
12 CH4(2) + HOX(22) + X(1) <=> CH3X(21) + H2OX(23) -0.001 -0.003 -0.004 -0.001 -0.003
13 H2O(5) + X(1) <=> H2OX(23) -0.000 -0.000 -0.000 -0.000 -0.000
14 H2OX(23) + OX(20) <=> 2 HOX(22) -0.366 -0.641 -1.010 -0.146 -0.640
15 HOX(22) + HX(19) <=> H2OX(23) + X(1) 0.000 0.000 0.000 0.000 0.000
16 H2(6) + X(1) <=> H2X(49) -0.000 -0.000 -0.000 -0.000 -0.000
17 C2H6(8) + X(1) <=> C2H6X(52) -0.000 -0.000 -0.000 -0.000 -0.000
18 CH3OH(14) + X(1) <=> CH4OX(60) 0.000 0.000 0.000 0.000 0.000
19 C2H4(47) + X(1) <=> C2H4X(205) 0.000 0.000 0.000 0.000 0.000
20 C2H4(18) + X(1) <=> C2H4X(65) 0.000 0.000 0.000 0.000 0.000
21 CO(7) + X(1) <=> OCX(25) -0.000 -0.000 -0.000 0.002 -0.000
22 CH2O(9) + X(1) <=> CH2OX(54) -0.000 -0.000 -0.000 -0.000 -0.000
23 CO(7) + X(1) <=> COX(50) -0.000 -0.000 -0.000 -0.000 -0.000
24 C2H2(308) + X(1) <=> C2H2X(333) 0.000 0.000 0.000 0.000 0.000
25 CO2(4) + X(1) <=> CO2X(24) -0.000 -0.000 -0.000 -0.000 -0.000
26 CX(26) + OX(20) <=> OCX(25) + X(1) -0.000 -0.000 -0.000 -0.000 -0.000
27 OCX(25) + OX(20) <=> CO2X(24) + X(1) 0.000 0.000 0.000 0.000 0.000
28 CO2X(24) + HX(19) <=> HOX(22) + OCX(25) 0.000 0.000 0.000 0.005 -0.000
29 CH2X(27) + HX(19) <=> CH3X(21) + X(1) -0.000 -0.000 -0.000 -0.004 -0.000
30 CHX(28) + HX(19) <=> CH2X(27) + X(1) -0.000 -0.000 -0.000 -0.000 -0.000
31 CHX(28) + X(1) <=> CX(26) + HX(19) 0.000 0.000 0.000 0.000 0.000
32 CX(26) + H2(6) <=> CH2X(27) -0.000 -0.000 -0.000 0.000 -0.000
Finished sensitivity simulation for a C/O ratio of 1.2
Finished translating for C/O ratio of 1.2
Starting sensitivity simulation for a C/O ratio of 2.0
0 CH4(2) + X(1) <=> CH4X(48) -0.000 -0.000 -0.000 -0.000 -0.000
1 O2(3) + 2 X(1) <=> 2 OX(20) -0.000 -0.000 -0.000 -0.000 -0.000
2 H2(6) + 2 X(1) <=> 2 HX(19) 0.000 0.000 0.000 -0.000 0.000
3 H(12) + X(1) <=> HX(19) 0.000 0.000 0.000 0.000 0.000
4 HX(19) + OX(20) <=> HOX(22) + X(1) -0.000 -0.000 -0.000 -0.000 -0.000
5 H2O(5) + 2 X(1) <=> HOX(22) + HX(19) -0.000 -0.000 -0.000 -0.000 -0.000
6 OH(17) + X(1) <=> HOX(22) -0.000 0.000 -0.000 0.000 0.000
7 CH4(2) + 2 X(1) <=> CH3X(21) + HX(19) -0.000 -0.000 -0.000 -0.000 -0.000
8 CH4(2) + OX(20) + X(1) <=> CH3X(21) + HOX(22) -0.338 -0.610 -0.949 -0.194 -0.609
9 C2H6(8) + 2 X(1) <=> 2 CH3X(21) -0.005 -0.009 -0.015 0.006 -0.009
10 CH3(10) + X(1) <=> CH3X(21) -0.468 -0.845 -1.317 -0.237 -0.844
11 CH3OH(14) + 2 X(1) <=> CH3X(21) + HOX(22) -0.006 -0.012 -0.018 -0.025 -0.013
12 CH4(2) + HOX(22) + X(1) <=> CH3X(21) + H2OX(23) -0.002 -0.003 -0.005 -0.001 -0.003
13 H2O(5) + X(1) <=> H2OX(23) -0.000 -0.000 -0.000 -0.000 -0.000
14 H2OX(23) + OX(20) <=> 2 HOX(22) -0.366 -0.661 -1.029 -0.178 -0.660
15 HOX(22) + HX(19) <=> H2OX(23) + X(1) -0.000 -0.000 -0.000 -0.000 -0.000
16 H2(6) + X(1) <=> H2X(49) -0.000 -0.000 -0.000 -0.000 -0.000
17 C2H6(8) + X(1) <=> C2H6X(52) -0.000 -0.000 -0.000 -0.000 -0.000
18 CH3OH(14) + X(1) <=> CH4OX(60) -0.000 -0.000 -0.000 -0.000 -0.000
19 C2H4(47) + X(1) <=> C2H4X(205) -0.000 -0.000 -0.000 -0.000 -0.000
20 C2H4(18) + X(1) <=> C2H4X(65) -0.000 -0.000 -0.000 -0.000 -0.000
21 CO(7) + X(1) <=> OCX(25) -0.000 -0.000 -0.000 0.002 -0.000
22 CH2O(9) + X(1) <=> CH2OX(54) -0.000 -0.000 -0.000 -0.000 -0.000
23 CO(7) + X(1) <=> COX(50) -0.000 -0.000 -0.000 -0.000 -0.000
24 C2H2(308) + X(1) <=> C2H2X(333) -0.000 -0.000 -0.000 -0.000 -0.000
25 CO2(4) + X(1) <=> CO2X(24) -0.000 -0.000 -0.000 -0.000 -0.000
26 CX(26) + OX(20) <=> OCX(25) + X(1) -0.000 -0.000 -0.000 -0.000 -0.000
27 OCX(25) + OX(20) <=> CO2X(24) + X(1) -0.000 -0.000 -0.000 -0.000 -0.000
28 CO2X(24) + HX(19) <=> HOX(22) + OCX(25) -0.000 -0.000 -0.000 0.011 -0.000
29 CH2X(27) + HX(19) <=> CH3X(21) + X(1) -0.000 -0.000 -0.000 -0.010 -0.000
30 CHX(28) + HX(19) <=> CH2X(27) + X(1) -0.000 -0.000 -0.000 -0.000 -0.000
31 CHX(28) + X(1) <=> CX(26) + HX(19) -0.000 -0.000 -0.000 -0.000 -0.000
32 CX(26) + H2(6) <=> CH2X(27) -0.000 -0.000 -0.000 -0.000 -0.000
Finished sensitivity simulation for a C/O ratio of 2.0
Finished translating for C/O ratio of 2.0
Starting sensitivity simulation for a C/O ratio of 1.4
0 CH4(2) + X(1) <=> CH4X(48) -0.000 -0.000 -0.000 -0.000 -0.000
1 O2(3) + 2 X(1) <=> 2 OX(20) -0.000 -0.000 -0.000 -0.000 -0.000
2 H2(6) + 2 X(1) <=> 2 HX(19) 0.000 0.000 0.000 -0.000 0.000
3 H(12) + X(1) <=> HX(19) 0.000 0.000 0.000 0.000 0.000
4 HX(19) + OX(20) <=> HOX(22) + X(1) -0.000 -0.000 -0.000 -0.000 -0.000
5 H2O(5) + 2 X(1) <=> HOX(22) + HX(19) -0.000 -0.000 -0.000 -0.000 -0.000
6 OH(17) + X(1) <=> HOX(22) 0.000 0.000 0.000 0.000 0.000
7 CH4(2) + 2 X(1) <=> CH3X(21) + HX(19) -0.000 -0.000 -0.000 -0.000 -0.000
8 CH4(2) + OX(20) + X(1) <=> CH3X(21) + HOX(22) -0.352 -0.620 -0.975 -0.177 -0.620
9 C2H6(8) + 2 X(1) <=> 2 CH3X(21) -0.005 -0.009 -0.014 0.006 -0.009
10 CH3(10) + X(1) <=> CH3X(21) -0.478 -0.841 -1.323 -0.214 -0.840
11 CH3OH(14) + 2 X(1) <=> CH3X(21) + HOX(22) -0.007 -0.012 -0.019 -0.018 -0.013
12 CH4(2) + HOX(22) + X(1) <=> CH3X(21) + H2OX(23) -0.002 -0.003 -0.004 -0.001 -0.003
13 H2O(5) + X(1) <=> H2OX(23) -0.000 -0.000 -0.000 -0.000 -0.000
14 H2OX(23) + OX(20) <=> 2 HOX(22) -0.370 -0.652 -1.025 -0.156 -0.651
15 HOX(22) + HX(19) <=> H2OX(23) + X(1) -0.000 -0.000 -0.000 -0.000 -0.000
16 H2(6) + X(1) <=> H2X(49) -0.000 -0.000 -0.000 -0.000 -0.000
17 C2H6(8) + X(1) <=> C2H6X(52) -0.000 -0.000 -0.000 -0.000 -0.000
18 CH3OH(14) + X(1) <=> CH4OX(60) -0.000 -0.000 -0.000 -0.000 -0.000
19 C2H4(47) + X(1) <=> C2H4X(205) -0.000 -0.000 -0.000 -0.000 -0.000
20 C2H4(18) + X(1) <=> C2H4X(65) -0.000 -0.000 -0.000 -0.000 -0.000
21 CO(7) + X(1) <=> OCX(25) -0.000 -0.000 -0.000 0.002 -0.000
22 CH2O(9) + X(1) <=> CH2OX(54) -0.000 -0.000 -0.000 -0.000 -0.000
23 CO(7) + X(1) <=> COX(50) -0.000 -0.000 -0.000 -0.000 -0.000
24 C2H2(308) + X(1) <=> C2H2X(333) -0.000 -0.000 -0.000 -0.000 -0.000
25 CO2(4) + X(1) <=> CO2X(24) -0.000 -0.000 -0.000 -0.000 -0.000
26 CX(26) + OX(20) <=> OCX(25) + X(1) -0.000 -0.000 -0.000 -0.000 -0.000
27 OCX(25) + OX(20) <=> CO2X(24) + X(1) -0.000 -0.000 -0.000 -0.000 -0.000
28 CO2X(24) + HX(19) <=> HOX(22) + OCX(25) 0.000 0.000 0.000 0.006 -0.000
29 CH2X(27) + HX(19) <=> CH3X(21) + X(1) -0.000 -0.000 -0.000 -0.006 -0.000
30 CHX(28) + HX(19) <=> CH2X(27) + X(1) -0.000 -0.000 -0.000 -0.000 -0.000
31 CHX(28) + X(1) <=> CX(26) + HX(19) -0.000 -0.000 -0.000 -0.000 -0.000
32 CX(26) + H2(6) <=> CH2X(27) -0.000 -0.000 -0.000 -0.000 -0.000
Finished sensitivity simulation for a C/O ratio of 1.4
Finished translating for C/O ratio of 1.4
Starting sensitivity simulation for a C/O ratio of 1.0
0 CH4(2) + X(1) <=> CH4X(48) -0.000 -0.000 -0.000 -0.000 -0.000
1 O2(3) + 2 X(1) <=> 2 OX(20) -0.000 -0.000 -0.000 -0.000 -0.000
2 H2(6) + 2 X(1) <=> 2 HX(19) 0.000 0.000 0.000 -0.000 0.000
3 H(12) + X(1) <=> HX(19) 0.000 0.000 0.000 0.000 0.000
4 HX(19) + OX(20) <=> HOX(22) + X(1) -0.000 -0.000 -0.000 -0.000 -0.000
5 H2O(5) + 2 X(1) <=> HOX(22) + HX(19) -0.000 -0.000 -0.000 -0.000 -0.000
6 OH(17) + X(1) <=> HOX(22) 0.000 0.000 0.000 0.001 0.000
7 CH4(2) + 2 X(1) <=> CH3X(21) + HX(19) -0.000 -0.000 -0.000 -0.000 -0.000
8 CH4(2) + OX(20) + X(1) <=> CH3X(21) + HOX(22) -0.350 -0.610 -0.962 -0.160 -0.609
9 C2H6(8) + 2 X(1) <=> 2 CH3X(21) -0.005 -0.009 -0.014 0.007 -0.009
10 CH3(10) + X(1) <=> CH3X(21) -0.461 -0.804 -1.269 -0.189 -0.803
11 CH3OH(14) + 2 X(1) <=> CH3X(21) + HOX(22) -0.006 -0.012 -0.018 -0.012 -0.012
12 CH4(2) + HOX(22) + X(1) <=> CH3X(21) + H2OX(23) -0.001 -0.002 -0.004 -0.001 -0.002
13 H2O(5) + X(1) <=> H2OX(23) -0.000 -0.000 -0.000 -0.000 -0.000
14 H2OX(23) + OX(20) <=> 2 HOX(22) -0.357 -0.622 -0.981 -0.136 -0.621
15 HOX(22) + HX(19) <=> H2OX(23) + X(1) -0.000 -0.000 -0.000 -0.000 -0.000
16 H2(6) + X(1) <=> H2X(49) -0.000 -0.000 -0.000 -0.000 -0.000
17 C2H6(8) + X(1) <=> C2H6X(52) -0.000 -0.000 -0.000 -0.000 -0.000
18 CH3OH(14) + X(1) <=> CH4OX(60) -0.000 -0.000 -0.000 -0.000 -0.000
19 C2H4(47) + X(1) <=> C2H4X(205) -0.000 -0.000 -0.000 -0.000 -0.000
20 C2H4(18) + X(1) <=> C2H4X(65) -0.000 -0.000 -0.000 -0.000 -0.000
21 CO(7) + X(1) <=> OCX(25) 0.000 0.000 0.000 0.001 -0.000
22 CH2O(9) + X(1) <=> CH2OX(54) -0.000 -0.000 -0.000 -0.000 -0.000
23 CO(7) + X(1) <=> COX(50) 0.000 -0.000 -0.000 0.000 -0.000
24 C2H2(308) + X(1) <=> C2H2X(333) -0.000 -0.000 -0.000 -0.000 -0.000
25 CO2(4) + X(1) <=> CO2X(24) -0.000 -0.000 -0.000 -0.000 -0.000
26 CX(26) + OX(20) <=> OCX(25) + X(1) -0.000 -0.000 -0.000 -0.000 -0.000
27 OCX(25) + OX(20) <=> CO2X(24) + X(1) -0.000 -0.000 -0.000 -0.000 -0.000
28 CO2X(24) + HX(19) <=> HOX(22) + OCX(25) 0.000 0.000 0.000 0.003 -0.000
29 CH2X(27) + HX(19) <=> CH3X(21) + X(1) -0.000 -0.000 -0.000 -0.003 -0.000
30 CHX(28) + HX(19) <=> CH2X(27) + X(1) -0.000 -0.000 -0.000 -0.000 -0.000
31 CHX(28) + X(1) <=> CX(26) + HX(19) -0.000 -0.000 -0.000 -0.000 -0.000
32 CX(26) + H2(6) <=> CH2X(27) -0.000 -0.000 -0.000 -0.000 -0.000
Finished sensitivity simulation for a C/O ratio of 1.0
Finished translating for C/O ratio of 1.0
Starting sensitivity simulation for a C/O ratio of 2.6
0 CH4(2) + X(1) <=> CH4X(48) -0.000 0.000 -0.000 -0.000 0.000
1 O2(3) + 2 X(1) <=> 2 OX(20) -0.000 -0.000 -0.001 -0.000 -0.000
2 H2(6) + 2 X(1) <=> 2 HX(19) 0.000 0.000 0.000 0.000 0.000
3 H(12) + X(1) <=> HX(19) 0.000 0.000 0.000 0.000 0.000
4 HX(19) + OX(20) <=> HOX(22) + X(1) -0.000 -0.000 -0.000 -0.000 -0.000
5 H2O(5) + 2 X(1) <=> HOX(22) + HX(19) -0.000 -0.000 -0.000 -0.000 -0.000
6 OH(17) + X(1) <=> HOX(22) 0.000 0.000 0.000 0.000 0.000
7 CH4(2) + 2 X(1) <=> CH3X(21) + HX(19) -0.000 -0.000 -0.000 -0.000 -0.000
8 CH4(2) + OX(20) + X(1) <=> CH3X(21) + HOX(22) -0.318 -0.590 -0.910 -0.202 -0.590
9 C2H6(8) + 2 X(1) <=> 2 CH3X(21) -0.005 -0.009 -0.015 0.006 -0.009
10 CH3(10) + X(1) <=> CH3X(21) -0.447 -0.828 -1.279 -0.248 -0.827
11 CH3OH(14) + 2 X(1) <=> CH3X(21) + HOX(22) -0.005 -0.011 -0.017 -0.031 -0.012
12 CH4(2) + HOX(22) + X(1) <=> CH3X(21) + H2OX(23) -0.002 -0.004 -0.006 -0.001 -0.004
13 H2O(5) + X(1) <=> H2OX(23) -0.000 -0.000 -0.000 -0.000 -0.000
14 H2OX(23) + OX(20) <=> 2 HOX(22) -0.353 -0.655 -1.010 -0.193 -0.654
15 HOX(22) + HX(19) <=> H2OX(23) + X(1) -0.000 0.000 0.000 0.000 0.000
16 H2(6) + X(1) <=> H2X(49) -0.000 0.000 0.000 -0.000 0.000
17 C2H6(8) + X(1) <=> C2H6X(52) -0.000 -0.000 -0.000 -0.000 -0.000
18 CH3OH(14) + X(1) <=> CH4OX(60) -0.000 0.000 0.000 0.000 0.000
19 C2H4(47) + X(1) <=> C2H4X(205) 0.000 0.000 0.000 0.000 0.000
20 C2H4(18) + X(1) <=> C2H4X(65) 0.000 0.000 0.000 0.000 0.000
21 CO(7) + X(1) <=> OCX(25) 0.000 0.000 0.000 0.002 0.000
22 CH2O(9) + X(1) <=> CH2OX(54) 0.000 0.000 0.000 0.000 0.000
23 CO(7) + X(1) <=> COX(50) 0.000 0.000 0.000 0.000 0.000
24 C2H2(308) + X(1) <=> C2H2X(333) 0.000 0.000 0.000 0.000 0.000
25 CO2(4) + X(1) <=> CO2X(24) -0.000 0.000 -0.000 -0.000 0.000
26 CX(26) + OX(20) <=> OCX(25) + X(1) -0.000 0.000 -0.000 -0.000 0.000
27 OCX(25) + OX(20) <=> CO2X(24) + X(1) -0.000 -0.000 -0.000 -0.000 -0.000
28 CO2X(24) + HX(19) <=> HOX(22) + OCX(25) 0.000 0.000 0.000 0.016 0.000
29 CH2X(27) + HX(19) <=> CH3X(21) + X(1) -0.000 -0.000 -0.000 -0.016 -0.000
30 CHX(28) + HX(19) <=> CH2X(27) + X(1) -0.000 0.000 -0.000 -0.000 0.000
31 CHX(28) + X(1) <=> CX(26) + HX(19) 0.000 0.000 0.000 0.000 0.000
32 CX(26) + H2(6) <=> CH2X(27) 0.000 0.000 0.000 0.000 0.000
Finished sensitivity simulation for a C/O ratio of 2.6
Finished translating for C/O ratio of 2.6
