This mechanism contains 51 gas reactions and 35 surface reactions
Finished simulation at a C/O ratio of 1.8
Finished simulation at a C/O ratio of 2.2
Finished simulation at a C/O ratio of 2.6
Finished simulation at a C/O ratio of 1.4
Finished simulation at a C/O ratio of 1.2
Finished simulation at a C/O ratio of 1.1
Finished simulation at a C/O ratio of 0.9
Finished simulation at a C/O ratio of 0.7
Finished simulation at a C/O ratio of 1.6
Finished simulation at a C/O ratio of 0.8
Finished simulation at a C/O ratio of 1.0
Finished simulation at a C/O ratio of 1.3
Finished simulation at a C/O ratio of 2.0
Finished simulation at a C/O ratio of 0.6
Finished simulation at a C/O ratio of 2.4
Starting sensitivity simulation for a C/O ratio of 1.1
0 CH4(2) + X(1) <=> CH4X(48) 0.000 -0.000
1 O2(3) + 2 X(1) <=> 2 OX(20) 0.000 0.000
2 H2(6) + 2 X(1) <=> 2 HX(19) -0.002 -0.002
3 H(12) + X(1) <=> HX(19) -0.000 0.000
4 CH4(2) + 2 X(1) <=> CH3X(21) + HX(19) -0.071 -1.004
5 C2H6(8) + 2 X(1) <=> 2 CH3X(21) -0.021 -0.060
6 CH3(10) + X(1) <=> CH3X(21) -0.000 -0.000
7 CH2X(27) + HX(19) <=> CH3X(21) + X(1) -0.000 -0.000
8 CHX(28) + HX(19) <=> CH2X(27) + X(1) 0.000 -0.000
9 2 CH2X(27) <=> CH3X(21) + CHX(28) 0.000 -0.000
10 CHX(28) + X(1) <=> CX(26) + HX(19) 0.000 0.000
11 CX(26) + H2(6) <=> CH2X(27) -0.000 -0.000
12 CH3X(21) + CX(26) <=> CH2X(27) + CHX(28) -0.000 -0.000
13 CH2X(27) + CX(26) <=> 2 CHX(28) 0.000 0.000
14 H2(6) + X(1) <=> H2X(49) 0.000 0.000
15 CH4(2) + OX(20) + X(1) <=> CH3X(21) + HOX(22) 0.000 0.000
16 HX(19) + OX(20) <=> HOX(22) + X(1) 0.184 0.192
17 H2O(5) + 2 X(1) <=> HOX(22) + HX(19) 0.000 0.002
18 CH3OH(14) + 2 X(1) <=> CH3X(21) + HOX(22) -0.000 -0.000
19 OH(17) + X(1) <=> HOX(22) -0.000 -0.002
20 CH2X(27) + HOX(22) <=> CH3X(21) + OX(20) 0.002 0.002
21 CHX(28) + HOX(22) <=> CH2X(27) + OX(20) 0.082 0.084
22 CX(26) + HOX(22) <=> CHX(28) + OX(20) 0.000 0.000
23 CH4(2) + HOX(22) + X(1) <=> CH3X(21) + H2OX(23) -0.000 -0.000
24 H2O(5) + X(1) <=> H2OX(23) 0.000 0.000
25 H2OX(23) + OX(20) <=> 2 HOX(22) -0.000 -0.000
26 HOX(22) + HX(19) <=> H2OX(23) + X(1) 0.000 0.000
27 CO(7) + X(1) <=> OCX(25) 0.000 -0.000
28 CX(26) + OX(20) <=> OCX(25) + X(1) -0.048 -0.053
29 CO(7) + X(1) <=> COX(50) 0.000 -0.000
30 C2H4(47) + X(1) <=> C2H4X(206) 0.000 -0.000
31 CH3OH(14) + X(1) <=> CH4OX(60) 0.000 0.000
32 CO2(4) + X(1) <=> CO2X(24) 0.000 0.000
33 OCX(25) + OX(20) <=> CO2X(24) + X(1) 0.000 0.000
34 CO2X(24) + HX(19) <=> HOX(22) + OCX(25) 0.000 0.000
Finished sensitivity simulation for a C/O ratio of 1.1
Finished translating for C/O ratio of 1.1
Starting sensitivity simulation for a C/O ratio of 1.6
0 CH4(2) + X(1) <=> CH4X(48) 0.000 0.000
1 O2(3) + 2 X(1) <=> 2 OX(20) 0.000 -0.000
2 H2(6) + 2 X(1) <=> 2 HX(19) -0.002 -0.002
3 H(12) + X(1) <=> HX(19) 0.000 0.000
4 CH4(2) + 2 X(1) <=> CH3X(21) + HX(19) -0.062 -0.997
5 C2H6(8) + 2 X(1) <=> 2 CH3X(21) -0.017 -0.056
6 CH3(10) + X(1) <=> CH3X(21) -0.000 -0.000
7 CH2X(27) + HX(19) <=> CH3X(21) + X(1) -0.000 -0.000
8 CHX(28) + HX(19) <=> CH2X(27) + X(1) 0.000 -0.000
9 2 CH2X(27) <=> CH3X(21) + CHX(28) 0.000 -0.000
10 CHX(28) + X(1) <=> CX(26) + HX(19) -0.000 -0.000
11 CX(26) + H2(6) <=> CH2X(27) -0.000 0.000
12 CH3X(21) + CX(26) <=> CH2X(27) + CHX(28) -0.000 -0.000
13 CH2X(27) + CX(26) <=> 2 CHX(28) 0.000 -0.000
14 H2(6) + X(1) <=> H2X(49) 0.000 -0.000
15 CH4(2) + OX(20) + X(1) <=> CH3X(21) + HOX(22) 0.000 0.000
16 HX(19) + OX(20) <=> HOX(22) + X(1) 0.149 0.158
17 H2O(5) + 2 X(1) <=> HOX(22) + HX(19) 0.000 0.001
18 CH3OH(14) + 2 X(1) <=> CH3X(21) + HOX(22) -0.000 -0.000
19 OH(17) + X(1) <=> HOX(22) -0.000 -0.001
20 CH2X(27) + HOX(22) <=> CH3X(21) + OX(20) 0.002 0.002
21 CHX(28) + HOX(22) <=> CH2X(27) + OX(20) 0.063 0.066
22 CX(26) + HOX(22) <=> CHX(28) + OX(20) 0.000 0.000
23 CH4(2) + HOX(22) + X(1) <=> CH3X(21) + H2OX(23) -0.000 -0.000
24 H2O(5) + X(1) <=> H2OX(23) 0.000 -0.000
25 H2OX(23) + OX(20) <=> 2 HOX(22) -0.000 -0.000
26 HOX(22) + HX(19) <=> H2OX(23) + X(1) -0.000 -0.000
27 CO(7) + X(1) <=> OCX(25) 0.000 -0.000
28 CX(26) + OX(20) <=> OCX(25) + X(1) -0.035 -0.040
29 CO(7) + X(1) <=> COX(50) 0.000 -0.000
30 C2H4(47) + X(1) <=> C2H4X(206) -0.000 0.000
31 CH3OH(14) + X(1) <=> CH4OX(60) 0.000 -0.000
32 CO2(4) + X(1) <=> CO2X(24) -0.000 -0.000
33 OCX(25) + OX(20) <=> CO2X(24) + X(1) 0.000 0.000
34 CO2X(24) + HX(19) <=> HOX(22) + OCX(25) 0.000 0.000
Finished sensitivity simulation for a C/O ratio of 1.6
Finished translating for C/O ratio of 1.6
Starting sensitivity simulation for a C/O ratio of 2.2
0 CH4(2) + X(1) <=> CH4X(48) -0.000 0.000
1 O2(3) + 2 X(1) <=> 2 OX(20) 0.000 -0.000
2 H2(6) + 2 X(1) <=> 2 HX(19) -0.002 -0.002
3 H(12) + X(1) <=> HX(19) -0.000 -0.000
4 CH4(2) + 2 X(1) <=> CH3X(21) + HX(19) -0.053 -0.989
5 C2H6(8) + 2 X(1) <=> 2 CH3X(21) -0.014 -0.053
6 CH3(10) + X(1) <=> CH3X(21) -0.000 -0.000
7 CH2X(27) + HX(19) <=> CH3X(21) + X(1) -0.000 -0.000
8 CHX(28) + HX(19) <=> CH2X(27) + X(1) -0.000 0.000
9 2 CH2X(27) <=> CH3X(21) + CHX(28) -0.000 -0.000
10 CHX(28) + X(1) <=> CX(26) + HX(19) -0.000 -0.000
11 CX(26) + H2(6) <=> CH2X(27) -0.000 -0.000
12 CH3X(21) + CX(26) <=> CH2X(27) + CHX(28) -0.000 -0.000
13 CH2X(27) + CX(26) <=> 2 CHX(28) -0.000 -0.000
14 H2(6) + X(1) <=> H2X(49) -0.000 -0.000
15 CH4(2) + OX(20) + X(1) <=> CH3X(21) + HOX(22) 0.000 0.000
16 HX(19) + OX(20) <=> HOX(22) + X(1) 0.124 0.134
17 H2O(5) + 2 X(1) <=> HOX(22) + HX(19) 0.000 0.001
18 CH3OH(14) + 2 X(1) <=> CH3X(21) + HOX(22) -0.000 -0.000
19 OH(17) + X(1) <=> HOX(22) 0.000 -0.001
20 CH2X(27) + HOX(22) <=> CH3X(21) + OX(20) 0.002 0.002
21 CHX(28) + HOX(22) <=> CH2X(27) + OX(20) 0.050 0.054
22 CX(26) + HOX(22) <=> CHX(28) + OX(20) 0.000 0.000
23 CH4(2) + HOX(22) + X(1) <=> CH3X(21) + H2OX(23) -0.000 -0.000
24 H2O(5) + X(1) <=> H2OX(23) -0.000 -0.000
25 H2OX(23) + OX(20) <=> 2 HOX(22) -0.000 -0.000
26 HOX(22) + HX(19) <=> H2OX(23) + X(1) -0.000 -0.000
27 CO(7) + X(1) <=> OCX(25) 0.000 0.000
28 CX(26) + OX(20) <=> OCX(25) + X(1) -0.027 -0.032
29 CO(7) + X(1) <=> COX(50) -0.000 0.000
30 C2H4(47) + X(1) <=> C2H4X(206) -0.000 -0.000
31 CH3OH(14) + X(1) <=> CH4OX(60) -0.000 -0.000
32 CO2(4) + X(1) <=> CO2X(24) 0.000 -0.000
33 OCX(25) + OX(20) <=> CO2X(24) + X(1) -0.000 0.000
34 CO2X(24) + HX(19) <=> HOX(22) + OCX(25) 0.000 0.000
Finished sensitivity simulation for a C/O ratio of 2.2
Finished translating for C/O ratio of 2.2
Starting sensitivity simulation for a C/O ratio of 2.6
0 CH4(2) + X(1) <=> CH4X(48) -0.000 0.000
1 O2(3) + 2 X(1) <=> 2 OX(20) -0.000 0.000
2 H2(6) + 2 X(1) <=> 2 HX(19) -0.002 -0.002
3 H(12) + X(1) <=> HX(19) -0.000 0.000
4 CH4(2) + 2 X(1) <=> CH3X(21) + HX(19) -0.049 -0.986
5 C2H6(8) + 2 X(1) <=> 2 CH3X(21) -0.013 -0.052
6 CH3(10) + X(1) <=> CH3X(21) -0.000 -0.000
7 CH2X(27) + HX(19) <=> CH3X(21) + X(1) -0.000 -0.000
8 CHX(28) + HX(19) <=> CH2X(27) + X(1) -0.000 0.000
9 2 CH2X(27) <=> CH3X(21) + CHX(28) -0.000 0.000
10 CHX(28) + X(1) <=> CX(26) + HX(19) -0.000 0.000
11 CX(26) + H2(6) <=> CH2X(27) -0.000 -0.000
12 CH3X(21) + CX(26) <=> CH2X(27) + CHX(28) -0.000 -0.000
13 CH2X(27) + CX(26) <=> 2 CHX(28) -0.000 0.000
14 H2(6) + X(1) <=> H2X(49) -0.000 -0.000
15 CH4(2) + OX(20) + X(1) <=> CH3X(21) + HOX(22) 0.000 0.000
16 HX(19) + OX(20) <=> HOX(22) + X(1) 0.112 0.123
17 H2O(5) + 2 X(1) <=> HOX(22) + HX(19) 0.000 0.001
18 CH3OH(14) + 2 X(1) <=> CH3X(21) + HOX(22) -0.000 -0.000
19 OH(17) + X(1) <=> HOX(22) 0.000 -0.001
20 CH2X(27) + HOX(22) <=> CH3X(21) + OX(20) 0.002 0.002
21 CHX(28) + HOX(22) <=> CH2X(27) + OX(20) 0.045 0.048
22 CX(26) + HOX(22) <=> CHX(28) + OX(20) 0.000 0.000
23 CH4(2) + HOX(22) + X(1) <=> CH3X(21) + H2OX(23) -0.000 -0.000
24 H2O(5) + X(1) <=> H2OX(23) -0.000 -0.000
25 H2OX(23) + OX(20) <=> 2 HOX(22) -0.000 -0.000
26 HOX(22) + HX(19) <=> H2OX(23) + X(1) -0.000 0.000
27 CO(7) + X(1) <=> OCX(25) -0.000 0.000
28 CX(26) + OX(20) <=> OCX(25) + X(1) -0.024 -0.029
29 CO(7) + X(1) <=> COX(50) -0.000 0.000
30 C2H4(47) + X(1) <=> C2H4X(206) -0.000 0.000
31 CH3OH(14) + X(1) <=> CH4OX(60) -0.000 0.000
32 CO2(4) + X(1) <=> CO2X(24) -0.000 0.000
33 OCX(25) + OX(20) <=> CO2X(24) + X(1) 0.000 0.000
34 CO2X(24) + HX(19) <=> HOX(22) + OCX(25) 0.000 0.000
Finished sensitivity simulation for a C/O ratio of 2.6
Finished translating for C/O ratio of 2.6
Starting sensitivity simulation for a C/O ratio of 1.0
0 CH4(2) + X(1) <=> CH4X(48) -0.000 0.000
1 O2(3) + 2 X(1) <=> 2 OX(20) -0.000 0.000
2 H2(6) + 2 X(1) <=> 2 HX(19) -0.002 -0.002
3 H(12) + X(1) <=> HX(19) -0.000 0.000
4 CH4(2) + 2 X(1) <=> CH3X(21) + HX(19) -0.073 -1.006
5 C2H6(8) + 2 X(1) <=> 2 CH3X(21) -0.022 -0.061
6 CH3(10) + X(1) <=> CH3X(21) -0.000 -0.000
7 CH2X(27) + HX(19) <=> CH3X(21) + X(1) -0.000 -0.000
8 CHX(28) + HX(19) <=> CH2X(27) + X(1) -0.000 0.000
9 2 CH2X(27) <=> CH3X(21) + CHX(28) -0.000 0.000
10 CHX(28) + X(1) <=> CX(26) + HX(19) -0.000 0.000
11 CX(26) + H2(6) <=> CH2X(27) -0.000 0.000
12 CH3X(21) + CX(26) <=> CH2X(27) + CHX(28) -0.000 -0.000
13 CH2X(27) + CX(26) <=> 2 CHX(28) -0.000 0.000
14 H2(6) + X(1) <=> H2X(49) -0.000 0.000
15 CH4(2) + OX(20) + X(1) <=> CH3X(21) + HOX(22) 0.000 0.000
16 HX(19) + OX(20) <=> HOX(22) + X(1) 0.195 0.201
17 H2O(5) + 2 X(1) <=> HOX(22) + HX(19) 0.000 0.002
18 CH3OH(14) + 2 X(1) <=> CH3X(21) + HOX(22) -0.000 -0.000
19 OH(17) + X(1) <=> HOX(22) -0.000 -0.002
20 CH2X(27) + HOX(22) <=> CH3X(21) + OX(20) 0.003 0.003
21 CHX(28) + HOX(22) <=> CH2X(27) + OX(20) 0.088 0.090
22 CX(26) + HOX(22) <=> CHX(28) + OX(20) 0.000 0.000
23 CH4(2) + HOX(22) + X(1) <=> CH3X(21) + H2OX(23) -0.000 -0.000
24 H2O(5) + X(1) <=> H2OX(23) -0.000 0.000
25 H2OX(23) + OX(20) <=> 2 HOX(22) -0.000 -0.000
26 HOX(22) + HX(19) <=> H2OX(23) + X(1) 0.000 0.000
27 CO(7) + X(1) <=> OCX(25) 0.000 0.000
28 CX(26) + OX(20) <=> OCX(25) + X(1) -0.052 -0.057
29 CO(7) + X(1) <=> COX(50) -0.000 0.000
30 C2H4(47) + X(1) <=> C2H4X(206) -0.000 0.000
31 CH3OH(14) + X(1) <=> CH4OX(60) -0.000 0.000
32 CO2(4) + X(1) <=> CO2X(24) -0.000 0.000
33 OCX(25) + OX(20) <=> CO2X(24) + X(1) -0.000 0.000
34 CO2X(24) + HX(19) <=> HOX(22) + OCX(25) 0.000 0.000
Finished sensitivity simulation for a C/O ratio of 1.0
Finished translating for C/O ratio of 1.0
Starting sensitivity simulation for a C/O ratio of 2.4
0 CH4(2) + X(1) <=> CH4X(48) -0.000 -0.000
1 O2(3) + 2 X(1) <=> 2 OX(20) 0.000 -0.000
2 H2(6) + 2 X(1) <=> 2 HX(19) -0.002 -0.002
3 H(12) + X(1) <=> HX(19) -0.000 -0.000
4 CH4(2) + 2 X(1) <=> CH3X(21) + HX(19) -0.051 -0.988
5 C2H6(8) + 2 X(1) <=> 2 CH3X(21) -0.014 -0.052
6 CH3(10) + X(1) <=> CH3X(21) -0.000 -0.000
7 CH2X(27) + HX(19) <=> CH3X(21) + X(1) -0.000 -0.000
8 CHX(28) + HX(19) <=> CH2X(27) + X(1) 0.000 -0.000
9 2 CH2X(27) <=> CH3X(21) + CHX(28) 0.000 -0.000
10 CHX(28) + X(1) <=> CX(26) + HX(19) -0.000 -0.000
11 CX(26) + H2(6) <=> CH2X(27) -0.000 -0.000
12 CH3X(21) + CX(26) <=> CH2X(27) + CHX(28) -0.000 -0.000
13 CH2X(27) + CX(26) <=> 2 CHX(28) -0.000 -0.000
14 H2(6) + X(1) <=> H2X(49) -0.000 -0.000
15 CH4(2) + OX(20) + X(1) <=> CH3X(21) + HOX(22) 0.000 0.000
16 HX(19) + OX(20) <=> HOX(22) + X(1) 0.118 0.128
17 H2O(5) + 2 X(1) <=> HOX(22) + HX(19) 0.000 0.001
18 CH3OH(14) + 2 X(1) <=> CH3X(21) + HOX(22) -0.000 -0.000
19 OH(17) + X(1) <=> HOX(22) 0.000 -0.001
20 CH2X(27) + HOX(22) <=> CH3X(21) + OX(20) 0.002 0.002
21 CHX(28) + HOX(22) <=> CH2X(27) + OX(20) 0.047 0.051
22 CX(26) + HOX(22) <=> CHX(28) + OX(20) 0.000 0.000
23 CH4(2) + HOX(22) + X(1) <=> CH3X(21) + H2OX(23) -0.000 -0.000
24 H2O(5) + X(1) <=> H2OX(23) -0.000 -0.000
25 H2OX(23) + OX(20) <=> 2 HOX(22) -0.000 -0.000
26 HOX(22) + HX(19) <=> H2OX(23) + X(1) 0.000 -0.000
27 CO(7) + X(1) <=> OCX(25) 0.000 -0.000
28 CX(26) + OX(20) <=> OCX(25) + X(1) -0.025 -0.030
29 CO(7) + X(1) <=> COX(50) -0.000 -0.000
30 C2H4(47) + X(1) <=> C2H4X(206) -0.000 -0.000
31 CH3OH(14) + X(1) <=> CH4OX(60) 0.000 -0.000
32 CO2(4) + X(1) <=> CO2X(24) -0.000 -0.000
33 OCX(25) + OX(20) <=> CO2X(24) + X(1) -0.000 -0.000
34 CO2X(24) + HX(19) <=> HOX(22) + OCX(25) 0.000 0.000
Finished sensitivity simulation for a C/O ratio of 2.4
Finished translating for C/O ratio of 2.4
Starting sensitivity simulation for a C/O ratio of 2.0
0 CH4(2) + X(1) <=> CH4X(48) -0.000 0.000
1 O2(3) + 2 X(1) <=> 2 OX(20) 0.000 0.000
2 H2(6) + 2 X(1) <=> 2 HX(19) -0.002 -0.002
3 H(12) + X(1) <=> HX(19) -0.000 0.000
4 CH4(2) + 2 X(1) <=> CH3X(21) + HX(19) -0.056 -0.992
5 C2H6(8) + 2 X(1) <=> 2 CH3X(21) -0.015 -0.054
6 CH3(10) + X(1) <=> CH3X(21) -0.000 -0.000
7 CH2X(27) + HX(19) <=> CH3X(21) + X(1) -0.000 -0.000
8 CHX(28) + HX(19) <=> CH2X(27) + X(1) 0.000 0.000
9 2 CH2X(27) <=> CH3X(21) + CHX(28) 0.000 0.000
10 CHX(28) + X(1) <=> CX(26) + HX(19) -0.000 0.000
11 CX(26) + H2(6) <=> CH2X(27) -0.000 0.000
12 CH3X(21) + CX(26) <=> CH2X(27) + CHX(28) -0.000 -0.000
13 CH2X(27) + CX(26) <=> 2 CHX(28) 0.000 0.000
14 H2(6) + X(1) <=> H2X(49) 0.000 0.000
15 CH4(2) + OX(20) + X(1) <=> CH3X(21) + HOX(22) 0.000 0.000
16 HX(19) + OX(20) <=> HOX(22) + X(1) 0.131 0.140
17 H2O(5) + 2 X(1) <=> HOX(22) + HX(19) 0.000 0.001
18 CH3OH(14) + 2 X(1) <=> CH3X(21) + HOX(22) -0.000 -0.000
19 OH(17) + X(1) <=> HOX(22) -0.000 -0.001
20 CH2X(27) + HOX(22) <=> CH3X(21) + OX(20) 0.002 0.002
21 CHX(28) + HOX(22) <=> CH2X(27) + OX(20) 0.054 0.057
22 CX(26) + HOX(22) <=> CHX(28) + OX(20) 0.000 0.000
23 CH4(2) + HOX(22) + X(1) <=> CH3X(21) + H2OX(23) -0.000 -0.000
24 H2O(5) + X(1) <=> H2OX(23) 0.000 0.000
25 H2OX(23) + OX(20) <=> 2 HOX(22) -0.000 -0.000
26 HOX(22) + HX(19) <=> H2OX(23) + X(1) 0.000 0.000
27 CO(7) + X(1) <=> OCX(25) 0.000 0.000
28 CX(26) + OX(20) <=> OCX(25) + X(1) -0.029 -0.034
29 CO(7) + X(1) <=> COX(50) 0.000 0.000
30 C2H4(47) + X(1) <=> C2H4X(206) -0.000 0.000
31 CH3OH(14) + X(1) <=> CH4OX(60) 0.000 0.000
32 CO2(4) + X(1) <=> CO2X(24) -0.000 0.000
33 OCX(25) + OX(20) <=> CO2X(24) + X(1) -0.000 0.000
34 CO2X(24) + HX(19) <=> HOX(22) + OCX(25) 0.000 0.000
Finished sensitivity simulation for a C/O ratio of 2.0
Finished translating for C/O ratio of 2.0
Starting sensitivity simulation for a C/O ratio of 0.8
0 CH4(2) + X(1) <=> CH4X(48) 0.000 -0.000
1 O2(3) + 2 X(1) <=> 2 OX(20) 0.000 -0.000
2 H2(6) + 2 X(1) <=> 2 HX(19) -0.002 -0.002
3 H(12) + X(1) <=> HX(19) -0.000 -0.000
4 CH4(2) + 2 X(1) <=> CH3X(21) + HX(19) -0.077 -1.008
5 C2H6(8) + 2 X(1) <=> 2 CH3X(21) -0.023 -0.064
6 CH3(10) + X(1) <=> CH3X(21) -0.000 -0.000
7 CH2X(27) + HX(19) <=> CH3X(21) + X(1) -0.000 -0.000
8 CHX(28) + HX(19) <=> CH2X(27) + X(1) 0.000 -0.000
9 2 CH2X(27) <=> CH3X(21) + CHX(28) -0.000 -0.000
10 CHX(28) + X(1) <=> CX(26) + HX(19) 0.000 -0.000
11 CX(26) + H2(6) <=> CH2X(27) -0.000 -0.000
12 CH3X(21) + CX(26) <=> CH2X(27) + CHX(28) -0.000 -0.000
13 CH2X(27) + CX(26) <=> 2 CHX(28) -0.000 -0.000
14 H2(6) + X(1) <=> H2X(49) 0.000 -0.000
15 CH4(2) + OX(20) + X(1) <=> CH3X(21) + HOX(22) 0.000 0.000
16 HX(19) + OX(20) <=> HOX(22) + X(1) 0.221 0.226
17 H2O(5) + 2 X(1) <=> HOX(22) + HX(19) 0.000 0.002
18 CH3OH(14) + 2 X(1) <=> CH3X(21) + HOX(22) -0.000 -0.000
19 OH(17) + X(1) <=> HOX(22) -0.000 -0.002
20 CH2X(27) + HOX(22) <=> CH3X(21) + OX(20) 0.003 0.003
21 CHX(28) + HOX(22) <=> CH2X(27) + OX(20) 0.103 0.105
22 CX(26) + HOX(22) <=> CHX(28) + OX(20) 0.000 0.000
23 CH4(2) + HOX(22) + X(1) <=> CH3X(21) + H2OX(23) -0.000 -0.000
24 H2O(5) + X(1) <=> H2OX(23) 0.000 -0.000
25 H2OX(23) + OX(20) <=> 2 HOX(22) -0.000 -0.000
26 HOX(22) + HX(19) <=> H2OX(23) + X(1) -0.000 -0.000
27 CO(7) + X(1) <=> OCX(25) 0.000 -0.000
28 CX(26) + OX(20) <=> OCX(25) + X(1) -0.064 -0.068
29 CO(7) + X(1) <=> COX(50) -0.000 -0.000
30 C2H4(47) + X(1) <=> C2H4X(206) 0.000 -0.000
31 CH3OH(14) + X(1) <=> CH4OX(60) -0.000 -0.000
32 CO2(4) + X(1) <=> CO2X(24) 0.000 -0.000
33 OCX(25) + OX(20) <=> CO2X(24) + X(1) 0.000 -0.000
34 CO2X(24) + HX(19) <=> HOX(22) + OCX(25) 0.000 0.000
Finished sensitivity simulation for a C/O ratio of 0.8
Finished translating for C/O ratio of 0.8
Starting sensitivity simulation for a C/O ratio of 1.3
0 CH4(2) + X(1) <=> CH4X(48) -0.000 0.000
1 O2(3) + 2 X(1) <=> 2 OX(20) -0.000 0.000
2 H2(6) + 2 X(1) <=> 2 HX(19) -0.002 -0.002
3 H(12) + X(1) <=> HX(19) -0.000 -0.000
4 CH4(2) + 2 X(1) <=> CH3X(21) + HX(19) -0.067 -1.001
5 C2H6(8) + 2 X(1) <=> 2 CH3X(21) -0.019 -0.059
6 CH3(10) + X(1) <=> CH3X(21) -0.000 -0.000
7 CH2X(27) + HX(19) <=> CH3X(21) + X(1) -0.000 -0.000
8 CHX(28) + HX(19) <=> CH2X(27) + X(1) -0.000 -0.000
9 2 CH2X(27) <=> CH3X(21) + CHX(28) -0.000 0.000
10 CHX(28) + X(1) <=> CX(26) + HX(19) -0.000 -0.000
11 CX(26) + H2(6) <=> CH2X(27) -0.000 -0.000
12 CH3X(21) + CX(26) <=> CH2X(27) + CHX(28) -0.000 -0.000
13 CH2X(27) + CX(26) <=> 2 CHX(28) -0.000 0.000
14 H2(6) + X(1) <=> H2X(49) -0.000 0.000
15 CH4(2) + OX(20) + X(1) <=> CH3X(21) + HOX(22) 0.000 0.000
16 HX(19) + OX(20) <=> HOX(22) + X(1) 0.168 0.176
17 H2O(5) + 2 X(1) <=> HOX(22) + HX(19) 0.000 0.002
18 CH3OH(14) + 2 X(1) <=> CH3X(21) + HOX(22) -0.000 -0.000
19 OH(17) + X(1) <=> HOX(22) -0.000 -0.001
20 CH2X(27) + HOX(22) <=> CH3X(21) + OX(20) 0.002 0.002
21 CHX(28) + HOX(22) <=> CH2X(27) + OX(20) 0.073 0.075
22 CX(26) + HOX(22) <=> CHX(28) + OX(20) 0.000 0.000
23 CH4(2) + HOX(22) + X(1) <=> CH3X(21) + H2OX(23) -0.000 -0.000
24 H2O(5) + X(1) <=> H2OX(23) -0.000 0.000
25 H2OX(23) + OX(20) <=> 2 HOX(22) -0.000 -0.000
26 HOX(22) + HX(19) <=> H2OX(23) + X(1) -0.000 -0.000
27 CO(7) + X(1) <=> OCX(25) 0.000 -0.000
28 CX(26) + OX(20) <=> OCX(25) + X(1) -0.041 -0.046
29 CO(7) + X(1) <=> COX(50) -0.000 0.000
30 C2H4(47) + X(1) <=> C2H4X(206) -0.000 -0.000
31 CH3OH(14) + X(1) <=> CH4OX(60) -0.000 0.000
32 CO2(4) + X(1) <=> CO2X(24) -0.000 -0.000
33 OCX(25) + OX(20) <=> CO2X(24) + X(1) -0.000 0.000
34 CO2X(24) + HX(19) <=> HOX(22) + OCX(25) 0.000 0.000
Finished sensitivity simulation for a C/O ratio of 1.3
Finished translating for C/O ratio of 1.3
Starting sensitivity simulation for a C/O ratio of 1.2
0 CH4(2) + X(1) <=> CH4X(48) -0.000 0.000
1 O2(3) + 2 X(1) <=> 2 OX(20) -0.000 0.000
2 H2(6) + 2 X(1) <=> 2 HX(19) -0.002 -0.002
3 H(12) + X(1) <=> HX(19) -0.000 0.000
4 CH4(2) + 2 X(1) <=> CH3X(21) + HX(19) -0.069 -1.003
5 C2H6(8) + 2 X(1) <=> 2 CH3X(21) -0.020 -0.059
6 CH3(10) + X(1) <=> CH3X(21) -0.000 -0.000
7 CH2X(27) + HX(19) <=> CH3X(21) + X(1) -0.000 -0.000
8 CHX(28) + HX(19) <=> CH2X(27) + X(1) -0.000 0.000
9 2 CH2X(27) <=> CH3X(21) + CHX(28) -0.000 0.000
10 CHX(28) + X(1) <=> CX(26) + HX(19) -0.000 -0.000
11 CX(26) + H2(6) <=> CH2X(27) -0.000 -0.000
12 CH3X(21) + CX(26) <=> CH2X(27) + CHX(28) -0.000 -0.000
13 CH2X(27) + CX(26) <=> 2 CHX(28) -0.000 0.000
14 H2(6) + X(1) <=> H2X(49) 0.000 -0.000
15 CH4(2) + OX(20) + X(1) <=> CH3X(21) + HOX(22) 0.000 0.000
16 HX(19) + OX(20) <=> HOX(22) + X(1) 0.175 0.183
17 H2O(5) + 2 X(1) <=> HOX(22) + HX(19) 0.000 0.002
18 CH3OH(14) + 2 X(1) <=> CH3X(21) + HOX(22) -0.000 -0.000
19 OH(17) + X(1) <=> HOX(22) -0.000 -0.001
20 CH2X(27) + HOX(22) <=> CH3X(21) + OX(20) 0.002 0.002
21 CHX(28) + HOX(22) <=> CH2X(27) + OX(20) 0.077 0.080
22 CX(26) + HOX(22) <=> CHX(28) + OX(20) 0.000 0.000
23 CH4(2) + HOX(22) + X(1) <=> CH3X(21) + H2OX(23) -0.000 -0.000
24 H2O(5) + X(1) <=> H2OX(23) -0.000 0.000
25 H2OX(23) + OX(20) <=> 2 HOX(22) -0.000 -0.000
26 HOX(22) + HX(19) <=> H2OX(23) + X(1) 0.000 0.000
27 CO(7) + X(1) <=> OCX(25) 0.000 0.000
28 CX(26) + OX(20) <=> OCX(25) + X(1) -0.044 -0.049
29 CO(7) + X(1) <=> COX(50) 0.000 0.000
30 C2H4(47) + X(1) <=> C2H4X(206) 0.000 0.000
31 CH3OH(14) + X(1) <=> CH4OX(60) -0.000 0.000
32 CO2(4) + X(1) <=> CO2X(24) -0.000 0.000
33 OCX(25) + OX(20) <=> CO2X(24) + X(1) -0.000 -0.000
34 CO2X(24) + HX(19) <=> HOX(22) + OCX(25) 0.000 0.000
Finished sensitivity simulation for a C/O ratio of 1.2
Finished translating for C/O ratio of 1.2
Starting sensitivity simulation for a C/O ratio of 0.6
0 CH4(2) + X(1) <=> CH4X(48) -0.000 0.000
1 O2(3) + 2 X(1) <=> 2 OX(20) 0.000 0.000
2 H2(6) + 2 X(1) <=> 2 HX(19) -0.002 -0.002
3 H(12) + X(1) <=> HX(19) -0.000 0.000
4 CH4(2) + 2 X(1) <=> CH3X(21) + HX(19) -0.079 -1.008
5 C2H6(8) + 2 X(1) <=> 2 CH3X(21) -0.025 -0.066
6 CH3(10) + X(1) <=> CH3X(21) -0.000 -0.000
7 CH2X(27) + HX(19) <=> CH3X(21) + X(1) -0.000 -0.000
8 CHX(28) + HX(19) <=> CH2X(27) + X(1) -0.000 0.000
9 2 CH2X(27) <=> CH3X(21) + CHX(28) -0.000 0.000
10 CHX(28) + X(1) <=> CX(26) + HX(19) -0.000 0.000
11 CX(26) + H2(6) <=> CH2X(27) -0.000 -0.000
12 CH3X(21) + CX(26) <=> CH2X(27) + CHX(28) -0.000 -0.000
13 CH2X(27) + CX(26) <=> 2 CHX(28) -0.000 0.000
14 H2(6) + X(1) <=> H2X(49) -0.000 0.000
15 CH4(2) + OX(20) + X(1) <=> CH3X(21) + HOX(22) 0.000 0.000
16 HX(19) + OX(20) <=> HOX(22) + X(1) 0.258 0.261
17 H2O(5) + 2 X(1) <=> HOX(22) + HX(19) 0.000 0.003
18 CH3OH(14) + 2 X(1) <=> CH3X(21) + HOX(22) -0.000 -0.000
19 OH(17) + X(1) <=> HOX(22) -0.000 -0.002
20 CH2X(27) + HOX(22) <=> CH3X(21) + OX(20) 0.003 0.003
21 CHX(28) + HOX(22) <=> CH2X(27) + OX(20) 0.126 0.127
22 CX(26) + HOX(22) <=> CHX(28) + OX(20) 0.000 0.000
23 CH4(2) + HOX(22) + X(1) <=> CH3X(21) + H2OX(23) -0.000 -0.000
24 H2O(5) + X(1) <=> H2OX(23) -0.000 0.000
25 H2OX(23) + OX(20) <=> 2 HOX(22) -0.000 -0.000
26 HOX(22) + HX(19) <=> H2OX(23) + X(1) -0.000 0.000
27 CO(7) + X(1) <=> OCX(25) 0.000 0.000
28 CX(26) + OX(20) <=> OCX(25) + X(1) -0.084 -0.087
29 CO(7) + X(1) <=> COX(50) -0.000 0.000
30 C2H4(47) + X(1) <=> C2H4X(206) -0.000 0.000
31 CH3OH(14) + X(1) <=> CH4OX(60) -0.000 -0.000
32 CO2(4) + X(1) <=> CO2X(24) -0.000 0.000
33 OCX(25) + OX(20) <=> CO2X(24) + X(1) 0.000 0.000
34 CO2X(24) + HX(19) <=> HOX(22) + OCX(25) 0.000 0.000
Finished sensitivity simulation for a C/O ratio of 0.6
Finished translating for C/O ratio of 0.6
Starting sensitivity simulation for a C/O ratio of 1.8
0 CH4(2) + X(1) <=> CH4X(48) 0.000 0.000
1 O2(3) + 2 X(1) <=> 2 OX(20) 0.000 0.000
2 H2(6) + 2 X(1) <=> 2 HX(19) -0.002 -0.002
3 H(12) + X(1) <=> HX(19) -0.000 0.000
4 CH4(2) + 2 X(1) <=> CH3X(21) + HX(19) -0.058 -0.994
5 C2H6(8) + 2 X(1) <=> 2 CH3X(21) -0.016 -0.055
6 CH3(10) + X(1) <=> CH3X(21) -0.000 -0.000
7 CH2X(27) + HX(19) <=> CH3X(21) + X(1) -0.000 -0.000
8 CHX(28) + HX(19) <=> CH2X(27) + X(1) 0.000 0.000
9 2 CH2X(27) <=> CH3X(21) + CHX(28) 0.000 0.000
10 CHX(28) + X(1) <=> CX(26) + HX(19) 0.000 0.000
11 CX(26) + H2(6) <=> CH2X(27) -0.000 0.000
12 CH3X(21) + CX(26) <=> CH2X(27) + CHX(28) -0.000 -0.000
13 CH2X(27) + CX(26) <=> 2 CHX(28) 0.000 0.000
14 H2(6) + X(1) <=> H2X(49) 0.000 0.000
15 CH4(2) + OX(20) + X(1) <=> CH3X(21) + HOX(22) 0.000 0.000
16 HX(19) + OX(20) <=> HOX(22) + X(1) 0.139 0.148
17 H2O(5) + 2 X(1) <=> HOX(22) + HX(19) 0.000 0.001
18 CH3OH(14) + 2 X(1) <=> CH3X(21) + HOX(22) -0.000 -0.000
19 OH(17) + X(1) <=> HOX(22) -0.000 -0.001
20 CH2X(27) + HOX(22) <=> CH3X(21) + OX(20) 0.002 0.002
21 CHX(28) + HOX(22) <=> CH2X(27) + OX(20) 0.058 0.061
22 CX(26) + HOX(22) <=> CHX(28) + OX(20) 0.000 0.000
23 CH4(2) + HOX(22) + X(1) <=> CH3X(21) + H2OX(23) -0.000 -0.000
24 H2O(5) + X(1) <=> H2OX(23) 0.000 0.000
25 H2OX(23) + OX(20) <=> 2 HOX(22) -0.000 -0.000
26 HOX(22) + HX(19) <=> H2OX(23) + X(1) 0.000 0.000
27 CO(7) + X(1) <=> OCX(25) 0.000 0.000
28 CX(26) + OX(20) <=> OCX(25) + X(1) -0.031 -0.037
29 CO(7) + X(1) <=> COX(50) 0.000 0.000
30 C2H4(47) + X(1) <=> C2H4X(206) 0.000 0.000
31 CH3OH(14) + X(1) <=> CH4OX(60) 0.000 0.000
32 CO2(4) + X(1) <=> CO2X(24) -0.000 0.000
33 OCX(25) + OX(20) <=> CO2X(24) + X(1) 0.000 0.000
34 CO2X(24) + HX(19) <=> HOX(22) + OCX(25) 0.000 0.000
Finished sensitivity simulation for a C/O ratio of 1.8
Finished translating for C/O ratio of 1.8
Starting sensitivity simulation for a C/O ratio of 0.9
0 CH4(2) + X(1) <=> CH4X(48) 0.000 -0.000
1 O2(3) + 2 X(1) <=> 2 OX(20) 0.000 -0.000
2 H2(6) + 2 X(1) <=> 2 HX(19) -0.002 -0.002
3 H(12) + X(1) <=> HX(19) -0.000 0.000
4 CH4(2) + 2 X(1) <=> CH3X(21) + HX(19) -0.075 -1.007
5 C2H6(8) + 2 X(1) <=> 2 CH3X(21) -0.022 -0.063
6 CH3(10) + X(1) <=> CH3X(21) -0.000 -0.000
7 CH2X(27) + HX(19) <=> CH3X(21) + X(1) -0.000 -0.000
8 CHX(28) + HX(19) <=> CH2X(27) + X(1) -0.000 0.000
9 2 CH2X(27) <=> CH3X(21) + CHX(28) 0.000 0.000
10 CHX(28) + X(1) <=> CX(26) + HX(19) 0.000 0.000
11 CX(26) + H2(6) <=> CH2X(27) -0.000 0.000
12 CH3X(21) + CX(26) <=> CH2X(27) + CHX(28) -0.000 -0.000
13 CH2X(27) + CX(26) <=> 2 CHX(28) 0.000 0.000
14 H2(6) + X(1) <=> H2X(49) 0.000 0.000
15 CH4(2) + OX(20) + X(1) <=> CH3X(21) + HOX(22) 0.000 0.000
16 HX(19) + OX(20) <=> HOX(22) + X(1) 0.207 0.213
17 H2O(5) + 2 X(1) <=> HOX(22) + HX(19) 0.000 0.002
18 CH3OH(14) + 2 X(1) <=> CH3X(21) + HOX(22) -0.000 -0.000
19 OH(17) + X(1) <=> HOX(22) -0.000 -0.002
20 CH2X(27) + HOX(22) <=> CH3X(21) + OX(20) 0.003 0.003
21 CHX(28) + HOX(22) <=> CH2X(27) + OX(20) 0.095 0.097
22 CX(26) + HOX(22) <=> CHX(28) + OX(20) 0.000 0.000
23 CH4(2) + HOX(22) + X(1) <=> CH3X(21) + H2OX(23) -0.000 -0.000
24 H2O(5) + X(1) <=> H2OX(23) 0.000 -0.000
25 H2OX(23) + OX(20) <=> 2 HOX(22) -0.000 -0.000
26 HOX(22) + HX(19) <=> H2OX(23) + X(1) 0.000 -0.000
27 CO(7) + X(1) <=> OCX(25) 0.000 -0.000
28 CX(26) + OX(20) <=> OCX(25) + X(1) -0.057 -0.062
29 CO(7) + X(1) <=> COX(50) 0.000 0.000
30 C2H4(47) + X(1) <=> C2H4X(206) 0.000 -0.000
31 CH3OH(14) + X(1) <=> CH4OX(60) 0.000 0.000
32 CO2(4) + X(1) <=> CO2X(24) 0.000 0.000
33 OCX(25) + OX(20) <=> CO2X(24) + X(1) 0.000 -0.000
34 CO2X(24) + HX(19) <=> HOX(22) + OCX(25) 0.000 0.000
Finished sensitivity simulation for a C/O ratio of 0.9
Finished translating for C/O ratio of 0.9
Starting sensitivity simulation for a C/O ratio of 0.7
0 CH4(2) + X(1) <=> CH4X(48) -0.000 0.000
1 O2(3) + 2 X(1) <=> 2 OX(20) 0.000 0.000
2 H2(6) + 2 X(1) <=> 2 HX(19) -0.002 -0.002
3 H(12) + X(1) <=> HX(19) -0.000 -0.000
4 CH4(2) + 2 X(1) <=> CH3X(21) + HX(19) -0.079 -1.009
5 C2H6(8) + 2 X(1) <=> 2 CH3X(21) -0.024 -0.065
6 CH3(10) + X(1) <=> CH3X(21) -0.000 -0.000
7 CH2X(27) + HX(19) <=> CH3X(21) + X(1) -0.000 -0.000
8 CHX(28) + HX(19) <=> CH2X(27) + X(1) 0.000 -0.000
9 2 CH2X(27) <=> CH3X(21) + CHX(28) 0.000 -0.000
10 CHX(28) + X(1) <=> CX(26) + HX(19) 0.000 -0.000
11 CX(26) + H2(6) <=> CH2X(27) -0.000 -0.000
12 CH3X(21) + CX(26) <=> CH2X(27) + CHX(28) -0.000 -0.000
13 CH2X(27) + CX(26) <=> 2 CHX(28) 0.000 -0.000
14 H2(6) + X(1) <=> H2X(49) 0.000 0.000
15 CH4(2) + OX(20) + X(1) <=> CH3X(21) + HOX(22) 0.000 0.000
16 HX(19) + OX(20) <=> HOX(22) + X(1) 0.238 0.242
17 H2O(5) + 2 X(1) <=> HOX(22) + HX(19) 0.000 0.003
18 CH3OH(14) + 2 X(1) <=> CH3X(21) + HOX(22) -0.000 -0.000
19 OH(17) + X(1) <=> HOX(22) -0.000 -0.002
20 CH2X(27) + HOX(22) <=> CH3X(21) + OX(20) 0.003 0.003
21 CHX(28) + HOX(22) <=> CH2X(27) + OX(20) 0.113 0.114
22 CX(26) + HOX(22) <=> CHX(28) + OX(20) 0.000 0.000
23 CH4(2) + HOX(22) + X(1) <=> CH3X(21) + H2OX(23) -0.000 -0.000
24 H2O(5) + X(1) <=> H2OX(23) 0.000 0.000
25 H2OX(23) + OX(20) <=> 2 HOX(22) -0.000 -0.000
26 HOX(22) + HX(19) <=> H2OX(23) + X(1) -0.000 0.000
27 CO(7) + X(1) <=> OCX(25) 0.000 0.000
28 CX(26) + OX(20) <=> OCX(25) + X(1) -0.072 -0.076
29 CO(7) + X(1) <=> COX(50) -0.000 -0.000
30 C2H4(47) + X(1) <=> C2H4X(206) 0.000 -0.000
31 CH3OH(14) + X(1) <=> CH4OX(60) 0.000 -0.000
32 CO2(4) + X(1) <=> CO2X(24) 0.000 -0.000
33 OCX(25) + OX(20) <=> CO2X(24) + X(1) 0.000 -0.000
34 CO2X(24) + HX(19) <=> HOX(22) + OCX(25) 0.000 0.000
Finished sensitivity simulation for a C/O ratio of 0.7
Finished translating for C/O ratio of 0.7
Starting sensitivity simulation for a C/O ratio of 1.4
0 CH4(2) + X(1) <=> CH4X(48) -0.000 -0.000
1 O2(3) + 2 X(1) <=> 2 OX(20) -0.000 -0.000
2 H2(6) + 2 X(1) <=> 2 HX(19) -0.002 -0.002
3 H(12) + X(1) <=> HX(19) -0.000 0.000
4 CH4(2) + 2 X(1) <=> CH3X(21) + HX(19) -0.065 -0.999
5 C2H6(8) + 2 X(1) <=> 2 CH3X(21) -0.018 -0.058
6 CH3(10) + X(1) <=> CH3X(21) -0.000 -0.000
7 CH2X(27) + HX(19) <=> CH3X(21) + X(1) -0.000 -0.000
8 CHX(28) + HX(19) <=> CH2X(27) + X(1) 0.000 -0.000
9 2 CH2X(27) <=> CH3X(21) + CHX(28) -0.000 0.000
10 CHX(28) + X(1) <=> CX(26) + HX(19) -0.000 -0.000
11 CX(26) + H2(6) <=> CH2X(27) -0.000 -0.000
12 CH3X(21) + CX(26) <=> CH2X(27) + CHX(28) -0.000 -0.000
13 CH2X(27) + CX(26) <=> 2 CHX(28) -0.000 0.000
14 H2(6) + X(1) <=> H2X(49) 0.000 0.000
15 CH4(2) + OX(20) + X(1) <=> CH3X(21) + HOX(22) 0.000 0.000
16 HX(19) + OX(20) <=> HOX(22) + X(1) 0.161 0.169
17 H2O(5) + 2 X(1) <=> HOX(22) + HX(19) 0.000 0.002
18 CH3OH(14) + 2 X(1) <=> CH3X(21) + HOX(22) -0.000 -0.000
19 OH(17) + X(1) <=> HOX(22) -0.000 -0.001
20 CH2X(27) + HOX(22) <=> CH3X(21) + OX(20) 0.002 0.002
21 CHX(28) + HOX(22) <=> CH2X(27) + OX(20) 0.069 0.072
22 CX(26) + HOX(22) <=> CHX(28) + OX(20) 0.000 0.000
23 CH4(2) + HOX(22) + X(1) <=> CH3X(21) + H2OX(23) -0.000 -0.000
24 H2O(5) + X(1) <=> H2OX(23) -0.000 0.000
25 H2OX(23) + OX(20) <=> 2 HOX(22) -0.000 -0.000
26 HOX(22) + HX(19) <=> H2OX(23) + X(1) 0.000 -0.000
27 CO(7) + X(1) <=> OCX(25) 0.000 -0.000
28 CX(26) + OX(20) <=> OCX(25) + X(1) -0.039 -0.044
29 CO(7) + X(1) <=> COX(50) -0.000 0.000
30 C2H4(47) + X(1) <=> C2H4X(206) -0.000 -0.000
31 CH3OH(14) + X(1) <=> CH4OX(60) -0.000 -0.000
32 CO2(4) + X(1) <=> CO2X(24) -0.000 0.000
33 OCX(25) + OX(20) <=> CO2X(24) + X(1) -0.000 -0.000
34 CO2X(24) + HX(19) <=> HOX(22) + OCX(25) 0.000 0.000
Finished sensitivity simulation for a C/O ratio of 1.4
Finished translating for C/O ratio of 1.4
