This mechanism contains 38 gas reactions and 29 surface reactions
Finished simulation at a C/O ratio of 2.2
Finished simulation at a C/O ratio of 2.6
Finished simulation at a C/O ratio of 2.0
Finished simulation at a C/O ratio of 1.4
Finished simulation at a C/O ratio of 0.9
Finished simulation at a C/O ratio of 0.7
Finished simulation at a C/O ratio of 0.8
Finished simulation at a C/O ratio of 1.3
Finished simulation at a C/O ratio of 2.4
Finished simulation at a C/O ratio of 1.2
Finished simulation at a C/O ratio of 1.8
Finished simulation at a C/O ratio of 1.1
Finished simulation at a C/O ratio of 1.0
Finished simulation at a C/O ratio of 1.6
Finished simulation at a C/O ratio of 0.6
Starting sensitivity simulation for a C/O ratio of 1.6
0 CH4(2) + X(1) <=> CH4X(48) -0.000 -0.000
1 O2(3) + 2 X(1) <=> 2 OX(20) -0.000 -0.000
2 H2(6) + 2 X(1) <=> 2 HX(19) 0.000 0.000
3 H(12) + X(1) <=> HX(19) 0.000 0.000
4 CH4(2) + 2 X(1) <=> CH3X(21) + HX(19) -0.694 -1.156
5 C2H6(8) + 2 X(1) <=> 2 CH3X(21) -0.001 -0.001
6 CH3(10) + X(1) <=> CH3X(21) -0.054 -0.090
7 H2(6) + X(1) <=> H2X(49) -0.000 -0.000
8 CH4(2) + OX(20) + X(1) <=> CH3X(21) + HOX(22) -0.286 -0.514
9 HX(19) + OX(20) <=> HOX(22) + X(1) -0.081 -0.229
10 H2O(5) + 2 X(1) <=> HOX(22) + HX(19) -0.000 -0.002
11 CH3OH(14) + 2 X(1) <=> CH3X(21) + HOX(22) 0.001 0.000
12 OH(17) + X(1) <=> HOX(22) -0.003 -0.005
13 CH4(2) + HOX(22) + X(1) <=> CH3X(21) + H2OX(23) -0.063 -0.114
14 H2O(5) + X(1) <=> H2OX(23) -0.000 -0.000
15 H2OX(23) + OX(20) <=> 2 HOX(22) 0.032 0.057
16 HOX(22) + HX(19) <=> H2OX(23) + X(1) -0.000 -0.000
17 C2H6(8) + X(1) <=> C2H6X(52) -0.000 -0.000
18 CH3OH(14) + X(1) <=> CH4OX(60) -0.000 -0.000
19 C2H4(47) + X(1) <=> C2H4X(205) -0.000 -0.000
20 CO2(4) + X(1) <=> CO2X(24) -0.000 -0.000
21 CO(7) + X(1) <=> OCX(25) -0.000 -0.000
22 CX(26) + OX(20) <=> OCX(25) + X(1) -0.000 -0.000
23 OCX(25) + OX(20) <=> CO2X(24) + X(1) -0.000 -0.000
24 CO2X(24) + HX(19) <=> HOX(22) + OCX(25) -0.000 -0.000
25 CH2X(27) + HX(19) <=> CH3X(21) + X(1) -0.000 -0.000
26 CHX(28) + HX(19) <=> CH2X(27) + X(1) -0.000 -0.000
27 CHX(28) + X(1) <=> CX(26) + HX(19) -0.000 -0.000
28 CX(26) + H2(6) <=> CH2X(27) -0.000 -0.000
Finished sensitivity simulation for a C/O ratio of 1.6
Finished translating for C/O ratio of 1.6
Starting sensitivity simulation for a C/O ratio of 1.2
0 CH4(2) + X(1) <=> CH4X(48) -0.000 -0.000
1 O2(3) + 2 X(1) <=> 2 OX(20) 0.000 0.000
2 H2(6) + 2 X(1) <=> 2 HX(19) 0.000 0.000
3 H(12) + X(1) <=> HX(19) 0.000 0.000
4 CH4(2) + 2 X(1) <=> CH3X(21) + HX(19) -0.776 -1.275
5 C2H6(8) + 2 X(1) <=> 2 CH3X(21) -0.001 -0.001
6 CH3(10) + X(1) <=> CH3X(21) -0.050 -0.083
7 H2(6) + X(1) <=> H2X(49) -0.000 -0.000
8 CH4(2) + OX(20) + X(1) <=> CH3X(21) + HOX(22) -0.293 -0.525
9 HX(19) + OX(20) <=> HOX(22) + X(1) -0.020 -0.146
10 H2O(5) + 2 X(1) <=> HOX(22) + HX(19) 0.000 -0.001
11 CH3OH(14) + 2 X(1) <=> CH3X(21) + HOX(22) 0.001 0.000
12 OH(17) + X(1) <=> HOX(22) -0.003 -0.006
13 CH4(2) + HOX(22) + X(1) <=> CH3X(21) + H2OX(23) -0.058 -0.104
14 H2O(5) + X(1) <=> H2OX(23) 0.000 0.000
15 H2OX(23) + OX(20) <=> 2 HOX(22) 0.030 0.053
16 HOX(22) + HX(19) <=> H2OX(23) + X(1) -0.000 -0.000
17 C2H6(8) + X(1) <=> C2H6X(52) -0.000 -0.000
18 CH3OH(14) + X(1) <=> CH4OX(60) -0.000 -0.000
19 C2H4(47) + X(1) <=> C2H4X(205) -0.000 -0.000
20 CO2(4) + X(1) <=> CO2X(24) -0.000 -0.000
21 CO(7) + X(1) <=> OCX(25) -0.000 -0.000
22 CX(26) + OX(20) <=> OCX(25) + X(1) -0.000 -0.000
23 OCX(25) + OX(20) <=> CO2X(24) + X(1) 0.000 0.000
24 CO2X(24) + HX(19) <=> HOX(22) + OCX(25) -0.000 -0.000
25 CH2X(27) + HX(19) <=> CH3X(21) + X(1) -0.000 -0.000
26 CHX(28) + HX(19) <=> CH2X(27) + X(1) -0.000 -0.000
27 CHX(28) + X(1) <=> CX(26) + HX(19) -0.000 -0.000
28 CX(26) + H2(6) <=> CH2X(27) -0.000 -0.000
Finished sensitivity simulation for a C/O ratio of 1.2
Finished translating for C/O ratio of 1.2
Starting sensitivity simulation for a C/O ratio of 1.0
0 CH4(2) + X(1) <=> CH4X(48) -0.000 -0.000
1 O2(3) + 2 X(1) <=> 2 OX(20) 0.000 0.000
2 H2(6) + 2 X(1) <=> 2 HX(19) 0.000 0.000
3 H(12) + X(1) <=> HX(19) 0.000 0.000
4 CH4(2) + 2 X(1) <=> CH3X(21) + HX(19) -0.828 -1.349
5 C2H6(8) + 2 X(1) <=> 2 CH3X(21) -0.001 -0.001
6 CH3(10) + X(1) <=> CH3X(21) -0.048 -0.078
7 H2(6) + X(1) <=> H2X(49) 0.000 0.000
8 CH4(2) + OX(20) + X(1) <=> CH3X(21) + HOX(22) -0.296 -0.530
9 HX(19) + OX(20) <=> HOX(22) + X(1) 0.022 -0.091
10 H2O(5) + 2 X(1) <=> HOX(22) + HX(19) 0.001 -0.000
11 CH3OH(14) + 2 X(1) <=> CH3X(21) + HOX(22) 0.000 0.000
12 OH(17) + X(1) <=> HOX(22) -0.004 -0.006
13 CH4(2) + HOX(22) + X(1) <=> CH3X(21) + H2OX(23) -0.055 -0.098
14 H2O(5) + X(1) <=> H2OX(23) -0.000 -0.000
15 H2OX(23) + OX(20) <=> 2 HOX(22) 0.028 0.050
16 HOX(22) + HX(19) <=> H2OX(23) + X(1) -0.000 -0.000
17 C2H6(8) + X(1) <=> C2H6X(52) 0.000 0.000
18 CH3OH(14) + X(1) <=> CH4OX(60) 0.000 0.000
19 C2H4(47) + X(1) <=> C2H4X(205) 0.000 0.000
20 CO2(4) + X(1) <=> CO2X(24) 0.000 0.000
21 CO(7) + X(1) <=> OCX(25) 0.000 0.000
22 CX(26) + OX(20) <=> OCX(25) + X(1) -0.000 -0.000
23 OCX(25) + OX(20) <=> CO2X(24) + X(1) 0.000 0.000
24 CO2X(24) + HX(19) <=> HOX(22) + OCX(25) 0.000 0.000
25 CH2X(27) + HX(19) <=> CH3X(21) + X(1) 0.000 0.000
26 CHX(28) + HX(19) <=> CH2X(27) + X(1) 0.000 0.000
27 CHX(28) + X(1) <=> CX(26) + HX(19) -0.000 -0.000
28 CX(26) + H2(6) <=> CH2X(27) -0.000 -0.000
Finished sensitivity simulation for a C/O ratio of 1.0
Finished translating for C/O ratio of 1.0
Starting sensitivity simulation for a C/O ratio of 2.6
0 CH4(2) + X(1) <=> CH4X(48) 0.000 0.000
1 O2(3) + 2 X(1) <=> 2 OX(20) 0.000 0.000
2 H2(6) + 2 X(1) <=> 2 HX(19) 0.000 0.000
3 H(12) + X(1) <=> HX(19) 0.000 0.000
4 CH4(2) + 2 X(1) <=> CH3X(21) + HX(19) -0.556 -0.957
5 C2H6(8) + 2 X(1) <=> 2 CH3X(21) -0.001 -0.001
6 CH3(10) + X(1) <=> CH3X(21) -0.056 -0.096
7 H2(6) + X(1) <=> H2X(49) 0.000 0.000
8 CH4(2) + OX(20) + X(1) <=> CH3X(21) + HOX(22) -0.269 -0.493
9 HX(19) + OX(20) <=> HOX(22) + X(1) -0.166 -0.356
10 H2O(5) + 2 X(1) <=> HOX(22) + HX(19) -0.002 -0.004
11 CH3OH(14) + 2 X(1) <=> CH3X(21) + HOX(22) 0.001 0.001
12 OH(17) + X(1) <=> HOX(22) -0.003 -0.004
13 CH4(2) + HOX(22) + X(1) <=> CH3X(21) + H2OX(23) -0.070 -0.128
14 H2O(5) + X(1) <=> H2OX(23) 0.000 0.000
15 H2OX(23) + OX(20) <=> 2 HOX(22) 0.035 0.063
16 HOX(22) + HX(19) <=> H2OX(23) + X(1) -0.000 -0.000
17 C2H6(8) + X(1) <=> C2H6X(52) 0.000 0.000
18 CH3OH(14) + X(1) <=> CH4OX(60) 0.000 0.000
19 C2H4(47) + X(1) <=> C2H4X(205) 0.000 0.000
20 CO2(4) + X(1) <=> CO2X(24) 0.000 0.000
21 CO(7) + X(1) <=> OCX(25) 0.000 0.000
22 CX(26) + OX(20) <=> OCX(25) + X(1) 0.000 0.000
23 OCX(25) + OX(20) <=> CO2X(24) + X(1) 0.000 0.000
24 CO2X(24) + HX(19) <=> HOX(22) + OCX(25) 0.000 0.000
25 CH2X(27) + HX(19) <=> CH3X(21) + X(1) 0.000 0.000
26 CHX(28) + HX(19) <=> CH2X(27) + X(1) 0.000 0.000
27 CHX(28) + X(1) <=> CX(26) + HX(19) 0.000 0.000
28 CX(26) + H2(6) <=> CH2X(27) 0.000 0.000
Finished sensitivity simulation for a C/O ratio of 2.6
Finished translating for C/O ratio of 2.6
Starting sensitivity simulation for a C/O ratio of 0.8
0 CH4(2) + X(1) <=> CH4X(48) -0.000 -0.000
1 O2(3) + 2 X(1) <=> 2 OX(20) -0.000 -0.000
2 H2(6) + 2 X(1) <=> 2 HX(19) 0.000 0.000
3 H(12) + X(1) <=> HX(19) -0.000 -0.000
4 CH4(2) + 2 X(1) <=> CH3X(21) + HX(19) -0.889 -1.437
5 C2H6(8) + 2 X(1) <=> 2 CH3X(21) -0.001 -0.001
6 CH3(10) + X(1) <=> CH3X(21) -0.044 -0.071
7 H2(6) + X(1) <=> H2X(49) -0.000 -0.000
8 CH4(2) + OX(20) + X(1) <=> CH3X(21) + HOX(22) -0.296 -0.534
9 HX(19) + OX(20) <=> HOX(22) + X(1) 0.078 -0.019
10 H2O(5) + 2 X(1) <=> HOX(22) + HX(19) 0.001 0.001
11 CH3OH(14) + 2 X(1) <=> CH3X(21) + HOX(22) 0.000 0.000
12 OH(17) + X(1) <=> HOX(22) -0.004 -0.007
13 CH4(2) + HOX(22) + X(1) <=> CH3X(21) + H2OX(23) -0.050 -0.091
14 H2O(5) + X(1) <=> H2OX(23) -0.000 -0.000
15 H2OX(23) + OX(20) <=> 2 HOX(22) 0.027 0.047
16 HOX(22) + HX(19) <=> H2OX(23) + X(1) -0.000 -0.000
17 C2H6(8) + X(1) <=> C2H6X(52) -0.000 -0.000
18 CH3OH(14) + X(1) <=> CH4OX(60) -0.000 -0.000
19 C2H4(47) + X(1) <=> C2H4X(205) -0.000 -0.000
20 CO2(4) + X(1) <=> CO2X(24) -0.000 -0.000
21 CO(7) + X(1) <=> OCX(25) -0.000 -0.000
22 CX(26) + OX(20) <=> OCX(25) + X(1) -0.000 -0.000
23 OCX(25) + OX(20) <=> CO2X(24) + X(1) -0.000 -0.000
24 CO2X(24) + HX(19) <=> HOX(22) + OCX(25) -0.000 -0.000
25 CH2X(27) + HX(19) <=> CH3X(21) + X(1) -0.000 -0.000
26 CHX(28) + HX(19) <=> CH2X(27) + X(1) -0.000 -0.000
27 CHX(28) + X(1) <=> CX(26) + HX(19) -0.000 -0.000
28 CX(26) + H2(6) <=> CH2X(27) -0.000 -0.000
Finished sensitivity simulation for a C/O ratio of 0.8
Finished translating for C/O ratio of 0.8
Starting sensitivity simulation for a C/O ratio of 1.1
0 CH4(2) + X(1) <=> CH4X(48) -0.000 -0.000
1 O2(3) + 2 X(1) <=> 2 OX(20) -0.000 -0.000
2 H2(6) + 2 X(1) <=> 2 HX(19) 0.000 0.000
3 H(12) + X(1) <=> HX(19) 0.000 0.000
4 CH4(2) + 2 X(1) <=> CH3X(21) + HX(19) -0.801 -1.311
5 C2H6(8) + 2 X(1) <=> 2 CH3X(21) -0.001 -0.001
6 CH3(10) + X(1) <=> CH3X(21) -0.049 -0.081
7 H2(6) + X(1) <=> H2X(49) 0.000 0.000
8 CH4(2) + OX(20) + X(1) <=> CH3X(21) + HOX(22) -0.294 -0.527
9 HX(19) + OX(20) <=> HOX(22) + X(1) -0.000 -0.120
10 H2O(5) + 2 X(1) <=> HOX(22) + HX(19) 0.000 -0.001
11 CH3OH(14) + 2 X(1) <=> CH3X(21) + HOX(22) 0.000 0.000
12 OH(17) + X(1) <=> HOX(22) -0.004 -0.006
13 CH4(2) + HOX(22) + X(1) <=> CH3X(21) + H2OX(23) -0.057 -0.102
14 H2O(5) + X(1) <=> H2OX(23) 0.000 0.000
15 H2OX(23) + OX(20) <=> 2 HOX(22) 0.029 0.051
16 HOX(22) + HX(19) <=> H2OX(23) + X(1) 0.000 0.000
17 C2H6(8) + X(1) <=> C2H6X(52) 0.000 0.000
18 CH3OH(14) + X(1) <=> CH4OX(60) -0.000 -0.000
19 C2H4(47) + X(1) <=> C2H4X(205) 0.000 0.000
20 CO2(4) + X(1) <=> CO2X(24) 0.000 0.000
21 CO(7) + X(1) <=> OCX(25) 0.000 0.000
22 CX(26) + OX(20) <=> OCX(25) + X(1) 0.000 0.000
23 OCX(25) + OX(20) <=> CO2X(24) + X(1) 0.000 0.000
24 CO2X(24) + HX(19) <=> HOX(22) + OCX(25) -0.000 -0.000
25 CH2X(27) + HX(19) <=> CH3X(21) + X(1) 0.000 0.000
26 CHX(28) + HX(19) <=> CH2X(27) + X(1) -0.000 -0.000
27 CHX(28) + X(1) <=> CX(26) + HX(19) -0.000 -0.000
28 CX(26) + H2(6) <=> CH2X(27) -0.000 -0.000
Finished sensitivity simulation for a C/O ratio of 1.1
Finished translating for C/O ratio of 1.1
Starting sensitivity simulation for a C/O ratio of 2.4
0 CH4(2) + X(1) <=> CH4X(48) -0.000 -0.000
1 O2(3) + 2 X(1) <=> 2 OX(20) 0.000 0.000
2 H2(6) + 2 X(1) <=> 2 HX(19) 0.000 0.000
3 H(12) + X(1) <=> HX(19) 0.000 0.000
4 CH4(2) + 2 X(1) <=> CH3X(21) + HX(19) -0.578 -0.989
5 C2H6(8) + 2 X(1) <=> 2 CH3X(21) -0.001 -0.001
6 CH3(10) + X(1) <=> CH3X(21) -0.056 -0.096
7 H2(6) + X(1) <=> H2X(49) 0.000 0.000
8 CH4(2) + OX(20) + X(1) <=> CH3X(21) + HOX(22) -0.272 -0.496
9 HX(19) + OX(20) <=> HOX(22) + X(1) -0.153 -0.336
10 H2O(5) + 2 X(1) <=> HOX(22) + HX(19) -0.002 -0.004
11 CH3OH(14) + 2 X(1) <=> CH3X(21) + HOX(22) 0.001 0.001
12 OH(17) + X(1) <=> HOX(22) -0.003 -0.005
13 CH4(2) + HOX(22) + X(1) <=> CH3X(21) + H2OX(23) -0.069 -0.126
14 H2O(5) + X(1) <=> H2OX(23) -0.000 -0.000
15 H2OX(23) + OX(20) <=> 2 HOX(22) 0.034 0.062
16 HOX(22) + HX(19) <=> H2OX(23) + X(1) -0.000 -0.000
17 C2H6(8) + X(1) <=> C2H6X(52) 0.000 0.000
18 CH3OH(14) + X(1) <=> CH4OX(60) 0.000 0.000
19 C2H4(47) + X(1) <=> C2H4X(205) -0.000 -0.000
20 CO2(4) + X(1) <=> CO2X(24) -0.000 0.000
21 CO(7) + X(1) <=> OCX(25) 0.000 0.000
22 CX(26) + OX(20) <=> OCX(25) + X(1) -0.000 0.000
23 OCX(25) + OX(20) <=> CO2X(24) + X(1) -0.000 -0.000
24 CO2X(24) + HX(19) <=> HOX(22) + OCX(25) 0.000 0.000
25 CH2X(27) + HX(19) <=> CH3X(21) + X(1) -0.000 -0.000
26 CHX(28) + HX(19) <=> CH2X(27) + X(1) 0.000 0.000
27 CHX(28) + X(1) <=> CX(26) + HX(19) -0.000 -0.000
28 CX(26) + H2(6) <=> CH2X(27) 0.000 0.000
Finished sensitivity simulation for a C/O ratio of 2.4
Finished translating for C/O ratio of 2.4
Starting sensitivity simulation for a C/O ratio of 1.4
0 CH4(2) + X(1) <=> CH4X(48) 0.000 0.000
1 O2(3) + 2 X(1) <=> 2 OX(20) 0.000 0.000
2 H2(6) + 2 X(1) <=> 2 HX(19) 0.000 0.000
3 H(12) + X(1) <=> HX(19) 0.000 0.000
4 CH4(2) + 2 X(1) <=> CH3X(21) + HX(19) -0.732 -1.212
5 C2H6(8) + 2 X(1) <=> 2 CH3X(21) -0.001 -0.001
6 CH3(10) + X(1) <=> CH3X(21) -0.052 -0.087
7 H2(6) + X(1) <=> H2X(49) 0.000 0.000
8 CH4(2) + OX(20) + X(1) <=> CH3X(21) + HOX(22) -0.290 -0.519
9 HX(19) + OX(20) <=> HOX(22) + X(1) -0.053 -0.191
10 H2O(5) + 2 X(1) <=> HOX(22) + HX(19) -0.000 -0.001
11 CH3OH(14) + 2 X(1) <=> CH3X(21) + HOX(22) 0.001 0.000
12 OH(17) + X(1) <=> HOX(22) -0.003 -0.005
13 CH4(2) + HOX(22) + X(1) <=> CH3X(21) + H2OX(23) -0.061 -0.109
14 H2O(5) + X(1) <=> H2OX(23) 0.000 0.000
15 H2OX(23) + OX(20) <=> 2 HOX(22) 0.031 0.055
16 HOX(22) + HX(19) <=> H2OX(23) + X(1) 0.000 0.000
17 C2H6(8) + X(1) <=> C2H6X(52) 0.000 0.000
18 CH3OH(14) + X(1) <=> CH4OX(60) 0.000 0.000
19 C2H4(47) + X(1) <=> C2H4X(205) 0.000 0.000
20 CO2(4) + X(1) <=> CO2X(24) 0.000 0.000
21 CO(7) + X(1) <=> OCX(25) 0.000 0.000
22 CX(26) + OX(20) <=> OCX(25) + X(1) 0.000 0.000
23 OCX(25) + OX(20) <=> CO2X(24) + X(1) 0.000 0.000
24 CO2X(24) + HX(19) <=> HOX(22) + OCX(25) 0.000 0.000
25 CH2X(27) + HX(19) <=> CH3X(21) + X(1) 0.000 0.000
26 CHX(28) + HX(19) <=> CH2X(27) + X(1) 0.000 0.000
27 CHX(28) + X(1) <=> CX(26) + HX(19) 0.000 0.000
28 CX(26) + H2(6) <=> CH2X(27) 0.000 0.000
Finished sensitivity simulation for a C/O ratio of 1.4
Finished translating for C/O ratio of 1.4
Starting sensitivity simulation for a C/O ratio of 1.8
0 CH4(2) + X(1) <=> CH4X(48) -0.000 -0.000
1 O2(3) + 2 X(1) <=> 2 OX(20) -0.000 -0.000
2 H2(6) + 2 X(1) <=> 2 HX(19) 0.000 0.000
3 H(12) + X(1) <=> HX(19) 0.000 0.000
4 CH4(2) + 2 X(1) <=> CH3X(21) + HX(19) -0.660 -1.108
5 C2H6(8) + 2 X(1) <=> 2 CH3X(21) -0.001 -0.001
6 CH3(10) + X(1) <=> CH3X(21) -0.055 -0.092
7 H2(6) + X(1) <=> H2X(49) -0.000 -0.000
8 CH4(2) + OX(20) + X(1) <=> CH3X(21) + HOX(22) -0.283 -0.509
9 HX(19) + OX(20) <=> HOX(22) + X(1) -0.103 -0.261
10 H2O(5) + 2 X(1) <=> HOX(22) + HX(19) -0.001 -0.003
11 CH3OH(14) + 2 X(1) <=> CH3X(21) + HOX(22) 0.001 0.001
12 OH(17) + X(1) <=> HOX(22) -0.003 -0.005
13 CH4(2) + HOX(22) + X(1) <=> CH3X(21) + H2OX(23) -0.065 -0.117
14 H2O(5) + X(1) <=> H2OX(23) -0.000 -0.000
15 H2OX(23) + OX(20) <=> 2 HOX(22) 0.033 0.058
16 HOX(22) + HX(19) <=> H2OX(23) + X(1) -0.000 -0.000
17 C2H6(8) + X(1) <=> C2H6X(52) -0.000 0.000
18 CH3OH(14) + X(1) <=> CH4OX(60) -0.000 -0.000
19 C2H4(47) + X(1) <=> C2H4X(205) -0.000 -0.000
20 CO2(4) + X(1) <=> CO2X(24) -0.000 0.000
21 CO(7) + X(1) <=> OCX(25) -0.000 -0.000
22 CX(26) + OX(20) <=> OCX(25) + X(1) -0.000 -0.000
23 OCX(25) + OX(20) <=> CO2X(24) + X(1) -0.000 -0.000
24 CO2X(24) + HX(19) <=> HOX(22) + OCX(25) -0.000 -0.000
25 CH2X(27) + HX(19) <=> CH3X(21) + X(1) -0.000 -0.000
26 CHX(28) + HX(19) <=> CH2X(27) + X(1) -0.000 -0.000
27 CHX(28) + X(1) <=> CX(26) + HX(19) -0.000 -0.000
28 CX(26) + H2(6) <=> CH2X(27) -0.000 -0.000
Finished sensitivity simulation for a C/O ratio of 1.8
Finished translating for C/O ratio of 1.8
Starting sensitivity simulation for a C/O ratio of 2.0
0 CH4(2) + X(1) <=> CH4X(48) -0.000 -0.000
1 O2(3) + 2 X(1) <=> 2 OX(20) -0.000 -0.000
2 H2(6) + 2 X(1) <=> 2 HX(19) 0.000 0.000
3 H(12) + X(1) <=> HX(19) 0.000 0.000
4 CH4(2) + 2 X(1) <=> CH3X(21) + HX(19) -0.630 -1.064
5 C2H6(8) + 2 X(1) <=> 2 CH3X(21) -0.001 -0.001
6 CH3(10) + X(1) <=> CH3X(21) -0.055 -0.094
7 H2(6) + X(1) <=> H2X(49) -0.000 -0.000
8 CH4(2) + OX(20) + X(1) <=> CH3X(21) + HOX(22) -0.279 -0.505
9 HX(19) + OX(20) <=> HOX(22) + X(1) -0.123 -0.289
10 H2O(5) + 2 X(1) <=> HOX(22) + HX(19) -0.001 -0.003
11 CH3OH(14) + 2 X(1) <=> CH3X(21) + HOX(22) 0.001 0.001
12 OH(17) + X(1) <=> HOX(22) -0.003 -0.005
13 CH4(2) + HOX(22) + X(1) <=> CH3X(21) + H2OX(23) -0.067 -0.120
14 H2O(5) + X(1) <=> H2OX(23) -0.000 -0.000
15 H2OX(23) + OX(20) <=> 2 HOX(22) 0.033 0.060
16 HOX(22) + HX(19) <=> H2OX(23) + X(1) -0.000 -0.000
17 C2H6(8) + X(1) <=> C2H6X(52) -0.000 -0.000
18 CH3OH(14) + X(1) <=> CH4OX(60) -0.000 -0.000
19 C2H4(47) + X(1) <=> C2H4X(205) -0.000 -0.000
20 CO2(4) + X(1) <=> CO2X(24) -0.000 -0.000
21 CO(7) + X(1) <=> OCX(25) -0.000 -0.000
22 CX(26) + OX(20) <=> OCX(25) + X(1) -0.000 -0.000
23 OCX(25) + OX(20) <=> CO2X(24) + X(1) -0.000 -0.000
24 CO2X(24) + HX(19) <=> HOX(22) + OCX(25) -0.000 -0.000
25 CH2X(27) + HX(19) <=> CH3X(21) + X(1) -0.000 -0.000
26 CHX(28) + HX(19) <=> CH2X(27) + X(1) -0.000 -0.000
27 CHX(28) + X(1) <=> CX(26) + HX(19) -0.000 -0.000
28 CX(26) + H2(6) <=> CH2X(27) -0.000 -0.000
Finished sensitivity simulation for a C/O ratio of 2.0
Finished translating for C/O ratio of 2.0
Starting sensitivity simulation for a C/O ratio of 0.6
0 CH4(2) + X(1) <=> CH4X(48) 0.000 0.000
1 O2(3) + 2 X(1) <=> 2 OX(20) 0.000 0.000
2 H2(6) + 2 X(1) <=> 2 HX(19) 0.000 0.000
3 H(12) + X(1) <=> HX(19) 0.000 0.000
4 CH4(2) + 2 X(1) <=> CH3X(21) + HX(19) -0.964 -1.544
5 C2H6(8) + 2 X(1) <=> 2 CH3X(21) -0.001 -0.001
6 CH3(10) + X(1) <=> CH3X(21) -0.038 -0.061
7 H2(6) + X(1) <=> H2X(49) 0.000 0.000
8 CH4(2) + OX(20) + X(1) <=> CH3X(21) + HOX(22) -0.293 -0.535
9 HX(19) + OX(20) <=> HOX(22) + X(1) 0.159 0.078
10 H2O(5) + 2 X(1) <=> HOX(22) + HX(19) 0.002 0.001
11 CH3OH(14) + 2 X(1) <=> CH3X(21) + HOX(22) 0.000 0.000
12 OH(17) + X(1) <=> HOX(22) -0.005 -0.008
13 CH4(2) + HOX(22) + X(1) <=> CH3X(21) + H2OX(23) -0.044 -0.081
14 H2O(5) + X(1) <=> H2OX(23) 0.000 0.000
15 H2OX(23) + OX(20) <=> 2 HOX(22) 0.025 0.043
16 HOX(22) + HX(19) <=> H2OX(23) + X(1) 0.000 0.000
17 C2H6(8) + X(1) <=> C2H6X(52) 0.000 0.000
18 CH3OH(14) + X(1) <=> CH4OX(60) 0.000 0.000
19 C2H4(47) + X(1) <=> C2H4X(205) 0.000 0.000
20 CO2(4) + X(1) <=> CO2X(24) 0.000 0.000
21 CO(7) + X(1) <=> OCX(25) 0.000 0.000
22 CX(26) + OX(20) <=> OCX(25) + X(1) -0.000 -0.000
23 OCX(25) + OX(20) <=> CO2X(24) + X(1) 0.000 0.000
24 CO2X(24) + HX(19) <=> HOX(22) + OCX(25) 0.000 0.000
25 CH2X(27) + HX(19) <=> CH3X(21) + X(1) 0.000 0.000
26 CHX(28) + HX(19) <=> CH2X(27) + X(1) 0.000 0.000
27 CHX(28) + X(1) <=> CX(26) + HX(19) 0.000 0.000
28 CX(26) + H2(6) <=> CH2X(27) 0.000 0.000
Finished sensitivity simulation for a C/O ratio of 0.6
Finished translating for C/O ratio of 0.6
Starting sensitivity simulation for a C/O ratio of 2.2
0 CH4(2) + X(1) <=> CH4X(48) -0.000 -0.000
1 O2(3) + 2 X(1) <=> 2 OX(20) -0.000 -0.000
2 H2(6) + 2 X(1) <=> 2 HX(19) 0.000 0.000
3 H(12) + X(1) <=> HX(19) -0.000 -0.000
4 CH4(2) + 2 X(1) <=> CH3X(21) + HX(19) -0.603 -1.025
5 C2H6(8) + 2 X(1) <=> 2 CH3X(21) -0.001 -0.001
6 CH3(10) + X(1) <=> CH3X(21) -0.056 -0.095
7 H2(6) + X(1) <=> H2X(49) -0.000 -0.000
8 CH4(2) + OX(20) + X(1) <=> CH3X(21) + HOX(22) -0.276 -0.500
9 HX(19) + OX(20) <=> HOX(22) + X(1) -0.139 -0.314
10 H2O(5) + 2 X(1) <=> HOX(22) + HX(19) -0.001 -0.003
11 CH3OH(14) + 2 X(1) <=> CH3X(21) + HOX(22) 0.001 0.001
12 OH(17) + X(1) <=> HOX(22) -0.003 -0.005
13 CH4(2) + HOX(22) + X(1) <=> CH3X(21) + H2OX(23) -0.068 -0.123
14 H2O(5) + X(1) <=> H2OX(23) -0.000 -0.000
15 H2OX(23) + OX(20) <=> 2 HOX(22) 0.034 0.061
16 HOX(22) + HX(19) <=> H2OX(23) + X(1) -0.000 -0.000
17 C2H6(8) + X(1) <=> C2H6X(52) -0.000 -0.000
18 CH3OH(14) + X(1) <=> CH4OX(60) -0.000 -0.000
19 C2H4(47) + X(1) <=> C2H4X(205) -0.000 -0.000
20 CO2(4) + X(1) <=> CO2X(24) -0.000 -0.000
21 CO(7) + X(1) <=> OCX(25) -0.000 -0.000
22 CX(26) + OX(20) <=> OCX(25) + X(1) -0.000 -0.000
23 OCX(25) + OX(20) <=> CO2X(24) + X(1) -0.000 -0.000
24 CO2X(24) + HX(19) <=> HOX(22) + OCX(25) -0.000 -0.000
25 CH2X(27) + HX(19) <=> CH3X(21) + X(1) -0.000 -0.000
26 CHX(28) + HX(19) <=> CH2X(27) + X(1) -0.000 -0.000
27 CHX(28) + X(1) <=> CX(26) + HX(19) -0.000 -0.000
28 CX(26) + H2(6) <=> CH2X(27) -0.000 -0.000
Finished sensitivity simulation for a C/O ratio of 2.2
Finished translating for C/O ratio of 2.2
Starting sensitivity simulation for a C/O ratio of 1.3
0 CH4(2) + X(1) <=> CH4X(48) -0.000 -0.000
1 O2(3) + 2 X(1) <=> 2 OX(20) -0.000 -0.000
2 H2(6) + 2 X(1) <=> 2 HX(19) 0.000 0.000
3 H(12) + X(1) <=> HX(19) 0.000 0.000
4 CH4(2) + 2 X(1) <=> CH3X(21) + HX(19) -0.753 -1.242
5 C2H6(8) + 2 X(1) <=> 2 CH3X(21) -0.001 -0.001
6 CH3(10) + X(1) <=> CH3X(21) -0.051 -0.085
7 H2(6) + X(1) <=> H2X(49) -0.000 -0.000
8 CH4(2) + OX(20) + X(1) <=> CH3X(21) + HOX(22) -0.291 -0.522
9 HX(19) + OX(20) <=> HOX(22) + X(1) -0.038 -0.170
10 H2O(5) + 2 X(1) <=> HOX(22) + HX(19) 0.000 -0.001
11 CH3OH(14) + 2 X(1) <=> CH3X(21) + HOX(22) 0.001 0.000
12 OH(17) + X(1) <=> HOX(22) -0.003 -0.005
13 CH4(2) + HOX(22) + X(1) <=> CH3X(21) + H2OX(23) -0.060 -0.107
14 H2O(5) + X(1) <=> H2OX(23) -0.000 -0.000
15 H2OX(23) + OX(20) <=> 2 HOX(22) 0.030 0.054
16 HOX(22) + HX(19) <=> H2OX(23) + X(1) -0.000 -0.000
17 C2H6(8) + X(1) <=> C2H6X(52) -0.000 -0.000
18 CH3OH(14) + X(1) <=> CH4OX(60) -0.000 -0.000
19 C2H4(47) + X(1) <=> C2H4X(205) -0.000 -0.000
20 CO2(4) + X(1) <=> CO2X(24) -0.000 -0.000
21 CO(7) + X(1) <=> OCX(25) -0.000 -0.000
22 CX(26) + OX(20) <=> OCX(25) + X(1) -0.000 -0.000
23 OCX(25) + OX(20) <=> CO2X(24) + X(1) -0.000 -0.000
24 CO2X(24) + HX(19) <=> HOX(22) + OCX(25) -0.000 -0.000
25 CH2X(27) + HX(19) <=> CH3X(21) + X(1) -0.000 -0.000
26 CHX(28) + HX(19) <=> CH2X(27) + X(1) -0.000 -0.000
27 CHX(28) + X(1) <=> CX(26) + HX(19) -0.000 -0.000
28 CX(26) + H2(6) <=> CH2X(27) -0.000 -0.000
Finished sensitivity simulation for a C/O ratio of 1.3
Finished translating for C/O ratio of 1.3
Starting sensitivity simulation for a C/O ratio of 0.7
0 CH4(2) + X(1) <=> CH4X(48) 0.000 0.000
1 O2(3) + 2 X(1) <=> 2 OX(20) 0.000 0.000
2 H2(6) + 2 X(1) <=> 2 HX(19) 0.000 0.000
3 H(12) + X(1) <=> HX(19) 0.000 0.000
4 CH4(2) + 2 X(1) <=> CH3X(21) + HX(19) -0.925 -1.488
5 C2H6(8) + 2 X(1) <=> 2 CH3X(21) -0.001 -0.001
6 CH3(10) + X(1) <=> CH3X(21) -0.041 -0.067
7 H2(6) + X(1) <=> H2X(49) 0.000 0.000
8 CH4(2) + OX(20) + X(1) <=> CH3X(21) + HOX(22) -0.296 -0.535
9 HX(19) + OX(20) <=> HOX(22) + X(1) 0.115 0.025
10 H2O(5) + 2 X(1) <=> HOX(22) + HX(19) 0.002 0.001
11 CH3OH(14) + 2 X(1) <=> CH3X(21) + HOX(22) 0.000 0.000
12 OH(17) + X(1) <=> HOX(22) -0.004 -0.007
13 CH4(2) + HOX(22) + X(1) <=> CH3X(21) + H2OX(23) -0.048 -0.086
14 H2O(5) + X(1) <=> H2OX(23) 0.000 0.000
15 H2OX(23) + OX(20) <=> 2 HOX(22) 0.026 0.045
16 HOX(22) + HX(19) <=> H2OX(23) + X(1) 0.000 0.000
17 C2H6(8) + X(1) <=> C2H6X(52) 0.000 0.000
18 CH3OH(14) + X(1) <=> CH4OX(60) 0.000 0.000
19 C2H4(47) + X(1) <=> C2H4X(205) 0.000 0.000
20 CO2(4) + X(1) <=> CO2X(24) 0.000 0.000
21 CO(7) + X(1) <=> OCX(25) 0.000 0.000
22 CX(26) + OX(20) <=> OCX(25) + X(1) 0.000 0.000
23 OCX(25) + OX(20) <=> CO2X(24) + X(1) 0.000 0.000
24 CO2X(24) + HX(19) <=> HOX(22) + OCX(25) 0.000 0.000
25 CH2X(27) + HX(19) <=> CH3X(21) + X(1) 0.000 0.000
26 CHX(28) + HX(19) <=> CH2X(27) + X(1) 0.000 0.000
27 CHX(28) + X(1) <=> CX(26) + HX(19) 0.000 0.000
28 CX(26) + H2(6) <=> CH2X(27) 0.000 0.000
Finished sensitivity simulation for a C/O ratio of 0.7
Finished translating for C/O ratio of 0.7
Starting sensitivity simulation for a C/O ratio of 0.9
0 CH4(2) + X(1) <=> CH4X(48) 0.000 0.000
1 O2(3) + 2 X(1) <=> 2 OX(20) 0.000 0.000
2 H2(6) + 2 X(1) <=> 2 HX(19) 0.000 0.000
3 H(12) + X(1) <=> HX(19) 0.000 0.000
4 CH4(2) + 2 X(1) <=> CH3X(21) + HX(19) -0.857 -1.391
5 C2H6(8) + 2 X(1) <=> 2 CH3X(21) -0.001 -0.001
6 CH3(10) + X(1) <=> CH3X(21) -0.046 -0.075
7 H2(6) + X(1) <=> H2X(49) 0.000 0.000
8 CH4(2) + OX(20) + X(1) <=> CH3X(21) + HOX(22) -0.296 -0.532
9 HX(19) + OX(20) <=> HOX(22) + X(1) 0.048 -0.057
10 H2O(5) + 2 X(1) <=> HOX(22) + HX(19) 0.001 0.000
11 CH3OH(14) + 2 X(1) <=> CH3X(21) + HOX(22) 0.000 0.000
12 OH(17) + X(1) <=> HOX(22) -0.004 -0.006
13 CH4(2) + HOX(22) + X(1) <=> CH3X(21) + H2OX(23) -0.053 -0.095
14 H2O(5) + X(1) <=> H2OX(23) 0.000 0.000
15 H2OX(23) + OX(20) <=> 2 HOX(22) 0.028 0.049
16 HOX(22) + HX(19) <=> H2OX(23) + X(1) 0.000 0.000
17 C2H6(8) + X(1) <=> C2H6X(52) 0.000 0.000
18 CH3OH(14) + X(1) <=> CH4OX(60) 0.000 0.000
19 C2H4(47) + X(1) <=> C2H4X(205) -0.000 -0.000
20 CO2(4) + X(1) <=> CO2X(24) -0.000 -0.000
21 CO(7) + X(1) <=> OCX(25) 0.000 0.000
22 CX(26) + OX(20) <=> OCX(25) + X(1) -0.000 -0.000
23 OCX(25) + OX(20) <=> CO2X(24) + X(1) 0.000 0.000
24 CO2X(24) + HX(19) <=> HOX(22) + OCX(25) 0.000 0.000
25 CH2X(27) + HX(19) <=> CH3X(21) + X(1) 0.000 0.000
26 CHX(28) + HX(19) <=> CH2X(27) + X(1) 0.000 0.000
27 CHX(28) + X(1) <=> CX(26) + HX(19) 0.000 0.000
28 CX(26) + H2(6) <=> CH2X(27) -0.000 -0.000
Finished sensitivity simulation for a C/O ratio of 0.9
Finished translating for C/O ratio of 0.9
