This mechanism contains 51 gas reactions and 34 surface reactions
Finished simulation at a C/O ratio of 0.7
Finished simulation at a C/O ratio of 1.1
Finished simulation at a C/O ratio of 1.8
Finished simulation at a C/O ratio of 2.0
Finished simulation at a C/O ratio of 1.2
Finished simulation at a C/O ratio of 0.6
Finished simulation at a C/O ratio of 0.9
Finished simulation at a C/O ratio of 2.4
Finished simulation at a C/O ratio of 1.4
Finished simulation at a C/O ratio of 1.6
Finished simulation at a C/O ratio of 1.0
Finished simulation at a C/O ratio of 1.3
Finished simulation at a C/O ratio of 0.8
Finished simulation at a C/O ratio of 2.6
Finished simulation at a C/O ratio of 2.2
Starting thermo sensitivity simulation for a C/O ratio of 0.6
0 X(1) 0.000 0.001 0.001 0.001 0.001
1 HX(19) -0.000 0.000 -0.000 -0.000 0.000
2 OX(20) -0.000 0.000 -0.000 -0.000 0.000
3 CH3X(21) 0.000 0.000 0.000 0.000 0.000
4 HOX(22) 0.000 -0.000 -0.000 -0.000 0.000
5 H2OX(23) -0.000 0.000 0.000 -0.000 0.000
6 CO2X(24) 0.000 -0.000 -0.000 -0.000 0.000
7 OCX(25) 0.000 -0.001 -0.001 -0.001 -0.001
8 CX(26) 0.000 0.000 0.000 0.000 0.000
9 CH2X(27) 0.000 -0.000 -0.000 0.000 0.000
10 CHX(28) 0.000 0.000 0.000 -0.000 0.000
11 CH4X(48) 0.000 -0.000 -0.000 -0.000 -0.000
12 H2X(49) 0.000 0.000 0.000 0.000 0.000
13 COX(50) 0.000 -0.000 -0.000 -0.000 0.000
14 CHOX(53) 0.000 -0.000 -0.000 -0.000 0.000
Finished thermo sensitivity simulation for a C/O ratio of 0.6
Starting thermo sensitivity simulation for a C/O ratio of 1.0
0 X(1) 0.000 0.001 0.001 0.001 0.001
1 HX(19) -0.000 0.000 -0.000 -0.000 0.000
2 OX(20) -0.000 0.000 -0.000 -0.000 0.000
3 CH3X(21) -0.000 -0.000 -0.000 -0.000 0.000
4 HOX(22) -0.000 -0.000 -0.000 0.000 0.000
5 H2OX(23) -0.000 -0.000 -0.000 -0.000 0.000
6 CO2X(24) -0.000 -0.000 -0.000 -0.000 0.000
7 OCX(25) 0.000 -0.001 -0.001 -0.001 -0.001
8 CX(26) -0.000 -0.000 -0.000 0.000 0.000
9 CH2X(27) -0.000 -0.000 -0.000 -0.000 0.000
10 CHX(28) -0.000 -0.000 -0.000 -0.000 0.000
11 CH4X(48) 0.000 -0.000 -0.000 -0.000 -0.000
12 H2X(49) -0.000 -0.000 -0.000 -0.000 0.000
13 COX(50) -0.000 -0.000 -0.000 0.000 0.000
14 CHOX(53) -0.000 -0.000 -0.000 -0.000 0.000
Finished thermo sensitivity simulation for a C/O ratio of 1.0
Starting thermo sensitivity simulation for a C/O ratio of 1.2
0 X(1) 0.000 0.001 0.001 0.001 0.001
1 HX(19) -0.000 0.000 -0.000 -0.000 0.000
2 OX(20) -0.000 0.000 -0.000 -0.000 0.000
3 CH3X(21) -0.000 0.000 -0.000 0.000 -0.000
4 HOX(22) -0.000 -0.000 -0.000 0.000 -0.000
5 H2OX(23) -0.000 0.000 0.000 -0.000 0.000
6 CO2X(24) -0.000 0.000 0.000 0.000 0.000
7 OCX(25) 0.000 -0.001 -0.001 -0.001 -0.001
8 CX(26) -0.000 0.000 0.000 0.000 0.000
9 CH2X(27) -0.000 0.000 0.000 0.000 -0.000
10 CHX(28) -0.000 0.000 -0.000 -0.000 -0.000
11 CH4X(48) 0.000 -0.000 -0.000 -0.000 -0.000
12 H2X(49) -0.000 0.000 0.000 -0.000 0.000
13 COX(50) -0.000 0.000 0.000 0.000 -0.000
14 CHOX(53) -0.000 0.000 0.000 -0.000 0.000
Finished thermo sensitivity simulation for a C/O ratio of 1.2
Starting thermo sensitivity simulation for a C/O ratio of 0.8
0 X(1) 0.000 0.001 0.001 0.001 0.001
1 HX(19) -0.000 0.000 -0.000 -0.000 0.000
2 OX(20) -0.000 0.000 -0.000 -0.000 0.000
3 CH3X(21) 0.000 0.000 0.000 -0.000 0.000
4 HOX(22) -0.000 0.000 0.000 -0.000 -0.000
5 H2OX(23) 0.000 0.000 0.000 -0.000 0.000
6 CO2X(24) -0.000 0.000 0.000 -0.000 0.000
7 OCX(25) 0.000 -0.001 -0.001 -0.001 -0.001
8 CX(26) -0.000 -0.000 -0.000 0.000 0.000
9 CH2X(27) -0.000 0.000 0.000 0.000 -0.000
10 CHX(28) -0.000 -0.000 -0.000 -0.000 -0.000
11 CH4X(48) 0.000 -0.000 -0.000 -0.000 -0.000
12 H2X(49) 0.000 0.000 0.000 0.000 -0.000
13 COX(50) -0.000 -0.000 -0.000 -0.000 0.000
14 CHOX(53) -0.000 0.000 0.000 0.000 -0.000
Finished thermo sensitivity simulation for a C/O ratio of 0.8
Starting thermo sensitivity simulation for a C/O ratio of 1.6
0 X(1) 0.000 0.001 0.001 0.001 0.001
1 HX(19) -0.000 0.000 -0.000 -0.000 0.000
2 OX(20) -0.000 0.000 -0.000 -0.000 0.000
3 CH3X(21) -0.000 0.000 0.000 0.000 -0.000
4 HOX(22) -0.000 0.000 0.000 0.000 -0.000
5 H2OX(23) -0.000 0.000 -0.000 0.000 -0.000
6 CO2X(24) -0.000 -0.000 -0.000 0.000 -0.000
7 OCX(25) 0.000 -0.001 -0.001 -0.001 -0.001
8 CX(26) -0.000 0.000 0.000 0.000 0.000
9 CH2X(27) -0.000 0.000 0.000 0.000 -0.000
10 CHX(28) -0.000 0.000 0.000 -0.000 -0.000
11 CH4X(48) 0.000 -0.000 -0.000 -0.000 -0.000
12 H2X(49) -0.000 0.000 0.000 0.000 -0.000
13 COX(50) -0.000 0.000 -0.000 0.000 -0.000
14 CHOX(53) -0.000 0.000 0.000 0.000 -0.000
Finished thermo sensitivity simulation for a C/O ratio of 1.6
Starting thermo sensitivity simulation for a C/O ratio of 0.7
0 X(1) 0.000 0.001 0.001 0.001 0.001
1 HX(19) -0.000 0.000 -0.000 -0.000 0.000
2 OX(20) -0.000 0.000 -0.000 -0.000 0.000
3 CH3X(21) -0.000 -0.000 -0.000 0.000 -0.000
4 HOX(22) 0.000 0.000 0.000 0.000 -0.000
5 H2OX(23) -0.000 0.000 0.000 0.000 -0.000
6 CO2X(24) -0.000 0.000 0.000 0.000 -0.000
7 OCX(25) 0.000 -0.001 -0.001 -0.001 -0.001
8 CX(26) -0.000 -0.000 -0.000 0.000 0.000
9 CH2X(27) 0.000 0.000 0.000 0.000 -0.000
10 CHX(28) -0.000 0.000 0.000 -0.000 -0.000
11 CH4X(48) 0.000 -0.000 -0.000 -0.000 -0.000
12 H2X(49) -0.000 0.000 0.000 0.000 -0.000
13 COX(50) 0.000 0.000 0.000 -0.000 0.000
14 CHOX(53) -0.000 0.000 0.000 0.000 -0.000
Finished thermo sensitivity simulation for a C/O ratio of 0.7
Starting thermo sensitivity simulation for a C/O ratio of 0.9
0 X(1) 0.000 0.001 0.001 0.001 0.001
1 HX(19) -0.000 0.000 -0.000 -0.000 0.000
2 OX(20) -0.000 0.000 -0.000 -0.000 0.000
3 CH3X(21) 0.000 0.000 0.000 0.000 -0.000
4 HOX(22) 0.000 0.000 0.000 0.000 -0.000
5 H2OX(23) 0.000 0.000 0.000 0.000 -0.000
6 CO2X(24) 0.000 0.000 0.000 0.000 -0.000
7 OCX(25) 0.000 -0.001 -0.001 -0.001 -0.001
8 CX(26) -0.000 0.000 0.000 0.000 0.000
9 CH2X(27) 0.000 0.000 0.000 0.000 -0.000
10 CHX(28) 0.000 0.000 0.000 -0.000 -0.000
11 CH4X(48) 0.000 -0.000 -0.000 -0.000 -0.000
12 H2X(49) -0.000 0.000 0.000 0.000 -0.000
13 COX(50) 0.000 0.000 0.000 0.000 -0.000
14 CHOX(53) -0.000 -0.000 -0.000 0.000 -0.000
Finished thermo sensitivity simulation for a C/O ratio of 0.9
Starting thermo sensitivity simulation for a C/O ratio of 1.4
0 X(1) 0.000 0.001 0.001 0.001 0.001
1 HX(19) -0.000 0.000 -0.000 -0.000 0.000
2 OX(20) -0.000 0.000 -0.000 -0.000 0.000
3 CH3X(21) -0.000 -0.000 -0.000 0.000 -0.000
4 HOX(22) -0.000 -0.000 -0.000 0.000 -0.000
5 H2OX(23) 0.000 -0.000 -0.000 0.000 0.000
6 CO2X(24) -0.000 -0.000 -0.000 0.000 0.000
7 OCX(25) 0.000 -0.001 -0.001 -0.001 -0.001
8 CX(26) 0.000 0.000 0.000 0.000 0.000
9 CH2X(27) 0.000 -0.000 -0.000 -0.000 0.000
10 CHX(28) -0.000 -0.000 -0.000 -0.000 -0.000
11 CH4X(48) 0.000 -0.000 -0.000 -0.000 -0.000
12 H2X(49) -0.000 -0.000 -0.000 0.000 -0.000
13 COX(50) -0.000 -0.000 -0.000 0.000 -0.000
14 CHOX(53) -0.000 -0.000 -0.000 -0.000 0.000
Finished thermo sensitivity simulation for a C/O ratio of 1.4
Starting thermo sensitivity simulation for a C/O ratio of 2.0
0 X(1) 0.000 0.001 0.001 0.001 0.001
1 HX(19) -0.000 0.000 -0.000 -0.000 0.000
2 OX(20) -0.000 0.000 -0.000 -0.000 0.000
3 CH3X(21) -0.000 -0.000 -0.000 -0.000 0.000
4 HOX(22) -0.000 -0.000 -0.000 0.000 -0.000
5 H2OX(23) -0.000 -0.000 -0.000 0.000 -0.000
6 CO2X(24) -0.000 -0.000 -0.000 -0.000 0.000
7 OCX(25) 0.000 -0.001 -0.001 -0.001 -0.001
8 CX(26) -0.000 -0.000 -0.000 0.000 0.000
9 CH2X(27) 0.000 0.000 0.000 -0.000 0.000
10 CHX(28) -0.000 0.000 -0.000 -0.000 -0.000
11 CH4X(48) 0.000 -0.000 -0.000 -0.000 -0.000
12 H2X(49) -0.000 -0.000 -0.000 -0.000 0.000
13 COX(50) -0.000 -0.000 -0.000 -0.000 0.000
14 CHOX(53) -0.000 -0.000 -0.000 0.000 -0.000
Finished thermo sensitivity simulation for a C/O ratio of 2.0
Starting thermo sensitivity simulation for a C/O ratio of 2.2
0 X(1) 0.000 0.001 0.001 0.001 0.001
1 HX(19) -0.000 0.000 -0.000 -0.000 0.000
2 OX(20) -0.000 0.000 -0.000 -0.000 0.000
3 CH3X(21) -0.000 -0.000 -0.000 0.000 -0.000
4 HOX(22) 0.000 -0.000 -0.000 -0.000 0.000
5 H2OX(23) -0.000 0.000 0.000 0.000 -0.000
6 CO2X(24) -0.000 -0.000 -0.000 0.000 -0.000
7 OCX(25) 0.000 -0.001 -0.001 -0.001 -0.001
8 CX(26) -0.000 -0.000 -0.000 0.000 0.000
9 CH2X(27) -0.000 -0.000 -0.000 0.000 -0.000
10 CHX(28) -0.000 -0.000 -0.000 -0.000 -0.000
11 CH4X(48) 0.000 -0.000 -0.000 -0.000 -0.000
12 H2X(49) 0.000 -0.000 -0.000 0.000 -0.000
13 COX(50) -0.000 -0.000 -0.000 0.000 -0.000
14 CHOX(53) -0.000 0.000 0.000 0.000 -0.000
Finished thermo sensitivity simulation for a C/O ratio of 2.2
Starting thermo sensitivity simulation for a C/O ratio of 2.4
0 X(1) 0.000 0.001 0.001 0.001 0.001
1 HX(19) -0.000 0.000 -0.000 -0.000 0.000
2 OX(20) -0.000 0.000 -0.000 -0.000 0.000
3 CH3X(21) 0.000 0.000 0.000 0.000 -0.000
4 HOX(22) 0.000 0.000 0.000 0.000 -0.000
5 H2OX(23) 0.000 -0.000 -0.000 -0.000 0.000
6 CO2X(24) 0.000 0.000 0.000 -0.000 -0.000
7 OCX(25) 0.000 -0.001 -0.001 -0.001 -0.001
8 CX(26) -0.000 0.000 0.000 0.000 0.000
9 CH2X(27) 0.000 0.000 0.000 -0.000 0.000
10 CHX(28) -0.000 0.000 0.000 -0.000 -0.000
11 CH4X(48) 0.000 -0.000 -0.000 -0.000 -0.000
12 H2X(49) 0.000 -0.000 -0.000 -0.000 0.000
13 COX(50) 0.000 -0.000 -0.000 0.000 -0.000
14 CHOX(53) 0.000 0.000 0.000 -0.000 0.000
Finished thermo sensitivity simulation for a C/O ratio of 2.4
Starting thermo sensitivity simulation for a C/O ratio of 1.3
0 X(1) 0.000 0.001 0.001 0.001 0.001
1 HX(19) -0.000 0.000 -0.000 -0.000 0.000
2 OX(20) -0.000 0.000 -0.000 -0.000 0.000
3 CH3X(21) 0.000 -0.000 -0.000 -0.000 0.000
4 HOX(22) -0.000 -0.000 -0.000 -0.000 0.000
5 H2OX(23) 0.000 0.000 0.000 0.000 -0.000
6 CO2X(24) 0.000 -0.000 -0.000 -0.000 0.000
7 OCX(25) 0.000 -0.001 -0.001 -0.001 -0.001
8 CX(26) -0.000 -0.000 -0.000 0.000 0.000
9 CH2X(27) 0.000 -0.000 -0.000 -0.000 0.000
10 CHX(28) -0.000 -0.000 -0.000 -0.000 -0.000
11 CH4X(48) 0.000 -0.000 -0.000 -0.000 -0.000
12 H2X(49) 0.000 -0.000 -0.000 -0.000 0.000
13 COX(50) 0.000 -0.000 -0.000 0.000 -0.000
14 CHOX(53) -0.000 -0.000 -0.000 0.000 -0.000
Finished thermo sensitivity simulation for a C/O ratio of 1.3
Starting thermo sensitivity simulation for a C/O ratio of 2.6
0 X(1) 0.000 0.001 0.001 0.001 0.001
1 HX(19) -0.000 0.000 -0.000 -0.000 0.000
2 OX(20) -0.000 0.000 -0.000 -0.000 0.000
3 CH3X(21) 0.000 -0.000 -0.000 0.000 -0.000
4 HOX(22) 0.000 -0.000 -0.000 0.000 -0.000
5 H2OX(23) 0.000 -0.000 -0.000 0.000 -0.000
6 CO2X(24) 0.000 -0.000 -0.000 0.000 -0.000
7 OCX(25) 0.000 -0.001 -0.001 -0.001 -0.001
8 CX(26) 0.000 -0.000 -0.000 0.000 0.000
9 CH2X(27) 0.000 0.000 0.000 -0.000 0.000
10 CHX(28) 0.000 -0.000 -0.000 -0.000 -0.000
11 CH4X(48) 0.000 -0.000 -0.000 -0.000 -0.000
12 H2X(49) 0.000 -0.000 -0.000 0.000 0.000
13 COX(50) 0.000 0.000 0.000 -0.000 0.000
14 CHOX(53) 0.000 -0.000 -0.000 0.000 -0.000
Finished thermo sensitivity simulation for a C/O ratio of 2.6
Starting thermo sensitivity simulation for a C/O ratio of 1.1
0 X(1) 0.000 0.001 0.001 0.001 0.001
1 HX(19) -0.000 0.000 -0.000 -0.000 0.000
2 OX(20) -0.000 0.000 -0.000 -0.000 0.000
3 CH3X(21) 0.000 -0.000 -0.000 0.000 -0.000
4 HOX(22) 0.000 -0.000 -0.000 0.000 -0.000
5 H2OX(23) 0.000 -0.000 -0.000 0.000 -0.000
6 CO2X(24) 0.000 -0.000 0.000 0.000 -0.000
7 OCX(25) 0.000 -0.001 -0.001 -0.001 -0.001
8 CX(26) 0.000 -0.000 0.000 0.000 0.000
9 CH2X(27) 0.000 -0.000 -0.000 0.000 -0.000
10 CHX(28) 0.000 -0.000 -0.000 -0.000 -0.000
11 CH4X(48) 0.000 -0.000 -0.000 -0.000 -0.000
12 H2X(49) 0.000 -0.000 -0.000 0.000 -0.000
13 COX(50) 0.000 -0.000 -0.000 0.000 -0.000
14 CHOX(53) 0.000 -0.000 -0.000 -0.000 0.000
Finished thermo sensitivity simulation for a C/O ratio of 1.1
Starting thermo sensitivity simulation for a C/O ratio of 1.8
0 X(1) 0.000 0.001 0.001 0.001 0.001
1 HX(19) -0.000 0.000 -0.000 -0.000 0.000
2 OX(20) -0.000 0.000 -0.000 -0.000 0.000
3 CH3X(21) 0.000 0.000 0.000 0.000 -0.000
4 HOX(22) 0.000 0.000 0.000 0.000 -0.000
5 H2OX(23) 0.000 0.000 0.000 0.000 -0.000
6 CO2X(24) 0.000 0.000 0.000 -0.000 0.000
7 OCX(25) 0.000 -0.001 -0.001 -0.001 -0.001
8 CX(26) 0.000 0.000 0.000 0.000 0.000
9 CH2X(27) 0.000 0.000 0.000 0.000 -0.000
10 CHX(28) 0.000 0.000 0.000 -0.000 -0.000
11 CH4X(48) 0.000 -0.000 -0.000 -0.000 -0.000
12 H2X(49) 0.000 -0.000 -0.000 0.000 -0.000
13 COX(50) 0.000 0.000 0.000 0.000 -0.000
14 CHOX(53) 0.000 0.000 0.000 -0.000 -0.000
Finished thermo sensitivity simulation for a C/O ratio of 1.8
Starting sensitivity simulation for a C/O ratio of 1.4
0 CH4(2) + X(1) <=> CH4X(48) -0.000 -0.000 -0.000 0.000 -0.000
1 O2(3) + 2 X(1) <=> 2 OX(20) -0.000 -0.000 -0.000 0.000 -0.000
2 H2(6) + 2 X(1) <=> 2 HX(19) -0.000 0.000 -0.000 -0.000 0.001
3 H(12) + X(1) <=> HX(19) 0.000 -0.000 -0.000 -0.000 -0.000
4 CH4(2) + 2 X(1) <=> CH3X(21) + HX(19) -0.008 -0.373 -0.381 -0.387 -0.363
5 C2H6(8) + 2 X(1) <=> 2 CH3X(21) -0.000 -0.000 -0.000 0.000 -0.000
6 CH3(10) + X(1) <=> CH3X(21) -0.000 -0.000 -0.000 -0.000 -0.000
7 CH2X(27) + HX(19) <=> CH3X(21) + X(1) -0.000 -0.000 -0.000 0.000 -0.000
8 CHX(28) + HX(19) <=> CH2X(27) + X(1) -0.000 -0.000 -0.000 -0.000 0.000
9 2 CH2X(27) <=> CH3X(21) + CHX(28) 0.000 -0.000 -0.000 0.000 -0.000
10 CHX(28) + X(1) <=> CX(26) + HX(19) -0.000 -0.000 -0.000 0.000 0.000
11 CX(26) + H2(6) <=> CH2X(27) -0.000 -0.000 -0.000 -0.000 0.000
12 CH3X(21) + CX(26) <=> CH2X(27) + CHX(28) 0.000 -0.000 -0.000 0.000 -0.000
13 CH2X(27) + CX(26) <=> 2 CHX(28) -0.000 -0.000 -0.000 0.000 0.000
14 H2(6) + X(1) <=> H2X(49) -0.000 -0.000 -0.000 0.000 -0.000
15 CO(7) + X(1) <=> OCX(25) 0.000 -0.001 -0.001 -0.001 -0.001
16 CX(26) + OX(20) <=> OCX(25) + X(1) 0.000 -0.001 -0.001 -0.001 -0.001
17 CH2O(9) + 2 X(1) <=> CHOX(53) + HX(19) -0.000 -0.000 -0.000 -0.000 -0.000
18 HCO(15) + X(1) <=> CHOX(53) 0.000 -0.000 -0.000 0.000 -0.000
19 CH3CHO(16) + 2 X(1) <=> CH3X(21) + CHOX(53) -0.000 -0.000 -0.000 0.000 -0.000
20 CHOX(53) + X(1) <=> HX(19) + OCX(25) -0.000 -0.000 -0.000 0.000 0.000
21 CH2X(27) + CHOX(53) <=> CH3X(21) + OCX(25) -0.000 -0.000 -0.000 0.000 -0.000
22 CHOX(53) + CHX(28) <=> CH2X(27) + OCX(25) -0.000 -0.000 -0.000 0.000 0.000
23 CHOX(53) + CX(26) <=> CHX(28) + OCX(25) -0.000 -0.000 -0.000 0.000 -0.000
24 CO(7) + X(1) <=> COX(50) -0.000 -0.000 -0.000 0.000 -0.000
25 H2O(5) + X(1) <=> H2OX(23) -0.000 -0.000 -0.000 0.000 -0.000
26 CH4(2) + OX(20) + X(1) <=> CH3X(21) + HOX(22) 0.000 -0.000 -0.000 0.000 -0.000
27 CH4(2) + HOX(22) + X(1) <=> CH3X(21) + H2OX(23) 0.000 -0.000 -0.000 -0.000 0.000
28 CO2(4) + X(1) <=> CO2X(24) -0.000 -0.000 -0.000 0.000 -0.000
29 OCX(25) + OX(20) <=> CO2X(24) + X(1) 0.000 -0.000 0.000 0.000 -0.000
30 CO2X(24) + HX(19) <=> HOX(22) + OCX(25) -0.000 -0.000 -0.000 0.000 -0.000
31 HX(19) + OX(20) <=> HOX(22) + X(1) 0.010 -0.003 0.007 0.014 -0.016
32 H2OX(23) + OX(20) <=> 2 HOX(22) -0.000 -0.000 -0.000 0.000 -0.000
33 HOX(22) + HX(19) <=> H2OX(23) + X(1) 0.000 0.000 0.000 0.000 -0.000
Finished sensitivity simulation for a C/O ratio of 1.4
Finished translating for C/O ratio of 1.4
Starting sensitivity simulation for a C/O ratio of 1.1
0 CH4(2) + X(1) <=> CH4X(48) 0.000 0.000 0.000 -0.000 0.000
1 O2(3) + 2 X(1) <=> 2 OX(20) 0.000 -0.000 -0.000 0.000 0.000
2 H2(6) + 2 X(1) <=> 2 HX(19) -0.000 0.000 -0.000 -0.000 0.001
3 H(12) + X(1) <=> HX(19) 0.000 0.000 0.000 -0.000 -0.000
4 CH4(2) + 2 X(1) <=> CH3X(21) + HX(19) -0.009 -0.375 -0.384 -0.391 -0.363
5 C2H6(8) + 2 X(1) <=> 2 CH3X(21) 0.000 0.000 0.000 -0.000 0.000
6 CH3(10) + X(1) <=> CH3X(21) 0.000 -0.000 -0.000 -0.000 0.000
7 CH2X(27) + HX(19) <=> CH3X(21) + X(1) 0.000 -0.000 -0.000 0.000 -0.000
8 CHX(28) + HX(19) <=> CH2X(27) + X(1) 0.000 -0.000 -0.000 0.000 -0.000
9 2 CH2X(27) <=> CH3X(21) + CHX(28) 0.000 -0.000 -0.000 -0.000 0.000
10 CHX(28) + X(1) <=> CX(26) + HX(19) 0.000 -0.000 -0.000 0.000 -0.000
11 CX(26) + H2(6) <=> CH2X(27) -0.000 0.000 0.000 -0.000 0.000
12 CH3X(21) + CX(26) <=> CH2X(27) + CHX(28) 0.000 0.000 0.000 -0.000 0.000
13 CH2X(27) + CX(26) <=> 2 CHX(28) 0.000 -0.000 -0.000 0.000 -0.000
14 H2(6) + X(1) <=> H2X(49) 0.000 0.000 0.000 -0.000 0.000
15 CO(7) + X(1) <=> OCX(25) 0.000 -0.001 -0.001 -0.001 -0.001
16 CX(26) + OX(20) <=> OCX(25) + X(1) 0.000 -0.001 -0.001 -0.001 -0.001
17 CH2O(9) + 2 X(1) <=> CHOX(53) + HX(19) 0.000 -0.000 0.000 0.000 -0.000
18 HCO(15) + X(1) <=> CHOX(53) 0.000 -0.000 -0.000 0.000 -0.000
19 CH3CHO(16) + 2 X(1) <=> CH3X(21) + CHOX(53) 0.000 -0.000 -0.000 -0.000 -0.000
20 CHOX(53) + X(1) <=> HX(19) + OCX(25) 0.000 -0.000 -0.000 -0.000 0.000
21 CH2X(27) + CHOX(53) <=> CH3X(21) + OCX(25) 0.000 -0.000 -0.000 -0.000 0.000
22 CHOX(53) + CHX(28) <=> CH2X(27) + OCX(25) 0.000 -0.000 -0.000 0.000 -0.000
23 CHOX(53) + CX(26) <=> CHX(28) + OCX(25) 0.000 -0.000 -0.000 0.000 -0.000
24 CO(7) + X(1) <=> COX(50) 0.000 -0.000 -0.000 -0.000 0.000
25 H2O(5) + X(1) <=> H2OX(23) 0.000 -0.000 -0.000 0.000 -0.000
26 CH4(2) + OX(20) + X(1) <=> CH3X(21) + HOX(22) 0.000 -0.000 -0.000 0.000 -0.000
27 CH4(2) + HOX(22) + X(1) <=> CH3X(21) + H2OX(23) 0.000 0.000 0.000 -0.000 -0.000
28 CO2(4) + X(1) <=> CO2X(24) 0.000 -0.000 -0.000 -0.000 0.000
29 OCX(25) + OX(20) <=> CO2X(24) + X(1) 0.000 -0.000 0.000 0.000 -0.000
30 CO2X(24) + HX(19) <=> HOX(22) + OCX(25) 0.000 0.000 0.000 -0.000 0.000
31 HX(19) + OX(20) <=> HOX(22) + X(1) 0.012 -0.004 0.008 0.017 -0.019
32 H2OX(23) + OX(20) <=> 2 HOX(22) 0.000 -0.000 -0.000 0.000 -0.000
33 HOX(22) + HX(19) <=> H2OX(23) + X(1) 0.000 0.000 0.000 -0.000 0.000
Finished sensitivity simulation for a C/O ratio of 1.1
Finished translating for C/O ratio of 1.1
Starting sensitivity simulation for a C/O ratio of 0.8
0 CH4(2) + X(1) <=> CH4X(48) -0.000 -0.000 -0.000 -0.000 0.000
1 O2(3) + 2 X(1) <=> 2 OX(20) -0.000 0.000 0.000 -0.000 0.000
2 H2(6) + 2 X(1) <=> 2 HX(19) -0.000 0.000 -0.000 -0.000 0.001
3 H(12) + X(1) <=> HX(19) 0.000 0.000 0.000 -0.000 -0.000
4 CH4(2) + 2 X(1) <=> CH3X(21) + HX(19) -0.012 -0.377 -0.389 -0.399 -0.362
5 C2H6(8) + 2 X(1) <=> 2 CH3X(21) -0.000 0.000 0.000 0.000 -0.000
6 CH3(10) + X(1) <=> CH3X(21) 0.000 0.000 0.000 -0.000 -0.000
7 CH2X(27) + HX(19) <=> CH3X(21) + X(1) -0.000 0.000 0.000 -0.000 0.000
8 CHX(28) + HX(19) <=> CH2X(27) + X(1) -0.000 0.000 0.000 0.000 -0.000
9 2 CH2X(27) <=> CH3X(21) + CHX(28) -0.000 0.000 0.000 0.000 -0.000
10 CHX(28) + X(1) <=> CX(26) + HX(19) -0.000 0.000 0.000 -0.000 0.000
11 CX(26) + H2(6) <=> CH2X(27) -0.000 0.000 0.000 -0.000 0.000
12 CH3X(21) + CX(26) <=> CH2X(27) + CHX(28) -0.000 0.000 0.000 0.000 -0.000
13 CH2X(27) + CX(26) <=> 2 CHX(28) 0.000 0.000 0.000 0.000 -0.000
14 H2(6) + X(1) <=> H2X(49) -0.000 -0.000 -0.000 -0.000 0.000
15 CO(7) + X(1) <=> OCX(25) 0.000 -0.001 -0.001 -0.001 -0.001
16 CX(26) + OX(20) <=> OCX(25) + X(1) 0.000 -0.001 -0.001 -0.001 -0.001
17 CH2O(9) + 2 X(1) <=> CHOX(53) + HX(19) 0.000 0.000 0.000 -0.000 0.000
18 HCO(15) + X(1) <=> CHOX(53) -0.000 0.000 0.000 0.000 -0.000
19 CH3CHO(16) + 2 X(1) <=> CH3X(21) + CHOX(53) -0.000 0.000 0.000 0.000 -0.000
20 CHOX(53) + X(1) <=> HX(19) + OCX(25) -0.000 0.000 0.000 0.000 -0.000
21 CH2X(27) + CHOX(53) <=> CH3X(21) + OCX(25) -0.000 0.000 0.000 -0.000 0.000
22 CHOX(53) + CHX(28) <=> CH2X(27) + OCX(25) -0.000 0.000 0.000 -0.000 0.000
23 CHOX(53) + CX(26) <=> CHX(28) + OCX(25) -0.000 0.000 0.000 -0.000 0.000
24 CO(7) + X(1) <=> COX(50) -0.000 0.000 0.000 0.000 -0.000
25 H2O(5) + X(1) <=> H2OX(23) -0.000 0.000 0.000 0.000 -0.000
26 CH4(2) + OX(20) + X(1) <=> CH3X(21) + HOX(22) 0.000 -0.000 -0.000 0.000 -0.000
27 CH4(2) + HOX(22) + X(1) <=> CH3X(21) + H2OX(23) -0.000 0.000 0.000 -0.000 -0.000
28 CO2(4) + X(1) <=> CO2X(24) -0.000 0.000 0.000 0.000 -0.000
29 OCX(25) + OX(20) <=> CO2X(24) + X(1) 0.000 -0.000 0.000 0.000 -0.000
30 CO2X(24) + HX(19) <=> HOX(22) + OCX(25) 0.000 0.000 0.000 -0.000 0.000
31 HX(19) + OX(20) <=> HOX(22) + X(1) 0.015 -0.005 0.010 0.022 -0.024
32 H2OX(23) + OX(20) <=> 2 HOX(22) 0.000 0.000 0.000 -0.000 0.000
33 HOX(22) + HX(19) <=> H2OX(23) + X(1) -0.000 0.000 0.000 -0.000 0.000
Finished sensitivity simulation for a C/O ratio of 0.8
Finished translating for C/O ratio of 0.8
Starting sensitivity simulation for a C/O ratio of 2.2
0 CH4(2) + X(1) <=> CH4X(48) 0.000 0.000 0.000 -0.000 0.000
1 O2(3) + 2 X(1) <=> 2 OX(20) 0.000 -0.000 -0.000 0.000 -0.000
2 H2(6) + 2 X(1) <=> 2 HX(19) -0.000 0.000 -0.000 -0.000 0.001
3 H(12) + X(1) <=> HX(19) -0.000 0.000 0.000 -0.000 -0.000
4 CH4(2) + 2 X(1) <=> CH3X(21) + HX(19) -0.006 -0.371 -0.377 -0.380 -0.363
5 C2H6(8) + 2 X(1) <=> 2 CH3X(21) -0.000 0.000 0.000 0.000 -0.000
6 CH3(10) + X(1) <=> CH3X(21) -0.000 0.000 0.000 -0.000 -0.000
7 CH2X(27) + HX(19) <=> CH3X(21) + X(1) 0.000 -0.000 0.000 0.000 -0.000
8 CHX(28) + HX(19) <=> CH2X(27) + X(1) 0.000 -0.000 -0.000 0.000 -0.000
9 2 CH2X(27) <=> CH3X(21) + CHX(28) 0.000 -0.000 -0.000 0.000 -0.000
10 CHX(28) + X(1) <=> CX(26) + HX(19) -0.000 -0.000 -0.000 0.000 -0.000
11 CX(26) + H2(6) <=> CH2X(27) -0.000 0.000 -0.000 -0.000 0.000
12 CH3X(21) + CX(26) <=> CH2X(27) + CHX(28) 0.000 0.000 0.000 0.000 -0.000
13 CH2X(27) + CX(26) <=> 2 CHX(28) 0.000 -0.000 -0.000 0.000 -0.000
14 H2(6) + X(1) <=> H2X(49) -0.000 -0.000 -0.000 0.000 -0.000
15 CO(7) + X(1) <=> OCX(25) 0.000 -0.001 -0.001 -0.001 -0.001
16 CX(26) + OX(20) <=> OCX(25) + X(1) 0.000 -0.001 -0.001 -0.001 -0.001
17 CH2O(9) + 2 X(1) <=> CHOX(53) + HX(19) 0.000 0.000 0.000 0.000 -0.000
18 HCO(15) + X(1) <=> CHOX(53) -0.000 0.000 0.000 0.000 -0.000
19 CH3CHO(16) + 2 X(1) <=> CH3X(21) + CHOX(53) -0.000 -0.000 -0.000 0.000 -0.000
20 CHOX(53) + X(1) <=> HX(19) + OCX(25) 0.000 -0.000 -0.000 0.000 -0.000
21 CH2X(27) + CHOX(53) <=> CH3X(21) + OCX(25) -0.000 -0.000 -0.000 0.000 -0.000
22 CHOX(53) + CHX(28) <=> CH2X(27) + OCX(25) -0.000 -0.000 -0.000 0.000 -0.000
23 CHOX(53) + CX(26) <=> CHX(28) + OCX(25) -0.000 -0.000 -0.000 0.000 -0.000
24 CO(7) + X(1) <=> COX(50) -0.000 -0.000 -0.000 0.000 -0.000
25 H2O(5) + X(1) <=> H2OX(23) -0.000 -0.000 -0.000 0.000 -0.000
26 CH4(2) + OX(20) + X(1) <=> CH3X(21) + HOX(22) 0.000 -0.000 -0.000 0.000 -0.000
27 CH4(2) + HOX(22) + X(1) <=> CH3X(21) + H2OX(23) -0.000 0.000 0.000 -0.000 -0.000
28 CO2(4) + X(1) <=> CO2X(24) -0.000 -0.000 -0.000 0.000 -0.000
29 OCX(25) + OX(20) <=> CO2X(24) + X(1) 0.000 0.000 0.000 0.000 -0.000
30 CO2X(24) + HX(19) <=> HOX(22) + OCX(25) 0.000 0.000 0.000 0.000 -0.000
31 HX(19) + OX(20) <=> HOX(22) + X(1) 0.007 -0.002 0.006 0.010 -0.012
32 H2OX(23) + OX(20) <=> 2 HOX(22) 0.000 0.000 0.000 0.000 -0.000
33 HOX(22) + HX(19) <=> H2OX(23) + X(1) -0.000 -0.000 -0.000 0.000 -0.000
Finished sensitivity simulation for a C/O ratio of 2.2
Finished translating for C/O ratio of 2.2
Starting sensitivity simulation for a C/O ratio of 0.7
0 CH4(2) + X(1) <=> CH4X(48) -0.000 -0.000 -0.000 0.000 -0.000
1 O2(3) + 2 X(1) <=> 2 OX(20) 0.000 0.000 0.000 0.000 -0.000
2 H2(6) + 2 X(1) <=> 2 HX(19) -0.000 0.000 -0.000 -0.000 0.001
3 H(12) + X(1) <=> HX(19) -0.000 0.000 0.000 0.000 -0.000
4 CH4(2) + 2 X(1) <=> CH3X(21) + HX(19) -0.013 -0.378 -0.391 -0.402 -0.362
5 C2H6(8) + 2 X(1) <=> 2 CH3X(21) 0.000 0.000 0.000 0.000 -0.000
6 CH3(10) + X(1) <=> CH3X(21) -0.000 0.000 0.000 -0.000 -0.000
7 CH2X(27) + HX(19) <=> CH3X(21) + X(1) -0.000 0.000 0.000 0.000 -0.000
8 CHX(28) + HX(19) <=> CH2X(27) + X(1) -0.000 0.000 0.000 0.000 -0.000
9 2 CH2X(27) <=> CH3X(21) + CHX(28) -0.000 -0.000 -0.000 0.000 -0.000
10 CHX(28) + X(1) <=> CX(26) + HX(19) -0.000 -0.000 -0.000 0.000 -0.000
11 CX(26) + H2(6) <=> CH2X(27) -0.000 0.000 0.000 -0.000 0.000
12 CH3X(21) + CX(26) <=> CH2X(27) + CHX(28) -0.000 -0.000 -0.000 0.000 -0.000
13 CH2X(27) + CX(26) <=> 2 CHX(28) -0.000 0.000 0.000 0.000 -0.000
14 H2(6) + X(1) <=> H2X(49) 0.000 0.000 0.000 0.000 -0.000
15 CO(7) + X(1) <=> OCX(25) 0.000 -0.001 -0.001 -0.001 -0.001
16 CX(26) + OX(20) <=> OCX(25) + X(1) 0.000 -0.001 -0.001 -0.001 -0.001
17 CH2O(9) + 2 X(1) <=> CHOX(53) + HX(19) -0.000 0.000 0.000 0.000 -0.000
18 HCO(15) + X(1) <=> CHOX(53) 0.000 -0.000 -0.000 0.000 -0.000
19 CH3CHO(16) + 2 X(1) <=> CH3X(21) + CHOX(53) -0.000 0.000 0.000 0.000 -0.000
20 CHOX(53) + X(1) <=> HX(19) + OCX(25) -0.000 0.000 0.000 0.000 -0.000
21 CH2X(27) + CHOX(53) <=> CH3X(21) + OCX(25) -0.000 -0.000 -0.000 0.000 -0.000
22 CHOX(53) + CHX(28) <=> CH2X(27) + OCX(25) -0.000 0.000 0.000 0.000 -0.000
23 CHOX(53) + CX(26) <=> CHX(28) + OCX(25) -0.000 0.000 0.000 0.000 -0.000
24 CO(7) + X(1) <=> COX(50) -0.000 -0.000 -0.000 0.000 -0.000
25 H2O(5) + X(1) <=> H2OX(23) -0.000 0.000 0.000 0.000 -0.000
26 CH4(2) + OX(20) + X(1) <=> CH3X(21) + HOX(22) 0.000 -0.000 -0.000 0.000 -0.000
27 CH4(2) + HOX(22) + X(1) <=> CH3X(21) + H2OX(23) -0.000 0.000 0.000 -0.000 0.000
28 CO2(4) + X(1) <=> CO2X(24) -0.000 0.000 0.000 0.000 -0.000
29 OCX(25) + OX(20) <=> CO2X(24) + X(1) 0.000 -0.000 0.000 0.000 -0.000
30 CO2X(24) + HX(19) <=> HOX(22) + OCX(25) -0.000 -0.000 -0.000 0.000 -0.000
31 HX(19) + OX(20) <=> HOX(22) + X(1) 0.016 -0.006 0.010 0.024 -0.027
32 H2OX(23) + OX(20) <=> 2 HOX(22) 0.000 0.000 0.000 0.000 -0.000
33 HOX(22) + HX(19) <=> H2OX(23) + X(1) -0.000 0.000 0.000 0.000 -0.000
Finished sensitivity simulation for a C/O ratio of 0.7
Finished translating for C/O ratio of 0.7
Starting sensitivity simulation for a C/O ratio of 1.8
0 CH4(2) + X(1) <=> CH4X(48) 0.000 -0.000 -0.000 -0.000 0.000
1 O2(3) + 2 X(1) <=> 2 OX(20) 0.000 0.000 0.000 0.000 -0.000
2 H2(6) + 2 X(1) <=> 2 HX(19) -0.000 0.000 -0.000 -0.000 0.001
3 H(12) + X(1) <=> HX(19) -0.000 0.000 0.000 -0.000 -0.000
4 CH4(2) + 2 X(1) <=> CH3X(21) + HX(19) -0.007 -0.372 -0.378 -0.383 -0.363
5 C2H6(8) + 2 X(1) <=> 2 CH3X(21) -0.000 -0.000 -0.000 0.000 -0.000
6 CH3(10) + X(1) <=> CH3X(21) 0.000 0.000 0.000 -0.000 0.000
7 CH2X(27) + HX(19) <=> CH3X(21) + X(1) 0.000 0.000 0.000 -0.000 0.000
8 CHX(28) + HX(19) <=> CH2X(27) + X(1) -0.000 0.000 0.000 0.000 -0.000
9 2 CH2X(27) <=> CH3X(21) + CHX(28) 0.000 0.000 0.000 0.000 -0.000
10 CHX(28) + X(1) <=> CX(26) + HX(19) 0.000 0.000 0.000 -0.000 0.000
11 CX(26) + H2(6) <=> CH2X(27) -0.000 0.000 0.000 -0.000 0.000
12 CH3X(21) + CX(26) <=> CH2X(27) + CHX(28) 0.000 0.000 0.000 0.000 -0.000
13 CH2X(27) + CX(26) <=> 2 CHX(28) 0.000 0.000 0.000 -0.000 -0.000
14 H2(6) + X(1) <=> H2X(49) 0.000 0.000 0.000 -0.000 -0.000
15 CO(7) + X(1) <=> OCX(25) 0.000 -0.001 -0.001 -0.001 -0.001
16 CX(26) + OX(20) <=> OCX(25) + X(1) 0.000 -0.001 -0.001 -0.001 -0.001
17 CH2O(9) + 2 X(1) <=> CHOX(53) + HX(19) 0.000 0.000 0.000 0.000 -0.000
18 HCO(15) + X(1) <=> CHOX(53) 0.000 0.000 0.000 -0.000 0.000
19 CH3CHO(16) + 2 X(1) <=> CH3X(21) + CHOX(53) 0.000 0.000 0.000 0.000 -0.000
20 CHOX(53) + X(1) <=> HX(19) + OCX(25) 0.000 0.000 0.000 0.000 0.000
21 CH2X(27) + CHOX(53) <=> CH3X(21) + OCX(25) 0.000 0.000 0.000 0.000 -0.000
22 CHOX(53) + CHX(28) <=> CH2X(27) + OCX(25) -0.000 -0.000 -0.000 -0.000 -0.000
23 CHOX(53) + CX(26) <=> CHX(28) + OCX(25) 0.000 0.000 0.000 0.000 -0.000
24 CO(7) + X(1) <=> COX(50) 0.000 0.000 0.000 0.000 -0.000
25 H2O(5) + X(1) <=> H2OX(23) 0.000 0.000 0.000 -0.000 0.000
26 CH4(2) + OX(20) + X(1) <=> CH3X(21) + HOX(22) 0.000 -0.000 -0.000 0.000 -0.000
27 CH4(2) + HOX(22) + X(1) <=> CH3X(21) + H2OX(23) 0.000 0.000 0.000 -0.000 -0.000
28 CO2(4) + X(1) <=> CO2X(24) 0.000 0.000 0.000 0.000 -0.000
29 OCX(25) + OX(20) <=> CO2X(24) + X(1) 0.000 -0.000 0.000 0.000 -0.000
30 CO2X(24) + HX(19) <=> HOX(22) + OCX(25) -0.000 0.000 0.000 0.000 -0.000
31 HX(19) + OX(20) <=> HOX(22) + X(1) 0.008 -0.002 0.006 0.012 -0.014
32 H2OX(23) + OX(20) <=> 2 HOX(22) 0.000 0.000 0.000 0.000 -0.000
33 HOX(22) + HX(19) <=> H2OX(23) + X(1) 0.000 0.000 0.000 0.000 -0.000
Finished sensitivity simulation for a C/O ratio of 1.8
Finished translating for C/O ratio of 1.8
Starting sensitivity simulation for a C/O ratio of 2.0
0 CH4(2) + X(1) <=> CH4X(48) 0.000 -0.000 -0.000 0.000 -0.000
1 O2(3) + 2 X(1) <=> 2 OX(20) 0.000 0.000 0.000 0.000 0.000
2 H2(6) + 2 X(1) <=> 2 HX(19) -0.000 0.000 -0.000 -0.000 0.001
3 H(12) + X(1) <=> HX(19) -0.000 -0.000 -0.000 -0.000 -0.000
4 CH4(2) + 2 X(1) <=> CH3X(21) + HX(19) -0.006 -0.371 -0.377 -0.381 -0.363
5 C2H6(8) + 2 X(1) <=> 2 CH3X(21) -0.000 -0.000 -0.000 -0.000 0.000
6 CH3(10) + X(1) <=> CH3X(21) -0.000 0.000 0.000 -0.000 0.000
7 CH2X(27) + HX(19) <=> CH3X(21) + X(1) 0.000 -0.000 -0.000 -0.000 0.000
8 CHX(28) + HX(19) <=> CH2X(27) + X(1) -0.000 -0.000 -0.000 -0.000 0.000
9 2 CH2X(27) <=> CH3X(21) + CHX(28) 0.000 -0.000 -0.000 -0.000 0.000
10 CHX(28) + X(1) <=> CX(26) + HX(19) -0.000 -0.000 -0.000 -0.000 -0.000
11 CX(26) + H2(6) <=> CH2X(27) -0.000 0.000 0.000 -0.000 0.000
12 CH3X(21) + CX(26) <=> CH2X(27) + CHX(28) 0.000 0.000 0.000 -0.000 0.000
13 CH2X(27) + CX(26) <=> 2 CHX(28) 0.000 0.000 0.000 0.000 0.000
14 H2(6) + X(1) <=> H2X(49) -0.000 -0.000 -0.000 0.000 -0.000
15 CO(7) + X(1) <=> OCX(25) 0.000 -0.001 -0.001 -0.001 -0.001
16 CX(26) + OX(20) <=> OCX(25) + X(1) 0.000 -0.001 -0.001 -0.001 -0.001
17 CH2O(9) + 2 X(1) <=> CHOX(53) + HX(19) -0.000 0.000 0.000 -0.000 0.000
18 HCO(15) + X(1) <=> CHOX(53) -0.000 0.000 0.000 0.000 0.000
19 CH3CHO(16) + 2 X(1) <=> CH3X(21) + CHOX(53) 0.000 0.000 0.000 -0.000 0.000
20 CHOX(53) + X(1) <=> HX(19) + OCX(25) -0.000 0.000 0.000 0.000 -0.000
21 CH2X(27) + CHOX(53) <=> CH3X(21) + OCX(25) 0.000 -0.000 -0.000 0.000 0.000
22 CHOX(53) + CHX(28) <=> CH2X(27) + OCX(25) 0.000 -0.000 -0.000 0.000 0.000
23 CHOX(53) + CX(26) <=> CHX(28) + OCX(25) -0.000 0.000 -0.000 0.000 -0.000
24 CO(7) + X(1) <=> COX(50) 0.000 0.000 0.000 0.000 -0.000
25 H2O(5) + X(1) <=> H2OX(23) -0.000 0.000 0.000 -0.000 0.000
26 CH4(2) + OX(20) + X(1) <=> CH3X(21) + HOX(22) 0.000 -0.000 -0.000 0.000 -0.000
27 CH4(2) + HOX(22) + X(1) <=> CH3X(21) + H2OX(23) -0.000 -0.000 -0.000 -0.000 0.000
28 CO2(4) + X(1) <=> CO2X(24) -0.000 0.000 0.000 0.000 -0.000
29 OCX(25) + OX(20) <=> CO2X(24) + X(1) 0.000 -0.000 0.000 0.000 -0.000
30 CO2X(24) + HX(19) <=> HOX(22) + OCX(25) -0.000 -0.000 -0.000 0.000 0.000
31 HX(19) + OX(20) <=> HOX(22) + X(1) 0.008 -0.002 0.006 0.011 -0.013
32 H2OX(23) + OX(20) <=> 2 HOX(22) -0.000 0.000 -0.000 0.000 -0.000
33 HOX(22) + HX(19) <=> H2OX(23) + X(1) -0.000 0.000 -0.000 0.000 -0.000
Finished sensitivity simulation for a C/O ratio of 2.0
Finished translating for C/O ratio of 2.0
Starting sensitivity simulation for a C/O ratio of 1.3
0 CH4(2) + X(1) <=> CH4X(48) -0.000 0.000 0.000 -0.000 0.000
1 O2(3) + 2 X(1) <=> 2 OX(20) 0.000 -0.000 -0.000 0.000 0.000
2 H2(6) + 2 X(1) <=> 2 HX(19) -0.000 0.000 -0.000 -0.000 0.001
3 H(12) + X(1) <=> HX(19) 0.000 -0.000 -0.000 -0.000 -0.000
4 CH4(2) + 2 X(1) <=> CH3X(21) + HX(19) -0.008 -0.374 -0.382 -0.388 -0.363
5 C2H6(8) + 2 X(1) <=> 2 CH3X(21) -0.000 -0.000 -0.000 0.000 -0.000
6 CH3(10) + X(1) <=> CH3X(21) -0.000 -0.000 -0.000 -0.000 0.000
7 CH2X(27) + HX(19) <=> CH3X(21) + X(1) -0.000 0.000 0.000 0.000 -0.000
8 CHX(28) + HX(19) <=> CH2X(27) + X(1) -0.000 0.000 0.000 -0.000 0.000
9 2 CH2X(27) <=> CH3X(21) + CHX(28) 0.000 -0.000 -0.000 -0.000 0.000
10 CHX(28) + X(1) <=> CX(26) + HX(19) 0.000 -0.000 -0.000 -0.000 0.000
11 CX(26) + H2(6) <=> CH2X(27) -0.000 -0.000 -0.000 -0.000 0.000
12 CH3X(21) + CX(26) <=> CH2X(27) + CHX(28) 0.000 -0.000 -0.000 -0.000 0.000
13 CH2X(27) + CX(26) <=> 2 CHX(28) 0.000 0.000 0.000 0.000 -0.000
14 H2(6) + X(1) <=> H2X(49) -0.000 -0.000 -0.000 -0.000 0.000
15 CO(7) + X(1) <=> OCX(25) 0.000 -0.001 -0.001 -0.001 -0.001
16 CX(26) + OX(20) <=> OCX(25) + X(1) 0.000 -0.001 -0.001 -0.001 -0.001
17 CH2O(9) + 2 X(1) <=> CHOX(53) + HX(19) 0.000 -0.000 -0.000 -0.000 0.000
18 HCO(15) + X(1) <=> CHOX(53) -0.000 -0.000 -0.000 0.000 -0.000
19 CH3CHO(16) + 2 X(1) <=> CH3X(21) + CHOX(53) -0.000 -0.000 -0.000 -0.000 -0.000
20 CHOX(53) + X(1) <=> HX(19) + OCX(25) 0.000 0.000 0.000 0.000 -0.000
21 CH2X(27) + CHOX(53) <=> CH3X(21) + OCX(25) -0.000 -0.000 -0.000 -0.000 0.000
22 CHOX(53) + CHX(28) <=> CH2X(27) + OCX(25) -0.000 -0.000 -0.000 0.000 -0.000
23 CHOX(53) + CX(26) <=> CHX(28) + OCX(25) 0.000 -0.000 -0.000 -0.000 0.000
24 CO(7) + X(1) <=> COX(50) 0.000 -0.000 -0.000 0.000 -0.000
25 H2O(5) + X(1) <=> H2OX(23) 0.000 -0.000 -0.000 -0.000 0.000
26 CH4(2) + OX(20) + X(1) <=> CH3X(21) + HOX(22) 0.000 -0.000 -0.000 0.000 -0.000
27 CH4(2) + HOX(22) + X(1) <=> CH3X(21) + H2OX(23) 0.000 -0.000 -0.000 -0.000 0.000
28 CO2(4) + X(1) <=> CO2X(24) 0.000 -0.000 -0.000 -0.000 0.000
29 OCX(25) + OX(20) <=> CO2X(24) + X(1) 0.000 -0.000 0.000 0.000 -0.000
30 CO2X(24) + HX(19) <=> HOX(22) + OCX(25) -0.000 -0.000 -0.000 0.000 -0.000
31 HX(19) + OX(20) <=> HOX(22) + X(1) 0.010 -0.003 0.007 0.015 -0.017
32 H2OX(23) + OX(20) <=> 2 HOX(22) 0.000 -0.000 -0.000 -0.000 0.000
33 HOX(22) + HX(19) <=> H2OX(23) + X(1) 0.000 -0.000 -0.000 0.000 -0.000
Finished sensitivity simulation for a C/O ratio of 1.3
Finished translating for C/O ratio of 1.3
Starting sensitivity simulation for a C/O ratio of 0.9
0 CH4(2) + X(1) <=> CH4X(48) -0.000 0.000 0.000 0.000 -0.000
1 O2(3) + 2 X(1) <=> 2 OX(20) 0.000 0.000 0.000 0.000 -0.000
2 H2(6) + 2 X(1) <=> 2 HX(19) -0.000 0.000 -0.000 -0.000 0.001
3 H(12) + X(1) <=> HX(19) -0.000 0.000 0.000 -0.000 -0.000
4 CH4(2) + 2 X(1) <=> CH3X(21) + HX(19) -0.011 -0.376 -0.387 -0.396 -0.363
5 C2H6(8) + 2 X(1) <=> 2 CH3X(21) 0.000 0.000 0.000 0.000 -0.000
6 CH3(10) + X(1) <=> CH3X(21) -0.000 0.000 0.000 -0.000 0.000
7 CH2X(27) + HX(19) <=> CH3X(21) + X(1) 0.000 0.000 0.000 -0.000 0.000
8 CHX(28) + HX(19) <=> CH2X(27) + X(1) 0.000 -0.000 -0.000 0.000 -0.000
9 2 CH2X(27) <=> CH3X(21) + CHX(28) -0.000 0.000 0.000 0.000 -0.000
10 CHX(28) + X(1) <=> CX(26) + HX(19) -0.000 -0.000 -0.000 0.000 -0.000
11 CX(26) + H2(6) <=> CH2X(27) -0.000 0.000 0.000 -0.000 0.000
12 CH3X(21) + CX(26) <=> CH2X(27) + CHX(28) 0.000 0.000 0.000 0.000 -0.000
13 CH2X(27) + CX(26) <=> 2 CHX(28) 0.000 0.000 0.000 -0.000 0.000
14 H2(6) + X(1) <=> H2X(49) -0.000 0.000 0.000 0.000 -0.000
15 CO(7) + X(1) <=> OCX(25) 0.000 -0.001 -0.001 -0.001 -0.001
16 CX(26) + OX(20) <=> OCX(25) + X(1) 0.000 -0.001 -0.001 -0.001 -0.001
17 CH2O(9) + 2 X(1) <=> CHOX(53) + HX(19) -0.000 -0.000 -0.000 0.000 -0.000
18 HCO(15) + X(1) <=> CHOX(53) 0.000 0.000 0.000 -0.000 0.000
19 CH3CHO(16) + 2 X(1) <=> CH3X(21) + CHOX(53) 0.000 0.000 0.000 0.000 -0.000
20 CHOX(53) + X(1) <=> HX(19) + OCX(25) 0.000 0.000 0.000 0.000 -0.000
21 CH2X(27) + CHOX(53) <=> CH3X(21) + OCX(25) 0.000 0.000 0.000 -0.000 0.000
22 CHOX(53) + CHX(28) <=> CH2X(27) + OCX(25) 0.000 -0.000 -0.000 0.000 -0.000
23 CHOX(53) + CX(26) <=> CHX(28) + OCX(25) 0.000 0.000 0.000 0.000 -0.000
24 CO(7) + X(1) <=> COX(50) 0.000 0.000 0.000 0.000 -0.000
25 H2O(5) + X(1) <=> H2OX(23) 0.000 0.000 0.000 0.000 -0.000
26 CH4(2) + OX(20) + X(1) <=> CH3X(21) + HOX(22) 0.000 -0.000 -0.000 0.000 -0.000
27 CH4(2) + HOX(22) + X(1) <=> CH3X(21) + H2OX(23) -0.000 0.000 0.000 -0.000 0.000
28 CO2(4) + X(1) <=> CO2X(24) 0.000 0.000 0.000 0.000 -0.000
29 OCX(25) + OX(20) <=> CO2X(24) + X(1) 0.000 -0.000 0.000 0.000 -0.000
30 CO2X(24) + HX(19) <=> HOX(22) + OCX(25) 0.000 -0.000 -0.000 0.000 -0.000
31 HX(19) + OX(20) <=> HOX(22) + X(1) 0.014 -0.005 0.009 0.020 -0.022
32 H2OX(23) + OX(20) <=> 2 HOX(22) 0.000 0.000 0.000 0.000 -0.000
33 HOX(22) + HX(19) <=> H2OX(23) + X(1) 0.000 0.000 0.000 0.000 0.000
Finished sensitivity simulation for a C/O ratio of 0.9
Finished translating for C/O ratio of 0.9
Starting sensitivity simulation for a C/O ratio of 1.0
0 CH4(2) + X(1) <=> CH4X(48) -0.000 -0.000 -0.000 -0.000 0.000
1 O2(3) + 2 X(1) <=> 2 OX(20) -0.000 -0.000 -0.000 -0.000 0.000
2 H2(6) + 2 X(1) <=> 2 HX(19) -0.000 0.000 -0.000 -0.000 0.001
3 H(12) + X(1) <=> HX(19) -0.000 -0.000 -0.000 -0.000 0.000
4 CH4(2) + 2 X(1) <=> CH3X(21) + HX(19) -0.010 -0.376 -0.385 -0.393 -0.363
5 C2H6(8) + 2 X(1) <=> 2 CH3X(21) -0.000 -0.000 -0.000 -0.000 0.000
6 CH3(10) + X(1) <=> CH3X(21) -0.000 -0.000 -0.000 -0.000 0.000
7 CH2X(27) + HX(19) <=> CH3X(21) + X(1) -0.000 0.000 0.000 -0.000 0.000
8 CHX(28) + HX(19) <=> CH2X(27) + X(1) -0.000 -0.000 -0.000 0.000 0.000
9 2 CH2X(27) <=> CH3X(21) + CHX(28) -0.000 -0.000 -0.000 -0.000 0.000
10 CHX(28) + X(1) <=> CX(26) + HX(19) -0.000 -0.000 -0.000 -0.000 0.000
11 CX(26) + H2(6) <=> CH2X(27) -0.000 -0.000 -0.000 -0.000 0.000
12 CH3X(21) + CX(26) <=> CH2X(27) + CHX(28) -0.000 -0.000 -0.000 -0.000 0.000
13 CH2X(27) + CX(26) <=> 2 CHX(28) -0.000 -0.000 -0.000 -0.000 0.000
14 H2(6) + X(1) <=> H2X(49) -0.000 -0.000 -0.000 0.000 -0.000
15 CO(7) + X(1) <=> OCX(25) 0.000 -0.001 -0.001 -0.001 -0.001
16 CX(26) + OX(20) <=> OCX(25) + X(1) 0.000 -0.001 -0.001 -0.001 -0.001
17 CH2O(9) + 2 X(1) <=> CHOX(53) + HX(19) -0.000 -0.000 -0.000 -0.000 0.000
18 HCO(15) + X(1) <=> CHOX(53) -0.000 -0.000 -0.000 0.000 -0.000
19 CH3CHO(16) + 2 X(1) <=> CH3X(21) + CHOX(53) -0.000 -0.000 -0.000 -0.000 0.000
20 CHOX(53) + X(1) <=> HX(19) + OCX(25) -0.000 0.000 0.000 -0.000 0.000
21 CH2X(27) + CHOX(53) <=> CH3X(21) + OCX(25) -0.000 0.000 0.000 -0.000 0.000
22 CHOX(53) + CHX(28) <=> CH2X(27) + OCX(25) -0.000 -0.000 -0.000 -0.000 0.000
23 CHOX(53) + CX(26) <=> CHX(28) + OCX(25) -0.000 -0.000 -0.000 -0.000 0.000
24 CO(7) + X(1) <=> COX(50) -0.000 0.000 0.000 -0.000 0.000
25 H2O(5) + X(1) <=> H2OX(23) 0.000 0.000 0.000 -0.000 0.000
26 CH4(2) + OX(20) + X(1) <=> CH3X(21) + HOX(22) 0.000 -0.000 -0.000 0.000 -0.000
27 CH4(2) + HOX(22) + X(1) <=> CH3X(21) + H2OX(23) -0.000 -0.000 -0.000 -0.000 0.000
28 CO2(4) + X(1) <=> CO2X(24) 0.000 -0.000 -0.000 -0.000 0.000
29 OCX(25) + OX(20) <=> CO2X(24) + X(1) 0.000 -0.000 0.000 0.000 -0.000
30 CO2X(24) + HX(19) <=> HOX(22) + OCX(25) -0.000 -0.000 -0.000 -0.000 0.000
31 HX(19) + OX(20) <=> HOX(22) + X(1) 0.013 -0.004 0.008 0.018 -0.020
32 H2OX(23) + OX(20) <=> 2 HOX(22) -0.000 -0.000 -0.000 -0.000 0.000
33 HOX(22) + HX(19) <=> H2OX(23) + X(1) 0.000 -0.000 -0.000 -0.000 0.000
Finished sensitivity simulation for a C/O ratio of 1.0
Finished translating for C/O ratio of 1.0
Starting sensitivity simulation for a C/O ratio of 2.4
0 CH4(2) + X(1) <=> CH4X(48) 0.000 -0.000 -0.000 0.000 -0.000
1 O2(3) + 2 X(1) <=> 2 OX(20) 0.000 0.000 0.000 0.000 -0.000
2 H2(6) + 2 X(1) <=> 2 HX(19) -0.000 0.000 -0.000 -0.000 0.001
3 H(12) + X(1) <=> HX(19) 0.000 0.000 0.000 -0.000 0.000
4 CH4(2) + 2 X(1) <=> CH3X(21) + HX(19) -0.005 -0.370 -0.376 -0.379 -0.363
5 C2H6(8) + 2 X(1) <=> 2 CH3X(21) -0.000 0.000 0.000 0.000 -0.000
6 CH3(10) + X(1) <=> CH3X(21) 0.000 0.000 0.000 -0.000 0.000
7 CH2X(27) + HX(19) <=> CH3X(21) + X(1) 0.000 0.000 0.000 -0.000 0.000
8 CHX(28) + HX(19) <=> CH2X(27) + X(1) 0.000 0.000 0.000 -0.000 0.000
9 2 CH2X(27) <=> CH3X(21) + CHX(28) 0.000 -0.000 -0.000 0.000 0.000
10 CHX(28) + X(1) <=> CX(26) + HX(19) 0.000 0.000 0.000 -0.000 0.000
11 CX(26) + H2(6) <=> CH2X(27) -0.000 -0.000 -0.000 -0.000 0.000
12 CH3X(21) + CX(26) <=> CH2X(27) + CHX(28) 0.000 -0.000 -0.000 0.000 -0.000
13 CH2X(27) + CX(26) <=> 2 CHX(28) 0.000 0.000 0.000 -0.000 0.000
14 H2(6) + X(1) <=> H2X(49) 0.000 -0.000 -0.000 -0.000 0.000
15 CO(7) + X(1) <=> OCX(25) 0.000 -0.001 -0.001 -0.001 -0.001
16 CX(26) + OX(20) <=> OCX(25) + X(1) 0.000 -0.001 -0.001 -0.001 -0.001
17 CH2O(9) + 2 X(1) <=> CHOX(53) + HX(19) 0.000 0.000 0.000 -0.000 0.000
18 HCO(15) + X(1) <=> CHOX(53) 0.000 0.000 0.000 -0.000 0.000
19 CH3CHO(16) + 2 X(1) <=> CH3X(21) + CHOX(53) 0.000 -0.000 -0.000 -0.000 0.000
20 CHOX(53) + X(1) <=> HX(19) + OCX(25) 0.000 0.000 0.000 -0.000 0.000
21 CH2X(27) + CHOX(53) <=> CH3X(21) + OCX(25) 0.000 0.000 0.000 -0.000 -0.000
22 CHOX(53) + CHX(28) <=> CH2X(27) + OCX(25) -0.000 -0.000 -0.000 0.000 -0.000
23 CHOX(53) + CX(26) <=> CHX(28) + OCX(25) 0.000 0.000 0.000 -0.000 0.000
24 CO(7) + X(1) <=> COX(50) 0.000 0.000 0.000 -0.000 0.000
25 H2O(5) + X(1) <=> H2OX(23) 0.000 0.000 0.000 -0.000 -0.000
26 CH4(2) + OX(20) + X(1) <=> CH3X(21) + HOX(22) 0.000 -0.000 -0.000 0.000 -0.000
27 CH4(2) + HOX(22) + X(1) <=> CH3X(21) + H2OX(23) -0.000 -0.000 -0.000 -0.000 -0.000
28 CO2(4) + X(1) <=> CO2X(24) 0.000 0.000 0.000 0.000 -0.000
29 OCX(25) + OX(20) <=> CO2X(24) + X(1) 0.000 0.000 0.000 0.000 -0.000
30 CO2X(24) + HX(19) <=> HOX(22) + OCX(25) 0.000 -0.000 -0.000 0.000 0.000
31 HX(19) + OX(20) <=> HOX(22) + X(1) 0.007 -0.001 0.005 0.010 -0.011
32 H2OX(23) + OX(20) <=> 2 HOX(22) -0.000 0.000 0.000 -0.000 0.000
33 HOX(22) + HX(19) <=> H2OX(23) + X(1) 0.000 0.000 0.000 0.000 -0.000
Finished sensitivity simulation for a C/O ratio of 2.4
Finished translating for C/O ratio of 2.4
Starting sensitivity simulation for a C/O ratio of 2.6
0 CH4(2) + X(1) <=> CH4X(48) 0.000 -0.000 -0.000 0.000 0.000
1 O2(3) + 2 X(1) <=> 2 OX(20) 0.000 -0.000 -0.000 0.000 -0.000
2 H2(6) + 2 X(1) <=> 2 HX(19) -0.000 0.000 -0.000 -0.000 0.001
3 H(12) + X(1) <=> HX(19) 0.000 -0.000 -0.000 -0.000 -0.000
4 CH4(2) + 2 X(1) <=> CH3X(21) + HX(19) -0.005 -0.370 -0.375 -0.378 -0.363
5 C2H6(8) + 2 X(1) <=> 2 CH3X(21) -0.000 -0.000 -0.000 -0.000 0.000
6 CH3(10) + X(1) <=> CH3X(21) 0.000 0.000 0.000 -0.000 -0.000
7 CH2X(27) + HX(19) <=> CH3X(21) + X(1) 0.000 -0.000 -0.000 0.000 -0.000
8 CHX(28) + HX(19) <=> CH2X(27) + X(1) 0.000 -0.000 -0.000 0.000 -0.000
9 2 CH2X(27) <=> CH3X(21) + CHX(28) 0.000 0.000 0.000 0.000 -0.000
10 CHX(28) + X(1) <=> CX(26) + HX(19) 0.000 0.000 0.000 0.000 0.000
11 CX(26) + H2(6) <=> CH2X(27) -0.000 -0.000 -0.000 -0.000 0.000
12 CH3X(21) + CX(26) <=> CH2X(27) + CHX(28) 0.000 0.000 0.000 -0.000 0.000
13 CH2X(27) + CX(26) <=> 2 CHX(28) 0.000 0.000 0.000 0.000 -0.000
14 H2(6) + X(1) <=> H2X(49) 0.000 -0.000 -0.000 0.000 -0.000
15 CO(7) + X(1) <=> OCX(25) 0.000 -0.001 -0.001 -0.001 -0.001
16 CX(26) + OX(20) <=> OCX(25) + X(1) 0.000 -0.001 -0.001 -0.001 -0.001
17 CH2O(9) + 2 X(1) <=> CHOX(53) + HX(19) 0.000 0.000 0.000 0.000 -0.000
18 HCO(15) + X(1) <=> CHOX(53) 0.000 0.000 0.000 0.000 -0.000
19 CH3CHO(16) + 2 X(1) <=> CH3X(21) + CHOX(53) 0.000 -0.000 -0.000 0.000 -0.000
20 CHOX(53) + X(1) <=> HX(19) + OCX(25) 0.000 -0.000 -0.000 0.000 -0.000
21 CH2X(27) + CHOX(53) <=> CH3X(21) + OCX(25) 0.000 -0.000 -0.000 -0.000 0.000
22 CHOX(53) + CHX(28) <=> CH2X(27) + OCX(25) 0.000 -0.000 -0.000 0.000 -0.000
23 CHOX(53) + CX(26) <=> CHX(28) + OCX(25) 0.000 -0.000 -0.000 0.000 -0.000
24 CO(7) + X(1) <=> COX(50) 0.000 0.000 0.000 -0.000 0.000
25 H2O(5) + X(1) <=> H2OX(23) 0.000 -0.000 -0.000 0.000 -0.000
26 CH4(2) + OX(20) + X(1) <=> CH3X(21) + HOX(22) 0.000 -0.000 -0.000 0.000 -0.000
27 CH4(2) + HOX(22) + X(1) <=> CH3X(21) + H2OX(23) 0.000 -0.000 -0.000 -0.000 -0.000
28 CO2(4) + X(1) <=> CO2X(24) -0.000 -0.000 -0.000 -0.000 0.000
29 OCX(25) + OX(20) <=> CO2X(24) + X(1) 0.000 0.000 0.000 0.000 -0.000
30 CO2X(24) + HX(19) <=> HOX(22) + OCX(25) 0.000 0.000 0.000 0.000 -0.000
31 HX(19) + OX(20) <=> HOX(22) + X(1) 0.006 -0.001 0.005 0.009 -0.011
32 H2OX(23) + OX(20) <=> 2 HOX(22) 0.000 -0.000 -0.000 0.000 -0.000
33 HOX(22) + HX(19) <=> H2OX(23) + X(1) 0.000 -0.000 0.000 0.000 -0.000
Finished sensitivity simulation for a C/O ratio of 2.6
Finished translating for C/O ratio of 2.6
Starting sensitivity simulation for a C/O ratio of 1.6
0 CH4(2) + X(1) <=> CH4X(48) -0.000 0.000 0.000 -0.000 -0.000
1 O2(3) + 2 X(1) <=> 2 OX(20) -0.000 0.000 0.000 0.000 -0.000
2 H2(6) + 2 X(1) <=> 2 HX(19) -0.000 0.000 -0.000 -0.000 0.001
3 H(12) + X(1) <=> HX(19) -0.000 0.000 0.000 -0.000 -0.000
4 CH4(2) + 2 X(1) <=> CH3X(21) + HX(19) -0.007 -0.373 -0.380 -0.384 -0.363
5 C2H6(8) + 2 X(1) <=> 2 CH3X(21) -0.000 0.000 0.000 0.000 -0.000
6 CH3(10) + X(1) <=> CH3X(21) -0.000 0.000 0.000 -0.000 -0.000
7 CH2X(27) + HX(19) <=> CH3X(21) + X(1) -0.000 0.000 0.000 0.000 -0.000
8 CHX(28) + HX(19) <=> CH2X(27) + X(1) -0.000 0.000 0.000 0.000 -0.000
9 2 CH2X(27) <=> CH3X(21) + CHX(28) -0.000 0.000 0.000 0.000 -0.000
10 CHX(28) + X(1) <=> CX(26) + HX(19) -0.000 -0.000 -0.000 0.000 -0.000
11 CX(26) + H2(6) <=> CH2X(27) -0.000 0.000 0.000 -0.000 0.000
12 CH3X(21) + CX(26) <=> CH2X(27) + CHX(28) -0.000 0.000 0.000 0.000 -0.000
13 CH2X(27) + CX(26) <=> 2 CHX(28) -0.000 0.000 0.000 0.000 -0.000
14 H2(6) + X(1) <=> H2X(49) 0.000 0.000 0.000 0.000 -0.000
15 CO(7) + X(1) <=> OCX(25) 0.000 -0.001 -0.001 -0.001 -0.001
16 CX(26) + OX(20) <=> OCX(25) + X(1) 0.000 -0.001 -0.001 -0.001 -0.001
17 CH2O(9) + 2 X(1) <=> CHOX(53) + HX(19) -0.000 0.000 0.000 0.000 -0.000
18 HCO(15) + X(1) <=> CHOX(53) -0.000 0.000 0.000 0.000 -0.000
19 CH3CHO(16) + 2 X(1) <=> CH3X(21) + CHOX(53) -0.000 0.000 0.000 0.000 -0.000
20 CHOX(53) + X(1) <=> HX(19) + OCX(25) 0.000 0.000 0.000 -0.000 0.000
21 CH2X(27) + CHOX(53) <=> CH3X(21) + OCX(25) -0.000 0.000 0.000 0.000 -0.000
22 CHOX(53) + CHX(28) <=> CH2X(27) + OCX(25) -0.000 0.000 0.000 0.000 -0.000
23 CHOX(53) + CX(26) <=> CHX(28) + OCX(25) -0.000 0.000 -0.000 0.000 -0.000
24 CO(7) + X(1) <=> COX(50) -0.000 0.000 -0.000 0.000 -0.000
25 H2O(5) + X(1) <=> H2OX(23) -0.000 0.000 0.000 0.000 -0.000
26 CH4(2) + OX(20) + X(1) <=> CH3X(21) + HOX(22) 0.000 -0.000 -0.000 0.000 -0.000
27 CH4(2) + HOX(22) + X(1) <=> CH3X(21) + H2OX(23) -0.000 0.000 0.000 -0.000 0.000
28 CO2(4) + X(1) <=> CO2X(24) -0.000 0.000 0.000 0.000 -0.000
29 OCX(25) + OX(20) <=> CO2X(24) + X(1) 0.000 -0.000 0.000 0.000 -0.000
30 CO2X(24) + HX(19) <=> HOX(22) + OCX(25) -0.000 0.000 0.000 0.000 0.000
31 HX(19) + OX(20) <=> HOX(22) + X(1) 0.009 -0.002 0.007 0.013 -0.015
32 H2OX(23) + OX(20) <=> 2 HOX(22) -0.000 0.000 0.000 0.000 -0.000
33 HOX(22) + HX(19) <=> H2OX(23) + X(1) -0.000 0.000 0.000 0.000 -0.000
Finished sensitivity simulation for a C/O ratio of 1.6
Finished translating for C/O ratio of 1.6
Starting sensitivity simulation for a C/O ratio of 1.2
0 CH4(2) + X(1) <=> CH4X(48) -0.000 0.000 0.000 0.000 -0.000
1 O2(3) + 2 X(1) <=> 2 OX(20) 0.000 0.000 0.000 0.000 0.000
2 H2(6) + 2 X(1) <=> 2 HX(19) -0.000 0.000 -0.000 -0.000 0.001
3 H(12) + X(1) <=> HX(19) -0.000 0.000 0.000 -0.000 -0.000
4 CH4(2) + 2 X(1) <=> CH3X(21) + HX(19) -0.009 -0.374 -0.383 -0.389 -0.363
5 C2H6(8) + 2 X(1) <=> 2 CH3X(21) -0.000 0.000 0.000 0.000 -0.000
6 CH3(10) + X(1) <=> CH3X(21) -0.000 0.000 0.000 -0.000 -0.000
7 CH2X(27) + HX(19) <=> CH3X(21) + X(1) -0.000 0.000 0.000 -0.000 0.000
8 CHX(28) + HX(19) <=> CH2X(27) + X(1) -0.000 0.000 0.000 -0.000 0.000
9 2 CH2X(27) <=> CH3X(21) + CHX(28) -0.000 0.000 0.000 -0.000 0.000
10 CHX(28) + X(1) <=> CX(26) + HX(19) -0.000 -0.000 -0.000 0.000 -0.000
11 CX(26) + H2(6) <=> CH2X(27) -0.000 0.000 -0.000 -0.000 0.000
12 CH3X(21) + CX(26) <=> CH2X(27) + CHX(28) -0.000 0.000 0.000 -0.000 0.000
13 CH2X(27) + CX(26) <=> 2 CHX(28) -0.000 0.000 0.000 -0.000 0.000
14 H2(6) + X(1) <=> H2X(49) -0.000 0.000 0.000 -0.000 0.000
15 CO(7) + X(1) <=> OCX(25) 0.000 -0.001 -0.001 -0.001 -0.001
16 CX(26) + OX(20) <=> OCX(25) + X(1) 0.000 -0.001 -0.001 -0.001 -0.001
17 CH2O(9) + 2 X(1) <=> CHOX(53) + HX(19) -0.000 0.000 0.000 0.000 -0.000
18 HCO(15) + X(1) <=> CHOX(53) -0.000 0.000 0.000 0.000 -0.000
19 CH3CHO(16) + 2 X(1) <=> CH3X(21) + CHOX(53) -0.000 -0.000 -0.000 0.000 -0.000
20 CHOX(53) + X(1) <=> HX(19) + OCX(25) -0.000 0.000 0.000 0.000 -0.000
21 CH2X(27) + CHOX(53) <=> CH3X(21) + OCX(25) 0.000 -0.000 -0.000 0.000 -0.000
22 CHOX(53) + CHX(28) <=> CH2X(27) + OCX(25) -0.000 0.000 0.000 -0.000 0.000
23 CHOX(53) + CX(26) <=> CHX(28) + OCX(25) -0.000 0.000 0.000 0.000 -0.000
24 CO(7) + X(1) <=> COX(50) -0.000 -0.000 -0.000 0.000 -0.000
25 H2O(5) + X(1) <=> H2OX(23) -0.000 -0.000 -0.000 0.000 -0.000
26 CH4(2) + OX(20) + X(1) <=> CH3X(21) + HOX(22) 0.000 -0.000 -0.000 0.000 -0.000
27 CH4(2) + HOX(22) + X(1) <=> CH3X(21) + H2OX(23) -0.000 0.000 0.000 -0.000 -0.000
28 CO2(4) + X(1) <=> CO2X(24) -0.000 0.000 0.000 -0.000 0.000
29 OCX(25) + OX(20) <=> CO2X(24) + X(1) 0.000 -0.000 0.000 0.000 -0.000
30 CO2X(24) + HX(19) <=> HOX(22) + OCX(25) -0.000 -0.000 -0.000 0.000 -0.000
31 HX(19) + OX(20) <=> HOX(22) + X(1) 0.011 -0.003 0.008 0.016 -0.018
32 H2OX(23) + OX(20) <=> 2 HOX(22) -0.000 0.000 0.000 -0.000 0.000
33 HOX(22) + HX(19) <=> H2OX(23) + X(1) -0.000 0.000 0.000 -0.000 0.000
Finished sensitivity simulation for a C/O ratio of 1.2
Finished translating for C/O ratio of 1.2
