This mechanism contains 38 gas reactions and 41 surface reactions
Finished simulation at a C/O ratio of 0.6
Finished simulation at a C/O ratio of 0.7
Finished simulation at a C/O ratio of 1.8
Finished simulation at a C/O ratio of 1.3
Finished simulation at a C/O ratio of 1.0
Finished simulation at a C/O ratio of 0.9
Finished simulation at a C/O ratio of 2.2
Finished simulation at a C/O ratio of 2.0
Finished simulation at a C/O ratio of 1.1
Finished simulation at a C/O ratio of 1.6
Finished simulation at a C/O ratio of 0.8
Finished simulation at a C/O ratio of 2.6
Finished simulation at a C/O ratio of 1.2
Finished simulation at a C/O ratio of 2.4
Finished simulation at a C/O ratio of 1.4
Starting thermo sensitivity simulation for a C/O ratio of 0.6
0 X(1) 0.001 0.000 0.001 0.000 -0.002
1 HX(19) -0.000 0.000 0.000 0.000 0.000
2 OX(20) 0.000 -0.000 -0.000 -0.000 0.001
3 CH3X(21) 0.000 -0.000 -0.000 -0.000 -0.000
4 HOX(22) -0.000 0.000 0.000 0.000 0.000
5 H2OX(23) 0.000 0.000 0.000 0.000 -0.001
6 CO2X(24) -0.000 -0.000 -0.000 -0.000 0.000
7 OCX(25) -0.001 -0.000 -0.001 -0.000 0.002
8 CX(26) -0.000 0.000 0.000 0.000 0.000
9 CH2X(27) -0.000 0.000 0.000 0.000 0.000
10 CHX(28) -0.000 0.000 0.000 0.000 -0.000
11 CH4X(48) 0.000 -0.000 -0.000 -0.000 -0.000
12 H2X(49) -0.000 0.000 0.000 0.000 -0.000
13 COX(50) -0.000 0.000 0.000 0.000 -0.000
14 CHOX(53) -0.000 0.000 0.000 0.000 -0.000
Finished thermo sensitivity simulation for a C/O ratio of 0.6
Starting thermo sensitivity simulation for a C/O ratio of 0.7
0 X(1) -0.000 -0.004 -0.004 -0.004 -0.022
1 HX(19) 0.000 0.000 0.000 0.000 0.002
2 OX(20) -0.000 -0.000 -0.000 -0.000 0.000
3 CH3X(21) -0.000 -0.000 -0.000 -0.000 0.000
4 HOX(22) 0.000 0.000 0.000 0.000 0.000
5 H2OX(23) 0.000 0.000 0.000 0.000 -0.000
6 CO2X(24) 0.000 0.000 0.000 0.000 0.000
7 OCX(25) 0.000 0.003 0.003 0.003 0.019
8 CX(26) 0.000 0.000 0.000 0.000 0.000
9 CH2X(27) 0.000 0.000 0.000 0.000 0.001
10 CHX(28) 0.000 0.000 0.000 0.000 -0.000
11 CH4X(48) -0.000 -0.000 -0.000 -0.000 -0.000
12 H2X(49) 0.000 0.000 0.000 0.000 0.000
13 COX(50) 0.000 0.000 0.000 0.000 0.000
14 CHOX(53) 0.000 0.000 0.000 0.000 0.000
Finished thermo sensitivity simulation for a C/O ratio of 0.7
Starting thermo sensitivity simulation for a C/O ratio of 1.1
0 X(1) -0.003 -0.003 -0.005 -0.003 -0.003
1 HX(19) 0.011 0.008 0.019 0.012 0.011
2 OX(20) -0.004 -0.008 -0.012 -0.006 -0.009
3 CH3X(21) -0.004 -0.008 -0.012 -0.006 -0.009
4 HOX(22) 0.000 -0.011 -0.011 -0.007 -0.009
5 H2OX(23) 0.012 0.014 0.026 0.015 0.017
6 CO2X(24) 0.011 0.008 0.019 0.012 0.011
7 OCX(25) 0.011 0.008 0.019 0.012 0.012
8 CX(26) 0.024 0.013 0.037 0.020 0.022
9 CH2X(27) 0.011 0.008 0.019 0.012 0.011
10 CHX(28) 0.024 0.013 0.037 0.020 0.022
11 CH4X(48) 0.010 -0.000 0.010 0.005 0.004
12 H2X(49) 0.010 -0.000 0.010 0.005 0.004
13 COX(50) 0.011 0.008 0.019 0.012 0.011
14 CHOX(53) 0.039 0.029 0.068 0.038 0.042
Finished thermo sensitivity simulation for a C/O ratio of 1.1
Starting thermo sensitivity simulation for a C/O ratio of 2.0
0 X(1) -0.000 -0.000 -0.000 0.000 -0.000
1 HX(19) 0.000 0.000 0.000 -0.000 0.000
2 OX(20) 0.000 0.000 0.000 0.000 0.000
3 CH3X(21) 0.000 0.009 0.010 0.004 0.008
4 HOX(22) 0.000 0.000 0.000 0.000 0.000
5 H2OX(23) -0.000 -0.000 -0.000 0.000 -0.000
6 CO2X(24) -0.001 -0.004 -0.005 -0.002 -0.004
7 OCX(25) 0.000 0.000 0.000 -0.000 0.000
8 CX(26) -0.000 0.000 -0.000 -0.000 0.000
9 CH2X(27) 0.000 0.009 0.010 0.004 0.008
10 CHX(28) -0.001 -0.004 -0.005 -0.002 -0.004
11 CH4X(48) -0.000 -0.000 -0.000 -0.000 -0.000
12 H2X(49) 0.000 0.009 0.010 0.004 0.008
13 COX(50) -0.000 -0.000 -0.000 -0.000 -0.000
14 CHOX(53) -0.000 0.000 0.000 -0.000 0.000
Finished thermo sensitivity simulation for a C/O ratio of 2.0
Starting thermo sensitivity simulation for a C/O ratio of 1.4
0 X(1) 0.007 -0.010 -0.003 -0.000 -0.005
1 HX(19) -0.005 -0.027 -0.033 -0.017 -0.025
2 OX(20) -0.005 -0.024 -0.028 -0.014 -0.022
3 CH3X(21) -0.004 -0.023 -0.027 -0.014 -0.021
4 HOX(22) 0.000 0.000 0.000 0.000 0.000
5 H2OX(23) 0.021 0.014 0.035 0.021 0.020
6 CO2X(24) -0.003 -0.018 -0.021 -0.012 -0.016
7 OCX(25) -0.003 -0.018 -0.022 -0.012 -0.017
8 CX(26) -0.000 -0.001 -0.001 -0.000 -0.001
9 CH2X(27) 0.009 -0.005 0.004 0.002 0.000
10 CHX(28) -0.000 -0.001 -0.001 -0.000 -0.001
11 CH4X(48) 0.007 -0.010 -0.003 -0.000 -0.005
12 H2X(49) -0.001 -0.005 -0.006 -0.003 -0.005
13 COX(50) 0.000 0.000 0.000 0.000 0.000
14 CHOX(53) -0.000 -0.001 -0.001 -0.000 -0.001
Finished thermo sensitivity simulation for a C/O ratio of 1.4
Starting thermo sensitivity simulation for a C/O ratio of 1.8
0 X(1) 0.001 -0.009 -0.008 -0.003 -0.007
1 HX(19) 0.000 0.000 0.000 0.000 0.000
2 OX(20) 0.002 -0.007 -0.006 -0.002 -0.005
3 CH3X(21) 0.001 -0.009 -0.007 -0.003 -0.007
4 HOX(22) 0.000 0.000 0.000 0.000 0.000
5 H2OX(23) 0.001 -0.009 -0.007 -0.003 -0.007
6 CO2X(24) 0.000 0.000 0.000 -0.000 0.000
7 OCX(25) 0.000 0.001 0.002 0.001 0.001
8 CX(26) 0.002 -0.007 -0.006 -0.002 -0.005
9 CH2X(27) 0.002 -0.007 -0.006 -0.002 -0.005
10 CHX(28) 0.001 -0.009 -0.007 -0.003 -0.007
11 CH4X(48) 0.001 -0.009 -0.008 -0.003 -0.007
12 H2X(49) -0.001 -0.018 -0.019 -0.009 -0.015
13 COX(50) 0.002 -0.007 -0.006 -0.002 -0.005
14 CHOX(53) 0.000 0.001 0.002 0.001 0.001
Finished thermo sensitivity simulation for a C/O ratio of 1.8
Starting thermo sensitivity simulation for a C/O ratio of 0.9
0 X(1) -0.000 -0.000 -0.000 -0.000 -0.000
1 HX(19) 0.000 0.000 0.000 0.000 0.000
2 OX(20) -0.000 -0.000 -0.000 -0.000 -0.000
3 CH3X(21) -0.000 0.000 0.000 -0.000 0.000
4 HOX(22) 0.000 0.000 0.000 0.000 0.000
5 H2OX(23) 0.000 0.000 0.000 0.000 0.000
6 CO2X(24) 0.000 0.000 0.000 0.000 0.000
7 OCX(25) 0.000 0.000 0.000 0.000 0.000
8 CX(26) 0.002 -0.006 -0.003 -0.002 -0.004
9 CH2X(27) 0.000 0.000 0.000 0.000 0.000
10 CHX(28) -0.000 0.000 0.000 -0.000 0.000
11 CH4X(48) 0.002 -0.006 -0.003 -0.002 -0.004
12 H2X(49) -0.000 -0.000 -0.000 -0.000 -0.000
13 COX(50) -0.000 0.000 0.000 -0.000 0.000
14 CHOX(53) -0.000 0.000 0.000 -0.000 0.000
Finished thermo sensitivity simulation for a C/O ratio of 0.9
Starting thermo sensitivity simulation for a C/O ratio of 1.6
0 X(1) -0.000 -0.000 -0.000 0.000 -0.000
1 HX(19) -0.009 0.003 -0.006 -0.004 -0.002
2 OX(20) -0.012 -0.014 -0.027 -0.014 -0.017
3 CH3X(21) 0.004 0.017 0.021 0.011 0.015
4 HOX(22) -0.006 0.006 -0.000 -0.000 0.002
5 H2OX(23) -0.012 -0.014 -0.027 -0.014 -0.017
6 CO2X(24) -0.012 -0.014 -0.027 -0.014 -0.017
7 OCX(25) 0.004 0.017 0.021 0.011 0.016
8 CX(26) -0.012 -0.014 -0.027 -0.014 -0.017
9 CH2X(27) 0.000 0.000 0.000 0.000 0.000
10 CHX(28) 0.004 0.017 0.021 0.011 0.015
11 CH4X(48) -0.012 -0.014 -0.027 -0.014 -0.017
12 H2X(49) -0.009 0.003 -0.006 -0.004 -0.002
13 COX(50) -0.009 0.003 -0.006 -0.004 -0.002
14 CHOX(53) -0.009 0.003 -0.006 -0.004 -0.002
Finished thermo sensitivity simulation for a C/O ratio of 1.6
Starting thermo sensitivity simulation for a C/O ratio of 2.2
0 X(1) -0.000 -0.000 -0.000 0.000 -0.000
1 HX(19) 0.000 0.000 0.000 -0.000 0.000
2 OX(20) 0.014 0.013 0.027 0.013 0.017
3 CH3X(21) 0.014 0.013 0.027 0.013 0.017
4 HOX(22) 0.014 0.013 0.027 0.013 0.017
5 H2OX(23) 0.014 0.013 0.027 0.013 0.017
6 CO2X(24) 0.000 0.000 0.000 -0.000 0.000
7 OCX(25) 0.014 0.013 0.027 0.013 0.017
8 CX(26) 0.000 -0.000 -0.000 0.000 -0.000
9 CH2X(27) 0.014 0.013 0.027 0.013 0.017
10 CHX(28) -0.000 0.000 0.000 -0.000 0.000
11 CH4X(48) 0.014 0.013 0.027 0.013 0.017
12 H2X(49) -0.000 -0.000 -0.000 -0.000 -0.000
13 COX(50) 0.000 0.000 0.000 0.000 0.000
14 CHOX(53) 0.014 0.013 0.027 0.013 0.017
Finished thermo sensitivity simulation for a C/O ratio of 2.2
Starting thermo sensitivity simulation for a C/O ratio of 0.8
0 X(1) 0.011 0.014 0.026 0.019 0.017
1 HX(19) -0.006 -0.001 -0.007 -0.003 -0.004
2 OX(20) 0.011 0.014 0.026 0.019 0.017
3 CH3X(21) 0.011 0.014 0.026 0.019 0.017
4 HOX(22) -0.006 -0.001 -0.007 -0.003 -0.004
5 H2OX(23) -0.000 0.000 0.000 0.000 0.000
6 CO2X(24) 0.011 0.014 0.026 0.019 0.017
7 OCX(25) -0.000 0.000 0.000 0.000 0.000
8 CX(26) 0.011 0.014 0.026 0.019 0.017
9 CH2X(27) -0.000 0.000 0.000 0.000 0.000
10 CHX(28) -0.000 0.000 0.000 -0.000 0.000
11 CH4X(48) -0.000 -0.000 -0.000 -0.000 -0.000
12 H2X(49) -0.006 -0.001 -0.007 -0.003 -0.004
13 COX(50) -0.000 0.000 0.000 -0.000 0.000
14 CHOX(53) 0.011 0.014 0.026 0.019 0.017
Finished thermo sensitivity simulation for a C/O ratio of 0.8
Starting thermo sensitivity simulation for a C/O ratio of 2.6
0 X(1) -0.023 -0.027 -0.050 -0.018 -0.036
1 HX(19) 0.012 0.005 0.017 0.007 0.011
2 OX(20) -0.033 -0.049 -0.082 -0.029 -0.062
3 CH3X(21) -0.023 -0.027 -0.050 -0.018 -0.036
4 HOX(22) -0.023 -0.027 -0.050 -0.018 -0.036
5 H2OX(23) -0.033 -0.049 -0.082 -0.029 -0.062
6 CO2X(24) -0.043 -0.050 -0.093 -0.034 -0.068
7 OCX(25) -0.023 -0.027 -0.049 -0.018 -0.036
8 CX(26) -0.021 -0.023 -0.043 -0.016 -0.032
9 CH2X(27) 0.002 0.004 0.006 0.002 0.005
10 CHX(28) -0.043 -0.050 -0.093 -0.034 -0.068
11 CH4X(48) -0.023 -0.027 -0.050 -0.018 -0.036
12 H2X(49) -0.023 -0.027 -0.050 -0.018 -0.036
13 COX(50) -0.023 -0.027 -0.050 -0.018 -0.036
14 CHOX(53) -0.000 -0.000 -0.000 -0.000 -0.000
Finished thermo sensitivity simulation for a C/O ratio of 2.6
Starting thermo sensitivity simulation for a C/O ratio of 1.0
0 X(1) -0.000 -0.000 -0.000 0.000 -0.000
1 HX(19) 0.039 0.052 0.091 0.052 0.062
2 OX(20) 0.002 0.011 0.014 0.007 0.011
3 CH3X(21) 0.002 0.011 0.014 0.007 0.011
4 HOX(22) 0.021 0.031 0.052 0.030 0.036
5 H2OX(23) 0.002 0.011 0.014 0.007 0.011
6 CO2X(24) 0.002 0.011 0.014 0.007 0.011
7 OCX(25) 0.002 0.011 0.014 0.007 0.011
8 CX(26) 0.002 0.011 0.014 0.007 0.011
9 CH2X(27) 0.021 0.031 0.052 0.030 0.036
10 CHX(28) 0.002 0.011 0.014 0.007 0.011
11 CH4X(48) 0.021 0.031 0.052 0.030 0.036
12 H2X(49) 0.021 0.031 0.052 0.030 0.036
13 COX(50) -0.000 0.000 0.000 -0.000 0.000
14 CHOX(53) 0.002 0.011 0.014 0.007 0.011
Finished thermo sensitivity simulation for a C/O ratio of 1.0
Starting thermo sensitivity simulation for a C/O ratio of 2.4
0 X(1) 0.004 0.010 0.014 0.006 0.010
1 HX(19) 0.000 0.000 0.000 -0.000 0.000
2 OX(20) 0.000 0.000 0.000 -0.000 0.000
3 CH3X(21) -0.021 -0.023 -0.044 -0.019 -0.030
4 HOX(22) -0.021 -0.023 -0.044 -0.019 -0.030
5 H2OX(23) -0.024 -0.039 -0.062 -0.025 -0.044
6 CO2X(24) 0.021 0.023 0.044 0.019 0.030
7 OCX(25) -0.021 -0.023 -0.044 -0.019 -0.030
8 CX(26) 0.000 0.000 0.000 -0.000 0.000
9 CH2X(27) -0.021 -0.023 -0.044 -0.019 -0.030
10 CHX(28) -0.016 -0.014 -0.030 -0.013 -0.019
11 CH4X(48) -0.021 -0.023 -0.044 -0.019 -0.030
12 H2X(49) -0.021 -0.023 -0.044 -0.019 -0.030
13 COX(50) -0.021 -0.023 -0.044 -0.019 -0.030
14 CHOX(53) 0.021 0.023 0.044 0.019 0.030
Finished thermo sensitivity simulation for a C/O ratio of 2.4
Starting thermo sensitivity simulation for a C/O ratio of 1.3
0 X(1) -0.012 -0.014 -0.027 -0.015 -0.017
1 HX(19) -0.001 -0.003 -0.004 -0.002 -0.004
2 OX(20) -0.001 -0.004 -0.005 -0.002 -0.004
3 CH3X(21) 0.000 0.000 0.000 0.000 0.000
4 HOX(22) 0.000 0.000 0.000 0.000 0.000
5 H2OX(23) -0.000 0.000 0.000 0.000 0.000
6 CO2X(24) 0.000 0.000 0.000 -0.000 0.000
7 OCX(25) -0.001 -0.003 -0.004 -0.002 -0.004
8 CX(26) -0.001 -0.004 -0.005 -0.002 -0.004
9 CH2X(27) -0.012 -0.014 -0.026 -0.015 -0.017
10 CHX(28) 0.000 0.000 0.000 0.000 0.000
11 CH4X(48) -0.012 -0.014 -0.026 -0.015 -0.017
12 H2X(49) -0.012 -0.014 -0.026 -0.015 -0.017
13 COX(50) -0.012 -0.014 -0.026 -0.015 -0.017
14 CHOX(53) 0.012 0.014 0.027 0.015 0.017
Finished thermo sensitivity simulation for a C/O ratio of 1.3
Starting thermo sensitivity simulation for a C/O ratio of 1.2
0 X(1) 0.011 0.004 0.014 0.010 0.007
1 HX(19) 0.013 0.015 0.028 0.016 0.018
2 OX(20) 0.000 0.000 0.000 0.000 0.000
3 CH3X(21) 0.011 0.004 0.014 0.010 0.007
4 HOX(22) 0.012 0.011 0.023 0.013 0.014
5 H2OX(23) -0.000 -0.000 -0.000 0.000 -0.000
6 CO2X(24) -0.008 -0.009 -0.017 -0.010 -0.011
7 OCX(25) 0.013 0.015 0.028 0.016 0.018
8 CX(26) 0.000 0.000 0.000 0.000 0.000
9 CH2X(27) 0.000 0.000 0.000 0.000 0.000
10 CHX(28) 0.025 0.026 0.051 0.029 0.033
11 CH4X(48) -0.002 -0.011 -0.014 -0.006 -0.011
12 H2X(49) 0.012 0.011 0.023 0.013 0.014
13 COX(50) -0.000 0.000 0.000 -0.000 0.000
14 CHOX(53) -0.000 -0.000 -0.000 -0.000 -0.000
Finished thermo sensitivity simulation for a C/O ratio of 1.2
Starting sensitivity simulation for a C/O ratio of 0.6
0 CH4(2) + X(1) <=> CH4X(48) 0.000 0.000 0.000 0.000 -0.000
1 O2(3) + 2 X(1) <=> 2 OX(20) -0.371 2.360 1.998 2.375 9.613
2 H2(6) + 2 X(1) <=> 2 HX(19) -0.000 -0.000 -0.000 0.000 -0.902
3 H(12) + X(1) <=> HX(19) -0.000 0.000 0.000 0.000 -0.000
4 HX(19) + OX(20) <=> HOX(22) + X(1) 0.000 0.000 0.000 0.000 0.035
5 H2O(5) + 2 X(1) <=> HOX(22) + HX(19) -0.000 -0.000 -0.000 -0.000 0.001
6 OH(17) + X(1) <=> HOX(22) 0.000 0.000 0.000 0.000 -0.000
7 CH4(2) + 2 X(1) <=> CH3X(21) + HX(19) -0.000 -0.000 -0.000 -0.000 -0.000
8 CH4(2) + OX(20) + X(1) <=> CH3X(21) + HOX(22) 0.063 -5.466 -5.399 -5.469 -19.697
9 C2H6(8) + 2 X(1) <=> 2 CH3X(21) -0.000 0.001 0.001 0.001 0.004
10 CH3(10) + X(1) <=> CH3X(21) 0.000 0.000 0.000 0.000 -0.000
11 CH3OH(14) + 2 X(1) <=> CH3X(21) + HOX(22) 0.000 0.000 0.000 0.000 0.000
12 CH2X(27) + HX(19) <=> CH3X(21) + X(1) 0.002 -0.037 -0.035 -0.037 -0.126
13 CH2X(27) + HOX(22) <=> CH3X(21) + OX(20) 0.000 -0.000 -0.000 -0.001 -0.002
14 CHX(28) + HX(19) <=> CH2X(27) + X(1) 0.000 0.000 0.000 -0.000 0.014
15 CHX(28) + HOX(22) <=> CH2X(27) + OX(20) 0.000 0.000 0.000 0.000 0.000
16 2 CH2X(27) <=> CH3X(21) + CHX(28) -0.000 0.000 0.000 0.000 -0.000
17 CHX(28) + X(1) <=> CX(26) + HX(19) -0.000 -0.000 -0.000 -0.000 -0.000
18 CX(26) + H2(6) <=> CH2X(27) -0.000 -0.000 -0.000 0.000 -0.014
19 CX(26) + HOX(22) <=> CHX(28) + OX(20) -0.000 0.000 0.000 0.000 -0.000
20 CH3X(21) + CX(26) <=> CH2X(27) + CHX(28) 0.000 -0.000 -0.000 -0.000 -0.000
21 CH2X(27) + CX(26) <=> 2 CHX(28) -0.000 0.000 0.000 0.000 -0.000
22 CO(7) + X(1) <=> OCX(25) -0.012 0.001 -0.012 0.001 0.044
23 CX(26) + OX(20) <=> OCX(25) + X(1) 0.000 0.000 0.000 0.000 -0.000
24 CH4(2) + HOX(22) + X(1) <=> CH3X(21) + H2OX(23) -0.000 -0.000 -0.000 -0.000 -0.001
25 H2O(5) + X(1) <=> H2OX(23) -0.000 -0.000 -0.000 -0.000 0.001
26 H2OX(23) + OX(20) <=> 2 HOX(22) -0.001 -0.018 -0.019 -0.018 0.842
27 HOX(22) + HX(19) <=> H2OX(23) + X(1) -0.000 0.000 0.000 0.000 -0.000
28 H2(6) + X(1) <=> H2X(49) -0.000 0.000 0.000 0.000 -0.000
29 CO(7) + X(1) <=> COX(50) -0.000 0.000 0.000 0.000 -0.000
30 CH2O(9) + 2 X(1) <=> CHOX(53) + HX(19) -0.000 0.000 0.000 0.000 -0.000
31 HCO(15) + X(1) <=> CHOX(53) -0.000 0.000 0.000 0.000 -0.000
32 CH3CHO(16) + 2 X(1) <=> CH3X(21) + CHOX(53) -0.000 0.000 0.000 0.000 -0.000
33 CHOX(53) + X(1) <=> HX(19) + OCX(25) -0.000 0.000 0.000 0.000 -0.000
34 CHOX(53) + OX(20) <=> HOX(22) + OCX(25) -0.000 0.000 0.000 0.000 -0.000
35 CH2X(27) + CHOX(53) <=> CH3X(21) + OCX(25) -0.000 0.000 0.000 0.000 -0.000
36 CHOX(53) + CHX(28) <=> CH2X(27) + OCX(25) -0.000 0.000 0.000 0.000 -0.000
37 CHOX(53) + CX(26) <=> CHX(28) + OCX(25) -0.000 0.000 0.000 0.000 -0.000
38 CO2(4) + X(1) <=> CO2X(24) 0.000 0.000 0.000 0.000 -0.000
39 OCX(25) + OX(20) <=> CO2X(24) + X(1) 0.636 0.274 0.908 0.249 -1.492
40 CO2X(24) + HX(19) <=> HOX(22) + OCX(25) 0.005 0.002 0.007 0.002 -0.012
Finished sensitivity simulation for a C/O ratio of 0.6
Finished translating for C/O ratio of 0.6
Starting sensitivity simulation for a C/O ratio of 0.7
0 CH4(2) + X(1) <=> CH4X(48) 0.000 0.000 0.000 0.000 0.000
1 O2(3) + 2 X(1) <=> 2 OX(20) 2.927 14.453 16.957 14.324 52.422
2 H2(6) + 2 X(1) <=> 2 HX(19) -0.000 -0.000 -0.000 0.000 -0.728
3 H(12) + X(1) <=> HX(19) 0.000 0.000 0.000 0.000 -0.000
4 HX(19) + OX(20) <=> HOX(22) + X(1) 0.000 0.000 0.000 0.000 0.018
5 H2O(5) + 2 X(1) <=> HOX(22) + HX(19) -0.000 -0.000 -0.000 -0.000 0.005
6 OH(17) + X(1) <=> HOX(22) -0.000 -0.000 -0.000 -0.000 -0.000
7 CH4(2) + 2 X(1) <=> CH3X(21) + HX(19) -0.000 -0.000 -0.000 -0.000 -0.000
8 CH4(2) + OX(20) + X(1) <=> CH3X(21) + HOX(22) -9.200 -51.555 -65.498 -50.821 -1416.269
9 C2H6(8) + 2 X(1) <=> 2 CH3X(21) 0.001 0.007 0.009 0.007 0.035
10 CH3(10) + X(1) <=> CH3X(21) 0.000 0.000 0.000 0.000 -0.000
11 CH3OH(14) + 2 X(1) <=> CH3X(21) + HOX(22) 0.000 0.000 0.000 0.000 0.001
12 CH2X(27) + HX(19) <=> CH3X(21) + X(1) -0.043 -0.215 -0.258 -0.213 -1.053
13 CH2X(27) + HOX(22) <=> CH3X(21) + OX(20) -0.000 -0.002 -0.003 -0.002 -0.012
14 CHX(28) + HX(19) <=> CH2X(27) + X(1) 0.000 0.000 0.000 -0.000 0.002
15 CHX(28) + HOX(22) <=> CH2X(27) + OX(20) 0.000 0.000 0.000 0.000 0.000
16 2 CH2X(27) <=> CH3X(21) + CHX(28) 0.000 0.000 0.000 0.000 0.000
17 CHX(28) + X(1) <=> CX(26) + HX(19) 0.000 0.000 0.000 0.000 0.000
18 CX(26) + H2(6) <=> CH2X(27) -0.000 0.000 0.000 0.000 -0.002
19 CX(26) + HOX(22) <=> CHX(28) + OX(20) 0.000 0.000 0.000 0.000 0.000
20 CH3X(21) + CX(26) <=> CH2X(27) + CHX(28) -0.000 -0.000 -0.000 -0.000 -0.000
21 CH2X(27) + CX(26) <=> 2 CHX(28) 0.000 0.000 0.000 0.000 0.000
22 CO(7) + X(1) <=> OCX(25) 0.008 0.080 0.088 0.079 0.448
23 CX(26) + OX(20) <=> OCX(25) + X(1) 0.000 0.000 0.000 -0.000 0.000
24 CH4(2) + HOX(22) + X(1) <=> CH3X(21) + H2OX(23) -0.001 -0.004 -0.005 -0.004 -0.020
25 H2O(5) + X(1) <=> H2OX(23) -0.000 -0.000 -0.000 -0.000 0.002
26 H2OX(23) + OX(20) <=> 2 HOX(22) -0.018 -0.086 -0.104 -0.085 0.359
27 HOX(22) + HX(19) <=> H2OX(23) + X(1) -0.000 0.000 0.000 0.000 0.000
28 H2(6) + X(1) <=> H2X(49) 0.009 0.046 0.056 0.046 0.231
29 CO(7) + X(1) <=> COX(50) 0.000 0.000 0.000 0.000 0.000
30 CH2O(9) + 2 X(1) <=> CHOX(53) + HX(19) 0.000 0.000 0.000 0.000 0.000
31 HCO(15) + X(1) <=> CHOX(53) 0.000 0.000 0.000 0.000 -0.000
32 CH3CHO(16) + 2 X(1) <=> CH3X(21) + CHOX(53) 0.000 0.000 0.000 0.000 -0.000
33 CHOX(53) + X(1) <=> HX(19) + OCX(25) 0.000 0.000 0.000 0.000 0.000
34 CHOX(53) + OX(20) <=> HOX(22) + OCX(25) 0.000 0.000 0.000 0.000 0.000
35 CH2X(27) + CHOX(53) <=> CH3X(21) + OCX(25) 0.235 1.198 1.431 1.186 5.710
36 CHOX(53) + CHX(28) <=> CH2X(27) + OCX(25) 0.000 0.000 0.000 0.000 0.000
37 CHOX(53) + CX(26) <=> CHX(28) + OCX(25) 0.000 0.000 0.000 0.000 -0.000
38 CO2(4) + X(1) <=> CO2X(24) 0.000 0.000 0.000 0.000 -0.000
39 OCX(25) + OX(20) <=> CO2X(24) + X(1) -0.161 -2.516 -2.681 -2.507 -16.263
40 CO2X(24) + HX(19) <=> HOX(22) + OCX(25) 0.013 0.050 0.063 0.050 0.228
Finished sensitivity simulation for a C/O ratio of 0.7
Finished translating for C/O ratio of 0.7
Starting sensitivity simulation for a C/O ratio of 1.1
0 CH4(2) + X(1) <=> CH4X(48) -0.004 -0.008 -0.012 -0.006 -0.009
1 O2(3) + 2 X(1) <=> 2 OX(20) 0.102 0.087 0.188 0.121 0.113
2 H2(6) + 2 X(1) <=> 2 HX(19) 0.011 0.008 0.019 0.012 0.011
3 H(12) + X(1) <=> HX(19) -0.007 -0.012 -0.019 -0.010 -0.014
4 HX(19) + OX(20) <=> HOX(22) + X(1) 0.010 -0.000 0.010 0.005 0.004
5 H2O(5) + 2 X(1) <=> HOX(22) + HX(19) 0.010 0.000 0.011 0.006 0.005
6 OH(17) + X(1) <=> HOX(22) 0.011 0.008 0.019 0.012 0.012
7 CH4(2) + 2 X(1) <=> CH3X(21) + HX(19) -0.006 -0.010 -0.016 -0.009 -0.011
8 CH4(2) + OX(20) + X(1) <=> CH3X(21) + HOX(22) -0.138 -0.149 -0.287 -0.225 -0.154
9 C2H6(8) + 2 X(1) <=> 2 CH3X(21) -0.005 -0.009 -0.013 -0.007 -0.009
10 CH3(10) + X(1) <=> CH3X(21) -0.101 -0.058 -0.159 -0.129 -0.084
11 CH3OH(14) + 2 X(1) <=> CH3X(21) + HOX(22) 0.010 -0.000 0.009 0.005 0.004
12 CH2X(27) + HX(19) <=> CH3X(21) + X(1) 0.010 0.005 0.015 0.009 0.008
13 CH2X(27) + HOX(22) <=> CH3X(21) + OX(20) 0.011 0.008 0.019 0.012 0.011
14 CHX(28) + HX(19) <=> CH2X(27) + X(1) 0.012 0.014 0.026 0.015 0.017
15 CHX(28) + HOX(22) <=> CH2X(27) + OX(20) 0.009 -0.004 0.005 0.002 0.001
16 2 CH2X(27) <=> CH3X(21) + CHX(28) -0.003 -0.003 -0.005 -0.003 -0.003
17 CHX(28) + X(1) <=> CX(26) + HX(19) -0.003 -0.003 -0.005 -0.003 -0.003
18 CX(26) + H2(6) <=> CH2X(27) -0.004 -0.008 -0.012 -0.006 -0.009
19 CX(26) + HOX(22) <=> CHX(28) + OX(20) 0.009 -0.004 0.005 0.002 0.001
20 CH3X(21) + CX(26) <=> CH2X(27) + CHX(28) 0.026 0.029 0.055 0.031 0.036
21 CH2X(27) + CX(26) <=> 2 CHX(28) -0.004 -0.008 -0.012 -0.006 -0.009
22 CO(7) + X(1) <=> OCX(25) -0.000 -0.012 -0.012 -0.008 -0.009
23 CX(26) + OX(20) <=> OCX(25) + X(1) 0.010 -0.000 0.009 0.005 0.004
24 CH4(2) + HOX(22) + X(1) <=> CH3X(21) + H2OX(23) -0.003 -0.003 -0.005 -0.003 -0.003
25 H2O(5) + X(1) <=> H2OX(23) -0.004 -0.008 -0.012 -0.006 -0.009
26 H2OX(23) + OX(20) <=> 2 HOX(22) -0.004 -0.010 -0.013 -0.007 -0.010
27 HOX(22) + HX(19) <=> H2OX(23) + X(1) 0.009 -0.004 0.005 0.002 0.001
28 H2(6) + X(1) <=> H2X(49) 0.011 0.008 0.019 0.012 0.011
29 CO(7) + X(1) <=> COX(50) 0.011 0.008 0.019 0.012 0.011
30 CH2O(9) + 2 X(1) <=> CHOX(53) + HX(19) -0.003 -0.003 -0.005 -0.003 -0.003
31 HCO(15) + X(1) <=> CHOX(53) 0.009 -0.004 0.005 0.002 0.001
32 CH3CHO(16) + 2 X(1) <=> CH3X(21) + CHOX(53) 0.010 -0.000 0.010 0.005 0.004
33 CHOX(53) + X(1) <=> HX(19) + OCX(25) 0.011 0.008 0.019 0.012 0.011
34 CHOX(53) + OX(20) <=> HOX(22) + OCX(25) -0.003 -0.003 -0.005 -0.003 -0.003
35 CH2X(27) + CHOX(53) <=> CH3X(21) + OCX(25) 0.011 0.008 0.019 0.012 0.011
36 CHOX(53) + CHX(28) <=> CH2X(27) + OCX(25) -0.004 -0.008 -0.012 -0.006 -0.009
37 CHOX(53) + CX(26) <=> CHX(28) + OCX(25) -0.004 -0.008 -0.012 -0.006 -0.009
38 CO2(4) + X(1) <=> CO2X(24) -0.003 -0.003 -0.005 -0.003 -0.003
39 OCX(25) + OX(20) <=> CO2X(24) + X(1) -0.001 -0.008 -0.009 0.059 -0.041
40 CO2X(24) + HX(19) <=> HOX(22) + OCX(25) -0.004 -0.009 -0.013 -0.006 -0.010
Finished sensitivity simulation for a C/O ratio of 1.1
Finished translating for C/O ratio of 1.1
Starting sensitivity simulation for a C/O ratio of 1.8
0 CH4(2) + X(1) <=> CH4X(48) 0.001 -0.009 -0.007 -0.003 -0.007
1 O2(3) + 2 X(1) <=> 2 OX(20) 0.027 0.025 0.052 0.032 0.029
2 H2(6) + 2 X(1) <=> 2 HX(19) -0.000 -0.000 -0.000 0.000 -0.000
3 H(12) + X(1) <=> HX(19) -0.008 -0.019 -0.026 -0.013 -0.018
4 HX(19) + OX(20) <=> HOX(22) + X(1) -0.001 -0.007 -0.008 -0.004 -0.006
5 H2O(5) + 2 X(1) <=> HOX(22) + HX(19) 0.000 0.001 0.001 0.001 0.001
6 OH(17) + X(1) <=> HOX(22) -0.001 -0.007 -0.008 -0.004 -0.006
7 CH4(2) + 2 X(1) <=> CH3X(21) + HX(19) -0.009 -0.009 -0.018 -0.010 -0.011
8 CH4(2) + OX(20) + X(1) <=> CH3X(21) + HOX(22) -0.067 -0.077 -0.144 -0.163 -0.036
9 C2H6(8) + 2 X(1) <=> 2 CH3X(21) 0.001 -0.009 -0.008 -0.004 -0.007
10 CH3(10) + X(1) <=> CH3X(21) -0.035 -0.022 -0.058 -0.044 -0.028
11 CH3OH(14) + 2 X(1) <=> CH3X(21) + HOX(22) 0.000 0.000 0.000 0.000 0.000
12 CH2X(27) + HX(19) <=> CH3X(21) + X(1) -0.000 0.001 0.000 0.000 0.000
13 CH2X(27) + HOX(22) <=> CH3X(21) + OX(20) -0.001 -0.018 -0.019 -0.009 -0.015
14 CHX(28) + HX(19) <=> CH2X(27) + X(1) -0.000 0.000 0.000 -0.000 0.000
15 CHX(28) + HOX(22) <=> CH2X(27) + OX(20) 0.000 0.001 0.002 0.001 0.001
16 2 CH2X(27) <=> CH3X(21) + CHX(28) 0.002 -0.007 -0.006 -0.002 -0.005
17 CHX(28) + X(1) <=> CX(26) + HX(19) 0.000 0.001 0.002 0.001 0.001
18 CX(26) + H2(6) <=> CH2X(27) -0.001 -0.018 -0.019 -0.009 -0.015
19 CX(26) + HOX(22) <=> CHX(28) + OX(20) -0.000 0.000 0.000 -0.000 0.000
20 CH3X(21) + CX(26) <=> CH2X(27) + CHX(28) -0.000 0.000 0.000 -0.000 0.000
21 CH2X(27) + CX(26) <=> 2 CHX(28) -0.000 0.000 0.000 -0.000 0.000
22 CO(7) + X(1) <=> OCX(25) 0.001 0.002 0.002 -0.000 0.003
23 CX(26) + OX(20) <=> OCX(25) + X(1) 0.001 -0.009 -0.008 -0.003 -0.007
24 CH4(2) + HOX(22) + X(1) <=> CH3X(21) + H2OX(23) -0.000 -0.001 -0.001 -0.001 -0.000
25 H2O(5) + X(1) <=> H2OX(23) 0.001 -0.009 -0.007 -0.003 -0.007
26 H2OX(23) + OX(20) <=> 2 HOX(22) -0.000 -0.001 -0.002 -0.001 -0.001
27 HOX(22) + HX(19) <=> H2OX(23) + X(1) 0.001 -0.009 -0.007 -0.003 -0.007
28 H2(6) + X(1) <=> H2X(49) 0.001 -0.009 -0.007 -0.003 -0.007
29 CO(7) + X(1) <=> COX(50) 0.001 -0.009 -0.007 -0.003 -0.007
30 CH2O(9) + 2 X(1) <=> CHOX(53) + HX(19) 0.001 -0.009 -0.007 -0.003 -0.007
31 HCO(15) + X(1) <=> CHOX(53) 0.000 0.001 0.002 0.001 0.001
32 CH3CHO(16) + 2 X(1) <=> CH3X(21) + CHOX(53) 0.001 -0.009 -0.007 -0.003 -0.007
33 CHOX(53) + X(1) <=> HX(19) + OCX(25) 0.000 0.001 0.002 0.001 0.001
34 CHOX(53) + OX(20) <=> HOX(22) + OCX(25) -0.001 -0.007 -0.008 -0.004 -0.006
35 CH2X(27) + CHOX(53) <=> CH3X(21) + OCX(25) 0.001 -0.009 -0.007 -0.003 -0.007
36 CHOX(53) + CHX(28) <=> CH2X(27) + OCX(25) 0.000 0.001 0.002 0.001 0.001
37 CHOX(53) + CX(26) <=> CHX(28) + OCX(25) 0.002 -0.007 -0.006 -0.002 -0.005
38 CO2(4) + X(1) <=> CO2X(24) 0.000 0.001 0.002 0.001 0.001
39 OCX(25) + OX(20) <=> CO2X(24) + X(1) 0.002 -0.006 -0.004 0.092 -0.062
40 CO2X(24) + HX(19) <=> HOX(22) + OCX(25) 0.001 -0.011 -0.010 -0.002 -0.010
Finished sensitivity simulation for a C/O ratio of 1.8
Finished translating for C/O ratio of 1.8
Starting sensitivity simulation for a C/O ratio of 2.0
0 CH4(2) + X(1) <=> CH4X(48) 0.000 0.000 0.000 0.000 0.000
1 O2(3) + 2 X(1) <=> 2 OX(20) 0.025 0.027 0.051 0.029 0.030
2 H2(6) + 2 X(1) <=> 2 HX(19) -0.000 -0.000 -0.000 0.000 -0.000
3 H(12) + X(1) <=> HX(19) -0.011 -0.003 -0.014 -0.008 -0.007
4 HX(19) + OX(20) <=> HOX(22) + X(1) -0.000 -0.000 -0.000 -0.000 -0.000
5 H2O(5) + 2 X(1) <=> HOX(22) + HX(19) -0.001 -0.001 -0.001 -0.000 -0.001
6 OH(17) + X(1) <=> HOX(22) -0.000 -0.000 -0.000 -0.000 -0.000
7 CH4(2) + 2 X(1) <=> CH3X(21) + HX(19) -0.013 -0.005 -0.017 -0.010 -0.009
8 CH4(2) + OX(20) + X(1) <=> CH3X(21) + HOX(22) -0.068 -0.059 -0.127 -0.164 -0.010
9 C2H6(8) + 2 X(1) <=> 2 CH3X(21) -0.000 -0.000 -0.001 -0.000 -0.000
10 CH3(10) + X(1) <=> CH3X(21) -0.019 -0.012 -0.031 -0.023 -0.014
11 CH3OH(14) + 2 X(1) <=> CH3X(21) + HOX(22) 0.000 0.009 0.010 0.004 0.008
12 CH2X(27) + HX(19) <=> CH3X(21) + X(1) -0.000 0.009 0.009 0.004 0.007
13 CH2X(27) + HOX(22) <=> CH3X(21) + OX(20) -0.000 -0.000 -0.000 -0.000 -0.000
14 CHX(28) + HX(19) <=> CH2X(27) + X(1) -0.000 0.000 -0.000 -0.000 0.000
15 CHX(28) + HOX(22) <=> CH2X(27) + OX(20) 0.000 0.009 0.010 0.004 0.008
16 2 CH2X(27) <=> CH3X(21) + CHX(28) -0.000 0.000 -0.000 -0.000 0.000
17 CHX(28) + X(1) <=> CX(26) + HX(19) 0.000 0.009 0.010 0.004 0.008
18 CX(26) + H2(6) <=> CH2X(27) 0.000 0.000 0.000 0.000 0.000
19 CX(26) + HOX(22) <=> CHX(28) + OX(20) -0.000 0.000 -0.000 -0.000 0.000
20 CH3X(21) + CX(26) <=> CH2X(27) + CHX(28) 0.000 0.009 0.010 0.004 0.008
21 CH2X(27) + CX(26) <=> 2 CHX(28) -0.000 0.000 -0.000 -0.000 0.000
22 CO(7) + X(1) <=> OCX(25) 0.001 0.010 0.011 0.003 0.009
23 CX(26) + OX(20) <=> OCX(25) + X(1) 0.000 0.005 0.006 0.002 0.004
24 CH4(2) + HOX(22) + X(1) <=> CH3X(21) + H2OX(23) -0.000 0.009 0.009 0.003 0.008
25 H2O(5) + X(1) <=> H2OX(23) 0.000 0.000 0.000 -0.000 0.000
26 H2OX(23) + OX(20) <=> 2 HOX(22) 0.000 0.010 0.010 0.003 0.008
27 HOX(22) + HX(19) <=> H2OX(23) + X(1) -0.000 -0.000 -0.000 -0.000 -0.000
28 H2(6) + X(1) <=> H2X(49) 0.000 0.000 0.000 0.000 0.000
29 CO(7) + X(1) <=> COX(50) -0.001 -0.004 -0.005 -0.002 -0.004
30 CH2O(9) + 2 X(1) <=> CHOX(53) + HX(19) 0.000 0.009 0.010 0.004 0.008
31 HCO(15) + X(1) <=> CHOX(53) -0.000 -0.000 -0.000 -0.000 -0.000
32 CH3CHO(16) + 2 X(1) <=> CH3X(21) + CHOX(53) -0.000 0.000 0.000 -0.000 0.000
33 CHOX(53) + X(1) <=> HX(19) + OCX(25) -0.000 -0.000 -0.000 -0.000 -0.000
34 CHOX(53) + OX(20) <=> HOX(22) + OCX(25) 0.000 0.000 0.000 0.000 0.000
35 CH2X(27) + CHOX(53) <=> CH3X(21) + OCX(25) 0.000 0.005 0.006 0.002 0.004
36 CHOX(53) + CHX(28) <=> CH2X(27) + OCX(25) -0.001 -0.004 -0.005 -0.002 -0.004
37 CHOX(53) + CX(26) <=> CHX(28) + OCX(25) 0.000 0.000 0.000 0.000 0.000
38 CO2(4) + X(1) <=> CO2X(24) -0.000 -0.000 -0.000 0.000 -0.000
39 OCX(25) + OX(20) <=> CO2X(24) + X(1) -0.013 -0.013 -0.025 0.093 -0.087
40 CO2X(24) + HX(19) <=> HOX(22) + OCX(25) 0.015 0.017 0.032 0.019 0.018
Finished sensitivity simulation for a C/O ratio of 2.0
Finished translating for C/O ratio of 2.0
Starting sensitivity simulation for a C/O ratio of 2.2
0 CH4(2) + X(1) <=> CH4X(48) 0.014 0.013 0.027 0.013 0.017
1 O2(3) + 2 X(1) <=> 2 OX(20) 0.022 0.019 0.042 0.022 0.024
2 H2(6) + 2 X(1) <=> 2 HX(19) 0.013 0.013 0.026 0.013 0.017
3 H(12) + X(1) <=> HX(19) 0.001 -0.001 0.001 0.000 0.000
4 HX(19) + OX(20) <=> HOX(22) + X(1) -0.000 -0.000 -0.000 -0.000 -0.000
5 H2O(5) + 2 X(1) <=> HOX(22) + HX(19) 0.012 0.012 0.024 0.012 0.015
6 OH(17) + X(1) <=> HOX(22) -0.000 -0.000 -0.000 -0.000 -0.000
7 CH4(2) + 2 X(1) <=> CH3X(21) + HX(19) -0.018 -0.020 -0.038 -0.019 -0.024
8 CH4(2) + OX(20) + X(1) <=> CH3X(21) + HOX(22) -0.075 -0.075 -0.151 -0.184 -0.012
9 C2H6(8) + 2 X(1) <=> 2 CH3X(21) -0.000 -0.000 -0.000 -0.000 -0.000
10 CH3(10) + X(1) <=> CH3X(21) 0.005 0.008 0.013 0.002 0.011
11 CH3OH(14) + 2 X(1) <=> CH3X(21) + HOX(22) 0.014 0.013 0.027 0.013 0.017
12 CH2X(27) + HX(19) <=> CH3X(21) + X(1) 0.014 0.014 0.027 0.013 0.017
13 CH2X(27) + HOX(22) <=> CH3X(21) + OX(20) 0.014 0.013 0.027 0.013 0.017
14 CHX(28) + HX(19) <=> CH2X(27) + X(1) 0.014 0.013 0.027 0.013 0.017
15 CHX(28) + HOX(22) <=> CH2X(27) + OX(20) -0.000 -0.000 -0.000 -0.000 -0.000
16 2 CH2X(27) <=> CH3X(21) + CHX(28) 0.014 0.013 0.027 0.013 0.017
17 CHX(28) + X(1) <=> CX(26) + HX(19) 0.014 0.013 0.027 0.013 0.017
18 CX(26) + H2(6) <=> CH2X(27) 0.014 0.013 0.027 0.013 0.017
19 CX(26) + HOX(22) <=> CHX(28) + OX(20) -0.000 -0.000 -0.000 -0.000 -0.000
20 CH3X(21) + CX(26) <=> CH2X(27) + CHX(28) -0.000 0.000 0.000 -0.000 0.000
21 CH2X(27) + CX(26) <=> 2 CHX(28) 0.014 0.013 0.027 0.013 0.017
22 CO(7) + X(1) <=> OCX(25) -0.001 -0.004 -0.006 -0.004 -0.003
23 CX(26) + OX(20) <=> OCX(25) + X(1) 0.014 0.013 0.027 0.013 0.017
24 CH4(2) + HOX(22) + X(1) <=> CH3X(21) + H2OX(23) 0.013 0.012 0.025 0.011 0.016
25 H2O(5) + X(1) <=> H2OX(23) 0.000 0.000 0.000 -0.000 0.000
26 H2OX(23) + OX(20) <=> 2 HOX(22) -0.000 -0.001 -0.001 -0.002 -0.000
27 HOX(22) + HX(19) <=> H2OX(23) + X(1) -0.000 -0.000 -0.000 -0.000 -0.000
28 H2(6) + X(1) <=> H2X(49) 0.014 0.013 0.027 0.013 0.017
29 CO(7) + X(1) <=> COX(50) -0.000 0.000 -0.000 -0.000 0.000
30 CH2O(9) + 2 X(1) <=> CHOX(53) + HX(19) 0.000 0.000 0.000 -0.000 0.000
31 HCO(15) + X(1) <=> CHOX(53) -0.000 -0.000 -0.000 -0.000 -0.000
32 CH3CHO(16) + 2 X(1) <=> CH3X(21) + CHOX(53) -0.000 -0.000 -0.000 -0.000 -0.000
33 CHOX(53) + X(1) <=> HX(19) + OCX(25) 0.014 0.013 0.027 0.013 0.017
34 CHOX(53) + OX(20) <=> HOX(22) + OCX(25) 0.000 0.000 0.000 0.000 0.000
35 CH2X(27) + CHOX(53) <=> CH3X(21) + OCX(25) -0.000 -0.000 -0.000 -0.000 -0.000
36 CHOX(53) + CHX(28) <=> CH2X(27) + OCX(25) 0.014 0.013 0.027 0.013 0.017
37 CHOX(53) + CX(26) <=> CHX(28) + OCX(25) 0.014 0.013 0.027 0.013 0.017
38 CO2(4) + X(1) <=> CO2X(24) 0.014 0.013 0.027 0.013 0.017
39 OCX(25) + OX(20) <=> CO2X(24) + X(1) -0.017 -0.037 -0.054 0.097 -0.127
40 CO2X(24) + HX(19) <=> HOX(22) + OCX(25) -0.001 -0.003 -0.004 0.002 -0.006
Finished sensitivity simulation for a C/O ratio of 2.2
Finished translating for C/O ratio of 2.2
Starting sensitivity simulation for a C/O ratio of 0.9
0 CH4(2) + X(1) <=> CH4X(48) 0.002 -0.006 -0.003 -0.002 -0.004
1 O2(3) + 2 X(1) <=> 2 OX(20) 0.216 0.187 0.402 0.257 0.251
2 H2(6) + 2 X(1) <=> 2 HX(19) 0.000 0.000 0.000 0.000 0.000
3 H(12) + X(1) <=> HX(19) -0.001 -0.001 -0.002 -0.001 -0.001
4 HX(19) + OX(20) <=> HOX(22) + X(1) 0.000 0.000 0.000 0.000 0.000
5 H2O(5) + 2 X(1) <=> HOX(22) + HX(19) 0.001 0.000 0.001 0.000 0.001
6 OH(17) + X(1) <=> HOX(22) 0.000 0.000 0.000 0.000 0.000
7 CH4(2) + 2 X(1) <=> CH3X(21) + HX(19) -0.001 -0.001 -0.002 -0.001 -0.001
8 CH4(2) + OX(20) + X(1) <=> CH3X(21) + HOX(22) -0.360 -0.350 -0.711 -0.487 -0.429
9 C2H6(8) + 2 X(1) <=> 2 CH3X(21) -0.001 -0.000 -0.001 -0.001 -0.000
10 CH3(10) + X(1) <=> CH3X(21) -0.137 -0.100 -0.237 -0.176 -0.140
11 CH3OH(14) + 2 X(1) <=> CH3X(21) + HOX(22) -0.000 -0.000 -0.000 -0.000 -0.000
12 CH2X(27) + HX(19) <=> CH3X(21) + X(1) -0.001 -0.008 -0.009 -0.006 -0.007
13 CH2X(27) + HOX(22) <=> CH3X(21) + OX(20) 0.002 -0.006 -0.003 -0.002 -0.004
14 CHX(28) + HX(19) <=> CH2X(27) + X(1) -0.000 0.000 -0.000 -0.000 0.000
15 CHX(28) + HOX(22) <=> CH2X(27) + OX(20) 0.000 0.000 0.000 -0.000 0.000
16 2 CH2X(27) <=> CH3X(21) + CHX(28) -0.000 0.000 0.000 -0.000 0.000
17 CHX(28) + X(1) <=> CX(26) + HX(19) -0.000 0.000 0.000 -0.000 0.000
18 CX(26) + H2(6) <=> CH2X(27) -0.000 0.000 0.000 -0.000 0.000
19 CX(26) + HOX(22) <=> CHX(28) + OX(20) -0.000 0.000 0.000 -0.000 0.000
20 CH3X(21) + CX(26) <=> CH2X(27) + CHX(28) -0.000 -0.000 -0.000 -0.000 -0.000
21 CH2X(27) + CX(26) <=> 2 CHX(28) -0.000 0.000 0.000 -0.000 0.000
22 CO(7) + X(1) <=> OCX(25) 0.001 0.001 0.002 0.000 0.002
23 CX(26) + OX(20) <=> OCX(25) + X(1) -0.000 -0.000 -0.000 -0.000 -0.000
24 CH4(2) + HOX(22) + X(1) <=> CH3X(21) + H2OX(23) -0.000 -0.000 -0.000 -0.000 -0.000
25 H2O(5) + X(1) <=> H2OX(23) -0.000 -0.000 -0.000 -0.000 -0.000
26 H2OX(23) + OX(20) <=> 2 HOX(22) -0.000 -0.003 -0.003 -0.003 -0.002
27 HOX(22) + HX(19) <=> H2OX(23) + X(1) 0.002 -0.006 -0.003 -0.002 -0.004
28 H2(6) + X(1) <=> H2X(49) 0.002 -0.006 -0.003 -0.002 -0.004
29 CO(7) + X(1) <=> COX(50) 0.032 0.022 0.054 0.033 0.033
30 CH2O(9) + 2 X(1) <=> CHOX(53) + HX(19) -0.000 0.000 0.000 -0.000 0.000
31 HCO(15) + X(1) <=> CHOX(53) -0.000 0.000 0.000 -0.000 0.000
32 CH3CHO(16) + 2 X(1) <=> CH3X(21) + CHOX(53) -0.000 0.000 0.000 -0.000 0.000
33 CHOX(53) + X(1) <=> HX(19) + OCX(25) -0.000 0.000 0.000 -0.000 0.000
34 CHOX(53) + OX(20) <=> HOX(22) + OCX(25) 0.029 0.028 0.057 0.035 0.037
35 CH2X(27) + CHOX(53) <=> CH3X(21) + OCX(25) -0.000 0.000 0.000 -0.000 0.000
36 CHOX(53) + CHX(28) <=> CH2X(27) + OCX(25) -0.000 0.000 0.000 -0.000 0.000
37 CHOX(53) + CX(26) <=> CHX(28) + OCX(25) -0.000 0.000 0.000 -0.000 0.000
38 CO2(4) + X(1) <=> CO2X(24) 0.002 -0.006 -0.003 -0.002 -0.004
39 OCX(25) + OX(20) <=> CO2X(24) + X(1) -0.026 -0.040 -0.066 0.018 -0.077
40 CO2X(24) + HX(19) <=> HOX(22) + OCX(25) -0.000 -0.000 -0.001 0.000 -0.001
Finished sensitivity simulation for a C/O ratio of 0.9
Finished translating for C/O ratio of 0.9
Starting sensitivity simulation for a C/O ratio of 1.2
0 CH4(2) + X(1) <=> CH4X(48) 0.026 0.030 0.056 0.032 0.037
1 O2(3) + 2 X(1) <=> 2 OX(20) 0.068 0.065 0.133 0.087 0.080
2 H2(6) + 2 X(1) <=> 2 HX(19) -0.000 -0.000 -0.000 -0.000 -0.000
3 H(12) + X(1) <=> HX(19) 0.022 0.025 0.047 0.027 0.031
4 HX(19) + OX(20) <=> HOX(22) + X(1) 0.000 0.000 0.000 0.000 0.000
5 H2O(5) + 2 X(1) <=> HOX(22) + HX(19) 0.014 0.015 0.029 0.016 0.019
6 OH(17) + X(1) <=> HOX(22) 0.012 0.011 0.023 0.013 0.014
7 CH4(2) + 2 X(1) <=> CH3X(21) + HX(19) 0.023 0.028 0.051 0.028 0.033
8 CH4(2) + OX(20) + X(1) <=> CH3X(21) + HOX(22) -0.120 -0.131 -0.251 -0.206 -0.128
9 C2H6(8) + 2 X(1) <=> 2 CH3X(21) 0.010 0.003 0.013 0.009 0.006
10 CH3(10) + X(1) <=> CH3X(21) -0.103 -0.064 -0.167 -0.131 -0.089
11 CH3OH(14) + 2 X(1) <=> CH3X(21) + HOX(22) 0.012 0.011 0.023 0.013 0.014
12 CH2X(27) + HX(19) <=> CH3X(21) + X(1) 0.013 0.015 0.028 0.016 0.018
13 CH2X(27) + HOX(22) <=> CH3X(21) + OX(20) 0.012 0.011 0.023 0.013 0.014
14 CHX(28) + HX(19) <=> CH2X(27) + X(1) -0.000 0.000 0.000 -0.000 0.000
15 CHX(28) + HOX(22) <=> CH2X(27) + OX(20) -0.000 0.000 0.000 -0.000 0.000
16 2 CH2X(27) <=> CH3X(21) + CHX(28) -0.000 0.000 0.000 -0.000 0.000
17 CHX(28) + X(1) <=> CX(26) + HX(19) 0.013 0.015 0.028 0.016 0.018
18 CX(26) + H2(6) <=> CH2X(27) 0.026 0.030 0.056 0.032 0.037
19 CX(26) + HOX(22) <=> CHX(28) + OX(20) -0.000 -0.000 -0.000 -0.000 -0.000
20 CH3X(21) + CX(26) <=> CH2X(27) + CHX(28) -0.000 -0.000 -0.000 -0.000 -0.000
21 CH2X(27) + CX(26) <=> 2 CHX(28) 0.000 -0.000 -0.000 0.000 -0.000
22 CO(7) + X(1) <=> OCX(25) -0.002 -0.011 -0.013 -0.007 -0.010
23 CX(26) + OX(20) <=> OCX(25) + X(1) -0.000 -0.000 -0.000 -0.000 -0.000
24 CH4(2) + HOX(22) + X(1) <=> CH3X(21) + H2OX(23) 0.025 0.026 0.051 0.028 0.033
25 H2O(5) + X(1) <=> H2OX(23) 0.000 0.000 0.000 -0.000 0.000
26 H2OX(23) + OX(20) <=> 2 HOX(22) 0.013 0.015 0.029 0.016 0.019
27 HOX(22) + HX(19) <=> H2OX(23) + X(1) -0.002 -0.011 -0.014 -0.006 -0.011
28 H2(6) + X(1) <=> H2X(49) 0.011 0.004 0.014 0.010 0.007
29 CO(7) + X(1) <=> COX(50) 0.024 0.019 0.043 0.025 0.025
30 CH2O(9) + 2 X(1) <=> CHOX(53) + HX(19) -0.000 0.000 0.000 -0.000 0.000
31 HCO(15) + X(1) <=> CHOX(53) -0.000 -0.000 -0.000 -0.000 -0.000
32 CH3CHO(16) + 2 X(1) <=> CH3X(21) + CHOX(53) -0.000 0.000 0.000 -0.000 0.000
33 CHOX(53) + X(1) <=> HX(19) + OCX(25) -0.000 0.000 0.000 -0.000 0.000
34 CHOX(53) + OX(20) <=> HOX(22) + OCX(25) 0.039 0.045 0.084 0.047 0.055
35 CH2X(27) + CHOX(53) <=> CH3X(21) + OCX(25) 0.026 0.030 0.056 0.032 0.037
36 CHOX(53) + CHX(28) <=> CH2X(27) + OCX(25) -0.000 -0.000 -0.000 -0.000 -0.000
37 CHOX(53) + CX(26) <=> CHX(28) + OCX(25) 0.013 0.015 0.028 0.016 0.018
38 CO2(4) + X(1) <=> CO2X(24) 0.012 0.011 0.023 0.013 0.014
39 OCX(25) + OX(20) <=> CO2X(24) + X(1) 0.001 -0.009 -0.008 0.063 -0.044
40 CO2X(24) + HX(19) <=> HOX(22) + OCX(25) 0.000 -0.000 -0.000 0.001 -0.001
Finished sensitivity simulation for a C/O ratio of 1.2
Finished translating for C/O ratio of 1.2
Starting sensitivity simulation for a C/O ratio of 1.6
0 CH4(2) + X(1) <=> CH4X(48) -0.012 -0.014 -0.027 -0.014 -0.017
1 O2(3) + 2 X(1) <=> 2 OX(20) 0.042 0.053 0.095 0.059 0.057
2 H2(6) + 2 X(1) <=> 2 HX(19) 0.004 0.017 0.021 0.011 0.015
3 H(12) + X(1) <=> HX(19) -0.027 -0.031 -0.058 -0.031 -0.037
4 HX(19) + OX(20) <=> HOX(22) + X(1) -0.012 -0.014 -0.027 -0.014 -0.017
5 H2O(5) + 2 X(1) <=> HOX(22) + HX(19) -0.012 -0.014 -0.026 -0.014 -0.017
6 OH(17) + X(1) <=> HOX(22) -0.012 -0.014 -0.027 -0.014 -0.017
7 CH4(2) + 2 X(1) <=> CH3X(21) + HX(19) -0.025 -0.029 -0.054 -0.030 -0.034
8 CH4(2) + OX(20) + X(1) <=> CH3X(21) + HOX(22) -0.085 -0.079 -0.164 -0.168 -0.055
9 C2H6(8) + 2 X(1) <=> 2 CH3X(21) -0.001 -0.002 -0.004 -0.002 -0.003
10 CH3(10) + X(1) <=> CH3X(21) -0.074 -0.055 -0.130 -0.091 -0.070
11 CH3OH(14) + 2 X(1) <=> CH3X(21) + HOX(22) -0.012 -0.014 -0.027 -0.014 -0.017
12 CH2X(27) + HX(19) <=> CH3X(21) + X(1) -0.010 -0.003 -0.013 -0.007 -0.007
13 CH2X(27) + HOX(22) <=> CH3X(21) + OX(20) -0.018 -0.008 -0.027 -0.015 -0.015
14 CHX(28) + HX(19) <=> CH2X(27) + X(1) -0.012 -0.014 -0.027 -0.014 -0.017
15 CHX(28) + HOX(22) <=> CH2X(27) + OX(20) -0.009 0.003 -0.006 -0.004 -0.002
16 2 CH2X(27) <=> CH3X(21) + CHX(28) -0.012 -0.014 -0.027 -0.014 -0.017
17 CHX(28) + X(1) <=> CX(26) + HX(19) -0.001 -0.002 -0.002 -0.001 -0.002
18 CX(26) + H2(6) <=> CH2X(27) -0.018 -0.008 -0.027 -0.015 -0.015
19 CX(26) + HOX(22) <=> CHX(28) + OX(20) -0.012 -0.014 -0.027 -0.014 -0.017
20 CH3X(21) + CX(26) <=> CH2X(27) + CHX(28) -0.018 -0.008 -0.027 -0.015 -0.015
21 CH2X(27) + CX(26) <=> 2 CHX(28) -0.009 0.003 -0.006 -0.004 -0.002
22 CO(7) + X(1) <=> OCX(25) -0.012 -0.014 -0.026 -0.015 -0.016
23 CX(26) + OX(20) <=> OCX(25) + X(1) -0.018 -0.008 -0.027 -0.015 -0.015
24 CH4(2) + HOX(22) + X(1) <=> CH3X(21) + H2OX(23) -0.013 -0.014 -0.027 -0.015 -0.017
25 H2O(5) + X(1) <=> H2OX(23) -0.012 -0.014 -0.027 -0.014 -0.017
26 H2OX(23) + OX(20) <=> 2 HOX(22) -0.009 0.002 -0.007 -0.004 -0.002
27 HOX(22) + HX(19) <=> H2OX(23) + X(1) -0.009 0.003 -0.006 -0.004 -0.002
28 H2(6) + X(1) <=> H2X(49) -0.018 -0.008 -0.027 -0.015 -0.015
29 CO(7) + X(1) <=> COX(50) -0.012 -0.014 -0.027 -0.014 -0.017
30 CH2O(9) + 2 X(1) <=> CHOX(53) + HX(19) -0.019 -0.022 -0.041 -0.022 -0.026
31 HCO(15) + X(1) <=> CHOX(53) 0.004 0.017 0.021 0.011 0.015
32 CH3CHO(16) + 2 X(1) <=> CH3X(21) + CHOX(53) -0.012 -0.014 -0.027 -0.014 -0.017
33 CHOX(53) + X(1) <=> HX(19) + OCX(25) -0.018 -0.008 -0.027 -0.015 -0.015
34 CHOX(53) + OX(20) <=> HOX(22) + OCX(25) -0.009 0.003 -0.006 -0.004 -0.002
35 CH2X(27) + CHOX(53) <=> CH3X(21) + OCX(25) -0.018 -0.008 -0.027 -0.015 -0.015
36 CHOX(53) + CHX(28) <=> CH2X(27) + OCX(25) -0.012 -0.014 -0.027 -0.014 -0.017
37 CHOX(53) + CX(26) <=> CHX(28) + OCX(25) 0.004 0.017 0.021 0.011 0.015
38 CO2(4) + X(1) <=> CO2X(24) -0.012 -0.014 -0.027 -0.014 -0.017
39 OCX(25) + OX(20) <=> CO2X(24) + X(1) -0.020 -0.021 -0.041 0.062 -0.075
40 CO2X(24) + HX(19) <=> HOX(22) + OCX(25) -0.012 -0.015 -0.027 -0.013 -0.018
Finished sensitivity simulation for a C/O ratio of 1.6
Finished translating for C/O ratio of 1.6
Starting sensitivity simulation for a C/O ratio of 1.3
0 CH4(2) + X(1) <=> CH4X(48) 0.012 0.014 0.027 0.015 0.017
1 O2(3) + 2 X(1) <=> 2 OX(20) 0.048 0.042 0.090 0.062 0.052
2 H2(6) + 2 X(1) <=> 2 HX(19) -0.012 -0.014 -0.027 -0.015 -0.017
3 H(12) + X(1) <=> HX(19) -0.017 -0.021 -0.038 -0.021 -0.025
4 HX(19) + OX(20) <=> HOX(22) + X(1) -0.012 -0.014 -0.026 -0.015 -0.017
5 H2O(5) + 2 X(1) <=> HOX(22) + HX(19) 0.024 0.025 0.049 0.028 0.031
6 OH(17) + X(1) <=> HOX(22) -0.012 -0.014 -0.026 -0.015 -0.017
7 CH4(2) + 2 X(1) <=> CH3X(21) + HX(19) -0.016 -0.018 -0.033 -0.019 -0.021
8 CH4(2) + OX(20) + X(1) <=> CH3X(21) + HOX(22) -0.104 -0.126 -0.230 -0.196 -0.113
9 C2H6(8) + 2 X(1) <=> 2 CH3X(21) -0.013 -0.015 -0.028 -0.016 -0.018
10 CH3(10) + X(1) <=> CH3X(21) -0.094 -0.059 -0.153 -0.119 -0.081
11 CH3OH(14) + 2 X(1) <=> CH3X(21) + HOX(22) -0.012 -0.014 -0.026 -0.015 -0.017
12 CH2X(27) + HX(19) <=> CH3X(21) + X(1) -0.012 -0.014 -0.026 -0.015 -0.017
13 CH2X(27) + HOX(22) <=> CH3X(21) + OX(20) -0.000 -0.000 -0.000 -0.000 -0.000
14 CHX(28) + HX(19) <=> CH2X(27) + X(1) -0.012 -0.014 -0.026 -0.015 -0.017
15 CHX(28) + HOX(22) <=> CH2X(27) + OX(20) 0.000 0.000 0.000 0.000 0.000
16 2 CH2X(27) <=> CH3X(21) + CHX(28) -0.012 -0.014 -0.026 -0.015 -0.017
17 CHX(28) + X(1) <=> CX(26) + HX(19) -0.001 -0.004 -0.005 -0.002 -0.004
18 CX(26) + H2(6) <=> CH2X(27) 0.000 -0.000 -0.000 0.000 -0.000
19 CX(26) + HOX(22) <=> CHX(28) + OX(20) -0.012 -0.014 -0.026 -0.015 -0.017
20 CH3X(21) + CX(26) <=> CH2X(27) + CHX(28) -0.000 0.000 -0.000 -0.000 -0.000
21 CH2X(27) + CX(26) <=> 2 CHX(28) -0.000 -0.000 -0.000 -0.000 -0.000
22 CO(7) + X(1) <=> OCX(25) -0.014 -0.016 -0.029 -0.018 -0.018
23 CX(26) + OX(20) <=> OCX(25) + X(1) -0.012 -0.014 -0.027 -0.015 -0.017
24 CH4(2) + HOX(22) + X(1) <=> CH3X(21) + H2OX(23) -0.012 -0.014 -0.027 -0.015 -0.017
25 H2O(5) + X(1) <=> H2OX(23) -0.012 -0.014 -0.026 -0.015 -0.017
26 H2OX(23) + OX(20) <=> 2 HOX(22) -0.012 -0.015 -0.027 -0.015 -0.017
27 HOX(22) + HX(19) <=> H2OX(23) + X(1) 0.000 0.000 0.000 0.000 0.000
28 H2(6) + X(1) <=> H2X(49) -0.012 -0.014 -0.026 -0.015 -0.017
29 CO(7) + X(1) <=> COX(50) -0.001 -0.004 -0.005 -0.002 -0.004
30 CH2O(9) + 2 X(1) <=> CHOX(53) + HX(19) -0.012 -0.014 -0.026 -0.015 -0.017
31 HCO(15) + X(1) <=> CHOX(53) -0.000 -0.000 -0.000 -0.000 -0.000
32 CH3CHO(16) + 2 X(1) <=> CH3X(21) + CHOX(53) -0.012 -0.014 -0.026 -0.015 -0.017
33 CHOX(53) + X(1) <=> HX(19) + OCX(25) -0.012 -0.014 -0.026 -0.015 -0.017
34 CHOX(53) + OX(20) <=> HOX(22) + OCX(25) -0.012 -0.014 -0.026 -0.015 -0.017
35 CH2X(27) + CHOX(53) <=> CH3X(21) + OCX(25) 0.012 0.010 0.022 0.012 0.014
36 CHOX(53) + CHX(28) <=> CH2X(27) + OCX(25) -0.012 -0.014 -0.026 -0.015 -0.017
37 CHOX(53) + CX(26) <=> CHX(28) + OCX(25) -0.012 -0.014 -0.026 -0.015 -0.017
38 CO2(4) + X(1) <=> CO2X(24) -0.001 -0.004 -0.005 -0.002 -0.004
39 OCX(25) + OX(20) <=> CO2X(24) + X(1) -0.002 -0.026 -0.028 0.055 -0.061
40 CO2X(24) + HX(19) <=> HOX(22) + OCX(25) -0.012 -0.015 -0.027 -0.014 -0.018
Finished sensitivity simulation for a C/O ratio of 1.3
Finished translating for C/O ratio of 1.3
Starting sensitivity simulation for a C/O ratio of 2.6
0 CH4(2) + X(1) <=> CH4X(48) -0.023 -0.027 -0.050 -0.018 -0.036
1 O2(3) + 2 X(1) <=> 2 OX(20) -0.001 -0.002 -0.002 -0.000 -0.002
2 H2(6) + 2 X(1) <=> 2 HX(19) -0.033 -0.049 -0.082 -0.029 -0.062
3 H(12) + X(1) <=> HX(19) -0.041 -0.059 -0.101 -0.036 -0.074
4 HX(19) + OX(20) <=> HOX(22) + X(1) -0.035 -0.041 -0.076 -0.027 -0.055
5 H2O(5) + 2 X(1) <=> HOX(22) + HX(19) -0.024 -0.028 -0.052 -0.018 -0.038
6 OH(17) + X(1) <=> HOX(22) -0.021 -0.023 -0.044 -0.016 -0.032
7 CH4(2) + 2 X(1) <=> CH3X(21) + HX(19) -0.023 -0.027 -0.050 -0.021 -0.033
8 CH4(2) + OX(20) + X(1) <=> CH3X(21) + HOX(22) -0.161 -0.200 -0.362 -0.276 -0.126
9 C2H6(8) + 2 X(1) <=> 2 CH3X(21) 0.002 0.004 0.006 0.002 0.005
10 CH3(10) + X(1) <=> CH3X(21) -0.034 -0.049 -0.083 -0.030 -0.061
11 CH3OH(14) + 2 X(1) <=> CH3X(21) + HOX(22) -0.040 -0.058 -0.098 -0.035 -0.074
12 CH2X(27) + HX(19) <=> CH3X(21) + X(1) -0.023 -0.027 -0.049 -0.018 -0.036
13 CH2X(27) + HOX(22) <=> CH3X(21) + OX(20) -0.023 -0.027 -0.050 -0.018 -0.036
14 CHX(28) + HX(19) <=> CH2X(27) + X(1) -0.000 -0.000 -0.000 -0.000 -0.000
15 CHX(28) + HOX(22) <=> CH2X(27) + OX(20) 0.023 0.027 0.050 0.018 0.036
16 2 CH2X(27) <=> CH3X(21) + CHX(28) -0.043 -0.050 -0.093 -0.034 -0.068
17 CHX(28) + X(1) <=> CX(26) + HX(19) -0.033 -0.049 -0.082 -0.029 -0.062
18 CX(26) + H2(6) <=> CH2X(27) 0.023 0.027 0.050 0.018 0.036
19 CX(26) + HOX(22) <=> CHX(28) + OX(20) -0.000 -0.000 -0.000 -0.000 -0.000
20 CH3X(21) + CX(26) <=> CH2X(27) + CHX(28) -0.023 -0.027 -0.050 -0.018 -0.036
21 CH2X(27) + CX(26) <=> 2 CHX(28) -0.000 0.000 -0.000 -0.000 0.000
22 CO(7) + X(1) <=> OCX(25) -0.034 -0.051 -0.085 -0.032 -0.062
23 CX(26) + OX(20) <=> OCX(25) + X(1) -0.023 -0.027 -0.050 -0.018 -0.036
24 CH4(2) + HOX(22) + X(1) <=> CH3X(21) + H2OX(23) -0.001 -0.001 -0.002 -0.002 -0.001
25 H2O(5) + X(1) <=> H2OX(23) -0.037 -0.058 -0.095 -0.033 -0.072
26 H2OX(23) + OX(20) <=> 2 HOX(22) -0.022 -0.027 -0.049 -0.019 -0.035
27 HOX(22) + HX(19) <=> H2OX(23) + X(1) -0.023 -0.027 -0.050 -0.018 -0.036
28 H2(6) + X(1) <=> H2X(49) -0.023 -0.027 -0.050 -0.018 -0.036
29 CO(7) + X(1) <=> COX(50) -0.023 -0.027 -0.050 -0.018 -0.036
30 CH2O(9) + 2 X(1) <=> CHOX(53) + HX(19) -0.000 -0.000 -0.000 -0.000 -0.000
31 HCO(15) + X(1) <=> CHOX(53) -0.035 -0.041 -0.076 -0.027 -0.055
32 CH3CHO(16) + 2 X(1) <=> CH3X(21) + CHOX(53) 0.023 0.027 0.050 0.018 0.036
33 CHOX(53) + X(1) <=> HX(19) + OCX(25) -0.043 -0.050 -0.093 -0.034 -0.068
34 CHOX(53) + OX(20) <=> HOX(22) + OCX(25) -0.023 -0.027 -0.050 -0.018 -0.036
35 CH2X(27) + CHOX(53) <=> CH3X(21) + OCX(25) -0.000 -0.000 -0.000 -0.000 -0.000
36 CHOX(53) + CHX(28) <=> CH2X(27) + OCX(25) -0.023 -0.027 -0.050 -0.018 -0.036
37 CHOX(53) + CX(26) <=> CHX(28) + OCX(25) -0.021 -0.023 -0.043 -0.016 -0.032
38 CO2(4) + X(1) <=> CO2X(24) -0.000 -0.000 -0.000 0.000 -0.000
39 OCX(25) + OX(20) <=> CO2X(24) + X(1) -0.018 -0.028 -0.045 0.140 -0.183
40 CO2X(24) + HX(19) <=> HOX(22) + OCX(25) -0.033 -0.049 -0.081 -0.023 -0.067
Finished sensitivity simulation for a C/O ratio of 2.6
Finished translating for C/O ratio of 2.6
Starting sensitivity simulation for a C/O ratio of 1.4
0 CH4(2) + X(1) <=> CH4X(48) -0.000 -0.001 -0.001 -0.000 -0.001
1 O2(3) + 2 X(1) <=> 2 OX(20) 0.044 0.039 0.083 0.056 0.047
2 H2(6) + 2 X(1) <=> 2 HX(19) -0.000 -0.001 -0.001 -0.000 -0.001
3 H(12) + X(1) <=> HX(19) 0.006 0.006 0.012 0.007 0.007
4 HX(19) + OX(20) <=> HOX(22) + X(1) -0.006 -0.007 -0.013 -0.007 -0.009
5 H2O(5) + 2 X(1) <=> HOX(22) + HX(19) 0.012 0.014 0.026 0.015 0.017
6 OH(17) + X(1) <=> HOX(22) 0.000 0.000 0.000 -0.000 0.000
7 CH4(2) + 2 X(1) <=> CH3X(21) + HX(19) -0.009 -0.028 -0.036 -0.019 -0.027
8 CH4(2) + OX(20) + X(1) <=> CH3X(21) + HOX(22) -0.090 -0.109 -0.199 -0.181 -0.089
9 C2H6(8) + 2 X(1) <=> 2 CH3X(21) -0.004 -0.019 -0.023 -0.013 -0.017
10 CH3(10) + X(1) <=> CH3X(21) -0.076 -0.058 -0.134 -0.103 -0.072
11 CH3OH(14) + 2 X(1) <=> CH3X(21) + HOX(22) -0.005 -0.023 -0.028 -0.014 -0.022
12 CH2X(27) + HX(19) <=> CH3X(21) + X(1) -0.000 -0.000 -0.001 -0.000 -0.000
13 CH2X(27) + HOX(22) <=> CH3X(21) + OX(20) -0.000 0.000 0.000 -0.000 0.000
14 CHX(28) + HX(19) <=> CH2X(27) + X(1) 0.012 0.013 0.025 0.014 0.016
15 CHX(28) + HOX(22) <=> CH2X(27) + OX(20) -0.000 -0.001 -0.001 -0.000 -0.001
16 2 CH2X(27) <=> CH3X(21) + CHX(28) 0.000 0.000 0.000 0.000 0.000
17 CHX(28) + X(1) <=> CX(26) + HX(19) -0.004 -0.023 -0.027 -0.014 -0.021
18 CX(26) + H2(6) <=> CH2X(27) -0.003 -0.019 -0.022 -0.012 -0.017
19 CX(26) + HOX(22) <=> CHX(28) + OX(20) -0.005 -0.024 -0.028 -0.014 -0.022
20 CH3X(21) + CX(26) <=> CH2X(27) + CHX(28) 0.011 0.009 0.020 0.011 0.012
21 CH2X(27) + CX(26) <=> 2 CHX(28) -0.000 -0.000 -0.000 -0.000 -0.000
22 CO(7) + X(1) <=> OCX(25) 0.008 -0.008 0.000 -0.001 -0.002
23 CX(26) + OX(20) <=> OCX(25) + X(1) 0.011 0.009 0.020 0.011 0.012
24 CH4(2) + HOX(22) + X(1) <=> CH3X(21) + H2OX(23) -0.001 -0.005 -0.006 -0.004 -0.004
25 H2O(5) + X(1) <=> H2OX(23) -0.003 -0.018 -0.021 -0.011 -0.016
26 H2OX(23) + OX(20) <=> 2 HOX(22) 0.000 0.000 0.000 -0.000 0.001
27 HOX(22) + HX(19) <=> H2OX(23) + X(1) -0.000 -0.001 -0.001 -0.000 -0.001
28 H2(6) + X(1) <=> H2X(49) -0.000 -0.000 -0.000 -0.000 -0.000
29 CO(7) + X(1) <=> COX(50) 0.012 0.014 0.026 0.014 0.017
30 CH2O(9) + 2 X(1) <=> CHOX(53) + HX(19) -0.003 -0.018 -0.021 -0.011 -0.016
31 HCO(15) + X(1) <=> CHOX(53) -0.003 -0.014 -0.017 -0.008 -0.014
32 CH3CHO(16) + 2 X(1) <=> CH3X(21) + CHOX(53) -0.000 -0.001 -0.001 -0.000 -0.001
33 CHOX(53) + X(1) <=> HX(19) + OCX(25) 0.012 0.014 0.026 0.014 0.017
34 CHOX(53) + OX(20) <=> HOX(22) + OCX(25) -0.000 0.000 0.000 -0.000 0.000
35 CH2X(27) + CHOX(53) <=> CH3X(21) + OCX(25) 0.012 0.013 0.025 0.014 0.016
36 CHOX(53) + CHX(28) <=> CH2X(27) + OCX(25) -0.002 -0.010 -0.012 -0.005 -0.010
37 CHOX(53) + CX(26) <=> CHX(28) + OCX(25) 0.007 -0.009 -0.002 0.000 -0.005
38 CO2(4) + X(1) <=> CO2X(24) -0.004 -0.023 -0.027 -0.014 -0.021
39 OCX(25) + OX(20) <=> CO2X(24) + X(1) -0.012 -0.026 -0.039 0.054 -0.069
40 CO2X(24) + HX(19) <=> HOX(22) + OCX(25) -0.004 -0.019 -0.023 -0.011 -0.018
Finished sensitivity simulation for a C/O ratio of 1.4
Finished translating for C/O ratio of 1.4
Starting sensitivity simulation for a C/O ratio of 1.0
0 CH4(2) + X(1) <=> CH4X(48) 0.002 0.011 0.014 0.007 0.011
1 O2(3) + 2 X(1) <=> 2 OX(20) 0.117 0.116 0.233 0.148 0.147
2 H2(6) + 2 X(1) <=> 2 HX(19) 0.002 0.011 0.014 0.007 0.011
3 H(12) + X(1) <=> HX(19) 0.019 0.029 0.049 0.028 0.034
4 HX(19) + OX(20) <=> HOX(22) + X(1) 0.021 0.031 0.052 0.030 0.036
5 H2O(5) + 2 X(1) <=> HOX(22) + HX(19) 0.019 0.020 0.040 0.023 0.026
6 OH(17) + X(1) <=> HOX(22) 0.003 0.011 0.014 0.007 0.011
7 CH4(2) + 2 X(1) <=> CH3X(21) + HX(19) 0.001 0.010 0.011 0.006 0.010
8 CH4(2) + OX(20) + X(1) <=> CH3X(21) + HOX(22) -0.184 -0.187 -0.371 -0.275 -0.209
9 C2H6(8) + 2 X(1) <=> 2 CH3X(21) 0.002 0.011 0.013 0.006 0.011
10 CH3(10) + X(1) <=> CH3X(21) -0.118 -0.064 -0.182 -0.146 -0.098
11 CH3OH(14) + 2 X(1) <=> CH3X(21) + HOX(22) -0.000 -0.000 -0.000 -0.000 -0.000
12 CH2X(27) + HX(19) <=> CH3X(21) + X(1) 0.002 0.011 0.013 0.007 0.011
13 CH2X(27) + HOX(22) <=> CH3X(21) + OX(20) 0.001 0.004 0.005 0.002 0.005
14 CHX(28) + HX(19) <=> CH2X(27) + X(1) 0.020 0.024 0.044 0.024 0.030
15 CHX(28) + HOX(22) <=> CH2X(27) + OX(20) -0.000 0.000 0.000 -0.000 0.000
16 2 CH2X(27) <=> CH3X(21) + CHX(28) 0.021 0.031 0.052 0.030 0.036
17 CHX(28) + X(1) <=> CX(26) + HX(19) 0.039 0.052 0.091 0.052 0.062
18 CX(26) + H2(6) <=> CH2X(27) 0.002 0.011 0.014 0.007 0.011
19 CX(26) + HOX(22) <=> CHX(28) + OX(20) 0.002 0.011 0.014 0.007 0.011
20 CH3X(21) + CX(26) <=> CH2X(27) + CHX(28) 0.001 0.004 0.005 0.002 0.005
21 CH2X(27) + CX(26) <=> 2 CHX(28) 0.002 0.011 0.014 0.007 0.011
22 CO(7) + X(1) <=> OCX(25) 0.021 0.031 0.052 0.029 0.037
23 CX(26) + OX(20) <=> OCX(25) + X(1) -0.011 -0.004 -0.015 -0.010 -0.008
24 CH4(2) + HOX(22) + X(1) <=> CH3X(21) + H2OX(23) 0.039 0.051 0.091 0.052 0.062
25 H2O(5) + X(1) <=> H2OX(23) 0.021 0.031 0.052 0.030 0.036
26 H2OX(23) + OX(20) <=> 2 HOX(22) 0.003 0.011 0.014 0.007 0.012
27 HOX(22) + HX(19) <=> H2OX(23) + X(1) 0.002 0.011 0.014 0.007 0.011
28 H2(6) + X(1) <=> H2X(49) 0.002 0.011 0.014 0.007 0.011
29 CO(7) + X(1) <=> COX(50) 0.002 0.011 0.014 0.007 0.011
30 CH2O(9) + 2 X(1) <=> CHOX(53) + HX(19) 0.002 0.011 0.014 0.007 0.011
31 HCO(15) + X(1) <=> CHOX(53) 0.020 0.024 0.044 0.024 0.030
32 CH3CHO(16) + 2 X(1) <=> CH3X(21) + CHOX(53) 0.021 0.031 0.052 0.030 0.036
33 CHOX(53) + X(1) <=> HX(19) + OCX(25) -0.011 -0.004 -0.015 -0.010 -0.008
34 CHOX(53) + OX(20) <=> HOX(22) + OCX(25) -0.011 -0.004 -0.015 -0.010 -0.008
35 CH2X(27) + CHOX(53) <=> CH3X(21) + OCX(25) 0.021 0.031 0.052 0.030 0.036
36 CHOX(53) + CHX(28) <=> CH2X(27) + OCX(25) 0.021 0.031 0.052 0.030 0.036
37 CHOX(53) + CX(26) <=> CHX(28) + OCX(25) 0.002 0.011 0.014 0.007 0.011
38 CO2(4) + X(1) <=> CO2X(24) 0.039 0.052 0.091 0.052 0.062
39 OCX(25) + OX(20) <=> CO2X(24) + X(1) 0.004 0.007 0.012 0.068 -0.024
40 CO2X(24) + HX(19) <=> HOX(22) + OCX(25) -0.012 -0.004 -0.016 -0.009 -0.008
Finished sensitivity simulation for a C/O ratio of 1.0
Finished translating for C/O ratio of 1.0
