This mechanism contains 38 gas reactions and 43 surface reactions
Finished simulation at a C/O ratio of 2.4
Finished simulation at a C/O ratio of 1.2
Finished simulation at a C/O ratio of 1.1
Finished simulation at a C/O ratio of 0.9
Finished simulation at a C/O ratio of 2.6
Finished simulation at a C/O ratio of 1.3
Finished simulation at a C/O ratio of 0.8
Finished simulation at a C/O ratio of 1.0
Finished simulation at a C/O ratio of 1.6
Finished simulation at a C/O ratio of 2.2
Finished simulation at a C/O ratio of 0.6
Finished simulation at a C/O ratio of 0.7
Finished simulation at a C/O ratio of 1.4
Finished simulation at a C/O ratio of 1.8
Finished simulation at a C/O ratio of 2.0
Starting sensitivity simulation for a C/O ratio of 0.7
0 CH4(2) + X(1) <=> CH4X(48) -0.000 0.000
1 O2(3) + 2 X(1) <=> 2 OX(20) -0.000 0.000
2 H2(6) + 2 X(1) <=> 2 HX(19) -0.000 -0.000
3 H(12) + X(1) <=> HX(19) -0.000 0.000
4 CH4(2) + 2 X(1) <=> CH3X(21) + HX(19) 0.029 -0.699
5 C2H6(8) + 2 X(1) <=> 2 CH3X(21) -0.000 0.000
6 CH3(10) + X(1) <=> CH3X(21) 0.000 0.000
7 CH2X(27) + HX(19) <=> CH3X(21) + X(1) -0.000 -0.000
8 CHX(28) + HX(19) <=> CH2X(27) + X(1) -0.000 0.000
9 2 CH2X(27) <=> CH3X(21) + CHX(28) -0.000 0.000
10 CHX(28) + X(1) <=> CX(26) + HX(19) -0.000 0.000
11 CX(26) + H2(6) <=> CH2X(27) -0.000 0.000
12 CH3X(21) + CX(26) <=> CH2X(27) + CHX(28) -0.000 0.000
13 CH2X(27) + CX(26) <=> 2 CHX(28) -0.000 0.000
14 H2(6) + X(1) <=> H2X(49) -0.000 0.000
15 CH4(2) + OX(20) + X(1) <=> CH3X(21) + HOX(22) 0.037 -0.192
16 HX(19) + OX(20) <=> HOX(22) + X(1) 0.560 0.558
17 H2O(5) + 2 X(1) <=> HOX(22) + HX(19) -0.007 -0.005
18 CH3OH(14) + 2 X(1) <=> CH3X(21) + HOX(22) -0.000 0.000
19 OH(17) + X(1) <=> HOX(22) -0.001 -0.006
20 CH2X(27) + HOX(22) <=> CH3X(21) + OX(20) 0.000 0.000
21 CHX(28) + HOX(22) <=> CH2X(27) + OX(20) -0.000 0.000
22 CX(26) + HOX(22) <=> CHX(28) + OX(20) -0.000 0.000
23 CH4(2) + HOX(22) + X(1) <=> CH3X(21) + H2OX(23) -0.002 -0.085
24 H2O(5) + X(1) <=> H2OX(23) -0.000 0.000
25 H2OX(23) + OX(20) <=> 2 HOX(22) -0.351 -0.309
26 HOX(22) + HX(19) <=> H2OX(23) + X(1) -0.000 0.000
27 CO(7) + X(1) <=> OCX(25) -0.000 -0.000
28 CX(26) + OX(20) <=> OCX(25) + X(1) -0.000 0.000
29 CO(7) + X(1) <=> COX(50) -0.000 0.000
30 CH2O(9) + 2 X(1) <=> CHOX(53) + HX(19) -0.000 0.000
31 HCO(15) + X(1) <=> CHOX(53) -0.000 0.000
32 CH3CHO(16) + 2 X(1) <=> CH3X(21) + CHOX(53) -0.000 0.000
33 CHOX(53) + X(1) <=> HX(19) + OCX(25) -0.000 0.000
34 CH2X(27) + CHOX(53) <=> CH3X(21) + OCX(25) -0.000 0.000
35 CHOX(53) + CHX(28) <=> CH2X(27) + OCX(25) -0.000 0.000
36 CHOX(53) + CX(26) <=> CHX(28) + OCX(25) -0.000 0.000
37 CHOX(53) + OX(20) <=> HOX(22) + OCX(25) -0.000 0.000
38 HOCOX(217) + X(1) <=> HOX(22) + OCX(25) -0.000 0.000
39 C2H4(47) + X(1) <=> C2H4X(209) -0.000 0.000
40 CO2(4) + X(1) <=> CO2X(24) -0.000 0.000
41 OCX(25) + OX(20) <=> CO2X(24) + X(1) 0.000 0.000
42 CO2X(24) + HX(19) <=> HOX(22) + OCX(25) 0.710 0.710
Finished sensitivity simulation for a C/O ratio of 0.7
Finished translating for C/O ratio of 0.7
Starting sensitivity simulation for a C/O ratio of 2.6
0 CH4(2) + X(1) <=> CH4X(48) 0.000 0.000
1 O2(3) + 2 X(1) <=> 2 OX(20) 0.000 0.000
2 H2(6) + 2 X(1) <=> 2 HX(19) -0.000 -0.000
3 H(12) + X(1) <=> HX(19) 0.000 -0.000
4 CH4(2) + 2 X(1) <=> CH3X(21) + HX(19) -0.419 -1.173
5 C2H6(8) + 2 X(1) <=> 2 CH3X(21) 0.000 0.000
6 CH3(10) + X(1) <=> CH3X(21) 0.000 0.000
7 CH2X(27) + HX(19) <=> CH3X(21) + X(1) -0.000 -0.000
8 CHX(28) + HX(19) <=> CH2X(27) + X(1) 0.000 -0.000
9 2 CH2X(27) <=> CH3X(21) + CHX(28) 0.000 0.000
10 CHX(28) + X(1) <=> CX(26) + HX(19) 0.000 -0.000
11 CX(26) + H2(6) <=> CH2X(27) 0.000 0.000
12 CH3X(21) + CX(26) <=> CH2X(27) + CHX(28) 0.000 0.000
13 CH2X(27) + CX(26) <=> 2 CHX(28) 0.000 0.000
14 H2(6) + X(1) <=> H2X(49) 0.000 0.000
15 CH4(2) + OX(20) + X(1) <=> CH3X(21) + HOX(22) -0.053 -0.239
16 HX(19) + OX(20) <=> HOX(22) + X(1) 1.280 1.274
17 H2O(5) + 2 X(1) <=> HOX(22) + HX(19) 0.035 0.042
18 CH3OH(14) + 2 X(1) <=> CH3X(21) + HOX(22) 0.000 0.000
19 OH(17) + X(1) <=> HOX(22) -0.002 -0.005
20 CH2X(27) + HOX(22) <=> CH3X(21) + OX(20) 0.000 0.000
21 CHX(28) + HOX(22) <=> CH2X(27) + OX(20) 0.000 -0.000
22 CX(26) + HOX(22) <=> CHX(28) + OX(20) 0.000 0.000
23 CH4(2) + HOX(22) + X(1) <=> CH3X(21) + H2OX(23) -0.048 -0.171
24 H2O(5) + X(1) <=> H2OX(23) 0.000 0.000
25 H2OX(23) + OX(20) <=> 2 HOX(22) -0.155 -0.095
26 HOX(22) + HX(19) <=> H2OX(23) + X(1) 0.000 0.000
27 CO(7) + X(1) <=> OCX(25) -0.000 -0.000
28 CX(26) + OX(20) <=> OCX(25) + X(1) 0.000 -0.000
29 CO(7) + X(1) <=> COX(50) 0.000 0.000
30 CH2O(9) + 2 X(1) <=> CHOX(53) + HX(19) -0.000 0.000
31 HCO(15) + X(1) <=> CHOX(53) 0.000 0.000
32 CH3CHO(16) + 2 X(1) <=> CH3X(21) + CHOX(53) 0.000 0.000
33 CHOX(53) + X(1) <=> HX(19) + OCX(25) 0.000 0.000
34 CH2X(27) + CHOX(53) <=> CH3X(21) + OCX(25) 0.000 0.000
35 CHOX(53) + CHX(28) <=> CH2X(27) + OCX(25) 0.000 0.000
36 CHOX(53) + CX(26) <=> CHX(28) + OCX(25) 0.000 -0.000
37 CHOX(53) + OX(20) <=> HOX(22) + OCX(25) 0.000 0.000
38 HOCOX(217) + X(1) <=> HOX(22) + OCX(25) 0.000 0.000
39 C2H4(47) + X(1) <=> C2H4X(209) 0.000 0.000
40 CO2(4) + X(1) <=> CO2X(24) -0.000 0.000
41 OCX(25) + OX(20) <=> CO2X(24) + X(1) 0.000 0.000
42 CO2X(24) + HX(19) <=> HOX(22) + OCX(25) 0.327 0.327
Finished sensitivity simulation for a C/O ratio of 2.6
Finished translating for C/O ratio of 2.6
Starting sensitivity simulation for a C/O ratio of 2.4
0 CH4(2) + X(1) <=> CH4X(48) -0.000 -0.000
1 O2(3) + 2 X(1) <=> 2 OX(20) 0.000 0.000
2 H2(6) + 2 X(1) <=> 2 HX(19) -0.000 -0.000
3 H(12) + X(1) <=> HX(19) -0.000 -0.000
4 CH4(2) + 2 X(1) <=> CH3X(21) + HX(19) -0.395 -1.147
5 C2H6(8) + 2 X(1) <=> 2 CH3X(21) -0.000 -0.000
6 CH3(10) + X(1) <=> CH3X(21) 0.000 0.000
7 CH2X(27) + HX(19) <=> CH3X(21) + X(1) -0.000 -0.000
8 CHX(28) + HX(19) <=> CH2X(27) + X(1) -0.000 -0.000
9 2 CH2X(27) <=> CH3X(21) + CHX(28) -0.000 -0.000
10 CHX(28) + X(1) <=> CX(26) + HX(19) -0.000 -0.000
11 CX(26) + H2(6) <=> CH2X(27) -0.000 -0.000
12 CH3X(21) + CX(26) <=> CH2X(27) + CHX(28) -0.000 -0.000
13 CH2X(27) + CX(26) <=> 2 CHX(28) -0.000 -0.000
14 H2(6) + X(1) <=> H2X(49) -0.000 -0.000
15 CH4(2) + OX(20) + X(1) <=> CH3X(21) + HOX(22) -0.050 -0.239
16 HX(19) + OX(20) <=> HOX(22) + X(1) 1.243 1.238
17 H2O(5) + 2 X(1) <=> HOX(22) + HX(19) 0.032 0.038
18 CH3OH(14) + 2 X(1) <=> CH3X(21) + HOX(22) -0.000 0.000
19 OH(17) + X(1) <=> HOX(22) -0.002 -0.005
20 CH2X(27) + HOX(22) <=> CH3X(21) + OX(20) 0.000 0.000
21 CHX(28) + HOX(22) <=> CH2X(27) + OX(20) -0.000 -0.000
22 CX(26) + HOX(22) <=> CHX(28) + OX(20) -0.000 -0.000
23 CH4(2) + HOX(22) + X(1) <=> CH3X(21) + H2OX(23) -0.045 -0.165
24 H2O(5) + X(1) <=> H2OX(23) -0.000 -0.000
25 H2OX(23) + OX(20) <=> 2 HOX(22) -0.165 -0.106
26 HOX(22) + HX(19) <=> H2OX(23) + X(1) -0.000 -0.000
27 CO(7) + X(1) <=> OCX(25) -0.000 -0.000
28 CX(26) + OX(20) <=> OCX(25) + X(1) 0.000 -0.000
29 CO(7) + X(1) <=> COX(50) -0.000 -0.000
30 CH2O(9) + 2 X(1) <=> CHOX(53) + HX(19) -0.000 -0.000
31 HCO(15) + X(1) <=> CHOX(53) -0.000 -0.000
32 CH3CHO(16) + 2 X(1) <=> CH3X(21) + CHOX(53) -0.000 -0.000
33 CHOX(53) + X(1) <=> HX(19) + OCX(25) -0.000 -0.000
34 CH2X(27) + CHOX(53) <=> CH3X(21) + OCX(25) -0.000 -0.000
35 CHOX(53) + CHX(28) <=> CH2X(27) + OCX(25) -0.000 -0.000
36 CHOX(53) + CX(26) <=> CHX(28) + OCX(25) -0.000 -0.000
37 CHOX(53) + OX(20) <=> HOX(22) + OCX(25) -0.000 -0.000
38 HOCOX(217) + X(1) <=> HOX(22) + OCX(25) -0.000 -0.000
39 C2H4(47) + X(1) <=> C2H4X(209) -0.000 -0.000
40 CO2(4) + X(1) <=> CO2X(24) -0.000 -0.000
41 OCX(25) + OX(20) <=> CO2X(24) + X(1) -0.000 0.000
42 CO2X(24) + HX(19) <=> HOX(22) + OCX(25) 0.347 0.347
Finished sensitivity simulation for a C/O ratio of 2.4
Finished translating for C/O ratio of 2.4
Starting sensitivity simulation for a C/O ratio of 1.1
0 CH4(2) + X(1) <=> CH4X(48) 0.000 -0.000
1 O2(3) + 2 X(1) <=> 2 OX(20) 0.000 0.000
2 H2(6) + 2 X(1) <=> 2 HX(19) -0.000 -0.000
3 H(12) + X(1) <=> HX(19) 0.000 -0.000
4 CH4(2) + 2 X(1) <=> CH3X(21) + HX(19) -0.125 -0.859
5 C2H6(8) + 2 X(1) <=> 2 CH3X(21) 0.000 0.000
6 CH3(10) + X(1) <=> CH3X(21) 0.000 0.000
7 CH2X(27) + HX(19) <=> CH3X(21) + X(1) -0.000 -0.000
8 CHX(28) + HX(19) <=> CH2X(27) + X(1) 0.000 0.000
9 2 CH2X(27) <=> CH3X(21) + CHX(28) 0.000 0.000
10 CHX(28) + X(1) <=> CX(26) + HX(19) 0.000 0.000
11 CX(26) + H2(6) <=> CH2X(27) 0.000 -0.000
12 CH3X(21) + CX(26) <=> CH2X(27) + CHX(28) 0.000 0.000
13 CH2X(27) + CX(26) <=> 2 CHX(28) 0.000 0.000
14 H2(6) + X(1) <=> H2X(49) 0.000 0.000
15 CH4(2) + OX(20) + X(1) <=> CH3X(21) + HOX(22) 0.000 -0.216
16 HX(19) + OX(20) <=> HOX(22) + X(1) 0.814 0.810
17 H2O(5) + 2 X(1) <=> HOX(22) + HX(19) 0.003 0.006
18 CH3OH(14) + 2 X(1) <=> CH3X(21) + HOX(22) 0.000 0.000
19 OH(17) + X(1) <=> HOX(22) -0.001 -0.006
20 CH2X(27) + HOX(22) <=> CH3X(21) + OX(20) 0.000 0.000
21 CHX(28) + HOX(22) <=> CH2X(27) + OX(20) 0.000 0.000
22 CX(26) + HOX(22) <=> CHX(28) + OX(20) 0.000 -0.000
23 CH4(2) + HOX(22) + X(1) <=> CH3X(21) + H2OX(23) -0.015 -0.112
24 H2O(5) + X(1) <=> H2OX(23) 0.000 -0.000
25 H2OX(23) + OX(20) <=> 2 HOX(22) -0.282 -0.234
26 HOX(22) + HX(19) <=> H2OX(23) + X(1) 0.000 0.000
27 CO(7) + X(1) <=> OCX(25) -0.000 -0.000
28 CX(26) + OX(20) <=> OCX(25) + X(1) 0.000 -0.000
29 CO(7) + X(1) <=> COX(50) 0.000 -0.000
30 CH2O(9) + 2 X(1) <=> CHOX(53) + HX(19) 0.000 -0.000
31 HCO(15) + X(1) <=> CHOX(53) 0.000 -0.000
32 CH3CHO(16) + 2 X(1) <=> CH3X(21) + CHOX(53) 0.000 0.000
33 CHOX(53) + X(1) <=> HX(19) + OCX(25) 0.000 0.000
34 CH2X(27) + CHOX(53) <=> CH3X(21) + OCX(25) 0.000 -0.000
35 CHOX(53) + CHX(28) <=> CH2X(27) + OCX(25) 0.000 0.000
36 CHOX(53) + CX(26) <=> CHX(28) + OCX(25) 0.000 0.000
37 CHOX(53) + OX(20) <=> HOX(22) + OCX(25) 0.000 -0.000
38 HOCOX(217) + X(1) <=> HOX(22) + OCX(25) 0.000 0.000
39 C2H4(47) + X(1) <=> C2H4X(209) 0.000 -0.000
40 CO2(4) + X(1) <=> CO2X(24) 0.000 -0.000
41 OCX(25) + OX(20) <=> CO2X(24) + X(1) 0.000 0.000
42 CO2X(24) + HX(19) <=> HOX(22) + OCX(25) 0.578 0.578
Finished sensitivity simulation for a C/O ratio of 1.1
Finished translating for C/O ratio of 1.1
Starting sensitivity simulation for a C/O ratio of 2.0
0 CH4(2) + X(1) <=> CH4X(48) -0.000 -0.000
1 O2(3) + 2 X(1) <=> 2 OX(20) 0.000 0.000
2 H2(6) + 2 X(1) <=> 2 HX(19) -0.000 -0.000
3 H(12) + X(1) <=> HX(19) -0.000 -0.000
4 CH4(2) + 2 X(1) <=> CH3X(21) + HX(19) -0.337 -1.084
5 C2H6(8) + 2 X(1) <=> 2 CH3X(21) -0.000 -0.000
6 CH3(10) + X(1) <=> CH3X(21) 0.000 0.000
7 CH2X(27) + HX(19) <=> CH3X(21) + X(1) -0.000 -0.000
8 CHX(28) + HX(19) <=> CH2X(27) + X(1) 0.000 -0.000
9 2 CH2X(27) <=> CH3X(21) + CHX(28) -0.000 -0.000
10 CHX(28) + X(1) <=> CX(26) + HX(19) 0.000 -0.000
11 CX(26) + H2(6) <=> CH2X(27) -0.000 -0.000
12 CH3X(21) + CX(26) <=> CH2X(27) + CHX(28) -0.000 0.000
13 CH2X(27) + CX(26) <=> 2 CHX(28) 0.000 -0.000
14 H2(6) + X(1) <=> H2X(49) 0.000 0.000
15 CH4(2) + OX(20) + X(1) <=> CH3X(21) + HOX(22) -0.041 -0.237
16 HX(19) + OX(20) <=> HOX(22) + X(1) 1.152 1.147
17 H2O(5) + 2 X(1) <=> HOX(22) + HX(19) 0.024 0.029
18 CH3OH(14) + 2 X(1) <=> CH3X(21) + HOX(22) 0.000 0.000
19 OH(17) + X(1) <=> HOX(22) -0.002 -0.005
20 CH2X(27) + HOX(22) <=> CH3X(21) + OX(20) 0.000 0.000
21 CHX(28) + HOX(22) <=> CH2X(27) + OX(20) 0.000 -0.000
22 CX(26) + HOX(22) <=> CHX(28) + OX(20) -0.000 -0.000
23 CH4(2) + HOX(22) + X(1) <=> CH3X(21) + H2OX(23) -0.037 -0.153
24 H2O(5) + X(1) <=> H2OX(23) -0.000 -0.000
25 H2OX(23) + OX(20) <=> 2 HOX(22) -0.190 -0.133
26 HOX(22) + HX(19) <=> H2OX(23) + X(1) -0.000 0.000
27 CO(7) + X(1) <=> OCX(25) -0.000 -0.000
28 CX(26) + OX(20) <=> OCX(25) + X(1) 0.000 -0.000
29 CO(7) + X(1) <=> COX(50) -0.000 0.000
30 CH2O(9) + 2 X(1) <=> CHOX(53) + HX(19) -0.000 0.000
31 HCO(15) + X(1) <=> CHOX(53) -0.000 0.000
32 CH3CHO(16) + 2 X(1) <=> CH3X(21) + CHOX(53) -0.000 -0.000
33 CHOX(53) + X(1) <=> HX(19) + OCX(25) -0.000 -0.000
34 CH2X(27) + CHOX(53) <=> CH3X(21) + OCX(25) -0.000 -0.000
35 CHOX(53) + CHX(28) <=> CH2X(27) + OCX(25) -0.000 -0.000
36 CHOX(53) + CX(26) <=> CHX(28) + OCX(25) -0.000 -0.000
37 CHOX(53) + OX(20) <=> HOX(22) + OCX(25) -0.000 -0.000
38 HOCOX(217) + X(1) <=> HOX(22) + OCX(25) -0.000 0.000
39 C2H4(47) + X(1) <=> C2H4X(209) -0.000 -0.000
40 CO2(4) + X(1) <=> CO2X(24) -0.000 -0.000
41 OCX(25) + OX(20) <=> CO2X(24) + X(1) 0.000 0.000
42 CO2X(24) + HX(19) <=> HOX(22) + OCX(25) 0.397 0.397
Finished sensitivity simulation for a C/O ratio of 2.0
Finished translating for C/O ratio of 2.0
Starting sensitivity simulation for a C/O ratio of 1.6
0 CH4(2) + X(1) <=> CH4X(48) -0.000 0.000
1 O2(3) + 2 X(1) <=> 2 OX(20) 0.000 0.000
2 H2(6) + 2 X(1) <=> 2 HX(19) -0.000 -0.000
3 H(12) + X(1) <=> HX(19) -0.000 0.000
4 CH4(2) + 2 X(1) <=> CH3X(21) + HX(19) -0.260 -1.002
5 C2H6(8) + 2 X(1) <=> 2 CH3X(21) -0.000 0.000
6 CH3(10) + X(1) <=> CH3X(21) 0.000 0.000
7 CH2X(27) + HX(19) <=> CH3X(21) + X(1) -0.000 -0.000
8 CHX(28) + HX(19) <=> CH2X(27) + X(1) -0.000 0.000
9 2 CH2X(27) <=> CH3X(21) + CHX(28) -0.000 0.000
10 CHX(28) + X(1) <=> CX(26) + HX(19) -0.000 0.000
11 CX(26) + H2(6) <=> CH2X(27) -0.000 -0.000
12 CH3X(21) + CX(26) <=> CH2X(27) + CHX(28) -0.000 -0.000
13 CH2X(27) + CX(26) <=> 2 CHX(28) -0.000 0.000
14 H2(6) + X(1) <=> H2X(49) -0.000 -0.000
15 CH4(2) + OX(20) + X(1) <=> CH3X(21) + HOX(22) -0.027 -0.232
16 HX(19) + OX(20) <=> HOX(22) + X(1) 1.031 1.027
17 H2O(5) + 2 X(1) <=> HOX(22) + HX(19) 0.015 0.019
18 CH3OH(14) + 2 X(1) <=> CH3X(21) + HOX(22) -0.000 0.000
19 OH(17) + X(1) <=> HOX(22) -0.001 -0.005
20 CH2X(27) + HOX(22) <=> CH3X(21) + OX(20) 0.000 0.000
21 CHX(28) + HOX(22) <=> CH2X(27) + OX(20) -0.000 0.000
22 CX(26) + HOX(22) <=> CHX(28) + OX(20) -0.000 -0.000
23 CH4(2) + HOX(22) + X(1) <=> CH3X(21) + H2OX(23) -0.029 -0.137
24 H2O(5) + X(1) <=> H2OX(23) -0.000 0.000
25 H2OX(23) + OX(20) <=> 2 HOX(22) -0.223 -0.169
26 HOX(22) + HX(19) <=> H2OX(23) + X(1) -0.000 0.000
27 CO(7) + X(1) <=> OCX(25) -0.000 -0.000
28 CX(26) + OX(20) <=> OCX(25) + X(1) -0.000 0.000
29 CO(7) + X(1) <=> COX(50) -0.000 0.000
30 CH2O(9) + 2 X(1) <=> CHOX(53) + HX(19) -0.000 0.000
31 HCO(15) + X(1) <=> CHOX(53) -0.000 0.000
32 CH3CHO(16) + 2 X(1) <=> CH3X(21) + CHOX(53) -0.000 0.000
33 CHOX(53) + X(1) <=> HX(19) + OCX(25) -0.000 -0.000
34 CH2X(27) + CHOX(53) <=> CH3X(21) + OCX(25) -0.000 0.000
35 CHOX(53) + CHX(28) <=> CH2X(27) + OCX(25) -0.000 0.000
36 CHOX(53) + CX(26) <=> CHX(28) + OCX(25) -0.000 -0.000
37 CHOX(53) + OX(20) <=> HOX(22) + OCX(25) -0.000 0.000
38 HOCOX(217) + X(1) <=> HOX(22) + OCX(25) -0.000 0.000
39 C2H4(47) + X(1) <=> C2H4X(209) -0.000 0.000
40 CO2(4) + X(1) <=> CO2X(24) -0.000 -0.000
41 OCX(25) + OX(20) <=> CO2X(24) + X(1) -0.000 0.000
42 CO2X(24) + HX(19) <=> HOX(22) + OCX(25) 0.462 0.462
Finished sensitivity simulation for a C/O ratio of 1.6
Finished translating for C/O ratio of 1.6
Starting sensitivity simulation for a C/O ratio of 1.8
0 CH4(2) + X(1) <=> CH4X(48) 0.000 -0.000
1 O2(3) + 2 X(1) <=> 2 OX(20) 0.000 0.000
2 H2(6) + 2 X(1) <=> 2 HX(19) -0.000 -0.000
3 H(12) + X(1) <=> HX(19) 0.000 -0.000
4 CH4(2) + 2 X(1) <=> CH3X(21) + HX(19) -0.301 -1.045
5 C2H6(8) + 2 X(1) <=> 2 CH3X(21) 0.000 -0.000
6 CH3(10) + X(1) <=> CH3X(21) 0.000 0.000
7 CH2X(27) + HX(19) <=> CH3X(21) + X(1) -0.000 -0.000
8 CHX(28) + HX(19) <=> CH2X(27) + X(1) 0.000 -0.000
9 2 CH2X(27) <=> CH3X(21) + CHX(28) 0.000 0.000
10 CHX(28) + X(1) <=> CX(26) + HX(19) 0.000 -0.000
11 CX(26) + H2(6) <=> CH2X(27) 0.000 -0.000
12 CH3X(21) + CX(26) <=> CH2X(27) + CHX(28) 0.000 -0.000
13 CH2X(27) + CX(26) <=> 2 CHX(28) 0.000 -0.000
14 H2(6) + X(1) <=> H2X(49) 0.000 -0.000
15 CH4(2) + OX(20) + X(1) <=> CH3X(21) + HOX(22) -0.035 -0.235
16 HX(19) + OX(20) <=> HOX(22) + X(1) 1.096 1.092
17 H2O(5) + 2 X(1) <=> HOX(22) + HX(19) 0.019 0.024
18 CH3OH(14) + 2 X(1) <=> CH3X(21) + HOX(22) 0.000 0.000
19 OH(17) + X(1) <=> HOX(22) -0.002 -0.005
20 CH2X(27) + HOX(22) <=> CH3X(21) + OX(20) 0.000 0.000
21 CHX(28) + HOX(22) <=> CH2X(27) + OX(20) 0.000 -0.000
22 CX(26) + HOX(22) <=> CHX(28) + OX(20) 0.000 -0.000
23 CH4(2) + HOX(22) + X(1) <=> CH3X(21) + H2OX(23) -0.033 -0.145
24 H2O(5) + X(1) <=> H2OX(23) 0.000 -0.000
25 H2OX(23) + OX(20) <=> 2 HOX(22) -0.205 -0.150
26 HOX(22) + HX(19) <=> H2OX(23) + X(1) 0.000 0.000
27 CO(7) + X(1) <=> OCX(25) -0.000 -0.000
28 CX(26) + OX(20) <=> OCX(25) + X(1) 0.000 -0.000
29 CO(7) + X(1) <=> COX(50) 0.000 -0.000
30 CH2O(9) + 2 X(1) <=> CHOX(53) + HX(19) 0.000 -0.000
31 HCO(15) + X(1) <=> CHOX(53) 0.000 -0.000
32 CH3CHO(16) + 2 X(1) <=> CH3X(21) + CHOX(53) 0.000 -0.000
33 CHOX(53) + X(1) <=> HX(19) + OCX(25) 0.000 -0.000
34 CH2X(27) + CHOX(53) <=> CH3X(21) + OCX(25) 0.000 -0.000
35 CHOX(53) + CHX(28) <=> CH2X(27) + OCX(25) 0.000 0.000
36 CHOX(53) + CX(26) <=> CHX(28) + OCX(25) 0.000 -0.000
37 CHOX(53) + OX(20) <=> HOX(22) + OCX(25) 0.000 -0.000
38 HOCOX(217) + X(1) <=> HOX(22) + OCX(25) 0.000 -0.000
39 C2H4(47) + X(1) <=> C2H4X(209) 0.000 -0.000
40 CO2(4) + X(1) <=> CO2X(24) 0.000 -0.000
41 OCX(25) + OX(20) <=> CO2X(24) + X(1) 0.000 0.000
42 CO2X(24) + HX(19) <=> HOX(22) + OCX(25) 0.427 0.427
Finished sensitivity simulation for a C/O ratio of 1.8
Finished translating for C/O ratio of 1.8
Starting sensitivity simulation for a C/O ratio of 2.2
0 CH4(2) + X(1) <=> CH4X(48) 0.000 0.000
1 O2(3) + 2 X(1) <=> 2 OX(20) 0.000 0.000
2 H2(6) + 2 X(1) <=> 2 HX(19) -0.000 -0.000
3 H(12) + X(1) <=> HX(19) 0.000 -0.000
4 CH4(2) + 2 X(1) <=> CH3X(21) + HX(19) -0.368 -1.117
5 C2H6(8) + 2 X(1) <=> 2 CH3X(21) 0.000 0.000
6 CH3(10) + X(1) <=> CH3X(21) 0.000 0.000
7 CH2X(27) + HX(19) <=> CH3X(21) + X(1) -0.000 -0.000
8 CHX(28) + HX(19) <=> CH2X(27) + X(1) 0.000 -0.000
9 2 CH2X(27) <=> CH3X(21) + CHX(28) 0.000 -0.000
10 CHX(28) + X(1) <=> CX(26) + HX(19) 0.000 -0.000
11 CX(26) + H2(6) <=> CH2X(27) 0.000 -0.000
12 CH3X(21) + CX(26) <=> CH2X(27) + CHX(28) 0.000 -0.000
13 CH2X(27) + CX(26) <=> 2 CHX(28) 0.000 -0.000
14 H2(6) + X(1) <=> H2X(49) 0.000 -0.000
15 CH4(2) + OX(20) + X(1) <=> CH3X(21) + HOX(22) -0.046 -0.239
16 HX(19) + OX(20) <=> HOX(22) + X(1) 1.201 1.196
17 H2O(5) + 2 X(1) <=> HOX(22) + HX(19) 0.028 0.033
18 CH3OH(14) + 2 X(1) <=> CH3X(21) + HOX(22) 0.000 0.000
19 OH(17) + X(1) <=> HOX(22) -0.002 -0.005
20 CH2X(27) + HOX(22) <=> CH3X(21) + OX(20) 0.000 0.000
21 CHX(28) + HOX(22) <=> CH2X(27) + OX(20) 0.000 0.000
22 CX(26) + HOX(22) <=> CHX(28) + OX(20) 0.000 -0.000
23 CH4(2) + HOX(22) + X(1) <=> CH3X(21) + H2OX(23) -0.041 -0.159
24 H2O(5) + X(1) <=> H2OX(23) 0.000 -0.000
25 H2OX(23) + OX(20) <=> 2 HOX(22) -0.177 -0.119
26 HOX(22) + HX(19) <=> H2OX(23) + X(1) 0.000 0.000
27 CO(7) + X(1) <=> OCX(25) -0.000 -0.000
28 CX(26) + OX(20) <=> OCX(25) + X(1) 0.000 -0.000
29 CO(7) + X(1) <=> COX(50) 0.000 0.000
30 CH2O(9) + 2 X(1) <=> CHOX(53) + HX(19) 0.000 -0.000
31 HCO(15) + X(1) <=> CHOX(53) 0.000 0.000
32 CH3CHO(16) + 2 X(1) <=> CH3X(21) + CHOX(53) 0.000 -0.000
33 CHOX(53) + X(1) <=> HX(19) + OCX(25) 0.000 -0.000
34 CH2X(27) + CHOX(53) <=> CH3X(21) + OCX(25) 0.000 0.000
35 CHOX(53) + CHX(28) <=> CH2X(27) + OCX(25) 0.000 -0.000
36 CHOX(53) + CX(26) <=> CHX(28) + OCX(25) 0.000 -0.000
37 CHOX(53) + OX(20) <=> HOX(22) + OCX(25) 0.000 0.000
38 HOCOX(217) + X(1) <=> HOX(22) + OCX(25) 0.000 -0.000
39 C2H4(47) + X(1) <=> C2H4X(209) 0.000 -0.000
40 CO2(4) + X(1) <=> CO2X(24) 0.000 -0.000
41 OCX(25) + OX(20) <=> CO2X(24) + X(1) 0.000 0.000
42 CO2X(24) + HX(19) <=> HOX(22) + OCX(25) 0.371 0.371
Finished sensitivity simulation for a C/O ratio of 2.2
Finished translating for C/O ratio of 2.2
Starting sensitivity simulation for a C/O ratio of 1.4
0 CH4(2) + X(1) <=> CH4X(48) 0.000 -0.000
1 O2(3) + 2 X(1) <=> 2 OX(20) 0.000 0.000
2 H2(6) + 2 X(1) <=> 2 HX(19) -0.000 -0.000
3 H(12) + X(1) <=> HX(19) 0.000 0.000
4 CH4(2) + 2 X(1) <=> CH3X(21) + HX(19) -0.213 -0.951
5 C2H6(8) + 2 X(1) <=> 2 CH3X(21) 0.000 -0.000
6 CH3(10) + X(1) <=> CH3X(21) 0.000 0.000
7 CH2X(27) + HX(19) <=> CH3X(21) + X(1) -0.000 -0.000
8 CHX(28) + HX(19) <=> CH2X(27) + X(1) 0.000 -0.000
9 2 CH2X(27) <=> CH3X(21) + CHX(28) 0.000 -0.000
10 CHX(28) + X(1) <=> CX(26) + HX(19) 0.000 -0.000
11 CX(26) + H2(6) <=> CH2X(27) 0.000 0.000
12 CH3X(21) + CX(26) <=> CH2X(27) + CHX(28) 0.000 -0.000
13 CH2X(27) + CX(26) <=> 2 CHX(28) 0.000 -0.000
14 H2(6) + X(1) <=> H2X(49) 0.000 -0.000
15 CH4(2) + OX(20) + X(1) <=> CH3X(21) + HOX(22) -0.018 -0.227
16 HX(19) + OX(20) <=> HOX(22) + X(1) 0.955 0.951
17 H2O(5) + 2 X(1) <=> HOX(22) + HX(19) 0.010 0.014
18 CH3OH(14) + 2 X(1) <=> CH3X(21) + HOX(22) 0.000 0.000
19 OH(17) + X(1) <=> HOX(22) -0.001 -0.006
20 CH2X(27) + HOX(22) <=> CH3X(21) + OX(20) 0.000 0.000
21 CHX(28) + HOX(22) <=> CH2X(27) + OX(20) 0.000 -0.000
22 CX(26) + HOX(22) <=> CHX(28) + OX(20) 0.000 -0.000
23 CH4(2) + HOX(22) + X(1) <=> CH3X(21) + H2OX(23) -0.023 -0.128
24 H2O(5) + X(1) <=> H2OX(23) 0.000 -0.000
25 H2OX(23) + OX(20) <=> 2 HOX(22) -0.244 -0.192
26 HOX(22) + HX(19) <=> H2OX(23) + X(1) 0.000 -0.000
27 CO(7) + X(1) <=> OCX(25) -0.000 -0.000
28 CX(26) + OX(20) <=> OCX(25) + X(1) 0.000 0.000
29 CO(7) + X(1) <=> COX(50) 0.000 -0.000
30 CH2O(9) + 2 X(1) <=> CHOX(53) + HX(19) 0.000 0.000
31 HCO(15) + X(1) <=> CHOX(53) 0.000 -0.000
32 CH3CHO(16) + 2 X(1) <=> CH3X(21) + CHOX(53) 0.000 0.000
33 CHOX(53) + X(1) <=> HX(19) + OCX(25) 0.000 0.000
34 CH2X(27) + CHOX(53) <=> CH3X(21) + OCX(25) 0.000 -0.000
35 CHOX(53) + CHX(28) <=> CH2X(27) + OCX(25) 0.000 -0.000
36 CHOX(53) + CX(26) <=> CHX(28) + OCX(25) 0.000 -0.000
37 CHOX(53) + OX(20) <=> HOX(22) + OCX(25) 0.000 -0.000
38 HOCOX(217) + X(1) <=> HOX(22) + OCX(25) 0.000 -0.000
39 C2H4(47) + X(1) <=> C2H4X(209) 0.000 -0.000
40 CO2(4) + X(1) <=> CO2X(24) 0.000 0.000
41 OCX(25) + OX(20) <=> CO2X(24) + X(1) 0.000 0.000
42 CO2X(24) + HX(19) <=> HOX(22) + OCX(25) 0.503 0.503
Finished sensitivity simulation for a C/O ratio of 1.4
Finished translating for C/O ratio of 1.4
Starting sensitivity simulation for a C/O ratio of 0.9
0 CH4(2) + X(1) <=> CH4X(48) 0.000 -0.000
1 O2(3) + 2 X(1) <=> 2 OX(20) 0.000 0.000
2 H2(6) + 2 X(1) <=> 2 HX(19) -0.000 -0.000
3 H(12) + X(1) <=> HX(19) 0.000 0.000
4 CH4(2) + 2 X(1) <=> CH3X(21) + HX(19) -0.054 -0.785
5 C2H6(8) + 2 X(1) <=> 2 CH3X(21) 0.000 0.000
6 CH3(10) + X(1) <=> CH3X(21) 0.000 0.000
7 CH2X(27) + HX(19) <=> CH3X(21) + X(1) -0.000 -0.000
8 CHX(28) + HX(19) <=> CH2X(27) + X(1) 0.000 0.000
9 2 CH2X(27) <=> CH3X(21) + CHX(28) 0.000 -0.000
10 CHX(28) + X(1) <=> CX(26) + HX(19) 0.000 0.000
11 CX(26) + H2(6) <=> CH2X(27) 0.000 -0.000
12 CH3X(21) + CX(26) <=> CH2X(27) + CHX(28) -0.000 0.000
13 CH2X(27) + CX(26) <=> 2 CHX(28) 0.000 0.000
14 H2(6) + X(1) <=> H2X(49) 0.000 0.000
15 CH4(2) + OX(20) + X(1) <=> CH3X(21) + HOX(22) 0.017 -0.206
16 HX(19) + OX(20) <=> HOX(22) + X(1) 0.698 0.695
17 H2O(5) + 2 X(1) <=> HOX(22) + HX(19) -0.002 0.000
18 CH3OH(14) + 2 X(1) <=> CH3X(21) + HOX(22) 0.000 -0.000
19 OH(17) + X(1) <=> HOX(22) -0.001 -0.006
20 CH2X(27) + HOX(22) <=> CH3X(21) + OX(20) 0.000 0.000
21 CHX(28) + HOX(22) <=> CH2X(27) + OX(20) 0.000 0.000
22 CX(26) + HOX(22) <=> CHX(28) + OX(20) 0.000 -0.000
23 CH4(2) + HOX(22) + X(1) <=> CH3X(21) + H2OX(23) -0.009 -0.099
24 H2O(5) + X(1) <=> H2OX(23) 0.000 0.000
25 H2OX(23) + OX(20) <=> 2 HOX(22) -0.314 -0.268
26 HOX(22) + HX(19) <=> H2OX(23) + X(1) 0.000 0.000
27 CO(7) + X(1) <=> OCX(25) -0.000 -0.000
28 CX(26) + OX(20) <=> OCX(25) + X(1) 0.000 0.000
29 CO(7) + X(1) <=> COX(50) 0.000 0.000
30 CH2O(9) + 2 X(1) <=> CHOX(53) + HX(19) 0.000 0.000
31 HCO(15) + X(1) <=> CHOX(53) -0.000 -0.000
32 CH3CHO(16) + 2 X(1) <=> CH3X(21) + CHOX(53) 0.000 -0.000
33 CHOX(53) + X(1) <=> HX(19) + OCX(25) 0.000 -0.000
34 CH2X(27) + CHOX(53) <=> CH3X(21) + OCX(25) 0.000 0.000
35 CHOX(53) + CHX(28) <=> CH2X(27) + OCX(25) 0.000 0.000
36 CHOX(53) + CX(26) <=> CHX(28) + OCX(25) 0.000 -0.000
37 CHOX(53) + OX(20) <=> HOX(22) + OCX(25) 0.000 0.000
38 HOCOX(217) + X(1) <=> HOX(22) + OCX(25) 0.000 0.000
39 C2H4(47) + X(1) <=> C2H4X(209) 0.000 0.000
40 CO2(4) + X(1) <=> CO2X(24) 0.000 0.000
41 OCX(25) + OX(20) <=> CO2X(24) + X(1) 0.000 0.000
42 CO2X(24) + HX(19) <=> HOX(22) + OCX(25) 0.639 0.639
Finished sensitivity simulation for a C/O ratio of 0.9
Finished translating for C/O ratio of 0.9
Starting sensitivity simulation for a C/O ratio of 0.6
0 CH4(2) + X(1) <=> CH4X(48) 0.000 -0.000
1 O2(3) + 2 X(1) <=> 2 OX(20) 0.000 -0.000
2 H2(6) + 2 X(1) <=> 2 HX(19) -0.000 -0.000
3 H(12) + X(1) <=> HX(19) 0.000 -0.000
4 CH4(2) + 2 X(1) <=> CH3X(21) + HX(19) 0.075 -0.651
5 C2H6(8) + 2 X(1) <=> 2 CH3X(21) 0.000 -0.000
6 CH3(10) + X(1) <=> CH3X(21) 0.000 0.000
7 CH2X(27) + HX(19) <=> CH3X(21) + X(1) -0.000 -0.000
8 CHX(28) + HX(19) <=> CH2X(27) + X(1) 0.000 -0.000
9 2 CH2X(27) <=> CH3X(21) + CHX(28) -0.000 -0.000
10 CHX(28) + X(1) <=> CX(26) + HX(19) 0.000 -0.000
11 CX(26) + H2(6) <=> CH2X(27) 0.000 -0.000
12 CH3X(21) + CX(26) <=> CH2X(27) + CHX(28) 0.000 -0.000
13 CH2X(27) + CX(26) <=> 2 CHX(28) 0.000 -0.000
14 H2(6) + X(1) <=> H2X(49) 0.000 -0.000
15 CH4(2) + OX(20) + X(1) <=> CH3X(21) + HOX(22) 0.048 -0.184
16 HX(19) + OX(20) <=> HOX(22) + X(1) 0.483 0.481
17 H2O(5) + 2 X(1) <=> HOX(22) + HX(19) -0.009 -0.007
18 CH3OH(14) + 2 X(1) <=> CH3X(21) + HOX(22) 0.000 -0.000
19 OH(17) + X(1) <=> HOX(22) -0.000 -0.006
20 CH2X(27) + HOX(22) <=> CH3X(21) + OX(20) 0.000 0.000
21 CHX(28) + HOX(22) <=> CH2X(27) + OX(20) 0.000 -0.000
22 CX(26) + HOX(22) <=> CHX(28) + OX(20) 0.000 -0.000
23 CH4(2) + HOX(22) + X(1) <=> CH3X(21) + H2OX(23) 0.001 -0.077
24 H2O(5) + X(1) <=> H2OX(23) 0.000 -0.000
25 H2OX(23) + OX(20) <=> 2 HOX(22) -0.372 -0.331
26 HOX(22) + HX(19) <=> H2OX(23) + X(1) 0.000 -0.000
27 CO(7) + X(1) <=> OCX(25) -0.000 -0.000
28 CX(26) + OX(20) <=> OCX(25) + X(1) 0.000 -0.000
29 CO(7) + X(1) <=> COX(50) 0.000 -0.000
30 CH2O(9) + 2 X(1) <=> CHOX(53) + HX(19) 0.000 -0.000
31 HCO(15) + X(1) <=> CHOX(53) 0.000 -0.000
32 CH3CHO(16) + 2 X(1) <=> CH3X(21) + CHOX(53) 0.000 -0.000
33 CHOX(53) + X(1) <=> HX(19) + OCX(25) 0.000 -0.000
34 CH2X(27) + CHOX(53) <=> CH3X(21) + OCX(25) 0.000 -0.000
35 CHOX(53) + CHX(28) <=> CH2X(27) + OCX(25) 0.000 -0.000
36 CHOX(53) + CX(26) <=> CHX(28) + OCX(25) 0.000 -0.000
37 CHOX(53) + OX(20) <=> HOX(22) + OCX(25) 0.000 -0.000
38 HOCOX(217) + X(1) <=> HOX(22) + OCX(25) 0.000 -0.000
39 C2H4(47) + X(1) <=> C2H4X(209) 0.000 -0.000
40 CO2(4) + X(1) <=> CO2X(24) 0.000 -0.000
41 OCX(25) + OX(20) <=> CO2X(24) + X(1) 0.000 0.000
42 CO2X(24) + HX(19) <=> HOX(22) + OCX(25) 0.750 0.750
Finished sensitivity simulation for a C/O ratio of 0.6
Finished translating for C/O ratio of 0.6
Starting sensitivity simulation for a C/O ratio of 1.2
0 CH4(2) + X(1) <=> CH4X(48) 0.000 -0.000
1 O2(3) + 2 X(1) <=> 2 OX(20) 0.000 0.000
2 H2(6) + 2 X(1) <=> 2 HX(19) -0.000 -0.000
3 H(12) + X(1) <=> HX(19) 0.000 -0.000
4 CH4(2) + 2 X(1) <=> CH3X(21) + HX(19) -0.157 -0.892
5 C2H6(8) + 2 X(1) <=> 2 CH3X(21) 0.000 0.000
6 CH3(10) + X(1) <=> CH3X(21) 0.000 0.000
7 CH2X(27) + HX(19) <=> CH3X(21) + X(1) -0.000 -0.000
8 CHX(28) + HX(19) <=> CH2X(27) + X(1) 0.000 0.000
9 2 CH2X(27) <=> CH3X(21) + CHX(28) 0.000 -0.000
10 CHX(28) + X(1) <=> CX(26) + HX(19) 0.000 -0.000
11 CX(26) + H2(6) <=> CH2X(27) 0.000 -0.000
12 CH3X(21) + CX(26) <=> CH2X(27) + CHX(28) 0.000 0.000
13 CH2X(27) + CX(26) <=> 2 CHX(28) 0.000 0.000
14 H2(6) + X(1) <=> H2X(49) 0.000 -0.000
15 CH4(2) + OX(20) + X(1) <=> CH3X(21) + HOX(22) -0.006 -0.221
16 HX(19) + OX(20) <=> HOX(22) + X(1) 0.865 0.861
17 H2O(5) + 2 X(1) <=> HOX(22) + HX(19) 0.005 0.009
18 CH3OH(14) + 2 X(1) <=> CH3X(21) + HOX(22) 0.000 0.000
19 OH(17) + X(1) <=> HOX(22) -0.001 -0.006
20 CH2X(27) + HOX(22) <=> CH3X(21) + OX(20) 0.000 0.000
21 CHX(28) + HOX(22) <=> CH2X(27) + OX(20) 0.000 0.000
22 CX(26) + HOX(22) <=> CHX(28) + OX(20) 0.000 0.000
23 CH4(2) + HOX(22) + X(1) <=> CH3X(21) + H2OX(23) -0.018 -0.118
24 H2O(5) + X(1) <=> H2OX(23) 0.000 0.000
25 H2OX(23) + OX(20) <=> 2 HOX(22) -0.268 -0.218
26 HOX(22) + HX(19) <=> H2OX(23) + X(1) 0.000 0.000
27 CO(7) + X(1) <=> OCX(25) -0.000 -0.000
28 CX(26) + OX(20) <=> OCX(25) + X(1) 0.000 -0.000
29 CO(7) + X(1) <=> COX(50) 0.000 -0.000
30 CH2O(9) + 2 X(1) <=> CHOX(53) + HX(19) -0.000 0.000
31 HCO(15) + X(1) <=> CHOX(53) 0.000 0.000
32 CH3CHO(16) + 2 X(1) <=> CH3X(21) + CHOX(53) 0.000 0.000
33 CHOX(53) + X(1) <=> HX(19) + OCX(25) 0.000 -0.000
34 CH2X(27) + CHOX(53) <=> CH3X(21) + OCX(25) -0.000 0.000
35 CHOX(53) + CHX(28) <=> CH2X(27) + OCX(25) 0.000 0.000
36 CHOX(53) + CX(26) <=> CHX(28) + OCX(25) 0.000 0.000
37 CHOX(53) + OX(20) <=> HOX(22) + OCX(25) 0.000 0.000
38 HOCOX(217) + X(1) <=> HOX(22) + OCX(25) 0.000 -0.000
39 C2H4(47) + X(1) <=> C2H4X(209) 0.000 0.000
40 CO2(4) + X(1) <=> CO2X(24) 0.000 0.000
41 OCX(25) + OX(20) <=> CO2X(24) + X(1) 0.000 0.000
42 CO2X(24) + HX(19) <=> HOX(22) + OCX(25) 0.551 0.551
Finished sensitivity simulation for a C/O ratio of 1.2
Finished translating for C/O ratio of 1.2
Starting sensitivity simulation for a C/O ratio of 1.3
0 CH4(2) + X(1) <=> CH4X(48) 0.000 0.000
1 O2(3) + 2 X(1) <=> 2 OX(20) 0.000 0.000
2 H2(6) + 2 X(1) <=> 2 HX(19) -0.000 -0.000
3 H(12) + X(1) <=> HX(19) 0.000 0.000
4 CH4(2) + 2 X(1) <=> CH3X(21) + HX(19) -0.186 -0.923
5 C2H6(8) + 2 X(1) <=> 2 CH3X(21) 0.000 -0.000
6 CH3(10) + X(1) <=> CH3X(21) 0.000 0.000
7 CH2X(27) + HX(19) <=> CH3X(21) + X(1) -0.000 -0.000
8 CHX(28) + HX(19) <=> CH2X(27) + X(1) 0.000 0.000
9 2 CH2X(27) <=> CH3X(21) + CHX(28) 0.000 -0.000
10 CHX(28) + X(1) <=> CX(26) + HX(19) 0.000 0.000
11 CX(26) + H2(6) <=> CH2X(27) 0.000 -0.000
12 CH3X(21) + CX(26) <=> CH2X(27) + CHX(28) 0.000 0.000
13 CH2X(27) + CX(26) <=> 2 CHX(28) 0.000 -0.000
14 H2(6) + X(1) <=> H2X(49) 0.000 -0.000
15 CH4(2) + OX(20) + X(1) <=> CH3X(21) + HOX(22) -0.012 -0.224
16 HX(19) + OX(20) <=> HOX(22) + X(1) 0.912 0.908
17 H2O(5) + 2 X(1) <=> HOX(22) + HX(19) 0.008 0.011
18 CH3OH(14) + 2 X(1) <=> CH3X(21) + HOX(22) 0.000 0.000
19 OH(17) + X(1) <=> HOX(22) -0.001 -0.006
20 CH2X(27) + HOX(22) <=> CH3X(21) + OX(20) 0.000 0.000
21 CHX(28) + HOX(22) <=> CH2X(27) + OX(20) 0.000 -0.000
22 CX(26) + HOX(22) <=> CHX(28) + OX(20) 0.000 0.000
23 CH4(2) + HOX(22) + X(1) <=> CH3X(21) + H2OX(23) -0.021 -0.123
24 H2O(5) + X(1) <=> H2OX(23) 0.000 0.000
25 H2OX(23) + OX(20) <=> 2 HOX(22) -0.256 -0.205
26 HOX(22) + HX(19) <=> H2OX(23) + X(1) 0.000 0.000
27 CO(7) + X(1) <=> OCX(25) -0.000 -0.000
28 CX(26) + OX(20) <=> OCX(25) + X(1) 0.000 -0.000
29 CO(7) + X(1) <=> COX(50) 0.000 -0.000
30 CH2O(9) + 2 X(1) <=> CHOX(53) + HX(19) 0.000 -0.000
31 HCO(15) + X(1) <=> CHOX(53) 0.000 0.000
32 CH3CHO(16) + 2 X(1) <=> CH3X(21) + CHOX(53) 0.000 -0.000
33 CHOX(53) + X(1) <=> HX(19) + OCX(25) 0.000 0.000
34 CH2X(27) + CHOX(53) <=> CH3X(21) + OCX(25) 0.000 0.000
35 CHOX(53) + CHX(28) <=> CH2X(27) + OCX(25) 0.000 0.000
36 CHOX(53) + CX(26) <=> CHX(28) + OCX(25) 0.000 -0.000
37 CHOX(53) + OX(20) <=> HOX(22) + OCX(25) 0.000 0.000
38 HOCOX(217) + X(1) <=> HOX(22) + OCX(25) 0.000 -0.000
39 C2H4(47) + X(1) <=> C2H4X(209) 0.000 -0.000
40 CO2(4) + X(1) <=> CO2X(24) 0.000 0.000
41 OCX(25) + OX(20) <=> CO2X(24) + X(1) 0.000 0.000
42 CO2X(24) + HX(19) <=> HOX(22) + OCX(25) 0.526 0.526
Finished sensitivity simulation for a C/O ratio of 1.3
Finished translating for C/O ratio of 1.3
Starting sensitivity simulation for a C/O ratio of 1.0
0 CH4(2) + X(1) <=> CH4X(48) 0.000 -0.000
1 O2(3) + 2 X(1) <=> 2 OX(20) 0.000 0.000
2 H2(6) + 2 X(1) <=> 2 HX(19) -0.000 -0.000
3 H(12) + X(1) <=> HX(19) 0.000 -0.000
4 CH4(2) + 2 X(1) <=> CH3X(21) + HX(19) -0.091 -0.824
5 C2H6(8) + 2 X(1) <=> 2 CH3X(21) 0.000 -0.000
6 CH3(10) + X(1) <=> CH3X(21) 0.000 0.000
7 CH2X(27) + HX(19) <=> CH3X(21) + X(1) -0.000 -0.000
8 CHX(28) + HX(19) <=> CH2X(27) + X(1) 0.000 -0.000
9 2 CH2X(27) <=> CH3X(21) + CHX(28) 0.000 -0.000
10 CHX(28) + X(1) <=> CX(26) + HX(19) 0.000 -0.000
11 CX(26) + H2(6) <=> CH2X(27) 0.000 -0.000
12 CH3X(21) + CX(26) <=> CH2X(27) + CHX(28) 0.000 -0.000
13 CH2X(27) + CX(26) <=> 2 CHX(28) 0.000 -0.000
14 H2(6) + X(1) <=> H2X(49) 0.000 -0.000
15 CH4(2) + OX(20) + X(1) <=> CH3X(21) + HOX(22) 0.008 -0.212
16 HX(19) + OX(20) <=> HOX(22) + X(1) 0.758 0.755
17 H2O(5) + 2 X(1) <=> HOX(22) + HX(19) 0.000 0.003
18 CH3OH(14) + 2 X(1) <=> CH3X(21) + HOX(22) 0.000 0.000
19 OH(17) + X(1) <=> HOX(22) -0.001 -0.006
20 CH2X(27) + HOX(22) <=> CH3X(21) + OX(20) 0.000 0.000
21 CHX(28) + HOX(22) <=> CH2X(27) + OX(20) 0.000 -0.000
22 CX(26) + HOX(22) <=> CHX(28) + OX(20) 0.000 0.000
23 CH4(2) + HOX(22) + X(1) <=> CH3X(21) + H2OX(23) -0.012 -0.106
24 H2O(5) + X(1) <=> H2OX(23) 0.000 -0.000
25 H2OX(23) + OX(20) <=> 2 HOX(22) -0.298 -0.250
26 HOX(22) + HX(19) <=> H2OX(23) + X(1) 0.000 -0.000
27 CO(7) + X(1) <=> OCX(25) -0.000 -0.000
28 CX(26) + OX(20) <=> OCX(25) + X(1) -0.000 0.000
29 CO(7) + X(1) <=> COX(50) 0.000 -0.000
30 CH2O(9) + 2 X(1) <=> CHOX(53) + HX(19) 0.000 -0.000
31 HCO(15) + X(1) <=> CHOX(53) 0.000 -0.000
32 CH3CHO(16) + 2 X(1) <=> CH3X(21) + CHOX(53) 0.000 -0.000
33 CHOX(53) + X(1) <=> HX(19) + OCX(25) 0.000 -0.000
34 CH2X(27) + CHOX(53) <=> CH3X(21) + OCX(25) 0.000 -0.000
35 CHOX(53) + CHX(28) <=> CH2X(27) + OCX(25) 0.000 -0.000
36 CHOX(53) + CX(26) <=> CHX(28) + OCX(25) 0.000 -0.000
37 CHOX(53) + OX(20) <=> HOX(22) + OCX(25) 0.000 -0.000
38 HOCOX(217) + X(1) <=> HOX(22) + OCX(25) 0.000 -0.000
39 C2H4(47) + X(1) <=> C2H4X(209) 0.000 -0.000
40 CO2(4) + X(1) <=> CO2X(24) 0.000 -0.000
41 OCX(25) + OX(20) <=> CO2X(24) + X(1) 0.000 0.000
42 CO2X(24) + HX(19) <=> HOX(22) + OCX(25) 0.607 0.607
Finished sensitivity simulation for a C/O ratio of 1.0
Finished translating for C/O ratio of 1.0
Starting sensitivity simulation for a C/O ratio of 0.8
0 CH4(2) + X(1) <=> CH4X(48) 0.000 0.000
1 O2(3) + 2 X(1) <=> 2 OX(20) 0.000 0.000
2 H2(6) + 2 X(1) <=> 2 HX(19) -0.000 -0.000
3 H(12) + X(1) <=> HX(19) 0.000 -0.000
4 CH4(2) + 2 X(1) <=> CH3X(21) + HX(19) -0.014 -0.744
5 C2H6(8) + 2 X(1) <=> 2 CH3X(21) 0.000 0.000
6 CH3(10) + X(1) <=> CH3X(21) 0.000 0.000
7 CH2X(27) + HX(19) <=> CH3X(21) + X(1) -0.000 -0.000
8 CHX(28) + HX(19) <=> CH2X(27) + X(1) -0.000 0.000
9 2 CH2X(27) <=> CH3X(21) + CHX(28) 0.000 -0.000
10 CHX(28) + X(1) <=> CX(26) + HX(19) 0.000 -0.000
11 CX(26) + H2(6) <=> CH2X(27) 0.000 -0.000
12 CH3X(21) + CX(26) <=> CH2X(27) + CHX(28) 0.000 -0.000
13 CH2X(27) + CX(26) <=> 2 CHX(28) 0.000 -0.000
14 H2(6) + X(1) <=> H2X(49) 0.000 -0.000
15 CH4(2) + OX(20) + X(1) <=> CH3X(21) + HOX(22) 0.026 -0.200
16 HX(19) + OX(20) <=> HOX(22) + X(1) 0.632 0.629
17 H2O(5) + 2 X(1) <=> HOX(22) + HX(19) -0.005 -0.002
18 CH3OH(14) + 2 X(1) <=> CH3X(21) + HOX(22) 0.000 0.000
19 OH(17) + X(1) <=> HOX(22) -0.001 -0.006
20 CH2X(27) + HOX(22) <=> CH3X(21) + OX(20) 0.000 0.000
21 CHX(28) + HOX(22) <=> CH2X(27) + OX(20) 0.000 -0.000
22 CX(26) + HOX(22) <=> CHX(28) + OX(20) 0.000 -0.000
23 CH4(2) + HOX(22) + X(1) <=> CH3X(21) + H2OX(23) -0.005 -0.092
24 H2O(5) + X(1) <=> H2OX(23) 0.000 -0.000
25 H2OX(23) + OX(20) <=> 2 HOX(22) -0.332 -0.287
26 HOX(22) + HX(19) <=> H2OX(23) + X(1) 0.000 -0.000
27 CO(7) + X(1) <=> OCX(25) -0.000 -0.000
28 CX(26) + OX(20) <=> OCX(25) + X(1) 0.000 -0.000
29 CO(7) + X(1) <=> COX(50) 0.000 -0.000
30 CH2O(9) + 2 X(1) <=> CHOX(53) + HX(19) -0.000 -0.000
31 HCO(15) + X(1) <=> CHOX(53) 0.000 -0.000
32 CH3CHO(16) + 2 X(1) <=> CH3X(21) + CHOX(53) 0.000 -0.000
33 CHOX(53) + X(1) <=> HX(19) + OCX(25) 0.000 -0.000
34 CH2X(27) + CHOX(53) <=> CH3X(21) + OCX(25) 0.000 -0.000
35 CHOX(53) + CHX(28) <=> CH2X(27) + OCX(25) 0.000 -0.000
36 CHOX(53) + CX(26) <=> CHX(28) + OCX(25) 0.000 -0.000
37 CHOX(53) + OX(20) <=> HOX(22) + OCX(25) 0.000 0.000
38 HOCOX(217) + X(1) <=> HOX(22) + OCX(25) -0.000 -0.000
39 C2H4(47) + X(1) <=> C2H4X(209) -0.000 0.000
40 CO2(4) + X(1) <=> CO2X(24) 0.000 -0.000
41 OCX(25) + OX(20) <=> CO2X(24) + X(1) 0.000 0.000
42 CO2X(24) + HX(19) <=> HOX(22) + OCX(25) 0.673 0.673
Finished sensitivity simulation for a C/O ratio of 0.8
Finished translating for C/O ratio of 0.8
