This mechanism contains 38 gas reactions and 41 surface reactions
Finished simulation at a C/O ratio of 0.6
Finished simulation at a C/O ratio of 1.0
Finished simulation at a C/O ratio of 0.7
Finished simulation at a C/O ratio of 0.9
Finished simulation at a C/O ratio of 2.6
Finished simulation at a C/O ratio of 1.8
Finished simulation at a C/O ratio of 2.4
Finished simulation at a C/O ratio of 1.6
Finished simulation at a C/O ratio of 1.1
Finished simulation at a C/O ratio of 1.4
Finished simulation at a C/O ratio of 0.8
Finished simulation at a C/O ratio of 2.2
Finished simulation at a C/O ratio of 1.2
Finished simulation at a C/O ratio of 1.3
Finished simulation at a C/O ratio of 2.0
Starting sensitivity simulation for a C/O ratio of 1.1
0 CH4(2) + X(1) <=> CH4X(48) -0.000 0.000
1 O2(3) + 2 X(1) <=> 2 OX(20) -0.703 3.143
2 H2(6) + 2 X(1) <=> 2 HX(19) -0.001 -0.000
3 H(12) + X(1) <=> HX(19) 0.000 -0.000
4 HX(19) + OX(20) <=> HOX(22) + X(1) 0.000 0.000
5 H2O(5) + 2 X(1) <=> HOX(22) + HX(19) 0.000 -0.000
6 OH(17) + X(1) <=> HOX(22) 0.000 0.000
7 CH4(2) + 2 X(1) <=> CH3X(21) + HX(19) -0.000 -0.000
8 CH4(2) + OX(20) + X(1) <=> CH3X(21) + HOX(22) 0.157 -2.180
9 C2H6(8) + 2 X(1) <=> 2 CH3X(21) 0.000 0.001
10 CH3(10) + X(1) <=> CH3X(21) 0.000 0.000
11 CH3OH(14) + 2 X(1) <=> CH3X(21) + HOX(22) 0.000 0.000
12 CH2X(27) + HX(19) <=> CH3X(21) + X(1) 0.270 -2.413
13 CH2X(27) + HOX(22) <=> CH3X(21) + OX(20) 0.000 -0.000
14 CHX(28) + HX(19) <=> CH2X(27) + X(1) 0.000 -0.000
15 CHX(28) + HOX(22) <=> CH2X(27) + OX(20) -0.000 -0.000
16 2 CH2X(27) <=> CH3X(21) + CHX(28) -0.000 0.000
17 CHX(28) + X(1) <=> CX(26) + HX(19) -0.000 0.000
18 CX(26) + H2(6) <=> CH2X(27) -0.000 0.000
19 CX(26) + HOX(22) <=> CHX(28) + OX(20) 0.000 0.000
20 CH3X(21) + CX(26) <=> CH2X(27) + CHX(28) 0.000 -0.000
21 CH2X(27) + CX(26) <=> 2 CHX(28) 0.000 0.000
22 CO(7) + X(1) <=> OCX(25) -0.015 0.002
23 CX(26) + OX(20) <=> OCX(25) + X(1) -0.000 0.000
24 H2(6) + X(1) <=> H2X(49) 0.000 0.000
25 CH4(2) + HOX(22) + X(1) <=> CH3X(21) + H2OX(23) 0.000 -0.000
26 H2O(5) + X(1) <=> H2OX(23) 0.000 -0.001
27 H2OX(23) + OX(20) <=> 2 HOX(22) 0.137 -1.158
28 HOX(22) + HX(19) <=> H2OX(23) + X(1) 0.000 -0.000
29 CO(7) + X(1) <=> COX(50) 0.000 0.000
30 CH2O(9) + 2 X(1) <=> CHOX(53) + HX(19) 0.000 0.000
31 HCO(15) + X(1) <=> CHOX(53) 0.000 0.000
32 CH3CHO(16) + 2 X(1) <=> CH3X(21) + CHOX(53) -0.000 -0.000
33 CHOX(53) + X(1) <=> HX(19) + OCX(25) -0.000 0.000
34 CHOX(53) + OX(20) <=> HOX(22) + OCX(25) 0.000 0.000
35 CH2X(27) + CHOX(53) <=> CH3X(21) + OCX(25) 0.000 -0.000
36 CHOX(53) + CHX(28) <=> CH2X(27) + OCX(25) 0.000 0.000
37 CHOX(53) + CX(26) <=> CHX(28) + OCX(25) 0.000 0.000
38 CO2(4) + X(1) <=> CO2X(24) 0.000 0.000
39 OCX(25) + OX(20) <=> CO2X(24) + X(1) 0.694 0.247
40 CO2X(24) + HX(19) <=> HOX(22) + OCX(25) 0.000 0.000
Finished sensitivity simulation for a C/O ratio of 1.1
Finished translating for C/O ratio of 1.1
Starting sensitivity simulation for a C/O ratio of 1.3
0 CH4(2) + X(1) <=> CH4X(48) -0.000 -0.000
1 O2(3) + 2 X(1) <=> 2 OX(20) 2.498 15.052
2 H2(6) + 2 X(1) <=> 2 HX(19) -0.003 0.003
3 H(12) + X(1) <=> HX(19) -0.000 -0.000
4 HX(19) + OX(20) <=> HOX(22) + X(1) 0.000 -0.000
5 H2O(5) + 2 X(1) <=> HOX(22) + HX(19) -0.000 -0.002
6 OH(17) + X(1) <=> HOX(22) -0.000 -0.000
7 CH4(2) + 2 X(1) <=> CH3X(21) + HX(19) -0.000 -0.000
8 CH4(2) + OX(20) + X(1) <=> CH3X(21) + HOX(22) -2.693 -14.616
9 C2H6(8) + 2 X(1) <=> 2 CH3X(21) 0.001 0.002
10 CH3(10) + X(1) <=> CH3X(21) 0.000 0.000
11 CH3OH(14) + 2 X(1) <=> CH3X(21) + HOX(22) 0.000 0.000
12 CH2X(27) + HX(19) <=> CH3X(21) + X(1) -2.239 -13.127
13 CH2X(27) + HOX(22) <=> CH3X(21) + OX(20) -0.000 -0.001
14 CHX(28) + HX(19) <=> CH2X(27) + X(1) -0.000 -0.000
15 CHX(28) + HOX(22) <=> CH2X(27) + OX(20) -0.000 -0.000
16 2 CH2X(27) <=> CH3X(21) + CHX(28) -0.000 -0.000
17 CHX(28) + X(1) <=> CX(26) + HX(19) -0.000 -0.000
18 CX(26) + H2(6) <=> CH2X(27) -0.000 0.000
19 CX(26) + HOX(22) <=> CHX(28) + OX(20) -0.000 -0.000
20 CH3X(21) + CX(26) <=> CH2X(27) + CHX(28) -0.000 -0.000
21 CH2X(27) + CX(26) <=> 2 CHX(28) -0.000 -0.000
22 CO(7) + X(1) <=> OCX(25) 0.003 0.071
23 CX(26) + OX(20) <=> OCX(25) + X(1) 0.000 0.000
24 H2(6) + X(1) <=> H2X(49) -0.000 -0.000
25 CH4(2) + HOX(22) + X(1) <=> CH3X(21) + H2OX(23) -0.001 -0.003
26 H2O(5) + X(1) <=> H2OX(23) -0.001 -0.006
27 H2OX(23) + OX(20) <=> 2 HOX(22) -1.010 -5.914
28 HOX(22) + HX(19) <=> H2OX(23) + X(1) -0.000 -0.000
29 CO(7) + X(1) <=> COX(50) 0.000 0.000
30 CH2O(9) + 2 X(1) <=> CHOX(53) + HX(19) -0.000 -0.000
31 HCO(15) + X(1) <=> CHOX(53) -0.000 -0.000
32 CH3CHO(16) + 2 X(1) <=> CH3X(21) + CHOX(53) -0.000 -0.000
33 CHOX(53) + X(1) <=> HX(19) + OCX(25) -0.000 -0.000
34 CHOX(53) + OX(20) <=> HOX(22) + OCX(25) -0.000 -0.000
35 CH2X(27) + CHOX(53) <=> CH3X(21) + OCX(25) -0.000 -0.000
36 CHOX(53) + CHX(28) <=> CH2X(27) + OCX(25) -0.000 0.000
37 CHOX(53) + CX(26) <=> CHX(28) + OCX(25) -0.000 -0.000
38 CO2(4) + X(1) <=> CO2X(24) 0.000 -0.000
39 OCX(25) + OX(20) <=> CO2X(24) + X(1) 0.070 -2.001
40 CO2X(24) + HX(19) <=> HOX(22) + OCX(25) 0.000 -0.000
Finished sensitivity simulation for a C/O ratio of 1.3
Finished translating for C/O ratio of 1.3
Starting sensitivity simulation for a C/O ratio of 2.6
0 CH4(2) + X(1) <=> CH4X(48) 0.012 0.011
1 O2(3) + 2 X(1) <=> 2 OX(20) 0.103 0.262
2 H2(6) + 2 X(1) <=> 2 HX(19) 0.015 0.038
3 H(12) + X(1) <=> HX(19) 0.028 0.059
4 HX(19) + OX(20) <=> HOX(22) + X(1) -0.000 -0.000
5 H2O(5) + 2 X(1) <=> HOX(22) + HX(19) 0.002 -0.006
6 OH(17) + X(1) <=> HOX(22) 0.015 0.038
7 CH4(2) + 2 X(1) <=> CH3X(21) + HX(19) 0.027 0.058
8 CH4(2) + OX(20) + X(1) <=> CH3X(21) + HOX(22) -0.151 -0.376
9 C2H6(8) + 2 X(1) <=> 2 CH3X(21) 0.000 0.000
10 CH3(10) + X(1) <=> CH3X(21) 0.028 0.060
11 CH3OH(14) + 2 X(1) <=> CH3X(21) + HOX(22) 0.015 0.038
12 CH2X(27) + HX(19) <=> CH3X(21) + X(1) -0.026 -0.078
13 CH2X(27) + HOX(22) <=> CH3X(21) + OX(20) 0.015 0.038
14 CHX(28) + HX(19) <=> CH2X(27) + X(1) 0.012 0.011
15 CHX(28) + HOX(22) <=> CH2X(27) + OX(20) 0.015 0.038
16 2 CH2X(27) <=> CH3X(21) + CHX(28) 0.012 0.011
17 CHX(28) + X(1) <=> CX(26) + HX(19) 0.015 0.038
18 CX(26) + H2(6) <=> CH2X(27) 0.000 0.000
19 CX(26) + HOX(22) <=> CHX(28) + OX(20) 0.028 0.060
20 CH3X(21) + CX(26) <=> CH2X(27) + CHX(28) 0.015 0.038
21 CH2X(27) + CX(26) <=> 2 CHX(28) -0.000 0.000
22 CO(7) + X(1) <=> OCX(25) 0.028 0.060
23 CX(26) + OX(20) <=> OCX(25) + X(1) 0.030 0.067
24 H2(6) + X(1) <=> H2X(49) 0.028 0.060
25 CH4(2) + HOX(22) + X(1) <=> CH3X(21) + H2OX(23) -0.001 -0.001
26 H2O(5) + X(1) <=> H2OX(23) 0.015 0.038
27 H2OX(23) + OX(20) <=> 2 HOX(22) -0.006 -0.044
28 HOX(22) + HX(19) <=> H2OX(23) + X(1) 0.028 0.060
29 CO(7) + X(1) <=> COX(50) -0.000 -0.000
30 CH2O(9) + 2 X(1) <=> CHOX(53) + HX(19) 0.000 0.000
31 HCO(15) + X(1) <=> CHOX(53) -0.000 -0.000
32 CH3CHO(16) + 2 X(1) <=> CH3X(21) + CHOX(53) 0.015 0.038
33 CHOX(53) + X(1) <=> HX(19) + OCX(25) 0.028 0.060
34 CHOX(53) + OX(20) <=> HOX(22) + OCX(25) 0.000 0.000
35 CH2X(27) + CHOX(53) <=> CH3X(21) + OCX(25) -0.000 -0.000
36 CHOX(53) + CHX(28) <=> CH2X(27) + OCX(25) 0.015 0.038
37 CHOX(53) + CX(26) <=> CHX(28) + OCX(25) 0.028 0.060
38 CO2(4) + X(1) <=> CO2X(24) 0.016 0.039
39 OCX(25) + OX(20) <=> CO2X(24) + X(1) 0.009 0.005
40 CO2X(24) + HX(19) <=> HOX(22) + OCX(25) 0.015 0.038
Finished sensitivity simulation for a C/O ratio of 2.6
Finished translating for C/O ratio of 2.6
Starting sensitivity simulation for a C/O ratio of 2.2
0 CH4(2) + X(1) <=> CH4X(48) 0.001 -0.005
1 O2(3) + 2 X(1) <=> 2 OX(20) 0.149 0.346
2 H2(6) + 2 X(1) <=> 2 HX(19) 0.023 0.053
3 H(12) + X(1) <=> HX(19) -0.001 -0.003
4 HX(19) + OX(20) <=> HOX(22) + X(1) -0.000 -0.000
5 H2O(5) + 2 X(1) <=> HOX(22) + HX(19) -0.011 -0.043
6 OH(17) + X(1) <=> HOX(22) -0.000 -0.000
7 CH4(2) + 2 X(1) <=> CH3X(21) + HX(19) 0.019 0.046
8 CH4(2) + OX(20) + X(1) <=> CH3X(21) + HOX(22) -0.195 -0.440
9 C2H6(8) + 2 X(1) <=> 2 CH3X(21) -0.007 -0.001
10 CH3(10) + X(1) <=> CH3X(21) -0.000 -0.000
11 CH3OH(14) + 2 X(1) <=> CH3X(21) + HOX(22) 0.023 0.054
12 CH2X(27) + HX(19) <=> CH3X(21) + X(1) -0.056 -0.137
13 CH2X(27) + HOX(22) <=> CH3X(21) + OX(20) -0.007 -0.001
14 CHX(28) + HX(19) <=> CH2X(27) + X(1) -0.000 0.000
15 CHX(28) + HOX(22) <=> CH2X(27) + OX(20) -0.000 0.000
16 2 CH2X(27) <=> CH3X(21) + CHX(28) 0.000 0.000
17 CHX(28) + X(1) <=> CX(26) + HX(19) 0.000 0.000
18 CX(26) + H2(6) <=> CH2X(27) 0.000 0.000
19 CX(26) + HOX(22) <=> CHX(28) + OX(20) -0.000 0.000
20 CH3X(21) + CX(26) <=> CH2X(27) + CHX(28) -0.000 0.000
21 CH2X(27) + CX(26) <=> 2 CHX(28) -0.000 -0.000
22 CO(7) + X(1) <=> OCX(25) 0.023 0.053
23 CX(26) + OX(20) <=> OCX(25) + X(1) 0.001 -0.005
24 H2(6) + X(1) <=> H2X(49) 0.023 0.054
25 CH4(2) + HOX(22) + X(1) <=> CH3X(21) + H2OX(23) 0.022 0.053
26 H2O(5) + X(1) <=> H2OX(23) -0.000 0.000
27 H2OX(23) + OX(20) <=> 2 HOX(22) -0.051 -0.107
28 HOX(22) + HX(19) <=> H2OX(23) + X(1) -0.000 -0.001
29 CO(7) + X(1) <=> COX(50) -0.000 0.000
30 CH2O(9) + 2 X(1) <=> CHOX(53) + HX(19) 0.010 0.040
31 HCO(15) + X(1) <=> CHOX(53) -0.000 -0.000
32 CH3CHO(16) + 2 X(1) <=> CH3X(21) + CHOX(53) -0.007 -0.001
33 CHOX(53) + X(1) <=> HX(19) + OCX(25) -0.000 0.000
34 CHOX(53) + OX(20) <=> HOX(22) + OCX(25) -0.000 -0.000
35 CH2X(27) + CHOX(53) <=> CH3X(21) + OCX(25) 0.000 0.000
36 CHOX(53) + CHX(28) <=> CH2X(27) + OCX(25) -0.000 -0.000
37 CHOX(53) + CX(26) <=> CHX(28) + OCX(25) 0.010 0.040
38 CO2(4) + X(1) <=> CO2X(24) 0.001 0.001
39 OCX(25) + OX(20) <=> CO2X(24) + X(1) -0.013 -0.040
40 CO2X(24) + HX(19) <=> HOX(22) + OCX(25) 0.001 -0.005
Finished sensitivity simulation for a C/O ratio of 2.2
Finished translating for C/O ratio of 2.2
Starting sensitivity simulation for a C/O ratio of 1.6
0 CH4(2) + X(1) <=> CH4X(48) -0.063 -0.049
1 O2(3) + 2 X(1) <=> 2 OX(20) 1.106 1.062
2 H2(6) + 2 X(1) <=> 2 HX(19) 0.000 0.000
3 H(12) + X(1) <=> HX(19) -0.007 -0.007
4 HX(19) + OX(20) <=> HOX(22) + X(1) -0.000 -0.000
5 H2O(5) + 2 X(1) <=> HOX(22) + HX(19) -0.021 -0.021
6 OH(17) + X(1) <=> HOX(22) -0.000 -0.000
7 CH4(2) + 2 X(1) <=> CH3X(21) + HX(19) -0.026 -0.017
8 CH4(2) + OX(20) + X(1) <=> CH3X(21) + HOX(22) -0.987 -0.969
9 C2H6(8) + 2 X(1) <=> 2 CH3X(21) -0.000 -0.000
10 CH3(10) + X(1) <=> CH3X(21) -0.008 0.003
11 CH3OH(14) + 2 X(1) <=> CH3X(21) + HOX(22) -0.002 0.008
12 CH2X(27) + HX(19) <=> CH3X(21) + X(1) -0.645 -0.638
13 CH2X(27) + HOX(22) <=> CH3X(21) + OX(20) -0.063 -0.049
14 CHX(28) + HX(19) <=> CH2X(27) + X(1) -0.063 -0.049
15 CHX(28) + HOX(22) <=> CH2X(27) + OX(20) -0.000 0.000
16 2 CH2X(27) <=> CH3X(21) + CHX(28) -0.003 -0.011
17 CHX(28) + X(1) <=> CX(26) + HX(19) -0.022 -0.013
18 CX(26) + H2(6) <=> CH2X(27) -0.022 -0.013
19 CX(26) + HOX(22) <=> CHX(28) + OX(20) 0.087 0.094
20 CH3X(21) + CX(26) <=> CH2X(27) + CHX(28) -0.022 -0.013
21 CH2X(27) + CX(26) <=> 2 CHX(28) -0.022 -0.013
22 CO(7) + X(1) <=> OCX(25) -0.023 -0.014
23 CX(26) + OX(20) <=> OCX(25) + X(1) -0.000 -0.000
24 H2(6) + X(1) <=> H2X(49) -0.063 -0.049
25 CH4(2) + HOX(22) + X(1) <=> CH3X(21) + H2OX(23) -0.001 -0.001
26 H2O(5) + X(1) <=> H2OX(23) -0.000 0.000
27 H2OX(23) + OX(20) <=> 2 HOX(22) -0.331 -0.326
28 HOX(22) + HX(19) <=> H2OX(23) + X(1) -0.064 -0.050
29 CO(7) + X(1) <=> COX(50) -0.063 -0.049
30 CH2O(9) + 2 X(1) <=> CHOX(53) + HX(19) -0.000 0.000
31 HCO(15) + X(1) <=> CHOX(53) -0.000 -0.000
32 CH3CHO(16) + 2 X(1) <=> CH3X(21) + CHOX(53) -0.000 0.000
33 CHOX(53) + X(1) <=> HX(19) + OCX(25) -0.002 0.008
34 CHOX(53) + OX(20) <=> HOX(22) + OCX(25) -0.022 -0.013
35 CH2X(27) + CHOX(53) <=> CH3X(21) + OCX(25) -0.000 0.000
36 CHOX(53) + CHX(28) <=> CH2X(27) + OCX(25) -0.002 0.008
37 CHOX(53) + CX(26) <=> CHX(28) + OCX(25) -0.022 -0.013
38 CO2(4) + X(1) <=> CO2X(24) 0.001 0.001
39 OCX(25) + OX(20) <=> CO2X(24) + X(1) -0.203 -0.192
40 CO2X(24) + HX(19) <=> HOX(22) + OCX(25) -0.063 -0.049
Finished sensitivity simulation for a C/O ratio of 1.6
Finished translating for C/O ratio of 1.6
Starting sensitivity simulation for a C/O ratio of 0.6
0 CH4(2) + X(1) <=> CH4X(48) -0.000 -0.000
1 O2(3) + 2 X(1) <=> 2 OX(20) -0.617 1.420
2 H2(6) + 2 X(1) <=> 2 HX(19) -0.000 -0.000
3 H(12) + X(1) <=> HX(19) -0.000 -0.000
4 HX(19) + OX(20) <=> HOX(22) + X(1) 0.000 0.000
5 H2O(5) + 2 X(1) <=> HOX(22) + HX(19) 0.000 -0.000
6 OH(17) + X(1) <=> HOX(22) -0.000 -0.000
7 CH4(2) + 2 X(1) <=> CH3X(21) + HX(19) 0.000 -0.000
8 CH4(2) + OX(20) + X(1) <=> CH3X(21) + HOX(22) 0.186 -0.802
9 C2H6(8) + 2 X(1) <=> 2 CH3X(21) 0.000 0.000
10 CH3(10) + X(1) <=> CH3X(21) 0.000 0.000
11 CH3OH(14) + 2 X(1) <=> CH3X(21) + HOX(22) 0.000 0.000
12 CH2X(27) + HX(19) <=> CH3X(21) + X(1) 0.292 -1.198
13 CH2X(27) + HOX(22) <=> CH3X(21) + OX(20) 0.000 -0.000
14 CHX(28) + HX(19) <=> CH2X(27) + X(1) 0.000 -0.000
15 CHX(28) + HOX(22) <=> CH2X(27) + OX(20) -0.000 -0.000
16 2 CH2X(27) <=> CH3X(21) + CHX(28) 0.000 -0.000
17 CHX(28) + X(1) <=> CX(26) + HX(19) -0.000 -0.000
18 CX(26) + H2(6) <=> CH2X(27) -0.000 -0.000
19 CX(26) + HOX(22) <=> CHX(28) + OX(20) -0.000 -0.000
20 CH3X(21) + CX(26) <=> CH2X(27) + CHX(28) 0.000 -0.000
21 CH2X(27) + CX(26) <=> 2 CHX(28) -0.000 -0.000
22 CO(7) + X(1) <=> OCX(25) -0.025 -0.014
23 CX(26) + OX(20) <=> OCX(25) + X(1) -0.000 0.000
24 H2(6) + X(1) <=> H2X(49) -0.000 0.000
25 CH4(2) + HOX(22) + X(1) <=> CH3X(21) + H2OX(23) 0.000 -0.000
26 H2O(5) + X(1) <=> H2OX(23) 0.000 -0.001
27 H2OX(23) + OX(20) <=> 2 HOX(22) 0.145 -0.589
28 HOX(22) + HX(19) <=> H2OX(23) + X(1) 0.000 -0.000
29 CO(7) + X(1) <=> COX(50) 0.000 -0.000
30 CH2O(9) + 2 X(1) <=> CHOX(53) + HX(19) -0.000 -0.000
31 HCO(15) + X(1) <=> CHOX(53) -0.000 -0.000
32 CH3CHO(16) + 2 X(1) <=> CH3X(21) + CHOX(53) 0.000 -0.000
33 CHOX(53) + X(1) <=> HX(19) + OCX(25) -0.000 -0.000
34 CHOX(53) + OX(20) <=> HOX(22) + OCX(25) -0.000 0.000
35 CH2X(27) + CHOX(53) <=> CH3X(21) + OCX(25) 0.000 -0.000
36 CHOX(53) + CHX(28) <=> CH2X(27) + OCX(25) -0.000 -0.000
37 CHOX(53) + CX(26) <=> CHX(28) + OCX(25) 0.000 0.000
38 CO2(4) + X(1) <=> CO2X(24) 0.000 0.000
39 OCX(25) + OX(20) <=> CO2X(24) + X(1) 0.496 0.326
40 CO2X(24) + HX(19) <=> HOX(22) + OCX(25) 0.000 0.000
Finished sensitivity simulation for a C/O ratio of 0.6
Finished translating for C/O ratio of 0.6
Starting sensitivity simulation for a C/O ratio of 0.7
0 CH4(2) + X(1) <=> CH4X(48) 0.000 -0.000
1 O2(3) + 2 X(1) <=> 2 OX(20) -0.708 1.470
2 H2(6) + 2 X(1) <=> 2 HX(19) -0.000 -0.000
3 H(12) + X(1) <=> HX(19) -0.000 -0.000
4 HX(19) + OX(20) <=> HOX(22) + X(1) 0.000 0.000
5 H2O(5) + 2 X(1) <=> HOX(22) + HX(19) 0.000 -0.000
6 OH(17) + X(1) <=> HOX(22) -0.000 -0.000
7 CH4(2) + 2 X(1) <=> CH3X(21) + HX(19) 0.000 -0.000
8 CH4(2) + OX(20) + X(1) <=> CH3X(21) + HOX(22) 0.218 -0.873
9 C2H6(8) + 2 X(1) <=> 2 CH3X(21) 0.000 0.000
10 CH3(10) + X(1) <=> CH3X(21) 0.000 0.000
11 CH3OH(14) + 2 X(1) <=> CH3X(21) + HOX(22) 0.000 0.000
12 CH2X(27) + HX(19) <=> CH3X(21) + X(1) 0.332 -1.242
13 CH2X(27) + HOX(22) <=> CH3X(21) + OX(20) 0.000 -0.000
14 CHX(28) + HX(19) <=> CH2X(27) + X(1) 0.000 -0.000
15 CHX(28) + HOX(22) <=> CH2X(27) + OX(20) 0.000 -0.000
16 2 CH2X(27) <=> CH3X(21) + CHX(28) 0.000 -0.000
17 CHX(28) + X(1) <=> CX(26) + HX(19) 0.000 -0.000
18 CX(26) + H2(6) <=> CH2X(27) -0.000 -0.000
19 CX(26) + HOX(22) <=> CHX(28) + OX(20) 0.000 -0.000
20 CH3X(21) + CX(26) <=> CH2X(27) + CHX(28) 0.000 -0.000
21 CH2X(27) + CX(26) <=> 2 CHX(28) -0.000 -0.000
22 CO(7) + X(1) <=> OCX(25) -0.023 -0.012
23 CX(26) + OX(20) <=> OCX(25) + X(1) -0.000 0.000
24 H2(6) + X(1) <=> H2X(49) -0.000 -0.000
25 CH4(2) + HOX(22) + X(1) <=> CH3X(21) + H2OX(23) 0.000 -0.000
26 H2O(5) + X(1) <=> H2OX(23) 0.000 -0.001
27 H2OX(23) + OX(20) <=> 2 HOX(22) 0.165 -0.608
28 HOX(22) + HX(19) <=> H2OX(23) + X(1) 0.000 -0.000
29 CO(7) + X(1) <=> COX(50) -0.000 -0.000
30 CH2O(9) + 2 X(1) <=> CHOX(53) + HX(19) 0.000 -0.000
31 HCO(15) + X(1) <=> CHOX(53) 0.000 -0.000
32 CH3CHO(16) + 2 X(1) <=> CH3X(21) + CHOX(53) -0.000 -0.000
33 CHOX(53) + X(1) <=> HX(19) + OCX(25) -0.000 -0.000
34 CHOX(53) + OX(20) <=> HOX(22) + OCX(25) 0.000 -0.000
35 CH2X(27) + CHOX(53) <=> CH3X(21) + OCX(25) 0.000 -0.000
36 CHOX(53) + CHX(28) <=> CH2X(27) + OCX(25) 0.000 -0.000
37 CHOX(53) + CX(26) <=> CHX(28) + OCX(25) 0.000 -0.000
38 CO2(4) + X(1) <=> CO2X(24) 0.000 0.000
39 OCX(25) + OX(20) <=> CO2X(24) + X(1) 0.564 0.369
40 CO2X(24) + HX(19) <=> HOX(22) + OCX(25) 0.000 0.000
Finished sensitivity simulation for a C/O ratio of 0.7
Finished translating for C/O ratio of 0.7
Starting sensitivity simulation for a C/O ratio of 2.4
0 CH4(2) + X(1) <=> CH4X(48) 0.011 0.005
1 O2(3) + 2 X(1) <=> 2 OX(20) 0.100 0.270
2 H2(6) + 2 X(1) <=> 2 HX(19) 0.006 0.018
3 H(12) + X(1) <=> HX(19) -0.001 -0.002
4 HX(19) + OX(20) <=> HOX(22) + X(1) 0.011 0.005
5 H2O(5) + 2 X(1) <=> HOX(22) + HX(19) -0.002 -0.035
6 OH(17) + X(1) <=> HOX(22) 0.005 0.018
7 CH4(2) + 2 X(1) <=> CH3X(21) + HX(19) -0.003 -0.008
8 CH4(2) + OX(20) + X(1) <=> CH3X(21) + HOX(22) -0.176 -0.424
9 C2H6(8) + 2 X(1) <=> 2 CH3X(21) -0.000 -0.000
10 CH3(10) + X(1) <=> CH3X(21) -0.000 -0.000
11 CH3OH(14) + 2 X(1) <=> CH3X(21) + HOX(22) 0.011 0.005
12 CH2X(27) + HX(19) <=> CH3X(21) + X(1) -0.048 -0.155
13 CH2X(27) + HOX(22) <=> CH3X(21) + OX(20) 0.005 0.018
14 CHX(28) + HX(19) <=> CH2X(27) + X(1) 0.000 0.000
15 CHX(28) + HOX(22) <=> CH2X(27) + OX(20) 0.011 0.005
16 2 CH2X(27) <=> CH3X(21) + CHX(28) 0.014 -0.012
17 CHX(28) + X(1) <=> CX(26) + HX(19) 0.000 0.000
18 CX(26) + H2(6) <=> CH2X(27) 0.029 0.048
19 CX(26) + HOX(22) <=> CHX(28) + OX(20) 0.020 0.049
20 CH3X(21) + CX(26) <=> CH2X(27) + CHX(28) 0.014 -0.012
21 CH2X(27) + CX(26) <=> 2 CHX(28) 0.005 0.018
22 CO(7) + X(1) <=> OCX(25) -0.000 -0.000
23 CX(26) + OX(20) <=> OCX(25) + X(1) -0.000 -0.000
24 H2(6) + X(1) <=> H2X(49) 0.011 0.005
25 CH4(2) + HOX(22) + X(1) <=> CH3X(21) + H2OX(23) 0.010 0.004
26 H2O(5) + X(1) <=> H2OX(23) -0.000 -0.000
27 H2OX(23) + OX(20) <=> 2 HOX(22) -0.034 -0.090
28 HOX(22) + HX(19) <=> H2OX(23) + X(1) 0.011 0.005
29 CO(7) + X(1) <=> COX(50) 0.000 0.000
30 CH2O(9) + 2 X(1) <=> CHOX(53) + HX(19) 0.000 0.000
31 HCO(15) + X(1) <=> CHOX(53) 0.011 0.005
32 CH3CHO(16) + 2 X(1) <=> CH3X(21) + CHOX(53) 0.000 0.000
33 CHOX(53) + X(1) <=> HX(19) + OCX(25) 0.000 0.000
34 CHOX(53) + OX(20) <=> HOX(22) + OCX(25) 0.000 0.000
35 CH2X(27) + CHOX(53) <=> CH3X(21) + OCX(25) 0.000 0.000
36 CHOX(53) + CHX(28) <=> CH2X(27) + OCX(25) 0.011 0.005
37 CHOX(53) + CX(26) <=> CHX(28) + OCX(25) -0.006 0.004
38 CO2(4) + X(1) <=> CO2X(24) 0.012 0.006
39 OCX(25) + OX(20) <=> CO2X(24) + X(1) -0.013 -0.020
40 CO2X(24) + HX(19) <=> HOX(22) + OCX(25) 0.005 0.018
Finished sensitivity simulation for a C/O ratio of 2.4
Finished translating for C/O ratio of 2.4
Starting sensitivity simulation for a C/O ratio of 1.2
0 CH4(2) + X(1) <=> CH4X(48) 0.000 0.000
1 O2(3) + 2 X(1) <=> 2 OX(20) -0.237 5.304
2 H2(6) + 2 X(1) <=> 2 HX(19) -0.001 -0.000
3 H(12) + X(1) <=> HX(19) 0.000 0.000
4 HX(19) + OX(20) <=> HOX(22) + X(1) 0.000 0.000
5 H2O(5) + 2 X(1) <=> HOX(22) + HX(19) -0.000 -0.001
6 OH(17) + X(1) <=> HOX(22) -0.000 0.000
7 CH4(2) + 2 X(1) <=> CH3X(21) + HX(19) -0.000 -0.000
8 CH4(2) + OX(20) + X(1) <=> CH3X(21) + HOX(22) -0.182 -3.934
9 C2H6(8) + 2 X(1) <=> 2 CH3X(21) 0.000 0.001
10 CH3(10) + X(1) <=> CH3X(21) 0.000 0.000
11 CH3OH(14) + 2 X(1) <=> CH3X(21) + HOX(22) 0.000 0.000
12 CH2X(27) + HX(19) <=> CH3X(21) + X(1) -0.054 -3.990
13 CH2X(27) + HOX(22) <=> CH3X(21) + OX(20) -0.000 -0.000
14 CHX(28) + HX(19) <=> CH2X(27) + X(1) -0.000 -0.000
15 CHX(28) + HOX(22) <=> CH2X(27) + OX(20) -0.000 0.000
16 2 CH2X(27) <=> CH3X(21) + CHX(28) -0.000 0.000
17 CHX(28) + X(1) <=> CX(26) + HX(19) 0.000 0.000
18 CX(26) + H2(6) <=> CH2X(27) -0.000 0.000
19 CX(26) + HOX(22) <=> CHX(28) + OX(20) -0.000 0.000
20 CH3X(21) + CX(26) <=> CH2X(27) + CHX(28) -0.000 -0.000
21 CH2X(27) + CX(26) <=> 2 CHX(28) 0.000 0.000
22 CO(7) + X(1) <=> OCX(25) -0.012 0.013
23 CX(26) + OX(20) <=> OCX(25) + X(1) 0.000 0.000
24 H2(6) + X(1) <=> H2X(49) 0.000 0.000
25 CH4(2) + HOX(22) + X(1) <=> CH3X(21) + H2OX(23) -0.000 -0.001
26 H2O(5) + X(1) <=> H2OX(23) -0.000 -0.002
27 H2OX(23) + OX(20) <=> 2 HOX(22) -0.016 -1.893
28 HOX(22) + HX(19) <=> H2OX(23) + X(1) -0.000 -0.000
29 CO(7) + X(1) <=> COX(50) -0.000 0.000
30 CH2O(9) + 2 X(1) <=> CHOX(53) + HX(19) -0.000 0.000
31 HCO(15) + X(1) <=> CHOX(53) -0.000 0.000
32 CH3CHO(16) + 2 X(1) <=> CH3X(21) + CHOX(53) 0.000 0.000
33 CHOX(53) + X(1) <=> HX(19) + OCX(25) -0.000 0.000
34 CHOX(53) + OX(20) <=> HOX(22) + OCX(25) 0.000 0.000
35 CH2X(27) + CHOX(53) <=> CH3X(21) + OCX(25) -0.000 -0.000
36 CHOX(53) + CHX(28) <=> CH2X(27) + OCX(25) -0.000 0.000
37 CHOX(53) + CX(26) <=> CHX(28) + OCX(25) 0.000 0.000
38 CO2(4) + X(1) <=> CO2X(24) 0.000 0.000
39 OCX(25) + OX(20) <=> CO2X(24) + X(1) 0.613 -0.101
40 CO2X(24) + HX(19) <=> HOX(22) + OCX(25) 0.000 0.000
Finished sensitivity simulation for a C/O ratio of 1.2
Finished translating for C/O ratio of 1.2
Starting sensitivity simulation for a C/O ratio of 1.4
0 CH4(2) + X(1) <=> CH4X(48) 0.469 0.885
1 O2(3) + 2 X(1) <=> 2 OX(20) 7.132 16.460
2 H2(6) + 2 X(1) <=> 2 HX(19) 0.575 1.062
3 H(12) + X(1) <=> HX(19) 0.400 0.765
4 HX(19) + OX(20) <=> HOX(22) + X(1) 0.469 0.885
5 H2O(5) + 2 X(1) <=> HOX(22) + HX(19) 0.602 1.090
6 OH(17) + X(1) <=> HOX(22) 0.467 0.889
7 CH4(2) + 2 X(1) <=> CH3X(21) + HX(19) 0.582 1.069
8 CH4(2) + OX(20) + X(1) <=> CH3X(21) + HOX(22) -5.443 -8.539
9 C2H6(8) + 2 X(1) <=> 2 CH3X(21) -0.106 -0.167
10 CH3(10) + X(1) <=> CH3X(21) 0.450 0.877
11 CH3OH(14) + 2 X(1) <=> CH3X(21) + HOX(22) 0.579 1.071
12 CH2X(27) + HX(19) <=> CH3X(21) + X(1) -4.645 -7.531
13 CH2X(27) + HOX(22) <=> CH3X(21) + OX(20) 0.402 0.766
14 CHX(28) + HX(19) <=> CH2X(27) + X(1) 0.580 1.072
15 CHX(28) + HOX(22) <=> CH2X(27) + OX(20) 0.587 1.071
16 2 CH2X(27) <=> CH3X(21) + CHX(28) -0.000 0.000
17 CHX(28) + X(1) <=> CX(26) + HX(19) 0.583 1.071
18 CX(26) + H2(6) <=> CH2X(27) 0.450 0.843
19 CX(26) + HOX(22) <=> CHX(28) + OX(20) 0.583 1.071
20 CH3X(21) + CX(26) <=> CH2X(27) + CHX(28) -0.000 0.000
21 CH2X(27) + CX(26) <=> 2 CHX(28) 0.402 0.766
22 CO(7) + X(1) <=> OCX(25) -0.005 -0.004
23 CX(26) + OX(20) <=> OCX(25) + X(1) 0.467 0.889
24 H2(6) + X(1) <=> H2X(49) 0.579 1.071
25 CH4(2) + HOX(22) + X(1) <=> CH3X(21) + H2OX(23) 0.466 0.887
26 H2O(5) + X(1) <=> H2OX(23) 0.469 0.885
27 H2OX(23) + OX(20) <=> 2 HOX(22) -1.870 -3.243
28 HOX(22) + HX(19) <=> H2OX(23) + X(1) 0.580 1.072
29 CO(7) + X(1) <=> COX(50) 0.580 1.072
30 CH2O(9) + 2 X(1) <=> CHOX(53) + HX(19) 0.402 0.766
31 HCO(15) + X(1) <=> CHOX(53) 0.583 1.071
32 CH3CHO(16) + 2 X(1) <=> CH3X(21) + CHOX(53) 0.469 0.885
33 CHOX(53) + X(1) <=> HX(19) + OCX(25) -0.107 -0.168
34 CHOX(53) + OX(20) <=> HOX(22) + OCX(25) 0.583 1.071
35 CH2X(27) + CHOX(53) <=> CH3X(21) + OCX(25) -0.107 -0.168
36 CHOX(53) + CHX(28) <=> CH2X(27) + OCX(25) 0.583 1.071
37 CHOX(53) + CX(26) <=> CHX(28) + OCX(25) 0.467 0.889
38 CO2(4) + X(1) <=> CO2X(24) -0.101 -0.165
39 OCX(25) + OX(20) <=> CO2X(24) + X(1) -0.718 -1.328
40 CO2X(24) + HX(19) <=> HOX(22) + OCX(25) 0.583 1.071
Finished sensitivity simulation for a C/O ratio of 1.4
Finished translating for C/O ratio of 1.4
Starting sensitivity simulation for a C/O ratio of 2.0
0 CH4(2) + X(1) <=> CH4X(48) -0.029 -0.027
1 O2(3) + 2 X(1) <=> 2 OX(20) 0.174 0.418
2 H2(6) + 2 X(1) <=> 2 HX(19) -0.038 -0.037
3 H(12) + X(1) <=> HX(19) -0.032 -0.031
4 HX(19) + OX(20) <=> HOX(22) + X(1) -0.029 -0.027
5 H2O(5) + 2 X(1) <=> HOX(22) + HX(19) -0.052 -0.072
6 OH(17) + X(1) <=> HOX(22) -0.029 -0.027
7 CH4(2) + 2 X(1) <=> CH3X(21) + HX(19) -0.016 -0.003
8 CH4(2) + OX(20) + X(1) <=> CH3X(21) + HOX(22) -0.287 -0.566
9 C2H6(8) + 2 X(1) <=> 2 CH3X(21) -0.039 -0.037
10 CH3(10) + X(1) <=> CH3X(21) -0.013 0.004
11 CH3OH(14) + 2 X(1) <=> CH3X(21) + HOX(22) -0.029 -0.027
12 CH2X(27) + HX(19) <=> CH3X(21) + X(1) -0.132 -0.245
13 CH2X(27) + HOX(22) <=> CH3X(21) + OX(20) -0.012 0.004
14 CHX(28) + HX(19) <=> CH2X(27) + X(1) -0.012 0.004
15 CHX(28) + HOX(22) <=> CH2X(27) + OX(20) -0.012 0.004
16 2 CH2X(27) <=> CH3X(21) + CHX(28) -0.009 0.026
17 CHX(28) + X(1) <=> CX(26) + HX(19) -0.000 -0.000
18 CX(26) + H2(6) <=> CH2X(27) 0.000 0.037
19 CX(26) + HOX(22) <=> CHX(28) + OX(20) -0.000 -0.000
20 CH3X(21) + CX(26) <=> CH2X(27) + CHX(28) -0.029 -0.027
21 CH2X(27) + CX(26) <=> 2 CHX(28) -0.029 -0.027
22 CO(7) + X(1) <=> OCX(25) -0.038 -0.035
23 CX(26) + OX(20) <=> OCX(25) + X(1) -0.015 0.013
24 H2(6) + X(1) <=> H2X(49) -0.039 -0.037
25 CH4(2) + HOX(22) + X(1) <=> CH3X(21) + H2OX(23) -0.040 -0.039
26 H2O(5) + X(1) <=> H2OX(23) -0.029 -0.026
27 H2OX(23) + OX(20) <=> 2 HOX(22) -0.104 -0.177
28 HOX(22) + HX(19) <=> H2OX(23) + X(1) -0.030 -0.027
29 CO(7) + X(1) <=> COX(50) -0.029 -0.027
30 CH2O(9) + 2 X(1) <=> CHOX(53) + HX(19) -0.029 -0.027
31 HCO(15) + X(1) <=> CHOX(53) 0.000 0.037
32 CH3CHO(16) + 2 X(1) <=> CH3X(21) + CHOX(53) -0.029 -0.027
33 CHOX(53) + X(1) <=> HX(19) + OCX(25) -0.012 0.004
34 CHOX(53) + OX(20) <=> HOX(22) + OCX(25) -0.039 -0.037
35 CH2X(27) + CHOX(53) <=> CH3X(21) + OCX(25) -0.029 -0.027
36 CHOX(53) + CHX(28) <=> CH2X(27) + OCX(25) -0.029 -0.027
37 CHOX(53) + CX(26) <=> CHX(28) + OCX(25) -0.012 0.004
38 CO2(4) + X(1) <=> CO2X(24) -0.029 -0.026
39 OCX(25) + OX(20) <=> CO2X(24) + X(1) -0.049 -0.075
40 CO2X(24) + HX(19) <=> HOX(22) + OCX(25) -0.039 -0.037
Finished sensitivity simulation for a C/O ratio of 2.0
Finished translating for C/O ratio of 2.0
Starting sensitivity simulation for a C/O ratio of 1.0
0 CH4(2) + X(1) <=> CH4X(48) 0.000 0.000
1 O2(3) + 2 X(1) <=> 2 OX(20) -0.824 2.260
2 H2(6) + 2 X(1) <=> 2 HX(19) -0.000 -0.000
3 H(12) + X(1) <=> HX(19) 0.000 0.000
4 HX(19) + OX(20) <=> HOX(22) + X(1) 0.000 0.000
5 H2O(5) + 2 X(1) <=> HOX(22) + HX(19) 0.000 -0.000
6 OH(17) + X(1) <=> HOX(22) 0.000 0.000
7 CH4(2) + 2 X(1) <=> CH3X(21) + HX(19) 0.000 -0.000
8 CH4(2) + OX(20) + X(1) <=> CH3X(21) + HOX(22) 0.243 -1.510
9 C2H6(8) + 2 X(1) <=> 2 CH3X(21) 0.000 0.000
10 CH3(10) + X(1) <=> CH3X(21) 0.000 0.000
11 CH3OH(14) + 2 X(1) <=> CH3X(21) + HOX(22) 0.000 0.000
12 CH2X(27) + HX(19) <=> CH3X(21) + X(1) 0.360 -1.799
13 CH2X(27) + HOX(22) <=> CH3X(21) + OX(20) 0.000 -0.000
14 CHX(28) + HX(19) <=> CH2X(27) + X(1) 0.000 -0.000
15 CHX(28) + HOX(22) <=> CH2X(27) + OX(20) 0.000 0.000
16 2 CH2X(27) <=> CH3X(21) + CHX(28) 0.000 0.000
17 CHX(28) + X(1) <=> CX(26) + HX(19) 0.000 0.000
18 CX(26) + H2(6) <=> CH2X(27) -0.000 -0.000
19 CX(26) + HOX(22) <=> CHX(28) + OX(20) 0.000 0.000
20 CH3X(21) + CX(26) <=> CH2X(27) + CHX(28) 0.000 -0.000
21 CH2X(27) + CX(26) <=> 2 CHX(28) 0.000 0.000
22 CO(7) + X(1) <=> OCX(25) -0.017 -0.003
23 CX(26) + OX(20) <=> OCX(25) + X(1) -0.000 0.000
24 H2(6) + X(1) <=> H2X(49) -0.000 0.000
25 CH4(2) + HOX(22) + X(1) <=> CH3X(21) + H2OX(23) 0.000 -0.000
26 H2O(5) + X(1) <=> H2OX(23) 0.000 -0.001
27 H2OX(23) + OX(20) <=> 2 HOX(22) 0.179 -0.869
28 HOX(22) + HX(19) <=> H2OX(23) + X(1) 0.000 -0.000
29 CO(7) + X(1) <=> COX(50) 0.000 0.000
30 CH2O(9) + 2 X(1) <=> CHOX(53) + HX(19) 0.000 0.000
31 HCO(15) + X(1) <=> CHOX(53) 0.000 0.000
32 CH3CHO(16) + 2 X(1) <=> CH3X(21) + CHOX(53) -0.000 -0.000
33 CHOX(53) + X(1) <=> HX(19) + OCX(25) -0.000 0.000
34 CHOX(53) + OX(20) <=> HOX(22) + OCX(25) 0.000 0.000
35 CH2X(27) + CHOX(53) <=> CH3X(21) + OCX(25) 0.000 -0.000
36 CHOX(53) + CHX(28) <=> CH2X(27) + OCX(25) 0.000 0.000
37 CHOX(53) + CX(26) <=> CHX(28) + OCX(25) 0.000 0.000
38 CO2(4) + X(1) <=> CO2X(24) 0.000 0.000
39 OCX(25) + OX(20) <=> CO2X(24) + X(1) 0.698 0.366
40 CO2X(24) + HX(19) <=> HOX(22) + OCX(25) 0.000 0.000
Finished sensitivity simulation for a C/O ratio of 1.0
Finished translating for C/O ratio of 1.0
Starting sensitivity simulation for a C/O ratio of 0.9
0 CH4(2) + X(1) <=> CH4X(48) 0.000 0.000
1 O2(3) + 2 X(1) <=> 2 OX(20) -0.829 1.821
2 H2(6) + 2 X(1) <=> 2 HX(19) -0.000 -0.000
3 H(12) + X(1) <=> HX(19) 0.000 0.000
4 HX(19) + OX(20) <=> HOX(22) + X(1) 0.000 0.000
5 H2O(5) + 2 X(1) <=> HOX(22) + HX(19) 0.000 -0.000
6 OH(17) + X(1) <=> HOX(22) -0.000 0.000
7 CH4(2) + 2 X(1) <=> CH3X(21) + HX(19) 0.000 -0.000
8 CH4(2) + OX(20) + X(1) <=> CH3X(21) + HOX(22) 0.257 -1.175
9 C2H6(8) + 2 X(1) <=> 2 CH3X(21) 0.000 0.000
10 CH3(10) + X(1) <=> CH3X(21) 0.000 0.000
11 CH3OH(14) + 2 X(1) <=> CH3X(21) + HOX(22) 0.000 0.000
12 CH2X(27) + HX(19) <=> CH3X(21) + X(1) 0.377 -1.496
13 CH2X(27) + HOX(22) <=> CH3X(21) + OX(20) 0.000 -0.000
14 CHX(28) + HX(19) <=> CH2X(27) + X(1) 0.000 -0.000
15 CHX(28) + HOX(22) <=> CH2X(27) + OX(20) 0.000 0.000
16 2 CH2X(27) <=> CH3X(21) + CHX(28) -0.000 0.000
17 CHX(28) + X(1) <=> CX(26) + HX(19) 0.000 0.000
18 CX(26) + H2(6) <=> CH2X(27) -0.000 0.000
19 CX(26) + HOX(22) <=> CHX(28) + OX(20) -0.000 0.000
20 CH3X(21) + CX(26) <=> CH2X(27) + CHX(28) 0.000 -0.000
21 CH2X(27) + CX(26) <=> 2 CHX(28) -0.000 0.000
22 CO(7) + X(1) <=> OCX(25) -0.018 -0.007
23 CX(26) + OX(20) <=> OCX(25) + X(1) -0.000 0.000
24 H2(6) + X(1) <=> H2X(49) -0.000 0.000
25 CH4(2) + HOX(22) + X(1) <=> CH3X(21) + H2OX(23) 0.000 -0.000
26 H2O(5) + X(1) <=> H2OX(23) 0.000 -0.001
27 H2OX(23) + OX(20) <=> 2 HOX(22) 0.188 -0.726
28 HOX(22) + HX(19) <=> H2OX(23) + X(1) 0.000 -0.000
29 CO(7) + X(1) <=> COX(50) 0.000 0.000
30 CH2O(9) + 2 X(1) <=> CHOX(53) + HX(19) 0.000 0.000
31 HCO(15) + X(1) <=> CHOX(53) -0.000 0.000
32 CH3CHO(16) + 2 X(1) <=> CH3X(21) + CHOX(53) -0.000 0.000
33 CHOX(53) + X(1) <=> HX(19) + OCX(25) 0.000 0.000
34 CHOX(53) + OX(20) <=> HOX(22) + OCX(25) -0.000 0.000
35 CH2X(27) + CHOX(53) <=> CH3X(21) + OCX(25) 0.000 -0.000
36 CHOX(53) + CHX(28) <=> CH2X(27) + OCX(25) 0.000 0.000
37 CHOX(53) + CX(26) <=> CHX(28) + OCX(25) 0.000 0.000
38 CO2(4) + X(1) <=> CO2X(24) 0.000 0.000
39 OCX(25) + OX(20) <=> CO2X(24) + X(1) 0.670 0.402
40 CO2X(24) + HX(19) <=> HOX(22) + OCX(25) 0.000 0.000
Finished sensitivity simulation for a C/O ratio of 0.9
Finished translating for C/O ratio of 0.9
Starting sensitivity simulation for a C/O ratio of 1.8
0 CH4(2) + X(1) <=> CH4X(48) 0.000 -0.000
1 O2(3) + 2 X(1) <=> 2 OX(20) 0.370 0.615
2 H2(6) + 2 X(1) <=> 2 HX(19) -0.030 -0.049
3 H(12) + X(1) <=> HX(19) -0.004 -0.007
4 HX(19) + OX(20) <=> HOX(22) + X(1) -0.000 -0.000
5 H2O(5) + 2 X(1) <=> HOX(22) + HX(19) -0.014 -0.026
6 OH(17) + X(1) <=> HOX(22) -0.031 -0.049
7 CH4(2) + 2 X(1) <=> CH3X(21) + HX(19) -0.002 -0.003
8 CH4(2) + OX(20) + X(1) <=> CH3X(21) + HOX(22) -0.429 -0.722
9 C2H6(8) + 2 X(1) <=> 2 CH3X(21) 0.001 0.003
10 CH3(10) + X(1) <=> CH3X(21) -0.000 0.002
11 CH3OH(14) + 2 X(1) <=> CH3X(21) + HOX(22) 0.001 0.004
12 CH2X(27) + HX(19) <=> CH3X(21) + X(1) -0.228 -0.387
13 CH2X(27) + HOX(22) <=> CH3X(21) + OX(20) 0.046 0.079
14 CHX(28) + HX(19) <=> CH2X(27) + X(1) 0.001 0.004
15 CHX(28) + HOX(22) <=> CH2X(27) + OX(20) 0.047 0.081
16 2 CH2X(27) <=> CH3X(21) + CHX(28) -0.031 -0.049
17 CHX(28) + X(1) <=> CX(26) + HX(19) 0.001 0.004
18 CX(26) + H2(6) <=> CH2X(27) 0.001 0.004
19 CX(26) + HOX(22) <=> CHX(28) + OX(20) 0.001 0.004
20 CH3X(21) + CX(26) <=> CH2X(27) + CHX(28) 0.001 0.004
21 CH2X(27) + CX(26) <=> 2 CHX(28) 0.001 0.004
22 CO(7) + X(1) <=> OCX(25) 0.001 0.003
23 CX(26) + OX(20) <=> OCX(25) + X(1) 0.001 0.004
24 H2(6) + X(1) <=> H2X(49) -0.031 -0.049
25 CH4(2) + HOX(22) + X(1) <=> CH3X(21) + H2OX(23) -0.032 -0.051
26 H2O(5) + X(1) <=> H2OX(23) 0.001 0.004
27 H2OX(23) + OX(20) <=> 2 HOX(22) -0.138 -0.240
28 HOX(22) + HX(19) <=> H2OX(23) + X(1) 0.001 0.003
29 CO(7) + X(1) <=> COX(50) 0.001 0.004
30 CH2O(9) + 2 X(1) <=> CHOX(53) + HX(19) -0.012 -0.035
31 HCO(15) + X(1) <=> CHOX(53) 0.032 0.050
32 CH3CHO(16) + 2 X(1) <=> CH3X(21) + CHOX(53) 0.001 0.004
33 CHOX(53) + X(1) <=> HX(19) + OCX(25) -0.031 -0.049
34 CHOX(53) + OX(20) <=> HOX(22) + OCX(25) 0.001 0.004
35 CH2X(27) + CHOX(53) <=> CH3X(21) + OCX(25) 0.001 0.004
36 CHOX(53) + CHX(28) <=> CH2X(27) + OCX(25) 0.000 -0.000
37 CHOX(53) + CX(26) <=> CHX(28) + OCX(25) 0.001 0.004
38 CO2(4) + X(1) <=> CO2X(24) 0.001 0.001
39 OCX(25) + OX(20) <=> CO2X(24) + X(1) -0.033 -0.060
40 CO2X(24) + HX(19) <=> HOX(22) + OCX(25) 0.000 0.000
Finished sensitivity simulation for a C/O ratio of 1.8
Finished translating for C/O ratio of 1.8
Starting sensitivity simulation for a C/O ratio of 0.8
0 CH4(2) + X(1) <=> CH4X(48) -0.000 -0.000
1 O2(3) + 2 X(1) <=> 2 OX(20) -0.783 1.589
2 H2(6) + 2 X(1) <=> 2 HX(19) -0.000 -0.000
3 H(12) + X(1) <=> HX(19) 0.000 0.000
4 HX(19) + OX(20) <=> HOX(22) + X(1) 0.000 0.000
5 H2O(5) + 2 X(1) <=> HOX(22) + HX(19) 0.000 -0.000
6 OH(17) + X(1) <=> HOX(22) 0.000 0.000
7 CH4(2) + 2 X(1) <=> CH3X(21) + HX(19) 0.000 -0.000
8 CH4(2) + OX(20) + X(1) <=> CH3X(21) + HOX(22) 0.244 -0.986
9 C2H6(8) + 2 X(1) <=> 2 CH3X(21) 0.000 0.000
10 CH3(10) + X(1) <=> CH3X(21) 0.000 0.000
11 CH3OH(14) + 2 X(1) <=> CH3X(21) + HOX(22) 0.000 0.000
12 CH2X(27) + HX(19) <=> CH3X(21) + X(1) 0.363 -1.331
13 CH2X(27) + HOX(22) <=> CH3X(21) + OX(20) 0.000 -0.000
14 CHX(28) + HX(19) <=> CH2X(27) + X(1) 0.000 -0.000
15 CHX(28) + HOX(22) <=> CH2X(27) + OX(20) 0.000 0.000
16 2 CH2X(27) <=> CH3X(21) + CHX(28) 0.000 0.000
17 CHX(28) + X(1) <=> CX(26) + HX(19) 0.000 0.000
18 CX(26) + H2(6) <=> CH2X(27) -0.000 -0.000
19 CX(26) + HOX(22) <=> CHX(28) + OX(20) 0.000 0.000
20 CH3X(21) + CX(26) <=> CH2X(27) + CHX(28) 0.000 -0.000
21 CH2X(27) + CX(26) <=> 2 CHX(28) 0.000 0.000
22 CO(7) + X(1) <=> OCX(25) -0.021 -0.010
23 CX(26) + OX(20) <=> OCX(25) + X(1) -0.000 0.000
24 H2(6) + X(1) <=> H2X(49) 0.000 -0.000
25 CH4(2) + HOX(22) + X(1) <=> CH3X(21) + H2OX(23) 0.000 -0.000
26 H2O(5) + X(1) <=> H2OX(23) 0.000 -0.001
27 H2OX(23) + OX(20) <=> 2 HOX(22) 0.181 -0.649
28 HOX(22) + HX(19) <=> H2OX(23) + X(1) 0.000 -0.000
29 CO(7) + X(1) <=> COX(50) 0.000 0.000
30 CH2O(9) + 2 X(1) <=> CHOX(53) + HX(19) -0.000 -0.000
31 HCO(15) + X(1) <=> CHOX(53) 0.000 0.000
32 CH3CHO(16) + 2 X(1) <=> CH3X(21) + CHOX(53) 0.000 0.000
33 CHOX(53) + X(1) <=> HX(19) + OCX(25) 0.000 -0.000
34 CHOX(53) + OX(20) <=> HOX(22) + OCX(25) -0.000 -0.000
35 CH2X(27) + CHOX(53) <=> CH3X(21) + OCX(25) 0.000 -0.000
36 CHOX(53) + CHX(28) <=> CH2X(27) + OCX(25) 0.000 0.000
37 CHOX(53) + CX(26) <=> CHX(28) + OCX(25) 0.000 -0.000
38 CO2(4) + X(1) <=> CO2X(24) 0.000 0.000
39 OCX(25) + OX(20) <=> CO2X(24) + X(1) 0.623 0.397
40 CO2X(24) + HX(19) <=> HOX(22) + OCX(25) 0.000 0.000
Finished sensitivity simulation for a C/O ratio of 0.8
Finished translating for C/O ratio of 0.8
